
          -------------------------------------------------------
          Amber 18 PMEMD                              2018
          -------------------------------------------------------

| PMEMD implementation of SANDER, Release 18

| Run on 09/29/2019 at 21:56:49

|   Executable path: pmemd
| Working directory: /home/pbarletta/lbp/run/4xcp/mhe/m
|          Hostname: Unknown
  [-O]verwriting output

File Assignments:
|   MDIN: min.in                                                                
|  MDOUT: min.out                                                               
| INPCRD: 4xcp.rst7                                                             
|   PARM: /home/pbarletta/lbp/top_files/4xcp.prmtop                             
| RESTRT: m4xcp.rst7                                                            
|   REFC: 4xcp.rst7                                                             
|  MDVEL: mdvel                                                                 
|   MDEN: mden                                                                  
|  MDCRD: mdcrd                                                                 
| MDINFO: mdinfo                                                                
|  MDFRC: mdfrc                                                                 


 Here is the input file:

Minimization with Cartesian restraints                                         
&cntrl                                                                         
imin=1,                                                                        
ntmin=1,                                 ! Steepest Descent, then Conjugate Gra
ncyc=200,                                ! 200 steps of Steepest Descent       
maxcyc=1000,                             ! 800 steps of Conjugate Gradient     
ntpr=5,                                                                        
ntr=1,                                   ! Use restraints                      
restraint_wt=10.0,                       ! 10 Kcal/mol                         
restraintmask=':1-131',                  ! Apply restraints on whole molecule. 
&end                                                                           


Note: ig = -1. Setting random seed to   511971 based on wallclock time in 
      microseconds.
| irandom = 1, using AMBER's internal random number generator (default).
 
 
| Conditional Compilation Defines Used:
| PUBFFT
| BINTRAJ
| EMIL

| Largest sphere to fit in unit cell has radius =    28.581

| New format PARM file being parsed.
| Version =    1.000 Date = 04/14/18 Time = 19:54:59

| Note: 1-4 EEL scale factors are being read from the topology file.

| Note: 1-4 VDW scale factors are being read from the topology file.
| Duplicated    0 dihedrals

| Duplicated    0 dihedrals

--------------------------------------------------------------------------------
   1.  RESOURCE   USE: 
--------------------------------------------------------------------------------

 getting new box info from bottom of inpcrd
 NATOM  =   22707 NTYPES =      17 NBONH =   21487 MBONA  =    1237
 NTHETH =    2916 MTHETA =    1649 NPHIH =    5625 MPHIA  =    5085
 NHPARM =       0 NPARM  =       0 NNB   =   40734 NRES   =    6902
 NBONA  =    1237 NTHETA =    1649 NPHIA =    5085 NUMBND =      64
 NUMANG =     139 NPTRA  =     166 NATYP =      37 NPHB   =       1
 IFBOX  =       2 NMXRS  =      50 IFCAP =       0 NEXTRA =       0
 NCOPY  =       0

| Coordinate Index Table dimensions:    13   13   13
| Direct force subcell size =     5.3853    5.3853    5.3853

     BOX TYPE: TRUNCATED OCTAHEDRON

--------------------------------------------------------------------------------
   2.  CONTROL  DATA  FOR  THE  RUN
--------------------------------------------------------------------------------

default_name                                                                    

General flags:
     imin    =       1, nmropt  =       0

Nature and format of input:
     ntx     =       1, irest   =       0, ntrx    =       1

Nature and format of output:
     ntxo    =       2, ntpr    =       5, ntrx    =       1, ntwr    =       1
     iwrap   =       0, ntwx    =       0, ntwv    =       0, ntwe    =       0
     ioutfm  =       1, ntwprt  =       0, idecomp =       0, rbornstat=      0

Potential function:
     ntf     =       1, ntb     =       1, igb     =       0, nsnb    =      25
     ipol    =       0, gbsa    =       0, iesp    =       0
     dielc   =   1.00000, cut     =   8.00000, intdiel =   1.00000

Frozen or restrained atoms:
     ibelly  =       0, ntr     =       1
     restraint_wt =  10.00000

Energy minimization:
     maxcyc  =    1000, ncyc    =     200, ntmin   =       1
     dx0     =   0.01000, drms    =   0.00010

| Intermolecular bonds treatment:
|     no_intermolecular_bonds =       1

| Energy averages sample interval:
|     ene_avg_sampling =       1

Ewald parameters:
     verbose =       0, ew_type =       0, nbflag  =       1, use_pme =       1
     vdwmeth =       1, eedmeth =       1, netfrc  =       0
     Box X =   70.009   Box Y =   70.009   Box Z =   70.009
     Alpha =  109.471   Beta  =  109.471   Gamma =  109.471
     NFFT1 =   72       NFFT2 =   72       NFFT3 =   72
     Cutoff=    8.000   Tol   =0.100E-04
     Ewald Coefficient =  0.34864
     Interpolation order =    4

    LOADING THE CONSTRAINED ATOMS AS GROUPS


   5.  REFERENCE ATOM COORDINATES

  default_name                                                                    
     Mask :1-131; matches  2069 atoms

--------------------------------------------------------------------------------
   3.  ATOMIC COORDINATES AND VELOCITIES
--------------------------------------------------------------------------------

default_name                                                                    
 begin time read from input coords =     0.000 ps

 
 Number of triangulated 3-point waters found:     6742

     Sum of charges from parm topology file =  -0.00100007
     Forcing neutrality...

| Dynamic Memory, Types Used:
| Reals              715537
| Integers           824136

| Nonbonded Pairs Initial Allocation:     3792636

--------------------------------------------------------------------------------
   4.  RESULTS
--------------------------------------------------------------------------------

 ---------------------------------------------------
 APPROXIMATING switch and d/dx switch using CUBIC SPLINE INTERPOLATION
 using   5000.0 points per unit in tabled values
 TESTING RELATIVE ERROR over r ranging from 0.0 to cutoff
| CHECK switch(x): max rel err =   0.2738E-14   at   2.422500
| CHECK d/dx switch(x): max rel err =   0.8332E-11   at   2.782960
 ---------------------------------------------------
|---------------------------------------------------
| APPROXIMATING direct energy using CUBIC SPLINE INTERPOLATION
|  with   50.0 points per unit in tabled values
| Relative Error Limit not exceeded for r .gt.   2.47
| APPROXIMATING direct force using CUBIC SPLINE INTERPOLATION
|  with   50.0 points per unit in tabled values
| Relative Error Limit not exceeded for r .gt.   2.89
|---------------------------------------------------


   NSTEP       ENERGY          RMS            GMAX         NAME    NUMBER
      1      -5.8102E+04     3.2972E+01     3.9774E+03     HA2      2458

 BOND    =      186.5012  ANGLE   =      297.1787  DIHED      =     1723.6371
 VDWAALS =     6828.2370  EEL     =   -76884.4450  HBOND      =        0.0000
 1-4 VDW =      576.2442  1-4 EEL =     9170.6983  RESTRAINT  =        0.0000


   NSTEP       ENERGY          RMS            GMAX         NAME    NUMBER
      5      -5.8551E+04     2.2207E+01     2.0229E+03     HE2       345

 BOND    =      185.8061  ANGLE   =      295.6781  DIHED      =     1723.4687
 VDWAALS =     6462.2110  EEL     =   -76964.4024  HBOND      =        0.0000
 1-4 VDW =      576.1546  1-4 EEL =     9170.5076  RESTRAINT  =        0.0111
 EAMBER  =   -58550.5763


   NSTEP       ENERGY          RMS            GMAX         NAME    NUMBER
     10      -5.9370E+04     1.3866E+01     6.2062E+02     HE2       345

 BOND    =      203.4204  ANGLE   =      289.2893  DIHED      =     1722.8233
 VDWAALS =     5981.6483  EEL     =   -77312.2394  HBOND      =        0.0000
 1-4 VDW =      575.6818  1-4 EEL =     9169.6089  RESTRAINT  =        0.0963
 EAMBER  =   -59369.7674


   NSTEP       ENERGY          RMS            GMAX         NAME    NUMBER
     15      -6.0707E+04     9.3561E+00     1.9927E+02     O       22381

 BOND    =      408.3823  ANGLE   =      270.5245  DIHED      =     1720.8453
 VDWAALS =     5602.4496  EEL     =   -78449.9127  HBOND      =        0.0000
 1-4 VDW =      574.0153  1-4 EEL =     9166.1834  RESTRAINT  =        0.4155
 EAMBER  =   -60707.5122


   NSTEP       ENERGY          RMS            GMAX         NAME    NUMBER
     20      -6.2829E+04     5.4437E+00     9.9404E+01     O       20923

 BOND    =     1459.2597  ANGLE   =      238.3329  DIHED      =     1717.0824
 VDWAALS =     5265.6177  EEL     =   -81234.9099  HBOND      =        0.0000
 1-4 VDW =      569.8275  1-4 EEL =     9153.3886  RESTRAINT  =        1.9591
 EAMBER  =   -62831.4011


   NSTEP       ENERGY          RMS            GMAX         NAME    NUMBER
     25      -6.5543E+04     2.8474E+00     2.6603E+01     O       20923

 BOND    =     3360.7242  ANGLE   =      211.7076  DIHED      =     1718.9659
 VDWAALS =     4980.8741  EEL     =   -85488.6432  HBOND      =        0.0000
 1-4 VDW =      561.5142  1-4 EEL =     9102.1174  RESTRAINT  =       10.2155
 EAMBER  =   -65552.7397


   NSTEP       ENERGY          RMS            GMAX         NAME    NUMBER
     30      -6.8625E+04     2.0325E+00     1.7378E+01     Cl-      2478

 BOND    =     3742.7918  ANGLE   =      209.0014  DIHED      =     1722.7883
 VDWAALS =     4994.8539  EEL     =   -88910.5654  HBOND      =        0.0000
 1-4 VDW =      553.2275  1-4 EEL =     9033.9479  RESTRAINT  =       28.4666
 EAMBER  =   -68653.9545


   NSTEP       ENERGY          RMS            GMAX         NAME    NUMBER
     35      -6.9474E+04     5.5738E+00     9.6473E+01     H1      22382

 BOND    =     4925.1893  ANGLE   =      212.7163  DIHED      =     1722.7399
 VDWAALS =     5040.6476  EEL     =   -90980.3989  HBOND      =        0.0000
 1-4 VDW =      550.0834  1-4 EEL =     9018.2138  RESTRAINT  =       36.3585
 EAMBER  =   -69510.8087


   NSTEP       ENERGY          RMS            GMAX         NAME    NUMBER
     40      -7.0400E+04     1.7777E+00     1.7300E+01     Cl-      2478

 BOND    =     3660.1628  ANGLE   =      212.0747  DIHED      =     1722.6346
 VDWAALS =     5109.8604  EEL     =   -90705.1174  HBOND      =        0.0000
 1-4 VDW =      548.3218  1-4 EEL =     9010.7739  RESTRAINT  =       41.0098
 EAMBER  =   -70441.2892


   NSTEP       ENERGY          RMS            GMAX         NAME    NUMBER
     45      -7.0614E+04     6.2268E+00     1.1006E+02     H1       3920

 BOND    =     5254.6884  ANGLE   =      215.0589  DIHED      =     1722.1315
 VDWAALS =     5145.3701  EEL     =   -92548.4910  HBOND      =        0.0000
 1-4 VDW =      546.4345  1-4 EEL =     9005.1031  RESTRAINT  =       45.6218
 EAMBER  =   -70659.7046


   NSTEP       ENERGY          RMS            GMAX         NAME    NUMBER
     50      -7.1516E+04     2.0544E+00     2.4387E+01     H1      20924

 BOND    =     3665.5982  ANGLE   =      213.5658  DIHED      =     1721.7769
 VDWAALS =     5224.2160  EEL     =   -91935.8249  HBOND      =        0.0000
 1-4 VDW =      544.8383  1-4 EEL =     8999.9035  RESTRAINT  =       50.0241
 EAMBER  =   -71565.9263


   NSTEP       ENERGY          RMS            GMAX         NAME    NUMBER
     55      -7.1912E+04     1.3299E+00     1.7982E+01     Cl-      2478

 BOND    =     3877.5728  ANGLE   =      214.2579  DIHED      =     1721.3683
 VDWAALS =     5269.9321  EEL     =   -92588.3075  HBOND      =        0.0000
 1-4 VDW =      543.6789  1-4 EEL =     8996.8080  RESTRAINT  =       53.1375
 EAMBER  =   -71964.6895


   NSTEP       ENERGY          RMS            GMAX         NAME    NUMBER
     60      -7.2330E+04     2.9152E+00     3.7708E+01     H1      22382

 BOND    =     3605.0662  ANGLE   =      214.5649  DIHED      =     1720.8103
 VDWAALS =     5348.2576  EEL     =   -92811.6283  HBOND      =        0.0000
 1-4 VDW =      542.2142  1-4 EEL =     8992.8972  RESTRAINT  =       57.3465
 EAMBER  =   -72387.8179


   NSTEP       ENERGY          RMS            GMAX         NAME    NUMBER
     65      -7.2730E+04     1.7056E+00     1.8664E+01     Cl-      2478

 BOND    =     3821.7325  ANGLE   =      215.2555  DIHED      =     1720.3213
 VDWAALS =     5405.8405  EEL     =   -93485.1506  HBOND      =        0.0000
 1-4 VDW =      541.1871  1-4 EEL =     8990.3743  RESTRAINT  =       60.3181
 EAMBER  =   -72790.4394


   NSTEP       ENERGY          RMS            GMAX         NAME    NUMBER
     70      -7.3000E+04     3.0817E+00     3.7264E+01     H1      22382

 BOND    =     3643.5439  ANGLE   =      215.5006  DIHED      =     1719.8330
 VDWAALS =     5474.4321  EEL     =   -93644.3942  HBOND      =        0.0000
 1-4 VDW =      540.2390  1-4 EEL =     8987.9720  RESTRAINT  =       63.2509
 EAMBER  =   -73062.8737


   NSTEP       ENERGY          RMS            GMAX         NAME    NUMBER
     75      -7.3295E+04     3.4228E+00     3.8936E+01     H1      22382

 BOND    =     3631.7945  ANGLE   =      215.9763  DIHED      =     1719.3081
 VDWAALS =     5544.0563  EEL     =   -93997.3127  HBOND      =        0.0000
 1-4 VDW =      539.3686  1-4 EEL =     8985.8481  RESTRAINT  =       65.9917
 EAMBER  =   -73360.9608


   NSTEP       ENERGY          RMS            GMAX         NAME    NUMBER
     80      -7.3555E+04     3.3072E+00     3.7261E+01     H1      22382

 BOND    =     3669.2459  ANGLE   =      216.4115  DIHED      =     1718.8508
 VDWAALS =     5604.0774  EEL     =   -94354.7623  HBOND      =        0.0000
 1-4 VDW =      538.7091  1-4 EEL =     8984.2349  RESTRAINT  =       68.1182
 EAMBER  =   -73623.2326


   NSTEP       ENERGY          RMS            GMAX         NAME    NUMBER
     85      -7.3900E+04     1.0209E+00     1.8734E+01     Cl-      2478

 BOND    =     4211.6732  ANGLE   =      217.5285  DIHED      =     1718.3316
 VDWAALS =     5662.8250  EEL     =   -95301.0315  HBOND      =        0.0000
 1-4 VDW =      538.0698  1-4 EEL =     8982.7321  RESTRAINT  =       70.1263
 EAMBER  =   -73969.8713


   NSTEP       ENERGY          RMS            GMAX         NAME    NUMBER
     90      -7.4022E+04     3.6415E+00     3.8059E+01     H1      22382

 BOND    =     3679.6325  ANGLE   =      217.3081  DIHED      =     1717.8588
 VDWAALS =     5735.9196  EEL     =   -94963.2229  HBOND      =        0.0000
 1-4 VDW =      537.5211  1-4 EEL =     8981.3273  RESTRAINT  =       72.1031
 EAMBER  =   -74093.6555


   NSTEP       ENERGY          RMS            GMAX         NAME    NUMBER
     95      -7.4239E+04     3.7797E+00     3.7585E+01     H1      22382

 BOND    =     3687.7505  ANGLE   =      217.7882  DIHED      =     1717.3398
 VDWAALS =     5804.0904  EEL     =   -95256.8224  HBOND      =        0.0000
 1-4 VDW =      537.0148  1-4 EEL =     8980.0829  RESTRAINT  =       73.8500
 EAMBER  =   -74312.7559


   NSTEP       ENERGY          RMS            GMAX         NAME    NUMBER
    100      -7.4582E+04     1.1921E+00     1.6756E+01     Cl-      2478

 BOND    =     4382.8621  ANGLE   =      219.1500  DIHED      =     1716.7653
 VDWAALS =     5867.3818  EEL     =   -96358.7324  HBOND      =        0.0000
 1-4 VDW =      536.5374  1-4 EEL =     8978.8918  RESTRAINT  =       75.3879
 EAMBER  =   -74657.1439


   NSTEP       ENERGY          RMS            GMAX         NAME    NUMBER
    105      -7.4755E+04     8.9357E-01     1.6035E+01     Cl-      2478

 BOND    =     4298.1374  ANGLE   =      219.4182  DIHED      =     1716.3332
 VDWAALS =     5923.8964  EEL     =   -96503.2961  HBOND      =        0.0000
 1-4 VDW =      536.2160  1-4 EEL =     8978.0714  RESTRAINT  =       76.5323
 EAMBER  =   -74831.2233


   NSTEP       ENERGY          RMS            GMAX         NAME    NUMBER
    110      -7.4951E+04     8.7735E-01     1.5164E+01     Cl-      2478

 BOND    =     4326.1037  ANGLE   =      219.9270  DIHED      =     1715.7817
 VDWAALS =     5993.3222  EEL     =   -96796.8542  HBOND      =        0.0000
 1-4 VDW =      535.8545  1-4 EEL =     8977.1286  RESTRAINT  =       77.8083
 EAMBER  =   -75028.7365


   NSTEP       ENERGY          RMS            GMAX         NAME    NUMBER
    115      -7.5139E+04     1.6901E+00     1.4264E+01     Cl-      2478

 BOND    =     4593.3123  ANGLE   =      220.8329  DIHED      =     1715.1292
 VDWAALS =     6070.9481  EEL     =   -97329.9060  HBOND      =        0.0000
 1-4 VDW =      535.4841  1-4 EEL =     8976.1191  RESTRAINT  =       79.0846
 EAMBER  =   -75218.0804


   NSTEP       ENERGY          RMS            GMAX         NAME    NUMBER
    120      -7.5313E+04     1.1053E+00     1.3597E+01     Cl-      2478

 BOND    =     4467.3231  ANGLE   =      221.0257  DIHED      =     1714.6252
 VDWAALS =     6132.3751  EEL     =   -97438.7591  HBOND      =        0.0000
 1-4 VDW =      535.2354  1-4 EEL =     8975.4727  RESTRAINT  =       79.9597
 EAMBER  =   -75392.7018


   NSTEP       ENERGY          RMS            GMAX         NAME    NUMBER
    125      -7.5481E+04     1.1772E+00     1.2819E+01     Cl-      2480

 BOND    =     4512.6956  ANGLE   =      221.4921  DIHED      =     1714.0327
 VDWAALS =     6200.7458  EEL     =   -97720.3966  HBOND      =        0.0000
 1-4 VDW =      534.9726  1-4 EEL =     8974.7633  RESTRAINT  =       80.8501
 EAMBER  =   -75561.6946


   NSTEP       ENERGY          RMS            GMAX         NAME    NUMBER
    130      -7.5610E+04     2.0145E+00     1.4058E+01     H1      22382

 BOND    =     4741.1115  ANGLE   =      222.1932  DIHED      =     1713.4364
 VDWAALS =     6266.1572  EEL     =   -98143.8227  HBOND      =        0.0000
 1-4 VDW =      534.7340  1-4 EEL =     8974.0859  RESTRAINT  =       81.6224
 EAMBER  =   -75692.1045


   NSTEP       ENERGY          RMS            GMAX         NAME    NUMBER
    135      -7.5760E+04     2.0782E+00     1.4151E+01     CD       2129

 BOND    =     4778.6028  ANGLE   =      222.5789  DIHED      =     1712.8376
 VDWAALS =     6331.8679  EEL     =   -98396.0331  HBOND      =        0.0000
 1-4 VDW =      534.5173  1-4 EEL =     8973.4958  RESTRAINT  =       82.3119
 EAMBER  =   -75842.1328


   NSTEP       ENERGY          RMS            GMAX         NAME    NUMBER
    140      -7.5901E+04     2.2462E+00     1.6745E+01     CD       2129

 BOND    =     4840.8069  ANGLE   =      222.9806  DIHED      =     1712.2215
 VDWAALS =     6397.9508  EEL     =   -98664.7627  HBOND      =        0.0000
 1-4 VDW =      534.3127  1-4 EEL =     8972.9303  RESTRAINT  =       82.9366
 EAMBER  =   -75983.5598


   NSTEP       ENERGY          RMS            GMAX         NAME    NUMBER
    145      -7.6031E+04     2.1741E+00     1.6309E+01     CD       2129

 BOND    =     4842.4879  ANGLE   =      223.2122  DIHED      =     1711.6744
 VDWAALS =     6456.2400  EEL     =   -98854.5016  HBOND      =        0.0000
 1-4 VDW =      534.1447  1-4 EEL =     8972.4898  RESTRAINT  =       83.4302
 EAMBER  =   -76114.2525


   NSTEP       ENERGY          RMS            GMAX         NAME    NUMBER
    150      -7.6160E+04     2.2868E+00     1.8430E+01     CD       2129

 BOND    =     4889.7900  ANGLE   =      223.5220  DIHED      =     1711.0759
 VDWAALS =     6519.4941  EEL     =   -99093.3839  HBOND      =        0.0000
 1-4 VDW =      533.9723  1-4 EEL =     8972.0111  RESTRAINT  =       83.9161
 EAMBER  =   -76243.5184


   NSTEP       ENERGY          RMS            GMAX         NAME    NUMBER
    155      -7.6289E+04     2.3382E+00     2.0455E+01     CD       2129

 BOND    =     4922.1344  ANGLE   =      223.7909  DIHED      =     1710.4723
 VDWAALS =     6583.5230  EEL     =   -99318.3919  HBOND      =        0.0000
 1-4 VDW =      533.8088  1-4 EEL =     8971.5527  RESTRAINT  =       84.3573
 EAMBER  =   -76373.1098


   NSTEP       ENERGY          RMS            GMAX         NAME    NUMBER
    160      -7.6454E+04     7.4617E-01     1.0273E+01     Cl-      2481

 BOND    =     4415.2231  ANGLE   =      223.1126  DIHED      =     1709.9711
 VDWAALS =     6640.6744  EEL     =   -99032.3656  HBOND      =        0.0000
 1-4 VDW =      533.6847  1-4 EEL =     8971.4417  RESTRAINT  =       84.6949
 EAMBER  =   -76538.2579


   NSTEP       ENERGY          RMS            GMAX         NAME    NUMBER
    165      -7.6508E+04     2.5783E+00     2.3510E+01     CD       2129

 BOND    =     5016.9179  ANGLE   =      224.2657  DIHED      =     1709.3854
 VDWAALS =     6700.2401  EEL     =   -99748.1623  HBOND      =        0.0000
 1-4 VDW =      533.5339  1-4 EEL =     8970.7846  RESTRAINT  =       85.0496
 EAMBER  =   -76593.0347


   NSTEP       ENERGY          RMS            GMAX         NAME    NUMBER
    170      -7.6622E+04     2.6723E+00     2.6552E+01     CD       2129

 BOND    =     5058.4348  ANGLE   =      224.5013  DIHED      =     1708.8240
 VDWAALS =     6762.5877  EEL     =   -99965.7069  HBOND      =        0.0000
 1-4 VDW =      533.3994  1-4 EEL =     8970.3861  RESTRAINT  =       85.3675
 EAMBER  =   -76707.5737


   NSTEP       ENERGY          RMS            GMAX         NAME    NUMBER
    175      -7.6730E+04     2.8264E+00     3.0611E+01     CD       2129

 BOND    =     5114.6629  ANGLE   =      224.7557  DIHED      =     1708.2798
 VDWAALS =     6824.8239  EEL     =  -100191.6744  HBOND      =        0.0000
 1-4 VDW =      533.2725  1-4 EEL =     8969.9962  RESTRAINT  =       85.6548
 EAMBER  =   -76815.8833


   NSTEP       ENERGY          RMS            GMAX         NAME    NUMBER
    180      -7.6910E+04     9.4923E-01     1.0021E+01     CD       2129

 BOND    =     4415.9799  ANGLE   =      223.5763  DIHED      =     1707.8378
 VDWAALS =     6882.6526  EEL     =   -99728.8523  HBOND      =        0.0000
 1-4 VDW =      533.1791  1-4 EEL =     8970.1394  RESTRAINT  =       85.8721
 EAMBER  =   -76995.4873


   NSTEP       ENERGY          RMS            GMAX         NAME    NUMBER
    185      -7.7000E+04     6.4841E-01     8.3206E+00     Cl-      2481

 BOND    =     4521.5605  ANGLE   =      223.7907  DIHED      =     1707.4533
 VDWAALS =     6929.6982  EEL     =   -99971.3890  HBOND      =        0.0000
 1-4 VDW =      533.0907  1-4 EEL =     8969.8337  RESTRAINT  =       86.0523
 EAMBER  =   -77085.9620


   NSTEP       ENERGY          RMS            GMAX         NAME    NUMBER
    190      -7.7107E+04     6.4601E-01     7.9041E+00     Cl-      2481

 BOND    =     4534.1199  ANGLE   =      223.8707  DIHED      =     1706.9912
 VDWAALS =     6990.0060  EEL     =  -100151.0899  HBOND      =        0.0000
 1-4 VDW =      532.9871  1-4 EEL =     8969.5597  RESTRAINT  =       86.2623
 EAMBER  =   -77193.5553


   NSTEP       ENERGY          RMS            GMAX         NAME    NUMBER
    195      -7.7213E+04     1.2367E+00     1.7594E+01     CD       2129

 BOND    =     4402.4144  ANGLE   =      223.7493  DIHED      =     1706.5175
 VDWAALS =     7057.2879  EEL     =  -100191.8782  HBOND      =        0.0000
 1-4 VDW =      532.8825  1-4 EEL =     8969.4220  RESTRAINT  =       86.4710
 EAMBER  =   -77299.6046


   NSTEP       ENERGY          RMS            GMAX         NAME    NUMBER
    200      -7.7311E+04     8.2590E-01     1.0083E+01     CD       2129

 BOND    =     4501.1123  ANGLE   =      223.9069  DIHED      =     1706.1639
 VDWAALS =     7108.9397  EEL     =  -100439.2789  HBOND      =        0.0000
 1-4 VDW =      532.8016  1-4 EEL =     8969.1306  RESTRAINT  =       86.6178
 EAMBER  =   -77397.2239


   NSTEP       ENERGY          RMS            GMAX         NAME    NUMBER
    205      -7.7359E+04     6.3378E-01     6.7329E+00     Cl-      2481

 BOND    =     4569.0509  ANGLE   =      224.0264  DIHED      =     1705.9869
 VDWAALS =     7135.8355  EEL     =  -100582.4756  HBOND      =        0.0000
 1-4 VDW =      532.7605  1-4 EEL =     8968.9627  RESTRAINT  =       86.6897
 EAMBER  =   -77445.8528


   NSTEP       ENERGY          RMS            GMAX         NAME    NUMBER
    210      -7.8528E+04     7.8385E+00     4.1318E+02     Cl-      2481

 BOND    =     6741.2699  ANGLE   =      237.1681  DIHED      =     1700.8320
 VDWAALS =     9626.6808  EEL     =  -106419.7260  HBOND      =        0.0000
 1-4 VDW =      529.9658  1-4 EEL =     8961.1301  RESTRAINT  =       94.4708
 EAMBER  =   -78622.6793


   NSTEP       ENERGY          RMS            GMAX         NAME    NUMBER
    215      -7.9229E+04     1.2805E+00     5.1183E+01     NE2      1075

 BOND    =     5029.6998  ANGLE   =      228.9180  DIHED      =     1700.7360
 VDWAALS =     9026.8620  EEL     =  -104802.2811  HBOND      =        0.0000
 1-4 VDW =      530.7417  1-4 EEL =     8963.7273  RESTRAINT  =       92.7096
 EAMBER  =   -79321.5963


   NSTEP       ENERGY          RMS            GMAX         NAME    NUMBER
    220      -7.9596E+04     1.7526E+00     9.6910E+01     Cl-      2481

 BOND    =     5046.5619  ANGLE   =      248.1361  DIHED      =     1701.3932
 VDWAALS =     9265.3036  EEL     =  -105443.2012  HBOND      =        0.0000
 1-4 VDW =      530.7254  1-4 EEL =     8963.6226  RESTRAINT  =       91.9523
 EAMBER  =   -79687.4585


   NSTEP       ENERGY          RMS            GMAX         NAME    NUMBER
    225      -7.9996E+04     1.6989E+00     9.9716E+01     H        2476

 BOND    =     5300.4220  ANGLE   =      249.2997  DIHED      =     1703.2029
 VDWAALS =     9697.7008  EEL     =  -106531.7186  HBOND      =        0.0000
 1-4 VDW =      531.2470  1-4 EEL =     8962.8858  RESTRAINT  =       90.7298
 EAMBER  =   -80086.9604


   NSTEP       ENERGY          RMS            GMAX         NAME    NUMBER
    230      -8.0000E+04     1.6503E+00     9.7406E+01     H        2476

 BOND    =     5295.3619  ANGLE   =      249.1405  DIHED      =     1703.1928
 VDWAALS =     9697.3204  EEL     =  -106529.5987  HBOND      =        0.0000
 1-4 VDW =      531.2369  1-4 EEL =     8962.9086  RESTRAINT  =       90.7274
 EAMBER  =   -80090.4375


   NSTEP       ENERGY          RMS            GMAX         NAME    NUMBER
    235      -8.0166E+04     1.1879E+00     4.5387E+01     H2      12783

 BOND    =     5147.0202  ANGLE   =      230.3427  DIHED      =     1701.2459
 VDWAALS =     9708.6215  EEL     =  -106539.1552  HBOND      =        0.0000
 1-4 VDW =      530.4762  1-4 EEL =     8965.1517  RESTRAINT  =       90.1874
 EAMBER  =   -80256.2971


   NSTEP       ENERGY          RMS            GMAX         NAME    NUMBER
    240      -8.0301E+04     1.0866E+00     6.5381E+01     NE2      1075

 BOND    =     5284.8831  ANGLE   =      237.9063  DIHED      =     1699.9135
 VDWAALS =     9761.2097  EEL     =  -106871.1694  HBOND      =        0.0000
 1-4 VDW =      530.4284  1-4 EEL =     8965.9750  RESTRAINT  =       89.3989
 EAMBER  =   -80390.8535


   NSTEP       ENERGY          RMS            GMAX         NAME    NUMBER
    245      -8.0457E+04     2.1806E+00     1.6930E+02     C        2424

 BOND    =     5237.5855  ANGLE   =      257.5774  DIHED      =     1699.9615
 VDWAALS =     9912.0275  EEL     =  -107145.2593  HBOND      =        0.0000
 1-4 VDW =      530.4449  1-4 EEL =     8962.7032  RESTRAINT  =       88.3659
 EAMBER  =   -80544.9593


   NSTEP       ENERGY          RMS            GMAX         NAME    NUMBER
    250      -8.0704E+04     1.8944E+00     8.9001E+01     O1       2428

 BOND    =     5557.4434  ANGLE   =      288.1119  DIHED      =     1702.2105
 VDWAALS =    10078.0523  EEL     =  -107908.1876  HBOND      =        0.0000
 1-4 VDW =      530.1544  1-4 EEL =     8960.3379  RESTRAINT  =       87.7745
 EAMBER  =   -80791.8773


   NSTEP       ENERGY          RMS            GMAX         NAME    NUMBER
    255      -8.0709E+04     1.8197E+00     8.6423E+01     O1       2428

 BOND    =     5542.2459  ANGLE   =      287.1197  DIHED      =     1702.2037
 VDWAALS =    10078.0612  EEL     =  -107897.3433  HBOND      =        0.0000
 1-4 VDW =      530.1410  1-4 EEL =     8960.4039  RESTRAINT  =       87.7696
 EAMBER  =   -80797.1680


   NSTEP       ENERGY          RMS            GMAX         NAME    NUMBER
    260      -8.0887E+04     1.0644E+00     5.6966E+01     C        2424

 BOND    =     5283.5001  ANGLE   =      230.2749  DIHED      =     1701.4811
 VDWAALS =    10061.2323  EEL     =  -107745.4999  HBOND      =        0.0000
 1-4 VDW =      529.5733  1-4 EEL =     8964.5939  RESTRAINT  =       87.4274
 EAMBER  =   -80974.8442


   NSTEP       ENERGY          RMS            GMAX         NAME    NUMBER
    265      -8.0957E+04     9.2137E-01     5.2354E+01     C        2424

 BOND    =     5386.4629  ANGLE   =      238.3191  DIHED      =     1700.8525
 VDWAALS =    10050.5390  EEL     =  -107916.7531  HBOND      =        0.0000
 1-4 VDW =      529.8557  1-4 EEL =     8966.2511  RESTRAINT  =       87.3631
 EAMBER  =   -81044.4728


   NSTEP       ENERGY          RMS            GMAX         NAME    NUMBER
    270      -8.1102E+04     1.7652E+00     1.1552E+02     O1       2428

 BOND    =     5448.1241  ANGLE   =      254.7381  DIHED      =     1699.7357
 VDWAALS =    10143.0308  EEL     =  -108226.9890  HBOND      =        0.0000
 1-4 VDW =      530.5994  1-4 EEL =     8961.2116  RESTRAINT  =       87.6532
 EAMBER  =   -81189.5493


   NSTEP       ENERGY          RMS            GMAX         NAME    NUMBER
    275      -8.1213E+04     1.3927E+00     9.1325E+01     H        2476

 BOND    =     5424.4543  ANGLE   =      243.4994  DIHED      =     1702.2834
 VDWAALS =    10224.3667  EEL     =  -108387.5476  HBOND      =        0.0000
 1-4 VDW =      530.8451  1-4 EEL =     8961.3978  RESTRAINT  =       87.7319
 EAMBER  =   -81300.7008


   NSTEP       ENERGY          RMS            GMAX         NAME    NUMBER
    280      -8.1217E+04     1.3124E+00     8.8091E+01     H        2476

 BOND    =     5413.4320  ANGLE   =      243.1197  DIHED      =     1702.2468
 VDWAALS =    10224.4533  EEL     =  -108380.0777  HBOND      =        0.0000
 1-4 VDW =      530.8326  1-4 EEL =     8961.4552  RESTRAINT  =       87.7273
 EAMBER  =   -81304.5380


   NSTEP       ENERGY          RMS            GMAX         NAME    NUMBER
    285      -8.1306E+04     8.1001E-01     3.8617E+01     CD       1646

 BOND    =     5457.3861  ANGLE   =      228.5996  DIHED      =     1700.4386
 VDWAALS =    10249.8886  EEL     =  -108524.3276  HBOND      =        0.0000
 1-4 VDW =      530.1614  1-4 EEL =     8964.1471  RESTRAINT  =       87.5542
 EAMBER  =   -81393.7062


   NSTEP       ENERGY          RMS            GMAX         NAME    NUMBER
    290      -8.1386E+04     9.7089E-01     6.3106E+01     HZ2      2370

 BOND    =     5408.8543  ANGLE   =      237.8703  DIHED      =     1699.1284
 VDWAALS =    10338.3291  EEL     =  -108652.9756  HBOND      =        0.0000
 1-4 VDW =      529.5128  1-4 EEL =     8966.3532  RESTRAINT  =       87.3488
 EAMBER  =   -81472.9274


   NSTEP       ENERGY          RMS            GMAX         NAME    NUMBER
    295      -8.1530E+04     1.4364E+00     8.9133E+01     CD       1646

 BOND    =     5557.2651  ANGLE   =      235.0218  DIHED      =     1700.9619
 VDWAALS =    10610.0758  EEL     =  -109212.6552  HBOND      =        0.0000
 1-4 VDW =      528.8083  1-4 EEL =     8963.6900  RESTRAINT  =       87.0862
 EAMBER  =   -81616.8323


   NSTEP       ENERGY          RMS            GMAX         NAME    NUMBER
    300      -8.1655E+04     1.4196E+00     7.4965E+01     CD       1646

 BOND    =     5481.3236  ANGLE   =      260.0430  DIHED      =     1700.9933
 VDWAALS =    10797.4586  EEL     =  -109472.0756  HBOND      =        0.0000
 1-4 VDW =      529.0918  1-4 EEL =     8960.9161  RESTRAINT  =       87.1391
 EAMBER  =   -81742.2492


   NSTEP       ENERGY          RMS            GMAX         NAME    NUMBER
    305      -8.1659E+04     1.3587E+00     6.7640E+01     CD       1646

 BOND    =     5478.9525  ANGLE   =      259.2505  DIHED      =     1700.9810
 VDWAALS =    10797.1155  EEL     =  -109472.1505  HBOND      =        0.0000
 1-4 VDW =      529.0783  1-4 EEL =     8960.9235  RESTRAINT  =       87.1320
 EAMBER  =   -81745.8492


   NSTEP       ENERGY          RMS            GMAX         NAME    NUMBER
    310      -8.1798E+04     1.2013E+00     5.6371E+01     CD       1646

 BOND    =     5520.5705  ANGLE   =      231.8684  DIHED      =     1701.4463
 VDWAALS =    10758.3474  EEL     =  -109590.0363  HBOND      =        0.0000
 1-4 VDW =      528.1195  1-4 EEL =     8964.5171  RESTRAINT  =       86.8033
 EAMBER  =   -81885.1671


   NSTEP       ENERGY          RMS            GMAX         NAME    NUMBER
    315      -8.1882E+04     9.4743E-01     5.2297E+01     HZ2      2370

 BOND    =     5506.2720  ANGLE   =      233.7947  DIHED      =     1699.7178
 VDWAALS =    10743.6388  EEL     =  -109646.0181  HBOND      =        0.0000
 1-4 VDW =      528.6823  1-4 EEL =     8965.5503  RESTRAINT  =       86.6691
 EAMBER  =   -81968.3622


   NSTEP       ENERGY          RMS            GMAX         NAME    NUMBER
    320      -8.1975E+04     7.8791E-01     4.3000E+01     CD       1646

 BOND    =     5503.6945  ANGLE   =      230.9052  DIHED      =     1698.2931
 VDWAALS =    10777.1864  EEL     =  -109764.0611  HBOND      =        0.0000
 1-4 VDW =      529.1595  1-4 EEL =     8963.4472  RESTRAINT  =       86.6768
 EAMBER  =   -82061.3751


   NSTEP       ENERGY          RMS            GMAX         NAME    NUMBER
    325      -8.2031E+04     1.1972E+00     5.5033E+01     CD       1646

 BOND    =     5548.1893  ANGLE   =      240.4731  DIHED      =     1700.6108
 VDWAALS =    10848.6734  EEL     =  -109947.2571  HBOND      =        0.0000
 1-4 VDW =      529.6565  1-4 EEL =     8962.0186  RESTRAINT  =       86.7710
 EAMBER  =   -82117.6353


   NSTEP       ENERGY          RMS            GMAX         NAME    NUMBER
    330      -8.2034E+04     1.1106E+00     4.8230E+01     CD       2320

 BOND    =     5542.4755  ANGLE   =      239.9929  DIHED      =     1700.5572
 VDWAALS =    10848.7621  EEL     =  -109944.6051  HBOND      =        0.0000
 1-4 VDW =      529.6409  1-4 EEL =     8962.0433  RESTRAINT  =       86.7679
 EAMBER  =   -82121.1333


   NSTEP       ENERGY          RMS            GMAX         NAME    NUMBER
    335      -8.2102E+04     7.3714E-01     5.4459E+01     CD       1646

 BOND    =     5525.1662  ANGLE   =      226.9994  DIHED      =     1699.0421
 VDWAALS =    10875.1852  EEL     =  -110008.9647  HBOND      =        0.0000
 1-4 VDW =      529.2829  1-4 EEL =     8964.4505  RESTRAINT  =       86.6504
 EAMBER  =   -82188.8384


   NSTEP       ENERGY          RMS            GMAX         NAME    NUMBER
    340      -8.2149E+04     8.9841E-01     4.7820E+01     HZ2      2370

 BOND    =     5554.9740  ANGLE   =      233.6695  DIHED      =     1698.4357
 VDWAALS =    10933.4871  EEL     =  -110150.1825  HBOND      =        0.0000
 1-4 VDW =      529.0312  1-4 EEL =     8965.4123  RESTRAINT  =       86.5629
 EAMBER  =   -82235.1729


   NSTEP       ENERGY          RMS            GMAX         NAME    NUMBER
    345      -8.2287E+04     1.2399E+00     6.7897E+01     CD       1646

 BOND    =     5619.4922  ANGLE   =      234.6380  DIHED      =     1701.1111
 VDWAALS =    11173.5340  EEL     =  -110594.1483  HBOND      =        0.0000
 1-4 VDW =      528.0117  1-4 EEL =     8963.4478  RESTRAINT  =       86.4562
 EAMBER  =   -82373.9135


   NSTEP       ENERGY          RMS            GMAX         NAME    NUMBER
    350      -8.2378E+04     1.1719E+00     8.4309E+01     C        2424

 BOND    =     5594.2743  ANGLE   =      255.3938  DIHED      =     1700.4179
 VDWAALS =    11323.0917  EEL     =  -110827.4444  HBOND      =        0.0000
 1-4 VDW =      528.7515  1-4 EEL =     8960.4569  RESTRAINT  =       86.5922
 EAMBER  =   -82465.0583


   NSTEP       ENERGY          RMS            GMAX         NAME    NUMBER
    355      -8.2381E+04     1.1221E+00     7.6749E+01     C        2424

 BOND    =     5594.1969  ANGLE   =      254.7263  DIHED      =     1700.4149
 VDWAALS =    11322.9247  EEL     =  -110828.9574  HBOND      =        0.0000
 1-4 VDW =      528.7347  1-4 EEL =     8960.4825  RESTRAINT  =       86.5863
 EAMBER  =   -82467.4775


   NSTEP       ENERGY          RMS            GMAX         NAME    NUMBER
    360      -8.2490E+04     1.3888E+00     1.1027E+02     C        2424

 BOND    =     5619.0936  ANGLE   =      238.1194  DIHED      =     1700.7259
 VDWAALS =    11294.9903  EEL     =  -110921.3117  HBOND      =        0.0000
 1-4 VDW =      527.7687  1-4 EEL =     8964.5332  RESTRAINT  =       86.3616
 EAMBER  =   -82576.0806


   NSTEP       ENERGY          RMS            GMAX         NAME    NUMBER
    365      -8.2553E+04     9.1078E-01     4.6091E+01     HZ2      2370

 BOND    =     5601.0836  ANGLE   =      233.3870  DIHED      =     1698.8282
 VDWAALS =    11289.8651  EEL     =  -110955.3722  HBOND      =        0.0000
 1-4 VDW =      528.4619  1-4 EEL =     8964.5816  RESTRAINT  =       86.2296
 EAMBER  =   -82639.1648


   NSTEP       ENERGY          RMS            GMAX         NAME    NUMBER
    370      -8.2627E+04     5.8144E-01     2.9557E+01     C        2424

 BOND    =     5621.5539  ANGLE   =      226.0849  DIHED      =     1697.7519
 VDWAALS =    11325.1052  EEL     =  -111076.3475  HBOND      =        0.0000
 1-4 VDW =      528.6445  1-4 EEL =     8963.8499  RESTRAINT  =       86.2951
 EAMBER  =   -82713.3573


   NSTEP       ENERGY          RMS            GMAX         NAME    NUMBER
    375      -8.2682E+04     1.4029E+00     1.1860E+02     C        2424

 BOND    =     5633.8599  ANGLE   =      233.7180  DIHED      =     1700.9031
 VDWAALS =    11413.5572  EEL     =  -111243.7481  HBOND      =        0.0000
 1-4 VDW =      529.2731  1-4 EEL =     8963.4709  RESTRAINT  =       86.5042
 EAMBER  =   -82768.9660


   NSTEP       ENERGY          RMS            GMAX         NAME    NUMBER
    380      -8.2687E+04     1.2872E+00     1.0325E+02     C        2424

 BOND    =     5632.8392  ANGLE   =      233.1234  DIHED      =     1700.8284
 VDWAALS =    11413.5627  EEL     =  -111246.6877  HBOND      =        0.0000
 1-4 VDW =      529.2569  1-4 EEL =     8963.4904  RESTRAINT  =       86.5001
 EAMBER  =   -82773.5867


   NSTEP       ENERGY          RMS            GMAX         NAME    NUMBER
    385      -8.2755E+04     6.7310E-01     3.2545E+01     CG       2359

 BOND    =     5631.6160  ANGLE   =      228.3746  DIHED      =     1698.9130
 VDWAALS =    11430.5258  EEL     =  -111324.1867  HBOND      =        0.0000
 1-4 VDW =      529.1737  1-4 EEL =     8963.6908  RESTRAINT  =       86.4103
 EAMBER  =   -82841.8928


   NSTEP       ENERGY          RMS            GMAX         NAME    NUMBER
    390      -8.2834E+04     9.0456E-01     4.5396E+01     NZ       2368

 BOND    =     5666.5981  ANGLE   =      227.6359  DIHED      =     1697.8377
 VDWAALS =    11515.9237  EEL     =  -111520.2714  HBOND      =        0.0000
 1-4 VDW =      528.4441  1-4 EEL =     8963.8439  RESTRAINT  =       86.2917
 EAMBER  =   -82919.9880


   NSTEP       ENERGY          RMS            GMAX         NAME    NUMBER
    395      -8.2884E+04     6.0629E-01     3.3164E+01     CB       2314

 BOND    =     5646.0506  ANGLE   =      225.6391  DIHED      =     1698.4142
 VDWAALS =    11588.5989  EEL     =  -111620.9947  HBOND      =        0.0000
 1-4 VDW =      527.8349  1-4 EEL =     8963.7301  RESTRAINT  =       86.3161
 EAMBER  =   -82970.7270


   NSTEP       ENERGY          RMS            GMAX         NAME    NUMBER
    400      -8.3022E+04     1.3253E+00     6.6635E+01     HZ3      2371

 BOND    =     5720.4607  ANGLE   =      270.3576  DIHED      =     1702.0121
 VDWAALS =    11867.9697  EEL     =  -112160.7311  HBOND      =        0.0000
 1-4 VDW =      529.0187  1-4 EEL =     8961.7471  RESTRAINT  =       86.7874
 EAMBER  =   -83109.1652


   NSTEP       ENERGY          RMS            GMAX         NAME    NUMBER
    405      -8.3025E+04     1.2880E+00     6.6170E+01     HZ3      2371

 BOND    =     5720.0206  ANGLE   =      269.4498  DIHED      =     1701.9368
 VDWAALS =    11867.7385  EEL     =  -112161.9376  HBOND      =        0.0000
 1-4 VDW =      528.9948  1-4 EEL =     8961.7673  RESTRAINT  =       86.7795
 EAMBER  =   -83112.0298


   NSTEP       ENERGY          RMS            GMAX         NAME    NUMBER
    410      -8.3148E+04     7.7512E-01     4.0396E+01     CD       1646

 BOND    =     5752.2719  ANGLE   =      227.0314  DIHED      =     1698.7005
 VDWAALS =    11849.3388  EEL     =  -112253.9489  HBOND      =        0.0000
 1-4 VDW =      527.8873  1-4 EEL =     8963.9989  RESTRAINT  =       86.3022
 EAMBER  =   -83234.7201


   NSTEP       ENERGY          RMS            GMAX         NAME    NUMBER
    415      -8.3186E+04     7.0888E-01     3.0667E+01     NZ       2368

 BOND    =     5716.7889  ANGLE   =      227.0948  DIHED      =     1698.0085
 VDWAALS =    11843.9527  EEL     =  -112250.6055  HBOND      =        0.0000
 1-4 VDW =      528.1338  1-4 EEL =     8964.0324  RESTRAINT  =       86.2068
 EAMBER  =   -83272.5944


   NSTEP       ENERGY          RMS            GMAX         NAME    NUMBER
    420      -8.3256E+04     8.9235E-01     6.0225E+01     O1       2428

 BOND    =     5775.1465  ANGLE   =      231.2946  DIHED      =     1699.8881
 VDWAALS =    11874.3068  EEL     =  -112414.4687  HBOND      =        0.0000
 1-4 VDW =      528.1371  1-4 EEL =     8963.3983  RESTRAINT  =       86.3348
 EAMBER  =   -83342.2973


   NSTEP       ENERGY          RMS            GMAX         NAME    NUMBER
    425      -8.3287E+04     8.1021E-01     4.8578E+01     CD       1646

 BOND    =     5738.5917  ANGLE   =      231.7194  DIHED      =     1699.7915
 VDWAALS =    11903.5430  EEL     =  -112438.5930  HBOND      =        0.0000
 1-4 VDW =      528.5886  1-4 EEL =     8963.3947  RESTRAINT  =       86.3516
 EAMBER  =   -83372.9640


   NSTEP       ENERGY          RMS            GMAX         NAME    NUMBER
    430      -8.3289E+04     7.2476E-01     3.9055E+01     CD       1646

 BOND    =     5738.3866  ANGLE   =      231.2938  DIHED      =     1699.7557
 VDWAALS =    11903.6574  EEL     =  -112440.3708  HBOND      =        0.0000
 1-4 VDW =      528.5698  1-4 EEL =     8963.4156  RESTRAINT  =       86.3477
 EAMBER  =   -83375.2919


   NSTEP       ENERGY          RMS            GMAX         NAME    NUMBER
    435      -8.3327E+04     5.8594E-01     2.9450E+01     CG       2317

 BOND    =     5763.0110  ANGLE   =      223.7280  DIHED      =     1698.6439
 VDWAALS =    11925.5382  EEL     =  -112516.3125  HBOND      =        0.0000
 1-4 VDW =      528.2513  1-4 EEL =     8964.1003  RESTRAINT  =       86.2123
 EAMBER  =   -83413.0398


   NSTEP       ENERGY          RMS            GMAX         NAME    NUMBER
    440      -8.3360E+04     7.5395E-01     3.8700E+01     NZ       2368

 BOND    =     5766.2714  ANGLE   =      229.6543  DIHED      =     1697.7434
 VDWAALS =    11970.3014  EEL     =  -112603.1910  HBOND      =        0.0000
 1-4 VDW =      528.3241  1-4 EEL =     8964.4253  RESTRAINT  =       86.1788
 EAMBER  =   -83446.4712


   NSTEP       ENERGY          RMS            GMAX         NAME    NUMBER
    445      -8.3457E+04     7.7182E-01     4.5092E+01     C        2424

 BOND    =     5807.9199  ANGLE   =      228.4021  DIHED      =     1698.3151
 VDWAALS =    12145.4800  EEL     =  -112915.3550  HBOND      =        0.0000
 1-4 VDW =      527.8888  1-4 EEL =     8963.5208  RESTRAINT  =       86.4423
 EAMBER  =   -83543.8283


   NSTEP       ENERGY          RMS            GMAX         NAME    NUMBER
    450      -8.3530E+04     1.2384E+00     6.4216E+01     O1       2428

 BOND    =     5853.9494  ANGLE   =      241.6845  DIHED      =     1702.0306
 VDWAALS =    12289.6316  EEL     =  -113194.7408  HBOND      =        0.0000
 1-4 VDW =      528.4467  1-4 EEL =     8962.1761  RESTRAINT  =       86.7264
 EAMBER  =   -83616.8219


   NSTEP       ENERGY          RMS            GMAX         NAME    NUMBER
    455      -8.3534E+04     1.1778E+00     6.1164E+01     O1       2428

 BOND    =     5851.7391  ANGLE   =      240.8877  DIHED      =     1701.9138
 VDWAALS =    12289.3027  EEL     =  -113194.8213  HBOND      =        0.0000
 1-4 VDW =      528.4131  1-4 EEL =     8962.1917  RESTRAINT  =       86.7185
 EAMBER  =   -83620.3732


   NSTEP       ENERGY          RMS            GMAX         NAME    NUMBER
    460      -8.3620E+04     7.0605E-01     3.0218E+01     C        2424

 BOND    =     5817.3498  ANGLE   =      227.9361  DIHED      =     1699.3889
 VDWAALS =    12269.1772  EEL     =  -113211.1405  HBOND      =        0.0000
 1-4 VDW =      527.6397  1-4 EEL =     8963.5731  RESTRAINT  =       86.4313
 EAMBER  =   -83706.0756


   NSTEP       ENERGY          RMS            GMAX         NAME    NUMBER
    465      -8.3678E+04     7.1882E-01     2.7130E+01     CG       2317

 BOND    =     5851.4778  ANGLE   =      228.8715  DIHED      =     1697.8953
 VDWAALS =    12257.8258  EEL     =  -113292.1859  HBOND      =        0.0000
 1-4 VDW =      528.1868  1-4 EEL =     8964.1631  RESTRAINT  =       86.2179
 EAMBER  =   -83763.7657


   NSTEP       ENERGY          RMS            GMAX         NAME    NUMBER
    470      -8.3722E+04     5.6854E-01     3.6170E+01     CD       1646

 BOND    =     5822.1924  ANGLE   =      224.2470  DIHED      =     1698.7027
 VDWAALS =    12277.4468  EEL     =  -113322.4130  HBOND      =        0.0000
 1-4 VDW =      527.9607  1-4 EEL =     8963.8396  RESTRAINT  =       86.2184
 EAMBER  =   -83808.0239


   NSTEP       ENERGY          RMS            GMAX         NAME    NUMBER
    475      -8.3746E+04     7.3010E-01     5.4506E+01     CD       1646

 BOND    =     5846.5040  ANGLE   =      230.8194  DIHED      =     1698.9072
 VDWAALS =    12306.9454  EEL     =  -113406.7249  HBOND      =        0.0000
 1-4 VDW =      528.2472  1-4 EEL =     8963.4137  RESTRAINT  =       86.2943
 EAMBER  =   -83831.8880


   NSTEP       ENERGY          RMS            GMAX         NAME    NUMBER
    480      -8.3748E+04     6.4482E-01     4.2252E+01     CD       1646

 BOND    =     5845.2615  ANGLE   =      230.4396  DIHED      =     1698.8761
 VDWAALS =    12307.0365  EEL     =  -113407.3264  HBOND      =        0.0000
 1-4 VDW =      528.2337  1-4 EEL =     8963.4225  RESTRAINT  =       86.2902
 EAMBER  =   -83834.0565


   NSTEP       ENERGY          RMS            GMAX         NAME    NUMBER
    485      -8.3781E+04     5.5863E-01     2.9475E+01     CD       1646

 BOND    =     5838.7728  ANGLE   =      223.9064  DIHED      =     1698.0493
 VDWAALS =    12326.9687  EEL     =  -113447.5911  HBOND      =        0.0000
 1-4 VDW =      528.1703  1-4 EEL =     8964.1102  RESTRAINT  =       86.2031
 EAMBER  =   -83867.6135


   NSTEP       ENERGY          RMS            GMAX         NAME    NUMBER
    490      -8.3804E+04     6.7254E-01     2.8303E+01     CD       1646

 BOND    =     5863.0233  ANGLE   =      227.7516  DIHED      =     1697.8185
 VDWAALS =    12355.3618  EEL     =  -113526.1595  HBOND      =        0.0000
 1-4 VDW =      528.2695  1-4 EEL =     8964.1389  RESTRAINT  =       86.2399
 EAMBER  =   -83889.7959


   NSTEP       ENERGY          RMS            GMAX         NAME    NUMBER
    495      -8.3908E+04     7.6737E-01     5.6389E+01     C        2424

 BOND    =     5897.5357  ANGLE   =      227.6571  DIHED      =     1698.6350
 VDWAALS =    12545.2304  EEL     =  -113854.6009  HBOND      =        0.0000
 1-4 VDW =      527.3238  1-4 EEL =     8963.2584  RESTRAINT  =       86.7833
 EAMBER  =   -83994.9604


   NSTEP       ENERGY          RMS            GMAX         NAME    NUMBER
    500      -8.3982E+04     1.2923E+00     6.0806E+01     C        2424

 BOND    =     5893.6974  ANGLE   =      243.1683  DIHED      =     1700.0703
 VDWAALS =    12683.9786  EEL     =  -114080.8312  HBOND      =        0.0000
 1-4 VDW =      528.9629  1-4 EEL =     8962.0160  RESTRAINT  =       87.2741
 EAMBER  =   -84068.9377


   NSTEP       ENERGY          RMS            GMAX         NAME    NUMBER
    505      -8.3985E+04     1.2301E+00     5.4332E+01     C        2424

 BOND    =     5893.0434  ANGLE   =      242.3763  DIHED      =     1700.0112
 VDWAALS =    12683.6933  EEL     =  -114082.4379  HBOND      =        0.0000
 1-4 VDW =      528.9160  1-4 EEL =     8962.0402  RESTRAINT  =       87.2655
 EAMBER  =   -84072.3576


   NSTEP       ENERGY          RMS            GMAX         NAME    NUMBER
    510      -8.4069E+04     7.9698E-01     4.7383E+01     C        2424

 BOND    =     5945.5892  ANGLE   =      228.1799  DIHED      =     1698.6155
 VDWAALS =    12666.0652  EEL     =  -114185.4176  HBOND      =        0.0000
 1-4 VDW =      527.5378  1-4 EEL =     8963.4279  RESTRAINT  =       86.9423
 EAMBER  =   -84156.0023


   NSTEP       ENERGY          RMS            GMAX         NAME    NUMBER
    515      -8.4128E+04     6.7778E-01     3.4432E+01     HZ2      2370

 BOND    =     5922.5056  ANGLE   =      225.6902  DIHED      =     1698.0025
 VDWAALS =    12655.5732  EEL     =  -114208.5702  HBOND      =        0.0000
 1-4 VDW =      527.9966  1-4 EEL =     8963.9994  RESTRAINT  =       86.6652
 EAMBER  =   -84214.8028


   NSTEP       ENERGY          RMS            GMAX         NAME    NUMBER
    520      -8.4162E+04     5.6760E-01     3.4268E+01     CD       1646

 BOND    =     5943.8068  ANGLE   =      223.6255  DIHED      =     1698.1125
 VDWAALS =    12670.2209  EEL     =  -114276.3236  HBOND      =        0.0000
 1-4 VDW =      528.2571  1-4 EEL =     8963.9102  RESTRAINT  =       86.6507
 EAMBER  =   -84248.3907


   NSTEP       ENERGY          RMS            GMAX         NAME    NUMBER
    525      -8.4182E+04     6.5986E-01     4.0681E+01     C        2424

 BOND    =     5934.8295  ANGLE   =      227.7388  DIHED      =     1698.9732
 VDWAALS =    12699.1550  EEL     =  -114321.4658  HBOND      =        0.0000
 1-4 VDW =      528.3732  1-4 EEL =     8963.6126  RESTRAINT  =       86.7222
 EAMBER  =   -84268.7834


   NSTEP       ENERGY          RMS            GMAX         NAME    NUMBER
    530      -8.4184E+04     5.7798E-01     3.0214E+01     C        2424

 BOND    =     5933.4985  ANGLE   =      227.4017  DIHED      =     1698.9264
 VDWAALS =    12699.2533  EEL     =  -114321.8128  HBOND      =        0.0000
 1-4 VDW =      528.3619  1-4 EEL =     8963.6096  RESTRAINT  =       86.7205
 EAMBER  =   -84270.7614


   NSTEP       ENERGY          RMS            GMAX         NAME    NUMBER
    535      -8.4214E+04     6.3422E-01     2.1307E+01     CG       2317

 BOND    =     5930.1243  ANGLE   =      223.6617  DIHED      =     1698.4214
 VDWAALS =    12717.2259  EEL     =  -114362.4532  HBOND      =        0.0000
 1-4 VDW =      528.3849  1-4 EEL =     8963.8326  RESTRAINT  =       86.7014
 EAMBER  =   -84300.8024


   NSTEP       ENERGY          RMS            GMAX         NAME    NUMBER
    540      -8.4258E+04     6.4590E-01     3.0050E+01     CD       1646

 BOND    =     5958.2946  ANGLE   =      225.3953  DIHED      =     1698.2767
 VDWAALS =    12771.6191  EEL     =  -114490.1803  HBOND      =        0.0000
 1-4 VDW =      527.9270  1-4 EEL =     8964.0125  RESTRAINT  =       86.8740
 EAMBER  =   -84344.6551


   NSTEP       ENERGY          RMS            GMAX         NAME    NUMBER
    545      -8.4296E+04     8.1501E-01     6.0365E+01     CD       1646

 BOND    =     5959.4386  ANGLE   =      227.7556  DIHED      =     1698.1087
 VDWAALS =    12832.7652  EEL     =  -114591.8591  HBOND      =        0.0000
 1-4 VDW =      527.8214  1-4 EEL =     8963.1826  RESTRAINT  =       87.1898
 EAMBER  =   -84382.7869


   NSTEP       ENERGY          RMS            GMAX         NAME    NUMBER
    550      -8.4370E+04     8.9204E-01     3.9883E+01     CD       1646

 BOND    =     5994.1054  ANGLE   =      236.0551  DIHED      =     1698.8565
 VDWAALS =    12932.0066  EEL     =  -114809.1210  HBOND      =        0.0000
 1-4 VDW =      528.1916  1-4 EEL =     8962.4898  RESTRAINT  =       87.6100
 EAMBER  =   -84457.4160


   NSTEP       ENERGY          RMS            GMAX         NAME    NUMBER
    555      -8.4372E+04     8.3707E-01     3.6623E+01     HZ3      2371

 BOND    =     5992.6658  ANGLE   =      235.6143  DIHED      =     1698.8294
 VDWAALS =    12931.8633  EEL     =  -114808.9858  HBOND      =        0.0000
 1-4 VDW =      528.1768  1-4 EEL =     8962.5136  RESTRAINT  =       87.6040
 EAMBER  =   -84459.3226


   NSTEP       ENERGY          RMS            GMAX         NAME    NUMBER
    560      -8.4415E+04     5.6987E-01     3.8817E+01     CD       1646

 BOND    =     5971.8437  ANGLE   =      224.2299  DIHED      =     1697.9265
 VDWAALS =    12930.3050  EEL     =  -114818.8425  HBOND      =        0.0000
 1-4 VDW =      527.7934  1-4 EEL =     8963.9484  RESTRAINT  =       87.3732
 EAMBER  =   -84502.7954


   NSTEP       ENERGY          RMS            GMAX         NAME    NUMBER
    565      -8.4434E+04     5.3789E-01     2.6407E+01     CD       1646

 BOND    =     5992.2887  ANGLE   =      224.9910  DIHED      =     1697.8729
 VDWAALS =    12934.3122  EEL     =  -114863.3969  HBOND      =        0.0000
 1-4 VDW =      528.2543  1-4 EEL =     8964.1222  RESTRAINT  =       87.2587
 EAMBER  =   -84521.5557


   NSTEP       ENERGY          RMS            GMAX         NAME    NUMBER
    570      -8.4481E+04     8.8563E-01     5.2998E+01     C        2424

 BOND    =     6002.7025  ANGLE   =      225.9689  DIHED      =     1698.9914
 VDWAALS =    12985.2131  EEL     =  -114973.8042  HBOND      =        0.0000
 1-4 VDW =      528.5332  1-4 EEL =     8963.9405  RESTRAINT  =       87.1520
 EAMBER  =   -84568.4547


   NSTEP       ENERGY          RMS            GMAX         NAME    NUMBER
    575      -8.4508E+04     6.9507E-01     5.1131E+01     C        2424

 BOND    =     5989.0466  ANGLE   =      227.9533  DIHED      =     1699.5287
 VDWAALS =    13015.9047  EEL     =  -115020.7063  HBOND      =        0.0000
 1-4 VDW =      528.5620  1-4 EEL =     8964.2116  RESTRAINT  =       87.1052
 EAMBER  =   -84595.4993


   NSTEP       ENERGY          RMS            GMAX         NAME    NUMBER
    580      -8.4510E+04     6.2296E-01     3.9805E+01     C        2424

 BOND    =     5988.6040  ANGLE   =      227.6328  DIHED      =     1699.4738
 VDWAALS =    13015.9702  EEL     =  -115021.8617  HBOND      =        0.0000
 1-4 VDW =      528.5531  1-4 EEL =     8964.2032  RESTRAINT  =       87.1038
 EAMBER  =   -84597.4245


   NSTEP       ENERGY          RMS            GMAX         NAME    NUMBER
    585      -8.4545E+04     6.8645E-01     2.6917E+01     C        2424

 BOND    =     6022.4036  ANGLE   =      224.5748  DIHED      =     1698.8033
 VDWAALS =    13029.9311  EEL     =  -115100.6061  HBOND      =        0.0000
 1-4 VDW =      528.8026  1-4 EEL =     8964.2450  RESTRAINT  =       87.0548
 EAMBER  =   -84631.8458


   NSTEP       ENERGY          RMS            GMAX         NAME    NUMBER
    590      -8.4579E+04     5.4153E-01     2.8173E+01     CD       1646

 BOND    =     6016.1501  ANGLE   =      224.3632  DIHED      =     1697.9211
 VDWAALS =    13061.6396  EEL     =  -115158.7700  HBOND      =        0.0000
 1-4 VDW =      528.2849  1-4 EEL =     8964.4887  RESTRAINT  =       87.1153
 EAMBER  =   -84665.9223


   NSTEP       ENERGY          RMS            GMAX         NAME    NUMBER
    595      -8.4610E+04     4.7542E-01     2.3875E+01     CB       2314

 BOND    =     6030.1222  ANGLE   =      223.5381  DIHED      =     1698.0069
 VDWAALS =    13109.0663  EEL     =  -115249.7155  HBOND      =        0.0000
 1-4 VDW =      527.9586  1-4 EEL =     8963.9911  RESTRAINT  =       87.2595
 EAMBER  =   -84697.0323


   NSTEP       ENERGY          RMS            GMAX         NAME    NUMBER
    600      -8.4638E+04     8.3037E-01     3.5411E+01     CD       1646

 BOND    =     6038.6994  ANGLE   =      232.5935  DIHED      =     1698.9063
 VDWAALS =    13171.8242  EEL     =  -115358.6366  HBOND      =        0.0000
 1-4 VDW =      528.3175  1-4 EEL =     8963.2347  RESTRAINT  =       87.4471
 EAMBER  =   -84725.0610


   NSTEP       ENERGY          RMS            GMAX         NAME    NUMBER
    605      -8.4640E+04     7.4951E-01     2.8613E+01     CB       2314

 BOND    =     6037.0725  ANGLE   =      232.0163  DIHED      =     1698.8700
 VDWAALS =    13171.6203  EEL     =  -115358.7863  HBOND      =        0.0000
 1-4 VDW =      528.2940  1-4 EEL =     8963.2704  RESTRAINT  =       87.4380
 EAMBER  =   -84727.6428


   NSTEP       ENERGY          RMS            GMAX         NAME    NUMBER
    610      -8.4679E+04     5.2016E-01     2.7251E+01     CD       1646

 BOND    =     6034.8513  ANGLE   =      223.8077  DIHED      =     1698.0059
 VDWAALS =    13169.0816  EEL     =  -115384.8587  HBOND      =        0.0000
 1-4 VDW =      527.9081  1-4 EEL =     8964.6384  RESTRAINT  =       87.1834
 EAMBER  =   -84766.5657


   NSTEP       ENERGY          RMS            GMAX         NAME    NUMBER
    615      -8.4699E+04     5.4014E-01     2.5677E+01     CD       1646

 BOND    =     6044.8012  ANGLE   =      224.3872  DIHED      =     1697.9247
 VDWAALS =    13172.2628  EEL     =  -115419.0096  HBOND      =        0.0000
 1-4 VDW =      528.3909  1-4 EEL =     8964.9173  RESTRAINT  =       87.0021
 EAMBER  =   -84786.3255


   NSTEP       ENERGY          RMS            GMAX         NAME    NUMBER
    620      -8.4737E+04     7.2598E-01     3.9965E+01     CD       1646

 BOND    =     6052.4897  ANGLE   =      224.6133  DIHED      =     1698.7609
 VDWAALS =    13206.6136  EEL     =  -115499.2511  HBOND      =        0.0000
 1-4 VDW =      528.5923  1-4 EEL =     8964.7423  RESTRAINT  =       86.7420
 EAMBER  =   -84823.4389


   NSTEP       ENERGY          RMS            GMAX         NAME    NUMBER
    625      -8.4758E+04     6.6523E-01     4.3088E+01     C        2424

 BOND    =     6050.4428  ANGLE   =      227.1750  DIHED      =     1699.3963
 VDWAALS =    13232.6798  EEL     =  -115547.9365  HBOND      =        0.0000
 1-4 VDW =      528.5691  1-4 EEL =     8964.8863  RESTRAINT  =       86.6210
 EAMBER  =   -84844.7871


   NSTEP       ENERGY          RMS            GMAX         NAME    NUMBER
    630      -8.4760E+04     5.8735E-01     3.2647E+01     C        2424

 BOND    =     6049.2487  ANGLE   =      226.8297  DIHED      =     1699.3402
 VDWAALS =    13232.7429  EEL     =  -115548.3046  HBOND      =        0.0000
 1-4 VDW =      528.5598  1-4 EEL =     8964.8782  RESTRAINT  =       86.6192
 EAMBER  =   -84846.7051


   NSTEP       ENERGY          RMS            GMAX         NAME    NUMBER
    635      -8.4788E+04     6.0169E-01     2.5642E+01     CD       1646

 BOND    =     6056.2982  ANGLE   =      223.4663  DIHED      =     1698.6348
 VDWAALS =    13243.8059  EEL     =  -115590.6584  HBOND      =        0.0000
 1-4 VDW =      528.8236  1-4 EEL =     8964.9909  RESTRAINT  =       86.5692
 EAMBER  =   -84874.6386


   NSTEP       ENERGY          RMS            GMAX         NAME    NUMBER
    640      -8.4815E+04     5.3950E-01     2.6933E+01     CD       1646

 BOND    =     6070.5719  ANGLE   =      224.1444  DIHED      =     1697.9310
 VDWAALS =    13269.5119  EEL     =  -115657.7116  HBOND      =        0.0000
 1-4 VDW =      528.4406  1-4 EEL =     8965.1828  RESTRAINT  =       86.6058
 EAMBER  =   -84901.9290


   NSTEP       ENERGY          RMS            GMAX         NAME    NUMBER
    645      -8.4848E+04     4.6944E-01     2.4409E+01     CB       2314

 BOND    =     6068.3021  ANGLE   =      223.0176  DIHED      =     1698.0589
 VDWAALS =    13316.5186  EEL     =  -115733.0265  HBOND      =        0.0000
 1-4 VDW =      527.9649  1-4 EEL =     8964.5858  RESTRAINT  =       86.7333
 EAMBER  =   -84934.5786


   NSTEP       ENERGY          RMS            GMAX         NAME    NUMBER
    650      -8.4873E+04     7.8057E-01     3.1546E+01     CD       1646

 BOND    =     6085.3665  ANGLE   =      230.2034  DIHED      =     1698.8588
 VDWAALS =    13369.2435  EEL     =  -115835.5244  HBOND      =        0.0000
 1-4 VDW =      528.2893  1-4 EEL =     8963.7226  RESTRAINT  =       86.8905
 EAMBER  =   -84959.8402


   NSTEP       ENERGY          RMS            GMAX         NAME    NUMBER
    655      -8.4875E+04     6.9872E-01     2.7387E+01     CB       2314

 BOND    =     6083.6903  ANGLE   =      229.6864  DIHED      =     1698.8220
 VDWAALS =    13369.0473  EEL     =  -115835.5752  HBOND      =        0.0000
 1-4 VDW =      528.2674  1-4 EEL =     8963.7607  RESTRAINT  =       86.8819
 EAMBER  =   -84962.3010


   NSTEP       ENERGY          RMS            GMAX         NAME    NUMBER
    660      -8.4911E+04     4.8469E-01     2.2186E+01     CB       2314

 BOND    =     6078.8305  ANGLE   =      223.3898  DIHED      =     1697.9974
 VDWAALS =    13366.2783  EEL     =  -115857.5254  HBOND      =        0.0000
 1-4 VDW =      527.9513  1-4 EEL =     8965.0800  RESTRAINT  =       86.6666
 EAMBER  =   -84997.9981


   NSTEP       ENERGY          RMS            GMAX         NAME    NUMBER
    665      -8.4931E+04     5.2057E-01     2.4341E+01     CD       1646

 BOND    =     6091.0539  ANGLE   =      223.9154  DIHED      =     1697.8956
 VDWAALS =    13369.6608  EEL     =  -115894.0931  HBOND      =        0.0000
 1-4 VDW =      528.4485  1-4 EEL =     8965.3616  RESTRAINT  =       86.5171
 EAMBER  =   -85017.7572


   NSTEP       ENERGY          RMS            GMAX         NAME    NUMBER
    670      -8.4963E+04     6.5108E-01     3.8342E+01     CD       1646

 BOND    =     6093.3977  ANGLE   =      223.8401  DIHED      =     1698.6360
 VDWAALS =    13398.2062  EEL     =  -115956.6710  HBOND      =        0.0000
 1-4 VDW =      528.5426  1-4 EEL =     8965.0323  RESTRAINT  =       86.3903
 EAMBER  =   -85049.0161


   NSTEP       ENERGY          RMS            GMAX         NAME    NUMBER
    675      -8.4982E+04     6.3776E-01     3.6836E+01     C        2424

 BOND    =     6092.7568  ANGLE   =      226.6962  DIHED      =     1699.2597
 VDWAALS =    13421.9646  EEL     =  -116002.1854  HBOND      =        0.0000
 1-4 VDW =      528.5372  1-4 EEL =     8965.1091  RESTRAINT  =       86.3347
 EAMBER  =   -85067.8618


   NSTEP       ENERGY          RMS            GMAX         NAME    NUMBER
    680      -8.4983E+04     5.5780E-01     2.7234E+01     C        2424

 BOND    =     6091.6856  ANGLE   =      226.3382  DIHED      =     1699.1992
 VDWAALS =    13422.0287  EEL     =  -116002.6399  HBOND      =        0.0000
 1-4 VDW =      528.5274  1-4 EEL =     8965.1007  RESTRAINT  =       86.3331
 EAMBER  =   -85069.7601


   NSTEP       ENERGY          RMS            GMAX         NAME    NUMBER
    685      -8.5007E+04     5.2664E-01     1.4319E+01     CG       2359

 BOND    =     6099.2710  ANGLE   =      222.4138  DIHED      =     1698.4808
 VDWAALS =    13430.8195  EEL     =  -116038.4612  HBOND      =        0.0000
 1-4 VDW =      528.7567  1-4 EEL =     8965.2038  RESTRAINT  =       86.3061
 EAMBER  =   -85093.5155


   NSTEP       ENERGY          RMS            GMAX         NAME    NUMBER
    690      -8.5038E+04     5.0409E-01     2.6020E+01     CD       1646

 BOND    =     6102.9035  ANGLE   =      223.2590  DIHED      =     1698.1653
 VDWAALS =    13461.7789  EEL     =  -116104.0155  HBOND      =        0.0000
 1-4 VDW =      528.1431  1-4 EEL =     8965.3026  RESTRAINT  =       86.3844
 EAMBER  =   -85124.4630


   NSTEP       ENERGY          RMS            GMAX         NAME    NUMBER
    695      -8.5061E+04     5.9964E-01     4.6209E+01     CD       1646

 BOND    =     6116.4547  ANGLE   =      223.8922  DIHED      =     1698.1481
 VDWAALS =    13495.6554  EEL     =  -116174.4624  HBOND      =        0.0000
 1-4 VDW =      528.0800  1-4 EEL =     8964.4938  RESTRAINT  =       86.5349
 EAMBER  =   -85147.7381


   NSTEP       ENERGY          RMS            GMAX         NAME    NUMBER
    700      -8.5102E+04     6.8549E-01     2.7577E+01     CB       2314

 BOND    =     6124.4888  ANGLE   =      228.5288  DIHED      =     1698.5831
 VDWAALS =    13547.0544  EEL     =  -116279.5328  HBOND      =        0.0000
 1-4 VDW =      528.2544  1-4 EEL =     8964.0251  RESTRAINT  =       86.6516
 EAMBER  =   -85188.5981


   NSTEP       ENERGY          RMS            GMAX         NAME    NUMBER
    705      -8.5104E+04     6.2085E-01     2.5397E+01     CB       2314

 BOND    =     6123.2500  ANGLE   =      228.1622  DIHED      =     1698.5600
 VDWAALS =    13546.9755  EEL     =  -116279.4986  HBOND      =        0.0000
 1-4 VDW =      528.2428  1-4 EEL =     8964.0508  RESTRAINT  =       86.6453
 EAMBER  =   -85190.2573


   NSTEP       ENERGY          RMS            GMAX         NAME    NUMBER
    710      -8.5129E+04     3.8234E-01     2.0421E+01     CB       2314

 BOND    =     6123.5747  ANGLE   =      222.0989  DIHED      =     1697.8342
 VDWAALS =    13548.7519  EEL     =  -116300.4377  HBOND      =        0.0000
 1-4 VDW =      528.1282  1-4 EEL =     8965.0279  RESTRAINT  =       86.4824
 EAMBER  =   -85215.0219


   NSTEP       ENERGY          RMS            GMAX         NAME    NUMBER
    715      -8.5142E+04     4.7174E-01     2.4395E+01     CD       1646

 BOND    =     6130.7387  ANGLE   =      223.0748  DIHED      =     1697.7884
 VDWAALS =    13554.8156  EEL     =  -116328.4487  HBOND      =        0.0000
 1-4 VDW =      528.4944  1-4 EEL =     8965.3131  RESTRAINT  =       86.3541
 EAMBER  =   -85228.2237


   NSTEP       ENERGY          RMS            GMAX         NAME    NUMBER
    720      -8.5176E+04     8.3911E-01     4.1038E+01     C        2424

 BOND    =     6142.9205  ANGLE   =      225.5854  DIHED      =     1698.8276
 VDWAALS =    13604.4682  EEL     =  -116427.8415  HBOND      =        0.0000
 1-4 VDW =      528.7380  1-4 EEL =     8965.0825  RESTRAINT  =       86.1487
 EAMBER  =   -85262.2192


   NSTEP       ENERGY          RMS            GMAX         NAME    NUMBER
    725      -8.5222E+04     9.4557E-01     4.5862E+01     C        2424

 BOND    =     6159.5053  ANGLE   =      233.9798  DIHED      =     1701.0382
 VDWAALS =    13668.0203  EEL     =  -116565.0477  HBOND      =        0.0000
 1-4 VDW =      528.9550  1-4 EEL =     8965.7795  RESTRAINT  =       85.9308
 EAMBER  =   -85307.7697


   NSTEP       ENERGY          RMS            GMAX         NAME    NUMBER
    730      -8.5224E+04     8.9253E-01     4.1838E+01     CG       2359

 BOND    =     6157.6873  ANGLE   =      233.2755  DIHED      =     1700.9016
 VDWAALS =    13667.9632  EEL     =  -116564.7876  HBOND      =        0.0000
 1-4 VDW =      528.9341  1-4 EEL =     8965.7620  RESTRAINT  =       85.9293
 EAMBER  =   -85310.2640


   NSTEP       ENERGY          RMS            GMAX         NAME    NUMBER
    735      -8.5264E+04     3.3143E-01     1.0812E+01     HZ3      2371

 BOND    =     6149.7367  ANGLE   =      222.0608  DIHED      =     1698.4245
 VDWAALS =    13670.0040  EEL     =  -116584.8619  HBOND      =        0.0000
 1-4 VDW =      528.9476  1-4 EEL =     8965.4129  RESTRAINT  =       85.8882
 EAMBER  =   -85350.2755


   NSTEP       ENERGY          RMS            GMAX         NAME    NUMBER
    740      -8.5296E+04     5.1683E-01     2.5048E+01     CD       1646

 BOND    =     6173.1486  ANGLE   =      222.9888  DIHED      =     1697.9324
 VDWAALS =    13692.5773  EEL     =  -116661.9960  HBOND      =        0.0000
 1-4 VDW =      528.6622  1-4 EEL =     8965.0018  RESTRAINT  =       85.8595
 EAMBER  =   -85381.6849


   NSTEP       ENERGY          RMS            GMAX         NAME    NUMBER
    745      -8.5315E+04     3.6727E-01     1.7929E+01     CD       1646

 BOND    =     6160.3382  ANGLE   =      221.3355  DIHED      =     1697.7602
 VDWAALS =    13715.5320  EEL     =  -116689.1785  HBOND      =        0.0000
 1-4 VDW =      528.4167  1-4 EEL =     8965.2145  RESTRAINT  =       85.8805
 EAMBER  =   -85400.5814


   NSTEP       ENERGY          RMS            GMAX         NAME    NUMBER
    750      -8.5332E+04     5.5531E-01     2.4167E+01     HE3      2367

 BOND    =     6169.3126  ANGLE   =      226.6302  DIHED      =     1698.1307
 VDWAALS =    13752.1872  EEL     =  -116757.5101  HBOND      =        0.0000
 1-4 VDW =      528.4796  1-4 EEL =     8965.1349  RESTRAINT  =       85.9113
 EAMBER  =   -85417.6350


   NSTEP       ENERGY          RMS            GMAX         NAME    NUMBER
    755      -8.5334E+04     4.7238E-01     2.2871E+01     HE3      2367

 BOND    =     6167.7596  ANGLE   =      226.1332  DIHED      =     1698.0956
 VDWAALS =    13751.9765  EEL     =  -116757.0994  HBOND      =        0.0000
 1-4 VDW =      528.4705  1-4 EEL =     8965.1477  RESTRAINT  =       85.9021
 EAMBER  =   -85419.5163


   NSTEP       ENERGY          RMS            GMAX         NAME    NUMBER
    760      -8.5355E+04     4.3105E-01     2.1066E+01     CD       1646

 BOND    =     6171.1682  ANGLE   =      222.3369  DIHED      =     1697.6420
 VDWAALS =    13753.6475  EEL     =  -116779.5748  HBOND      =        0.0000
 1-4 VDW =      528.5163  1-4 EEL =     8965.1632  RESTRAINT  =       85.7460
 EAMBER  =   -85441.1007


   NSTEP       ENERGY          RMS            GMAX         NAME    NUMBER
    765      -8.5375E+04     3.8162E-01     1.9441E+01     CD       2320

 BOND    =     6168.7921  ANGLE   =      221.1968  DIHED      =     1697.9947
 VDWAALS =    13762.4939  EEL     =  -116805.6007  HBOND      =        0.0000
 1-4 VDW =      528.8003  1-4 EEL =     8965.5318  RESTRAINT  =       85.5984
 EAMBER  =   -85460.7912


   NSTEP       ENERGY          RMS            GMAX         NAME    NUMBER
    770      -8.5394E+04     4.7361E-01     2.5418E+01     HZ3      2371

 BOND    =     6183.6167  ANGLE   =      223.8834  DIHED      =     1698.2293
 VDWAALS =    13782.7207  EEL     =  -116862.6857  HBOND      =        0.0000
 1-4 VDW =      528.7350  1-4 EEL =     8965.8409  RESTRAINT  =       85.4757
 EAMBER  =   -85479.6597


   NSTEP       ENERGY          RMS            GMAX         NAME    NUMBER
    775      -8.5442E+04     6.8328E-01     2.7714E+01     C        2424

 BOND    =     6197.4760  ANGLE   =      226.7657  DIHED      =     1699.0289
 VDWAALS =    13838.4950  EEL     =  -116983.1908  HBOND      =        0.0000
 1-4 VDW =      529.1655  1-4 EEL =     8965.4130  RESTRAINT  =       85.3043
 EAMBER  =   -85526.8469


   NSTEP       ENERGY          RMS            GMAX         NAME    NUMBER
    780      -8.5443E+04     6.1812E-01     2.6105E+01     HZ1      2369

 BOND    =     6194.8840  ANGLE   =      226.4074  DIHED      =     1698.9387
 VDWAALS =    13838.4608  EEL     =  -116981.8569  HBOND      =        0.0000
 1-4 VDW =      529.1529  1-4 EEL =     8965.4144  RESTRAINT  =       85.3037
 EAMBER  =   -85528.5988


   NSTEP       ENERGY          RMS            GMAX         NAME    NUMBER
    785      -8.5463E+04     3.4343E-01     1.8863E+01     C        2424

 BOND    =     6191.0215  ANGLE   =      221.0531  DIHED      =     1698.1375
 VDWAALS =    13843.8823  EEL     =  -116997.6846  HBOND      =        0.0000
 1-4 VDW =      528.9891  1-4 EEL =     8965.8662  RESTRAINT  =       85.2827
 EAMBER  =   -85548.7350


   NSTEP       ENERGY          RMS            GMAX         NAME    NUMBER
    790      -8.5477E+04     5.0395E-01     2.3786E+01     NZ       2368

 BOND    =     6204.3372  ANGLE   =      221.8831  DIHED      =     1698.1342
 VDWAALS =    13857.9219  EEL     =  -117039.2954  HBOND      =        0.0000
 1-4 VDW =      528.7796  1-4 EEL =     8965.9500  RESTRAINT  =       85.3030
 EAMBER  =   -85562.2893


   NSTEP       ENERGY          RMS            GMAX         NAME    NUMBER
    795      -8.5507E+04     5.3635E-01     4.9543E+01     CD       1646

 BOND    =     6218.8538  ANGLE   =      222.7613  DIHED      =     1697.5347
 VDWAALS =    13906.5677  EEL     =  -117132.5371  HBOND      =        0.0000
 1-4 VDW =      528.8603  1-4 EEL =     8965.3602  RESTRAINT  =       85.4904
 EAMBER  =   -85592.5990


   NSTEP       ENERGY          RMS            GMAX         NAME    NUMBER
    800      -8.5529E+04     8.0020E-01     5.5905E+01     CD       1646

 BOND    =     6207.1084  ANGLE   =      226.5310  DIHED      =     1697.8765
 VDWAALS =    13950.5851  EEL     =  -117190.9108  HBOND      =        0.0000
 1-4 VDW =      528.8426  1-4 EEL =     8965.1258  RESTRAINT  =       85.6080
 EAMBER  =   -85614.8413


   NSTEP       ENERGY          RMS            GMAX         NAME    NUMBER
    805      -8.5532E+04     6.7000E-01     4.1102E+01     CD       1646

 BOND    =     6206.7591  ANGLE   =      225.9277  DIHED      =     1697.8473
 VDWAALS =    13950.4736  EEL     =  -117192.8410  HBOND      =        0.0000
 1-4 VDW =      528.8174  1-4 EEL =     8965.1737  RESTRAINT  =       85.5902
 EAMBER  =   -85617.8422


   NSTEP       ENERGY          RMS            GMAX         NAME    NUMBER
    810      -8.5559E+04     4.7862E-01     2.5517E+01     C2       2430

 BOND    =     6215.1374  ANGLE   =      222.0423  DIHED      =     1697.5951
 VDWAALS =    13947.4251  EEL     =  -117220.9228  HBOND      =        0.0000
 1-4 VDW =      528.6593  1-4 EEL =     8965.7886  RESTRAINT  =       85.3175
 EAMBER  =   -85644.2751


   NSTEP       ENERGY          RMS            GMAX         NAME    NUMBER
    815      -8.5577E+04     4.6927E-01     3.3807E+01     NZ       2368

 BOND    =     6208.0687  ANGLE   =      222.6073  DIHED      =     1697.7036
 VDWAALS =    13950.0101  EEL     =  -117235.2794  HBOND      =        0.0000
 1-4 VDW =      528.9139  1-4 EEL =     8965.9520  RESTRAINT  =       85.0355
 EAMBER  =   -85662.0238


   NSTEP       ENERGY          RMS            GMAX         NAME    NUMBER
    820      -8.5596E+04     4.4412E-01     2.4440E+01     HZ2      2370

 BOND    =     6218.1769  ANGLE   =      221.6008  DIHED      =     1697.6689
 VDWAALS =    13963.7819  EEL     =  -117277.0154  HBOND      =        0.0000
 1-4 VDW =      529.1123  1-4 EEL =     8965.9814  RESTRAINT  =       84.7557
 EAMBER  =   -85680.6933


   NSTEP       ENERGY          RMS            GMAX         NAME    NUMBER
    825      -8.5610E+04     5.4780E-01     4.4663E+01     C        2424

 BOND    =     6220.1711  ANGLE   =      224.8470  DIHED      =     1698.3341
 VDWAALS =    13982.2889  EEL     =  -117315.1493  HBOND      =        0.0000
 1-4 VDW =      529.1077  1-4 EEL =     8966.0333  RESTRAINT  =       84.5600
 EAMBER  =   -85694.3672


   NSTEP       ENERGY          RMS            GMAX         NAME    NUMBER
    830      -8.5612E+04     4.6423E-01     2.9612E+01     C        2424

 BOND    =     6220.1363  ANGLE   =      224.3755  DIHED      =     1698.2602
 VDWAALS =    13982.3891  EEL     =  -117316.4947  HBOND      =        0.0000
 1-4 VDW =      529.1037  1-4 EEL =     8966.0418  RESTRAINT  =       84.5593
 EAMBER  =   -85696.1881


   NSTEP       ENERGY          RMS            GMAX         NAME    NUMBER
    835      -8.5628E+04     3.9534E-01     1.9869E+01     NZ       2368

 BOND    =     6217.7879  ANGLE   =      221.4747  DIHED      =     1697.8080
 VDWAALS =    13988.1733  EEL     =  -117332.8881  HBOND      =        0.0000
 1-4 VDW =      529.2506  1-4 EEL =     8966.0720  RESTRAINT  =       84.5253
 EAMBER  =   -85712.3217


   NSTEP       ENERGY          RMS            GMAX         NAME    NUMBER
    840      -8.5649E+04     3.9182E-01     2.0142E+01     HZ3      2371

 BOND    =     6237.3881  ANGLE   =      222.8203  DIHED      =     1697.6558
 VDWAALS =    14013.8714  EEL     =  -117400.1145  HBOND      =        0.0000
 1-4 VDW =      528.7991  1-4 EEL =     8966.0966  RESTRAINT  =       84.4955
 EAMBER  =   -85733.4832


   NSTEP       ENERGY          RMS            GMAX         NAME    NUMBER
    845      -8.5668E+04     5.3672E-01     4.6756E+01     CD       1646

 BOND    =     6233.3362  ANGLE   =      221.3789  DIHED      =     1697.3930
 VDWAALS =    14048.2088  EEL     =  -117447.5189  HBOND      =        0.0000
 1-4 VDW =      528.8387  1-4 EEL =     8965.8102  RESTRAINT  =       84.4811
 EAMBER  =   -85752.5530


   NSTEP       ENERGY          RMS            GMAX         NAME    NUMBER
    850      -8.5699E+04     6.6893E-01     5.2726E+01     CD       1646

 BOND    =     6241.3823  ANGLE   =      225.7709  DIHED      =     1697.7133
 VDWAALS =    14092.6789  EEL     =  -117535.6120  HBOND      =        0.0000
 1-4 VDW =      528.9844  1-4 EEL =     8965.6262  RESTRAINT  =       84.3335
 EAMBER  =   -85783.4560


   NSTEP       ENERGY          RMS            GMAX         NAME    NUMBER
    855      -8.5701E+04     5.9892E-01     4.2854E+01     CD       1646

 BOND    =     6241.7088  ANGLE   =      225.4495  DIHED      =     1697.6932
 VDWAALS =    14092.5731  EEL     =  -117536.9858  HBOND      =        0.0000
 1-4 VDW =      528.9710  1-4 EEL =     8965.6553  RESTRAINT  =       84.3243
 EAMBER  =   -85784.9349


   NSTEP       ENERGY          RMS            GMAX         NAME    NUMBER
    860      -8.5725E+04     5.3883E-01     2.3411E+01     CD       1646

 BOND    =     6234.8155  ANGLE   =      222.1905  DIHED      =     1697.5717
 VDWAALS =    14089.7579  EEL     =  -117548.5669  HBOND      =        0.0000
 1-4 VDW =      528.9299  1-4 EEL =     8966.2044  RESTRAINT  =       84.0579
 EAMBER  =   -85809.0968


   NSTEP       ENERGY          RMS            GMAX         NAME    NUMBER
    865      -8.5746E+04     4.9750E-01     2.0863E+01     C2       2430

 BOND    =     6260.9324  ANGLE   =      221.8564  DIHED      =     1697.5693
 VDWAALS =    14092.6320  EEL     =  -117598.1412  HBOND      =        0.0000
 1-4 VDW =      529.2730  1-4 EEL =     8966.5199  RESTRAINT  =       83.7631
 EAMBER  =   -85829.3582


   NSTEP       ENERGY          RMS            GMAX         NAME    NUMBER
    870      -8.5757E+04     3.4140E-01     2.0203E+01     C2       2430

 BOND    =     6240.3438  ANGLE   =      221.6641  DIHED      =     1697.4447
 VDWAALS =    14099.8145  EEL     =  -117595.5742  HBOND      =        0.0000
 1-4 VDW =      529.2158  1-4 EEL =     8966.2395  RESTRAINT  =       83.6234
 EAMBER  =   -85840.8518


   NSTEP       ENERGY          RMS            GMAX         NAME    NUMBER
    875      -8.5777E+04     4.5191E-01     3.0084E+01     NZ       2368

 BOND    =     6244.7366  ANGLE   =      223.7841  DIHED      =     1698.0320
 VDWAALS =    14120.1494  EEL     =  -117642.2117  HBOND      =        0.0000
 1-4 VDW =      529.1894  1-4 EEL =     8966.2090  RESTRAINT  =       83.4435
 EAMBER  =   -85860.1111


   NSTEP       ENERGY          RMS            GMAX         NAME    NUMBER
    880      -8.5778E+04     3.8071E-01     2.5291E+01     NZ       2368

 BOND    =     6247.5501  ANGLE   =      223.3632  DIHED      =     1697.9646
 VDWAALS =    14120.2672  EEL     =  -117646.1394  HBOND      =        0.0000
 1-4 VDW =      529.1807  1-4 EEL =     8966.2561  RESTRAINT  =       83.4430
 EAMBER  =   -85861.5575


   NSTEP       ENERGY          RMS            GMAX         NAME    NUMBER
    885      -8.5789E+04     3.2222E-01     1.9819E+01     NZ       2368

 BOND    =     6247.0382  ANGLE   =      220.5736  DIHED      =     1697.4576
 VDWAALS =    14125.6675  EEL     =  -117658.6967  HBOND      =        0.0000
 1-4 VDW =      529.2573  1-4 EEL =     8966.4142  RESTRAINT  =       83.4328
 EAMBER  =   -85872.2883


   NSTEP       ENERGY          RMS            GMAX         NAME    NUMBER
    890      -8.5804E+04     2.9984E-01     1.8256E+01     NZ       2368

 BOND    =     6256.0467  ANGLE   =      222.4281  DIHED      =     1697.5103
 VDWAALS =    14143.1678  EEL     =  -117701.5967  HBOND      =        0.0000
 1-4 VDW =      529.0413  1-4 EEL =     8966.3522  RESTRAINT  =       83.4264
 EAMBER  =   -85887.0503


   NSTEP       ENERGY          RMS            GMAX         NAME    NUMBER
    895      -8.5847E+04     8.0250E-01     7.8677E+01     C1       2427

 BOND    =     6279.1205  ANGLE   =      223.4889  DIHED      =     1698.1225
 VDWAALS =    14227.8708  EEL     =  -117854.5812  HBOND      =        0.0000
 1-4 VDW =      529.0061  1-4 EEL =     8966.0398  RESTRAINT  =       83.5501
 EAMBER  =   -85930.9325


   NSTEP       ENERGY          RMS            GMAX         NAME    NUMBER
    900      -8.5900E+04     6.9354E-01     3.6581E+01     C1       2427

 BOND    =     6277.3418  ANGLE   =      227.2850  DIHED      =     1698.4390
 VDWAALS =    14304.3536  EEL     =  -117986.0465  HBOND      =        0.0000
 1-4 VDW =      528.7915  1-4 EEL =     8966.0400  RESTRAINT  =       83.5723
 EAMBER  =   -85983.7956


   NSTEP       ENERGY          RMS            GMAX         NAME    NUMBER
    905      -8.5902E+04     6.4186E-01     3.2392E+01     C1       2427

 BOND    =     6278.6275  ANGLE   =      226.9556  DIHED      =     1698.4059
 VDWAALS =    14304.2115  EEL     =  -117988.5064  HBOND      =        0.0000
 1-4 VDW =      528.7911  1-4 EEL =     8966.0628  RESTRAINT  =       83.5648
 EAMBER  =   -85985.4522


   NSTEP       ENERGY          RMS            GMAX         NAME    NUMBER
    910      -8.5946E+04     5.7516E-01     2.7557E+01     CA       2354

 BOND    =     6294.0524  ANGLE   =      223.0766  DIHED      =     1698.1882
 VDWAALS =    14292.3720  EEL     =  -118031.7192  HBOND      =        0.0000
 1-4 VDW =      529.0527  1-4 EEL =     8966.3948  RESTRAINT  =       83.0686
 EAMBER  =   -86028.5824


   NSTEP       ENERGY          RMS            GMAX         NAME    NUMBER
    915      -8.5971E+04     3.8994E-01     2.3411E+01     C1       2427

 BOND    =     6280.1475  ANGLE   =      221.9027  DIHED      =     1697.4926
 VDWAALS =    14287.4184  EEL     =  -118036.1289  HBOND      =        0.0000
 1-4 VDW =      529.0839  1-4 EEL =     8966.5101  RESTRAINT  =       82.6789
 EAMBER  =   -86053.5737


   NSTEP       ENERGY          RMS            GMAX         NAME    NUMBER
    920      -8.5983E+04     2.7791E-01     1.2777E+01     O1       2428

 BOND    =     6293.4805  ANGLE   =      220.7017  DIHED      =     1697.3293
 VDWAALS =    14291.9235  EEL     =  -118064.9443  HBOND      =        0.0000
 1-4 VDW =      529.1786  1-4 EEL =     8966.8347  RESTRAINT  =       82.4956
 EAMBER  =   -86065.4960


   NSTEP       ENERGY          RMS            GMAX         NAME    NUMBER
    925      -8.5991E+04     4.1012E-01     1.9394E+01     C        2372

 BOND    =     6299.7570  ANGLE   =      221.8685  DIHED      =     1698.0078
 VDWAALS =    14303.0364  EEL     =  -118092.1944  HBOND      =        0.0000
 1-4 VDW =      529.2607  1-4 EEL =     8966.5379  RESTRAINT  =       82.3282
 EAMBER  =   -86073.7260


   NSTEP       ENERGY          RMS            GMAX         NAME    NUMBER
    930      -8.5993E+04     3.1989E-01     1.4676E+01     C        2372

 BOND    =     6298.9110  ANGLE   =      221.7056  DIHED      =     1697.9112
 VDWAALS =    14303.3053  EEL     =  -118093.0016  HBOND      =        0.0000
 1-4 VDW =      529.2412  1-4 EEL =     8966.5943  RESTRAINT  =       82.3280
 EAMBER  =   -86075.3331


   NSTEP       ENERGY          RMS            GMAX         NAME    NUMBER
    935      -8.6003E+04     3.3870E-01     1.7715E+01     C        2350

 BOND    =     6285.1201  ANGLE   =      220.6914  DIHED      =     1697.5058
 VDWAALS =    14307.6386  EEL     =  -118092.6033  HBOND      =        0.0000
 1-4 VDW =      529.2304  1-4 EEL =     8966.7734  RESTRAINT  =       82.3222
 EAMBER  =   -86085.6437


   NSTEP       ENERGY          RMS            GMAX         NAME    NUMBER
    940      -8.6020E+04     4.9952E-01     2.3053E+01     C        2372

 BOND    =     6317.1850  ANGLE   =      221.3518  DIHED      =     1697.8161
 VDWAALS =    14330.7316  EEL     =  -118164.7224  HBOND      =        0.0000
 1-4 VDW =      528.9706  1-4 EEL =     8966.6173  RESTRAINT  =       82.3130
 EAMBER  =   -86102.0501


   NSTEP       ENERGY          RMS            GMAX         NAME    NUMBER
    945      -8.6036E+04     4.8280E-01     3.6961E+01     C1       2427

 BOND    =     6286.8424  ANGLE   =      222.0112  DIHED      =     1697.6652
 VDWAALS =    14355.8225  EEL     =  -118176.0876  HBOND      =        0.0000
 1-4 VDW =      529.0383  1-4 EEL =     8966.2803  RESTRAINT  =       82.3156
 EAMBER  =   -86118.4276


   NSTEP       ENERGY          RMS            GMAX         NAME    NUMBER
    950      -8.6066E+04     5.3128E-01     3.7526E+01     C1       2427

 BOND    =     6333.9128  ANGLE   =      226.0500  DIHED      =     1697.7546
 VDWAALS =    14397.8633  EEL     =  -118299.6364  HBOND      =        0.0000
 1-4 VDW =      528.8011  1-4 EEL =     8966.6402  RESTRAINT  =       82.1395
 EAMBER  =   -86148.6144


   NSTEP       ENERGY          RMS            GMAX         NAME    NUMBER
    955      -8.6068E+04     4.7528E-01     3.0378E+01     C1       2427

 BOND    =     6331.7298  ANGLE   =      225.6515  DIHED      =     1697.7174
 VDWAALS =    14397.7501  EEL     =  -118298.5401  HBOND      =        0.0000
 1-4 VDW =      528.8095  1-4 EEL =     8966.6397  RESTRAINT  =       82.1329
 EAMBER  =   -86150.2421


   NSTEP       ENERGY          RMS            GMAX         NAME    NUMBER
    960      -8.6089E+04     5.4251E-01     4.2121E+01     CG        143

 BOND    =     6299.2732  ANGLE   =      221.1351  DIHED      =     1697.8920
 VDWAALS =    14394.9750  EEL     =  -118279.7658  HBOND      =        0.0000
 1-4 VDW =      529.1433  1-4 EEL =     8966.6001  RESTRAINT  =       81.8389
 EAMBER  =   -86170.7472


   NSTEP       ENERGY          RMS            GMAX         NAME    NUMBER
    965      -8.6100E+04     3.6042E-01     3.5746E+01     C1       2427

 BOND    =     6323.1417  ANGLE   =      221.9601  DIHED      =     1697.4926
 VDWAALS =    14395.0997  EEL     =  -118315.4766  HBOND      =        0.0000
 1-4 VDW =      529.0893  1-4 EEL =     8966.5829  RESTRAINT  =       81.6535
 EAMBER  =   -86182.1105


   NSTEP       ENERGY          RMS            GMAX         NAME    NUMBER
    970      -8.6115E+04     3.6184E-01     2.0890E+01     CD        929

 BOND    =     6310.3220  ANGLE   =      221.5149  DIHED      =     1697.5013
 VDWAALS =    14401.9494  EEL     =  -118323.4701  HBOND      =        0.0000
 1-4 VDW =      529.1663  1-4 EEL =     8966.9706  RESTRAINT  =       81.4066
 EAMBER  =   -86196.0456


   NSTEP       ENERGY          RMS            GMAX         NAME    NUMBER
    975      -8.6122E+04     3.7965E-01     2.1095E+01     CD        929

 BOND    =     6310.5263  ANGLE   =      221.5431  DIHED      =     1698.0153
 VDWAALS =    14410.0412  EEL     =  -118339.7137  HBOND      =        0.0000
 1-4 VDW =      529.2734  1-4 EEL =     8966.5043  RESTRAINT  =       81.3209
 EAMBER  =   -86203.8102


   NSTEP       ENERGY          RMS            GMAX         NAME    NUMBER
    980      -8.6124E+04     2.9318E-01     1.2463E+01     HZ2      2370

 BOND    =     6311.5075  ANGLE   =      221.4406  DIHED      =     1697.9326
 VDWAALS =    14410.2802  EEL     =  -118342.2655  HBOND      =        0.0000
 1-4 VDW =      529.2545  1-4 EEL =     8966.5790  RESTRAINT  =       81.3220
 EAMBER  =   -86205.2712


   NSTEP       ENERGY          RMS            GMAX         NAME    NUMBER
    985      -8.6133E+04     3.3107E-01     1.9173E+01     C1       2427

 BOND    =     6323.9966  ANGLE   =      220.9041  DIHED      =     1697.5337
 VDWAALS =    14414.6827  EEL     =  -118367.8731  HBOND      =        0.0000
 1-4 VDW =      529.1426  1-4 EEL =     8966.8733  RESTRAINT  =       81.3569
 EAMBER  =   -86214.7402


   NSTEP       ENERGY          RMS            GMAX         NAME    NUMBER
    990      -8.6148E+04     3.7842E-01     2.0365E+01     C2       2430

 BOND    =     6320.5418  ANGLE   =      220.8413  DIHED      =     1697.8008
 VDWAALS =    14432.3600  EEL     =  -118397.1878  HBOND      =        0.0000
 1-4 VDW =      529.0487  1-4 EEL =     8966.6253  RESTRAINT  =       81.4806
 EAMBER  =   -86229.9698


   NSTEP       ENERGY          RMS            GMAX         NAME    NUMBER
    995      -8.6161E+04     4.7708E-01     3.9669E+01     C1       2427

 BOND    =     6335.7479  ANGLE   =      221.9454  DIHED      =     1697.6244
 VDWAALS =    14453.6550  EEL     =  -118447.3870  HBOND      =        0.0000
 1-4 VDW =      529.0170  1-4 EEL =     8966.3921  RESTRAINT  =       81.6343
 EAMBER  =   -86243.0053


   NSTEP       ENERGY          RMS            GMAX         NAME    NUMBER
   1000      -8.6189E+04     4.7348E-01     3.4353E+01     C1       2427

 BOND    =     6326.0011  ANGLE   =      225.7346  DIHED      =     1697.6958
 VDWAALS =    14487.0671  EEL     =  -118502.4982  HBOND      =        0.0000
 1-4 VDW =      528.7402  1-4 EEL =     8966.6890  RESTRAINT  =       81.7696
 EAMBER  =   -86270.5703


  Maximum number of minimization cycles reached.


                    FINAL RESULTS



   NSTEP       ENERGY          RMS            GMAX         NAME    NUMBER
   1000      -8.6189E+04     4.7348E-01     3.4353E+01     C1       2427

 BOND    =     6326.0011  ANGLE   =      225.7346  DIHED      =     1697.6958
 VDWAALS =    14487.0671  EEL     =  -118502.4982  HBOND      =        0.0000
 1-4 VDW =      528.7402  1-4 EEL =     8966.6890  RESTRAINT  =       81.7696
 EAMBER  =   -86270.5703
--------------------------------------------------------------------------------
   5.  TIMINGS
--------------------------------------------------------------------------------

|  NonSetup CPU Time in Major Routines:
|
|     Routine           Sec        %
|     ------------------------------
|     Nonbond          78.41   97.15
|     Bond              0.22    0.27
|     Angle             0.28    0.35
|     Dihedral          1.45    1.80
|     Shake             0.00    0.00
|     Other             0.35    0.43
|     ------------------------------
|     Total            80.71

|  PME Nonbond Pairlist CPU Time:
|
|     Routine              Sec        %
|     ---------------------------------
|     Set Up Cit           0.02    0.02
|     Build List           1.70    2.11
|     ---------------------------------
|     Total                1.72    2.13

|  PME Direct Force CPU Time:
|
|     Routine              Sec        %
|     ---------------------------------
|     NonBonded Calc      52.76   65.37
|     Exclude Masked       1.15    1.43
|     Other                0.25    0.30
|     ---------------------------------
|     Total               54.16   67.10

|  PME Reciprocal Force CPU Time:
|
|     Routine              Sec        %
|     ---------------------------------
|     1D bspline           0.88    1.09
|     Grid Charges         2.05    2.54
|     Scalar Sum           7.95    9.85
|     Gradient Sum         2.45    3.03
|     FFT                  9.15   11.34
|     ---------------------------------
|     Total               22.48   27.85

|  Setup CPU time:            0.16 seconds
|  NonSetup CPU time:        80.71 seconds
|  Total CPU time:           80.87 seconds     0.02 hours

|  Setup wall time:           0    seconds
|  NonSetup wall time:       80    seconds
|  Total wall time:          80    seconds     0.02 hours
