
          -------------------------------------------------------
          Amber 18 PMEMD                              2018
          -------------------------------------------------------

| PMEMD implementation of SANDER, Release 18

| Run on 09/29/2019 at 21:59:52

|   Executable path: pmemd
| Working directory: /home/pbarletta/lbp/run/4xcp/mhe/m
|          Hostname: Unknown
  [-O]verwriting output

File Assignments:
|   MDIN: mmin.in                                                               
|  MDOUT: mmin.out                                                              
| INPCRD: m4xcp.rst7                                                            
|   PARM: /home/pbarletta/lbp/top_files/4xcp.prmtop                             
| RESTRT: mm4xcp.rst7                                                           
|   REFC: 4xcp.rst7                                                             
|  MDVEL: mdvel                                                                 
|   MDEN: mden                                                                  
|  MDCRD: mdcrd                                                                 
| MDINFO: mdinfo                                                                
|  MDFRC: mdfrc                                                                 


 Here is the input file:

Minimization with Cartesian restraints                                         
&cntrl                                                                         
imin=1,                                                                        
ntmin=1,                                 ! Steepest Descent, then Conjugate Gra
ncyc=200,                                ! 100 steps of Steepest Descent       
maxcyc=1000,                             ! 400 steps of Conjugate Gradient     
ntpr=5,                                                                        
&end                                                                           


Note: ig = -1. Setting random seed to   949463 based on wallclock time in 
      microseconds.
| irandom = 1, using AMBER's internal random number generator (default).
 
 
| Conditional Compilation Defines Used:
| PUBFFT
| BINTRAJ
| EMIL

| Largest sphere to fit in unit cell has radius =    28.581

| New format PARM file being parsed.
| Version =    1.000 Date = 04/14/18 Time = 19:54:59

| Note: 1-4 EEL scale factors are being read from the topology file.

| Note: 1-4 VDW scale factors are being read from the topology file.
| Duplicated    0 dihedrals

| Duplicated    0 dihedrals

--------------------------------------------------------------------------------
   1.  RESOURCE   USE: 
--------------------------------------------------------------------------------

 getting box info from netcdf restart file
 NATOM  =   22707 NTYPES =      17 NBONH =   21487 MBONA  =    1237
 NTHETH =    2916 MTHETA =    1649 NPHIH =    5625 MPHIA  =    5085
 NHPARM =       0 NPARM  =       0 NNB   =   40734 NRES   =    6902
 NBONA  =    1237 NTHETA =    1649 NPHIA =    5085 NUMBND =      64
 NUMANG =     139 NPTRA  =     166 NATYP =      37 NPHB   =       1
 IFBOX  =       2 NMXRS  =      50 IFCAP =       0 NEXTRA =       0
 NCOPY  =       0

| Coordinate Index Table dimensions:    13   13   13
| Direct force subcell size =     5.3853    5.3853    5.3853

     BOX TYPE: TRUNCATED OCTAHEDRON

--------------------------------------------------------------------------------
   2.  CONTROL  DATA  FOR  THE  RUN
--------------------------------------------------------------------------------

default_name                                                                    

General flags:
     imin    =       1, nmropt  =       0

Nature and format of input:
     ntx     =       1, irest   =       0, ntrx    =       1

Nature and format of output:
     ntxo    =       2, ntpr    =       5, ntrx    =       1, ntwr    =       1
     iwrap   =       0, ntwx    =       0, ntwv    =       0, ntwe    =       0
     ioutfm  =       1, ntwprt  =       0, idecomp =       0, rbornstat=      0

Potential function:
     ntf     =       1, ntb     =       1, igb     =       0, nsnb    =      25
     ipol    =       0, gbsa    =       0, iesp    =       0
     dielc   =   1.00000, cut     =   8.00000, intdiel =   1.00000

Frozen or restrained atoms:
     ibelly  =       0, ntr     =       0

Energy minimization:
     maxcyc  =    1000, ncyc    =     200, ntmin   =       1
     dx0     =   0.01000, drms    =   0.00010

| Intermolecular bonds treatment:
|     no_intermolecular_bonds =       1

| Energy averages sample interval:
|     ene_avg_sampling =       1

Ewald parameters:
     verbose =       0, ew_type =       0, nbflag  =       1, use_pme =       1
     vdwmeth =       1, eedmeth =       1, netfrc  =       0
     Box X =   70.009   Box Y =   70.009   Box Z =   70.009
     Alpha =  109.471   Beta  =  109.471   Gamma =  109.471
     NFFT1 =   72       NFFT2 =   72       NFFT3 =   72
     Cutoff=    8.000   Tol   =0.100E-04
     Ewald Coefficient =  0.34864
     Interpolation order =    4

--------------------------------------------------------------------------------
   3.  ATOMIC COORDINATES AND VELOCITIES
--------------------------------------------------------------------------------

default_name                                                                    
 begin time read from input coords =     0.000 ps

 
 Number of triangulated 3-point waters found:     6742

     Sum of charges from parm topology file =  -0.00100007
     Forcing neutrality...

| Dynamic Memory, Types Used:
| Reals              624709
| Integers           801429

| Nonbonded Pairs Initial Allocation:     3792636

--------------------------------------------------------------------------------
   4.  RESULTS
--------------------------------------------------------------------------------

 ---------------------------------------------------
 APPROXIMATING switch and d/dx switch using CUBIC SPLINE INTERPOLATION
 using   5000.0 points per unit in tabled values
 TESTING RELATIVE ERROR over r ranging from 0.0 to cutoff
| CHECK switch(x): max rel err =   0.2738E-14   at   2.422500
| CHECK d/dx switch(x): max rel err =   0.8332E-11   at   2.782960
 ---------------------------------------------------
|---------------------------------------------------
| APPROXIMATING direct energy using CUBIC SPLINE INTERPOLATION
|  with   50.0 points per unit in tabled values
| Relative Error Limit not exceeded for r .gt.   2.47
| APPROXIMATING direct force using CUBIC SPLINE INTERPOLATION
|  with   50.0 points per unit in tabled values
| Relative Error Limit not exceeded for r .gt.   2.89
|---------------------------------------------------


   NSTEP       ENERGY          RMS            GMAX         NAME    NUMBER
      1      -8.6271E+04     5.2032E-01     3.4353E+01     C1       2427

 BOND    =     6326.0011  ANGLE   =      225.7346  DIHED      =     1697.6958
 VDWAALS =    14487.0671  EEL     =  -118502.4982  HBOND      =        0.0000
 1-4 VDW =      528.7402  1-4 EEL =     8966.6890  RESTRAINT  =        0.0000


   NSTEP       ENERGY          RMS            GMAX         NAME    NUMBER
      5      -8.6278E+04     3.6372E-01     1.3730E+01     HE3      2367

 BOND    =     6328.5438  ANGLE   =      224.9518  DIHED      =     1697.6946
 VDWAALS =    14487.1287  EEL     =  -118509.5237  HBOND      =        0.0000
 1-4 VDW =      528.5704  1-4 EEL =     8964.9210  RESTRAINT  =        0.0000


   NSTEP       ENERGY          RMS            GMAX         NAME    NUMBER
     10      -8.6293E+04     2.7534E-01     7.5006E+00     HE2      2366

 BOND    =     6334.8583  ANGLE   =      225.0389  DIHED      =     1698.0954
 VDWAALS =    14487.3612  EEL     =  -118524.4969  HBOND      =        0.0000
 1-4 VDW =      527.8378  1-4 EEL =     8958.6887  RESTRAINT  =        0.0000


   NSTEP       ENERGY          RMS            GMAX         NAME    NUMBER
     15      -8.6321E+04     2.1368E-01     6.4403E+00     HG        427

 BOND    =     6338.0611  ANGLE   =      228.4714  DIHED      =     1698.6895
 VDWAALS =    14489.9773  EEL     =  -118547.1961  HBOND      =        0.0000
 1-4 VDW =      525.6081  1-4 EEL =     8945.3748  RESTRAINT  =        0.0000


   NSTEP       ENERGY          RMS            GMAX         NAME    NUMBER
     20      -8.6337E+04     2.2575E-01     6.0682E+00     HG        427

 BOND    =     6340.5132  ANGLE   =      230.1148  DIHED      =     1698.7220
 VDWAALS =    14493.3357  EEL     =  -118562.5557  HBOND      =        0.0000
 1-4 VDW =      523.9866  1-4 EEL =     8938.9421  RESTRAINT  =        0.0000


   NSTEP       ENERGY          RMS            GMAX         NAME    NUMBER
     25      -8.6346E+04     3.5733E-01     1.0449E+01     C1       2427

 BOND    =     6343.1805  ANGLE   =      230.8538  DIHED      =     1698.6318
 VDWAALS =    14495.9879  EEL     =  -118572.9102  HBOND      =        0.0000
 1-4 VDW =      522.9457  1-4 EEL =     8935.5466  RESTRAINT  =        0.0000


   NSTEP       ENERGY          RMS            GMAX         NAME    NUMBER
     30      -8.6354E+04     2.5154E-01     6.5485E+00     C1       2427

 BOND    =     6342.8660  ANGLE   =      231.4786  DIHED      =     1698.5152
 VDWAALS =    14498.3777  EEL     =  -118580.6389  HBOND      =        0.0000
 1-4 VDW =      522.0916  1-4 EEL =     8932.9676  RESTRAINT  =        0.0000


   NSTEP       ENERGY          RMS            GMAX         NAME    NUMBER
     35      -8.6363E+04     2.5627E-01     7.7670E+00     C1       2427

 BOND    =     6343.9630  ANGLE   =      232.0536  DIHED      =     1698.3578
 VDWAALS =    14501.0842  EEL     =  -118589.7308  HBOND      =        0.0000
 1-4 VDW =      521.1854  1-4 EEL =     8930.3665  RESTRAINT  =        0.0000


   NSTEP       ENERGY          RMS            GMAX         NAME    NUMBER
     40      -8.6371E+04     2.9525E-01     1.0451E+01     C1       2427

 BOND    =     6345.4453  ANGLE   =      232.5609  DIHED      =     1698.1748
 VDWAALS =    14503.8362  EEL     =  -118598.9803  HBOND      =        0.0000
 1-4 VDW =      520.3292  1-4 EEL =     8927.9980  RESTRAINT  =        0.0000


   NSTEP       ENERGY          RMS            GMAX         NAME    NUMBER
     45      -8.6377E+04     4.5033E-01     1.6398E+01     C1       2427

 BOND    =     6348.3621  ANGLE   =      232.9608  DIHED      =     1697.9903
 VDWAALS =    14506.3709  EEL     =  -118607.9148  HBOND      =        0.0000
 1-4 VDW =      519.5951  1-4 EEL =     8926.0004  RESTRAINT  =        0.0000


   NSTEP       ENERGY          RMS            GMAX         NAME    NUMBER
     50      -8.6384E+04     4.7021E-01     1.9986E+01     C1       2427

 BOND    =     6349.7540  ANGLE   =      233.3884  DIHED      =     1697.7739
 VDWAALS =    14509.0672  EEL     =  -118616.8962  HBOND      =        0.0000
 1-4 VDW =      518.8425  1-4 EEL =     8924.0137  RESTRAINT  =        0.0000


   NSTEP       ENERGY          RMS            GMAX         NAME    NUMBER
     55      -8.6391E+04     5.1248E-01     2.5064E+01     C1       2427

 BOND    =     6351.5003  ANGLE   =      233.7817  DIHED      =     1697.5446
 VDWAALS =    14511.7784  EEL     =  -118625.9676  HBOND      =        0.0000
 1-4 VDW =      518.1371  1-4 EEL =     8922.1748  RESTRAINT  =        0.0000


   NSTEP       ENERGY          RMS            GMAX         NAME    NUMBER
     60      -8.6398E+04     4.9475E-01     2.3530E+01     C1       2427

 BOND    =     6352.0441  ANGLE   =      234.1261  DIHED      =     1697.3337
 VDWAALS =    14514.1437  EEL     =  -118633.5134  HBOND      =        0.0000
 1-4 VDW =      517.5546  1-4 EEL =     8920.7002  RESTRAINT  =        0.0000


   NSTEP       ENERGY          RMS            GMAX         NAME    NUMBER
     65      -8.6404E+04     5.1974E-01     2.7772E+01     C1       2427

 BOND    =     6353.4580  ANGLE   =      234.4647  DIHED      =     1697.0941
 VDWAALS =    14516.7149  EEL     =  -118642.0939  HBOND      =        0.0000
 1-4 VDW =      516.9513  1-4 EEL =     8919.1653  RESTRAINT  =        0.0000


   NSTEP       ENERGY          RMS            GMAX         NAME    NUMBER
     70      -8.6411E+04     5.3364E-01     3.3120E+01     C1       2427

 BOND    =     6354.7258  ANGLE   =      234.7913  DIHED      =     1696.8419
 VDWAALS =    14519.2943  EEL     =  -118650.7095  HBOND      =        0.0000
 1-4 VDW =      516.3733  1-4 EEL =     8917.7062  RESTRAINT  =        0.0000


   NSTEP       ENERGY          RMS            GMAX         NAME    NUMBER
     75      -8.6420E+04     1.6751E-01     6.2232E+00     C1       2427

 BOND    =     6349.2513  ANGLE   =      235.2938  DIHED      =     1696.6054
 VDWAALS =    14521.5789  EEL     =  -118654.9788  HBOND      =        0.0000
 1-4 VDW =      515.8645  1-4 EEL =     8916.6426  RESTRAINT  =        0.0000


   NSTEP       ENERGY          RMS            GMAX         NAME    NUMBER
     80      -8.6423E+04     5.8477E-01     4.0556E+01     C1       2427

 BOND    =     6357.4240  ANGLE   =      235.3645  DIHED      =     1696.3516
 VDWAALS =    14524.1318  EEL     =  -118666.9223  HBOND      =        0.0000
 1-4 VDW =      515.3802  1-4 EEL =     8915.2314  RESTRAINT  =        0.0000


   NSTEP       ENERGY          RMS            GMAX         NAME    NUMBER
     85      -8.6429E+04     5.9778E-01     4.6823E+01     C1       2427

 BOND    =     6358.6080  ANGLE   =      235.6427  DIHED      =     1696.0890
 VDWAALS =    14526.6297  EEL     =  -118675.2621  HBOND      =        0.0000
 1-4 VDW =      514.9062  1-4 EEL =     8914.0548  RESTRAINT  =        0.0000


   NSTEP       ENERGY          RMS            GMAX         NAME    NUMBER
     90      -8.6436E+04     6.1592E-01     5.7415E+01     C1       2427

 BOND    =     6359.8819  ANGLE   =      235.9198  DIHED      =     1695.8135
 VDWAALS =    14529.1613  EEL     =  -118683.7855  HBOND      =        0.0000
 1-4 VDW =      514.4452  1-4 EEL =     8912.9026  RESTRAINT  =        0.0000


   NSTEP       ENERGY          RMS            GMAX         NAME    NUMBER
     95      -8.6442E+04     6.4293E-01     7.1474E+01     C1       2427

 BOND    =     6361.2130  ANGLE   =      236.1999  DIHED      =     1695.5305
 VDWAALS =    14531.7238  EEL     =  -118692.3310  HBOND      =        0.0000
 1-4 VDW =      514.0049  1-4 EEL =     8911.7975  RESTRAINT  =        0.0000


   NSTEP       ENERGY          RMS            GMAX         NAME    NUMBER
    100      -8.6452E+04     2.0143E-01     2.0494E+01     C1       2427

 BOND    =     6353.1021  ANGLE   =      236.7586  DIHED      =     1695.2543
 VDWAALS =    14534.1934  EEL     =  -118696.0143  HBOND      =        0.0000
 1-4 VDW =      513.5797  1-4 EEL =     8911.1528  RESTRAINT  =        0.0000


   NSTEP       ENERGY          RMS            GMAX         NAME    NUMBER
    105      -8.6457E+04     1.5592E-01     7.5717E+00     C1       2427

 BOND    =     6354.1324  ANGLE   =      236.8804  DIHED      =     1695.0252
 VDWAALS =    14536.2541  EEL     =  -118703.1521  HBOND      =        0.0000
 1-4 VDW =      513.2672  1-4 EEL =     8910.3583  RESTRAINT  =        0.0000


   NSTEP       ENERGY          RMS            GMAX         NAME    NUMBER
    110      -8.6463E+04     1.5435E-01     7.7105E+00     C1       2427

 BOND    =     6354.9744  ANGLE   =      237.1143  DIHED      =     1694.7434
 VDWAALS =    14538.7301  EEL     =  -118711.3507  HBOND      =        0.0000
 1-4 VDW =      512.8999  1-4 EEL =     8909.4807  RESTRAINT  =        0.0000


   NSTEP       ENERGY          RMS            GMAX         NAME    NUMBER
    115      -8.6470E+04     1.5441E-01     8.5680E+00     C1       2427

 BOND    =     6355.8100  ANGLE   =      237.3490  DIHED      =     1694.4533
 VDWAALS =    14541.2480  EEL     =  -118719.7184  HBOND      =        0.0000
 1-4 VDW =      512.5432  1-4 EEL =     8908.6326  RESTRAINT  =        0.0000


   NSTEP       ENERGY          RMS            GMAX         NAME    NUMBER
    120      -8.6476E+04     1.5781E-01     1.0928E+01     C1       2427

 BOND    =     6356.6101  ANGLE   =      237.5837  DIHED      =     1694.1613
 VDWAALS =    14543.7888  EEL     =  -118728.0709  HBOND      =        0.0000
 1-4 VDW =      512.2041  1-4 EEL =     8907.8328  RESTRAINT  =        0.0000


   NSTEP       ENERGY          RMS            GMAX         NAME    NUMBER
    125      -8.6482E+04     3.0919E-01     4.9997E+01     C1       2427

 BOND    =     6357.6813  ANGLE   =      238.0463  DIHED      =     1693.8454
 VDWAALS =    14546.5921  EEL     =  -118736.8793  HBOND      =        0.0000
 1-4 VDW =      511.8533  1-4 EEL =     8907.1114  RESTRAINT  =        0.0000


   NSTEP       ENERGY          RMS            GMAX         NAME    NUMBER
    130      -8.6488E+04     1.9276E-01     2.3566E+01     C1       2427

 BOND    =     6358.1889  ANGLE   =      238.0548  DIHED      =     1693.5833
 VDWAALS =    14548.7588  EEL     =  -118744.3289  HBOND      =        0.0000
 1-4 VDW =      511.5886  1-4 EEL =     8906.4057  RESTRAINT  =        0.0000


   NSTEP       ENERGY          RMS            GMAX         NAME    NUMBER
    135      -8.6494E+04     1.9023E-01     2.3093E+01     C1       2427

 BOND    =     6359.0279  ANGLE   =      238.2521  DIHED      =     1693.2860
 VDWAALS =    14551.2974  EEL     =  -118752.7511  HBOND      =        0.0000
 1-4 VDW =      511.2958  1-4 EEL =     8905.7078  RESTRAINT  =        0.0000


   NSTEP       ENERGY          RMS            GMAX         NAME    NUMBER
    140      -8.6500E+04     1.9673E-01     2.5038E+01     C1       2427

 BOND    =     6359.8749  ANGLE   =      238.4619  DIHED      =     1692.9820
 VDWAALS =    14553.9126  EEL     =  -118761.3526  HBOND      =        0.0000
 1-4 VDW =      511.0102  1-4 EEL =     8905.0337  RESTRAINT  =        0.0000


   NSTEP       ENERGY          RMS            GMAX         NAME    NUMBER
    145      -8.6506E+04     2.2753E-01     3.2853E+01     C1       2427

 BOND    =     6360.7783  ANGLE   =      238.6996  DIHED      =     1692.6791
 VDWAALS =    14556.5691  EEL     =  -118769.9207  HBOND      =        0.0000
 1-4 VDW =      510.7374  1-4 EEL =     8904.4055  RESTRAINT  =        0.0000


   NSTEP       ENERGY          RMS            GMAX         NAME    NUMBER
    150      -8.6511E+04     3.7978E-01     6.5117E+01     C1       2427

 BOND    =     6362.2960  ANGLE   =      239.0933  DIHED      =     1692.4061
 VDWAALS =    14559.0205  EEL     =  -118777.8669  HBOND      =        0.0000
 1-4 VDW =      510.4987  1-4 EEL =     8903.9181  RESTRAINT  =        0.0000


   NSTEP       ENERGY          RMS            GMAX         NAME    NUMBER
    155      -8.6516E+04     3.9396E-01     6.7880E+01     C1       2427

 BOND    =     6363.1718  ANGLE   =      239.2934  DIHED      =     1692.1175
 VDWAALS =    14561.5530  EEL     =  -118786.0757  HBOND      =        0.0000
 1-4 VDW =      510.2608  1-4 EEL =     8903.3583  RESTRAINT  =        0.0000


   NSTEP       ENERGY          RMS            GMAX         NAME    NUMBER
    160      -8.6522E+04     4.2340E-01     7.3578E+01     C1       2427

 BOND    =     6364.1558  ANGLE   =      239.5154  DIHED      =     1691.8283
 VDWAALS =    14564.1112  EEL     =  -118794.3531  HBOND      =        0.0000
 1-4 VDW =      510.0309  1-4 EEL =     8902.8251  RESTRAINT  =        0.0000


   NSTEP       ENERGY          RMS            GMAX         NAME    NUMBER
    165      -8.6527E+04     4.6433E-01     8.1476E+01     C1       2427

 BOND    =     6365.2199  ANGLE   =      239.7532  DIHED      =     1691.5491
 VDWAALS =    14566.6112  EEL     =  -118802.3797  HBOND      =        0.0000
 1-4 VDW =      509.8172  1-4 EEL =     8902.3330  RESTRAINT  =        0.0000


   NSTEP       ENERGY          RMS            GMAX         NAME    NUMBER
    170      -8.6532E+04     4.3887E-01     7.6713E+01     C1       2427

 BOND    =     6365.6144  ANGLE   =      239.8565  DIHED      =     1691.3061
 VDWAALS =    14568.7048  EEL     =  -118809.2048  HBOND      =        0.0000
 1-4 VDW =      509.6394  1-4 EEL =     8901.9015  RESTRAINT  =        0.0000


   NSTEP       ENERGY          RMS            GMAX         NAME    NUMBER
    175      -8.6538E+04     4.6218E-01     8.1013E+01     C1       2427

 BOND    =     6366.5466  ANGLE   =      240.0581  DIHED      =     1691.0254
 VDWAALS =    14571.2349  EEL     =  -118817.2779  HBOND      =        0.0000
 1-4 VDW =      509.4387  1-4 EEL =     8901.4329  RESTRAINT  =        0.0000


   NSTEP       ENERGY          RMS            GMAX         NAME    NUMBER
    180      -8.6543E+04     4.8068E-01     8.4124E+01     C1       2427

 BOND    =     6367.4575  ANGLE   =      240.2518  DIHED      =     1690.7401
 VDWAALS =    14573.8076  EEL     =  -118825.5343  HBOND      =        0.0000
 1-4 VDW =      509.2421  1-4 EEL =     8900.9676  RESTRAINT  =        0.0000


   NSTEP       ENERGY          RMS            GMAX         NAME    NUMBER
    185      -8.6549E+04     4.8909E-01     8.4986E+01     C1       2427

 BOND    =     6368.2806  ANGLE   =      240.4259  DIHED      =     1690.4544
 VDWAALS =    14576.4183  EEL     =  -118833.8009  HBOND      =        0.0000
 1-4 VDW =      509.0494  1-4 EEL =     8900.5138  RESTRAINT  =        0.0000


   NSTEP       ENERGY          RMS            GMAX         NAME    NUMBER
    190      -8.6556E+04     1.5115E-01     1.1188E+01     C1       2427

 BOND    =     6366.9117  ANGLE   =      240.0404  DIHED      =     1690.1864
 VDWAALS =    14578.5523  EEL     =  -118840.5203  HBOND      =        0.0000
 1-4 VDW =      508.8861  1-4 EEL =     8899.9134  RESTRAINT  =        0.0000


   NSTEP       ENERGY          RMS            GMAX         NAME    NUMBER
    195      -8.6558E+04     5.3010E-01     9.2305E+01     C1       2427

 BOND    =     6369.9963  ANGLE   =      240.7966  DIHED      =     1689.9458
 VDWAALS =    14581.1964  EEL     =  -118848.8198  HBOND      =        0.0000
 1-4 VDW =      508.7231  1-4 EEL =     8899.7481  RESTRAINT  =        0.0000


   NSTEP       ENERGY          RMS            GMAX         NAME    NUMBER
    200      -8.6564E+04     5.4860E-01     9.5075E+01     C1       2427

 BOND    =     6370.8640  ANGLE   =      240.9822  DIHED      =     1689.6802
 VDWAALS =    14583.7274  EEL     =  -118856.7602  HBOND      =        0.0000
 1-4 VDW =      508.5585  1-4 EEL =     8899.3599  RESTRAINT  =        0.0000


   NSTEP       ENERGY          RMS            GMAX         NAME    NUMBER
    205      -8.6621E+04     4.6848E-01     6.9359E+01     C1       2427

 BOND    =     6380.5148  ANGLE   =      242.1224  DIHED      =     1686.9653
 VDWAALS =    14611.5265  EEL     =  -118943.9541  HBOND      =        0.0000
 1-4 VDW =      506.7225  1-4 EEL =     8894.8682  RESTRAINT  =        0.0000


   NSTEP       ENERGY          RMS            GMAX         NAME    NUMBER
    210      -8.6478E+04     7.4930E+00     1.3750E+03     OD1      1709

 BOND    =     6513.7078  ANGLE   =      271.5398  DIHED      =     1686.3587
 VDWAALS =    15143.6189  EEL     =  -119457.1617  HBOND      =        0.0000
 1-4 VDW =      492.4324  1-4 EEL =     8871.1373  RESTRAINT  =        0.0000


   NSTEP       ENERGY          RMS            GMAX         NAME    NUMBER
    215      -8.6783E+04     5.2942E-01     5.7985E+01     OG1      1675

 BOND    =     6411.9051  ANGLE   =      258.1155  DIHED      =     1682.8344
 VDWAALS =    14759.2621  EEL     =  -119274.6055  HBOND      =        0.0000
 1-4 VDW =      498.8050  1-4 EEL =     8880.8653  RESTRAINT  =        0.0000


   NSTEP       ENERGY          RMS            GMAX         NAME    NUMBER
    220      -8.6823E+04     6.9209E-01     5.8073E+01     CG       1708

 BOND    =     6426.9335  ANGLE   =      287.4123  DIHED      =     1684.3418
 VDWAALS =    14823.1855  EEL     =  -119419.3342  HBOND      =        0.0000
 1-4 VDW =      498.6880  1-4 EEL =     8875.9597  RESTRAINT  =        0.0000


   NSTEP       ENERGY          RMS            GMAX         NAME    NUMBER
    225      -8.6879E+04     1.0430E+00     7.0536E+01     CG       1708

 BOND    =     6479.8266  ANGLE   =      284.3224  DIHED      =     1690.1296
 VDWAALS =    14989.1597  EEL     =  -119680.7477  HBOND      =        0.0000
 1-4 VDW =      494.7159  1-4 EEL =     8863.5512  RESTRAINT  =        0.0000


   NSTEP       ENERGY          RMS            GMAX         NAME    NUMBER
    230      -8.6882E+04     9.2676E-01     5.8063E+01     CG       1708

 BOND    =     6476.1754  ANGLE   =      284.0241  DIHED      =     1690.1110
 VDWAALS =    14988.9338  EEL     =  -119679.8547  HBOND      =        0.0000
 1-4 VDW =      494.6955  1-4 EEL =     8863.6191  RESTRAINT  =        0.0000


   NSTEP       ENERGY          RMS            GMAX         NAME    NUMBER
    235      -8.6929E+04     6.8953E-01     4.0598E+01     CG       1708

 BOND    =     6456.9898  ANGLE   =      290.0366  DIHED      =     1689.0029
 VDWAALS =    14960.5162  EEL     =  -119685.9478  HBOND      =        0.0000
 1-4 VDW =      494.9892  1-4 EEL =     8864.9542  RESTRAINT  =        0.0000


   NSTEP       ENERGY          RMS            GMAX         NAME    NUMBER
    240      -8.6969E+04     6.1141E-01     3.9024E+01     NZ       1760

 BOND    =     6461.5521  ANGLE   =      276.5142  DIHED      =     1687.2881
 VDWAALS =    14949.2862  EEL     =  -119703.9101  HBOND      =        0.0000
 1-4 VDW =      496.7869  1-4 EEL =     8863.8048  RESTRAINT  =        0.0000


   NSTEP       ENERGY          RMS            GMAX         NAME    NUMBER
    245      -8.6998E+04     4.0569E-01     1.9723E+01     NZ       1760

 BOND    =     6456.5893  ANGLE   =      266.6662  DIHED      =     1685.1699
 VDWAALS =    14949.1389  EEL     =  -119718.2962  HBOND      =        0.0000
 1-4 VDW =      497.2850  1-4 EEL =     8865.8626  RESTRAINT  =        0.0000


   NSTEP       ENERGY          RMS            GMAX         NAME    NUMBER
    250      -8.7019E+04     4.9426E-01     3.8823E+01     NZ       1760

 BOND    =     6458.0788  ANGLE   =      268.1235  DIHED      =     1683.3984
 VDWAALS =    14947.1621  EEL     =  -119744.8206  HBOND      =        0.0000
 1-4 VDW =      498.8285  1-4 EEL =     8870.6056  RESTRAINT  =        0.0000


   NSTEP       ENERGY          RMS            GMAX         NAME    NUMBER
    255      -8.7020E+04     3.9637E-01     2.9757E+01     NZ       1760

 BOND    =     6455.6295  ANGLE   =      267.7175  DIHED      =     1683.4073
 VDWAALS =    14947.1591  EEL     =  -119743.6857  HBOND      =        0.0000
 1-4 VDW =      498.8581  1-4 EEL =     8870.6033  RESTRAINT  =        0.0000


   NSTEP       ENERGY          RMS            GMAX         NAME    NUMBER
    260      -8.7032E+04     3.2460E-01     2.7604E+01     NZ       1760

 BOND    =     6453.0107  ANGLE   =      264.3576  DIHED      =     1683.7117
 VDWAALS =    14947.4817  EEL     =  -119750.2156  HBOND      =        0.0000
 1-4 VDW =      499.4427  1-4 EEL =     8869.9304  RESTRAINT  =        0.0000


   NSTEP       ENERGY          RMS            GMAX         NAME    NUMBER
    265      -8.7047E+04     3.2681E-01     1.4875E+01     CD       1754

 BOND    =     6454.2043  ANGLE   =      264.1645  DIHED      =     1682.0442
 VDWAALS =    14951.3766  EEL     =  -119769.8187  HBOND      =        0.0000
 1-4 VDW =      499.0001  1-4 EEL =     8871.5588  RESTRAINT  =        0.0000


   NSTEP       ENERGY          RMS            GMAX         NAME    NUMBER
    270      -8.7071E+04     6.5193E-01     4.9928E+01     NZ       1760

 BOND    =     6463.9982  ANGLE   =      259.5193  DIHED      =     1679.9168
 VDWAALS =    14969.7890  EEL     =  -119817.9227  HBOND      =        0.0000
 1-4 VDW =      499.3159  1-4 EEL =     8874.3236  RESTRAINT  =        0.0000


   NSTEP       ENERGY          RMS            GMAX         NAME    NUMBER
    275      -8.7107E+04     5.3863E-01     2.4843E+01     HZ3      1763

 BOND    =     6463.0290  ANGLE   =      264.4439  DIHED      =     1677.9438
 VDWAALS =    14988.3247  EEL     =  -119881.1086  HBOND      =        0.0000
 1-4 VDW =      501.7188  1-4 EEL =     8878.5414  RESTRAINT  =        0.0000


   NSTEP       ENERGY          RMS            GMAX         NAME    NUMBER
    280      -8.7109E+04     4.5788E-01     2.1993E+01     HZ3      1763

 BOND    =     6461.6554  ANGLE   =      264.2701  DIHED      =     1677.9219
 VDWAALS =    14988.3187  EEL     =  -119881.2646  HBOND      =        0.0000
 1-4 VDW =      501.6911  1-4 EEL =     8878.5286  RESTRAINT  =        0.0000


   NSTEP       ENERGY          RMS            GMAX         NAME    NUMBER
    285      -8.7125E+04     4.4180E-01     3.7339E+01     NZ       1760

 BOND    =     6459.3583  ANGLE   =      257.0503  DIHED      =     1677.7415
 VDWAALS =    14990.9182  EEL     =  -119889.6931  HBOND      =        0.0000
 1-4 VDW =      500.6510  1-4 EEL =     8878.6324  RESTRAINT  =        0.0000


   NSTEP       ENERGY          RMS            GMAX         NAME    NUMBER
    290      -8.7143E+04     3.3927E-01     2.7147E+01     NZ       1760

 BOND    =     6461.3968  ANGLE   =      257.0802  DIHED      =     1677.2906
 VDWAALS =    14989.5959  EEL     =  -119907.7870  HBOND      =        0.0000
 1-4 VDW =      501.3176  1-4 EEL =     8877.9021  RESTRAINT  =        0.0000


   NSTEP       ENERGY          RMS            GMAX         NAME    NUMBER
    295      -8.7152E+04     3.6743E-01     2.2272E+01     NZ       1760

 BOND    =     6460.6151  ANGLE   =      258.3913  DIHED      =     1677.5221
 VDWAALS =    14993.3892  EEL     =  -119921.4672  HBOND      =        0.0000
 1-4 VDW =      501.8745  1-4 EEL =     8877.7805  RESTRAINT  =        0.0000


   NSTEP       ENERGY          RMS            GMAX         NAME    NUMBER
    300      -8.7169E+04     4.7675E-01     2.8461E+01     NZ       1760

 BOND    =     6468.2116  ANGLE   =      260.6244  DIHED      =     1676.3733
 VDWAALS =    15006.8526  EEL     =  -119960.4693  HBOND      =        0.0000
 1-4 VDW =      500.7555  1-4 EEL =     8878.8789  RESTRAINT  =        0.0000


   NSTEP       ENERGY          RMS            GMAX         NAME    NUMBER
    305      -8.7171E+04     3.7235E-01     2.1183E+01     NZ       1760

 BOND    =     6466.9233  ANGLE   =      260.2717  DIHED      =     1676.3322
 VDWAALS =    15006.8613  EEL     =  -119960.5696  HBOND      =        0.0000
 1-4 VDW =      500.8043  1-4 EEL =     8878.8675  RESTRAINT  =        0.0000


   NSTEP       ENERGY          RMS            GMAX         NAME    NUMBER
    310      -8.7180E+04     2.8171E-01     1.9009E+01     CG        143

 BOND    =     6463.7774  ANGLE   =      257.1736  DIHED      =     1675.9535
 VDWAALS =    15006.7258  EEL     =  -119963.4962  HBOND      =        0.0000
 1-4 VDW =      501.0645  1-4 EEL =     8878.5384  RESTRAINT  =        0.0000


   NSTEP       ENERGY          RMS            GMAX         NAME    NUMBER
    315      -8.7191E+04     2.8104E-01     1.5411E+01     HZ2      1762

 BOND    =     6466.6405  ANGLE   =      258.7802  DIHED      =     1675.6786
 VDWAALS =    15011.4870  EEL     =  -119983.1634  HBOND      =        0.0000
 1-4 VDW =      500.6053  1-4 EEL =     8879.2005  RESTRAINT  =        0.0000


   NSTEP       ENERGY          RMS            GMAX         NAME    NUMBER
    320      -8.7208E+04     5.8272E-01     5.5413E+01     NZ       1760

 BOND    =     6471.8089  ANGLE   =      257.9236  DIHED      =     1675.1433
 VDWAALS =    15034.7253  EEL     =  -120027.6097  HBOND      =        0.0000
 1-4 VDW =      499.3933  1-4 EEL =     8880.2726  RESTRAINT  =        0.0000


   NSTEP       ENERGY          RMS            GMAX         NAME    NUMBER
    325      -8.7236E+04     6.4035E-01     4.9367E+01     CG        143

 BOND    =     6481.4744  ANGLE   =      267.7101  DIHED      =     1675.2030
 VDWAALS =    15061.7914  EEL     =  -120102.8862  HBOND      =        0.0000
 1-4 VDW =      499.8747  1-4 EEL =     8880.6525  RESTRAINT  =        0.0000


   NSTEP       ENERGY          RMS            GMAX         NAME    NUMBER
    330      -8.7238E+04     5.2735E-01     3.6498E+01     CG        143

 BOND    =     6479.7885  ANGLE   =      267.5593  DIHED      =     1675.1672
 VDWAALS =    15061.8187  EEL     =  -120102.9773  HBOND      =        0.0000
 1-4 VDW =      499.8738  1-4 EEL =     8880.6288  RESTRAINT  =        0.0000


   NSTEP       ENERGY          RMS            GMAX         NAME    NUMBER
    335      -8.7259E+04     4.9956E-01     2.7674E+01     CZ        342

 BOND    =     6477.4661  ANGLE   =      261.3036  DIHED      =     1674.6438
 VDWAALS =    15064.9812  EEL     =  -120117.4344  HBOND      =        0.0000
 1-4 VDW =      499.3240  1-4 EEL =     8881.1699  RESTRAINT  =        0.0000


   NSTEP       ENERGY          RMS            GMAX         NAME    NUMBER
    340      -8.7282E+04     3.7283E-01     3.1067E+01     CG       1708

 BOND    =     6478.6734  ANGLE   =      256.4524  DIHED      =     1674.3534
 VDWAALS =    15065.7267  EEL     =  -120138.2649  HBOND      =        0.0000
 1-4 VDW =      500.7668  1-4 EEL =     8880.5302  RESTRAINT  =        0.0000


   NSTEP       ENERGY          RMS            GMAX         NAME    NUMBER
    345      -8.7287E+04     3.2581E-01     2.6957E+01     OD2      1710

 BOND    =     6478.9022  ANGLE   =      257.0729  DIHED      =     1674.3256
 VDWAALS =    15068.8267  EEL     =  -120148.2413  HBOND      =        0.0000
 1-4 VDW =      501.1127  1-4 EEL =     8881.0753  RESTRAINT  =        0.0000


   NSTEP       ENERGY          RMS            GMAX         NAME    NUMBER
    350      -8.7302E+04     3.6887E-01     2.5581E+01     CG       1708

 BOND    =     6483.4393  ANGLE   =      261.1124  DIHED      =     1674.5057
 VDWAALS =    15080.7709  EEL     =  -120185.1127  HBOND      =        0.0000
 1-4 VDW =      500.7748  1-4 EEL =     8882.0712  RESTRAINT  =        0.0000


   NSTEP       ENERGY          RMS            GMAX         NAME    NUMBER
    355      -8.7304E+04     2.9408E-01     1.5849E+01     NZ       1760

 BOND    =     6482.8075  ANGLE   =      260.2986  DIHED      =     1674.4861
 VDWAALS =    15080.7715  EEL     =  -120185.1517  HBOND      =        0.0000
 1-4 VDW =      500.7807  1-4 EEL =     8882.0539  RESTRAINT  =        0.0000


   NSTEP       ENERGY          RMS            GMAX         NAME    NUMBER
    360      -8.7313E+04     2.6740E-01     1.5756E+01     OD2      1710

 BOND    =     6482.1193  ANGLE   =      255.3715  DIHED      =     1674.3743
 VDWAALS =    15082.6519  EEL     =  -120189.6993  HBOND      =        0.0000
 1-4 VDW =      500.5092  1-4 EEL =     8881.3187  RESTRAINT  =        0.0000


   NSTEP       ENERGY          RMS            GMAX         NAME    NUMBER
    365      -8.7322E+04     2.9543E-01     1.6503E+01     CG       1708

 BOND    =     6485.8908  ANGLE   =      259.3251  DIHED      =     1674.5939
 VDWAALS =    15088.8226  EEL     =  -120212.8817  HBOND      =        0.0000
 1-4 VDW =      500.2178  1-4 EEL =     8881.8944  RESTRAINT  =        0.0000


   NSTEP       ENERGY          RMS            GMAX         NAME    NUMBER
    370      -8.7341E+04     4.8839E-01     3.3882E+01     NZ       1760

 BOND    =     6490.1045  ANGLE   =      263.2843  DIHED      =     1674.7820
 VDWAALS =    15117.6211  EEL     =  -120269.2260  HBOND      =        0.0000
 1-4 VDW =      499.6441  1-4 EEL =     8882.4000  RESTRAINT  =        0.0000


   NSTEP       ENERGY          RMS            GMAX         NAME    NUMBER
    375      -8.7368E+04     3.9291E-01     1.4610E+01     HZ3      1763

 BOND    =     6499.8888  ANGLE   =      267.0103  DIHED      =     1674.7365
 VDWAALS =    15145.6373  EEL     =  -120335.5394  HBOND      =        0.0000
 1-4 VDW =      500.0390  1-4 EEL =     8880.6683  RESTRAINT  =        0.0000


   NSTEP       ENERGY          RMS            GMAX         NAME    NUMBER
    380      -8.7369E+04     3.3697E-01     1.4227E+01     HZ3      1763

 BOND    =     6498.6362  ANGLE   =      266.9152  DIHED      =     1674.7107
 VDWAALS =    15145.4861  EEL     =  -120335.5625  HBOND      =        0.0000
 1-4 VDW =      500.0182  1-4 EEL =     8880.6656  RESTRAINT  =        0.0000


   NSTEP       ENERGY          RMS            GMAX         NAME    NUMBER
    385      -8.7389E+04     4.3680E-01     3.5386E+01     NZ       1760

 BOND    =     6495.8444  ANGLE   =      262.5187  DIHED      =     1674.7057
 VDWAALS =    15145.3426  EEL     =  -120348.5578  HBOND      =        0.0000
 1-4 VDW =      499.6497  1-4 EEL =     8881.6698  RESTRAINT  =        0.0000


   NSTEP       ENERGY          RMS            GMAX         NAME    NUMBER
    390      -8.7407E+04     3.6234E-01     2.1203E+01     CB       1705

 BOND    =     6497.5327  ANGLE   =      255.6331  DIHED      =     1674.2076
 VDWAALS =    15146.3870  EEL     =  -120362.3055  HBOND      =        0.0000
 1-4 VDW =      500.4840  1-4 EEL =     8881.1134  RESTRAINT  =        0.0000


   NSTEP       ENERGY          RMS            GMAX         NAME    NUMBER
    395      -8.7414E+04     2.9659E-01     2.8007E+01     OD2      1710

 BOND    =     6498.2437  ANGLE   =      255.9554  DIHED      =     1673.8199
 VDWAALS =    15150.8231  EEL     =  -120375.6457  HBOND      =        0.0000
 1-4 VDW =      500.7160  1-4 EEL =     8882.1160  RESTRAINT  =        0.0000


   NSTEP       ENERGY          RMS            GMAX         NAME    NUMBER
    400      -8.7423E+04     2.8995E-01     1.5379E+01     CG       1708

 BOND    =     6501.7769  ANGLE   =      258.0572  DIHED      =     1673.7734
 VDWAALS =    15158.2220  EEL     =  -120397.9278  HBOND      =        0.0000
 1-4 VDW =      500.5746  1-4 EEL =     8882.8384  RESTRAINT  =        0.0000


   NSTEP       ENERGY          RMS            GMAX         NAME    NUMBER
    405      -8.7424E+04     2.0209E-01     8.2901E+00     HB       1670

 BOND    =     6500.4681  ANGLE   =      257.5130  DIHED      =     1673.7905
 VDWAALS =    15158.2537  EEL     =  -120397.3698  HBOND      =        0.0000
 1-4 VDW =      500.5725  1-4 EEL =     8882.7396  RESTRAINT  =        0.0000


   NSTEP       ENERGY          RMS            GMAX         NAME    NUMBER
    410      -8.7429E+04     2.6718E-01     1.5312E+01     OD2      1710

 BOND    =     6498.9500  ANGLE   =      255.4598  DIHED      =     1673.8551
 VDWAALS =    15159.8987  EEL     =  -120399.4766  HBOND      =        0.0000
 1-4 VDW =      500.3263  1-4 EEL =     8881.6087  RESTRAINT  =        0.0000


   NSTEP       ENERGY          RMS            GMAX         NAME    NUMBER
    415      -8.7438E+04     2.5950E-01     1.2982E+01     HB       1670

 BOND    =     6502.4205  ANGLE   =      257.9730  DIHED      =     1674.1729
 VDWAALS =    15165.8231  EEL     =  -120419.2828  HBOND      =        0.0000
 1-4 VDW =      499.8022  1-4 EEL =     8881.1853  RESTRAINT  =        0.0000


   NSTEP       ENERGY          RMS            GMAX         NAME    NUMBER
    420      -8.7459E+04     4.5626E-01     2.6291E+01     NZ       1760

 BOND    =     6507.1644  ANGLE   =      263.4921  DIHED      =     1675.0657
 VDWAALS =    15200.0667  EEL     =  -120485.0516  HBOND      =        0.0000
 1-4 VDW =      498.8421  1-4 EEL =     8881.0945  RESTRAINT  =        0.0000


   NSTEP       ENERGY          RMS            GMAX         NAME    NUMBER
    425      -8.7487E+04     6.0640E-01     4.2141E+01     CD        754

 BOND    =     6521.3622  ANGLE   =      268.1210  DIHED      =     1674.6272
 VDWAALS =    15241.3724  EEL     =  -120571.1881  HBOND      =        0.0000
 1-4 VDW =      498.9108  1-4 EEL =     8879.9067  RESTRAINT  =        0.0000


   NSTEP       ENERGY          RMS            GMAX         NAME    NUMBER
    430      -8.7489E+04     5.0241E-01     2.8914E+01     CD        754

 BOND    =     6520.3478  ANGLE   =      267.9980  DIHED      =     1674.5881
 VDWAALS =    15241.2083  EEL     =  -120571.8839  HBOND      =        0.0000
 1-4 VDW =      498.8854  1-4 EEL =     8879.9162  RESTRAINT  =        0.0000


   NSTEP       ENERGY          RMS            GMAX         NAME    NUMBER
    435      -8.7511E+04     4.3148E-01     2.7775E+01     NZ       1760

 BOND    =     6515.5046  ANGLE   =      263.8128  DIHED      =     1674.4587
 VDWAALS =    15238.2962  EEL     =  -120583.3326  HBOND      =        0.0000
 1-4 VDW =      498.8134  1-4 EEL =     8881.1110  RESTRAINT  =        0.0000


   NSTEP       ENERGY          RMS            GMAX         NAME    NUMBER
    440      -8.7530E+04     5.8164E-01     4.1589E+01     CG       1708

 BOND    =     6526.8860  ANGLE   =      255.6056  DIHED      =     1673.5652
 VDWAALS =    15239.0682  EEL     =  -120605.5670  HBOND      =        0.0000
 1-4 VDW =      500.2683  1-4 EEL =     8880.4798  RESTRAINT  =        0.0000


   NSTEP       ENERGY          RMS            GMAX         NAME    NUMBER
    445      -8.7537E+04     2.7362E-01     1.4758E+01     NZ       1760

 BOND    =     6516.0822  ANGLE   =      255.1930  DIHED      =     1672.7994
 VDWAALS =    15241.2007  EEL     =  -120604.4814  HBOND      =        0.0000
 1-4 VDW =      500.4464  1-4 EEL =     8881.2972  RESTRAINT  =        0.0000


   NSTEP       ENERGY          RMS            GMAX         NAME    NUMBER
    450      -8.7544E+04     2.2201E-01     1.1074E+01     O        8884

 BOND    =     6519.5346  ANGLE   =      256.6050  DIHED      =     1672.7700
 VDWAALS =    15247.4480  EEL     =  -120622.9689  HBOND      =        0.0000
 1-4 VDW =      500.5240  1-4 EEL =     8882.2544  RESTRAINT  =        0.0000


   NSTEP       ENERGY          RMS            GMAX         NAME    NUMBER
    455      -8.7545E+04     1.5644E-01     7.2145E+00     HB       1670

 BOND    =     6519.0500  ANGLE   =      256.3470  DIHED      =     1672.7952
 VDWAALS =    15247.5868  EEL     =  -120623.5295  HBOND      =        0.0000
 1-4 VDW =      500.4766  1-4 EEL =     8882.2214  RESTRAINT  =        0.0000


   NSTEP       ENERGY          RMS            GMAX         NAME    NUMBER
    460      -8.7550E+04     2.6208E-01     1.4440E+01     NZ       1760

 BOND    =     6520.3931  ANGLE   =      254.8984  DIHED      =     1672.9638
 VDWAALS =    15249.2779  EEL     =  -120629.2699  HBOND      =        0.0000
 1-4 VDW =      500.1469  1-4 EEL =     8881.5095  RESTRAINT  =        0.0000


   NSTEP       ENERGY          RMS            GMAX         NAME    NUMBER
    465      -8.7559E+04     2.7695E-01     1.4833E+01     HB       1670

 BOND    =     6521.9608  ANGLE   =      256.9467  DIHED      =     1673.3958
 VDWAALS =    15255.1643  EEL     =  -120647.2041  HBOND      =        0.0000
 1-4 VDW =      499.4620  1-4 EEL =     8881.4350  RESTRAINT  =        0.0000


   NSTEP       ENERGY          RMS            GMAX         NAME    NUMBER
    470      -8.7576E+04     3.7984E-01     2.4983E+01     NZ       1760

 BOND    =     6527.3053  ANGLE   =      260.4629  DIHED      =     1674.2250
 VDWAALS =    15280.6045  EEL     =  -120699.1602  HBOND      =        0.0000
 1-4 VDW =      498.4639  1-4 EEL =     8881.7385  RESTRAINT  =        0.0000


   NSTEP       ENERGY          RMS            GMAX         NAME    NUMBER
    475      -8.7598E+04     4.2136E-01     1.9977E+01     HZ3      1763

 BOND    =     6537.2541  ANGLE   =      261.4520  DIHED      =     1674.3179
 VDWAALS =    15306.6596  EEL     =  -120756.9984  HBOND      =        0.0000
 1-4 VDW =      498.5096  1-4 EEL =     8880.7688  RESTRAINT  =        0.0000


   NSTEP       ENERGY          RMS            GMAX         NAME    NUMBER
    480      -8.7600E+04     3.5809E-01     1.7437E+01     HZ3      1763

 BOND    =     6536.1452  ANGLE   =      261.3944  DIHED      =     1674.2348
 VDWAALS =    15306.6025  EEL     =  -120757.2741  HBOND      =        0.0000
 1-4 VDW =      498.4650  1-4 EEL =     8880.7826  RESTRAINT  =        0.0000


   NSTEP       ENERGY          RMS            GMAX         NAME    NUMBER
    485      -8.7614E+04     3.3789E-01     2.6246E+01     NZ       1760

 BOND    =     6533.5470  ANGLE   =      259.5160  DIHED      =     1674.1335
 VDWAALS =    15304.4195  EEL     =  -120765.7627  HBOND      =        0.0000
 1-4 VDW =      498.4446  1-4 EEL =     8881.6353  RESTRAINT  =        0.0000


   NSTEP       ENERGY          RMS            GMAX         NAME    NUMBER
    490      -8.7627E+04     5.2973E-01     3.4614E+01     CD        754

 BOND    =     6537.0987  ANGLE   =      255.0784  DIHED      =     1673.2730
 VDWAALS =    15308.1226  EEL     =  -120781.6919  HBOND      =        0.0000
 1-4 VDW =      499.8220  1-4 EEL =     8881.2623  RESTRAINT  =        0.0000


   NSTEP       ENERGY          RMS            GMAX         NAME    NUMBER
    495      -8.7633E+04     2.5084E-01     1.6051E+01     CD       1646

 BOND    =     6533.7210  ANGLE   =      255.3928  DIHED      =     1672.9209
 VDWAALS =    15310.2053  EEL     =  -120787.3967  HBOND      =        0.0000
 1-4 VDW =      500.1017  1-4 EEL =     8881.7012  RESTRAINT  =        0.0000


   NSTEP       ENERGY          RMS            GMAX         NAME    NUMBER
    500      -8.7640E+04     2.7761E-01     1.0665E+01     HB       1670

 BOND    =     6536.6678  ANGLE   =      256.7792  DIHED      =     1672.8269
 VDWAALS =    15318.1225  EEL     =  -120807.4724  HBOND      =        0.0000
 1-4 VDW =      500.6193  1-4 EEL =     8882.4894  RESTRAINT  =        0.0000


   NSTEP       ENERGY          RMS            GMAX         NAME    NUMBER
    505      -8.7641E+04     1.9927E-01     9.8981E+00     HZ1      1761

 BOND    =     6535.8998  ANGLE   =      256.4489  DIHED      =     1672.8432
 VDWAALS =    15318.0884  EEL     =  -120807.5481  HBOND      =        0.0000
 1-4 VDW =      500.5595  1-4 EEL =     8882.4330  RESTRAINT  =        0.0000


   NSTEP       ENERGY          RMS            GMAX         NAME    NUMBER
    510      -8.7647E+04     2.6871E-01     1.6302E+01     CD       1646

 BOND    =     6536.3433  ANGLE   =      254.4114  DIHED      =     1672.9803
 VDWAALS =    15318.5326  EEL     =  -120811.0821  HBOND      =        0.0000
 1-4 VDW =      500.1430  1-4 EEL =     8881.6088  RESTRAINT  =        0.0000


   NSTEP       ENERGY          RMS            GMAX         NAME    NUMBER
    515      -8.7655E+04     2.2417E-01     1.2560E+01     HB       1670

 BOND    =     6537.4763  ANGLE   =      255.9732  DIHED      =     1673.4302
 VDWAALS =    15321.4224  EEL     =  -120823.6921  HBOND      =        0.0000
 1-4 VDW =      499.3269  1-4 EEL =     8881.5210  RESTRAINT  =        0.0000


   NSTEP       ENERGY          RMS            GMAX         NAME    NUMBER
    520      -8.7664E+04     3.0574E-01     1.9727E+01     NZ       1760

 BOND    =     6540.6388  ANGLE   =      256.7511  DIHED      =     1673.9754
 VDWAALS =    15332.7916  EEL     =  -120848.7022  HBOND      =        0.0000
 1-4 VDW =      498.7077  1-4 EEL =     8881.9572  RESTRAINT  =        0.0000


   NSTEP       ENERGY          RMS            GMAX         NAME    NUMBER
    525      -8.7674E+04     3.0948E-01     1.2036E+01     CB       1705

 BOND    =     6545.4497  ANGLE   =      257.9119  DIHED      =     1674.0311
 VDWAALS =    15346.2033  EEL     =  -120878.2171  HBOND      =        0.0000
 1-4 VDW =      498.6565  1-4 EEL =     8881.6327  RESTRAINT  =        0.0000


   NSTEP       ENERGY          RMS            GMAX         NAME    NUMBER
    530      -8.7676E+04     2.4407E-01     1.0501E+01     HZ3      1763

 BOND    =     6544.5238  ANGLE   =      257.9453  DIHED      =     1673.9874
 VDWAALS =    15346.2704  EEL     =  -120878.6655  HBOND      =        0.0000
 1-4 VDW =      498.6219  1-4 EEL =     8881.6328  RESTRAINT  =        0.0000


   NSTEP       ENERGY          RMS            GMAX         NAME    NUMBER
    535      -8.7685E+04     3.1095E-01     2.4384E+01     CD        754

 BOND    =     6544.6199  ANGLE   =      256.6300  DIHED      =     1674.1433
 VDWAALS =    15346.0424  EEL     =  -120887.5760  HBOND      =        0.0000
 1-4 VDW =      498.8216  1-4 EEL =     8881.9644  RESTRAINT  =        0.0000


   NSTEP       ENERGY          RMS            GMAX         NAME    NUMBER
    540      -8.7694E+04     4.5956E-01     3.4359E+01     CD        754

 BOND    =     6548.7831  ANGLE   =      254.4668  DIHED      =     1673.5967
 VDWAALS =    15351.9257  EEL     =  -120904.5157  HBOND      =        0.0000
 1-4 VDW =      500.1514  1-4 EEL =     8881.3035  RESTRAINT  =        0.0000


   NSTEP       ENERGY          RMS            GMAX         NAME    NUMBER
    545      -8.7700E+04     2.4608E-01     1.4432E+01     CD        754

 BOND    =     6545.4131  ANGLE   =      254.5887  DIHED      =     1673.3070
 VDWAALS =    15355.4366  EEL     =  -120911.1887  HBOND      =        0.0000
 1-4 VDW =      500.4662  1-4 EEL =     8881.7924  RESTRAINT  =        0.0000


   NSTEP       ENERGY          RMS            GMAX         NAME    NUMBER
    550      -8.7708E+04     3.1058E-01     1.6245E+01     CD       1646

 BOND    =     6548.5036  ANGLE   =      256.4333  DIHED      =     1673.3578
 VDWAALS =    15364.6454  EEL     =  -120934.2476  HBOND      =        0.0000
 1-4 VDW =      501.0142  1-4 EEL =     8882.6125  RESTRAINT  =        0.0000


   NSTEP       ENERGY          RMS            GMAX         NAME    NUMBER
    555      -8.7709E+04     2.2063E-01     1.0657E+01     HZ1      1761

 BOND    =     6547.6765  ANGLE   =      256.1630  DIHED      =     1673.3746
 VDWAALS =    15364.5607  EEL     =  -120934.3222  HBOND      =        0.0000
 1-4 VDW =      500.9439  1-4 EEL =     8882.5557  RESTRAINT  =        0.0000


   NSTEP       ENERGY          RMS            GMAX         NAME    NUMBER
    560      -8.7716E+04     2.7228E-01     1.1392E+01     CB        423

 BOND    =     6548.3954  ANGLE   =      253.7924  DIHED      =     1673.4596
 VDWAALS =    15364.5524  EEL     =  -120938.1725  HBOND      =        0.0000
 1-4 VDW =      500.4276  1-4 EEL =     8881.8325  RESTRAINT  =        0.0000


   NSTEP       ENERGY          RMS            GMAX         NAME    NUMBER
    565      -8.7724E+04     2.1717E-01     9.4876E+00     HB       1670

 BOND    =     6548.7778  ANGLE   =      254.9043  DIHED      =     1673.7849
 VDWAALS =    15366.4492  EEL     =  -120949.1992  HBOND      =        0.0000
 1-4 VDW =      499.5004  1-4 EEL =     8881.9144  RESTRAINT  =        0.0000


   NSTEP       ENERGY          RMS            GMAX         NAME    NUMBER
    570      -8.7731E+04     2.7247E-01     1.7459E+01     CD        754

 BOND    =     6551.5636  ANGLE   =      255.0947  DIHED      =     1674.0282
 VDWAALS =    15372.4181  EEL     =  -120965.2137  HBOND      =        0.0000
 1-4 VDW =      499.0499  1-4 EEL =     8882.5141  RESTRAINT  =        0.0000


   NSTEP       ENERGY          RMS            GMAX         NAME    NUMBER
    575      -8.7738E+04     2.8424E-01     1.3236E+01     CB       1705

 BOND    =     6554.6032  ANGLE   =      255.3777  DIHED      =     1673.9219
 VDWAALS =    15380.4396  EEL     =  -120983.7218  HBOND      =        0.0000
 1-4 VDW =      499.0730  1-4 EEL =     8882.2408  RESTRAINT  =        0.0000


   NSTEP       ENERGY          RMS            GMAX         NAME    NUMBER
    580      -8.7739E+04     1.9861E-01     8.5201E+00     HZ2      1762

 BOND    =     6553.3264  ANGLE   =      255.4571  DIHED      =     1673.9011
 VDWAALS =    15380.6794  EEL     =  -120983.9507  HBOND      =        0.0000
 1-4 VDW =      499.0253  1-4 EEL =     8882.2053  RESTRAINT  =        0.0000


   NSTEP       ENERGY          RMS            GMAX         NAME    NUMBER
    585      -8.7744E+04     2.2465E-01     1.2378E+01     CD       1646

 BOND    =     6553.3928  ANGLE   =      254.6754  DIHED      =     1674.0366
 VDWAALS =    15381.7364  EEL     =  -120989.5698  HBOND      =        0.0000
 1-4 VDW =      499.1092  1-4 EEL =     8882.2943  RESTRAINT  =        0.0000


   NSTEP       ENERGY          RMS            GMAX         NAME    NUMBER
    590      -8.7752E+04     2.5498E-01     1.3408E+01     O       14557

 BOND    =     6555.1667  ANGLE   =      253.8793  DIHED      =     1673.9383
 VDWAALS =    15386.9613  EEL     =  -121003.8663  HBOND      =        0.0000
 1-4 VDW =      499.8860  1-4 EEL =     8881.6757  RESTRAINT  =        0.0000


   NSTEP       ENERGY          RMS            GMAX         NAME    NUMBER
    595      -8.7759E+04     3.3027E-01     2.2434E+01     CD        754

 BOND    =     6556.6278  ANGLE   =      253.8666  DIHED      =     1673.8261
 VDWAALS =    15395.6493  EEL     =  -121021.6986  HBOND      =        0.0000
 1-4 VDW =      500.7641  1-4 EEL =     8882.0290  RESTRAINT  =        0.0000


   NSTEP       ENERGY          RMS            GMAX         NAME    NUMBER
    600      -8.7770E+04     3.8058E-01     1.3520E+01     CD        754

 BOND    =     6558.9992  ANGLE   =      256.0359  DIHED      =     1673.8397
 VDWAALS =    15409.2643  EEL     =  -121052.6633  HBOND      =        0.0000
 1-4 VDW =      501.5162  1-4 EEL =     8882.9587  RESTRAINT  =        0.0000


   NSTEP       ENERGY          RMS            GMAX         NAME    NUMBER
    605      -8.7772E+04     2.5654E-01     1.0211E+01     HZ1      1761

 BOND    =     6558.4174  ANGLE   =      255.8791  DIHED      =     1673.8491
 VDWAALS =    15409.1434  EEL     =  -121053.2629  HBOND      =        0.0000
 1-4 VDW =      501.4493  1-4 EEL =     8882.9429  RESTRAINT  =        0.0000


   NSTEP       ENERGY          RMS            GMAX         NAME    NUMBER
    610      -8.7780E+04     3.1155E-01     2.6929E+01     CD        754

 BOND    =     6560.1255  ANGLE   =      253.3115  DIHED      =     1673.9983
 VDWAALS =    15408.2519  EEL     =  -121058.5384  HBOND      =        0.0000
 1-4 VDW =      500.6037  1-4 EEL =     8882.2048  RESTRAINT  =        0.0000


   NSTEP       ENERGY          RMS            GMAX         NAME    NUMBER
    615      -8.7788E+04     2.1970E-01     1.2024E+01     HB       1670

 BOND    =     6560.1854  ANGLE   =      254.7638  DIHED      =     1674.2979
 VDWAALS =    15409.6547  EEL     =  -121069.0993  HBOND      =        0.0000
 1-4 VDW =      499.4135  1-4 EEL =     8882.3326  RESTRAINT  =        0.0000


   NSTEP       ENERGY          RMS            GMAX         NAME    NUMBER
    620      -8.7794E+04     2.2003E-01     1.0601E+01     O       14557

 BOND    =     6561.6621  ANGLE   =      254.7426  DIHED      =     1674.5163
 VDWAALS =    15414.9663  EEL     =  -121081.4822  HBOND      =        0.0000
 1-4 VDW =      498.8861  1-4 EEL =     8882.9863  RESTRAINT  =        0.0000


   NSTEP       ENERGY          RMS            GMAX         NAME    NUMBER
    625      -8.7800E+04     2.7878E-01     1.4307E+01     CD       1646

 BOND    =     6565.2135  ANGLE   =      255.4263  DIHED      =     1674.5000
 VDWAALS =    15423.4504  EEL     =  -121100.1936  HBOND      =        0.0000
 1-4 VDW =      498.8677  1-4 EEL =     8882.9629  RESTRAINT  =        0.0000


   NSTEP       ENERGY          RMS            GMAX         NAME    NUMBER
    630      -8.7801E+04     1.9388E-01     7.7908E+00     HZ2      1762

 BOND    =     6564.1712  ANGLE   =      255.3488  DIHED      =     1674.4675
 VDWAALS =    15423.6182  EEL     =  -121100.4538  HBOND      =        0.0000
 1-4 VDW =      498.8379  1-4 EEL =     8882.9525  RESTRAINT  =        0.0000


   NSTEP       ENERGY          RMS            GMAX         NAME    NUMBER
    635      -8.7807E+04     2.4013E-01     1.2884E+01     CD        754

 BOND    =     6564.2989  ANGLE   =      254.9748  DIHED      =     1674.6351
 VDWAALS =    15424.3731  EEL     =  -121107.1270  HBOND      =        0.0000
 1-4 VDW =      499.0049  1-4 EEL =     8882.9969  RESTRAINT  =        0.0000


   NSTEP       ENERGY          RMS            GMAX         NAME    NUMBER
    640      -8.7814E+04     3.3517E-01     2.4944E+01     CD        754

 BOND    =     6566.9884  ANGLE   =      253.5806  DIHED      =     1674.3809
 VDWAALS =    15430.4908  EEL     =  -121122.3059  HBOND      =        0.0000
 1-4 VDW =      500.1430  1-4 EEL =     8882.2366  RESTRAINT  =        0.0000


   NSTEP       ENERGY          RMS            GMAX         NAME    NUMBER
    645      -8.7820E+04     2.6381E-01     1.6953E+01     CD        754

 BOND    =     6566.1463  ANGLE   =      253.2487  DIHED      =     1674.1214
 VDWAALS =    15435.9237  EEL     =  -121132.3267  HBOND      =        0.0000
 1-4 VDW =      500.7450  1-4 EEL =     8882.5395  RESTRAINT  =        0.0000


   NSTEP       ENERGY          RMS            GMAX         NAME    NUMBER
    650      -8.7828E+04     3.5683E-01     1.3632E+01     CA        421

 BOND    =     6569.1255  ANGLE   =      255.3473  DIHED      =     1674.1613
 VDWAALS =    15446.4018  EEL     =  -121157.3067  HBOND      =        0.0000
 1-4 VDW =      501.3513  1-4 EEL =     8883.3088  RESTRAINT  =        0.0000


   NSTEP       ENERGY          RMS            GMAX         NAME    NUMBER
    655      -8.7829E+04     2.4472E-01     1.0434E+01     HZ1      1761

 BOND    =     6568.2309  ANGLE   =      255.1219  DIHED      =     1674.1812
 VDWAALS =    15446.2984  EEL     =  -121157.4832  HBOND      =        0.0000
 1-4 VDW =      501.2727  1-4 EEL =     8883.2450  RESTRAINT  =        0.0000


   NSTEP       ENERGY          RMS            GMAX         NAME    NUMBER
    660      -8.7836E+04     2.6507E-01     1.4241E+01     CD       1646

 BOND    =     6569.0250  ANGLE   =      252.7778  DIHED      =     1674.2955
 VDWAALS =    15446.3047  EEL     =  -121161.3979  HBOND      =        0.0000
 1-4 VDW =      500.6467  1-4 EEL =     8882.6916  RESTRAINT  =        0.0000


   NSTEP       ENERGY          RMS            GMAX         NAME    NUMBER
    665      -8.7843E+04     1.9905E-01     9.4506E+00     HB       1670

 BOND    =     6569.1491  ANGLE   =      253.8904  DIHED      =     1674.5795
 VDWAALS =    15447.8292  EEL     =  -121170.4849  HBOND      =        0.0000
 1-4 VDW =      499.6837  1-4 EEL =     8882.7912  RESTRAINT  =        0.0000


   NSTEP       ENERGY          RMS            GMAX         NAME    NUMBER
    670      -8.7848E+04     2.2878E-01     1.2164E+01     O       14557

 BOND    =     6571.5501  ANGLE   =      254.0408  DIHED      =     1674.8916
 VDWAALS =    15453.1490  EEL     =  -121184.7301  HBOND      =        0.0000
 1-4 VDW =      499.1257  1-4 EEL =     8883.5416  RESTRAINT  =        0.0000


   NSTEP       ENERGY          RMS            GMAX         NAME    NUMBER
    675      -8.7855E+04     3.3019E-01     2.3028E+01     CD        754

 BOND    =     6575.2041  ANGLE   =      254.4424  DIHED      =     1674.8909
 VDWAALS =    15461.5064  EEL     =  -121203.0985  HBOND      =        0.0000
 1-4 VDW =      499.0411  1-4 EEL =     8883.3832  RESTRAINT  =        0.0000


   NSTEP       ENERGY          RMS            GMAX         NAME    NUMBER
    680      -8.7856E+04     2.1326E-01     8.8860E+00     CB       1705

 BOND    =     6573.9021  ANGLE   =      254.4523  DIHED      =     1674.8643
 VDWAALS =    15461.7409  EEL     =  -121203.3576  HBOND      =        0.0000
 1-4 VDW =      499.0059  1-4 EEL =     8883.3653  RESTRAINT  =        0.0000


   NSTEP       ENERGY          RMS            GMAX         NAME    NUMBER
    685      -8.7861E+04     2.2210E-01     1.1644E+01     O       14557

 BOND    =     6573.7152  ANGLE   =      254.0653  DIHED      =     1674.9726
 VDWAALS =    15462.3770  EEL     =  -121208.6276  HBOND      =        0.0000
 1-4 VDW =      499.1218  1-4 EEL =     8883.3397  RESTRAINT  =        0.0000


   NSTEP       ENERGY          RMS            GMAX         NAME    NUMBER
    690      -8.7868E+04     2.4446E-01     1.3799E+01     CD        754

 BOND    =     6575.1325  ANGLE   =      253.0886  DIHED      =     1674.8145
 VDWAALS =    15467.3762  EEL     =  -121221.4192  HBOND      =        0.0000
 1-4 VDW =      499.9988  1-4 EEL =     8882.5248  RESTRAINT  =        0.0000


   NSTEP       ENERGY          RMS            GMAX         NAME    NUMBER
    695      -8.7873E+04     2.7242E-01     1.6920E+01     CD       1646

 BOND    =     6575.5661  ANGLE   =      252.5971  DIHED      =     1674.6126
 VDWAALS =    15473.2607  EEL     =  -121232.6065  HBOND      =        0.0000
 1-4 VDW =      500.7930  1-4 EEL =     8882.6253  RESTRAINT  =        0.0000


   NSTEP       ENERGY          RMS            GMAX         NAME    NUMBER
    700      -8.7881E+04     4.0911E-01     1.4844E+01     CD       1646

 BOND    =     6578.8825  ANGLE   =      255.0168  DIHED      =     1674.6542
 VDWAALS =    15484.7103  EEL     =  -121259.0740  HBOND      =        0.0000
 1-4 VDW =      501.5878  1-4 EEL =     8883.2455  RESTRAINT  =        0.0000


   NSTEP       ENERGY          RMS            GMAX         NAME    NUMBER
    705      -8.7883E+04     2.8251E-01     1.0974E+01     HZ1      1761

 BOND    =     6577.8312  ANGLE   =      254.8141  DIHED      =     1674.6683
 VDWAALS =    15484.5998  EEL     =  -121259.2544  HBOND      =        0.0000
 1-4 VDW =      501.5157  1-4 EEL =     8883.2010  RESTRAINT  =        0.0000


   NSTEP       ENERGY          RMS            GMAX         NAME    NUMBER
    710      -8.7890E+04     2.7879E-01     1.9042E+01     CD       1646

 BOND    =     6578.6677  ANGLE   =      252.2426  DIHED      =     1674.7971
 VDWAALS =    15484.3206  EEL     =  -121263.1754  HBOND      =        0.0000
 1-4 VDW =      500.8075  1-4 EEL =     8882.6974  RESTRAINT  =        0.0000


   NSTEP       ENERGY          RMS            GMAX         NAME    NUMBER
    715      -8.7897E+04     2.0601E-01     1.0920E+01     HB       1670

 BOND    =     6578.6892  ANGLE   =      253.5480  DIHED      =     1675.0824
 VDWAALS =    15485.3454  EEL     =  -121271.7800  HBOND      =        0.0000
 1-4 VDW =      499.7424  1-4 EEL =     8882.7838  RESTRAINT  =        0.0000


   NSTEP       ENERGY          RMS            GMAX         NAME    NUMBER
    720      -8.7902E+04     2.1902E-01     1.1569E+01     CD        754

 BOND    =     6580.8513  ANGLE   =      253.7610  DIHED      =     1675.4291
 VDWAALS =    15490.1635  EEL     =  -121284.8482  HBOND      =        0.0000
 1-4 VDW =      499.0788  1-4 EEL =     8883.5586  RESTRAINT  =        0.0000


   NSTEP       ENERGY          RMS            GMAX         NAME    NUMBER
    725      -8.7908E+04     3.1462E-01     2.6672E+01     CD        754

 BOND    =     6584.1763  ANGLE   =      254.0926  DIHED      =     1675.4876
 VDWAALS =    15497.9114  EEL     =  -121301.7206  HBOND      =        0.0000
 1-4 VDW =      498.9247  1-4 EEL =     8883.5626  RESTRAINT  =        0.0000


   NSTEP       ENERGY          RMS            GMAX         NAME    NUMBER
    730      -8.7909E+04     2.0139E-01     7.0209E+00     H1      14558

 BOND    =     6582.9638  ANGLE   =      254.0537  DIHED      =     1675.4490
 VDWAALS =    15498.1046  EEL     =  -121301.9288  HBOND      =        0.0000
 1-4 VDW =      498.9033  1-4 EEL =     8883.5374  RESTRAINT  =        0.0000


   NSTEP       ENERGY          RMS            GMAX         NAME    NUMBER
    735      -8.7915E+04     2.3985E-01     1.2750E+01     CD        754

 BOND    =     6583.0237  ANGLE   =      254.0655  DIHED      =     1675.5701
 VDWAALS =    15498.3140  EEL     =  -121308.1054  HBOND      =        0.0000
 1-4 VDW =      499.1002  1-4 EEL =     8883.4070  RESTRAINT  =        0.0000


   NSTEP       ENERGY          RMS            GMAX         NAME    NUMBER
    740      -8.7922E+04     2.8153E-01     1.5860E+01     CB       1705

 BOND    =     6584.7135  ANGLE   =      252.4044  DIHED      =     1675.2724
 VDWAALS =    15503.2949  EEL     =  -121320.7831  HBOND      =        0.0000
 1-4 VDW =      500.2223  1-4 EEL =     8882.4012  RESTRAINT  =        0.0000


   NSTEP       ENERGY          RMS            GMAX         NAME    NUMBER
    745      -8.7927E+04     2.4692E-01     1.7372E+01     CD       1646

 BOND    =     6584.2368  ANGLE   =      252.0981  DIHED      =     1674.9555
 VDWAALS =    15507.3405  EEL     =  -121328.8027  HBOND      =        0.0000
 1-4 VDW =      500.8210  1-4 EEL =     8882.6310  RESTRAINT  =        0.0000


   NSTEP       ENERGY          RMS            GMAX         NAME    NUMBER
    750      -8.7934E+04     3.0737E-01     1.1954E+01     CA        421

 BOND    =     6586.7933  ANGLE   =      254.2001  DIHED      =     1674.9892
 VDWAALS =    15515.5666  EEL     =  -121350.0672  HBOND      =        0.0000
 1-4 VDW =      501.3965  1-4 EEL =     8883.0372  RESTRAINT  =        0.0000


   NSTEP       ENERGY          RMS            GMAX         NAME    NUMBER
    755      -8.7935E+04     2.2462E-01     1.0060E+01     HZ1      1761

 BOND    =     6586.0575  ANGLE   =      253.9778  DIHED      =     1675.0099
 VDWAALS =    15515.5051  EEL     =  -121350.2855  HBOND      =        0.0000
 1-4 VDW =      501.3098  1-4 EEL =     8882.9825  RESTRAINT  =        0.0000


   NSTEP       ENERGY          RMS            GMAX         NAME    NUMBER
    760      -8.7941E+04     2.5098E-01     1.7831E+01     CD       1646

 BOND    =     6586.7157  ANGLE   =      251.5534  DIHED      =     1675.1355
 VDWAALS =    15515.4398  EEL     =  -121353.5204  HBOND      =        0.0000
 1-4 VDW =      500.7097  1-4 EEL =     8882.5896  RESTRAINT  =        0.0000


   NSTEP       ENERGY          RMS            GMAX         NAME    NUMBER
    765      -8.7947E+04     1.8657E-01     1.0445E+01     HB       1670

 BOND    =     6586.9385  ANGLE   =      252.9126  DIHED      =     1675.4215
 VDWAALS =    15516.7541  EEL     =  -121361.9620  HBOND      =        0.0000
 1-4 VDW =      499.7575  1-4 EEL =     8882.7235  RESTRAINT  =        0.0000


   NSTEP       ENERGY          RMS            GMAX         NAME    NUMBER
    770      -8.7953E+04     2.3037E-01     1.1293E+01     CB       1705

 BOND    =     6589.1807  ANGLE   =      253.5412  DIHED      =     1675.8562
 VDWAALS =    15521.9476  EEL     =  -121376.5246  HBOND      =        0.0000
 1-4 VDW =      499.0216  1-4 EEL =     8883.5226  RESTRAINT  =        0.0000


   NSTEP       ENERGY          RMS            GMAX         NAME    NUMBER
    775      -8.7960E+04     3.1468E-01     3.3510E+01     CD        754

 BOND    =     6592.5041  ANGLE   =      253.8422  DIHED      =     1675.9524
 VDWAALS =    15529.5451  EEL     =  -121394.6021  HBOND      =        0.0000
 1-4 VDW =      498.8366  1-4 EEL =     8883.5510  RESTRAINT  =        0.0000


   NSTEP       ENERGY          RMS            GMAX         NAME    NUMBER
    780      -8.7962E+04     1.9803E-01     7.1083E+00     HB2      1706

 BOND    =     6591.4660  ANGLE   =      253.7403  DIHED      =     1675.8990
 VDWAALS =    15529.6743  EEL     =  -121394.8561  HBOND      =        0.0000
 1-4 VDW =      498.8285  1-4 EEL =     8883.5211  RESTRAINT  =        0.0000


   NSTEP       ENERGY          RMS            GMAX         NAME    NUMBER
    785      -8.7968E+04     2.4743E-01     1.4150E+01     O       14557

 BOND    =     6591.8075  ANGLE   =      253.7055  DIHED      =     1675.9865
 VDWAALS =    15529.6296  EEL     =  -121401.3294  HBOND      =        0.0000
 1-4 VDW =      499.0910  1-4 EEL =     8883.2674  RESTRAINT  =        0.0000


   NSTEP       ENERGY          RMS            GMAX         NAME    NUMBER
    790      -8.7975E+04     3.4690E-01     2.1858E+01     CB       1705

 BOND    =     6594.2491  ANGLE   =      251.8235  DIHED      =     1675.6464
 VDWAALS =    15533.8251  EEL     =  -121413.2798  HBOND      =        0.0000
 1-4 VDW =      500.3125  1-4 EEL =     8882.1960  RESTRAINT  =        0.0000


   NSTEP       ENERGY          RMS            GMAX         NAME    NUMBER
    795      -8.7980E+04     2.3158E-01     1.6863E+01     CD       1646

 BOND    =     6592.6161  ANGLE   =      251.9378  DIHED      =     1675.2532
 VDWAALS =    15536.9910  EEL     =  -121419.9697  HBOND      =        0.0000
 1-4 VDW =      500.7590  1-4 EEL =     8882.5081  RESTRAINT  =        0.0000


   NSTEP       ENERGY          RMS            GMAX         NAME    NUMBER
    800      -8.7987E+04     2.7859E-01     1.1412E+01     HB       1670

 BOND    =     6595.0649  ANGLE   =      253.6033  DIHED      =     1675.2637
 VDWAALS =    15543.6896  EEL     =  -121438.8730  HBOND      =        0.0000
 1-4 VDW =      501.2645  1-4 EEL =     8882.7829  RESTRAINT  =        0.0000


   NSTEP       ENERGY          RMS            GMAX         NAME    NUMBER
    805      -8.7988E+04     2.1386E-01     1.0051E+01     HB       1670

 BOND    =     6594.3803  ANGLE   =      253.3963  DIHED      =     1675.2891
 VDWAALS =    15543.6661  EEL     =  -121439.1144  HBOND      =        0.0000
 1-4 VDW =      501.1694  1-4 EEL =     8882.7210  RESTRAINT  =        0.0000


   NSTEP       ENERGY          RMS            GMAX         NAME    NUMBER
    810      -8.7994E+04     2.4263E-01     1.5999E+01     CD       1646

 BOND    =     6594.8660  ANGLE   =      251.2354  DIHED      =     1675.3703
 VDWAALS =    15543.5381  EEL     =  -121442.2581  HBOND      =        0.0000
 1-4 VDW =      500.6488  1-4 EEL =     8882.4204  RESTRAINT  =        0.0000


   NSTEP       ENERGY          RMS            GMAX         NAME    NUMBER
    815      -8.8000E+04     1.8889E-01     9.7302E+00     CB       1705

 BOND    =     6595.0954  ANGLE   =      252.1178  DIHED      =     1675.6168
 VDWAALS =    15545.0518  EEL     =  -121450.0878  HBOND      =        0.0000
 1-4 VDW =      499.8186  1-4 EEL =     8882.6068  RESTRAINT  =        0.0000


   NSTEP       ENERGY          RMS            GMAX         NAME    NUMBER
    820      -8.8007E+04     2.3682E-01     1.8108E+01     CB       1705

 BOND    =     6597.3510  ANGLE   =      253.1039  DIHED      =     1676.0301
 VDWAALS =    15550.1448  EEL     =  -121465.6360  HBOND      =        0.0000
 1-4 VDW =      499.0925  1-4 EEL =     8883.4027  RESTRAINT  =        0.0000


   NSTEP       ENERGY          RMS            GMAX         NAME    NUMBER
    825      -8.8015E+04     2.4140E-01     9.0126E+00     CD        754

 BOND    =     6599.8177  ANGLE   =      253.3347  DIHED      =     1676.1192
 VDWAALS =    15557.1835  EEL     =  -121483.7256  HBOND      =        0.0000
 1-4 VDW =      498.8899  1-4 EEL =     8883.2739  RESTRAINT  =        0.0000


   NSTEP       ENERGY          RMS            GMAX         NAME    NUMBER
    830      -8.8016E+04     1.7001E-01     6.3426E+00     HZ2      1762

 BOND    =     6599.2392  ANGLE   =      253.2333  DIHED      =     1676.0558
 VDWAALS =    15557.3775  EEL     =  -121484.3738  HBOND      =        0.0000
 1-4 VDW =      498.8728  1-4 EEL =     8883.2412  RESTRAINT  =        0.0000


   NSTEP       ENERGY          RMS            GMAX         NAME    NUMBER
    835      -8.8021E+04     2.3612E-01     1.5178E+01     CD        754

 BOND    =     6600.1086  ANGLE   =      252.8368  DIHED      =     1676.1188
 VDWAALS =    15557.9043  EEL     =  -121490.5079  HBOND      =        0.0000
 1-4 VDW =      499.1481  1-4 EEL =     8883.0184  RESTRAINT  =        0.0000


   NSTEP       ENERGY          RMS            GMAX         NAME    NUMBER
    840      -8.8028E+04     3.7825E-01     2.5931E+01     CB       1705

 BOND    =     6603.5872  ANGLE   =      252.0163  DIHED      =     1675.8349
 VDWAALS =    15562.0376  EEL     =  -121504.1245  HBOND      =        0.0000
 1-4 VDW =      500.3416  1-4 EEL =     8881.9677  RESTRAINT  =        0.0000


   NSTEP       ENERGY          RMS            GMAX         NAME    NUMBER
    845      -8.8033E+04     2.6081E-01     1.5646E+01     CD       1646

 BOND    =     6601.3479  ANGLE   =      251.7412  DIHED      =     1675.4919
 VDWAALS =    15565.4184  EEL     =  -121510.1448  HBOND      =        0.0000
 1-4 VDW =      500.7308  1-4 EEL =     8882.1967  RESTRAINT  =        0.0000


   NSTEP       ENERGY          RMS            GMAX         NAME    NUMBER
    850      -8.8042E+04     3.3211E-01     1.5488E+01     CB       1705

 BOND    =     6603.7932  ANGLE   =      253.2180  DIHED      =     1675.4268
 VDWAALS =    15572.3307  EEL     =  -121530.0279  HBOND      =        0.0000
 1-4 VDW =      501.1880  1-4 EEL =     8882.4434  RESTRAINT  =        0.0000


   NSTEP       ENERGY          RMS            GMAX         NAME    NUMBER
    855      -8.8043E+04     2.3291E-01     1.0453E+01     HB       1670

 BOND    =     6602.8486  ANGLE   =      253.0723  DIHED      =     1675.4558
 VDWAALS =    15572.3081  EEL     =  -121530.1932  HBOND      =        0.0000
 1-4 VDW =      501.0915  1-4 EEL =     8882.3803  RESTRAINT  =        0.0000


   NSTEP       ENERGY          RMS            GMAX         NAME    NUMBER
    860      -8.8048E+04     2.3386E-01     1.4309E+01     CD       1646

 BOND    =     6603.7256  ANGLE   =      251.2778  DIHED      =     1675.5767
 VDWAALS =    15572.5280  EEL     =  -121534.2375  HBOND      =        0.0000
 1-4 VDW =      500.5717  1-4 EEL =     8882.1830  RESTRAINT  =        0.0000


   NSTEP       ENERGY          RMS            GMAX         NAME    NUMBER
    865      -8.8053E+04     1.7413E-01     7.4516E+00     HB       1670

 BOND    =     6603.1209  ANGLE   =      251.9412  DIHED      =     1675.7612
 VDWAALS =    15573.8170  EEL     =  -121539.9366  HBOND      =        0.0000
 1-4 VDW =      499.8890  1-4 EEL =     8882.2560  RESTRAINT  =        0.0000


   NSTEP       ENERGY          RMS            GMAX         NAME    NUMBER
    870      -8.8061E+04     2.1029E-01     9.4712E+00     CD        754

 BOND    =     6606.4544  ANGLE   =      252.6395  DIHED      =     1676.2223
 VDWAALS =    15580.6286  EEL     =  -121559.1689  HBOND      =        0.0000
 1-4 VDW =      499.0457  1-4 EEL =     8883.2193  RESTRAINT  =        0.0000


   NSTEP       ENERGY          RMS            GMAX         NAME    NUMBER
    875      -8.8068E+04     4.3209E-01     3.1924E+01     CD        754

 BOND    =     6610.2313  ANGLE   =      253.7238  DIHED      =     1676.6744
 VDWAALS =    15587.7854  EEL     =  -121578.3747  HBOND      =        0.0000
 1-4 VDW =      498.9135  1-4 EEL =     8882.8004  RESTRAINT  =        0.0000


   NSTEP       ENERGY          RMS            GMAX         NAME    NUMBER
    880      -8.8070E+04     3.1207E-01     1.5976E+01     CD       1646

 BOND    =     6609.1094  ANGLE   =      253.5559  DIHED      =     1676.5762
 VDWAALS =    15588.0107  EEL     =  -121578.7954  HBOND      =        0.0000
 1-4 VDW =      498.8883  1-4 EEL =     8882.7806  RESTRAINT  =        0.0000


   NSTEP       ENERGY          RMS            GMAX         NAME    NUMBER
    885      -8.8076E+04     1.7591E-01     1.1110E+01     CD        754

 BOND    =     6608.1626  ANGLE   =      252.6095  DIHED      =     1676.1953
 VDWAALS =    15589.0374  EEL     =  -121583.4444  HBOND      =        0.0000
 1-4 VDW =      498.9626  1-4 EEL =     8882.7656  RESTRAINT  =        0.0000


   NSTEP       ENERGY          RMS            GMAX         NAME    NUMBER
    890      -8.8084E+04     2.4696E-01     1.4306E+01     CD        754

 BOND    =     6609.5027  ANGLE   =      252.3077  DIHED      =     1675.9186
 VDWAALS =    15593.3475  EEL     =  -121597.0691  HBOND      =        0.0000
 1-4 VDW =      500.1186  1-4 EEL =     8881.9496  RESTRAINT  =        0.0000


   NSTEP       ENERGY          RMS            GMAX         NAME    NUMBER
    895      -8.8087E+04     2.2098E-01     1.9472E+01     CD       1646

 BOND    =     6609.4761  ANGLE   =      251.5551  DIHED      =     1675.7288
 VDWAALS =    15596.2446  EEL     =  -121602.4009  HBOND      =        0.0000
 1-4 VDW =      500.6980  1-4 EEL =     8881.7494  RESTRAINT  =        0.0000


   NSTEP       ENERGY          RMS            GMAX         NAME    NUMBER
    900      -8.8095E+04     3.3307E-01     1.6771E+01     CB       1705

 BOND    =     6612.7545  ANGLE   =      255.0241  DIHED      =     1675.7360
 VDWAALS =    15606.8019  EEL     =  -121628.3217  HBOND      =        0.0000
 1-4 VDW =      501.4629  1-4 EEL =     8881.5571  RESTRAINT  =        0.0000


   NSTEP       ENERGY          RMS            GMAX         NAME    NUMBER
    905      -8.8096E+04     2.4346E-01     1.3609E+01     HZ1      1761

 BOND    =     6611.9495  ANGLE   =      254.6726  DIHED      =     1675.7319
 VDWAALS =    15606.7520  EEL     =  -121628.4457  HBOND      =        0.0000
 1-4 VDW =      501.3811  1-4 EEL =     8881.5367  RESTRAINT  =        0.0000


   NSTEP       ENERGY          RMS            GMAX         NAME    NUMBER
    910      -8.8104E+04     2.4117E-01     1.4563E+01     CD        754

 BOND    =     6612.7334  ANGLE   =      251.1818  DIHED      =     1675.8522
 VDWAALS =    15606.5466  EEL     =  -121633.2144  HBOND      =        0.0000
 1-4 VDW =      500.6724  1-4 EEL =     8881.7927  RESTRAINT  =        0.0000


   NSTEP       ENERGY          RMS            GMAX         NAME    NUMBER
    915      -8.8110E+04     2.2307E-01     9.6212E+00     CD        754

 BOND    =     6612.6578  ANGLE   =      252.4452  DIHED      =     1675.8954
 VDWAALS =    15608.2144  EEL     =  -121641.4567  HBOND      =        0.0000
 1-4 VDW =      499.7742  1-4 EEL =     8882.0464  RESTRAINT  =        0.0000


   NSTEP       ENERGY          RMS            GMAX         NAME    NUMBER
    920      -8.8116E+04     1.9460E-01     8.0016E+00     CD        754

 BOND    =     6614.8769  ANGLE   =      252.5478  DIHED      =     1676.1259
 VDWAALS =    15612.2018  EEL     =  -121652.9096  HBOND      =        0.0000
 1-4 VDW =      499.0941  1-4 EEL =     8882.5297  RESTRAINT  =        0.0000


   NSTEP       ENERGY          RMS            GMAX         NAME    NUMBER
    925      -8.8120E+04     2.5400E-01     1.6952E+01     CD       1646

 BOND    =     6616.3529  ANGLE   =      252.2478  DIHED      =     1676.2631
 VDWAALS =    15617.0105  EEL     =  -121663.3554  HBOND      =        0.0000
 1-4 VDW =      498.8806  1-4 EEL =     8882.6493  RESTRAINT  =        0.0000


   NSTEP       ENERGY          RMS            GMAX         NAME    NUMBER
    930      -8.8121E+04     1.4927E-01     5.0521E+00     HZ2      1762

 BOND    =     6615.4596  ANGLE   =      252.3089  DIHED      =     1676.2034
 VDWAALS =    15617.2942  EEL     =  -121663.8207  HBOND      =        0.0000
 1-4 VDW =      498.8578  1-4 EEL =     8882.5743  RESTRAINT  =        0.0000


   NSTEP       ENERGY          RMS            GMAX         NAME    NUMBER
    935      -8.8124E+04     2.0250E-01     9.8754E+00     CD        754

 BOND    =     6616.2133  ANGLE   =      252.5768  DIHED      =     1676.1248
 VDWAALS =    15618.1531  EEL     =  -121668.7616  HBOND      =        0.0000
 1-4 VDW =      499.1512  1-4 EEL =     8882.2428  RESTRAINT  =        0.0000


   NSTEP       ENERGY          RMS            GMAX         NAME    NUMBER
    940      -8.8132E+04     2.6026E-01     1.8463E+01     CD        754

 BOND    =     6617.3769  ANGLE   =      252.2468  DIHED      =     1675.9307
 VDWAALS =    15623.5842  EEL     =  -121682.3977  HBOND      =        0.0000
 1-4 VDW =      500.2273  1-4 EEL =     8881.5061  RESTRAINT  =        0.0000


   NSTEP       ENERGY          RMS            GMAX         NAME    NUMBER
    945      -8.8135E+04     2.7407E-01     1.9429E+01     CD        754

 BOND    =     6617.9190  ANGLE   =      251.3193  DIHED      =     1675.8592
 VDWAALS =    15627.9004  EEL     =  -121690.1865  HBOND      =        0.0000
 1-4 VDW =      500.7582  1-4 EEL =     8881.4073  RESTRAINT  =        0.0000


   NSTEP       ENERGY          RMS            GMAX         NAME    NUMBER
    950      -8.8145E+04     4.3005E-01     2.3433E+01     CB       1705

 BOND    =     6622.3511  ANGLE   =      255.2365  DIHED      =     1675.7960
 VDWAALS =    15640.7619  EEL     =  -121721.2322  HBOND      =        0.0000
 1-4 VDW =      501.4561  1-4 EEL =     8881.0652  RESTRAINT  =        0.0000


   NSTEP       ENERGY          RMS            GMAX         NAME    NUMBER
    955      -8.8146E+04     3.0737E-01     1.6863E+01     CB       1705

 BOND    =     6621.1350  ANGLE   =      254.9427  DIHED      =     1675.7912
 VDWAALS =    15640.7143  EEL     =  -121721.2912  HBOND      =        0.0000
 1-4 VDW =      501.3903  1-4 EEL =     8881.0496  RESTRAINT  =        0.0000


   NSTEP       ENERGY          RMS            GMAX         NAME    NUMBER
    960      -8.8155E+04     2.6883E-01     1.9411E+01     CD        754

 BOND    =     6621.5919  ANGLE   =      251.1731  DIHED      =     1675.9565
 VDWAALS =    15640.5548  EEL     =  -121725.8892  HBOND      =        0.0000
 1-4 VDW =      500.6797  1-4 EEL =     8881.4102  RESTRAINT  =        0.0000


   NSTEP       ENERGY          RMS            GMAX         NAME    NUMBER
    965      -8.8160E+04     2.1391E-01     9.1136E+00     CD        754

 BOND    =     6621.3661  ANGLE   =      252.6456  DIHED      =     1675.9303
 VDWAALS =    15642.0075  EEL     =  -121733.6231  HBOND      =        0.0000
 1-4 VDW =      499.7725  1-4 EEL =     8881.6926  RESTRAINT  =        0.0000


   NSTEP       ENERGY          RMS            GMAX         NAME    NUMBER
    970      -8.8165E+04     1.9679E-01     9.2784E+00     CD        754

 BOND    =     6623.5717  ANGLE   =      252.5464  DIHED      =     1676.1758
 VDWAALS =    15646.0797  EEL     =  -121744.7255  HBOND      =        0.0000
 1-4 VDW =      499.0469  1-4 EEL =     8882.2351  RESTRAINT  =        0.0000


   NSTEP       ENERGY          RMS            GMAX         NAME    NUMBER
    975      -8.8169E+04     2.4070E-01     1.5145E+01     CD       1646

 BOND    =     6624.7895  ANGLE   =      252.1787  DIHED      =     1676.3702
 VDWAALS =    15650.8291  EEL     =  -121754.2603  HBOND      =        0.0000
 1-4 VDW =      498.7922  1-4 EEL =     8882.4966  RESTRAINT  =        0.0000


   NSTEP       ENERGY          RMS            GMAX         NAME    NUMBER
    980      -8.8170E+04     1.4129E-01     4.7220E+00     C          21

 BOND    =     6623.8694  ANGLE   =      252.2351  DIHED      =     1676.2978
 VDWAALS =    15651.1125  EEL     =  -121754.6511  HBOND      =        0.0000
 1-4 VDW =      498.7768  1-4 EEL =     8882.4109  RESTRAINT  =        0.0000


   NSTEP       ENERGY          RMS            GMAX         NAME    NUMBER
    985      -8.8173E+04     2.1206E-01     1.1293E+01     CD        754

 BOND    =     6624.8361  ANGLE   =      252.6987  DIHED      =     1676.1712
 VDWAALS =    15651.8240  EEL     =  -121759.8705  HBOND      =        0.0000
 1-4 VDW =      499.1109  1-4 EEL =     8881.9792  RESTRAINT  =        0.0000


   NSTEP       ENERGY          RMS            GMAX         NAME    NUMBER
    990      -8.8180E+04     2.7764E-01     1.9422E+01     CD        754

 BOND    =     6625.7127  ANGLE   =      251.8916  DIHED      =     1675.9661
 VDWAALS =    15657.1774  EEL     =  -121772.3566  HBOND      =        0.0000
 1-4 VDW =      500.2804  1-4 EEL =     8881.2162  RESTRAINT  =        0.0000


   NSTEP       ENERGY          RMS            GMAX         NAME    NUMBER
    995      -8.8183E+04     2.6208E-01     2.0032E+01     CD       1646

 BOND    =     6626.1857  ANGLE   =      251.1827  DIHED      =     1675.8913
 VDWAALS =    15660.5220  EEL     =  -121778.9079  HBOND      =        0.0000
 1-4 VDW =      500.6671  1-4 EEL =     8881.2230  RESTRAINT  =        0.0000


   NSTEP       ENERGY          RMS            GMAX         NAME    NUMBER
   1000      -8.8193E+04     4.1849E-01     2.0666E+01     CB       1705

 BOND    =     6630.0128  ANGLE   =      255.5311  DIHED      =     1675.7640
 VDWAALS =    15673.1139  EEL     =  -121809.3890  HBOND      =        0.0000
 1-4 VDW =      501.3323  1-4 EEL =     8880.9851  RESTRAINT  =        0.0000


  Maximum number of minimization cycles reached.


                    FINAL RESULTS



   NSTEP       ENERGY          RMS            GMAX         NAME    NUMBER
   1000      -8.8193E+04     4.1849E-01     2.0666E+01     CB       1705

 BOND    =     6630.0128  ANGLE   =      255.5311  DIHED      =     1675.7640
 VDWAALS =    15673.1139  EEL     =  -121809.3890  HBOND      =        0.0000
 1-4 VDW =      501.3323  1-4 EEL =     8880.9851  RESTRAINT  =        0.0000
--------------------------------------------------------------------------------
   5.  TIMINGS
--------------------------------------------------------------------------------

|  NonSetup CPU Time in Major Routines:
|
|     Routine           Sec        %
|     ------------------------------
|     Nonbond          79.52   97.16
|     Bond              0.22    0.27
|     Angle             0.28    0.35
|     Dihedral          1.46    1.78
|     Shake             0.00    0.00
|     Other             0.36    0.44
|     ------------------------------
|     Total            81.84

|  PME Nonbond Pairlist CPU Time:
|
|     Routine              Sec        %
|     ---------------------------------
|     Set Up Cit           0.01    0.01
|     Build List           0.94    1.15
|     ---------------------------------
|     Total                0.95    1.16

|  PME Direct Force CPU Time:
|
|     Routine              Sec        %
|     ---------------------------------
|     NonBonded Calc      52.84   64.56
|     Exclude Masked       1.15    1.41
|     Other                0.50    0.61
|     ---------------------------------
|     Total               54.49   66.58

|  PME Reciprocal Force CPU Time:
|
|     Routine              Sec        %
|     ---------------------------------
|     1D bspline           0.92    1.12
|     Grid Charges         2.66    3.24
|     Scalar Sum           8.01    9.78
|     Gradient Sum         2.51    3.06
|     FFT                  9.95   12.15
|     ---------------------------------
|     Total               24.04   29.37

|  Setup CPU time:            0.09 seconds
|  NonSetup CPU time:        81.84 seconds
|  Total CPU time:           81.94 seconds     0.02 hours

|  Setup wall time:           0    seconds
|  NonSetup wall time:       82    seconds
|  Total wall time:          82    seconds     0.02 hours
