2W9Y_full.B99990001.pdb        470.44952     -994.51440        1.00000
2W9Y_full.B99990002.pdb        332.17123    -1131.11816        1.00000
2W9Y_full.B99990003.pdb        471.35944     -961.04791        1.00000
2W9Y_full.B99990004.pdb        327.05637    -1105.17432        1.00000
2W9Y_full.B99990005.pdb        508.41647     -890.11633        1.00000
2W9Y_full.B99990006.pdb        321.51199    -1127.15063        1.00000
2W9Y_full.B99990007.pdb        343.88055    -1146.90857        1.00000
2W9Y_full.B99990008.pdb        335.30045    -1097.71667        1.00000
2W9Y_full.B99990009.pdb        330.87360    -1058.66711        1.00000
2W9Y_full.B99990010.pdb        495.63651     -995.87732        1.00000
2W9Y_full.B99990011.pdb        332.51379    -1056.91846        1.00000
2W9Y_full.B99990012.pdb        331.90079    -1125.12817        1.00000
2W9Y_full.B99990013.pdb        336.79102    -1049.28259        1.00000
2W9Y_full.B99990014.pdb        323.81677    -1086.21448        1.00000
2W9Y_full.B99990015.pdb        323.45316    -1055.33044        1.00000
2W9Y_full.B99990016.pdb        315.78177    -1073.72180        1.00000
2W9Y_full.B99990017.pdb        508.10260     -952.99939        1.00000
2W9Y_full.B99990018.pdb        503.27936    -1035.54675        1.00000
2W9Y_full.B99990019.pdb        322.23193    -1049.64368        1.00000
2W9Y_full.B99990020.pdb        332.74582    -1164.86670        1.00000
2W9Y_full.B99990021.pdb        459.04288     -906.39264        1.00000
2W9Y_full.B99990022.pdb        374.99448    -1046.43860        1.00000
2W9Y_full.B99990023.pdb        330.39545    -1181.33264        1.00000
2W9Y_full.B99990024.pdb        503.48315    -1013.43060        1.00000
2W9Y_full.B99990025.pdb        328.73679    -1021.58704        1.00000
2W9Y_full.B99990026.pdb        504.66638     -980.55627        1.00000
2W9Y_full.B99990027.pdb        330.02573    -1051.39905        1.00000
2W9Y_full.B99990028.pdb        511.93423     -892.44952        1.00000
2W9Y_full.B99990029.pdb        321.30408    -1068.81787        1.00000
2W9Y_full.B99990030.pdb        512.37903     -947.13177        1.00000
2W9Y_full.B99990031.pdb        333.73325    -1019.00671        1.00000
2W9Y_full.B99990032.pdb        332.76758    -1076.28223        1.00000
2W9Y_full.B99990033.pdb        503.54434     -929.94586        1.00000
2W9Y_full.B99990034.pdb        325.84015    -1298.48779        1.00000
2W9Y_full.B99990035.pdb        339.79279    -1059.58606        1.00000
2W9Y_full.B99990036.pdb        519.50623     -939.33856        1.00000
2W9Y_full.B99990037.pdb        320.82724    -1049.85828        1.00000
2W9Y_full.B99990038.pdb        325.69565     -992.90271        1.00000
2W9Y_full.B99990039.pdb        330.79797    -1024.49536        1.00000
2W9Y_full.B99990040.pdb        332.58594    -1202.48950        1.00000
2W9Y_full.B99990041.pdb        340.58569    -1041.31458        1.00000
2W9Y_full.B99990042.pdb        507.43396    -1036.08142        1.00000
2W9Y_full.B99990043.pdb        596.28424     -789.49158        1.00000
2W9Y_full.B99990044.pdb        611.51898     -555.50128        1.00000
2W9Y_full.B99990045.pdb        340.24582    -1035.72803        1.00000
2W9Y_full.B99990046.pdb        508.75067     -981.92340        1.00000
2W9Y_full.B99990047.pdb        324.41699    -1032.52295        1.00000
2W9Y_full.B99990048.pdb        499.53238     -879.45789        1.00000
2W9Y_full.B99990049.pdb        345.14597    -1148.66626        1.00000
2W9Y_full.B99990050.pdb        496.38535    -1016.47162        1.00000
