
          -------------------------------------------------------
          Amber 18 PMEMD                              2018
          -------------------------------------------------------

| PMEMD implementation of SANDER, Release 18

| Run on 09/29/2019 at 22:26:09

|   Executable path: pmemd.cuda
| Working directory: /home/pbarletta/lbp/run/4xcp/mhe/e
|          Hostname: Unknown
  [-O]verwriting output

File Assignments:
|   MDIN: 17equ.in                                                              
|  MDOUT: 17equ.out                                                             
| INPCRD: 16e4xcp.rst7                                                          
|   PARM: /home/pbarletta/lbp/top_files/4xcp.prmtop                             
| RESTRT: 17e4xcp.rst7                                                          
|   REFC: 16e4xcp.rst7                                                          
|  MDVEL: mdvel                                                                 
|   MDEN: mden                                                                  
|  MDCRD: 17e4xcp.nc                                                            
| MDINFO: mdinfo                                                                
|  MDFRC: mdfrc                                                                 


 Here is the input file:

Equilibration with solute restrictions                                         
&cntrl                                                                         
imin = 0,                           ! No Minimization                          
nmropt = 0,                         ! No NMR restraints read                   
                                                                               
! Nature and format of the input                                               
ntx = 5,                            ! Coordinates but no velocities will be rea
irest = 1,                          ! Do not run a new simulation              
                                                                               
! Nature and format of the output                                              
ntxo = 1,                           ! rstrt file in ASCII format               
ntpr = 500,                         ! inf in output every ntpr steps           
ntwr = 500,                         ! rstrt file every ntwr steps              
ntwx = 500,                         ! mdcrd file every ntwx steps              
ntwv = 0,                           ! mdvel without velocities                 
ntwe = 0,                           ! Do not write energies and temperatures   
idecomp = 0,                        ! No energy decomposition                  
iwrap = 1,                          ! Coordinates of the restart and mdcrd file
                                                                               
! Frozen or restrained atoms                                                   
ibelly = 0,                         ! No frozen atoms                          
ntr=1,                              ! Harmonic potential restraints            
restraint_wt = 3.5,                ! The weight for the positional restraints  
restraintmask = ':1-131@N,CA,C,O',  ! restrained residues                      
                                                                               
! Molecular dynamics                                                           
nstlim = 50000,                     ! Number of MD-steps                       
dt = 0.002,                         ! Time step                                
                                                                               
! Temperature regulation                                                       
ntt = 3,                            ! Langevin thermostat                      
gamma_ln = 5,                       ! Gamma constant for Langevin              
temp0 = 300.0,                      ! Reference T at which the system is to be 
tempi = 300.0,                      ! Initial T                                
ig = -1,                            ! Seed for the RNG                         
                                                                               
! P and V regulation                                                           
ntp = 1,                            ! constant P                               
barostat = 1,                       ! Berendsen barostat                       
taup = 1,                           ! Pressure relaxation time                 
ntb = 2,                            ! Periodic box for constant P              
                                                                               
! SHAKE variables                                                              
ntc = 2,                            ! Bonds involving H are constrained        
ntf = 2,                            ! Bond interaction involving H are ommited.
                                                                               
cut = 10.0,                         ! Nonbonded cutoff                         
/                                                                              
&end                                                                           


Note: ig = -1. Setting random seed to   808582 based on wallclock time in 
      microseconds.
| irandom = 1, using AMBER's internal random number generator (default).
 
|--------------------- INFORMATION ----------------------
| GPU (CUDA) Version of PMEMD in use: NVIDIA GPU IN USE.
|                    Version 18.0.0
| 
|                      03/25/2018
| 
| Implementation by:
|                    Ross C. Walker     (SDSC)
|                    Scott Le Grand     (nVIDIA)
| 
| Version 18 performance extensions by:
|                    David Cerutti     (Rutgers)
| 
| Precision model in use:
|      [SPFP] - Single Precision Forces, 64-bit Fixed Point
|               Accumulation. (Default)
| 
|--------------------------------------------------------
 
|----------------- CITATION INFORMATION -----------------
|
|    When publishing work that utilized the CUDA version
|    of AMBER, please cite the following in addition to
|    the regular AMBER citations:
|
|  - Romelia Salomon-Ferrer; Andreas W. Goetz; Duncan
|    Poole; Scott Le Grand; Ross C. Walker "Routine
|    microsecond molecular dynamics simulations with
|    AMBER - Part II: Particle Mesh Ewald", J. Chem.
|    Theory Comput., 2013, 9 (9), pp3878-3888,
|    DOI: 10.1021/ct400314y.
|
|  - Andreas W. Goetz; Mark J. Williamson; Dong Xu;
|    Duncan Poole; Scott Le Grand; Ross C. Walker
|    "Routine microsecond molecular dynamics simulations
|    with AMBER - Part I: Generalized Born", J. Chem.
|    Theory Comput., 2012, 8 (5), pp1542-1555.
|
|  - Scott Le Grand; Andreas W. Goetz; Ross C. Walker
|    "SPFP: Speed without compromise - a mixed precision
|    model for GPU accelerated molecular dynamics
|    simulations.", Comp. Phys. Comm., 2013, 184
|    pp374-380, DOI: 10.1016/j.cpc.2012.09.022
|
|--------------------------------------------------------
 
|------------------- GPU DEVICE INFO --------------------
|
|            CUDA_VISIBLE_DEVICES: 0
|   CUDA Capable Devices Detected:      1
|           CUDA Device ID in use:      0
|                CUDA Device Name: GeForce GTX 1080 Ti
|     CUDA Device Global Mem Size:  11178 MB
| CUDA Device Num Multiprocessors:     28
|           CUDA Device Core Freq:   1.72 GHz
|
|--------------------------------------------------------
 
 
| Conditional Compilation Defines Used:
| PUBFFT
| BINTRAJ
| CUDA
| EMIL

| Largest sphere to fit in unit cell has radius =    27.152

| New format PARM file being parsed.
| Version =    1.000 Date = 04/14/18 Time = 19:54:59

| Note: 1-4 EEL scale factors are being read from the topology file.

| Note: 1-4 VDW scale factors are being read from the topology file.
| Duplicated    0 dihedrals

| Duplicated    0 dihedrals

--------------------------------------------------------------------------------
   1.  RESOURCE   USE: 
--------------------------------------------------------------------------------

 getting new box info from bottom of inpcrd
 NATOM  =   22707 NTYPES =      17 NBONH =   21487 MBONA  =    1237
 NTHETH =    2916 MTHETA =    1649 NPHIH =    5625 MPHIA  =    5085
 NHPARM =       0 NPARM  =       0 NNB   =   40734 NRES   =    6902
 NBONA  =    1237 NTHETA =    1649 NPHIA =    5085 NUMBND =      64
 NUMANG =     139 NPTRA  =     166 NATYP =      37 NPHB   =       1
 IFBOX  =       2 NMXRS  =      50 IFCAP =       0 NEXTRA =       0
 NCOPY  =       0

| Coordinate Index Table dimensions:    10   10   10
| Direct force subcell size =     6.6510    6.6510    6.6510

     BOX TYPE: TRUNCATED OCTAHEDRON

--------------------------------------------------------------------------------
   2.  CONTROL  DATA  FOR  THE  RUN
--------------------------------------------------------------------------------

default_name                                                                    

General flags:
     imin    =       0, nmropt  =       0

Nature and format of input:
     ntx     =       5, irest   =       1, ntrx    =       1

Nature and format of output:
     ntxo    =       1, ntpr    =     500, ntrx    =       1, ntwr    =     500
     iwrap   =       1, ntwx    =     500, ntwv    =       0, ntwe    =       0
     ioutfm  =       1, ntwprt  =       0, idecomp =       0, rbornstat=      0

Potential function:
     ntf     =       2, ntb     =       2, igb     =       0, nsnb    =      25
     ipol    =       0, gbsa    =       0, iesp    =       0
     dielc   =   1.00000, cut     =  10.00000, intdiel =   1.00000

Frozen or restrained atoms:
     ibelly  =       0, ntr     =       1
     restraint_wt =   3.50000

Molecular dynamics:
     nstlim  =     50000, nscm    =         0, nrespa  =         1
     t       =   0.00000, dt      =   0.00200, vlimit  =  -1.00000

Langevin dynamics temperature regulation:
     ig      =  808582
     temp0   = 300.00000, tempi   = 300.00000, gamma_ln=   5.00000

Pressure regulation:
     ntp     =       1
     pres0   =   1.00000, comp    =  44.60000, taup    =   1.00000

SHAKE:
     ntc     =       2, jfastw  =       0
     tol     =   0.00001

| Intermolecular bonds treatment:
|     no_intermolecular_bonds =       1

| Energy averages sample interval:
|     ene_avg_sampling =     500

Ewald parameters:
     verbose =       0, ew_type =       0, nbflag  =       1, use_pme =       1
     vdwmeth =       1, eedmeth =       1, netfrc  =       1
     Box X =   66.510   Box Y =   66.510   Box Z =   66.510
     Alpha =  109.471   Beta  =  109.471   Gamma =  109.471
     NFFT1 =   64       NFFT2 =   64       NFFT3 =   64
     Cutoff=   10.000   Tol   =0.100E-04
     Ewald Coefficient =  0.27511
     Interpolation order =    4

    LOADING THE CONSTRAINED ATOMS AS GROUPS


   5.  REFERENCE ATOM COORDINATES

  default_name                                                                    
     Mask :1-131@N,CA,C,O; matches   524 atoms

--------------------------------------------------------------------------------
   3.  ATOMIC COORDINATES AND VELOCITIES
--------------------------------------------------------------------------------

default_name                                                                    
 begin time read from input coords =  2000.000 ps

 
 Number of triangulated 3-point waters found:     6742

     Sum of charges from parm topology file =  -0.00100007
     Forcing neutrality...

| Dynamic Memory, Types Used:
| Reals             1110941
| Integers           905820

| Nonbonded Pairs Initial Allocation:     6868299

| GPU memory information (estimate):
| KB of GPU memory in use:         0
| KB of CPU memory in use:         0

--------------------------------------------------------------------------------
   4.  RESULTS
--------------------------------------------------------------------------------

wrapping first mol.:       22.15954       31.33832       54.27955
wrapping first mol.:       22.15954       31.33832       54.27955

 NSTEP =      500   TIME(PS) =    2001.000  TEMP(K) =   299.83  PRESS =  -115.8
 Etot   =    -54504.3088  EKtot   =     13892.9180  EPtot      =    -68397.2268
 BOND   =       480.5418  ANGLE   =      1193.7950  DIHED      =      1851.0326
 1-4 NB =       562.3343  1-4 EEL =      8864.8517  VDWAALS    =      8038.1550
 EELEC  =    -89468.1640  EHBOND  =         0.0000  RESTRAINT  =        80.2269
 EAMBER (non-restraint)  =    -68477.4537
 EKCMT  =      6129.7174  VIRIAL  =      6695.1160  VOLUME     =    226166.5130
                                                    Density    =         1.0196
 ------------------------------------------------------------------------------

wrapping first mol.:       22.16302       31.34325       54.28809
wrapping first mol.:       22.16302       31.34325       54.28809

 NSTEP =     1000   TIME(PS) =    2002.000  TEMP(K) =   301.71  PRESS =     2.2
 Etot   =    -54320.6865  EKtot   =     13979.9229  EPtot      =    -68300.6093
 BOND   =       461.4061  ANGLE   =      1222.1355  DIHED      =      1863.9294
 1-4 NB =       573.4005  1-4 EEL =      8870.3113  VDWAALS    =      8049.1113
 EELEC  =    -89417.8642  EHBOND  =         0.0000  RESTRAINT  =        76.9610
 EAMBER (non-restraint)  =    -68377.5703
 EKCMT  =      6052.8124  VIRIAL  =      6041.8693  VOLUME     =    226270.8749
                                                    Density    =         1.0191
 ------------------------------------------------------------------------------

wrapping first mol.:       22.16588       31.34729       54.29510
wrapping first mol.:       22.16588       31.34729       54.29510

 NSTEP =     1500   TIME(PS) =    2003.000  TEMP(K) =   298.36  PRESS =   -75.0
 Etot   =    -54565.1485  EKtot   =     13824.5068  EPtot      =    -68389.6553
 BOND   =       412.1810  ANGLE   =      1177.1191  DIHED      =      1852.3845
 1-4 NB =       582.0830  1-4 EEL =      8884.4740  VDWAALS    =      8207.1808
 EELEC  =    -89573.5588  EHBOND  =         0.0000  RESTRAINT  =        68.4810
 EAMBER (non-restraint)  =    -68458.1364
 EKCMT  =      5931.8835  VIRIAL  =      6298.3609  VOLUME     =    226360.0143
                                                    Density    =         1.0187
 ------------------------------------------------------------------------------

wrapping first mol.:       22.16220       31.34208       54.28607
wrapping first mol.:       22.16220       31.34208       54.28607

 NSTEP =     2000   TIME(PS) =    2004.000  TEMP(K) =   299.83  PRESS =  -151.3
 Etot   =    -54535.0601  EKtot   =     13892.5664  EPtot      =    -68427.6265
 BOND   =       402.0206  ANGLE   =      1241.3496  DIHED      =      1864.8847
 1-4 NB =       569.1296  1-4 EEL =      8860.5759  VDWAALS    =      8168.9782
 EELEC  =    -89619.9017  EHBOND  =         0.0000  RESTRAINT  =        85.3365
 EAMBER (non-restraint)  =    -68512.9630
 EKCMT  =      6027.6758  VIRIAL  =      6766.6077  VOLUME     =    226248.6873
                                                    Density    =         1.0192
 ------------------------------------------------------------------------------

wrapping first mol.:       22.16170       31.34138       54.28486
wrapping first mol.:       22.16170       31.34138       54.28486

 NSTEP =     2500   TIME(PS) =    2005.000  TEMP(K) =   298.77  PRESS =  -151.1
 Etot   =    -54271.4623  EKtot   =     13843.6113  EPtot      =    -68115.0737
 BOND   =       471.9846  ANGLE   =      1191.7700  DIHED      =      1870.4211
 1-4 NB =       576.2231  1-4 EEL =      8856.2863  VDWAALS    =      8077.4002
 EELEC  =    -89240.6845  EHBOND  =         0.0000  RESTRAINT  =        81.5255
 EAMBER (non-restraint)  =    -68196.5992
 EKCMT  =      6009.0122  VIRIAL  =      6746.8999  VOLUME     =    226233.5507
                                                    Density    =         1.0193
 ------------------------------------------------------------------------------

wrapping first mol.:       22.14167       31.31304       54.23578
wrapping first mol.:       22.14167       31.31304       54.23578

 NSTEP =     3000   TIME(PS) =    2006.000  TEMP(K) =   302.21  PRESS =   -58.7
 Etot   =    -54243.8430  EKtot   =     14003.0547  EPtot      =    -68246.8977
 BOND   =       454.5799  ANGLE   =      1228.4728  DIHED      =      1851.7734
 1-4 NB =       575.8474  1-4 EEL =      8854.8416  VDWAALS    =      8015.9179
 EELEC  =    -89306.1611  EHBOND  =         0.0000  RESTRAINT  =        77.8305
 EAMBER (non-restraint)  =    -68324.7282
 EKCMT  =      6052.8960  VIRIAL  =      6338.7831  VOLUME     =    225618.6072
                                                    Density    =         1.0221
 ------------------------------------------------------------------------------

wrapping first mol.:       22.14183       31.31327       54.23618
wrapping first mol.:       22.14183       31.31327       54.23618

 NSTEP =     3500   TIME(PS) =    2007.000  TEMP(K) =   298.82  PRESS =   -32.1
 Etot   =    -54732.9101  EKtot   =     13845.7812  EPtot      =    -68578.6913
 BOND   =       454.5115  ANGLE   =      1250.3120  DIHED      =      1875.5145
 1-4 NB =       573.7739  1-4 EEL =      8827.2339  VDWAALS    =      8178.0857
 EELEC  =    -89813.3011  EHBOND  =         0.0000  RESTRAINT  =        75.1783
 EAMBER (non-restraint)  =    -68653.8696
 EKCMT  =      5975.7445  VIRIAL  =      6132.2106  VOLUME     =    225623.0506
                                                    Density    =         1.0221
 ------------------------------------------------------------------------------

wrapping first mol.:       22.16642       31.34806       54.29642
wrapping first mol.:       22.16642       31.34806       54.29642

 NSTEP =     4000   TIME(PS) =    2008.000  TEMP(K) =   298.84  PRESS =    78.4
 Etot   =    -54399.6144  EKtot   =     13846.6270  EPtot      =    -68246.2413
 BOND   =       465.8256  ANGLE   =      1215.0564  DIHED      =      1840.6378
 1-4 NB =       594.1280  1-4 EEL =      8870.2484  VDWAALS    =      8122.7229
 EELEC  =    -89441.7117  EHBOND  =         0.0000  RESTRAINT  =        86.8513
 EAMBER (non-restraint)  =    -68333.0927
 EKCMT  =      6023.2122  VIRIAL  =      5640.2608  VOLUME     =    226373.4857
                                                    Density    =         1.0187
 ------------------------------------------------------------------------------

wrapping first mol.:       22.14839       31.32255       54.25224
wrapping first mol.:       22.14839       31.32255       54.25224

 NSTEP =     4500   TIME(PS) =    2009.000  TEMP(K) =   299.45  PRESS =   -18.5
 Etot   =    -54319.5862  EKtot   =     13875.0264  EPtot      =    -68194.6125
 BOND   =       474.0670  ANGLE   =      1220.0254  DIHED      =      1896.1944
 1-4 NB =       569.3932  1-4 EEL =      8861.6334  VDWAALS    =      7948.7395
 EELEC  =    -89250.6896  EHBOND  =         0.0000  RESTRAINT  =        86.0242
 EAMBER (non-restraint)  =    -68280.6367
 EKCMT  =      6056.9093  VIRIAL  =      6147.0111  VOLUME     =    225823.3394
                                                    Density    =         1.0212
 ------------------------------------------------------------------------------

wrapping first mol.:       22.14083       31.31186       54.23373
wrapping first mol.:       22.14083       31.31186       54.23373

 NSTEP =     5000   TIME(PS) =    2010.000  TEMP(K) =   301.97  PRESS =    82.0
 Etot   =    -54342.0122  EKtot   =     13991.8242  EPtot      =    -68333.8365
 BOND   =       472.3027  ANGLE   =      1204.8583  DIHED      =      1861.8559
 1-4 NB =       558.2401  1-4 EEL =      8825.1626  VDWAALS    =      8184.7860
 EELEC  =    -89531.6270  EHBOND  =         0.0000  RESTRAINT  =        90.5848
 EAMBER (non-restraint)  =    -68424.4213
 EKCMT  =      6085.7656  VIRIAL  =      5686.5922  VOLUME     =    225590.1725
                                                    Density    =         1.0222
 ------------------------------------------------------------------------------

wrapping first mol.:       22.15342       31.32967       54.26457
wrapping first mol.:       22.15342       31.32967       54.26457

 NSTEP =     5500   TIME(PS) =    2011.000  TEMP(K) =   295.31  PRESS =   -21.8
 Etot   =    -54528.0903  EKtot   =     13683.4150  EPtot      =    -68211.5054
 BOND   =       464.5547  ANGLE   =      1189.3525  DIHED      =      1862.1040
 1-4 NB =       582.3282  1-4 EEL =      8838.6255  VDWAALS    =      8123.4660
 EELEC  =    -89355.1775  EHBOND  =         0.0000  RESTRAINT  =        83.2412
 EAMBER (non-restraint)  =    -68294.7466
 EKCMT  =      5888.3381  VIRIAL  =      5994.8081  VOLUME     =    225977.4095
                                                    Density    =         1.0205
 ------------------------------------------------------------------------------

wrapping first mol.:       22.15334       31.32956       54.26439
wrapping first mol.:       22.15334       31.32956       54.26439

 NSTEP =     6000   TIME(PS) =    2012.000  TEMP(K) =   299.79  PRESS =   289.3
 Etot   =    -54445.6391  EKtot   =     13891.0664  EPtot      =    -68336.7055
 BOND   =       463.2767  ANGLE   =      1215.8200  DIHED      =      1863.6809
 1-4 NB =       569.3380  1-4 EEL =      8859.5117  VDWAALS    =      8191.7261
 EELEC  =    -89573.3943  EHBOND  =         0.0000  RESTRAINT  =        73.3355
 EAMBER (non-restraint)  =    -68410.0410
 EKCMT  =      6078.8712  VIRIAL  =      4667.5337  VOLUME     =    225968.7861
                                                    Density    =         1.0205
 ------------------------------------------------------------------------------

wrapping first mol.:       22.15159       31.32707       54.26007
wrapping first mol.:       22.15159       31.32707       54.26007

 NSTEP =     6500   TIME(PS) =    2013.000  TEMP(K) =   298.20  PRESS =   149.1
 Etot   =    -54372.6589  EKtot   =     13817.1758  EPtot      =    -68189.8347
 BOND   =       468.7176  ANGLE   =      1233.6786  DIHED      =      1868.2461
 1-4 NB =       569.7665  1-4 EEL =      8854.6887  VDWAALS    =      8112.7109
 EELEC  =    -89374.2141  EHBOND  =         0.0000  RESTRAINT  =        76.5710
 EAMBER (non-restraint)  =    -68266.4057
 EKCMT  =      6101.5742  VIRIAL  =      5374.4560  VOLUME     =    225917.7629
                                                    Density    =         1.0207
 ------------------------------------------------------------------------------

wrapping first mol.:       22.15035       31.32532       54.25705
wrapping first mol.:       22.15035       31.32532       54.25705

 NSTEP =     7000   TIME(PS) =    2014.000  TEMP(K) =   298.39  PRESS =    89.8
 Etot   =    -54575.3856  EKtot   =     13825.8154  EPtot      =    -68401.2011
 BOND   =       435.8810  ANGLE   =      1183.5200  DIHED      =      1852.5466
 1-4 NB =       576.4853  1-4 EEL =      8848.8377  VDWAALS    =      8184.1990
 EELEC  =    -89556.4315  EHBOND  =         0.0000  RESTRAINT  =        73.7609
 EAMBER (non-restraint)  =    -68474.9619
 EKCMT  =      6079.4900  VIRIAL  =      5641.5614  VOLUME     =    225881.1432
                                                    Density    =         1.0209
 ------------------------------------------------------------------------------

wrapping first mol.:       22.15364       31.32998       54.26511
wrapping first mol.:       22.15364       31.32998       54.26511

 NSTEP =     7500   TIME(PS) =    2015.000  TEMP(K) =   305.31  PRESS =  -205.2
 Etot   =    -54241.3946  EKtot   =     14146.7734  EPtot      =    -68388.1680
 BOND   =       440.9069  ANGLE   =      1212.6729  DIHED      =      1872.6687
 1-4 NB =       582.5786  1-4 EEL =      8876.6132  VDWAALS    =      8015.5469
 EELEC  =    -89480.7392  EHBOND  =         0.0000  RESTRAINT  =        91.5839
 EAMBER (non-restraint)  =    -68479.7519
 EKCMT  =      6181.2002  VIRIAL  =      7182.2188  VOLUME     =    225987.7774
                                                    Density    =         1.0204
 ------------------------------------------------------------------------------

wrapping first mol.:       22.13861       31.30872       54.22829
wrapping first mol.:       22.13861       31.30872       54.22829

 NSTEP =     8000   TIME(PS) =    2016.000  TEMP(K) =   297.38  PRESS =   113.6
 Etot   =    -54543.6753  EKtot   =     13779.0127  EPtot      =    -68322.6880
 BOND   =       441.4611  ANGLE   =      1242.7815  DIHED      =      1854.7152
 1-4 NB =       565.0526  1-4 EEL =      8863.8391  VDWAALS    =      8150.2196
 EELEC  =    -89520.6659  EHBOND  =         0.0000  RESTRAINT  =        79.9088
 EAMBER (non-restraint)  =    -68402.5968
 EKCMT  =      6037.5737  VIRIAL  =      5484.5022  VOLUME     =    225521.7087
                                                    Density    =         1.0225
 ------------------------------------------------------------------------------

wrapping first mol.:       22.14856       31.32279       54.25266
wrapping first mol.:       22.14856       31.32279       54.25266

 NSTEP =     8500   TIME(PS) =    2017.000  TEMP(K) =   300.75  PRESS =  -142.9
 Etot   =    -54815.3932  EKtot   =     13935.3018  EPtot      =    -68750.6949
 BOND   =       456.8525  ANGLE   =      1147.2238  DIHED      =      1854.1159
 1-4 NB =       566.9092  1-4 EEL =      8863.6656  VDWAALS    =      8081.3835
 EELEC  =    -89803.8328  EHBOND  =         0.0000  RESTRAINT  =        82.9873
 EAMBER (non-restraint)  =    -68833.6823
 EKCMT  =      5977.6739  VIRIAL  =      6674.2182  VOLUME     =    225831.0756
                                                    Density    =         1.0211
 ------------------------------------------------------------------------------

wrapping first mol.:       22.15715       31.33494       54.27370
wrapping first mol.:       22.15715       31.33494       54.27370

 NSTEP =     9000   TIME(PS) =    2018.000  TEMP(K) =   302.80  PRESS =   259.8
 Etot   =    -54364.3289  EKtot   =     14030.2617  EPtot      =    -68394.5907
 BOND   =       490.7688  ANGLE   =      1123.2535  DIHED      =      1879.1481
 1-4 NB =       585.6204  1-4 EEL =      8881.3978  VDWAALS    =      8137.0600
 EELEC  =    -89572.2084  EHBOND  =         0.0000  RESTRAINT  =        80.3692
 EAMBER (non-restraint)  =    -68474.9599
 EKCMT  =      6049.8897  VIRIAL  =      4781.7657  VOLUME     =    226085.7659
                                                    Density    =         1.0200
 ------------------------------------------------------------------------------

wrapping first mol.:       22.15928       31.33795       54.27892
wrapping first mol.:       22.15928       31.33795       54.27892

 NSTEP =     9500   TIME(PS) =    2019.000  TEMP(K) =   299.26  PRESS =    73.6
 Etot   =    -54329.4651  EKtot   =     13866.4961  EPtot      =    -68195.9612
 BOND   =       449.9439  ANGLE   =      1199.4772  DIHED      =      1827.7709
 1-4 NB =       585.1158  1-4 EEL =      8866.8664  VDWAALS    =      8159.5224
 EELEC  =    -89375.5373  EHBOND  =         0.0000  RESTRAINT  =        90.8795
 EAMBER (non-restraint)  =    -68286.8408
 EKCMT  =      5976.6118  VIRIAL  =      5617.0761  VOLUME     =    226154.8056
                                                    Density    =         1.0197
 ------------------------------------------------------------------------------

wrapping first mol.:       22.17591       31.36147       54.31966
wrapping first mol.:       22.17591       31.36147       54.31966

 NSTEP =    10000   TIME(PS) =    2020.000  TEMP(K) =   299.81  PRESS =    37.4
 Etot   =    -54444.7123  EKtot   =     13891.5908  EPtot      =    -68336.3031
 BOND   =       436.2799  ANGLE   =      1173.7060  DIHED      =      1849.1517
 1-4 NB =       589.2501  1-4 EEL =      8898.0274  VDWAALS    =      8271.0460
 EELEC  =    -89628.2924  EHBOND  =         0.0000  RESTRAINT  =        74.5282
 EAMBER (non-restraint)  =    -68410.8313
 EKCMT  =      6056.0976  VIRIAL  =      5872.9881  VOLUME     =    226665.1501
                                                    Density    =         1.0174
 ------------------------------------------------------------------------------

wrapping first mol.:       22.17149       31.35522       54.30884
wrapping first mol.:       22.17149       31.35522       54.30884

 NSTEP =    10500   TIME(PS) =    2021.000  TEMP(K) =   300.67  PRESS =    30.7
 Etot   =    -54332.3472  EKtot   =     13931.4639  EPtot      =    -68263.8111
 BOND   =       464.4231  ANGLE   =      1197.7347  DIHED      =      1847.6995
 1-4 NB =       555.0985  1-4 EEL =      8829.0638  VDWAALS    =      8168.8986
 EELEC  =    -89413.3024  EHBOND  =         0.0000  RESTRAINT  =        86.5732
 EAMBER (non-restraint)  =    -68350.3843
 EKCMT  =      6009.5576  VIRIAL  =      5859.5990  VOLUME     =    226529.7713
                                                    Density    =         1.0180
 ------------------------------------------------------------------------------

wrapping first mol.:       22.17045       31.35375       54.30628
wrapping first mol.:       22.17045       31.35375       54.30628

 NSTEP =    11000   TIME(PS) =    2022.000  TEMP(K) =   303.24  PRESS =   130.1
 Etot   =    -54309.2878  EKtot   =     14050.9229  EPtot      =    -68360.2107
 BOND   =       461.9681  ANGLE   =      1229.9596  DIHED      =      1854.3088
 1-4 NB =       577.7838  1-4 EEL =      8859.7648  VDWAALS    =      8281.4915
 EELEC  =    -89703.1454  EHBOND  =         0.0000  RESTRAINT  =        77.6581
 EAMBER (non-restraint)  =    -68437.8688
 EKCMT  =      6068.4191  VIRIAL  =      5431.9641  VOLUME     =    226495.8373
                                                    Density    =         1.0181
 ------------------------------------------------------------------------------

wrapping first mol.:       22.18034       31.36774       54.33051
wrapping first mol.:       22.18034       31.36774       54.33051

 NSTEP =    11500   TIME(PS) =    2023.000  TEMP(K) =   298.67  PRESS =  -175.2
 Etot   =    -54259.1211  EKtot   =     13838.8564  EPtot      =    -68097.9776
 BOND   =       445.2659  ANGLE   =      1252.2128  DIHED      =      1872.7192
 1-4 NB =       574.7035  1-4 EEL =      8825.6800  VDWAALS    =      8010.1319
 EELEC  =    -89160.5964  EHBOND  =         0.0000  RESTRAINT  =        81.9055
 EAMBER (non-restraint)  =    -68179.8831
 EKCMT  =      6018.4731  VIRIAL  =      6876.4434  VOLUME     =    226805.3195
                                                    Density    =         1.0167
 ------------------------------------------------------------------------------

wrapping first mol.:       22.16665       31.34838       54.29699
wrapping first mol.:       22.16665       31.34838       54.29699

 NSTEP =    12000   TIME(PS) =    2024.000  TEMP(K) =   302.09  PRESS =   214.9
 Etot   =    -54406.5029  EKtot   =     13997.4775  EPtot      =    -68403.9805
 BOND   =       474.8941  ANGLE   =      1256.8869  DIHED      =      1871.3165
 1-4 NB =       580.5030  1-4 EEL =      8831.5322  VDWAALS    =      8304.0449
 EELEC  =    -89815.3610  EHBOND  =         0.0000  RESTRAINT  =        92.2030
 EAMBER (non-restraint)  =    -68496.1835
 EKCMT  =      6068.1465  VIRIAL  =      5017.5257  VOLUME     =    226377.8158
                                                    Density    =         1.0187
 ------------------------------------------------------------------------------

wrapping first mol.:       22.15040       31.32540       54.25718
wrapping first mol.:       22.15040       31.32540       54.25718

 NSTEP =    12500   TIME(PS) =    2025.000  TEMP(K) =   298.68  PRESS =    53.3
 Etot   =    -54442.9856  EKtot   =     13839.4512  EPtot      =    -68282.4367
 BOND   =       448.1298  ANGLE   =      1168.4370  DIHED      =      1855.6534
 1-4 NB =       585.1288  1-4 EEL =      8863.3610  VDWAALS    =      8024.6703
 EELEC  =    -89308.1211  EHBOND  =         0.0000  RESTRAINT  =        80.3041
 EAMBER (non-restraint)  =    -68362.7408
 EKCMT  =      6070.6611  VIRIAL  =      5810.5116  VOLUME     =    225883.5148
                                                    Density    =         1.0209
 ------------------------------------------------------------------------------

wrapping first mol.:       22.17187       31.35576       54.30977
wrapping first mol.:       22.17187       31.35576       54.30977

 NSTEP =    13000   TIME(PS) =    2026.000  TEMP(K) =   301.31  PRESS =   220.0
 Etot   =    -54382.6314  EKtot   =     13961.2031  EPtot      =    -68343.8345
 BOND   =       469.8465  ANGLE   =      1198.2750  DIHED      =      1857.2141
 1-4 NB =       572.0601  1-4 EEL =      8838.4837  VDWAALS    =      8303.7556
 EELEC  =    -89666.7009  EHBOND  =         0.0000  RESTRAINT  =        83.2314
 EAMBER (non-restraint)  =    -68427.0659
 EKCMT  =      6090.5163  VIRIAL  =      5014.4490  VOLUME     =    226537.6701
                                                    Density    =         1.0179
 ------------------------------------------------------------------------------

wrapping first mol.:       22.16703       31.34892       54.29791
wrapping first mol.:       22.16703       31.34892       54.29791

 NSTEP =    13500   TIME(PS) =    2027.000  TEMP(K) =   303.15  PRESS =   -41.8
 Etot   =    -54383.7874  EKtot   =     14046.7178  EPtot      =    -68430.5051
 BOND   =       455.6105  ANGLE   =      1216.1546  DIHED      =      1870.2007
 1-4 NB =       585.3176  1-4 EEL =      8887.6489  VDWAALS    =      8148.2376
 EELEC  =    -89678.9980  EHBOND  =         0.0000  RESTRAINT  =        85.3230
 EAMBER (non-restraint)  =    -68515.8282
 EKCMT  =      6135.3406  VIRIAL  =      6339.7663  VOLUME     =    226394.5351
                                                    Density    =         1.0186
 ------------------------------------------------------------------------------

wrapping first mol.:       22.16296       31.34315       54.28793
wrapping first mol.:       22.16296       31.34315       54.28793

 NSTEP =    14000   TIME(PS) =    2028.000  TEMP(K) =   298.37  PRESS =  -219.2
 Etot   =    -54590.0598  EKtot   =     13825.0762  EPtot      =    -68415.1360
 BOND   =       456.9577  ANGLE   =      1150.7609  DIHED      =      1858.7869
 1-4 NB =       577.5332  1-4 EEL =      8854.4183  VDWAALS    =      7967.1305
 EELEC  =    -89358.2077  EHBOND  =         0.0000  RESTRAINT  =        77.4842
 EAMBER (non-restraint)  =    -68492.6202
 EKCMT  =      5984.4136  VIRIAL  =      7055.2115  VOLUME     =    226273.3270
                                                    Density    =         1.0191
 ------------------------------------------------------------------------------

wrapping first mol.:       22.15951       31.33828       54.27948
wrapping first mol.:       22.15951       31.33828       54.27948

 NSTEP =    14500   TIME(PS) =    2029.000  TEMP(K) =   300.92  PRESS =   273.1
 Etot   =    -54371.8945  EKtot   =     13943.3066  EPtot      =    -68315.2011
 BOND   =       424.0938  ANGLE   =      1244.5149  DIHED      =      1878.0154
 1-4 NB =       584.2648  1-4 EEL =      8837.1922  VDWAALS    =      8280.9188
 EELEC  =    -89643.5921  EHBOND  =         0.0000  RESTRAINT  =        79.3910
 EAMBER (non-restraint)  =    -68394.5920
 EKCMT  =      6065.4479  VIRIAL  =      4732.0054  VOLUME     =    226157.7900
                                                    Density    =         1.0197
 ------------------------------------------------------------------------------

wrapping first mol.:       22.17461       31.35964       54.31648
wrapping first mol.:       22.17461       31.35964       54.31648

 NSTEP =    15000   TIME(PS) =    2030.000  TEMP(K) =   300.79  PRESS =    80.6
 Etot   =    -54213.9103  EKtot   =     13937.1973  EPtot      =    -68151.1076
 BOND   =       459.4255  ANGLE   =      1242.5200  DIHED      =      1858.5123
 1-4 NB =       577.2011  1-4 EEL =      8868.3183  VDWAALS    =      8128.9096
 EELEC  =    -89377.7537  EHBOND  =         0.0000  RESTRAINT  =        91.7593
 EAMBER (non-restraint)  =    -68242.8669
 EKCMT  =      6140.7074  VIRIAL  =      5746.1062  VOLUME     =    226624.4724
                                                    Density    =         1.0176
 ------------------------------------------------------------------------------

wrapping first mol.:       22.15204       31.32771       54.26119
wrapping first mol.:       22.15204       31.32771       54.26119

 NSTEP =    15500   TIME(PS) =    2031.000  TEMP(K) =   300.16  PRESS =   185.8
 Etot   =    -54566.8763  EKtot   =     13907.9668  EPtot      =    -68474.8431
 BOND   =       446.6248  ANGLE   =      1210.2301  DIHED      =      1875.9246
 1-4 NB =       565.6535  1-4 EEL =      8837.7314  VDWAALS    =      8124.9957
 EELEC  =    -89622.6898  EHBOND  =         0.0000  RESTRAINT  =        86.6866
 EAMBER (non-restraint)  =    -68561.5297
 EKCMT  =      6090.7507  VIRIAL  =      5184.2621  VOLUME     =    225930.9426
                                                    Density    =         1.0207
 ------------------------------------------------------------------------------

wrapping first mol.:       22.17311       31.35751       54.31280
wrapping first mol.:       22.17311       31.35751       54.31280

 NSTEP =    16000   TIME(PS) =    2032.000  TEMP(K) =   302.03  PRESS =    21.0
 Etot   =    -54162.9906  EKtot   =     13994.7881  EPtot      =    -68157.7787
 BOND   =       469.5542  ANGLE   =      1219.2187  DIHED      =      1857.9704
 1-4 NB =       578.0340  1-4 EEL =      8861.1771  VDWAALS    =      8112.2502
 EELEC  =    -89337.2508  EHBOND  =         0.0000  RESTRAINT  =        81.2675
 EAMBER (non-restraint)  =    -68239.0462
 EKCMT  =      6041.6130  VIRIAL  =      5938.9366  VOLUME     =    226579.5681
                                                    Density    =         1.0178
 ------------------------------------------------------------------------------

wrapping first mol.:       22.17405       31.35885       54.31511
wrapping first mol.:       22.17405       31.35885       54.31511

 NSTEP =    16500   TIME(PS) =    2033.000  TEMP(K) =   300.29  PRESS =    72.6
 Etot   =    -54450.3575  EKtot   =     13914.2012  EPtot      =    -68364.5587
 BOND   =       452.9605  ANGLE   =      1259.4862  DIHED      =      1850.2170
 1-4 NB =       576.7023  1-4 EEL =      8863.9253  VDWAALS    =      8257.3582
 EELEC  =    -89697.6330  EHBOND  =         0.0000  RESTRAINT  =        72.4248
 EAMBER (non-restraint)  =    -68436.9835
 EKCMT  =      6059.1121  VIRIAL  =      5703.7061  VOLUME     =    226607.4686
                                                    Density    =         1.0176
 ------------------------------------------------------------------------------

wrapping first mol.:       22.17112       31.35470       54.30793
wrapping first mol.:       22.17112       31.35470       54.30793

 NSTEP =    17000   TIME(PS) =    2034.000  TEMP(K) =   300.81  PRESS =   102.8
 Etot   =    -54125.6363  EKtot   =     13938.1592  EPtot      =    -68063.7955
 BOND   =       444.6717  ANGLE   =      1200.1525  DIHED      =      1856.2786
 1-4 NB =       576.8485  1-4 EEL =      8846.7188  VDWAALS    =      8068.1210
 EELEC  =    -89136.5307  EHBOND  =         0.0000  RESTRAINT  =        79.9442
 EAMBER (non-restraint)  =    -68143.7397
 EKCMT  =      6044.2783  VIRIAL  =      5541.3878  VOLUME     =    226516.9819
                                                    Density    =         1.0180
 ------------------------------------------------------------------------------

wrapping first mol.:       22.18194       31.37001       54.33444
wrapping first mol.:       22.18194       31.37001       54.33444

 NSTEP =    17500   TIME(PS) =    2035.000  TEMP(K) =   301.25  PRESS =     4.1
 Etot   =    -54064.2015  EKtot   =     13958.6064  EPtot      =    -68022.8080
 BOND   =       444.8277  ANGLE   =      1221.5844  DIHED      =      1844.2092
 1-4 NB =       576.6924  1-4 EEL =      8850.2639  VDWAALS    =      8160.0211
 EELEC  =    -89208.1214  EHBOND  =         0.0000  RESTRAINT  =        87.7148
 EAMBER (non-restraint)  =    -68110.5227
 EKCMT  =      6067.2529  VIRIAL  =      6047.2104  VOLUME     =    226850.8598
                                                    Density    =         1.0165
 ------------------------------------------------------------------------------

wrapping first mol.:       22.16477       31.34571       54.29236
wrapping first mol.:       22.16477       31.34571       54.29236

 NSTEP =    18000   TIME(PS) =    2036.000  TEMP(K) =   301.85  PRESS =   100.8
 Etot   =    -54151.8440  EKtot   =     13986.4385  EPtot      =    -68138.2825
 BOND   =       469.1009  ANGLE   =      1237.3438  DIHED      =      1841.3599
 1-4 NB =       573.1172  1-4 EEL =      8868.1018  VDWAALS    =      8030.2205
 EELEC  =    -89241.6607  EHBOND  =         0.0000  RESTRAINT  =        84.1340
 EAMBER (non-restraint)  =    -68222.4165
 EKCMT  =      6055.0254  VIRIAL  =      5562.5687  VOLUME     =    226322.3073
                                                    Density    =         1.0189
 ------------------------------------------------------------------------------

wrapping first mol.:       22.15824       31.33648       54.27638
wrapping first mol.:       22.15824       31.33648       54.27638

 NSTEP =    18500   TIME(PS) =    2037.000  TEMP(K) =   306.85  PRESS =    92.0
 Etot   =    -53885.2613  EKtot   =     14218.0781  EPtot      =    -68103.3394
 BOND   =       463.0724  ANGLE   =      1182.3538  DIHED      =      1861.3778
 1-4 NB =       575.4969  1-4 EEL =      8874.5299  VDWAALS    =      8139.6761
 EELEC  =    -89278.4029  EHBOND  =         0.0000  RESTRAINT  =        78.5566
 EAMBER (non-restraint)  =    -68181.8960
 EKCMT  =      6149.2387  VIRIAL  =      5700.0011  VOLUME     =    226122.5823
                                                    Density    =         1.0198
 ------------------------------------------------------------------------------

wrapping first mol.:       22.16563       31.34693       54.29448
wrapping first mol.:       22.16563       31.34693       54.29448

 NSTEP =    19000   TIME(PS) =    2038.000  TEMP(K) =   298.77  PRESS =   124.2
 Etot   =    -54290.7586  EKtot   =     13843.7959  EPtot      =    -68134.5545
 BOND   =       499.4620  ANGLE   =      1185.8354  DIHED      =      1849.5872
 1-4 NB =       578.0690  1-4 EEL =      8832.8403  VDWAALS    =      8135.5952
 EELEC  =    -89301.9950  EHBOND  =         0.0000  RESTRAINT  =        86.0514
 EAMBER (non-restraint)  =    -68220.6059
 EKCMT  =      6126.7152  VIRIAL  =      5519.8209  VOLUME     =    226348.2383
                                                    Density    =         1.0188
 ------------------------------------------------------------------------------

wrapping first mol.:       22.16784       31.35005       54.29988
wrapping first mol.:       22.16784       31.35005       54.29988

 NSTEP =    19500   TIME(PS) =    2039.000  TEMP(K) =   303.53  PRESS =  -188.4
 Etot   =    -54289.0765  EKtot   =     14064.2529  EPtot      =    -68353.3294
 BOND   =       454.6442  ANGLE   =      1235.0930  DIHED      =      1843.6237
 1-4 NB =       591.1867  1-4 EEL =      8841.6549  VDWAALS    =      8114.5630
 EELEC  =    -89506.6396  EHBOND  =         0.0000  RESTRAINT  =        72.5447
 EAMBER (non-restraint)  =    -68425.8741
 EKCMT  =      6152.1740  VIRIAL  =      7073.2950  VOLUME     =    226422.1571
                                                    Density    =         1.0185
 ------------------------------------------------------------------------------

wrapping first mol.:       22.15086       31.32605       54.25831
wrapping first mol.:       22.15086       31.32605       54.25831

 NSTEP =    20000   TIME(PS) =    2040.000  TEMP(K) =   299.14  PRESS =   175.0
 Etot   =    -54231.8572  EKtot   =     13860.6211  EPtot      =    -68092.4783
 BOND   =       473.8744  ANGLE   =      1210.4977  DIHED      =      1863.7559
 1-4 NB =       560.5539  1-4 EEL =      8863.5560  VDWAALS    =      8174.5539
 EELEC  =    -89333.9413  EHBOND  =         0.0000  RESTRAINT  =        94.6712
 EAMBER (non-restraint)  =    -68187.1495
 EKCMT  =      6049.1572  VIRIAL  =      5195.8172  VOLUME     =    225895.1754
                                                    Density    =         1.0208
 ------------------------------------------------------------------------------

wrapping first mol.:       22.15300       31.32907       54.26354
wrapping first mol.:       22.15300       31.32907       54.26354

 NSTEP =    20500   TIME(PS) =    2041.000  TEMP(K) =   300.76  PRESS =  -121.3
 Etot   =    -54273.3253  EKtot   =     13935.6924  EPtot      =    -68209.0177
 BOND   =       473.0529  ANGLE   =      1199.8291  DIHED      =      1863.2716
 1-4 NB =       581.3694  1-4 EEL =      8858.4164  VDWAALS    =      8003.1488
 EELEC  =    -89277.9569  EHBOND  =         0.0000  RESTRAINT  =        89.8509
 EAMBER (non-restraint)  =    -68298.8685
 EKCMT  =      6075.5708  VIRIAL  =      6667.2755  VOLUME     =    225966.4518
                                                    Density    =         1.0205
 ------------------------------------------------------------------------------

wrapping first mol.:       22.14528       31.31815       54.24462
wrapping first mol.:       22.14528       31.31815       54.24462

 NSTEP =    21000   TIME(PS) =    2042.000  TEMP(K) =   302.52  PRESS =   138.9
 Etot   =    -54492.1022  EKtot   =     14017.5244  EPtot      =    -68509.6266
 BOND   =       446.0507  ANGLE   =      1166.0952  DIHED      =      1848.4321
 1-4 NB =       557.5714  1-4 EEL =      8849.6875  VDWAALS    =      8089.7204
 EELEC  =    -89546.8472  EHBOND  =         0.0000  RESTRAINT  =        79.6634
 EAMBER (non-restraint)  =    -68589.2899
 EKCMT  =      6158.2724  VIRIAL  =      5481.0742  VOLUME     =    225725.0328
                                                    Density    =         1.0216
 ------------------------------------------------------------------------------

wrapping first mol.:       22.13378       31.30189       54.21646
wrapping first mol.:       22.13378       31.30189       54.21646

 NSTEP =    21500   TIME(PS) =    2043.000  TEMP(K) =   301.04  PRESS =  -119.4
 Etot   =    -54265.9036  EKtot   =     13948.9785  EPtot      =    -68214.8821
 BOND   =       478.8765  ANGLE   =      1234.8908  DIHED      =      1861.2583
 1-4 NB =       561.1181  1-4 EEL =      8805.3110  VDWAALS    =      7901.0137
 EELEC  =    -89140.3404  EHBOND  =         0.0000  RESTRAINT  =        82.9900
 EAMBER (non-restraint)  =    -68297.8721
 EKCMT  =      6067.5009  VIRIAL  =      6648.6747  VOLUME     =    225378.8413
                                                    Density    =         1.0232
 ------------------------------------------------------------------------------

wrapping first mol.:       22.13814       31.30805       54.22713
wrapping first mol.:       22.13814       31.30805       54.22713

 NSTEP =    22000   TIME(PS) =    2044.000  TEMP(K) =   300.32  PRESS =   107.5
 Etot   =    -54370.9227  EKtot   =     13915.2070  EPtot      =    -68286.1297
 BOND   =       437.0360  ANGLE   =      1202.2821  DIHED      =      1840.4407
 1-4 NB =       580.4797  1-4 EEL =      8847.2496  VDWAALS    =      8152.9925
 EELEC  =    -89428.7417  EHBOND  =         0.0000  RESTRAINT  =        82.1315
 EAMBER (non-restraint)  =    -68368.2612
 EKCMT  =      6066.9869  VIRIAL  =      5543.6481  VOLUME     =    225507.4033
                                                    Density    =         1.0226
 ------------------------------------------------------------------------------

wrapping first mol.:       22.15684       31.33450       54.27294
wrapping first mol.:       22.15684       31.33450       54.27294

 NSTEP =    22500   TIME(PS) =    2045.000  TEMP(K) =   299.09  PRESS =  -114.9
 Etot   =    -54366.1246  EKtot   =     13858.4941  EPtot      =    -68224.6187
 BOND   =       481.8307  ANGLE   =      1194.4480  DIHED      =      1858.2948
 1-4 NB =       582.1299  1-4 EEL =      8853.2122  VDWAALS    =      7979.2796
 EELEC  =    -89257.3153  EHBOND  =         0.0000  RESTRAINT  =        83.5014
 EAMBER (non-restraint)  =    -68308.1201
 EKCMT  =      5991.1211  VIRIAL  =      6551.7890  VOLUME     =    226083.8513
                                                    Density    =         1.0200
 ------------------------------------------------------------------------------

wrapping first mol.:       22.17219       31.35622       54.31056
wrapping first mol.:       22.17219       31.35622       54.31056

 NSTEP =    23000   TIME(PS) =    2046.000  TEMP(K) =   300.92  PRESS =  -104.7
 Etot   =    -54552.3476  EKtot   =     13943.1465  EPtot      =    -68495.4941
 BOND   =       455.4458  ANGLE   =      1205.9390  DIHED      =      1835.0559
 1-4 NB =       587.8937  1-4 EEL =      8880.1896  VDWAALS    =      8148.9769
 EELEC  =    -89687.2344  EHBOND  =         0.0000  RESTRAINT  =        78.2395
 EAMBER (non-restraint)  =    -68573.7335
 EKCMT  =      6180.6552  VIRIAL  =      6692.5668  VOLUME     =    226554.0598
                                                    Density    =         1.0179
 ------------------------------------------------------------------------------

wrapping first mol.:       22.18211       31.37024       54.33485
wrapping first mol.:       22.18211       31.37024       54.33485

 NSTEP =    23500   TIME(PS) =    2047.000  TEMP(K) =   297.72  PRESS =   -72.6
 Etot   =    -54510.1781  EKtot   =     13794.9883  EPtot      =    -68305.1664
 BOND   =       441.8923  ANGLE   =      1235.1692  DIHED      =      1853.7164
 1-4 NB =       585.5052  1-4 EEL =      8818.3683  VDWAALS    =      8135.8069
 EELEC  =    -89462.8648  EHBOND  =         0.0000  RESTRAINT  =        87.2402
 EAMBER (non-restraint)  =    -68392.4066
 EKCMT  =      5971.3977  VIRIAL  =      6326.8901  VOLUME     =    226857.5444
                                                    Density    =         1.0165
 ------------------------------------------------------------------------------

wrapping first mol.:       22.18109       31.36880       54.33234
wrapping first mol.:       22.18109       31.36880       54.33234

 NSTEP =    24000   TIME(PS) =    2048.000  TEMP(K) =   301.08  PRESS =  -107.0
 Etot   =    -54361.0815  EKtot   =     13950.5166  EPtot      =    -68311.5981
 BOND   =       442.8202  ANGLE   =      1185.5846  DIHED      =      1861.2173
 1-4 NB =       588.6814  1-4 EEL =      8882.5705  VDWAALS    =      8123.8363
 EELEC  =    -89472.2044  EHBOND  =         0.0000  RESTRAINT  =        75.8959
 EAMBER (non-restraint)  =    -68387.4940
 EKCMT  =      6093.3844  VIRIAL  =      6617.2794  VOLUME     =    226826.8449
                                                    Density    =         1.0166
 ------------------------------------------------------------------------------

wrapping first mol.:       22.18526       31.37470       54.34257
wrapping first mol.:       22.18526       31.37470       54.34257

 NSTEP =    24500   TIME(PS) =    2049.000  TEMP(K) =   301.91  PRESS =  -132.6
 Etot   =    -54382.8445  EKtot   =     13989.2285  EPtot      =    -68372.0730
 BOND   =       448.6766  ANGLE   =      1173.7032  DIHED      =      1875.4991
 1-4 NB =       577.2411  1-4 EEL =      8836.1002  VDWAALS    =      8132.8647
 EELEC  =    -89494.5555  EHBOND  =         0.0000  RESTRAINT  =        78.3976
 EAMBER (non-restraint)  =    -68450.4706
 EKCMT  =      6079.8556  VIRIAL  =      6729.7343  VOLUME     =    226955.4459
                                                    Density    =         1.0161
 ------------------------------------------------------------------------------

wrapping first mol.:       22.16732       31.34933       54.29863
wrapping first mol.:       22.16732       31.34933       54.29863

 NSTEP =    25000   TIME(PS) =    2050.000  TEMP(K) =   299.32  PRESS =    76.8
 Etot   =    -54433.2720  EKtot   =     13868.9971  EPtot      =    -68302.2690
 BOND   =       465.6004  ANGLE   =      1188.2716  DIHED      =      1856.2432
 1-4 NB =       591.6289  1-4 EEL =      8877.1408  VDWAALS    =      8039.6163
 EELEC  =    -89409.7873  EHBOND  =         0.0000  RESTRAINT  =        89.0170
 EAMBER (non-restraint)  =    -68391.2860
 EKCMT  =      6107.6505  VIRIAL  =      5732.1019  VOLUME     =    226401.1060
                                                    Density    =         1.0186
 ------------------------------------------------------------------------------

wrapping first mol.:       22.18839       31.37912       54.35022
wrapping first mol.:       22.18839       31.37912       54.35022

 NSTEP =    25500   TIME(PS) =    2051.000  TEMP(K) =   301.49  PRESS =  -248.1
 Etot   =    -54297.3369  EKtot   =     13969.4629  EPtot      =    -68266.7998
 BOND   =       419.1911  ANGLE   =      1202.0708  DIHED      =      1852.6619
 1-4 NB =       578.9980  1-4 EEL =      8872.1693  VDWAALS    =      8042.0357
 EELEC  =    -89320.1837  EHBOND  =         0.0000  RESTRAINT  =        86.2571
 EAMBER (non-restraint)  =    -68353.0569
 EKCMT  =      6070.0718  VIRIAL  =      7286.2364  VOLUME     =    227053.6569
                                                    Density    =         1.0156
 ------------------------------------------------------------------------------

wrapping first mol.:       22.20348       31.40046       54.38719
wrapping first mol.:       22.20348       31.40046       54.38719

 NSTEP =    26000   TIME(PS) =    2052.000  TEMP(K) =   302.06  PRESS =  -115.5
 Etot   =    -54053.4584  EKtot   =     13995.9277  EPtot      =    -68049.3862
 BOND   =       446.5936  ANGLE   =      1236.6484  DIHED      =      1871.1855
 1-4 NB =       557.0530  1-4 EEL =      8844.7666  VDWAALS    =      7810.7800
 EELEC  =    -88909.9972  EHBOND  =         0.0000  RESTRAINT  =        93.5839
 EAMBER (non-restraint)  =    -68142.9701
 EKCMT  =      6087.4819  VIRIAL  =      6654.9468  VOLUME     =    227514.6769
                                                    Density    =         1.0136
 ------------------------------------------------------------------------------

wrapping first mol.:       22.18037       31.36779       54.33059
wrapping first mol.:       22.18037       31.36779       54.33059

 NSTEP =    26500   TIME(PS) =    2053.000  TEMP(K) =   301.35  PRESS =  -189.9
 Etot   =    -54261.5994  EKtot   =     13962.9512  EPtot      =    -68224.5505
 BOND   =       445.6677  ANGLE   =      1197.1654  DIHED      =      1862.1634
 1-4 NB =       580.7220  1-4 EEL =      8834.7841  VDWAALS    =      7987.2591
 EELEC  =    -89213.6352  EHBOND  =         0.0000  RESTRAINT  =        81.3230
 EAMBER (non-restraint)  =    -68305.8735
 EKCMT  =      6161.6933  VIRIAL  =      7091.5655  VOLUME     =    226806.6206
                                                    Density    =         1.0167
 ------------------------------------------------------------------------------

wrapping first mol.:       22.17255       31.35672       54.31142
wrapping first mol.:       22.17255       31.35672       54.31142

 NSTEP =    27000   TIME(PS) =    2054.000  TEMP(K) =   298.98  PRESS =  -493.8
 Etot   =    -54443.0166  EKtot   =     13853.1875  EPtot      =    -68296.2041
 BOND   =       425.8205  ANGLE   =      1185.8611  DIHED      =      1876.3561
 1-4 NB =       589.0197  1-4 EEL =      8838.0250  VDWAALS    =      7937.1492
 EELEC  =    -89239.6353  EHBOND  =         0.0000  RESTRAINT  =        91.1996
 EAMBER (non-restraint)  =    -68387.4037
 EKCMT  =      6025.6113  VIRIAL  =      8441.2964  VOLUME     =    226572.7447
                                                    Density    =         1.0178
 ------------------------------------------------------------------------------

wrapping first mol.:       22.16840       31.35085       54.30127
wrapping first mol.:       22.16840       31.35085       54.30127

 NSTEP =    27500   TIME(PS) =    2055.000  TEMP(K) =   296.28  PRESS =   -37.3
 Etot   =    -54576.2480  EKtot   =     13728.1201  EPtot      =    -68304.3681
 BOND   =       452.1810  ANGLE   =      1177.8639  DIHED      =      1858.4206
 1-4 NB =       585.3489  1-4 EEL =      8855.9563  VDWAALS    =      8097.9063
 EELEC  =    -89418.1594  EHBOND  =         0.0000  RESTRAINT  =        86.1142
 EAMBER (non-restraint)  =    -68390.4824
 EKCMT  =      6071.4580  VIRIAL  =      6253.9590  VOLUME     =    226436.4462
                                                    Density    =         1.0184
 ------------------------------------------------------------------------------

wrapping first mol.:       22.16500       31.34604       54.29293
wrapping first mol.:       22.16500       31.34604       54.29293

 NSTEP =    28000   TIME(PS) =    2056.000  TEMP(K) =   299.81  PRESS =  -155.5
 Etot   =    -54454.9000  EKtot   =     13891.9688  EPtot      =    -68346.8688
 BOND   =       446.9274  ANGLE   =      1209.5544  DIHED      =      1857.5475
 1-4 NB =       610.2496  1-4 EEL =      8881.2682  VDWAALS    =      8004.9887
 EELEC  =    -89447.2756  EHBOND  =         0.0000  RESTRAINT  =        89.8710
 EAMBER (non-restraint)  =    -68436.7398
 EKCMT  =      6056.4664  VIRIAL  =      6816.5320  VOLUME     =    226334.5593
                                                    Density    =         1.0189
 ------------------------------------------------------------------------------

wrapping first mol.:       22.15261       31.32852       54.26258
wrapping first mol.:       22.15261       31.32852       54.26258

 NSTEP =    28500   TIME(PS) =    2057.000  TEMP(K) =   298.20  PRESS =    40.3
 Etot   =    -54490.2197  EKtot   =     13817.1143  EPtot      =    -68307.3339
 BOND   =       472.0171  ANGLE   =      1217.8581  DIHED      =      1849.9218
 1-4 NB =       587.5709  1-4 EEL =      8879.6375  VDWAALS    =      8043.0624
 EELEC  =    -89430.3655  EHBOND  =         0.0000  RESTRAINT  =        72.9638
 EAMBER (non-restraint)  =    -68380.2977
 EKCMT  =      5978.0892  VIRIAL  =      5781.2593  VOLUME     =    225951.2880
                                                    Density    =         1.0206
 ------------------------------------------------------------------------------

wrapping first mol.:       22.14511       31.31792       54.24422
wrapping first mol.:       22.14511       31.31792       54.24422

 NSTEP =    29000   TIME(PS) =    2058.000  TEMP(K) =   299.64  PRESS =    24.7
 Etot   =    -54623.3882  EKtot   =     13884.0889  EPtot      =    -68507.4771
 BOND   =       437.3172  ANGLE   =      1254.2421  DIHED      =      1874.6077
 1-4 NB =       560.7423  1-4 EEL =      8844.8909  VDWAALS    =      8359.5793
 EELEC  =    -89916.7098  EHBOND  =         0.0000  RESTRAINT  =        77.8534
 EAMBER (non-restraint)  =    -68585.3305
 EKCMT  =      5993.1750  VIRIAL  =      5872.7968  VOLUME     =    225722.2511
                                                    Density    =         1.0216
 ------------------------------------------------------------------------------

wrapping first mol.:       22.15593       31.33321       54.27071
wrapping first mol.:       22.15593       31.33321       54.27071

 NSTEP =    29500   TIME(PS) =    2059.000  TEMP(K) =   301.65  PRESS =   138.0
 Etot   =    -54400.3528  EKtot   =     13977.0410  EPtot      =    -68377.3938
 BOND   =       452.7474  ANGLE   =      1219.3670  DIHED      =      1878.0526
 1-4 NB =       569.6898  1-4 EEL =      8858.6483  VDWAALS    =      8074.8176
 EELEC  =    -89518.3512  EHBOND  =         0.0000  RESTRAINT  =        87.6346
 EAMBER (non-restraint)  =    -68465.0284
 EKCMT  =      6134.6640  VIRIAL  =      5461.2453  VOLUME     =    226050.8421
                                                    Density    =         1.0201
 ------------------------------------------------------------------------------

wrapping first mol.:       22.13514       31.30381       54.21978
wrapping first mol.:       22.13514       31.30381       54.21978

 NSTEP =    30000   TIME(PS) =    2060.000  TEMP(K) =   300.14  PRESS =   -45.0
 Etot   =    -54494.2583  EKtot   =     13906.9932  EPtot      =    -68401.2515
 BOND   =       441.1649  ANGLE   =      1235.3796  DIHED      =      1875.2522
 1-4 NB =       551.2990  1-4 EEL =      8871.5499  VDWAALS    =      8012.3558
 EELEC  =    -89475.8060  EHBOND  =         0.0000  RESTRAINT  =        87.5531
 EAMBER (non-restraint)  =    -68488.8046
 EKCMT  =      6013.8085  VIRIAL  =      6232.8840  VOLUME     =    225418.7541
                                                    Density    =         1.0230
 ------------------------------------------------------------------------------

wrapping first mol.:       22.13183       31.29913       54.21168
wrapping first mol.:       22.13183       31.29913       54.21168

 NSTEP =    30500   TIME(PS) =    2061.000  TEMP(K) =   300.29  PRESS =  -177.9
 Etot   =    -54591.2347  EKtot   =     13913.8242  EPtot      =    -68505.0589
 BOND   =       437.2086  ANGLE   =      1220.1020  DIHED      =      1844.0217
 1-4 NB =       563.6785  1-4 EEL =      8838.3562  VDWAALS    =      8059.9225
 EELEC  =    -89560.8831  EHBOND  =         0.0000  RESTRAINT  =        92.5347
 EAMBER (non-restraint)  =    -68597.5936
 EKCMT  =      5981.6289  VIRIAL  =      6847.1219  VOLUME     =    225320.4279
                                                    Density    =         1.0234
 ------------------------------------------------------------------------------

wrapping first mol.:       22.15513       31.33208       54.26875
wrapping first mol.:       22.15513       31.33208       54.26875

 NSTEP =    31000   TIME(PS) =    2062.000  TEMP(K) =   302.34  PRESS =    -5.1
 Etot   =    -54346.3476  EKtot   =     14008.8594  EPtot      =    -68355.2070
 BOND   =       449.8628  ANGLE   =      1206.9670  DIHED      =      1856.4132
 1-4 NB =       587.0324  1-4 EEL =      8872.8518  VDWAALS    =      7951.5236
 EELEC  =    -89366.7305  EHBOND  =         0.0000  RESTRAINT  =        86.8727
 EAMBER (non-restraint)  =    -68442.0797
 EKCMT  =      6172.6809  VIRIAL  =      6197.5500  VOLUME     =    226029.2780
                                                    Density    =         1.0202
 ------------------------------------------------------------------------------

wrapping first mol.:       22.15441       31.33106       54.26699
wrapping first mol.:       22.15441       31.33106       54.26699

 NSTEP =    31500   TIME(PS) =    2063.000  TEMP(K) =   301.11  PRESS =   248.5
 Etot   =    -54317.2784  EKtot   =     13951.8633  EPtot      =    -68269.1417
 BOND   =       425.0659  ANGLE   =      1195.7177  DIHED      =      1849.6626
 1-4 NB =       553.3724  1-4 EEL =      8823.7841  VDWAALS    =      8160.0831
 EELEC  =    -89357.4494  EHBOND  =         0.0000  RESTRAINT  =        80.6220
 EAMBER (non-restraint)  =    -68349.7637
 EKCMT  =      6086.8882  VIRIAL  =      4874.1556  VOLUME     =    226002.1520
                                                    Density    =         1.0204
 ------------------------------------------------------------------------------

wrapping first mol.:       22.15465       31.33141       54.26758
wrapping first mol.:       22.15465       31.33141       54.26758

 NSTEP =    32000   TIME(PS) =    2064.000  TEMP(K) =   298.28  PRESS =   285.8
 Etot   =    -54404.1180  EKtot   =     13821.0830  EPtot      =    -68225.2010
 BOND   =       479.8531  ANGLE   =      1219.5002  DIHED      =      1845.5353
 1-4 NB =       590.9772  1-4 EEL =      8838.8505  VDWAALS    =      8260.8155
 EELEC  =    -89540.3933  EHBOND  =         0.0000  RESTRAINT  =        79.6604
 EAMBER (non-restraint)  =    -68304.8614
 EKCMT  =      5962.8706  VIRIAL  =      4568.3495  VOLUME     =    226008.8305
                                                    Density    =         1.0203
 ------------------------------------------------------------------------------

wrapping first mol.:       22.16280       31.34293       54.28754
wrapping first mol.:       22.16280       31.34293       54.28754

 NSTEP =    32500   TIME(PS) =    2065.000  TEMP(K) =   297.93  PRESS =  -118.7
 Etot   =    -54585.8762  EKtot   =     13804.7764  EPtot      =    -68390.6526
 BOND   =       456.6272  ANGLE   =      1187.5395  DIHED      =      1848.1105
 1-4 NB =       565.9207  1-4 EEL =      8843.2825  VDWAALS    =      8032.3788
 EELEC  =    -89402.3083  EHBOND  =         0.0000  RESTRAINT  =        77.7966
 EAMBER (non-restraint)  =    -68468.4492
 EKCMT  =      6033.7058  VIRIAL  =      6613.8118  VOLUME     =    226266.4182
                                                    Density    =         1.0192
 ------------------------------------------------------------------------------

wrapping first mol.:       22.15504       31.33196       54.26855
wrapping first mol.:       22.15504       31.33196       54.26855

 NSTEP =    33000   TIME(PS) =    2066.000  TEMP(K) =   298.92  PRESS =   -35.0
 Etot   =    -54424.3519  EKtot   =     13850.6094  EPtot      =    -68274.9613
 BOND   =       459.5131  ANGLE   =      1194.4064  DIHED      =      1861.4152
 1-4 NB =       582.3966  1-4 EEL =      8811.7159  VDWAALS    =      8114.4513
 EELEC  =    -89384.0114  EHBOND  =         0.0000  RESTRAINT  =        85.1517
 EAMBER (non-restraint)  =    -68360.1129
 EKCMT  =      5988.8459  VIRIAL  =      6159.6050  VOLUME     =    226027.3314
                                                    Density    =         1.0202
 ------------------------------------------------------------------------------

wrapping first mol.:       22.16184       31.34158       54.28520
wrapping first mol.:       22.16184       31.34158       54.28520

 NSTEP =    33500   TIME(PS) =    2067.000  TEMP(K) =   304.96  PRESS =   183.6
 Etot   =    -53970.8524  EKtot   =     14130.3672  EPtot      =    -68101.2196
 BOND   =       485.7143  ANGLE   =      1193.3777  DIHED      =      1830.9043
 1-4 NB =       588.9594  1-4 EEL =      8856.8271  VDWAALS    =      8044.9064
 EELEC  =    -89196.8589  EHBOND  =         0.0000  RESTRAINT  =        94.9502
 EAMBER (non-restraint)  =    -68196.1697
 EKCMT  =      6171.8005  VIRIAL  =      5274.9024  VOLUME     =    226231.0312
                                                    Density    =         1.0193
 ------------------------------------------------------------------------------

wrapping first mol.:       22.16588       31.34729       54.29510
wrapping first mol.:       22.16588       31.34729       54.29510

 NSTEP =    34000   TIME(PS) =    2068.000  TEMP(K) =   302.94  PRESS =    74.0
 Etot   =    -54244.3685  EKtot   =     14036.6670  EPtot      =    -68281.0355
 BOND   =       417.4703  ANGLE   =      1214.2416  DIHED      =      1828.9992
 1-4 NB =       609.7483  1-4 EEL =      8916.6963  VDWAALS    =      8154.8609
 EELEC  =    -89508.0158  EHBOND  =         0.0000  RESTRAINT  =        84.9638
 EAMBER (non-restraint)  =    -68365.9993
 EKCMT  =      6083.0708  VIRIAL  =      5721.2585  VOLUME     =    226357.0545
                                                    Density    =         1.0188
 ------------------------------------------------------------------------------

wrapping first mol.:       22.19147       31.38347       54.35777
wrapping first mol.:       22.19147       31.38347       54.35777

 NSTEP =    34500   TIME(PS) =    2069.000  TEMP(K) =   297.86  PRESS =  -189.1
 Etot   =    -54546.0959  EKtot   =     13801.5039  EPtot      =    -68347.5998
 BOND   =       436.1155  ANGLE   =      1223.8419  DIHED      =      1820.0581
 1-4 NB =       583.1331  1-4 EEL =      8895.4694  VDWAALS    =      8129.8688
 EELEC  =    -89514.5213  EHBOND  =         0.0000  RESTRAINT  =        78.4346
 EAMBER (non-restraint)  =    -68426.0343
 EKCMT  =      5970.8813  VIRIAL  =      6898.3027  VOLUME     =    227147.0685
                                                    Density    =         1.0152
 ------------------------------------------------------------------------------

wrapping first mol.:       22.16930       31.35212       54.30346
wrapping first mol.:       22.16930       31.35212       54.30346

 NSTEP =    35000   TIME(PS) =    2070.000  TEMP(K) =   302.79  PRESS =   -76.5
 Etot   =    -54353.5628  EKtot   =     14029.7500  EPtot      =    -68383.3128
 BOND   =       459.6704  ANGLE   =      1202.1217  DIHED      =      1843.9911
 1-4 NB =       572.5602  1-4 EEL =      8860.8916  VDWAALS    =      7876.2468
 EELEC  =    -89278.0805  EHBOND  =         0.0000  RESTRAINT  =        79.2860
 EAMBER (non-restraint)  =    -68462.5988
 EKCMT  =      6052.6208  VIRIAL  =      6426.5535  VOLUME     =    226464.6808
                                                    Density    =         1.0183
 ------------------------------------------------------------------------------

wrapping first mol.:       22.15564       31.33281       54.27002
wrapping first mol.:       22.15564       31.33281       54.27002

 NSTEP =    35500   TIME(PS) =    2071.000  TEMP(K) =   300.01  PRESS =  -437.8
 Etot   =    -54400.5496  EKtot   =     13901.0400  EPtot      =    -68301.5896
 BOND   =       451.8312  ANGLE   =      1218.1106  DIHED      =      1839.3173
 1-4 NB =       578.1510  1-4 EEL =      8827.7033  VDWAALS    =      7856.9968
 EELEC  =    -89155.2805  EHBOND  =         0.0000  RESTRAINT  =        81.5808
 EAMBER (non-restraint)  =    -68383.1704
 EKCMT  =      6068.4006  VIRIAL  =      8205.1653  VOLUME     =    226053.7966
                                                    Density    =         1.0201
 ------------------------------------------------------------------------------

wrapping first mol.:       22.16049       31.33967       54.28189
wrapping first mol.:       22.16049       31.33967       54.28189

 NSTEP =    36000   TIME(PS) =    2072.000  TEMP(K) =   299.00  PRESS =   242.9
 Etot   =    -54280.7399  EKtot   =     13854.1719  EPtot      =    -68134.9118
 BOND   =       430.9303  ANGLE   =      1250.3987  DIHED      =      1852.4977
 1-4 NB =       586.8079  1-4 EEL =      8826.8981  VDWAALS    =      8139.7948
 EELEC  =    -89306.7507  EHBOND  =         0.0000  RESTRAINT  =        84.5114
 EAMBER (non-restraint)  =    -68219.4232
 EKCMT  =      6074.0567  VIRIAL  =      4887.9191  VOLUME     =    226188.5343
                                                    Density    =         1.0195
 ------------------------------------------------------------------------------

wrapping first mol.:       22.17807       31.36453       54.32495
wrapping first mol.:       22.17807       31.36453       54.32495

 NSTEP =    36500   TIME(PS) =    2073.000  TEMP(K) =   300.34  PRESS =   221.9
 Etot   =    -54538.2337  EKtot   =     13916.1875  EPtot      =    -68454.4212
 BOND   =       443.0442  ANGLE   =      1174.4623  DIHED      =      1841.6060
 1-4 NB =       578.9333  1-4 EEL =      8856.7334  VDWAALS    =      8132.2597
 EELEC  =    -89566.6840  EHBOND  =         0.0000  RESTRAINT  =        85.2239
 EAMBER (non-restraint)  =    -68539.6451
 EKCMT  =      6070.8606  VIRIAL  =      4984.7229  VOLUME     =    226727.5806
                                                    Density    =         1.0171
 ------------------------------------------------------------------------------

wrapping first mol.:       22.17330       31.35778       54.31326
wrapping first mol.:       22.17330       31.35778       54.31326

 NSTEP =    37000   TIME(PS) =    2074.000  TEMP(K) =   301.35  PRESS =  -309.9
 Etot   =    -54196.2687  EKtot   =     13963.1553  EPtot      =    -68159.4240
 BOND   =       459.9961  ANGLE   =      1210.0201  DIHED      =      1831.8396
 1-4 NB =       569.3150  1-4 EEL =      8859.4855  VDWAALS    =      7853.0788
 EELEC  =    -89022.9638  EHBOND  =         0.0000  RESTRAINT  =        79.8047
 EAMBER (non-restraint)  =    -68239.2287
 EKCMT  =      6139.7099  VIRIAL  =      7655.7543  VOLUME     =    226592.0016
                                                    Density    =         1.0177
 ------------------------------------------------------------------------------

wrapping first mol.:       22.17833       31.36489       54.32558
wrapping first mol.:       22.17833       31.36489       54.32558

 NSTEP =    37500   TIME(PS) =    2075.000  TEMP(K) =   301.28  PRESS =   242.0
 Etot   =    -54368.9380  EKtot   =     13959.9795  EPtot      =    -68328.9175
 BOND   =       452.7010  ANGLE   =      1197.0985  DIHED      =      1864.2431
 1-4 NB =       586.2326  1-4 EEL =      8845.8038  VDWAALS    =      8076.3670
 EELEC  =    -89438.1943  EHBOND  =         0.0000  RESTRAINT  =        86.8308
 EAMBER (non-restraint)  =    -68415.7484
 EKCMT  =      6098.0442  VIRIAL  =      4913.2773  VOLUME     =    226735.0290
                                                    Density    =         1.0171
 ------------------------------------------------------------------------------

wrapping first mol.:       22.17391       31.35865       54.31477
wrapping first mol.:       22.17391       31.35865       54.31477

 NSTEP =    38000   TIME(PS) =    2076.000  TEMP(K) =   301.16  PRESS =    83.7
 Etot   =    -54338.2910  EKtot   =     13954.3438  EPtot      =    -68292.6348
 BOND   =       393.7669  ANGLE   =      1228.3155  DIHED      =      1858.6488
 1-4 NB =       585.9101  1-4 EEL =      8861.0287  VDWAALS    =      8143.5695
 EELEC  =    -89457.7744  EHBOND  =         0.0000  RESTRAINT  =        93.9001
 EAMBER (non-restraint)  =    -68386.5349
 EKCMT  =      5985.0651  VIRIAL  =      5575.5703  VOLUME     =    226602.9100
                                                    Density    =         1.0177
 ------------------------------------------------------------------------------

wrapping first mol.:       22.16275       31.34286       54.28743
wrapping first mol.:       22.16275       31.34286       54.28743

 NSTEP =    38500   TIME(PS) =    2077.000  TEMP(K) =   302.08  PRESS =   151.3
 Etot   =    -54195.4162  EKtot   =     13997.0537  EPtot      =    -68192.4699
 BOND   =       433.0271  ANGLE   =      1189.8567  DIHED      =      1873.1394
 1-4 NB =       579.0210  1-4 EEL =      8881.0712  VDWAALS    =      8095.7987
 EELEC  =    -89327.2023  EHBOND  =         0.0000  RESTRAINT  =        82.8182
 EAMBER (non-restraint)  =    -68275.2881
 EKCMT  =      6100.9209  VIRIAL  =      5361.6035  VOLUME     =    226259.5841
                                                    Density    =         1.0192
 ------------------------------------------------------------------------------

wrapping first mol.:       22.16787       31.35010       54.29996
wrapping first mol.:       22.16787       31.35010       54.29996

 NSTEP =    39000   TIME(PS) =    2078.000  TEMP(K) =   297.87  PRESS =   245.5
 Etot   =    -54562.7996  EKtot   =     13802.1143  EPtot      =    -68364.9139
 BOND   =       460.3078  ANGLE   =      1176.1296  DIHED      =      1858.2342
 1-4 NB =       588.8294  1-4 EEL =      8834.3591  VDWAALS    =      8144.4537
 EELEC  =    -89519.3802  EHBOND  =         0.0000  RESTRAINT  =        92.1524
 EAMBER (non-restraint)  =    -68457.0663
 EKCMT  =      6040.3353  VIRIAL  =      4840.2376  VOLUME     =    226414.4067
                                                    Density    =         1.0185
 ------------------------------------------------------------------------------

wrapping first mol.:       22.16778       31.34998       54.29975
wrapping first mol.:       22.16778       31.34998       54.29975

 NSTEP =    39500   TIME(PS) =    2079.000  TEMP(K) =   298.84  PRESS =  -105.7
 Etot   =    -54571.7069  EKtot   =     13846.9336  EPtot      =    -68418.6405
 BOND   =       446.7843  ANGLE   =      1190.4825  DIHED      =      1833.8976
 1-4 NB =       576.8896  1-4 EEL =      8881.5404  VDWAALS    =      7918.9868
 EELEC  =    -89352.1508  EHBOND  =         0.0000  RESTRAINT  =        84.9291
 EAMBER (non-restraint)  =    -68503.5696
 EKCMT  =      6096.1663  VIRIAL  =      6612.9492  VOLUME     =    226418.9112
                                                    Density    =         1.0185
 ------------------------------------------------------------------------------

wrapping first mol.:       22.15612       31.33349       54.27118
wrapping first mol.:       22.15612       31.33349       54.27118

 NSTEP =    40000   TIME(PS) =    2080.000  TEMP(K) =   296.17  PRESS =    84.4
 Etot   =    -54571.2667  EKtot   =     13723.1680  EPtot      =    -68294.4346
 BOND   =       426.2551  ANGLE   =      1212.1965  DIHED      =      1862.1183
 1-4 NB =       573.8307  1-4 EEL =      8828.6416  VDWAALS    =      8019.3223
 EELEC  =    -89298.0626  EHBOND  =         0.0000  RESTRAINT  =        81.2634
 EAMBER (non-restraint)  =    -68375.6980
 EKCMT  =      6021.5971  VIRIAL  =      5609.8591  VOLUME     =    226057.8684
                                                    Density    =         1.0201
 ------------------------------------------------------------------------------

wrapping first mol.:       22.18215       31.37030       54.33495
wrapping first mol.:       22.18215       31.37030       54.33495

 NSTEP =    40500   TIME(PS) =    2081.000  TEMP(K) =   298.75  PRESS =    97.4
 Etot   =    -54227.5148  EKtot   =     13842.7539  EPtot      =    -68070.2687
 BOND   =       471.8333  ANGLE   =      1208.4896  DIHED      =      1871.2475
 1-4 NB =       578.0892  1-4 EEL =      8843.6258  VDWAALS    =      8079.2324
 EELEC  =    -89202.3246  EHBOND  =         0.0000  RESTRAINT  =        79.5381
 EAMBER (non-restraint)  =    -68149.8068
 EKCMT  =      6023.9928  VIRIAL  =      5546.7396  VOLUME     =    226855.3563
                                                    Density    =         1.0165
 ------------------------------------------------------------------------------

wrapping first mol.:       22.17912       31.36601       54.32752
wrapping first mol.:       22.17912       31.36601       54.32752

 NSTEP =    41000   TIME(PS) =    2082.000  TEMP(K) =   301.76  PRESS =  -109.6
 Etot   =    -54142.4874  EKtot   =     13982.0801  EPtot      =    -68124.5674
 BOND   =       472.3734  ANGLE   =      1155.3977  DIHED      =      1837.4564
 1-4 NB =       581.1676  1-4 EEL =      8871.0656  VDWAALS    =      8097.6717
 EELEC  =    -89227.5885  EHBOND  =         0.0000  RESTRAINT  =        87.8886
 EAMBER (non-restraint)  =    -68212.4560
 EKCMT  =      6086.7973  VIRIAL  =      6623.6216  VOLUME     =    226766.5361
                                                    Density    =         1.0169
 ------------------------------------------------------------------------------

wrapping first mol.:       22.16688       31.34870       54.29754
wrapping first mol.:       22.16688       31.34870       54.29754

 NSTEP =    41500   TIME(PS) =    2083.000  TEMP(K) =   299.07  PRESS =   -95.7
 Etot   =    -54390.8452  EKtot   =     13857.4863  EPtot      =    -68248.3315
 BOND   =       455.0230  ANGLE   =      1238.8486  DIHED      =      1856.5106
 1-4 NB =       570.4331  1-4 EEL =      8881.9652  VDWAALS    =      8034.8505
 EELEC  =    -89382.5533  EHBOND  =         0.0000  RESTRAINT  =        96.5906
 EAMBER (non-restraint)  =    -68344.9221
 EKCMT  =      6102.6306  VIRIAL  =      6570.2195  VOLUME     =    226390.9757
                                                    Density    =         1.0186
 ------------------------------------------------------------------------------

wrapping first mol.:       22.17045       31.35375       54.30629
wrapping first mol.:       22.17045       31.35375       54.30629

 NSTEP =    42000   TIME(PS) =    2084.000  TEMP(K) =   300.24  PRESS =   419.8
 Etot   =    -54540.1263  EKtot   =     13911.5410  EPtot      =    -68451.6673
 BOND   =       431.8859  ANGLE   =      1195.7725  DIHED      =      1843.6835
 1-4 NB =       580.7167  1-4 EEL =      8864.3442  VDWAALS    =      8267.5716
 EELEC  =    -89717.4470  EHBOND  =         0.0000  RESTRAINT  =        81.8053
 EAMBER (non-restraint)  =    -68533.4726
 EKCMT  =      6054.2616  VIRIAL  =      4001.1537  VOLUME     =    226490.0824
                                                    Density    =         1.0182
 ------------------------------------------------------------------------------

wrapping first mol.:       22.17482       31.35993       54.31699
wrapping first mol.:       22.17482       31.35993       54.31699

 NSTEP =    42500   TIME(PS) =    2085.000  TEMP(K) =   299.63  PRESS =  -142.5
 Etot   =    -54485.6265  EKtot   =     13883.4941  EPtot      =    -68369.1207
 BOND   =       460.9746  ANGLE   =      1189.7218  DIHED      =      1850.2080
 1-4 NB =       578.3965  1-4 EEL =      8830.2986  VDWAALS    =      7972.9630
 EELEC  =    -89343.7514  EHBOND  =         0.0000  RESTRAINT  =        92.0683
 EAMBER (non-restraint)  =    -68461.1889
 EKCMT  =      6059.9983  VIRIAL  =      6757.1491  VOLUME     =    226635.2649
                                                    Density    =         1.0175
 ------------------------------------------------------------------------------

wrapping first mol.:       22.16323       31.34354       54.28860
wrapping first mol.:       22.16323       31.34354       54.28860

 NSTEP =    43000   TIME(PS) =    2086.000  TEMP(K) =   299.83  PRESS =    15.6
 Etot   =    -54600.8610  EKtot   =     13892.7539  EPtot      =    -68493.6149
 BOND   =       451.2754  ANGLE   =      1194.4703  DIHED      =      1852.6924
 1-4 NB =       577.5691  1-4 EEL =      8816.0026  VDWAALS    =      8269.9960
 EELEC  =    -89736.1149  EHBOND  =         0.0000  RESTRAINT  =        80.4942
 EAMBER (non-restraint)  =    -68574.1090
 EKCMT  =      6029.4233  VIRIAL  =      5953.4392  VOLUME     =    226276.9377
                                                    Density    =         1.0191
 ------------------------------------------------------------------------------

wrapping first mol.:       22.14819       31.32227       54.25176
wrapping first mol.:       22.14819       31.32227       54.25176

 NSTEP =    43500   TIME(PS) =    2087.000  TEMP(K) =   297.58  PRESS =   254.4
 Etot   =    -54771.0836  EKtot   =     13788.4443  EPtot      =    -68559.5279
 BOND   =       433.1441  ANGLE   =      1215.9460  DIHED      =      1880.5935
 1-4 NB =       592.3435  1-4 EEL =      8867.4078  VDWAALS    =      8310.3439
 EELEC  =    -89942.0417  EHBOND  =         0.0000  RESTRAINT  =        82.7350
 EAMBER (non-restraint)  =    -68642.2629
 EKCMT  =      5924.7809  VIRIAL  =      4684.6795  VOLUME     =    225811.8145
                                                    Density    =         1.0212
 ------------------------------------------------------------------------------

wrapping first mol.:       22.16396       31.34457       54.29038
wrapping first mol.:       22.16396       31.34457       54.29038

 NSTEP =    44000   TIME(PS) =    2088.000  TEMP(K) =   299.11  PRESS =    74.7
 Etot   =    -54556.4328  EKtot   =     13859.4385  EPtot      =    -68415.8713
 BOND   =       485.9232  ANGLE   =      1198.8246  DIHED      =      1868.7022
 1-4 NB =       571.6848  1-4 EEL =      8875.2285  VDWAALS    =      8158.9639
 EELEC  =    -89669.0473  EHBOND  =         0.0000  RESTRAINT  =        93.8489
 EAMBER (non-restraint)  =    -68509.7201
 EKCMT  =      6059.3801  VIRIAL  =      5694.5756  VOLUME     =    226298.0685
                                                    Density    =         1.0190
 ------------------------------------------------------------------------------

wrapping first mol.:       22.15606       31.33340       54.27104
wrapping first mol.:       22.15606       31.33340       54.27104

 NSTEP =    44500   TIME(PS) =    2089.000  TEMP(K) =   300.39  PRESS =  -162.8
 Etot   =    -54388.9294  EKtot   =     13918.8809  EPtot      =    -68307.8103
 BOND   =       429.4076  ANGLE   =      1195.0258  DIHED      =      1846.2008
 1-4 NB =       581.7200  1-4 EEL =      8883.4074  VDWAALS    =      8073.0721
 EELEC  =    -89403.8350  EHBOND  =         0.0000  RESTRAINT  =        87.1911
 EAMBER (non-restraint)  =    -68395.0014
 EKCMT  =      6008.0453  VIRIAL  =      6802.6154  VOLUME     =    226060.9934
                                                    Density    =         1.0201
 ------------------------------------------------------------------------------

wrapping first mol.:       22.16557       31.34685       54.29434
wrapping first mol.:       22.16557       31.34685       54.29434

 NSTEP =    45000   TIME(PS) =    2090.000  TEMP(K) =   300.62  PRESS =  -133.8
 Etot   =    -54549.8156  EKtot   =     13929.5430  EPtot      =    -68479.3586
 BOND   =       446.0532  ANGLE   =      1217.4856  DIHED      =      1834.3896
 1-4 NB =       585.0024  1-4 EEL =      8886.4447  VDWAALS    =      8158.6131
 EELEC  =    -89687.2979  EHBOND  =         0.0000  RESTRAINT  =        79.9505
 EAMBER (non-restraint)  =    -68559.3092
 EKCMT  =      6070.7024  VIRIAL  =      6724.4093  VOLUME     =    226351.6892
                                                    Density    =         1.0188
 ------------------------------------------------------------------------------

wrapping first mol.:       22.16504       31.34610       54.29303
wrapping first mol.:       22.16504       31.34610       54.29303

 NSTEP =    45500   TIME(PS) =    2091.000  TEMP(K) =   300.55  PRESS =  -361.9
 Etot   =    -54400.1972  EKtot   =     13926.1201  EPtot      =    -68326.3174
 BOND   =       460.7493  ANGLE   =      1213.2197  DIHED      =      1849.1142
 1-4 NB =       580.5758  1-4 EEL =      8876.7949  VDWAALS    =      8078.5965
 EELEC  =    -89471.6788  EHBOND  =         0.0000  RESTRAINT  =        86.3110
 EAMBER (non-restraint)  =    -68412.6284
 EKCMT  =      6090.7737  VIRIAL  =      7859.2799  VOLUME     =    226339.9734
                                                    Density    =         1.0188
 ------------------------------------------------------------------------------

wrapping first mol.:       22.16096       31.34033       54.28305
wrapping first mol.:       22.16096       31.34033       54.28305

 NSTEP =    46000   TIME(PS) =    2092.000  TEMP(K) =   300.63  PRESS =    38.9
 Etot   =    -54334.1394  EKtot   =     13929.6885  EPtot      =    -68263.8278
 BOND   =       457.2925  ANGLE   =      1178.1451  DIHED      =      1884.7496
 1-4 NB =       558.8810  1-4 EEL =      8800.1020  VDWAALS    =      8064.6360
 EELEC  =    -89294.5950  EHBOND  =         0.0000  RESTRAINT  =        86.9609
 EAMBER (non-restraint)  =    -68350.7888
 EKCMT  =      6134.6274  VIRIAL  =      5944.5904  VOLUME     =    226207.0388
                                                    Density    =         1.0194
 ------------------------------------------------------------------------------

wrapping first mol.:       22.14977       31.32450       54.25562
wrapping first mol.:       22.14977       31.32450       54.25562

 NSTEP =    46500   TIME(PS) =    2093.000  TEMP(K) =   298.78  PRESS =   -18.9
 Etot   =    -54642.4452  EKtot   =     13843.9141  EPtot      =    -68486.3593
 BOND   =       416.1375  ANGLE   =      1198.5944  DIHED      =      1853.4575
 1-4 NB =       590.6356  1-4 EEL =      8837.3413  VDWAALS    =      8156.4544
 EELEC  =    -89629.9335  EHBOND  =         0.0000  RESTRAINT  =        90.9536
 EAMBER (non-restraint)  =    -68577.3128
 EKCMT  =      5954.8792  VIRIAL  =      6046.9777  VOLUME     =    225865.4897
                                                    Density    =         1.0210
 ------------------------------------------------------------------------------

wrapping first mol.:       22.16329       31.34363       54.28875
wrapping first mol.:       22.16329       31.34363       54.28875

 NSTEP =    47000   TIME(PS) =    2094.000  TEMP(K) =   300.04  PRESS =   241.2
 Etot   =    -54325.0722  EKtot   =     13902.2363  EPtot      =    -68227.3085
 BOND   =       464.4887  ANGLE   =      1206.2491  DIHED      =      1877.3110
 1-4 NB =       566.3161  1-4 EEL =      8854.5825  VDWAALS    =      8210.0724
 EELEC  =    -89490.7015  EHBOND  =         0.0000  RESTRAINT  =        84.3733
 EAMBER (non-restraint)  =    -68311.6818
 EKCMT  =      6095.3353  VIRIAL  =      4916.7423  VOLUME     =    226274.3317
                                                    Density    =         1.0191
 ------------------------------------------------------------------------------

wrapping first mol.:       22.17194       31.35586       54.30993
wrapping first mol.:       22.17194       31.35586       54.30993

 NSTEP =    47500   TIME(PS) =    2095.000  TEMP(K) =   297.28  PRESS =    -4.1
 Etot   =    -54493.0366  EKtot   =     13774.4355  EPtot      =    -68267.4721
 BOND   =       431.0969  ANGLE   =      1239.6701  DIHED      =      1877.1052
 1-4 NB =       574.3546  1-4 EEL =      8857.8843  VDWAALS    =      7936.5313
 EELEC  =    -89264.9396  EHBOND  =         0.0000  RESTRAINT  =        80.8251
 EAMBER (non-restraint)  =    -68348.2972
 EKCMT  =      6049.8508  VIRIAL  =      6069.9240  VOLUME     =    226544.1934
                                                    Density    =         1.0179
 ------------------------------------------------------------------------------

wrapping first mol.:       22.15529       31.33231       54.26915
wrapping first mol.:       22.15529       31.33231       54.26915

 NSTEP =    48000   TIME(PS) =    2096.000  TEMP(K) =   300.43  PRESS =   259.1
 Etot   =    -54439.6465  EKtot   =     13920.5674  EPtot      =    -68360.2138
 BOND   =       442.1196  ANGLE   =      1203.8459  DIHED      =      1836.2681
 1-4 NB =       578.6244  1-4 EEL =      8881.2244  VDWAALS    =      8098.5755
 EELEC  =    -89479.2479  EHBOND  =         0.0000  RESTRAINT  =        78.3760
 EAMBER (non-restraint)  =    -68438.5899
 EKCMT  =      6032.5234  VIRIAL  =      4767.8692  VOLUME     =    226028.9373
                                                    Density    =         1.0202
 ------------------------------------------------------------------------------

wrapping first mol.:       22.15822       31.33645       54.27632
wrapping first mol.:       22.15822       31.33645       54.27632

 NSTEP =    48500   TIME(PS) =    2097.000  TEMP(K) =   301.37  PRESS =  -198.4
 Etot   =    -54327.7700  EKtot   =     13963.9854  EPtot      =    -68291.7554
 BOND   =       461.2306  ANGLE   =      1190.2697  DIHED      =      1844.6861
 1-4 NB =       569.5071  1-4 EEL =      8834.8692  VDWAALS    =      8037.5655
 EELEC  =    -89318.3907  EHBOND  =         0.0000  RESTRAINT  =        88.5070
 EAMBER (non-restraint)  =    -68380.2624
 EKCMT  =      6071.1395  VIRIAL  =      7040.0254  VOLUME     =    226127.7678
                                                    Density    =         1.0198
 ------------------------------------------------------------------------------

wrapping first mol.:       22.14668       31.32013       54.24806
wrapping first mol.:       22.14668       31.32013       54.24806

 NSTEP =    49000   TIME(PS) =    2098.000  TEMP(K) =   304.74  PRESS =   -66.4
 Etot   =    -54218.6051  EKtot   =     14120.2256  EPtot      =    -68338.8307
 BOND   =       465.9593  ANGLE   =      1224.5516  DIHED      =      1848.6898
 1-4 NB =       572.9328  1-4 EEL =      8855.6243  VDWAALS    =      7983.8668
 EELEC  =    -89369.1328  EHBOND  =         0.0000  RESTRAINT  =        78.6774
 EAMBER (non-restraint)  =    -68417.5081
 EKCMT  =      6185.5499  VIRIAL  =      6509.1567  VOLUME     =    225772.0630
                                                    Density    =         1.0214
 ------------------------------------------------------------------------------

wrapping first mol.:       22.14851       31.32272       54.25253
wrapping first mol.:       22.14851       31.32272       54.25253

 NSTEP =    49500   TIME(PS) =    2099.000  TEMP(K) =   303.60  PRESS =    84.6
 Etot   =    -54398.1753  EKtot   =     14067.4209  EPtot      =    -68465.5962
 BOND   =       445.8331  ANGLE   =      1209.0092  DIHED      =      1839.8629
 1-4 NB =       567.2587  1-4 EEL =      8859.5331  VDWAALS    =      8140.9545
 EELEC  =    -89597.1176  EHBOND  =         0.0000  RESTRAINT  =        69.0700
 EAMBER (non-restraint)  =    -68534.6662
 EKCMT  =      6165.8882  VIRIAL  =      5753.2396  VOLUME     =    225824.8541
                                                    Density    =         1.0212
 ------------------------------------------------------------------------------

wrapping first mol.:       22.15129       31.32666       54.25936
wrapping first mol.:       22.15129       31.32666       54.25936

 NSTEP =    50000   TIME(PS) =    2100.000  TEMP(K) =   298.26  PRESS =  -189.1
 Etot   =    -54733.2172  EKtot   =     13819.8506  EPtot      =    -68553.0678
 BOND   =       423.8606  ANGLE   =      1181.8659  DIHED      =      1845.0168
 1-4 NB =       561.2086  1-4 EEL =      8881.9281  VDWAALS    =      8197.1864
 EELEC  =    -89736.0389  EHBOND  =         0.0000  RESTRAINT  =        91.9049
 EAMBER (non-restraint)  =    -68644.9727
 EKCMT  =      6030.9967  VIRIAL  =      6953.1865  VOLUME     =    225915.6542
                                                    Density    =         1.0207
 ------------------------------------------------------------------------------


      A V E R A G E S   O V E R     100 S T E P S


 NSTEP =    50000   TIME(PS) =    2100.000  TEMP(K) =   300.32  PRESS =     5.4
 Etot   =    -54396.8397  EKtot   =     13915.3327  EPtot      =    -68312.1724
 BOND   =       452.0079  ANGLE   =      1206.6815  DIHED      =      1856.3371
 1-4 NB =       577.1238  1-4 EEL =      8855.7526  VDWAALS    =      8099.2410
 EELEC  =    -89442.8024  EHBOND  =         0.0000  RESTRAINT  =        83.4863
 EAMBER (non-restraint)  =    -68395.6587
 EKCMT  =      6060.7659  VIRIAL  =      6034.6745  VOLUME     =    226248.3735
                                                    Density    =         1.0193
 ------------------------------------------------------------------------------


      R M S  F L U C T U A T I O N S


 NSTEP =    50000   TIME(PS) =    2100.000  TEMP(K) =     1.98  PRESS =   167.9
 Etot   =       164.0729  EKtot   =        91.6462  EPtot      =       130.5976
 BOND   =        19.0625  ANGLE   =        25.3356  DIHED      =        14.1825
 1-4 NB =        10.7477  1-4 EEL =        21.5289  VDWAALS    =       106.3896
 EELEC  =       188.3873  EHBOND  =         0.0000  RESTRAINT  =         6.0413
 EAMBER (non-restraint)  =       124.5564
 EKCMT  =        60.1135  VIRIAL  =       821.1761  VOLUME     =       401.9642
                                                    Density    =         0.0018
 ------------------------------------------------------------------------------

--------------------------------------------------------------------------------
   5.  TIMINGS
--------------------------------------------------------------------------------

|  NonSetup CPU Time in Major Routines:
|
|     Routine           Sec        %
|     ------------------------------
|     Nonbond          33.96   72.08
|     Bond              0.00    0.00
|     Angle             0.00    0.00
|     Dihedral          0.00    0.00
|     Shake             0.29    0.62
|     RunMD            12.81   27.19
|     Other             0.05    0.11
|     ------------------------------
|     Total            47.12

|  PME Nonbond Pairlist CPU Time:
|
|     Routine              Sec        %
|     ---------------------------------
|     Set Up Cit           0.00    0.00
|     Build List           0.00    0.00
|     ---------------------------------
|     Total                0.00    0.00

|  PME Direct Force CPU Time:
|
|     Routine              Sec        %
|     ---------------------------------
|     NonBonded Calc       0.00    0.00
|     Exclude Masked       0.00    0.00
|     Other                0.03    0.06
|     ---------------------------------
|     Total                0.03    0.06

|  PME Reciprocal Force CPU Time:
|
|     Routine              Sec        %
|     ---------------------------------
|     1D bspline           0.00    0.00
|     Grid Charges         0.00    0.00
|     Scalar Sum           0.00    0.00
|     Gradient Sum         0.00    0.00
|     FFT                  0.00    0.00
|     ---------------------------------
|     Total                0.00    0.00

|  Final Performance Info:
|     -----------------------------------------------------
|     Average timings for last   49500 steps:
|     Elapsed(s) =      46.70 Per Step(ms) =       0.94
|         ns/day =     183.15   seconds/ns =     471.76
|
|     Average timings for all steps:
|     Elapsed(s) =      47.18 Per Step(ms) =       0.94
|         ns/day =     183.13   seconds/ns =     471.78
|     -----------------------------------------------------

|  Setup CPU time:            0.51 seconds
|  NonSetup CPU time:        47.12 seconds
|  Total CPU time:           47.63 seconds     0.01 hours

|  Setup wall time:           0    seconds
|  NonSetup wall time:       47    seconds
|  Total wall time:          47    seconds     0.01 hours
