
          -------------------------------------------------------
          Amber 18 PMEMD                              2018
          -------------------------------------------------------

| PMEMD implementation of SANDER, Release 18

| Run on 09/29/2019 at 22:26:57

|   Executable path: pmemd.cuda
| Working directory: /home/pbarletta/lbp/run/4xcp/mhe/e
|          Hostname: Unknown
  [-O]verwriting output

File Assignments:
|   MDIN: 18equ.in                                                              
|  MDOUT: 18equ.out                                                             
| INPCRD: 17e4xcp.rst7                                                          
|   PARM: /home/pbarletta/lbp/top_files/4xcp.prmtop                             
| RESTRT: 18e4xcp.rst7                                                          
|   REFC: 17e4xcp.rst7                                                          
|  MDVEL: mdvel                                                                 
|   MDEN: mden                                                                  
|  MDCRD: 18e4xcp.nc                                                            
| MDINFO: mdinfo                                                                
|  MDFRC: mdfrc                                                                 


 Here is the input file:

Equilibration with solute restrictions                                         
&cntrl                                                                         
imin = 0,                           ! No Minimization                          
nmropt = 0,                         ! No NMR restraints read                   
                                                                               
! Nature and format of the input                                               
ntx = 5,                            ! Coordinates but no velocities will be rea
irest = 1,                          ! Do not run a new simulation              
                                                                               
! Nature and format of the output                                              
ntxo = 1,                           ! rstrt file in ASCII format               
ntpr = 500,                         ! inf in output every ntpr steps           
ntwr = 500,                         ! rstrt file every ntwr steps              
ntwx = 500,                         ! mdcrd file every ntwx steps              
ntwv = 0,                           ! mdvel without velocities                 
ntwe = 0,                           ! Do not write energies and temperatures   
idecomp = 0,                        ! No energy decomposition                  
iwrap = 1,                          ! Coordinates of the restart and mdcrd file
                                                                               
! Frozen or restrained atoms                                                   
ibelly = 0,                         ! No frozen atoms                          
ntr=1,                              ! Harmonic potential restraints            
restraint_wt = 3.0,                ! The weight for the positional restraints  
restraintmask = ':1-131@N,CA,C,O',  ! restrained residues                      
                                                                               
! Molecular dynamics                                                           
nstlim = 50000,                     ! Number of MD-steps                       
dt = 0.002,                         ! Time step                                
                                                                               
! Temperature regulation                                                       
ntt = 3,                            ! Langevin thermostat                      
gamma_ln = 5,                       ! Gamma constant for Langevin              
temp0 = 300.0,                      ! Reference T at which the system is to be 
tempi = 300.0,                      ! Initial T                                
ig = -1,                            ! Seed for the RNG                         
                                                                               
! P and V regulation                                                           
ntp = 1,                            ! constant P                               
barostat = 1,                       ! Berendsen barostat                       
taup = 1,                           ! Pressure relaxation time                 
ntb = 2,                            ! Periodic box for constant P              
                                                                               
! SHAKE variables                                                              
ntc = 2,                            ! Bonds involving H are constrained        
ntf = 2,                            ! Bond interaction involving H are ommited.
                                                                               
cut = 10.0,                         ! Nonbonded cutoff                         
/                                                                              
&end                                                                           


Note: ig = -1. Setting random seed to   643696 based on wallclock time in 
      microseconds.
| irandom = 1, using AMBER's internal random number generator (default).
 
|--------------------- INFORMATION ----------------------
| GPU (CUDA) Version of PMEMD in use: NVIDIA GPU IN USE.
|                    Version 18.0.0
| 
|                      03/25/2018
| 
| Implementation by:
|                    Ross C. Walker     (SDSC)
|                    Scott Le Grand     (nVIDIA)
| 
| Version 18 performance extensions by:
|                    David Cerutti     (Rutgers)
| 
| Precision model in use:
|      [SPFP] - Single Precision Forces, 64-bit Fixed Point
|               Accumulation. (Default)
| 
|--------------------------------------------------------
 
|----------------- CITATION INFORMATION -----------------
|
|    When publishing work that utilized the CUDA version
|    of AMBER, please cite the following in addition to
|    the regular AMBER citations:
|
|  - Romelia Salomon-Ferrer; Andreas W. Goetz; Duncan
|    Poole; Scott Le Grand; Ross C. Walker "Routine
|    microsecond molecular dynamics simulations with
|    AMBER - Part II: Particle Mesh Ewald", J. Chem.
|    Theory Comput., 2013, 9 (9), pp3878-3888,
|    DOI: 10.1021/ct400314y.
|
|  - Andreas W. Goetz; Mark J. Williamson; Dong Xu;
|    Duncan Poole; Scott Le Grand; Ross C. Walker
|    "Routine microsecond molecular dynamics simulations
|    with AMBER - Part I: Generalized Born", J. Chem.
|    Theory Comput., 2012, 8 (5), pp1542-1555.
|
|  - Scott Le Grand; Andreas W. Goetz; Ross C. Walker
|    "SPFP: Speed without compromise - a mixed precision
|    model for GPU accelerated molecular dynamics
|    simulations.", Comp. Phys. Comm., 2013, 184
|    pp374-380, DOI: 10.1016/j.cpc.2012.09.022
|
|--------------------------------------------------------
 
|------------------- GPU DEVICE INFO --------------------
|
|            CUDA_VISIBLE_DEVICES: 0
|   CUDA Capable Devices Detected:      1
|           CUDA Device ID in use:      0
|                CUDA Device Name: GeForce GTX 1080 Ti
|     CUDA Device Global Mem Size:  11178 MB
| CUDA Device Num Multiprocessors:     28
|           CUDA Device Core Freq:   1.72 GHz
|
|--------------------------------------------------------
 
 
| Conditional Compilation Defines Used:
| PUBFFT
| BINTRAJ
| CUDA
| EMIL

| Largest sphere to fit in unit cell has radius =    27.130

| New format PARM file being parsed.
| Version =    1.000 Date = 04/14/18 Time = 19:54:59

| Note: 1-4 EEL scale factors are being read from the topology file.

| Note: 1-4 VDW scale factors are being read from the topology file.
| Duplicated    0 dihedrals

| Duplicated    0 dihedrals

--------------------------------------------------------------------------------
   1.  RESOURCE   USE: 
--------------------------------------------------------------------------------

 getting new box info from bottom of inpcrd
 NATOM  =   22707 NTYPES =      17 NBONH =   21487 MBONA  =    1237
 NTHETH =    2916 MTHETA =    1649 NPHIH =    5625 MPHIA  =    5085
 NHPARM =       0 NPARM  =       0 NNB   =   40734 NRES   =    6902
 NBONA  =    1237 NTHETA =    1649 NPHIA =    5085 NUMBND =      64
 NUMANG =     139 NPTRA  =     166 NATYP =      37 NPHB   =       1
 IFBOX  =       2 NMXRS  =      50 IFCAP =       0 NEXTRA =       0
 NCOPY  =       0

| Coordinate Index Table dimensions:    10   10   10
| Direct force subcell size =     6.6454    6.6454    6.6454

     BOX TYPE: TRUNCATED OCTAHEDRON

--------------------------------------------------------------------------------
   2.  CONTROL  DATA  FOR  THE  RUN
--------------------------------------------------------------------------------

default_name                                                                    

General flags:
     imin    =       0, nmropt  =       0

Nature and format of input:
     ntx     =       5, irest   =       1, ntrx    =       1

Nature and format of output:
     ntxo    =       1, ntpr    =     500, ntrx    =       1, ntwr    =     500
     iwrap   =       1, ntwx    =     500, ntwv    =       0, ntwe    =       0
     ioutfm  =       1, ntwprt  =       0, idecomp =       0, rbornstat=      0

Potential function:
     ntf     =       2, ntb     =       2, igb     =       0, nsnb    =      25
     ipol    =       0, gbsa    =       0, iesp    =       0
     dielc   =   1.00000, cut     =  10.00000, intdiel =   1.00000

Frozen or restrained atoms:
     ibelly  =       0, ntr     =       1
     restraint_wt =   3.00000

Molecular dynamics:
     nstlim  =     50000, nscm    =         0, nrespa  =         1
     t       =   0.00000, dt      =   0.00200, vlimit  =  -1.00000

Langevin dynamics temperature regulation:
     ig      =  643696
     temp0   = 300.00000, tempi   = 300.00000, gamma_ln=   5.00000

Pressure regulation:
     ntp     =       1
     pres0   =   1.00000, comp    =  44.60000, taup    =   1.00000

SHAKE:
     ntc     =       2, jfastw  =       0
     tol     =   0.00001

| Intermolecular bonds treatment:
|     no_intermolecular_bonds =       1

| Energy averages sample interval:
|     ene_avg_sampling =     500

Ewald parameters:
     verbose =       0, ew_type =       0, nbflag  =       1, use_pme =       1
     vdwmeth =       1, eedmeth =       1, netfrc  =       1
     Box X =   66.454   Box Y =   66.454   Box Z =   66.454
     Alpha =  109.471   Beta  =  109.471   Gamma =  109.471
     NFFT1 =   64       NFFT2 =   64       NFFT3 =   64
     Cutoff=   10.000   Tol   =0.100E-04
     Ewald Coefficient =  0.27511
     Interpolation order =    4

    LOADING THE CONSTRAINED ATOMS AS GROUPS


   5.  REFERENCE ATOM COORDINATES

  default_name                                                                    
     Mask :1-131@N,CA,C,O; matches   524 atoms

--------------------------------------------------------------------------------
   3.  ATOMIC COORDINATES AND VELOCITIES
--------------------------------------------------------------------------------

default_name                                                                    
 begin time read from input coords =  2100.000 ps

 
 Number of triangulated 3-point waters found:     6742

     Sum of charges from parm topology file =  -0.00100007
     Forcing neutrality...

| Dynamic Memory, Types Used:
| Reals             1110941
| Integers           905820

| Nonbonded Pairs Initial Allocation:     6868299

| GPU memory information (estimate):
| KB of GPU memory in use:         0
| KB of CPU memory in use:         0

--------------------------------------------------------------------------------
   4.  RESULTS
--------------------------------------------------------------------------------

wrapping first mol.:       22.15128       31.32663       54.25932
wrapping first mol.:       22.15128       31.32663       54.25932

 NSTEP =      500   TIME(PS) =    2101.000  TEMP(K) =   299.65  PRESS =  -196.5
 Etot   =    -54422.4767  EKtot   =     13884.4619  EPtot      =    -68306.9386
 BOND   =       442.2959  ANGLE   =      1171.3068  DIHED      =      1864.2959
 1-4 NB =       588.0222  1-4 EEL =      8882.6506  VDWAALS    =      7985.4070
 EELEC  =    -89316.9403  EHBOND  =         0.0000  RESTRAINT  =        76.0233
 EAMBER (non-restraint)  =    -68382.9619
 EKCMT  =      6034.9683  VIRIAL  =      6993.5337  VOLUME     =    225915.2895
                                                    Density    =         1.0208
 ------------------------------------------------------------------------------

wrapping first mol.:       22.16062       31.33985       54.28221
wrapping first mol.:       22.16062       31.33985       54.28221

 NSTEP =     1000   TIME(PS) =    2102.000  TEMP(K) =   300.96  PRESS =   307.1
 Etot   =    -54487.3547  EKtot   =     13945.2051  EPtot      =    -68432.5597
 BOND   =       460.7840  ANGLE   =      1216.0655  DIHED      =      1858.7261
 1-4 NB =       563.2252  1-4 EEL =      8850.6998  VDWAALS    =      8184.5664
 EELEC  =    -89640.8440  EHBOND  =         0.0000  RESTRAINT  =        74.2174
 EAMBER (non-restraint)  =    -68506.7771
 EKCMT  =      6029.1628  VIRIAL  =      4529.1815  VOLUME     =    226191.2082
                                                    Density    =         1.0195
 ------------------------------------------------------------------------------

wrapping first mol.:       22.15528       31.33230       54.26913
wrapping first mol.:       22.15528       31.33230       54.26913

 NSTEP =     1500   TIME(PS) =    2103.000  TEMP(K) =   300.44  PRESS =   197.4
 Etot   =    -54315.2716  EKtot   =     13921.2236  EPtot      =    -68236.4952
 BOND   =       452.7612  ANGLE   =      1252.7146  DIHED      =      1869.2009
 1-4 NB =       565.9054  1-4 EEL =      8877.1432  VDWAALS    =      8326.1299
 EELEC  =    -89664.2559  EHBOND  =         0.0000  RESTRAINT  =        83.9055
 EAMBER (non-restraint)  =    -68320.4007
 EKCMT  =      6046.1805  VIRIAL  =      5082.8090  VOLUME     =    226029.8816
                                                    Density    =         1.0202
 ------------------------------------------------------------------------------

wrapping first mol.:       22.15465       31.33141       54.26759
wrapping first mol.:       22.15465       31.33141       54.26759

 NSTEP =     2000   TIME(PS) =    2104.000  TEMP(K) =   301.65  PRESS =   392.7
 Etot   =    -54176.4049  EKtot   =     13977.0957  EPtot      =    -68153.5006
 BOND   =       444.7250  ANGLE   =      1226.3176  DIHED      =      1854.9725
 1-4 NB =       573.8792  1-4 EEL =      8852.0773  VDWAALS    =      8280.2986
 EELEC  =    -89458.4860  EHBOND  =         0.0000  RESTRAINT  =        72.7152
 EAMBER (non-restraint)  =    -68226.2158
 EKCMT  =      6075.3133  VIRIAL  =      4159.0950  VOLUME     =    226006.6830
                                                    Density    =         1.0203
 ------------------------------------------------------------------------------

wrapping first mol.:       22.17243       31.35655       54.31113
wrapping first mol.:       22.17243       31.35655       54.31113

 NSTEP =     2500   TIME(PS) =    2105.000  TEMP(K) =   300.93  PRESS =   -77.5
 Etot   =    -54385.0113  EKtot   =     13943.5488  EPtot      =    -68328.5601
 BOND   =       426.8280  ANGLE   =      1209.1481  DIHED      =      1868.8061
 1-4 NB =       553.9453  1-4 EEL =      8865.7792  VDWAALS    =      8198.7525
 EELEC  =    -89527.4973  EHBOND  =         0.0000  RESTRAINT  =        75.6781
 EAMBER (non-restraint)  =    -68404.2382
 EKCMT  =      6099.3522  VIRIAL  =      6478.6300  VOLUME     =    226560.6274
                                                    Density    =         1.0178
 ------------------------------------------------------------------------------

wrapping first mol.:       22.16190       31.34167       54.28535
wrapping first mol.:       22.16190       31.34167       54.28535

 NSTEP =     3000   TIME(PS) =    2106.000  TEMP(K) =   301.66  PRESS =  -108.6
 Etot   =    -54337.2039  EKtot   =     13977.6729  EPtot      =    -68314.8768
 BOND   =       481.2150  ANGLE   =      1181.6868  DIHED      =      1875.8856
 1-4 NB =       562.8162  1-4 EEL =      8872.7204  VDWAALS    =      8108.2195
 EELEC  =    -89473.3641  EHBOND  =         0.0000  RESTRAINT  =        75.9439
 EAMBER (non-restraint)  =    -68390.8207
 EKCMT  =      6090.7974  VIRIAL  =      6621.1521  VOLUME     =    226238.8458
                                                    Density    =         1.0193
 ------------------------------------------------------------------------------

wrapping first mol.:       22.16838       31.35083       54.30122
wrapping first mol.:       22.16838       31.35083       54.30122

 NSTEP =     3500   TIME(PS) =    2107.000  TEMP(K) =   301.21  PRESS =   -63.5
 Etot   =    -54454.3585  EKtot   =     13956.6494  EPtot      =    -68411.0079
 BOND   =       446.2509  ANGLE   =      1182.0670  DIHED      =      1864.4934
 1-4 NB =       576.2110  1-4 EEL =      8876.7527  VDWAALS    =      7984.3397
 EELEC  =    -89415.9723  EHBOND  =         0.0000  RESTRAINT  =        74.8496
 EAMBER (non-restraint)  =    -68485.8575
 EKCMT  =      6180.7748  VIRIAL  =      6491.4603  VOLUME     =    226436.3766
                                                    Density    =         1.0184
 ------------------------------------------------------------------------------

wrapping first mol.:       22.17072       31.35413       54.30695
wrapping first mol.:       22.17072       31.35413       54.30695

 NSTEP =     4000   TIME(PS) =    2108.000  TEMP(K) =   300.31  PRESS =  -146.5
 Etot   =    -54489.6076  EKtot   =     13915.0947  EPtot      =    -68404.7023
 BOND   =       455.9587  ANGLE   =      1204.2384  DIHED      =      1839.2973
 1-4 NB =       588.5663  1-4 EEL =      8840.4194  VDWAALS    =      8020.6926
 EELEC  =    -89425.2934  EHBOND  =         0.0000  RESTRAINT  =        71.4183
 EAMBER (non-restraint)  =    -68476.1206
 EKCMT  =      6125.4257  VIRIAL  =      6841.8153  VOLUME     =    226509.7200
                                                    Density    =         1.0181
 ------------------------------------------------------------------------------

wrapping first mol.:       22.16059       31.33980       54.28213
wrapping first mol.:       22.16059       31.33980       54.28213

 NSTEP =     4500   TIME(PS) =    2109.000  TEMP(K) =   299.80  PRESS =   156.8
 Etot   =    -54519.3065  EKtot   =     13891.3857  EPtot      =    -68410.6923
 BOND   =       473.1274  ANGLE   =      1132.0883  DIHED      =      1866.0249
 1-4 NB =       571.5960  1-4 EEL =      8833.0241  VDWAALS    =      8042.3967
 EELEC  =    -89407.4943  EHBOND  =         0.0000  RESTRAINT  =        78.5445
 EAMBER (non-restraint)  =    -68489.2368
 EKCMT  =      6086.4206  VIRIAL  =      5320.8076  VOLUME     =    226193.1614
                                                    Density    =         1.0195
 ------------------------------------------------------------------------------

wrapping first mol.:       22.14859       31.32284       54.25274
wrapping first mol.:       22.14859       31.32284       54.25274

 NSTEP =     5000   TIME(PS) =    2110.000  TEMP(K) =   298.26  PRESS =  -134.0
 Etot   =    -54381.0694  EKtot   =     13819.8877  EPtot      =    -68200.9571
 BOND   =       460.2187  ANGLE   =      1186.6348  DIHED      =      1865.0928
 1-4 NB =       585.8011  1-4 EEL =      8877.6195  VDWAALS    =      8128.0951
 EELEC  =    -89385.3262  EHBOND  =         0.0000  RESTRAINT  =        80.9070
 EAMBER (non-restraint)  =    -68281.8641
 EKCMT  =      5987.5653  VIRIAL  =      6641.0086  VOLUME     =    225831.8707
                                                    Density    =         1.0211
 ------------------------------------------------------------------------------

wrapping first mol.:       22.13976       31.31034       54.23110
wrapping first mol.:       22.13976       31.31034       54.23110

 NSTEP =     5500   TIME(PS) =    2111.000  TEMP(K) =   304.89  PRESS =   -78.5
 Etot   =    -54283.3814  EKtot   =     14127.2393  EPtot      =    -68410.6207
 BOND   =       458.3596  ANGLE   =      1182.2100  DIHED      =      1841.9277
 1-4 NB =       608.0237  1-4 EEL =      8885.8960  VDWAALS    =      8205.8014
 EELEC  =    -89678.9549  EHBOND  =         0.0000  RESTRAINT  =        86.1158
 EAMBER (non-restraint)  =    -68496.7364
 EKCMT  =      6134.9771  VIRIAL  =      6517.3106  VOLUME     =    225560.5844
                                                    Density    =         1.0224
 ------------------------------------------------------------------------------

wrapping first mol.:       22.14663       31.32006       54.24794
wrapping first mol.:       22.14663       31.32006       54.24794

 NSTEP =     6000   TIME(PS) =    2112.000  TEMP(K) =   300.23  PRESS =   121.9
 Etot   =    -54597.0030  EKtot   =     13911.4824  EPtot      =    -68508.4854
 BOND   =       436.9815  ANGLE   =      1235.5273  DIHED      =      1833.3650
 1-4 NB =       572.9532  1-4 EEL =      8848.2136  VDWAALS    =      8116.3551
 EELEC  =    -89630.2211  EHBOND  =         0.0000  RESTRAINT  =        78.3399
 EAMBER (non-restraint)  =    -68586.8254
 EKCMT  =      6080.8933  VIRIAL  =      5486.6142  VOLUME     =    225766.7203
                                                    Density    =         1.0214
 ------------------------------------------------------------------------------

wrapping first mol.:       22.13726       31.30681       54.22498
wrapping first mol.:       22.13726       31.30681       54.22498

 NSTEP =     6500   TIME(PS) =    2113.000  TEMP(K) =   298.54  PRESS =   230.6
 Etot   =    -54281.9790  EKtot   =     13832.9316  EPtot      =    -68114.9107
 BOND   =       454.6643  ANGLE   =      1184.8017  DIHED      =      1813.8298
 1-4 NB =       582.8345  1-4 EEL =      8827.0301  VDWAALS    =      8114.6673
 EELEC  =    -89167.4292  EHBOND  =         0.0000  RESTRAINT  =        74.6909
 EAMBER (non-restraint)  =    -68189.6016
 EKCMT  =      6017.5939  VIRIAL  =      4894.9984  VOLUME     =    225478.0820
                                                    Density    =         1.0227
 ------------------------------------------------------------------------------

wrapping first mol.:       22.12963       31.29603       54.20630
wrapping first mol.:       22.12963       31.29603       54.20630

 NSTEP =     7000   TIME(PS) =    2114.000  TEMP(K) =   298.18  PRESS =   227.1
 Etot   =    -54543.2745  EKtot   =     13816.1807  EPtot      =    -68359.4552
 BOND   =       461.1635  ANGLE   =      1191.3097  DIHED      =      1851.9332
 1-4 NB =       574.0215  1-4 EEL =      8860.1930  VDWAALS    =      8293.7941
 EELEC  =    -89657.7778  EHBOND  =         0.0000  RESTRAINT  =        65.9076
 EAMBER (non-restraint)  =    -68425.3627
 EKCMT  =      5989.0894  VIRIAL  =      4884.6485  VOLUME     =    225245.2190
                                                    Density    =         1.0238
 ------------------------------------------------------------------------------

wrapping first mol.:       22.12506       31.28956       54.19510
wrapping first mol.:       22.12506       31.28956       54.19510

 NSTEP =     7500   TIME(PS) =    2115.000  TEMP(K) =   300.34  PRESS =  -192.6
 Etot   =    -54753.4751  EKtot   =     13916.4824  EPtot      =    -68669.9575
 BOND   =       440.4005  ANGLE   =      1155.0116  DIHED      =      1851.7084
 1-4 NB =       571.7260  1-4 EEL =      8831.2146  VDWAALS    =      8078.8009
 EELEC  =    -89669.2661  EHBOND  =         0.0000  RESTRAINT  =        70.4466
 EAMBER (non-restraint)  =    -68740.4042
 EKCMT  =      6049.5861  VIRIAL  =      6985.8135  VOLUME     =    225113.9897
                                                    Density    =         1.0244
 ------------------------------------------------------------------------------

wrapping first mol.:       22.14487       31.31758       54.24364
wrapping first mol.:       22.14487       31.31758       54.24364

 NSTEP =     8000   TIME(PS) =    2116.000  TEMP(K) =   300.67  PRESS =  -313.8
 Etot   =    -54382.6664  EKtot   =     13931.5283  EPtot      =    -68314.1947
 BOND   =       436.1870  ANGLE   =      1254.3187  DIHED      =      1852.5457
 1-4 NB =       575.0484  1-4 EEL =      8872.1630  VDWAALS    =      7933.4560
 EELEC  =    -89311.7677  EHBOND  =         0.0000  RESTRAINT  =        73.8542
 EAMBER (non-restraint)  =    -68388.0489
 EKCMT  =      6000.5140  VIRIAL  =      7530.0475  VOLUME     =    225721.8396
                                                    Density    =         1.0216
 ------------------------------------------------------------------------------

wrapping first mol.:       22.14174       31.31315       54.23595
wrapping first mol.:       22.14174       31.31315       54.23595

 NSTEP =     8500   TIME(PS) =    2117.000  TEMP(K) =   298.52  PRESS =  -127.2
 Etot   =    -54457.4367  EKtot   =     13832.2324  EPtot      =    -68289.6692
 BOND   =       449.0808  ANGLE   =      1224.5128  DIHED      =      1848.5308
 1-4 NB =       587.7324  1-4 EEL =      8863.6498  VDWAALS    =      7983.8365
 EELEC  =    -89325.4535  EHBOND  =         0.0000  RESTRAINT  =        78.4411
 EAMBER (non-restraint)  =    -68368.1102
 EKCMT  =      5981.5308  VIRIAL  =      6601.0211  VOLUME     =    225622.1679
                                                    Density    =         1.0221
 ------------------------------------------------------------------------------

wrapping first mol.:       22.13683       31.30620       54.22393
wrapping first mol.:       22.13683       31.30620       54.22393

 NSTEP =     9000   TIME(PS) =    2118.000  TEMP(K) =   300.68  PRESS =    30.2
 Etot   =    -54447.2939  EKtot   =     13932.2109  EPtot      =    -68379.5048
 BOND   =       459.2710  ANGLE   =      1247.6364  DIHED      =      1857.6817
 1-4 NB =       567.5225  1-4 EEL =      8840.6672  VDWAALS    =      8128.6316
 EELEC  =    -89557.7306  EHBOND  =         0.0000  RESTRAINT  =        76.8156
 EAMBER (non-restraint)  =    -68456.3204
 EKCMT  =      6073.7750  VIRIAL  =      5926.8919  VOLUME     =    225468.9250
                                                    Density    =         1.0228
 ------------------------------------------------------------------------------

wrapping first mol.:       22.14171       31.31310       54.23587
wrapping first mol.:       22.14171       31.31310       54.23587

 NSTEP =     9500   TIME(PS) =    2119.000  TEMP(K) =   301.21  PRESS =  -156.8
 Etot   =    -54545.9926  EKtot   =     13956.7441  EPtot      =    -68502.7368
 BOND   =       454.6999  ANGLE   =      1212.8155  DIHED      =      1850.7033
 1-4 NB =       574.0570  1-4 EEL =      8867.5938  VDWAALS    =      8026.3233
 EELEC  =    -89565.6285  EHBOND  =         0.0000  RESTRAINT  =        76.6990
 EAMBER (non-restraint)  =    -68579.4358
 EKCMT  =      6054.1615  VIRIAL  =      6817.8856  VOLUME     =    225621.7668
                                                    Density    =         1.0221
 ------------------------------------------------------------------------------

wrapping first mol.:       22.16105       31.34045       54.28325
wrapping first mol.:       22.16105       31.34045       54.28325

 NSTEP =    10000   TIME(PS) =    2120.000  TEMP(K) =   302.56  PRESS =    56.5
 Etot   =    -54448.3562  EKtot   =     14019.0557  EPtot      =    -68467.4118
 BOND   =       433.0483  ANGLE   =      1211.9885  DIHED      =      1857.2108
 1-4 NB =       588.4390  1-4 EEL =      8838.8429  VDWAALS    =      8085.1946
 EELEC  =    -89558.4811  EHBOND  =         0.0000  RESTRAINT  =        76.3452
 EAMBER (non-restraint)  =    -68543.7571
 EKCMT  =      6049.4874  VIRIAL  =      5773.6731  VOLUME     =    226209.2792
                                                    Density    =         1.0194
 ------------------------------------------------------------------------------

wrapping first mol.:       22.12502       31.28950       54.19501
wrapping first mol.:       22.12502       31.28950       54.19501

 NSTEP =    10500   TIME(PS) =    2121.000  TEMP(K) =   298.72  PRESS =   -27.3
 Etot   =    -54720.5835  EKtot   =     13841.2979  EPtot      =    -68561.8814
 BOND   =       464.4263  ANGLE   =      1233.9737  DIHED      =      1891.7635
 1-4 NB =       566.7632  1-4 EEL =      8832.4659  VDWAALS    =      8300.1986
 EELEC  =    -89924.1349  EHBOND  =         0.0000  RESTRAINT  =        72.6624
 EAMBER (non-restraint)  =    -68634.5438
 EKCMT  =      5991.1693  VIRIAL  =      6124.0392  VOLUME     =    225109.5252
                                                    Density    =         1.0244
 ------------------------------------------------------------------------------

wrapping first mol.:       22.12077       31.28350       54.18460
wrapping first mol.:       22.12077       31.28350       54.18460

 NSTEP =    11000   TIME(PS) =    2122.000  TEMP(K) =   303.86  PRESS =   114.9
 Etot   =    -54280.0314  EKtot   =     14079.6221  EPtot      =    -68359.6535
 BOND   =       471.2368  ANGLE   =      1227.7904  DIHED      =      1862.0146
 1-4 NB =       573.4197  1-4 EEL =      8841.4653  VDWAALS    =      8202.7142
 EELEC  =    -89616.3075  EHBOND  =         0.0000  RESTRAINT  =        78.0131
 EAMBER (non-restraint)  =    -68437.6666
 EKCMT  =      6099.5730  VIRIAL  =      5541.4488  VOLUME     =    224977.0584
                                                    Density    =         1.0250
 ------------------------------------------------------------------------------

wrapping first mol.:       22.14585       31.31896       54.24603
wrapping first mol.:       22.14585       31.31896       54.24603

 NSTEP =    11500   TIME(PS) =    2123.000  TEMP(K) =   299.12  PRESS =    55.9
 Etot   =    -54483.9244  EKtot   =     13859.6357  EPtot      =    -68343.5602
 BOND   =       420.6957  ANGLE   =      1214.6987  DIHED      =      1834.2099
 1-4 NB =       583.8926  1-4 EEL =      8854.4396  VDWAALS    =      8126.9719
 EELEC  =    -89457.3308  EHBOND  =         0.0000  RESTRAINT  =        78.8622
 EAMBER (non-restraint)  =    -68422.4224
 EKCMT  =      6054.9135  VIRIAL  =      5782.5593  VOLUME     =    225744.2695
                                                    Density    =         1.0215
 ------------------------------------------------------------------------------

wrapping first mol.:       22.14616       31.31940       54.24678
wrapping first mol.:       22.14616       31.31940       54.24678

 NSTEP =    12000   TIME(PS) =    2124.000  TEMP(K) =   301.16  PRESS =    55.5
 Etot   =    -54302.7294  EKtot   =     13954.4062  EPtot      =    -68257.1356
 BOND   =       410.9060  ANGLE   =      1175.5415  DIHED      =      1855.4794
 1-4 NB =       602.7025  1-4 EEL =      8868.7915  VDWAALS    =      8127.9206
 EELEC  =    -89376.3575  EHBOND  =         0.0000  RESTRAINT  =        77.8803
 EAMBER (non-restraint)  =    -68335.0159
 EKCMT  =      6125.9567  VIRIAL  =      5855.2572  VOLUME     =    225753.6187
                                                    Density    =         1.0215
 ------------------------------------------------------------------------------

wrapping first mol.:       22.15321       31.32936       54.26405
wrapping first mol.:       22.15321       31.32936       54.26405

 NSTEP =    12500   TIME(PS) =    2125.000  TEMP(K) =   303.94  PRESS =   115.0
 Etot   =    -54201.3609  EKtot   =     14083.3438  EPtot      =    -68284.7046
 BOND   =       436.1605  ANGLE   =      1227.5656  DIHED      =      1869.3691
 1-4 NB =       564.2938  1-4 EEL =      8855.6565  VDWAALS    =      8086.2078
 EELEC  =    -89401.0613  EHBOND  =         0.0000  RESTRAINT  =        77.1034
 EAMBER (non-restraint)  =    -68361.8080
 EKCMT  =      6094.1633  VIRIAL  =      5533.3242  VOLUME     =    225968.0514
                                                    Density    =         1.0205
 ------------------------------------------------------------------------------

wrapping first mol.:       22.15914       31.33776       54.27858
wrapping first mol.:       22.15914       31.33776       54.27858

 NSTEP =    13000   TIME(PS) =    2126.000  TEMP(K) =   297.75  PRESS =    13.5
 Etot   =    -54727.8735  EKtot   =     13796.4893  EPtot      =    -68524.3628
 BOND   =       426.0432  ANGLE   =      1203.5173  DIHED      =      1870.7039
 1-4 NB =       574.5443  1-4 EEL =      8890.9791  VDWAALS    =      8357.9805
 EELEC  =    -89933.9764  EHBOND  =         0.0000  RESTRAINT  =        85.8453
 EAMBER (non-restraint)  =    -68610.2081
 EKCMT  =      5991.0565  VIRIAL  =      5925.0399  VOLUME     =    226151.7429
                                                    Density    =         1.0197
 ------------------------------------------------------------------------------

wrapping first mol.:       22.16122       31.34069       54.28367
wrapping first mol.:       22.16122       31.34069       54.28367

 NSTEP =    13500   TIME(PS) =    2127.000  TEMP(K) =   300.44  PRESS =  -227.1
 Etot   =    -54359.8578  EKtot   =     13921.0605  EPtot      =    -68280.9184
 BOND   =       461.3229  ANGLE   =      1185.0763  DIHED      =      1841.8389
 1-4 NB =       584.2595  1-4 EEL =      8845.9924  VDWAALS    =      7978.9872
 EELEC  =    -89255.8006  EHBOND  =         0.0000  RESTRAINT  =        77.4051
 EAMBER (non-restraint)  =    -68358.3235
 EKCMT  =      6134.0238  VIRIAL  =      7243.0615  VOLUME     =    226220.1556
                                                    Density    =         1.0194
 ------------------------------------------------------------------------------

wrapping first mol.:       22.15448       31.33116       54.26716
wrapping first mol.:       22.15448       31.33116       54.26716

 NSTEP =    14000   TIME(PS) =    2128.000  TEMP(K) =   299.57  PRESS =   131.3
 Etot   =    -54395.8860  EKtot   =     13880.7627  EPtot      =    -68276.6487
 BOND   =       481.2032  ANGLE   =      1186.8072  DIHED      =      1851.6806
 1-4 NB =       570.2061  1-4 EEL =      8864.1977  VDWAALS    =      8086.7225
 EELEC  =    -89396.2286  EHBOND  =         0.0000  RESTRAINT  =        78.7626
 EAMBER (non-restraint)  =    -68355.4113
 EKCMT  =      6039.8101  VIRIAL  =      5399.0948  VOLUME     =    226006.6951
                                                    Density    =         1.0203
 ------------------------------------------------------------------------------

wrapping first mol.:       22.15689       31.33457       54.27307
wrapping first mol.:       22.15689       31.33457       54.27307

 NSTEP =    14500   TIME(PS) =    2129.000  TEMP(K) =   300.17  PRESS =    22.1
 Etot   =    -54494.3993  EKtot   =     13908.3301  EPtot      =    -68402.7294
 BOND   =       427.6120  ANGLE   =      1164.6213  DIHED      =      1848.0100
 1-4 NB =       583.3904  1-4 EEL =      8884.7793  VDWAALS    =      7935.8413
 EELEC  =    -89337.1955  EHBOND  =         0.0000  RESTRAINT  =        90.2117
 EAMBER (non-restraint)  =    -68492.9411
 EKCMT  =      6113.7729  VIRIAL  =      6005.8375  VOLUME     =    226082.6749
                                                    Density    =         1.0200
 ------------------------------------------------------------------------------

wrapping first mol.:       22.16409       31.34476       54.29071
wrapping first mol.:       22.16409       31.34476       54.29071

 NSTEP =    15000   TIME(PS) =    2130.000  TEMP(K) =   300.49  PRESS =     8.9
 Etot   =    -54393.1095  EKtot   =     13923.1582  EPtot      =    -68316.2677
 BOND   =       473.9908  ANGLE   =      1143.5006  DIHED      =      1841.7355
 1-4 NB =       582.2071  1-4 EEL =      8877.5601  VDWAALS    =      7935.9047
 EELEC  =    -89244.2120  EHBOND  =         0.0000  RESTRAINT  =        73.0456
 EAMBER (non-restraint)  =    -68389.3133
 EKCMT  =      5985.7273  VIRIAL  =      5942.3809  VOLUME     =    226303.4147
                                                    Density    =         1.0190
 ------------------------------------------------------------------------------

wrapping first mol.:       22.16693       31.34877       54.29766
wrapping first mol.:       22.16693       31.34877       54.29766

 NSTEP =    15500   TIME(PS) =    2131.000  TEMP(K) =   298.36  PRESS =   216.3
 Etot   =    -54486.5491  EKtot   =     13824.5371  EPtot      =    -68311.0862
 BOND   =       429.4843  ANGLE   =      1208.4817  DIHED      =      1843.9904
 1-4 NB =       569.7859  1-4 EEL =      8848.9555  VDWAALS    =      8131.1695
 EELEC  =    -89412.6397  EHBOND  =         0.0000  RESTRAINT  =        69.6863
 EAMBER (non-restraint)  =    -68380.7725
 EKCMT  =      5946.1021  VIRIAL  =      4889.0292  VOLUME     =    226386.2391
                                                    Density    =         1.0186
 ------------------------------------------------------------------------------

wrapping first mol.:       22.15906       31.33765       54.27839
wrapping first mol.:       22.15906       31.33765       54.27839

 NSTEP =    16000   TIME(PS) =    2132.000  TEMP(K) =   299.53  PRESS =    57.1
 Etot   =    -54519.3114  EKtot   =     13878.6816  EPtot      =    -68397.9931
 BOND   =       449.2738  ANGLE   =      1167.9751  DIHED      =      1850.5840
 1-4 NB =       583.9793  1-4 EEL =      8898.7055  VDWAALS    =      8096.7377
 EELEC  =    -89527.7571  EHBOND  =         0.0000  RESTRAINT  =        82.5086
 EAMBER (non-restraint)  =    -68480.5017
 EKCMT  =      6088.5975  VIRIAL  =      5809.6127  VOLUME     =    226148.5161
                                                    Density    =         1.0197
 ------------------------------------------------------------------------------

wrapping first mol.:       22.15661       31.33418       54.27239
wrapping first mol.:       22.15661       31.33418       54.27239

 NSTEP =    16500   TIME(PS) =    2133.000  TEMP(K) =   299.47  PRESS =   288.8
 Etot   =    -54317.0905  EKtot   =     13875.9375  EPtot      =    -68193.0280
 BOND   =       454.3043  ANGLE   =      1201.2871  DIHED      =      1853.1982
 1-4 NB =       581.7512  1-4 EEL =      8886.7211  VDWAALS    =      8109.7605
 EELEC  =    -89356.2930  EHBOND  =         0.0000  RESTRAINT  =        76.2425
 EAMBER (non-restraint)  =    -68269.2706
 EKCMT  =      5977.8762  VIRIAL  =      4568.0941  VOLUME     =    226068.7758
                                                    Density    =         1.0201
 ------------------------------------------------------------------------------

wrapping first mol.:       22.17220       31.35623       54.31058
wrapping first mol.:       22.17220       31.35623       54.31058

 NSTEP =    17000   TIME(PS) =    2134.000  TEMP(K) =   297.76  PRESS =  -131.2
 Etot   =    -54662.7653  EKtot   =     13796.5938  EPtot      =    -68459.3591
 BOND   =       425.0554  ANGLE   =      1219.1277  DIHED      =      1858.8946
 1-4 NB =       596.8192  1-4 EEL =      8867.1284  VDWAALS    =      8052.1795
 EELEC  =    -89557.9525  EHBOND  =         0.0000  RESTRAINT  =        79.3886
 EAMBER (non-restraint)  =    -68538.7477
 EKCMT  =      5948.6005  VIRIAL  =      6590.3703  VOLUME     =    226554.8839
                                                    Density    =         1.0179
 ------------------------------------------------------------------------------

wrapping first mol.:       22.14761       31.32145       54.25033
wrapping first mol.:       22.14761       31.32145       54.25033

 NSTEP =    17500   TIME(PS) =    2135.000  TEMP(K) =   298.85  PRESS =   289.0
 Etot   =    -54269.6794  EKtot   =     13847.4375  EPtot      =    -68117.1169
 BOND   =       443.7260  ANGLE   =      1217.7426  DIHED      =      1863.3689
 1-4 NB =       568.6915  1-4 EEL =      8893.7565  VDWAALS    =      8029.3982
 EELEC  =    -89209.8736  EHBOND  =         0.0000  RESTRAINT  =        76.0731
 EAMBER (non-restraint)  =    -68193.1900
 EKCMT  =      5970.6759  VIRIAL  =      4561.9346  VOLUME     =    225793.2599
                                                    Density    =         1.0213
 ------------------------------------------------------------------------------

wrapping first mol.:       22.16188       31.34163       54.28529
wrapping first mol.:       22.16188       31.34163       54.28529

 NSTEP =    18000   TIME(PS) =    2136.000  TEMP(K) =   301.88  PRESS =   179.1
 Etot   =    -54173.0202  EKtot   =     13987.7930  EPtot      =    -68160.8131
 BOND   =       469.5202  ANGLE   =      1238.5103  DIHED      =      1852.6531
 1-4 NB =       556.1871  1-4 EEL =      8848.1092  VDWAALS    =      8079.7891
 EELEC  =    -89277.4251  EHBOND  =         0.0000  RESTRAINT  =        71.8429
 EAMBER (non-restraint)  =    -68232.6560
 EKCMT  =      6131.7754  VIRIAL  =      5257.1166  VOLUME     =    226232.3010
                                                    Density    =         1.0193
 ------------------------------------------------------------------------------

wrapping first mol.:       22.15848       31.33682       54.27696
wrapping first mol.:       22.15848       31.33682       54.27696

 NSTEP =    18500   TIME(PS) =    2137.000  TEMP(K) =   298.35  PRESS =   151.3
 Etot   =    -54361.6242  EKtot   =     13824.2783  EPtot      =    -68185.9025
 BOND   =       441.4511  ANGLE   =      1218.8438  DIHED      =      1854.1560
 1-4 NB =       595.5806  1-4 EEL =      8860.4426  VDWAALS    =      8148.3750
 EELEC  =    -89377.3355  EHBOND  =         0.0000  RESTRAINT  =        72.5837
 EAMBER (non-restraint)  =    -68258.4863
 EKCMT  =      6128.7975  VIRIAL  =      5390.1418  VOLUME     =    226128.6556
                                                    Density    =         1.0198
 ------------------------------------------------------------------------------

wrapping first mol.:       22.17721       31.36331       54.32284
wrapping first mol.:       22.17721       31.36331       54.32284

 NSTEP =    19000   TIME(PS) =    2138.000  TEMP(K) =   299.12  PRESS =   152.7
 Etot   =    -54446.5326  EKtot   =     13859.9004  EPtot      =    -68306.4329
 BOND   =       449.6558  ANGLE   =      1215.0933  DIHED      =      1855.0145
 1-4 NB =       579.0469  1-4 EEL =      8839.3145  VDWAALS    =      8319.5453
 EELEC  =    -89640.3757  EHBOND  =         0.0000  RESTRAINT  =        76.2725
 EAMBER (non-restraint)  =    -68382.7054
 EKCMT  =      6035.5716  VIRIAL  =      5288.3212  VOLUME     =    226702.5443
                                                    Density    =         1.0172
 ------------------------------------------------------------------------------

wrapping first mol.:       22.17455       31.35955       54.31632
wrapping first mol.:       22.17455       31.35955       54.31632

 NSTEP =    19500   TIME(PS) =    2139.000  TEMP(K) =   301.52  PRESS =  -122.4
 Etot   =    -54429.0400  EKtot   =     13971.2295  EPtot      =    -68400.2695
 BOND   =       432.1396  ANGLE   =      1223.7093  DIHED      =      1851.9522
 1-4 NB =       590.6880  1-4 EEL =      8920.5448  VDWAALS    =      8033.2664
 EELEC  =    -89530.8263  EHBOND  =         0.0000  RESTRAINT  =        78.2566
 EAMBER (non-restraint)  =    -68478.5260
 EKCMT  =      6065.7253  VIRIAL  =      6664.4487  VOLUME     =    226626.5619
                                                    Density    =         1.0175
 ------------------------------------------------------------------------------

wrapping first mol.:       22.18014       31.36746       54.33003
wrapping first mol.:       22.18014       31.36746       54.33003

 NSTEP =    20000   TIME(PS) =    2140.000  TEMP(K) =   297.85  PRESS =    45.2
 Etot   =    -54626.7841  EKtot   =     13801.0957  EPtot      =    -68427.8798
 BOND   =       463.1123  ANGLE   =      1188.0461  DIHED      =      1881.6473
 1-4 NB =       572.2109  1-4 EEL =      8867.4986  VDWAALS    =      8235.6074
 EELEC  =    -89720.0398  EHBOND  =         0.0000  RESTRAINT  =        84.0375
 EAMBER (non-restraint)  =    -68511.9173
 EKCMT  =      6011.0542  VIRIAL  =      5789.7763  VOLUME     =    226794.8122
                                                    Density    =         1.0168
 ------------------------------------------------------------------------------

wrapping first mol.:       22.15543       31.33251       54.26950
wrapping first mol.:       22.15543       31.33251       54.26950

 NSTEP =    20500   TIME(PS) =    2141.000  TEMP(K) =   304.40  PRESS =    82.9
 Etot   =    -54300.7161  EKtot   =     14104.4307  EPtot      =    -68405.1468
 BOND   =       469.3758  ANGLE   =      1242.1891  DIHED      =      1859.9920
 1-4 NB =       574.9545  1-4 EEL =      8839.0727  VDWAALS    =      8345.2956
 EELEC  =    -89816.8059  EHBOND  =         0.0000  RESTRAINT  =        80.7794
 EAMBER (non-restraint)  =    -68485.9262
 EKCMT  =      6138.1805  VIRIAL  =      5733.6499  VOLUME     =    226036.8748
                                                    Density    =         1.0202
 ------------------------------------------------------------------------------

wrapping first mol.:       22.13364       31.30169       54.21611
wrapping first mol.:       22.13364       31.30169       54.21611

 NSTEP =    21000   TIME(PS) =    2142.000  TEMP(K) =   301.81  PRESS =    63.6
 Etot   =    -54294.1780  EKtot   =     13984.3301  EPtot      =    -68278.5081
 BOND   =       478.9284  ANGLE   =      1197.3624  DIHED      =      1860.9934
 1-4 NB =       576.9539  1-4 EEL =      8827.0541  VDWAALS    =      8081.8449
 EELEC  =    -89375.7295  EHBOND  =         0.0000  RESTRAINT  =        74.0843
 EAMBER (non-restraint)  =    -68352.5925
 EKCMT  =      6059.8251  VIRIAL  =      5750.3713  VOLUME     =    225370.7384
                                                    Density    =         1.0232
 ------------------------------------------------------------------------------

wrapping first mol.:       22.14301       31.31494       54.23907
wrapping first mol.:       22.14301       31.31494       54.23907

 NSTEP =    21500   TIME(PS) =    2143.000  TEMP(K) =   300.29  PRESS =   -63.1
 Etot   =    -54325.5892  EKtot   =     13914.0762  EPtot      =    -68239.6654
 BOND   =       448.3083  ANGLE   =      1239.5360  DIHED      =      1842.7419
 1-4 NB =       589.6834  1-4 EEL =      8830.6548  VDWAALS    =      7986.3935
 EELEC  =    -89261.0605  EHBOND  =         0.0000  RESTRAINT  =        84.0773
 EAMBER (non-restraint)  =    -68323.7427
 EKCMT  =      6057.2403  VIRIAL  =      6364.8200  VOLUME     =    225659.7691
                                                    Density    =         1.0219
 ------------------------------------------------------------------------------

wrapping first mol.:       22.13025       31.29690       54.20782
wrapping first mol.:       22.13025       31.29690       54.20782

 NSTEP =    22000   TIME(PS) =    2144.000  TEMP(K) =   297.71  PRESS =  -300.4
 Etot   =    -54651.6270  EKtot   =     13794.6865  EPtot      =    -68446.3135
 BOND   =       442.0306  ANGLE   =      1240.3129  DIHED      =      1851.1128
 1-4 NB =       588.9739  1-4 EEL =      8872.4532  VDWAALS    =      7886.1559
 EELEC  =    -89407.0058  EHBOND  =         0.0000  RESTRAINT  =        79.6531
 EAMBER (non-restraint)  =    -68525.9666
 EKCMT  =      5886.2855  VIRIAL  =      7347.2358  VOLUME     =    225274.6608
                                                    Density    =         1.0237
 ------------------------------------------------------------------------------

wrapping first mol.:       22.13027       31.29693       54.20787
wrapping first mol.:       22.13027       31.29693       54.20787

 NSTEP =    22500   TIME(PS) =    2145.000  TEMP(K) =   300.50  PRESS =   -58.6
 Etot   =    -54508.0463  EKtot   =     13923.8535  EPtot      =    -68431.8998
 BOND   =       449.3180  ANGLE   =      1193.3908  DIHED      =      1850.4273
 1-4 NB =       589.2087  1-4 EEL =      8860.9268  VDWAALS    =      8047.8917
 EELEC  =    -89503.1823  EHBOND  =         0.0000  RESTRAINT  =        80.1193
 EAMBER (non-restraint)  =    -68512.0190
 EKCMT  =      6074.4801  VIRIAL  =      6359.3012  VOLUME     =    225270.5137
                                                    Density    =         1.0237
 ------------------------------------------------------------------------------

wrapping first mol.:       22.14034       31.31116       54.23252
wrapping first mol.:       22.14034       31.31116       54.23252

 NSTEP =    23000   TIME(PS) =    2146.000  TEMP(K) =   299.18  PRESS =    69.5
 Etot   =    -54448.5539  EKtot   =     13862.4756  EPtot      =    -68311.0295
 BOND   =       443.7575  ANGLE   =      1213.2311  DIHED      =      1849.1195
 1-4 NB =       566.7872  1-4 EEL =      8902.9815  VDWAALS    =      8043.8166
 EELEC  =    -89412.4084  EHBOND  =         0.0000  RESTRAINT  =        81.6856
 EAMBER (non-restraint)  =    -68392.7151
 EKCMT  =      5964.2693  VIRIAL  =      5626.0130  VOLUME     =    225575.3866
                                                    Density    =         1.0223
 ------------------------------------------------------------------------------

wrapping first mol.:       22.15496       31.33184       54.26833
wrapping first mol.:       22.15496       31.33184       54.26833

 NSTEP =    23500   TIME(PS) =    2147.000  TEMP(K) =   296.36  PRESS =   -14.1
 Etot   =    -54445.9150  EKtot   =     13731.8477  EPtot      =    -68177.7626
 BOND   =       443.9494  ANGLE   =      1194.9599  DIHED      =      1852.6794
 1-4 NB =       579.6458  1-4 EEL =      8871.7896  VDWAALS    =      7969.2456
 EELEC  =    -89164.6788  EHBOND  =         0.0000  RESTRAINT  =        74.6466
 EAMBER (non-restraint)  =    -68252.4093
 EKCMT  =      5957.2087  VIRIAL  =      6026.2422  VOLUME     =    226024.1881
                                                    Density    =         1.0203
 ------------------------------------------------------------------------------

wrapping first mol.:       22.15990       31.33883       54.28045
wrapping first mol.:       22.15990       31.33883       54.28045

 NSTEP =    24000   TIME(PS) =    2148.000  TEMP(K) =   298.62  PRESS =   -13.5
 Etot   =    -54587.6718  EKtot   =     13836.8701  EPtot      =    -68424.5420
 BOND   =       463.5791  ANGLE   =      1206.5186  DIHED      =      1860.8420
 1-4 NB =       557.9140  1-4 EEL =      8832.1689  VDWAALS    =      8145.2367
 EELEC  =    -89569.7618  EHBOND  =         0.0000  RESTRAINT  =        78.9605
 EAMBER (non-restraint)  =    -68503.5025
 EKCMT  =      6019.0334  VIRIAL  =      6084.7246  VOLUME     =    226175.5878
                                                    Density    =         1.0196
 ------------------------------------------------------------------------------

wrapping first mol.:       22.14687       31.32040       54.24853
wrapping first mol.:       22.14687       31.32040       54.24853

 NSTEP =    24500   TIME(PS) =    2149.000  TEMP(K) =   299.75  PRESS =    -9.0
 Etot   =    -54620.9535  EKtot   =     13889.0137  EPtot      =    -68509.9671
 BOND   =       475.5271  ANGLE   =      1191.5251  DIHED      =      1843.8434
 1-4 NB =       588.6416  1-4 EEL =      8850.7415  VDWAALS    =      8242.6477
 EELEC  =    -89777.2819  EHBOND  =         0.0000  RESTRAINT  =        74.3883
 EAMBER (non-restraint)  =    -68584.3554
 EKCMT  =      6126.8376  VIRIAL  =      6170.6508  VOLUME     =    225776.7198
                                                    Density    =         1.0214
 ------------------------------------------------------------------------------

wrapping first mol.:       22.14704       31.32064       54.24893
wrapping first mol.:       22.14704       31.32064       54.24893

 NSTEP =    25000   TIME(PS) =    2150.000  TEMP(K) =   296.50  PRESS =    52.0
 Etot   =    -54625.5990  EKtot   =     13738.3975  EPtot      =    -68363.9965
 BOND   =       460.2295  ANGLE   =      1216.3107  DIHED      =      1848.6634
 1-4 NB =       581.5062  1-4 EEL =      8864.5384  VDWAALS    =      8223.2913
 EELEC  =    -89635.2934  EHBOND  =         0.0000  RESTRAINT  =        76.7575
 EAMBER (non-restraint)  =    -68440.7540
 EKCMT  =      5975.5650  VIRIAL  =      5722.1549  VOLUME     =    225780.5457
                                                    Density    =         1.0214
 ------------------------------------------------------------------------------

wrapping first mol.:       22.14347       31.31559       54.24020
wrapping first mol.:       22.14347       31.31559       54.24020

 NSTEP =    25500   TIME(PS) =    2151.000  TEMP(K) =   300.73  PRESS =  -184.1
 Etot   =    -54536.1218  EKtot   =     13934.4004  EPtot      =    -68470.5222
 BOND   =       429.2892  ANGLE   =      1242.7373  DIHED      =      1866.7519
 1-4 NB =       570.0949  1-4 EEL =      8836.3748  VDWAALS    =      7984.0509
 EELEC  =    -89480.2888  EHBOND  =         0.0000  RESTRAINT  =        80.4677
 EAMBER (non-restraint)  =    -68550.9899
 EKCMT  =      6067.9069  VIRIAL  =      6965.0540  VOLUME     =    225676.2505
                                                    Density    =         1.0218
 ------------------------------------------------------------------------------

wrapping first mol.:       22.13069       31.29753       54.20890
wrapping first mol.:       22.13069       31.29753       54.20890

 NSTEP =    26000   TIME(PS) =    2152.000  TEMP(K) =   297.21  PRESS =    55.4
 Etot   =    -54606.5309  EKtot   =     13771.5605  EPtot      =    -68378.0915
 BOND   =       471.7025  ANGLE   =      1187.0338  DIHED      =      1874.1221
 1-4 NB =       569.5502  1-4 EEL =      8849.1440  VDWAALS    =      8029.8862
 EELEC  =    -89439.1102  EHBOND  =         0.0000  RESTRAINT  =        79.5800
 EAMBER (non-restraint)  =    -68457.6715
 EKCMT  =      5998.6540  VIRIAL  =      5729.3398  VOLUME     =    225281.0451
                                                    Density    =         1.0236
 ------------------------------------------------------------------------------

wrapping first mol.:       22.12658       31.29171       54.19883
wrapping first mol.:       22.12658       31.29171       54.19883

 NSTEP =    26500   TIME(PS) =    2153.000  TEMP(K) =   302.51  PRESS =   245.7
 Etot   =    -54373.6776  EKtot   =     14016.8281  EPtot      =    -68390.5057
 BOND   =       469.1023  ANGLE   =      1204.4402  DIHED      =      1896.8477
 1-4 NB =       568.7742  1-4 EEL =      8805.0216  VDWAALS    =      8056.6331
 EELEC  =    -89466.1986  EHBOND  =         0.0000  RESTRAINT  =        74.8739
 EAMBER (non-restraint)  =    -68465.3796
 EKCMT  =      6176.9771  VIRIAL  =      4982.6340  VOLUME     =    225151.6481
                                                    Density    =         1.0242
 ------------------------------------------------------------------------------

wrapping first mol.:       22.13018       31.29680       54.20765
wrapping first mol.:       22.13018       31.29680       54.20765

 NSTEP =    27000   TIME(PS) =    2154.000  TEMP(K) =   301.13  PRESS =  -181.2
 Etot   =    -54599.4614  EKtot   =     13952.8975  EPtot      =    -68552.3589
 BOND   =       449.6891  ANGLE   =      1196.7467  DIHED      =      1850.5596
 1-4 NB =       585.4729  1-4 EEL =      8869.7196  VDWAALS    =      8027.1663
 EELEC  =    -89605.5039  EHBOND  =         0.0000  RESTRAINT  =        73.7906
 EAMBER (non-restraint)  =    -68626.1495
 EKCMT  =      6020.8652  VIRIAL  =      6902.3449  VOLUME     =    225270.1957
                                                    Density    =         1.0237
 ------------------------------------------------------------------------------

wrapping first mol.:       22.11568       31.27630       54.17213
wrapping first mol.:       22.11568       31.27630       54.17213

 NSTEP =    27500   TIME(PS) =    2155.000  TEMP(K) =   299.74  PRESS =   240.2
 Etot   =    -54718.9670  EKtot   =     13888.3613  EPtot      =    -68607.3284
 BOND   =       446.3469  ANGLE   =      1192.1939  DIHED      =      1857.7502
 1-4 NB =       586.8402  1-4 EEL =      8905.3344  VDWAALS    =      8233.6898
 EELEC  =    -89904.6067  EHBOND  =         0.0000  RESTRAINT  =        75.1229
 EAMBER (non-restraint)  =    -68682.4513
 EKCMT  =      6073.0966  VIRIAL  =      4907.3592  VOLUME     =    224819.2333
                                                    Density    =         1.0257
 ------------------------------------------------------------------------------

wrapping first mol.:       22.14171       31.31310       54.23588
wrapping first mol.:       22.14171       31.31310       54.23588

 NSTEP =    28000   TIME(PS) =    2156.000  TEMP(K) =   299.95  PRESS =    53.6
 Etot   =    -54696.5910  EKtot   =     13898.2061  EPtot      =    -68594.7971
 BOND   =       443.8198  ANGLE   =      1192.1508  DIHED      =      1852.6565
 1-4 NB =       588.7519  1-4 EEL =      8859.7463  VDWAALS    =      8007.4892
 EELEC  =    -89607.9147  EHBOND  =         0.0000  RESTRAINT  =        68.5032
 EAMBER (non-restraint)  =    -68663.3003
 EKCMT  =      6072.4957  VIRIAL  =      5811.2667  VOLUME     =    225617.5704
                                                    Density    =         1.0221
 ------------------------------------------------------------------------------

wrapping first mol.:       22.13549       31.30431       54.22065
wrapping first mol.:       22.13549       31.30431       54.22065

 NSTEP =    28500   TIME(PS) =    2157.000  TEMP(K) =   300.26  PRESS =     2.6
 Etot   =    -54662.8641  EKtot   =     13912.8564  EPtot      =    -68575.7206
 BOND   =       462.4744  ANGLE   =      1166.4936  DIHED      =      1831.5062
 1-4 NB =       580.7609  1-4 EEL =      8875.4776  VDWAALS    =      8032.5042
 EELEC  =    -89611.0033  EHBOND  =         0.0000  RESTRAINT  =        86.0658
 EAMBER (non-restraint)  =    -68661.7863
 EKCMT  =      6079.8349  VIRIAL  =      6067.0661  VOLUME     =    225428.5979
                                                    Density    =         1.0230
 ------------------------------------------------------------------------------

wrapping first mol.:       22.12816       31.29395       54.20270
wrapping first mol.:       22.12816       31.29395       54.20270

 NSTEP =    29000   TIME(PS) =    2158.000  TEMP(K) =   301.57  PRESS =   -98.3
 Etot   =    -54436.4511  EKtot   =     13973.4883  EPtot      =    -68409.9394
 BOND   =       470.9248  ANGLE   =      1224.2896  DIHED      =      1850.4949
 1-4 NB =       578.5785  1-4 EEL =      8851.3158  VDWAALS    =      8078.1231
 EELEC  =    -89547.3433  EHBOND  =         0.0000  RESTRAINT  =        83.6771
 EAMBER (non-restraint)  =    -68493.6165
 EKCMT  =      6104.5407  VIRIAL  =      6582.6212  VOLUME     =    225206.8253
                                                    Density    =         1.0240
 ------------------------------------------------------------------------------

wrapping first mol.:       22.13140       31.29853       54.21064
wrapping first mol.:       22.13140       31.29853       54.21064

 NSTEP =    29500   TIME(PS) =    2159.000  TEMP(K) =   300.25  PRESS =   107.6
 Etot   =    -54563.5684  EKtot   =     13912.2949  EPtot      =    -68475.8633
 BOND   =       438.1514  ANGLE   =      1178.0904  DIHED      =      1826.0782
 1-4 NB =       574.2740  1-4 EEL =      8874.1110  VDWAALS    =      8033.0084
 EELEC  =    -89478.2926  EHBOND  =         0.0000  RESTRAINT  =        78.7159
 EAMBER (non-restraint)  =    -68554.5792
 EKCMT  =      6092.8676  VIRIAL  =      5569.5722  VOLUME     =    225301.6428
                                                    Density    =         1.0235
 ------------------------------------------------------------------------------

wrapping first mol.:       22.13690       31.30631       54.22411
wrapping first mol.:       22.13690       31.30631       54.22411

 NSTEP =    30000   TIME(PS) =    2160.000  TEMP(K) =   299.71  PRESS =   197.4
 Etot   =    -54426.9611  EKtot   =     13887.3730  EPtot      =    -68314.3341
 BOND   =       461.4137  ANGLE   =      1194.0893  DIHED      =      1849.6570
 1-4 NB =       583.2017  1-4 EEL =      8887.1059  VDWAALS    =      8115.5173
 EELEC  =    -89478.6415  EHBOND  =         0.0000  RESTRAINT  =        73.3225
 EAMBER (non-restraint)  =    -68387.6567
 EKCMT  =      6019.3334  VIRIAL  =      5058.5997  VOLUME     =    225467.8683
                                                    Density    =         1.0228
 ------------------------------------------------------------------------------

wrapping first mol.:       22.15936       31.33807       54.27912
wrapping first mol.:       22.15936       31.33807       54.27912

 NSTEP =    30500   TIME(PS) =    2161.000  TEMP(K) =   303.01  PRESS =  -163.6
 Etot   =    -54196.0499  EKtot   =     14039.9980  EPtot      =    -68236.0480
 BOND   =       444.8829  ANGLE   =      1224.2762  DIHED      =      1853.5304
 1-4 NB =       570.0180  1-4 EEL =      8853.9842  VDWAALS    =      7956.3295
 EELEC  =    -89215.5259  EHBOND  =         0.0000  RESTRAINT  =        76.4567
 EAMBER (non-restraint)  =    -68312.5047
 EKCMT  =      6156.2804  VIRIAL  =      6955.2031  VOLUME     =    226162.0708
                                                    Density    =         1.0196
 ------------------------------------------------------------------------------

wrapping first mol.:       22.14344       31.31555       54.24012
wrapping first mol.:       22.14344       31.31555       54.24012

 NSTEP =    31000   TIME(PS) =    2162.000  TEMP(K) =   300.68  PRESS =    18.0
 Etot   =    -54618.3581  EKtot   =     13932.2793  EPtot      =    -68550.6374
 BOND   =       433.5863  ANGLE   =      1229.0861  DIHED      =      1851.8102
 1-4 NB =       567.7845  1-4 EEL =      8847.7180  VDWAALS    =      8093.3544
 EELEC  =    -89659.5460  EHBOND  =         0.0000  RESTRAINT  =        85.5691
 EAMBER (non-restraint)  =    -68636.2065
 EKCMT  =      6023.6450  VIRIAL  =      5936.1466  VOLUME     =    225671.1895
                                                    Density    =         1.0219
 ------------------------------------------------------------------------------

wrapping first mol.:       22.14263       31.31441       54.23814
wrapping first mol.:       22.14263       31.31441       54.23814

 NSTEP =    31500   TIME(PS) =    2163.000  TEMP(K) =   297.50  PRESS =    44.8
 Etot   =    -54699.5057  EKtot   =     13784.6973  EPtot      =    -68484.2030
 BOND   =       442.4906  ANGLE   =      1255.6987  DIHED      =      1838.2381
 1-4 NB =       580.9756  1-4 EEL =      8857.6230  VDWAALS    =      8120.9801
 EELEC  =    -89653.8035  EHBOND  =         0.0000  RESTRAINT  =        73.5943
 EAMBER (non-restraint)  =    -68557.7973
 EKCMT  =      5962.4618  VIRIAL  =      5744.4353  VOLUME     =    225645.9615
                                                    Density    =         1.0220
 ------------------------------------------------------------------------------

wrapping first mol.:       22.13949       31.30997       54.23045
wrapping first mol.:       22.13949       31.30997       54.23045

 NSTEP =    32000   TIME(PS) =    2164.000  TEMP(K) =   299.60  PRESS =  -114.0
 Etot   =    -54271.5916  EKtot   =     13882.2959  EPtot      =    -68153.8875
 BOND   =       444.5050  ANGLE   =      1206.0250  DIHED      =      1834.8898
 1-4 NB =       586.9018  1-4 EEL =      8838.4539  VDWAALS    =      8036.8475
 EELEC  =    -89179.9968  EHBOND  =         0.0000  RESTRAINT  =        78.4863
 EAMBER (non-restraint)  =    -68232.3738
 EKCMT  =      6078.6394  VIRIAL  =      6633.9925  VOLUME     =    225553.1819
                                                    Density    =         1.0224
 ------------------------------------------------------------------------------

wrapping first mol.:       22.13679       31.30615       54.22384
wrapping first mol.:       22.13679       31.30615       54.22384

 NSTEP =    32500   TIME(PS) =    2165.000  TEMP(K) =   300.11  PRESS =   -12.8
 Etot   =    -54519.0074  EKtot   =     13905.8564  EPtot      =    -68424.8639
 BOND   =       444.0099  ANGLE   =      1235.1823  DIHED      =      1844.3903
 1-4 NB =       575.7883  1-4 EEL =      8870.2042  VDWAALS    =      8174.2820
 EELEC  =    -89644.0764  EHBOND  =         0.0000  RESTRAINT  =        75.3556
 EAMBER (non-restraint)  =    -68500.2195
 EKCMT  =      6034.3188  VIRIAL  =      6096.4087  VOLUME     =    225468.7206
                                                    Density    =         1.0228
 ------------------------------------------------------------------------------

wrapping first mol.:       22.14943       31.32402       54.25479
wrapping first mol.:       22.14943       31.32402       54.25479

 NSTEP =    33000   TIME(PS) =    2166.000  TEMP(K) =   301.70  PRESS =    32.9
 Etot   =    -54428.9128  EKtot   =     13979.5127  EPtot      =    -68408.4255
 BOND   =       414.8958  ANGLE   =      1196.2585  DIHED      =      1843.0836
 1-4 NB =       587.9171  1-4 EEL =      8888.0203  VDWAALS    =      8191.6148
 EELEC  =    -89603.2212  EHBOND  =         0.0000  RESTRAINT  =        73.0057
 EAMBER (non-restraint)  =    -68481.4312
 EKCMT  =      6160.7536  VIRIAL  =      6000.1093  VOLUME     =    225854.1488
                                                    Density    =         1.0210
 ------------------------------------------------------------------------------

wrapping first mol.:       22.14462       31.31723       54.24302
wrapping first mol.:       22.14462       31.31723       54.24302

 NSTEP =    33500   TIME(PS) =    2167.000  TEMP(K) =   300.81  PRESS =    38.8
 Etot   =    -54584.5340  EKtot   =     13938.2822  EPtot      =    -68522.8162
 BOND   =       448.2976  ANGLE   =      1191.1773  DIHED      =      1856.4915
 1-4 NB =       568.9766  1-4 EEL =      8896.7417  VDWAALS    =      8166.3806
 EELEC  =    -89721.3916  EHBOND  =         0.0000  RESTRAINT  =        70.5100
 EAMBER (non-restraint)  =    -68593.3262
 EKCMT  =      6024.2154  VIRIAL  =      5835.0103  VOLUME     =    225707.0479
                                                    Density    =         1.0217
 ------------------------------------------------------------------------------

wrapping first mol.:       22.16658       31.34827       54.29679
wrapping first mol.:       22.16658       31.34827       54.29679

 NSTEP =    34000   TIME(PS) =    2168.000  TEMP(K) =   299.12  PRESS =    84.4
 Etot   =    -54715.2730  EKtot   =     13859.8145  EPtot      =    -68575.0874
 BOND   =       449.9869  ANGLE   =      1235.0272  DIHED      =      1860.4984
 1-4 NB =       577.5156  1-4 EEL =      8865.9097  VDWAALS    =      8179.5269
 EELEC  =    -89823.9335  EHBOND  =         0.0000  RESTRAINT  =        80.3815
 EAMBER (non-restraint)  =    -68655.4689
 EKCMT  =      6040.5568  VIRIAL  =      5627.9033  VOLUME     =    226378.0226
                                                    Density    =         1.0187
 ------------------------------------------------------------------------------

wrapping first mol.:       22.16584       31.34722       54.29498
wrapping first mol.:       22.16584       31.34722       54.29498

 NSTEP =    34500   TIME(PS) =    2169.000  TEMP(K) =   294.54  PRESS =    81.0
 Etot   =    -54736.1107  EKtot   =     13647.8096  EPtot      =    -68383.9203
 BOND   =       449.8835  ANGLE   =      1181.5506  DIHED      =      1847.1731
 1-4 NB =       568.6519  1-4 EEL =      8874.8818  VDWAALS    =      8190.3279
 EELEC  =    -89570.5959  EHBOND  =         0.0000  RESTRAINT  =        74.2070
 EAMBER (non-restraint)  =    -68458.1272
 EKCMT  =      5900.7732  VIRIAL  =      5504.7813  VOLUME     =    226355.4190
                                                    Density    =         1.0188
 ------------------------------------------------------------------------------

wrapping first mol.:       22.16059       31.33981       54.28213
wrapping first mol.:       22.16059       31.33981       54.28213

 NSTEP =    35000   TIME(PS) =    2170.000  TEMP(K) =   297.28  PRESS =   -68.4
 Etot   =    -54524.1224  EKtot   =     13774.6045  EPtot      =    -68298.7269
 BOND   =       472.9161  ANGLE   =      1233.1918  DIHED      =      1854.3240
 1-4 NB =       574.9604  1-4 EEL =      8855.9877  VDWAALS    =      8105.7681
 EELEC  =    -89469.9753  EHBOND  =         0.0000  RESTRAINT  =        74.1004
 EAMBER (non-restraint)  =    -68372.8273
 EKCMT  =      5933.7153  VIRIAL  =      6267.9006  VOLUME     =    226197.7822
                                                    Density    =         1.0195
 ------------------------------------------------------------------------------

wrapping first mol.:       22.17016       31.35334       54.30557
wrapping first mol.:       22.17016       31.35334       54.30557

 NSTEP =    35500   TIME(PS) =    2171.000  TEMP(K) =   302.27  PRESS =    81.9
 Etot   =    -54177.9491  EKtot   =     14005.9600  EPtot      =    -68183.9091
 BOND   =       448.5549  ANGLE   =      1191.4208  DIHED      =      1835.1600
 1-4 NB =       579.8829  1-4 EEL =      8866.6343  VDWAALS    =      8115.5421
 EELEC  =    -89297.2484  EHBOND  =         0.0000  RESTRAINT  =        76.1442
 EAMBER (non-restraint)  =    -68260.0533
 EKCMT  =      6047.7872  VIRIAL  =      5647.4381  VOLUME     =    226487.9078
                                                    Density    =         1.0182
 ------------------------------------------------------------------------------

wrapping first mol.:       22.15757       31.33553       54.27473
wrapping first mol.:       22.15757       31.33553       54.27473

 NSTEP =    36000   TIME(PS) =    2172.000  TEMP(K) =   299.31  PRESS =  -151.3
 Etot   =    -54332.9148  EKtot   =     13868.5439  EPtot      =    -68201.4587
 BOND   =       427.6991  ANGLE   =      1206.9228  DIHED      =      1845.0562
 1-4 NB =       577.4737  1-4 EEL =      8877.0704  VDWAALS    =      8076.3565
 EELEC  =    -89281.5960  EHBOND  =         0.0000  RESTRAINT  =        69.5586
 EAMBER (non-restraint)  =    -68271.0173
 EKCMT  =      5987.1715  VIRIAL  =      6725.8034  VOLUME     =    226106.9094
                                                    Density    =         1.0199
 ------------------------------------------------------------------------------

wrapping first mol.:       22.17080       31.35425       54.30715
wrapping first mol.:       22.17080       31.35425       54.30715

 NSTEP =    36500   TIME(PS) =    2173.000  TEMP(K) =   300.46  PRESS =   -54.1
 Etot   =    -54268.0772  EKtot   =     13922.1152  EPtot      =    -68190.1924
 BOND   =       471.2142  ANGLE   =      1219.2790  DIHED      =      1877.8785
 1-4 NB =       585.1052  1-4 EEL =      8830.5052  VDWAALS    =      8044.8262
 EELEC  =    -89290.0490  EHBOND  =         0.0000  RESTRAINT  =        71.0483
 EAMBER (non-restraint)  =    -68261.2407
 EKCMT  =      6060.6196  VIRIAL  =      6325.1523  VOLUME     =    226510.4210
                                                    Density    =         1.0181
 ------------------------------------------------------------------------------

wrapping first mol.:       22.18137       31.36920       54.33304
wrapping first mol.:       22.18137       31.36920       54.33304

 NSTEP =    37000   TIME(PS) =    2174.000  TEMP(K) =   299.61  PRESS =   -79.9
 Etot   =    -54222.3872  EKtot   =     13882.4219  EPtot      =    -68104.8091
 BOND   =       424.1970  ANGLE   =      1225.4262  DIHED      =      1844.8325
 1-4 NB =       591.2956  1-4 EEL =      8857.4431  VDWAALS    =      8004.0491
 EELEC  =    -89135.8205  EHBOND  =         0.0000  RESTRAINT  =        83.7680
 EAMBER (non-restraint)  =    -68188.5771
 EKCMT  =      6015.4170  VIRIAL  =      6406.7401  VOLUME     =    226834.9755
                                                    Density    =         1.0166
 ------------------------------------------------------------------------------

wrapping first mol.:       22.16051       31.33970       54.28195
wrapping first mol.:       22.16051       31.33970       54.28195

 NSTEP =    37500   TIME(PS) =    2175.000  TEMP(K) =   301.64  PRESS =   268.2
 Etot   =    -54168.6764  EKtot   =     13976.4541  EPtot      =    -68145.1305
 BOND   =       461.6737  ANGLE   =      1207.5153  DIHED      =      1848.1394
 1-4 NB =       592.3007  1-4 EEL =      8837.2407  VDWAALS    =      8124.7945
 EELEC  =    -89301.4566  EHBOND  =         0.0000  RESTRAINT  =        84.6618
 EAMBER (non-restraint)  =    -68229.7923
 EKCMT  =      6090.0251  VIRIAL  =      4780.2887  VOLUME     =    226188.6576
                                                    Density    =         1.0195
 ------------------------------------------------------------------------------

wrapping first mol.:       22.15229       31.32806       54.26179
wrapping first mol.:       22.15229       31.32806       54.26179

 NSTEP =    38000   TIME(PS) =    2176.000  TEMP(K) =   301.57  PRESS =   -32.9
 Etot   =    -54462.6729  EKtot   =     13973.1680  EPtot      =    -68435.8409
 BOND   =       439.5026  ANGLE   =      1223.4265  DIHED      =      1858.7529
 1-4 NB =       567.2962  1-4 EEL =      8829.7518  VDWAALS    =      8102.9481
 EELEC  =    -89530.0667  EHBOND  =         0.0000  RESTRAINT  =        72.5476
 EAMBER (non-restraint)  =    -68508.3885
 EKCMT  =      5999.4701  VIRIAL  =      6160.1770  VOLUME     =    225942.9000
                                                    Density    =         1.0206
 ------------------------------------------------------------------------------

wrapping first mol.:       22.14508       31.31787       54.24414
wrapping first mol.:       22.14508       31.31787       54.24414

 NSTEP =    38500   TIME(PS) =    2177.000  TEMP(K) =   302.15  PRESS =  -274.2
 Etot   =    -54484.9033  EKtot   =     14000.2744  EPtot      =    -68485.1777
 BOND   =       428.7297  ANGLE   =      1213.4836  DIHED      =      1823.6739
 1-4 NB =       583.3315  1-4 EEL =      8837.0984  VDWAALS    =      8007.0885
 EELEC  =    -89458.7528  EHBOND  =         0.0000  RESTRAINT  =        80.1694
 EAMBER (non-restraint)  =    -68565.3472
 EKCMT  =      5950.5380  VIRIAL  =      7286.9988  VOLUME     =    225727.3615
                                                    Density    =         1.0216
 ------------------------------------------------------------------------------

wrapping first mol.:       22.14714       31.32078       54.24918
wrapping first mol.:       22.14714       31.32078       54.24918

 NSTEP =    39000   TIME(PS) =    2178.000  TEMP(K) =   297.81  PRESS =   -12.3
 Etot   =    -54477.0836  EKtot   =     13799.2432  EPtot      =    -68276.3268
 BOND   =       458.4333  ANGLE   =      1249.9127  DIHED      =      1850.3645
 1-4 NB =       557.6322  1-4 EEL =      8770.4388  VDWAALS    =      8011.2278
 EELEC  =    -89246.9781  EHBOND  =         0.0000  RESTRAINT  =        72.6421
 EAMBER (non-restraint)  =    -68348.9688
 EKCMT  =      5996.0495  VIRIAL  =      6055.9833  VOLUME     =    225784.9639
                                                    Density    =         1.0213
 ------------------------------------------------------------------------------

wrapping first mol.:       22.14277       31.31460       54.23847
wrapping first mol.:       22.14277       31.31460       54.23847

 NSTEP =    39500   TIME(PS) =    2179.000  TEMP(K) =   302.92  PRESS =   405.8
 Etot   =    -54120.2788  EKtot   =     14035.9131  EPtot      =    -68156.1919
 BOND   =       484.1272  ANGLE   =      1226.8089  DIHED      =      1843.1844
 1-4 NB =       584.6479  1-4 EEL =      8841.9972  VDWAALS    =      8221.9418
 EELEC  =    -89436.8879  EHBOND  =         0.0000  RESTRAINT  =        77.9885
 EAMBER (non-restraint)  =    -68234.1804
 EKCMT  =      6098.8645  VIRIAL  =      4121.7699  VOLUME     =    225642.8810
                                                    Density    =         1.0220
 ------------------------------------------------------------------------------

wrapping first mol.:       22.15475       31.33154       54.26782
wrapping first mol.:       22.15475       31.33154       54.26782

 NSTEP =    40000   TIME(PS) =    2180.000  TEMP(K) =   299.03  PRESS =  -153.8
 Etot   =    -54562.0953  EKtot   =     13855.7861  EPtot      =    -68417.8814
 BOND   =       468.6874  ANGLE   =      1190.6869  DIHED      =      1861.2011
 1-4 NB =       579.2993  1-4 EEL =      8894.9721  VDWAALS    =      7974.1302
 EELEC  =    -89460.1993  EHBOND  =         0.0000  RESTRAINT  =        73.3411
 EAMBER (non-restraint)  =    -68491.2225
 EKCMT  =      6081.2903  VIRIAL  =      6832.0189  VOLUME     =    226020.5727
                                                    Density    =         1.0203
 ------------------------------------------------------------------------------

wrapping first mol.:       22.16528       31.34644       54.29363
wrapping first mol.:       22.16528       31.34644       54.29363

 NSTEP =    40500   TIME(PS) =    2181.000  TEMP(K) =   300.54  PRESS =    -9.3
 Etot   =    -54518.5342  EKtot   =     13925.8252  EPtot      =    -68444.3594
 BOND   =       432.1655  ANGLE   =      1190.7747  DIHED      =      1855.4565
 1-4 NB =       561.1758  1-4 EEL =      8837.0016  VDWAALS    =      8106.5130
 EELEC  =    -89497.1936  EHBOND  =         0.0000  RESTRAINT  =        69.7473
 EAMBER (non-restraint)  =    -68514.1066
 EKCMT  =      6067.5159  VIRIAL  =      6113.0307  VOLUME     =    226340.3316
                                                    Density    =         1.0188
 ------------------------------------------------------------------------------

wrapping first mol.:       22.15229       31.32806       54.26180
wrapping first mol.:       22.15229       31.32806       54.26180

 NSTEP =    41000   TIME(PS) =    2182.000  TEMP(K) =   299.83  PRESS =    99.8
 Etot   =    -54519.4701  EKtot   =     13892.5508  EPtot      =    -68412.0208
 BOND   =       438.4513  ANGLE   =      1212.6475  DIHED      =      1859.1058
 1-4 NB =       578.9469  1-4 EEL =      8884.5440  VDWAALS    =      8105.7741
 EELEC  =    -89567.7099  EHBOND  =         0.0000  RESTRAINT  =        76.2195
 EAMBER (non-restraint)  =    -68488.2404
 EKCMT  =      6000.5570  VIRIAL  =      5513.5141  VOLUME     =    225940.2555
                                                    Density    =         1.0206
 ------------------------------------------------------------------------------

wrapping first mol.:       22.16755       31.34965       54.29918
wrapping first mol.:       22.16755       31.34965       54.29918

 NSTEP =    41500   TIME(PS) =    2183.000  TEMP(K) =   299.93  PRESS =   -22.5
 Etot   =    -54326.6207  EKtot   =     13897.2490  EPtot      =    -68223.8698
 BOND   =       438.9752  ANGLE   =      1164.2359  DIHED      =      1839.9466
 1-4 NB =       573.8094  1-4 EEL =      8879.0714  VDWAALS    =      7982.7993
 EELEC  =    -89177.7550  EHBOND  =         0.0000  RESTRAINT  =        75.0475
 EAMBER (non-restraint)  =    -68298.9172
 EKCMT  =      6047.5352  VIRIAL  =      6157.3176  VOLUME     =    226410.0458
                                                    Density    =         1.0185
 ------------------------------------------------------------------------------

wrapping first mol.:       22.17077       31.35420       54.30706
wrapping first mol.:       22.17077       31.35420       54.30706

 NSTEP =    42000   TIME(PS) =    2184.000  TEMP(K) =   298.07  PRESS =    -1.7
 Etot   =    -54441.8630  EKtot   =     13811.2148  EPtot      =    -68253.0779
 BOND   =       445.2120  ANGLE   =      1222.1455  DIHED      =      1861.8050
 1-4 NB =       587.0332  1-4 EEL =      8878.5069  VDWAALS    =      8120.9269
 EELEC  =    -89442.4893  EHBOND  =         0.0000  RESTRAINT  =        73.7820
 EAMBER (non-restraint)  =    -68326.8599
 EKCMT  =      6043.0966  VIRIAL  =      6051.2096  VOLUME     =    226508.2008
                                                    Density    =         1.0181
 ------------------------------------------------------------------------------

wrapping first mol.:       22.16289       31.34305       54.28776
wrapping first mol.:       22.16289       31.34305       54.28776

 NSTEP =    42500   TIME(PS) =    2185.000  TEMP(K) =   296.09  PRESS =    47.5
 Etot   =    -54532.9175  EKtot   =     13719.6572  EPtot      =    -68252.5747
 BOND   =       427.3009  ANGLE   =      1210.1747  DIHED      =      1818.9128
 1-4 NB =       603.1984  1-4 EEL =      8836.1493  VDWAALS    =      8204.0245
 EELEC  =    -89427.5706  EHBOND  =         0.0000  RESTRAINT  =        75.2351
 EAMBER (non-restraint)  =    -68327.8098
 EKCMT  =      5906.0400  VIRIAL  =      5673.9405  VOLUME     =    226265.7614
                                                    Density    =         1.0192
 ------------------------------------------------------------------------------

wrapping first mol.:       22.15647       31.33397       54.27203
wrapping first mol.:       22.15647       31.33397       54.27203

 NSTEP =    43000   TIME(PS) =    2186.000  TEMP(K) =   300.26  PRESS =  -173.5
 Etot   =    -54593.9454  EKtot   =     13912.8594  EPtot      =    -68506.8047
 BOND   =       447.1170  ANGLE   =      1219.5163  DIHED      =      1838.3449
 1-4 NB =       571.8967  1-4 EEL =      8824.7085  VDWAALS    =      8011.6433
 EELEC  =    -89503.0012  EHBOND  =         0.0000  RESTRAINT  =        82.9696
 EAMBER (non-restraint)  =    -68589.7744
 EKCMT  =      6073.2229  VIRIAL  =      6920.3164  VOLUME     =    226073.6273
                                                    Density    =         1.0200
 ------------------------------------------------------------------------------

wrapping first mol.:       22.13936       31.30978       54.23013
wrapping first mol.:       22.13936       31.30978       54.23013

 NSTEP =    43500   TIME(PS) =    2187.000  TEMP(K) =   299.85  PRESS =   -95.3
 Etot   =    -54454.1979  EKtot   =     13893.8320  EPtot      =    -68348.0300
 BOND   =       434.4233  ANGLE   =      1213.8448  DIHED      =      1845.3488
 1-4 NB =       589.6194  1-4 EEL =      8896.8049  VDWAALS    =      8119.9272
 EELEC  =    -89530.7222  EHBOND  =         0.0000  RESTRAINT  =        82.7239
 EAMBER (non-restraint)  =    -68430.7539
 EKCMT  =      6104.6552  VIRIAL  =      6568.6920  VOLUME     =    225548.8900
                                                    Density    =         1.0224
 ------------------------------------------------------------------------------

wrapping first mol.:       22.13502       31.30364       54.21950
wrapping first mol.:       22.13502       31.30364       54.21950

 NSTEP =    44000   TIME(PS) =    2188.000  TEMP(K) =   300.97  PRESS =   -19.7
 Etot   =    -54373.8057  EKtot   =     13945.7314  EPtot      =    -68319.5371
 BOND   =       431.5032  ANGLE   =      1171.5655  DIHED      =      1872.4654
 1-4 NB =       578.7914  1-4 EEL =      8834.9457  VDWAALS    =      7975.8934
 EELEC  =    -89263.5789  EHBOND  =         0.0000  RESTRAINT  =        78.8772
 EAMBER (non-restraint)  =    -68398.4143
 EKCMT  =      6032.0366  VIRIAL  =      6127.8935  VOLUME     =    225414.6941
                                                    Density    =         1.0230
 ------------------------------------------------------------------------------

wrapping first mol.:       22.13592       31.30492       54.22171
wrapping first mol.:       22.13592       31.30492       54.22171

 NSTEP =    44500   TIME(PS) =    2189.000  TEMP(K) =   299.82  PRESS =  -125.1
 Etot   =    -54389.4123  EKtot   =     13892.2061  EPtot      =    -68281.6184
 BOND   =       449.8333  ANGLE   =      1177.9923  DIHED      =      1863.0803
 1-4 NB =       584.9316  1-4 EEL =      8865.9001  VDWAALS    =      8037.8177
 EELEC  =    -89338.5795  EHBOND  =         0.0000  RESTRAINT  =        77.4057
 EAMBER (non-restraint)  =    -68359.0241
 EKCMT  =      5982.8343  VIRIAL  =      6591.9149  VOLUME     =    225444.4611
                                                    Density    =         1.0229
 ------------------------------------------------------------------------------

wrapping first mol.:       22.13610       31.30517       54.22214
wrapping first mol.:       22.13610       31.30517       54.22214

 NSTEP =    45000   TIME(PS) =    2190.000  TEMP(K) =   297.62  PRESS =   199.5
 Etot   =    -54634.5073  EKtot   =     13790.1123  EPtot      =    -68424.6196
 BOND   =       469.1436  ANGLE   =      1207.4538  DIHED      =      1837.2831
 1-4 NB =       574.2833  1-4 EEL =      8853.0180  VDWAALS    =      8277.9758
 EELEC  =    -89723.9895  EHBOND  =         0.0000  RESTRAINT  =        80.2123
 EAMBER (non-restraint)  =    -68504.8319
 EKCMT  =      6009.9513  VIRIAL  =      5038.7193  VOLUME     =    225443.2429
                                                    Density    =         1.0229
 ------------------------------------------------------------------------------

wrapping first mol.:       22.13630       31.30545       54.22263
wrapping first mol.:       22.13630       31.30545       54.22263

 NSTEP =    45500   TIME(PS) =    2191.000  TEMP(K) =   300.51  PRESS =   104.2
 Etot   =    -54532.3836  EKtot   =     13924.3252  EPtot      =    -68456.7088
 BOND   =       423.1931  ANGLE   =      1244.7755  DIHED      =      1856.4192
 1-4 NB =       572.1987  1-4 EEL =      8868.4553  VDWAALS    =      8060.9671
 EELEC  =    -89562.2997  EHBOND  =         0.0000  RESTRAINT  =        79.5821
 EAMBER (non-restraint)  =    -68536.2908
 EKCMT  =      5982.4150  VIRIAL  =      5475.4126  VOLUME     =    225451.2348
                                                    Density    =         1.0229
 ------------------------------------------------------------------------------

wrapping first mol.:       22.15457       31.33129       54.26739
wrapping first mol.:       22.15457       31.33129       54.26739

 NSTEP =    46000   TIME(PS) =    2192.000  TEMP(K) =   298.78  PRESS =   166.3
 Etot   =    -54448.4063  EKtot   =     13844.1104  EPtot      =    -68292.5166
 BOND   =       439.8615  ANGLE   =      1235.6383  DIHED      =      1844.9736
 1-4 NB =       600.5164  1-4 EEL =      8846.9039  VDWAALS    =      8089.3509
 EELEC  =    -89427.3914  EHBOND  =         0.0000  RESTRAINT  =        77.6303
 EAMBER (non-restraint)  =    -68370.1469
 EKCMT  =      6091.7690  VIRIAL  =      5280.4238  VOLUME     =    226008.7753
                                                    Density    =         1.0203
 ------------------------------------------------------------------------------

wrapping first mol.:       22.14251       31.31424       54.23785
wrapping first mol.:       22.14251       31.31424       54.23785

 NSTEP =    46500   TIME(PS) =    2193.000  TEMP(K) =   300.86  PRESS =  -346.8
 Etot   =    -54572.4064  EKtot   =     13940.3672  EPtot      =    -68512.7736
 BOND   =       459.4831  ANGLE   =      1203.7562  DIHED      =      1836.2569
 1-4 NB =       587.4561  1-4 EEL =      8850.1151  VDWAALS    =      8115.0801
 EELEC  =    -89640.7521  EHBOND  =         0.0000  RESTRAINT  =        75.8309
 EAMBER (non-restraint)  =    -68588.6045
 EKCMT  =      6039.0237  VIRIAL  =      7728.7316  VOLUME     =    225650.3060
                                                    Density    =         1.0219
 ------------------------------------------------------------------------------

wrapping first mol.:       22.11332       31.27295       54.16634
wrapping first mol.:       22.11332       31.27295       54.16634

 NSTEP =    47000   TIME(PS) =    2194.000  TEMP(K) =   297.87  PRESS =    19.2
 Etot   =    -54768.7215  EKtot   =     13801.7168  EPtot      =    -68570.4383
 BOND   =       449.7142  ANGLE   =      1203.8430  DIHED      =      1878.6155
 1-4 NB =       576.3795  1-4 EEL =      8849.8761  VDWAALS    =      8223.8205
 EELEC  =    -89828.9394  EHBOND  =         0.0000  RESTRAINT  =        76.2524
 EAMBER (non-restraint)  =    -68646.6907
 EKCMT  =      6077.3298  VIRIAL  =      5984.2906  VOLUME     =    224751.5836
                                                    Density    =         1.0260
 ------------------------------------------------------------------------------

wrapping first mol.:       22.12412       31.28824       54.19281
wrapping first mol.:       22.12412       31.28824       54.19281

 NSTEP =    47500   TIME(PS) =    2195.000  TEMP(K) =   301.64  PRESS =    54.3
 Etot   =    -54470.0473  EKtot   =     13976.4307  EPtot      =    -68446.4780
 BOND   =       452.9529  ANGLE   =      1220.6377  DIHED      =      1879.9485
 1-4 NB =       573.4571  1-4 EEL =      8865.3416  VDWAALS    =      8224.7626
 EELEC  =    -89733.8902  EHBOND  =         0.0000  RESTRAINT  =        70.3118
 EAMBER (non-restraint)  =    -68516.7898
 EKCMT  =      6136.9707  VIRIAL  =      5873.1960  VOLUME     =    225080.5066
                                                    Density    =         1.0245
 ------------------------------------------------------------------------------

wrapping first mol.:       22.13641       31.30562       54.22291
wrapping first mol.:       22.13641       31.30562       54.22291

 NSTEP =    48000   TIME(PS) =    2196.000  TEMP(K) =   299.55  PRESS =   140.5
 Etot   =    -54592.6999  EKtot   =     13879.7451  EPtot      =    -68472.4450
 BOND   =       449.3779  ANGLE   =      1197.5373  DIHED      =      1863.6540
 1-4 NB =       583.9481  1-4 EEL =      8850.7213  VDWAALS    =      8354.9952
 EELEC  =    -89850.7551  EHBOND  =         0.0000  RESTRAINT  =        78.0763
 EAMBER (non-restraint)  =    -68550.5213
 EKCMT  =      6034.3593  VIRIAL  =      5350.2006  VOLUME     =    225454.0628
                                                    Density    =         1.0228
 ------------------------------------------------------------------------------

wrapping first mol.:       22.14161       31.31297       54.23565
wrapping first mol.:       22.14161       31.31297       54.23565

 NSTEP =    48500   TIME(PS) =    2197.000  TEMP(K) =   301.47  PRESS =   145.3
 Etot   =    -54337.5068  EKtot   =     13968.5596  EPtot      =    -68306.0664
 BOND   =       431.2249  ANGLE   =      1195.9234  DIHED      =      1856.3511
 1-4 NB =       575.6503  1-4 EEL =      8896.5618  VDWAALS    =      8101.9461
 EELEC  =    -89440.5210  EHBOND  =         0.0000  RESTRAINT  =        76.7969
 EAMBER (non-restraint)  =    -68382.8633
 EKCMT  =      6039.6341  VIRIAL  =      5332.0020  VOLUME     =    225612.8546
                                                    Density    =         1.0221
 ------------------------------------------------------------------------------

wrapping first mol.:       22.15404       31.33055       54.26610
wrapping first mol.:       22.15404       31.33055       54.26610

 NSTEP =    49000   TIME(PS) =    2198.000  TEMP(K) =   301.66  PRESS =   -96.5
 Etot   =    -54416.9606  EKtot   =     13977.7275  EPtot      =    -68394.6882
 BOND   =       414.9551  ANGLE   =      1196.2178  DIHED      =      1864.9761
 1-4 NB =       596.1294  1-4 EEL =      8870.0318  VDWAALS    =      8240.8722
 EELEC  =    -89652.1876  EHBOND  =         0.0000  RESTRAINT  =        74.3170
 EAMBER (non-restraint)  =    -68469.0052
 EKCMT  =      6063.9593  VIRIAL  =      6535.0426  VOLUME     =    225997.9289
                                                    Density    =         1.0204
 ------------------------------------------------------------------------------

wrapping first mol.:       22.14672       31.32019       54.24815
wrapping first mol.:       22.14672       31.32019       54.24815

 NSTEP =    49500   TIME(PS) =    2199.000  TEMP(K) =   303.96  PRESS =  -171.7
 Etot   =    -54440.7537  EKtot   =     14083.9746  EPtot      =    -68524.7283
 BOND   =       431.9512  ANGLE   =      1165.6385  DIHED      =      1853.8704
 1-4 NB =       580.0147  1-4 EEL =      8838.0732  VDWAALS    =      8025.0897
 EELEC  =    -89497.5522  EHBOND  =         0.0000  RESTRAINT  =        78.1862
 EAMBER (non-restraint)  =    -68602.9146
 EKCMT  =      6128.5488  VIRIAL  =      6965.5029  VOLUME     =    225775.3502
                                                    Density    =         1.0214
 ------------------------------------------------------------------------------

wrapping first mol.:       22.12751       31.29303       54.20111
wrapping first mol.:       22.12751       31.29303       54.20111

 NSTEP =    50000   TIME(PS) =    2200.000  TEMP(K) =   300.10  PRESS =   135.5
 Etot   =    -54407.3735  EKtot   =     13905.0693  EPtot      =    -68312.4428
 BOND   =       423.8127  ANGLE   =      1223.4363  DIHED      =      1863.2640
 1-4 NB =       588.2968  1-4 EEL =      8877.6984  VDWAALS    =      8241.7879
 EELEC  =    -89608.9829  EHBOND  =         0.0000  RESTRAINT  =        78.2439
 EAMBER (non-restraint)  =    -68390.6867
 EKCMT  =      6032.3671  VIRIAL  =      5373.5649  VOLUME     =    225182.3647
                                                    Density    =         1.0241
 ------------------------------------------------------------------------------


      A V E R A G E S   O V E R     100 S T E P S


 NSTEP =    50000   TIME(PS) =    2200.000  TEMP(K) =   300.07  PRESS =    17.5
 Etot   =    -54461.3416  EKtot   =     13904.0045  EPtot      =    -68365.3461
 BOND   =       448.2618  ANGLE   =      1206.5802  DIHED      =      1853.5809
 1-4 NB =       578.8880  1-4 EEL =      8859.7469  VDWAALS    =      8106.9121
 EELEC  =    -89496.3040  EHBOND  =         0.0000  RESTRAINT  =        76.9880
 EAMBER (non-restraint)  =    -68442.3340
 EKCMT  =      6046.2442  VIRIAL  =      5960.9949  VOLUME     =    225842.3743
                                                    Density    =         1.0211
 ------------------------------------------------------------------------------


      R M S  F L U C T U A T I O N S


 NSTEP =    50000   TIME(PS) =    2200.000  TEMP(K) =     1.83  PRESS =   151.5
 Etot   =       149.5573  EKtot   =        84.7797  EPtot      =       126.9627
 BOND   =        16.5373  ANGLE   =        24.9040  DIHED      =        13.9698
 1-4 NB =        10.4786  1-4 EEL =        23.3819  VDWAALS    =       104.2926
 EELEC  =       180.0309  EHBOND  =         0.0000  RESTRAINT  =         4.3792
 EAMBER (non-restraint)  =       122.5835
 EKCMT  =        61.3015  VIRIAL  =       737.6824  VOLUME     =       455.1647
                                                    Density    =         0.0021
 ------------------------------------------------------------------------------

--------------------------------------------------------------------------------
   5.  TIMINGS
--------------------------------------------------------------------------------

|  NonSetup CPU Time in Major Routines:
|
|     Routine           Sec        %
|     ------------------------------
|     Nonbond          33.98   72.06
|     Bond              0.00    0.00
|     Angle             0.00    0.00
|     Dihedral          0.00    0.00
|     Shake             0.29    0.62
|     RunMD            12.83   27.21
|     Other             0.05    0.10
|     ------------------------------
|     Total            47.15

|  PME Nonbond Pairlist CPU Time:
|
|     Routine              Sec        %
|     ---------------------------------
|     Set Up Cit           0.00    0.00
|     Build List           0.00    0.00
|     ---------------------------------
|     Total                0.00    0.00

|  PME Direct Force CPU Time:
|
|     Routine              Sec        %
|     ---------------------------------
|     NonBonded Calc       0.00    0.00
|     Exclude Masked       0.00    0.00
|     Other                0.03    0.06
|     ---------------------------------
|     Total                0.03    0.06

|  PME Reciprocal Force CPU Time:
|
|     Routine              Sec        %
|     ---------------------------------
|     1D bspline           0.00    0.00
|     Grid Charges         0.00    0.00
|     Scalar Sum           0.00    0.00
|     Gradient Sum         0.00    0.00
|     FFT                  0.00    0.00
|     ---------------------------------
|     Total                0.00    0.00

|  Final Performance Info:
|     -----------------------------------------------------
|     Average timings for last   49500 steps:
|     Elapsed(s) =      46.70 Per Step(ms) =       0.94
|         ns/day =     183.15   seconds/ns =     471.74
|
|     Average timings for all steps:
|     Elapsed(s) =      47.17 Per Step(ms) =       0.94
|         ns/day =     183.15   seconds/ns =     471.74
|     -----------------------------------------------------

|  Setup CPU time:            0.50 seconds
|  NonSetup CPU time:        47.15 seconds
|  Total CPU time:           47.65 seconds     0.01 hours

|  Setup wall time:           0    seconds
|  NonSetup wall time:       47    seconds
|  Total wall time:          47    seconds     0.01 hours
