
          -------------------------------------------------------
          Amber 18 PMEMD                              2018
          -------------------------------------------------------

| PMEMD implementation of SANDER, Release 18

| Run on 09/29/2019 at 22:13:26

|   Executable path: pmemd.cuda
| Working directory: /home/pbarletta/lbp/run/4xcp/mhe/e
|          Hostname: Unknown
  [-O]verwriting output

File Assignments:
|   MDIN: 1equ.in                                                               
|  MDOUT: 1equ.out                                                              
| INPCRD: ../h/h4xcp.rst7                                                       
|   PARM: /home/pbarletta/lbp/top_files/4xcp.prmtop                             
| RESTRT: 1e4xcp.rst7                                                           
|   REFC: ../h/h4xcp.rst7                                                       
|  MDVEL: mdvel                                                                 
|   MDEN: mden                                                                  
|  MDCRD: 1e4xcp.nc                                                             
| MDINFO: mdinfo                                                                
|  MDFRC: mdfrc                                                                 


 Here is the input file:

Equilibration with solute restrictions                                         
&cntrl                                                                         
imin = 0,                           ! No Minimization                          
nmropt = 0,                         ! No NMR restraints read                   
                                                                               
! Nature and format of the input                                               
ntx = 5,                            ! Coordinates but no velocities will be rea
irest = 1,                          ! Do not run a new simulation              
                                                                               
! Nature and format of the output                                              
ntxo = 1,                           ! rstrt file in ASCII format               
ntpr = 500,                         ! inf in output every ntpr steps           
ntwr = 500,                         ! rstrt file every ntwr steps              
ntwx = 500,                         ! mdcrd file every ntwx steps              
ntwv = 0,                           ! mdvel without velocities                 
ntwe = 0,                           ! Do not write energies and temperatures   
idecomp = 0,                        ! No energy decomposition                  
iwrap = 1,                          ! Coordinates of the restart and mdcrd file
                                                                               
! Frozen or restrained atoms                                                   
ibelly = 0,                         ! No frozen atoms                          
ntr=1,                              ! Harmonic potential restraints            
restraint_wt = 25.0,                ! The weight for the positional restraints 
restraintmask = ':1-131@N,CA,C,O',  ! restrained residues                      
                                                                               
! Molecular dynamics                                                           
nstlim = 50000,                     ! Number of MD-steps                       
dt = 0.002,                         ! Time step                                
                                                                               
! Temperature regulation                                                       
ntt = 3,                            ! Langevin thermostat                      
gamma_ln = 5,                       ! Gamma constant for Langevin              
temp0 = 300.0,                      ! Reference T at which the system is to be 
tempi = 300.0,                      ! Initial T                                
ig = -1,                            ! Seed for the RNG                         
                                                                               
! P and V regulation                                                           
ntp = 1,                            ! constant P                               
barostat = 1,                       ! Berendsen barostat                       
taup = 1,                           ! Pressure relaxation time                 
ntb = 2,                            ! Periodic box for constant P              
                                                                               
! SHAKE variables                                                              
ntc = 2,                            ! Bonds involving H are constrained        
ntf = 2,                            ! Bond interaction involving H are ommited.
                                                                               
cut = 10.0,                         ! Nonbonded cutoff                         
/                                                                              
&end                                                                           


Note: ig = -1. Setting random seed to   187353 based on wallclock time in 
      microseconds.
| irandom = 1, using AMBER's internal random number generator (default).
 
|--------------------- INFORMATION ----------------------
| GPU (CUDA) Version of PMEMD in use: NVIDIA GPU IN USE.
|                    Version 18.0.0
| 
|                      03/25/2018
| 
| Implementation by:
|                    Ross C. Walker     (SDSC)
|                    Scott Le Grand     (nVIDIA)
| 
| Version 18 performance extensions by:
|                    David Cerutti     (Rutgers)
| 
| Precision model in use:
|      [SPFP] - Single Precision Forces, 64-bit Fixed Point
|               Accumulation. (Default)
| 
|--------------------------------------------------------
 
|----------------- CITATION INFORMATION -----------------
|
|    When publishing work that utilized the CUDA version
|    of AMBER, please cite the following in addition to
|    the regular AMBER citations:
|
|  - Romelia Salomon-Ferrer; Andreas W. Goetz; Duncan
|    Poole; Scott Le Grand; Ross C. Walker "Routine
|    microsecond molecular dynamics simulations with
|    AMBER - Part II: Particle Mesh Ewald", J. Chem.
|    Theory Comput., 2013, 9 (9), pp3878-3888,
|    DOI: 10.1021/ct400314y.
|
|  - Andreas W. Goetz; Mark J. Williamson; Dong Xu;
|    Duncan Poole; Scott Le Grand; Ross C. Walker
|    "Routine microsecond molecular dynamics simulations
|    with AMBER - Part I: Generalized Born", J. Chem.
|    Theory Comput., 2012, 8 (5), pp1542-1555.
|
|  - Scott Le Grand; Andreas W. Goetz; Ross C. Walker
|    "SPFP: Speed without compromise - a mixed precision
|    model for GPU accelerated molecular dynamics
|    simulations.", Comp. Phys. Comm., 2013, 184
|    pp374-380, DOI: 10.1016/j.cpc.2012.09.022
|
|--------------------------------------------------------
 
|------------------- GPU DEVICE INFO --------------------
|
|            CUDA_VISIBLE_DEVICES: 0
|   CUDA Capable Devices Detected:      1
|           CUDA Device ID in use:      0
|                CUDA Device Name: GeForce GTX 1080 Ti
|     CUDA Device Global Mem Size:  11178 MB
| CUDA Device Num Multiprocessors:     28
|           CUDA Device Core Freq:   1.72 GHz
|
|--------------------------------------------------------
 
 
| Conditional Compilation Defines Used:
| PUBFFT
| BINTRAJ
| CUDA
| EMIL

| Largest sphere to fit in unit cell has radius =    28.581

| New format PARM file being parsed.
| Version =    1.000 Date = 04/14/18 Time = 19:54:59

| Note: 1-4 EEL scale factors are being read from the topology file.

| Note: 1-4 VDW scale factors are being read from the topology file.
| Duplicated    0 dihedrals

| Duplicated    0 dihedrals

--------------------------------------------------------------------------------
   1.  RESOURCE   USE: 
--------------------------------------------------------------------------------

 getting new box info from bottom of inpcrd
 NATOM  =   22707 NTYPES =      17 NBONH =   21487 MBONA  =    1237
 NTHETH =    2916 MTHETA =    1649 NPHIH =    5625 MPHIA  =    5085
 NHPARM =       0 NPARM  =       0 NNB   =   40734 NRES   =    6902
 NBONA  =    1237 NTHETA =    1649 NPHIA =    5085 NUMBND =      64
 NUMANG =     139 NPTRA  =     166 NATYP =      37 NPHB   =       1
 IFBOX  =       2 NMXRS  =      50 IFCAP =       0 NEXTRA =       0
 NCOPY  =       0

| Coordinate Index Table dimensions:    11   11   11
| Direct force subcell size =     6.3644    6.3644    6.3644

     BOX TYPE: TRUNCATED OCTAHEDRON

--------------------------------------------------------------------------------
   2.  CONTROL  DATA  FOR  THE  RUN
--------------------------------------------------------------------------------

default_name                                                                    

General flags:
     imin    =       0, nmropt  =       0

Nature and format of input:
     ntx     =       5, irest   =       1, ntrx    =       1

Nature and format of output:
     ntxo    =       1, ntpr    =     500, ntrx    =       1, ntwr    =     500
     iwrap   =       1, ntwx    =     500, ntwv    =       0, ntwe    =       0
     ioutfm  =       1, ntwprt  =       0, idecomp =       0, rbornstat=      0

Potential function:
     ntf     =       2, ntb     =       2, igb     =       0, nsnb    =      25
     ipol    =       0, gbsa    =       0, iesp    =       0
     dielc   =   1.00000, cut     =  10.00000, intdiel =   1.00000

Frozen or restrained atoms:
     ibelly  =       0, ntr     =       1
     restraint_wt =  25.00000

Molecular dynamics:
     nstlim  =     50000, nscm    =         0, nrespa  =         1
     t       =   0.00000, dt      =   0.00200, vlimit  =  -1.00000

Langevin dynamics temperature regulation:
     ig      =  187353
     temp0   = 300.00000, tempi   = 300.00000, gamma_ln=   5.00000

Pressure regulation:
     ntp     =       1
     pres0   =   1.00000, comp    =  44.60000, taup    =   1.00000

SHAKE:
     ntc     =       2, jfastw  =       0
     tol     =   0.00001

| Intermolecular bonds treatment:
|     no_intermolecular_bonds =       1

| Energy averages sample interval:
|     ene_avg_sampling =     500

Ewald parameters:
     verbose =       0, ew_type =       0, nbflag  =       1, use_pme =       1
     vdwmeth =       1, eedmeth =       1, netfrc  =       1
     Box X =   70.009   Box Y =   70.009   Box Z =   70.009
     Alpha =  109.471   Beta  =  109.471   Gamma =  109.471
     NFFT1 =   72       NFFT2 =   72       NFFT3 =   72
     Cutoff=   10.000   Tol   =0.100E-04
     Ewald Coefficient =  0.27511
     Interpolation order =    4

    LOADING THE CONSTRAINED ATOMS AS GROUPS


   5.  REFERENCE ATOM COORDINATES

  default_name                                                                    
     Mask :1-131@N,CA,C,O; matches   524 atoms

--------------------------------------------------------------------------------
   3.  ATOMIC COORDINATES AND VELOCITIES
--------------------------------------------------------------------------------

default_name                                                                    
 begin time read from input coords =   400.000 ps

 
 Number of triangulated 3-point waters found:     6742

     Sum of charges from parm topology file =  -0.00100007
     Forcing neutrality...

| Dynamic Memory, Types Used:
| Reals             1110973
| Integers           905820

| Nonbonded Pairs Initial Allocation:     6868299

| GPU memory information (estimate):
| KB of GPU memory in use:         0
| KB of CPU memory in use:         0

--------------------------------------------------------------------------------
   4.  RESULTS
--------------------------------------------------------------------------------

wrapping first mol.:       23.19851       32.80765       56.82452
wrapping first mol.:       23.19851       32.80765       56.82452

 NSTEP =      500   TIME(PS) =     401.000  TEMP(K) =   298.07  PRESS =  -163.5
 Etot   =    -53432.6583  EKtot   =     13811.1250  EPtot      =    -67243.7833
 BOND   =       455.7194  ANGLE   =      1175.4566  DIHED      =      1849.3129
 1-4 NB =       573.6816  1-4 EEL =      8892.6111  VDWAALS    =      8275.0440
 EELEC  =    -88630.8773  EHBOND  =         0.0000  RESTRAINT  =       165.2685
 EAMBER (non-restraint)  =    -67409.0518
 EKCMT  =      5994.6342  VIRIAL  =      6910.5315  VOLUME     =    259494.7393
                                                    Density    =         0.8887
 ------------------------------------------------------------------------------

wrapping first mol.:       23.10554       32.67616       56.59677
wrapping first mol.:       23.10554       32.67616       56.59677

 NSTEP =     1000   TIME(PS) =     402.000  TEMP(K) =   295.86  PRESS =  -195.2
 Etot   =    -53775.3491  EKtot   =     13708.6572  EPtot      =    -67484.0063
 BOND   =       436.6565  ANGLE   =      1143.1251  DIHED      =      1859.8919
 1-4 NB =       581.5144  1-4 EEL =      8875.2888  VDWAALS    =      8212.1804
 EELEC  =    -88765.0490  EHBOND  =         0.0000  RESTRAINT  =       172.3854
 EAMBER (non-restraint)  =    -67656.3917
 EKCMT  =      5929.8390  VIRIAL  =      7010.5014  VOLUME     =    256387.9201
                                                    Density    =         0.8994
 ------------------------------------------------------------------------------

wrapping first mol.:       23.01993       32.55510       56.38707
wrapping first mol.:       23.01993       32.55510       56.38707

 NSTEP =     1500   TIME(PS) =     403.000  TEMP(K) =   302.81  PRESS =  -401.3
 Etot   =    -53637.4337  EKtot   =     14030.5869  EPtot      =    -67668.0206
 BOND   =       437.5987  ANGLE   =      1163.7311  DIHED      =      1883.6484
 1-4 NB =       585.7628  1-4 EEL =      8899.5172  VDWAALS    =      7979.1385
 EELEC  =    -88776.3075  EHBOND  =         0.0000  RESTRAINT  =       158.8902
 EAMBER (non-restraint)  =    -67826.9108
 EKCMT  =      6051.1455  VIRIAL  =      8248.1092  VOLUME     =    253553.2839
                                                    Density    =         0.9095
 ------------------------------------------------------------------------------

wrapping first mol.:       22.94076       32.44313       56.19315
wrapping first mol.:       22.94076       32.44313       56.19315

 NSTEP =     2000   TIME(PS) =     404.000  TEMP(K) =   299.63  PRESS =  -219.4
 Etot   =    -53721.0683  EKtot   =     13883.5332  EPtot      =    -67604.6015
 BOND   =       427.0841  ANGLE   =      1192.6910  DIHED      =      1890.2693
 1-4 NB =       575.2585  1-4 EEL =      8876.4004  VDWAALS    =      7999.7507
 EELEC  =    -88726.2371  EHBOND  =         0.0000  RESTRAINT  =       160.1817
 EAMBER (non-restraint)  =    -67764.7831
 EKCMT  =      6048.0096  VIRIAL  =      7236.9558  VOLUME     =    250942.1215
                                                    Density    =         0.9190
 ------------------------------------------------------------------------------

wrapping first mol.:       22.90055       32.38627       56.09466
wrapping first mol.:       22.90055       32.38627       56.09466

 NSTEP =     2500   TIME(PS) =     405.000  TEMP(K) =   298.54  PRESS =  -150.6
 Etot   =    -53859.0033  EKtot   =     13833.1445  EPtot      =    -67692.1478
 BOND   =       449.6589  ANGLE   =      1204.4296  DIHED      =      1880.2246
 1-4 NB =       594.4986  1-4 EEL =      8908.1683  VDWAALS    =      8209.4077
 EELEC  =    -89104.4299  EHBOND  =         0.0000  RESTRAINT  =       165.8944
 EAMBER (non-restraint)  =    -67858.0422
 EKCMT  =      6030.2995  VIRIAL  =      6842.1904  VOLUME     =    249623.4230
                                                    Density    =         0.9238
 ------------------------------------------------------------------------------

wrapping first mol.:       22.87973       32.35682       56.04366
wrapping first mol.:       22.87973       32.35682       56.04366

 NSTEP =     3000   TIME(PS) =     406.000  TEMP(K) =   301.51  PRESS =   -71.2
 Etot   =    -53595.1526  EKtot   =     13970.7002  EPtot      =    -67565.8528
 BOND   =       435.8561  ANGLE   =      1209.9910  DIHED      =      1855.3932
 1-4 NB =       582.8234  1-4 EEL =      8847.9899  VDWAALS    =      8076.1743
 EELEC  =    -88743.1130  EHBOND  =         0.0000  RESTRAINT  =       169.0322
 EAMBER (non-restraint)  =    -67734.8850
 EKCMT  =      6047.6363  VIRIAL  =      6430.5164  VOLUME     =    248941.4064
                                                    Density    =         0.9263
 ------------------------------------------------------------------------------

wrapping first mol.:       22.85236       32.31811       55.97661
wrapping first mol.:       22.85236       32.31811       55.97661

 NSTEP =     3500   TIME(PS) =     407.000  TEMP(K) =   301.07  PRESS =   -63.5
 Etot   =    -53782.2509  EKtot   =     13950.2090  EPtot      =    -67732.4599
 BOND   =       439.1382  ANGLE   =      1196.0993  DIHED      =      1855.8435
 1-4 NB =       578.9552  1-4 EEL =      8895.1154  VDWAALS    =      8083.4859
 EELEC  =    -88952.2120  EHBOND  =         0.0000  RESTRAINT  =       171.1145
 EAMBER (non-restraint)  =    -67903.5744
 EKCMT  =      6087.4727  VIRIAL  =      6427.5393  VOLUME     =    248048.8208
                                                    Density    =         0.9297
 ------------------------------------------------------------------------------

wrapping first mol.:       22.81220       32.26132       55.87824
wrapping first mol.:       22.81220       32.26132       55.87824

 NSTEP =     4000   TIME(PS) =     408.000  TEMP(K) =   297.22  PRESS =  -335.6
 Etot   =    -54133.8348  EKtot   =     13771.6650  EPtot      =    -67905.4998
 BOND   =       405.8796  ANGLE   =      1211.2753  DIHED      =      1890.0429
 1-4 NB =       570.2103  1-4 EEL =      8901.9858  VDWAALS    =      8081.0185
 EELEC  =    -89128.6537  EHBOND  =         0.0000  RESTRAINT  =       162.7415
 EAMBER (non-restraint)  =    -68068.2414
 EKCMT  =      5959.3553  VIRIAL  =      7747.0599  VOLUME     =    246749.3813
                                                    Density    =         0.9346
 ------------------------------------------------------------------------------

wrapping first mol.:       22.78198       32.21858       55.80421
wrapping first mol.:       22.78198       32.21858       55.80421

 NSTEP =     4500   TIME(PS) =     409.000  TEMP(K) =   298.29  PRESS =   -24.1
 Etot   =    -53938.9375  EKtot   =     13821.5020  EPtot      =    -67760.4394
 BOND   =       408.2149  ANGLE   =      1200.5361  DIHED      =      1874.5415
 1-4 NB =       581.9557  1-4 EEL =      8901.3844  VDWAALS    =      8141.5106
 EELEC  =    -89035.6780  EHBOND  =         0.0000  RESTRAINT  =       167.0954
 EAMBER (non-restraint)  =    -67927.5349
 EKCMT  =      6016.2481  VIRIAL  =      6144.3099  VOLUME     =    245763.2376
                                                    Density    =         0.9383
 ------------------------------------------------------------------------------

wrapping first mol.:       22.74966       32.17287       55.72504
wrapping first mol.:       22.74966       32.17287       55.72504

 NSTEP =     5000   TIME(PS) =     410.000  TEMP(K) =   301.63  PRESS =  -194.0
 Etot   =    -53858.9325  EKtot   =     13976.2041  EPtot      =    -67835.1366
 BOND   =       460.4344  ANGLE   =      1192.2384  DIHED      =      1872.0827
 1-4 NB =       574.2037  1-4 EEL =      8871.4057  VDWAALS    =      8154.3515
 EELEC  =    -89138.1679  EHBOND  =         0.0000  RESTRAINT  =       178.3149
 EAMBER (non-restraint)  =    -68013.4516
 EKCMT  =      6152.6697  VIRIAL  =      7177.8587  VOLUME     =    244722.4410
                                                    Density    =         0.9423
 ------------------------------------------------------------------------------

wrapping first mol.:       22.72927       32.14404       55.67511
wrapping first mol.:       22.72927       32.14404       55.67511

 NSTEP =     5500   TIME(PS) =     411.000  TEMP(K) =   301.04  PRESS =   -61.8
 Etot   =    -54041.6625  EKtot   =     13948.6396  EPtot      =    -67990.3021
 BOND   =       422.5979  ANGLE   =      1184.8681  DIHED      =      1865.7547
 1-4 NB =       571.4780  1-4 EEL =      8914.3752  VDWAALS    =      8194.1816
 EELEC  =    -89314.7386  EHBOND  =         0.0000  RESTRAINT  =       171.1809
 EAMBER (non-restraint)  =    -68161.4830
 EKCMT  =      6100.6646  VIRIAL  =      6426.2494  VOLUME     =    244062.2633
                                                    Density    =         0.9449
 ------------------------------------------------------------------------------

wrapping first mol.:       22.70736       32.11305       55.62143
wrapping first mol.:       22.70736       32.11305       55.62143

 NSTEP =     6000   TIME(PS) =     412.000  TEMP(K) =   298.23  PRESS =   228.9
 Etot   =    -54000.9075  EKtot   =     13818.5381  EPtot      =    -67819.4455
 BOND   =       432.9500  ANGLE   =      1166.1045  DIHED      =      1889.7707
 1-4 NB =       577.2613  1-4 EEL =      8885.8395  VDWAALS    =      8191.0297
 EELEC  =    -89141.2672  EHBOND  =         0.0000  RESTRAINT  =       178.8660
 EAMBER (non-restraint)  =    -67998.3115
 EKCMT  =      6068.1887  VIRIAL  =      4865.2514  VOLUME     =    243350.6577
                                                    Density    =         0.9476
 ------------------------------------------------------------------------------

wrapping first mol.:       22.68792       32.08556       55.57382
wrapping first mol.:       22.68792       32.08556       55.57382

 NSTEP =     6500   TIME(PS) =     413.000  TEMP(K) =   299.27  PRESS =    15.5
 Etot   =    -53724.3513  EKtot   =     13866.8350  EPtot      =    -67591.1862
 BOND   =       458.8684  ANGLE   =      1194.8974  DIHED      =      1869.6126
 1-4 NB =       585.1142  1-4 EEL =      8900.6407  VDWAALS    =      8149.9410
 EELEC  =    -88927.5619  EHBOND  =         0.0000  RESTRAINT  =       177.3013
 EAMBER (non-restraint)  =    -67768.4875
 EKCMT  =      6027.9953  VIRIAL  =      5946.6876  VOLUME     =    242730.8988
                                                    Density    =         0.9500
 ------------------------------------------------------------------------------

wrapping first mol.:       22.65317       32.03642       55.48870
wrapping first mol.:       22.65317       32.03642       55.48870

 NSTEP =     7000   TIME(PS) =     414.000  TEMP(K) =   299.57  PRESS =  -206.2
 Etot   =    -54016.3394  EKtot   =     13880.4619  EPtot      =    -67896.8013
 BOND   =       431.2015  ANGLE   =      1259.5530  DIHED      =      1863.2997
 1-4 NB =       566.9900  1-4 EEL =      8876.5428  VDWAALS    =      8103.9200
 EELEC  =    -89163.1823  EHBOND  =         0.0000  RESTRAINT  =       164.8741
 EAMBER (non-restraint)  =    -68061.6753
 EKCMT  =      6074.8047  VIRIAL  =      7150.5706  VOLUME     =    241622.1102
                                                    Density    =         0.9544
 ------------------------------------------------------------------------------

wrapping first mol.:       22.62898       32.00220       55.42944
wrapping first mol.:       22.62898       32.00220       55.42944

 NSTEP =     7500   TIME(PS) =     415.000  TEMP(K) =   300.86  PRESS =  -119.4
 Etot   =    -53990.9846  EKtot   =     13940.5049  EPtot      =    -67931.4895
 BOND   =       421.7028  ANGLE   =      1171.4635  DIHED      =      1875.2475
 1-4 NB =       567.6167  1-4 EEL =      8895.8207  VDWAALS    =      8137.7571
 EELEC  =    -89184.3841  EHBOND  =         0.0000  RESTRAINT  =       183.2863
 EAMBER (non-restraint)  =    -68114.7758
 EKCMT  =      6045.6155  VIRIAL  =      6666.7760  VOLUME     =    240846.8853
                                                    Density    =         0.9575
 ------------------------------------------------------------------------------

wrapping first mol.:       22.61193       31.97810       55.38768
wrapping first mol.:       22.61193       31.97810       55.38768

 NSTEP =     8000   TIME(PS) =     416.000  TEMP(K) =   301.44  PRESS =     7.3
 Etot   =    -53837.6145  EKtot   =     13967.4248  EPtot      =    -67805.0393
 BOND   =       455.3428  ANGLE   =      1223.4751  DIHED      =      1889.8237
 1-4 NB =       580.7758  1-4 EEL =      8861.6063  VDWAALS    =      8207.5405
 EELEC  =    -89188.1189  EHBOND  =         0.0000  RESTRAINT  =       164.5155
 EAMBER (non-restraint)  =    -67969.5548
 EKCMT  =      6146.6913  VIRIAL  =      6108.5783  VOLUME     =    240300.2948
                                                    Density    =         0.9596
 ------------------------------------------------------------------------------

wrapping first mol.:       22.60330       31.96589       55.36655
wrapping first mol.:       22.60330       31.96589       55.36655

 NSTEP =     8500   TIME(PS) =     417.000  TEMP(K) =   299.41  PRESS =  -277.2
 Etot   =    -53792.9993  EKtot   =     13873.1553  EPtot      =    -67666.1545
 BOND   =       486.4185  ANGLE   =      1204.6357  DIHED      =      1868.4021
 1-4 NB =       577.6876  1-4 EEL =      8901.1886  VDWAALS    =      7886.3242
 EELEC  =    -88747.3170  EHBOND  =         0.0000  RESTRAINT  =       156.5059
 EAMBER (non-restraint)  =    -67822.6604
 EKCMT  =      6020.5032  VIRIAL  =      7457.3454  VOLUME     =    240031.4082
                                                    Density    =         0.9607
 ------------------------------------------------------------------------------

wrapping first mol.:       22.58900       31.94566       55.33151
wrapping first mol.:       22.58900       31.94566       55.33151

 NSTEP =     9000   TIME(PS) =     418.000  TEMP(K) =   298.21  PRESS =  -141.0
 Etot   =    -54187.1830  EKtot   =     13817.5312  EPtot      =    -68004.7142
 BOND   =       469.8751  ANGLE   =      1179.5118  DIHED      =      1849.9998
 1-4 NB =       586.0157  1-4 EEL =      8865.0368  VDWAALS    =      8090.7649
 EELEC  =    -89208.0877  EHBOND  =         0.0000  RESTRAINT  =       162.1695
 EAMBER (non-restraint)  =    -68166.8837
 EKCMT  =      5926.4482  VIRIAL  =      6655.5769  VOLUME     =    239573.0680
                                                    Density    =         0.9626
 ------------------------------------------------------------------------------

wrapping first mol.:       22.57935       31.93202       55.30788
wrapping first mol.:       22.57935       31.93202       55.30788

 NSTEP =     9500   TIME(PS) =     419.000  TEMP(K) =   299.63  PRESS =   -15.1
 Etot   =    -53970.8745  EKtot   =     13883.5938  EPtot      =    -67854.4682
 BOND   =       398.2993  ANGLE   =      1208.0063  DIHED      =      1870.5250
 1-4 NB =       576.1502  1-4 EEL =      8879.8626  VDWAALS    =      8207.4673
 EELEC  =    -89165.1415  EHBOND  =         0.0000  RESTRAINT  =       170.3626
 EAMBER (non-restraint)  =    -68024.8309
 EKCMT  =      5958.9128  VIRIAL  =      6036.8963  VOLUME     =    239263.6053
                                                    Density    =         0.9638
 ------------------------------------------------------------------------------

wrapping first mol.:       22.54352       31.88135       55.22012
wrapping first mol.:       22.54352       31.88135       55.22012

 NSTEP =    10000   TIME(PS) =     420.000  TEMP(K) =   298.11  PRESS =  -173.9
 Etot   =    -54120.2858  EKtot   =     13813.1016  EPtot      =    -67933.3873
 BOND   =       463.4811  ANGLE   =      1268.6386  DIHED      =      1874.0414
 1-4 NB =       585.9844  1-4 EEL =      8885.0098  VDWAALS    =      8116.0274
 EELEC  =    -89302.7102  EHBOND  =         0.0000  RESTRAINT  =       176.1402
 EAMBER (non-restraint)  =    -68109.5275
 EKCMT  =      6000.8338  VIRIAL  =      6894.8294  VOLUME     =    238129.8172
                                                    Density    =         0.9684
 ------------------------------------------------------------------------------

wrapping first mol.:       22.52996       31.86218       55.18691
wrapping first mol.:       22.52996       31.86218       55.18691

 NSTEP =    10500   TIME(PS) =     421.000  TEMP(K) =   299.64  PRESS =   278.7
 Etot   =    -53961.2913  EKtot   =     13884.1523  EPtot      =    -67845.4436
 BOND   =       448.2105  ANGLE   =      1197.6411  DIHED      =      1851.5035
 1-4 NB =       575.4104  1-4 EEL =      8915.5848  VDWAALS    =      8232.8180
 EELEC  =    -89234.8436  EHBOND  =         0.0000  RESTRAINT  =       168.2315
 EAMBER (non-restraint)  =    -68013.6752
 EKCMT  =      6014.9935  VIRIAL  =      4584.6100  VOLUME     =    237690.8014
                                                    Density    =         0.9702
 ------------------------------------------------------------------------------

wrapping first mol.:       22.50193       31.82253       55.11823
wrapping first mol.:       22.50193       31.82253       55.11823

 NSTEP =    11000   TIME(PS) =     422.000  TEMP(K) =   300.14  PRESS =   -54.6
 Etot   =    -54081.7264  EKtot   =     13906.8691  EPtot      =    -67988.5955
 BOND   =       426.1181  ANGLE   =      1221.2828  DIHED      =      1871.4835
 1-4 NB =       592.3285  1-4 EEL =      8904.5393  VDWAALS    =      8020.1502
 EELEC  =    -89199.7432  EHBOND  =         0.0000  RESTRAINT  =       175.2454
 EAMBER (non-restraint)  =    -68163.8409
 EKCMT  =      6059.8193  VIRIAL  =      6339.0686  VOLUME     =    236811.5961
                                                    Density    =         0.9738
 ------------------------------------------------------------------------------

wrapping first mol.:       22.50377       31.82514       55.12275
wrapping first mol.:       22.50377       31.82514       55.12275

 NSTEP =    11500   TIME(PS) =     423.000  TEMP(K) =   300.85  PRESS =   -45.2
 Etot   =    -54200.3913  EKtot   =     13940.0186  EPtot      =    -68140.4098
 BOND   =       440.7999  ANGLE   =      1189.9085  DIHED      =      1854.4824
 1-4 NB =       592.4710  1-4 EEL =      8908.2216  VDWAALS    =      8172.4155
 EELEC  =    -89477.1734  EHBOND  =         0.0000  RESTRAINT  =       178.4648
 EAMBER (non-restraint)  =    -68318.8746
 EKCMT  =      6084.5343  VIRIAL  =      6315.8244  VOLUME     =    236869.6713
                                                    Density    =         0.9735
 ------------------------------------------------------------------------------

wrapping first mol.:       22.49693       31.81546       55.10599
wrapping first mol.:       22.49693       31.81546       55.10599

 NSTEP =    12000   TIME(PS) =     424.000  TEMP(K) =   297.05  PRESS =    -2.5
 Etot   =    -54044.4701  EKtot   =     13763.7549  EPtot      =    -67808.2250
 BOND   =       465.0413  ANGLE   =      1173.0280  DIHED      =      1871.8227
 1-4 NB =       590.6732  1-4 EEL =      8890.2373  VDWAALS    =      8084.6074
 EELEC  =    -89048.8493  EHBOND  =         0.0000  RESTRAINT  =       165.2144
 EAMBER (non-restraint)  =    -67973.4394
 EKCMT  =      6019.0431  VIRIAL  =      6031.7392  VOLUME     =    236652.7582
                                                    Density    =         0.9744
 ------------------------------------------------------------------------------

wrapping first mol.:       22.45615       31.75779       55.00611
wrapping first mol.:       22.45615       31.75779       55.00611

 NSTEP =    12500   TIME(PS) =     425.000  TEMP(K) =   297.89  PRESS =  -247.9
 Etot   =    -54134.3552  EKtot   =     13802.9043  EPtot      =    -67937.2595
 BOND   =       420.0969  ANGLE   =      1192.1920  DIHED      =      1848.1328
 1-4 NB =       589.7005  1-4 EEL =      8878.0929  VDWAALS    =      7940.2772
 EELEC  =    -88972.9352  EHBOND  =         0.0000  RESTRAINT  =       167.1833
 EAMBER (non-restraint)  =    -68104.4429
 EKCMT  =      6024.1407  VIRIAL  =      7283.9497  VOLUME     =    235373.3719
                                                    Density    =         0.9797
 ------------------------------------------------------------------------------

wrapping first mol.:       22.45946       31.76248       55.01422
wrapping first mol.:       22.45946       31.76248       55.01422

 NSTEP =    13000   TIME(PS) =     426.000  TEMP(K) =   301.08  PRESS =     9.5
 Etot   =    -54025.2259  EKtot   =     13950.7441  EPtot      =    -67975.9701
 BOND   =       447.8243  ANGLE   =      1178.9998  DIHED      =      1852.6761
 1-4 NB =       586.4057  1-4 EEL =      8922.1338  VDWAALS    =      8174.8997
 EELEC  =    -89315.2656  EHBOND  =         0.0000  RESTRAINT  =       176.3561
 EAMBER (non-restraint)  =    -68152.3262
 EKCMT  =      6045.1692  VIRIAL  =      5996.8704  VOLUME     =    235472.0935
                                                    Density    =         0.9793
 ------------------------------------------------------------------------------

wrapping first mol.:       22.43861       31.73299       54.96314
wrapping first mol.:       22.43861       31.73299       54.96314

 NSTEP =    13500   TIME(PS) =     427.000  TEMP(K) =   302.65  PRESS =     2.3
 Etot   =    -53856.0789  EKtot   =     14023.4697  EPtot      =    -67879.5486
 BOND   =       460.4386  ANGLE   =      1164.4930  DIHED      =      1850.6563
 1-4 NB =       588.3211  1-4 EEL =      8902.1613  VDWAALS    =      8259.0431
 EELEC  =    -89268.8680  EHBOND  =         0.0000  RESTRAINT  =       164.2060
 EAMBER (non-restraint)  =    -68043.7547
 EKCMT  =      6091.7466  VIRIAL  =      6079.8916  VOLUME     =    234816.9657
                                                    Density    =         0.9821
 ------------------------------------------------------------------------------

wrapping first mol.:       22.43872       31.73315       54.96342
wrapping first mol.:       22.43872       31.73315       54.96342

 NSTEP =    14000   TIME(PS) =     428.000  TEMP(K) =   299.05  PRESS =    81.7
 Etot   =    -54211.7253  EKtot   =     13856.6455  EPtot      =    -68068.3708
 BOND   =       428.0362  ANGLE   =      1180.8542  DIHED      =      1870.0279
 1-4 NB =       566.5498  1-4 EEL =      8866.2966  VDWAALS    =      8371.8228
 EELEC  =    -89511.4815  EHBOND  =         0.0000  RESTRAINT  =       159.5231
 EAMBER (non-restraint)  =    -68227.8939
 EKCMT  =      6050.1544  VIRIAL  =      5635.7833  VOLUME     =    234818.9187
                                                    Density    =         0.9820
 ------------------------------------------------------------------------------

wrapping first mol.:       22.41992       31.70655       54.91736
wrapping first mol.:       22.41992       31.70655       54.91736

 NSTEP =    14500   TIME(PS) =     429.000  TEMP(K) =   300.67  PRESS =   123.0
 Etot   =    -54073.3037  EKtot   =     13931.7217  EPtot      =    -68005.0254
 BOND   =       446.1969  ANGLE   =      1170.1006  DIHED      =      1864.4908
 1-4 NB =       556.7256  1-4 EEL =      8885.2541  VDWAALS    =      8384.1356
 EELEC  =    -89482.9575  EHBOND  =         0.0000  RESTRAINT  =       171.0285
 EAMBER (non-restraint)  =    -68176.0539
 EKCMT  =      6102.6345  VIRIAL  =      5480.5858  VOLUME     =    234228.1916
                                                    Density    =         0.9845
 ------------------------------------------------------------------------------

wrapping first mol.:       22.40701       31.68830       54.88574
wrapping first mol.:       22.40701       31.68830       54.88574

 NSTEP =    15000   TIME(PS) =     430.000  TEMP(K) =   296.42  PRESS =   139.1
 Etot   =    -54255.3885  EKtot   =     13734.9229  EPtot      =    -67990.3113
 BOND   =       456.4197  ANGLE   =      1158.1265  DIHED      =      1871.5175
 1-4 NB =       579.8359  1-4 EEL =      8877.6590  VDWAALS    =      8267.9342
 EELEC  =    -89360.4234  EHBOND  =         0.0000  RESTRAINT  =       158.6194
 EAMBER (non-restraint)  =    -68148.9307
 EKCMT  =      5988.7014  VIRIAL  =      5286.6342  VOLUME     =    233823.5560
                                                    Density    =         0.9862
 ------------------------------------------------------------------------------

wrapping first mol.:       22.37630       31.64487       54.81051
wrapping first mol.:       22.37630       31.64487       54.81051

 NSTEP =    15500   TIME(PS) =     431.000  TEMP(K) =   301.46  PRESS =   265.0
 Etot   =    -54003.4580  EKtot   =     13968.2500  EPtot      =    -67971.7080
 BOND   =       435.0052  ANGLE   =      1166.5574  DIHED      =      1869.0610
 1-4 NB =       570.6793  1-4 EEL =      8874.5809  VDWAALS    =      8321.3564
 EELEC  =    -89374.0468  EHBOND  =         0.0000  RESTRAINT  =       165.0986
 EAMBER (non-restraint)  =    -68136.8066
 EKCMT  =      6059.8624  VIRIAL  =      4727.6197  VOLUME     =    232860.7568
                                                    Density    =         0.9903
 ------------------------------------------------------------------------------

wrapping first mol.:       22.35629       31.61657       54.76150
wrapping first mol.:       22.35629       31.61657       54.76150

 NSTEP =    16000   TIME(PS) =     432.000  TEMP(K) =   298.19  PRESS =  -130.1
 Etot   =    -54321.1658  EKtot   =     13816.6963  EPtot      =    -68137.8620
 BOND   =       465.9422  ANGLE   =      1219.7619  DIHED      =      1848.5696
 1-4 NB =       578.3289  1-4 EEL =      8870.9309  VDWAALS    =      8203.5892
 EELEC  =    -89500.1117  EHBOND  =         0.0000  RESTRAINT  =       175.1269
 EAMBER (non-restraint)  =    -68312.9889
 EKCMT  =      5926.5122  VIRIAL  =      6578.6725  VOLUME     =    232244.8692
                                                    Density    =         0.9929
 ------------------------------------------------------------------------------

wrapping first mol.:       22.34232       31.59682       54.72729
wrapping first mol.:       22.34232       31.59682       54.72729

 NSTEP =    16500   TIME(PS) =     433.000  TEMP(K) =   298.48  PRESS =  -104.7
 Etot   =    -54212.2070  EKtot   =     13830.2129  EPtot      =    -68042.4199
 BOND   =       458.2811  ANGLE   =      1199.6180  DIHED      =      1863.7453
 1-4 NB =       579.6678  1-4 EEL =      8899.8871  VDWAALS    =      8093.8990
 EELEC  =    -89300.8310  EHBOND  =         0.0000  RESTRAINT  =       163.3128
 EAMBER (non-restraint)  =    -68205.7327
 EKCMT  =      6044.5090  VIRIAL  =      6568.4666  VOLUME     =    231809.2918
                                                    Density    =         0.9948
 ------------------------------------------------------------------------------

wrapping first mol.:       22.35414       31.61353       54.75624
wrapping first mol.:       22.35414       31.61353       54.75624

 NSTEP =    17000   TIME(PS) =     434.000  TEMP(K) =   295.23  PRESS =    46.3
 Etot   =    -54443.9561  EKtot   =     13679.6123  EPtot      =    -68123.5684
 BOND   =       442.5023  ANGLE   =      1226.7003  DIHED      =      1864.2807
 1-4 NB =       599.7453  1-4 EEL =      8875.8211  VDWAALS    =      8330.3736
 EELEC  =    -89625.8490  EHBOND  =         0.0000  RESTRAINT  =       162.8572
 EAMBER (non-restraint)  =    -68286.4257
 EKCMT  =      5919.2684  VIRIAL  =      5687.1280  VOLUME     =    232174.2838
                                                    Density    =         0.9932
 ------------------------------------------------------------------------------

wrapping first mol.:       22.34942       31.60685       54.74467
wrapping first mol.:       22.34942       31.60685       54.74467

 NSTEP =    17500   TIME(PS) =     435.000  TEMP(K) =   302.19  PRESS =   216.3
 Etot   =    -54122.9104  EKtot   =     14002.0840  EPtot      =    -68124.9944
 BOND   =       441.7157  ANGLE   =      1236.6987  DIHED      =      1856.8548
 1-4 NB =       565.2972  1-4 EEL =      8898.0624  VDWAALS    =      8238.0580
 EELEC  =    -89520.9856  EHBOND  =         0.0000  RESTRAINT  =       159.3044
 EAMBER (non-restraint)  =    -68284.2988
 EKCMT  =      6157.5065  VIRIAL  =      5073.9892  VOLUME     =    232023.6222
                                                    Density    =         0.9939
 ------------------------------------------------------------------------------

wrapping first mol.:       22.34463       31.60007       54.73293
wrapping first mol.:       22.34463       31.60007       54.73293

 NSTEP =    18000   TIME(PS) =     436.000  TEMP(K) =   300.38  PRESS =   270.5
 Etot   =    -54038.3241  EKtot   =     13918.2256  EPtot      =    -67956.5497
 BOND   =       419.5747  ANGLE   =      1219.4711  DIHED      =      1848.9568
 1-4 NB =       577.1254  1-4 EEL =      8889.3388  VDWAALS    =      8208.5822
 EELEC  =    -89301.7244  EHBOND  =         0.0000  RESTRAINT  =       182.1257
 EAMBER (non-restraint)  =    -68138.6753
 EKCMT  =      6096.9759  VIRIAL  =      4742.7352  VOLUME     =    231873.2379
                                                    Density    =         0.9945
 ------------------------------------------------------------------------------

wrapping first mol.:       22.30866       31.54920       54.64482
wrapping first mol.:       22.30866       31.54920       54.64482

 NSTEP =    18500   TIME(PS) =     437.000  TEMP(K) =   301.44  PRESS =    87.5
 Etot   =    -54294.2233  EKtot   =     13967.2383  EPtot      =    -68261.4615
 BOND   =       442.2920  ANGLE   =      1158.7502  DIHED      =      1856.3387
 1-4 NB =       592.9671  1-4 EEL =      8909.9967  VDWAALS    =      8240.2320
 EELEC  =    -89635.3329  EHBOND  =         0.0000  RESTRAINT  =       173.2947
 EAMBER (non-restraint)  =    -68434.7562
 EKCMT  =      6050.2310  VIRIAL  =      5614.0929  VOLUME     =    230758.9816
                                                    Density    =         0.9993
 ------------------------------------------------------------------------------

wrapping first mol.:       22.28906       31.52149       54.59682
wrapping first mol.:       22.28906       31.52149       54.59682

 NSTEP =    19000   TIME(PS) =     438.000  TEMP(K) =   299.42  PRESS =  -165.5
 Etot   =    -54338.5894  EKtot   =     13873.5742  EPtot      =    -68212.1637
 BOND   =       398.7745  ANGLE   =      1193.0446  DIHED      =      1858.5965
 1-4 NB =       576.5910  1-4 EEL =      8906.6025  VDWAALS    =      7896.6320
 EELEC  =    -89204.5656  EHBOND  =         0.0000  RESTRAINT  =       162.1607
 EAMBER (non-restraint)  =    -68374.3244
 EKCMT  =      6032.8514  VIRIAL  =      6855.1965  VOLUME     =    230156.5628
                                                    Density    =         1.0019
 ------------------------------------------------------------------------------

wrapping first mol.:       22.27997       31.50863       54.57455
wrapping first mol.:       22.27997       31.50863       54.57455

 NSTEP =    19500   TIME(PS) =     439.000  TEMP(K) =   302.29  PRESS =   -26.8
 Etot   =    -54200.1687  EKtot   =     14006.8350  EPtot      =    -68207.0037
 BOND   =       492.0172  ANGLE   =      1140.9318  DIHED      =      1861.3762
 1-4 NB =       564.7849  1-4 EEL =      8882.4776  VDWAALS    =      8090.3555
 EELEC  =    -89397.5735  EHBOND  =         0.0000  RESTRAINT  =       158.6268
 EAMBER (non-restraint)  =    -68365.6305
 EKCMT  =      6090.3242  VIRIAL  =      6223.2786  VOLUME     =    229872.1803
                                                    Density    =         1.0032
 ------------------------------------------------------------------------------

wrapping first mol.:       22.28354       31.51368       54.58329
wrapping first mol.:       22.28354       31.51368       54.58329

 NSTEP =    20000   TIME(PS) =     440.000  TEMP(K) =   299.96  PRESS =  -250.7
 Etot   =    -54427.7023  EKtot   =     13898.9287  EPtot      =    -68326.6310
 BOND   =       443.4283  ANGLE   =      1200.9150  DIHED      =      1864.6164
 1-4 NB =       570.1128  1-4 EEL =      8901.5089  VDWAALS    =      8056.3540
 EELEC  =    -89529.7334  EHBOND  =         0.0000  RESTRAINT  =       166.1671
 EAMBER (non-restraint)  =    -68492.7980
 EKCMT  =      6045.5028  VIRIAL  =      7290.2517  VOLUME     =    229987.3174
                                                    Density    =         1.0027
 ------------------------------------------------------------------------------

wrapping first mol.:       22.25742       31.47674       54.51931
wrapping first mol.:       22.25742       31.47674       54.51931

 NSTEP =    20500   TIME(PS) =     441.000  TEMP(K) =   297.30  PRESS =   -20.2
 Etot   =    -54353.8252  EKtot   =     13775.6182  EPtot      =    -68129.4433
 BOND   =       444.0418  ANGLE   =      1235.2533  DIHED      =      1834.7301
 1-4 NB =       555.5531  1-4 EEL =      8920.9330  VDWAALS    =      8013.7932
 EELEC  =    -89295.1544  EHBOND  =         0.0000  RESTRAINT  =       161.4066
 EAMBER (non-restraint)  =    -68290.8500
 EKCMT  =      5982.5498  VIRIAL  =      6082.5681  VOLUME     =    229174.7418
                                                    Density    =         1.0062
 ------------------------------------------------------------------------------

wrapping first mol.:       22.24817       31.46366       54.49665
wrapping first mol.:       22.24817       31.46366       54.49665

 NSTEP =    21000   TIME(PS) =     442.000  TEMP(K) =   300.22  PRESS =    82.8
 Etot   =    -54147.5893  EKtot   =     13910.8018  EPtot      =    -68058.3911
 BOND   =       455.6996  ANGLE   =      1210.8804  DIHED      =      1841.3033
 1-4 NB =       579.1598  1-4 EEL =      8907.1591  VDWAALS    =      8128.8367
 EELEC  =    -89345.8463  EHBOND  =         0.0000  RESTRAINT  =       164.4164
 EAMBER (non-restraint)  =    -68222.8075
 EKCMT  =      6117.6137  VIRIAL  =      5708.5864  VOLUME     =    228887.0308
                                                    Density    =         1.0075
 ------------------------------------------------------------------------------

wrapping first mol.:       22.25012       31.46641       54.50142
wrapping first mol.:       22.25012       31.46641       54.50142

 NSTEP =    21500   TIME(PS) =     443.000  TEMP(K) =   300.59  PRESS =    41.6
 Etot   =    -54058.2724  EKtot   =     13928.0166  EPtot      =    -67986.2890
 BOND   =       450.4779  ANGLE   =      1192.0650  DIHED      =      1864.6369
 1-4 NB =       560.2389  1-4 EEL =      8874.6968  VDWAALS    =      8006.4347
 EELEC  =    -89101.5853  EHBOND  =         0.0000  RESTRAINT  =       166.7460
 EAMBER (non-restraint)  =    -68153.0350
 EKCMT  =      6024.8046  VIRIAL  =      5818.9969  VOLUME     =    228948.0398
                                                    Density    =         1.0072
 ------------------------------------------------------------------------------

wrapping first mol.:       22.23590       31.44631       54.46660
wrapping first mol.:       22.23590       31.44631       54.46660

 NSTEP =    22000   TIME(PS) =     444.000  TEMP(K) =   301.84  PRESS =  -238.4
 Etot   =    -54085.2381  EKtot   =     13986.0459  EPtot      =    -68071.2840
 BOND   =       474.4050  ANGLE   =      1148.7197  DIHED      =      1873.6551
 1-4 NB =       563.3145  1-4 EEL =      8934.6416  VDWAALS    =      7924.6527
 EELEC  =    -89142.6500  EHBOND  =         0.0000  RESTRAINT  =       151.9773
 EAMBER (non-restraint)  =    -68223.2613
 EKCMT  =      6081.8773  VIRIAL  =      7258.2290  VOLUME     =    228515.2095
                                                    Density    =         1.0091
 ------------------------------------------------------------------------------

wrapping first mol.:       22.20927       31.40865       54.40137
wrapping first mol.:       22.20927       31.40865       54.40137

 NSTEP =    22500   TIME(PS) =     445.000  TEMP(K) =   303.01  PRESS =   -22.1
 Etot   =    -54163.4198  EKtot   =     14039.9932  EPtot      =    -68203.4129
 BOND   =       444.4663  ANGLE   =      1223.1756  DIHED      =      1853.6256
 1-4 NB =       583.7485  1-4 EEL =      8887.6727  VDWAALS    =      8156.6411
 EELEC  =    -89513.5839  EHBOND  =         0.0000  RESTRAINT  =       160.8412
 EAMBER (non-restraint)  =    -68364.2541
 EKCMT  =      6101.9733  VIRIAL  =      6210.6885  VOLUME     =    227690.7779
                                                    Density    =         1.0128
 ------------------------------------------------------------------------------

wrapping first mol.:       22.20421       31.40149       54.38897
wrapping first mol.:       22.20421       31.40149       54.38897

 NSTEP =    23000   TIME(PS) =     446.000  TEMP(K) =   296.10  PRESS =   268.4
 Etot   =    -54474.3652  EKtot   =     13719.7803  EPtot      =    -68194.1455
 BOND   =       472.4650  ANGLE   =      1176.7200  DIHED      =      1862.2824
 1-4 NB =       560.9915  1-4 EEL =      8896.8562  VDWAALS    =      8232.2889
 EELEC  =    -89566.9337  EHBOND  =         0.0000  RESTRAINT  =       171.1841
 EAMBER (non-restraint)  =    -68365.3296
 EKCMT  =      6003.3685  VIRIAL  =      4684.6098  VOLUME     =    227529.1979
                                                    Density    =         1.0135
 ------------------------------------------------------------------------------

wrapping first mol.:       22.20480       31.40233       54.39042
wrapping first mol.:       22.20480       31.40233       54.39042

 NSTEP =    23500   TIME(PS) =     447.000  TEMP(K) =   300.87  PRESS =    63.6
 Etot   =    -54139.8057  EKtot   =     13941.0391  EPtot      =    -68080.8448
 BOND   =       421.8648  ANGLE   =      1137.9743  DIHED      =      1860.5421
 1-4 NB =       591.6748  1-4 EEL =      8904.5002  VDWAALS    =      8242.2343
 EELEC  =    -89415.6128  EHBOND  =         0.0000  RESTRAINT  =       175.9775
 EAMBER (non-restraint)  =    -68256.8223
 EKCMT  =      6043.3946  VIRIAL  =      5731.1245  VOLUME     =    227551.5582
                                                    Density    =         1.0134
 ------------------------------------------------------------------------------

wrapping first mol.:       22.20950       31.40897       54.40193
wrapping first mol.:       22.20950       31.40897       54.40193

 NSTEP =    24000   TIME(PS) =     448.000  TEMP(K) =   298.54  PRESS =   -73.6
 Etot   =    -54202.3011  EKtot   =     13832.8682  EPtot      =    -68035.1692
 BOND   =       461.5905  ANGLE   =      1166.2679  DIHED      =      1880.8348
 1-4 NB =       574.3952  1-4 EEL =      8890.0490  VDWAALS    =      7993.9220
 EELEC  =    -89168.3246  EHBOND  =         0.0000  RESTRAINT  =       166.0960
 EAMBER (non-restraint)  =    -68201.2652
 EKCMT  =      6016.8978  VIRIAL  =      6378.7843  VOLUME     =    227698.8702
                                                    Density    =         1.0128
 ------------------------------------------------------------------------------

wrapping first mol.:       22.18219       31.37035       54.33503
wrapping first mol.:       22.18219       31.37035       54.33503

 NSTEP =    24500   TIME(PS) =     449.000  TEMP(K) =   300.40  PRESS =  -248.8
 Etot   =    -54247.0673  EKtot   =     13919.2129  EPtot      =    -68166.2802
 BOND   =       423.8798  ANGLE   =      1183.0430  DIHED      =      1851.4191
 1-4 NB =       580.3885  1-4 EEL =      8894.3143  VDWAALS    =      8034.6387
 EELEC  =    -89314.7387  EHBOND  =         0.0000  RESTRAINT  =       180.7753
 EAMBER (non-restraint)  =    -68347.0554
 EKCMT  =      6117.4761  VIRIAL  =      7336.3629  VOLUME     =    226863.3629
                                                    Density    =         1.0165
 ------------------------------------------------------------------------------

wrapping first mol.:       22.19084       31.38259       54.35624
wrapping first mol.:       22.19084       31.38259       54.35624

 NSTEP =    25000   TIME(PS) =     450.000  TEMP(K) =   304.43  PRESS =  -158.3
 Etot   =    -54036.8576  EKtot   =     14105.6904  EPtot      =    -68142.5480
 BOND   =       434.2974  ANGLE   =      1189.8533  DIHED      =      1876.5108
 1-4 NB =       577.4976  1-4 EEL =      8864.8089  VDWAALS    =      7978.9632
 EELEC  =    -89231.8433  EHBOND  =         0.0000  RESTRAINT  =       167.3641
 EAMBER (non-restraint)  =    -68309.9121
 EKCMT  =      6106.1926  VIRIAL  =      6882.6825  VOLUME     =    227127.2879
                                                    Density    =         1.0153
 ------------------------------------------------------------------------------

wrapping first mol.:       22.17819       31.36470       54.32525
wrapping first mol.:       22.17819       31.36470       54.32525

 NSTEP =    25500   TIME(PS) =     451.000  TEMP(K) =   300.25  PRESS =     3.9
 Etot   =    -54347.3580  EKtot   =     13912.2832  EPtot      =    -68259.6412
 BOND   =       442.8038  ANGLE   =      1229.4811  DIHED      =      1872.2695
 1-4 NB =       573.9589  1-4 EEL =      8885.8951  VDWAALS    =      8058.4818
 EELEC  =    -89478.3679  EHBOND  =         0.0000  RESTRAINT  =       155.8364
 EAMBER (non-restraint)  =    -68415.4776
 EKCMT  =      6089.4631  VIRIAL  =      6070.1699  VOLUME     =    226735.7869
                                                    Density    =         1.0171
 ------------------------------------------------------------------------------

wrapping first mol.:       22.17946       31.36649       54.32835
wrapping first mol.:       22.17946       31.36649       54.32835

 NSTEP =    26000   TIME(PS) =     452.000  TEMP(K) =   301.93  PRESS =   -21.2
 Etot   =    -54168.8654  EKtot   =     13989.8799  EPtot      =    -68158.7453
 BOND   =       435.9552  ANGLE   =      1201.0253  DIHED      =      1882.7344
 1-4 NB =       583.3639  1-4 EEL =      8925.6522  VDWAALS    =      8183.9566
 EELEC  =    -89541.8026  EHBOND  =         0.0000  RESTRAINT  =       170.3698
 EAMBER (non-restraint)  =    -68329.1151
 EKCMT  =      6172.2126  VIRIAL  =      6276.1697  VOLUME     =    226775.1420
                                                    Density    =         1.0169
 ------------------------------------------------------------------------------

wrapping first mol.:       22.19901       31.39414       54.37624
wrapping first mol.:       22.19901       31.39414       54.37624

 NSTEP =    26500   TIME(PS) =     453.000  TEMP(K) =   301.17  PRESS =  -180.4
 Etot   =    -54296.3345  EKtot   =     13954.7920  EPtot      =    -68251.1265
 BOND   =       425.0421  ANGLE   =      1198.4609  DIHED      =      1861.1745
 1-4 NB =       580.3860  1-4 EEL =      8942.2448  VDWAALS    =      7988.1210
 EELEC  =    -89421.4337  EHBOND  =         0.0000  RESTRAINT  =       174.8779
 EAMBER (non-restraint)  =    -68426.0044
 EKCMT  =      6118.2351  VIRIAL  =      7004.0270  VOLUME     =    227378.5104
                                                    Density    =         1.0142
 ------------------------------------------------------------------------------

wrapping first mol.:       22.18724       31.37749       54.34741
wrapping first mol.:       22.18724       31.37749       54.34741

 NSTEP =    27000   TIME(PS) =     454.000  TEMP(K) =   300.37  PRESS =   103.5
 Etot   =    -54315.0290  EKtot   =     13917.6025  EPtot      =    -68232.6316
 BOND   =       435.3969  ANGLE   =      1203.8506  DIHED      =      1853.8079
 1-4 NB =       581.2004  1-4 EEL =      8913.0480  VDWAALS    =      8149.8994
 EELEC  =    -89551.9634  EHBOND  =         0.0000  RESTRAINT  =       182.1287
 EAMBER (non-restraint)  =    -68414.7602
 EKCMT  =      6067.5693  VIRIAL  =      5560.3243  VOLUME     =    227011.3008
                                                    Density    =         1.0158
 ------------------------------------------------------------------------------

wrapping first mol.:       22.16752       31.34961       54.29911
wrapping first mol.:       22.16752       31.34961       54.29911

 NSTEP =    27500   TIME(PS) =     455.000  TEMP(K) =   298.16  PRESS =    76.7
 Etot   =    -54365.4615  EKtot   =     13815.4316  EPtot      =    -68180.8932
 BOND   =       436.3471  ANGLE   =      1188.6207  DIHED      =      1866.9096
 1-4 NB =       580.8041  1-4 EEL =      8890.0730  VDWAALS    =      8086.4502
 EELEC  =    -89405.3101  EHBOND  =         0.0000  RESTRAINT  =       175.2122
 EAMBER (non-restraint)  =    -68356.1054
 EKCMT  =      5945.4448  VIRIAL  =      5570.4459  VOLUME     =    226407.2200
                                                    Density    =         1.0185
 ------------------------------------------------------------------------------

wrapping first mol.:       22.16627       31.34784       54.29605
wrapping first mol.:       22.16627       31.34784       54.29605

 NSTEP =    28000   TIME(PS) =     456.000  TEMP(K) =   301.61  PRESS =    59.9
 Etot   =    -54199.5247  EKtot   =     13975.1143  EPtot      =    -68174.6390
 BOND   =       425.8483  ANGLE   =      1238.4682  DIHED      =      1857.8401
 1-4 NB =       552.7169  1-4 EEL =      8881.2743  VDWAALS    =      8195.1929
 EELEC  =    -89488.8925  EHBOND  =         0.0000  RESTRAINT  =       162.9129
 EAMBER (non-restraint)  =    -68337.5518
 EKCMT  =      6073.2499  VIRIAL  =      5780.5935  VOLUME     =    226369.2786
                                                    Density    =         1.0187
 ------------------------------------------------------------------------------

wrapping first mol.:       22.17759       31.36384       54.32377
wrapping first mol.:       22.17759       31.36384       54.32377

 NSTEP =    28500   TIME(PS) =     457.000  TEMP(K) =   300.14  PRESS =   193.5
 Etot   =    -54369.9090  EKtot   =     13907.0029  EPtot      =    -68276.9120
 BOND   =       453.9955  ANGLE   =      1184.7305  DIHED      =      1861.0866
 1-4 NB =       577.9597  1-4 EEL =      8904.9330  VDWAALS    =      8119.5631
 EELEC  =    -89558.6726  EHBOND  =         0.0000  RESTRAINT  =       179.4922
 EAMBER (non-restraint)  =    -68456.4042
 EKCMT  =      6044.0265  VIRIAL  =      5096.7309  VOLUME     =    226713.3549
                                                    Density    =         1.0172
 ------------------------------------------------------------------------------

wrapping first mol.:       22.15360       31.32992       54.26500
wrapping first mol.:       22.15360       31.32992       54.26500

 NSTEP =    29000   TIME(PS) =     458.000  TEMP(K) =   297.26  PRESS =  -167.7
 Etot   =    -54557.5166  EKtot   =     13773.8447  EPtot      =    -68331.3613
 BOND   =       451.5380  ANGLE   =      1183.7763  DIHED      =      1846.3337
 1-4 NB =       572.3681  1-4 EEL =      8941.1281  VDWAALS    =      7985.2838
 EELEC  =    -89479.0881  EHBOND  =         0.0000  RESTRAINT  =       167.2988
 EAMBER (non-restraint)  =    -68498.6601
 EKCMT  =      6012.9176  VIRIAL  =      6831.0328  VOLUME     =    225985.7114
                                                    Density    =         1.0204
 ------------------------------------------------------------------------------

wrapping first mol.:       22.15851       31.33687       54.27704
wrapping first mol.:       22.15851       31.33687       54.27704

 NSTEP =    29500   TIME(PS) =     459.000  TEMP(K) =   305.54  PRESS =    14.7
 Etot   =    -54030.4420  EKtot   =     14157.0762  EPtot      =    -68187.5181
 BOND   =       421.1820  ANGLE   =      1166.1275  DIHED      =      1874.5307
 1-4 NB =       583.3977  1-4 EEL =      8906.0083  VDWAALS    =      8201.4631
 EELEC  =    -89520.4906  EHBOND  =         0.0000  RESTRAINT  =       180.2633
 EAMBER (non-restraint)  =    -68367.7815
 EKCMT  =      6190.3710  VIRIAL  =      6118.4614  VOLUME     =    226132.4873
                                                    Density    =         1.0198
 ------------------------------------------------------------------------------

wrapping first mol.:       22.16808       31.35040       54.30048
wrapping first mol.:       22.16808       31.35040       54.30048

 NSTEP =    30000   TIME(PS) =     460.000  TEMP(K) =   301.87  PRESS =   -89.6
 Etot   =    -54243.8180  EKtot   =     13987.1260  EPtot      =    -68230.9439
 BOND   =       449.0913  ANGLE   =      1198.7437  DIHED      =      1859.6671
 1-4 NB =       581.8422  1-4 EEL =      8921.5396  VDWAALS    =      8070.8234
 EELEC  =    -89494.8094  EHBOND  =         0.0000  RESTRAINT  =       182.1580
 EAMBER (non-restraint)  =    -68413.1020
 EKCMT  =      6140.6197  VIRIAL  =      6578.4609  VOLUME     =    226427.6601
                                                    Density    =         1.0184
 ------------------------------------------------------------------------------

wrapping first mol.:       22.17211       31.35610       54.31035
wrapping first mol.:       22.17211       31.35610       54.31035

 NSTEP =    30500   TIME(PS) =     461.000  TEMP(K) =   297.84  PRESS =    67.3
 Etot   =    -54362.8881  EKtot   =     13800.6738  EPtot      =    -68163.5619
 BOND   =       437.6630  ANGLE   =      1193.6504  DIHED      =      1886.5348
 1-4 NB =       570.7451  1-4 EEL =      8905.7687  VDWAALS    =      7992.1064
 EELEC  =    -89316.8674  EHBOND  =         0.0000  RESTRAINT  =       166.8371
 EAMBER (non-restraint)  =    -68330.3990
 EKCMT  =      6022.8764  VIRIAL  =      5693.6930  VOLUME     =    226547.9919
                                                    Density    =         1.0179
 ------------------------------------------------------------------------------

wrapping first mol.:       22.18081       31.36841       54.33167
wrapping first mol.:       22.18081       31.36841       54.33167

 NSTEP =    31000   TIME(PS) =     462.000  TEMP(K) =   301.55  PRESS =   -63.1
 Etot   =    -54297.6721  EKtot   =     13972.6475  EPtot      =    -68270.3196
 BOND   =       429.9144  ANGLE   =      1193.2738  DIHED      =      1863.9872
 1-4 NB =       583.2307  1-4 EEL =      8916.6695  VDWAALS    =      8253.6809
 EELEC  =    -89678.7938  EHBOND  =         0.0000  RESTRAINT  =       167.7178
 EAMBER (non-restraint)  =    -68438.0374
 EKCMT  =      6102.0205  VIRIAL  =      6410.8480  VOLUME     =    226817.5151
                                                    Density    =         1.0167
 ------------------------------------------------------------------------------

wrapping first mol.:       22.16537       31.34656       54.29383
wrapping first mol.:       22.16537       31.34656       54.29383

 NSTEP =    31500   TIME(PS) =     463.000  TEMP(K) =   299.19  PRESS =   -15.8
 Etot   =    -54496.6653  EKtot   =     13863.1318  EPtot      =    -68359.7972
 BOND   =       429.4309  ANGLE   =      1181.1037  DIHED      =      1846.1897
 1-4 NB =       572.0553  1-4 EEL =      8875.9148  VDWAALS    =      8143.6329
 EELEC  =    -89574.5683  EHBOND  =         0.0000  RESTRAINT  =       166.4439
 EAMBER (non-restraint)  =    -68526.2411
 EKCMT  =      6020.6276  VIRIAL  =      6097.9940  VOLUME     =    226343.0164
                                                    Density    =         1.0188
 ------------------------------------------------------------------------------

wrapping first mol.:       22.16508       31.34615       54.29312
wrapping first mol.:       22.16508       31.34615       54.29312

 NSTEP =    32000   TIME(PS) =     464.000  TEMP(K) =   299.17  PRESS =  -175.3
 Etot   =    -54481.7050  EKtot   =     13862.3398  EPtot      =    -68344.0448
 BOND   =       422.8475  ANGLE   =      1169.5976  DIHED      =      1856.8647
 1-4 NB =       592.6214  1-4 EEL =      8910.8990  VDWAALS    =      8145.8381
 EELEC  =    -89611.5099  EHBOND  =         0.0000  RESTRAINT  =       168.7969
 EAMBER (non-restraint)  =    -68512.8417
 EKCMT  =      6068.1305  VIRIAL  =      6924.8770  VOLUME     =    226337.3401
                                                    Density    =         1.0188
 ------------------------------------------------------------------------------

wrapping first mol.:       22.15149       31.32694       54.25984
wrapping first mol.:       22.15149       31.32694       54.25984

 NSTEP =    32500   TIME(PS) =     465.000  TEMP(K) =   299.58  PRESS =  -104.2
 Etot   =    -54258.4721  EKtot   =     13881.3750  EPtot      =    -68139.8471
 BOND   =       453.2991  ANGLE   =      1173.7629  DIHED      =      1848.2971
 1-4 NB =       577.9437  1-4 EEL =      8889.5356  VDWAALS    =      8137.4286
 EELEC  =    -89399.2063  EHBOND  =         0.0000  RESTRAINT  =       179.0923
 EAMBER (non-restraint)  =    -68318.9393
 EKCMT  =      6093.8244  VIRIAL  =      6602.2899  VOLUME     =    225919.9791
                                                    Density    =         1.0207
 ------------------------------------------------------------------------------

wrapping first mol.:       22.17273       31.35697       54.31186
wrapping first mol.:       22.17273       31.35697       54.31186

 NSTEP =    33000   TIME(PS) =     466.000  TEMP(K) =   300.83  PRESS =  -147.3
 Etot   =    -54212.6980  EKtot   =     13939.0791  EPtot      =    -68151.7771
 BOND   =       454.1649  ANGLE   =      1199.2391  DIHED      =      1871.8892
 1-4 NB =       572.0543  1-4 EEL =      8869.2787  VDWAALS    =      8186.7806
 EELEC  =    -89471.5885  EHBOND  =         0.0000  RESTRAINT  =       166.4046
 EAMBER (non-restraint)  =    -68318.1816
 EKCMT  =      6038.0105  VIRIAL  =      6758.4415  VOLUME     =    226571.2279
                                                    Density    =         1.0178
 ------------------------------------------------------------------------------

wrapping first mol.:       22.16624       31.34780       54.29597
wrapping first mol.:       22.16624       31.34780       54.29597

 NSTEP =    33500   TIME(PS) =     467.000  TEMP(K) =   297.44  PRESS =   225.6
 Etot   =    -54450.3483  EKtot   =     13781.9834  EPtot      =    -68232.3317
 BOND   =       445.9563  ANGLE   =      1176.0298  DIHED      =      1878.0605
 1-4 NB =       571.2578  1-4 EEL =      8887.5087  VDWAALS    =      8131.3193
 EELEC  =    -89494.5288  EHBOND  =         0.0000  RESTRAINT  =       172.0650
 EAMBER (non-restraint)  =    -68404.3967
 EKCMT  =      6020.4660  VIRIAL  =      4917.9834  VOLUME     =    226364.9378
                                                    Density    =         1.0187
 ------------------------------------------------------------------------------

wrapping first mol.:       22.16514       31.34624       54.29328
wrapping first mol.:       22.16514       31.34624       54.29328

 NSTEP =    34000   TIME(PS) =     468.000  TEMP(K) =   300.64  PRESS =  -112.1
 Etot   =    -54284.7481  EKtot   =     13930.3623  EPtot      =    -68215.1104
 BOND   =       460.2030  ANGLE   =      1180.9614  DIHED      =      1847.9968
 1-4 NB =       565.4446  1-4 EEL =      8890.9719  VDWAALS    =      7863.3862
 EELEC  =    -89190.6002  EHBOND  =         0.0000  RESTRAINT  =       166.5259
 EAMBER (non-restraint)  =    -68381.6362
 EKCMT  =      6066.4044  VIRIAL  =      6613.9987  VOLUME     =    226338.0460
                                                    Density    =         1.0188
 ------------------------------------------------------------------------------

wrapping first mol.:       22.17573       31.36121       54.31921
wrapping first mol.:       22.17573       31.36121       54.31921

 NSTEP =    34500   TIME(PS) =     469.000  TEMP(K) =   301.20  PRESS =   157.4
 Etot   =    -54228.3525  EKtot   =     13956.1924  EPtot      =    -68184.5449
 BOND   =       430.5766  ANGLE   =      1184.2851  DIHED      =      1872.1608
 1-4 NB =       585.5742  1-4 EEL =      8906.4139  VDWAALS    =      8126.7441
 EELEC  =    -89459.6515  EHBOND  =         0.0000  RESTRAINT  =       169.3519
 EAMBER (non-restraint)  =    -68353.8968
 EKCMT  =      6073.2358  VIRIAL  =      5302.9108  VOLUME     =    226657.0545
                                                    Density    =         1.0174
 ------------------------------------------------------------------------------

wrapping first mol.:       22.16717       31.34911       54.29824
wrapping first mol.:       22.16717       31.34911       54.29824

 NSTEP =    35000   TIME(PS) =     470.000  TEMP(K) =   298.56  PRESS =   156.0
 Etot   =    -54390.6254  EKtot   =     13833.6719  EPtot      =    -68224.2973
 BOND   =       458.2573  ANGLE   =      1155.0595  DIHED      =      1880.4702
 1-4 NB =       562.0421  1-4 EEL =      8882.3524  VDWAALS    =      8089.5650
 EELEC  =    -89424.2840  EHBOND  =         0.0000  RESTRAINT  =       172.2402
 EAMBER (non-restraint)  =    -68396.5375
 EKCMT  =      6026.1812  VIRIAL  =      5263.4269  VOLUME     =    226394.6801
                                                    Density    =         1.0186
 ------------------------------------------------------------------------------

wrapping first mol.:       22.17486       31.35998       54.31708
wrapping first mol.:       22.17486       31.35998       54.31708

 NSTEP =    35500   TIME(PS) =     471.000  TEMP(K) =   301.97  PRESS =   -64.7
 Etot   =    -54226.6220  EKtot   =     13991.9502  EPtot      =    -68218.5722
 BOND   =       449.4177  ANGLE   =      1186.3880  DIHED      =      1873.6742
 1-4 NB =       591.9366  1-4 EEL =      8903.4231  VDWAALS    =      8154.3906
 EELEC  =    -89550.4976  EHBOND  =         0.0000  RESTRAINT  =       172.6953
 EAMBER (non-restraint)  =    -68391.2674
 EKCMT  =      6090.9437  VIRIAL  =      6407.5482  VOLUME     =    226634.9014
                                                    Density    =         1.0175
 ------------------------------------------------------------------------------

wrapping first mol.:       22.17157       31.35533       54.30902
wrapping first mol.:       22.17157       31.35533       54.30902

 NSTEP =    36000   TIME(PS) =     472.000  TEMP(K) =   300.80  PRESS =  -160.9
 Etot   =    -54449.8324  EKtot   =     13937.7852  EPtot      =    -68387.6175
 BOND   =       466.9991  ANGLE   =      1183.5847  DIHED      =      1865.2033
 1-4 NB =       572.8768  1-4 EEL =      8869.0515  VDWAALS    =      8032.2728
 EELEC  =    -89546.9847  EHBOND  =         0.0000  RESTRAINT  =       169.3790
 EAMBER (non-restraint)  =    -68556.9966
 EKCMT  =      6094.1763  VIRIAL  =      6880.9328  VOLUME     =    226535.9453
                                                    Density    =         1.0180
 ------------------------------------------------------------------------------

wrapping first mol.:       22.15985       31.33876       54.28032
wrapping first mol.:       22.15985       31.33876       54.28032

 NSTEP =    36500   TIME(PS) =     473.000  TEMP(K) =   299.06  PRESS =  -277.5
 Etot   =    -54453.5233  EKtot   =     13856.9824  EPtot      =    -68310.5057
 BOND   =       450.9510  ANGLE   =      1166.1935  DIHED      =      1856.4369
 1-4 NB =       586.8962  1-4 EEL =      8931.4757  VDWAALS    =      7950.9763
 EELEC  =    -89418.2071  EHBOND  =         0.0000  RESTRAINT  =       164.7718
 EAMBER (non-restraint)  =    -68475.2775
 EKCMT  =      6069.2543  VIRIAL  =      7424.4908  VOLUME     =    226179.4045
                                                    Density    =         1.0196
 ------------------------------------------------------------------------------

wrapping first mol.:       22.18579       31.37545       54.34387
wrapping first mol.:       22.18579       31.37545       54.34387

 NSTEP =    37000   TIME(PS) =     474.000  TEMP(K) =   298.08  PRESS =   374.1
 Etot   =    -54165.2008  EKtot   =     13811.5195  EPtot      =    -67976.7203
 BOND   =       466.6679  ANGLE   =      1215.9151  DIHED      =      1891.3826
 1-4 NB =       565.6733  1-4 EEL =      8866.7659  VDWAALS    =      8269.3604
 EELEC  =    -89425.3919  EHBOND  =         0.0000  RESTRAINT  =       172.9063
 EAMBER (non-restraint)  =    -68149.6266
 EKCMT  =      5983.4512  VIRIAL  =      4150.2015  VOLUME     =    226961.4934
                                                    Density    =         1.0160
 ------------------------------------------------------------------------------

wrapping first mol.:       22.18599       31.37572       54.34434
wrapping first mol.:       22.18599       31.37572       54.34434

 NSTEP =    37500   TIME(PS) =     475.000  TEMP(K) =   302.14  PRESS =   147.9
 Etot   =    -54136.7845  EKtot   =     13999.7266  EPtot      =    -68136.5110
 BOND   =       452.9965  ANGLE   =      1190.4734  DIHED      =      1867.9896
 1-4 NB =       587.3842  1-4 EEL =      8902.8030  VDWAALS    =      8200.5092
 EELEC  =    -89514.3289  EHBOND  =         0.0000  RESTRAINT  =       175.6618
 EAMBER (non-restraint)  =    -68312.1728
 EKCMT  =      6072.8266  VIRIAL  =      5348.1601  VOLUME     =    226972.0041
                                                    Density    =         1.0160
 ------------------------------------------------------------------------------

wrapping first mol.:       22.19640       31.39045       54.36985
wrapping first mol.:       22.19640       31.39045       54.36985

 NSTEP =    38000   TIME(PS) =     476.000  TEMP(K) =   297.26  PRESS =  -138.2
 Etot   =    -54362.2432  EKtot   =     13773.8262  EPtot      =    -68136.0693
 BOND   =       412.0921  ANGLE   =      1173.9886  DIHED      =      1844.2328
 1-4 NB =       585.3483  1-4 EEL =      8906.4261  VDWAALS    =      8054.2977
 EELEC  =    -89290.5026  EHBOND  =         0.0000  RESTRAINT  =       178.0478
 EAMBER (non-restraint)  =    -68314.1171
 EKCMT  =      6018.0935  VIRIAL  =      6696.1621  VOLUME     =    227297.5058
                                                    Density    =         1.0145
 ------------------------------------------------------------------------------

wrapping first mol.:       22.19627       31.39027       54.36953
wrapping first mol.:       22.19627       31.39027       54.36953

 NSTEP =    38500   TIME(PS) =     477.000  TEMP(K) =   302.64  PRESS =  -125.1
 Etot   =    -54294.1068  EKtot   =     14023.0371  EPtot      =    -68317.1439
 BOND   =       435.6253  ANGLE   =      1191.7591  DIHED      =      1851.4332
 1-4 NB =       580.5483  1-4 EEL =      8872.2340  VDWAALS    =      8270.2540
 EELEC  =    -89690.5379  EHBOND  =         0.0000  RESTRAINT  =       171.5401
 EAMBER (non-restraint)  =    -68488.6840
 EKCMT  =      6056.6297  VIRIAL  =      6670.3837  VOLUME     =    227293.2918
                                                    Density    =         1.0146
 ------------------------------------------------------------------------------

wrapping first mol.:       22.20181       31.39809       54.38309
wrapping first mol.:       22.20181       31.39809       54.38309

 NSTEP =    39000   TIME(PS) =     478.000  TEMP(K) =   299.72  PRESS =    -5.3
 Etot   =    -54302.1596  EKtot   =     13887.6895  EPtot      =    -68189.8491
 BOND   =       437.8794  ANGLE   =      1164.5297  DIHED      =      1860.9517
 1-4 NB =       564.1078  1-4 EEL =      8862.3410  VDWAALS    =      8126.1418
 EELEC  =    -89368.6440  EHBOND  =         0.0000  RESTRAINT  =       162.8436
 EAMBER (non-restraint)  =    -68352.6926
 EKCMT  =      6005.7243  VIRIAL  =      6031.6148  VOLUME     =    227460.9221
                                                    Density    =         1.0138
 ------------------------------------------------------------------------------

wrapping first mol.:       22.17255       31.35672       54.31142
wrapping first mol.:       22.17255       31.35672       54.31142

 NSTEP =    39500   TIME(PS) =     479.000  TEMP(K) =   300.34  PRESS =    53.1
 Etot   =    -54142.8028  EKtot   =     13916.4307  EPtot      =    -68059.2335
 BOND   =       447.5234  ANGLE   =      1250.4467  DIHED      =      1867.5834
 1-4 NB =       567.8370  1-4 EEL =      8895.0883  VDWAALS    =      8098.3319
 EELEC  =    -89354.8550  EHBOND  =         0.0000  RESTRAINT  =       168.8109
 EAMBER (non-restraint)  =    -68228.0443
 EKCMT  =      6017.5775  VIRIAL  =      5757.9794  VOLUME     =    226561.6904
                                                    Density    =         1.0178
 ------------------------------------------------------------------------------

wrapping first mol.:       22.17206       31.35602       54.31022
wrapping first mol.:       22.17206       31.35602       54.31022

 NSTEP =    40000   TIME(PS) =     480.000  TEMP(K) =   300.29  PRESS =    66.8
 Etot   =    -54669.4098  EKtot   =     13914.0869  EPtot      =    -68583.4967
 BOND   =       398.0311  ANGLE   =      1152.6511  DIHED      =      1852.9607
 1-4 NB =       561.1356  1-4 EEL =      8907.5144  VDWAALS    =      8241.6504
 EELEC  =    -89863.7709  EHBOND  =         0.0000  RESTRAINT  =       166.3308
 EAMBER (non-restraint)  =    -68749.8275
 EKCMT  =      5970.3469  VIRIAL  =      5643.4207  VOLUME     =    226546.3327
                                                    Density    =         1.0179
 ------------------------------------------------------------------------------

wrapping first mol.:       22.20201       31.39838       54.38359
wrapping first mol.:       22.20201       31.39838       54.38359

 NSTEP =    40500   TIME(PS) =     481.000  TEMP(K) =   302.06  PRESS =     0.3
 Etot   =    -54290.1640  EKtot   =     13996.2354  EPtot      =    -68286.3993
 BOND   =       446.9009  ANGLE   =      1187.4456  DIHED      =      1857.1143
 1-4 NB =       590.4839  1-4 EEL =      8880.7229  VDWAALS    =      8118.6311
 EELEC  =    -89539.2467  EHBOND  =         0.0000  RESTRAINT  =       171.5487
 EAMBER (non-restraint)  =    -68457.9480
 EKCMT  =      6094.7130  VIRIAL  =      6093.4355  VOLUME     =    227467.1330
                                                    Density    =         1.0138
 ------------------------------------------------------------------------------

wrapping first mol.:       22.18397       31.37287       54.33940
wrapping first mol.:       22.18397       31.37287       54.33940

 NSTEP =    41000   TIME(PS) =     482.000  TEMP(K) =   299.22  PRESS =   136.0
 Etot   =    -54464.4303  EKtot   =     13864.2461  EPtot      =    -68328.6764
 BOND   =       432.7744  ANGLE   =      1196.0012  DIHED      =      1834.3481
 1-4 NB =       581.3727  1-4 EEL =      8871.1777  VDWAALS    =      8229.0141
 EELEC  =    -89646.7392  EHBOND  =         0.0000  RESTRAINT  =       173.3747
 EAMBER (non-restraint)  =    -68502.0511
 EKCMT  =      5929.4467  VIRIAL  =      5262.9193  VOLUME     =    226910.3084
                                                    Density    =         1.0163
 ------------------------------------------------------------------------------

wrapping first mol.:       22.18821       31.37886       54.34978
wrapping first mol.:       22.18821       31.37886       54.34978

 NSTEP =    41500   TIME(PS) =     483.000  TEMP(K) =   301.20  PRESS =  -173.9
 Etot   =    -54071.8787  EKtot   =     13956.1709  EPtot      =    -68028.0496
 BOND   =       459.1149  ANGLE   =      1182.1537  DIHED      =      1876.0205
 1-4 NB =       562.7050  1-4 EEL =      8878.1618  VDWAALS    =      7870.3463
 EELEC  =    -89027.2171  EHBOND  =         0.0000  RESTRAINT  =       170.6652
 EAMBER (non-restraint)  =    -68198.7148
 EKCMT  =      6165.4231  VIRIAL  =      7017.9381  VOLUME     =    227046.6321
                                                    Density    =         1.0157
 ------------------------------------------------------------------------------

wrapping first mol.:       22.18464       31.37382       54.34104
wrapping first mol.:       22.18464       31.37382       54.34104

 NSTEP =    42000   TIME(PS) =     484.000  TEMP(K) =   299.05  PRESS =  -133.3
 Etot   =    -54236.6764  EKtot   =     13856.4834  EPtot      =    -68093.1598
 BOND   =       442.5884  ANGLE   =      1164.7515  DIHED      =      1864.6145
 1-4 NB =       579.9901  1-4 EEL =      8841.1680  VDWAALS    =      8039.2073
 EELEC  =    -89201.1098  EHBOND  =         0.0000  RESTRAINT  =       175.6303
 EAMBER (non-restraint)  =    -68268.7900
 EKCMT  =      6037.5188  VIRIAL  =      6690.5690  VOLUME     =    226936.2837
                                                    Density    =         1.0162
 ------------------------------------------------------------------------------

wrapping first mol.:       22.17603       31.36164       54.31995
wrapping first mol.:       22.17603       31.36164       54.31995

 NSTEP =    42500   TIME(PS) =     485.000  TEMP(K) =   300.89  PRESS =   -22.9
 Etot   =    -54321.5946  EKtot   =     13941.9053  EPtot      =    -68263.4999
 BOND   =       427.5075  ANGLE   =      1199.0830  DIHED      =      1870.6578
 1-4 NB =       586.8534  1-4 EEL =      8873.6590  VDWAALS    =      8147.9169
 EELEC  =    -89526.5601  EHBOND  =         0.0000  RESTRAINT  =       157.3826
 EAMBER (non-restraint)  =    -68420.8825
 EKCMT  =      6038.3159  VIRIAL  =      6150.5413  VOLUME     =    226669.9611
                                                    Density    =         1.0174
 ------------------------------------------------------------------------------

wrapping first mol.:       22.18507       31.37442       54.34209
wrapping first mol.:       22.18507       31.37442       54.34209

 NSTEP =    43000   TIME(PS) =     486.000  TEMP(K) =   295.31  PRESS =   119.2
 Etot   =    -54545.8518  EKtot   =     13683.4922  EPtot      =    -68229.3440
 BOND   =       445.2345  ANGLE   =      1202.3740  DIHED      =      1874.8076
 1-4 NB =       574.3577  1-4 EEL =      8885.8045  VDWAALS    =      8221.0018
 EELEC  =    -89608.8576  EHBOND  =         0.0000  RESTRAINT  =       175.9336
 EAMBER (non-restraint)  =    -68405.2776
 EKCMT  =      5904.0170  VIRIAL  =      5319.8356  VOLUME     =    226944.3935
                                                    Density    =         1.0161
 ------------------------------------------------------------------------------

wrapping first mol.:       22.17923       31.36617       54.32780
wrapping first mol.:       22.17923       31.36617       54.32780

 NSTEP =    43500   TIME(PS) =     487.000  TEMP(K) =   300.07  PRESS =  -131.4
 Etot   =    -54279.1194  EKtot   =     13903.6426  EPtot      =    -68182.7619
 BOND   =       440.8364  ANGLE   =      1253.5776  DIHED      =      1863.5468
 1-4 NB =       584.2408  1-4 EEL =      8879.3677  VDWAALS    =      8082.7392
 EELEC  =    -89461.0792  EHBOND  =         0.0000  RESTRAINT  =       174.0088
 EAMBER (non-restraint)  =    -68356.7707
 EKCMT  =      6077.1165  VIRIAL  =      6720.3961  VOLUME     =    226770.3782
                                                    Density    =         1.0169
 ------------------------------------------------------------------------------

wrapping first mol.:       22.17659       31.36243       54.32132
wrapping first mol.:       22.17659       31.36243       54.32132

 NSTEP =    44000   TIME(PS) =     488.000  TEMP(K) =   299.41  PRESS =  -183.5
 Etot   =    -54351.6693  EKtot   =     13873.2148  EPtot      =    -68224.8842
 BOND   =       426.2227  ANGLE   =      1207.6797  DIHED      =      1870.4099
 1-4 NB =       567.6992  1-4 EEL =      8904.2429  VDWAALS    =      8038.4982
 EELEC  =    -89397.0954  EHBOND  =         0.0000  RESTRAINT  =       157.4584
 EAMBER (non-restraint)  =    -68382.3426
 EKCMT  =      6045.2008  VIRIAL  =      6943.3922  VOLUME     =    226690.4038
                                                    Density    =         1.0173
 ------------------------------------------------------------------------------

wrapping first mol.:       22.16861       31.35115       54.30178
wrapping first mol.:       22.16861       31.35115       54.30178

 NSTEP =    44500   TIME(PS) =     489.000  TEMP(K) =   298.72  PRESS =  -204.9
 Etot   =    -54450.4511  EKtot   =     13841.2305  EPtot      =    -68291.6815
 BOND   =       444.3394  ANGLE   =      1219.7734  DIHED      =      1877.8820
 1-4 NB =       574.4705  1-4 EEL =      8898.0591  VDWAALS    =      8205.6808
 EELEC  =    -89693.2823  EHBOND  =         0.0000  RESTRAINT  =       181.3954
 EAMBER (non-restraint)  =    -68473.0769
 EKCMT  =      5982.1494  VIRIAL  =      6983.9913  VOLUME     =    226446.3080
                                                    Density    =         1.0184
 ------------------------------------------------------------------------------

wrapping first mol.:       22.16254       31.34256       54.28691
wrapping first mol.:       22.16254       31.34256       54.28691

 NSTEP =    45000   TIME(PS) =     490.000  TEMP(K) =   298.53  PRESS =   -78.1
 Etot   =    -54324.0200  EKtot   =     13832.5283  EPtot      =    -68156.5483
 BOND   =       436.3577  ANGLE   =      1205.7229  DIHED      =      1890.0817
 1-4 NB =       571.7717  1-4 EEL =      8896.7005  VDWAALS    =      8129.4241
 EELEC  =    -89448.2384  EHBOND  =         0.0000  RESTRAINT  =       161.6314
 EAMBER (non-restraint)  =    -68318.1798
 EKCMT  =      5973.0230  VIRIAL  =      6354.5142  VOLUME     =    226257.6509
                                                    Density    =         1.0192
 ------------------------------------------------------------------------------

wrapping first mol.:       22.17739       31.36356       54.32328
wrapping first mol.:       22.17739       31.36356       54.32328

 NSTEP =    45500   TIME(PS) =     491.000  TEMP(K) =   297.39  PRESS =   189.1
 Etot   =    -54528.4924  EKtot   =     13779.5273  EPtot      =    -68308.0197
 BOND   =       422.6066  ANGLE   =      1181.5291  DIHED      =      1844.7570
 1-4 NB =       579.4098  1-4 EEL =      8889.9366  VDWAALS    =      8174.1003
 EELEC  =    -89580.9878  EHBOND  =         0.0000  RESTRAINT  =       180.6288
 EAMBER (non-restraint)  =    -68488.6485
 EKCMT  =      6010.9912  VIRIAL  =      5085.4411  VOLUME     =    226707.3783
                                                    Density    =         1.0172
 ------------------------------------------------------------------------------

wrapping first mol.:       22.18653       31.37649       54.34568
wrapping first mol.:       22.18653       31.37649       54.34568

 NSTEP =    46000   TIME(PS) =     492.000  TEMP(K) =   304.61  PRESS =    63.6
 Etot   =    -54181.2806  EKtot   =     14113.9834  EPtot      =    -68295.2640
 BOND   =       453.9750  ANGLE   =      1176.3097  DIHED      =      1864.1780
 1-4 NB =       577.2590  1-4 EEL =      8885.9922  VDWAALS    =      8137.2799
 EELEC  =    -89555.2814  EHBOND  =         0.0000  RESTRAINT  =       165.0236
 EAMBER (non-restraint)  =    -68460.2876
 EKCMT  =      6172.0650  VIRIAL  =      5860.5268  VOLUME     =    226990.4532
                                                    Density    =         1.0159
 ------------------------------------------------------------------------------

wrapping first mol.:       22.17999       31.36724       54.32965
wrapping first mol.:       22.17999       31.36724       54.32965

 NSTEP =    46500   TIME(PS) =     493.000  TEMP(K) =   302.57  PRESS =     3.6
 Etot   =    -54337.7546  EKtot   =     14019.8008  EPtot      =    -68357.5553
 BOND   =       417.2300  ANGLE   =      1174.2454  DIHED      =      1879.1973
 1-4 NB =       564.2255  1-4 EEL =      8867.5665  VDWAALS    =      8090.2342
 EELEC  =    -89510.9969  EHBOND  =         0.0000  RESTRAINT  =       160.7426
 EAMBER (non-restraint)  =    -68518.2979
 EKCMT  =      6087.2372  VIRIAL  =      6069.5007  VOLUME     =    226790.8135
                                                    Density    =         1.0168
 ------------------------------------------------------------------------------

wrapping first mol.:       22.18936       31.38049       54.35260
wrapping first mol.:       22.18936       31.38049       54.35260

 NSTEP =    47000   TIME(PS) =     494.000  TEMP(K) =   302.20  PRESS =   -75.8
 Etot   =    -54110.0570  EKtot   =     14002.5830  EPtot      =    -68112.6400
 BOND   =       450.7090  ANGLE   =      1186.1400  DIHED      =      1882.7004
 1-4 NB =       566.3109  1-4 EEL =      8871.8047  VDWAALS    =      8174.2678
 EELEC  =    -89417.4861  EHBOND  =         0.0000  RESTRAINT  =       172.9133
 EAMBER (non-restraint)  =    -68285.5533
 EKCMT  =      5987.1621  VIRIAL  =      6358.6163  VOLUME     =    227080.0055
                                                    Density    =         1.0155
 ------------------------------------------------------------------------------

wrapping first mol.:       22.17121       31.35482       54.30814
wrapping first mol.:       22.17121       31.35482       54.30814

 NSTEP =    47500   TIME(PS) =     495.000  TEMP(K) =   298.28  PRESS =    29.9
 Etot   =    -54561.5937  EKtot   =     13820.9785  EPtot      =    -68382.5722
 BOND   =       439.0298  ANGLE   =      1181.8929  DIHED      =      1865.5160
 1-4 NB =       577.0066  1-4 EEL =      8908.7397  VDWAALS    =      8119.9163
 EELEC  =    -89634.0029  EHBOND  =         0.0000  RESTRAINT  =       159.3293
 EAMBER (non-restraint)  =    -68541.9015
 EKCMT  =      6028.1946  VIRIAL  =      5882.0930  VOLUME     =    226521.0415
                                                    Density    =         1.0180
 ------------------------------------------------------------------------------

wrapping first mol.:       22.17110       31.35467       54.30787
wrapping first mol.:       22.17110       31.35467       54.30787

 NSTEP =    48000   TIME(PS) =     496.000  TEMP(K) =   297.27  PRESS =   -39.4
 Etot   =    -54645.5985  EKtot   =     13773.8887  EPtot      =    -68419.4872
 BOND   =       458.9290  ANGLE   =      1189.3930  DIHED      =      1876.9469
 1-4 NB =       575.1361  1-4 EEL =      8874.4564  VDWAALS    =      8258.6461
 EELEC  =    -89832.2619  EHBOND  =         0.0000  RESTRAINT  =       179.2672
 EAMBER (non-restraint)  =    -68598.7544
 EKCMT  =      6011.0414  VIRIAL  =      6203.9278  VOLUME     =    226519.1048
                                                    Density    =         1.0180
 ------------------------------------------------------------------------------

wrapping first mol.:       22.15532       31.33235       54.26921
wrapping first mol.:       22.15532       31.33235       54.26921

 NSTEP =    48500   TIME(PS) =     497.000  TEMP(K) =   300.23  PRESS =   162.0
 Etot   =    -54282.0437  EKtot   =     13911.3203  EPtot      =    -68193.3640
 BOND   =       451.8119  ANGLE   =      1199.2956  DIHED      =      1873.7692
 1-4 NB =       565.2161  1-4 EEL =      8872.9628  VDWAALS    =      8101.8827
 EELEC  =    -89422.2202  EHBOND  =         0.0000  RESTRAINT  =       163.9178
 EAMBER (non-restraint)  =    -68357.2818
 EKCMT  =      6037.5097  VIRIAL  =      5246.6647  VOLUME     =    226031.6488
                                                    Density    =         1.0202
 ------------------------------------------------------------------------------

wrapping first mol.:       22.17054       31.35387       54.30650
wrapping first mol.:       22.17054       31.35387       54.30650

 NSTEP =    49000   TIME(PS) =     498.000  TEMP(K) =   302.21  PRESS =    -6.4
 Etot   =    -54128.1943  EKtot   =     14003.0020  EPtot      =    -68131.1962
 BOND   =       473.5191  ANGLE   =      1132.5872  DIHED      =      1884.9933
 1-4 NB =       580.5331  1-4 EEL =      8874.3576  VDWAALS    =      7948.2383
 EELEC  =    -89189.3019  EHBOND  =         0.0000  RESTRAINT  =       163.8772
 EAMBER (non-restraint)  =    -68295.0734
 EKCMT  =      6101.8121  VIRIAL  =      6133.2316  VOLUME     =    226501.2554
                                                    Density    =         1.0181
 ------------------------------------------------------------------------------

wrapping first mol.:       22.17259       31.35678       54.31153
wrapping first mol.:       22.17259       31.35678       54.31153

 NSTEP =    49500   TIME(PS) =     499.000  TEMP(K) =   302.32  PRESS =    71.2
 Etot   =    -54203.8087  EKtot   =     14008.1260  EPtot      =    -68211.9347
 BOND   =       449.6391  ANGLE   =      1206.2063  DIHED      =      1847.5634
 1-4 NB =       570.0426  1-4 EEL =      8884.4797  VDWAALS    =      8296.7104
 EELEC  =    -89640.5258  EHBOND  =         0.0000  RESTRAINT  =       173.9495
 EAMBER (non-restraint)  =    -68385.8842
 EKCMT  =      6089.2631  VIRIAL  =      5740.9931  VOLUME     =    226562.7284
                                                    Density    =         1.0178
 ------------------------------------------------------------------------------

wrapping first mol.:       22.18058       31.36808       54.33110
wrapping first mol.:       22.18058       31.36808       54.33110

 NSTEP =    50000   TIME(PS) =     500.000  TEMP(K) =   299.34  PRESS =    56.3
 Etot   =    -54352.2940  EKtot   =     13869.8760  EPtot      =    -68222.1700
 BOND   =       471.7433  ANGLE   =      1244.7451  DIHED      =      1867.1768
 1-4 NB =       572.8886  1-4 EEL =      8857.5790  VDWAALS    =      8307.4392
 EELEC  =    -89715.0888  EHBOND  =         0.0000  RESTRAINT  =       171.3467
 EAMBER (non-restraint)  =    -68393.5167
 EKCMT  =      6059.8293  VIRIAL  =      5783.9029  VOLUME     =    226808.0299
                                                    Density    =         1.0167
 ------------------------------------------------------------------------------


      A V E R A G E S   O V E R     100 S T E P S


 NSTEP =    50000   TIME(PS) =     500.000  TEMP(K) =   299.96  PRESS =   -27.4
 Etot   =    -54188.0132  EKtot   =     13898.5992  EPtot      =    -68086.6124
 BOND   =       442.6765  ANGLE   =      1191.7084  DIHED      =      1865.1339
 1-4 NB =       576.8131  1-4 EEL =      8891.3198  VDWAALS    =      8129.9603
 EELEC  =    -89353.3653  EHBOND  =         0.0000  RESTRAINT  =       169.1409
 EAMBER (non-restraint)  =    -68255.7533
 EKCMT  =      6047.8554  VIRIAL  =      6192.5956  VOLUME     =    231977.6653
                                                    Density    =         0.9952
 ------------------------------------------------------------------------------


      R M S  F L U C T U A T I O N S


 NSTEP =    50000   TIME(PS) =     500.000  TEMP(K) =     1.99  PRESS =   149.9
 Etot   =       231.1896  EKtot   =        92.1986  EPtot      =       224.0414
 BOND   =        18.1931  ANGLE   =        26.0686  DIHED      =        12.9719
 1-4 NB =         9.5623  1-4 EEL =        19.4170  VDWAALS    =       110.1753
 EELEC  =       247.9472  EHBOND  =         0.0000  RESTRAINT  =         7.0950
 EAMBER (non-restraint)  =       216.9463
 EKCMT  =        58.7885  VIRIAL  =       762.0710  VOLUME     =      7872.3445
                                                    Density    =         0.0322
 ------------------------------------------------------------------------------

--------------------------------------------------------------------------------
   5.  TIMINGS
--------------------------------------------------------------------------------

|  NonSetup CPU Time in Major Routines:
|
|     Routine           Sec        %
|     ------------------------------
|     Nonbond          33.04   71.81
|     Bond              0.00    0.00
|     Angle             0.00    0.00
|     Dihedral          0.00    0.00
|     Shake             0.30    0.64
|     RunMD            12.63   27.44
|     Other             0.05    0.11
|     ------------------------------
|     Total            46.02

|  PME Nonbond Pairlist CPU Time:
|
|     Routine              Sec        %
|     ---------------------------------
|     Set Up Cit           0.00    0.00
|     Build List           0.00    0.00
|     ---------------------------------
|     Total                0.00    0.00

|  PME Direct Force CPU Time:
|
|     Routine              Sec        %
|     ---------------------------------
|     NonBonded Calc       0.00    0.00
|     Exclude Masked       0.00    0.00
|     Other                0.03    0.06
|     ---------------------------------
|     Total                0.03    0.06

|  PME Reciprocal Force CPU Time:
|
|     Routine              Sec        %
|     ---------------------------------
|     1D bspline           0.00    0.00
|     Grid Charges         0.00    0.00
|     Scalar Sum           0.00    0.00
|     Gradient Sum         0.00    0.00
|     FFT                  0.00    0.00
|     ---------------------------------
|     Total                0.00    0.00

|  Final Performance Info:
|     -----------------------------------------------------
|     Average timings for last   49500 steps:
|     Elapsed(s) =      45.56 Per Step(ms) =       0.92
|         ns/day =     187.76   seconds/ns =     460.16
|
|     Average timings for all steps:
|     Elapsed(s) =      46.03 Per Step(ms) =       0.92
|         ns/day =     187.69   seconds/ns =     460.33
|     -----------------------------------------------------

|  Setup CPU time:            0.53 seconds
|  NonSetup CPU time:        46.02 seconds
|  Total CPU time:           46.54 seconds     0.01 hours

|  Setup wall time:           1    seconds
|  NonSetup wall time:       46    seconds
|  Total wall time:          47    seconds     0.01 hours
