
          -------------------------------------------------------
          Amber 18 PMEMD                              2018
          -------------------------------------------------------

| PMEMD implementation of SANDER, Release 18

| Run on 09/29/2019 at 22:35:44

|   Executable path: pmemd.cuda
| Working directory: /home/pbarletta/lbp/run/4xcp/mhe/e
|          Hostname: Unknown
  [-O]verwriting output

File Assignments:
|   MDIN: 29equ.in                                                              
|  MDOUT: 29equ.out                                                             
| INPCRD: 28e4xcp.rst7                                                          
|   PARM: /home/pbarletta/lbp/top_files/4xcp.prmtop                             
| RESTRT: 29e4xcp.rst7                                                          
|   REFC: 28e4xcp.rst7                                                          
|  MDVEL: mdvel                                                                 
|   MDEN: mden                                                                  
|  MDCRD: 29e4xcp.nc                                                            
| MDINFO: mdinfo                                                                
|  MDFRC: mdfrc                                                                 


 Here is the input file:

Equilibration with solute restrictions                                         
&cntrl                                                                         
imin = 0,                           ! No Minimization                          
nmropt = 0,                         ! No NMR restraints read                   
                                                                               
! Nature and format of the input                                               
ntx = 5,                            ! Coordinates but no velocities will be rea
irest = 1,                          ! Do not run a new simulation              
                                                                               
! Nature and format of the output                                              
ntxo = 1,                           ! rstrt file in ASCII format               
ntpr = 500,                         ! inf in output every ntpr steps           
ntwr = 500,                         ! rstrt file every ntwr steps              
ntwx = 500,                         ! mdcrd file every ntwx steps              
ntwv = 0,                           ! mdvel without velocities                 
ntwe = 0,                           ! Do not write energies and temperatures   
idecomp = 0,                        ! No energy decomposition                  
iwrap = 1,                          ! Coordinates of the restart and mdcrd file
                                                                               
! Frozen or restrained atoms                                                   
ibelly = 0,                         ! No frozen atoms                          
ntr=1,                              ! Harmonic potential restraints            
restraint_wt = 0.4,                ! The weight for the positional restraints  
restraintmask = ':1-131@N,CA,C,O',  ! restrained residues                      
                                                                               
! Molecular dynamics                                                           
nstlim = 50000,                     ! Number of MD-steps                       
dt = 0.002,                         ! Time step                                
                                                                               
! Temperature regulation                                                       
ntt = 3,                            ! Langevin thermostat                      
gamma_ln = 5,                       ! Gamma constant for Langevin              
temp0 = 300.0,                      ! Reference T at which the system is to be 
tempi = 300.0,                      ! Initial T                                
ig = -1,                            ! Seed for the RNG                         
                                                                               
! P and V regulation                                                           
ntp = 1,                            ! constant P                               
barostat = 1,                       ! Berendsen barostat                       
taup = 1,                           ! Pressure relaxation time                 
ntb = 2,                            ! Periodic box for constant P              
                                                                               
! SHAKE variables                                                              
ntc = 2,                            ! Bonds involving H are constrained        
ntf = 2,                            ! Bond interaction involving H are ommited.
                                                                               
cut = 10.0,                         ! Nonbonded cutoff                         
/                                                                              
&end                                                                           


Note: ig = -1. Setting random seed to      877 based on wallclock time in 
      microseconds.
| irandom = 1, using AMBER's internal random number generator (default).
 
|--------------------- INFORMATION ----------------------
| GPU (CUDA) Version of PMEMD in use: NVIDIA GPU IN USE.
|                    Version 18.0.0
| 
|                      03/25/2018
| 
| Implementation by:
|                    Ross C. Walker     (SDSC)
|                    Scott Le Grand     (nVIDIA)
| 
| Version 18 performance extensions by:
|                    David Cerutti     (Rutgers)
| 
| Precision model in use:
|      [SPFP] - Single Precision Forces, 64-bit Fixed Point
|               Accumulation. (Default)
| 
|--------------------------------------------------------
 
|----------------- CITATION INFORMATION -----------------
|
|    When publishing work that utilized the CUDA version
|    of AMBER, please cite the following in addition to
|    the regular AMBER citations:
|
|  - Romelia Salomon-Ferrer; Andreas W. Goetz; Duncan
|    Poole; Scott Le Grand; Ross C. Walker "Routine
|    microsecond molecular dynamics simulations with
|    AMBER - Part II: Particle Mesh Ewald", J. Chem.
|    Theory Comput., 2013, 9 (9), pp3878-3888,
|    DOI: 10.1021/ct400314y.
|
|  - Andreas W. Goetz; Mark J. Williamson; Dong Xu;
|    Duncan Poole; Scott Le Grand; Ross C. Walker
|    "Routine microsecond molecular dynamics simulations
|    with AMBER - Part I: Generalized Born", J. Chem.
|    Theory Comput., 2012, 8 (5), pp1542-1555.
|
|  - Scott Le Grand; Andreas W. Goetz; Ross C. Walker
|    "SPFP: Speed without compromise - a mixed precision
|    model for GPU accelerated molecular dynamics
|    simulations.", Comp. Phys. Comm., 2013, 184
|    pp374-380, DOI: 10.1016/j.cpc.2012.09.022
|
|--------------------------------------------------------
 
|------------------- GPU DEVICE INFO --------------------
|
|            CUDA_VISIBLE_DEVICES: 0
|   CUDA Capable Devices Detected:      1
|           CUDA Device ID in use:      0
|                CUDA Device Name: GeForce GTX 1080 Ti
|     CUDA Device Global Mem Size:  11178 MB
| CUDA Device Num Multiprocessors:     28
|           CUDA Device Core Freq:   1.72 GHz
|
|--------------------------------------------------------
 
 
| Conditional Compilation Defines Used:
| PUBFFT
| BINTRAJ
| CUDA
| EMIL

| Largest sphere to fit in unit cell has radius =    27.132

| New format PARM file being parsed.
| Version =    1.000 Date = 04/14/18 Time = 19:54:59

| Note: 1-4 EEL scale factors are being read from the topology file.

| Note: 1-4 VDW scale factors are being read from the topology file.
| Duplicated    0 dihedrals

| Duplicated    0 dihedrals

--------------------------------------------------------------------------------
   1.  RESOURCE   USE: 
--------------------------------------------------------------------------------

 getting new box info from bottom of inpcrd
 NATOM  =   22707 NTYPES =      17 NBONH =   21487 MBONA  =    1237
 NTHETH =    2916 MTHETA =    1649 NPHIH =    5625 MPHIA  =    5085
 NHPARM =       0 NPARM  =       0 NNB   =   40734 NRES   =    6902
 NBONA  =    1237 NTHETA =    1649 NPHIA =    5085 NUMBND =      64
 NUMANG =     139 NPTRA  =     166 NATYP =      37 NPHB   =       1
 IFBOX  =       2 NMXRS  =      50 IFCAP =       0 NEXTRA =       0
 NCOPY  =       0

| Coordinate Index Table dimensions:    10   10   10
| Direct force subcell size =     6.6458    6.6458    6.6458

     BOX TYPE: TRUNCATED OCTAHEDRON

--------------------------------------------------------------------------------
   2.  CONTROL  DATA  FOR  THE  RUN
--------------------------------------------------------------------------------

default_name                                                                    

General flags:
     imin    =       0, nmropt  =       0

Nature and format of input:
     ntx     =       5, irest   =       1, ntrx    =       1

Nature and format of output:
     ntxo    =       1, ntpr    =     500, ntrx    =       1, ntwr    =     500
     iwrap   =       1, ntwx    =     500, ntwv    =       0, ntwe    =       0
     ioutfm  =       1, ntwprt  =       0, idecomp =       0, rbornstat=      0

Potential function:
     ntf     =       2, ntb     =       2, igb     =       0, nsnb    =      25
     ipol    =       0, gbsa    =       0, iesp    =       0
     dielc   =   1.00000, cut     =  10.00000, intdiel =   1.00000

Frozen or restrained atoms:
     ibelly  =       0, ntr     =       1
     restraint_wt =   0.40000

Molecular dynamics:
     nstlim  =     50000, nscm    =         0, nrespa  =         1
     t       =   0.00000, dt      =   0.00200, vlimit  =  -1.00000

Langevin dynamics temperature regulation:
     ig      =     877
     temp0   = 300.00000, tempi   = 300.00000, gamma_ln=   5.00000

Pressure regulation:
     ntp     =       1
     pres0   =   1.00000, comp    =  44.60000, taup    =   1.00000

SHAKE:
     ntc     =       2, jfastw  =       0
     tol     =   0.00001

| Intermolecular bonds treatment:
|     no_intermolecular_bonds =       1

| Energy averages sample interval:
|     ene_avg_sampling =     500

Ewald parameters:
     verbose =       0, ew_type =       0, nbflag  =       1, use_pme =       1
     vdwmeth =       1, eedmeth =       1, netfrc  =       1
     Box X =   66.458   Box Y =   66.458   Box Z =   66.458
     Alpha =  109.471   Beta  =  109.471   Gamma =  109.471
     NFFT1 =   64       NFFT2 =   64       NFFT3 =   64
     Cutoff=   10.000   Tol   =0.100E-04
     Ewald Coefficient =  0.27511
     Interpolation order =    4

    LOADING THE CONSTRAINED ATOMS AS GROUPS


   5.  REFERENCE ATOM COORDINATES

  default_name                                                                    
     Mask :1-131@N,CA,C,O; matches   524 atoms

--------------------------------------------------------------------------------
   3.  ATOMIC COORDINATES AND VELOCITIES
--------------------------------------------------------------------------------

default_name                                                                    
 begin time read from input coords =  3200.000 ps

 
 Number of triangulated 3-point waters found:     6742

     Sum of charges from parm topology file =  -0.00100007
     Forcing neutrality...

| Dynamic Memory, Types Used:
| Reals             1110941
| Integers           905820

| Nonbonded Pairs Initial Allocation:     6868299

| GPU memory information (estimate):
| KB of GPU memory in use:         0
| KB of CPU memory in use:         0

--------------------------------------------------------------------------------
   4.  RESULTS
--------------------------------------------------------------------------------

wrapping first mol.:       22.15150       31.32695       54.25987
wrapping first mol.:       22.15150       31.32695       54.25987

 NSTEP =      500   TIME(PS) =    3201.000  TEMP(K) =   299.91  PRESS =   -68.5
 Etot   =    -54584.6827  EKtot   =     13896.5967  EPtot      =    -68481.2794
 BOND   =       448.0691  ANGLE   =      1180.7309  DIHED      =      1859.6071
 1-4 NB =       567.5638  1-4 EEL =      8895.7356  VDWAALS    =      8090.2279
 EELEC  =    -89551.8639  EHBOND  =         0.0000  RESTRAINT  =        28.6500
 EAMBER (non-restraint)  =    -68509.9294
 EKCMT  =      6099.4354  VIRIAL  =      6433.5281  VOLUME     =    225919.5321
                                                    Density    =         1.0207
 ------------------------------------------------------------------------------

wrapping first mol.:       22.17333       31.35782       54.31333
wrapping first mol.:       22.17333       31.35782       54.31333

 NSTEP =     1000   TIME(PS) =    3202.000  TEMP(K) =   301.76  PRESS =   384.5
 Etot   =    -54465.7699  EKtot   =     13982.3271  EPtot      =    -68448.0970
 BOND   =       426.8429  ANGLE   =      1237.9021  DIHED      =      1883.3831
 1-4 NB =       576.5144  1-4 EEL =      8942.8414  VDWAALS    =      8410.8611
 EELEC  =    -89948.6377  EHBOND  =         0.0000  RESTRAINT  =        22.1958
 EAMBER (non-restraint)  =    -68470.2928
 EKCMT  =      6032.9967  VIRIAL  =      4152.2116  VOLUME     =    226578.9140
                                                    Density    =         1.0178
 ------------------------------------------------------------------------------

wrapping first mol.:       22.15727       31.33512       54.27401
wrapping first mol.:       22.15727       31.33512       54.27401

 NSTEP =     1500   TIME(PS) =    3203.000  TEMP(K) =   299.85  PRESS =   183.5
 Etot   =    -54294.0429  EKtot   =     13893.5654  EPtot      =    -68187.6083
 BOND   =       427.6581  ANGLE   =      1217.5948  DIHED      =      1879.6444
 1-4 NB =       584.5573  1-4 EEL =      8907.3689  VDWAALS    =      8058.1587
 EELEC  =    -89290.8366  EHBOND  =         0.0000  RESTRAINT  =        28.2460
 EAMBER (non-restraint)  =    -68215.8543
 EKCMT  =      6042.0000  VIRIAL  =      5146.3387  VOLUME     =    226091.1978
                                                    Density    =         1.0200
 ------------------------------------------------------------------------------

wrapping first mol.:       22.15089       31.32609       54.25838
wrapping first mol.:       22.15089       31.32609       54.25838

 NSTEP =     2000   TIME(PS) =    3204.000  TEMP(K) =   304.07  PRESS =   -44.6
 Etot   =    -54259.9491  EKtot   =     14089.0176  EPtot      =    -68348.9667
 BOND   =       477.8362  ANGLE   =      1214.9104  DIHED      =      1872.9162
 1-4 NB =       565.9760  1-4 EEL =      8959.0893  VDWAALS    =      7872.8162
 EELEC  =    -89342.4410  EHBOND  =         0.0000  RESTRAINT  =        29.9301
 EAMBER (non-restraint)  =    -68378.8967
 EKCMT  =      6166.6576  VIRIAL  =      6384.1447  VOLUME     =    225900.4868
                                                    Density    =         1.0208
 ------------------------------------------------------------------------------

wrapping first mol.:       22.14803       31.32205       54.25137
wrapping first mol.:       22.14803       31.32205       54.25137

 NSTEP =     2500   TIME(PS) =    3205.000  TEMP(K) =   299.46  PRESS =    13.9
 Etot   =    -54532.6721  EKtot   =     13875.4180  EPtot      =    -68408.0901
 BOND   =       435.9750  ANGLE   =      1238.3875  DIHED      =      1882.7059
 1-4 NB =       579.0477  1-4 EEL =      8890.5375  VDWAALS    =      8248.1583
 EELEC  =    -89717.0569  EHBOND  =         0.0000  RESTRAINT  =        34.1549
 EAMBER (non-restraint)  =    -68442.2450
 EKCMT  =      6113.1499  VIRIAL  =      6045.3537  VOLUME     =    225811.7981
                                                    Density    =         1.0212
 ------------------------------------------------------------------------------

wrapping first mol.:       22.14756       31.32138       54.25022
wrapping first mol.:       22.14756       31.32138       54.25022

 NSTEP =     3000   TIME(PS) =    3206.000  TEMP(K) =   295.72  PRESS =  -123.8
 Etot   =    -54742.0261  EKtot   =     13702.2529  EPtot      =    -68444.2790
 BOND   =       451.8044  ANGLE   =      1218.7732  DIHED      =      1885.4079
 1-4 NB =       575.3091  1-4 EEL =      8907.5978  VDWAALS    =      8090.2828
 EELEC  =    -89603.1756  EHBOND  =         0.0000  RESTRAINT  =        29.7214
 EAMBER (non-restraint)  =    -68474.0004
 EKCMT  =      6050.3646  VIRIAL  =      6653.9251  VOLUME     =    225800.2474
                                                    Density    =         1.0213
 ------------------------------------------------------------------------------

wrapping first mol.:       22.14249       31.31420       54.23779
wrapping first mol.:       22.14249       31.31420       54.23779

 NSTEP =     3500   TIME(PS) =    3207.000  TEMP(K) =   298.11  PRESS =   295.1
 Etot   =    -54485.6943  EKtot   =     13812.8848  EPtot      =    -68298.5791
 BOND   =       435.3816  ANGLE   =      1197.3020  DIHED      =      1874.0954
 1-4 NB =       575.3149  1-4 EEL =      8952.4738  VDWAALS    =      8130.4273
 EELEC  =    -89493.0505  EHBOND  =         0.0000  RESTRAINT  =        29.4764
 EAMBER (non-restraint)  =    -68328.0555
 EKCMT  =      5957.9074  VIRIAL  =      4520.1845  VOLUME     =    225636.5586
                                                    Density    =         1.0220
 ------------------------------------------------------------------------------

wrapping first mol.:       22.14099       31.31209       54.23413
wrapping first mol.:       22.14099       31.31209       54.23413

 NSTEP =     4000   TIME(PS) =    3208.000  TEMP(K) =   302.22  PRESS =    28.6
 Etot   =    -54302.5114  EKtot   =     14003.5850  EPtot      =    -68306.0964
 BOND   =       437.7995  ANGLE   =      1266.9634  DIHED      =      1893.3424
 1-4 NB =       554.2293  1-4 EEL =      8892.0035  VDWAALS    =      8076.9765
 EELEC  =    -89459.5373  EHBOND  =         0.0000  RESTRAINT  =        32.1264
 EAMBER (non-restraint)  =    -68338.2228
 EKCMT  =      5996.0613  VIRIAL  =      5856.9781  VOLUME     =    225596.2388
                                                    Density    =         1.0222
 ------------------------------------------------------------------------------

wrapping first mol.:       22.13282       31.30053       54.21410
wrapping first mol.:       22.13282       31.30053       54.21410

 NSTEP =     4500   TIME(PS) =    3209.000  TEMP(K) =   298.15  PRESS =   447.0
 Etot   =    -54539.2444  EKtot   =     13814.7266  EPtot      =    -68353.9710
 BOND   =       425.4155  ANGLE   =      1245.6284  DIHED      =      1871.5345
 1-4 NB =       586.3965  1-4 EEL =      8947.0604  VDWAALS    =      8213.4615
 EELEC  =    -89676.7173  EHBOND  =         0.0000  RESTRAINT  =        33.2494
 EAMBER (non-restraint)  =    -68387.2204
 EKCMT  =      6045.8547  VIRIAL  =      3870.8750  VOLUME     =    225338.0389
                                                    Density    =         1.0234
 ------------------------------------------------------------------------------

wrapping first mol.:       22.13268       31.30033       54.21376
wrapping first mol.:       22.13268       31.30033       54.21376

 NSTEP =     5000   TIME(PS) =    3210.000  TEMP(K) =   301.18  PRESS =     5.6
 Etot   =    -54496.9101  EKtot   =     13955.2852  EPtot      =    -68452.1953
 BOND   =       464.8701  ANGLE   =      1217.0679  DIHED      =      1858.6141
 1-4 NB =       558.5589  1-4 EEL =      8907.0230  VDWAALS    =      8022.1750
 EELEC  =    -89511.2401  EHBOND  =         0.0000  RESTRAINT  =        30.7359
 EAMBER (non-restraint)  =    -68482.9311
 EKCMT  =      6008.5726  VIRIAL  =      5981.5550  VOLUME     =    225342.6191
                                                    Density    =         1.0233
 ------------------------------------------------------------------------------

wrapping first mol.:       22.15220       31.32794       54.26157
wrapping first mol.:       22.15220       31.32794       54.26157

 NSTEP =     5500   TIME(PS) =    3211.000  TEMP(K) =   300.19  PRESS =  -117.1
 Etot   =    -54423.5000  EKtot   =     13909.3574  EPtot      =    -68332.8574
 BOND   =       427.7732  ANGLE   =      1218.8193  DIHED      =      1868.4939
 1-4 NB =       583.0550  1-4 EEL =      8883.6301  VDWAALS    =      8018.7019
 EELEC  =    -89363.7420  EHBOND  =         0.0000  RESTRAINT  =        30.4111
 EAMBER (non-restraint)  =    -68363.2686
 EKCMT  =      6042.7907  VIRIAL  =      6614.0049  VOLUME     =    225941.8375
                                                    Density    =         1.0206
 ------------------------------------------------------------------------------

wrapping first mol.:       22.16306       31.34330       54.28819
wrapping first mol.:       22.16306       31.34330       54.28819

 NSTEP =     6000   TIME(PS) =    3212.000  TEMP(K) =   301.20  PRESS =    -7.2
 Etot   =    -54373.1815  EKtot   =     13956.1807  EPtot      =    -68329.3621
 BOND   =       458.5168  ANGLE   =      1176.5582  DIHED      =      1871.2315
 1-4 NB =       588.6594  1-4 EEL =      8938.5709  VDWAALS    =      8059.0845
 EELEC  =    -89450.1240  EHBOND  =         0.0000  RESTRAINT  =        28.1404
 EAMBER (non-restraint)  =    -68357.5026
 EKCMT  =      6122.9724  VIRIAL  =      6158.1201  VOLUME     =    226272.2691
                                                    Density    =         1.0191
 ------------------------------------------------------------------------------

wrapping first mol.:       22.15764       31.33563       54.27490
wrapping first mol.:       22.15764       31.33563       54.27490

 NSTEP =     6500   TIME(PS) =    3213.000  TEMP(K) =   298.89  PRESS =   163.1
 Etot   =    -54371.1242  EKtot   =     13849.2393  EPtot      =    -68220.3634
 BOND   =       456.1029  ANGLE   =      1231.5404  DIHED      =      1881.4428
 1-4 NB =       576.6416  1-4 EEL =      8914.9822  VDWAALS    =      7907.8767
 EELEC  =    -89222.8592  EHBOND  =         0.0000  RESTRAINT  =        33.9092
 EAMBER (non-restraint)  =    -68254.2726
 EKCMT  =      6054.7915  VIRIAL  =      5258.7485  VOLUME     =    226102.7263
                                                    Density    =         1.0199
 ------------------------------------------------------------------------------

wrapping first mol.:       22.14766       31.32152       54.25046
wrapping first mol.:       22.14766       31.32152       54.25046

 NSTEP =     7000   TIME(PS) =    3214.000  TEMP(K) =   302.38  PRESS =   134.9
 Etot   =    -54306.4650  EKtot   =     14011.0293  EPtot      =    -68317.4943
 BOND   =       435.1019  ANGLE   =      1202.7398  DIHED      =      1869.0152
 1-4 NB =       579.0374  1-4 EEL =      8955.7781  VDWAALS    =      8337.7333
 EELEC  =    -89735.9368  EHBOND  =         0.0000  RESTRAINT  =        39.0367
 EAMBER (non-restraint)  =    -68356.5310
 EKCMT  =      6132.1572  VIRIAL  =      5474.6237  VOLUME     =    225797.9247
                                                    Density    =         1.0213
 ------------------------------------------------------------------------------

wrapping first mol.:       22.14400       31.31634       54.24149
wrapping first mol.:       22.14400       31.31634       54.24149

 NSTEP =     7500   TIME(PS) =    3215.000  TEMP(K) =   298.51  PRESS =    25.0
 Etot   =    -54852.1173  EKtot   =     13831.4648  EPtot      =    -68683.5821
 BOND   =       452.9174  ANGLE   =      1166.2043  DIHED      =      1855.3880
 1-4 NB =       573.5019  1-4 EEL =      8897.9923  VDWAALS    =      8179.1479
 EELEC  =    -89840.1826  EHBOND  =         0.0000  RESTRAINT  =        31.4487
 EAMBER (non-restraint)  =    -68715.0308
 EKCMT  =      5980.5469  VIRIAL  =      5858.5660  VOLUME     =    225688.2025
                                                    Density    =         1.0218
 ------------------------------------------------------------------------------

wrapping first mol.:       22.14473       31.31737       54.24327
wrapping first mol.:       22.14473       31.31737       54.24327

 NSTEP =     8000   TIME(PS) =    3216.000  TEMP(K) =   300.58  PRESS =    90.7
 Etot   =    -54697.6503  EKtot   =     13927.6953  EPtot      =    -68625.3456
 BOND   =       451.5185  ANGLE   =      1207.4002  DIHED      =      1861.0128
 1-4 NB =       571.9788  1-4 EEL =      8873.9405  VDWAALS    =      8175.8131
 EELEC  =    -89803.6522  EHBOND  =         0.0000  RESTRAINT  =        36.6427
 EAMBER (non-restraint)  =    -68661.9883
 EKCMT  =      6116.5958  VIRIAL  =      5674.7603  VOLUME     =    225709.1625
                                                    Density    =         1.0217
 ------------------------------------------------------------------------------

wrapping first mol.:       22.14576       31.31884       54.24581
wrapping first mol.:       22.14576       31.31884       54.24581

 NSTEP =     8500   TIME(PS) =    3217.000  TEMP(K) =   297.73  PRESS =   -66.9
 Etot   =    -54586.0752  EKtot   =     13795.3291  EPtot      =    -68381.4043
 BOND   =       443.5946  ANGLE   =      1232.9821  DIHED      =      1850.7052
 1-4 NB =       566.6161  1-4 EEL =      8921.8240  VDWAALS    =      8095.8186
 EELEC  =    -89525.8174  EHBOND  =         0.0000  RESTRAINT  =        32.8725
 EAMBER (non-restraint)  =    -68414.2768
 EKCMT  =      5959.5145  VIRIAL  =      6285.4866  VOLUME     =    225743.9837
                                                    Density    =         1.0215
 ------------------------------------------------------------------------------

wrapping first mol.:       22.13118       31.29822       54.21010
wrapping first mol.:       22.13118       31.29822       54.21010

 NSTEP =     9000   TIME(PS) =    3218.000  TEMP(K) =   302.16  PRESS =  -190.3
 Etot   =    -54395.4328  EKtot   =     14000.8828  EPtot      =    -68396.3157
 BOND   =       480.0473  ANGLE   =      1174.5141  DIHED      =      1844.0034
 1-4 NB =       582.0599  1-4 EEL =      8890.4421  VDWAALS    =      8002.1990
 EELEC  =    -89402.2317  EHBOND  =         0.0000  RESTRAINT  =        32.6503
 EAMBER (non-restraint)  =    -68428.9659
 EKCMT  =      6053.0893  VIRIAL  =      6978.9004  VOLUME     =    225300.8861
                                                    Density    =         1.0235
 ------------------------------------------------------------------------------

wrapping first mol.:       22.13351       31.30151       54.21580
wrapping first mol.:       22.13351       31.30151       54.21580

 NSTEP =     9500   TIME(PS) =    3219.000  TEMP(K) =   298.36  PRESS =   416.6
 Etot   =    -54575.1743  EKtot   =     13824.4287  EPtot      =    -68399.6030
 BOND   =       471.5211  ANGLE   =      1265.4035  DIHED      =      1870.4519
 1-4 NB =       553.1278  1-4 EEL =      8875.2826  VDWAALS    =      8148.0252
 EELEC  =    -89618.4603  EHBOND  =         0.0000  RESTRAINT  =        35.0453
 EAMBER (non-restraint)  =    -68434.6483
 EKCMT  =      6013.3521  VIRIAL  =      3986.3629  VOLUME     =    225359.8465
                                                    Density    =         1.0233
 ------------------------------------------------------------------------------

wrapping first mol.:       22.13831       31.30829       54.22755
wrapping first mol.:       22.13831       31.30829       54.22755

 NSTEP =    10000   TIME(PS) =    3220.000  TEMP(K) =   300.64  PRESS =    58.9
 Etot   =    -54501.4793  EKtot   =     13930.3359  EPtot      =    -68431.8153
 BOND   =       446.5750  ANGLE   =      1223.7453  DIHED      =      1889.7186
 1-4 NB =       583.1708  1-4 EEL =      8934.4840  VDWAALS    =      8094.2903
 EELEC  =    -89641.2724  EHBOND  =         0.0000  RESTRAINT  =        37.4729
 EAMBER (non-restraint)  =    -68469.2882
 EKCMT  =      6056.0225  VIRIAL  =      5769.1457  VOLUME     =    225513.5647
                                                    Density    =         1.0226
 ------------------------------------------------------------------------------

wrapping first mol.:       22.16567       31.34700       54.29458
wrapping first mol.:       22.16567       31.34700       54.29458

 NSTEP =    10500   TIME(PS) =    3221.000  TEMP(K) =   300.65  PRESS =   -17.3
 Etot   =    -54242.7511  EKtot   =     13930.5879  EPtot      =    -68173.3390
 BOND   =       432.2660  ANGLE   =      1236.9830  DIHED      =      1861.0166
 1-4 NB =       571.0189  1-4 EEL =      8945.5825  VDWAALS    =      7929.1121
 EELEC  =    -89184.0001  EHBOND  =         0.0000  RESTRAINT  =        34.6821
 EAMBER (non-restraint)  =    -68208.0210
 EKCMT  =      6008.1425  VIRIAL  =      6092.5761  VOLUME     =    226352.4533
                                                    Density    =         1.0188
 ------------------------------------------------------------------------------

wrapping first mol.:       22.14844       31.32262       54.25237
wrapping first mol.:       22.14844       31.32262       54.25237

 NSTEP =    11000   TIME(PS) =    3222.000  TEMP(K) =   301.91  PRESS =    85.2
 Etot   =    -54510.2416  EKtot   =     13989.1494  EPtot      =    -68499.3910
 BOND   =       453.0619  ANGLE   =      1180.8482  DIHED      =      1874.9434
 1-4 NB =       586.2701  1-4 EEL =      8890.1560  VDWAALS    =      8116.9768
 EELEC  =    -89635.2463  EHBOND  =         0.0000  RESTRAINT  =        33.5988
 EAMBER (non-restraint)  =    -68532.9898
 EKCMT  =      6117.9247  VIRIAL  =      5702.5814  VOLUME     =    225822.7813
                                                    Density    =         1.0212
 ------------------------------------------------------------------------------

wrapping first mol.:       22.15354       31.32984       54.26488
wrapping first mol.:       22.15354       31.32984       54.26488

 NSTEP =    11500   TIME(PS) =    3223.000  TEMP(K) =   299.71  PRESS =    99.4
 Etot   =    -54747.8598  EKtot   =     13886.9375  EPtot      =    -68634.7973
 BOND   =       447.2282  ANGLE   =      1212.9700  DIHED      =      1879.6471
 1-4 NB =       565.6589  1-4 EEL =      8924.4349  VDWAALS    =      8085.0244
 EELEC  =    -89785.6121  EHBOND  =         0.0000  RESTRAINT  =        35.8512
 EAMBER (non-restraint)  =    -68670.6486
 EKCMT  =      6066.1217  VIRIAL  =      5581.3385  VOLUME     =    225978.7348
                                                    Density    =         1.0205
 ------------------------------------------------------------------------------

wrapping first mol.:       22.15136       31.32675       54.25953
wrapping first mol.:       22.15136       31.32675       54.25953

 NSTEP =    12000   TIME(PS) =    3224.000  TEMP(K) =   303.62  PRESS =  -152.0
 Etot   =    -54359.4950  EKtot   =     14068.4238  EPtot      =    -68427.9188
 BOND   =       421.0853  ANGLE   =      1188.3113  DIHED      =      1868.5875
 1-4 NB =       586.4239  1-4 EEL =      8965.5141  VDWAALS    =      8019.1802
 EELEC  =    -89512.7649  EHBOND  =         0.0000  RESTRAINT  =        35.7436
 EAMBER (non-restraint)  =    -68463.6624
 EKCMT  =      6145.7332  VIRIAL  =      6886.9368  VOLUME     =    225916.9676
                                                    Density    =         1.0207
 ------------------------------------------------------------------------------

wrapping first mol.:       22.14913       31.32360       54.25407
wrapping first mol.:       22.14913       31.32360       54.25407

 NSTEP =    12500   TIME(PS) =    3225.000  TEMP(K) =   298.97  PRESS =   213.6
 Etot   =    -54720.2061  EKtot   =     13852.9590  EPtot      =    -68573.1651
 BOND   =       421.6862  ANGLE   =      1246.1203  DIHED      =      1884.7679
 1-4 NB =       568.5395  1-4 EEL =      8931.9255  VDWAALS    =      8300.3088
 EELEC  =    -89954.8421  EHBOND  =         0.0000  RESTRAINT  =        28.3287
 EAMBER (non-restraint)  =    -68601.4939
 EKCMT  =      6062.2820  VIRIAL  =      5020.5725  VOLUME     =    225841.4348
                                                    Density    =         1.0211
 ------------------------------------------------------------------------------

wrapping first mol.:       22.15907       31.33766       54.27842
wrapping first mol.:       22.15907       31.33766       54.27842

 NSTEP =    13000   TIME(PS) =    3226.000  TEMP(K) =   300.85  PRESS =   359.8
 Etot   =    -54478.6574  EKtot   =     13940.1357  EPtot      =    -68418.7932
 BOND   =       428.4786  ANGLE   =      1255.6664  DIHED      =      1867.2916
 1-4 NB =       573.4385  1-4 EEL =      8936.1079  VDWAALS    =      8193.1285
 EELEC  =    -89710.3771  EHBOND  =         0.0000  RESTRAINT  =        37.4724
 EAMBER (non-restraint)  =    -68456.2655
 EKCMT  =      6109.1422  VIRIAL  =      4352.2961  VOLUME     =    226142.6881
                                                    Density    =         1.0197
 ------------------------------------------------------------------------------

wrapping first mol.:       22.17373       31.35839       54.31432
wrapping first mol.:       22.17373       31.35839       54.31432

 NSTEP =    13500   TIME(PS) =    3227.000  TEMP(K) =   299.54  PRESS =  -190.6
 Etot   =    -54550.9172  EKtot   =     13879.4023  EPtot      =    -68430.3195
 BOND   =       435.1219  ANGLE   =      1200.6891  DIHED      =      1893.2485
 1-4 NB =       569.1452  1-4 EEL =      8887.9165  VDWAALS    =      8119.1664
 EELEC  =    -89571.1699  EHBOND  =         0.0000  RESTRAINT  =        35.5630
 EAMBER (non-restraint)  =    -68465.8825
 EKCMT  =      6073.3632  VIRIAL  =      7005.7506  VOLUME     =    226602.8811
                                                    Density    =         1.0177
 ------------------------------------------------------------------------------

wrapping first mol.:       22.15186       31.32746       54.26075
wrapping first mol.:       22.15186       31.32746       54.26075

 NSTEP =    14000   TIME(PS) =    3228.000  TEMP(K) =   300.09  PRESS =   188.4
 Etot   =    -54319.4153  EKtot   =     13904.7090  EPtot      =    -68224.1243
 BOND   =       463.3889  ANGLE   =      1262.2494  DIHED      =      1867.7637
 1-4 NB =       571.3716  1-4 EEL =      8903.0996  VDWAALS    =      8039.5783
 EELEC  =    -89365.3183  EHBOND  =         0.0000  RESTRAINT  =        33.7425
 EAMBER (non-restraint)  =    -68257.8668
 EKCMT  =      6055.4223  VIRIAL  =      5136.4075  VOLUME     =    225925.3711
                                                    Density    =         1.0207
 ------------------------------------------------------------------------------

wrapping first mol.:       22.13421       31.30250       54.21751
wrapping first mol.:       22.13421       31.30250       54.21751

 NSTEP =    14500   TIME(PS) =    3229.000  TEMP(K) =   297.96  PRESS =  -125.1
 Etot   =    -54441.2704  EKtot   =     13806.2471  EPtot      =    -68247.5175
 BOND   =       489.8046  ANGLE   =      1223.4412  DIHED      =      1856.3853
 1-4 NB =       575.6886  1-4 EEL =      8872.0578  VDWAALS    =      8054.9000
 EELEC  =    -89357.5223  EHBOND  =         0.0000  RESTRAINT  =        37.7273
 EAMBER (non-restraint)  =    -68285.2448
 EKCMT  =      6036.5760  VIRIAL  =      6645.5711  VOLUME     =    225392.0519
                                                    Density    =         1.0231
 ------------------------------------------------------------------------------

wrapping first mol.:       22.13527       31.30399       54.22010
wrapping first mol.:       22.13527       31.30399       54.22010

 NSTEP =    15000   TIME(PS) =    3230.000  TEMP(K) =   301.45  PRESS =   133.3
 Etot   =    -54308.5094  EKtot   =     13967.8896  EPtot      =    -68276.3991
 BOND   =       464.1405  ANGLE   =      1210.1392  DIHED      =      1850.3428
 1-4 NB =       584.5436  1-4 EEL =      8919.4356  VDWAALS    =      7994.7590
 EELEC  =    -89334.7388  EHBOND  =         0.0000  RESTRAINT  =        34.9791
 EAMBER (non-restraint)  =    -68311.3782
 EKCMT  =      6157.2774  VIRIAL  =      5508.7169  VOLUME     =    225419.1481
                                                    Density    =         1.0230
 ------------------------------------------------------------------------------

wrapping first mol.:       22.15479       31.33160       54.26792
wrapping first mol.:       22.15479       31.33160       54.26792

 NSTEP =    15500   TIME(PS) =    3231.000  TEMP(K) =   301.43  PRESS =    -8.7
 Etot   =    -54472.9662  EKtot   =     13966.9111  EPtot      =    -68439.8773
 BOND   =       457.0064  ANGLE   =      1214.5718  DIHED      =      1896.5159
 1-4 NB =       566.5150  1-4 EEL =      8939.5396  VDWAALS    =      8125.7766
 EELEC  =    -89674.5168  EHBOND  =         0.0000  RESTRAINT  =        34.7140
 EAMBER (non-restraint)  =    -68474.5913
 EKCMT  =      6123.5561  VIRIAL  =      6166.2478  VOLUME     =    226018.9746
                                                    Density    =         1.0203
 ------------------------------------------------------------------------------

wrapping first mol.:       22.11187       31.27091       54.16280
wrapping first mol.:       22.11187       31.27091       54.16280

 NSTEP =    16000   TIME(PS) =    3232.000  TEMP(K) =   299.27  PRESS =   -52.3
 Etot   =    -54450.2332  EKtot   =     13866.9521  EPtot      =    -68317.1854
 BOND   =       438.5245  ANGLE   =      1202.6696  DIHED      =      1884.0215
 1-4 NB =       593.2760  1-4 EEL =      8932.1220  VDWAALS    =      7920.6091
 EELEC  =    -89322.5398  EHBOND  =         0.0000  RESTRAINT  =        34.1318
 EAMBER (non-restraint)  =    -68351.3171
 EKCMT  =      6050.0187  VIRIAL  =      6303.6959  VOLUME     =    224708.9656
                                                    Density    =         1.0262
 ------------------------------------------------------------------------------

wrapping first mol.:       22.11600       31.27674       54.17290
wrapping first mol.:       22.11600       31.27674       54.17290

 NSTEP =    16500   TIME(PS) =    3233.000  TEMP(K) =   299.34  PRESS =   -95.4
 Etot   =    -54660.4017  EKtot   =     13870.2461  EPtot      =    -68530.6478
 BOND   =       451.3172  ANGLE   =      1248.5945  DIHED      =      1851.3342
 1-4 NB =       576.3652  1-4 EEL =      8885.8872  VDWAALS    =      8056.2372
 EELEC  =    -89633.1402  EHBOND  =         0.0000  RESTRAINT  =        32.7570
 EAMBER (non-restraint)  =    -68563.4047
 EKCMT  =      6066.2963  VIRIAL  =      6529.5138  VOLUME     =    224835.5403
                                                    Density    =         1.0257
 ------------------------------------------------------------------------------

wrapping first mol.:       22.12796       31.29366       54.20220
wrapping first mol.:       22.12796       31.29366       54.20220

 NSTEP =    17000   TIME(PS) =    3234.000  TEMP(K) =   296.43  PRESS =   -68.1
 Etot   =    -54630.8449  EKtot   =     13735.1670  EPtot      =    -68366.0119
 BOND   =       462.6498  ANGLE   =      1246.6292  DIHED      =      1873.1095
 1-4 NB =       574.6637  1-4 EEL =      8880.5798  VDWAALS    =      7999.4369
 EELEC  =    -89441.5572  EHBOND  =         0.0000  RESTRAINT  =        38.4764
 EAMBER (non-restraint)  =    -68404.4884
 EKCMT  =      5937.3408  VIRIAL  =      6268.2419  VOLUME     =    225200.0349
                                                    Density    =         1.0240
 ------------------------------------------------------------------------------

wrapping first mol.:       22.12004       31.28246       54.18281
wrapping first mol.:       22.12004       31.28246       54.18281

 NSTEP =    17500   TIME(PS) =    3235.000  TEMP(K) =   300.86  PRESS =   -17.4
 Etot   =    -54550.0448  EKtot   =     13940.2979  EPtot      =    -68490.3427
 BOND   =       456.3360  ANGLE   =      1213.4319  DIHED      =      1871.0883
 1-4 NB =       579.7205  1-4 EEL =      8912.7506  VDWAALS    =      8145.6169
 EELEC  =    -89698.9304  EHBOND  =         0.0000  RESTRAINT  =        29.6435
 EAMBER (non-restraint)  =    -68519.9862
 EKCMT  =      6064.1775  VIRIAL  =      6148.7852  VOLUME     =    224957.4139
                                                    Density    =         1.0251
 ------------------------------------------------------------------------------

wrapping first mol.:       22.13190       31.29923       54.21184
wrapping first mol.:       22.13190       31.29923       54.21184

 NSTEP =    18000   TIME(PS) =    3236.000  TEMP(K) =   298.90  PRESS =  -262.7
 Etot   =    -54411.2788  EKtot   =     13849.4492  EPtot      =    -68260.7280
 BOND   =       461.2065  ANGLE   =      1200.4495  DIHED      =      1846.1041
 1-4 NB =       569.7142  1-4 EEL =      8924.3611  VDWAALS    =      7901.8652
 EELEC  =    -89195.8014  EHBOND  =         0.0000  RESTRAINT  =        31.3728
 EAMBER (non-restraint)  =    -68292.1008
 EKCMT  =      6185.1105  VIRIAL  =      7463.2557  VOLUME     =    225324.1468
                                                    Density    =         1.0234
 ------------------------------------------------------------------------------

wrapping first mol.:       22.14480       31.31747       54.24345
wrapping first mol.:       22.14480       31.31747       54.24345

 NSTEP =    18500   TIME(PS) =    3237.000  TEMP(K) =   302.12  PRESS =   -61.0
 Etot   =    -54474.5332  EKtot   =     13998.6211  EPtot      =    -68473.1542
 BOND   =       425.4365  ANGLE   =      1228.1605  DIHED      =      1871.1817
 1-4 NB =       578.7841  1-4 EEL =      8923.4903  VDWAALS    =      8240.8592
 EELEC  =    -89775.9023  EHBOND  =         0.0000  RESTRAINT  =        34.8359
 EAMBER (non-restraint)  =    -68507.9901
 EKCMT  =      6182.5443  VIRIAL  =      6479.6595  VOLUME     =    225714.3573
                                                    Density    =         1.0217
 ------------------------------------------------------------------------------

wrapping first mol.:       22.15253       31.32840       54.26238
wrapping first mol.:       22.15253       31.32840       54.26238

 NSTEP =    19000   TIME(PS) =    3238.000  TEMP(K) =   298.82  PRESS =   192.6
 Etot   =    -54456.9276  EKtot   =     13846.1357  EPtot      =    -68303.0633
 BOND   =       469.8014  ANGLE   =      1234.1705  DIHED      =      1873.0311
 1-4 NB =       565.7453  1-4 EEL =      8909.8193  VDWAALS    =      8219.4118
 EELEC  =    -89609.1444  EHBOND  =         0.0000  RESTRAINT  =        34.1016
 EAMBER (non-restraint)  =    -68337.1650
 EKCMT  =      6059.4947  VIRIAL  =      5120.0256  VOLUME     =    225945.6787
                                                    Density    =         1.0206
 ------------------------------------------------------------------------------

wrapping first mol.:       22.17547       31.36086       54.31859
wrapping first mol.:       22.17547       31.36086       54.31859

 NSTEP =    19500   TIME(PS) =    3239.000  TEMP(K) =   301.16  PRESS =   -21.5
 Etot   =    -54531.4635  EKtot   =     13954.3838  EPtot      =    -68485.8473
 BOND   =       437.5530  ANGLE   =      1218.0500  DIHED      =      1859.9091
 1-4 NB =       576.2462  1-4 EEL =      8938.6836  VDWAALS    =      8201.1671
 EELEC  =    -89749.4894  EHBOND  =         0.0000  RESTRAINT  =        32.0331
 EAMBER (non-restraint)  =    -68517.8804
 EKCMT  =      6103.2659  VIRIAL  =      6208.6976  VOLUME     =    226652.9121
                                                    Density    =         1.0174
 ------------------------------------------------------------------------------

wrapping first mol.:       22.17969       31.36682       54.32892
wrapping first mol.:       22.17969       31.36682       54.32892

 NSTEP =    20000   TIME(PS) =    3240.000  TEMP(K) =   299.50  PRESS =  -170.0
 Etot   =    -54280.8323  EKtot   =     13877.3887  EPtot      =    -68158.2210
 BOND   =       462.7613  ANGLE   =      1215.3644  DIHED      =      1881.6648
 1-4 NB =       571.4274  1-4 EEL =      8868.0209  VDWAALS    =      8135.8963
 EELEC  =    -89327.9020  EHBOND  =         0.0000  RESTRAINT  =        34.5459
 EAMBER (non-restraint)  =    -68192.7669
 EKCMT  =      6068.8849  VIRIAL  =      6901.1647  VOLUME     =    226785.1909
                                                    Density    =         1.0168
 ------------------------------------------------------------------------------

wrapping first mol.:       22.17462       31.35965       54.31650
wrapping first mol.:       22.17462       31.35965       54.31650

 NSTEP =    20500   TIME(PS) =    3241.000  TEMP(K) =   303.57  PRESS =  -315.7
 Etot   =    -54244.9517  EKtot   =     14065.7959  EPtot      =    -68310.7476
 BOND   =       467.1319  ANGLE   =      1192.2065  DIHED      =      1878.4263
 1-4 NB =       577.5877  1-4 EEL =      8895.5681  VDWAALS    =      8048.0960
 EELEC  =    -89402.3580  EHBOND  =         0.0000  RESTRAINT  =        32.5939
 EAMBER (non-restraint)  =    -68343.3415
 EKCMT  =      6120.2049  VIRIAL  =      7664.8002  VOLUME     =    226632.6305
                                                    Density    =         1.0175
 ------------------------------------------------------------------------------

wrapping first mol.:       22.16321       31.34352       54.28856
wrapping first mol.:       22.16321       31.34352       54.28856

 NSTEP =    21000   TIME(PS) =    3242.000  TEMP(K) =   298.76  PRESS =   -20.0
 Etot   =    -54449.9620  EKtot   =     13843.1260  EPtot      =    -68293.0880
 BOND   =       467.3941  ANGLE   =      1236.9194  DIHED      =      1854.9962
 1-4 NB =       569.4923  1-4 EEL =      8923.3426  VDWAALS    =      7994.7503
 EELEC  =    -89381.3994  EHBOND  =         0.0000  RESTRAINT  =        41.4165
 EAMBER (non-restraint)  =    -68334.5045
 EKCMT  =      6070.3902  VIRIAL  =      6168.0077  VOLUME     =    226277.1846
                                                    Density    =         1.0191
 ------------------------------------------------------------------------------

wrapping first mol.:       22.16124       31.34073       54.28374
wrapping first mol.:       22.16124       31.34073       54.28374

 NSTEP =    21500   TIME(PS) =    3243.000  TEMP(K) =   298.73  PRESS =    75.9
 Etot   =    -54546.3684  EKtot   =     13841.5879  EPtot      =    -68387.9563
 BOND   =       455.6747  ANGLE   =      1225.5209  DIHED      =      1881.0520
 1-4 NB =       577.7342  1-4 EEL =      8950.7988  VDWAALS    =      8214.5957
 EELEC  =    -89729.5451  EHBOND  =         0.0000  RESTRAINT  =        36.2124
 EAMBER (non-restraint)  =    -68424.1687
 EKCMT  =      6048.2718  VIRIAL  =      5677.4711  VOLUME     =    226214.9160
                                                    Density    =         1.0194
 ------------------------------------------------------------------------------

wrapping first mol.:       22.17402       31.35880       54.31503
wrapping first mol.:       22.17402       31.35880       54.31503

 NSTEP =    22000   TIME(PS) =    3244.000  TEMP(K) =   297.52  PRESS =    26.1
 Etot   =    -54548.7227  EKtot   =     13785.8633  EPtot      =    -68334.5860
 BOND   =       483.0212  ANGLE   =      1228.2655  DIHED      =      1874.8256
 1-4 NB =       575.5822  1-4 EEL =      8901.4403  VDWAALS    =      8255.0563
 EELEC  =    -89684.8472  EHBOND  =         0.0000  RESTRAINT  =        32.0700
 EAMBER (non-restraint)  =    -68366.6561
 EKCMT  =      6062.3676  VIRIAL  =      5934.5743  VOLUME     =    226607.3236
                                                    Density    =         1.0176
 ------------------------------------------------------------------------------

wrapping first mol.:       22.19527       31.38884       54.36707
wrapping first mol.:       22.19527       31.38884       54.36707

 NSTEP =    22500   TIME(PS) =    3245.000  TEMP(K) =   299.67  PRESS =   -49.0
 Etot   =    -54609.1351  EKtot   =     13885.3496  EPtot      =    -68494.4847
 BOND   =       428.9714  ANGLE   =      1234.4015  DIHED      =      1872.7944
 1-4 NB =       570.8232  1-4 EEL =      8925.6261  VDWAALS    =      8148.9542
 EELEC  =    -89708.6048  EHBOND  =         0.0000  RESTRAINT  =        32.5492
 EAMBER (non-restraint)  =    -68527.0339
 EKCMT  =      6172.1734  VIRIAL  =      6412.6626  VOLUME     =    227260.8759
                                                    Density    =         1.0147
 ------------------------------------------------------------------------------

wrapping first mol.:       22.19647       31.39055       54.37001
wrapping first mol.:       22.19647       31.39055       54.37001

 NSTEP =    23000   TIME(PS) =    3246.000  TEMP(K) =   301.30  PRESS =   -23.6
 Etot   =    -54243.8015  EKtot   =     13961.0430  EPtot      =    -68204.8444
 BOND   =       434.6665  ANGLE   =      1181.2085  DIHED      =      1885.5158
 1-4 NB =       568.8666  1-4 EEL =      8919.2375  VDWAALS    =      8124.7219
 EELEC  =    -89351.3047  EHBOND  =         0.0000  RESTRAINT  =        32.2436
 EAMBER (non-restraint)  =    -68237.0880
 EKCMT  =      6031.9849  VIRIAL  =      6147.8795  VOLUME     =    227297.2896
                                                    Density    =         1.0145
 ------------------------------------------------------------------------------

wrapping first mol.:       22.19192       31.38412       54.35889
wrapping first mol.:       22.19192       31.38412       54.35889

 NSTEP =    23500   TIME(PS) =    3247.000  TEMP(K) =   300.30  PRESS =  -116.2
 Etot   =    -54455.7281  EKtot   =     13914.4111  EPtot      =    -68370.1393
 BOND   =       458.8956  ANGLE   =      1239.6560  DIHED      =      1850.8504
 1-4 NB =       570.3805  1-4 EEL =      8891.0764  VDWAALS    =      8188.3022
 EELEC  =    -89600.8280  EHBOND  =         0.0000  RESTRAINT  =        31.5277
 EAMBER (non-restraint)  =    -68401.6669
 EKCMT  =      6089.0135  VIRIAL  =      6659.1020  VOLUME     =    227159.6244
                                                    Density    =         1.0152
 ------------------------------------------------------------------------------

wrapping first mol.:       22.17522       31.36050       54.31797
wrapping first mol.:       22.17522       31.36050       54.31797

 NSTEP =    24000   TIME(PS) =    3248.000  TEMP(K) =   299.36  PRESS =  -215.0
 Etot   =    -54553.6578  EKtot   =     13871.0830  EPtot      =    -68424.7408
 BOND   =       413.8002  ANGLE   =      1278.1171  DIHED      =      1874.6703
 1-4 NB =       575.9403  1-4 EEL =      8927.7246  VDWAALS    =      8076.1292
 EELEC  =    -89606.6610  EHBOND  =         0.0000  RESTRAINT  =        35.5385
 EAMBER (non-restraint)  =    -68460.2793
 EKCMT  =      6002.7619  VIRIAL  =      7054.7890  VOLUME     =    226649.1164
                                                    Density    =         1.0174
 ------------------------------------------------------------------------------

wrapping first mol.:       22.15251       31.32838       54.26234
wrapping first mol.:       22.15251       31.32838       54.26234

 NSTEP =    24500   TIME(PS) =    3249.000  TEMP(K) =   300.95  PRESS =  -146.5
 Etot   =    -54362.7556  EKtot   =     13944.7539  EPtot      =    -68307.5095
 BOND   =       477.9019  ANGLE   =      1247.7543  DIHED      =      1879.9455
 1-4 NB =       561.9937  1-4 EEL =      8951.2172  VDWAALS    =      8090.5645
 EELEC  =    -89548.0278  EHBOND  =         0.0000  RESTRAINT  =        31.1412
 EAMBER (non-restraint)  =    -68338.6507
 EKCMT  =      6053.1019  VIRIAL  =      6767.9343  VOLUME     =    225951.9817
                                                    Density    =         1.0206
 ------------------------------------------------------------------------------

wrapping first mol.:       22.15603       31.33336       54.27097
wrapping first mol.:       22.15603       31.33336       54.27097

 NSTEP =    25000   TIME(PS) =    3250.000  TEMP(K) =   299.01  PRESS =   -12.3
 Etot   =    -54452.1318  EKtot   =     13854.7080  EPtot      =    -68306.8398
 BOND   =       445.5638  ANGLE   =      1270.5630  DIHED      =      1864.5815
 1-4 NB =       578.3689  1-4 EEL =      8881.7093  VDWAALS    =      7998.6279
 EELEC  =    -89377.7763  EHBOND  =         0.0000  RESTRAINT  =        31.5221
 EAMBER (non-restraint)  =    -68338.3618
 EKCMT  =      6054.7920  VIRIAL  =      6114.8363  VOLUME     =    226057.0802
                                                    Density    =         1.0201
 ------------------------------------------------------------------------------

wrapping first mol.:       22.14421       31.31664       54.24200
wrapping first mol.:       22.14421       31.31664       54.24200

 NSTEP =    25500   TIME(PS) =    3251.000  TEMP(K) =   304.58  PRESS =     6.5
 Etot   =    -54534.6263  EKtot   =     14112.7041  EPtot      =    -68647.3304
 BOND   =       451.9951  ANGLE   =      1263.8386  DIHED      =      1856.6436
 1-4 NB =       564.3145  1-4 EEL =      8913.0887  VDWAALS    =      8199.5683
 EELEC  =    -89929.8832  EHBOND  =         0.0000  RESTRAINT  =        33.1041
 EAMBER (non-restraint)  =    -68680.4344
 EKCMT  =      6161.6946  VIRIAL  =      6129.8183  VOLUME     =    225694.9354
                                                    Density    =         1.0217
 ------------------------------------------------------------------------------

wrapping first mol.:       22.15783       31.33590       54.27536
wrapping first mol.:       22.15783       31.33590       54.27536

 NSTEP =    26000   TIME(PS) =    3252.000  TEMP(K) =   299.95  PRESS =   279.4
 Etot   =    -54637.6777  EKtot   =     13898.3789  EPtot      =    -68536.0567
 BOND   =       447.3500  ANGLE   =      1248.1039  DIHED      =      1843.5410
 1-4 NB =       587.9127  1-4 EEL =      8919.1008  VDWAALS    =      8394.0112
 EELEC  =    -90009.3835  EHBOND  =         0.0000  RESTRAINT  =        33.3073
 EAMBER (non-restraint)  =    -68569.3640
 EKCMT  =      6073.4168  VIRIAL  =      4709.3917  VOLUME     =    226106.1599
                                                    Density    =         1.0199
 ------------------------------------------------------------------------------

wrapping first mol.:       22.13860       31.30871       54.22828
wrapping first mol.:       22.13860       31.30871       54.22828

 NSTEP =    26500   TIME(PS) =    3253.000  TEMP(K) =   301.31  PRESS =    -7.7
 Etot   =    -54500.5026  EKtot   =     13961.1406  EPtot      =    -68461.6432
 BOND   =       445.7703  ANGLE   =      1236.4867  DIHED      =      1879.0897
 1-4 NB =       564.8385  1-4 EEL =      8910.1932  VDWAALS    =      8003.0703
 EELEC  =    -89536.7924  EHBOND  =         0.0000  RESTRAINT  =        35.7004
 EAMBER (non-restraint)  =    -68497.3436
 EKCMT  =      6090.2888  VIRIAL  =      6127.6052  VOLUME     =    225523.9477
                                                    Density    =         1.0225
 ------------------------------------------------------------------------------

wrapping first mol.:       22.15115       31.32646       54.25902
wrapping first mol.:       22.15115       31.32646       54.25902

 NSTEP =    27000   TIME(PS) =    3254.000  TEMP(K) =   299.84  PRESS =  -117.4
 Etot   =    -54541.8955  EKtot   =     13893.3613  EPtot      =    -68435.2568
 BOND   =       451.5645  ANGLE   =      1188.6646  DIHED      =      1861.2121
 1-4 NB =       585.7758  1-4 EEL =      8918.1848  VDWAALS    =      8153.0649
 EELEC  =    -89629.1270  EHBOND  =         0.0000  RESTRAINT  =        35.4034
 EAMBER (non-restraint)  =    -68470.6602
 EKCMT  =      6057.6268  VIRIAL  =      6630.4249  VOLUME     =    225909.9294
                                                    Density    =         1.0208
 ------------------------------------------------------------------------------

wrapping first mol.:       22.14969       31.32439       54.25544
wrapping first mol.:       22.14969       31.32439       54.25544

 NSTEP =    27500   TIME(PS) =    3255.000  TEMP(K) =   303.84  PRESS =   223.5
 Etot   =    -54262.2205  EKtot   =     14078.3691  EPtot      =    -68340.5896
 BOND   =       447.5059  ANGLE   =      1214.6948  DIHED      =      1877.5233
 1-4 NB =       589.6261  1-4 EEL =      8903.7646  VDWAALS    =      8069.1390
 EELEC  =    -89472.6406  EHBOND  =         0.0000  RESTRAINT  =        29.7971
 EAMBER (non-restraint)  =    -68370.3868
 EKCMT  =      6131.5531  VIRIAL  =      5041.5082  VOLUME     =    225858.3543
                                                    Density    =         1.0210
 ------------------------------------------------------------------------------

wrapping first mol.:       22.14746       31.32123       54.24996
wrapping first mol.:       22.14746       31.32123       54.24996

 NSTEP =    28000   TIME(PS) =    3256.000  TEMP(K) =   299.12  PRESS =  -172.0
 Etot   =    -54642.7329  EKtot   =     13859.8252  EPtot      =    -68502.5581
 BOND   =       435.4829  ANGLE   =      1201.6437  DIHED      =      1859.6242
 1-4 NB =       581.5231  1-4 EEL =      8899.2248  VDWAALS    =      8162.4899
 EELEC  =    -89673.1604  EHBOND  =         0.0000  RESTRAINT  =        30.6136
 EAMBER (non-restraint)  =    -68533.1717
 EKCMT  =      6061.9276  VIRIAL  =      6900.6957  VOLUME     =    225797.9277
                                                    Density    =         1.0213
 ------------------------------------------------------------------------------

wrapping first mol.:       22.13753       31.30719       54.22564
wrapping first mol.:       22.13753       31.30719       54.22564

 NSTEP =    28500   TIME(PS) =    3257.000  TEMP(K) =   295.40  PRESS =  -182.2
 Etot   =    -54676.9607  EKtot   =     13687.4248  EPtot      =    -68364.3855
 BOND   =       439.4496  ANGLE   =      1224.9960  DIHED      =      1874.2089
 1-4 NB =       578.2811  1-4 EEL =      8892.0615  VDWAALS    =      8133.2526
 EELEC  =    -89541.1928  EHBOND  =         0.0000  RESTRAINT  =        34.5577
 EAMBER (non-restraint)  =    -68398.9432
 EKCMT  =      5946.5925  VIRIAL  =      6833.7605  VOLUME     =    225494.5899
                                                    Density    =         1.0227
 ------------------------------------------------------------------------------

wrapping first mol.:       22.13866       31.30879       54.22841
wrapping first mol.:       22.13866       31.30879       54.22841

 NSTEP =    29000   TIME(PS) =    3258.000  TEMP(K) =   302.07  PRESS =    97.3
 Etot   =    -54487.8029  EKtot   =     13996.4844  EPtot      =    -68484.2873
 BOND   =       441.7565  ANGLE   =      1185.7660  DIHED      =      1862.7358
 1-4 NB =       567.6763  1-4 EEL =      8930.4889  VDWAALS    =      8027.9290
 EELEC  =    -89534.8368  EHBOND  =         0.0000  RESTRAINT  =        34.1971
 EAMBER (non-restraint)  =    -68518.4844
 EKCMT  =      6116.9066  VIRIAL  =      5643.3313  VOLUME     =    225523.5545
                                                    Density    =         1.0225
 ------------------------------------------------------------------------------

wrapping first mol.:       22.13841       31.30844       54.22780
wrapping first mol.:       22.13841       31.30844       54.22780

 NSTEP =    29500   TIME(PS) =    3259.000  TEMP(K) =   298.34  PRESS =    19.1
 Etot   =    -54462.6145  EKtot   =     13823.7217  EPtot      =    -68286.3361
 BOND   =       456.5405  ANGLE   =      1260.0092  DIHED      =      1862.1766
 1-4 NB =       578.0871  1-4 EEL =      8902.4285  VDWAALS    =      8303.7218
 EELEC  =    -89685.0748  EHBOND  =         0.0000  RESTRAINT  =        35.7749
 EAMBER (non-restraint)  =    -68322.1111
 EKCMT  =      6007.8819  VIRIAL  =      5914.6747  VOLUME     =    225517.4966
                                                    Density    =         1.0226
 ------------------------------------------------------------------------------

wrapping first mol.:       22.13365       31.30171       54.21615
wrapping first mol.:       22.13365       31.30171       54.21615

 NSTEP =    30000   TIME(PS) =    3260.000  TEMP(K) =   299.96  PRESS =   -65.5
 Etot   =    -54426.7881  EKtot   =     13898.8154  EPtot      =    -68325.6036
 BOND   =       458.0235  ANGLE   =      1185.5235  DIHED      =      1856.2458
 1-4 NB =       556.8896  1-4 EEL =      8901.9072  VDWAALS    =      8127.7325
 EELEC  =    -89444.9439  EHBOND  =         0.0000  RESTRAINT  =        33.0184
 EAMBER (non-restraint)  =    -68358.6219
 EKCMT  =      6103.0702  VIRIAL  =      6421.7560  VOLUME     =    225373.9009
                                                    Density    =         1.0232
 ------------------------------------------------------------------------------

wrapping first mol.:       22.15219       31.32793       54.26157
wrapping first mol.:       22.15219       31.32793       54.26157

 NSTEP =    30500   TIME(PS) =    3261.000  TEMP(K) =   300.58  PRESS =  -155.3
 Etot   =    -54634.6768  EKtot   =     13927.2500  EPtot      =    -68561.9268
 BOND   =       467.4114  ANGLE   =      1194.9188  DIHED      =      1854.6175
 1-4 NB =       584.0364  1-4 EEL =      8924.0001  VDWAALS    =      7967.5466
 EELEC  =    -89581.9819  EHBOND  =         0.0000  RESTRAINT  =        27.5243
 EAMBER (non-restraint)  =    -68589.4511
 EKCMT  =      6048.4240  VIRIAL  =      6806.2711  VOLUME     =    225942.5527
                                                    Density    =         1.0206
 ------------------------------------------------------------------------------

wrapping first mol.:       22.15194       31.32757       54.26094
wrapping first mol.:       22.15194       31.32757       54.26094

 NSTEP =    31000   TIME(PS) =    3262.000  TEMP(K) =   300.99  PRESS =   -79.2
 Etot   =    -54487.5528  EKtot   =     13946.4434  EPtot      =    -68433.9962
 BOND   =       439.3108  ANGLE   =      1202.4820  DIHED      =      1866.6217
 1-4 NB =       581.0201  1-4 EEL =      8913.3303  VDWAALS    =      8032.7552
 EELEC  =    -89505.2018  EHBOND  =         0.0000  RESTRAINT  =        35.6855
 EAMBER (non-restraint)  =    -68469.6817
 EKCMT  =      6122.8024  VIRIAL  =      6508.9617  VOLUME     =    225933.2171
                                                    Density    =         1.0207
 ------------------------------------------------------------------------------

wrapping first mol.:       22.16150       31.34110       54.28437
wrapping first mol.:       22.16150       31.34110       54.28437

 NSTEP =    31500   TIME(PS) =    3263.000  TEMP(K) =   296.83  PRESS =   -77.7
 Etot   =    -54489.2481  EKtot   =     13753.6279  EPtot      =    -68242.8760
 BOND   =       445.6942  ANGLE   =      1224.1082  DIHED      =      1850.5901
 1-4 NB =       577.7918  1-4 EEL =      8912.5113  VDWAALS    =      8112.0934
 EELEC  =    -89398.1705  EHBOND  =         0.0000  RESTRAINT  =        32.5054
 EAMBER (non-restraint)  =    -68275.3814
 EKCMT  =      5911.6986  VIRIAL  =      6291.1690  VOLUME     =    226225.9853
                                                    Density    =         1.0193
 ------------------------------------------------------------------------------

wrapping first mol.:       22.15239       31.32820       54.26204
wrapping first mol.:       22.15239       31.32820       54.26204

 NSTEP =    32000   TIME(PS) =    3264.000  TEMP(K) =   298.79  PRESS =    71.1
 Etot   =    -54781.3216  EKtot   =     13844.3154  EPtot      =    -68625.6370
 BOND   =       449.1156  ANGLE   =      1208.0174  DIHED      =      1848.5378
 1-4 NB =       569.0807  1-4 EEL =      8916.0423  VDWAALS    =      7978.0029
 EELEC  =    -89627.7746  EHBOND  =         0.0000  RESTRAINT  =        33.3410
 EAMBER (non-restraint)  =    -68658.9780
 EKCMT  =      6014.7148  VIRIAL  =      5667.8028  VOLUME     =    225943.8622
                                                    Density    =         1.0206
 ------------------------------------------------------------------------------

wrapping first mol.:       22.15078       31.32594       54.25811
wrapping first mol.:       22.15078       31.32594       54.25811

 NSTEP =    32500   TIME(PS) =    3265.000  TEMP(K) =   297.23  PRESS =    -8.2
 Etot   =    -54575.6255  EKtot   =     13772.3223  EPtot      =    -68347.9477
 BOND   =       444.7475  ANGLE   =      1175.5818  DIHED      =      1883.8592
 1-4 NB =       579.7720  1-4 EEL =      8921.4468  VDWAALS    =      8069.3776
 EELEC  =    -89464.0421  EHBOND  =         0.0000  RESTRAINT  =        41.3095
 EAMBER (non-restraint)  =    -68389.2572
 EKCMT  =      5983.4246  VIRIAL  =      6023.2609  VOLUME     =    225896.4252
                                                    Density    =         1.0208
 ------------------------------------------------------------------------------

wrapping first mol.:       22.14962       31.32429       54.25526
wrapping first mol.:       22.14962       31.32429       54.25526

 NSTEP =    33000   TIME(PS) =    3266.000  TEMP(K) =   299.65  PRESS =  -227.4
 Etot   =    -54368.1838  EKtot   =     13884.3896  EPtot      =    -68252.5734
 BOND   =       441.9864  ANGLE   =      1176.3202  DIHED      =      1865.1151
 1-4 NB =       580.3681  1-4 EEL =      8914.3706  VDWAALS    =      7957.4870
 EELEC  =    -89219.5892  EHBOND  =         0.0000  RESTRAINT  =        31.3683
 EAMBER (non-restraint)  =    -68283.9417
 EKCMT  =      6018.5001  VIRIAL  =      7127.3259  VOLUME     =    225865.2208
                                                    Density    =         1.0210
 ------------------------------------------------------------------------------

wrapping first mol.:       22.13626       31.30540       54.22253
wrapping first mol.:       22.13626       31.30540       54.22253

 NSTEP =    33500   TIME(PS) =    3267.000  TEMP(K) =   302.01  PRESS =   125.1
 Etot   =    -54366.9159  EKtot   =     13993.7822  EPtot      =    -68360.6981
 BOND   =       475.0940  ANGLE   =      1207.7241  DIHED      =      1858.2090
 1-4 NB =       585.5262  1-4 EEL =      8973.1618  VDWAALS    =      8201.7159
 EELEC  =    -89695.5420  EHBOND  =         0.0000  RESTRAINT  =        33.4129
 EAMBER (non-restraint)  =    -68394.1110
 EKCMT  =      6107.8062  VIRIAL  =      5498.9532  VOLUME     =    225449.6480
                                                    Density    =         1.0229
 ------------------------------------------------------------------------------

wrapping first mol.:       22.14519       31.31803       54.24441
wrapping first mol.:       22.14519       31.31803       54.24441

 NSTEP =    34000   TIME(PS) =    3268.000  TEMP(K) =   301.20  PRESS =  -117.5
 Etot   =    -54341.9486  EKtot   =     13956.2568  EPtot      =    -68298.2055
 BOND   =       433.8255  ANGLE   =      1224.6103  DIHED      =      1874.3362
 1-4 NB =       562.9669  1-4 EEL =      8916.8242  VDWAALS    =      8096.2555
 EELEC  =    -89441.2342  EHBOND  =         0.0000  RESTRAINT  =        34.2101
 EAMBER (non-restraint)  =    -68332.4156
 EKCMT  =      6022.8991  VIRIAL  =      6595.4326  VOLUME     =    225727.5005
                                                    Density    =         1.0216
 ------------------------------------------------------------------------------

wrapping first mol.:       22.12614       31.29109       54.19775
wrapping first mol.:       22.12614       31.29109       54.19775

 NSTEP =    34500   TIME(PS) =    3269.000  TEMP(K) =   298.04  PRESS =  -113.3
 Etot   =    -54902.8325  EKtot   =     13809.9844  EPtot      =    -68712.8169
 BOND   =       475.4217  ANGLE   =      1182.8012  DIHED      =      1863.2753
 1-4 NB =       575.5044  1-4 EEL =      8898.6724  VDWAALS    =      8137.9222
 EELEC  =    -89879.0526  EHBOND  =         0.0000  RESTRAINT  =        32.6385
 EAMBER (non-restraint)  =    -68745.4554
 EKCMT  =      5905.7016  VIRIAL  =      6456.6879  VOLUME     =    225145.4153
                                                    Density    =         1.0242
 ------------------------------------------------------------------------------

wrapping first mol.:       22.13313       31.30097       54.21487
wrapping first mol.:       22.13313       31.30097       54.21487

 NSTEP =    35000   TIME(PS) =    3270.000  TEMP(K) =   298.74  PRESS =    19.9
 Etot   =    -54714.8484  EKtot   =     13842.4082  EPtot      =    -68557.2566
 BOND   =       469.3069  ANGLE   =      1221.3599  DIHED      =      1861.0459
 1-4 NB =       576.9102  1-4 EEL =      8911.3340  VDWAALS    =      8234.7291
 EELEC  =    -89861.6539  EHBOND  =         0.0000  RESTRAINT  =        29.7114
 EAMBER (non-restraint)  =    -68586.9680
 EKCMT  =      6043.9295  VIRIAL  =      5947.0036  VOLUME     =    225356.1871
                                                    Density    =         1.0233
 ------------------------------------------------------------------------------

wrapping first mol.:       22.12371       31.28766       54.19181
wrapping first mol.:       22.12371       31.28766       54.19181

 NSTEP =    35500   TIME(PS) =    3271.000  TEMP(K) =   298.65  PRESS =   -66.1
 Etot   =    -54684.3259  EKtot   =     13838.0469  EPtot      =    -68522.3728
 BOND   =       449.8381  ANGLE   =      1209.1062  DIHED      =      1877.8385
 1-4 NB =       565.7827  1-4 EEL =      8891.5429  VDWAALS    =      8181.7068
 EELEC  =    -89735.4887  EHBOND  =         0.0000  RESTRAINT  =        37.3007
 EAMBER (non-restraint)  =    -68559.6735
 EKCMT  =      6010.6321  VIRIAL  =      6331.6142  VOLUME     =    225070.4342
                                                    Density    =         1.0246
 ------------------------------------------------------------------------------

wrapping first mol.:       22.12664       31.29179       54.19896
wrapping first mol.:       22.12664       31.29179       54.19896

 NSTEP =    36000   TIME(PS) =    3272.000  TEMP(K) =   297.71  PRESS =   313.2
 Etot   =    -54623.2202  EKtot   =     13794.7061  EPtot      =    -68417.9263
 BOND   =       442.5060  ANGLE   =      1206.8120  DIHED      =      1861.1091
 1-4 NB =       575.6077  1-4 EEL =      8897.0173  VDWAALS    =      8199.0587
 EELEC  =    -89631.9811  EHBOND  =         0.0000  RESTRAINT  =        31.9442
 EAMBER (non-restraint)  =    -68449.8704
 EKCMT  =      6062.0590  VIRIAL  =      4539.4251  VOLUME     =    225151.9829
                                                    Density    =         1.0242
 ------------------------------------------------------------------------------

wrapping first mol.:       22.13536       31.30412       54.22033
wrapping first mol.:       22.13536       31.30412       54.22033

 NSTEP =    36500   TIME(PS) =    3273.000  TEMP(K) =   299.15  PRESS =  -162.5
 Etot   =    -54603.8793  EKtot   =     13861.1641  EPtot      =    -68465.0433
 BOND   =       447.6421  ANGLE   =      1260.3048  DIHED      =      1868.8186
 1-4 NB =       568.7376  1-4 EEL =      8894.1399  VDWAALS    =      8069.0233
 EELEC  =    -89605.0789  EHBOND  =         0.0000  RESTRAINT  =        31.3693
 EAMBER (non-restraint)  =    -68496.4126
 EKCMT  =      6085.7809  VIRIAL  =      6876.9539  VOLUME     =    225427.9292
                                                    Density    =         1.0230
 ------------------------------------------------------------------------------

wrapping first mol.:       22.12687       31.29211       54.19953
wrapping first mol.:       22.12687       31.29211       54.19953

 NSTEP =    37000   TIME(PS) =    3274.000  TEMP(K) =   300.36  PRESS =   293.5
 Etot   =    -54440.4093  EKtot   =     13917.1309  EPtot      =    -68357.5401
 BOND   =       454.5963  ANGLE   =      1186.9717  DIHED      =      1856.5385
 1-4 NB =       579.3434  1-4 EEL =      8917.9276  VDWAALS    =      8078.0822
 EELEC  =    -89462.0852  EHBOND  =         0.0000  RESTRAINT  =        31.0853
 EAMBER (non-restraint)  =    -68388.6254
 EKCMT  =      6077.9322  VIRIAL  =      4650.8696  VOLUME     =    225159.4339
                                                    Density    =         1.0242
 ------------------------------------------------------------------------------

wrapping first mol.:       22.13313       31.30097       54.21486
wrapping first mol.:       22.13313       31.30097       54.21486

 NSTEP =    37500   TIME(PS) =    3275.000  TEMP(K) =   303.30  PRESS =    21.9
 Etot   =    -54306.1755  EKtot   =     14053.6191  EPtot      =    -68359.7946
 BOND   =       468.7603  ANGLE   =      1214.0783  DIHED      =      1866.7763
 1-4 NB =       575.2814  1-4 EEL =      8896.7522  VDWAALS    =      8191.3293
 EELEC  =    -89601.0278  EHBOND  =         0.0000  RESTRAINT  =        28.2554
 EAMBER (non-restraint)  =    -68388.0500
 EKCMT  =      6103.9125  VIRIAL  =      5997.3393  VOLUME     =    225356.0652
                                                    Density    =         1.0233
 ------------------------------------------------------------------------------

wrapping first mol.:       22.12074       31.28345       54.18452
wrapping first mol.:       22.12074       31.28345       54.18452

 NSTEP =    38000   TIME(PS) =    3276.000  TEMP(K) =   301.54  PRESS =  -356.4
 Etot   =    -54459.2321  EKtot   =     13971.7646  EPtot      =    -68430.9967
 BOND   =       457.5022  ANGLE   =      1227.6236  DIHED      =      1884.0361
 1-4 NB =       564.8422  1-4 EEL =      8917.6911  VDWAALS    =      7931.0813
 EELEC  =    -89442.7848  EHBOND  =         0.0000  RESTRAINT  =        29.0115
 EAMBER (non-restraint)  =    -68460.0082
 EKCMT  =      5994.3187  VIRIAL  =      7725.7330  VOLUME     =    224985.4967
                                                    Density    =         1.0250
 ------------------------------------------------------------------------------

wrapping first mol.:       22.15358       31.32990       54.26497
wrapping first mol.:       22.15358       31.32990       54.26497

 NSTEP =    38500   TIME(PS) =    3277.000  TEMP(K) =   297.81  PRESS =   -42.5
 Etot   =    -54508.1974  EKtot   =     13798.9033  EPtot      =    -68307.1007
 BOND   =       470.4732  ANGLE   =      1173.0030  DIHED      =      1907.5042
 1-4 NB =       572.5149  1-4 EEL =      8889.3998  VDWAALS    =      8029.0365
 EELEC  =    -89378.2911  EHBOND  =         0.0000  RESTRAINT  =        29.2590
 EAMBER (non-restraint)  =    -68336.3597
 EKCMT  =      6007.0398  VIRIAL  =      6214.5600  VOLUME     =    225982.7284
                                                    Density    =         1.0204
 ------------------------------------------------------------------------------

wrapping first mol.:       22.14167       31.31304       54.23578
wrapping first mol.:       22.14167       31.31304       54.23578

 NSTEP =    39000   TIME(PS) =    3278.000  TEMP(K) =   299.38  PRESS =  -106.5
 Etot   =    -54475.4987  EKtot   =     13871.9043  EPtot      =    -68347.4030
 BOND   =       422.4288  ANGLE   =      1279.2400  DIHED      =      1869.9699
 1-4 NB =       582.8141  1-4 EEL =      8947.5743  VDWAALS    =      7929.1246
 EELEC  =    -89408.8368  EHBOND  =         0.0000  RESTRAINT  =        30.2821
 EAMBER (non-restraint)  =    -68377.6852
 EKCMT  =      5981.8830  VIRIAL  =      6500.6757  VOLUME     =    225619.5631
                                                    Density    =         1.0221
 ------------------------------------------------------------------------------

wrapping first mol.:       22.13639       31.30559       54.22286
wrapping first mol.:       22.13639       31.30559       54.22286

 NSTEP =    39500   TIME(PS) =    3279.000  TEMP(K) =   298.17  PRESS =   335.9
 Etot   =    -54549.8117  EKtot   =     13815.7705  EPtot      =    -68365.5822
 BOND   =       470.2270  ANGLE   =      1190.0304  DIHED      =      1871.9627
 1-4 NB =       579.0694  1-4 EEL =      8899.7472  VDWAALS    =      8473.6713
 EELEC  =    -89882.0486  EHBOND  =         0.0000  RESTRAINT  =        31.7584
 EAMBER (non-restraint)  =    -68397.3406
 EKCMT  =      5998.5140  VIRIAL  =      4363.6077  VOLUME     =    225449.4878
                                                    Density    =         1.0229
 ------------------------------------------------------------------------------

wrapping first mol.:       22.15789       31.33599       54.27551
wrapping first mol.:       22.15789       31.33599       54.27551

 NSTEP =    40000   TIME(PS) =    3280.000  TEMP(K) =   301.56  PRESS =    -4.6
 Etot   =    -54373.7265  EKtot   =     13972.8281  EPtot      =    -68346.5547
 BOND   =       474.1932  ANGLE   =      1191.5666  DIHED      =      1902.9503
 1-4 NB =       569.3979  1-4 EEL =      8869.3381  VDWAALS    =      8089.2404
 EELEC  =    -89474.0828  EHBOND  =         0.0000  RESTRAINT  =        30.8417
 EAMBER (non-restraint)  =    -68377.3964
 EKCMT  =      6101.1807  VIRIAL  =      6123.6370  VOLUME     =    226113.7685
                                                    Density    =         1.0199
 ------------------------------------------------------------------------------

wrapping first mol.:       22.15057       31.32564       54.25760
wrapping first mol.:       22.15057       31.32564       54.25760

 NSTEP =    40500   TIME(PS) =    3281.000  TEMP(K) =   299.57  PRESS =    88.3
 Etot   =    -54566.2056  EKtot   =     13880.5889  EPtot      =    -68446.7944
 BOND   =       432.1205  ANGLE   =      1229.3871  DIHED      =      1853.4884
 1-4 NB =       584.5235  1-4 EEL =      8885.9320  VDWAALS    =      8189.4653
 EELEC  =    -89651.4834  EHBOND  =         0.0000  RESTRAINT  =        29.7720
 EAMBER (non-restraint)  =    -68476.5665
 EKCMT  =      6001.3740  VIRIAL  =      5570.6844  VOLUME     =    225888.0695
                                                    Density    =         1.0209
 ------------------------------------------------------------------------------

wrapping first mol.:       22.14933       31.32388       54.25455
wrapping first mol.:       22.14933       31.32388       54.25455

 NSTEP =    41000   TIME(PS) =    3282.000  TEMP(K) =   300.09  PRESS =  -287.6
 Etot   =    -54687.1367  EKtot   =     13904.6494  EPtot      =    -68591.7861
 BOND   =       455.2774  ANGLE   =      1192.4830  DIHED      =      1870.5458
 1-4 NB =       570.8900  1-4 EEL =      8897.1350  VDWAALS    =      8062.3439
 EELEC  =    -89671.7855  EHBOND  =         0.0000  RESTRAINT  =        31.3243
 EAMBER (non-restraint)  =    -68623.1105
 EKCMT  =      6082.9698  VIRIAL  =      7485.3509  VOLUME     =    225857.5998
                                                    Density    =         1.0210
 ------------------------------------------------------------------------------

wrapping first mol.:       22.15230       31.32809       54.26183
wrapping first mol.:       22.15230       31.32809       54.26183

 NSTEP =    41500   TIME(PS) =    3283.000  TEMP(K) =   296.10  PRESS =   -70.3
 Etot   =    -54608.9344  EKtot   =     13720.0664  EPtot      =    -68329.0008
 BOND   =       426.3044  ANGLE   =      1209.9979  DIHED      =      1859.9558
 1-4 NB =       578.1340  1-4 EEL =      8902.4811  VDWAALS    =      7990.5771
 EELEC  =    -89328.5264  EHBOND  =         0.0000  RESTRAINT  =        32.0753
 EAMBER (non-restraint)  =    -68361.0761
 EKCMT  =      5923.8678  VIRIAL  =      6266.9964  VOLUME     =    225944.1406
                                                    Density    =         1.0206
 ------------------------------------------------------------------------------

wrapping first mol.:       22.14167       31.31306       54.23580
wrapping first mol.:       22.14167       31.31306       54.23580

 NSTEP =    42000   TIME(PS) =    3284.000  TEMP(K) =   301.72  PRESS =  -137.2
 Etot   =    -54386.7310  EKtot   =     13980.4648  EPtot      =    -68367.1958
 BOND   =       468.3585  ANGLE   =      1203.4407  DIHED      =      1862.9528
 1-4 NB =       578.7251  1-4 EEL =      8907.3292  VDWAALS    =      8092.3148
 EELEC  =    -89513.0398  EHBOND  =         0.0000  RESTRAINT  =        32.7229
 EAMBER (non-restraint)  =    -68399.9187
 EKCMT  =      6047.6726  VIRIAL  =      6716.0127  VOLUME     =    225620.4297
                                                    Density    =         1.0221
 ------------------------------------------------------------------------------

wrapping first mol.:       22.15752       31.33546       54.27461
wrapping first mol.:       22.15752       31.33546       54.27461

 NSTEP =    42500   TIME(PS) =    3285.000  TEMP(K) =   298.16  PRESS =    69.4
 Etot   =    -54491.5430  EKtot   =     13815.4932  EPtot      =    -68307.0362
 BOND   =       459.1158  ANGLE   =      1190.1704  DIHED      =      1871.1356
 1-4 NB =       580.0920  1-4 EEL =      8881.5271  VDWAALS    =      8140.1567
 EELEC  =    -89460.6267  EHBOND  =         0.0000  RESTRAINT  =        31.3927
 EAMBER (non-restraint)  =    -68338.4289
 EKCMT  =      6019.9669  VIRIAL  =      5681.0175  VOLUME     =    226100.9388
                                                    Density    =         1.0199
 ------------------------------------------------------------------------------

wrapping first mol.:       22.13737       31.30696       54.22524
wrapping first mol.:       22.13737       31.30696       54.22524

 NSTEP =    43000   TIME(PS) =    3286.000  TEMP(K) =   297.47  PRESS =  -456.5
 Etot   =    -54311.2872  EKtot   =     13783.4971  EPtot      =    -68094.7842
 BOND   =       486.6249  ANGLE   =      1202.8243  DIHED      =      1877.2974
 1-4 NB =       578.1796  1-4 EEL =      8918.7731  VDWAALS    =      7728.4011
 EELEC  =    -88929.0663  EHBOND  =         0.0000  RESTRAINT  =        42.1816
 EAMBER (non-restraint)  =    -68136.9658
 EKCMT  =      5961.9569  VIRIAL  =      8184.4050  VOLUME     =    225495.1472
                                                    Density    =         1.0227
 ------------------------------------------------------------------------------

wrapping first mol.:       22.13858       31.30868       54.22822
wrapping first mol.:       22.13858       31.30868       54.22822

 NSTEP =    43500   TIME(PS) =    3287.000  TEMP(K) =   297.50  PRESS =     3.6
 Etot   =    -54690.9988  EKtot   =     13784.5439  EPtot      =    -68475.5428
 BOND   =       463.0666  ANGLE   =      1216.5626  DIHED      =      1871.4301
 1-4 NB =       582.1886  1-4 EEL =      8932.3323  VDWAALS    =      8082.3620
 EELEC  =    -89656.2125  EHBOND  =         0.0000  RESTRAINT  =        32.7276
 EAMBER (non-restraint)  =    -68508.2703
 EKCMT  =      6061.4621  VIRIAL  =      6044.0978  VOLUME     =    225523.0644
                                                    Density    =         1.0225
 ------------------------------------------------------------------------------

wrapping first mol.:       22.14612       31.31935       54.24670
wrapping first mol.:       22.14612       31.31935       54.24670

 NSTEP =    44000   TIME(PS) =    3288.000  TEMP(K) =   300.09  PRESS =   144.9
 Etot   =    -54453.9480  EKtot   =     13904.8096  EPtot      =    -68358.7576
 BOND   =       451.2064  ANGLE   =      1214.8133  DIHED      =      1845.2470
 1-4 NB =       577.7408  1-4 EEL =      8913.1394  VDWAALS    =      8255.3675
 EELEC  =    -89650.2991  EHBOND  =         0.0000  RESTRAINT  =        34.0271
 EAMBER (non-restraint)  =    -68392.7846
 EKCMT  =      6021.8940  VIRIAL  =      5315.6542  VOLUME     =    225750.8087
                                                    Density    =         1.0215
 ------------------------------------------------------------------------------

wrapping first mol.:       22.14206       31.31361       54.23675
wrapping first mol.:       22.14206       31.31361       54.23675

 NSTEP =    44500   TIME(PS) =    3289.000  TEMP(K) =   301.33  PRESS =  -168.8
 Etot   =    -54500.2684  EKtot   =     13962.3701  EPtot      =    -68462.6385
 BOND   =       439.0488  ANGLE   =      1233.6116  DIHED      =      1864.1172
 1-4 NB =       583.0103  1-4 EEL =      8901.8125  VDWAALS    =      8016.7325
 EELEC  =    -89533.3033  EHBOND  =         0.0000  RESTRAINT  =        32.3320
 EAMBER (non-restraint)  =    -68494.9705
 EKCMT  =      6141.5973  VIRIAL  =      6963.7085  VOLUME     =    225632.9654
                                                    Density    =         1.0220
 ------------------------------------------------------------------------------

wrapping first mol.:       22.12878       31.29482       54.20422
wrapping first mol.:       22.12878       31.29482       54.20422

 NSTEP =    45000   TIME(PS) =    3290.000  TEMP(K) =   297.17  PRESS =  -235.2
 Etot   =    -54551.3990  EKtot   =     13769.3662  EPtot      =    -68320.7652
 BOND   =       493.9452  ANGLE   =      1237.8885  DIHED      =      1857.2331
 1-4 NB =       574.7415  1-4 EEL =      8912.3454  VDWAALS    =      8008.1535
 EELEC  =    -89439.5301  EHBOND  =         0.0000  RESTRAINT  =        34.4578
 EAMBER (non-restraint)  =    -68355.2230
 EKCMT  =      6066.6523  VIRIAL  =      7210.4435  VOLUME     =    225228.5096
                                                    Density    =         1.0239
 ------------------------------------------------------------------------------

wrapping first mol.:       22.12464       31.28897       54.19407
wrapping first mol.:       22.12464       31.28897       54.19407

 NSTEP =    45500   TIME(PS) =    3291.000  TEMP(K) =   301.00  PRESS =   272.0
 Etot   =    -54545.4819  EKtot   =     13947.1445  EPtot      =    -68492.6264
 BOND   =       473.6801  ANGLE   =      1166.4001  DIHED      =      1877.8444
 1-4 NB =       564.2268  1-4 EEL =      8880.4966  VDWAALS    =      8255.9012
 EELEC  =    -89745.6039  EHBOND  =         0.0000  RESTRAINT  =        34.4283
 EAMBER (non-restraint)  =    -68527.0547
 EKCMT  =      6196.2584  VIRIAL  =      4874.1573  VOLUME     =    225091.8959
                                                    Density    =         1.0245
 ------------------------------------------------------------------------------

wrapping first mol.:       22.12793       31.29362       54.20213
wrapping first mol.:       22.12793       31.29362       54.20213

 NSTEP =    46000   TIME(PS) =    3292.000  TEMP(K) =   298.87  PRESS =    -3.7
 Etot   =    -54621.8464  EKtot   =     13848.4395  EPtot      =    -68470.2858
 BOND   =       439.2257  ANGLE   =      1239.2286  DIHED      =      1868.5071
 1-4 NB =       576.3034  1-4 EEL =      8887.1442  VDWAALS    =      8040.0382
 EELEC  =    -89556.1579  EHBOND  =         0.0000  RESTRAINT  =        35.4250
 EAMBER (non-restraint)  =    -68505.7108
 EKCMT  =      6041.2404  VIRIAL  =      6059.2802  VOLUME     =    225197.8835
                                                    Density    =         1.0240
 ------------------------------------------------------------------------------

wrapping first mol.:       22.12520       31.28976       54.19545
wrapping first mol.:       22.12520       31.28976       54.19545

 NSTEP =    46500   TIME(PS) =    3293.000  TEMP(K) =   299.41  PRESS =  -229.3
 Etot   =    -54768.5588  EKtot   =     13873.3213  EPtot      =    -68641.8801
 BOND   =       418.9828  ANGLE   =      1177.3888  DIHED      =      1888.2804
 1-4 NB =       582.4884  1-4 EEL =      8882.7763  VDWAALS    =      8119.6225
 EELEC  =    -89744.5301  EHBOND  =         0.0000  RESTRAINT  =        33.1109
 EAMBER (non-restraint)  =    -68674.9909
 EKCMT  =      6034.2938  VIRIAL  =      7148.8546  VOLUME     =    225119.1410
                                                    Density    =         1.0244
 ------------------------------------------------------------------------------

wrapping first mol.:       22.14265       31.31443       54.23818
wrapping first mol.:       22.14265       31.31443       54.23818

 NSTEP =    47000   TIME(PS) =    3294.000  TEMP(K) =   299.58  PRESS =   110.7
 Etot   =    -54404.8232  EKtot   =     13881.0547  EPtot      =    -68285.8779
 BOND   =       456.5792  ANGLE   =      1224.1266  DIHED      =      1891.6349
 1-4 NB =       559.6061  1-4 EEL =      8881.2448  VDWAALS    =      8134.6134
 EELEC  =    -89471.9847  EHBOND  =         0.0000  RESTRAINT  =        38.3017
 EAMBER (non-restraint)  =    -68324.1796
 EKCMT  =      6053.4358  VIRIAL  =      5514.3034  VOLUME     =    225645.1494
                                                    Density    =         1.0220
 ------------------------------------------------------------------------------

wrapping first mol.:       22.14660       31.32003       54.24787
wrapping first mol.:       22.14660       31.32003       54.24787

 NSTEP =    47500   TIME(PS) =    3295.000  TEMP(K) =   303.97  PRESS =   -64.9
 Etot   =    -54233.8932  EKtot   =     14084.6826  EPtot      =    -68318.5758
 BOND   =       456.1787  ANGLE   =      1234.5962  DIHED      =      1851.9304
 1-4 NB =       567.6540  1-4 EEL =      8893.0798  VDWAALS    =      8073.1156
 EELEC  =    -89427.0677  EHBOND  =         0.0000  RESTRAINT  =        31.9372
 EAMBER (non-restraint)  =    -68350.5130
 EKCMT  =      6150.4261  VIRIAL  =      6466.5583  VOLUME     =    225769.7020
                                                    Density    =         1.0214
 ------------------------------------------------------------------------------

wrapping first mol.:       22.15205       31.32773       54.26122
wrapping first mol.:       22.15205       31.32773       54.26122

 NSTEP =    48000   TIME(PS) =    3296.000  TEMP(K) =   303.72  PRESS =   -22.1
 Etot   =    -54227.6913  EKtot   =     14073.0078  EPtot      =    -68300.6991
 BOND   =       449.3381  ANGLE   =      1195.7884  DIHED      =      1864.5539
 1-4 NB =       566.5754  1-4 EEL =      8931.7788  VDWAALS    =      8081.7474
 EELEC  =    -89423.0157  EHBOND  =         0.0000  RESTRAINT  =        32.5346
 EAMBER (non-restraint)  =    -68333.2337
 EKCMT  =      6129.2002  VIRIAL  =      6236.9290  VOLUME     =    225935.5691
                                                    Density    =         1.0207
 ------------------------------------------------------------------------------

wrapping first mol.:       22.16234       31.34228       54.28642
wrapping first mol.:       22.16234       31.34228       54.28642

 NSTEP =    48500   TIME(PS) =    3297.000  TEMP(K) =   301.48  PRESS =   147.5
 Etot   =    -54431.6326  EKtot   =     13969.2871  EPtot      =    -68400.9197
 BOND   =       451.6117  ANGLE   =      1266.1437  DIHED      =      1879.5428
 1-4 NB =       566.0875  1-4 EEL =      8878.2904  VDWAALS    =      8103.1406
 EELEC  =    -89582.8683  EHBOND  =         0.0000  RESTRAINT  =        37.1319
 EAMBER (non-restraint)  =    -68438.0515
 EKCMT  =      6022.9124  VIRIAL  =      5302.2328  VOLUME     =    226247.0302
                                                    Density    =         1.0193
 ------------------------------------------------------------------------------

wrapping first mol.:       22.17337       31.35788       54.31344
wrapping first mol.:       22.17337       31.35788       54.31344

 NSTEP =    49000   TIME(PS) =    3298.000  TEMP(K) =   303.04  PRESS =  -251.4
 Etot   =    -54300.2491  EKtot   =     14041.3906  EPtot      =    -68341.6397
 BOND   =       447.4073  ANGLE   =      1205.5504  DIHED      =      1857.5543
 1-4 NB =       566.3343  1-4 EEL =      8882.1953  VDWAALS    =      7932.9220
 EELEC  =    -89269.8242  EHBOND  =         0.0000  RESTRAINT  =        36.2208
 EAMBER (non-restraint)  =    -68377.8606
 EKCMT  =      6032.6192  VIRIAL  =      7262.3976  VOLUME     =    226593.0669
                                                    Density    =         1.0177
 ------------------------------------------------------------------------------

wrapping first mol.:       22.16822       31.35060       54.30083
wrapping first mol.:       22.16822       31.35060       54.30083

 NSTEP =    49500   TIME(PS) =    3299.000  TEMP(K) =   300.92  PRESS =   -75.7
 Etot   =    -54106.3325  EKtot   =     13943.0059  EPtot      =    -68049.3383
 BOND   =       461.4061  ANGLE   =      1221.6405  DIHED      =      1892.9866
 1-4 NB =       571.7652  1-4 EEL =      8904.5245  VDWAALS    =      7908.5412
 EELEC  =    -89045.6739  EHBOND  =         0.0000  RESTRAINT  =        35.4714
 EAMBER (non-restraint)  =    -68084.8097
 EKCMT  =      6035.3983  VIRIAL  =      6405.2751  VOLUME     =    226431.7884
                                                    Density    =         1.0184
 ------------------------------------------------------------------------------

wrapping first mol.:       22.15873       31.33717       54.27757
wrapping first mol.:       22.15873       31.33717       54.27757

 NSTEP =    50000   TIME(PS) =    3300.000  TEMP(K) =   297.03  PRESS =    66.9
 Etot   =    -54560.5470  EKtot   =     13762.9697  EPtot      =    -68323.5167
 BOND   =       435.5669  ANGLE   =      1220.7957  DIHED      =      1886.2236
 1-4 NB =       569.7621  1-4 EEL =      8933.1436  VDWAALS    =      8113.0897
 EELEC  =    -89519.9954  EHBOND  =         0.0000  RESTRAINT  =        37.8972
 EAMBER (non-restraint)  =    -68361.4139
 EKCMT  =      5906.3001  VIRIAL  =      5579.4575  VOLUME     =    226138.0516
                                                    Density    =         1.0197
 ------------------------------------------------------------------------------


      A V E R A G E S   O V E R     100 S T E P S


 NSTEP =    50000   TIME(PS) =    3300.000  TEMP(K) =   299.97  PRESS =    -4.9
 Etot   =    -54491.6273  EKtot   =     13899.2832  EPtot      =    -68390.9104
 BOND   =       451.0776  ANGLE   =      1217.5852  DIHED      =      1869.7150
 1-4 NB =       574.5296  1-4 EEL =      8910.6863  VDWAALS    =      8100.3287
 EELEC  =    -89548.0428  EHBOND  =         0.0000  RESTRAINT  =        33.2099
 EAMBER (non-restraint)  =    -68424.1204
 EKCMT  =      6057.0818  VIRIAL  =      6081.1597  VOLUME     =    225809.0644
                                                    Density    =         1.0212
 ------------------------------------------------------------------------------


      R M S  F L U C T U A T I O N S


 NSTEP =    50000   TIME(PS) =    3300.000  TEMP(K) =     1.95  PRESS =   171.3
 Etot   =       149.6010  EKtot   =        90.3394  EPtot      =       123.4044
 BOND   =        17.0190  ANGLE   =        26.6262  DIHED      =        13.3615
 1-4 NB =         8.0211  1-4 EEL =        23.0829  VDWAALS    =       118.3296
 EELEC  =       194.0264  EHBOND  =         0.0000  RESTRAINT  =         3.1667
 EAMBER (non-restraint)  =       120.2377
 EKCMT  =        62.4346  VIRIAL  =       833.3655  VOLUME     =       501.7311
                                                    Density    =         0.0023
 ------------------------------------------------------------------------------

--------------------------------------------------------------------------------
   5.  TIMINGS
--------------------------------------------------------------------------------

|  NonSetup CPU Time in Major Routines:
|
|     Routine           Sec        %
|     ------------------------------
|     Nonbond          33.99   72.10
|     Bond              0.00    0.00
|     Angle             0.00    0.00
|     Dihedral          0.00    0.00
|     Shake             0.30    0.65
|     RunMD            12.79   27.14
|     Other             0.05    0.11
|     ------------------------------
|     Total            47.14

|  PME Nonbond Pairlist CPU Time:
|
|     Routine              Sec        %
|     ---------------------------------
|     Set Up Cit           0.00    0.00
|     Build List           0.00    0.00
|     ---------------------------------
|     Total                0.00    0.00

|  PME Direct Force CPU Time:
|
|     Routine              Sec        %
|     ---------------------------------
|     NonBonded Calc       0.00    0.00
|     Exclude Masked       0.00    0.00
|     Other                0.03    0.06
|     ---------------------------------
|     Total                0.03    0.06

|  PME Reciprocal Force CPU Time:
|
|     Routine              Sec        %
|     ---------------------------------
|     1D bspline           0.00    0.00
|     Grid Charges         0.00    0.00
|     Scalar Sum           0.00    0.00
|     Gradient Sum         0.00    0.00
|     FFT                  0.00    0.00
|     ---------------------------------
|     Total                0.00    0.00

|  Final Performance Info:
|     -----------------------------------------------------
|     Average timings for last   49500 steps:
|     Elapsed(s) =      46.67 Per Step(ms) =       0.94
|         ns/day =     183.28   seconds/ns =     471.40
|
|     Average timings for all steps:
|     Elapsed(s) =      47.14 Per Step(ms) =       0.94
|         ns/day =     183.28   seconds/ns =     471.42
|     -----------------------------------------------------

|  Setup CPU time:            0.50 seconds
|  NonSetup CPU time:        47.14 seconds
|  Total CPU time:           47.64 seconds     0.01 hours

|  Setup wall time:           1    seconds
|  NonSetup wall time:       47    seconds
|  Total wall time:          48    seconds     0.01 hours
