
          -------------------------------------------------------
          Amber 18 PMEMD                              2018
          -------------------------------------------------------

| PMEMD implementation of SANDER, Release 18

| Run on 09/29/2019 at 22:37:19

|   Executable path: pmemd.cuda
| Working directory: /home/pbarletta/lbp/run/4xcp/mhe/e
|          Hostname: Unknown
  [-O]verwriting output

File Assignments:
|   MDIN: 31equ.in                                                              
|  MDOUT: 31equ.out                                                             
| INPCRD: 30e4xcp.rst7                                                          
|   PARM: /home/pbarletta/lbp/top_files/4xcp.prmtop                             
| RESTRT: 31e4xcp.rst7                                                          
|   REFC: 30e4xcp.rst7                                                          
|  MDVEL: mdvel                                                                 
|   MDEN: mden                                                                  
|  MDCRD: 31e4xcp.nc                                                            
| MDINFO: mdinfo                                                                
|  MDFRC: mdfrc                                                                 


 Here is the input file:

Equilibration with solute restrictions                                         
&cntrl                                                                         
imin = 0,                           ! No Minimization                          
nmropt = 0,                         ! No NMR restraints read                   
                                                                               
! Nature and format of the input                                               
ntx = 5,                            ! Coordinates but no velocities will be rea
irest = 1,                          ! Do not run a new simulation              
                                                                               
! Nature and format of the output                                              
ntxo = 1,                           ! rstrt file in ASCII format               
ntpr = 500,                         ! inf in output every ntpr steps           
ntwr = 500,                         ! rstrt file every ntwr steps              
ntwx = 500,                         ! mdcrd file every ntwx steps              
ntwv = 0,                           ! mdvel without velocities                 
ntwe = 0,                           ! Do not write energies and temperatures   
idecomp = 0,                        ! No energy decomposition                  
iwrap = 1,                          ! Coordinates of the restart and mdcrd file
                                                                               
! Frozen or restrained atoms                                                   
ibelly = 0,                         ! No frozen atoms                          
ntr=1,                              ! Harmonic potential restraints            
restraint_wt = 0.30,                ! The weight for the positional restraints 
restraintmask = ':1-131@N,CA,C,O',  ! restrained residues                      
                                                                               
! Molecular dynamics                                                           
nstlim = 50000,                     ! Number of MD-steps                       
dt = 0.002,                         ! Time step                                
                                                                               
! Temperature regulation                                                       
ntt = 3,                            ! Langevin thermostat                      
gamma_ln = 5,                       ! Gamma constant for Langevin              
temp0 = 300.0,                      ! Reference T at which the system is to be 
tempi = 300.0,                      ! Initial T                                
ig = -1,                            ! Seed for the RNG                         
                                                                               
! P and V regulation                                                           
ntp = 1,                            ! constant P                               
barostat = 1,                       ! Berendsen barostat                       
taup = 1,                           ! Pressure relaxation time                 
ntb = 2,                            ! Periodic box for constant P              
                                                                               
! SHAKE variables                                                              
ntc = 2,                            ! Bonds involving H are constrained        
ntf = 2,                            ! Bond interaction involving H are ommited.
                                                                               
cut = 10.0,                         ! Nonbonded cutoff                         
/                                                                              
&end                                                                           


Note: ig = -1. Setting random seed to   612797 based on wallclock time in 
      microseconds.
| irandom = 1, using AMBER's internal random number generator (default).
 
|--------------------- INFORMATION ----------------------
| GPU (CUDA) Version of PMEMD in use: NVIDIA GPU IN USE.
|                    Version 18.0.0
| 
|                      03/25/2018
| 
| Implementation by:
|                    Ross C. Walker     (SDSC)
|                    Scott Le Grand     (nVIDIA)
| 
| Version 18 performance extensions by:
|                    David Cerutti     (Rutgers)
| 
| Precision model in use:
|      [SPFP] - Single Precision Forces, 64-bit Fixed Point
|               Accumulation. (Default)
| 
|--------------------------------------------------------
 
|----------------- CITATION INFORMATION -----------------
|
|    When publishing work that utilized the CUDA version
|    of AMBER, please cite the following in addition to
|    the regular AMBER citations:
|
|  - Romelia Salomon-Ferrer; Andreas W. Goetz; Duncan
|    Poole; Scott Le Grand; Ross C. Walker "Routine
|    microsecond molecular dynamics simulations with
|    AMBER - Part II: Particle Mesh Ewald", J. Chem.
|    Theory Comput., 2013, 9 (9), pp3878-3888,
|    DOI: 10.1021/ct400314y.
|
|  - Andreas W. Goetz; Mark J. Williamson; Dong Xu;
|    Duncan Poole; Scott Le Grand; Ross C. Walker
|    "Routine microsecond molecular dynamics simulations
|    with AMBER - Part I: Generalized Born", J. Chem.
|    Theory Comput., 2012, 8 (5), pp1542-1555.
|
|  - Scott Le Grand; Andreas W. Goetz; Ross C. Walker
|    "SPFP: Speed without compromise - a mixed precision
|    model for GPU accelerated molecular dynamics
|    simulations.", Comp. Phys. Comm., 2013, 184
|    pp374-380, DOI: 10.1016/j.cpc.2012.09.022
|
|--------------------------------------------------------
 
|------------------- GPU DEVICE INFO --------------------
|
|            CUDA_VISIBLE_DEVICES: 0
|   CUDA Capable Devices Detected:      1
|           CUDA Device ID in use:      0
|                CUDA Device Name: GeForce GTX 1080 Ti
|     CUDA Device Global Mem Size:  11178 MB
| CUDA Device Num Multiprocessors:     28
|           CUDA Device Core Freq:   1.72 GHz
|
|--------------------------------------------------------
 
 
| Conditional Compilation Defines Used:
| PUBFFT
| BINTRAJ
| CUDA
| EMIL

| Largest sphere to fit in unit cell has radius =    27.137

| New format PARM file being parsed.
| Version =    1.000 Date = 04/14/18 Time = 19:54:59

| Note: 1-4 EEL scale factors are being read from the topology file.

| Note: 1-4 VDW scale factors are being read from the topology file.
| Duplicated    0 dihedrals

| Duplicated    0 dihedrals

--------------------------------------------------------------------------------
   1.  RESOURCE   USE: 
--------------------------------------------------------------------------------

 getting new box info from bottom of inpcrd
 NATOM  =   22707 NTYPES =      17 NBONH =   21487 MBONA  =    1237
 NTHETH =    2916 MTHETA =    1649 NPHIH =    5625 MPHIA  =    5085
 NHPARM =       0 NPARM  =       0 NNB   =   40734 NRES   =    6902
 NBONA  =    1237 NTHETA =    1649 NPHIA =    5085 NUMBND =      64
 NUMANG =     139 NPTRA  =     166 NATYP =      37 NPHB   =       1
 IFBOX  =       2 NMXRS  =      50 IFCAP =       0 NEXTRA =       0
 NCOPY  =       0

| Coordinate Index Table dimensions:    10   10   10
| Direct force subcell size =     6.6471    6.6471    6.6471

     BOX TYPE: TRUNCATED OCTAHEDRON

--------------------------------------------------------------------------------
   2.  CONTROL  DATA  FOR  THE  RUN
--------------------------------------------------------------------------------

default_name                                                                    

General flags:
     imin    =       0, nmropt  =       0

Nature and format of input:
     ntx     =       5, irest   =       1, ntrx    =       1

Nature and format of output:
     ntxo    =       1, ntpr    =     500, ntrx    =       1, ntwr    =     500
     iwrap   =       1, ntwx    =     500, ntwv    =       0, ntwe    =       0
     ioutfm  =       1, ntwprt  =       0, idecomp =       0, rbornstat=      0

Potential function:
     ntf     =       2, ntb     =       2, igb     =       0, nsnb    =      25
     ipol    =       0, gbsa    =       0, iesp    =       0
     dielc   =   1.00000, cut     =  10.00000, intdiel =   1.00000

Frozen or restrained atoms:
     ibelly  =       0, ntr     =       1
     restraint_wt =   0.30000

Molecular dynamics:
     nstlim  =     50000, nscm    =         0, nrespa  =         1
     t       =   0.00000, dt      =   0.00200, vlimit  =  -1.00000

Langevin dynamics temperature regulation:
     ig      =  612797
     temp0   = 300.00000, tempi   = 300.00000, gamma_ln=   5.00000

Pressure regulation:
     ntp     =       1
     pres0   =   1.00000, comp    =  44.60000, taup    =   1.00000

SHAKE:
     ntc     =       2, jfastw  =       0
     tol     =   0.00001

| Intermolecular bonds treatment:
|     no_intermolecular_bonds =       1

| Energy averages sample interval:
|     ene_avg_sampling =     500

Ewald parameters:
     verbose =       0, ew_type =       0, nbflag  =       1, use_pme =       1
     vdwmeth =       1, eedmeth =       1, netfrc  =       1
     Box X =   66.471   Box Y =   66.471   Box Z =   66.471
     Alpha =  109.471   Beta  =  109.471   Gamma =  109.471
     NFFT1 =   64       NFFT2 =   64       NFFT3 =   64
     Cutoff=   10.000   Tol   =0.100E-04
     Ewald Coefficient =  0.27511
     Interpolation order =    4

    LOADING THE CONSTRAINED ATOMS AS GROUPS


   5.  REFERENCE ATOM COORDINATES

  default_name                                                                    
     Mask :1-131@N,CA,C,O; matches   524 atoms

--------------------------------------------------------------------------------
   3.  ATOMIC COORDINATES AND VELOCITIES
--------------------------------------------------------------------------------

default_name                                                                    
 begin time read from input coords =  3400.000 ps

 
 Number of triangulated 3-point waters found:     6742

     Sum of charges from parm topology file =  -0.00100007
     Forcing neutrality...

| Dynamic Memory, Types Used:
| Reals             1110941
| Integers           905820

| Nonbonded Pairs Initial Allocation:     6868299

| GPU memory information (estimate):
| KB of GPU memory in use:         0
| KB of CPU memory in use:         0

--------------------------------------------------------------------------------
   4.  RESULTS
--------------------------------------------------------------------------------

wrapping first mol.:       22.16107       31.34048       54.28331
wrapping first mol.:       22.16107       31.34048       54.28331

 NSTEP =      500   TIME(PS) =    3401.000  TEMP(K) =   302.36  PRESS =  -297.5
 Etot   =    -54423.8436  EKtot   =     14009.9834  EPtot      =    -68433.8270
 BOND   =       422.8744  ANGLE   =      1211.2935  DIHED      =      1859.3006
 1-4 NB =       566.4803  1-4 EEL =      8849.0464  VDWAALS    =      7906.6660
 EELEC  =    -89271.0533  EHBOND  =         0.0000  RESTRAINT  =        21.5652
 EAMBER (non-restraint)  =    -68455.3922
 EKCMT  =      6112.7909  VIRIAL  =      7565.6525  VOLUME     =    226217.0972
                                                    Density    =         1.0194
 ------------------------------------------------------------------------------

wrapping first mol.:       22.15283       31.32883       54.26312
wrapping first mol.:       22.15283       31.32883       54.26312

 NSTEP =     1000   TIME(PS) =    3402.000  TEMP(K) =   299.98  PRESS =     1.1
 Etot   =    -54663.4272  EKtot   =     13899.8047  EPtot      =    -68563.2319
 BOND   =       458.2908  ANGLE   =      1198.8047  DIHED      =      1854.6825
 1-4 NB =       580.5662  1-4 EEL =      8875.5104  VDWAALS    =      8187.5001
 EELEC  =    -89742.3227  EHBOND  =         0.0000  RESTRAINT  =        23.7361
 EAMBER (non-restraint)  =    -68586.9680
 EKCMT  =      6068.3960  VIRIAL  =      6063.1385  VOLUME     =    225958.7675
                                                    Density    =         1.0206
 ------------------------------------------------------------------------------

wrapping first mol.:       22.15751       31.33545       54.27459
wrapping first mol.:       22.15751       31.33545       54.27459

 NSTEP =     1500   TIME(PS) =    3403.000  TEMP(K) =   301.43  PRESS =   -16.1
 Etot   =    -54523.3135  EKtot   =     13967.0645  EPtot      =    -68490.3780
 BOND   =       484.8479  ANGLE   =      1243.1046  DIHED      =      1904.3427
 1-4 NB =       571.5633  1-4 EEL =      8895.9924  VDWAALS    =      8157.1406
 EELEC  =    -89770.8388  EHBOND  =         0.0000  RESTRAINT  =        23.4693
 EAMBER (non-restraint)  =    -68513.8473
 EKCMT  =      6021.3138  VIRIAL  =      6100.0868  VOLUME     =    226102.4353
                                                    Density    =         1.0199
 ------------------------------------------------------------------------------

wrapping first mol.:       22.15028       31.32522       54.25687
wrapping first mol.:       22.15028       31.32522       54.25687

 NSTEP =     2000   TIME(PS) =    3404.000  TEMP(K) =   302.27  PRESS =    76.4
 Etot   =    -54334.2231  EKtot   =     14005.9492  EPtot      =    -68340.1724
 BOND   =       456.9142  ANGLE   =      1205.1310  DIHED      =      1861.2555
 1-4 NB =       568.7331  1-4 EEL =      8888.0694  VDWAALS    =      8026.6687
 EELEC  =    -89374.2787  EHBOND  =         0.0000  RESTRAINT  =        27.3344
 EAMBER (non-restraint)  =    -68367.5068
 EKCMT  =      6062.0840  VIRIAL  =      5689.5155  VOLUME     =    225879.1610
                                                    Density    =         1.0209
 ------------------------------------------------------------------------------

wrapping first mol.:       22.14960       31.32427       54.25522
wrapping first mol.:       22.14960       31.32427       54.25522

 NSTEP =     2500   TIME(PS) =    3405.000  TEMP(K) =   300.43  PRESS =  -188.5
 Etot   =    -54593.2756  EKtot   =     13920.4512  EPtot      =    -68513.7268
 BOND   =       444.3072  ANGLE   =      1206.8206  DIHED      =      1869.3196
 1-4 NB =       574.8329  1-4 EEL =      8877.8505  VDWAALS    =      8048.2753
 EELEC  =    -89556.8203  EHBOND  =         0.0000  RESTRAINT  =        21.6874
 EAMBER (non-restraint)  =    -68535.4142
 EKCMT  =      6014.5381  VIRIAL  =      6933.9907  VOLUME     =    225863.8969
                                                    Density    =         1.0210
 ------------------------------------------------------------------------------

wrapping first mol.:       22.16293       31.34312       54.28788
wrapping first mol.:       22.16293       31.34312       54.28788

 NSTEP =     3000   TIME(PS) =    3406.000  TEMP(K) =   295.40  PRESS =    33.7
 Etot   =    -54734.9057  EKtot   =     13687.6465  EPtot      =    -68422.5522
 BOND   =       462.7581  ANGLE   =      1183.4027  DIHED      =      1863.2044
 1-4 NB =       585.7691  1-4 EEL =      8866.7052  VDWAALS    =      8186.1144
 EELEC  =    -89593.2191  EHBOND  =         0.0000  RESTRAINT  =        22.7130
 EAMBER (non-restraint)  =    -68445.2652
 EKCMT  =      5972.0711  VIRIAL  =      5807.4225  VOLUME     =    226267.5216
                                                    Density    =         1.0192
 ------------------------------------------------------------------------------

wrapping first mol.:       22.15382       31.33023       54.26555
wrapping first mol.:       22.15382       31.33023       54.26555

 NSTEP =     3500   TIME(PS) =    3407.000  TEMP(K) =   299.24  PRESS =    52.2
 Etot   =    -54553.8953  EKtot   =     13865.2041  EPtot      =    -68419.0994
 BOND   =       445.1140  ANGLE   =      1161.9618  DIHED      =      1852.0723
 1-4 NB =       590.5460  1-4 EEL =      8935.3529  VDWAALS    =      8112.3443
 EELEC  =    -89540.8238  EHBOND  =         0.0000  RESTRAINT  =        24.3330
 EAMBER (non-restraint)  =    -68443.4324
 EKCMT  =      5929.0228  VIRIAL  =      5674.3101  VOLUME     =    225988.0607
                                                    Density    =         1.0204
 ------------------------------------------------------------------------------

wrapping first mol.:       22.15435       31.33099       54.26685
wrapping first mol.:       22.15435       31.33099       54.26685

 NSTEP =     4000   TIME(PS) =    3408.000  TEMP(K) =   302.41  PRESS =  -292.4
 Etot   =    -54345.9934  EKtot   =     14012.3691  EPtot      =    -68358.3625
 BOND   =       429.9036  ANGLE   =      1167.7929  DIHED      =      1866.8255
 1-4 NB =       577.6831  1-4 EEL =      8923.9570  VDWAALS    =      7832.9139
 EELEC  =    -89176.6806  EHBOND  =         0.0000  RESTRAINT  =        19.2421
 EAMBER (non-restraint)  =    -68377.6046
 EKCMT  =      6076.6702  VIRIAL  =      7503.6128  VOLUME     =    226011.3667
                                                    Density    =         1.0203
 ------------------------------------------------------------------------------

wrapping first mol.:       22.15118       31.32650       54.25909
wrapping first mol.:       22.15118       31.32650       54.25909

 NSTEP =     4500   TIME(PS) =    3409.000  TEMP(K) =   298.58  PRESS =    -4.8
 Etot   =    -54562.1059  EKtot   =     13834.8945  EPtot      =    -68397.0004
 BOND   =       448.3665  ANGLE   =      1204.1283  DIHED      =      1878.5479
 1-4 NB =       565.7540  1-4 EEL =      8856.7343  VDWAALS    =      8106.3371
 EELEC  =    -89481.5857  EHBOND  =         0.0000  RESTRAINT  =        24.7173
 EAMBER (non-restraint)  =    -68421.7176
 EKCMT  =      6017.7438  VIRIAL  =      6041.0908  VOLUME     =    225908.5875
                                                    Density    =         1.0208
 ------------------------------------------------------------------------------

wrapping first mol.:       22.15165       31.32716       54.26024
wrapping first mol.:       22.15165       31.32716       54.26024

 NSTEP =     5000   TIME(PS) =    3410.000  TEMP(K) =   304.07  PRESS =   164.5
 Etot   =    -54346.1009  EKtot   =     14089.2100  EPtot      =    -68435.3108
 BOND   =       451.3427  ANGLE   =      1198.4579  DIHED      =      1884.2739
 1-4 NB =       579.8173  1-4 EEL =      8892.2209  VDWAALS    =      8232.2551
 EELEC  =    -89698.6702  EHBOND  =         0.0000  RESTRAINT  =        24.9915
 EAMBER (non-restraint)  =    -68460.3024
 EKCMT  =      6191.0561  VIRIAL  =      5388.8000  VOLUME     =    225919.4674
                                                    Density    =         1.0207
 ------------------------------------------------------------------------------

wrapping first mol.:       22.16715       31.34908       54.29819
wrapping first mol.:       22.16715       31.34908       54.29819

 NSTEP =     5500   TIME(PS) =    3411.000  TEMP(K) =   299.14  PRESS =   -77.1
 Etot   =    -54511.1408  EKtot   =     13860.9180  EPtot      =    -68372.0588
 BOND   =       422.0789  ANGLE   =      1241.9703  DIHED      =      1849.8017
 1-4 NB =       587.5572  1-4 EEL =      8906.1015  VDWAALS    =      8034.6922
 EELEC  =    -89439.0028  EHBOND  =         0.0000  RESTRAINT  =        24.7423
 EAMBER (non-restraint)  =    -68396.8011
 EKCMT  =      6036.1509  VIRIAL  =      6412.9932  VOLUME     =    226398.7927
                                                    Density    =         1.0186
 ------------------------------------------------------------------------------

wrapping first mol.:       22.15957       31.33837       54.27964
wrapping first mol.:       22.15957       31.33837       54.27964

 NSTEP =     6000   TIME(PS) =    3412.000  TEMP(K) =   299.47  PRESS =    56.1
 Etot   =    -54547.5526  EKtot   =     13876.0332  EPtot      =    -68423.5858
 BOND   =       437.6530  ANGLE   =      1228.8755  DIHED      =      1861.3607
 1-4 NB =       563.9618  1-4 EEL =      8894.9687  VDWAALS    =      7993.1748
 EELEC  =    -89428.4519  EHBOND  =         0.0000  RESTRAINT  =        24.8715
 EAMBER (non-restraint)  =    -68448.4574
 EKCMT  =      6050.8893  VIRIAL  =      5777.0482  VOLUME     =    226164.1376
                                                    Density    =         1.0196
 ------------------------------------------------------------------------------

wrapping first mol.:       22.14093       31.31201       54.23398
wrapping first mol.:       22.14093       31.31201       54.23398

 NSTEP =     6500   TIME(PS) =    3413.000  TEMP(K) =   301.27  PRESS =    92.5
 Etot   =    -54480.2417  EKtot   =     13959.6475  EPtot      =    -68439.8891
 BOND   =       412.7624  ANGLE   =      1168.8820  DIHED      =      1846.0033
 1-4 NB =       584.4727  1-4 EEL =      8912.6310  VDWAALS    =      8012.7498
 EELEC  =    -89403.1960  EHBOND  =         0.0000  RESTRAINT  =        25.8058
 EAMBER (non-restraint)  =    -68465.6949
 EKCMT  =      6036.7028  VIRIAL  =      5585.9917  VOLUME     =    225593.1519
                                                    Density    =         1.0222
 ------------------------------------------------------------------------------

wrapping first mol.:       22.13593       31.30493       54.22172
wrapping first mol.:       22.13593       31.30493       54.22172

 NSTEP =     7000   TIME(PS) =    3414.000  TEMP(K) =   298.51  PRESS =   -82.6
 Etot   =    -54460.3982  EKtot   =     13831.3955  EPtot      =    -68291.7937
 BOND   =       475.5388  ANGLE   =      1231.0555  DIHED      =      1847.5873
 1-4 NB =       582.7183  1-4 EEL =      8893.7902  VDWAALS    =      8120.5486
 EELEC  =    -89468.7150  EHBOND  =         0.0000  RESTRAINT  =        25.6826
 EAMBER (non-restraint)  =    -68317.4763
 EKCMT  =      6093.0182  VIRIAL  =      6494.9108  VOLUME     =    225443.7045
                                                    Density    =         1.0229
 ------------------------------------------------------------------------------

wrapping first mol.:       22.13808       31.30797       54.22699
wrapping first mol.:       22.13808       31.30797       54.22699

 NSTEP =     7500   TIME(PS) =    3415.000  TEMP(K) =   299.83  PRESS =  -189.0
 Etot   =    -54521.8651  EKtot   =     13892.9346  EPtot      =    -68414.7997
 BOND   =       436.5776  ANGLE   =      1249.1159  DIHED      =      1888.2666
 1-4 NB =       581.4502  1-4 EEL =      8886.5120  VDWAALS    =      8026.4321
 EELEC  =    -89507.6344  EHBOND  =         0.0000  RESTRAINT  =        24.4802
 EAMBER (non-restraint)  =    -68439.2799
 EKCMT  =      6057.7199  VIRIAL  =      6977.8070  VOLUME     =    225511.5953
                                                    Density    =         1.0226
 ------------------------------------------------------------------------------

wrapping first mol.:       22.15294       31.32898       54.26338
wrapping first mol.:       22.15294       31.32898       54.26338

 NSTEP =     8000   TIME(PS) =    3416.000  TEMP(K) =   301.29  PRESS =    15.3
 Etot   =    -54312.7767  EKtot   =     13960.5244  EPtot      =    -68273.3011
 BOND   =       453.0878  ANGLE   =      1223.1477  DIHED      =      1860.4135
 1-4 NB =       570.0258  1-4 EEL =      8889.0225  VDWAALS    =      7981.0295
 EELEC  =    -89278.9555  EHBOND  =         0.0000  RESTRAINT  =        28.9276
 EAMBER (non-restraint)  =    -68302.2287
 EKCMT  =      6025.2225  VIRIAL  =      5950.5798  VOLUME     =    225961.7801
                                                    Density    =         1.0205
 ------------------------------------------------------------------------------

wrapping first mol.:       22.16134       31.34087       54.28397
wrapping first mol.:       22.16134       31.34087       54.28397

 NSTEP =     8500   TIME(PS) =    3417.000  TEMP(K) =   300.61  PRESS =   163.3
 Etot   =    -54333.7765  EKtot   =     13929.0781  EPtot      =    -68262.8546
 BOND   =       483.8909  ANGLE   =      1239.8758  DIHED      =      1840.9178
 1-4 NB =       573.4663  1-4 EEL =      8889.1720  VDWAALS    =      8265.1467
 EELEC  =    -89581.9750  EHBOND  =         0.0000  RESTRAINT  =        26.6509
 EAMBER (non-restraint)  =    -68289.5055
 EKCMT  =      6025.2065  VIRIAL  =      5227.5453  VOLUME     =    226216.0512
                                                    Density    =         1.0194
 ------------------------------------------------------------------------------

wrapping first mol.:       22.15389       31.33033       54.26571
wrapping first mol.:       22.15389       31.33033       54.26571

 NSTEP =     9000   TIME(PS) =    3418.000  TEMP(K) =   302.27  PRESS =   148.6
 Etot   =    -54369.2414  EKtot   =     14005.6582  EPtot      =    -68374.8996
 BOND   =       480.0197  ANGLE   =      1211.0104  DIHED      =      1871.3950
 1-4 NB =       560.0797  1-4 EEL =      8866.4637  VDWAALS    =      8111.1856
 EELEC  =    -89500.1281  EHBOND  =         0.0000  RESTRAINT  =        25.0744
 EAMBER (non-restraint)  =    -68399.9740
 EKCMT  =      6077.3702  VIRIAL  =      5352.1013  VOLUME     =    225988.2173
                                                    Density    =         1.0204
 ------------------------------------------------------------------------------

wrapping first mol.:       22.16793       31.35019       54.30011
wrapping first mol.:       22.16793       31.35019       54.30011

 NSTEP =     9500   TIME(PS) =    3419.000  TEMP(K) =   301.32  PRESS =    91.4
 Etot   =    -54450.5234  EKtot   =     13961.5537  EPtot      =    -68412.0771
 BOND   =       438.5935  ANGLE   =      1175.3824  DIHED      =      1868.3726
 1-4 NB =       571.9884  1-4 EEL =      8910.1444  VDWAALS    =      8239.9036
 EELEC  =    -89641.4441  EHBOND  =         0.0000  RESTRAINT  =        24.9822
 EAMBER (non-restraint)  =    -68437.0593
 EKCMT  =      6158.3763  VIRIAL  =      5711.5986  VOLUME     =    226419.4247
                                                    Density    =         1.0185
 ------------------------------------------------------------------------------

wrapping first mol.:       22.16054       31.33974       54.28201
wrapping first mol.:       22.16054       31.33974       54.28201

 NSTEP =    10000   TIME(PS) =    3420.000  TEMP(K) =   301.04  PRESS =  -318.4
 Etot   =    -54545.9080  EKtot   =     13948.5732  EPtot      =    -68494.4812
 BOND   =       430.6078  ANGLE   =      1233.0795  DIHED      =      1865.0095
 1-4 NB =       561.5055  1-4 EEL =      8899.8653  VDWAALS    =      7960.4969
 EELEC  =    -89471.8762  EHBOND  =         0.0000  RESTRAINT  =        26.8306
 EAMBER (non-restraint)  =    -68521.3119
 EKCMT  =      6029.0584  VIRIAL  =      7583.8728  VOLUME     =    226201.3125
                                                    Density    =         1.0195
 ------------------------------------------------------------------------------

wrapping first mol.:       22.15138       31.32678       54.25957
wrapping first mol.:       22.15138       31.32678       54.25957

 NSTEP =    10500   TIME(PS) =    3421.000  TEMP(K) =   301.00  PRESS =     5.0
 Etot   =    -54278.9354  EKtot   =     13946.7559  EPtot      =    -68225.6913
 BOND   =       419.6065  ANGLE   =      1180.4253  DIHED      =      1857.6552
 1-4 NB =       586.8557  1-4 EEL =      8934.5712  VDWAALS    =      8076.5524
 EELEC  =    -89308.3204  EHBOND  =         0.0000  RESTRAINT  =        26.9630
 EAMBER (non-restraint)  =    -68252.6542
 EKCMT  =      6048.6712  VIRIAL  =      6024.0498  VOLUME     =    225914.3448
                                                    Density    =         1.0208
 ------------------------------------------------------------------------------

wrapping first mol.:       22.15115       31.32645       54.25900
wrapping first mol.:       22.15115       31.32645       54.25900

 NSTEP =    11000   TIME(PS) =    3422.000  TEMP(K) =   301.33  PRESS =    -7.7
 Etot   =    -54473.4132  EKtot   =     13962.1064  EPtot      =    -68435.5197
 BOND   =       462.4954  ANGLE   =      1201.8190  DIHED      =      1856.2770
 1-4 NB =       557.8300  1-4 EEL =      8883.3557  VDWAALS    =      8009.1836
 EELEC  =    -89430.7627  EHBOND  =         0.0000  RESTRAINT  =        24.2824
 EAMBER (non-restraint)  =    -68459.8021
 EKCMT  =      6129.3606  VIRIAL  =      6166.8485  VOLUME     =    225907.5548
                                                    Density    =         1.0208
 ------------------------------------------------------------------------------

wrapping first mol.:       22.15316       31.32930       54.26394
wrapping first mol.:       22.15316       31.32930       54.26394

 NSTEP =    11500   TIME(PS) =    3423.000  TEMP(K) =   295.45  PRESS =    32.5
 Etot   =    -54796.6092  EKtot   =     13689.8848  EPtot      =    -68486.4940
 BOND   =       461.9383  ANGLE   =      1194.4308  DIHED      =      1881.1015
 1-4 NB =       573.4882  1-4 EEL =      8894.0146  VDWAALS    =      8220.3744
 EELEC  =    -89738.5923  EHBOND  =         0.0000  RESTRAINT  =        26.7505
 EAMBER (non-restraint)  =    -68513.2444
 EKCMT  =      5958.2833  VIRIAL  =      5799.6585  VOLUME     =    225968.4125
                                                    Density    =         1.0205
 ------------------------------------------------------------------------------

wrapping first mol.:       22.15177       31.32733       54.26053
wrapping first mol.:       22.15177       31.32733       54.26053

 NSTEP =    12000   TIME(PS) =    3424.000  TEMP(K) =   301.21  PRESS =   -10.8
 Etot   =    -54358.8653  EKtot   =     13956.7480  EPtot      =    -68315.6133
 BOND   =       462.2611  ANGLE   =      1239.5361  DIHED      =      1873.2292
 1-4 NB =       585.5434  1-4 EEL =      8897.9229  VDWAALS    =      8053.0831
 EELEC  =    -89452.4953  EHBOND  =         0.0000  RESTRAINT  =        25.3061
 EAMBER (non-restraint)  =    -68340.9195
 EKCMT  =      6019.8418  VIRIAL  =      6072.3697  VOLUME     =    225926.6467
                                                    Density    =         1.0207
 ------------------------------------------------------------------------------

wrapping first mol.:       22.15089       31.32609       54.25838
wrapping first mol.:       22.15089       31.32609       54.25838

 NSTEP =    12500   TIME(PS) =    3425.000  TEMP(K) =   299.50  PRESS =   184.0
 Etot   =    -54482.8636  EKtot   =     13877.2334  EPtot      =    -68360.0970
 BOND   =       438.3928  ANGLE   =      1268.2028  DIHED      =      1888.0363
 1-4 NB =       575.3023  1-4 EEL =      8888.9333  VDWAALS    =      8248.7972
 EELEC  =    -89699.7489  EHBOND  =         0.0000  RESTRAINT  =        31.9872
 EAMBER (non-restraint)  =    -68392.0842
 EKCMT  =      6055.3102  VIRIAL  =      5158.0170  VOLUME     =    225895.8368
                                                    Density    =         1.0208
 ------------------------------------------------------------------------------

wrapping first mol.:       22.17771       31.36401       54.32406
wrapping first mol.:       22.17771       31.36401       54.32406

 NSTEP =    13000   TIME(PS) =    3426.000  TEMP(K) =   299.97  PRESS =    -8.4
 Etot   =    -54069.9908  EKtot   =     13899.2607  EPtot      =    -67969.2515
 BOND   =       437.2843  ANGLE   =      1231.2697  DIHED      =      1884.6756
 1-4 NB =       582.2237  1-4 EEL =      8907.8338  VDWAALS    =      8013.4119
 EELEC  =    -89057.8488  EHBOND  =         0.0000  RESTRAINT  =        31.8983
 EAMBER (non-restraint)  =    -68001.1498
 EKCMT  =      6063.0853  VIRIAL  =      6104.0589  VOLUME     =    226721.1458
                                                    Density    =         1.0171
 ------------------------------------------------------------------------------

wrapping first mol.:       22.16683       31.34863       54.29742
wrapping first mol.:       22.16683       31.34863       54.29742

 NSTEP =    13500   TIME(PS) =    3427.000  TEMP(K) =   297.90  PRESS =   212.5
 Etot   =    -54372.9149  EKtot   =     13803.1807  EPtot      =    -68176.0955
 BOND   =       490.0137  ANGLE   =      1206.8706  DIHED      =      1864.3212
 1-4 NB =       558.8107  1-4 EEL =      8898.7358  VDWAALS    =      8080.9761
 EELEC  =    -89301.4492  EHBOND  =         0.0000  RESTRAINT  =        25.6256
 EAMBER (non-restraint)  =    -68201.7211
 EKCMT  =      6047.3767  VIRIAL  =      5008.6164  VOLUME     =    226383.3209
                                                    Density    =         1.0186
 ------------------------------------------------------------------------------

wrapping first mol.:       22.17525       31.36054       54.31805
wrapping first mol.:       22.17525       31.36054       54.31805

 NSTEP =    14000   TIME(PS) =    3428.000  TEMP(K) =   297.90  PRESS =  -100.4
 Etot   =    -54622.2053  EKtot   =     13803.1035  EPtot      =    -68425.3088
 BOND   =       452.8807  ANGLE   =      1183.1480  DIHED      =      1869.5746
 1-4 NB =       571.2995  1-4 EEL =      8901.5590  VDWAALS    =      8132.3919
 EELEC  =    -89559.9723  EHBOND  =         0.0000  RESTRAINT  =        23.8097
 EAMBER (non-restraint)  =    -68449.1186
 EKCMT  =      5955.9623  VIRIAL  =      6447.3863  VOLUME     =    226647.7455
                                                    Density    =         1.0175
 ------------------------------------------------------------------------------

wrapping first mol.:       22.15467       31.33143       54.26763
wrapping first mol.:       22.15467       31.33143       54.26763

 NSTEP =    14500   TIME(PS) =    3429.000  TEMP(K) =   300.64  PRESS =   118.3
 Etot   =    -54332.7695  EKtot   =     13930.4160  EPtot      =    -68263.1855
 BOND   =       432.6459  ANGLE   =      1229.4077  DIHED      =      1884.6931
 1-4 NB =       568.2474  1-4 EEL =      8887.3506  VDWAALS    =      8314.1802
 EELEC  =    -89604.5105  EHBOND  =         0.0000  RESTRAINT  =        24.8001
 EAMBER (non-restraint)  =    -68287.9856
 EKCMT  =      6129.3148  VIRIAL  =      5551.9623  VOLUME     =    226012.7490
                                                    Density    =         1.0203
 ------------------------------------------------------------------------------

wrapping first mol.:       22.15665       31.33423       54.27248
wrapping first mol.:       22.15665       31.33423       54.27248

 NSTEP =    15000   TIME(PS) =    3430.000  TEMP(K) =   302.13  PRESS =    -9.8
 Etot   =    -54482.3762  EKtot   =     13999.4717  EPtot      =    -68481.8479
 BOND   =       434.3320  ANGLE   =      1182.2888  DIHED      =      1872.8214
 1-4 NB =       572.7509  1-4 EEL =      8844.3771  VDWAALS    =      8137.1826
 EELEC  =    -89555.8071  EHBOND  =         0.0000  RESTRAINT  =        30.2064
 EAMBER (non-restraint)  =    -68512.0543
 EKCMT  =      6139.3996  VIRIAL  =      6187.1787  VOLUME     =    226075.9111
                                                    Density    =         1.0200
 ------------------------------------------------------------------------------

wrapping first mol.:       22.13891       31.30914       54.22902
wrapping first mol.:       22.13891       31.30914       54.22902

 NSTEP =    15500   TIME(PS) =    3431.000  TEMP(K) =   298.05  PRESS =  -151.2
 Etot   =    -54689.0939  EKtot   =     13810.4580  EPtot      =    -68499.5519
 BOND   =       456.3655  ANGLE   =      1193.4111  DIHED      =      1849.9914
 1-4 NB =       572.8119  1-4 EEL =      8884.7408  VDWAALS    =      8131.7701
 EELEC  =    -89613.2370  EHBOND  =         0.0000  RESTRAINT  =        24.5942
 EAMBER (non-restraint)  =    -68524.1461
 EKCMT  =      5973.1114  VIRIAL  =      6709.5483  VOLUME     =    225536.0932
                                                    Density    =         1.0225
 ------------------------------------------------------------------------------

wrapping first mol.:       22.13852       31.30860       54.22808
wrapping first mol.:       22.13852       31.30860       54.22808

 NSTEP =    16000   TIME(PS) =    3432.000  TEMP(K) =   300.37  PRESS =  -141.0
 Etot   =    -54655.9917  EKtot   =     13917.8164  EPtot      =    -68573.8081
 BOND   =       434.1003  ANGLE   =      1204.4528  DIHED      =      1856.0034
 1-4 NB =       568.3712  1-4 EEL =      8933.5685  VDWAALS    =      7897.5698
 EELEC  =    -89498.3963  EHBOND  =         0.0000  RESTRAINT  =        30.5221
 EAMBER (non-restraint)  =    -68604.3302
 EKCMT  =      5995.8640  VIRIAL  =      6682.5726  VOLUME     =    225524.1523
                                                    Density    =         1.0225
 ------------------------------------------------------------------------------

wrapping first mol.:       22.14347       31.31559       54.24019
wrapping first mol.:       22.14347       31.31559       54.24019

 NSTEP =    16500   TIME(PS) =    3433.000  TEMP(K) =   302.95  PRESS =   -68.6
 Etot   =    -54521.8987  EKtot   =     14037.5176  EPtot      =    -68559.4163
 BOND   =       437.0743  ANGLE   =      1208.0996  DIHED      =      1881.4285
 1-4 NB =       569.1703  1-4 EEL =      8887.7112  VDWAALS    =      8048.4487
 EELEC  =    -89618.5228  EHBOND  =         0.0000  RESTRAINT  =        27.1738
 EAMBER (non-restraint)  =    -68586.5901
 EKCMT  =      6148.7775  VIRIAL  =      6482.9246  VOLUME     =    225673.8750
                                                    Density    =         1.0218
 ------------------------------------------------------------------------------

wrapping first mol.:       22.14401       31.31636       54.24152
wrapping first mol.:       22.14401       31.31636       54.24152

 NSTEP =    17000   TIME(PS) =    3434.000  TEMP(K) =   303.88  PRESS =   198.1
 Etot   =    -54201.7078  EKtot   =     14080.5635  EPtot      =    -68282.2712
 BOND   =       451.3865  ANGLE   =      1217.3658  DIHED      =      1874.5168
 1-4 NB =       573.1470  1-4 EEL =      8905.9155  VDWAALS    =      8159.8356
 EELEC  =    -89494.4178  EHBOND  =         0.0000  RESTRAINT  =        29.9794
 EAMBER (non-restraint)  =    -68312.2506
 EKCMT  =      6172.0167  VIRIAL  =      5206.8746  VOLUME     =    225685.0545
                                                    Density    =         1.0218
 ------------------------------------------------------------------------------

wrapping first mol.:       22.14279       31.31463       54.23852
wrapping first mol.:       22.14279       31.31463       54.23852

 NSTEP =    17500   TIME(PS) =    3435.000  TEMP(K) =   301.10  PRESS =  -393.5
 Etot   =    -54558.8275  EKtot   =     13951.6719  EPtot      =    -68510.4994
 BOND   =       449.5684  ANGLE   =      1219.9520  DIHED      =      1862.7910
 1-4 NB =       565.2849  1-4 EEL =      8892.2360  VDWAALS    =      7978.0020
 EELEC  =    -89503.6068  EHBOND  =         0.0000  RESTRAINT  =        25.2731
 EAMBER (non-restraint)  =    -68535.7725
 EKCMT  =      6070.1991  VIRIAL  =      7987.3790  VOLUME     =    225659.6135
                                                    Density    =         1.0219
 ------------------------------------------------------------------------------

wrapping first mol.:       22.14422       31.31666       54.24204
wrapping first mol.:       22.14422       31.31666       54.24204

 NSTEP =    18000   TIME(PS) =    3436.000  TEMP(K) =   302.86  PRESS =  -115.6
 Etot   =    -54554.0097  EKtot   =     14033.2822  EPtot      =    -68587.2919
 BOND   =       426.8722  ANGLE   =      1195.0314  DIHED      =      1858.3165
 1-4 NB =       571.8130  1-4 EEL =      8883.5348  VDWAALS    =      8021.4441
 EELEC  =    -89566.8556  EHBOND  =         0.0000  RESTRAINT  =        22.5516
 EAMBER (non-restraint)  =    -68609.8436
 EKCMT  =      6152.2154  VIRIAL  =      6715.7080  VOLUME     =    225697.9567
                                                    Density    =         1.0217
 ------------------------------------------------------------------------------

wrapping first mol.:       22.13634       31.30551       54.22273
wrapping first mol.:       22.13634       31.30551       54.22273

 NSTEP =    18500   TIME(PS) =    3437.000  TEMP(K) =   300.59  PRESS =    56.8
 Etot   =    -54637.8907  EKtot   =     13927.8555  EPtot      =    -68565.7461
 BOND   =       469.4050  ANGLE   =      1171.3724  DIHED      =      1858.0376
 1-4 NB =       576.4801  1-4 EEL =      8891.8108  VDWAALS    =      8041.3728
 EELEC  =    -89599.8881  EHBOND  =         0.0000  RESTRAINT  =        25.6633
 EAMBER (non-restraint)  =    -68591.4094
 EKCMT  =      6054.5944  VIRIAL  =      5777.9945  VOLUME     =    225453.4152
                                                    Density    =         1.0228
 ------------------------------------------------------------------------------

wrapping first mol.:       22.14699       31.32057       54.24881
wrapping first mol.:       22.14699       31.32057       54.24881

 NSTEP =    19000   TIME(PS) =    3438.000  TEMP(K) =   303.89  PRESS =  -243.6
 Etot   =    -54242.9819  EKtot   =     14080.6328  EPtot      =    -68323.6147
 BOND   =       481.1866  ANGLE   =      1168.9284  DIHED      =      1882.4874
 1-4 NB =       574.2904  1-4 EEL =      8860.2456  VDWAALS    =      7911.3737
 EELEC  =    -89227.0539  EHBOND  =         0.0000  RESTRAINT  =        24.9270
 EAMBER (non-restraint)  =    -68348.5418
 EKCMT  =      6134.1057  VIRIAL  =      7321.6602  VOLUME     =    225785.0094
                                                    Density    =         1.0213
 ------------------------------------------------------------------------------

wrapping first mol.:       22.13965       31.31019       54.23084
wrapping first mol.:       22.13965       31.31019       54.23084

 NSTEP =    19500   TIME(PS) =    3439.000  TEMP(K) =   297.84  PRESS =   -90.9
 Etot   =    -54564.4075  EKtot   =     13800.6875  EPtot      =    -68365.0950
 BOND   =       490.3830  ANGLE   =      1239.8859  DIHED      =      1868.1929
 1-4 NB =       562.4091  1-4 EEL =      8838.5001  VDWAALS    =      8027.0223
 EELEC  =    -89415.7510  EHBOND  =         0.0000  RESTRAINT  =        24.2626
 EAMBER (non-restraint)  =    -68389.3577
 EKCMT  =      6073.2466  VIRIAL  =      6515.9596  VOLUME     =    225557.6615
                                                    Density    =         1.0224
 ------------------------------------------------------------------------------

wrapping first mol.:       22.16111       31.34054       54.28341
wrapping first mol.:       22.16111       31.34054       54.28341

 NSTEP =    20000   TIME(PS) =    3440.000  TEMP(K) =   297.21  PRESS =   218.5
 Etot   =    -54506.8374  EKtot   =     13771.1592  EPtot      =    -68277.9966
 BOND   =       437.0876  ANGLE   =      1237.8946  DIHED      =      1852.7165
 1-4 NB =       582.2820  1-4 EEL =      8880.2652  VDWAALS    =      8133.6983
 EELEC  =    -89427.0154  EHBOND  =         0.0000  RESTRAINT  =        25.0745
 EAMBER (non-restraint)  =    -68303.0711
 EKCMT  =      5931.3931  VIRIAL  =      4864.0389  VOLUME     =    226207.9782
                                                    Density    =         1.0194
 ------------------------------------------------------------------------------

wrapping first mol.:       22.16029       31.33939       54.28141
wrapping first mol.:       22.16029       31.33939       54.28141

 NSTEP =    20500   TIME(PS) =    3441.000  TEMP(K) =   301.57  PRESS =   137.0
 Etot   =    -54042.4926  EKtot   =     13973.4453  EPtot      =    -68015.9379
 BOND   =       462.2224  ANGLE   =      1242.4396  DIHED      =      1873.8344
 1-4 NB =       575.2290  1-4 EEL =      8882.4661  VDWAALS    =      8278.5222
 EELEC  =    -89355.3515  EHBOND  =         0.0000  RESTRAINT  =        24.7000
 EAMBER (non-restraint)  =    -68040.6379
 EKCMT  =      6037.9444  VIRIAL  =      5369.0707  VOLUME     =    226184.5531
                                                    Density    =         1.0195
 ------------------------------------------------------------------------------

wrapping first mol.:       22.14940       31.32398       54.25471
wrapping first mol.:       22.14940       31.32398       54.25471

 NSTEP =    21000   TIME(PS) =    3442.000  TEMP(K) =   297.12  PRESS =  -108.3
 Etot   =    -54609.3307  EKtot   =     13767.3105  EPtot      =    -68376.6412
 BOND   =       421.3981  ANGLE   =      1266.3052  DIHED      =      1876.2547
 1-4 NB =       593.9396  1-4 EEL =      8941.2940  VDWAALS    =      8131.0629
 EELEC  =    -89635.8504  EHBOND  =         0.0000  RESTRAINT  =        28.9548
 EAMBER (non-restraint)  =    -68405.5960
 EKCMT  =      5962.6656  VIRIAL  =      6490.8695  VOLUME     =    225855.9786
                                                    Density    =         1.0210
 ------------------------------------------------------------------------------

wrapping first mol.:       22.14078       31.31180       54.23362
wrapping first mol.:       22.14078       31.31180       54.23362

 NSTEP =    21500   TIME(PS) =    3443.000  TEMP(K) =   298.87  PRESS =  -158.8
 Etot   =    -54520.6585  EKtot   =     13848.0879  EPtot      =    -68368.7463
 BOND   =       476.2511  ANGLE   =      1185.0377  DIHED      =      1857.6272
 1-4 NB =       578.1451  1-4 EEL =      8890.9005  VDWAALS    =      7902.2586
 EELEC  =    -89284.9731  EHBOND  =         0.0000  RESTRAINT  =        26.0066
 EAMBER (non-restraint)  =    -68394.7529
 EKCMT  =      5947.5049  VIRIAL  =      6720.9766  VOLUME     =    225593.6467
                                                    Density    =         1.0222
 ------------------------------------------------------------------------------

wrapping first mol.:       22.14989       31.32468       54.25593
wrapping first mol.:       22.14989       31.32468       54.25593

 NSTEP =    22000   TIME(PS) =    3444.000  TEMP(K) =   300.03  PRESS =    81.3
 Etot   =    -54437.9148  EKtot   =     13901.8203  EPtot      =    -68339.7351
 BOND   =       442.5580  ANGLE   =      1221.3106  DIHED      =      1862.9798
 1-4 NB =       577.0007  1-4 EEL =      8944.8853  VDWAALS    =      7959.8743
 EELEC  =    -89378.5878  EHBOND  =         0.0000  RESTRAINT  =        30.2440
 EAMBER (non-restraint)  =    -68369.9791
 EKCMT  =      5973.0414  VIRIAL  =      5576.3845  VOLUME     =    225867.4007
                                                    Density    =         1.0210
 ------------------------------------------------------------------------------

wrapping first mol.:       22.14699       31.32057       54.24881
wrapping first mol.:       22.14699       31.32057       54.24881

 NSTEP =    22500   TIME(PS) =    3445.000  TEMP(K) =   302.76  PRESS =   290.4
 Etot   =    -54382.7214  EKtot   =     14028.4443  EPtot      =    -68411.1657
 BOND   =       436.4637  ANGLE   =      1235.4119  DIHED      =      1873.8726
 1-4 NB =       568.1914  1-4 EEL =      8867.4474  VDWAALS    =      8246.7551
 EELEC  =    -89666.8724  EHBOND  =         0.0000  RESTRAINT  =        27.5646
 EAMBER (non-restraint)  =    -68438.7303
 EKCMT  =      6118.6756  VIRIAL  =      4702.8399  VOLUME     =    225774.2438
                                                    Density    =         1.0214
 ------------------------------------------------------------------------------

wrapping first mol.:       22.14246       31.31417       54.23773
wrapping first mol.:       22.14246       31.31417       54.23773

 NSTEP =    23000   TIME(PS) =    3446.000  TEMP(K) =   301.06  PRESS =   -65.5
 Etot   =    -54534.1614  EKtot   =     13949.8320  EPtot      =    -68483.9934
 BOND   =       464.4371  ANGLE   =      1248.9999  DIHED      =      1890.0233
 1-4 NB =       569.2942  1-4 EEL =      8898.1285  VDWAALS    =      8099.4982
 EELEC  =    -89681.0238  EHBOND  =         0.0000  RESTRAINT  =        26.6493
 EAMBER (non-restraint)  =    -68510.6427
 EKCMT  =      6073.3092  VIRIAL  =      6392.6002  VOLUME     =    225643.0560
                                                    Density    =         1.0220
 ------------------------------------------------------------------------------

wrapping first mol.:       22.14316       31.31516       54.23945
wrapping first mol.:       22.14316       31.31516       54.23945

 NSTEP =    23500   TIME(PS) =    3447.000  TEMP(K) =   301.21  PRESS =   144.0
 Etot   =    -54792.2089  EKtot   =     13956.5312  EPtot      =    -68748.7402
 BOND   =       451.2713  ANGLE   =      1189.4420  DIHED      =      1842.0320
 1-4 NB =       584.4627  1-4 EEL =      8902.9557  VDWAALS    =      8180.3284
 EELEC  =    -89920.9056  EHBOND  =         0.0000  RESTRAINT  =        21.6734
 EAMBER (non-restraint)  =    -68770.4135
 EKCMT  =      6114.5199  VIRIAL  =      5412.9915  VOLUME     =    225660.3300
                                                    Density    =         1.0219
 ------------------------------------------------------------------------------

wrapping first mol.:       22.15029       31.32523       54.25689
wrapping first mol.:       22.15029       31.32523       54.25689

 NSTEP =    24000   TIME(PS) =    3448.000  TEMP(K) =   297.61  PRESS =   -38.5
 Etot   =    -54717.4362  EKtot   =     13789.6670  EPtot      =    -68507.1032
 BOND   =       440.9752  ANGLE   =      1251.1922  DIHED      =      1866.2446
 1-4 NB =       575.5017  1-4 EEL =      8862.4403  VDWAALS    =      8115.0408
 EELEC  =    -89647.7416  EHBOND  =         0.0000  RESTRAINT  =        29.2435
 EAMBER (non-restraint)  =    -68536.3467
 EKCMT  =      5961.1107  VIRIAL  =      6149.0816  VOLUME     =    225881.7780
                                                    Density    =         1.0209
 ------------------------------------------------------------------------------

wrapping first mol.:       22.16503       31.34608       54.29300
wrapping first mol.:       22.16503       31.34608       54.29300

 NSTEP =    24500   TIME(PS) =    3449.000  TEMP(K) =   301.78  PRESS =   151.9
 Etot   =    -54134.3487  EKtot   =     13982.9072  EPtot      =    -68117.2559
 BOND   =       484.2001  ANGLE   =      1221.3327  DIHED      =      1853.0151
 1-4 NB =       585.8310  1-4 EEL =      8904.1885  VDWAALS    =      8219.2652
 EELEC  =    -89412.0010  EHBOND  =         0.0000  RESTRAINT  =        26.9126
 EAMBER (non-restraint)  =    -68144.1685
 EKCMT  =      6129.0842  VIRIAL  =      5386.7994  VOLUME     =    226329.1909
                                                    Density    =         1.0189
 ------------------------------------------------------------------------------

wrapping first mol.:       22.14428       31.31674       54.24218
wrapping first mol.:       22.14428       31.31674       54.24218

 NSTEP =    25000   TIME(PS) =    3450.000  TEMP(K) =   298.18  PRESS =    45.6
 Etot   =    -54282.1723  EKtot   =     13816.3730  EPtot      =    -68098.5454
 BOND   =       462.9542  ANGLE   =      1223.3751  DIHED      =      1888.1029
 1-4 NB =       576.8827  1-4 EEL =      8877.4055  VDWAALS    =      8060.0205
 EELEC  =    -89210.9996  EHBOND  =         0.0000  RESTRAINT  =        23.7134
 EAMBER (non-restraint)  =    -68122.2588
 EKCMT  =      5965.8887  VIRIAL  =      5743.5035  VOLUME     =    225696.4414
                                                    Density    =         1.0217
 ------------------------------------------------------------------------------

wrapping first mol.:       22.14285       31.31472       54.23868
wrapping first mol.:       22.14285       31.31472       54.23868

 NSTEP =    25500   TIME(PS) =    3451.000  TEMP(K) =   299.45  PRESS =   197.8
 Etot   =    -54512.5920  EKtot   =     13875.0889  EPtot      =    -68387.6809
 BOND   =       458.2709  ANGLE   =      1203.1863  DIHED      =      1874.8981
 1-4 NB =       569.4646  1-4 EEL =      8864.1405  VDWAALS    =      8102.1455
 EELEC  =    -89488.9414  EHBOND  =         0.0000  RESTRAINT  =        29.1547
 EAMBER (non-restraint)  =    -68416.8356
 EKCMT  =      5966.6409  VIRIAL  =      5002.8374  VOLUME     =    225649.7100
                                                    Density    =         1.0220
 ------------------------------------------------------------------------------

wrapping first mol.:       22.14059       31.31152       54.23313
wrapping first mol.:       22.14059       31.31152       54.23313

 NSTEP =    26000   TIME(PS) =    3452.000  TEMP(K) =   299.60  PRESS =   166.5
 Etot   =    -54391.7895  EKtot   =     13882.1494  EPtot      =    -68273.9390
 BOND   =       460.8526  ANGLE   =      1199.8618  DIHED      =      1882.6150
 1-4 NB =       579.7090  1-4 EEL =      8877.3155  VDWAALS    =      8112.2090
 EELEC  =    -89411.3399  EHBOND  =         0.0000  RESTRAINT  =        24.8381
 EAMBER (non-restraint)  =    -68298.7771
 EKCMT  =      6142.4119  VIRIAL  =      5331.5793  VOLUME     =    225581.0782
                                                    Density    =         1.0223
 ------------------------------------------------------------------------------

wrapping first mol.:       22.14742       31.32118       54.24986
wrapping first mol.:       22.14742       31.32118       54.24986

 NSTEP =    26500   TIME(PS) =    3453.000  TEMP(K) =   298.48  PRESS =  -119.4
 Etot   =    -54709.7440  EKtot   =     13829.9990  EPtot      =    -68539.7431
 BOND   =       467.6570  ANGLE   =      1257.5226  DIHED      =      1888.2276
 1-4 NB =       558.9456  1-4 EEL =      8882.5260  VDWAALS    =      8133.8128
 EELEC  =    -89757.8275  EHBOND  =         0.0000  RESTRAINT  =        29.3929
 EAMBER (non-restraint)  =    -68569.1359
 EKCMT  =      5995.0437  VIRIAL  =      6576.9798  VOLUME     =    225795.6531
                                                    Density    =         1.0213
 ------------------------------------------------------------------------------

wrapping first mol.:       22.15011       31.32498       54.25646
wrapping first mol.:       22.15011       31.32498       54.25646

 NSTEP =    27000   TIME(PS) =    3454.000  TEMP(K) =   298.93  PRESS =   107.0
 Etot   =    -54323.0613  EKtot   =     13851.1211  EPtot      =    -68174.1824
 BOND   =       465.5105  ANGLE   =      1242.4600  DIHED      =      1880.9296
 1-4 NB =       555.5240  1-4 EEL =      8843.5017  VDWAALS    =      7957.2913
 EELEC  =    -89144.4664  EHBOND  =         0.0000  RESTRAINT  =        25.0670
 EAMBER (non-restraint)  =    -68199.2493
 EKCMT  =      5999.6248  VIRIAL  =      5477.8853  VOLUME     =    225873.4727
                                                    Density    =         1.0209
 ------------------------------------------------------------------------------

wrapping first mol.:       22.15039       31.32538       54.25715
wrapping first mol.:       22.15039       31.32538       54.25715

 NSTEP =    27500   TIME(PS) =    3455.000  TEMP(K) =   303.02  PRESS =   102.0
 Etot   =    -54472.0856  EKtot   =     14040.4893  EPtot      =    -68512.5748
 BOND   =       447.9979  ANGLE   =      1173.0822  DIHED      =      1877.3729
 1-4 NB =       573.8832  1-4 EEL =      8918.3149  VDWAALS    =      8007.9848
 EELEC  =    -89535.5092  EHBOND  =         0.0000  RESTRAINT  =        24.2985
 EAMBER (non-restraint)  =    -68536.8733
 EKCMT  =      6126.3189  VIRIAL  =      5628.7557  VOLUME     =    225882.1481
                                                    Density    =         1.0209
 ------------------------------------------------------------------------------

wrapping first mol.:       22.15181       31.32739       54.26063
wrapping first mol.:       22.15181       31.32739       54.26063

 NSTEP =    28000   TIME(PS) =    3456.000  TEMP(K) =   299.63  PRESS =   -25.5
 Etot   =    -54463.7655  EKtot   =     13883.4521  EPtot      =    -68347.2176
 BOND   =       444.9650  ANGLE   =      1198.4339  DIHED      =      1863.7905
 1-4 NB =       572.8831  1-4 EEL =      8905.9019  VDWAALS    =      7970.8665
 EELEC  =    -89331.0104  EHBOND  =         0.0000  RESTRAINT  =        26.9519
 EAMBER (non-restraint)  =    -68374.1695
 EKCMT  =      6120.6522  VIRIAL  =      6245.0447  VOLUME     =    225928.1822
                                                    Density    =         1.0207
 ------------------------------------------------------------------------------

wrapping first mol.:       22.13829       31.30826       54.22750
wrapping first mol.:       22.13829       31.30826       54.22750

 NSTEP =    28500   TIME(PS) =    3457.000  TEMP(K) =   301.89  PRESS =   -61.4
 Etot   =    -54589.9905  EKtot   =     13988.4014  EPtot      =    -68578.3919
 BOND   =       459.1652  ANGLE   =      1238.8542  DIHED      =      1887.6771
 1-4 NB =       566.0020  1-4 EEL =      8880.3115  VDWAALS    =      8130.8659
 EELEC  =    -89765.7984  EHBOND  =         0.0000  RESTRAINT  =        24.5305
 EAMBER (non-restraint)  =    -68602.9224
 EKCMT  =      6025.0246  VIRIAL  =      6323.7994  VOLUME     =    225515.3574
                                                    Density    =         1.0226
 ------------------------------------------------------------------------------

wrapping first mol.:       22.12410       31.28821       54.19276
wrapping first mol.:       22.12410       31.28821       54.19276

 NSTEP =    29000   TIME(PS) =    3458.000  TEMP(K) =   298.55  PRESS =   147.3
 Etot   =    -54730.9987  EKtot   =     13833.5117  EPtot      =    -68564.5104
 BOND   =       470.0531  ANGLE   =      1200.7791  DIHED      =      1848.7414
 1-4 NB =       575.2769  1-4 EEL =      8906.2472  VDWAALS    =      8230.2936
 EELEC  =    -89819.8671  EHBOND  =         0.0000  RESTRAINT  =        23.9654
 EAMBER (non-restraint)  =    -68588.4758
 EKCMT  =      5981.6088  VIRIAL  =      5265.9098  VOLUME     =    225078.0235
                                                    Density    =         1.0245
 ------------------------------------------------------------------------------

wrapping first mol.:       22.13430       31.30263       54.21774
wrapping first mol.:       22.13430       31.30263       54.21774

 NSTEP =    29500   TIME(PS) =    3459.000  TEMP(K) =   299.07  PRESS =  -236.4
 Etot   =    -54754.7300  EKtot   =     13857.4150  EPtot      =    -68612.1450
 BOND   =       477.9030  ANGLE   =      1216.0744  DIHED      =      1871.4324
 1-4 NB =       557.3013  1-4 EEL =      8853.4842  VDWAALS    =      8167.3765
 EELEC  =    -89779.4491  EHBOND  =         0.0000  RESTRAINT  =        23.7321
 EAMBER (non-restraint)  =    -68635.8771
 EKCMT  =      6053.4658  VIRIAL  =      7203.8903  VOLUME     =    225397.0745
                                                    Density    =         1.0231
 ------------------------------------------------------------------------------

wrapping first mol.:       22.14072       31.31170       54.23345
wrapping first mol.:       22.14072       31.31170       54.23345

 NSTEP =    30000   TIME(PS) =    3460.000  TEMP(K) =   299.56  PRESS =    51.8
 Etot   =    -54605.9609  EKtot   =     13880.3271  EPtot      =    -68486.2881
 BOND   =       449.7153  ANGLE   =      1229.6241  DIHED      =      1850.9523
 1-4 NB =       590.9836  1-4 EEL =      8906.2534  VDWAALS    =      8102.6792
 EELEC  =    -89643.0416  EHBOND  =         0.0000  RESTRAINT  =        26.5458
 EAMBER (non-restraint)  =    -68512.8339
 EKCMT  =      6115.4320  VIRIAL  =      5863.1886  VOLUME     =    225587.3470
                                                    Density    =         1.0222
 ------------------------------------------------------------------------------

wrapping first mol.:       22.15558       31.33272       54.26987
wrapping first mol.:       22.15558       31.33272       54.26987

 NSTEP =    30500   TIME(PS) =    3461.000  TEMP(K) =   297.45  PRESS =  -196.0
 Etot   =    -54668.2049  EKtot   =     13782.3994  EPtot      =    -68450.6043
 BOND   =       432.1492  ANGLE   =      1198.2626  DIHED      =      1877.0841
 1-4 NB =       558.1013  1-4 EEL =      8881.5400  VDWAALS    =      7999.7096
 EELEC  =    -89424.4676  EHBOND  =         0.0000  RESTRAINT  =        27.0164
 EAMBER (non-restraint)  =    -68477.6208
 EKCMT  =      5949.0227  VIRIAL  =      6905.5320  VOLUME     =    226047.0549
                                                    Density    =         1.0202
 ------------------------------------------------------------------------------

wrapping first mol.:       22.15088       31.32607       54.25834
wrapping first mol.:       22.15088       31.32607       54.25834

 NSTEP =    31000   TIME(PS) =    3462.000  TEMP(K) =   300.92  PRESS =     4.4
 Etot   =    -54225.3969  EKtot   =     13943.4395  EPtot      =    -68168.8364
 BOND   =       443.7535  ANGLE   =      1224.4418  DIHED      =      1867.9801
 1-4 NB =       582.3620  1-4 EEL =      8917.3004  VDWAALS    =      8074.5384
 EELEC  =    -89306.1835  EHBOND  =         0.0000  RESTRAINT  =        26.9709
 EAMBER (non-restraint)  =    -68195.8073
 EKCMT  =      6004.2788  VIRIAL  =      5982.6429  VOLUME     =    225898.9912
                                                    Density    =         1.0208
 ------------------------------------------------------------------------------

wrapping first mol.:       22.15081       31.32597       54.25818
wrapping first mol.:       22.15081       31.32597       54.25818

 NSTEP =    31500   TIME(PS) =    3463.000  TEMP(K) =   298.98  PRESS =   111.3
 Etot   =    -54501.2881  EKtot   =     13853.1230  EPtot      =    -68354.4112
 BOND   =       439.0199  ANGLE   =      1236.3447  DIHED      =      1870.2915
 1-4 NB =       578.9712  1-4 EEL =      8886.5662  VDWAALS    =      8108.8565
 EELEC  =    -89501.1235  EHBOND  =         0.0000  RESTRAINT  =        26.6622
 EAMBER (non-restraint)  =    -68381.0734
 EKCMT  =      6011.3676  VIRIAL  =      5468.4851  VOLUME     =    225894.8093
                                                    Density    =         1.0208
 ------------------------------------------------------------------------------

wrapping first mol.:       22.15665       31.33424       54.27248
wrapping first mol.:       22.15665       31.33424       54.27248

 NSTEP =    32000   TIME(PS) =    3464.000  TEMP(K) =   296.68  PRESS =  -379.5
 Etot   =    -54846.1846  EKtot   =     13746.9150  EPtot      =    -68593.0997
 BOND   =       485.4924  ANGLE   =      1160.5569  DIHED      =      1881.6215
 1-4 NB =       560.3947  1-4 EEL =      8872.8627  VDWAALS    =      8142.6519
 EELEC  =    -89727.0704  EHBOND  =         0.0000  RESTRAINT  =        30.3907
 EAMBER (non-restraint)  =    -68623.4904
 EKCMT  =      5970.5773  VIRIAL  =      7823.2818  VOLUME     =    226083.4756
                                                    Density    =         1.0200
 ------------------------------------------------------------------------------

wrapping first mol.:       22.13425       31.30255       54.21760
wrapping first mol.:       22.13425       31.30255       54.21760

 NSTEP =    32500   TIME(PS) =    3465.000  TEMP(K) =   299.80  PRESS =   199.6
 Etot   =    -54625.3183  EKtot   =     13891.2764  EPtot      =    -68516.5947
 BOND   =       452.8546  ANGLE   =      1225.9760  DIHED      =      1876.5615
 1-4 NB =       583.4449  1-4 EEL =      8867.0818  VDWAALS    =      8205.3980
 EELEC  =    -89755.5868  EHBOND  =         0.0000  RESTRAINT  =        27.6753
 EAMBER (non-restraint)  =    -68544.2700
 EKCMT  =      6023.6002  VIRIAL  =      5052.3384  VOLUME     =    225386.6567
                                                    Density    =         1.0231
 ------------------------------------------------------------------------------

wrapping first mol.:       22.13623       31.30536       54.22247
wrapping first mol.:       22.13623       31.30536       54.22247

 NSTEP =    33000   TIME(PS) =    3466.000  TEMP(K) =   302.62  PRESS =  -111.0
 Etot   =    -54434.4151  EKtot   =     14021.9170  EPtot      =    -68456.3321
 BOND   =       420.2792  ANGLE   =      1198.4562  DIHED      =      1852.4003
 1-4 NB =       567.0485  1-4 EEL =      8894.8078  VDWAALS    =      7873.0679
 EELEC  =    -89291.3486  EHBOND  =         0.0000  RESTRAINT  =        28.9566
 EAMBER (non-restraint)  =    -68485.2887
 EKCMT  =      6089.8446  VIRIAL  =      6630.1472  VOLUME     =    225453.6137
                                                    Density    =         1.0228
 ------------------------------------------------------------------------------

wrapping first mol.:       22.12887       31.29494       54.20443
wrapping first mol.:       22.12887       31.29494       54.20443

 NSTEP =    33500   TIME(PS) =    3467.000  TEMP(K) =   300.28  PRESS =    86.1
 Etot   =    -54813.3263  EKtot   =     13913.7148  EPtot      =    -68727.0412
 BOND   =       463.9428  ANGLE   =      1246.3563  DIHED      =      1832.4063
 1-4 NB =       560.6694  1-4 EEL =      8857.5784  VDWAALS    =      8272.7756
 EELEC  =    -89986.5936  EHBOND  =         0.0000  RESTRAINT  =        25.8238
 EAMBER (non-restraint)  =    -68752.8650
 EKCMT  =      6102.8607  VIRIAL  =      5684.2767  VOLUME     =    225224.6392
                                                    Density    =         1.0239
 ------------------------------------------------------------------------------

wrapping first mol.:       22.14053       31.31144       54.23301
wrapping first mol.:       22.14053       31.31144       54.23301

 NSTEP =    34000   TIME(PS) =    3468.000  TEMP(K) =   299.42  PRESS =   316.0
 Etot   =    -54799.7672  EKtot   =     13873.7793  EPtot      =    -68673.5465
 BOND   =       454.4057  ANGLE   =      1158.2628  DIHED      =      1853.1032
 1-4 NB =       591.2925  1-4 EEL =      8924.2217  VDWAALS    =      8318.6199
 EELEC  =    -89999.5940  EHBOND  =         0.0000  RESTRAINT  =        26.1417
 EAMBER (non-restraint)  =    -68699.6882
 EKCMT  =      6003.6323  VIRIAL  =      4464.4688  VOLUME     =    225576.4575
                                                    Density    =         1.0223
 ------------------------------------------------------------------------------

wrapping first mol.:       22.15632       31.33377       54.27168
wrapping first mol.:       22.15632       31.33377       54.27168

 NSTEP =    34500   TIME(PS) =    3469.000  TEMP(K) =   301.54  PRESS =   143.4
 Etot   =    -54433.3968  EKtot   =     13972.1045  EPtot      =    -68405.5013
 BOND   =       479.3143  ANGLE   =      1231.9302  DIHED      =      1892.9517
 1-4 NB =       564.7122  1-4 EEL =      8873.6154  VDWAALS    =      8089.0544
 EELEC  =    -89567.1415  EHBOND  =         0.0000  RESTRAINT  =        30.0621
 EAMBER (non-restraint)  =    -68435.5634
 EKCMT  =      6076.9045  VIRIAL  =      5377.0388  VOLUME     =    226062.9005
                                                    Density    =         1.0201
 ------------------------------------------------------------------------------

wrapping first mol.:       22.16416       31.34486       54.29089
wrapping first mol.:       22.16416       31.34486       54.29089

 NSTEP =    35000   TIME(PS) =    3470.000  TEMP(K) =   302.88  PRESS =   -98.7
 Etot   =    -54460.9370  EKtot   =     14033.8408  EPtot      =    -68494.7778
 BOND   =       425.7466  ANGLE   =      1209.3840  DIHED      =      1867.8468
 1-4 NB =       576.9638  1-4 EEL =      8882.4074  VDWAALS    =      8376.9716
 EELEC  =    -89862.2412  EHBOND  =         0.0000  RESTRAINT  =        28.1431
 EAMBER (non-restraint)  =    -68522.9209
 EKCMT  =      6163.1753  VIRIAL  =      6645.4623  VOLUME     =    226307.8510
                                                    Density    =         1.0190
 ------------------------------------------------------------------------------

wrapping first mol.:       22.15097       31.32620       54.25857
wrapping first mol.:       22.15097       31.32620       54.25857

 NSTEP =    35500   TIME(PS) =    3471.000  TEMP(K) =   298.66  PRESS =  -154.2
 Etot   =    -54600.0601  EKtot   =     13838.3545  EPtot      =    -68438.4146
 BOND   =       474.8107  ANGLE   =      1214.2314  DIHED      =      1884.6488
 1-4 NB =       569.8694  1-4 EEL =      8905.0180  VDWAALS    =      8089.7493
 EELEC  =    -89603.2644  EHBOND  =         0.0000  RESTRAINT  =        26.5221
 EAMBER (non-restraint)  =    -68464.9367
 EKCMT  =      5986.7335  VIRIAL  =      6738.6361  VOLUME     =    225905.0851
                                                    Density    =         1.0208
 ------------------------------------------------------------------------------

wrapping first mol.:       22.16789       31.35013       54.30001
wrapping first mol.:       22.16789       31.35013       54.30001

 NSTEP =    36000   TIME(PS) =    3472.000  TEMP(K) =   298.09  PRESS =   210.0
 Etot   =    -54605.7794  EKtot   =     13811.9521  EPtot      =    -68417.7315
 BOND   =       463.3417  ANGLE   =      1226.8092  DIHED      =      1874.7270
 1-4 NB =       577.1326  1-4 EEL =      8903.3192  VDWAALS    =      8271.5708
 EELEC  =    -89762.1553  EHBOND  =         0.0000  RESTRAINT  =        27.5232
 EAMBER (non-restraint)  =    -68445.2547
 EKCMT  =      6010.1122  VIRIAL  =      4983.5292  VOLUME     =    226415.7725
                                                    Density    =         1.0185
 ------------------------------------------------------------------------------

wrapping first mol.:       22.15678       31.33442       54.27280
wrapping first mol.:       22.15678       31.33442       54.27280

 NSTEP =    36500   TIME(PS) =    3473.000  TEMP(K) =   299.19  PRESS =   -76.4
 Etot   =    -54649.4714  EKtot   =     13863.2754  EPtot      =    -68512.7468
 BOND   =       441.9915  ANGLE   =      1196.7190  DIHED      =      1870.1677
 1-4 NB =       585.6580  1-4 EEL =      8899.4947  VDWAALS    =      8209.5782
 EELEC  =    -89745.0699  EHBOND  =         0.0000  RESTRAINT  =        28.7140
 EAMBER (non-restraint)  =    -68541.4608
 EKCMT  =      6038.5048  VIRIAL  =      6411.2819  VOLUME     =    226081.2377
                                                    Density    =         1.0200
 ------------------------------------------------------------------------------

wrapping first mol.:       22.14967       31.32436       54.25538
wrapping first mol.:       22.14967       31.32436       54.25538

 NSTEP =    37000   TIME(PS) =    3474.000  TEMP(K) =   301.76  PRESS =    27.8
 Etot   =    -54083.0608  EKtot   =     13982.3740  EPtot      =    -68065.4349
 BOND   =       463.6445  ANGLE   =      1251.2208  DIHED      =      1903.1312
 1-4 NB =       573.0655  1-4 EEL =      8907.1616  VDWAALS    =      8109.6327
 EELEC  =    -89303.5969  EHBOND  =         0.0000  RESTRAINT  =        30.3058
 EAMBER (non-restraint)  =    -68095.7406
 EKCMT  =      6091.0650  VIRIAL  =      5955.5038  VOLUME     =    225861.6031
                                                    Density    =         1.0210
 ------------------------------------------------------------------------------

wrapping first mol.:       22.15439       31.33103       54.26694
wrapping first mol.:       22.15439       31.33103       54.26694

 NSTEP =    37500   TIME(PS) =    3475.000  TEMP(K) =   300.42  PRESS =    -4.9
 Etot   =    -54243.9430  EKtot   =     13920.2119  EPtot      =    -68164.1549
 BOND   =       426.0493  ANGLE   =      1197.8182  DIHED      =      1884.8255
 1-4 NB =       579.0432  1-4 EEL =      8941.2159  VDWAALS    =      8043.1389
 EELEC  =    -89260.4229  EHBOND  =         0.0000  RESTRAINT  =        24.1771
 EAMBER (non-restraint)  =    -68188.3321
 EKCMT  =      6061.5206  VIRIAL  =      6085.4154  VOLUME     =    226006.5770
                                                    Density    =         1.0203
 ------------------------------------------------------------------------------

wrapping first mol.:       22.15368       31.33003       54.26520
wrapping first mol.:       22.15368       31.33003       54.26520

 NSTEP =    38000   TIME(PS) =    3476.000  TEMP(K) =   299.81  PRESS =     6.0
 Etot   =    -54527.5363  EKtot   =     13891.7090  EPtot      =    -68419.2453
 BOND   =       480.1726  ANGLE   =      1198.0556  DIHED      =      1856.5108
 1-4 NB =       586.6485  1-4 EEL =      8949.4753  VDWAALS    =      8108.5133
 EELEC  =    -89625.4372  EHBOND  =         0.0000  RESTRAINT  =        26.8158
 EAMBER (non-restraint)  =    -68446.0611
 EKCMT  =      6012.4483  VIRIAL  =      5983.3499  VOLUME     =    225984.6635
                                                    Density    =         1.0204
 ------------------------------------------------------------------------------

wrapping first mol.:       22.16108       31.34049       54.28332
wrapping first mol.:       22.16108       31.34049       54.28332

 NSTEP =    38500   TIME(PS) =    3477.000  TEMP(K) =   298.88  PRESS =   130.2
 Etot   =    -54276.8642  EKtot   =     13848.8164  EPtot      =    -68125.6806
 BOND   =       468.2742  ANGLE   =      1192.6706  DIHED      =      1859.8141
 1-4 NB =       575.8074  1-4 EEL =      8887.1533  VDWAALS    =      7994.3139
 EELEC  =    -89129.7964  EHBOND  =         0.0000  RESTRAINT  =        26.0823
 EAMBER (non-restraint)  =    -68151.7629
 EKCMT  =      6012.9003  VIRIAL  =      5377.1188  VOLUME     =    226208.6510
                                                    Density    =         1.0194
 ------------------------------------------------------------------------------

wrapping first mol.:       22.15218       31.32792       54.26154
wrapping first mol.:       22.15218       31.32792       54.26154

 NSTEP =    39000   TIME(PS) =    3478.000  TEMP(K) =   299.60  PRESS =  -182.4
 Etot   =    -54441.5314  EKtot   =     13881.8916  EPtot      =    -68323.4230
 BOND   =       455.1210  ANGLE   =      1241.8193  DIHED      =      1858.1710
 1-4 NB =       581.0326  1-4 EEL =      8932.2128  VDWAALS    =      8069.4422
 EELEC  =    -89482.5302  EHBOND  =         0.0000  RESTRAINT  =        21.3083
 EAMBER (non-restraint)  =    -68344.7313
 EKCMT  =      5988.8884  VIRIAL  =      6878.5360  VOLUME     =    225942.7432
                                                    Density    =         1.0206
 ------------------------------------------------------------------------------

wrapping first mol.:       22.14262       31.31439       54.23810
wrapping first mol.:       22.14262       31.31439       54.23810

 NSTEP =    39500   TIME(PS) =    3479.000  TEMP(K) =   299.63  PRESS =  -138.3
 Etot   =    -54552.4207  EKtot   =     13883.5830  EPtot      =    -68436.0037
 BOND   =       462.7079  ANGLE   =      1181.3417  DIHED      =      1877.8885
 1-4 NB =       575.0417  1-4 EEL =      8904.0632  VDWAALS    =      8160.6201
 EELEC  =    -89625.3965  EHBOND  =         0.0000  RESTRAINT  =        27.7298
 EAMBER (non-restraint)  =    -68463.7335
 EKCMT  =      5985.1223  VIRIAL  =      6659.1680  VOLUME     =    225649.2299
                                                    Density    =         1.0220
 ------------------------------------------------------------------------------

wrapping first mol.:       22.14051       31.31140       54.23294
wrapping first mol.:       22.14051       31.31140       54.23294

 NSTEP =    40000   TIME(PS) =    3480.000  TEMP(K) =   299.21  PRESS =    91.7
 Etot   =    -54665.8585  EKtot   =     13864.1572  EPtot      =    -68530.0158
 BOND   =       455.2459  ANGLE   =      1230.0114  DIHED      =      1869.1428
 1-4 NB =       565.1990  1-4 EEL =      8844.7263  VDWAALS    =      8122.0176
 EELEC  =    -89644.0107  EHBOND  =         0.0000  RESTRAINT  =        27.6519
 EAMBER (non-restraint)  =    -68557.6677
 EKCMT  =      6087.4060  VIRIAL  =      5640.6075  VOLUME     =    225580.1145
                                                    Density    =         1.0223
 ------------------------------------------------------------------------------

wrapping first mol.:       22.14134       31.31259       54.23498
wrapping first mol.:       22.14134       31.31259       54.23498

 NSTEP =    40500   TIME(PS) =    3481.000  TEMP(K) =   297.68  PRESS =  -373.1
 Etot   =    -54589.4341  EKtot   =     13793.2881  EPtot      =    -68382.7222
 BOND   =       431.3236  ANGLE   =      1202.2070  DIHED      =      1868.0555
 1-4 NB =       566.8416  1-4 EEL =      8874.0637  VDWAALS    =      7791.3686
 EELEC  =    -89145.4617  EHBOND  =         0.0000  RESTRAINT  =        28.8795
 EAMBER (non-restraint)  =    -68411.6017
 EKCMT  =      6040.3832  VIRIAL  =      7858.0755  VOLUME     =    225615.0216
                                                    Density    =         1.0221
 ------------------------------------------------------------------------------

wrapping first mol.:       22.13896       31.30922       54.22915
wrapping first mol.:       22.13896       31.30922       54.22915

 NSTEP =    41000   TIME(PS) =    3482.000  TEMP(K) =   299.19  PRESS =    42.7
 Etot   =    -54313.5050  EKtot   =     13863.0459  EPtot      =    -68176.5509
 BOND   =       467.6993  ANGLE   =      1261.9041  DIHED      =      1887.4971
 1-4 NB =       575.7007  1-4 EEL =      8899.4899  VDWAALS    =      8104.6448
 EELEC  =    -89399.3965  EHBOND  =         0.0000  RESTRAINT  =        25.9098
 EAMBER (non-restraint)  =    -68202.4607
 EKCMT  =      6062.7856  VIRIAL  =      5854.8847  VOLUME     =    225533.8835
                                                    Density    =         1.0225
 ------------------------------------------------------------------------------

wrapping first mol.:       22.14430       31.31677       54.24224
wrapping first mol.:       22.14430       31.31677       54.24224

 NSTEP =    41500   TIME(PS) =    3483.000  TEMP(K) =   302.45  PRESS =   -96.7
 Etot   =    -54279.2248  EKtot   =     14014.0127  EPtot      =    -68293.2375
 BOND   =       462.3484  ANGLE   =      1183.0281  DIHED      =      1872.8567
 1-4 NB =       565.6472  1-4 EEL =      8927.7020  VDWAALS    =      8079.4074
 EELEC  =    -89411.9824  EHBOND  =         0.0000  RESTRAINT  =        27.7550
 EAMBER (non-restraint)  =    -68320.9926
 EKCMT  =      6053.9992  VIRIAL  =      6525.3085  VOLUME     =    225699.9928
                                                    Density    =         1.0217
 ------------------------------------------------------------------------------

wrapping first mol.:       22.15888       31.33739       54.27794
wrapping first mol.:       22.15888       31.33739       54.27794

 NSTEP =    42000   TIME(PS) =    3484.000  TEMP(K) =   301.46  PRESS =    97.7
 Etot   =    -54247.2262  EKtot   =     13968.0996  EPtot      =    -68215.3258
 BOND   =       466.9513  ANGLE   =      1181.1160  DIHED      =      1876.4235
 1-4 NB =       582.3976  1-4 EEL =      8898.6687  VDWAALS    =      8126.5051
 EELEC  =    -89378.0583  EHBOND  =         0.0000  RESTRAINT  =        30.6702
 EAMBER (non-restraint)  =    -68245.9960
 EKCMT  =      6004.3892  VIRIAL  =      5527.1860  VOLUME     =    226142.0155
                                                    Density    =         1.0197
 ------------------------------------------------------------------------------

wrapping first mol.:       22.16876       31.35136       54.30214
wrapping first mol.:       22.16876       31.35136       54.30214

 NSTEP =    42500   TIME(PS) =    3485.000  TEMP(K) =   298.01  PRESS =   284.4
 Etot   =    -54585.7600  EKtot   =     13808.3838  EPtot      =    -68394.1438
 BOND   =       444.5141  ANGLE   =      1188.6861  DIHED      =      1883.3814
 1-4 NB =       581.8067  1-4 EEL =      8922.1838  VDWAALS    =      8332.7354
 EELEC  =    -89773.2769  EHBOND  =         0.0000  RESTRAINT  =        25.8257
 EAMBER (non-restraint)  =    -68419.9695
 EKCMT  =      6053.3767  VIRIAL  =      4662.7031  VOLUME     =    226440.8992
                                                    Density    =         1.0184
 ------------------------------------------------------------------------------

wrapping first mol.:       22.16678       31.34857       54.29730
wrapping first mol.:       22.16678       31.34857       54.29730

 NSTEP =    43000   TIME(PS) =    3486.000  TEMP(K) =   298.34  PRESS =  -123.7
 Etot   =    -54541.0562  EKtot   =     13823.5010  EPtot      =    -68364.5571
 BOND   =       426.8769  ANGLE   =      1219.8917  DIHED      =      1901.3953
 1-4 NB =       567.7722  1-4 EEL =      8909.5289  VDWAALS    =      8050.6549
 EELEC  =    -89468.0634  EHBOND  =         0.0000  RESTRAINT  =        27.3864
 EAMBER (non-restraint)  =    -68391.9435
 EKCMT  =      6093.5013  VIRIAL  =      6698.0103  VOLUME     =    226388.6195
                                                    Density    =         1.0186
 ------------------------------------------------------------------------------

wrapping first mol.:       22.17278       31.35704       54.31198
wrapping first mol.:       22.17278       31.35704       54.31198

 NSTEP =    43500   TIME(PS) =    3487.000  TEMP(K) =   300.97  PRESS =   114.3
 Etot   =    -54207.2052  EKtot   =     13945.5859  EPtot      =    -68152.7911
 BOND   =       472.6995  ANGLE   =      1192.7377  DIHED      =      1881.6115
 1-4 NB =       561.6443  1-4 EEL =      8925.9973  VDWAALS    =      8073.5292
 EELEC  =    -89288.6094  EHBOND  =         0.0000  RESTRAINT  =        27.5989
 EAMBER (non-restraint)  =    -68180.3900
 EKCMT  =      6047.2427  VIRIAL  =      5487.9637  VOLUME     =    226567.4211
                                                    Density    =         1.0178
 ------------------------------------------------------------------------------

wrapping first mol.:       22.16254       31.34257       54.28691
wrapping first mol.:       22.16254       31.34257       54.28691

 NSTEP =    44000   TIME(PS) =    3488.000  TEMP(K) =   298.85  PRESS =   127.1
 Etot   =    -54397.6398  EKtot   =     13847.0879  EPtot      =    -68244.7277
 BOND   =       443.1547  ANGLE   =      1262.8912  DIHED      =      1868.1362
 1-4 NB =       580.1092  1-4 EEL =      8942.1827  VDWAALS    =      8184.8821
 EELEC  =    -89554.8982  EHBOND  =         0.0000  RESTRAINT  =        28.8144
 EAMBER (non-restraint)  =    -68273.5421
 EKCMT  =      6057.4266  VIRIAL  =      5436.6594  VOLUME     =    226253.6128
                                                    Density    =         1.0192
 ------------------------------------------------------------------------------

wrapping first mol.:       22.14760       31.32143       54.25031
wrapping first mol.:       22.14760       31.32143       54.25031

 NSTEP =    44500   TIME(PS) =    3489.000  TEMP(K) =   301.09  PRESS =    -2.6
 Etot   =    -54530.9088  EKtot   =     13950.9863  EPtot      =    -68481.8951
 BOND   =       446.0383  ANGLE   =      1201.5611  DIHED      =      1875.6422
 1-4 NB =       573.7788  1-4 EEL =      8922.6819  VDWAALS    =      8310.3741
 EELEC  =    -89842.3570  EHBOND  =         0.0000  RESTRAINT  =        30.3856
 EAMBER (non-restraint)  =    -68512.2807
 EKCMT  =      6114.7189  VIRIAL  =      6127.4356  VOLUME     =    225798.9032
                                                    Density    =         1.0213
 ------------------------------------------------------------------------------

wrapping first mol.:       22.14283       31.31469       54.23864
wrapping first mol.:       22.14283       31.31469       54.23864

 NSTEP =    45000   TIME(PS) =    3490.000  TEMP(K) =   301.03  PRESS =  -245.6
 Etot   =    -54477.8683  EKtot   =     13948.4258  EPtot      =    -68426.2941
 BOND   =       458.7697  ANGLE   =      1217.3698  DIHED      =      1869.0153
 1-4 NB =       581.0300  1-4 EEL =      8895.8313  VDWAALS    =      8068.2186
 EELEC  =    -89539.0725  EHBOND  =         0.0000  RESTRAINT  =        22.5437
 EAMBER (non-restraint)  =    -68448.8378
 EKCMT  =      6029.4202  VIRIAL  =      7226.0096  VOLUME     =    225658.0274
                                                    Density    =         1.0219
 ------------------------------------------------------------------------------

wrapping first mol.:       22.13235       31.29987       54.21296
wrapping first mol.:       22.13235       31.29987       54.21296

 NSTEP =    45500   TIME(PS) =    3491.000  TEMP(K) =   298.54  PRESS =    78.4
 Etot   =    -54878.0057  EKtot   =     13833.0791  EPtot      =    -68711.0848
 BOND   =       452.7260  ANGLE   =      1164.5153  DIHED      =      1856.0923
 1-4 NB =       563.9700  1-4 EEL =      8914.0416  VDWAALS    =      8208.3716
 EELEC  =    -89899.5263  EHBOND  =         0.0000  RESTRAINT  =        28.7248
 EAMBER (non-restraint)  =    -68739.8095
 EKCMT  =      5934.5970  VIRIAL  =      5552.9951  VOLUME     =    225331.1688
                                                    Density    =         1.0234
 ------------------------------------------------------------------------------

wrapping first mol.:       22.13258       31.30020       54.21353
wrapping first mol.:       22.13258       31.30020       54.21353

 NSTEP =    46000   TIME(PS) =    3492.000  TEMP(K) =   299.74  PRESS =  -279.3
 Etot   =    -54731.1373  EKtot   =     13888.5127  EPtot      =    -68619.6500
 BOND   =       469.2363  ANGLE   =      1181.1042  DIHED      =      1865.6547
 1-4 NB =       578.3332  1-4 EEL =      8922.4056  VDWAALS    =      8023.3467
 EELEC  =    -89686.5468  EHBOND  =         0.0000  RESTRAINT  =        26.8162
 EAMBER (non-restraint)  =    -68646.4662
 EKCMT  =      6058.9578  VIRIAL  =      7418.0891  VOLUME     =    225345.4912
                                                    Density    =         1.0233
 ------------------------------------------------------------------------------

wrapping first mol.:       22.14891       31.32329       54.25353
wrapping first mol.:       22.14891       31.32329       54.25353

 NSTEP =    46500   TIME(PS) =    3493.000  TEMP(K) =   298.98  PRESS =   101.9
 Etot   =    -54701.2692  EKtot   =     13853.2051  EPtot      =    -68554.4743
 BOND   =       423.6208  ANGLE   =      1185.2101  DIHED      =      1867.6763
 1-4 NB =       577.1053  1-4 EEL =      8943.5211  VDWAALS    =      8033.6360
 EELEC  =    -89615.9424  EHBOND  =         0.0000  RESTRAINT  =        30.6985
 EAMBER (non-restraint)  =    -68585.1727
 EKCMT  =      6078.8392  VIRIAL  =      5581.8421  VOLUME     =    225837.0142
                                                    Density    =         1.0211
 ------------------------------------------------------------------------------

wrapping first mol.:       22.14548       31.31844       54.24513
wrapping first mol.:       22.14548       31.31844       54.24513

 NSTEP =    47000   TIME(PS) =    3494.000  TEMP(K) =   300.97  PRESS =     6.8
 Etot   =    -54478.1317  EKtot   =     13945.6436  EPtot      =    -68423.7753
 BOND   =       463.2608  ANGLE   =      1205.5124  DIHED      =      1862.2774
 1-4 NB =       574.0386  1-4 EEL =      8916.3569  VDWAALS    =      8190.0637
 EELEC  =    -89664.4571  EHBOND  =         0.0000  RESTRAINT  =        29.1722
 EAMBER (non-restraint)  =    -68452.9475
 EKCMT  =      6098.1146  VIRIAL  =      6065.2021  VOLUME     =    225733.9800
                                                    Density    =         1.0216
 ------------------------------------------------------------------------------

wrapping first mol.:       22.14803       31.32204       54.25136
wrapping first mol.:       22.14803       31.32204       54.25136

 NSTEP =    47500   TIME(PS) =    3495.000  TEMP(K) =   300.14  PRESS =     6.9
 Etot   =    -54577.1974  EKtot   =     13907.1152  EPtot      =    -68484.3127
 BOND   =       430.7322  ANGLE   =      1211.3549  DIHED      =      1848.6125
 1-4 NB =       584.7089  1-4 EEL =      8923.5430  VDWAALS    =      8023.8676
 EELEC  =    -89538.5936  EHBOND  =         0.0000  RESTRAINT  =        31.4618
 EAMBER (non-restraint)  =    -68515.7745
 EKCMT  =      5999.2617  VIRIAL  =      5965.5331  VOLUME     =    225811.7596
                                                    Density    =         1.0212
 ------------------------------------------------------------------------------

wrapping first mol.:       22.14823       31.32233       54.25186
wrapping first mol.:       22.14823       31.32233       54.25186

 NSTEP =    48000   TIME(PS) =    3496.000  TEMP(K) =   301.91  PRESS =    -0.3
 Etot   =    -54404.1086  EKtot   =     13989.2354  EPtot      =    -68393.3439
 BOND   =       474.4650  ANGLE   =      1187.9069  DIHED      =      1861.3523
 1-4 NB =       564.2817  1-4 EEL =      8872.5298  VDWAALS    =      8177.8614
 EELEC  =    -89559.5020  EHBOND  =         0.0000  RESTRAINT  =        27.7611
 EAMBER (non-restraint)  =    -68421.1050
 EKCMT  =      6116.0204  VIRIAL  =      6117.4046  VOLUME     =    225818.1682
                                                    Density    =         1.0212
 ------------------------------------------------------------------------------

wrapping first mol.:       22.14705       31.32066       54.24898
wrapping first mol.:       22.14705       31.32066       54.24898

 NSTEP =    48500   TIME(PS) =    3497.000  TEMP(K) =   299.60  PRESS =    30.1
 Etot   =    -54619.8631  EKtot   =     13882.0850  EPtot      =    -68501.9481
 BOND   =       439.9381  ANGLE   =      1210.1538  DIHED      =      1866.6088
 1-4 NB =       583.4459  1-4 EEL =      8910.5977  VDWAALS    =      8096.2574
 EELEC  =    -89634.8365  EHBOND  =         0.0000  RESTRAINT  =        25.8868
 EAMBER (non-restraint)  =    -68527.8348
 EKCMT  =      6071.5626  VIRIAL  =      5924.8734  VOLUME     =    225781.5683
                                                    Density    =         1.0214
 ------------------------------------------------------------------------------

wrapping first mol.:       22.14882       31.32316       54.25330
wrapping first mol.:       22.14882       31.32316       54.25330

 NSTEP =    49000   TIME(PS) =    3498.000  TEMP(K) =   300.02  PRESS =    57.0
 Etot   =    -54392.0472  EKtot   =     13901.5107  EPtot      =    -68293.5579
 BOND   =       433.1796  ANGLE   =      1195.8594  DIHED      =      1872.8011
 1-4 NB =       574.5622  1-4 EEL =      8941.1014  VDWAALS    =      8123.5833
 EELEC  =    -89464.1025  EHBOND  =         0.0000  RESTRAINT  =        29.4576
 EAMBER (non-restraint)  =    -68323.0155
 EKCMT  =      6128.7807  VIRIAL  =      5850.9019  VOLUME     =    225835.0487
                                                    Density    =         1.0211
 ------------------------------------------------------------------------------

wrapping first mol.:       22.16807       31.35039       54.30047
wrapping first mol.:       22.16807       31.35039       54.30047

 NSTEP =    49500   TIME(PS) =    3499.000  TEMP(K) =   299.82  PRESS =    22.7
 Etot   =    -54324.5909  EKtot   =     13892.3037  EPtot      =    -68216.8946
 BOND   =       465.4957  ANGLE   =      1253.0314  DIHED      =      1864.0196
 1-4 NB =       579.6923  1-4 EEL =      8890.9914  VDWAALS    =      8108.8692
 EELEC  =    -89409.3166  EHBOND  =         0.0000  RESTRAINT  =        30.3224
 EAMBER (non-restraint)  =    -68247.2170
 EKCMT  =      6059.5592  VIRIAL  =      5948.7666  VOLUME     =    226425.2180
                                                    Density    =         1.0185
 ------------------------------------------------------------------------------

wrapping first mol.:       22.13902       31.30931       54.22930
wrapping first mol.:       22.13902       31.30931       54.22930

 NSTEP =    50000   TIME(PS) =    3500.000  TEMP(K) =   297.71  PRESS =  -117.8
 Etot   =    -54637.3817  EKtot   =     13794.6855  EPtot      =    -68432.0672
 BOND   =       451.8263  ANGLE   =      1230.9776  DIHED      =      1873.7006
 1-4 NB =       569.6832  1-4 EEL =      8935.3434  VDWAALS    =      8020.5930
 EELEC  =    -89543.0334  EHBOND  =         0.0000  RESTRAINT  =        28.8421
 EAMBER (non-restraint)  =    -68460.9094
 EKCMT  =      6080.0698  VIRIAL  =      6653.8818  VOLUME     =    225538.9857
                                                    Density    =         1.0225
 ------------------------------------------------------------------------------


      A V E R A G E S   O V E R     100 S T E P S


 NSTEP =    50000   TIME(PS) =    3500.000  TEMP(K) =   300.07  PRESS =    -3.6
 Etot   =    -54493.9558  EKtot   =     13904.0370  EPtot      =    -68397.9929
 BOND   =       452.5881  ANGLE   =      1211.5950  DIHED      =      1869.1453
 1-4 NB =       574.1084  1-4 EEL =      8896.3799  VDWAALS    =      8100.5539
 EELEC  =    -89528.9355  EHBOND  =         0.0000  RESTRAINT  =        26.5721
 EAMBER (non-restraint)  =    -68424.5650
 EKCMT  =      6049.7047  VIRIAL  =      6067.2241  VOLUME     =    225881.5260
                                                    Density    =         1.0209
 ------------------------------------------------------------------------------


      R M S  F L U C T U A T I O N S


 NSTEP =    50000   TIME(PS) =    3500.000  TEMP(K) =     1.79  PRESS =   152.4
 Etot   =       175.7092  EKtot   =        82.8156  EPtot      =       151.1727
 BOND   =        18.3855  ANGLE   =        26.6355  DIHED      =        13.8518
 1-4 NB =         8.6814  1-4 EEL =        25.3491  VDWAALS    =       110.9925
 EELEC  =       194.0573  EHBOND  =         0.0000  RESTRAINT  =         2.5760
 EAMBER (non-restraint)  =       148.5967
 EKCMT  =        60.5976  VIRIAL  =       740.5352  VOLUME     =       320.2514
                                                    Density    =         0.0014
 ------------------------------------------------------------------------------

--------------------------------------------------------------------------------
   5.  TIMINGS
--------------------------------------------------------------------------------

|  NonSetup CPU Time in Major Routines:
|
|     Routine           Sec        %
|     ------------------------------
|     Nonbond          33.92   72.08
|     Bond              0.00    0.00
|     Angle             0.00    0.00
|     Dihedral          0.00    0.00
|     Shake             0.31    0.65
|     RunMD            12.78   27.15
|     Other             0.06    0.12
|     ------------------------------
|     Total            47.06

|  PME Nonbond Pairlist CPU Time:
|
|     Routine              Sec        %
|     ---------------------------------
|     Set Up Cit           0.00    0.00
|     Build List           0.00    0.00
|     ---------------------------------
|     Total                0.00    0.00

|  PME Direct Force CPU Time:
|
|     Routine              Sec        %
|     ---------------------------------
|     NonBonded Calc       0.00    0.00
|     Exclude Masked       0.00    0.00
|     Other                0.03    0.07
|     ---------------------------------
|     Total                0.03    0.07

|  PME Reciprocal Force CPU Time:
|
|     Routine              Sec        %
|     ---------------------------------
|     1D bspline           0.00    0.00
|     Grid Charges         0.00    0.00
|     Scalar Sum           0.00    0.00
|     Gradient Sum         0.00    0.00
|     FFT                  0.00    0.00
|     ---------------------------------
|     Total                0.00    0.00

|  Final Performance Info:
|     -----------------------------------------------------
|     Average timings for last   49500 steps:
|     Elapsed(s) =      46.79 Per Step(ms) =       0.95
|         ns/day =     182.80   seconds/ns =     472.64
|
|     Average timings for all steps:
|     Elapsed(s) =      47.26 Per Step(ms) =       0.95
|         ns/day =     182.80   seconds/ns =     472.65
|     -----------------------------------------------------

|  Setup CPU time:            0.52 seconds
|  NonSetup CPU time:        47.06 seconds
|  Total CPU time:           47.58 seconds     0.01 hours

|  Setup wall time:           0    seconds
|  NonSetup wall time:       47    seconds
|  Total wall time:          47    seconds     0.01 hours
