
          -------------------------------------------------------
          Amber 18 PMEMD                              2018
          -------------------------------------------------------

| PMEMD implementation of SANDER, Release 18

| Run on 09/29/2019 at 22:42:06

|   Executable path: pmemd.cuda
| Working directory: /home/pbarletta/lbp/run/4xcp/mhe/e
|          Hostname: Unknown
  [-O]verwriting output

File Assignments:
|   MDIN: 37equ.in                                                              
|  MDOUT: 37equ.out                                                             
| INPCRD: 36e4xcp.rst7                                                          
|   PARM: /home/pbarletta/lbp/top_files/4xcp.prmtop                             
| RESTRT: 37e4xcp.rst7                                                          
|   REFC: 36e4xcp.rst7                                                          
|  MDVEL: mdvel                                                                 
|   MDEN: mden                                                                  
|  MDCRD: 37e4xcp.nc                                                            
| MDINFO: mdinfo                                                                
|  MDFRC: mdfrc                                                                 


 Here is the input file:

Equilibration with solute restrictions                                         
&cntrl                                                                         
imin = 0,                           ! No Minimization                          
nmropt = 0,                         ! No NMR restraints read                   
                                                                               
! Nature and format of the input                                               
ntx = 5,                            ! Coordinates but no velocities will be rea
irest = 1,                          ! Do not run a new simulation              
                                                                               
! Nature and format of the output                                              
ntxo = 1,                           ! rstrt file in ASCII format               
ntpr = 500,                         ! inf in output every ntpr steps           
ntwr = 500,                         ! rstrt file every ntwr steps              
ntwx = 500,                         ! mdcrd file every ntwx steps              
ntwv = 0,                           ! mdvel without velocities                 
ntwe = 0,                           ! Do not write energies and temperatures   
idecomp = 0,                        ! No energy decomposition                  
iwrap = 1,                          ! Coordinates of the restart and mdcrd file
                                                                               
! Frozen or restrained atoms                                                   
ibelly = 0,                         ! No frozen atoms                          
ntr=1,                              ! Harmonic potential restraints            
restraint_wt = 0.14,                ! The weight for the positional restraints 
restraintmask = ':1-131@N,CA,C,O',  ! restrained residues                      
                                                                               
! Molecular dynamics                                                           
nstlim = 50000,                     ! Number of MD-steps                       
dt = 0.002,                         ! Time step                                
                                                                               
! Temperature regulation                                                       
ntt = 3,                            ! Langevin thermostat                      
gamma_ln = 5,                       ! Gamma constant for Langevin              
temp0 = 300.0,                      ! Reference T at which the system is to be 
tempi = 300.0,                      ! Initial T                                
ig = -1,                            ! Seed for the RNG                         
                                                                               
! P and V regulation                                                           
ntp = 1,                            ! constant P                               
barostat = 1,                       ! Berendsen barostat                       
taup = 1,                           ! Pressure relaxation time                 
ntb = 2,                            ! Periodic box for constant P              
                                                                               
! SHAKE variables                                                              
ntc = 2,                            ! Bonds involving H are constrained        
ntf = 2,                            ! Bond interaction involving H are ommited.
                                                                               
cut = 10.0,                         ! Nonbonded cutoff                         
/                                                                              
&end                                                                           


Note: ig = -1. Setting random seed to   521580 based on wallclock time in 
      microseconds.
| irandom = 1, using AMBER's internal random number generator (default).
 
|--------------------- INFORMATION ----------------------
| GPU (CUDA) Version of PMEMD in use: NVIDIA GPU IN USE.
|                    Version 18.0.0
| 
|                      03/25/2018
| 
| Implementation by:
|                    Ross C. Walker     (SDSC)
|                    Scott Le Grand     (nVIDIA)
| 
| Version 18 performance extensions by:
|                    David Cerutti     (Rutgers)
| 
| Precision model in use:
|      [SPFP] - Single Precision Forces, 64-bit Fixed Point
|               Accumulation. (Default)
| 
|--------------------------------------------------------
 
|----------------- CITATION INFORMATION -----------------
|
|    When publishing work that utilized the CUDA version
|    of AMBER, please cite the following in addition to
|    the regular AMBER citations:
|
|  - Romelia Salomon-Ferrer; Andreas W. Goetz; Duncan
|    Poole; Scott Le Grand; Ross C. Walker "Routine
|    microsecond molecular dynamics simulations with
|    AMBER - Part II: Particle Mesh Ewald", J. Chem.
|    Theory Comput., 2013, 9 (9), pp3878-3888,
|    DOI: 10.1021/ct400314y.
|
|  - Andreas W. Goetz; Mark J. Williamson; Dong Xu;
|    Duncan Poole; Scott Le Grand; Ross C. Walker
|    "Routine microsecond molecular dynamics simulations
|    with AMBER - Part I: Generalized Born", J. Chem.
|    Theory Comput., 2012, 8 (5), pp1542-1555.
|
|  - Scott Le Grand; Andreas W. Goetz; Ross C. Walker
|    "SPFP: Speed without compromise - a mixed precision
|    model for GPU accelerated molecular dynamics
|    simulations.", Comp. Phys. Comm., 2013, 184
|    pp374-380, DOI: 10.1016/j.cpc.2012.09.022
|
|--------------------------------------------------------
 
|------------------- GPU DEVICE INFO --------------------
|
|            CUDA_VISIBLE_DEVICES: 0
|   CUDA Capable Devices Detected:      1
|           CUDA Device ID in use:      0
|                CUDA Device Name: GeForce GTX 1080 Ti
|     CUDA Device Global Mem Size:  11178 MB
| CUDA Device Num Multiprocessors:     28
|           CUDA Device Core Freq:   1.72 GHz
|
|--------------------------------------------------------
 
 
| Conditional Compilation Defines Used:
| PUBFFT
| BINTRAJ
| CUDA
| EMIL

| Largest sphere to fit in unit cell has radius =    27.136

| New format PARM file being parsed.
| Version =    1.000 Date = 04/14/18 Time = 19:54:59

| Note: 1-4 EEL scale factors are being read from the topology file.

| Note: 1-4 VDW scale factors are being read from the topology file.
| Duplicated    0 dihedrals

| Duplicated    0 dihedrals

--------------------------------------------------------------------------------
   1.  RESOURCE   USE: 
--------------------------------------------------------------------------------

 getting new box info from bottom of inpcrd
 NATOM  =   22707 NTYPES =      17 NBONH =   21487 MBONA  =    1237
 NTHETH =    2916 MTHETA =    1649 NPHIH =    5625 MPHIA  =    5085
 NHPARM =       0 NPARM  =       0 NNB   =   40734 NRES   =    6902
 NBONA  =    1237 NTHETA =    1649 NPHIA =    5085 NUMBND =      64
 NUMANG =     139 NPTRA  =     166 NATYP =      37 NPHB   =       1
 IFBOX  =       2 NMXRS  =      50 IFCAP =       0 NEXTRA =       0
 NCOPY  =       0

| Coordinate Index Table dimensions:    10   10   10
| Direct force subcell size =     6.6470    6.6470    6.6470

     BOX TYPE: TRUNCATED OCTAHEDRON

--------------------------------------------------------------------------------
   2.  CONTROL  DATA  FOR  THE  RUN
--------------------------------------------------------------------------------

default_name                                                                    

General flags:
     imin    =       0, nmropt  =       0

Nature and format of input:
     ntx     =       5, irest   =       1, ntrx    =       1

Nature and format of output:
     ntxo    =       1, ntpr    =     500, ntrx    =       1, ntwr    =     500
     iwrap   =       1, ntwx    =     500, ntwv    =       0, ntwe    =       0
     ioutfm  =       1, ntwprt  =       0, idecomp =       0, rbornstat=      0

Potential function:
     ntf     =       2, ntb     =       2, igb     =       0, nsnb    =      25
     ipol    =       0, gbsa    =       0, iesp    =       0
     dielc   =   1.00000, cut     =  10.00000, intdiel =   1.00000

Frozen or restrained atoms:
     ibelly  =       0, ntr     =       1
     restraint_wt =   0.14000

Molecular dynamics:
     nstlim  =     50000, nscm    =         0, nrespa  =         1
     t       =   0.00000, dt      =   0.00200, vlimit  =  -1.00000

Langevin dynamics temperature regulation:
     ig      =  521580
     temp0   = 300.00000, tempi   = 300.00000, gamma_ln=   5.00000

Pressure regulation:
     ntp     =       1
     pres0   =   1.00000, comp    =  44.60000, taup    =   1.00000

SHAKE:
     ntc     =       2, jfastw  =       0
     tol     =   0.00001

| Intermolecular bonds treatment:
|     no_intermolecular_bonds =       1

| Energy averages sample interval:
|     ene_avg_sampling =     500

Ewald parameters:
     verbose =       0, ew_type =       0, nbflag  =       1, use_pme =       1
     vdwmeth =       1, eedmeth =       1, netfrc  =       1
     Box X =   66.470   Box Y =   66.470   Box Z =   66.470
     Alpha =  109.471   Beta  =  109.471   Gamma =  109.471
     NFFT1 =   64       NFFT2 =   64       NFFT3 =   64
     Cutoff=   10.000   Tol   =0.100E-04
     Ewald Coefficient =  0.27511
     Interpolation order =    4

    LOADING THE CONSTRAINED ATOMS AS GROUPS


   5.  REFERENCE ATOM COORDINATES

  default_name                                                                    
     Mask :1-131@N,CA,C,O; matches   524 atoms

--------------------------------------------------------------------------------
   3.  ATOMIC COORDINATES AND VELOCITIES
--------------------------------------------------------------------------------

default_name                                                                    
 begin time read from input coords =  4000.000 ps

 
 Number of triangulated 3-point waters found:     6742

     Sum of charges from parm topology file =  -0.00100007
     Forcing neutrality...

| Dynamic Memory, Types Used:
| Reals             1110941
| Integers           905820

| Nonbonded Pairs Initial Allocation:     6868299

| GPU memory information (estimate):
| KB of GPU memory in use:         0
| KB of CPU memory in use:         0

--------------------------------------------------------------------------------
   4.  RESULTS
--------------------------------------------------------------------------------

wrapping first mol.:       22.16055       31.33975       54.28204
wrapping first mol.:       22.16055       31.33975       54.28204

 NSTEP =      500   TIME(PS) =    4001.000  TEMP(K) =   298.63  PRESS =   119.5
 Etot   =    -54498.0568  EKtot   =     13837.3164  EPtot      =    -68335.3732
 BOND   =       450.8321  ANGLE   =      1227.6925  DIHED      =      1881.4205
 1-4 NB =       587.5237  1-4 EEL =      8875.1749  VDWAALS    =      8255.9826
 EELEC  =    -89624.4878  EHBOND  =         0.0000  RESTRAINT  =        10.4884
 EAMBER (non-restraint)  =    -68345.8616
 EKCMT  =      6014.4837  VIRIAL  =      5430.9780  VOLUME     =    226192.8072
                                                    Density    =         1.0195
 ------------------------------------------------------------------------------

wrapping first mol.:       22.15503       31.33195       54.26852
wrapping first mol.:       22.15503       31.33195       54.26852

 NSTEP =     1000   TIME(PS) =    4002.000  TEMP(K) =   302.25  PRESS =   235.0
 Etot   =    -54510.1662  EKtot   =     14004.9971  EPtot      =    -68515.1633
 BOND   =       428.9714  ANGLE   =      1179.7629  DIHED      =      1873.2209
 1-4 NB =       571.5457  1-4 EEL =      8903.0608  VDWAALS    =      8239.2719
 EELEC  =    -89723.6379  EHBOND  =         0.0000  RESTRAINT  =        12.6410
 EAMBER (non-restraint)  =    -68527.8043
 EKCMT  =      6091.8762  VIRIAL  =      4944.8271  VOLUME     =    226021.5391
                                                    Density    =         1.0203
 ------------------------------------------------------------------------------

wrapping first mol.:       22.15634       31.33380       54.27173
wrapping first mol.:       22.15634       31.33380       54.27173

 NSTEP =     1500   TIME(PS) =    4003.000  TEMP(K) =   299.05  PRESS =   187.1
 Etot   =    -54359.1402  EKtot   =     13856.3584  EPtot      =    -68215.4986
 BOND   =       461.9426  ANGLE   =      1180.8691  DIHED      =      1854.2414
 1-4 NB =       581.2788  1-4 EEL =      8896.5967  VDWAALS    =      8179.9589
 EELEC  =    -89387.1527  EHBOND  =         0.0000  RESTRAINT  =        16.7668
 EAMBER (non-restraint)  =    -68232.2654
 EKCMT  =      6050.3996  VIRIAL  =      5137.4007  VOLUME     =    226062.5679
                                                    Density    =         1.0201
 ------------------------------------------------------------------------------

wrapping first mol.:       22.17333       31.35783       54.31335
wrapping first mol.:       22.17333       31.35783       54.31335

 NSTEP =     2000   TIME(PS) =    4004.000  TEMP(K) =   299.61  PRESS =    99.0
 Etot   =    -54504.2747  EKtot   =     13882.7422  EPtot      =    -68387.0169
 BOND   =       432.1246  ANGLE   =      1239.4079  DIHED      =      1874.5381
 1-4 NB =       594.2687  1-4 EEL =      8876.0401  VDWAALS    =      8209.0365
 EELEC  =    -89625.6621  EHBOND  =         0.0000  RESTRAINT  =        13.2293
 EAMBER (non-restraint)  =    -68400.2462
 EKCMT  =      5991.3692  VIRIAL  =      5507.1558  VOLUME     =    226584.8881
                                                    Density    =         1.0177
 ------------------------------------------------------------------------------

wrapping first mol.:       22.16889       31.35154       54.30245
wrapping first mol.:       22.16889       31.35154       54.30245

 NSTEP =     2500   TIME(PS) =    4005.000  TEMP(K) =   297.30  PRESS =    44.5
 Etot   =    -54417.0181  EKtot   =     13775.6758  EPtot      =    -68192.6939
 BOND   =       433.2414  ANGLE   =      1208.2850  DIHED      =      1858.5210
 1-4 NB =       587.1218  1-4 EEL =      8895.9463  VDWAALS    =      8184.6336
 EELEC  =    -89377.8637  EHBOND  =         0.0000  RESTRAINT  =        17.4206
 EAMBER (non-restraint)  =    -68210.1145
 EKCMT  =      5987.0270  VIRIAL  =      5769.2662  VOLUME     =    226449.6305
                                                    Density    =         1.0183
 ------------------------------------------------------------------------------

wrapping first mol.:       22.16714       31.34906       54.29817
wrapping first mol.:       22.16714       31.34906       54.29817

 NSTEP =     3000   TIME(PS) =    4006.000  TEMP(K) =   302.95  PRESS =   159.8
 Etot   =    -54373.0540  EKtot   =     14037.3037  EPtot      =    -68410.3577
 BOND   =       445.3904  ANGLE   =      1193.7596  DIHED      =      1854.4892
 1-4 NB =       566.5026  1-4 EEL =      8880.5971  VDWAALS    =      8363.4220
 EELEC  =    -89729.8162  EHBOND  =         0.0000  RESTRAINT  =        15.2977
 EAMBER (non-restraint)  =    -68425.6554
 EKCMT  =      6075.9154  VIRIAL  =      5294.9549  VOLUME     =    226393.7033
                                                    Density    =         1.0186
 ------------------------------------------------------------------------------

wrapping first mol.:       22.15597       31.33327       54.27082
wrapping first mol.:       22.15597       31.33327       54.27082

 NSTEP =     3500   TIME(PS) =    4007.000  TEMP(K) =   298.28  PRESS =   -43.2
 Etot   =    -54663.4420  EKtot   =     13820.7646  EPtot      =    -68484.2066
 BOND   =       472.2483  ANGLE   =      1159.4277  DIHED      =      1860.3992
 1-4 NB =       562.6089  1-4 EEL =      8863.5799  VDWAALS    =      8128.7886
 EELEC  =    -89545.4335  EHBOND  =         0.0000  RESTRAINT  =        14.1744
 EAMBER (non-restraint)  =    -68498.3810
 EKCMT  =      5997.1070  VIRIAL  =      6208.0742  VOLUME     =    226055.8691
                                                    Density    =         1.0201
 ------------------------------------------------------------------------------

wrapping first mol.:       22.18796       31.37852       54.34919
wrapping first mol.:       22.18796       31.37852       54.34919

 NSTEP =     4000   TIME(PS) =    4008.000  TEMP(K) =   301.03  PRESS =  -103.6
 Etot   =    -54391.3203  EKtot   =     13948.3330  EPtot      =    -68339.6533
 BOND   =       416.4429  ANGLE   =      1235.3229  DIHED      =      1871.4889
 1-4 NB =       578.7446  1-4 EEL =      8876.3880  VDWAALS    =      7887.5010
 EELEC  =    -89224.3290  EHBOND  =         0.0000  RESTRAINT  =        18.7875
 EAMBER (non-restraint)  =    -68358.4408
 EKCMT  =      6167.3457  VIRIAL  =      6675.2746  VOLUME     =    227037.7740
                                                    Density    =         1.0157
 ------------------------------------------------------------------------------

wrapping first mol.:       22.17505       31.36026       54.31756
wrapping first mol.:       22.17505       31.36026       54.31756

 NSTEP =     4500   TIME(PS) =    4009.000  TEMP(K) =   301.63  PRESS =   180.7
 Etot   =    -54122.2748  EKtot   =     13976.1787  EPtot      =    -68098.4535
 BOND   =       472.1355  ANGLE   =      1239.7812  DIHED      =      1858.2299
 1-4 NB =       576.6283  1-4 EEL =      8852.4209  VDWAALS    =      8073.7268
 EELEC  =    -89187.7635  EHBOND  =         0.0000  RESTRAINT  =        16.3874
 EAMBER (non-restraint)  =    -68114.8409
 EKCMT  =      6111.9725  VIRIAL  =      5227.9044  VOLUME     =    226635.8906
                                                    Density    =         1.0175
 ------------------------------------------------------------------------------

wrapping first mol.:       22.16863       31.35118       54.30184
wrapping first mol.:       22.16863       31.35118       54.30184

 NSTEP =     5000   TIME(PS) =    4010.000  TEMP(K) =   299.15  PRESS =   239.0
 Etot   =    -54498.8821  EKtot   =     13861.4424  EPtot      =    -68360.3245
 BOND   =       459.7888  ANGLE   =      1162.2905  DIHED      =      1856.2301
 1-4 NB =       573.7450  1-4 EEL =      8901.9903  VDWAALS    =      8355.2796
 EELEC  =    -89687.3986  EHBOND  =         0.0000  RESTRAINT  =        17.7498
 EAMBER (non-restraint)  =    -68378.0742
 EKCMT  =      6026.0522  VIRIAL  =      4857.5155  VOLUME     =    226437.9933
                                                    Density    =         1.0184
 ------------------------------------------------------------------------------

wrapping first mol.:       22.16477       31.34572       54.29238
wrapping first mol.:       22.16477       31.34572       54.29238

 NSTEP =     5500   TIME(PS) =    4011.000  TEMP(K) =   299.21  PRESS =  -135.5
 Etot   =    -54461.5664  EKtot   =     13864.0723  EPtot      =    -68325.6387
 BOND   =       460.6020  ANGLE   =      1216.8135  DIHED      =      1864.4947
 1-4 NB =       577.0496  1-4 EEL =      8883.0364  VDWAALS    =      8021.3345
 EELEC  =    -89365.4917  EHBOND  =         0.0000  RESTRAINT  =        16.5223
 EAMBER (non-restraint)  =    -68342.1609
 EKCMT  =      6022.5125  VIRIAL  =      6684.6815  VOLUME     =    226327.2991
                                                    Density    =         1.0189
 ------------------------------------------------------------------------------

wrapping first mol.:       22.16831       31.35072       54.30104
wrapping first mol.:       22.16831       31.35072       54.30104

 NSTEP =     6000   TIME(PS) =    4012.000  TEMP(K) =   302.07  PRESS =    27.1
 Etot   =    -54392.0266  EKtot   =     13996.3496  EPtot      =    -68388.3763
 BOND   =       502.9454  ANGLE   =      1208.1744  DIHED      =      1866.3310
 1-4 NB =       559.2408  1-4 EEL =      8899.0462  VDWAALS    =      8308.3448
 EELEC  =    -89751.0905  EHBOND  =         0.0000  RESTRAINT  =        18.6315
 EAMBER (non-restraint)  =    -68407.0077
 EKCMT  =      6106.3150  VIRIAL  =      5973.7252  VOLUME     =    226432.2855
                                                    Density    =         1.0184
 ------------------------------------------------------------------------------

wrapping first mol.:       22.16339       31.34376       54.28898
wrapping first mol.:       22.16339       31.34376       54.28898

 NSTEP =     6500   TIME(PS) =    4013.000  TEMP(K) =   297.54  PRESS =   117.4
 Etot   =    -54750.3010  EKtot   =     13786.4336  EPtot      =    -68536.7346
 BOND   =       442.3764  ANGLE   =      1200.6696  DIHED      =      1885.3416
 1-4 NB =       573.0342  1-4 EEL =      8873.4213  VDWAALS    =      8272.5021
 EELEC  =    -89799.8988  EHBOND  =         0.0000  RESTRAINT  =        15.8190
 EAMBER (non-restraint)  =    -68552.5536
 EKCMT  =      5950.3437  VIRIAL  =      5376.9675  VOLUME     =    226279.7033
                                                    Density    =         1.0191
 ------------------------------------------------------------------------------

wrapping first mol.:       22.15183       31.32742       54.26068
wrapping first mol.:       22.15183       31.32742       54.26068

 NSTEP =     7000   TIME(PS) =    4014.000  TEMP(K) =   302.06  PRESS =   113.5
 Etot   =    -54348.3769  EKtot   =     13996.2832  EPtot      =    -68344.6601
 BOND   =       459.2117  ANGLE   =      1215.3705  DIHED      =      1852.6880
 1-4 NB =       577.4776  1-4 EEL =      8900.0456  VDWAALS    =      8090.5477
 EELEC  =    -89456.4043  EHBOND  =         0.0000  RESTRAINT  =        16.4029
 EAMBER (non-restraint)  =    -68361.0631
 EKCMT  =      6120.6005  VIRIAL  =      5566.8320  VOLUME     =    225926.0217
                                                    Density    =         1.0207
 ------------------------------------------------------------------------------

wrapping first mol.:       22.14683       31.32035       54.24843
wrapping first mol.:       22.14683       31.32035       54.24843

 NSTEP =     7500   TIME(PS) =    4015.000  TEMP(K) =   301.01  PRESS =   -96.2
 Etot   =    -54443.7445  EKtot   =     13947.3691  EPtot      =    -68391.1136
 BOND   =       461.0412  ANGLE   =      1251.0615  DIHED      =      1880.1605
 1-4 NB =       563.7658  1-4 EEL =      8865.8423  VDWAALS    =      8026.6693
 EELEC  =    -89456.8707  EHBOND  =         0.0000  RESTRAINT  =        17.2165
 EAMBER (non-restraint)  =    -68408.3302
 EKCMT  =      6097.7881  VIRIAL  =      6566.6670  VOLUME     =    225777.3297
                                                    Density    =         1.0214
 ------------------------------------------------------------------------------

wrapping first mol.:       22.14228       31.31391       54.23728
wrapping first mol.:       22.14228       31.31391       54.23728

 NSTEP =     8000   TIME(PS) =    4016.000  TEMP(K) =   302.57  PRESS =    74.4
 Etot   =    -54498.1355  EKtot   =     14019.7881  EPtot      =    -68517.9236
 BOND   =       442.5870  ANGLE   =      1250.0023  DIHED      =      1860.8881
 1-4 NB =       569.9791  1-4 EEL =      8835.7134  VDWAALS    =      8233.9361
 EELEC  =    -89726.0872  EHBOND  =         0.0000  RESTRAINT  =        15.0576
 EAMBER (non-restraint)  =    -68532.9812
 EKCMT  =      6083.0906  VIRIAL  =      5720.7722  VOLUME     =    225634.6237
                                                    Density    =         1.0220
 ------------------------------------------------------------------------------

wrapping first mol.:       22.14738       31.32113       54.24978
wrapping first mol.:       22.14738       31.32113       54.24978

 NSTEP =     8500   TIME(PS) =    4017.000  TEMP(K) =   299.29  PRESS =   -35.2
 Etot   =    -54582.5706  EKtot   =     13867.4844  EPtot      =    -68450.0549
 BOND   =       476.9219  ANGLE   =      1278.8579  DIHED      =      1862.9569
 1-4 NB =       575.4093  1-4 EEL =      8906.3569  VDWAALS    =      8241.1852
 EELEC  =    -89809.4166  EHBOND  =         0.0000  RESTRAINT  =        17.6736
 EAMBER (non-restraint)  =    -68467.7286
 EKCMT  =      6005.7026  VIRIAL  =      6177.2187  VOLUME     =    225792.9230
                                                    Density    =         1.0213
 ------------------------------------------------------------------------------

wrapping first mol.:       22.16187       31.34161       54.28526
wrapping first mol.:       22.16187       31.34161       54.28526

 NSTEP =     9000   TIME(PS) =    4018.000  TEMP(K) =   297.16  PRESS =    49.2
 Etot   =    -54598.2558  EKtot   =     13769.2061  EPtot      =    -68367.4618
 BOND   =       413.9551  ANGLE   =      1241.1871  DIHED      =      1873.0824
 1-4 NB =       578.0804  1-4 EEL =      8930.4688  VDWAALS    =      8317.0214
 EELEC  =    -89739.1312  EHBOND  =         0.0000  RESTRAINT  =        17.8742
 EAMBER (non-restraint)  =    -68385.3361
 EKCMT  =      5941.1871  VIRIAL  =      5701.0676  VOLUME     =    226234.4684
                                                    Density    =         1.0193
 ------------------------------------------------------------------------------

wrapping first mol.:       22.16730       31.34929       54.29857
wrapping first mol.:       22.16730       31.34929       54.29857

 NSTEP =     9500   TIME(PS) =    4019.000  TEMP(K) =   297.24  PRESS =  -125.2
 Etot   =    -54539.1167  EKtot   =     13772.5137  EPtot      =    -68311.6303
 BOND   =       441.6396  ANGLE   =      1232.1121  DIHED      =      1861.0379
 1-4 NB =       573.7107  1-4 EEL =      8878.7359  VDWAALS    =      8178.6467
 EELEC  =    -89492.7792  EHBOND  =         0.0000  RESTRAINT  =        15.2661
 EAMBER (non-restraint)  =    -68326.8964
 EKCMT  =      6044.2253  VIRIAL  =      6656.4188  VOLUME     =    226404.4313
                                                    Density    =         1.0185
 ------------------------------------------------------------------------------

wrapping first mol.:       22.16722       31.34919       54.29838
wrapping first mol.:       22.16722       31.34919       54.29838

 NSTEP =    10000   TIME(PS) =    4020.000  TEMP(K) =   298.22  PRESS =   -49.6
 Etot   =    -54452.1842  EKtot   =     13818.2471  EPtot      =    -68270.4312
 BOND   =       451.3229  ANGLE   =      1214.0231  DIHED      =      1865.2902
 1-4 NB =       582.7810  1-4 EEL =      8881.3344  VDWAALS    =      8025.6786
 EELEC  =    -89307.2122  EHBOND  =         0.0000  RESTRAINT  =        16.3507
 EAMBER (non-restraint)  =    -68286.7819
 EKCMT  =      6051.4966  VIRIAL  =      6293.7789  VOLUME     =    226400.5708
                                                    Density    =         1.0186
 ------------------------------------------------------------------------------

wrapping first mol.:       22.15223       31.32799       54.26166
wrapping first mol.:       22.15223       31.32799       54.26166

 NSTEP =    10500   TIME(PS) =    4021.000  TEMP(K) =   298.76  PRESS =   -18.5
 Etot   =    -54578.0873  EKtot   =     13843.1689  EPtot      =    -68421.2562
 BOND   =       460.0282  ANGLE   =      1231.0514  DIHED      =      1869.2777
 1-4 NB =       554.7972  1-4 EEL =      8837.5648  VDWAALS    =      8126.1259
 EELEC  =    -89517.8288  EHBOND  =         0.0000  RESTRAINT  =        17.7275
 EAMBER (non-restraint)  =    -68438.9837
 EKCMT  =      5924.4214  VIRIAL  =      6014.8267  VOLUME     =    225940.9339
                                                    Density    =         1.0206
 ------------------------------------------------------------------------------

wrapping first mol.:       22.15068       31.32580       54.25786
wrapping first mol.:       22.15068       31.32580       54.25786

 NSTEP =    11000   TIME(PS) =    4022.000  TEMP(K) =   297.23  PRESS =    28.2
 Etot   =    -54764.7583  EKtot   =     13772.2031  EPtot      =    -68536.9615
 BOND   =       488.3206  ANGLE   =      1224.4986  DIHED      =      1883.0127
 1-4 NB =       574.8731  1-4 EEL =      8898.5997  VDWAALS    =      8277.3822
 EELEC  =    -89900.5476  EHBOND  =         0.0000  RESTRAINT  =        16.8991
 EAMBER (non-restraint)  =    -68553.8606
 EKCMT  =      6015.3176  VIRIAL  =      5877.8427  VOLUME     =    225892.5975
                                                    Density    =         1.0209
 ------------------------------------------------------------------------------

wrapping first mol.:       22.16621       31.34775       54.29589
wrapping first mol.:       22.16621       31.34775       54.29589

 NSTEP =    11500   TIME(PS) =    4023.000  TEMP(K) =   298.36  PRESS =   -41.2
 Etot   =    -54833.9449  EKtot   =     13824.8301  EPtot      =    -68658.7749
 BOND   =       433.5117  ANGLE   =      1197.2191  DIHED      =      1868.9517
 1-4 NB =       557.0032  1-4 EEL =      8885.0431  VDWAALS    =      8101.4184
 EELEC  =    -89716.0838  EHBOND  =         0.0000  RESTRAINT  =        14.1617
 EAMBER (non-restraint)  =    -68672.9366
 EKCMT  =      6036.8296  VIRIAL  =      6238.1295  VOLUME     =    226369.2432
                                                    Density    =         1.0187
 ------------------------------------------------------------------------------

wrapping first mol.:       22.14225       31.31388       54.23722
wrapping first mol.:       22.14225       31.31388       54.23722

 NSTEP =    12000   TIME(PS) =    4024.000  TEMP(K) =   302.14  PRESS =  -280.5
 Etot   =    -54490.0712  EKtot   =     13999.9297  EPtot      =    -68490.0009
 BOND   =       472.7341  ANGLE   =      1185.8871  DIHED      =      1858.3445
 1-4 NB =       585.9019  1-4 EEL =      8880.8359  VDWAALS    =      7958.9934
 EELEC  =    -89447.1112  EHBOND  =         0.0000  RESTRAINT  =        14.4133
 EAMBER (non-restraint)  =    -68504.4142
 EKCMT  =      6018.4052  VIRIAL  =      7384.8610  VOLUME     =    225641.0395
                                                    Density    =         1.0220
 ------------------------------------------------------------------------------

wrapping first mol.:       22.13851       31.30859       54.22806
wrapping first mol.:       22.13851       31.30859       54.22806

 NSTEP =    12500   TIME(PS) =    4025.000  TEMP(K) =   300.59  PRESS =   -86.4
 Etot   =    -54643.1721  EKtot   =     13928.0791  EPtot      =    -68571.2512
 BOND   =       432.6683  ANGLE   =      1201.3216  DIHED      =      1840.2616
 1-4 NB =       565.9443  1-4 EEL =      8897.6299  VDWAALS    =      8060.4129
 EELEC  =    -89585.7492  EHBOND  =         0.0000  RESTRAINT  =        16.2593
 EAMBER (non-restraint)  =    -68587.5105
 EKCMT  =      6060.3336  VIRIAL  =      6481.1779  VOLUME     =    225522.8256
                                                    Density    =         1.0225
 ------------------------------------------------------------------------------

wrapping first mol.:       22.12546       31.29013       54.19609
wrapping first mol.:       22.12546       31.29013       54.19609

 NSTEP =    13000   TIME(PS) =    4026.000  TEMP(K) =   300.27  PRESS =     6.0
 Etot   =    -54591.4243  EKtot   =     13912.9873  EPtot      =    -68504.4116
 BOND   =       447.6578  ANGLE   =      1219.7067  DIHED      =      1858.1444
 1-4 NB =       584.4289  1-4 EEL =      8930.5441  VDWAALS    =      8126.7271
 EELEC  =    -89685.8194  EHBOND  =         0.0000  RESTRAINT  =        14.1987
 EAMBER (non-restraint)  =    -68518.6103
 EKCMT  =      6022.7866  VIRIAL  =      5993.5844  VOLUME     =    225122.3415
                                                    Density    =         1.0243
 ------------------------------------------------------------------------------

wrapping first mol.:       22.13144       31.29858       54.21072
wrapping first mol.:       22.13144       31.29858       54.21072

 NSTEP =    13500   TIME(PS) =    4027.000  TEMP(K) =   300.48  PRESS =    40.3
 Etot   =    -54645.7903  EKtot   =     13922.6689  EPtot      =    -68568.4592
 BOND   =       434.6778  ANGLE   =      1222.1035  DIHED      =      1857.3213
 1-4 NB =       564.5756  1-4 EEL =      8889.3719  VDWAALS    =      8228.7559
 EELEC  =    -89781.9975  EHBOND  =         0.0000  RESTRAINT  =        16.7324
 EAMBER (non-restraint)  =    -68585.1916
 EKCMT  =      6062.3316  VIRIAL  =      5866.0759  VOLUME     =    225304.0901
                                                    Density    =         1.0235
 ------------------------------------------------------------------------------

wrapping first mol.:       22.13172       31.29898       54.21142
wrapping first mol.:       22.13172       31.29898       54.21142

 NSTEP =    14000   TIME(PS) =    4028.000  TEMP(K) =   298.27  PRESS =  -236.7
 Etot   =    -54713.7549  EKtot   =     13820.2314  EPtot      =    -68533.9863
 BOND   =       481.8107  ANGLE   =      1217.1257  DIHED      =      1855.6885
 1-4 NB =       589.8998  1-4 EEL =      8904.0043  VDWAALS    =      8163.5749
 EELEC  =    -89764.9082  EHBOND  =         0.0000  RESTRAINT  =        18.8179
 EAMBER (non-restraint)  =    -68552.8042
 EKCMT  =      6034.4354  VIRIAL  =      7186.0995  VOLUME     =    225318.3712
                                                    Density    =         1.0235
 ------------------------------------------------------------------------------

wrapping first mol.:       22.14413       31.31652       54.24181
wrapping first mol.:       22.14413       31.31652       54.24181

 NSTEP =    14500   TIME(PS) =    4029.000  TEMP(K) =   300.69  PRESS =   112.9
 Etot   =    -54527.2709  EKtot   =     13932.6855  EPtot      =    -68459.9564
 BOND   =       452.5305  ANGLE   =      1229.8249  DIHED      =      1848.4675
 1-4 NB =       577.3480  1-4 EEL =      8873.3341  VDWAALS    =      8127.3808
 EELEC  =    -89586.6297  EHBOND  =         0.0000  RESTRAINT  =        17.7876
 EAMBER (non-restraint)  =    -68477.7440
 EKCMT  =      6053.6489  VIRIAL  =      5503.3341  VOLUME     =    225690.3733
                                                    Density    =         1.0218
 ------------------------------------------------------------------------------

wrapping first mol.:       22.14285       31.31472       54.23869
wrapping first mol.:       22.14285       31.31472       54.23869

 NSTEP =    15000   TIME(PS) =    4030.000  TEMP(K) =   300.75  PRESS =    59.6
 Etot   =    -54555.1230  EKtot   =     13935.2363  EPtot      =    -68490.3594
 BOND   =       454.6043  ANGLE   =      1233.8463  DIHED      =      1858.8919
 1-4 NB =       567.7174  1-4 EEL =      8868.2541  VDWAALS    =      8143.9241
 EELEC  =    -89635.9243  EHBOND  =         0.0000  RESTRAINT  =        18.3268
 EAMBER (non-restraint)  =    -68508.6862
 EKCMT  =      6082.2790  VIRIAL  =      5791.7032  VOLUME     =    225652.5052
                                                    Density    =         1.0219
 ------------------------------------------------------------------------------

wrapping first mol.:       22.13441       31.30278       54.21800
wrapping first mol.:       22.13441       31.30278       54.21800

 NSTEP =    15500   TIME(PS) =    4031.000  TEMP(K) =   301.85  PRESS =   180.2
 Etot   =    -54601.7630  EKtot   =     13986.1758  EPtot      =    -68587.9388
 BOND   =       474.0814  ANGLE   =      1228.3245  DIHED      =      1871.0994
 1-4 NB =       574.8919  1-4 EEL =      8865.7606  VDWAALS    =      8314.2541
 EELEC  =    -89934.3212  EHBOND  =         0.0000  RESTRAINT  =        17.9704
 EAMBER (non-restraint)  =    -68605.9092
 EKCMT  =      6089.3480  VIRIAL  =      5212.4198  VOLUME     =    225391.9911
                                                    Density    =         1.0231
 ------------------------------------------------------------------------------

wrapping first mol.:       22.14417       31.31658       54.24190
wrapping first mol.:       22.14417       31.31658       54.24190

 NSTEP =    16000   TIME(PS) =    4032.000  TEMP(K) =   302.19  PRESS =  -256.8
 Etot   =    -54404.3700  EKtot   =     14002.0000  EPtot      =    -68406.3700
 BOND   =       472.4817  ANGLE   =      1177.8584  DIHED      =      1863.0413
 1-4 NB =       568.5692  1-4 EEL =      8919.6415  VDWAALS    =      7986.2545
 EELEC  =    -89410.5231  EHBOND  =         0.0000  RESTRAINT  =        16.3064
 EAMBER (non-restraint)  =    -68422.6764
 EKCMT  =      6107.3078  VIRIAL  =      7358.7016  VOLUME     =    225699.0500
                                                    Density    =         1.0217
 ------------------------------------------------------------------------------

wrapping first mol.:       22.13855       31.30863       54.22814
wrapping first mol.:       22.13855       31.30863       54.22814

 NSTEP =    16500   TIME(PS) =    4033.000  TEMP(K) =   299.46  PRESS =  -218.4
 Etot   =    -54653.6076  EKtot   =     13875.7402  EPtot      =    -68529.3479
 BOND   =       426.8021  ANGLE   =      1229.9633  DIHED      =      1860.3851
 1-4 NB =       588.9098  1-4 EEL =      8876.6602  VDWAALS    =      7915.7138
 EELEC  =    -89445.4972  EHBOND  =         0.0000  RESTRAINT  =        17.7151
 EAMBER (non-restraint)  =    -68547.0629
 EKCMT  =      6093.2632  VIRIAL  =      7156.5620  VOLUME     =    225526.5245
                                                    Density    =         1.0225
 ------------------------------------------------------------------------------

wrapping first mol.:       22.14036       31.31120       54.23259
wrapping first mol.:       22.14036       31.31120       54.23259

 NSTEP =    17000   TIME(PS) =    4034.000  TEMP(K) =   301.57  PRESS =  -227.5
 Etot   =    -54591.1056  EKtot   =     13973.2256  EPtot      =    -68564.3312
 BOND   =       432.4886  ANGLE   =      1229.5558  DIHED      =      1857.6962
 1-4 NB =       585.6123  1-4 EEL =      8883.4258  VDWAALS    =      7860.5424
 EELEC  =    -89433.3175  EHBOND  =         0.0000  RESTRAINT  =        19.6651
 EAMBER (non-restraint)  =    -68583.9963
 EKCMT  =      6100.7879  VIRIAL  =      7208.7345  VOLUME     =    225582.2164
                                                    Density    =         1.0223
 ------------------------------------------------------------------------------

wrapping first mol.:       22.14625       31.31952       54.24700
wrapping first mol.:       22.14625       31.31952       54.24700

 NSTEP =    17500   TIME(PS) =    4035.000  TEMP(K) =   298.57  PRESS =  -184.4
 Etot   =    -54476.1251  EKtot   =     13834.5410  EPtot      =    -68310.6661
 BOND   =       441.3894  ANGLE   =      1216.3367  DIHED      =      1848.8626
 1-4 NB =       575.2312  1-4 EEL =      8924.1915  VDWAALS    =      7889.8440
 EELEC  =    -89223.5265  EHBOND  =         0.0000  RESTRAINT  =        17.0050
 EAMBER (non-restraint)  =    -68327.6711
 EKCMT  =      6045.2560  VIRIAL  =      6944.1217  VOLUME     =    225761.2360
                                                    Density    =         1.0214
 ------------------------------------------------------------------------------

wrapping first mol.:       22.16127       31.34077       54.28381
wrapping first mol.:       22.16127       31.34077       54.28381

 NSTEP =    18000   TIME(PS) =    4036.000  TEMP(K) =   298.06  PRESS =    -7.1
 Etot   =    -54716.2658  EKtot   =     13810.6826  EPtot      =    -68526.9484
 BOND   =       440.1780  ANGLE   =      1202.2537  DIHED      =      1881.3706
 1-4 NB =       572.1314  1-4 EEL =      8917.9672  VDWAALS    =      8141.4073
 EELEC  =    -89701.0072  EHBOND  =         0.0000  RESTRAINT  =        18.7504
 EAMBER (non-restraint)  =    -68545.6988
 EKCMT  =      5969.4523  VIRIAL  =      6004.2531  VOLUME     =    226217.4639
                                                    Density    =         1.0194
 ------------------------------------------------------------------------------

wrapping first mol.:       22.16035       31.33947       54.28155
wrapping first mol.:       22.16035       31.33947       54.28155

 NSTEP =    18500   TIME(PS) =    4037.000  TEMP(K) =   301.26  PRESS =   -61.0
 Etot   =    -54365.1919  EKtot   =     13959.0576  EPtot      =    -68324.2495
 BOND   =       445.9077  ANGLE   =      1206.0409  DIHED      =      1849.1630
 1-4 NB =       584.7589  1-4 EEL =      8902.7588  VDWAALS    =      8054.4635
 EELEC  =    -89386.5231  EHBOND  =         0.0000  RESTRAINT  =        19.1807
 EAMBER (non-restraint)  =    -68343.4303
 EKCMT  =      6065.9055  VIRIAL  =      6363.7207  VOLUME     =    226190.3427
                                                    Density    =         1.0195
 ------------------------------------------------------------------------------

wrapping first mol.:       22.15307       31.32917       54.26371
wrapping first mol.:       22.15307       31.32917       54.26371

 NSTEP =    19000   TIME(PS) =    4038.000  TEMP(K) =   301.22  PRESS =    -6.7
 Etot   =    -54452.2949  EKtot   =     13957.1543  EPtot      =    -68409.4492
 BOND   =       467.3561  ANGLE   =      1227.8742  DIHED      =      1872.3426
 1-4 NB =       554.2047  1-4 EEL =      8862.4004  VDWAALS    =      8147.3993
 EELEC  =    -89557.2674  EHBOND  =         0.0000  RESTRAINT  =        16.2409
 EAMBER (non-restraint)  =    -68425.6901
 EKCMT  =      6058.6375  VIRIAL  =      6091.3338  VOLUME     =    225966.2805
                                                    Density    =         1.0205
 ------------------------------------------------------------------------------

wrapping first mol.:       22.14679       31.32029       54.24833
wrapping first mol.:       22.14679       31.32029       54.24833

 NSTEP =    19500   TIME(PS) =    4039.000  TEMP(K) =   299.45  PRESS =  -213.6
 Etot   =    -54500.1945  EKtot   =     13875.0684  EPtot      =    -68375.2629
 BOND   =       439.3760  ANGLE   =      1213.1625  DIHED      =      1859.1613
 1-4 NB =       565.3139  1-4 EEL =      8884.7853  VDWAALS    =      8089.2997
 EELEC  =    -89443.1819  EHBOND  =         0.0000  RESTRAINT  =        16.8202
 EAMBER (non-restraint)  =    -68392.0831
 EKCMT  =      6068.5995  VIRIAL  =      7109.8700  VOLUME     =    225778.3968
                                                    Density    =         1.0214
 ------------------------------------------------------------------------------

wrapping first mol.:       22.14268       31.31448       54.23827
wrapping first mol.:       22.14268       31.31448       54.23827

 NSTEP =    20000   TIME(PS) =    4040.000  TEMP(K) =   301.01  PRESS =   340.4
 Etot   =    -54333.6673  EKtot   =     13947.1797  EPtot      =    -68280.8470
 BOND   =       463.7848  ANGLE   =      1234.8597  DIHED      =      1884.5817
 1-4 NB =       577.3798  1-4 EEL =      8896.1368  VDWAALS    =      8269.0171
 EELEC  =    -89624.0181  EHBOND  =         0.0000  RESTRAINT  =        17.4113
 EAMBER (non-restraint)  =    -68298.2582
 EKCMT  =      6103.9265  VIRIAL  =      4445.6606  VOLUME     =    225641.6891
                                                    Density    =         1.0220
 ------------------------------------------------------------------------------

wrapping first mol.:       22.14160       31.31294       54.23561
wrapping first mol.:       22.14160       31.31294       54.23561

 NSTEP =    20500   TIME(PS) =    4041.000  TEMP(K) =   300.93  PRESS =   100.4
 Etot   =    -54764.3244  EKtot   =     13943.8047  EPtot      =    -68708.1291
 BOND   =       419.9703  ANGLE   =      1211.1133  DIHED      =      1879.1038
 1-4 NB =       574.1943  1-4 EEL =      8886.6615  VDWAALS    =      8218.6649
 EELEC  =    -89914.8297  EHBOND  =         0.0000  RESTRAINT  =        16.9925
 EAMBER (non-restraint)  =    -68725.1216
 EKCMT  =      6169.6231  VIRIAL  =      5680.7110  VOLUME     =    225613.2583
                                                    Density    =         1.0221
 ------------------------------------------------------------------------------

wrapping first mol.:       22.14697       31.32054       54.24877
wrapping first mol.:       22.14697       31.32054       54.24877

 NSTEP =    21000   TIME(PS) =    4042.000  TEMP(K) =   302.33  PRESS =   299.6
 Etot   =    -54227.5275  EKtot   =     14008.5244  EPtot      =    -68236.0519
 BOND   =       486.1947  ANGLE   =      1199.2197  DIHED      =      1852.5605
 1-4 NB =       583.5588  1-4 EEL =      8880.6132  VDWAALS    =      8090.1301
 EELEC  =    -89349.9357  EHBOND  =         0.0000  RESTRAINT  =        21.6068
 EAMBER (non-restraint)  =    -68257.6587
 EKCMT  =      6062.2904  VIRIAL  =      4601.7785  VOLUME     =    225773.5449
                                                    Density    =         1.0214
 ------------------------------------------------------------------------------

wrapping first mol.:       22.14209       31.31364       54.23682
wrapping first mol.:       22.14209       31.31364       54.23682

 NSTEP =    21500   TIME(PS) =    4043.000  TEMP(K) =   303.37  PRESS =    84.4
 Etot   =    -54414.7718  EKtot   =     14056.7207  EPtot      =    -68471.4925
 BOND   =       421.4921  ANGLE   =      1226.4102  DIHED      =      1879.6130
 1-4 NB =       584.6236  1-4 EEL =      8920.0833  VDWAALS    =      8161.2327
 EELEC  =    -89682.6580  EHBOND  =         0.0000  RESTRAINT  =        17.7106
 EAMBER (non-restraint)  =    -68489.2031
 EKCMT  =      6122.9754  VIRIAL  =      5711.8676  VOLUME     =    225628.6664
                                                    Density    =         1.0220
 ------------------------------------------------------------------------------

wrapping first mol.:       22.14220       31.31380       54.23708
wrapping first mol.:       22.14220       31.31380       54.23708

 NSTEP =    22000   TIME(PS) =    4044.000  TEMP(K) =   298.36  PRESS =  -363.0
 Etot   =    -54645.5481  EKtot   =     13824.4697  EPtot      =    -68470.0179
 BOND   =       450.3128  ANGLE   =      1175.1536  DIHED      =      1898.6468
 1-4 NB =       561.9762  1-4 EEL =      8873.4153  VDWAALS    =      8065.0614
 EELEC  =    -89516.5866  EHBOND  =         0.0000  RESTRAINT  =        22.0027
 EAMBER (non-restraint)  =    -68492.0205
 EKCMT  =      6013.1784  VIRIAL  =      7781.6969  VOLUME     =    225640.9860
                                                    Density    =         1.0220
 ------------------------------------------------------------------------------

wrapping first mol.:       22.14556       31.31856       54.24532
wrapping first mol.:       22.14556       31.31856       54.24532

 NSTEP =    22500   TIME(PS) =    4045.000  TEMP(K) =   302.21  PRESS =    28.6
 Etot   =    -54344.3038  EKtot   =     14002.8652  EPtot      =    -68347.1690
 BOND   =       465.7241  ANGLE   =      1210.7649  DIHED      =      1873.3470
 1-4 NB =       563.4108  1-4 EEL =      8868.7578  VDWAALS    =      8132.5331
 EELEC  =    -89479.7356  EHBOND  =         0.0000  RESTRAINT  =        18.0287
 EAMBER (non-restraint)  =    -68365.1978
 EKCMT  =      6039.2553  VIRIAL  =      5899.8227  VOLUME     =    225736.0015
                                                    Density    =         1.0216
 ------------------------------------------------------------------------------

wrapping first mol.:       22.14559       31.31859       54.24539
wrapping first mol.:       22.14559       31.31859       54.24539

 NSTEP =    23000   TIME(PS) =    4046.000  TEMP(K) =   299.59  PRESS =  -112.5
 Etot   =    -54701.9405  EKtot   =     13881.4453  EPtot      =    -68583.3858
 BOND   =       464.8822  ANGLE   =      1230.0657  DIHED      =      1874.7547
 1-4 NB =       571.8431  1-4 EEL =      8894.9996  VDWAALS    =      7885.4003
 EELEC  =    -89520.8739  EHBOND  =         0.0000  RESTRAINT  =        15.5426
 EAMBER (non-restraint)  =    -68598.9284
 EKCMT  =      5999.0862  VIRIAL  =      6547.4016  VOLUME     =    225739.6921
                                                    Density    =         1.0215
 ------------------------------------------------------------------------------

wrapping first mol.:       22.15925       31.33791       54.27884
wrapping first mol.:       22.15925       31.33791       54.27884

 NSTEP =    23500   TIME(PS) =    4047.000  TEMP(K) =   299.06  PRESS =    36.5
 Etot   =    -54361.9828  EKtot   =     13857.2178  EPtot      =    -68219.2005
 BOND   =       463.0659  ANGLE   =      1239.7761  DIHED      =      1878.6213
 1-4 NB =       566.8356  1-4 EEL =      8852.2396  VDWAALS    =      8158.5819
 EELEC  =    -89399.7632  EHBOND  =         0.0000  RESTRAINT  =        21.4422
 EAMBER (non-restraint)  =    -68240.6428
 EKCMT  =      6034.3446  VIRIAL  =      5856.0854  VOLUME     =    226154.5550
                                                    Density    =         1.0197
 ------------------------------------------------------------------------------

wrapping first mol.:       22.14395       31.31627       54.24137
wrapping first mol.:       22.14395       31.31627       54.24137

 NSTEP =    24000   TIME(PS) =    4048.000  TEMP(K) =   298.00  PRESS =    24.8
 Etot   =    -54638.6782  EKtot   =     13807.7881  EPtot      =    -68446.4662
 BOND   =       501.9000  ANGLE   =      1202.7997  DIHED      =      1847.6193
 1-4 NB =       560.5414  1-4 EEL =      8865.3735  VDWAALS    =      8265.0423
 EELEC  =    -89707.9443  EHBOND  =         0.0000  RESTRAINT  =        18.2017
 EAMBER (non-restraint)  =    -68464.6679
 EKCMT  =      5977.7949  VIRIAL  =      5857.1240  VOLUME     =    225686.7480
                                                    Density    =         1.0218
 ------------------------------------------------------------------------------

wrapping first mol.:       22.15673       31.33435       54.27268
wrapping first mol.:       22.15673       31.33435       54.27268

 NSTEP =    24500   TIME(PS) =    4049.000  TEMP(K) =   299.28  PRESS =   156.0
 Etot   =    -54578.3387  EKtot   =     13867.0547  EPtot      =    -68445.3934
 BOND   =       510.5551  ANGLE   =      1213.8788  DIHED      =      1847.8448
 1-4 NB =       564.8926  1-4 EEL =      8870.9831  VDWAALS    =      8291.1425
 EELEC  =    -89766.4835  EHBOND  =         0.0000  RESTRAINT  =        21.7931
 EAMBER (non-restraint)  =    -68467.1865
 EKCMT  =      5968.5673  VIRIAL  =      5207.0255  VOLUME     =    226075.1736
                                                    Density    =         1.0200
 ------------------------------------------------------------------------------

wrapping first mol.:       22.14671       31.32018       54.24813
wrapping first mol.:       22.14671       31.32018       54.24813

 NSTEP =    25000   TIME(PS) =    4050.000  TEMP(K) =   295.83  PRESS =    -2.6
 Etot   =    -54939.1867  EKtot   =     13707.4971  EPtot      =    -68646.6838
 BOND   =       428.7389  ANGLE   =      1218.5133  DIHED      =      1841.6240
 1-4 NB =       580.8043  1-4 EEL =      8926.0438  VDWAALS    =      8227.8490
 EELEC  =    -89889.1249  EHBOND  =         0.0000  RESTRAINT  =        18.8677
 EAMBER (non-restraint)  =    -68665.5516
 EKCMT  =      5978.8292  VIRIAL  =      5991.5758  VOLUME     =    225771.6969
                                                    Density    =         1.0214
 ------------------------------------------------------------------------------

wrapping first mol.:       22.14551       31.31848       54.24519
wrapping first mol.:       22.14551       31.31848       54.24519

 NSTEP =    25500   TIME(PS) =    4051.000  TEMP(K) =   301.81  PRESS =    45.0
 Etot   =    -54667.6788  EKtot   =     13984.6172  EPtot      =    -68652.2960
 BOND   =       462.3874  ANGLE   =      1213.8523  DIHED      =      1891.3838
 1-4 NB =       573.2100  1-4 EEL =      8877.2179  VDWAALS    =      8217.2460
 EELEC  =    -89904.8745  EHBOND  =         0.0000  RESTRAINT  =        17.2810
 EAMBER (non-restraint)  =    -68669.5770
 EKCMT  =      6079.8165  VIRIAL  =      5860.6222  VOLUME     =    225734.0435
                                                    Density    =         1.0216
 ------------------------------------------------------------------------------

wrapping first mol.:       22.13451       31.30292       54.21825
wrapping first mol.:       22.13451       31.30292       54.21825

 NSTEP =    26000   TIME(PS) =    4052.000  TEMP(K) =   297.26  PRESS =    94.6
 Etot   =    -54608.4093  EKtot   =     13773.8115  EPtot      =    -68382.2208
 BOND   =       456.6611  ANGLE   =      1258.1928  DIHED      =      1846.7204
 1-4 NB =       558.9199  1-4 EEL =      8862.6072  VDWAALS    =      8369.4363
 EELEC  =    -89752.5428  EHBOND  =         0.0000  RESTRAINT  =        17.7842
 EAMBER (non-restraint)  =    -68400.0050
 EKCMT  =      5946.3506  VIRIAL  =      5486.0013  VOLUME     =    225396.8005
                                                    Density    =         1.0231
 ------------------------------------------------------------------------------

wrapping first mol.:       22.14792       31.32188       54.25109
wrapping first mol.:       22.14792       31.32188       54.25109

 NSTEP =    26500   TIME(PS) =    4053.000  TEMP(K) =   300.81  PRESS =    82.5
 Etot   =    -54633.2012  EKtot   =     13937.9766  EPtot      =    -68571.1777
 BOND   =       478.8671  ANGLE   =      1181.9313  DIHED      =      1837.2163
 1-4 NB =       554.1862  1-4 EEL =      8869.3134  VDWAALS    =      8254.9356
 EELEC  =    -89767.3121  EHBOND  =         0.0000  RESTRAINT  =        19.6844
 EAMBER (non-restraint)  =    -68590.8621
 EKCMT  =      6060.9350  VIRIAL  =      5658.8709  VOLUME     =    225806.8470
                                                    Density    =         1.0212
 ------------------------------------------------------------------------------

wrapping first mol.:       22.14162       31.31298       54.23567
wrapping first mol.:       22.14162       31.31298       54.23567

 NSTEP =    27000   TIME(PS) =    4054.000  TEMP(K) =   298.81  PRESS =  -232.8
 Etot   =    -54679.7338  EKtot   =     13845.3057  EPtot      =    -68525.0395
 BOND   =       439.4209  ANGLE   =      1229.3865  DIHED      =      1878.1018
 1-4 NB =       571.9709  1-4 EEL =      8890.0166  VDWAALS    =      7979.6503
 EELEC  =    -89531.1463  EHBOND  =         0.0000  RESTRAINT  =        17.5598
 EAMBER (non-restraint)  =    -68542.5993
 EKCMT  =      6053.9710  VIRIAL  =      7188.1239  VOLUME     =    225620.7116
                                                    Density    =         1.0221
 ------------------------------------------------------------------------------

wrapping first mol.:       22.15813       31.33633       54.27611
wrapping first mol.:       22.15813       31.33633       54.27611

 NSTEP =    27500   TIME(PS) =    4055.000  TEMP(K) =   300.67  PRESS =  -161.0
 Etot   =    -54527.6596  EKtot   =     13931.6641  EPtot      =    -68459.3237
 BOND   =       436.5285  ANGLE   =      1199.1248  DIHED      =      1856.0056
 1-4 NB =       588.2102  1-4 EEL =      8870.6923  VDWAALS    =      7972.7008
 EELEC  =    -89401.7250  EHBOND  =         0.0000  RESTRAINT  =        19.1391
 EAMBER (non-restraint)  =    -68478.4628
 EKCMT  =      6054.7172  VIRIAL  =      6840.7641  VOLUME     =    226124.3303
                                                    Density    =         1.0198
 ------------------------------------------------------------------------------

wrapping first mol.:       22.15961       31.33842       54.27973
wrapping first mol.:       22.15961       31.33842       54.27973

 NSTEP =    28000   TIME(PS) =    4056.000  TEMP(K) =   297.51  PRESS =    -0.1
 Etot   =    -54612.1284  EKtot   =     13785.0215  EPtot      =    -68397.1499
 BOND   =       444.5900  ANGLE   =      1234.1703  DIHED      =      1863.6830
 1-4 NB =       575.0255  1-4 EEL =      8880.2860  VDWAALS    =      8204.0948
 EELEC  =    -89619.4936  EHBOND  =         0.0000  RESTRAINT  =        20.4940
 EAMBER (non-restraint)  =    -68417.6439
 EKCMT  =      5990.6815  VIRIAL  =      5991.1383  VOLUME     =    226166.3511
                                                    Density    =         1.0196
 ------------------------------------------------------------------------------

wrapping first mol.:       22.15808       31.33626       54.27600
wrapping first mol.:       22.15808       31.33626       54.27600

 NSTEP =    28500   TIME(PS) =    4057.000  TEMP(K) =   297.29  PRESS =  -197.2
 Etot   =    -54598.0852  EKtot   =     13775.2510  EPtot      =    -68373.3362
 BOND   =       454.4071  ANGLE   =      1252.1436  DIHED      =      1842.9260
 1-4 NB =       574.0534  1-4 EEL =      8895.4537  VDWAALS    =      8116.4558
 EELEC  =    -89525.7923  EHBOND  =         0.0000  RESTRAINT  =        17.0165
 EAMBER (non-restraint)  =    -68390.3527
 EKCMT  =      6000.6599  VIRIAL  =      6963.2409  VOLUME     =    226123.6707
                                                    Density    =         1.0198
 ------------------------------------------------------------------------------

wrapping first mol.:       22.16229       31.34221       54.28629
wrapping first mol.:       22.16229       31.34221       54.28629

 NSTEP =    29000   TIME(PS) =    4058.000  TEMP(K) =   301.15  PRESS =  -289.6
 Etot   =    -54518.6705  EKtot   =     13953.6680  EPtot      =    -68472.3384
 BOND   =       462.3702  ANGLE   =      1218.2182  DIHED      =      1869.3080
 1-4 NB =       569.9754  1-4 EEL =      8868.9015  VDWAALS    =      7943.9738
 EELEC  =    -89424.3486  EHBOND  =         0.0000  RESTRAINT  =        19.2632
 EAMBER (non-restraint)  =    -68491.6016
 EKCMT  =      6145.1985  VIRIAL  =      7559.8080  VOLUME     =    226254.2107
                                                    Density    =         1.0192
 ------------------------------------------------------------------------------

wrapping first mol.:       22.14704       31.32064       54.24893
wrapping first mol.:       22.14704       31.32064       54.24893

 NSTEP =    29500   TIME(PS) =    4059.000  TEMP(K) =   300.63  PRESS =   272.5
 Etot   =    -54449.9010  EKtot   =     13929.7959  EPtot      =    -68379.6969
 BOND   =       429.4654  ANGLE   =      1256.5312  DIHED      =      1874.8017
 1-4 NB =       568.5379  1-4 EEL =      8887.5761  VDWAALS    =      8177.1886
 EELEC  =    -89593.6839  EHBOND  =         0.0000  RESTRAINT  =        19.8861
 EAMBER (non-restraint)  =    -68399.5830
 EKCMT  =      6092.9029  VIRIAL  =      4764.6888  VOLUME     =    225776.1115
                                                    Density    =         1.0214
 ------------------------------------------------------------------------------

wrapping first mol.:       22.14077       31.31177       54.23357
wrapping first mol.:       22.14077       31.31177       54.23357

 NSTEP =    30000   TIME(PS) =    4060.000  TEMP(K) =   301.75  PRESS =   277.4
 Etot   =    -54420.2874  EKtot   =     13981.7549  EPtot      =    -68402.0423
 BOND   =       455.1961  ANGLE   =      1238.0681  DIHED      =      1893.4614
 1-4 NB =       561.2032  1-4 EEL =      8888.1841  VDWAALS    =      8193.0176
 EELEC  =    -89649.4796  EHBOND  =         0.0000  RESTRAINT  =        18.3068
 EAMBER (non-restraint)  =    -68420.3491
 EKCMT  =      6106.9912  VIRIAL  =      4756.0046  VOLUME     =    225584.3037
                                                    Density    =         1.0222
 ------------------------------------------------------------------------------

wrapping first mol.:       22.14832       31.32245       54.25207
wrapping first mol.:       22.14832       31.32245       54.25207

 NSTEP =    30500   TIME(PS) =    4061.000  TEMP(K) =   299.61  PRESS =   125.6
 Etot   =    -54656.2211  EKtot   =     13882.4072  EPtot      =    -68538.6283
 BOND   =       439.0415  ANGLE   =      1172.3544  DIHED      =      1865.3575
 1-4 NB =       567.2642  1-4 EEL =      8898.5401  VDWAALS    =      8118.6836
 EELEC  =    -89618.8285  EHBOND  =         0.0000  RESTRAINT  =        18.9590
 EAMBER (non-restraint)  =    -68557.5873
 EKCMT  =      6002.9628  VIRIAL  =      5390.7953  VOLUME     =    225818.2110
                                                    Density    =         1.0212
 ------------------------------------------------------------------------------

wrapping first mol.:       22.15356       31.32986       54.26491
wrapping first mol.:       22.15356       31.32986       54.26491

 NSTEP =    31000   TIME(PS) =    4062.000  TEMP(K) =   299.77  PRESS =   -54.5
 Etot   =    -54550.4818  EKtot   =     13889.9209  EPtot      =    -68440.4027
 BOND   =       424.6537  ANGLE   =      1212.0029  DIHED      =      1883.0457
 1-4 NB =       577.3908  1-4 EEL =      8864.7515  VDWAALS    =      8166.2682
 EELEC  =    -89586.0152  EHBOND  =         0.0000  RESTRAINT  =        17.4997
 EAMBER (non-restraint)  =    -68457.9024
 EKCMT  =      6089.5043  VIRIAL  =      6355.4027  VOLUME     =    225982.2993
                                                    Density    =         1.0204
 ------------------------------------------------------------------------------

wrapping first mol.:       22.16537       31.34657       54.29385
wrapping first mol.:       22.16537       31.34657       54.29385

 NSTEP =    31500   TIME(PS) =    4063.000  TEMP(K) =   298.73  PRESS =    69.7
 Etot   =    -54290.2724  EKtot   =     13841.7715  EPtot      =    -68132.0439
 BOND   =       438.1171  ANGLE   =      1255.7513  DIHED      =      1887.9639
 1-4 NB =       570.7125  1-4 EEL =      8878.0093  VDWAALS    =      8229.5708
 EELEC  =    -89410.8089  EHBOND  =         0.0000  RESTRAINT  =        18.6400
 EAMBER (non-restraint)  =    -68150.6839
 EKCMT  =      6074.9681  VIRIAL  =      5734.1860  VOLUME     =    226341.4872
                                                    Density    =         1.0188
 ------------------------------------------------------------------------------

wrapping first mol.:       22.15490       31.33176       54.26819
wrapping first mol.:       22.15490       31.33176       54.26819

 NSTEP =    32000   TIME(PS) =    4064.000  TEMP(K) =   300.82  PRESS =  -142.8
 Etot   =    -54481.4634  EKtot   =     13938.7305  EPtot      =    -68420.1939
 BOND   =       438.9873  ANGLE   =      1232.0337  DIHED      =      1846.3832
 1-4 NB =       583.2894  1-4 EEL =      8890.8030  VDWAALS    =      8113.3991
 EELEC  =    -89543.5757  EHBOND  =         0.0000  RESTRAINT  =        18.4860
 EAMBER (non-restraint)  =    -68438.6799
 EKCMT  =      6040.8158  VIRIAL  =      6737.8414  VOLUME     =    226025.0751
                                                    Density    =         1.0203
 ------------------------------------------------------------------------------

wrapping first mol.:       22.15050       31.32553       54.25741
wrapping first mol.:       22.15050       31.32553       54.25741

 NSTEP =    32500   TIME(PS) =    4065.000  TEMP(K) =   302.23  PRESS =   -48.5
 Etot   =    -54106.2552  EKtot   =     14004.0352  EPtot      =    -68110.2903
 BOND   =       492.6540  ANGLE   =      1208.2112  DIHED      =      1885.4517
 1-4 NB =       567.1402  1-4 EEL =      8887.6051  VDWAALS    =      7977.1437
 EELEC  =    -89146.5455  EHBOND  =         0.0000  RESTRAINT  =        18.0492
 EAMBER (non-restraint)  =    -68128.3396
 EKCMT  =      6034.8109  VIRIAL  =      6271.3341  VOLUME     =    225888.4694
                                                    Density    =         1.0209
 ------------------------------------------------------------------------------

wrapping first mol.:       22.14853       31.32275       54.25259
wrapping first mol.:       22.14853       31.32275       54.25259

 NSTEP =    33000   TIME(PS) =    4066.000  TEMP(K) =   298.23  PRESS =    35.5
 Etot   =    -54464.6681  EKtot   =     13818.4590  EPtot      =    -68283.1271
 BOND   =       441.4307  ANGLE   =      1208.4222  DIHED      =      1874.6705
 1-4 NB =       582.3556  1-4 EEL =      8912.4546  VDWAALS    =      8062.8510
 EELEC  =    -89384.3783  EHBOND  =         0.0000  RESTRAINT  =        19.0666
 EAMBER (non-restraint)  =    -68302.1937
 EKCMT  =      6056.8604  VIRIAL  =      5883.7420  VOLUME     =    225826.5408
                                                    Density    =         1.0212
 ------------------------------------------------------------------------------

wrapping first mol.:       22.15968       31.33852       54.27991
wrapping first mol.:       22.15968       31.33852       54.27991

 NSTEP =    33500   TIME(PS) =    4067.000  TEMP(K) =   300.68  PRESS =   -62.5
 Etot   =    -54321.7777  EKtot   =     13932.1982  EPtot      =    -68253.9760
 BOND   =       470.3700  ANGLE   =      1204.0557  DIHED      =      1857.7704
 1-4 NB =       560.0632  1-4 EEL =      8885.7279  VDWAALS    =      8133.1951
 EELEC  =    -89382.4253  EHBOND  =         0.0000  RESTRAINT  =        17.2670
 EAMBER (non-restraint)  =    -68271.2430
 EKCMT  =      5998.6504  VIRIAL  =      6303.6513  VOLUME     =    226169.8430
                                                    Density    =         1.0196
 ------------------------------------------------------------------------------

wrapping first mol.:       22.15817       31.33639       54.27622
wrapping first mol.:       22.15817       31.33639       54.27622

 NSTEP =    34000   TIME(PS) =    4068.000  TEMP(K) =   300.10  PRESS =    -3.7
 Etot   =    -54352.5869  EKtot   =     13905.1582  EPtot      =    -68257.7451
 BOND   =       438.0651  ANGLE   =      1216.8964  DIHED      =      1857.5145
 1-4 NB =       571.9729  1-4 EEL =      8876.1166  VDWAALS    =      8033.6224
 EELEC  =    -89269.1278  EHBOND  =         0.0000  RESTRAINT  =        17.1948
 EAMBER (non-restraint)  =    -68274.9399
 EKCMT  =      6131.1514  VIRIAL  =      6149.1314  VOLUME     =    226122.5283
                                                    Density    =         1.0198
 ------------------------------------------------------------------------------

wrapping first mol.:       22.16479       31.34575       54.29243
wrapping first mol.:       22.16479       31.34575       54.29243

 NSTEP =    34500   TIME(PS) =    4069.000  TEMP(K) =   297.87  PRESS =    -3.5
 Etot   =    -54642.7703  EKtot   =     13801.7871  EPtot      =    -68444.5575
 BOND   =       431.1855  ANGLE   =      1196.3083  DIHED      =      1860.5772
 1-4 NB =       579.5257  1-4 EEL =      8919.7368  VDWAALS    =      8249.1180
 EELEC  =    -89700.7184  EHBOND  =         0.0000  RESTRAINT  =        19.7094
 EAMBER (non-restraint)  =    -68464.2668
 EKCMT  =      6045.8853  VIRIAL  =      6062.8731  VOLUME     =    226325.2436
                                                    Density    =         1.0189
 ------------------------------------------------------------------------------

wrapping first mol.:       22.16103       31.34043       54.28321
wrapping first mol.:       22.16103       31.34043       54.28321

 NSTEP =    35000   TIME(PS) =    4070.000  TEMP(K) =   299.27  PRESS =   163.2
 Etot   =    -54615.5504  EKtot   =     13866.9570  EPtot      =    -68482.5074
 BOND   =       462.3156  ANGLE   =      1231.9018  DIHED      =      1856.4931
 1-4 NB =       565.3445  1-4 EEL =      8894.0307  VDWAALS    =      8082.6215
 EELEC  =    -89592.6497  EHBOND  =         0.0000  RESTRAINT  =        17.4352
 EAMBER (non-restraint)  =    -68499.9426
 EKCMT  =      6035.3423  VIRIAL  =      5238.4680  VOLUME     =    226206.5277
                                                    Density    =         1.0194
 ------------------------------------------------------------------------------

wrapping first mol.:       22.15044       31.32545       54.25727
wrapping first mol.:       22.15044       31.32545       54.25727

 NSTEP =    35500   TIME(PS) =    4071.000  TEMP(K) =   301.90  PRESS =   214.6
 Etot   =    -54200.7181  EKtot   =     13988.4229  EPtot      =    -68189.1409
 BOND   =       467.8243  ANGLE   =      1233.6298  DIHED      =      1884.4077
 1-4 NB =       560.6885  1-4 EEL =      8886.9824  VDWAALS    =      8040.7559
 EELEC  =    -89280.6128  EHBOND  =         0.0000  RESTRAINT  =        17.1833
 EAMBER (non-restraint)  =    -68206.3242
 EKCMT  =      6094.2066  VIRIAL  =      5047.7209  VOLUME     =    225881.4232
                                                    Density    =         1.0209
 ------------------------------------------------------------------------------

wrapping first mol.:       22.17177       31.35561       54.30951
wrapping first mol.:       22.17177       31.35561       54.30951

 NSTEP =    36000   TIME(PS) =    4072.000  TEMP(K) =   302.74  PRESS =  -194.5
 Etot   =    -54297.2674  EKtot   =     14027.5186  EPtot      =    -68324.7860
 BOND   =       418.4543  ANGLE   =      1225.4501  DIHED      =      1854.8713
 1-4 NB =       575.1243  1-4 EEL =      8892.5353  VDWAALS    =      7927.8378
 EELEC  =    -89235.7542  EHBOND  =         0.0000  RESTRAINT  =        16.6951
 EAMBER (non-restraint)  =    -68341.4811
 EKCMT  =      6089.2018  VIRIAL  =      7040.3844  VOLUME     =    226542.7541
                                                    Density    =         1.0179
 ------------------------------------------------------------------------------

wrapping first mol.:       22.16506       31.34613       54.29308
wrapping first mol.:       22.16506       31.34613       54.29308

 NSTEP =    36500   TIME(PS) =    4073.000  TEMP(K) =   300.32  PRESS =   105.0
 Etot   =    -54304.6735  EKtot   =     13915.5684  EPtot      =    -68220.2419
 BOND   =       456.9830  ANGLE   =      1193.6441  DIHED      =      1861.8468
 1-4 NB =       552.2824  1-4 EEL =      8904.3456  VDWAALS    =      7973.7977
 EELEC  =    -89179.9833  EHBOND  =         0.0000  RESTRAINT  =        16.8417
 EAMBER (non-restraint)  =    -68237.0836
 EKCMT  =      6075.4453  VIRIAL  =      5562.3312  VOLUME     =    226331.1651
                                                    Density    =         1.0189
 ------------------------------------------------------------------------------

wrapping first mol.:       22.17086       31.35433       54.30729
wrapping first mol.:       22.17086       31.35433       54.30729

 NSTEP =    37000   TIME(PS) =    4074.000  TEMP(K) =   296.01  PRESS =    65.4
 Etot   =    -54555.6193  EKtot   =     13715.6094  EPtot      =    -68271.2287
 BOND   =       440.8827  ANGLE   =      1253.3796  DIHED      =      1884.5855
 1-4 NB =       571.4438  1-4 EEL =      8886.0635  VDWAALS    =      8150.0332
 EELEC  =    -89477.0140  EHBOND  =         0.0000  RESTRAINT  =        19.3971
 EAMBER (non-restraint)  =    -68290.6258
 EKCMT  =      6007.1834  VIRIAL  =      5687.2316  VOLUME     =    226509.7642
                                                    Density    =         1.0181
 ------------------------------------------------------------------------------

wrapping first mol.:       22.17010       31.35326       54.30544
wrapping first mol.:       22.17010       31.35326       54.30544

 NSTEP =    37500   TIME(PS) =    4075.000  TEMP(K) =   300.61  PRESS =    74.0
 Etot   =    -54575.8646  EKtot   =     13928.8359  EPtot      =    -68504.7006
 BOND   =       437.3870  ANGLE   =      1228.2215  DIHED      =      1859.8236
 1-4 NB =       563.5420  1-4 EEL =      8851.9417  VDWAALS    =      8085.5171
 EELEC  =    -89550.3155  EHBOND  =         0.0000  RESTRAINT  =        19.1820
 EAMBER (non-restraint)  =    -68523.8826
 EKCMT  =      6036.5659  VIRIAL  =      5674.5265  VOLUME     =    226486.3496
                                                    Density    =         1.0182
 ------------------------------------------------------------------------------

wrapping first mol.:       22.15852       31.33688       54.27707
wrapping first mol.:       22.15852       31.33688       54.27707

 NSTEP =    38000   TIME(PS) =    4076.000  TEMP(K) =   299.73  PRESS =  -228.0
 Etot   =    -54611.3117  EKtot   =     13888.2871  EPtot      =    -68499.5988
 BOND   =       443.9956  ANGLE   =      1216.0226  DIHED      =      1881.6113
 1-4 NB =       578.8552  1-4 EEL =      8891.5339  VDWAALS    =      8121.2446
 EELEC  =    -89651.4454  EHBOND  =         0.0000  RESTRAINT  =        18.5833
 EAMBER (non-restraint)  =    -68518.1821
 EKCMT  =      6041.7508  VIRIAL  =      7155.1937  VOLUME     =    226137.7513
                                                    Density    =         1.0197
 ------------------------------------------------------------------------------

wrapping first mol.:       22.16104       31.34044       54.28323
wrapping first mol.:       22.16104       31.34044       54.28323

 NSTEP =    38500   TIME(PS) =    4077.000  TEMP(K) =   299.33  PRESS =   -58.4
 Etot   =    -54469.4538  EKtot   =     13869.7686  EPtot      =    -68339.2224
 BOND   =       470.6226  ANGLE   =      1209.5207  DIHED      =      1828.0819
 1-4 NB =       570.6703  1-4 EEL =      8893.6906  VDWAALS    =      7975.6130
 EELEC  =    -89308.6368  EHBOND  =         0.0000  RESTRAINT  =        21.2152
 EAMBER (non-restraint)  =    -68360.4376
 EKCMT  =      6009.0951  VIRIAL  =      6294.1426  VOLUME     =    226211.3473
                                                    Density    =         1.0194
 ------------------------------------------------------------------------------

wrapping first mol.:       22.16281       31.34294       54.28756
wrapping first mol.:       22.16281       31.34294       54.28756

 NSTEP =    39000   TIME(PS) =    4078.000  TEMP(K) =   301.38  PRESS =    55.0
 Etot   =    -54440.5423  EKtot   =     13964.4102  EPtot      =    -68404.9525
 BOND   =       447.4005  ANGLE   =      1207.4961  DIHED      =      1856.6552
 1-4 NB =       562.1388  1-4 EEL =      8888.8177  VDWAALS    =      8091.9967
 EELEC  =    -89479.3839  EHBOND  =         0.0000  RESTRAINT  =        19.9263
 EAMBER (non-restraint)  =    -68424.8788
 EKCMT  =      6057.2486  VIRIAL  =      5788.6308  VOLUME     =    226263.1811
                                                    Density    =         1.0192
 ------------------------------------------------------------------------------

wrapping first mol.:       22.15499       31.33188       54.26841
wrapping first mol.:       22.15499       31.33188       54.26841

 NSTEP =    39500   TIME(PS) =    4079.000  TEMP(K) =   300.11  PRESS =    77.8
 Etot   =    -54385.8259  EKtot   =     13905.8086  EPtot      =    -68291.6345
 BOND   =       465.3812  ANGLE   =      1286.7889  DIHED      =      1899.8919
 1-4 NB =       556.7251  1-4 EEL =      8880.0652  VDWAALS    =      8051.6827
 EELEC  =    -89452.3148  EHBOND  =         0.0000  RESTRAINT  =        20.1454
 EAMBER (non-restraint)  =    -68311.7799
 EKCMT  =      6125.7206  VIRIAL  =      5745.9424  VOLUME     =    226023.2788
                                                    Density    =         1.0203
 ------------------------------------------------------------------------------

wrapping first mol.:       22.14185       31.31330       54.23622
wrapping first mol.:       22.14185       31.31330       54.23622

 NSTEP =    40000   TIME(PS) =    4080.000  TEMP(K) =   298.13  PRESS =   -46.0
 Etot   =    -54577.3392  EKtot   =     13814.1221  EPtot      =    -68391.4612
 BOND   =       479.6800  ANGLE   =      1204.8809  DIHED      =      1891.2575
 1-4 NB =       564.4283  1-4 EEL =      8907.6000  VDWAALS    =      8155.2999
 EELEC  =    -89612.7158  EHBOND  =         0.0000  RESTRAINT  =        18.1079
 EAMBER (non-restraint)  =    -68409.5691
 EKCMT  =      5994.4494  VIRIAL  =      6218.5342  VOLUME     =    225623.8721
                                                    Density    =         1.0221
 ------------------------------------------------------------------------------

wrapping first mol.:       22.14256       31.31431       54.23797
wrapping first mol.:       22.14256       31.31431       54.23797

 NSTEP =    40500   TIME(PS) =    4081.000  TEMP(K) =   301.31  PRESS =   117.6
 Etot   =    -54442.1171  EKtot   =     13961.4023  EPtot      =    -68403.5195
 BOND   =       465.5081  ANGLE   =      1218.7934  DIHED      =      1850.3424
 1-4 NB =       585.0734  1-4 EEL =      8925.4646  VDWAALS    =      8167.3427
 EELEC  =    -89633.2644  EHBOND  =         0.0000  RESTRAINT  =        17.2203
 EAMBER (non-restraint)  =    -68420.7398
 EKCMT  =      6142.3626  VIRIAL  =      5569.6686  VOLUME     =    225642.3733
                                                    Density    =         1.0220
 ------------------------------------------------------------------------------

wrapping first mol.:       22.15155       31.32703       54.26000
wrapping first mol.:       22.15155       31.32703       54.26000

 NSTEP =    41000   TIME(PS) =    4082.000  TEMP(K) =   302.03  PRESS =   -73.7
 Etot   =    -54352.9918  EKtot   =     13994.6934  EPtot      =    -68347.6852
 BOND   =       482.0753  ANGLE   =      1204.7057  DIHED      =      1897.4872
 1-4 NB =       561.8676  1-4 EEL =      8862.2901  VDWAALS    =      7935.5712
 EELEC  =    -89309.6892  EHBOND  =         0.0000  RESTRAINT  =        18.0069
 EAMBER (non-restraint)  =    -68365.6920
 EKCMT  =      6172.7564  VIRIAL  =      6532.4431  VOLUME     =    225921.2856
                                                    Density    =         1.0207
 ------------------------------------------------------------------------------

wrapping first mol.:       22.15583       31.33307       54.27046
wrapping first mol.:       22.15583       31.33307       54.27046

 NSTEP =    41500   TIME(PS) =    4083.000  TEMP(K) =   300.75  PRESS =    56.8
 Etot   =    -54655.9164  EKtot   =     13935.2686  EPtot      =    -68591.1849
 BOND   =       437.5847  ANGLE   =      1236.4724  DIHED      =      1857.2480
 1-4 NB =       572.6951  1-4 EEL =      8884.5768  VDWAALS    =      8183.0872
 EELEC  =    -89780.7010  EHBOND  =         0.0000  RESTRAINT  =        17.8518
 EAMBER (non-restraint)  =    -68609.0368
 EKCMT  =      6138.9584  VIRIAL  =      5861.9704  VOLUME     =    226049.4287
                                                    Density    =         1.0201
 ------------------------------------------------------------------------------

wrapping first mol.:       22.14175       31.31316       54.23597
wrapping first mol.:       22.14175       31.31316       54.23597

 NSTEP =    42000   TIME(PS) =    4084.000  TEMP(K) =   302.01  PRESS =  -211.1
 Etot   =    -54477.8269  EKtot   =     13993.5703  EPtot      =    -68471.3972
 BOND   =       454.5307  ANGLE   =      1200.6384  DIHED      =      1856.1182
 1-4 NB =       565.1943  1-4 EEL =      8866.6476  VDWAALS    =      7937.9377
 EELEC  =    -89372.4143  EHBOND  =         0.0000  RESTRAINT  =        19.9503
 EAMBER (non-restraint)  =    -68491.3474
 EKCMT  =      6037.3720  VIRIAL  =      7065.9356  VOLUME     =    225624.0942
                                                    Density    =         1.0221
 ------------------------------------------------------------------------------

wrapping first mol.:       22.12867       31.29467       54.20395
wrapping first mol.:       22.12867       31.29467       54.20395

 NSTEP =    42500   TIME(PS) =    4085.000  TEMP(K) =   299.88  PRESS =    10.2
 Etot   =    -54688.3786  EKtot   =     13895.1709  EPtot      =    -68583.5495
 BOND   =       428.9866  ANGLE   =      1213.8878  DIHED      =      1836.7969
 1-4 NB =       562.0674  1-4 EEL =      8912.9181  VDWAALS    =      8101.1528
 EELEC  =    -89655.9460  EHBOND  =         0.0000  RESTRAINT  =        16.5869
 EAMBER (non-restraint)  =    -68600.1364
 EKCMT  =      6040.1081  VIRIAL  =      5990.2951  VOLUME     =    225220.2371
                                                    Density    =         1.0239
 ------------------------------------------------------------------------------

wrapping first mol.:       22.13315       31.30099       54.21491
wrapping first mol.:       22.13315       31.30099       54.21491

 NSTEP =    43000   TIME(PS) =    4086.000  TEMP(K) =   298.95  PRESS =   292.7
 Etot   =    -54574.9505  EKtot   =     13851.9209  EPtot      =    -68426.8714
 BOND   =       421.6174  ANGLE   =      1280.4151  DIHED      =      1871.0120
 1-4 NB =       563.8094  1-4 EEL =      8868.4813  VDWAALS    =      8204.5763
 EELEC  =    -89654.4410  EHBOND  =         0.0000  RESTRAINT  =        17.6580
 EAMBER (non-restraint)  =    -68444.5294
 EKCMT  =      5976.3476  VIRIAL  =      4552.2267  VOLUME     =    225351.1661
                                                    Density    =         1.0233
 ------------------------------------------------------------------------------

wrapping first mol.:       22.13826       31.30822       54.22743
wrapping first mol.:       22.13826       31.30822       54.22743

 NSTEP =    43500   TIME(PS) =    4087.000  TEMP(K) =   299.27  PRESS =   113.6
 Etot   =    -54532.3831  EKtot   =     13867.0020  EPtot      =    -68399.3850
 BOND   =       422.7720  ANGLE   =      1227.1961  DIHED      =      1839.5900
 1-4 NB =       574.9327  1-4 EEL =      8874.3501  VDWAALS    =      8153.8121
 EELEC  =    -89510.4280  EHBOND  =         0.0000  RESTRAINT  =        18.3900
 EAMBER (non-restraint)  =    -68417.7750
 EKCMT  =      6035.9361  VIRIAL  =      5482.6346  VOLUME     =    225510.9728
                                                    Density    =         1.0226
 ------------------------------------------------------------------------------

wrapping first mol.:       22.12831       31.29415       54.20306
wrapping first mol.:       22.12831       31.29415       54.20306

 NSTEP =    44000   TIME(PS) =    4088.000  TEMP(K) =   299.82  PRESS =   -55.1
 Etot   =    -54672.7927  EKtot   =     13892.2100  EPtot      =    -68565.0027
 BOND   =       457.4993  ANGLE   =      1230.5748  DIHED      =      1846.1987
 1-4 NB =       570.6788  1-4 EEL =      8883.0425  VDWAALS    =      8115.2964
 EELEC  =    -89685.1652  EHBOND  =         0.0000  RESTRAINT  =        16.8721
 EAMBER (non-restraint)  =    -68581.8748
 EKCMT  =      5959.0719  VIRIAL  =      6227.2144  VOLUME     =    225210.4499
                                                    Density    =         1.0239
 ------------------------------------------------------------------------------

wrapping first mol.:       22.14986       31.32464       54.25586
wrapping first mol.:       22.14986       31.32464       54.25586

 NSTEP =    44500   TIME(PS) =    4089.000  TEMP(K) =   299.14  PRESS =  -234.1
 Etot   =    -54467.1196  EKtot   =     13860.9141  EPtot      =    -68328.0337
 BOND   =       471.4983  ANGLE   =      1225.8115  DIHED      =      1866.2590
 1-4 NB =       573.4004  1-4 EEL =      8915.6823  VDWAALS    =      7930.0987
 EELEC  =    -89327.6321  EHBOND  =         0.0000  RESTRAINT  =        16.8484
 EAMBER (non-restraint)  =    -68344.8821
 EKCMT  =      6087.1588  VIRIAL  =      7228.7167  VOLUME     =    225872.7930
                                                    Density    =         1.0209
 ------------------------------------------------------------------------------

wrapping first mol.:       22.15072       31.32584       54.25794
wrapping first mol.:       22.15072       31.32584       54.25794

 NSTEP =    45000   TIME(PS) =    4090.000  TEMP(K) =   299.69  PRESS =  -206.6
 Etot   =    -54544.6696  EKtot   =     13886.3779  EPtot      =    -68431.0475
 BOND   =       451.2883  ANGLE   =      1224.1151  DIHED      =      1871.6122
 1-4 NB =       563.0474  1-4 EEL =      8867.2475  VDWAALS    =      8013.6618
 EELEC  =    -89440.5750  EHBOND  =         0.0000  RESTRAINT  =        18.5552
 EAMBER (non-restraint)  =    -68449.6028
 EKCMT  =      6060.2635  VIRIAL  =      7067.8024  VOLUME     =    225898.3262
                                                    Density    =         1.0208
 ------------------------------------------------------------------------------

wrapping first mol.:       22.15849       31.33683       54.27698
wrapping first mol.:       22.15849       31.33683       54.27698

 NSTEP =    45500   TIME(PS) =    4091.000  TEMP(K) =   297.38  PRESS =   -24.8
 Etot   =    -54762.4525  EKtot   =     13779.3809  EPtot      =    -68541.8334
 BOND   =       435.2892  ANGLE   =      1212.8911  DIHED      =      1829.1846
 1-4 NB =       583.9645  1-4 EEL =      8908.3479  VDWAALS    =      8069.0124
 EELEC  =    -89598.0309  EHBOND  =         0.0000  RESTRAINT  =        17.5078
 EAMBER (non-restraint)  =    -68559.3412
 EKCMT  =      5977.4838  VIRIAL  =      6098.7437  VOLUME     =    226132.4753
                                                    Density    =         1.0198
 ------------------------------------------------------------------------------

wrapping first mol.:       22.13390       31.30206       54.21676
wrapping first mol.:       22.13390       31.30206       54.21676

 NSTEP =    46000   TIME(PS) =    4092.000  TEMP(K) =   304.05  PRESS =   149.7
 Etot   =    -54414.2937  EKtot   =     14088.1553  EPtot      =    -68502.4489
 BOND   =       474.9303  ANGLE   =      1203.7822  DIHED      =      1858.8222
 1-4 NB =       564.5907  1-4 EEL =      8881.3500  VDWAALS    =      8199.2552
 EELEC  =    -89697.6499  EHBOND  =         0.0000  RESTRAINT  =        12.4704
 EAMBER (non-restraint)  =    -68514.9193
 EKCMT  =      6164.6657  VIRIAL  =      5436.3304  VOLUME     =    225377.1059
                                                    Density    =         1.0232
 ------------------------------------------------------------------------------

wrapping first mol.:       22.13982       31.31043       54.23124
wrapping first mol.:       22.13982       31.31043       54.23124

 NSTEP =    46500   TIME(PS) =    4093.000  TEMP(K) =   300.54  PRESS =    11.3
 Etot   =    -54570.7328  EKtot   =     13925.5029  EPtot      =    -68496.2357
 BOND   =       429.4359  ANGLE   =      1257.5824  DIHED      =      1836.1572
 1-4 NB =       562.7123  1-4 EEL =      8883.8182  VDWAALS    =      8092.8803
 EELEC  =    -89573.9046  EHBOND  =         0.0000  RESTRAINT  =        15.0826
 EAMBER (non-restraint)  =    -68511.3183
 EKCMT  =      6057.9081  VIRIAL  =      6003.0128  VOLUME     =    225560.6142
                                                    Density    =         1.0224
 ------------------------------------------------------------------------------

wrapping first mol.:       22.14179       31.31322       54.23609
wrapping first mol.:       22.14179       31.31322       54.23609

 NSTEP =    47000   TIME(PS) =    4094.000  TEMP(K) =   301.40  PRESS =    46.5
 Etot   =    -54646.9533  EKtot   =     13965.6592  EPtot      =    -68612.6124
 BOND   =       481.3601  ANGLE   =      1209.2702  DIHED      =      1849.3752
 1-4 NB =       570.4856  1-4 EEL =      8889.2106  VDWAALS    =      8111.9047
 EELEC  =    -89738.3515  EHBOND  =         0.0000  RESTRAINT  =        14.1327
 EAMBER (non-restraint)  =    -68626.7452
 EKCMT  =      6143.4327  VIRIAL  =      5916.7827  VOLUME     =    225620.3602
                                                    Density    =         1.0221
 ------------------------------------------------------------------------------

wrapping first mol.:       22.14013       31.31087       54.23201
wrapping first mol.:       22.14013       31.31087       54.23201

 NSTEP =    47500   TIME(PS) =    4095.000  TEMP(K) =   298.97  PRESS =   160.2
 Etot   =    -54691.8224  EKtot   =     13853.0801  EPtot      =    -68544.9025
 BOND   =       451.0891  ANGLE   =      1220.6604  DIHED      =      1865.1794
 1-4 NB =       564.8081  1-4 EEL =      8847.8284  VDWAALS    =      8196.7444
 EELEC  =    -89706.3795  EHBOND  =         0.0000  RESTRAINT  =        15.1673
 EAMBER (non-restraint)  =    -68560.0698
 EKCMT  =      6064.9290  VIRIAL  =      5284.9137  VOLUME     =    225567.2146
                                                    Density    =         1.0223
 ------------------------------------------------------------------------------

wrapping first mol.:       22.13565       31.30454       54.22104
wrapping first mol.:       22.13565       31.30454       54.22104

 NSTEP =    48000   TIME(PS) =    4096.000  TEMP(K) =   302.57  PRESS =  -242.0
 Etot   =    -54347.9365  EKtot   =     14019.7363  EPtot      =    -68367.6728
 BOND   =       469.0467  ANGLE   =      1251.1952  DIHED      =      1852.3819
 1-4 NB =       560.5474  1-4 EEL =      8875.4312  VDWAALS    =      8041.2921
 EELEC  =    -89432.1855  EHBOND  =         0.0000  RESTRAINT  =        14.6181
 EAMBER (non-restraint)  =    -68382.2909
 EKCMT  =      6157.0046  VIRIAL  =      7334.9884  VOLUME     =    225438.4212
                                                    Density    =         1.0229
 ------------------------------------------------------------------------------

wrapping first mol.:       22.15360       31.32992       54.26501
wrapping first mol.:       22.15360       31.32992       54.26501

 NSTEP =    48500   TIME(PS) =    4097.000  TEMP(K) =   304.07  PRESS =   -44.0
 Etot   =    -54239.5809  EKtot   =     14089.4180  EPtot      =    -68328.9988
 BOND   =       455.0585  ANGLE   =      1264.0252  DIHED      =      1853.8590
 1-4 NB =       559.5654  1-4 EEL =      8846.6681  VDWAALS    =      8032.7196
 EELEC  =    -89354.9476  EHBOND  =         0.0000  RESTRAINT  =        14.0530
 EAMBER (non-restraint)  =    -68343.0518
 EKCMT  =      6118.9000  VIRIAL  =      6333.4330  VOLUME     =    225983.3138
                                                    Density    =         1.0204
 ------------------------------------------------------------------------------

wrapping first mol.:       22.16098       31.34036       54.28308
wrapping first mol.:       22.16098       31.34036       54.28308

 NSTEP =    49000   TIME(PS) =    4098.000  TEMP(K) =   299.60  PRESS =   -37.9
 Etot   =    -54511.3340  EKtot   =     13881.9268  EPtot      =    -68393.2608
 BOND   =       452.4454  ANGLE   =      1215.8225  DIHED      =      1875.0111
 1-4 NB =       574.3753  1-4 EEL =      8870.6237  VDWAALS    =      8181.0651
 EELEC  =    -89579.3673  EHBOND  =         0.0000  RESTRAINT  =        16.7634
 EAMBER (non-restraint)  =    -68410.0242
 EKCMT  =      5964.5673  VIRIAL  =      6149.8277  VOLUME     =    226209.0729
                                                    Density    =         1.0194
 ------------------------------------------------------------------------------

wrapping first mol.:       22.15015       31.32504       54.25656
wrapping first mol.:       22.15015       31.32504       54.25656

 NSTEP =    49500   TIME(PS) =    4099.000  TEMP(K) =   301.93  PRESS =    14.0
 Etot   =    -54487.9706  EKtot   =     13990.1309  EPtot      =    -68478.1014
 BOND   =       433.6281  ANGLE   =      1198.2435  DIHED      =      1879.5952
 1-4 NB =       576.6250  1-4 EEL =      8859.6697  VDWAALS    =      8182.0358
 EELEC  =    -89622.9234  EHBOND  =         0.0000  RESTRAINT  =        15.0246
 EAMBER (non-restraint)  =    -68493.1260
 EKCMT  =      6069.5885  VIRIAL  =      6001.1640  VOLUME     =    225876.5469
                                                    Density    =         1.0209
 ------------------------------------------------------------------------------

wrapping first mol.:       22.15501       31.33192       54.26847
wrapping first mol.:       22.15501       31.33192       54.26847

 NSTEP =    50000   TIME(PS) =    4100.000  TEMP(K) =   298.84  PRESS =   226.7
 Etot   =    -54751.1998  EKtot   =     13846.8418  EPtot      =    -68598.0416
 BOND   =       435.0162  ANGLE   =      1245.3631  DIHED      =      1866.3298
 1-4 NB =       570.6506  1-4 EEL =      8856.5537  VDWAALS    =      8331.5769
 EELEC  =    -89918.6189  EHBOND  =         0.0000  RESTRAINT  =        15.0871
 EAMBER (non-restraint)  =    -68613.1287
 EKCMT  =      6055.8896  VIRIAL  =      4949.7055  VOLUME     =    226021.0873
                                                    Density    =         1.0203
 ------------------------------------------------------------------------------


      A V E R A G E S   O V E R     100 S T E P S


 NSTEP =    50000   TIME(PS) =    4100.000  TEMP(K) =   300.05  PRESS =     3.4
 Etot   =    -54519.0833  EKtot   =     13902.8610  EPtot      =    -68421.9443
 BOND   =       452.3693  ANGLE   =      1220.1142  DIHED      =      1864.2528
 1-4 NB =       571.5001  1-4 EEL =      8884.7568  VDWAALS    =      8124.2197
 EELEC  =    -89556.5391  EHBOND  =         0.0000  RESTRAINT  =        17.3818
 EAMBER (non-restraint)  =    -68439.3261
 EKCMT  =      6053.1478  VIRIAL  =      6036.3872  VOLUME     =    225925.0399
                                                    Density    =         1.0207
 ------------------------------------------------------------------------------


      R M S  F L U C T U A T I O N S


 NSTEP =    50000   TIME(PS) =    4100.000  TEMP(K) =     1.77  PRESS =   148.9
 Etot   =       151.2723  EKtot   =        81.9737  EPtot      =       125.1702
 BOND   =        20.3838  ANGLE   =        23.7654  DIHED      =        15.4850
 1-4 NB =         9.2430  1-4 EEL =        20.2278  VDWAALS    =       117.0720
 EELEC  =       182.8514  EHBOND  =         0.0000  RESTRAINT  =         2.0501
 EAMBER (non-restraint)  =       123.1201
 EKCMT  =        55.6164  VIRIAL  =       727.1011  VOLUME     =       364.4500
                                                    Density    =         0.0016
 ------------------------------------------------------------------------------

--------------------------------------------------------------------------------
   5.  TIMINGS
--------------------------------------------------------------------------------

|  NonSetup CPU Time in Major Routines:
|
|     Routine           Sec        %
|     ------------------------------
|     Nonbond          33.99   72.15
|     Bond              0.00    0.00
|     Angle             0.00    0.00
|     Dihedral          0.00    0.00
|     Shake             0.30    0.63
|     RunMD            12.77   27.12
|     Other             0.05    0.10
|     ------------------------------
|     Total            47.11

|  PME Nonbond Pairlist CPU Time:
|
|     Routine              Sec        %
|     ---------------------------------
|     Set Up Cit           0.00    0.00
|     Build List           0.00    0.00
|     ---------------------------------
|     Total                0.00    0.00

|  PME Direct Force CPU Time:
|
|     Routine              Sec        %
|     ---------------------------------
|     NonBonded Calc       0.00    0.00
|     Exclude Masked       0.00    0.00
|     Other                0.03    0.06
|     ---------------------------------
|     Total                0.03    0.06

|  PME Reciprocal Force CPU Time:
|
|     Routine              Sec        %
|     ---------------------------------
|     1D bspline           0.00    0.00
|     Grid Charges         0.00    0.00
|     Scalar Sum           0.00    0.00
|     Gradient Sum         0.00    0.00
|     FFT                  0.00    0.00
|     ---------------------------------
|     Total                0.00    0.00

|  Final Performance Info:
|     -----------------------------------------------------
|     Average timings for last   49500 steps:
|     Elapsed(s) =      46.64 Per Step(ms) =       0.94
|         ns/day =     183.40   seconds/ns =     471.11
|
|     Average timings for all steps:
|     Elapsed(s) =      47.11 Per Step(ms) =       0.94
|         ns/day =     183.39   seconds/ns =     471.12
|     -----------------------------------------------------

|  Setup CPU time:            0.50 seconds
|  NonSetup CPU time:        47.11 seconds
|  Total CPU time:           47.61 seconds     0.01 hours

|  Setup wall time:           0    seconds
|  NonSetup wall time:       47    seconds
|  Total wall time:          47    seconds     0.01 hours
