
          -------------------------------------------------------
          Amber 18 PMEMD                              2018
          -------------------------------------------------------

| PMEMD implementation of SANDER, Release 18

| Run on 09/29/2019 at 22:42:54

|   Executable path: pmemd.cuda
| Working directory: /home/pbarletta/lbp/run/4xcp/mhe/e
|          Hostname: Unknown
  [-O]verwriting output

File Assignments:
|   MDIN: 38equ.in                                                              
|  MDOUT: 38equ.out                                                             
| INPCRD: 37e4xcp.rst7                                                          
|   PARM: /home/pbarletta/lbp/top_files/4xcp.prmtop                             
| RESTRT: 38e4xcp.rst7                                                          
|   REFC: 37e4xcp.rst7                                                          
|  MDVEL: mdvel                                                                 
|   MDEN: mden                                                                  
|  MDCRD: 38e4xcp.nc                                                            
| MDINFO: mdinfo                                                                
|  MDFRC: mdfrc                                                                 


 Here is the input file:

Equilibration with solute restrictions                                         
&cntrl                                                                         
imin = 0,                           ! No Minimization                          
nmropt = 0,                         ! No NMR restraints read                   
                                                                               
! Nature and format of the input                                               
ntx = 5,                            ! Coordinates but no velocities will be rea
irest = 1,                          ! Do not run a new simulation              
                                                                               
! Nature and format of the output                                              
ntxo = 1,                           ! rstrt file in ASCII format               
ntpr = 500,                         ! inf in output every ntpr steps           
ntwr = 500,                         ! rstrt file every ntwr steps              
ntwx = 500,                         ! mdcrd file every ntwx steps              
ntwv = 0,                           ! mdvel without velocities                 
ntwe = 0,                           ! Do not write energies and temperatures   
idecomp = 0,                        ! No energy decomposition                  
iwrap = 1,                          ! Coordinates of the restart and mdcrd file
                                                                               
! Frozen or restrained atoms                                                   
ibelly = 0,                         ! No frozen atoms                          
ntr=1,                              ! Harmonic potential restraints            
restraint_wt = 0.13,                ! The weight for the positional restraints 
restraintmask = ':1-131@N,CA,C,O',  ! restrained residues                      
                                                                               
! Molecular dynamics                                                           
nstlim = 50000,                     ! Number of MD-steps                       
dt = 0.002,                         ! Time step                                
                                                                               
! Temperature regulation                                                       
ntt = 3,                            ! Langevin thermostat                      
gamma_ln = 5,                       ! Gamma constant for Langevin              
temp0 = 300.0,                      ! Reference T at which the system is to be 
tempi = 300.0,                      ! Initial T                                
ig = -1,                            ! Seed for the RNG                         
                                                                               
! P and V regulation                                                           
ntp = 1,                            ! constant P                               
barostat = 1,                       ! Berendsen barostat                       
taup = 1,                           ! Pressure relaxation time                 
ntb = 2,                            ! Periodic box for constant P              
                                                                               
! SHAKE variables                                                              
ntc = 2,                            ! Bonds involving H are constrained        
ntf = 2,                            ! Bond interaction involving H are ommited.
                                                                               
cut = 10.0,                         ! Nonbonded cutoff                         
/                                                                              
&end                                                                           


Note: ig = -1. Setting random seed to   257372 based on wallclock time in 
      microseconds.
| irandom = 1, using AMBER's internal random number generator (default).
 
|--------------------- INFORMATION ----------------------
| GPU (CUDA) Version of PMEMD in use: NVIDIA GPU IN USE.
|                    Version 18.0.0
| 
|                      03/25/2018
| 
| Implementation by:
|                    Ross C. Walker     (SDSC)
|                    Scott Le Grand     (nVIDIA)
| 
| Version 18 performance extensions by:
|                    David Cerutti     (Rutgers)
| 
| Precision model in use:
|      [SPFP] - Single Precision Forces, 64-bit Fixed Point
|               Accumulation. (Default)
| 
|--------------------------------------------------------
 
|----------------- CITATION INFORMATION -----------------
|
|    When publishing work that utilized the CUDA version
|    of AMBER, please cite the following in addition to
|    the regular AMBER citations:
|
|  - Romelia Salomon-Ferrer; Andreas W. Goetz; Duncan
|    Poole; Scott Le Grand; Ross C. Walker "Routine
|    microsecond molecular dynamics simulations with
|    AMBER - Part II: Particle Mesh Ewald", J. Chem.
|    Theory Comput., 2013, 9 (9), pp3878-3888,
|    DOI: 10.1021/ct400314y.
|
|  - Andreas W. Goetz; Mark J. Williamson; Dong Xu;
|    Duncan Poole; Scott Le Grand; Ross C. Walker
|    "Routine microsecond molecular dynamics simulations
|    with AMBER - Part I: Generalized Born", J. Chem.
|    Theory Comput., 2012, 8 (5), pp1542-1555.
|
|  - Scott Le Grand; Andreas W. Goetz; Ross C. Walker
|    "SPFP: Speed without compromise - a mixed precision
|    model for GPU accelerated molecular dynamics
|    simulations.", Comp. Phys. Comm., 2013, 184
|    pp374-380, DOI: 10.1016/j.cpc.2012.09.022
|
|--------------------------------------------------------
 
|------------------- GPU DEVICE INFO --------------------
|
|            CUDA_VISIBLE_DEVICES: 0
|   CUDA Capable Devices Detected:      1
|           CUDA Device ID in use:      0
|                CUDA Device Name: GeForce GTX 1080 Ti
|     CUDA Device Global Mem Size:  11178 MB
| CUDA Device Num Multiprocessors:     28
|           CUDA Device Core Freq:   1.72 GHz
|
|--------------------------------------------------------
 
 
| Conditional Compilation Defines Used:
| PUBFFT
| BINTRAJ
| CUDA
| EMIL

| Largest sphere to fit in unit cell has radius =    27.134

| New format PARM file being parsed.
| Version =    1.000 Date = 04/14/18 Time = 19:54:59

| Note: 1-4 EEL scale factors are being read from the topology file.

| Note: 1-4 VDW scale factors are being read from the topology file.
| Duplicated    0 dihedrals

| Duplicated    0 dihedrals

--------------------------------------------------------------------------------
   1.  RESOURCE   USE: 
--------------------------------------------------------------------------------

 getting new box info from bottom of inpcrd
 NATOM  =   22707 NTYPES =      17 NBONH =   21487 MBONA  =    1237
 NTHETH =    2916 MTHETA =    1649 NPHIH =    5625 MPHIA  =    5085
 NHPARM =       0 NPARM  =       0 NNB   =   40734 NRES   =    6902
 NBONA  =    1237 NTHETA =    1649 NPHIA =    5085 NUMBND =      64
 NUMANG =     139 NPTRA  =     166 NATYP =      37 NPHB   =       1
 IFBOX  =       2 NMXRS  =      50 IFCAP =       0 NEXTRA =       0
 NCOPY  =       0

| Coordinate Index Table dimensions:    10   10   10
| Direct force subcell size =     6.6465    6.6465    6.6465

     BOX TYPE: TRUNCATED OCTAHEDRON

--------------------------------------------------------------------------------
   2.  CONTROL  DATA  FOR  THE  RUN
--------------------------------------------------------------------------------

default_name                                                                    

General flags:
     imin    =       0, nmropt  =       0

Nature and format of input:
     ntx     =       5, irest   =       1, ntrx    =       1

Nature and format of output:
     ntxo    =       1, ntpr    =     500, ntrx    =       1, ntwr    =     500
     iwrap   =       1, ntwx    =     500, ntwv    =       0, ntwe    =       0
     ioutfm  =       1, ntwprt  =       0, idecomp =       0, rbornstat=      0

Potential function:
     ntf     =       2, ntb     =       2, igb     =       0, nsnb    =      25
     ipol    =       0, gbsa    =       0, iesp    =       0
     dielc   =   1.00000, cut     =  10.00000, intdiel =   1.00000

Frozen or restrained atoms:
     ibelly  =       0, ntr     =       1
     restraint_wt =   0.13000

Molecular dynamics:
     nstlim  =     50000, nscm    =         0, nrespa  =         1
     t       =   0.00000, dt      =   0.00200, vlimit  =  -1.00000

Langevin dynamics temperature regulation:
     ig      =  257372
     temp0   = 300.00000, tempi   = 300.00000, gamma_ln=   5.00000

Pressure regulation:
     ntp     =       1
     pres0   =   1.00000, comp    =  44.60000, taup    =   1.00000

SHAKE:
     ntc     =       2, jfastw  =       0
     tol     =   0.00001

| Intermolecular bonds treatment:
|     no_intermolecular_bonds =       1

| Energy averages sample interval:
|     ene_avg_sampling =     500

Ewald parameters:
     verbose =       0, ew_type =       0, nbflag  =       1, use_pme =       1
     vdwmeth =       1, eedmeth =       1, netfrc  =       1
     Box X =   66.465   Box Y =   66.465   Box Z =   66.465
     Alpha =  109.471   Beta  =  109.471   Gamma =  109.471
     NFFT1 =   64       NFFT2 =   64       NFFT3 =   64
     Cutoff=   10.000   Tol   =0.100E-04
     Ewald Coefficient =  0.27511
     Interpolation order =    4

    LOADING THE CONSTRAINED ATOMS AS GROUPS


   5.  REFERENCE ATOM COORDINATES

  default_name                                                                    
     Mask :1-131@N,CA,C,O; matches   524 atoms

--------------------------------------------------------------------------------
   3.  ATOMIC COORDINATES AND VELOCITIES
--------------------------------------------------------------------------------

default_name                                                                    
 begin time read from input coords =  4100.000 ps

 
 Number of triangulated 3-point waters found:     6742

     Sum of charges from parm topology file =  -0.00100007
     Forcing neutrality...

| Dynamic Memory, Types Used:
| Reals             1110941
| Integers           905820

| Nonbonded Pairs Initial Allocation:     6868299

| GPU memory information (estimate):
| KB of GPU memory in use:         0
| KB of CPU memory in use:         0

--------------------------------------------------------------------------------
   4.  RESULTS
--------------------------------------------------------------------------------

wrapping first mol.:       22.15917       31.33780       54.27865
wrapping first mol.:       22.15917       31.33780       54.27865

 NSTEP =      500   TIME(PS) =    4101.000  TEMP(K) =   299.28  PRESS =     7.2
 Etot   =    -54541.3874  EKtot   =     13867.4678  EPtot      =    -68408.8551
 BOND   =       450.7972  ANGLE   =      1198.0336  DIHED      =      1879.8615
 1-4 NB =       562.4985  1-4 EEL =      8870.0768  VDWAALS    =      8091.1345
 EELEC  =    -89473.9665  EHBOND  =         0.0000  RESTRAINT  =        12.7093
 EAMBER (non-restraint)  =    -68421.5645
 EKCMT  =      6036.1477  VIRIAL  =      6001.1755  VOLUME     =    226152.7902
                                                    Density    =         1.0197
 ------------------------------------------------------------------------------

wrapping first mol.:       22.15375       31.33014       54.26539
wrapping first mol.:       22.15375       31.33014       54.26539

 NSTEP =     1000   TIME(PS) =    4102.000  TEMP(K) =   302.92  PRESS =    59.1
 Etot   =    -54364.7048  EKtot   =     14036.0654  EPtot      =    -68400.7702
 BOND   =       435.7725  ANGLE   =      1244.5438  DIHED      =      1862.5877
 1-4 NB =       571.2712  1-4 EEL =      8897.4577  VDWAALS    =      8222.4348
 EELEC  =    -89648.9109  EHBOND  =         0.0000  RESTRAINT  =        14.0729
 EAMBER (non-restraint)  =    -68414.8431
 EKCMT  =      6120.8324  VIRIAL  =      5832.5134  VOLUME     =    225985.9568
                                                    Density    =         1.0204
 ------------------------------------------------------------------------------

wrapping first mol.:       22.14683       31.32035       54.24844
wrapping first mol.:       22.14683       31.32035       54.24844

 NSTEP =     1500   TIME(PS) =    4103.000  TEMP(K) =   298.32  PRESS =  -157.4
 Etot   =    -54786.7676  EKtot   =     13822.7295  EPtot      =    -68609.4971
 BOND   =       449.5325  ANGLE   =      1163.5670  DIHED      =      1859.3747
 1-4 NB =       553.2463  1-4 EEL =      8875.8162  VDWAALS    =      8064.8021
 EELEC  =    -89590.1788  EHBOND  =         0.0000  RESTRAINT  =        14.3431
 EAMBER (non-restraint)  =    -68623.8401
 EKCMT  =      6024.9923  VIRIAL  =      6792.3285  VOLUME     =    225778.6139
                                                    Density    =         1.0214
 ------------------------------------------------------------------------------

wrapping first mol.:       22.15350       31.32978       54.26476
wrapping first mol.:       22.15350       31.32978       54.26476

 NSTEP =     2000   TIME(PS) =    4104.000  TEMP(K) =   297.42  PRESS =   -79.8
 Etot   =    -54489.5288  EKtot   =     13781.2764  EPtot      =    -68270.8052
 BOND   =       455.5059  ANGLE   =      1222.7766  DIHED      =      1859.0254
 1-4 NB =       563.4700  1-4 EEL =      8848.4075  VDWAALS    =      8006.7866
 EELEC  =    -89243.6002  EHBOND  =         0.0000  RESTRAINT  =        16.8230
 EAMBER (non-restraint)  =    -68287.6281
 EKCMT  =      5954.8712  VIRIAL  =      6344.0660  VOLUME     =    225980.9312
                                                    Density    =         1.0205
 ------------------------------------------------------------------------------

wrapping first mol.:       22.16908       31.35182       54.30294
wrapping first mol.:       22.16908       31.35182       54.30294

 NSTEP =     2500   TIME(PS) =    4105.000  TEMP(K) =   300.58  PRESS =   176.5
 Etot   =    -54495.3974  EKtot   =     13927.4131  EPtot      =    -68422.8105
 BOND   =       455.6906  ANGLE   =      1261.4247  DIHED      =      1837.4618
 1-4 NB =       572.1016  1-4 EEL =      8884.3215  VDWAALS    =      8346.6503
 EELEC  =    -89794.2648  EHBOND  =         0.0000  RESTRAINT  =        13.8037
 EAMBER (non-restraint)  =    -68436.6142
 EKCMT  =      5935.4270  VIRIAL  =      5072.5957  VOLUME     =    226453.0309
                                                    Density    =         1.0183
 ------------------------------------------------------------------------------

wrapping first mol.:       22.15073       31.32586       54.25798
wrapping first mol.:       22.15073       31.32586       54.25798

 NSTEP =     3000   TIME(PS) =    4106.000  TEMP(K) =   301.85  PRESS =   230.4
 Etot   =    -54427.7806  EKtot   =     13986.2578  EPtot      =    -68414.0384
 BOND   =       436.9213  ANGLE   =      1206.9516  DIHED      =      1869.9963
 1-4 NB =       577.8772  1-4 EEL =      8861.4346  VDWAALS    =      8264.3646
 EELEC  =    -89644.2487  EHBOND  =         0.0000  RESTRAINT  =        12.6645
 EAMBER (non-restraint)  =    -68426.7030
 EKCMT  =      6035.2151  VIRIAL  =      4911.5344  VOLUME     =    225889.9614
                                                    Density    =         1.0209
 ------------------------------------------------------------------------------

wrapping first mol.:       22.15323       31.32940       54.26411
wrapping first mol.:       22.15323       31.32940       54.26411

 NSTEP =     3500   TIME(PS) =    4107.000  TEMP(K) =   301.25  PRESS =    83.6
 Etot   =    -54446.5571  EKtot   =     13958.3887  EPtot      =    -68404.9458
 BOND   =       453.9841  ANGLE   =      1185.9136  DIHED      =      1839.6898
 1-4 NB =       563.6631  1-4 EEL =      8847.3307  VDWAALS    =      8109.1699
 EELEC  =    -89420.2447  EHBOND  =         0.0000  RESTRAINT  =        15.5477
 EAMBER (non-restraint)  =    -68420.4935
 EKCMT  =      6033.1269  VIRIAL  =      5625.2629  VOLUME     =    225969.4557
                                                    Density    =         1.0205
 ------------------------------------------------------------------------------

wrapping first mol.:       22.14883       31.32317       54.25333
wrapping first mol.:       22.14883       31.32317       54.25333

 NSTEP =     4000   TIME(PS) =    4108.000  TEMP(K) =   302.95  PRESS =   -95.8
 Etot   =    -54383.1247  EKtot   =     14037.0762  EPtot      =    -68420.2009
 BOND   =       458.9471  ANGLE   =      1223.3015  DIHED      =      1852.3703
 1-4 NB =       575.9344  1-4 EEL =      8852.1228  VDWAALS    =      8013.5151
 EELEC  =    -89413.2717  EHBOND  =         0.0000  RESTRAINT  =        16.8796
 EAMBER (non-restraint)  =    -68437.0805
 EKCMT  =      6091.9431  VIRIAL  =      6559.2614  VOLUME     =    225838.4066
                                                    Density    =         1.0211
 ------------------------------------------------------------------------------

wrapping first mol.:       22.14930       31.32383       54.25447
wrapping first mol.:       22.14930       31.32383       54.25447

 NSTEP =     4500   TIME(PS) =    4109.000  TEMP(K) =   299.14  PRESS =   -53.4
 Etot   =    -54462.0949  EKtot   =     13860.6914  EPtot      =    -68322.7863
 BOND   =       484.4675  ANGLE   =      1250.7042  DIHED      =      1851.2838
 1-4 NB =       559.7834  1-4 EEL =      8900.0080  VDWAALS    =      8026.1854
 EELEC  =    -89407.9248  EHBOND  =         0.0000  RESTRAINT  =        12.7062
 EAMBER (non-restraint)  =    -68335.4925
 EKCMT  =      6048.6257  VIRIAL  =      6309.1364  VOLUME     =    225851.7971
                                                    Density    =         1.0210
 ------------------------------------------------------------------------------

wrapping first mol.:       22.14973       31.32445       54.25553
wrapping first mol.:       22.14973       31.32445       54.25553

 NSTEP =     5000   TIME(PS) =    4110.000  TEMP(K) =   297.22  PRESS =    11.7
 Etot   =    -54598.1521  EKtot   =     13771.9717  EPtot      =    -68370.1238
 BOND   =       482.1114  ANGLE   =      1276.4053  DIHED      =      1861.4851
 1-4 NB =       564.9431  1-4 EEL =      8854.3252  VDWAALS    =      8264.9589
 EELEC  =    -89690.8982  EHBOND  =         0.0000  RESTRAINT  =        16.5455
 EAMBER (non-restraint)  =    -68386.6693
 EKCMT  =      6062.7962  VIRIAL  =      6005.8652  VOLUME     =    225863.7984
                                                    Density    =         1.0210
 ------------------------------------------------------------------------------

wrapping first mol.:       22.15647       31.33398       54.27205
wrapping first mol.:       22.15647       31.33398       54.27205

 NSTEP =     5500   TIME(PS) =    4111.000  TEMP(K) =   302.79  PRESS =  -142.4
 Etot   =    -54192.6287  EKtot   =     14029.7910  EPtot      =    -68222.4197
 BOND   =       482.4479  ANGLE   =      1229.1653  DIHED      =      1868.6686
 1-4 NB =       553.3172  1-4 EEL =      8874.4307  VDWAALS    =      8087.6342
 EELEC  =    -89332.7506  EHBOND  =         0.0000  RESTRAINT  =        14.6669
 EAMBER (non-restraint)  =    -68237.0866
 EKCMT  =      6132.6221  VIRIAL  =      6827.9346  VOLUME     =    226073.2230
                                                    Density    =         1.0200
 ------------------------------------------------------------------------------

wrapping first mol.:       22.15877       31.33724       54.27769
wrapping first mol.:       22.15877       31.33724       54.27769

 NSTEP =     6000   TIME(PS) =    4112.000  TEMP(K) =   301.38  PRESS =    83.0
 Etot   =    -54440.2465  EKtot   =     13964.5469  EPtot      =    -68404.7933
 BOND   =       457.4905  ANGLE   =      1201.2172  DIHED      =      1851.3110
 1-4 NB =       572.0891  1-4 EEL =      8906.8574  VDWAALS    =      8212.7394
 EELEC  =    -89621.6725  EHBOND  =         0.0000  RESTRAINT  =        15.1746
 EAMBER (non-restraint)  =    -68419.9680
 EKCMT  =      6083.6683  VIRIAL  =      5678.2645  VOLUME     =    226139.1450
                                                    Density    =         1.0197
 ------------------------------------------------------------------------------

wrapping first mol.:       22.15517       31.33214       54.26885
wrapping first mol.:       22.15517       31.33214       54.26885

 NSTEP =     6500   TIME(PS) =    4113.000  TEMP(K) =   299.48  PRESS =   -82.6
 Etot   =    -54378.2952  EKtot   =     13876.3574  EPtot      =    -68254.6526
 BOND   =       439.5362  ANGLE   =      1228.8850  DIHED      =      1882.3403
 1-4 NB =       569.0255  1-4 EEL =      8864.0479  VDWAALS    =      8173.7765
 EELEC  =    -89425.9271  EHBOND  =         0.0000  RESTRAINT  =        13.6632
 EAMBER (non-restraint)  =    -68268.3158
 EKCMT  =      6066.7434  VIRIAL  =      6470.0752  VOLUME     =    226032.1081
                                                    Density    =         1.0202
 ------------------------------------------------------------------------------

wrapping first mol.:       22.14025       31.31104       54.23231
wrapping first mol.:       22.14025       31.31104       54.23231

 NSTEP =     7000   TIME(PS) =    4114.000  TEMP(K) =   301.67  PRESS =    44.2
 Etot   =    -54444.2328  EKtot   =     13977.8838  EPtot      =    -68422.1166
 BOND   =       468.7117  ANGLE   =      1187.9444  DIHED      =      1837.0331
 1-4 NB =       570.2649  1-4 EEL =      8868.0876  VDWAALS    =      8141.2433
 EELEC  =    -89509.5057  EHBOND  =         0.0000  RESTRAINT  =        14.1041
 EAMBER (non-restraint)  =    -68436.2208
 EKCMT  =      6095.7760  VIRIAL  =      5880.7035  VOLUME     =    225573.2186
                                                    Density    =         1.0223
 ------------------------------------------------------------------------------

wrapping first mol.:       22.16029       31.33938       54.28140
wrapping first mol.:       22.16029       31.33938       54.28140

 NSTEP =     7500   TIME(PS) =    4115.000  TEMP(K) =   299.54  PRESS =   -61.7
 Etot   =    -54535.3619  EKtot   =     13879.2832  EPtot      =    -68414.6451
 BOND   =       447.3355  ANGLE   =      1237.6361  DIHED      =      1871.4374
 1-4 NB =       573.5770  1-4 EEL =      8908.2631  VDWAALS    =      8087.9175
 EELEC  =    -89554.9790  EHBOND  =         0.0000  RESTRAINT  =        14.1672
 EAMBER (non-restraint)  =    -68428.8124
 EKCMT  =      5980.6650  VIRIAL  =      6281.8123  VOLUME     =    226188.4397
                                                    Density    =         1.0195
 ------------------------------------------------------------------------------

wrapping first mol.:       22.15699       31.33471       54.27331
wrapping first mol.:       22.15699       31.33471       54.27331

 NSTEP =     8000   TIME(PS) =    4116.000  TEMP(K) =   298.33  PRESS =   150.6
 Etot   =    -54491.2991  EKtot   =     13823.3936  EPtot      =    -68314.6927
 BOND   =       463.0434  ANGLE   =      1203.1326  DIHED      =      1877.2514
 1-4 NB =       568.2765  1-4 EEL =      8874.4293  VDWAALS    =      8184.2535
 EELEC  =    -89499.8179  EHBOND  =         0.0000  RESTRAINT  =        14.7386
 EAMBER (non-restraint)  =    -68329.4312
 EKCMT  =      5983.4550  VIRIAL  =      5248.3508  VOLUME     =    226083.0628
                                                    Density    =         1.0200
 ------------------------------------------------------------------------------

wrapping first mol.:       22.14728       31.32099       54.24954
wrapping first mol.:       22.14728       31.32099       54.24954

 NSTEP =     8500   TIME(PS) =    4117.000  TEMP(K) =   298.88  PRESS =   120.4
 Etot   =    -54495.0036  EKtot   =     13848.7393  EPtot      =    -68343.7429
 BOND   =       445.1541  ANGLE   =      1232.2576  DIHED      =      1884.2994
 1-4 NB =       585.0343  1-4 EEL =      8872.7518  VDWAALS    =      8219.9631
 EELEC  =    -89598.3045  EHBOND  =         0.0000  RESTRAINT  =        15.1014
 EAMBER (non-restraint)  =    -68358.8443
 EKCMT  =      6026.1254  VIRIAL  =      5439.1785  VOLUME     =    225786.7461
                                                    Density    =         1.0213
 ------------------------------------------------------------------------------

wrapping first mol.:       22.14022       31.31100       54.23224
wrapping first mol.:       22.14022       31.31100       54.23224

 NSTEP =     9000   TIME(PS) =    4118.000  TEMP(K) =   298.66  PRESS =   120.1
 Etot   =    -54566.4292  EKtot   =     13838.3398  EPtot      =    -68404.7690
 BOND   =       450.6298  ANGLE   =      1212.2331  DIHED      =      1860.7594
 1-4 NB =       572.5498  1-4 EEL =      8872.6866  VDWAALS    =      8124.8733
 EELEC  =    -89512.1733  EHBOND  =         0.0000  RESTRAINT  =        13.6723
 EAMBER (non-restraint)  =    -68418.4413
 EKCMT  =      6037.4580  VIRIAL  =      5452.3446  VOLUME     =    225570.8621
                                                    Density    =         1.0223
 ------------------------------------------------------------------------------

wrapping first mol.:       22.14789       31.32185       54.25102
wrapping first mol.:       22.14789       31.32185       54.25102

 NSTEP =     9500   TIME(PS) =    4119.000  TEMP(K) =   296.80  PRESS =  -187.7
 Etot   =    -54617.6925  EKtot   =     13752.3848  EPtot      =    -68370.0773
 BOND   =       434.5721  ANGLE   =      1257.9260  DIHED      =      1865.3534
 1-4 NB =       570.9757  1-4 EEL =      8867.8371  VDWAALS    =      8016.4243
 EELEC  =    -89396.3502  EHBOND  =         0.0000  RESTRAINT  =        13.1844
 EAMBER (non-restraint)  =    -68383.2616
 EKCMT  =      5955.7897  VIRIAL  =      6870.8708  VOLUME     =    225811.5146
                                                    Density    =         1.0212
 ------------------------------------------------------------------------------

wrapping first mol.:       22.16248       31.34248       54.28677
wrapping first mol.:       22.16248       31.34248       54.28677

 NSTEP =    10000   TIME(PS) =    4120.000  TEMP(K) =   301.92  PRESS =  -221.6
 Etot   =    -54358.4461  EKtot   =     13989.4756  EPtot      =    -68347.9217
 BOND   =       482.5235  ANGLE   =      1247.2532  DIHED      =      1859.8873
 1-4 NB =       574.6629  1-4 EEL =      8845.1109  VDWAALS    =      7986.5606
 EELEC  =    -89357.8598  EHBOND  =         0.0000  RESTRAINT  =        13.9397
 EAMBER (non-restraint)  =    -68361.8614
 EKCMT  =      6033.7095  VIRIAL  =      7116.2533  VOLUME     =    226258.7951
                                                    Density    =         1.0192
 ------------------------------------------------------------------------------

wrapping first mol.:       22.15356       31.32986       54.26491
wrapping first mol.:       22.15356       31.32986       54.26491

 NSTEP =    10500   TIME(PS) =    4121.000  TEMP(K) =   299.85  PRESS =   110.6
 Etot   =    -54589.5124  EKtot   =     13893.5322  EPtot      =    -68483.0446
 BOND   =       457.2817  ANGLE   =      1217.3212  DIHED      =      1860.8349
 1-4 NB =       573.4830  1-4 EEL =      8883.7505  VDWAALS    =      8148.3182
 EELEC  =    -89640.3983  EHBOND  =         0.0000  RESTRAINT  =        16.3643
 EAMBER (non-restraint)  =    -68499.4089
 EKCMT  =      6076.3864  VIRIAL  =      5536.5637  VOLUME     =    225978.8810
                                                    Density    =         1.0205
 ------------------------------------------------------------------------------

wrapping first mol.:       22.14395       31.31628       54.24138
wrapping first mol.:       22.14395       31.31628       54.24138

 NSTEP =    11000   TIME(PS) =    4122.000  TEMP(K) =   294.61  PRESS =     9.6
 Etot   =    -54959.2735  EKtot   =     13651.0020  EPtot      =    -68610.2754
 BOND   =       453.8792  ANGLE   =      1220.1081  DIHED      =      1875.9736
 1-4 NB =       557.7472  1-4 EEL =      8866.7178  VDWAALS    =      8321.0788
 EELEC  =    -89920.9713  EHBOND  =         0.0000  RESTRAINT  =        15.1910
 EAMBER (non-restraint)  =    -68625.4665
 EKCMT  =      5896.7611  VIRIAL  =      5849.8209  VOLUME     =    225687.0816
                                                    Density    =         1.0218
 ------------------------------------------------------------------------------

wrapping first mol.:       22.15266       31.32858       54.26270
wrapping first mol.:       22.15266       31.32858       54.26270

 NSTEP =    11500   TIME(PS) =    4123.000  TEMP(K) =   299.57  PRESS =    63.2
 Etot   =    -54558.0102  EKtot   =     13880.8975  EPtot      =    -68438.9077
 BOND   =       462.4192  ANGLE   =      1203.3035  DIHED      =      1853.3318
 1-4 NB =       556.7846  1-4 EEL =      8838.5688  VDWAALS    =      8032.1192
 EELEC  =    -89401.3878  EHBOND  =         0.0000  RESTRAINT  =        15.9530
 EAMBER (non-restraint)  =    -68454.8606
 EKCMT  =      6081.2032  VIRIAL  =      5772.6811  VOLUME     =    225952.2321
                                                    Density    =         1.0206
 ------------------------------------------------------------------------------

wrapping first mol.:       22.15294       31.32899       54.26340
wrapping first mol.:       22.15294       31.32899       54.26340

 NSTEP =    12000   TIME(PS) =    4124.000  TEMP(K) =   299.70  PRESS =   132.9
 Etot   =    -54477.9065  EKtot   =     13886.9355  EPtot      =    -68364.8421
 BOND   =       455.7237  ANGLE   =      1189.4528  DIHED      =      1866.8040
 1-4 NB =       561.3932  1-4 EEL =      8892.6620  VDWAALS    =      8232.2111
 EELEC  =    -89581.6654  EHBOND  =         0.0000  RESTRAINT  =        18.5764
 EAMBER (non-restraint)  =    -68383.4185
 EKCMT  =      5987.0704  VIRIAL  =      5338.7466  VOLUME     =    225959.5995
                                                    Density    =         1.0206
 ------------------------------------------------------------------------------

wrapping first mol.:       22.14711       31.32074       54.24910
wrapping first mol.:       22.14711       31.32074       54.24910

 NSTEP =    12500   TIME(PS) =    4125.000  TEMP(K) =   299.08  PRESS =   -30.8
 Etot   =    -54451.9002  EKtot   =     13857.7500  EPtot      =    -68309.6502
 BOND   =       422.1299  ANGLE   =      1271.8087  DIHED      =      1884.5711
 1-4 NB =       570.0551  1-4 EEL =      8851.7838  VDWAALS    =      8099.2527
 EELEC  =    -89424.6649  EHBOND  =         0.0000  RESTRAINT  =        15.4134
 EAMBER (non-restraint)  =    -68325.0635
 EKCMT  =      6053.0436  VIRIAL  =      6203.1187  VOLUME     =    225784.3634
                                                    Density    =         1.0213
 ------------------------------------------------------------------------------

wrapping first mol.:       22.14509       31.31789       54.24417
wrapping first mol.:       22.14509       31.31789       54.24417

 NSTEP =    13000   TIME(PS) =    4126.000  TEMP(K) =   301.48  PRESS =   227.3
 Etot   =    -54417.9930  EKtot   =     13969.3916  EPtot      =    -68387.3846
 BOND   =       453.4050  ANGLE   =      1186.6461  DIHED      =      1862.6888
 1-4 NB =       572.7324  1-4 EEL =      8854.3400  VDWAALS    =      8119.2892
 EELEC  =    -89454.0115  EHBOND  =         0.0000  RESTRAINT  =        17.5253
 EAMBER (non-restraint)  =    -68404.9099
 EKCMT  =      6110.4255  VIRIAL  =      5002.6289  VOLUME     =    225717.5600
                                                    Density    =         1.0216
 ------------------------------------------------------------------------------

wrapping first mol.:       22.15129       31.32666       54.25936
wrapping first mol.:       22.15129       31.32666       54.25936

 NSTEP =    13500   TIME(PS) =    4127.000  TEMP(K) =   299.22  PRESS =  -224.0
 Etot   =    -54557.6472  EKtot   =     13864.5654  EPtot      =    -68422.2126
 BOND   =       483.3537  ANGLE   =      1222.3495  DIHED      =      1867.3500
 1-4 NB =       561.8290  1-4 EEL =      8854.0757  VDWAALS    =      8022.8117
 EELEC  =    -89447.6389  EHBOND  =         0.0000  RESTRAINT  =        13.6565
 EAMBER (non-restraint)  =    -68435.8692
 EKCMT  =      5975.4179  VIRIAL  =      7067.8185  VOLUME     =    225916.3140
                                                    Density    =         1.0207
 ------------------------------------------------------------------------------

wrapping first mol.:       22.13839       31.30841       54.22775
wrapping first mol.:       22.13839       31.30841       54.22775

 NSTEP =    14000   TIME(PS) =    4128.000  TEMP(K) =   300.14  PRESS =  -105.4
 Etot   =    -54716.0025  EKtot   =     13906.9775  EPtot      =    -68622.9800
 BOND   =       463.8050  ANGLE   =      1250.9876  DIHED      =      1839.4312
 1-4 NB =       555.7352  1-4 EEL =      8843.6488  VDWAALS    =      8155.8668
 EELEC  =    -89748.0669  EHBOND  =         0.0000  RESTRAINT  =        15.6123
 EAMBER (non-restraint)  =    -68638.5923
 EKCMT  =      6019.5064  VIRIAL  =      6532.4819  VOLUME     =    225519.3538
                                                    Density    =         1.0225
 ------------------------------------------------------------------------------

wrapping first mol.:       22.14051       31.31141       54.23296
wrapping first mol.:       22.14051       31.31141       54.23296

 NSTEP =    14500   TIME(PS) =    4129.000  TEMP(K) =   295.38  PRESS =   237.7
 Etot   =    -54813.0509  EKtot   =     13686.5098  EPtot      =    -68499.5607
 BOND   =       459.4213  ANGLE   =      1221.1371  DIHED      =      1878.6636
 1-4 NB =       580.5581  1-4 EEL =      8895.2532  VDWAALS    =      8320.5191
 EELEC  =    -89868.2176  EHBOND  =         0.0000  RESTRAINT  =        13.1046
 EAMBER (non-restraint)  =    -68512.6652
 EKCMT  =      5960.4555  VIRIAL  =      4802.9684  VOLUME     =    225577.4085
                                                    Density    =         1.0223
 ------------------------------------------------------------------------------

wrapping first mol.:       22.14786       31.32181       54.25096
wrapping first mol.:       22.14786       31.32181       54.25096

 NSTEP =    15000   TIME(PS) =    4130.000  TEMP(K) =   298.93  PRESS =    31.4
 Etot   =    -54729.9454  EKtot   =     13851.1387  EPtot      =    -68581.0840
 BOND   =       444.3902  ANGLE   =      1203.6572  DIHED      =      1862.1022
 1-4 NB =       580.8733  1-4 EEL =      8894.9923  VDWAALS    =      8234.5038
 EELEC  =    -89815.6182  EHBOND  =         0.0000  RESTRAINT  =        14.0151
 EAMBER (non-restraint)  =    -68595.0992
 EKCMT  =      6046.4831  VIRIAL  =      5893.2148  VOLUME     =    225806.3175
                                                    Density    =         1.0212
 ------------------------------------------------------------------------------

wrapping first mol.:       22.15356       31.32987       54.26492
wrapping first mol.:       22.15356       31.32987       54.26492

 NSTEP =    15500   TIME(PS) =    4131.000  TEMP(K) =   302.90  PRESS =    54.3
 Etot   =    -54311.6053  EKtot   =     14034.7607  EPtot      =    -68346.3660
 BOND   =       430.9805  ANGLE   =      1240.9178  DIHED      =      1867.0230
 1-4 NB =       588.6548  1-4 EEL =      8917.7101  VDWAALS    =      8165.1823
 EELEC  =    -89572.5009  EHBOND  =         0.0000  RESTRAINT  =        15.6664
 EAMBER (non-restraint)  =    -68362.0324
 EKCMT  =      6027.7780  VIRIAL  =      5762.8103  VOLUME     =    225980.1512
                                                    Density    =         1.0205
 ------------------------------------------------------------------------------

wrapping first mol.:       22.15181       31.32739       54.26062
wrapping first mol.:       22.15181       31.32739       54.26062

 NSTEP =    16000   TIME(PS) =    4132.000  TEMP(K) =   296.46  PRESS =  -218.8
 Etot   =    -54755.7881  EKtot   =     13736.7119  EPtot      =    -68492.5000
 BOND   =       441.8084  ANGLE   =      1253.2417  DIHED      =      1875.1483
 1-4 NB =       560.4586  1-4 EEL =      8864.7285  VDWAALS    =      8165.3510
 EELEC  =    -89668.0557  EHBOND  =         0.0000  RESTRAINT  =        14.8193
 EAMBER (non-restraint)  =    -68507.3192
 EKCMT  =      5914.7713  VIRIAL  =      6982.3324  VOLUME     =    225931.9816
                                                    Density    =         1.0207
 ------------------------------------------------------------------------------

wrapping first mol.:       22.15540       31.33246       54.26941
wrapping first mol.:       22.15540       31.33246       54.26941

 NSTEP =    16500   TIME(PS) =    4133.000  TEMP(K) =   302.48  PRESS =   457.4
 Etot   =    -54157.5257  EKtot   =     14015.7188  EPtot      =    -68173.2444
 BOND   =       450.9911  ANGLE   =      1262.4531  DIHED      =      1841.8652
 1-4 NB =       569.6198  1-4 EEL =      8835.6701  VDWAALS    =      8167.8928
 EELEC  =    -89318.1664  EHBOND  =         0.0000  RESTRAINT  =        16.4299
 EAMBER (non-restraint)  =    -68189.6744
 EKCMT  =      6124.9696  VIRIAL  =      3892.6664  VOLUME     =    226028.2314
                                                    Density    =         1.0202
 ------------------------------------------------------------------------------

wrapping first mol.:       22.14719       31.32086       54.24931
wrapping first mol.:       22.14719       31.32086       54.24931

 NSTEP =    17000   TIME(PS) =    4134.000  TEMP(K) =   297.53  PRESS =  -256.6
 Etot   =    -54526.3329  EKtot   =     13786.2871  EPtot      =    -68312.6201
 BOND   =       468.6197  ANGLE   =      1183.8237  DIHED      =      1854.8189
 1-4 NB =       569.7527  1-4 EEL =      8875.1606  VDWAALS    =      8007.4560
 EELEC  =    -89287.6676  EHBOND  =         0.0000  RESTRAINT  =        15.4159
 EAMBER (non-restraint)  =    -68328.0359
 EKCMT  =      6054.3920  VIRIAL  =      7305.1709  VOLUME     =    225791.4991
                                                    Density    =         1.0213
 ------------------------------------------------------------------------------

wrapping first mol.:       22.15853       31.33689       54.27708
wrapping first mol.:       22.15853       31.33689       54.27708

 NSTEP =    17500   TIME(PS) =    4135.000  TEMP(K) =   299.81  PRESS =     5.9
 Etot   =    -54591.3536  EKtot   =     13891.7266  EPtot      =    -68483.0802
 BOND   =       443.8477  ANGLE   =      1219.9287  DIHED      =      1850.1474
 1-4 NB =       557.5652  1-4 EEL =      8855.9473  VDWAALS    =      8029.7180
 EELEC  =    -89456.9014  EHBOND  =         0.0000  RESTRAINT  =        16.6669
 EAMBER (non-restraint)  =    -68499.7471
 EKCMT  =      6053.4518  VIRIAL  =      6024.4237  VOLUME     =    226133.1836
                                                    Density    =         1.0198
 ------------------------------------------------------------------------------

wrapping first mol.:       22.14718       31.32084       54.24929
wrapping first mol.:       22.14718       31.32084       54.24929

 NSTEP =    18000   TIME(PS) =    4136.000  TEMP(K) =   298.87  PRESS =  -142.7
 Etot   =    -54418.2137  EKtot   =     13848.2773  EPtot      =    -68266.4911
 BOND   =       430.8082  ANGLE   =      1211.6620  DIHED      =      1867.1371
 1-4 NB =       596.7637  1-4 EEL =      8885.4758  VDWAALS    =      8093.3657
 EELEC  =    -89367.7997  EHBOND  =         0.0000  RESTRAINT  =        16.0962
 EAMBER (non-restraint)  =    -68282.5872
 EKCMT  =      5948.4011  VIRIAL  =      6643.9163  VOLUME     =    225788.9622
                                                    Density    =         1.0213
 ------------------------------------------------------------------------------

wrapping first mol.:       22.13467       31.30315       54.21864
wrapping first mol.:       22.13467       31.30315       54.21864

 NSTEP =    18500   TIME(PS) =    4137.000  TEMP(K) =   302.93  PRESS =   -74.3
 Etot   =    -54464.1495  EKtot   =     14036.1445  EPtot      =    -68500.2940
 BOND   =       440.7541  ANGLE   =      1272.6881  DIHED      =      1895.7390
 1-4 NB =       582.9063  1-4 EEL =      8874.5534  VDWAALS    =      8046.8332
 EELEC  =    -89630.2546  EHBOND  =         0.0000  RESTRAINT  =        16.4865
 EAMBER (non-restraint)  =    -68516.7805
 EKCMT  =      6115.0591  VIRIAL  =      6476.7851  VOLUME     =    225405.1195
                                                    Density    =         1.0231
 ------------------------------------------------------------------------------

wrapping first mol.:       22.12714       31.29250       54.20019
wrapping first mol.:       22.12714       31.29250       54.20019

 NSTEP =    19000   TIME(PS) =    4138.000  TEMP(K) =   299.86  PRESS =    22.0
 Etot   =    -54737.1434  EKtot   =     13894.0732  EPtot      =    -68631.2167
 BOND   =       465.7384  ANGLE   =      1238.0157  DIHED      =      1877.5426
 1-4 NB =       577.9081  1-4 EEL =      8884.6144  VDWAALS    =      8138.9976
 EELEC  =    -89830.3012  EHBOND  =         0.0000  RESTRAINT  =        16.2677
 EAMBER (non-restraint)  =    -68647.4844
 EKCMT  =      5981.5847  VIRIAL  =      5874.6116  VOLUME     =    225173.1611
                                                    Density    =         1.0241
 ------------------------------------------------------------------------------

wrapping first mol.:       22.14728       31.32099       54.24953
wrapping first mol.:       22.14728       31.32099       54.24953

 NSTEP =    19500   TIME(PS) =    4139.000  TEMP(K) =   298.95  PRESS =   260.4
 Etot   =    -54570.4037  EKtot   =     13851.9424  EPtot      =    -68422.3461
 BOND   =       466.7210  ANGLE   =      1242.7685  DIHED      =      1878.0087
 1-4 NB =       575.1062  1-4 EEL =      8856.2569  VDWAALS    =      8317.9422
 EELEC  =    -89773.9864  EHBOND  =         0.0000  RESTRAINT  =        14.8368
 EAMBER (non-restraint)  =    -68437.1829
 EKCMT  =      5997.4902  VIRIAL  =      4728.0161  VOLUME     =    225783.8927
                                                    Density    =         1.0213
 ------------------------------------------------------------------------------

wrapping first mol.:       22.14681       31.32032       54.24838
wrapping first mol.:       22.14681       31.32032       54.24838

 NSTEP =    20000   TIME(PS) =    4140.000  TEMP(K) =   297.11  PRESS =    61.0
 Etot   =    -54684.8073  EKtot   =     13766.9023  EPtot      =    -68451.7097
 BOND   =       457.5955  ANGLE   =      1249.6831  DIHED      =      1878.3225
 1-4 NB =       586.6837  1-4 EEL =      8886.0012  VDWAALS    =      8138.6828
 EELEC  =    -89663.0054  EHBOND  =         0.0000  RESTRAINT  =        14.3270
 EAMBER (non-restraint)  =    -68466.0367
 EKCMT  =      6029.3909  VIRIAL  =      5732.2703  VOLUME     =    225773.4380
                                                    Density    =         1.0214
 ------------------------------------------------------------------------------

wrapping first mol.:       22.14681       31.32032       54.24839
wrapping first mol.:       22.14681       31.32032       54.24839

 NSTEP =    20500   TIME(PS) =    4141.000  TEMP(K) =   301.14  PRESS =   -40.3
 Etot   =    -54313.1364  EKtot   =     13953.2373  EPtot      =    -68266.3738
 BOND   =       460.7578  ANGLE   =      1272.8514  DIHED      =      1891.8800
 1-4 NB =       564.2231  1-4 EEL =      8853.4195  VDWAALS    =      8021.0670
 EELEC  =    -89343.2693  EHBOND  =         0.0000  RESTRAINT  =        12.6968
 EAMBER (non-restraint)  =    -68279.0705
 EKCMT  =      6067.0353  VIRIAL  =      6263.3919  VOLUME     =    225775.6255
                                                    Density    =         1.0214
 ------------------------------------------------------------------------------

wrapping first mol.:       22.15033       31.32530       54.25700
wrapping first mol.:       22.15033       31.32530       54.25700

 NSTEP =    21000   TIME(PS) =    4142.000  TEMP(K) =   300.61  PRESS =    38.1
 Etot   =    -54436.5193  EKtot   =     13928.6484  EPtot      =    -68365.1677
 BOND   =       447.5832  ANGLE   =      1224.0766  DIHED      =      1853.0767
 1-4 NB =       577.8270  1-4 EEL =      8880.4739  VDWAALS    =      8034.6771
 EELEC  =    -89400.2604  EHBOND  =         0.0000  RESTRAINT  =        17.3780
 EAMBER (non-restraint)  =    -68382.5457
 EKCMT  =      6049.5116  VIRIAL  =      5863.5815  VOLUME     =    225881.6321
                                                    Density    =         1.0209
 ------------------------------------------------------------------------------

wrapping first mol.:       22.15662       31.33419       54.27241
wrapping first mol.:       22.15662       31.33419       54.27241

 NSTEP =    21500   TIME(PS) =    4143.000  TEMP(K) =   300.65  PRESS =  -125.1
 Etot   =    -54421.2818  EKtot   =     13930.8047  EPtot      =    -68352.0865
 BOND   =       467.6652  ANGLE   =      1203.7303  DIHED      =      1869.3212
 1-4 NB =       587.3766  1-4 EEL =      8941.3679  VDWAALS    =      7958.7915
 EELEC  =    -89396.3603  EHBOND  =         0.0000  RESTRAINT  =        16.0210
 EAMBER (non-restraint)  =    -68368.1075
 EKCMT  =      6017.2526  VIRIAL  =      6627.8573  VOLUME     =    226077.4252
                                                    Density    =         1.0200
 ------------------------------------------------------------------------------

wrapping first mol.:       22.18120       31.36896       54.33263
wrapping first mol.:       22.18120       31.36896       54.33263

 NSTEP =    22000   TIME(PS) =    4144.000  TEMP(K) =   299.16  PRESS =    48.5
 Etot   =    -54642.1441  EKtot   =     13861.7803  EPtot      =    -68503.9244
 BOND   =       462.8072  ANGLE   =      1228.8105  DIHED      =      1838.4135
 1-4 NB =       565.0354  1-4 EEL =      8867.4715  VDWAALS    =      8256.9612
 EELEC  =    -89738.8684  EHBOND  =         0.0000  RESTRAINT  =        15.4448
 EAMBER (non-restraint)  =    -68519.3692
 EKCMT  =      6056.3437  VIRIAL  =      5818.8641  VOLUME     =    226827.2613
                                                    Density    =         1.0166
 ------------------------------------------------------------------------------

wrapping first mol.:       22.17610       31.36174       54.32012
wrapping first mol.:       22.17610       31.36174       54.32012

 NSTEP =    22500   TIME(PS) =    4145.000  TEMP(K) =   298.97  PRESS =   -19.7
 Etot   =    -54452.7971  EKtot   =     13852.8613  EPtot      =    -68305.6584
 BOND   =       436.2957  ANGLE   =      1214.3246  DIHED      =      1861.5333
 1-4 NB =       560.9723  1-4 EEL =      8861.0425  VDWAALS    =      8098.7102
 EELEC  =    -89355.1293  EHBOND  =         0.0000  RESTRAINT  =        16.5923
 EAMBER (non-restraint)  =    -68322.2507
 EKCMT  =      6027.8513  VIRIAL  =      6124.4997  VOLUME     =    226672.0170
                                                    Density    =         1.0173
 ------------------------------------------------------------------------------

wrapping first mol.:       22.15177       31.32733       54.26052
wrapping first mol.:       22.15177       31.32733       54.26052

 NSTEP =    23000   TIME(PS) =    4146.000  TEMP(K) =   303.61  PRESS =    35.0
 Etot   =    -54321.8633  EKtot   =     14068.0225  EPtot      =    -68389.8858
 BOND   =       444.5496  ANGLE   =      1265.9081  DIHED      =      1861.8518
 1-4 NB =       562.6923  1-4 EEL =      8855.2597  VDWAALS    =      8145.7286
 EELEC  =    -89541.1751  EHBOND  =         0.0000  RESTRAINT  =        15.2992
 EAMBER (non-restraint)  =    -68405.1850
 EKCMT  =      6214.6919  VIRIAL  =      6044.0578  VOLUME     =    225925.5703
                                                    Density    =         1.0207
 ------------------------------------------------------------------------------

wrapping first mol.:       22.14757       31.32139       54.25023
wrapping first mol.:       22.14757       31.32139       54.25023

 NSTEP =    23500   TIME(PS) =    4147.000  TEMP(K) =   296.37  PRESS =   153.7
 Etot   =    -54754.0874  EKtot   =     13732.4512  EPtot      =    -68486.5386
 BOND   =       444.6131  ANGLE   =      1226.9902  DIHED      =      1844.4585
 1-4 NB =       570.5712  1-4 EEL =      8909.6065  VDWAALS    =      8172.6743
 EELEC  =    -89672.5768  EHBOND  =         0.0000  RESTRAINT  =        17.1244
 EAMBER (non-restraint)  =    -68503.6631
 EKCMT  =      5928.3710  VIRIAL  =      5178.8501  VOLUME     =    225794.7586
                                                    Density    =         1.0213
 ------------------------------------------------------------------------------

wrapping first mol.:       22.15705       31.33479       54.27345
wrapping first mol.:       22.15705       31.33479       54.27345

 NSTEP =    24000   TIME(PS) =    4148.000  TEMP(K) =   298.82  PRESS =   198.7
 Etot   =    -54470.7933  EKtot   =     13845.9834  EPtot      =    -68316.7767
 BOND   =       457.6500  ANGLE   =      1218.4584  DIHED      =      1881.4577
 1-4 NB =       573.0481  1-4 EEL =      8895.3928  VDWAALS    =      8148.8975
 EELEC  =    -89509.4372  EHBOND  =         0.0000  RESTRAINT  =        17.7562
 EAMBER (non-restraint)  =    -68334.5328
 EKCMT  =      6073.1088  VIRIAL  =      5102.9760  VOLUME     =    226083.8864
                                                    Density    =         1.0200
 ------------------------------------------------------------------------------

wrapping first mol.:       22.14069       31.31166       54.23339
wrapping first mol.:       22.14069       31.31166       54.23339

 NSTEP =    24500   TIME(PS) =    4149.000  TEMP(K) =   298.82  PRESS =    15.7
 Etot   =    -54583.1705  EKtot   =     13845.7949  EPtot      =    -68428.9654
 BOND   =       433.4903  ANGLE   =      1234.8649  DIHED      =      1862.0912
 1-4 NB =       576.1086  1-4 EEL =      8869.3379  VDWAALS    =      8146.3400
 EELEC  =    -89567.0071  EHBOND  =         0.0000  RESTRAINT  =        15.8088
 EAMBER (non-restraint)  =    -68444.7742
 EKCMT  =      6010.2910  VIRIAL  =      5933.7297  VOLUME     =    225587.2489
                                                    Density    =         1.0222
 ------------------------------------------------------------------------------

wrapping first mol.:       22.14764       31.32149       54.25040
wrapping first mol.:       22.14764       31.32149       54.25040

 NSTEP =    25000   TIME(PS) =    4150.000  TEMP(K) =   300.39  PRESS =     5.2
 Etot   =    -54350.0749  EKtot   =     13918.7734  EPtot      =    -68268.8484
 BOND   =       453.1933  ANGLE   =      1213.2459  DIHED      =      1847.8180
 1-4 NB =       562.8835  1-4 EEL =      8886.2382  VDWAALS    =      8050.8283
 EELEC  =    -89298.2696  EHBOND  =         0.0000  RESTRAINT  =        15.2140
 EAMBER (non-restraint)  =    -68284.0624
 EKCMT  =      6047.9820  VIRIAL  =      6022.6720  VOLUME     =    225799.8721
                                                    Density    =         1.0213
 ------------------------------------------------------------------------------

wrapping first mol.:       22.15415       31.33069       54.26635
wrapping first mol.:       22.15415       31.33069       54.26635

 NSTEP =    25500   TIME(PS) =    4151.000  TEMP(K) =   298.01  PRESS =  -129.7
 Etot   =    -54472.9988  EKtot   =     13808.1914  EPtot      =    -68281.1902
 BOND   =       462.1963  ANGLE   =      1259.2146  DIHED      =      1860.2675
 1-4 NB =       570.7536  1-4 EEL =      8882.4348  VDWAALS    =      8118.3727
 EELEC  =    -89449.4945  EHBOND  =         0.0000  RESTRAINT  =        15.0648
 EAMBER (non-restraint)  =    -68296.2549
 EKCMT  =      6021.5946  VIRIAL  =      6654.5530  VOLUME     =    226001.7672
                                                    Density    =         1.0204
 ------------------------------------------------------------------------------

wrapping first mol.:       22.17520       31.36047       54.31792
wrapping first mol.:       22.17520       31.36047       54.31792

 NSTEP =    26000   TIME(PS) =    4152.000  TEMP(K) =   303.32  PRESS =   -50.4
 Etot   =    -54116.5525  EKtot   =     14054.3223  EPtot      =    -68170.8748
 BOND   =       443.2919  ANGLE   =      1256.6446  DIHED      =      1841.7097
 1-4 NB =       579.9885  1-4 EEL =      8871.2381  VDWAALS    =      8029.2718
 EELEC  =    -89208.5281  EHBOND  =         0.0000  RESTRAINT  =        15.5088
 EAMBER (non-restraint)  =    -68186.3835
 EKCMT  =      6105.3005  VIRIAL  =      6351.9380  VOLUME     =    226645.1160
                                                    Density    =         1.0175
 ------------------------------------------------------------------------------

wrapping first mol.:       22.15995       31.33890       54.28056
wrapping first mol.:       22.15995       31.33890       54.28056

 NSTEP =    26500   TIME(PS) =    4153.000  TEMP(K) =   302.20  PRESS =     3.7
 Etot   =    -54258.6225  EKtot   =     14002.3672  EPtot      =    -68260.9897
 BOND   =       462.3136  ANGLE   =      1236.9583  DIHED      =      1850.5754
 1-4 NB =       572.5469  1-4 EEL =      8882.6188  VDWAALS    =      8116.6367
 EELEC  =    -89397.4256  EHBOND  =         0.0000  RESTRAINT  =        14.7862
 EAMBER (non-restraint)  =    -68275.7759
 EKCMT  =      5947.7460  VIRIAL  =      5929.7628  VOLUME     =    226176.6496
                                                    Density    =         1.0196
 ------------------------------------------------------------------------------

wrapping first mol.:       22.14645       31.31981       54.24749
wrapping first mol.:       22.14645       31.31981       54.24749

 NSTEP =    27000   TIME(PS) =    4154.000  TEMP(K) =   298.06  PRESS =  -180.8
 Etot   =    -54566.1842  EKtot   =     13810.7988  EPtot      =    -68376.9830
 BOND   =       442.1459  ANGLE   =      1215.3265  DIHED      =      1847.5397
 1-4 NB =       562.5350  1-4 EEL =      8875.1127  VDWAALS    =      7938.4525
 EELEC  =    -89273.6105  EHBOND  =         0.0000  RESTRAINT  =        15.5151
 EAMBER (non-restraint)  =    -68392.4981
 EKCMT  =      5980.1868  VIRIAL  =      6861.5931  VOLUME     =    225767.3064
                                                    Density    =         1.0214
 ------------------------------------------------------------------------------

wrapping first mol.:       22.12536       31.28999       54.19584
wrapping first mol.:       22.12536       31.28999       54.19584

 NSTEP =    27500   TIME(PS) =    4155.000  TEMP(K) =   299.24  PRESS =   224.3
 Etot   =    -54590.7796  EKtot   =     13865.3359  EPtot      =    -68456.1155
 BOND   =       472.3835  ANGLE   =      1223.0281  DIHED      =      1863.7954
 1-4 NB =       560.6736  1-4 EEL =      8920.3016  VDWAALS    =      8309.3896
 EELEC  =    -89817.7555  EHBOND  =         0.0000  RESTRAINT  =        12.0681
 EAMBER (non-restraint)  =    -68468.1836
 EKCMT  =      6038.8084  VIRIAL  =      4948.4855  VOLUME     =    225114.8958
                                                    Density    =         1.0244
 ------------------------------------------------------------------------------

wrapping first mol.:       22.12856       31.29451       54.20368
wrapping first mol.:       22.12856       31.29451       54.20368

 NSTEP =    28000   TIME(PS) =    4156.000  TEMP(K) =   302.04  PRESS =  -130.8
 Etot   =    -54582.2665  EKtot   =     13995.1934  EPtot      =    -68577.4599
 BOND   =       419.7437  ANGLE   =      1232.3713  DIHED      =      1887.2348
 1-4 NB =       566.8624  1-4 EEL =      8851.4916  VDWAALS    =      8081.4897
 EELEC  =    -89630.6253  EHBOND  =         0.0000  RESTRAINT  =        13.9718
 EAMBER (non-restraint)  =    -68591.4316
 EKCMT  =      6150.6674  VIRIAL  =      6786.8244  VOLUME     =    225219.6588
                                                    Density    =         1.0239
 ------------------------------------------------------------------------------

wrapping first mol.:       22.13348       31.30146       54.21572
wrapping first mol.:       22.13348       31.30146       54.21572

 NSTEP =    28500   TIME(PS) =    4157.000  TEMP(K) =   299.49  PRESS =   175.8
 Etot   =    -54600.4835  EKtot   =     13876.7715  EPtot      =    -68477.2550
 BOND   =       442.2532  ANGLE   =      1224.1089  DIHED      =      1854.0884
 1-4 NB =       561.0947  1-4 EEL =      8912.2355  VDWAALS    =      7941.5931
 EELEC  =    -89429.2804  EHBOND  =         0.0000  RESTRAINT  =        16.6516
 EAMBER (non-restraint)  =    -68493.9065
 EKCMT  =      6011.4984  VIRIAL  =      5155.8607  VOLUME     =    225363.6814
                                                    Density    =         1.0232
 ------------------------------------------------------------------------------

wrapping first mol.:       22.16135       31.34088       54.28400
wrapping first mol.:       22.16135       31.34088       54.28400

 NSTEP =    29000   TIME(PS) =    4158.000  TEMP(K) =   300.56  PRESS =   -51.9
 Etot   =    -54465.8523  EKtot   =     13926.4453  EPtot      =    -68392.2976
 BOND   =       455.5498  ANGLE   =      1232.3768  DIHED      =      1863.8160
 1-4 NB =       568.1866  1-4 EEL =      8858.9727  VDWAALS    =      8239.7977
 EELEC  =    -89624.5483  EHBOND  =         0.0000  RESTRAINT  =        13.5511
 EAMBER (non-restraint)  =    -68405.8487
 EKCMT  =      6079.7461  VIRIAL  =      6333.1190  VOLUME     =    226220.7444
                                                    Density    =         1.0194
 ------------------------------------------------------------------------------

wrapping first mol.:       22.16465       31.34555       54.29209
wrapping first mol.:       22.16465       31.34555       54.29209

 NSTEP =    29500   TIME(PS) =    4159.000  TEMP(K) =   300.70  PRESS =   -94.0
 Etot   =    -54398.4500  EKtot   =     13933.2295  EPtot      =    -68331.6795
 BOND   =       460.6703  ANGLE   =      1249.0447  DIHED      =      1889.6125
 1-4 NB =       574.4979  1-4 EEL =      8872.9018  VDWAALS    =      8054.8602
 EELEC  =    -89449.3036  EHBOND  =         0.0000  RESTRAINT  =        16.0366
 EAMBER (non-restraint)  =    -68347.7161
 EKCMT  =      6106.8953  VIRIAL  =      6566.4788  VOLUME     =    226322.7952
                                                    Density    =         1.0189
 ------------------------------------------------------------------------------

wrapping first mol.:       22.13693       31.30634       54.22417
wrapping first mol.:       22.13693       31.30634       54.22417

 NSTEP =    30000   TIME(PS) =    4160.000  TEMP(K) =   299.87  PRESS =   -86.2
 Etot   =    -54473.8509  EKtot   =     13894.4092  EPtot      =    -68368.2601
 BOND   =       422.3131  ANGLE   =      1200.6862  DIHED      =      1854.0268
 1-4 NB =       589.4889  1-4 EEL =      8895.4936  VDWAALS    =      7996.7412
 EELEC  =    -89341.2343  EHBOND  =         0.0000  RESTRAINT  =        14.2244
 EAMBER (non-restraint)  =    -68382.4845
 EKCMT  =      6010.6241  VIRIAL  =      6430.3822  VOLUME     =    225474.2657
                                                    Density    =         1.0227
 ------------------------------------------------------------------------------

wrapping first mol.:       22.15230       31.32808       54.26182
wrapping first mol.:       22.15230       31.32808       54.26182

 NSTEP =    30500   TIME(PS) =    4161.000  TEMP(K) =   301.24  PRESS =    17.7
 Etot   =    -54363.6468  EKtot   =     13957.8418  EPtot      =    -68321.4886
 BOND   =       469.0796  ANGLE   =      1252.4428  DIHED      =      1867.9928
 1-4 NB =       570.4807  1-4 EEL =      8876.1410  VDWAALS    =      8324.4085
 EELEC  =    -89695.9416  EHBOND  =         0.0000  RESTRAINT  =        13.9075
 EAMBER (non-restraint)  =    -68335.3961
 EKCMT  =      6061.8066  VIRIAL  =      5975.4030  VOLUME     =    225942.2326
                                                    Density    =         1.0206
 ------------------------------------------------------------------------------

wrapping first mol.:       22.16148       31.34106       54.28430
wrapping first mol.:       22.16148       31.34106       54.28430

 NSTEP =    31000   TIME(PS) =    4162.000  TEMP(K) =   299.98  PRESS =  -174.9
 Etot   =    -54559.8891  EKtot   =     13899.7773  EPtot      =    -68459.6664
 BOND   =       498.6074  ANGLE   =      1218.4833  DIHED      =      1879.0600
 1-4 NB =       574.2856  1-4 EEL =      8855.8771  VDWAALS    =      8051.6100
 EELEC  =    -89552.2617  EHBOND  =         0.0000  RESTRAINT  =        14.6719
 EAMBER (non-restraint)  =    -68474.3383
 EKCMT  =      6056.8223  VIRIAL  =      6911.1590  VOLUME     =    226227.0484
                                                    Density    =         1.0193
 ------------------------------------------------------------------------------

wrapping first mol.:       22.14131       31.31254       54.23491
wrapping first mol.:       22.14131       31.31254       54.23491

 NSTEP =    31500   TIME(PS) =    4163.000  TEMP(K) =   305.76  PRESS =   207.3
 Etot   =    -54365.6606  EKtot   =     14167.4658  EPtot      =    -68533.1264
 BOND   =       458.5521  ANGLE   =      1216.4053  DIHED      =      1885.4072
 1-4 NB =       567.3603  1-4 EEL =      8846.3687  VDWAALS    =      8192.5563
 EELEC  =    -89717.1064  EHBOND  =         0.0000  RESTRAINT  =        17.3300
 EAMBER (non-restraint)  =    -68550.4565
 EKCMT  =      6248.6332  VIRIAL  =      5239.0900  VOLUME     =    225602.4542
                                                    Density    =         1.0222
 ------------------------------------------------------------------------------

wrapping first mol.:       22.16278       31.34290       54.28749
wrapping first mol.:       22.16278       31.34290       54.28749

 NSTEP =    32000   TIME(PS) =    4164.000  TEMP(K) =   297.42  PRESS =    20.5
 Etot   =    -54696.0365  EKtot   =     13780.9658  EPtot      =    -68477.0023
 BOND   =       475.3693  ANGLE   =      1193.9104  DIHED      =      1872.1582
 1-4 NB =       581.1383  1-4 EEL =      8878.9871  VDWAALS    =      8249.2095
 EELEC  =    -89743.6482  EHBOND  =         0.0000  RESTRAINT  =        15.8730
 EAMBER (non-restraint)  =    -68492.8754
 EKCMT  =      5982.9399  VIRIAL  =      5882.9197  VOLUME     =    226263.0104
                                                    Density    =         1.0192
 ------------------------------------------------------------------------------

wrapping first mol.:       22.14299       31.31492       54.23902
wrapping first mol.:       22.14299       31.31492       54.23902

 NSTEP =    32500   TIME(PS) =    4165.000  TEMP(K) =   302.88  PRESS =    -3.7
 Etot   =    -54407.2995  EKtot   =     14034.0107  EPtot      =    -68441.3103
 BOND   =       430.7375  ANGLE   =      1210.3036  DIHED      =      1853.6879
 1-4 NB =       577.6531  1-4 EEL =      8843.4170  VDWAALS    =      8160.7008
 EELEC  =    -89539.2986  EHBOND  =         0.0000  RESTRAINT  =        21.4883
 EAMBER (non-restraint)  =    -68462.7986
 EKCMT  =      6132.3984  VIRIAL  =      6150.2797  VOLUME     =    225657.9916
                                                    Density    =         1.0219
 ------------------------------------------------------------------------------

wrapping first mol.:       22.13593       31.30493       54.22173
wrapping first mol.:       22.13593       31.30493       54.22173

 NSTEP =    33000   TIME(PS) =    4166.000  TEMP(K) =   301.46  PRESS =  -270.4
 Etot   =    -54441.3757  EKtot   =     13968.2900  EPtot      =    -68409.6658
 BOND   =       435.2462  ANGLE   =      1261.3016  DIHED      =      1855.8636
 1-4 NB =       590.9285  1-4 EEL =      8834.8676  VDWAALS    =      8039.1921
 EELEC  =    -89446.4009  EHBOND  =         0.0000  RESTRAINT  =        19.3355
 EAMBER (non-restraint)  =    -68429.0013
 EKCMT  =      6110.9674  VIRIAL  =      7427.0753  VOLUME     =    225447.5922
                                                    Density    =         1.0229
 ------------------------------------------------------------------------------

wrapping first mol.:       22.15416       31.33072       54.26639
wrapping first mol.:       22.15416       31.33072       54.26639

 NSTEP =    33500   TIME(PS) =    4167.000  TEMP(K) =   301.24  PRESS =    38.6
 Etot   =    -54617.3691  EKtot   =     13958.0703  EPtot      =    -68575.4394
 BOND   =       451.8456  ANGLE   =      1248.5491  DIHED      =      1843.4113
 1-4 NB =       581.4771  1-4 EEL =      8882.2812  VDWAALS    =      8352.8615
 EELEC  =    -89955.5990  EHBOND  =         0.0000  RESTRAINT  =        19.7339
 EAMBER (non-restraint)  =    -68595.1733
 EKCMT  =      6015.9792  VIRIAL  =      5827.8599  VOLUME     =    225998.8901
                                                    Density    =         1.0204
 ------------------------------------------------------------------------------

wrapping first mol.:       22.15943       31.33817       54.27929
wrapping first mol.:       22.15943       31.33817       54.27929

 NSTEP =    34000   TIME(PS) =    4168.000  TEMP(K) =   303.73  PRESS =  -132.8
 Etot   =    -54220.3944  EKtot   =     14073.5850  EPtot      =    -68293.9793
 BOND   =       460.6523  ANGLE   =      1287.1369  DIHED      =      1868.5246
 1-4 NB =       560.2322  1-4 EEL =      8836.1889  VDWAALS    =      8098.9909
 EELEC  =    -89426.8725  EHBOND  =         0.0000  RESTRAINT  =        21.1672
 EAMBER (non-restraint)  =    -68315.1466
 EKCMT  =      6084.5672  VIRIAL  =      6733.0999  VOLUME     =    226163.5652
                                                    Density    =         1.0196
 ------------------------------------------------------------------------------

wrapping first mol.:       22.15293       31.32897       54.26336
wrapping first mol.:       22.15293       31.32897       54.26336

 NSTEP =    34500   TIME(PS) =    4169.000  TEMP(K) =   298.16  PRESS =   303.4
 Etot   =    -54620.8222  EKtot   =     13815.5088  EPtot      =    -68436.3310
 BOND   =       452.3103  ANGLE   =      1232.7898  DIHED      =      1875.3231
 1-4 NB =       567.3556  1-4 EEL =      8851.2260  VDWAALS    =      8259.2826
 EELEC  =    -89691.6756  EHBOND  =         0.0000  RESTRAINT  =        17.0571
 EAMBER (non-restraint)  =    -68453.3881
 EKCMT  =      5972.7832  VIRIAL  =      4492.7363  VOLUME     =    225955.7227
                                                    Density    =         1.0206
 ------------------------------------------------------------------------------

wrapping first mol.:       22.15658       31.33413       54.27230
wrapping first mol.:       22.15658       31.33413       54.27230

 NSTEP =    35000   TIME(PS) =    4170.000  TEMP(K) =   298.69  PRESS =   -43.4
 Etot   =    -54651.0116  EKtot   =     13839.7812  EPtot      =    -68490.7928
 BOND   =       434.3336  ANGLE   =      1212.7331  DIHED      =      1847.1831
 1-4 NB =       579.9033  1-4 EEL =      8840.2452  VDWAALS    =      8078.0502
 EELEC  =    -89502.0308  EHBOND  =         0.0000  RESTRAINT  =        18.7894
 EAMBER (non-restraint)  =    -68509.5822
 EKCMT  =      5973.4103  VIRIAL  =      6185.0241  VOLUME     =    226074.3934
                                                    Density    =         1.0200
 ------------------------------------------------------------------------------

wrapping first mol.:       22.15418       31.33074       54.26643
wrapping first mol.:       22.15418       31.33074       54.26643

 NSTEP =    35500   TIME(PS) =    4171.000  TEMP(K) =   299.97  PRESS =  -212.2
 Etot   =    -54490.1428  EKtot   =     13899.2646  EPtot      =    -68389.4075
 BOND   =       459.8627  ANGLE   =      1227.1587  DIHED      =      1850.2500
 1-4 NB =       589.3913  1-4 EEL =      8864.4909  VDWAALS    =      7945.0668
 EELEC  =    -89341.6315  EHBOND  =         0.0000  RESTRAINT  =        16.0035
 EAMBER (non-restraint)  =    -68405.4110
 EKCMT  =      6092.3562  VIRIAL  =      7128.0005  VOLUME     =    226004.3798
                                                    Density    =         1.0203
 ------------------------------------------------------------------------------

wrapping first mol.:       22.14744       31.32120       54.24991
wrapping first mol.:       22.14744       31.32120       54.24991

 NSTEP =    36000   TIME(PS) =    4172.000  TEMP(K) =   301.78  PRESS =  -225.3
 Etot   =    -54631.7612  EKtot   =     13983.0156  EPtot      =    -68614.7768
 BOND   =       456.6737  ANGLE   =      1200.4092  DIHED      =      1849.0069
 1-4 NB =       579.5158  1-4 EEL =      8856.5492  VDWAALS    =      8059.2777
 EELEC  =    -89630.8655  EHBOND  =         0.0000  RESTRAINT  =        14.6562
 EAMBER (non-restraint)  =    -68629.4330
 EKCMT  =      6022.3070  VIRIAL  =      7120.7832  VOLUME     =    225798.3784
                                                    Density    =         1.0213
 ------------------------------------------------------------------------------

wrapping first mol.:       22.14815       31.32221       54.25166
wrapping first mol.:       22.14815       31.32221       54.25166

 NSTEP =    36500   TIME(PS) =    4173.000  TEMP(K) =   301.11  PRESS =  -265.6
 Etot   =    -54554.8683  EKtot   =     13952.2354  EPtot      =    -68507.1037
 BOND   =       435.0772  ANGLE   =      1248.6761  DIHED      =      1849.1799
 1-4 NB =       580.9912  1-4 EEL =      8879.5141  VDWAALS    =      8009.9285
 EELEC  =    -89526.9954  EHBOND  =         0.0000  RESTRAINT  =        16.5246
 EAMBER (non-restraint)  =    -68523.6283
 EKCMT  =      6008.6281  VIRIAL  =      7303.4179  VOLUME     =    225821.0108
                                                    Density    =         1.0212
 ------------------------------------------------------------------------------

wrapping first mol.:       22.15745       31.33536       54.27443
wrapping first mol.:       22.15745       31.33536       54.27443

 NSTEP =    37000   TIME(PS) =    4174.000  TEMP(K) =   302.77  PRESS =    79.4
 Etot   =    -54332.6239  EKtot   =     14028.8115  EPtot      =    -68361.4354
 BOND   =       438.7536  ANGLE   =      1183.6352  DIHED      =      1855.1099
 1-4 NB =       576.0121  1-4 EEL =      8879.0589  VDWAALS    =      8146.7564
 EELEC  =    -89456.7610  EHBOND  =         0.0000  RESTRAINT  =        15.9994
 EAMBER (non-restraint)  =    -68377.4349
 EKCMT  =      6081.4655  VIRIAL  =      5693.6763  VOLUME     =    226098.5115
                                                    Density    =         1.0199
 ------------------------------------------------------------------------------

wrapping first mol.:       22.15790       31.33601       54.27555
wrapping first mol.:       22.15790       31.33601       54.27555

 NSTEP =    37500   TIME(PS) =    4175.000  TEMP(K) =   302.41  PRESS =    65.2
 Etot   =    -54428.7985  EKtot   =     14012.0986  EPtot      =    -68440.8971
 BOND   =       456.2278  ANGLE   =      1235.4210  DIHED      =      1881.5997
 1-4 NB =       575.9424  1-4 EEL =      8838.3767  VDWAALS    =      8292.5232
 EELEC  =    -89738.6567  EHBOND  =         0.0000  RESTRAINT  =        17.6688
 EAMBER (non-restraint)  =    -68458.5659
 EKCMT  =      6014.9955  VIRIAL  =      5696.4510  VOLUME     =    226112.8466
                                                    Density    =         1.0199
 ------------------------------------------------------------------------------

wrapping first mol.:       22.15316       31.32930       54.26394
wrapping first mol.:       22.15316       31.32930       54.26394

 NSTEP =    38000   TIME(PS) =    4176.000  TEMP(K) =   300.14  PRESS =   -19.4
 Etot   =    -54436.7548  EKtot   =     13907.0967  EPtot      =    -68343.8515
 BOND   =       477.2788  ANGLE   =      1205.2594  DIHED      =      1863.4343
 1-4 NB =       572.4887  1-4 EEL =      8822.6210  VDWAALS    =      8128.1065
 EELEC  =    -89429.0430  EHBOND  =         0.0000  RESTRAINT  =        16.0029
 EAMBER (non-restraint)  =    -68359.8544
 EKCMT  =      6032.4384  VIRIAL  =      6127.0969  VOLUME     =    225969.4592
                                                    Density    =         1.0205
 ------------------------------------------------------------------------------

wrapping first mol.:       22.15160       31.32709       54.26011
wrapping first mol.:       22.15160       31.32709       54.26011

 NSTEP =    38500   TIME(PS) =    4177.000  TEMP(K) =   300.90  PRESS =   224.8
 Etot   =    -54352.9477  EKtot   =     13942.3750  EPtot      =    -68295.3227
 BOND   =       496.5440  ANGLE   =      1227.3389  DIHED      =      1871.4119
 1-4 NB =       557.0235  1-4 EEL =      8848.1533  VDWAALS    =      8326.4805
 EELEC  =    -89636.4329  EHBOND  =         0.0000  RESTRAINT  =        14.1580
 EAMBER (non-restraint)  =    -68309.4807
 EKCMT  =      6088.0780  VIRIAL  =      4991.6874  VOLUME     =    225916.7006
                                                    Density    =         1.0207
 ------------------------------------------------------------------------------

wrapping first mol.:       22.14997       31.32479       54.25612
wrapping first mol.:       22.14997       31.32479       54.25612

 NSTEP =    39000   TIME(PS) =    4178.000  TEMP(K) =   300.82  PRESS =   -22.1
 Etot   =    -54424.2447  EKtot   =     13938.4746  EPtot      =    -68362.7193
 BOND   =       436.6033  ANGLE   =      1248.6234  DIHED      =      1867.4924
 1-4 NB =       574.5098  1-4 EEL =      8850.3219  VDWAALS    =      8107.5353
 EELEC  =    -89461.5552  EHBOND  =         0.0000  RESTRAINT  =        13.7498
 EAMBER (non-restraint)  =    -68376.4691
 EKCMT  =      6063.8808  VIRIAL  =      6171.6312  VOLUME     =    225871.7840
                                                    Density    =         1.0209
 ------------------------------------------------------------------------------

wrapping first mol.:       22.13469       31.30318       54.21869
wrapping first mol.:       22.13469       31.30318       54.21869

 NSTEP =    39500   TIME(PS) =    4179.000  TEMP(K) =   301.21  PRESS =   -36.3
 Etot   =    -54601.3355  EKtot   =     13956.4971  EPtot      =    -68557.8326
 BOND   =       437.9810  ANGLE   =      1227.1647  DIHED      =      1866.4706
 1-4 NB =       575.1035  1-4 EEL =      8846.5440  VDWAALS    =      8072.5772
 EELEC  =    -89596.3049  EHBOND  =         0.0000  RESTRAINT  =        12.6314
 EAMBER (non-restraint)  =    -68570.4640
 EKCMT  =      6127.2584  VIRIAL  =      6303.9479  VOLUME     =    225404.9805
                                                    Density    =         1.0231
 ------------------------------------------------------------------------------

wrapping first mol.:       22.13033       31.29702       54.20802
wrapping first mol.:       22.13033       31.29702       54.20802

 NSTEP =    40000   TIME(PS) =    4180.000  TEMP(K) =   300.41  PRESS =    26.4
 Etot   =    -54572.5348  EKtot   =     13919.4277  EPtot      =    -68491.9626
 BOND   =       473.7074  ANGLE   =      1191.0327  DIHED      =      1870.2013
 1-4 NB =       554.7713  1-4 EEL =      8832.6977  VDWAALS    =      8133.2285
 EELEC  =    -89561.2506  EHBOND  =         0.0000  RESTRAINT  =        13.6492
 EAMBER (non-restraint)  =    -68505.6118
 EKCMT  =      6019.1210  VIRIAL  =      5890.9264  VOLUME     =    225270.6357
                                                    Density    =         1.0237
 ------------------------------------------------------------------------------

wrapping first mol.:       22.15045       31.32546       54.25729
wrapping first mol.:       22.15045       31.32546       54.25729

 NSTEP =    40500   TIME(PS) =    4181.000  TEMP(K) =   300.90  PRESS =   209.1
 Etot   =    -54556.1822  EKtot   =     13942.1699  EPtot      =    -68498.3521
 BOND   =       415.3425  ANGLE   =      1196.9357  DIHED      =      1867.1861
 1-4 NB =       568.2110  1-4 EEL =      8845.7345  VDWAALS    =      8324.7015
 EELEC  =    -89729.1745  EHBOND  =         0.0000  RESTRAINT  =        12.7111
 EAMBER (non-restraint)  =    -68511.0632
 EKCMT  =      6036.2105  VIRIAL  =      5016.2076  VOLUME     =    225881.7496
                                                    Density    =         1.0209
 ------------------------------------------------------------------------------

wrapping first mol.:       22.13900       31.30927       54.22924
wrapping first mol.:       22.13900       31.30927       54.22924

 NSTEP =    41000   TIME(PS) =    4182.000  TEMP(K) =   297.82  PRESS =   337.6
 Etot   =    -54472.5711  EKtot   =     13799.5312  EPtot      =    -68272.1023
 BOND   =       461.1406  ANGLE   =      1262.0662  DIHED      =      1857.2398
 1-4 NB =       564.3980  1-4 EEL =      8880.8977  VDWAALS    =      8059.1487
 EELEC  =    -89370.3920  EHBOND  =         0.0000  RESTRAINT  =        13.3988
 EAMBER (non-restraint)  =    -68285.5011
 EKCMT  =      6077.3570  VIRIAL  =      4433.2804  VOLUME     =    225528.9896
                                                    Density    =         1.0225
 ------------------------------------------------------------------------------

wrapping first mol.:       22.13639       31.30559       54.22286
wrapping first mol.:       22.13639       31.30559       54.22286

 NSTEP =    41500   TIME(PS) =    4183.000  TEMP(K) =   299.46  PRESS =  -124.4
 Etot   =    -54649.3506  EKtot   =     13875.7764  EPtot      =    -68525.1269
 BOND   =       462.8690  ANGLE   =      1252.6854  DIHED      =      1872.0896
 1-4 NB =       578.4808  1-4 EEL =      8872.1332  VDWAALS    =      8195.3266
 EELEC  =    -89771.5624  EHBOND  =         0.0000  RESTRAINT  =        12.8508
 EAMBER (non-restraint)  =    -68537.9777
 EKCMT  =      6060.0657  VIRIAL  =      6665.5247  VOLUME     =    225458.7980
                                                    Density    =         1.0228
 ------------------------------------------------------------------------------

wrapping first mol.:       22.13808       31.30798       54.22700
wrapping first mol.:       22.13808       31.30798       54.22700

 NSTEP =    42000   TIME(PS) =    4184.000  TEMP(K) =   295.17  PRESS =  -110.3
 Etot   =    -54839.7066  EKtot   =     13676.8584  EPtot      =    -68516.5650
 BOND   =       446.5833  ANGLE   =      1280.5400  DIHED      =      1902.4227
 1-4 NB =       551.2742  1-4 EEL =      8885.9389  VDWAALS    =      8208.2064
 EELEC  =    -89804.9716  EHBOND  =         0.0000  RESTRAINT  =        13.4412
 EAMBER (non-restraint)  =    -68530.0062
 EKCMT  =      5883.2288  VIRIAL  =      6420.3911  VOLUME     =    225510.1175
                                                    Density    =         1.0226
 ------------------------------------------------------------------------------

wrapping first mol.:       22.14445       31.31698       54.24259
wrapping first mol.:       22.14445       31.31698       54.24259

 NSTEP =    42500   TIME(PS) =    4185.000  TEMP(K) =   298.63  PRESS =  -145.8
 Etot   =    -54529.8596  EKtot   =     13837.3408  EPtot      =    -68367.2005
 BOND   =       453.0239  ANGLE   =      1226.7044  DIHED      =      1886.2662
 1-4 NB =       574.6446  1-4 EEL =      8850.1572  VDWAALS    =      7957.3177
 EELEC  =    -89330.2048  EHBOND  =         0.0000  RESTRAINT  =        14.8903
 EAMBER (non-restraint)  =    -68382.0908
 EKCMT  =      6028.4844  VIRIAL  =      6738.8372  VOLUME     =    225705.4115
                                                    Density    =         1.0217
 ------------------------------------------------------------------------------

wrapping first mol.:       22.13017       31.29679       54.20763
wrapping first mol.:       22.13017       31.29679       54.20763

 NSTEP =    43000   TIME(PS) =    4186.000  TEMP(K) =   300.96  PRESS =   250.6
 Etot   =    -54379.4494  EKtot   =     13945.0977  EPtot      =    -68324.5471
 BOND   =       457.6049  ANGLE   =      1245.1699  DIHED      =      1876.8883
 1-4 NB =       572.3849  1-4 EEL =      8875.6626  VDWAALS    =      8218.0516
 EELEC  =    -89583.5524  EHBOND  =         0.0000  RESTRAINT  =        13.2432
 EAMBER (non-restraint)  =    -68337.7903
 EKCMT  =      5999.4698  VIRIAL  =      4780.7827  VOLUME     =    225261.2360
                                                    Density    =         1.0237
 ------------------------------------------------------------------------------

wrapping first mol.:       22.11936       31.28149       54.18113
wrapping first mol.:       22.11936       31.28149       54.18113

 NSTEP =    43500   TIME(PS) =    4187.000  TEMP(K) =   302.56  PRESS =   166.2
 Etot   =    -54670.2078  EKtot   =     14019.1787  EPtot      =    -68689.3865
 BOND   =       464.5624  ANGLE   =      1257.5531  DIHED      =      1870.4128
 1-4 NB =       567.7927  1-4 EEL =      8892.1604  VDWAALS    =      8203.5024
 EELEC  =    -89958.1062  EHBOND  =         0.0000  RESTRAINT  =        12.7359
 EAMBER (non-restraint)  =    -68702.1224
 EKCMT  =      6132.9671  VIRIAL  =      5325.6565  VOLUME     =    224932.7914
                                                    Density    =         1.0252
 ------------------------------------------------------------------------------

wrapping first mol.:       22.12297       31.28660       54.18997
wrapping first mol.:       22.12297       31.28660       54.18997

 NSTEP =    44000   TIME(PS) =    4188.000  TEMP(K) =   300.81  PRESS =  -205.1
 Etot   =    -54625.4487  EKtot   =     13938.1270  EPtot      =    -68563.5756
 BOND   =       462.2242  ANGLE   =      1193.6818  DIHED      =      1846.8193
 1-4 NB =       587.4807  1-4 EEL =      8855.0678  VDWAALS    =      8078.9475
 EELEC  =    -89601.9231  EHBOND  =         0.0000  RESTRAINT  =        14.1263
 EAMBER (non-restraint)  =    -68577.7019
 EKCMT  =      6017.7800  VIRIAL  =      7014.4754  VOLUME     =    225050.3563
                                                    Density    =         1.0247
 ------------------------------------------------------------------------------

wrapping first mol.:       22.14746       31.32123       54.24996
wrapping first mol.:       22.14746       31.32123       54.24996

 NSTEP =    44500   TIME(PS) =    4189.000  TEMP(K) =   300.13  PRESS =    86.0
 Etot   =    -54303.7576  EKtot   =     13906.5361  EPtot      =    -68210.2937
 BOND   =       441.2885  ANGLE   =      1211.4214  DIHED      =      1875.3911
 1-4 NB =       583.2273  1-4 EEL =      8908.6614  VDWAALS    =      8139.1530
 EELEC  =    -89383.6674  EHBOND  =         0.0000  RESTRAINT  =        14.2310
 EAMBER (non-restraint)  =    -68224.5247
 EKCMT  =      6052.6610  VIRIAL  =      5633.2137  VOLUME     =    225792.7340
                                                    Density    =         1.0213
 ------------------------------------------------------------------------------

wrapping first mol.:       22.14292       31.31481       54.23884
wrapping first mol.:       22.14292       31.31481       54.23884

 NSTEP =    45000   TIME(PS) =    4190.000  TEMP(K) =   302.25  PRESS =    47.3
 Etot   =    -54309.2138  EKtot   =     14004.8936  EPtot      =    -68314.1073
 BOND   =       475.0717  ANGLE   =      1283.1901  DIHED      =      1869.1795
 1-4 NB =       563.7587  1-4 EEL =      8856.9756  VDWAALS    =      8013.8405
 EELEC  =    -89391.3697  EHBOND  =         0.0000  RESTRAINT  =        15.2464
 EAMBER (non-restraint)  =    -68329.3537
 EKCMT  =      6010.6962  VIRIAL  =      5780.4679  VOLUME     =    225654.6971
                                                    Density    =         1.0219
 ------------------------------------------------------------------------------

wrapping first mol.:       22.16120       31.34067       54.28362
wrapping first mol.:       22.16120       31.34067       54.28362

 NSTEP =    45500   TIME(PS) =    4191.000  TEMP(K) =   297.72  PRESS =    18.7
 Etot   =    -54470.0689  EKtot   =     13794.9688  EPtot      =    -68265.0376
 BOND   =       482.0178  ANGLE   =      1231.0403  DIHED      =      1878.3767
 1-4 NB =       588.7308  1-4 EEL =      8875.9355  VDWAALS    =      8053.3697
 EELEC  =    -89389.3849  EHBOND  =         0.0000  RESTRAINT  =        14.8763
 EAMBER (non-restraint)  =    -68279.9139
 EKCMT  =      5971.6643  VIRIAL  =      5880.3515  VOLUME     =    226214.6555
                                                    Density    =         1.0194
 ------------------------------------------------------------------------------

wrapping first mol.:       22.14898       31.32339       54.25370
wrapping first mol.:       22.14898       31.32339       54.25370

 NSTEP =    46000   TIME(PS) =    4192.000  TEMP(K) =   298.23  PRESS =    70.1
 Etot   =    -54534.6969  EKtot   =     13818.5127  EPtot      =    -68353.2096
 BOND   =       456.0230  ANGLE   =      1239.2539  DIHED      =      1859.1954
 1-4 NB =       574.7669  1-4 EEL =      8812.5462  VDWAALS    =      8077.7438
 EELEC  =    -89388.8730  EHBOND  =         0.0000  RESTRAINT  =        16.1342
 EAMBER (non-restraint)  =    -68369.3437
 EKCMT  =      6005.2111  VIRIAL  =      5663.2896  VOLUME     =    225839.7902
                                                    Density    =         1.0211
 ------------------------------------------------------------------------------

wrapping first mol.:       22.16374       31.34425       54.28984
wrapping first mol.:       22.16374       31.34425       54.28984

 NSTEP =    46500   TIME(PS) =    4193.000  TEMP(K) =   300.52  PRESS =   -35.3
 Etot   =    -54351.6231  EKtot   =     13924.8467  EPtot      =    -68276.4698
 BOND   =       468.7763  ANGLE   =      1244.2920  DIHED      =      1845.2079
 1-4 NB =       563.6385  1-4 EEL =      8906.3223  VDWAALS    =      8121.0015
 EELEC  =    -89441.5527  EHBOND  =         0.0000  RESTRAINT  =        15.8446
 EAMBER (non-restraint)  =    -68292.3144
 EKCMT  =      6052.5386  VIRIAL  =      6225.1183  VOLUME     =    226293.4565
                                                    Density    =         1.0190
 ------------------------------------------------------------------------------

wrapping first mol.:       22.16517       31.34629       54.29336
wrapping first mol.:       22.16517       31.34629       54.29336

 NSTEP =    47000   TIME(PS) =    4194.000  TEMP(K) =   299.69  PRESS =   -91.4
 Etot   =    -54530.0184  EKtot   =     13886.3701  EPtot      =    -68416.3885
 BOND   =       481.6505  ANGLE   =      1197.5732  DIHED      =      1852.3608
 1-4 NB =       562.0078  1-4 EEL =      8870.7731  VDWAALS    =      7891.1304
 EELEC  =    -89289.3840  EHBOND  =         0.0000  RESTRAINT  =        17.4996
 EAMBER (non-restraint)  =    -68433.8881
 EKCMT  =      5999.4014  VIRIAL  =      6446.0324  VOLUME     =    226338.5805
                                                    Density    =         1.0188
 ------------------------------------------------------------------------------

wrapping first mol.:       22.14906       31.32350       54.25388
wrapping first mol.:       22.14906       31.32350       54.25388

 NSTEP =    47500   TIME(PS) =    4195.000  TEMP(K) =   299.14  PRESS =   -40.8
 Etot   =    -54556.5328  EKtot   =     13860.9092  EPtot      =    -68417.4420
 BOND   =       471.3670  ANGLE   =      1170.9564  DIHED      =      1870.7656
 1-4 NB =       567.3825  1-4 EEL =      8917.0519  VDWAALS    =      8182.2417
 EELEC  =    -89611.6391  EHBOND  =         0.0000  RESTRAINT  =        14.4321
 EAMBER (non-restraint)  =    -68431.8741
 EKCMT  =      6027.3777  VIRIAL  =      6226.2547  VOLUME     =    225844.2824
                                                    Density    =         1.0211
 ------------------------------------------------------------------------------

wrapping first mol.:       22.16005       31.33904       54.28081
wrapping first mol.:       22.16005       31.33904       54.28081

 NSTEP =    48000   TIME(PS) =    4196.000  TEMP(K) =   298.81  PRESS =   111.2
 Etot   =    -54587.4550  EKtot   =     13845.3691  EPtot      =    -68432.8241
 BOND   =       472.3148  ANGLE   =      1168.0451  DIHED      =      1879.0164
 1-4 NB =       555.8943  1-4 EEL =      8882.3788  VDWAALS    =      8250.3420
 EELEC  =    -89658.6565  EHBOND  =         0.0000  RESTRAINT  =        17.8411
 EAMBER (non-restraint)  =    -68450.6652
 EKCMT  =      6093.5913  VIRIAL  =      5550.4363  VOLUME     =    226177.6149
                                                    Density    =         1.0196
 ------------------------------------------------------------------------------

wrapping first mol.:       22.16385       31.34441       54.29011
wrapping first mol.:       22.16385       31.34441       54.29011

 NSTEP =    48500   TIME(PS) =    4197.000  TEMP(K) =   303.16  PRESS =   -22.0
 Etot   =    -54327.0199  EKtot   =     14047.1123  EPtot      =    -68374.1322
 BOND   =       442.8699  ANGLE   =      1208.1021  DIHED      =      1870.1785
 1-4 NB =       565.9211  1-4 EEL =      8852.2177  VDWAALS    =      7980.7065
 EELEC  =    -89311.8195  EHBOND  =         0.0000  RESTRAINT  =        17.6916
 EAMBER (non-restraint)  =    -68391.8238
 EKCMT  =      6183.6774  VIRIAL  =      6291.2228  VOLUME     =    226296.5645
                                                    Density    =         1.0190
 ------------------------------------------------------------------------------

wrapping first mol.:       22.17042       31.35371       54.30621
wrapping first mol.:       22.17042       31.35371       54.30621

 NSTEP =    49000   TIME(PS) =    4198.000  TEMP(K) =   299.04  PRESS =   181.4
 Etot   =    -54519.8383  EKtot   =     13856.2227  EPtot      =    -68376.0610
 BOND   =       438.9876  ANGLE   =      1194.8321  DIHED      =      1859.6292
 1-4 NB =       569.5422  1-4 EEL =      8873.1145  VDWAALS    =      8230.0386
 EELEC  =    -89559.7020  EHBOND  =         0.0000  RESTRAINT  =        17.4968
 EAMBER (non-restraint)  =    -68393.5577
 EKCMT  =      5990.3440  VIRIAL  =      5103.2303  VOLUME     =    226493.9121
                                                    Density    =         1.0181
 ------------------------------------------------------------------------------

wrapping first mol.:       22.17185       31.35574       54.30972
wrapping first mol.:       22.17185       31.35574       54.30972

 NSTEP =    49500   TIME(PS) =    4199.000  TEMP(K) =   299.20  PRESS =    78.7
 Etot   =    -54580.3265  EKtot   =     13863.7490  EPtot      =    -68444.0756
 BOND   =       453.8272  ANGLE   =      1218.4606  DIHED      =      1854.2580
 1-4 NB =       563.8260  1-4 EEL =      8827.7923  VDWAALS    =      8089.2652
 EELEC  =    -89467.4885  EHBOND  =         0.0000  RESTRAINT  =        15.9837
 EAMBER (non-restraint)  =    -68460.0593
 EKCMT  =      6079.5423  VIRIAL  =      5694.7582  VOLUME     =    226539.9085
                                                    Density    =         1.0179
 ------------------------------------------------------------------------------

wrapping first mol.:       22.15925       31.33791       54.27884
wrapping first mol.:       22.15925       31.33791       54.27884

 NSTEP =    50000   TIME(PS) =    4200.000  TEMP(K) =   299.71  PRESS =   -54.5
 Etot   =    -54509.0719  EKtot   =     13887.1182  EPtot      =    -68396.1901
 BOND   =       468.2977  ANGLE   =      1199.5968  DIHED      =      1861.2019
 1-4 NB =       569.6903  1-4 EEL =      8863.5103  VDWAALS    =      8082.8163
 EELEC  =    -89460.0298  EHBOND  =         0.0000  RESTRAINT  =        18.7264
 EAMBER (non-restraint)  =    -68414.9165
 EKCMT  =      6049.5241  VIRIAL  =      6315.7053  VOLUME     =    226156.3835
                                                    Density    =         1.0197
 ------------------------------------------------------------------------------


      A V E R A G E S   O V E R     100 S T E P S


 NSTEP =    50000   TIME(PS) =    4200.000  TEMP(K) =   300.03  PRESS =     9.2
 Etot   =    -54503.4752  EKtot   =     13902.1148  EPtot      =    -68405.5900
 BOND   =       454.9160  ANGLE   =      1226.7712  DIHED      =      1864.2040
 1-4 NB =       570.9816  1-4 EEL =      8869.6909  VDWAALS    =      8128.4926
 EELEC  =    -89536.0608  EHBOND  =         0.0000  RESTRAINT  =        15.4145
 EAMBER (non-restraint)  =    -68421.0045
 EKCMT  =      6040.8217  VIRIAL  =      5995.9955  VOLUME     =    225882.7638
                                                    Density    =         1.0209
 ------------------------------------------------------------------------------


      R M S  F L U C T U A T I O N S


 NSTEP =    50000   TIME(PS) =    4200.000  TEMP(K) =     2.01  PRESS =   144.9
 Etot   =       147.1228  EKtot   =        93.1282  EPtot      =       105.3264
 BOND   =        16.4178  ANGLE   =        26.9964  DIHED      =        14.0048
 1-4 NB =         9.5430  1-4 EEL =        23.4353  VDWAALS    =       105.3035
 EELEC  =       168.2459  EHBOND  =         0.0000  RESTRAINT  =         1.8551
 EAMBER (non-restraint)  =       103.4713
 EKCMT  =        62.3768  VIRIAL  =       703.9684  VOLUME     =       346.6916
                                                    Density    =         0.0016
 ------------------------------------------------------------------------------

--------------------------------------------------------------------------------
   5.  TIMINGS
--------------------------------------------------------------------------------

|  NonSetup CPU Time in Major Routines:
|
|     Routine           Sec        %
|     ------------------------------
|     Nonbond          34.01   72.00
|     Bond              0.00    0.00
|     Angle             0.00    0.00
|     Dihedral          0.00    0.00
|     Shake             0.30    0.63
|     RunMD            12.88   27.27
|     Other             0.05    0.11
|     ------------------------------
|     Total            47.24

|  PME Nonbond Pairlist CPU Time:
|
|     Routine              Sec        %
|     ---------------------------------
|     Set Up Cit           0.00    0.00
|     Build List           0.00    0.00
|     ---------------------------------
|     Total                0.00    0.00

|  PME Direct Force CPU Time:
|
|     Routine              Sec        %
|     ---------------------------------
|     NonBonded Calc       0.00    0.00
|     Exclude Masked       0.00    0.00
|     Other                0.03    0.06
|     ---------------------------------
|     Total                0.03    0.06

|  PME Reciprocal Force CPU Time:
|
|     Routine              Sec        %
|     ---------------------------------
|     1D bspline           0.00    0.00
|     Grid Charges         0.00    0.00
|     Scalar Sum           0.00    0.00
|     Gradient Sum         0.00    0.00
|     FFT                  0.00    0.00
|     ---------------------------------
|     Total                0.00    0.00

|  Final Performance Info:
|     -----------------------------------------------------
|     Average timings for last   49500 steps:
|     Elapsed(s) =      46.83 Per Step(ms) =       0.95
|         ns/day =     182.64   seconds/ns =     473.05
|
|     Average timings for all steps:
|     Elapsed(s) =      47.31 Per Step(ms) =       0.95
|         ns/day =     182.64   seconds/ns =     473.07
|     -----------------------------------------------------

|  Setup CPU time:            0.52 seconds
|  NonSetup CPU time:        47.24 seconds
|  Total CPU time:           47.76 seconds     0.01 hours

|  Setup wall time:           1    seconds
|  NonSetup wall time:       47    seconds
|  Total wall time:          48    seconds     0.01 hours
