
          -------------------------------------------------------
          Amber 18 PMEMD                              2018
          -------------------------------------------------------

| PMEMD implementation of SANDER, Release 18

| Run on 09/29/2019 at 22:49:17

|   Executable path: pmemd.cuda
| Working directory: /home/pbarletta/lbp/run/4xcp/mhe/e
|          Hostname: Unknown
  [-O]verwriting output

File Assignments:
|   MDIN: 46equ.in                                                              
|  MDOUT: 46equ.out                                                             
| INPCRD: 45e4xcp.rst7                                                          
|   PARM: /home/pbarletta/lbp/top_files/4xcp.prmtop                             
| RESTRT: 46e4xcp.rst7                                                          
|   REFC: 45e4xcp.rst7                                                          
|  MDVEL: mdvel                                                                 
|   MDEN: mden                                                                  
|  MDCRD: 46e4xcp.nc                                                            
| MDINFO: mdinfo                                                                
|  MDFRC: mdfrc                                                                 


 Here is the input file:

Equilibration with solute restrictions                                         
&cntrl                                                                         
imin = 0,                           ! No Minimization                          
nmropt = 0,                         ! No NMR restraints read                   
                                                                               
! Nature and format of the input                                               
ntx = 5,                            ! Coordinates but no velocities will be rea
irest = 1,                          ! Do not run a new simulation              
                                                                               
! Nature and format of the output                                              
ntxo = 1,                           ! rstrt file in ASCII format               
ntpr = 500,                         ! inf in output every ntpr steps           
ntwr = 500,                         ! rstrt file every ntwr steps              
ntwx = 500,                         ! mdcrd file every ntwx steps              
ntwv = 0,                           ! mdvel without velocities                 
ntwe = 0,                           ! Do not write energies and temperatures   
idecomp = 0,                        ! No energy decomposition                  
iwrap = 1,                          ! Coordinates of the restart and mdcrd file
                                                                               
! Frozen or restrained atoms                                                   
ibelly = 0,                         ! No frozen atoms                          
ntr=1,                              ! Harmonic potential restraints            
restraint_wt = 0.05,                ! The weight for the positional restraints 
restraintmask = ':1-131@N,CA,C,O',  ! restrained residues                      
                                                                               
! Molecular dynamics                                                           
nstlim = 50000,                     ! Number of MD-steps                       
dt = 0.002,                         ! Time step                                
                                                                               
! Temperature regulation                                                       
ntt = 3,                            ! Langevin thermostat                      
gamma_ln = 5,                       ! Gamma constant for Langevin              
temp0 = 300.0,                      ! Reference T at which the system is to be 
tempi = 300.0,                      ! Initial T                                
ig = -1,                            ! Seed for the RNG                         
                                                                               
! P and V regulation                                                           
ntp = 1,                            ! constant P                               
barostat = 1,                       ! Berendsen barostat                       
taup = 1,                           ! Pressure relaxation time                 
ntb = 2,                            ! Periodic box for constant P              
                                                                               
! SHAKE variables                                                              
ntc = 2,                            ! Bonds involving H are constrained        
ntf = 2,                            ! Bond interaction involving H are ommited.
                                                                               
cut = 10.0,                         ! Nonbonded cutoff                         
/                                                                              
&end                                                                           


Note: ig = -1. Setting random seed to   174906 based on wallclock time in 
      microseconds.
| irandom = 1, using AMBER's internal random number generator (default).
 
|--------------------- INFORMATION ----------------------
| GPU (CUDA) Version of PMEMD in use: NVIDIA GPU IN USE.
|                    Version 18.0.0
| 
|                      03/25/2018
| 
| Implementation by:
|                    Ross C. Walker     (SDSC)
|                    Scott Le Grand     (nVIDIA)
| 
| Version 18 performance extensions by:
|                    David Cerutti     (Rutgers)
| 
| Precision model in use:
|      [SPFP] - Single Precision Forces, 64-bit Fixed Point
|               Accumulation. (Default)
| 
|--------------------------------------------------------
 
|----------------- CITATION INFORMATION -----------------
|
|    When publishing work that utilized the CUDA version
|    of AMBER, please cite the following in addition to
|    the regular AMBER citations:
|
|  - Romelia Salomon-Ferrer; Andreas W. Goetz; Duncan
|    Poole; Scott Le Grand; Ross C. Walker "Routine
|    microsecond molecular dynamics simulations with
|    AMBER - Part II: Particle Mesh Ewald", J. Chem.
|    Theory Comput., 2013, 9 (9), pp3878-3888,
|    DOI: 10.1021/ct400314y.
|
|  - Andreas W. Goetz; Mark J. Williamson; Dong Xu;
|    Duncan Poole; Scott Le Grand; Ross C. Walker
|    "Routine microsecond molecular dynamics simulations
|    with AMBER - Part I: Generalized Born", J. Chem.
|    Theory Comput., 2012, 8 (5), pp1542-1555.
|
|  - Scott Le Grand; Andreas W. Goetz; Ross C. Walker
|    "SPFP: Speed without compromise - a mixed precision
|    model for GPU accelerated molecular dynamics
|    simulations.", Comp. Phys. Comm., 2013, 184
|    pp374-380, DOI: 10.1016/j.cpc.2012.09.022
|
|--------------------------------------------------------
 
|------------------- GPU DEVICE INFO --------------------
|
|            CUDA_VISIBLE_DEVICES: 0
|   CUDA Capable Devices Detected:      1
|           CUDA Device ID in use:      0
|                CUDA Device Name: GeForce GTX 1080 Ti
|     CUDA Device Global Mem Size:  11178 MB
| CUDA Device Num Multiprocessors:     28
|           CUDA Device Core Freq:   1.72 GHz
|
|--------------------------------------------------------
 
 
| Conditional Compilation Defines Used:
| PUBFFT
| BINTRAJ
| CUDA
| EMIL

| Largest sphere to fit in unit cell has radius =    27.087

| New format PARM file being parsed.
| Version =    1.000 Date = 04/14/18 Time = 19:54:59

| Note: 1-4 EEL scale factors are being read from the topology file.

| Note: 1-4 VDW scale factors are being read from the topology file.
| Duplicated    0 dihedrals

| Duplicated    0 dihedrals

--------------------------------------------------------------------------------
   1.  RESOURCE   USE: 
--------------------------------------------------------------------------------

 getting new box info from bottom of inpcrd
 NATOM  =   22707 NTYPES =      17 NBONH =   21487 MBONA  =    1237
 NTHETH =    2916 MTHETA =    1649 NPHIH =    5625 MPHIA  =    5085
 NHPARM =       0 NPARM  =       0 NNB   =   40734 NRES   =    6902
 NBONA  =    1237 NTHETA =    1649 NPHIA =    5085 NUMBND =      64
 NUMANG =     139 NPTRA  =     166 NATYP =      37 NPHB   =       1
 IFBOX  =       2 NMXRS  =      50 IFCAP =       0 NEXTRA =       0
 NCOPY  =       0

| Coordinate Index Table dimensions:    10   10   10
| Direct force subcell size =     6.6348    6.6348    6.6348

     BOX TYPE: TRUNCATED OCTAHEDRON

--------------------------------------------------------------------------------
   2.  CONTROL  DATA  FOR  THE  RUN
--------------------------------------------------------------------------------

default_name                                                                    

General flags:
     imin    =       0, nmropt  =       0

Nature and format of input:
     ntx     =       5, irest   =       1, ntrx    =       1

Nature and format of output:
     ntxo    =       1, ntpr    =     500, ntrx    =       1, ntwr    =     500
     iwrap   =       1, ntwx    =     500, ntwv    =       0, ntwe    =       0
     ioutfm  =       1, ntwprt  =       0, idecomp =       0, rbornstat=      0

Potential function:
     ntf     =       2, ntb     =       2, igb     =       0, nsnb    =      25
     ipol    =       0, gbsa    =       0, iesp    =       0
     dielc   =   1.00000, cut     =  10.00000, intdiel =   1.00000

Frozen or restrained atoms:
     ibelly  =       0, ntr     =       1
     restraint_wt =   0.05000

Molecular dynamics:
     nstlim  =     50000, nscm    =         0, nrespa  =         1
     t       =   0.00000, dt      =   0.00200, vlimit  =  -1.00000

Langevin dynamics temperature regulation:
     ig      =  174906
     temp0   = 300.00000, tempi   = 300.00000, gamma_ln=   5.00000

Pressure regulation:
     ntp     =       1
     pres0   =   1.00000, comp    =  44.60000, taup    =   1.00000

SHAKE:
     ntc     =       2, jfastw  =       0
     tol     =   0.00001

| Intermolecular bonds treatment:
|     no_intermolecular_bonds =       1

| Energy averages sample interval:
|     ene_avg_sampling =     500

Ewald parameters:
     verbose =       0, ew_type =       0, nbflag  =       1, use_pme =       1
     vdwmeth =       1, eedmeth =       1, netfrc  =       1
     Box X =   66.348   Box Y =   66.348   Box Z =   66.348
     Alpha =  109.471   Beta  =  109.471   Gamma =  109.471
     NFFT1 =   64       NFFT2 =   64       NFFT3 =   64
     Cutoff=   10.000   Tol   =0.100E-04
     Ewald Coefficient =  0.27511
     Interpolation order =    4

    LOADING THE CONSTRAINED ATOMS AS GROUPS


   5.  REFERENCE ATOM COORDINATES

  default_name                                                                    
     Mask :1-131@N,CA,C,O; matches   524 atoms

--------------------------------------------------------------------------------
   3.  ATOMIC COORDINATES AND VELOCITIES
--------------------------------------------------------------------------------

default_name                                                                    
 begin time read from input coords =  4900.000 ps

 
 Number of triangulated 3-point waters found:     6742

     Sum of charges from parm topology file =  -0.00100007
     Forcing neutrality...

| Dynamic Memory, Types Used:
| Reals             1110941
| Integers           905820

| Nonbonded Pairs Initial Allocation:     6868299

| GPU memory information (estimate):
| KB of GPU memory in use:         0
| KB of CPU memory in use:         0

--------------------------------------------------------------------------------
   4.  RESULTS
--------------------------------------------------------------------------------

wrapping first mol.:       22.11794       31.27949       54.17766
wrapping first mol.:       22.11794       31.27949       54.17766

 NSTEP =      500   TIME(PS) =    4901.000  TEMP(K) =   299.93  PRESS =    52.8
 Etot   =    -54749.4953  EKtot   =     13897.4170  EPtot      =    -68646.9123
 BOND   =       446.7774  ANGLE   =      1203.6214  DIHED      =      1850.3053
 1-4 NB =       563.6571  1-4 EEL =      8887.6015  VDWAALS    =      8227.5006
 EELEC  =    -89830.9385  EHBOND  =         0.0000  RESTRAINT  =         4.5629
 EAMBER (non-restraint)  =    -68651.4752
 EKCMT  =      6123.4457  VIRIAL  =      5866.8451  VOLUME     =    224891.7929
                                                    Density    =         1.0254
 ------------------------------------------------------------------------------

wrapping first mol.:       22.14745       31.32123       54.24995
wrapping first mol.:       22.14745       31.32123       54.24995

 NSTEP =     1000   TIME(PS) =    4902.000  TEMP(K) =   301.16  PRESS =  -118.2
 Etot   =    -54542.9038  EKtot   =     13954.5381  EPtot      =    -68497.4419
 BOND   =       475.7523  ANGLE   =      1144.1533  DIHED      =      1854.2768
 1-4 NB =       577.1619  1-4 EEL =      8904.1141  VDWAALS    =      8003.8400
 EELEC  =    -89463.7151  EHBOND  =         0.0000  RESTRAINT  =         6.9747
 EAMBER (non-restraint)  =    -68504.4167
 EKCMT  =      6097.0147  VIRIAL  =      6673.1756  VOLUME     =    225796.7389
                                                    Density    =         1.0213
 ------------------------------------------------------------------------------

wrapping first mol.:       22.13473       31.30324       54.21879
wrapping first mol.:       22.13473       31.30324       54.21879

 NSTEP =     1500   TIME(PS) =    4903.000  TEMP(K) =   299.39  PRESS =   140.6
 Etot   =    -54561.4562  EKtot   =     13872.2354  EPtot      =    -68433.6915
 BOND   =       474.8300  ANGLE   =      1231.2021  DIHED      =      1870.8679
 1-4 NB =       573.4907  1-4 EEL =      8881.0818  VDWAALS    =      8043.7525
 EELEC  =    -89515.1456  EHBOND  =         0.0000  RESTRAINT  =         6.2290
 EAMBER (non-restraint)  =    -68439.9206
 EKCMT  =      6001.8618  VIRIAL  =      5317.3779  VOLUME     =    225402.7073
                                                    Density    =         1.0231
 ------------------------------------------------------------------------------

wrapping first mol.:       22.14992       31.32472       54.25600
wrapping first mol.:       22.14992       31.32472       54.25600

 NSTEP =     2000   TIME(PS) =    4904.000  TEMP(K) =   300.50  PRESS =   -78.7
 Etot   =    -54443.8549  EKtot   =     13923.8574  EPtot      =    -68367.7124
 BOND   =       466.7400  ANGLE   =      1284.2311  DIHED      =      1870.8181
 1-4 NB =       568.6069  1-4 EEL =      8866.1683  VDWAALS    =      8199.2745
 EELEC  =    -89630.4444  EHBOND  =         0.0000  RESTRAINT  =         6.8932
 EAMBER (non-restraint)  =    -68374.6056
 EKCMT  =      6096.9094  VIRIAL  =      6480.6630  VOLUME     =    225871.4471
                                                    Density    =         1.0209
 ------------------------------------------------------------------------------

wrapping first mol.:       22.14331       31.31537       54.23981
wrapping first mol.:       22.14331       31.31537       54.23981

 NSTEP =     2500   TIME(PS) =    4905.000  TEMP(K) =   303.46  PRESS =  -240.4
 Etot   =    -54599.3952  EKtot   =     14061.1514  EPtot      =    -68660.5466
 BOND   =       423.6127  ANGLE   =      1243.3090  DIHED      =      1876.3960
 1-4 NB =       559.0965  1-4 EEL =      8897.1262  VDWAALS    =      8059.0469
 EELEC  =    -89728.3380  EHBOND  =         0.0000  RESTRAINT  =         9.2042
 EAMBER (non-restraint)  =    -68669.7508
 EKCMT  =      6117.1137  VIRIAL  =      7288.6307  VOLUME     =    225672.6394
                                                    Density    =         1.0218
 ------------------------------------------------------------------------------

wrapping first mol.:       22.15227       31.32804       54.26174
wrapping first mol.:       22.15227       31.32804       54.26174

 NSTEP =     3000   TIME(PS) =    4906.000  TEMP(K) =   301.33  PRESS =  -114.0
 Etot   =    -54487.9521  EKtot   =     13962.0859  EPtot      =    -68450.0380
 BOND   =       443.2213  ANGLE   =      1229.0036  DIHED      =      1870.6254
 1-4 NB =       568.3702  1-4 EEL =      8906.0738  VDWAALS    =      8131.6056
 EELEC  =    -89609.4418  EHBOND  =         0.0000  RESTRAINT  =        10.5041
 EAMBER (non-restraint)  =    -68460.5421
 EKCMT  =      6010.7149  VIRIAL  =      6566.7318  VOLUME     =    225943.9297
                                                    Density    =         1.0206
 ------------------------------------------------------------------------------

wrapping first mol.:       22.15462       31.33137       54.26752
wrapping first mol.:       22.15462       31.33137       54.26752

 NSTEP =     3500   TIME(PS) =    4907.000  TEMP(K) =   300.83  PRESS =    64.0
 Etot   =    -54547.3684  EKtot   =     13939.1182  EPtot      =    -68486.4866
 BOND   =       458.9484  ANGLE   =      1204.4906  DIHED      =      1872.7378
 1-4 NB =       569.4131  1-4 EEL =      8885.7932  VDWAALS    =      8047.6930
 EELEC  =    -89535.6517  EHBOND  =         0.0000  RESTRAINT  =        10.0889
 EAMBER (non-restraint)  =    -68496.5754
 EKCMT  =      6141.9643  VIRIAL  =      5829.8719  VOLUME     =    226012.4398
                                                    Density    =         1.0203
 ------------------------------------------------------------------------------

wrapping first mol.:       22.14701       31.32061       54.24888
wrapping first mol.:       22.14701       31.32061       54.24888

 NSTEP =     4000   TIME(PS) =    4908.000  TEMP(K) =   301.12  PRESS =   112.1
 Etot   =    -54505.1233  EKtot   =     13952.2734  EPtot      =    -68457.3967
 BOND   =       406.4610  ANGLE   =      1172.5438  DIHED      =      1856.2758
 1-4 NB =       596.9922  1-4 EEL =      8943.6584  VDWAALS    =      8266.1423
 EELEC  =    -89709.0587  EHBOND  =         0.0000  RESTRAINT  =         9.5886
 EAMBER (non-restraint)  =    -68466.9853
 EKCMT  =      6093.2694  VIRIAL  =      5546.9737  VOLUME     =    225778.6857
                                                    Density    =         1.0214
 ------------------------------------------------------------------------------

wrapping first mol.:       22.15015       31.32504       54.25655
wrapping first mol.:       22.15015       31.32504       54.25655

 NSTEP =     4500   TIME(PS) =    4909.000  TEMP(K) =   300.58  PRESS =   -61.3
 Etot   =    -54546.5901  EKtot   =     13927.6152  EPtot      =    -68474.2054
 BOND   =       473.4116  ANGLE   =      1224.3344  DIHED      =      1887.7674
 1-4 NB =       563.0816  1-4 EEL =      8922.7951  VDWAALS    =      8246.8445
 EELEC  =    -89800.3859  EHBOND  =         0.0000  RESTRAINT  =         7.9460
 EAMBER (non-restraint)  =    -68482.1514
 EKCMT  =      6073.8653  VIRIAL  =      6372.7941  VOLUME     =    225877.9878
                                                    Density    =         1.0209
 ------------------------------------------------------------------------------

wrapping first mol.:       22.14553       31.31851       54.24525
wrapping first mol.:       22.14553       31.31851       54.24525

 NSTEP =     5000   TIME(PS) =    4910.000  TEMP(K) =   304.04  PRESS =  -154.6
 Etot   =    -54468.9130  EKtot   =     14087.9688  EPtot      =    -68556.8817
 BOND   =       438.8029  ANGLE   =      1237.1512  DIHED      =      1861.9176
 1-4 NB =       572.7019  1-4 EEL =      8873.4007  VDWAALS    =      8030.3011
 EELEC  =    -89578.9240  EHBOND  =         0.0000  RESTRAINT  =         7.7670
 EAMBER (non-restraint)  =    -68564.6487
 EKCMT  =      6056.5371  VIRIAL  =      6810.2649  VOLUME     =    225738.7221
                                                    Density    =         1.0215
 ------------------------------------------------------------------------------

wrapping first mol.:       22.15073       31.32587       54.25799
wrapping first mol.:       22.15073       31.32587       54.25799

 NSTEP =     5500   TIME(PS) =    4911.000  TEMP(K) =   299.85  PRESS =    44.5
 Etot   =    -54424.5652  EKtot   =     13893.8281  EPtot      =    -68318.3934
 BOND   =       451.2860  ANGLE   =      1226.0802  DIHED      =      1868.3823
 1-4 NB =       589.3337  1-4 EEL =      8919.9906  VDWAALS    =      8077.6831
 EELEC  =    -89458.2373  EHBOND  =         0.0000  RESTRAINT  =         7.0881
 EAMBER (non-restraint)  =    -68325.4814
 EKCMT  =      5998.8038  VIRIAL  =      5781.6852  VOLUME     =    225893.8159
                                                    Density    =         1.0208
 ------------------------------------------------------------------------------

wrapping first mol.:       22.16185       31.34158       54.28521
wrapping first mol.:       22.16185       31.34158       54.28521

 NSTEP =     6000   TIME(PS) =    4912.000  TEMP(K) =   299.79  PRESS =   122.9
 Etot   =    -54585.1559  EKtot   =     13890.8418  EPtot      =    -68475.9977
 BOND   =       439.1242  ANGLE   =      1198.8754  DIHED      =      1856.8945
 1-4 NB =       574.8166  1-4 EEL =      8900.6863  VDWAALS    =      8337.5185
 EELEC  =    -89791.2953  EHBOND  =         0.0000  RESTRAINT  =         7.3821
 EAMBER (non-restraint)  =    -68483.3798
 EKCMT  =      6011.3878  VIRIAL  =      5411.1334  VOLUME     =    226232.4104
                                                    Density    =         1.0193
 ------------------------------------------------------------------------------

wrapping first mol.:       22.17646       31.36225       54.32101
wrapping first mol.:       22.17646       31.36225       54.32101

 NSTEP =     6500   TIME(PS) =    4913.000  TEMP(K) =   299.62  PRESS =   306.4
 Etot   =    -54351.5025  EKtot   =     13883.2275  EPtot      =    -68234.7300
 BOND   =       446.7886  ANGLE   =      1205.5808  DIHED      =      1881.3271
 1-4 NB =       564.2447  1-4 EEL =      8865.5442  VDWAALS    =      8372.6907
 EELEC  =    -89579.6686  EHBOND  =         0.0000  RESTRAINT  =         8.7625
 EAMBER (non-restraint)  =    -68243.4925
 EKCMT  =      6058.9186  VIRIAL  =      4559.5550  VOLUME     =    226676.5793
                                                    Density    =         1.0173
 ------------------------------------------------------------------------------

wrapping first mol.:       22.15821       31.33644       54.27631
wrapping first mol.:       22.15821       31.33644       54.27631

 NSTEP =     7000   TIME(PS) =    4914.000  TEMP(K) =   300.68  PRESS =   -13.8
 Etot   =    -54377.5682  EKtot   =     13932.1367  EPtot      =    -68309.7049
 BOND   =       462.2721  ANGLE   =      1172.6429  DIHED      =      1881.2977
 1-4 NB =       575.0314  1-4 EEL =      8883.9407  VDWAALS    =      8011.2588
 EELEC  =    -89304.8929  EHBOND  =         0.0000  RESTRAINT  =         8.7444
 EAMBER (non-restraint)  =    -68318.4493
 EKCMT  =      6057.5875  VIRIAL  =      6125.1005  VOLUME     =    226123.8801
                                                    Density    =         1.0198
 ------------------------------------------------------------------------------

wrapping first mol.:       22.15533       31.33237       54.26925
wrapping first mol.:       22.15533       31.33237       54.26925

 NSTEP =     7500   TIME(PS) =    4915.000  TEMP(K) =   297.62  PRESS =    19.3
 Etot   =    -54601.5827  EKtot   =     13790.2852  EPtot      =    -68391.8679
 BOND   =       463.1459  ANGLE   =      1189.7720  DIHED      =      1899.0908
 1-4 NB =       556.4252  1-4 EEL =      8847.3095  VDWAALS    =      8180.5167
 EELEC  =    -89536.7884  EHBOND  =         0.0000  RESTRAINT  =         8.6603
 EAMBER (non-restraint)  =    -68400.5282
 EKCMT  =      6055.3522  VIRIAL  =      5961.1919  VOLUME     =    226034.9883
                                                    Density    =         1.0202
 ------------------------------------------------------------------------------

wrapping first mol.:       22.15044       31.32546       54.25728
wrapping first mol.:       22.15044       31.32546       54.25728

 NSTEP =     8000   TIME(PS) =    4916.000  TEMP(K) =   299.95  PRESS =   -81.6
 Etot   =    -54610.9823  EKtot   =     13898.0977  EPtot      =    -68509.0800
 BOND   =       440.7402  ANGLE   =      1226.4165  DIHED      =      1892.5678
 1-4 NB =       565.5998  1-4 EEL =      8860.6127  VDWAALS    =      8050.4606
 EELEC  =    -89554.2389  EHBOND  =         0.0000  RESTRAINT  =         8.7612
 EAMBER (non-restraint)  =    -68517.8412
 EKCMT  =      6074.7765  VIRIAL  =      6472.5781  VOLUME     =    225887.5154
                                                    Density    =         1.0209
 ------------------------------------------------------------------------------

wrapping first mol.:       22.15113       31.32643       54.25897
wrapping first mol.:       22.15113       31.32643       54.25897

 NSTEP =     8500   TIME(PS) =    4917.000  TEMP(K) =   300.24  PRESS =   262.2
 Etot   =    -54504.0962  EKtot   =     13911.7334  EPtot      =    -68415.8296
 BOND   =       468.2096  ANGLE   =      1189.2687  DIHED      =      1877.8233
 1-4 NB =       561.4747  1-4 EEL =      8892.4471  VDWAALS    =      8135.1968
 EELEC  =    -89551.2178  EHBOND  =         0.0000  RESTRAINT  =        10.9680
 EAMBER (non-restraint)  =    -68426.7976
 EKCMT  =      6025.5793  VIRIAL  =      4746.6523  VOLUME     =    225901.6637
                                                    Density    =         1.0208
 ------------------------------------------------------------------------------

wrapping first mol.:       22.15356       31.32987       54.26492
wrapping first mol.:       22.15356       31.32987       54.26492

 NSTEP =     9000   TIME(PS) =    4918.000  TEMP(K) =   302.76  PRESS =    98.5
 Etot   =    -54217.6422  EKtot   =     14028.3105  EPtot      =    -68245.9527
 BOND   =       436.6697  ANGLE   =      1236.8726  DIHED      =      1879.8342
 1-4 NB =       590.6402  1-4 EEL =      8937.9002  VDWAALS    =      8198.4498
 EELEC  =    -89538.3461  EHBOND  =         0.0000  RESTRAINT  =        12.0266
 EAMBER (non-restraint)  =    -68257.9793
 EKCMT  =      6029.9340  VIRIAL  =      5549.3674  VOLUME     =    225979.3528
                                                    Density    =         1.0205
 ------------------------------------------------------------------------------

wrapping first mol.:       22.15407       31.33058       54.26616
wrapping first mol.:       22.15407       31.33058       54.26616

 NSTEP =     9500   TIME(PS) =    4919.000  TEMP(K) =   299.57  PRESS =  -261.8
 Etot   =    -54309.7266  EKtot   =     13880.6289  EPtot      =    -68190.3555
 BOND   =       470.4980  ANGLE   =      1254.6445  DIHED      =      1880.0528
 1-4 NB =       561.3617  1-4 EEL =      8884.8047  VDWAALS    =      8021.6824
 EELEC  =    -89274.8665  EHBOND  =         0.0000  RESTRAINT  =        11.4669
 EAMBER (non-restraint)  =    -68201.8224
 EKCMT  =      6057.8114  VIRIAL  =      7335.1150  VOLUME     =    226002.0046
                                                    Density    =         1.0204
 ------------------------------------------------------------------------------

wrapping first mol.:       22.15022       31.32513       54.25672
wrapping first mol.:       22.15022       31.32513       54.25672

 NSTEP =    10000   TIME(PS) =    4920.000  TEMP(K) =   297.42  PRESS =  -286.5
 Etot   =    -54747.9586  EKtot   =     13781.1650  EPtot      =    -68529.1236
 BOND   =       428.7202  ANGLE   =      1160.9953  DIHED      =      1870.9781
 1-4 NB =       569.3174  1-4 EEL =      8912.9909  VDWAALS    =      8128.8316
 EELEC  =    -89610.4388  EHBOND  =         0.0000  RESTRAINT  =         9.4817
 EAMBER (non-restraint)  =    -68538.6053
 EKCMT  =      5992.9784  VIRIAL  =      7390.3943  VOLUME     =    225884.6399
                                                    Density    =         1.0209
 ------------------------------------------------------------------------------

wrapping first mol.:       22.13443       31.30281       54.21806
wrapping first mol.:       22.13443       31.30281       54.21806

 NSTEP =    10500   TIME(PS) =    4921.000  TEMP(K) =   301.53  PRESS =  -169.5
 Etot   =    -54535.0560  EKtot   =     13971.3525  EPtot      =    -68506.4085
 BOND   =       462.5530  ANGLE   =      1193.0285  DIHED      =      1866.5856
 1-4 NB =       581.3082  1-4 EEL =      8899.5696  VDWAALS    =      7933.1152
 EELEC  =    -89454.0942  EHBOND  =         0.0000  RESTRAINT  =        11.5255
 EAMBER (non-restraint)  =    -68517.9340
 EKCMT  =      6076.3925  VIRIAL  =      6901.3003  VOLUME     =    225399.7607
                                                    Density    =         1.0231
 ------------------------------------------------------------------------------

wrapping first mol.:       22.13598       31.30500       54.22185
wrapping first mol.:       22.13598       31.30500       54.22185

 NSTEP =    11000   TIME(PS) =    4922.000  TEMP(K) =   297.52  PRESS =   -29.3
 Etot   =    -54612.6521  EKtot   =     13785.5791  EPtot      =    -68398.2312
 BOND   =       458.5674  ANGLE   =      1221.7510  DIHED      =      1876.1349
 1-4 NB =       568.8241  1-4 EEL =      8919.9163  VDWAALS    =      8110.1851
 EELEC  =    -89564.4815  EHBOND  =         0.0000  RESTRAINT  =        10.8714
 EAMBER (non-restraint)  =    -68409.1027
 EKCMT  =      6048.7073  VIRIAL  =      6191.2523  VOLUME     =    225444.2051
                                                    Density    =         1.0229
 ------------------------------------------------------------------------------

wrapping first mol.:       22.15212       31.32782       54.26137
wrapping first mol.:       22.15212       31.32782       54.26137

 NSTEP =    11500   TIME(PS) =    4923.000  TEMP(K) =   300.14  PRESS =  -241.4
 Etot   =    -54619.5587  EKtot   =     13907.0176  EPtot      =    -68526.5762
 BOND   =       472.4031  ANGLE   =      1215.7460  DIHED      =      1872.1797
 1-4 NB =       561.4889  1-4 EEL =      8877.9393  VDWAALS    =      8037.4896
 EELEC  =    -89575.2291  EHBOND  =         0.0000  RESTRAINT  =        11.4064
 EAMBER (non-restraint)  =    -68537.9826
 EKCMT  =      5997.8034  VIRIAL  =      7175.2053  VOLUME     =    225941.8479
                                                    Density    =         1.0206
 ------------------------------------------------------------------------------

wrapping first mol.:       22.14938       31.32395       54.25467
wrapping first mol.:       22.14938       31.32395       54.25467

 NSTEP =    12000   TIME(PS) =    4924.000  TEMP(K) =   297.67  PRESS =   -41.3
 Etot   =    -54498.6295  EKtot   =     13792.5732  EPtot      =    -68291.2027
 BOND   =       453.4753  ANGLE   =      1211.4401  DIHED      =      1874.5883
 1-4 NB =       570.8240  1-4 EEL =      8899.4260  VDWAALS    =      8102.4261
 EELEC  =    -89413.8879  EHBOND  =         0.0000  RESTRAINT  =        10.5053
 EAMBER (non-restraint)  =    -68301.7080
 EKCMT  =      5989.5543  VIRIAL  =      6191.1944  VOLUME     =    225854.1001
                                                    Density    =         1.0210
 ------------------------------------------------------------------------------

wrapping first mol.:       22.15824       31.33648       54.27638
wrapping first mol.:       22.15824       31.33648       54.27638

 NSTEP =    12500   TIME(PS) =    4925.000  TEMP(K) =   297.72  PRESS =    16.3
 Etot   =    -54694.1954  EKtot   =     13794.8574  EPtot      =    -68489.0528
 BOND   =       465.4085  ANGLE   =      1214.3577  DIHED      =      1869.2203
 1-4 NB =       552.7923  1-4 EEL =      8899.6796  VDWAALS    =      8304.2369
 EELEC  =    -89804.0978  EHBOND  =         0.0000  RESTRAINT  =         9.3496
 EAMBER (non-restraint)  =    -68498.4025
 EKCMT  =      6033.6610  VIRIAL  =      5954.0336  VOLUME     =    226124.1561
                                                    Density    =         1.0198
 ------------------------------------------------------------------------------

wrapping first mol.:       22.14587       31.31900       54.24609
wrapping first mol.:       22.14587       31.31900       54.24609

 NSTEP =    13000   TIME(PS) =    4926.000  TEMP(K) =   298.88  PRESS =    65.0
 Etot   =    -54584.8045  EKtot   =     13848.7236  EPtot      =    -68433.5281
 BOND   =       437.7868  ANGLE   =      1230.6320  DIHED      =      1866.1547
 1-4 NB =       580.3462  1-4 EEL =      8898.1608  VDWAALS    =      8068.1964
 EELEC  =    -89524.4721  EHBOND  =         0.0000  RESTRAINT  =         9.6672
 EAMBER (non-restraint)  =    -68443.1953
 EKCMT  =      6032.1638  VIRIAL  =      5715.2632  VOLUME     =    225744.7832
                                                    Density    =         1.0215
 ------------------------------------------------------------------------------

wrapping first mol.:       22.14628       31.31957       54.24708
wrapping first mol.:       22.14628       31.31957       54.24708

 NSTEP =    13500   TIME(PS) =    4927.000  TEMP(K) =   298.51  PRESS =   128.0
 Etot   =    -54552.8283  EKtot   =     13831.4961  EPtot      =    -68384.3244
 BOND   =       459.4597  ANGLE   =      1179.4025  DIHED      =      1877.6099
 1-4 NB =       568.8611  1-4 EEL =      8891.8888  VDWAALS    =      8283.8891
 EELEC  =    -89655.0149  EHBOND  =         0.0000  RESTRAINT  =         9.5793
 EAMBER (non-restraint)  =    -68393.9037
 EKCMT  =      6026.6646  VIRIAL  =      5402.6001  VOLUME     =    225755.9173
                                                    Density    =         1.0215
 ------------------------------------------------------------------------------

wrapping first mol.:       22.15105       31.32631       54.25876
wrapping first mol.:       22.15105       31.32631       54.25876

 NSTEP =    14000   TIME(PS) =    4928.000  TEMP(K) =   303.75  PRESS =     5.7
 Etot   =    -54432.9439  EKtot   =     14074.4668  EPtot      =    -68507.4107
 BOND   =       461.0006  ANGLE   =      1221.7840  DIHED      =      1871.3821
 1-4 NB =       584.2081  1-4 EEL =      8924.6034  VDWAALS    =      8112.8517
 EELEC  =    -89691.5748  EHBOND  =         0.0000  RESTRAINT  =         8.3342
 EAMBER (non-restraint)  =    -68515.7449
 EKCMT  =      6143.4321  VIRIAL  =      6115.7147  VOLUME     =    225904.2624
                                                    Density    =         1.0208
 ------------------------------------------------------------------------------

wrapping first mol.:       22.14346       31.31558       54.24016
wrapping first mol.:       22.14346       31.31558       54.24016

 NSTEP =    14500   TIME(PS) =    4929.000  TEMP(K) =   298.68  PRESS =   -97.2
 Etot   =    -54612.6910  EKtot   =     13839.6348  EPtot      =    -68452.3257
 BOND   =       463.5764  ANGLE   =      1219.2374  DIHED      =      1875.0249
 1-4 NB =       572.7475  1-4 EEL =      8888.2365  VDWAALS    =      8175.6609
 EELEC  =    -89656.4672  EHBOND  =         0.0000  RESTRAINT  =         9.6578
 EAMBER (non-restraint)  =    -68461.9836
 EKCMT  =      5990.1964  VIRIAL  =      6463.7706  VOLUME     =    225674.1235
                                                    Density    =         1.0218
 ------------------------------------------------------------------------------

wrapping first mol.:       22.14456       31.31714       54.24288
wrapping first mol.:       22.14456       31.31714       54.24288

 NSTEP =    15000   TIME(PS) =    4930.000  TEMP(K) =   302.59  PRESS =   180.4
 Etot   =    -54369.8130  EKtot   =     14020.8203  EPtot      =    -68390.6333
 BOND   =       502.9947  ANGLE   =      1202.7990  DIHED      =      1867.5830
 1-4 NB =       562.3232  1-4 EEL =      8885.1370  VDWAALS    =      8090.7063
 EELEC  =    -89510.9693  EHBOND  =         0.0000  RESTRAINT  =         8.7927
 EAMBER (non-restraint)  =    -68399.4261
 EKCMT  =      6116.9834  VIRIAL  =      5237.7906  VOLUME     =    225702.3992
                                                    Density    =         1.0217
 ------------------------------------------------------------------------------

wrapping first mol.:       22.14633       31.31963       54.24719
wrapping first mol.:       22.14633       31.31963       54.24719

 NSTEP =    15500   TIME(PS) =    4931.000  TEMP(K) =   300.82  PRESS =  -181.5
 Etot   =    -54410.8647  EKtot   =     13938.7451  EPtot      =    -68349.6099
 BOND   =       464.1646  ANGLE   =      1216.7364  DIHED      =      1892.1049
 1-4 NB =       571.9001  1-4 EEL =      8904.7294  VDWAALS    =      8056.4367
 EELEC  =    -89465.4707  EHBOND  =         0.0000  RESTRAINT  =         9.7888
 EAMBER (non-restraint)  =    -68359.3987
 EKCMT  =      6073.6509  VIRIAL  =      6958.1871  VOLUME     =    225763.5501
                                                    Density    =         1.0214
 ------------------------------------------------------------------------------

wrapping first mol.:       22.13846       31.30852       54.22794
wrapping first mol.:       22.13846       31.30852       54.22794

 NSTEP =    16000   TIME(PS) =    4932.000  TEMP(K) =   300.50  PRESS =  -196.7
 Etot   =    -54667.3810  EKtot   =     13923.6064  EPtot      =    -68590.9875
 BOND   =       476.2526  ANGLE   =      1202.6905  DIHED      =      1892.1844
 1-4 NB =       584.1006  1-4 EEL =      8924.4188  VDWAALS    =      7993.8272
 EELEC  =    -89673.5377  EHBOND  =         0.0000  RESTRAINT  =         9.0761
 EAMBER (non-restraint)  =    -68600.0636
 EKCMT  =      6098.1465  VIRIAL  =      7056.1364  VOLUME     =    225523.5251
                                                    Density    =         1.0225
 ------------------------------------------------------------------------------

wrapping first mol.:       22.14533       31.31823       54.24476
wrapping first mol.:       22.14533       31.31823       54.24476

 NSTEP =    16500   TIME(PS) =    4933.000  TEMP(K) =   296.21  PRESS =  -145.2
 Etot   =    -54476.0478  EKtot   =     13724.7939  EPtot      =    -68200.8417
 BOND   =       454.6456  ANGLE   =      1237.2508  DIHED      =      1879.0631
 1-4 NB =       579.3024  1-4 EEL =      8909.0972  VDWAALS    =      8030.9886
 EELEC  =    -89300.8364  EHBOND  =         0.0000  RESTRAINT  =         9.6469
 EAMBER (non-restraint)  =    -68210.4887
 EKCMT  =      5940.4659  VIRIAL  =      6648.3311  VOLUME     =    225732.4900
                                                    Density    =         1.0216
 ------------------------------------------------------------------------------

wrapping first mol.:       22.13418       31.30246       54.21744
wrapping first mol.:       22.13418       31.30246       54.21744

 NSTEP =    17000   TIME(PS) =    4934.000  TEMP(K) =   300.31  PRESS =    25.0
 Etot   =    -54606.5063  EKtot   =     13915.0625  EPtot      =    -68521.5688
 BOND   =       433.7044  ANGLE   =      1247.9023  DIHED      =      1848.3008
 1-4 NB =       584.7974  1-4 EEL =      8931.5870  VDWAALS    =      8180.9668
 EELEC  =    -89755.5606  EHBOND  =         0.0000  RESTRAINT  =         6.7332
 EAMBER (non-restraint)  =    -68528.3020
 EKCMT  =      6052.1203  VIRIAL  =      5930.6690  VOLUME     =    225388.1912
                                                    Density    =         1.0231
 ------------------------------------------------------------------------------

wrapping first mol.:       22.14636       31.31969       54.24728
wrapping first mol.:       22.14636       31.31969       54.24728

 NSTEP =    17500   TIME(PS) =    4935.000  TEMP(K) =   302.05  PRESS =   242.1
 Etot   =    -54540.7125  EKtot   =     13995.4883  EPtot      =    -68536.2007
 BOND   =       427.5088  ANGLE   =      1211.0809  DIHED      =      1865.1041
 1-4 NB =       571.9903  1-4 EEL =      8887.4630  VDWAALS    =      8288.7788
 EELEC  =    -89797.2642  EHBOND  =         0.0000  RESTRAINT  =         9.1375
 EAMBER (non-restraint)  =    -68545.3383
 EKCMT  =      6045.7105  VIRIAL  =      4865.7447  VOLUME     =    225756.1360
                                                    Density    =         1.0215
 ------------------------------------------------------------------------------

wrapping first mol.:       22.13987       31.31050       54.23137
wrapping first mol.:       22.13987       31.31050       54.23137

 NSTEP =    18000   TIME(PS) =    4936.000  TEMP(K) =   301.12  PRESS =  -427.7
 Etot   =    -54371.1002  EKtot   =     13952.3574  EPtot      =    -68323.4576
 BOND   =       455.5254  ANGLE   =      1161.7398  DIHED      =      1881.7880
 1-4 NB =       582.2164  1-4 EEL =      8900.5392  VDWAALS    =      7808.5480
 EELEC  =    -89124.1441  EHBOND  =         0.0000  RESTRAINT  =        10.3298
 EAMBER (non-restraint)  =    -68333.7874
 EKCMT  =      5976.7847  VIRIAL  =      8059.8552  VOLUME     =    225570.9961
                                                    Density    =         1.0223
 ------------------------------------------------------------------------------

wrapping first mol.:       22.14515       31.31797       54.24431
wrapping first mol.:       22.14515       31.31797       54.24431

 NSTEP =    18500   TIME(PS) =    4937.000  TEMP(K) =   299.35  PRESS =   166.3
 Etot   =    -54538.3396  EKtot   =     13870.5732  EPtot      =    -68408.9129
 BOND   =       462.6445  ANGLE   =      1240.9894  DIHED      =      1894.1263
 1-4 NB =       572.4232  1-4 EEL =      8848.6499  VDWAALS    =      8226.8495
 EELEC  =    -89664.5832  EHBOND  =         0.0000  RESTRAINT  =         9.9875
 EAMBER (non-restraint)  =    -68418.9003
 EKCMT  =      6072.1455  VIRIAL  =      5261.7013  VOLUME     =    225720.5327
                                                    Density    =         1.0216
 ------------------------------------------------------------------------------

wrapping first mol.:       22.15184       31.32743       54.26069
wrapping first mol.:       22.15184       31.32743       54.26069

 NSTEP =    19000   TIME(PS) =    4938.000  TEMP(K) =   302.52  PRESS =     3.9
 Etot   =    -54344.7988  EKtot   =     14017.2451  EPtot      =    -68362.0440
 BOND   =       437.1723  ANGLE   =      1195.7265  DIHED      =      1857.8680
 1-4 NB =       577.2935  1-4 EEL =      8930.8050  VDWAALS    =      7984.5690
 EELEC  =    -89353.9804  EHBOND  =         0.0000  RESTRAINT  =         8.5023
 EAMBER (non-restraint)  =    -68370.5462
 EKCMT  =      6121.1444  VIRIAL  =      6102.1487  VOLUME     =    225928.3989
                                                    Density    =         1.0207
 ------------------------------------------------------------------------------

wrapping first mol.:       22.14116       31.31233       54.23454
wrapping first mol.:       22.14116       31.31233       54.23454

 NSTEP =    19500   TIME(PS) =    4939.000  TEMP(K) =   300.98  PRESS =  -191.9
 Etot   =    -54454.3442  EKtot   =     13946.1016  EPtot      =    -68400.4458
 BOND   =       427.1018  ANGLE   =      1244.4385  DIHED      =      1854.2508
 1-4 NB =       581.6999  1-4 EEL =      8878.2185  VDWAALS    =      7949.3899
 EELEC  =    -89343.6830  EHBOND  =         0.0000  RESTRAINT  =         8.1378
 EAMBER (non-restraint)  =    -68408.5837
 EKCMT  =      6044.7282  VIRIAL  =      6979.6453  VOLUME     =    225605.8002
                                                    Density    =         1.0222
 ------------------------------------------------------------------------------

wrapping first mol.:       22.14351       31.31566       54.24030
wrapping first mol.:       22.14351       31.31566       54.24030

 NSTEP =    20000   TIME(PS) =    4940.000  TEMP(K) =   302.84  PRESS =   -10.5
 Etot   =    -54319.7136  EKtot   =     14032.1855  EPtot      =    -68351.8991
 BOND   =       466.5209  ANGLE   =      1218.1239  DIHED      =      1862.9927
 1-4 NB =       570.6637  1-4 EEL =      8877.4190  VDWAALS    =      8124.3392
 EELEC  =    -89480.6903  EHBOND  =         0.0000  RESTRAINT  =         8.7318
 EAMBER (non-restraint)  =    -68360.6309
 EKCMT  =      6182.2447  VIRIAL  =      6233.2848  VOLUME     =    225674.1193
                                                    Density    =         1.0218
 ------------------------------------------------------------------------------

wrapping first mol.:       22.15262       31.32854       54.26261
wrapping first mol.:       22.15262       31.32854       54.26261

 NSTEP =    20500   TIME(PS) =    4941.000  TEMP(K) =   299.69  PRESS =    34.0
 Etot   =    -54680.9466  EKtot   =     13886.1914  EPtot      =    -68567.1380
 BOND   =       446.2435  ANGLE   =      1236.0579  DIHED      =      1862.7934
 1-4 NB =       573.1622  1-4 EEL =      8869.8396  VDWAALS    =      8098.3976
 EELEC  =    -89662.6355  EHBOND  =         0.0000  RESTRAINT  =         9.0031
 EAMBER (non-restraint)  =    -68576.1411
 EKCMT  =      6072.2532  VIRIAL  =      5906.2002  VOLUME     =    225951.7995
                                                    Density    =         1.0206
 ------------------------------------------------------------------------------

wrapping first mol.:       22.16034       31.33946       54.28153
wrapping first mol.:       22.16034       31.33946       54.28153

 NSTEP =    21000   TIME(PS) =    4942.000  TEMP(K) =   301.10  PRESS =   -72.3
 Etot   =    -54455.4577  EKtot   =     13951.5908  EPtot      =    -68407.0486
 BOND   =       438.8945  ANGLE   =      1254.5858  DIHED      =      1863.5801
 1-4 NB =       587.8979  1-4 EEL =      8874.2477  VDWAALS    =      8066.6441
 EELEC  =    -89504.2240  EHBOND  =         0.0000  RESTRAINT  =        11.3253
 EAMBER (non-restraint)  =    -68418.3738
 EKCMT  =      5990.6254  VIRIAL  =      6343.8871  VOLUME     =    226190.3536
                                                    Density    =         1.0195
 ------------------------------------------------------------------------------

wrapping first mol.:       22.16279       31.34291       54.28751
wrapping first mol.:       22.16279       31.34291       54.28751

 NSTEP =    21500   TIME(PS) =    4943.000  TEMP(K) =   301.83  PRESS =  -172.9
 Etot   =    -54371.1191  EKtot   =     13985.3145  EPtot      =    -68356.4336
 BOND   =       463.2398  ANGLE   =      1203.5807  DIHED      =      1869.7259
 1-4 NB =       573.1912  1-4 EEL =      8905.8179  VDWAALS    =      7903.1066
 EELEC  =    -89287.3923  EHBOND  =         0.0000  RESTRAINT  =        12.2966
 EAMBER (non-restraint)  =    -68368.7301
 EKCMT  =      6131.8706  VIRIAL  =      6976.6249  VOLUME     =    226267.1806
                                                    Density    =         1.0192
 ------------------------------------------------------------------------------

wrapping first mol.:       22.16947       31.35236       54.30387
wrapping first mol.:       22.16947       31.35236       54.30387

 NSTEP =    22000   TIME(PS) =    4944.000  TEMP(K) =   297.89  PRESS =   172.9
 Etot   =    -54635.1389  EKtot   =     13802.8291  EPtot      =    -68437.9680
 BOND   =       428.0588  ANGLE   =      1228.1644  DIHED      =      1888.6392
 1-4 NB =       588.3378  1-4 EEL =      8916.2326  VDWAALS    =      8251.6602
 EELEC  =    -89752.1487  EHBOND  =         0.0000  RESTRAINT  =        13.0876
 EAMBER (non-restraint)  =    -68451.0556
 EKCMT  =      6017.7127  VIRIAL  =      5172.3486  VOLUME     =    226464.7934
                                                    Density    =         1.0183
 ------------------------------------------------------------------------------

wrapping first mol.:       22.16825       31.35064       54.30090
wrapping first mol.:       22.16825       31.35064       54.30090

 NSTEP =    22500   TIME(PS) =    4945.000  TEMP(K) =   300.77  PRESS =   104.1
 Etot   =    -54569.0246  EKtot   =     13936.2803  EPtot      =    -68505.3049
 BOND   =       447.3099  ANGLE   =      1228.8961  DIHED      =      1884.3994
 1-4 NB =       565.0275  1-4 EEL =      8882.1661  VDWAALS    =      8079.6270
 EELEC  =    -89604.4760  EHBOND  =         0.0000  RESTRAINT  =        11.7450
 EAMBER (non-restraint)  =    -68517.0499
 EKCMT  =      6006.9228  VIRIAL  =      5497.7765  VOLUME     =    226428.9939
                                                    Density    =         1.0184
 ------------------------------------------------------------------------------

wrapping first mol.:       22.14972       31.32443       54.25550
wrapping first mol.:       22.14972       31.32443       54.25550

 NSTEP =    23000   TIME(PS) =    4946.000  TEMP(K) =   301.39  PRESS =   -51.0
 Etot   =    -54316.2261  EKtot   =     13965.1357  EPtot      =    -68281.3618
 BOND   =       478.6696  ANGLE   =      1219.5696  DIHED      =      1891.2538
 1-4 NB =       575.7906  1-4 EEL =      8876.0728  VDWAALS    =      8069.6702
 EELEC  =    -89403.1724  EHBOND  =         0.0000  RESTRAINT  =        10.7840
 EAMBER (non-restraint)  =    -68292.1458
 EKCMT  =      6127.2809  VIRIAL  =      6376.0761  VOLUME     =    225864.7156
                                                    Density    =         1.0210
 ------------------------------------------------------------------------------

wrapping first mol.:       22.14060       31.31153       54.23316
wrapping first mol.:       22.14060       31.31153       54.23316

 NSTEP =    23500   TIME(PS) =    4947.000  TEMP(K) =   299.86  PRESS =  -101.5
 Etot   =    -54502.2494  EKtot   =     13894.3145  EPtot      =    -68396.5639
 BOND   =       453.2954  ANGLE   =      1229.4654  DIHED      =      1877.4769
 1-4 NB =       570.8524  1-4 EEL =      8873.6199  VDWAALS    =      8133.3348
 EELEC  =    -89544.2868  EHBOND  =         0.0000  RESTRAINT  =         9.6780
 EAMBER (non-restraint)  =    -68406.2419
 EKCMT  =      6099.4613  VIRIAL  =      6593.6986  VOLUME     =    225586.8074
                                                    Density    =         1.0222
 ------------------------------------------------------------------------------

wrapping first mol.:       22.15904       31.33761       54.27832
wrapping first mol.:       22.15904       31.33761       54.27832

 NSTEP =    24000   TIME(PS) =    4948.000  TEMP(K) =   299.47  PRESS =   -72.5
 Etot   =    -54606.3514  EKtot   =     13875.9951  EPtot      =    -68482.3465
 BOND   =       485.4688  ANGLE   =      1247.2427  DIHED      =      1856.0518
 1-4 NB =       566.7141  1-4 EEL =      8896.3675  VDWAALS    =      8083.8924
 EELEC  =    -89627.5487  EHBOND  =         0.0000  RESTRAINT  =         9.4649
 EAMBER (non-restraint)  =    -68491.8114
 EKCMT  =      6018.6200  VIRIAL  =      6372.5460  VOLUME     =    226150.2613
                                                    Density    =         1.0197
 ------------------------------------------------------------------------------

wrapping first mol.:       22.13251       31.30009       54.21334
wrapping first mol.:       22.13251       31.30009       54.21334

 NSTEP =    24500   TIME(PS) =    4949.000  TEMP(K) =   295.95  PRESS =   -81.1
 Etot   =    -54581.2825  EKtot   =     13712.7588  EPtot      =    -68294.0413
 BOND   =       415.8597  ANGLE   =      1266.5425  DIHED      =      1865.8813
 1-4 NB =       579.7002  1-4 EEL =      8885.9857  VDWAALS    =      7939.0526
 EELEC  =    -89254.7639  EHBOND  =         0.0000  RESTRAINT  =         7.7005
 EAMBER (non-restraint)  =    -68301.7418
 EKCMT  =      5961.6783  VIRIAL  =      6356.0855  VOLUME     =    225339.1817
                                                    Density    =         1.0234
 ------------------------------------------------------------------------------

wrapping first mol.:       22.13953       31.31003       54.23056
wrapping first mol.:       22.13953       31.31003       54.23056

 NSTEP =    25000   TIME(PS) =    4950.000  TEMP(K) =   301.36  PRESS =    88.3
 Etot   =    -54517.6467  EKtot   =     13963.6250  EPtot      =    -68481.2717
 BOND   =       474.6898  ANGLE   =      1187.4510  DIHED      =      1872.9551
 1-4 NB =       563.9962  1-4 EEL =      8919.7362  VDWAALS    =      8202.7863
 EELEC  =    -89712.4034  EHBOND  =         0.0000  RESTRAINT  =         9.5171
 EAMBER (non-restraint)  =    -68490.7888
 EKCMT  =      6030.2262  VIRIAL  =      5600.0341  VOLUME     =    225550.4653
                                                    Density    =         1.0224
 ------------------------------------------------------------------------------

wrapping first mol.:       22.14271       31.31452       54.23833
wrapping first mol.:       22.14271       31.31452       54.23833

 NSTEP =    25500   TIME(PS) =    4951.000  TEMP(K) =   299.75  PRESS =   238.5
 Etot   =    -54422.9040  EKtot   =     13888.8477  EPtot      =    -68311.7517
 BOND   =       445.6098  ANGLE   =      1250.1122  DIHED      =      1857.7103
 1-4 NB =       571.9947  1-4 EEL =      8872.3667  VDWAALS    =      8197.7764
 EELEC  =    -89516.7313  EHBOND  =         0.0000  RESTRAINT  =         9.4095
 EAMBER (non-restraint)  =    -68321.1612
 EKCMT  =      6091.5023  VIRIAL  =      4929.6451  VOLUME     =    225644.4414
                                                    Density    =         1.0220
 ------------------------------------------------------------------------------

wrapping first mol.:       22.13936       31.30978       54.23013
wrapping first mol.:       22.13936       31.30978       54.23013

 NSTEP =    26000   TIME(PS) =    4952.000  TEMP(K) =   300.42  PRESS =   183.3
 Etot   =    -54527.2443  EKtot   =     13920.2314  EPtot      =    -68447.4757
 BOND   =       461.5920  ANGLE   =      1246.0375  DIHED      =      1882.3958
 1-4 NB =       570.7411  1-4 EEL =      8928.6377  VDWAALS    =      8287.5807
 EELEC  =    -89834.8877  EHBOND  =         0.0000  RESTRAINT  =        10.4272
 EAMBER (non-restraint)  =    -68457.9029
 EKCMT  =      6054.9910  VIRIAL  =      5162.3831  VOLUME     =    225543.2983
                                                    Density    =         1.0224
 ------------------------------------------------------------------------------

wrapping first mol.:       22.12410       31.28821       54.19276
wrapping first mol.:       22.12410       31.28821       54.19276

 NSTEP =    26500   TIME(PS) =    4953.000  TEMP(K) =   300.34  PRESS =   -20.3
 Etot   =    -54552.9997  EKtot   =     13916.2773  EPtot      =    -68469.2771
 BOND   =       437.8348  ANGLE   =      1232.9929  DIHED      =      1845.1301
 1-4 NB =       562.5738  1-4 EEL =      8907.8170  VDWAALS    =      8069.3664
 EELEC  =    -89534.2870  EHBOND  =         0.0000  RESTRAINT  =         9.2950
 EAMBER (non-restraint)  =    -68478.5721
 EKCMT  =      6063.8961  VIRIAL  =      6162.5737  VOLUME     =    225081.3965
                                                    Density    =         1.0245
 ------------------------------------------------------------------------------

wrapping first mol.:       22.13653       31.30578       54.22320
wrapping first mol.:       22.13653       31.30578       54.22320

 NSTEP =    27000   TIME(PS) =    4954.000  TEMP(K) =   298.74  PRESS =   -24.7
 Etot   =    -54674.6302  EKtot   =     13842.0615  EPtot      =    -68516.6917
 BOND   =       461.3583  ANGLE   =      1193.6505  DIHED      =      1883.9475
 1-4 NB =       580.4003  1-4 EEL =      8928.4924  VDWAALS    =      8267.0700
 EELEC  =    -89840.2856  EHBOND  =         0.0000  RESTRAINT  =         8.6750
 EAMBER (non-restraint)  =    -68525.3667
 EKCMT  =      5997.3490  VIRIAL  =      6117.3647  VOLUME     =    225460.9989
                                                    Density    =         1.0228
 ------------------------------------------------------------------------------

wrapping first mol.:       22.14707       31.32068       54.24901
wrapping first mol.:       22.14707       31.32068       54.24901

 NSTEP =    27500   TIME(PS) =    4955.000  TEMP(K) =   299.72  PRESS =    45.3
 Etot   =    -54461.8426  EKtot   =     13887.7129  EPtot      =    -68349.5555
 BOND   =       445.3618  ANGLE   =      1257.9166  DIHED      =      1864.8595
 1-4 NB =       598.9962  1-4 EEL =      8922.6356  VDWAALS    =      8109.0855
 EELEC  =    -89556.5204  EHBOND  =         0.0000  RESTRAINT  =         8.1098
 EAMBER (non-restraint)  =    -68357.6653
 EKCMT  =      6073.3957  VIRIAL  =      5852.6224  VOLUME     =    225781.6647
                                                    Density    =         1.0214
 ------------------------------------------------------------------------------

wrapping first mol.:       22.13734       31.30692       54.22518
wrapping first mol.:       22.13734       31.30692       54.22518

 NSTEP =    28000   TIME(PS) =    4956.000  TEMP(K) =   304.36  PRESS =  -137.9
 Etot   =    -54087.6300  EKtot   =     14102.8291  EPtot      =    -68190.4591
 BOND   =       423.3537  ANGLE   =      1194.2414  DIHED      =      1870.0032
 1-4 NB =       570.9242  1-4 EEL =      8917.9137  VDWAALS    =      8103.2256
 EELEC  =    -89277.0098  EHBOND  =         0.0000  RESTRAINT  =         6.8889
 EAMBER (non-restraint)  =    -68197.3480
 EKCMT  =      6147.7852  VIRIAL  =      6819.0345  VOLUME     =    225487.9266
                                                    Density    =         1.0227
 ------------------------------------------------------------------------------

wrapping first mol.:       22.14553       31.31851       54.24525
wrapping first mol.:       22.14553       31.31851       54.24525

 NSTEP =    28500   TIME(PS) =    4957.000  TEMP(K) =   300.89  PRESS =  -103.3
 Etot   =    -54470.8458  EKtot   =     13942.0645  EPtot      =    -68412.9102
 BOND   =       473.5103  ANGLE   =      1197.5359  DIHED      =      1857.3211
 1-4 NB =       551.6116  1-4 EEL =      8877.7016  VDWAALS    =      8015.7598
 EELEC  =    -89394.0266  EHBOND  =         0.0000  RESTRAINT  =         7.6760
 EAMBER (non-restraint)  =    -68420.5862
 EKCMT  =      6107.9213  VIRIAL  =      6611.3529  VOLUME     =    225737.7118
                                                    Density    =         1.0216
 ------------------------------------------------------------------------------

wrapping first mol.:       22.14204       31.31357       54.23668
wrapping first mol.:       22.14204       31.31357       54.23668

 NSTEP =    29000   TIME(PS) =    4958.000  TEMP(K) =   300.34  PRESS =   385.3
 Etot   =    -54633.9432  EKtot   =     13916.5625  EPtot      =    -68550.5057
 BOND   =       422.2401  ANGLE   =      1207.3113  DIHED      =      1881.3060
 1-4 NB =       568.9718  1-4 EEL =      8879.0429  VDWAALS    =      8273.8491
 EELEC  =    -89790.2327  EHBOND  =         0.0000  RESTRAINT  =         7.0058
 EAMBER (non-restraint)  =    -68557.5115
 EKCMT  =      6055.2553  VIRIAL  =      4178.5024  VOLUME     =    225620.9654
                                                    Density    =         1.0221
 ------------------------------------------------------------------------------

wrapping first mol.:       22.15066       31.32577       54.25781
wrapping first mol.:       22.15066       31.32577       54.25781

 NSTEP =    29500   TIME(PS) =    4959.000  TEMP(K) =   295.77  PRESS =   -43.8
 Etot   =    -54799.0009  EKtot   =     13704.7061  EPtot      =    -68503.7069
 BOND   =       432.9592  ANGLE   =      1178.9255  DIHED      =      1892.7147
 1-4 NB =       571.1084  1-4 EEL =      8892.1791  VDWAALS    =      8141.2151
 EELEC  =    -89620.8393  EHBOND  =         0.0000  RESTRAINT  =         8.0304
 EAMBER (non-restraint)  =    -68511.7373
 EKCMT  =      5978.9241  VIRIAL  =      6192.6458  VOLUME     =    225893.4142
                                                    Density    =         1.0209
 ------------------------------------------------------------------------------

wrapping first mol.:       22.16544       31.34667       54.29402
wrapping first mol.:       22.16544       31.34667       54.29402

 NSTEP =    30000   TIME(PS) =    4960.000  TEMP(K) =   302.04  PRESS =   -34.5
 Etot   =    -54412.9426  EKtot   =     13995.0986  EPtot      =    -68408.0413
 BOND   =       443.4970  ANGLE   =      1225.1539  DIHED      =      1863.7959
 1-4 NB =       557.6388  1-4 EEL =      8909.1355  VDWAALS    =      7992.1055
 EELEC  =    -89409.1962  EHBOND  =         0.0000  RESTRAINT  =         9.8283
 EAMBER (non-restraint)  =    -68417.8696
 EKCMT  =      6081.2703  VIRIAL  =      6250.0151  VOLUME     =    226345.7409
                                                    Density    =         1.0188
 ------------------------------------------------------------------------------

wrapping first mol.:       22.16584       31.34723       54.29499
wrapping first mol.:       22.16584       31.34723       54.29499

 NSTEP =    30500   TIME(PS) =    4961.000  TEMP(K) =   300.54  PRESS =    38.7
 Etot   =    -54546.7264  EKtot   =     13925.3945  EPtot      =    -68472.1209
 BOND   =       436.1466  ANGLE   =      1187.9658  DIHED      =      1865.2996
 1-4 NB =       591.2676  1-4 EEL =      8882.1763  VDWAALS    =      8145.6002
 EELEC  =    -89589.4534  EHBOND  =         0.0000  RESTRAINT  =         8.8765
 EAMBER (non-restraint)  =    -68480.9973
 EKCMT  =      6053.8793  VIRIAL  =      5864.8261  VOLUME     =    226356.4406
                                                    Density    =         1.0188
 ------------------------------------------------------------------------------

wrapping first mol.:       22.16219       31.34207       54.28606
wrapping first mol.:       22.16219       31.34207       54.28606

 NSTEP =    31000   TIME(PS) =    4962.000  TEMP(K) =   297.64  PRESS =   309.1
 Etot   =    -54455.8339  EKtot   =     13791.3857  EPtot      =    -68247.2197
 BOND   =       448.4972  ANGLE   =      1284.9005  DIHED      =      1886.2299
 1-4 NB =       553.2511  1-4 EEL =      8891.2690  VDWAALS    =      8136.1432
 EELEC  =    -89455.4668  EHBOND  =         0.0000  RESTRAINT  =         7.9562
 EAMBER (non-restraint)  =    -68255.1759
 EKCMT  =      5937.0229  VIRIAL  =      4427.0645  VOLUME     =    226239.2841
                                                    Density    =         1.0193
 ------------------------------------------------------------------------------

wrapping first mol.:       22.14763       31.32148       54.25040
wrapping first mol.:       22.14763       31.32148       54.25040

 NSTEP =    31500   TIME(PS) =    4963.000  TEMP(K) =   298.92  PRESS =   174.9
 Etot   =    -54624.3264  EKtot   =     13850.4600  EPtot      =    -68474.7864
 BOND   =       470.0464  ANGLE   =      1167.8856  DIHED      =      1887.6748
 1-4 NB =       584.8916  1-4 EEL =      8880.0749  VDWAALS    =      8191.0906
 EELEC  =    -89665.2808  EHBOND  =         0.0000  RESTRAINT  =         8.8305
 EAMBER (non-restraint)  =    -68483.6169
 EKCMT  =      6038.9765  VIRIAL  =      5186.2341  VOLUME     =    225796.3906
                                                    Density    =         1.0213
 ------------------------------------------------------------------------------

wrapping first mol.:       22.16103       31.34043       54.28322
wrapping first mol.:       22.16103       31.34043       54.28322

 NSTEP =    32000   TIME(PS) =    4964.000  TEMP(K) =   303.63  PRESS =   155.0
 Etot   =    -54417.7368  EKtot   =     14068.6953  EPtot      =    -68486.4321
 BOND   =       415.6937  ANGLE   =      1191.7423  DIHED      =      1889.2477
 1-4 NB =       583.8870  1-4 EEL =      8910.8623  VDWAALS    =      8096.2112
 EELEC  =    -89582.7838  EHBOND  =         0.0000  RESTRAINT  =         8.7075
 EAMBER (non-restraint)  =    -68495.1397
 EKCMT  =      6142.4508  VIRIAL  =      5385.2745  VOLUME     =    226206.8447
                                                    Density    =         1.0194
 ------------------------------------------------------------------------------

wrapping first mol.:       22.16698       31.34885       54.29780
wrapping first mol.:       22.16698       31.34885       54.29780

 NSTEP =    32500   TIME(PS) =    4965.000  TEMP(K) =   301.45  PRESS =   109.7
 Etot   =    -54593.8759  EKtot   =     13967.5889  EPtot      =    -68561.4648
 BOND   =       436.4142  ANGLE   =      1198.7029  DIHED      =      1858.1361
 1-4 NB =       585.0398  1-4 EEL =      8889.9446  VDWAALS    =      8161.3554
 EELEC  =    -89698.9284  EHBOND  =         0.0000  RESTRAINT  =         7.8708
 EAMBER (non-restraint)  =    -68569.3356
 EKCMT  =      6144.0588  VIRIAL  =      5607.9661  VOLUME     =    226390.0496
                                                    Density    =         1.0186
 ------------------------------------------------------------------------------

wrapping first mol.:       22.17447       31.35944       54.31614
wrapping first mol.:       22.17447       31.35944       54.31614

 NSTEP =    33000   TIME(PS) =    4966.000  TEMP(K) =   298.63  PRESS =   -28.3
 Etot   =    -54622.6574  EKtot   =     13837.0879  EPtot      =    -68459.7453
 BOND   =       483.5851  ANGLE   =      1233.6551  DIHED      =      1894.7911
 1-4 NB =       600.3652  1-4 EEL =      8884.8235  VDWAALS    =      8166.7890
 EELEC  =    -89733.4811  EHBOND  =         0.0000  RESTRAINT  =         9.7268
 EAMBER (non-restraint)  =    -68469.4721
 EKCMT  =      5997.6589  VIRIAL  =      6135.8956  VOLUME     =    226622.3496
                                                    Density    =         1.0176
 ------------------------------------------------------------------------------

wrapping first mol.:       22.16373       31.34424       54.28982
wrapping first mol.:       22.16373       31.34424       54.28982

 NSTEP =    33500   TIME(PS) =    4967.000  TEMP(K) =   301.52  PRESS =   -30.9
 Etot   =    -54431.8868  EKtot   =     13970.9287  EPtot      =    -68402.8155
 BOND   =       437.8708  ANGLE   =      1219.4120  DIHED      =      1856.7538
 1-4 NB =       575.2593  1-4 EEL =      8850.9880  VDWAALS    =      8195.4339
 EELEC  =    -89548.5132  EHBOND  =         0.0000  RESTRAINT  =         9.9799
 EAMBER (non-restraint)  =    -68412.7954
 EKCMT  =      6043.8385  VIRIAL  =      6194.8057  VOLUME     =    226293.1121
                                                    Density    =         1.0190
 ------------------------------------------------------------------------------

wrapping first mol.:       22.18593       31.37564       54.34419
wrapping first mol.:       22.18593       31.37564       54.34419

 NSTEP =    34000   TIME(PS) =    4968.000  TEMP(K) =   303.06  PRESS =    91.1
 Etot   =    -54194.5447  EKtot   =     14042.3291  EPtot      =    -68236.8738
 BOND   =       463.7582  ANGLE   =      1203.9929  DIHED      =      1879.7969
 1-4 NB =       569.4951  1-4 EEL =      8911.3964  VDWAALS    =      8152.0023
 EELEC  =    -89427.1576  EHBOND  =         0.0000  RESTRAINT  =         9.8420
 EAMBER (non-restraint)  =    -68246.7157
 EKCMT  =      6073.6658  VIRIAL  =      5627.1592  VOLUME     =    226971.2565
                                                    Density    =         1.0160
 ------------------------------------------------------------------------------

wrapping first mol.:       22.15887       31.33738       54.27792
wrapping first mol.:       22.15887       31.33738       54.27792

 NSTEP =    34500   TIME(PS) =    4969.000  TEMP(K) =   299.54  PRESS =   212.8
 Etot   =    -54486.6281  EKtot   =     13879.1895  EPtot      =    -68365.8175
 BOND   =       491.9112  ANGLE   =      1171.5849  DIHED      =      1867.8880
 1-4 NB =       559.2672  1-4 EEL =      8889.0260  VDWAALS    =      8279.7603
 EELEC  =    -89635.3225  EHBOND  =         0.0000  RESTRAINT  =        10.0674
 EAMBER (non-restraint)  =    -68375.8850
 EKCMT  =      6065.8046  VIRIAL  =      5026.7075  VOLUME     =    226139.4721
                                                    Density    =         1.0197
 ------------------------------------------------------------------------------

wrapping first mol.:       22.16334       31.34370       54.28887
wrapping first mol.:       22.16334       31.34370       54.28887

 NSTEP =    35000   TIME(PS) =    4970.000  TEMP(K) =   300.91  PRESS =   273.2
 Etot   =    -54434.0611  EKtot   =     13942.9746  EPtot      =    -68377.0358
 BOND   =       452.5280  ANGLE   =      1231.0281  DIHED      =      1895.2333
 1-4 NB =       560.8442  1-4 EEL =      8874.0864  VDWAALS    =      8276.1574
 EELEC  =    -89676.8305  EHBOND  =         0.0000  RESTRAINT  =         9.9173
 EAMBER (non-restraint)  =    -68386.9530
 EKCMT  =      6046.0138  VIRIAL  =      4711.2482  VOLUME     =    226275.1401
                                                    Density    =         1.0191
 ------------------------------------------------------------------------------

wrapping first mol.:       22.16323       31.34354       54.28859
wrapping first mol.:       22.16323       31.34354       54.28859

 NSTEP =    35500   TIME(PS) =    4971.000  TEMP(K) =   301.02  PRESS =    -0.1
 Etot   =    -54640.6118  EKtot   =     13947.9180  EPtot      =    -68588.5298
 BOND   =       464.8290  ANGLE   =      1179.2749  DIHED      =      1862.7567
 1-4 NB =       576.6805  1-4 EEL =      8842.4516  VDWAALS    =      8333.1209
 EELEC  =    -89856.8920  EHBOND  =         0.0000  RESTRAINT  =         9.2487
 EAMBER (non-restraint)  =    -68597.7785
 EKCMT  =      5990.0061  VIRIAL  =      5990.2774  VOLUME     =    226277.1581
                                                    Density    =         1.0191
 ------------------------------------------------------------------------------

wrapping first mol.:       22.15724       31.33507       54.27393
wrapping first mol.:       22.15724       31.33507       54.27393

 NSTEP =    36000   TIME(PS) =    4972.000  TEMP(K) =   296.83  PRESS =  -188.3
 Etot   =    -54755.6342  EKtot   =     13753.6035  EPtot      =    -68509.2377
 BOND   =       426.9321  ANGLE   =      1213.8260  DIHED      =      1845.9580
 1-4 NB =       579.4372  1-4 EEL =      8934.2538  VDWAALS    =      8012.1795
 EELEC  =    -89531.2624  EHBOND  =         0.0000  RESTRAINT  =         9.4381
 EAMBER (non-restraint)  =    -68518.6758
 EKCMT  =      5967.7024  VIRIAL  =      6886.8444  VOLUME     =    226097.6373
                                                    Density    =         1.0199
 ------------------------------------------------------------------------------

wrapping first mol.:       22.15524       31.33224       54.26903
wrapping first mol.:       22.15524       31.33224       54.26903

 NSTEP =    36500   TIME(PS) =    4973.000  TEMP(K) =   302.47  PRESS =  -287.5
 Etot   =    -54449.3624  EKtot   =     14015.1699  EPtot      =    -68464.5323
 BOND   =       467.8571  ANGLE   =      1227.7169  DIHED      =      1850.6233
 1-4 NB =       562.7301  1-4 EEL =      8884.5855  VDWAALS    =      7905.5993
 EELEC  =    -89373.5550  EHBOND  =         0.0000  RESTRAINT  =         9.9105
 EAMBER (non-restraint)  =    -68474.4429
 EKCMT  =      6032.2591  VIRIAL  =      7435.1999  VOLUME     =    226038.4416
                                                    Density    =         1.0202
 ------------------------------------------------------------------------------

wrapping first mol.:       22.15312       31.32924       54.26384
wrapping first mol.:       22.15312       31.32924       54.26384

 NSTEP =    37000   TIME(PS) =    4974.000  TEMP(K) =   300.35  PRESS =    -7.0
 Etot   =    -54540.7681  EKtot   =     13916.8730  EPtot      =    -68457.6411
 BOND   =       458.3888  ANGLE   =      1265.4877  DIHED      =      1877.7496
 1-4 NB =       566.2805  1-4 EEL =      8903.9751  VDWAALS    =      8164.2474
 EELEC  =    -89703.8347  EHBOND  =         0.0000  RESTRAINT  =        10.0645
 EAMBER (non-restraint)  =    -68467.7056
 EKCMT  =      6199.3234  VIRIAL  =      6233.5131  VOLUME     =    225967.9198
                                                    Density    =         1.0205
 ------------------------------------------------------------------------------

wrapping first mol.:       22.14493       31.31766       54.24378
wrapping first mol.:       22.14493       31.31766       54.24378

 NSTEP =    37500   TIME(PS) =    4975.000  TEMP(K) =   301.68  PRESS =   -31.3
 Etot   =    -54531.3389  EKtot   =     13978.2168  EPtot      =    -68509.5557
 BOND   =       458.4407  ANGLE   =      1250.3373  DIHED      =      1859.8857
 1-4 NB =       565.1125  1-4 EEL =      8907.8085  VDWAALS    =      8147.4506
 EELEC  =    -89708.9252  EHBOND  =         0.0000  RESTRAINT  =        10.3343
 EAMBER (non-restraint)  =    -68519.8900
 EKCMT  =      6121.8426  VIRIAL  =      6274.6164  VOLUME     =    225717.9320
                                                    Density    =         1.0216
 ------------------------------------------------------------------------------

wrapping first mol.:       22.13467       31.30315       54.21864
wrapping first mol.:       22.13467       31.30315       54.21864

 NSTEP =    38000   TIME(PS) =    4976.000  TEMP(K) =   300.17  PRESS =  -413.2
 Etot   =    -54598.8932  EKtot   =     13908.3535  EPtot      =    -68507.2468
 BOND   =       466.1665  ANGLE   =      1182.5463  DIHED      =      1885.8254
 1-4 NB =       580.1319  1-4 EEL =      8892.2790  VDWAALS    =      7953.8498
 EELEC  =    -89477.1178  EHBOND  =         0.0000  RESTRAINT  =         9.0721
 EAMBER (non-restraint)  =    -68516.3189
 EKCMT  =      6123.5888  VIRIAL  =      8134.4190  VOLUME     =    225411.8712
                                                    Density    =         1.0230
 ------------------------------------------------------------------------------

wrapping first mol.:       22.13325       31.30114       54.21516
wrapping first mol.:       22.13325       31.30114       54.21516

 NSTEP =    38500   TIME(PS) =    4977.000  TEMP(K) =   298.73  PRESS =   -61.4
 Etot   =    -54496.7030  EKtot   =     13841.7129  EPtot      =    -68338.4159
 BOND   =       467.3828  ANGLE   =      1238.0829  DIHED      =      1869.3567
 1-4 NB =       579.2613  1-4 EEL =      8894.1827  VDWAALS    =      8105.7577
 EELEC  =    -89502.9251  EHBOND  =         0.0000  RESTRAINT  =        10.4850
 EAMBER (non-restraint)  =    -68348.9009
 EKCMT  =      5993.4540  VIRIAL  =      6292.1276  VOLUME     =    225361.4651
                                                    Density    =         1.0233
 ------------------------------------------------------------------------------

wrapping first mol.:       22.13394       31.30212       54.21686
wrapping first mol.:       22.13394       31.30212       54.21686

 NSTEP =    39000   TIME(PS) =    4978.000  TEMP(K) =   301.73  PRESS =   -44.4
 Etot   =    -54448.3317  EKtot   =     13980.5859  EPtot      =    -68428.9176
 BOND   =       466.3792  ANGLE   =      1196.1190  DIHED      =      1864.3223
 1-4 NB =       577.7015  1-4 EEL =      8889.5267  VDWAALS    =      8065.4648
 EELEC  =    -89497.5243  EHBOND  =         0.0000  RESTRAINT  =         9.0932
 EAMBER (non-restraint)  =    -68438.0109
 EKCMT  =      6131.0271  VIRIAL  =      6347.1592  VOLUME     =    225382.2407
                                                    Density    =         1.0232
 ------------------------------------------------------------------------------

wrapping first mol.:       22.14730       31.32101       54.24957
wrapping first mol.:       22.14730       31.32101       54.24957

 NSTEP =    39500   TIME(PS) =    4979.000  TEMP(K) =   298.95  PRESS =   134.7
 Etot   =    -54613.3294  EKtot   =     13852.0850  EPtot      =    -68465.4144
 BOND   =       450.5771  ANGLE   =      1248.3232  DIHED      =      1866.3767
 1-4 NB =       567.2006  1-4 EEL =      8929.5858  VDWAALS    =      8098.2686
 EELEC  =    -89637.8202  EHBOND  =         0.0000  RESTRAINT  =        12.0737
 EAMBER (non-restraint)  =    -68477.4881
 EKCMT  =      6038.5012  VIRIAL  =      5381.9238  VOLUME     =    225786.8603
                                                    Density    =         1.0213
 ------------------------------------------------------------------------------

wrapping first mol.:       22.13171       31.29896       54.21139
wrapping first mol.:       22.13171       31.29896       54.21139

 NSTEP =    40000   TIME(PS) =    4980.000  TEMP(K) =   300.39  PRESS =   -32.1
 Etot   =    -54538.4218  EKtot   =     13918.8652  EPtot      =    -68457.2870
 BOND   =       448.8566  ANGLE   =      1205.8821  DIHED      =      1862.4774
 1-4 NB =       573.1167  1-4 EEL =      8914.1839  VDWAALS    =      8086.2399
 EELEC  =    -89559.0214  EHBOND  =         0.0000  RESTRAINT  =        10.9779
 EAMBER (non-restraint)  =    -68468.2650
 EKCMT  =      6060.1505  VIRIAL  =      6216.1359  VOLUME     =    225313.8794
                                                    Density    =         1.0235
 ------------------------------------------------------------------------------

wrapping first mol.:       22.14584       31.31895       54.24601
wrapping first mol.:       22.14584       31.31895       54.24601

 NSTEP =    40500   TIME(PS) =    4981.000  TEMP(K) =   302.16  PRESS =  -116.3
 Etot   =    -54349.8859  EKtot   =     14000.8750  EPtot      =    -68350.7609
 BOND   =       437.7368  ANGLE   =      1161.8624  DIHED      =      1873.1058
 1-4 NB =       561.5609  1-4 EEL =      8895.2892  VDWAALS    =      7968.4074
 EELEC  =    -89261.1516  EHBOND  =         0.0000  RESTRAINT  =        12.4280
 EAMBER (non-restraint)  =    -68363.1889
 EKCMT  =      6068.4265  VIRIAL  =      6635.1362  VOLUME     =    225747.4478
                                                    Density    =         1.0215
 ------------------------------------------------------------------------------

wrapping first mol.:       22.12424       31.28839       54.19308
wrapping first mol.:       22.12424       31.28839       54.19308

 NSTEP =    41000   TIME(PS) =    4982.000  TEMP(K) =   298.02  PRESS =    -5.9
 Etot   =    -54571.8238  EKtot   =     13808.8027  EPtot      =    -68380.6265
 BOND   =       436.8151  ANGLE   =      1234.8897  DIHED      =      1868.8012
 1-4 NB =       564.6042  1-4 EEL =      8891.6500  VDWAALS    =      7922.3063
 EELEC  =    -89312.5498  EHBOND  =         0.0000  RESTRAINT  =        12.8568
 EAMBER (non-restraint)  =    -68393.4832
 EKCMT  =      6057.7887  VIRIAL  =      6086.6710  VOLUME     =    225085.1174
                                                    Density    =         1.0245
 ------------------------------------------------------------------------------

wrapping first mol.:       22.13851       31.30858       54.22805
wrapping first mol.:       22.13851       31.30858       54.22805

 NSTEP =    41500   TIME(PS) =    4983.000  TEMP(K) =   295.10  PRESS =    16.2
 Etot   =    -54707.1647  EKtot   =     13673.6475  EPtot      =    -68380.8121
 BOND   =       485.7234  ANGLE   =      1222.0659  DIHED      =      1868.2256
 1-4 NB =       579.2196  1-4 EEL =      8881.7349  VDWAALS    =      8050.4663
 EELEC  =    -89479.6543  EHBOND  =         0.0000  RESTRAINT  =        11.4065
 EAMBER (non-restraint)  =    -68392.2186
 EKCMT  =      5973.5665  VIRIAL  =      5894.7671  VOLUME     =    225520.6124
                                                    Density    =         1.0225
 ------------------------------------------------------------------------------

wrapping first mol.:       22.13502       31.30364       54.21950
wrapping first mol.:       22.13502       31.30364       54.21950

 NSTEP =    42000   TIME(PS) =    4984.000  TEMP(K) =   299.26  PRESS =   -86.6
 Etot   =    -54601.5280  EKtot   =     13866.4385  EPtot      =    -68467.9665
 BOND   =       485.5690  ANGLE   =      1179.2402  DIHED      =      1878.7697
 1-4 NB =       554.3994  1-4 EEL =      8924.1525  VDWAALS    =      7944.8815
 EELEC  =    -89446.4429  EHBOND  =         0.0000  RESTRAINT  =        11.4641
 EAMBER (non-restraint)  =    -68479.4306
 EKCMT  =      5982.3961  VIRIAL  =      6403.7818  VOLUME     =    225416.0196
                                                    Density    =         1.0230
 ------------------------------------------------------------------------------

wrapping first mol.:       22.14787       31.32181       54.25096
wrapping first mol.:       22.14787       31.32181       54.25096

 NSTEP =    42500   TIME(PS) =    4985.000  TEMP(K) =   297.57  PRESS =   115.2
 Etot   =    -54630.4888  EKtot   =     13788.0518  EPtot      =    -68418.5406
 BOND   =       433.2417  ANGLE   =      1204.4408  DIHED      =      1858.4908
 1-4 NB =       571.5916  1-4 EEL =      8886.3811  VDWAALS    =      8206.1493
 EELEC  =    -89591.1377  EHBOND  =         0.0000  RESTRAINT  =        12.3018
 EAMBER (non-restraint)  =    -68430.8424
 EKCMT  =      6027.6143  VIRIAL  =      5466.0509  VOLUME     =    225804.6570
                                                    Density    =         1.0213
 ------------------------------------------------------------------------------

wrapping first mol.:       22.14064       31.31159       54.23326
wrapping first mol.:       22.14064       31.31159       54.23326

 NSTEP =    43000   TIME(PS) =    4986.000  TEMP(K) =   300.57  PRESS =    14.9
 Etot   =    -54478.8789  EKtot   =     13927.0010  EPtot      =    -68405.8798
 BOND   =       435.9921  ANGLE   =      1222.9666  DIHED      =      1884.4304
 1-4 NB =       584.1374  1-4 EEL =      8906.1666  VDWAALS    =      8157.2873
 EELEC  =    -89609.5831  EHBOND  =         0.0000  RESTRAINT  =        12.7230
 EAMBER (non-restraint)  =    -68418.6028
 EKCMT  =      6048.1930  VIRIAL  =      5975.7975  VOLUME     =    225585.7120
                                                    Density    =         1.0222
 ------------------------------------------------------------------------------

wrapping first mol.:       22.15111       31.32640       54.25892
wrapping first mol.:       22.15111       31.32640       54.25892

 NSTEP =    43500   TIME(PS) =    4987.000  TEMP(K) =   300.46  PRESS =    52.6
 Etot   =    -54489.5036  EKtot   =     13921.7461  EPtot      =    -68411.2497
 BOND   =       444.0986  ANGLE   =      1244.3771  DIHED      =      1875.4680
 1-4 NB =       557.1350  1-4 EEL =      8884.9116  VDWAALS    =      8151.5307
 EELEC  =    -89580.9319  EHBOND  =         0.0000  RESTRAINT  =        12.1613
 EAMBER (non-restraint)  =    -68423.4110
 EKCMT  =      6060.7981  VIRIAL  =      5804.2551  VOLUME     =    225905.2779
                                                    Density    =         1.0208
 ------------------------------------------------------------------------------

wrapping first mol.:       22.14791       31.32188       54.25108
wrapping first mol.:       22.14791       31.32188       54.25108

 NSTEP =    44000   TIME(PS) =    4988.000  TEMP(K) =   297.17  PRESS =   -45.5
 Etot   =    -54789.2694  EKtot   =     13769.6289  EPtot      =    -68558.8983
 BOND   =       429.6120  ANGLE   =      1159.9890  DIHED      =      1854.9398
 1-4 NB =       582.5145  1-4 EEL =      8918.7708  VDWAALS    =      8170.0352
 EELEC  =    -89686.4826  EHBOND  =         0.0000  RESTRAINT  =        11.7231
 EAMBER (non-restraint)  =    -68570.6214
 EKCMT  =      5935.3400  VIRIAL  =      6157.1800  VOLUME     =    225809.3289
                                                    Density    =         1.0212
 ------------------------------------------------------------------------------

wrapping first mol.:       22.15645       31.33395       54.27200
wrapping first mol.:       22.15645       31.33395       54.27200

 NSTEP =    44500   TIME(PS) =    4989.000  TEMP(K) =   300.95  PRESS =   268.3
 Etot   =    -54385.0312  EKtot   =     13944.7090  EPtot      =    -68329.7402
 BOND   =       474.4480  ANGLE   =      1189.2783  DIHED      =      1871.5437
 1-4 NB =       588.5317  1-4 EEL =      8872.5372  VDWAALS    =      8274.1263
 EELEC  =    -89610.1696  EHBOND  =         0.0000  RESTRAINT  =         9.9643
 EAMBER (non-restraint)  =    -68339.7045
 EKCMT  =      6042.8255  VIRIAL  =      4733.0919  VOLUME     =    226064.3000
                                                    Density    =         1.0201
 ------------------------------------------------------------------------------

wrapping first mol.:       22.14350       31.31563       54.24026
wrapping first mol.:       22.14350       31.31563       54.24026

 NSTEP =    45000   TIME(PS) =    4990.000  TEMP(K) =   299.10  PRESS =  -206.5
 Etot   =    -54626.3074  EKtot   =     13858.6914  EPtot      =    -68484.9988
 BOND   =       474.8141  ANGLE   =      1188.8131  DIHED      =      1862.7364
 1-4 NB =       566.7009  1-4 EEL =      8870.9803  VDWAALS    =      7962.1679
 EELEC  =    -89423.5131  EHBOND  =         0.0000  RESTRAINT  =        12.3017
 EAMBER (non-restraint)  =    -68497.3005
 EKCMT  =      5996.9652  VIRIAL  =      7003.0941  VOLUME     =    225677.5307
                                                    Density    =         1.0218
 ------------------------------------------------------------------------------

wrapping first mol.:       22.13493       31.30351       54.21927
wrapping first mol.:       22.13493       31.30351       54.21927

 NSTEP =    45500   TIME(PS) =    4991.000  TEMP(K) =   297.70  PRESS =  -196.6
 Etot   =    -54688.7608  EKtot   =     13793.9658  EPtot      =    -68482.7266
 BOND   =       461.2664  ANGLE   =      1183.7945  DIHED      =      1835.8287
 1-4 NB =       578.9581  1-4 EEL =      8870.5405  VDWAALS    =      8021.3284
 EELEC  =    -89445.3109  EHBOND  =         0.0000  RESTRAINT  =        10.8677
 EAMBER (non-restraint)  =    -68493.5943
 EKCMT  =      6012.7917  VIRIAL  =      6969.7414  VOLUME     =    225415.3857
                                                    Density    =         1.0230
 ------------------------------------------------------------------------------

wrapping first mol.:       22.12627       31.29127       54.19806
wrapping first mol.:       22.12627       31.29127       54.19806

 NSTEP =    46000   TIME(PS) =    4992.000  TEMP(K) =   298.03  PRESS =  -380.4
 Etot   =    -54730.3755  EKtot   =     13809.1934  EPtot      =    -68539.5689
 BOND   =       447.4363  ANGLE   =      1217.3156  DIHED      =      1855.2683
 1-4 NB =       586.1938  1-4 EEL =      8867.4666  VDWAALS    =      7880.9689
 EELEC  =    -89406.5101  EHBOND  =         0.0000  RESTRAINT  =        12.2917
 EAMBER (non-restraint)  =    -68551.8605
 EKCMT  =      6028.0045  VIRIAL  =      7877.2763  VOLUME     =    225154.6740
                                                    Density    =         1.0242
 ------------------------------------------------------------------------------

wrapping first mol.:       22.11060       31.26911       54.15969
wrapping first mol.:       22.11060       31.26911       54.15969

 NSTEP =    46500   TIME(PS) =    4993.000  TEMP(K) =   298.86  PRESS =   227.4
 Etot   =    -54765.7285  EKtot   =     13847.8496  EPtot      =    -68613.5781
 BOND   =       428.9737  ANGLE   =      1177.1414  DIHED      =      1830.3004
 1-4 NB =       594.1596  1-4 EEL =      8885.8657  VDWAALS    =      8126.1261
 EELEC  =    -89666.5203  EHBOND  =         0.0000  RESTRAINT  =        10.3754
 EAMBER (non-restraint)  =    -68623.9535
 EKCMT  =      5958.9265  VIRIAL  =      4855.9124  VOLUME     =    224664.5861
                                                    Density    =         1.0264
 ------------------------------------------------------------------------------

wrapping first mol.:       22.11906       31.28108       54.18042
wrapping first mol.:       22.11906       31.28108       54.18042

 NSTEP =    47000   TIME(PS) =    4994.000  TEMP(K) =   298.91  PRESS =   248.7
 Etot   =    -54688.5125  EKtot   =     13850.1875  EPtot      =    -68538.7000
 BOND   =       472.1022  ANGLE   =      1226.9841  DIHED      =      1860.5997
 1-4 NB =       560.9712  1-4 EEL =      8830.8641  VDWAALS    =      8240.7715
 EELEC  =    -89743.0474  EHBOND  =         0.0000  RESTRAINT  =        12.0546
 EAMBER (non-restraint)  =    -68550.7545
 EKCMT  =      6027.1648  VIRIAL  =      4819.2826  VOLUME     =    224922.2141
                                                    Density    =         1.0253
 ------------------------------------------------------------------------------

wrapping first mol.:       22.14171       31.31310       54.23587
wrapping first mol.:       22.14171       31.31310       54.23587

 NSTEP =    47500   TIME(PS) =    4995.000  TEMP(K) =   297.30  PRESS =   229.5
 Etot   =    -54777.3187  EKtot   =     13775.4688  EPtot      =    -68552.7874
 BOND   =       443.9760  ANGLE   =      1214.0270  DIHED      =      1879.9353
 1-4 NB =       570.3490  1-4 EEL =      8886.3352  VDWAALS    =      8262.9811
 EELEC  =    -89821.8006  EHBOND  =         0.0000  RESTRAINT  =        11.4097
 EAMBER (non-restraint)  =    -68564.1971
 EKCMT  =      6011.7507  VIRIAL  =      4893.9397  VOLUME     =    225614.0019
                                                    Density    =         1.0221
 ------------------------------------------------------------------------------

wrapping first mol.:       22.15453       31.33123       54.26728
wrapping first mol.:       22.15453       31.33123       54.26728

 NSTEP =    48000   TIME(PS) =    4996.000  TEMP(K) =   298.27  PRESS =   408.6
 Etot   =    -54615.1589  EKtot   =     13820.4170  EPtot      =    -68435.5758
 BOND   =       454.4768  ANGLE   =      1208.4451  DIHED      =      1872.4245
 1-4 NB =       570.1369  1-4 EEL =      8886.0261  VDWAALS    =      8268.8098
 EELEC  =    -89706.4941  EHBOND  =         0.0000  RESTRAINT  =        10.5989
 EAMBER (non-restraint)  =    -68446.1748
 EKCMT  =      6079.2551  VIRIAL  =      4085.5839  VOLUME     =    226002.5373
                                                    Density    =         1.0204
 ------------------------------------------------------------------------------

wrapping first mol.:       22.14874       31.32305       54.25312
wrapping first mol.:       22.14874       31.32305       54.25312

 NSTEP =    48500   TIME(PS) =    4997.000  TEMP(K) =   301.23  PRESS =    20.8
 Etot   =    -54661.4063  EKtot   =     13957.4922  EPtot      =    -68618.8984
 BOND   =       431.3758  ANGLE   =      1262.9569  DIHED      =      1851.1624
 1-4 NB =       570.9290  1-4 EEL =      8867.4393  VDWAALS    =      8117.6975
 EELEC  =    -89731.3869  EHBOND  =         0.0000  RESTRAINT  =        10.9275
 EAMBER (non-restraint)  =    -68629.8260
 EKCMT  =      6092.8010  VIRIAL  =      5991.3139  VOLUME     =    225833.4510
                                                    Density    =         1.0211
 ------------------------------------------------------------------------------

wrapping first mol.:       22.15805       31.33621       54.27591
wrapping first mol.:       22.15805       31.33621       54.27591

 NSTEP =    49000   TIME(PS) =    4998.000  TEMP(K) =   300.60  PRESS =  -381.5
 Etot   =    -54389.6144  EKtot   =     13928.5146  EPtot      =    -68318.1291
 BOND   =       467.1885  ANGLE   =      1262.7806  DIHED      =      1884.3305
 1-4 NB =       576.1690  1-4 EEL =      8894.2370  VDWAALS    =      7966.8995
 EELEC  =    -89382.1463  EHBOND  =         0.0000  RESTRAINT  =        12.4121
 EAMBER (non-restraint)  =    -68330.5412
 EKCMT  =      6074.2245  VIRIAL  =      7937.0352  VOLUME     =    226126.2888
                                                    Density    =         1.0198
 ------------------------------------------------------------------------------

wrapping first mol.:       22.15843       31.33675       54.27685
wrapping first mol.:       22.15843       31.33675       54.27685

 NSTEP =    49500   TIME(PS) =    4999.000  TEMP(K) =   302.58  PRESS =   -32.2
 Etot   =    -54135.8739  EKtot   =     14019.9561  EPtot      =    -68155.8299
 BOND   =       464.5999  ANGLE   =      1263.0878  DIHED      =      1855.1874
 1-4 NB =       574.0351  1-4 EEL =      8877.6025  VDWAALS    =      8183.6787
 EELEC  =    -89386.7825  EHBOND  =         0.0000  RESTRAINT  =        12.7613
 EAMBER (non-restraint)  =    -68168.5912
 EKCMT  =      6097.3067  VIRIAL  =      6254.3331  VOLUME     =    226130.9659
                                                    Density    =         1.0198
 ------------------------------------------------------------------------------

wrapping first mol.:       22.16456       31.34542       54.29185
wrapping first mol.:       22.16456       31.34542       54.29185

 NSTEP =    50000   TIME(PS) =    5000.000  TEMP(K) =   299.43  PRESS =   -89.4
 Etot   =    -54432.1417  EKtot   =     13874.1006  EPtot      =    -68306.2423
 BOND   =       425.6681  ANGLE   =      1259.8030  DIHED      =      1867.1134
 1-4 NB =       575.7111  1-4 EEL =      8908.4573  VDWAALS    =      7984.4465
 EELEC  =    -89339.4945  EHBOND  =         0.0000  RESTRAINT  =        12.0529
 EAMBER (non-restraint)  =    -68318.2953
 EKCMT  =      6041.4976  VIRIAL  =      6478.5836  VOLUME     =    226319.7132
                                                    Density    =         1.0189
 ------------------------------------------------------------------------------


      A V E R A G E S   O V E R     100 S T E P S


 NSTEP =    50000   TIME(PS) =    5000.000  TEMP(K) =   300.07  PRESS =    -3.2
 Etot   =    -54526.4269  EKtot   =     13903.6778  EPtot      =    -68430.1046
 BOND   =       452.8490  ANGLE   =      1215.9021  DIHED      =      1870.5147
 1-4 NB =       573.0979  1-4 EEL =      8893.5242  VDWAALS    =      8114.5273
 EELEC  =    -89560.3235  EHBOND  =         0.0000  RESTRAINT  =         9.8037
 EAMBER (non-restraint)  =    -68439.9083
 EKCMT  =      6051.6633  VIRIAL  =      6066.8357  VOLUME     =    225816.5091
                                                    Density    =         1.0212
 ------------------------------------------------------------------------------


      R M S  F L U C T U A T I O N S


 NSTEP =    50000   TIME(PS) =    5000.000  TEMP(K) =     1.88  PRESS =   169.5
 Etot   =       137.7767  EKtot   =        87.1543  EPtot      =       104.2453
 BOND   =        18.8501  ANGLE   =        29.3879  DIHED      =        13.5589
 1-4 NB =        10.3980  1-4 EEL =        22.0689  VDWAALS    =       114.9094
 EELEC  =       156.9214  EHBOND  =         0.0000  RESTRAINT  =         1.6920
 EAMBER (non-restraint)  =       102.5533
 EKCMT  =        54.2631  VIRIAL  =       828.3609  VOLUME     =       385.1320
                                                    Density    =         0.0017
 ------------------------------------------------------------------------------

--------------------------------------------------------------------------------
   5.  TIMINGS
--------------------------------------------------------------------------------

|  NonSetup CPU Time in Major Routines:
|
|     Routine           Sec        %
|     ------------------------------
|     Nonbond          33.99   72.15
|     Bond              0.00    0.00
|     Angle             0.00    0.00
|     Dihedral          0.00    0.00
|     Shake             0.30    0.64
|     RunMD            12.77   27.11
|     Other             0.05    0.10
|     ------------------------------
|     Total            47.10

|  PME Nonbond Pairlist CPU Time:
|
|     Routine              Sec        %
|     ---------------------------------
|     Set Up Cit           0.00    0.00
|     Build List           0.00    0.00
|     ---------------------------------
|     Total                0.00    0.00

|  PME Direct Force CPU Time:
|
|     Routine              Sec        %
|     ---------------------------------
|     NonBonded Calc       0.00    0.00
|     Exclude Masked       0.00    0.00
|     Other                0.03    0.06
|     ---------------------------------
|     Total                0.03    0.06

|  PME Reciprocal Force CPU Time:
|
|     Routine              Sec        %
|     ---------------------------------
|     1D bspline           0.00    0.00
|     Grid Charges         0.00    0.00
|     Scalar Sum           0.00    0.00
|     Gradient Sum         0.00    0.00
|     FFT                  0.00    0.00
|     ---------------------------------
|     Total                0.00    0.00

|  Final Performance Info:
|     -----------------------------------------------------
|     Average timings for last   49500 steps:
|     Elapsed(s) =      46.64 Per Step(ms) =       0.94
|         ns/day =     183.38   seconds/ns =     471.15
|
|     Average timings for all steps:
|     Elapsed(s) =      47.12 Per Step(ms) =       0.94
|         ns/day =     183.37   seconds/ns =     471.17
|     -----------------------------------------------------

|  Setup CPU time:            0.50 seconds
|  NonSetup CPU time:        47.10 seconds
|  Total CPU time:           47.60 seconds     0.01 hours

|  Setup wall time:           1    seconds
|  NonSetup wall time:       47    seconds
|  Total wall time:          48    seconds     0.01 hours
