
          -------------------------------------------------------
          Amber 18 PMEMD                              2018
          -------------------------------------------------------

| PMEMD implementation of SANDER, Release 18

| Run on 09/29/2019 at 23:00:27

|   Executable path: pmemd.cuda
| Working directory: /home/pbarletta/lbp/run/4xcp/mhe/e
|          Hostname: Unknown
  [-O]verwriting output

File Assignments:
|   MDIN: 60equ.in                                                              
|  MDOUT: 60equ.out                                                             
| INPCRD: 59e4xcp.rst7                                                          
|   PARM: /home/pbarletta/lbp/top_files/4xcp.prmtop                             
| RESTRT: 60e4xcp.rst7                                                          
|   REFC: 59e4xcp.rst7                                                          
|  MDVEL: mdvel                                                                 
|   MDEN: mden                                                                  
|  MDCRD: 60e4xcp.nc                                                            
| MDINFO: mdinfo                                                                
|  MDFRC: mdfrc                                                                 


 Here is the input file:

Equilibration with solute restrictions                                         
&cntrl                                                                         
imin = 0,                           ! No Minimization                          
nmropt = 0,                         ! No NMR restraints read                   
                                                                               
! Nature and format of the input                                               
ntx = 5,                            ! Coordinates but no velocities will be rea
irest = 1,                          ! Do not run a new simulation              
                                                                               
! Nature and format of the output                                              
ntxo = 1,                           ! rstrt file in ASCII format               
ntpr = 500,                         ! inf in output every ntpr steps           
ntwr = 500,                         ! rstrt file every ntwr steps              
ntwx = 500,                         ! mdcrd file every ntwx steps              
ntwv = 0,                           ! mdvel without velocities                 
ntwe = 0,                           ! Do not write energies and temperatures   
idecomp = 0,                        ! No energy decomposition                  
iwrap = 1,                          ! Coordinates of the restart and mdcrd file
                                                                               
! Frozen or restrained atoms                                                   
ibelly = 0,                         ! No frozen atoms                          
ntr=1,                              ! Harmonic potential restraints            
restraint_wt = 0.008,                ! The weight for the positional restraints
restraintmask = ':1-131@N,CA,C,O',  ! restrained residues                      
                                                                               
! Molecular dynamics                                                           
nstlim = 50000,                     ! Number of MD-steps                       
dt = 0.002,                         ! Time step                                
                                                                               
! Temperature regulation                                                       
ntt = 3,                            ! Langevin thermostat                      
gamma_ln = 5,                       ! Gamma constant for Langevin              
temp0 = 300.0,                      ! Reference T at which the system is to be 
tempi = 300.0,                      ! Initial T                                
ig = -1,                            ! Seed for the RNG                         
                                                                               
! P and V regulation                                                           
ntp = 1,                            ! constant P                               
barostat = 1,                       ! Berendsen barostat                       
taup = 1,                           ! Pressure relaxation time                 
ntb = 2,                            ! Periodic box for constant P              
                                                                               
! SHAKE variables                                                              
ntc = 2,                            ! Bonds involving H are constrained        
ntf = 2,                            ! Bond interaction involving H are ommited.
                                                                               
cut = 10.0,                         ! Nonbonded cutoff                         
/                                                                              
&end                                                                           


Note: ig = -1. Setting random seed to   861274 based on wallclock time in 
      microseconds.
| irandom = 1, using AMBER's internal random number generator (default).
 
|--------------------- INFORMATION ----------------------
| GPU (CUDA) Version of PMEMD in use: NVIDIA GPU IN USE.
|                    Version 18.0.0
| 
|                      03/25/2018
| 
| Implementation by:
|                    Ross C. Walker     (SDSC)
|                    Scott Le Grand     (nVIDIA)
| 
| Version 18 performance extensions by:
|                    David Cerutti     (Rutgers)
| 
| Precision model in use:
|      [SPFP] - Single Precision Forces, 64-bit Fixed Point
|               Accumulation. (Default)
| 
|--------------------------------------------------------
 
|----------------- CITATION INFORMATION -----------------
|
|    When publishing work that utilized the CUDA version
|    of AMBER, please cite the following in addition to
|    the regular AMBER citations:
|
|  - Romelia Salomon-Ferrer; Andreas W. Goetz; Duncan
|    Poole; Scott Le Grand; Ross C. Walker "Routine
|    microsecond molecular dynamics simulations with
|    AMBER - Part II: Particle Mesh Ewald", J. Chem.
|    Theory Comput., 2013, 9 (9), pp3878-3888,
|    DOI: 10.1021/ct400314y.
|
|  - Andreas W. Goetz; Mark J. Williamson; Dong Xu;
|    Duncan Poole; Scott Le Grand; Ross C. Walker
|    "Routine microsecond molecular dynamics simulations
|    with AMBER - Part I: Generalized Born", J. Chem.
|    Theory Comput., 2012, 8 (5), pp1542-1555.
|
|  - Scott Le Grand; Andreas W. Goetz; Ross C. Walker
|    "SPFP: Speed without compromise - a mixed precision
|    model for GPU accelerated molecular dynamics
|    simulations.", Comp. Phys. Comm., 2013, 184
|    pp374-380, DOI: 10.1016/j.cpc.2012.09.022
|
|--------------------------------------------------------
 
|------------------- GPU DEVICE INFO --------------------
|
|            CUDA_VISIBLE_DEVICES: 0
|   CUDA Capable Devices Detected:      1
|           CUDA Device ID in use:      0
|                CUDA Device Name: GeForce GTX 1080 Ti
|     CUDA Device Global Mem Size:  11178 MB
| CUDA Device Num Multiprocessors:     28
|           CUDA Device Core Freq:   1.72 GHz
|
|--------------------------------------------------------
 
 
| Conditional Compilation Defines Used:
| PUBFFT
| BINTRAJ
| CUDA
| EMIL

| Largest sphere to fit in unit cell has radius =    27.137

| New format PARM file being parsed.
| Version =    1.000 Date = 04/14/18 Time = 19:54:59

| Note: 1-4 EEL scale factors are being read from the topology file.

| Note: 1-4 VDW scale factors are being read from the topology file.
| Duplicated    0 dihedrals

| Duplicated    0 dihedrals

--------------------------------------------------------------------------------
   1.  RESOURCE   USE: 
--------------------------------------------------------------------------------

 getting new box info from bottom of inpcrd
 NATOM  =   22707 NTYPES =      17 NBONH =   21487 MBONA  =    1237
 NTHETH =    2916 MTHETA =    1649 NPHIH =    5625 MPHIA  =    5085
 NHPARM =       0 NPARM  =       0 NNB   =   40734 NRES   =    6902
 NBONA  =    1237 NTHETA =    1649 NPHIA =    5085 NUMBND =      64
 NUMANG =     139 NPTRA  =     166 NATYP =      37 NPHB   =       1
 IFBOX  =       2 NMXRS  =      50 IFCAP =       0 NEXTRA =       0
 NCOPY  =       0

| Coordinate Index Table dimensions:    10   10   10
| Direct force subcell size =     6.6471    6.6471    6.6471

     BOX TYPE: TRUNCATED OCTAHEDRON

--------------------------------------------------------------------------------
   2.  CONTROL  DATA  FOR  THE  RUN
--------------------------------------------------------------------------------

default_name                                                                    

General flags:
     imin    =       0, nmropt  =       0

Nature and format of input:
     ntx     =       5, irest   =       1, ntrx    =       1

Nature and format of output:
     ntxo    =       1, ntpr    =     500, ntrx    =       1, ntwr    =     500
     iwrap   =       1, ntwx    =     500, ntwv    =       0, ntwe    =       0
     ioutfm  =       1, ntwprt  =       0, idecomp =       0, rbornstat=      0

Potential function:
     ntf     =       2, ntb     =       2, igb     =       0, nsnb    =      25
     ipol    =       0, gbsa    =       0, iesp    =       0
     dielc   =   1.00000, cut     =  10.00000, intdiel =   1.00000

Frozen or restrained atoms:
     ibelly  =       0, ntr     =       1
     restraint_wt =   0.00800

Molecular dynamics:
     nstlim  =     50000, nscm    =         0, nrespa  =         1
     t       =   0.00000, dt      =   0.00200, vlimit  =  -1.00000

Langevin dynamics temperature regulation:
     ig      =  861274
     temp0   = 300.00000, tempi   = 300.00000, gamma_ln=   5.00000

Pressure regulation:
     ntp     =       1
     pres0   =   1.00000, comp    =  44.60000, taup    =   1.00000

SHAKE:
     ntc     =       2, jfastw  =       0
     tol     =   0.00001

| Intermolecular bonds treatment:
|     no_intermolecular_bonds =       1

| Energy averages sample interval:
|     ene_avg_sampling =     500

Ewald parameters:
     verbose =       0, ew_type =       0, nbflag  =       1, use_pme =       1
     vdwmeth =       1, eedmeth =       1, netfrc  =       1
     Box X =   66.471   Box Y =   66.471   Box Z =   66.471
     Alpha =  109.471   Beta  =  109.471   Gamma =  109.471
     NFFT1 =   64       NFFT2 =   64       NFFT3 =   64
     Cutoff=   10.000   Tol   =0.100E-04
     Ewald Coefficient =  0.27511
     Interpolation order =    4

    LOADING THE CONSTRAINED ATOMS AS GROUPS


   5.  REFERENCE ATOM COORDINATES

  default_name                                                                    
     Mask :1-131@N,CA,C,O; matches   524 atoms

--------------------------------------------------------------------------------
   3.  ATOMIC COORDINATES AND VELOCITIES
--------------------------------------------------------------------------------

default_name                                                                    
 begin time read from input coords =  6300.000 ps

 
 Number of triangulated 3-point waters found:     6742

     Sum of charges from parm topology file =  -0.00100007
     Forcing neutrality...

| Dynamic Memory, Types Used:
| Reals             1110941
| Integers           905820

| Nonbonded Pairs Initial Allocation:     6868299

| GPU memory information (estimate):
| KB of GPU memory in use:         0
| KB of CPU memory in use:         0

--------------------------------------------------------------------------------
   4.  RESULTS
--------------------------------------------------------------------------------

wrapping first mol.:       22.15809       31.33627       54.27600
wrapping first mol.:       22.15809       31.33627       54.27600

 NSTEP =      500   TIME(PS) =    6301.000  TEMP(K) =   298.13  PRESS =    81.0
 Etot   =    -54496.1501  EKtot   =     13814.0713  EPtot      =    -68310.2214
 BOND   =       445.9728  ANGLE   =      1251.1455  DIHED      =      1858.8184
 1-4 NB =       583.9429  1-4 EEL =      8864.3449  VDWAALS    =      8053.0276
 EELEC  =    -89368.4336  EHBOND  =         0.0000  RESTRAINT  =         0.9600
 EAMBER (non-restraint)  =    -68311.1814
 EKCMT  =      5985.2194  VIRIAL  =      5589.9591  VOLUME     =    226118.1076
                                                    Density    =         1.0198
 ------------------------------------------------------------------------------

wrapping first mol.:       22.15772       31.33575       54.27511
wrapping first mol.:       22.15772       31.33575       54.27511

 NSTEP =     1000   TIME(PS) =    6302.000  TEMP(K) =   301.70  PRESS =  -332.3
 Etot   =    -54422.0270  EKtot   =     13979.4492  EPtot      =    -68401.4762
 BOND   =       452.1193  ANGLE   =      1185.4051  DIHED      =      1863.8409
 1-4 NB =       571.5592  1-4 EEL =      8877.9760  VDWAALS    =      8104.4071
 EELEC  =    -89458.3113  EHBOND  =         0.0000  RESTRAINT  =         1.5276
 EAMBER (non-restraint)  =    -68403.0038
 EKCMT  =      5991.8011  VIRIAL  =      7614.1418  VOLUME     =    226115.3552
                                                    Density    =         1.0198
 ------------------------------------------------------------------------------

wrapping first mol.:       22.16551       31.34677       54.29419
wrapping first mol.:       22.16551       31.34677       54.29419

 NSTEP =     1500   TIME(PS) =    6303.000  TEMP(K) =   301.04  PRESS =   -52.8
 Etot   =    -54450.1459  EKtot   =     13948.8438  EPtot      =    -68398.9896
 BOND   =       467.4472  ANGLE   =      1178.9592  DIHED      =      1868.4943
 1-4 NB =       565.6686  1-4 EEL =      8847.3975  VDWAALS    =      8220.5041
 EELEC  =    -89548.8950  EHBOND  =         0.0000  RESTRAINT  =         1.4345
 EAMBER (non-restraint)  =    -68400.4241
 EKCMT  =      6033.4020  VIRIAL  =      6291.2656  VOLUME     =    226348.2364
                                                    Density    =         1.0188
 ------------------------------------------------------------------------------

wrapping first mol.:       22.16106       31.34046       54.28327
wrapping first mol.:       22.16106       31.34046       54.28327

 NSTEP =     2000   TIME(PS) =    6304.000  TEMP(K) =   298.78  PRESS =  -318.4
 Etot   =    -54503.8252  EKtot   =     13844.0127  EPtot      =    -68347.8379
 BOND   =       434.3281  ANGLE   =      1237.1450  DIHED      =      1849.7593
 1-4 NB =       598.3739  1-4 EEL =      8908.9845  VDWAALS    =      8096.4085
 EELEC  =    -89474.0868  EHBOND  =         0.0000  RESTRAINT  =         1.2495
 EAMBER (non-restraint)  =    -68349.0875
 EKCMT  =      5974.7793  VIRIAL  =      7529.8008  VOLUME     =    226217.0911
                                                    Density    =         1.0194
 ------------------------------------------------------------------------------

wrapping first mol.:       22.14795       31.32193       54.25117
wrapping first mol.:       22.14795       31.32193       54.25117

 NSTEP =     2500   TIME(PS) =    6305.000  TEMP(K) =   300.24  PRESS =   -34.3
 Etot   =    -54407.8681  EKtot   =     13911.6914  EPtot      =    -68319.5595
 BOND   =       481.4145  ANGLE   =      1208.7894  DIHED      =      1872.8469
 1-4 NB =       566.5731  1-4 EEL =      8868.2032  VDWAALS    =      8051.9362
 EELEC  =    -89370.9917  EHBOND  =         0.0000  RESTRAINT  =         1.6690
 EAMBER (non-restraint)  =    -68321.2284
 EKCMT  =      6036.3188  VIRIAL  =      6203.7482  VOLUME     =    225810.2780
                                                    Density    =         1.0212
 ------------------------------------------------------------------------------

wrapping first mol.:       22.15657       31.33413       54.27229
wrapping first mol.:       22.15657       31.33413       54.27229

 NSTEP =     3000   TIME(PS) =    6306.000  TEMP(K) =   296.84  PRESS =   -88.9
 Etot   =    -54479.4932  EKtot   =     13754.3457  EPtot      =    -68233.8389
 BOND   =       443.6989  ANGLE   =      1243.3380  DIHED      =      1861.7891
 1-4 NB =       580.1317  1-4 EEL =      8885.8223  VDWAALS    =      8081.1471
 EELEC  =    -89331.2763  EHBOND  =         0.0000  RESTRAINT  =         1.5102
 EAMBER (non-restraint)  =    -68235.3491
 EKCMT  =      5940.1026  VIRIAL  =      6374.2614  VOLUME     =    226075.2312
                                                    Density    =         1.0200
 ------------------------------------------------------------------------------

wrapping first mol.:       22.14922       31.32373       54.25428
wrapping first mol.:       22.14922       31.32373       54.25428

 NSTEP =     3500   TIME(PS) =    6307.000  TEMP(K) =   299.58  PRESS =  -160.0
 Etot   =    -54847.2158  EKtot   =     13880.9160  EPtot      =    -68728.1319
 BOND   =       440.8997  ANGLE   =      1169.2521  DIHED      =      1862.5252
 1-4 NB =       584.2247  1-4 EEL =      8867.3296  VDWAALS    =      8111.9694
 EELEC  =    -89765.9406  EHBOND  =         0.0000  RESTRAINT  =         1.6082
 EAMBER (non-restraint)  =    -68729.7401
 EKCMT  =      6030.1451  VIRIAL  =      6810.5107  VOLUME     =    225851.6269
                                                    Density    =         1.0210
 ------------------------------------------------------------------------------

wrapping first mol.:       22.14299       31.31492       54.23902
wrapping first mol.:       22.14299       31.31492       54.23902

 NSTEP =     4000   TIME(PS) =    6308.000  TEMP(K) =   301.08  PRESS =  -196.1
 Etot   =    -54525.7386  EKtot   =     13950.7607  EPtot      =    -68476.4993
 BOND   =       455.6261  ANGLE   =      1225.5958  DIHED      =      1891.4915
 1-4 NB =       591.1444  1-4 EEL =      8906.3362  VDWAALS    =      8052.6887
 EELEC  =    -89600.8129  EHBOND  =         0.0000  RESTRAINT  =         1.4310
 EAMBER (non-restraint)  =    -68477.9303
 EKCMT  =      6070.1903  VIRIAL  =      7025.7732  VOLUME     =    225661.8205
                                                    Density    =         1.0219
 ------------------------------------------------------------------------------

wrapping first mol.:       22.15719       31.33500       54.27381
wrapping first mol.:       22.15719       31.33500       54.27381

 NSTEP =     4500   TIME(PS) =    6309.000  TEMP(K) =   302.01  PRESS =    27.0
 Etot   =    -54381.7706  EKtot   =     13993.5723  EPtot      =    -68375.3429
 BOND   =       425.1957  ANGLE   =      1230.7195  DIHED      =      1840.1630
 1-4 NB =       604.8314  1-4 EEL =      8914.7218  VDWAALS    =      7975.3268
 EELEC  =    -89367.7791  EHBOND  =         0.0000  RESTRAINT  =         1.4780
 EAMBER (non-restraint)  =    -68376.8208
 EKCMT  =      6089.3236  VIRIAL  =      5957.7528  VOLUME     =    226091.7889
                                                    Density    =         1.0200
 ------------------------------------------------------------------------------

wrapping first mol.:       22.13769       31.30742       54.22605
wrapping first mol.:       22.13769       31.30742       54.22605

 NSTEP =     5000   TIME(PS) =    6310.000  TEMP(K) =   300.68  PRESS =   -62.6
 Etot   =    -54705.3414  EKtot   =     13932.1338  EPtot      =    -68637.4752
 BOND   =       443.1336  ANGLE   =      1217.5749  DIHED      =      1877.6774
 1-4 NB =       563.3544  1-4 EEL =      8828.1848  VDWAALS    =      8049.4732
 EELEC  =    -89618.5471  EHBOND  =         0.0000  RESTRAINT  =         1.6737
 EAMBER (non-restraint)  =    -68639.1489
 EKCMT  =      5974.8141  VIRIAL  =      6279.3919  VOLUME     =    225497.2337
                                                    Density    =         1.0226
 ------------------------------------------------------------------------------

wrapping first mol.:       22.14175       31.31316       54.23598
wrapping first mol.:       22.14175       31.31316       54.23598

 NSTEP =     5500   TIME(PS) =    6311.000  TEMP(K) =   297.59  PRESS =   482.2
 Etot   =    -54928.0673  EKtot   =     13788.9912  EPtot      =    -68717.0585
 BOND   =       440.8861  ANGLE   =      1209.4512  DIHED      =      1845.5233
 1-4 NB =       575.2703  1-4 EEL =      8899.6681  VDWAALS    =      8229.6745
 EELEC  =    -89919.3680  EHBOND  =         0.0000  RESTRAINT  =         1.8359
 EAMBER (non-restraint)  =    -68718.8944
 EKCMT  =      6000.7882  VIRIAL  =      3652.0214  VOLUME     =    225610.2654
                                                    Density    =         1.0221
 ------------------------------------------------------------------------------

wrapping first mol.:       22.14612       31.31934       54.24669
wrapping first mol.:       22.14612       31.31934       54.24669

 NSTEP =     6000   TIME(PS) =    6312.000  TEMP(K) =   300.14  PRESS =   129.2
 Etot   =    -54621.3194  EKtot   =     13907.2490  EPtot      =    -68528.5685
 BOND   =       452.7466  ANGLE   =      1219.3681  DIHED      =      1875.8766
 1-4 NB =       569.1129  1-4 EEL =      8878.3477  VDWAALS    =      8183.9058
 EELEC  =    -89709.5644  EHBOND  =         0.0000  RESTRAINT  =         1.6382
 EAMBER (non-restraint)  =    -68530.2066
 EKCMT  =      6099.1850  VIRIAL  =      5469.4847  VOLUME     =    225750.9602
                                                    Density    =         1.0215
 ------------------------------------------------------------------------------

wrapping first mol.:       22.15627       31.33370       54.27155
wrapping first mol.:       22.15627       31.33370       54.27155

 NSTEP =     6500   TIME(PS) =    6313.000  TEMP(K) =   298.28  PRESS =     8.8
 Etot   =    -54543.3482  EKtot   =     13821.1279  EPtot      =    -68364.4762
 BOND   =       468.7376  ANGLE   =      1161.8659  DIHED      =      1902.7437
 1-4 NB =       571.6520  1-4 EEL =      8875.7369  VDWAALS    =      8196.1544
 EELEC  =    -89543.4188  EHBOND  =         0.0000  RESTRAINT  =         2.0521
 EAMBER (non-restraint)  =    -68366.5283
 EKCMT  =      6007.3992  VIRIAL  =      5964.5171  VOLUME     =    226064.0043
                                                    Density    =         1.0201
 ------------------------------------------------------------------------------

wrapping first mol.:       22.17609       31.36172       54.32009
wrapping first mol.:       22.17609       31.36172       54.32009

 NSTEP =     7000   TIME(PS) =    6314.000  TEMP(K) =   299.73  PRESS =   -62.9
 Etot   =    -54497.7500  EKtot   =     13888.1650  EPtot      =    -68385.9150
 BOND   =       449.2719  ANGLE   =      1273.7305  DIHED      =      1888.4959
 1-4 NB =       570.0881  1-4 EEL =      8857.5388  VDWAALS    =      8234.2034
 EELEC  =    -89661.5409  EHBOND  =         0.0000  RESTRAINT  =         2.2972
 EAMBER (non-restraint)  =    -68388.2122
 EKCMT  =      6002.9908  VIRIAL  =      6311.0331  VOLUME     =    226672.5735
                                                    Density    =         1.0173
 ------------------------------------------------------------------------------

wrapping first mol.:       22.17608       31.36171       54.32007
wrapping first mol.:       22.17608       31.36171       54.32007

 NSTEP =     7500   TIME(PS) =    6315.000  TEMP(K) =   298.66  PRESS =   -43.9
 Etot   =    -54329.1063  EKtot   =     13838.6338  EPtot      =    -68167.7401
 BOND   =       450.0408  ANGLE   =      1213.2857  DIHED      =      1854.0569
 1-4 NB =       579.1362  1-4 EEL =      8923.3936  VDWAALS    =      7960.4845
 EELEC  =    -89150.5750  EHBOND  =         0.0000  RESTRAINT  =         2.4372
 EAMBER (non-restraint)  =    -68170.1772
 EKCMT  =      6026.8090  VIRIAL  =      6241.9024  VOLUME     =    226671.9459
                                                    Density    =         1.0173
 ------------------------------------------------------------------------------

wrapping first mol.:       22.16686       31.34867       54.29749
wrapping first mol.:       22.16686       31.34867       54.29749

 NSTEP =     8000   TIME(PS) =    6316.000  TEMP(K) =   300.95  PRESS =    66.7
 Etot   =    -54500.1536  EKtot   =     13944.6797  EPtot      =    -68444.8333
 BOND   =       431.7399  ANGLE   =      1216.7044  DIHED      =      1895.6457
 1-4 NB =       570.4626  1-4 EEL =      8842.4899  VDWAALS    =      8230.3168
 EELEC  =    -89634.9039  EHBOND  =         0.0000  RESTRAINT  =         2.7113
 EAMBER (non-restraint)  =    -68447.5446
 EKCMT  =      6088.6461  VIRIAL  =      5762.7198  VOLUME     =    226387.1049
                                                    Density    =         1.0186
 ------------------------------------------------------------------------------

wrapping first mol.:       22.16887       31.35151       54.30241
wrapping first mol.:       22.16887       31.35151       54.30241

 NSTEP =     8500   TIME(PS) =    6317.000  TEMP(K) =   299.70  PRESS =  -103.4
 Etot   =    -54622.6393  EKtot   =     13886.7256  EPtot      =    -68509.3649
 BOND   =       450.3647  ANGLE   =      1234.6500  DIHED      =      1870.3273
 1-4 NB =       576.7776  1-4 EEL =      8909.5127  VDWAALS    =      7945.3281
 EELEC  =    -89499.0752  EHBOND  =         0.0000  RESTRAINT  =         2.7499
 EAMBER (non-restraint)  =    -68512.1148
 EKCMT  =      6033.4064  VIRIAL  =      6539.1117  VOLUME     =    226452.0587
                                                    Density    =         1.0183
 ------------------------------------------------------------------------------

wrapping first mol.:       22.17024       31.35346       54.30578
wrapping first mol.:       22.17024       31.35346       54.30578

 NSTEP =     9000   TIME(PS) =    6318.000  TEMP(K) =   300.52  PRESS =   197.6
 Etot   =    -54696.4378  EKtot   =     13924.7422  EPtot      =    -68621.1800
 BOND   =       462.8816  ANGLE   =      1251.5730  DIHED      =      1895.4929
 1-4 NB =       569.3468  1-4 EEL =      8853.1600  VDWAALS    =      8277.1067
 EELEC  =    -89933.6463  EHBOND  =         0.0000  RESTRAINT  =         2.9053
 EAMBER (non-restraint)  =    -68624.0853
 EKCMT  =      6001.8717  VIRIAL  =      5035.3971  VOLUME     =    226488.1574
                                                    Density    =         1.0182
 ------------------------------------------------------------------------------

wrapping first mol.:       22.16335       31.34370       54.28888
wrapping first mol.:       22.16335       31.34370       54.28888

 NSTEP =     9500   TIME(PS) =    6319.000  TEMP(K) =   301.31  PRESS =  -162.0
 Etot   =    -54490.5979  EKtot   =     13961.2109  EPtot      =    -68451.8089
 BOND   =       462.7475  ANGLE   =      1216.5794  DIHED      =      1861.5680
 1-4 NB =       597.3066  1-4 EEL =      8876.1135  VDWAALS    =      8042.1750
 EELEC  =    -89510.7239  EHBOND  =         0.0000  RESTRAINT  =         2.4251
 EAMBER (non-restraint)  =    -68454.2340
 EKCMT  =      6021.4319  VIRIAL  =      6812.9776  VOLUME     =    226284.0582
                                                    Density    =         1.0191
 ------------------------------------------------------------------------------

wrapping first mol.:       22.15196       31.32760       54.26099
wrapping first mol.:       22.15196       31.32760       54.26099

 NSTEP =    10000   TIME(PS) =    6320.000  TEMP(K) =   298.68  PRESS =    47.6
 Etot   =    -54632.1494  EKtot   =     13839.4297  EPtot      =    -68471.5791
 BOND   =       458.2497  ANGLE   =      1231.9352  DIHED      =      1844.1424
 1-4 NB =       578.3364  1-4 EEL =      8850.4449  VDWAALS    =      8247.2846
 EELEC  =    -89684.0584  EHBOND  =         0.0000  RESTRAINT  =         2.0861
 EAMBER (non-restraint)  =    -68473.6652
 EKCMT  =      6076.4492  VIRIAL  =      5844.1538  VOLUME     =    225931.2358
                                                    Density    =         1.0207
 ------------------------------------------------------------------------------

wrapping first mol.:       22.14894       31.32333       54.25359
wrapping first mol.:       22.14894       31.32333       54.25359

 NSTEP =    10500   TIME(PS) =    6321.000  TEMP(K) =   301.60  PRESS =   398.3
 Etot   =    -54387.3880  EKtot   =     13974.8311  EPtot      =    -68362.2191
 BOND   =       471.6565  ANGLE   =      1227.7869  DIHED      =      1854.0199
 1-4 NB =       575.4149  1-4 EEL =      8872.2283  VDWAALS    =      8176.5474
 EELEC  =    -89542.6279  EHBOND  =         0.0000  RESTRAINT  =         2.7549
 EAMBER (non-restraint)  =    -68364.9739
 EKCMT  =      6119.6319  VIRIAL  =      4177.6946  VOLUME     =    225831.7365
                                                    Density    =         1.0211
 ------------------------------------------------------------------------------

wrapping first mol.:       22.14811       31.32216       54.25156
wrapping first mol.:       22.14811       31.32216       54.25156

 NSTEP =    11000   TIME(PS) =    6322.000  TEMP(K) =   300.95  PRESS =   109.8
 Etot   =    -54439.3222  EKtot   =     13944.5234  EPtot      =    -68383.8457
 BOND   =       450.6958  ANGLE   =      1185.4449  DIHED      =      1886.0892
 1-4 NB =       567.6655  1-4 EEL =      8865.4023  VDWAALS    =      8229.9114
 EELEC  =    -89571.9784  EHBOND  =         0.0000  RESTRAINT  =         2.9237
 EAMBER (non-restraint)  =    -68386.7693
 EKCMT  =      6029.4643  VIRIAL  =      5494.1200  VOLUME     =    225812.2370
                                                    Density    =         1.0212
 ------------------------------------------------------------------------------

wrapping first mol.:       22.15528       31.33230       54.26913
wrapping first mol.:       22.15528       31.33230       54.26913

 NSTEP =    11500   TIME(PS) =    6323.000  TEMP(K) =   304.24  PRESS =  -179.5
 Etot   =    -54142.4055  EKtot   =     14097.1064  EPtot      =    -68239.5120
 BOND   =       432.1975  ANGLE   =      1196.3952  DIHED      =      1855.3499
 1-4 NB =       579.9417  1-4 EEL =      8864.4252  VDWAALS    =      7949.1605
 EELEC  =    -89119.9312  EHBOND  =         0.0000  RESTRAINT  =         2.9492
 EAMBER (non-restraint)  =    -68242.4611
 EKCMT  =      6133.4928  VIRIAL  =      7009.5895  VOLUME     =    226037.5775
                                                    Density    =         1.0202
 ------------------------------------------------------------------------------

wrapping first mol.:       22.15413       31.33067       54.26631
wrapping first mol.:       22.15413       31.33067       54.26631

 NSTEP =    12000   TIME(PS) =    6324.000  TEMP(K) =   301.34  PRESS =   133.9
 Etot   =    -54547.9132  EKtot   =     13962.5000  EPtot      =    -68510.4132
 BOND   =       452.7744  ANGLE   =      1225.9965  DIHED      =      1836.9431
 1-4 NB =       582.7032  1-4 EEL =      8865.0343  VDWAALS    =      8259.1403
 EELEC  =    -89735.8745  EHBOND  =         0.0000  RESTRAINT  =         2.8695
 EAMBER (non-restraint)  =    -68513.2827
 EKCMT  =      6136.6296  VIRIAL  =      5483.4835  VOLUME     =    225996.0034
                                                    Density    =         1.0204
 ------------------------------------------------------------------------------

wrapping first mol.:       22.14714       31.32078       54.24918
wrapping first mol.:       22.14714       31.32078       54.24918

 NSTEP =    12500   TIME(PS) =    6325.000  TEMP(K) =   301.74  PRESS =  -311.1
 Etot   =    -54211.5849  EKtot   =     13981.2148  EPtot      =    -68192.7997
 BOND   =       470.3975  ANGLE   =      1240.0893  DIHED      =      1850.3291
 1-4 NB =       579.7766  1-4 EEL =      8840.1935  VDWAALS    =      7840.8769
 EELEC  =    -89017.6762  EHBOND  =         0.0000  RESTRAINT  =         3.2135
 EAMBER (non-restraint)  =    -68196.0132
 EKCMT  =      6039.8504  VIRIAL  =      7556.6805  VOLUME     =    225790.9571
                                                    Density    =         1.0213
 ------------------------------------------------------------------------------

wrapping first mol.:       22.15324       31.32941       54.26413
wrapping first mol.:       22.15324       31.32941       54.26413

 NSTEP =    13000   TIME(PS) =    6326.000  TEMP(K) =   296.47  PRESS =    98.8
 Etot   =    -54471.3932  EKtot   =     13737.0098  EPtot      =    -68208.4030
 BOND   =       476.0887  ANGLE   =      1230.7504  DIHED      =      1845.1389
 1-4 NB =       567.8851  1-4 EEL =      8887.3141  VDWAALS    =      8152.2345
 EELEC  =    -89371.1604  EHBOND  =         0.0000  RESTRAINT  =         3.3456
 EAMBER (non-restraint)  =    -68211.7487
 EKCMT  =      5997.3681  VIRIAL  =      5515.4782  VOLUME     =    225969.4585
                                                    Density    =         1.0205
 ------------------------------------------------------------------------------

wrapping first mol.:       22.16069       31.33994       54.28237
wrapping first mol.:       22.16069       31.33994       54.28237

 NSTEP =    13500   TIME(PS) =    6327.000  TEMP(K) =   298.63  PRESS =  -223.0
 Etot   =    -54493.2329  EKtot   =     13837.2949  EPtot      =    -68330.5278
 BOND   =       435.7849  ANGLE   =      1266.0357  DIHED      =      1843.1631
 1-4 NB =       565.8017  1-4 EEL =      8864.7494  VDWAALS    =      8117.0663
 EELEC  =    -89426.1718  EHBOND  =         0.0000  RESTRAINT  =         3.0429
 EAMBER (non-restraint)  =    -68333.5707
 EKCMT  =      5895.4131  VIRIAL  =      6984.4103  VOLUME     =    226203.8608
                                                    Density    =         1.0194
 ------------------------------------------------------------------------------

wrapping first mol.:       22.15704       31.33478       54.27343
wrapping first mol.:       22.15704       31.33478       54.27343

 NSTEP =    14000   TIME(PS) =    6328.000  TEMP(K) =   299.52  PRESS =   175.2
 Etot   =    -54413.8052  EKtot   =     13878.4844  EPtot      =    -68292.2896
 BOND   =       499.8723  ANGLE   =      1203.9408  DIHED      =      1846.1211
 1-4 NB =       575.6013  1-4 EEL =      8888.3345  VDWAALS    =      8186.6928
 EELEC  =    -89496.1149  EHBOND  =         0.0000  RESTRAINT  =         3.2627
 EAMBER (non-restraint)  =    -68295.5522
 EKCMT  =      6074.6173  VIRIAL  =      5219.6302  VOLUME     =    226084.0896
                                                    Density    =         1.0200
 ------------------------------------------------------------------------------

wrapping first mol.:       22.17957       31.36664       54.32861
wrapping first mol.:       22.17957       31.36664       54.32861

 NSTEP =    14500   TIME(PS) =    6329.000  TEMP(K) =   304.04  PRESS =   -52.4
 Etot   =    -54047.7253  EKtot   =     14087.9512  EPtot      =    -68135.6765
 BOND   =       471.9889  ANGLE   =      1176.6666  DIHED      =      1860.5875
 1-4 NB =       570.3939  1-4 EEL =      8866.5148  VDWAALS    =      8060.3658
 EELEC  =    -89145.0481  EHBOND  =         0.0000  RESTRAINT  =         2.8540
 EAMBER (non-restraint)  =    -68138.5305
 EKCMT  =      6164.5118  VIRIAL  =      6420.9358  VOLUME     =    226779.0360
                                                    Density    =         1.0169
 ------------------------------------------------------------------------------

wrapping first mol.:       22.17048       31.35379       54.30635
wrapping first mol.:       22.17048       31.35379       54.30635

 NSTEP =    15000   TIME(PS) =    6330.000  TEMP(K) =   297.32  PRESS =  -175.7
 Etot   =    -54670.0425  EKtot   =     13776.4121  EPtot      =    -68446.4546
 BOND   =       472.7754  ANGLE   =      1223.6576  DIHED      =      1861.4291
 1-4 NB =       569.8064  1-4 EEL =      8837.7928  VDWAALS    =      8195.7953
 EELEC  =    -89610.6456  EHBOND  =         0.0000  RESTRAINT  =         2.9345
 EAMBER (non-restraint)  =    -68449.3891
 EKCMT  =      6048.1624  VIRIAL  =      6907.3988  VOLUME     =    226502.8569
                                                    Density    =         1.0181
 ------------------------------------------------------------------------------

wrapping first mol.:       22.17581       31.36133       54.31942
wrapping first mol.:       22.17581       31.36133       54.31942

 NSTEP =    15500   TIME(PS) =    6331.000  TEMP(K) =   298.17  PRESS =  -178.7
 Etot   =    -54518.1506  EKtot   =     13815.8643  EPtot      =    -68334.0149
 BOND   =       444.8120  ANGLE   =      1238.0919  DIHED      =      1843.5898
 1-4 NB =       581.4730  1-4 EEL =      8860.9460  VDWAALS    =      8067.5601
 EELEC  =    -89372.5890  EHBOND  =         0.0000  RESTRAINT  =         2.1013
 EAMBER (non-restraint)  =    -68336.1162
 EKCMT  =      6032.6723  VIRIAL  =      6907.2820  VOLUME     =    226666.4767
                                                    Density    =         1.0174
 ------------------------------------------------------------------------------

wrapping first mol.:       22.18511       31.37449       54.34220
wrapping first mol.:       22.18511       31.37449       54.34220

 NSTEP =    16000   TIME(PS) =    6332.000  TEMP(K) =   301.03  PRESS =   241.2
 Etot   =    -54395.3035  EKtot   =     13948.3242  EPtot      =    -68343.6277
 BOND   =       439.6823  ANGLE   =      1217.4131  DIHED      =      1876.8585
 1-4 NB =       580.2782  1-4 EEL =      8874.7575  VDWAALS    =      8541.4447
 EELEC  =    -89876.1842  EHBOND  =         0.0000  RESTRAINT  =         2.1222
 EAMBER (non-restraint)  =    -68345.7499
 EKCMT  =      6083.4107  VIRIAL  =      4901.4060  VOLUME     =    226943.2693
                                                    Density    =         1.0161
 ------------------------------------------------------------------------------

wrapping first mol.:       22.17508       31.36029       54.31762
wrapping first mol.:       22.17508       31.36029       54.31762

 NSTEP =    16500   TIME(PS) =    6333.000  TEMP(K) =   296.55  PRESS =    -1.6
 Etot   =    -54782.0665  EKtot   =     13740.5312  EPtot      =    -68522.5977
 BOND   =       455.1840  ANGLE   =      1219.5264  DIHED      =      1865.1173
 1-4 NB =       563.6379  1-4 EEL =      8837.7449  VDWAALS    =      7991.8918
 EELEC  =    -89457.8236  EHBOND  =         0.0000  RESTRAINT  =         2.1235
 EAMBER (non-restraint)  =    -68524.7212
 EKCMT  =      5979.0170  VIRIAL  =      5986.8141  VOLUME     =    226640.3479
                                                    Density    =         1.0175
 ------------------------------------------------------------------------------

wrapping first mol.:       22.16972       31.35271       54.30449
wrapping first mol.:       22.16972       31.35271       54.30449

 NSTEP =    17000   TIME(PS) =    6334.000  TEMP(K) =   300.53  PRESS =    82.0
 Etot   =    -54531.0952  EKtot   =     13925.2744  EPtot      =    -68456.3696
 BOND   =       496.3355  ANGLE   =      1215.1405  DIHED      =      1860.2083
 1-4 NB =       548.6376  1-4 EEL =      8807.3756  VDWAALS    =      8142.1937
 EELEC  =    -89528.2908  EHBOND  =         0.0000  RESTRAINT  =         2.0299
 EAMBER (non-restraint)  =    -68458.3995
 EKCMT  =      5991.5318  VIRIAL  =      5590.7317  VOLUME     =    226474.3251
                                                    Density    =         1.0182
 ------------------------------------------------------------------------------

wrapping first mol.:       22.16477       31.34572       54.29237
wrapping first mol.:       22.16477       31.34572       54.29237

 NSTEP =    17500   TIME(PS) =    6335.000  TEMP(K) =   300.94  PRESS =   150.8
 Etot   =    -54169.0043  EKtot   =     13944.0674  EPtot      =    -68113.0717
 BOND   =       504.6495  ANGLE   =      1267.8412  DIHED      =      1849.7140
 1-4 NB =       573.7326  1-4 EEL =      8842.4173  VDWAALS    =      8143.8025
 EELEC  =    -89297.3818  EHBOND  =         0.0000  RESTRAINT  =         2.1531
 EAMBER (non-restraint)  =    -68115.2248
 EKCMT  =      6033.1088  VIRIAL  =      5296.2785  VOLUME     =    226321.3274
                                                    Density    =         1.0189
 ------------------------------------------------------------------------------

wrapping first mol.:       22.15736       31.33524       54.27423
wrapping first mol.:       22.15736       31.33524       54.27423

 NSTEP =    18000   TIME(PS) =    6336.000  TEMP(K) =   297.81  PRESS =    51.6
 Etot   =    -54484.7647  EKtot   =     13799.2324  EPtot      =    -68283.9972
 BOND   =       478.6631  ANGLE   =      1264.1004  DIHED      =      1825.0273
 1-4 NB =       573.8412  1-4 EEL =      8886.2259  VDWAALS    =      8216.8290
 EELEC  =    -89530.8012  EHBOND  =         0.0000  RESTRAINT  =         2.1171
 EAMBER (non-restraint)  =    -68286.1142
 EKCMT  =      6003.4461  VIRIAL  =      5751.5710  VOLUME     =    226096.6078
                                                    Density    =         1.0199
 ------------------------------------------------------------------------------

wrapping first mol.:       22.14094       31.31201       54.23399
wrapping first mol.:       22.14094       31.31201       54.23399

 NSTEP =    18500   TIME(PS) =    6337.000  TEMP(K) =   299.46  PRESS =   303.5
 Etot   =    -54636.0938  EKtot   =     13875.7324  EPtot      =    -68511.8262
 BOND   =       447.9506  ANGLE   =      1252.7285  DIHED      =      1834.8018
 1-4 NB =       561.1281  1-4 EEL =      8888.2533  VDWAALS    =      8167.5490
 EELEC  =    -89666.2434  EHBOND  =         0.0000  RESTRAINT  =         2.0060
 EAMBER (non-restraint)  =    -68513.8322
 EKCMT  =      6071.2280  VIRIAL  =      4593.1606  VOLUME     =    225589.0374
                                                    Density    =         1.0222
 ------------------------------------------------------------------------------

wrapping first mol.:       22.14850       31.32271       54.25252
wrapping first mol.:       22.14850       31.32271       54.25252

 NSTEP =    19000   TIME(PS) =    6338.000  TEMP(K) =   300.85  PRESS =   292.7
 Etot   =    -54673.4476  EKtot   =     13939.7607  EPtot      =    -68613.2083
 BOND   =       456.7184  ANGLE   =      1234.2262  DIHED      =      1852.5832
 1-4 NB =       584.7791  1-4 EEL =      8857.7287  VDWAALS    =      8249.4863
 EELEC  =    -89851.0424  EHBOND  =         0.0000  RESTRAINT  =         2.3121
 EAMBER (non-restraint)  =    -68615.5204
 EKCMT  =      6024.4655  VIRIAL  =      4597.1218  VOLUME     =    225820.4658
                                                    Density    =         1.0212
 ------------------------------------------------------------------------------

wrapping first mol.:       22.13663       31.30592       54.22344
wrapping first mol.:       22.13663       31.30592       54.22344

 NSTEP =    19500   TIME(PS) =    6339.000  TEMP(K) =   297.77  PRESS =   -16.6
 Etot   =    -54675.0978  EKtot   =     13797.4404  EPtot      =    -68472.5383
 BOND   =       459.5050  ANGLE   =      1202.8988  DIHED      =      1862.5597
 1-4 NB =       589.0014  1-4 EEL =      8875.6882  VDWAALS    =      8196.1695
 EELEC  =    -89661.0610  EHBOND  =         0.0000  RESTRAINT  =         2.7000
 EAMBER (non-restraint)  =    -68475.2383
 EKCMT  =      5972.5794  VIRIAL  =      6053.2649  VOLUME     =    225463.8527
                                                    Density    =         1.0228
 ------------------------------------------------------------------------------

wrapping first mol.:       22.14641       31.31975       54.24739
wrapping first mol.:       22.14641       31.31975       54.24739

 NSTEP =    20000   TIME(PS) =    6340.000  TEMP(K) =   297.92  PRESS =   202.3
 Etot   =    -54545.3524  EKtot   =     13804.1973  EPtot      =    -68349.5496
 BOND   =       455.6635  ANGLE   =      1219.3283  DIHED      =      1864.3412
 1-4 NB =       569.2775  1-4 EEL =      8890.5829  VDWAALS    =      8361.6579
 EELEC  =    -89712.5862  EHBOND  =         0.0000  RESTRAINT  =         2.1853
 EAMBER (non-restraint)  =    -68351.7349
 EKCMT  =      5860.7660  VIRIAL  =      4874.6830  VOLUME     =    225758.3299
                                                    Density    =         1.0215
 ------------------------------------------------------------------------------

wrapping first mol.:       22.14243       31.31412       54.23765
wrapping first mol.:       22.14243       31.31412       54.23765

 NSTEP =    20500   TIME(PS) =    6341.000  TEMP(K) =   299.48  PRESS =  -241.8
 Etot   =    -54629.9649  EKtot   =     13876.3457  EPtot      =    -68506.3106
 BOND   =       429.5487  ANGLE   =      1220.5376  DIHED      =      1869.7765
 1-4 NB =       588.9725  1-4 EEL =      8912.7593  VDWAALS    =      7919.7875
 EELEC  =    -89450.0917  EHBOND  =         0.0000  RESTRAINT  =         2.3991
 EAMBER (non-restraint)  =    -68508.7097
 EKCMT  =      6021.9818  VIRIAL  =      7200.0595  VOLUME     =    225645.6141
                                                    Density    =         1.0220
 ------------------------------------------------------------------------------

wrapping first mol.:       22.12856       31.29451       54.20368
wrapping first mol.:       22.12856       31.29451       54.20368

 NSTEP =    21000   TIME(PS) =    6342.000  TEMP(K) =   300.67  PRESS =  -150.5
 Etot   =    -54365.7358  EKtot   =     13931.5234  EPtot      =    -68297.2593
 BOND   =       498.3393  ANGLE   =      1218.3616  DIHED      =      1886.6622
 1-4 NB =       571.0499  1-4 EEL =      8856.7343  VDWAALS    =      7880.1631
 EELEC  =    -89210.9044  EHBOND  =         0.0000  RESTRAINT  =         2.3347
 EAMBER (non-restraint)  =    -68299.5940
 EKCMT  =      6075.0336  VIRIAL  =      6806.7084  VOLUME     =    225220.0845
                                                    Density    =         1.0239
 ------------------------------------------------------------------------------

wrapping first mol.:       22.13961       31.31014       54.23075
wrapping first mol.:       22.13961       31.31014       54.23075

 NSTEP =    21500   TIME(PS) =    6343.000  TEMP(K) =   295.32  PRESS =    35.2
 Etot   =    -54704.8491  EKtot   =     13683.6543  EPtot      =    -68388.5034
 BOND   =       433.4399  ANGLE   =      1227.6892  DIHED      =      1874.5106
 1-4 NB =       588.7158  1-4 EEL =      8897.9730  VDWAALS    =      8153.8184
 EELEC  =    -89566.9837  EHBOND  =         0.0000  RESTRAINT  =         2.3335
 EAMBER (non-restraint)  =    -68390.8368
 EKCMT  =      5839.9552  VIRIAL  =      5668.3880  VOLUME     =    225553.9236
                                                    Density    =         1.0224
 ------------------------------------------------------------------------------

wrapping first mol.:       22.14907       31.32352       54.25392
wrapping first mol.:       22.14907       31.32352       54.25392

 NSTEP =    22000   TIME(PS) =    6344.000  TEMP(K) =   299.90  PRESS =    40.3
 Etot   =    -54424.5318  EKtot   =     13896.0020  EPtot      =    -68320.5338
 BOND   =       478.8746  ANGLE   =      1228.6119  DIHED      =      1875.0449
 1-4 NB =       585.2800  1-4 EEL =      8884.3998  VDWAALS    =      8174.4339
 EELEC  =    -89549.6091  EHBOND  =         0.0000  RESTRAINT  =         2.4302
 EAMBER (non-restraint)  =    -68322.9640
 EKCMT  =      6044.1319  VIRIAL  =      5847.4355  VOLUME     =    225843.0781
                                                    Density    =         1.0211
 ------------------------------------------------------------------------------

wrapping first mol.:       22.16010       31.33911       54.28093
wrapping first mol.:       22.16010       31.33911       54.28093

 NSTEP =    22500   TIME(PS) =    6345.000  TEMP(K) =   301.62  PRESS =   206.3
 Etot   =    -54304.7961  EKtot   =     13975.5332  EPtot      =    -68280.3293
 BOND   =       457.9994  ANGLE   =      1239.4586  DIHED      =      1862.5921
 1-4 NB =       580.5402  1-4 EEL =      8876.2317  VDWAALS    =      8190.7773
 EELEC  =    -89490.2359  EHBOND  =         0.0000  RESTRAINT  =         2.3074
 EAMBER (non-restraint)  =    -68282.6367
 EKCMT  =      6022.2853  VIRIAL  =      5014.9438  VOLUME     =    226177.2061
                                                    Density    =         1.0196
 ------------------------------------------------------------------------------

wrapping first mol.:       22.14665       31.32009       54.24798
wrapping first mol.:       22.14665       31.32009       54.24798

 NSTEP =    23000   TIME(PS) =    6346.000  TEMP(K) =   301.08  PRESS =   -96.1
 Etot   =    -54510.6116  EKtot   =     13950.5420  EPtot      =    -68461.1536
 BOND   =       418.7732  ANGLE   =      1212.9241  DIHED      =      1864.0745
 1-4 NB =       585.9863  1-4 EEL =      8839.6398  VDWAALS    =      8148.0048
 EELEC  =    -89533.1819  EHBOND  =         0.0000  RESTRAINT  =         2.6256
 EAMBER (non-restraint)  =    -68463.7792
 EKCMT  =      6119.2844  VIRIAL  =      6587.6936  VOLUME     =    225771.6167
                                                    Density    =         1.0214
 ------------------------------------------------------------------------------

wrapping first mol.:       22.13496       31.30356       54.21935
wrapping first mol.:       22.13496       31.30356       54.21935

 NSTEP =    23500   TIME(PS) =    6347.000  TEMP(K) =   299.80  PRESS =    92.2
 Etot   =    -54575.0438  EKtot   =     13891.3906  EPtot      =    -68466.4345
 BOND   =       439.3866  ANGLE   =      1254.6079  DIHED      =      1861.3833
 1-4 NB =       573.3764  1-4 EEL =      8870.5230  VDWAALS    =      8114.0528
 EELEC  =    -89581.5939  EHBOND  =         0.0000  RESTRAINT  =         1.8294
 EAMBER (non-restraint)  =    -68468.2639
 EKCMT  =      6006.0530  VIRIAL  =      5557.2637  VOLUME     =    225410.6397
                                                    Density    =         1.0230
 ------------------------------------------------------------------------------

wrapping first mol.:       22.14544       31.31838       54.24501
wrapping first mol.:       22.14544       31.31838       54.24501

 NSTEP =    24000   TIME(PS) =    6348.000  TEMP(K) =   298.28  PRESS =   220.8
 Etot   =    -54650.2351  EKtot   =     13820.9287  EPtot      =    -68471.1639
 BOND   =       439.4438  ANGLE   =      1214.2899  DIHED      =      1849.8711
 1-4 NB =       557.1564  1-4 EEL =      8872.2971  VDWAALS    =      8343.4365
 EELEC  =    -89749.9834  EHBOND  =         0.0000  RESTRAINT  =         2.3248
 EAMBER (non-restraint)  =    -68473.4887
 EKCMT  =      5951.9575  VIRIAL  =      4875.5912  VOLUME     =    225728.2385
                                                    Density    =         1.0216
 ------------------------------------------------------------------------------

wrapping first mol.:       22.13802       31.30789       54.22685
wrapping first mol.:       22.13802       31.30789       54.22685

 NSTEP =    24500   TIME(PS) =    6349.000  TEMP(K) =   299.66  PRESS =   240.6
 Etot   =    -54561.9461  EKtot   =     13884.7002  EPtot      =    -68446.6463
 BOND   =       433.4231  ANGLE   =      1169.7864  DIHED      =      1864.6084
 1-4 NB =       592.5196  1-4 EEL =      8896.6379  VDWAALS    =      8035.4762
 EELEC  =    -89441.4184  EHBOND  =         0.0000  RESTRAINT  =         2.3205
 EAMBER (non-restraint)  =    -68448.9668
 EKCMT  =      5950.3992  VIRIAL  =      4779.1276  VOLUME     =    225501.1323
                                                    Density    =         1.0226
 ------------------------------------------------------------------------------

wrapping first mol.:       22.15825       31.33649       54.27639
wrapping first mol.:       22.15825       31.33649       54.27639

 NSTEP =    25000   TIME(PS) =    6350.000  TEMP(K) =   302.20  PRESS =   225.4
 Etot   =    -54412.4481  EKtot   =     14002.6240  EPtot      =    -68415.0721
 BOND   =       458.6071  ANGLE   =      1267.5280  DIHED      =      1857.9657
 1-4 NB =       578.0381  1-4 EEL =      8858.3060  VDWAALS    =      8215.3941
 EELEC  =    -89652.8888  EHBOND  =         0.0000  RESTRAINT  =         1.9777
 EAMBER (non-restraint)  =    -68417.0498
 EKCMT  =      6053.3930  VIRIAL  =      4952.7997  VOLUME     =    226120.1352
                                                    Density    =         1.0198
 ------------------------------------------------------------------------------

wrapping first mol.:       22.16485       31.34583       54.29256
wrapping first mol.:       22.16485       31.34583       54.29256

 NSTEP =    25500   TIME(PS) =    6351.000  TEMP(K) =   297.06  PRESS =   -34.0
 Etot   =    -54662.7858  EKtot   =     13764.5449  EPtot      =    -68427.3307
 BOND   =       483.1040  ANGLE   =      1209.6444  DIHED      =      1873.0320
 1-4 NB =       579.6312  1-4 EEL =      8883.7758  VDWAALS    =      8145.3025
 EELEC  =    -89604.3057  EHBOND  =         0.0000  RESTRAINT  =         2.4851
 EAMBER (non-restraint)  =    -68429.8158
 EKCMT  =      5922.9454  VIRIAL  =      6089.2554  VOLUME     =    226327.4641
                                                    Density    =         1.0189
 ------------------------------------------------------------------------------

wrapping first mol.:       22.16589       31.34730       54.29512
wrapping first mol.:       22.16589       31.34730       54.29512

 NSTEP =    26000   TIME(PS) =    6352.000  TEMP(K) =   301.21  PRESS =    58.1
 Etot   =    -54790.1369  EKtot   =     13956.7598  EPtot      =    -68746.8967
 BOND   =       422.0633  ANGLE   =      1157.4369  DIHED      =      1867.2084
 1-4 NB =       572.5668  1-4 EEL =      8857.3077  VDWAALS    =      8060.2491
 EELEC  =    -89686.5868  EHBOND  =         0.0000  RESTRAINT  =         2.8580
 EAMBER (non-restraint)  =    -68749.7546
 EKCMT  =      6118.1523  VIRIAL  =      5834.0600  VOLUME     =    226357.6046
                                                    Density    =         1.0188
 ------------------------------------------------------------------------------

wrapping first mol.:       22.14205       31.31359       54.23672
wrapping first mol.:       22.14205       31.31359       54.23672

 NSTEP =    26500   TIME(PS) =    6353.000  TEMP(K) =   299.21  PRESS =  -173.4
 Etot   =    -54348.4049  EKtot   =     13863.9326  EPtot      =    -68212.3375
 BOND   =       453.0009  ANGLE   =      1239.2728  DIHED      =      1872.4038
 1-4 NB =       588.4509  1-4 EEL =      8887.6287  VDWAALS    =      7942.5527
 EELEC  =    -89198.2716  EHBOND  =         0.0000  RESTRAINT  =         2.6243
 EAMBER (non-restraint)  =    -68214.9618
 EKCMT  =      6014.4112  VIRIAL  =      6859.0351  VOLUME     =    225632.7221
                                                    Density    =         1.0220
 ------------------------------------------------------------------------------

wrapping first mol.:       22.14826       31.32237       54.25193
wrapping first mol.:       22.14826       31.32237       54.25193

 NSTEP =    27000   TIME(PS) =    6354.000  TEMP(K) =   300.23  PRESS =   184.5
 Etot   =    -54537.0085  EKtot   =     13911.4336  EPtot      =    -68448.4421
 BOND   =       434.8077  ANGLE   =      1226.8229  DIHED      =      1888.6616
 1-4 NB =       571.5620  1-4 EEL =      8852.5925  VDWAALS    =      8334.9678
 EELEC  =    -89760.2815  EHBOND  =         0.0000  RESTRAINT  =         2.4249
 EAMBER (non-restraint)  =    -68450.8670
 EKCMT  =      6041.0204  VIRIAL  =      5141.2466  VOLUME     =    225815.3459
                                                    Density    =         1.0212
 ------------------------------------------------------------------------------

wrapping first mol.:       22.15226       31.32803       54.26173
wrapping first mol.:       22.15226       31.32803       54.26173

 NSTEP =    27500   TIME(PS) =    6355.000  TEMP(K) =   300.35  PRESS =   105.3
 Etot   =    -54422.9700  EKtot   =     13916.8740  EPtot      =    -68339.8440
 BOND   =       460.7271  ANGLE   =      1229.6858  DIHED      =      1852.3348
 1-4 NB =       576.9307  1-4 EEL =      8896.8190  VDWAALS    =      8192.0933
 EELEC  =    -89550.8013  EHBOND  =         0.0000  RESTRAINT  =         2.3666
 EAMBER (non-restraint)  =    -68342.2106
 EKCMT  =      6110.2401  VIRIAL  =      5596.3104  VOLUME     =    225939.3058
                                                    Density    =         1.0206
 ------------------------------------------------------------------------------

wrapping first mol.:       22.14351       31.31565       54.24029
wrapping first mol.:       22.14351       31.31565       54.24029

 NSTEP =    28000   TIME(PS) =    6356.000  TEMP(K) =   299.18  PRESS =  -310.6
 Etot   =    -54830.2250  EKtot   =     13862.5752  EPtot      =    -68692.8002
 BOND   =       433.2152  ANGLE   =      1224.4266  DIHED      =      1873.9890
 1-4 NB =       575.9765  1-4 EEL =      8836.4674  VDWAALS    =      7971.8748
 EELEC  =    -89611.1279  EHBOND  =         0.0000  RESTRAINT  =         2.3784
 EAMBER (non-restraint)  =    -68695.1786
 EKCMT  =      6103.4306  VIRIAL  =      7616.7465  VOLUME     =    225679.9546
                                                    Density    =         1.0218
 ------------------------------------------------------------------------------

wrapping first mol.:       22.13296       31.30073       54.21445
wrapping first mol.:       22.13296       31.30073       54.21445

 NSTEP =    28500   TIME(PS) =    6357.000  TEMP(K) =   297.58  PRESS =   -67.6
 Etot   =    -54702.6394  EKtot   =     13788.5967  EPtot      =    -68491.2361
 BOND   =       450.6406  ANGLE   =      1245.8012  DIHED      =      1886.4463
 1-4 NB =       571.2597  1-4 EEL =      8861.7856  VDWAALS    =      8284.4087
 EELEC  =    -89794.2065  EHBOND  =         0.0000  RESTRAINT  =         2.6282
 EAMBER (non-restraint)  =    -68493.8643
 EKCMT  =      5923.7437  VIRIAL  =      6252.8137  VOLUME     =    225352.7674
                                                    Density    =         1.0233
 ------------------------------------------------------------------------------

wrapping first mol.:       22.14381       31.31607       54.24103
wrapping first mol.:       22.14381       31.31607       54.24103

 NSTEP =    29000   TIME(PS) =    6358.000  TEMP(K) =   300.32  PRESS =   171.6
 Etot   =    -54372.9432  EKtot   =     13915.2812  EPtot      =    -68288.2244
 BOND   =       438.2238  ANGLE   =      1255.4274  DIHED      =      1888.5598
 1-4 NB =       572.7365  1-4 EEL =      8833.7533  VDWAALS    =      8032.7289
 EELEC  =    -89312.2020  EHBOND  =         0.0000  RESTRAINT  =         2.5478
 EAMBER (non-restraint)  =    -68290.7723
 EKCMT  =      5957.9979  VIRIAL  =      5122.0815  VOLUME     =    225679.4673
                                                    Density    =         1.0218
 ------------------------------------------------------------------------------

wrapping first mol.:       22.15679       31.33444       54.27284
wrapping first mol.:       22.15679       31.33444       54.27284

 NSTEP =    29500   TIME(PS) =    6359.000  TEMP(K) =   301.67  PRESS =   193.8
 Etot   =    -54518.2027  EKtot   =     13978.1436  EPtot      =    -68496.3463
 BOND   =       435.3331  ANGLE   =      1239.3541  DIHED      =      1866.6917
 1-4 NB =       562.1962  1-4 EEL =      8879.5304  VDWAALS    =      8270.9159
 EELEC  =    -89752.7747  EHBOND  =         0.0000  RESTRAINT  =         2.4071
 EAMBER (non-restraint)  =    -68498.7534
 EKCMT  =      6094.3973  VIRIAL  =      5148.2832  VOLUME     =    226076.2967
                                                    Density    =         1.0200
 ------------------------------------------------------------------------------

wrapping first mol.:       22.14844       31.32263       54.25237
wrapping first mol.:       22.14844       31.32263       54.25237

 NSTEP =    30000   TIME(PS) =    6360.000  TEMP(K) =   300.76  PRESS =   240.2
 Etot   =    -54771.5811  EKtot   =     13936.0391  EPtot      =    -68707.6201
 BOND   =       429.8460  ANGLE   =      1217.8461  DIHED      =      1844.4580
 1-4 NB =       574.1878  1-4 EEL =      8879.7977  VDWAALS    =      8333.0625
 EELEC  =    -89989.6681  EHBOND  =         0.0000  RESTRAINT  =         2.8500
 EAMBER (non-restraint)  =    -68710.4701
 EKCMT  =      6086.2634  VIRIAL  =      4915.1294  VOLUME     =    225819.7593
                                                    Density    =         1.0212
 ------------------------------------------------------------------------------

wrapping first mol.:       22.15361       31.32994       54.26504
wrapping first mol.:       22.15361       31.32994       54.26504

 NSTEP =    30500   TIME(PS) =    6361.000  TEMP(K) =   299.62  PRESS =     6.7
 Etot   =    -54573.1983  EKtot   =     13883.2012  EPtot      =    -68456.3995
 BOND   =       457.4012  ANGLE   =      1243.4059  DIHED      =      1823.6057
 1-4 NB =       564.8319  1-4 EEL =      8843.3336  VDWAALS    =      8298.5386
 EELEC  =    -89690.1995  EHBOND  =         0.0000  RESTRAINT  =         2.6831
 EAMBER (non-restraint)  =    -68459.0826
 EKCMT  =      6022.7296  VIRIAL  =      5990.0571  VOLUME     =    225982.6617
                                                    Density    =         1.0204
 ------------------------------------------------------------------------------

wrapping first mol.:       22.15689       31.33457       54.27307
wrapping first mol.:       22.15689       31.33457       54.27307

 NSTEP =    31000   TIME(PS) =    6362.000  TEMP(K) =   296.84  PRESS =   276.3
 Etot   =    -54586.0801  EKtot   =     13754.3281  EPtot      =    -68340.4082
 BOND   =       462.4812  ANGLE   =      1203.3068  DIHED      =      1845.4558
 1-4 NB =       552.8403  1-4 EEL =      8873.1920  VDWAALS    =      8279.7053
 EELEC  =    -89559.9377  EHBOND  =         0.0000  RESTRAINT  =         2.5481
 EAMBER (non-restraint)  =    -68342.9563
 EKCMT  =      5980.3217  VIRIAL  =      4631.4588  VOLUME     =    226077.5680
                                                    Density    =         1.0200
 ------------------------------------------------------------------------------

wrapping first mol.:       22.15151       31.32697       54.25989
wrapping first mol.:       22.15151       31.32697       54.25989

 NSTEP =    31500   TIME(PS) =    6363.000  TEMP(K) =   299.67  PRESS =  -111.0
 Etot   =    -54550.1723  EKtot   =     13885.4609  EPtot      =    -68435.6332
 BOND   =       496.3377  ANGLE   =      1280.1539  DIHED      =      1832.0825
 1-4 NB =       565.9964  1-4 EEL =      8812.5444  VDWAALS    =      8018.6990
 EELEC  =    -89444.3397  EHBOND  =         0.0000  RESTRAINT  =         2.8926
 EAMBER (non-restraint)  =    -68438.5259
 EKCMT  =      6052.8653  VIRIAL  =      6594.1605  VOLUME     =    225920.7416
                                                    Density    =         1.0207
 ------------------------------------------------------------------------------

wrapping first mol.:       22.16143       31.34099       54.28419
wrapping first mol.:       22.16143       31.34099       54.28419

 NSTEP =    32000   TIME(PS) =    6364.000  TEMP(K) =   301.33  PRESS =   -47.7
 Etot   =    -54236.2618  EKtot   =     13962.4131  EPtot      =    -68198.6749
 BOND   =       445.1229  ANGLE   =      1218.9520  DIHED      =      1861.8729
 1-4 NB =       577.2216  1-4 EEL =      8892.4909  VDWAALS    =      8059.6140
 EELEC  =    -89257.2295  EHBOND  =         0.0000  RESTRAINT  =         3.2803
 EAMBER (non-restraint)  =    -68201.9553
 EKCMT  =      6040.6765  VIRIAL  =      6273.8882  VOLUME     =    226223.0411
                                                    Density    =         1.0194
 ------------------------------------------------------------------------------

wrapping first mol.:       22.13846       31.30851       54.22793
wrapping first mol.:       22.13846       31.30851       54.22793

 NSTEP =    32500   TIME(PS) =    6365.000  TEMP(K) =   301.00  PRESS =    29.4
 Etot   =    -54547.8159  EKtot   =     13946.9639  EPtot      =    -68494.7798
 BOND   =       446.4396  ANGLE   =      1226.7522  DIHED      =      1848.9478
 1-4 NB =       580.4005  1-4 EEL =      8864.8341  VDWAALS    =      8071.0884
 EELEC  =    -89536.7898  EHBOND  =         0.0000  RESTRAINT  =         3.5474
 EAMBER (non-restraint)  =    -68498.3272
 EKCMT  =      6087.8557  VIRIAL  =      5944.7750  VOLUME     =    225518.9078
                                                    Density    =         1.0225
 ------------------------------------------------------------------------------

wrapping first mol.:       22.14771       31.32160       54.25059
wrapping first mol.:       22.14771       31.32160       54.25059

 NSTEP =    33000   TIME(PS) =    6366.000  TEMP(K) =   302.20  PRESS =    86.9
 Etot   =    -54449.6841  EKtot   =     14002.7178  EPtot      =    -68452.4019
 BOND   =       477.8077  ANGLE   =      1241.7515  DIHED      =      1859.7714
 1-4 NB =       564.2132  1-4 EEL =      8844.0478  VDWAALS    =      8163.4436
 EELEC  =    -89606.9275  EHBOND  =         0.0000  RESTRAINT  =         3.4905
 EAMBER (non-restraint)  =    -68455.8923
 EKCMT  =      6046.4573  VIRIAL  =      5622.9636  VOLUME     =    225800.5832
                                                    Density    =         1.0213
 ------------------------------------------------------------------------------

wrapping first mol.:       22.14747       31.32125       54.24999
wrapping first mol.:       22.14747       31.32125       54.24999

 NSTEP =    33500   TIME(PS) =    6367.000  TEMP(K) =   300.93  PRESS =   181.1
 Etot   =    -54443.2292  EKtot   =     13943.9277  EPtot      =    -68387.1569
 BOND   =       464.7723  ANGLE   =      1248.7992  DIHED      =      1863.6250
 1-4 NB =       571.6825  1-4 EEL =      8850.5387  VDWAALS    =      8121.9000
 EELEC  =    -89512.0150  EHBOND  =         0.0000  RESTRAINT  =         3.5403
 EAMBER (non-restraint)  =    -68390.6972
 EKCMT  =      6023.3790  VIRIAL  =      5140.7389  VOLUME     =    225791.1964
                                                    Density    =         1.0213
 ------------------------------------------------------------------------------

wrapping first mol.:       22.15476       31.33156       54.26784
wrapping first mol.:       22.15476       31.33156       54.26784

 NSTEP =    34000   TIME(PS) =    6368.000  TEMP(K) =   301.23  PRESS =  -222.7
 Etot   =    -54450.9854  EKtot   =     13957.3779  EPtot      =    -68408.3633
 BOND   =       455.5531  ANGLE   =      1227.2194  DIHED      =      1890.6276
 1-4 NB =       583.0315  1-4 EEL =      8899.3873  VDWAALS    =      7898.6351
 EELEC  =    -89366.2367  EHBOND  =         0.0000  RESTRAINT  =         3.4194
 EAMBER (non-restraint)  =    -68411.7828
 EKCMT  =      6009.7945  VIRIAL  =      7096.4020  VOLUME     =    226022.3154
                                                    Density    =         1.0203
 ------------------------------------------------------------------------------

wrapping first mol.:       22.16222       31.34211       54.28612
wrapping first mol.:       22.16222       31.34211       54.28612

 NSTEP =    34500   TIME(PS) =    6369.000  TEMP(K) =   301.49  PRESS =    29.2
 Etot   =    -54444.2820  EKtot   =     13969.6699  EPtot      =    -68413.9519
 BOND   =       467.6373  ANGLE   =      1275.2392  DIHED      =      1869.9653
 1-4 NB =       557.9841  1-4 EEL =      8843.0589  VDWAALS    =      8152.2956
 EELEC  =    -89583.6093  EHBOND  =         0.0000  RESTRAINT  =         3.4770
 EAMBER (non-restraint)  =    -68417.4289
 EKCMT  =      6067.9208  VIRIAL  =      5925.3247  VOLUME     =    226245.6620
                                                    Density    =         1.0193
 ------------------------------------------------------------------------------

wrapping first mol.:       22.15058       31.32565       54.25761
wrapping first mol.:       22.15058       31.32565       54.25761

 NSTEP =    35000   TIME(PS) =    6370.000  TEMP(K) =   299.44  PRESS =   258.2
 Etot   =    -54557.5393  EKtot   =     13874.7266  EPtot      =    -68432.2658
 BOND   =       463.5747  ANGLE   =      1268.9951  DIHED      =      1847.7588
 1-4 NB =       572.0687  1-4 EEL =      8845.9745  VDWAALS    =      8322.2658
 EELEC  =    -89756.3668  EHBOND  =         0.0000  RESTRAINT  =         3.4634
 EAMBER (non-restraint)  =    -68435.7293
 EKCMT  =      6035.7635  VIRIAL  =      4776.4333  VOLUME     =    225884.8028
                                                    Density    =         1.0209
 ------------------------------------------------------------------------------

wrapping first mol.:       22.16875       31.35134       54.30212
wrapping first mol.:       22.16875       31.35134       54.30212

 NSTEP =    35500   TIME(PS) =    6371.000  TEMP(K) =   296.52  PRESS =   241.5
 Etot   =    -54584.3330  EKtot   =     13739.3711  EPtot      =    -68323.7041
 BOND   =       439.2009  ANGLE   =      1199.9610  DIHED      =      1867.8804
 1-4 NB =       574.7069  1-4 EEL =      8875.7084  VDWAALS    =      8172.1373
 EELEC  =    -89457.3378  EHBOND  =         0.0000  RESTRAINT  =         4.0388
 EAMBER (non-restraint)  =    -68327.7429
 EKCMT  =      5961.7025  VIRIAL  =      4781.0563  VOLUME     =    226441.4423
                                                    Density    =         1.0184
 ------------------------------------------------------------------------------

wrapping first mol.:       22.16888       31.35154       54.30245
wrapping first mol.:       22.16888       31.35154       54.30245

 NSTEP =    36000   TIME(PS) =    6372.000  TEMP(K) =   301.13  PRESS =   110.3
 Etot   =    -54207.3496  EKtot   =     13952.8037  EPtot      =    -68160.1533
 BOND   =       451.0680  ANGLE   =      1229.4381  DIHED      =      1884.0539
 1-4 NB =       562.5914  1-4 EEL =      8805.2833  VDWAALS    =      8079.9384
 EELEC  =    -89177.4209  EHBOND  =         0.0000  RESTRAINT  =         4.8946
 EAMBER (non-restraint)  =    -68165.0479
 EKCMT  =      6043.0969  VIRIAL  =      5503.6976  VOLUME     =    226448.2637
                                                    Density    =         1.0183
 ------------------------------------------------------------------------------

wrapping first mol.:       22.15853       31.33689       54.27708
wrapping first mol.:       22.15853       31.33689       54.27708

 NSTEP =    36500   TIME(PS) =    6373.000  TEMP(K) =   303.23  PRESS =  -326.7
 Etot   =    -54334.9471  EKtot   =     14050.1553  EPtot      =    -68385.1024
 BOND   =       475.0333  ANGLE   =      1229.7607  DIHED      =      1862.3176
 1-4 NB =       566.3073  1-4 EEL =      8833.4283  VDWAALS    =      7982.1380
 EELEC  =    -89339.6437  EHBOND  =         0.0000  RESTRAINT  =         5.5561
 EAMBER (non-restraint)  =    -68390.6585
 EKCMT  =      6059.3450  VIRIAL  =      7654.7304  VOLUME     =    226139.7894
                                                    Density    =         1.0197
 ------------------------------------------------------------------------------

wrapping first mol.:       22.15909       31.33768       54.27846
wrapping first mol.:       22.15909       31.33768       54.27846

 NSTEP =    37000   TIME(PS) =    6374.000  TEMP(K) =   302.14  PRESS =   168.8
 Etot   =    -54156.7562  EKtot   =     13999.9043  EPtot      =    -68156.6605
 BOND   =       470.8495  ANGLE   =      1211.0571  DIHED      =      1867.6946
 1-4 NB =       576.0100  1-4 EEL =      8864.9929  VDWAALS    =      8216.2106
 EELEC  =    -89369.0973  EHBOND  =         0.0000  RESTRAINT  =         5.6219
 EAMBER (non-restraint)  =    -68162.2825
 EKCMT  =      6073.4241  VIRIAL  =      5249.3570  VOLUME     =    226147.0717
                                                    Density    =         1.0197
 ------------------------------------------------------------------------------

wrapping first mol.:       22.16234       31.34228       54.28641
wrapping first mol.:       22.16234       31.34228       54.28641

 NSTEP =    37500   TIME(PS) =    6375.000  TEMP(K) =   299.22  PRESS =   -79.6
 Etot   =    -54648.5096  EKtot   =     13864.6133  EPtot      =    -68513.1229
 BOND   =       451.2345  ANGLE   =      1154.7494  DIHED      =      1845.5315
 1-4 NB =       581.3322  1-4 EEL =      8884.3800  VDWAALS    =      8234.6507
 EELEC  =    -89670.4486  EHBOND  =         0.0000  RESTRAINT  =         5.4474
 EAMBER (non-restraint)  =    -68518.5702
 EKCMT  =      6045.9524  VIRIAL  =      6434.8234  VOLUME     =    226251.5317
                                                    Density    =         1.0192
 ------------------------------------------------------------------------------

wrapping first mol.:       22.17365       31.35828       54.31412
wrapping first mol.:       22.17365       31.35828       54.31412

 NSTEP =    38000   TIME(PS) =    6376.000  TEMP(K) =   300.48  PRESS =   200.0
 Etot   =    -54555.8628  EKtot   =     13922.8125  EPtot      =    -68478.6753
 BOND   =       422.4501  ANGLE   =      1201.9731  DIHED      =      1850.4322
 1-4 NB =       574.8619  1-4 EEL =      8851.5006  VDWAALS    =      8369.1509
 EELEC  =    -89754.4320  EHBOND  =         0.0000  RESTRAINT  =         5.3879
 EAMBER (non-restraint)  =    -68484.0632
 EKCMT  =      6063.1197  VIRIAL  =      5084.6688  VOLUME     =    226592.5203
                                                    Density    =         1.0177
 ------------------------------------------------------------------------------

wrapping first mol.:       22.15636       31.33382       54.27176
wrapping first mol.:       22.15636       31.33382       54.27176

 NSTEP =    38500   TIME(PS) =    6377.000  TEMP(K) =   297.13  PRESS =   -78.6
 Etot   =    -54412.2163  EKtot   =     13767.4932  EPtot      =    -68179.7095
 BOND   =       481.4492  ANGLE   =      1258.1179  DIHED      =      1869.1414
 1-4 NB =       565.4062  1-4 EEL =      8825.2079  VDWAALS    =      8081.1644
 EELEC  =    -89265.4310  EHBOND  =         0.0000  RESTRAINT  =         5.2346
 EAMBER (non-restraint)  =    -68184.9441
 EKCMT  =      6012.5930  VIRIAL  =      6396.3848  VOLUME     =    226068.4041
                                                    Density    =         1.0201
 ------------------------------------------------------------------------------

wrapping first mol.:       22.15554       31.33267       54.26977
wrapping first mol.:       22.15554       31.33267       54.26977

 NSTEP =    39000   TIME(PS) =    6378.000  TEMP(K) =   298.95  PRESS =   141.5
 Etot   =    -54545.6355  EKtot   =     13851.9434  EPtot      =    -68397.5789
 BOND   =       438.7323  ANGLE   =      1227.3381  DIHED      =      1857.2038
 1-4 NB =       574.9625  1-4 EEL =      8881.5654  VDWAALS    =      8308.7500
 EELEC  =    -89691.0698  EHBOND  =         0.0000  RESTRAINT  =         4.9390
 EAMBER (non-restraint)  =    -68402.5178
 EKCMT  =      6046.7435  VIRIAL  =      5356.0472  VOLUME     =    226039.0335
                                                    Density    =         1.0202
 ------------------------------------------------------------------------------

wrapping first mol.:       22.17131       31.35497       54.30839
wrapping first mol.:       22.17131       31.35497       54.30839

 NSTEP =    39500   TIME(PS) =    6379.000  TEMP(K) =   297.44  PRESS =  -143.2
 Etot   =    -54690.6379  EKtot   =     13781.8779  EPtot      =    -68472.5158
 BOND   =       461.1809  ANGLE   =      1166.7384  DIHED      =      1876.3466
 1-4 NB =       569.1724  1-4 EEL =      8866.3363  VDWAALS    =      7982.8884
 EELEC  =    -89400.7610  EHBOND  =         0.0000  RESTRAINT  =         5.5822
 EAMBER (non-restraint)  =    -68478.0980
 EKCMT  =      6037.1028  VIRIAL  =      6737.4657  VOLUME     =    226527.7473
                                                    Density    =         1.0180
 ------------------------------------------------------------------------------

wrapping first mol.:       22.16371       31.34421       54.28977
wrapping first mol.:       22.16371       31.34421       54.28977

 NSTEP =    40000   TIME(PS) =    6380.000  TEMP(K) =   299.27  PRESS =  -389.7
 Etot   =    -54448.3035  EKtot   =     13866.6982  EPtot      =    -68315.0018
 BOND   =       454.2486  ANGLE   =      1243.5318  DIHED      =      1857.7468
 1-4 NB =       575.1619  1-4 EEL =      8856.9191  VDWAALS    =      7871.0652
 EELEC  =    -89179.5236  EHBOND  =         0.0000  RESTRAINT  =         5.8484
 EAMBER (non-restraint)  =    -68320.8501
 EKCMT  =      5942.4569  VIRIAL  =      7846.5964  VOLUME     =    226299.7115
                                                    Density    =         1.0190
 ------------------------------------------------------------------------------

wrapping first mol.:       22.17474       31.35982       54.31679
wrapping first mol.:       22.17474       31.35982       54.31679

 NSTEP =    40500   TIME(PS) =    6381.000  TEMP(K) =   299.23  PRESS =  -353.6
 Etot   =    -54389.9915  EKtot   =     13865.0791  EPtot      =    -68255.0706
 BOND   =       453.7005  ANGLE   =      1220.4816  DIHED      =      1848.0277
 1-4 NB =       586.6215  1-4 EEL =      8879.7052  VDWAALS    =      7972.9575
 EELEC  =    -89221.7233  EHBOND  =         0.0000  RESTRAINT  =         5.1588
 EAMBER (non-restraint)  =    -68260.2294
 EKCMT  =      6027.2396  VIRIAL  =      7757.5599  VOLUME     =    226637.1398
                                                    Density    =         1.0175
 ------------------------------------------------------------------------------

wrapping first mol.:       22.16402       31.34466       54.29054
wrapping first mol.:       22.16402       31.34466       54.29054

 NSTEP =    41000   TIME(PS) =    6382.000  TEMP(K) =   302.31  PRESS =  -116.6
 Etot   =    -54189.1519  EKtot   =     14007.7168  EPtot      =    -68196.8687
 BOND   =       474.4129  ANGLE   =      1158.2167  DIHED      =      1880.9337
 1-4 NB =       561.0320  1-4 EEL =      8877.7039  VDWAALS    =      8028.7318
 EELEC  =    -89182.9083  EHBOND  =         0.0000  RESTRAINT  =         5.0087
 EAMBER (non-restraint)  =    -68201.8774
 EKCMT  =      6051.4511  VIRIAL  =      6620.9542  VOLUME     =    226303.8478
                                                    Density    =         1.0190
 ------------------------------------------------------------------------------

wrapping first mol.:       22.17489       31.36003       54.31716
wrapping first mol.:       22.17489       31.36003       54.31716

 NSTEP =    41500   TIME(PS) =    6383.000  TEMP(K) =   302.01  PRESS =   200.2
 Etot   =    -54311.2137  EKtot   =     13993.7236  EPtot      =    -68304.9373
 BOND   =       431.2646  ANGLE   =      1211.7636  DIHED      =      1860.5734
 1-4 NB =       582.3061  1-4 EEL =      8899.4551  VDWAALS    =      8235.1697
 EELEC  =    -89530.4871  EHBOND  =         0.0000  RESTRAINT  =         5.0174
 EAMBER (non-restraint)  =    -68309.9546
 EKCMT  =      6051.5468  VIRIAL  =      5071.9113  VOLUME     =    226630.5408
                                                    Density    =         1.0175
 ------------------------------------------------------------------------------

wrapping first mol.:       22.16877       31.35137       54.30216
wrapping first mol.:       22.16877       31.35137       54.30216

 NSTEP =    42000   TIME(PS) =    6384.000  TEMP(K) =   298.63  PRESS =    82.1
 Etot   =    -54601.1070  EKtot   =     13837.2061  EPtot      =    -68438.3131
 BOND   =       499.8235  ANGLE   =      1235.7613  DIHED      =      1857.3537
 1-4 NB =       570.8724  1-4 EEL =      8862.1083  VDWAALS    =      8123.7118
 EELEC  =    -89592.5278  EHBOND  =         0.0000  RESTRAINT  =         4.5838
 EAMBER (non-restraint)  =    -68442.8969
 EKCMT  =      6038.8390  VIRIAL  =      5637.2958  VOLUME     =    226445.2469
                                                    Density    =         1.0184
 ------------------------------------------------------------------------------

wrapping first mol.:       22.16550       31.34675       54.29416
wrapping first mol.:       22.16550       31.34675       54.29416

 NSTEP =    42500   TIME(PS) =    6385.000  TEMP(K) =   302.52  PRESS =   -48.7
 Etot   =    -54368.5232  EKtot   =     14017.2363  EPtot      =    -68385.7595
 BOND   =       448.7908  ANGLE   =      1207.7544  DIHED      =      1858.3816
 1-4 NB =       552.3595  1-4 EEL =      8831.0697  VDWAALS    =      8072.5278
 EELEC  =    -89361.5549  EHBOND  =         0.0000  RESTRAINT  =         4.9117
 EAMBER (non-restraint)  =    -68390.6712
 EKCMT  =      6128.1754  VIRIAL  =      6366.2525  VOLUME     =    226347.8203
                                                    Density    =         1.0188
 ------------------------------------------------------------------------------

wrapping first mol.:       22.16430       31.34505       54.29121
wrapping first mol.:       22.16430       31.34505       54.29121

 NSTEP =    43000   TIME(PS) =    6386.000  TEMP(K) =   302.15  PRESS =  -116.9
 Etot   =    -54224.2807  EKtot   =     14000.3926  EPtot      =    -68224.6733
 BOND   =       470.4619  ANGLE   =      1190.3425  DIHED      =      1884.2271
 1-4 NB =       570.7124  1-4 EEL =      8867.8101  VDWAALS    =      8049.3220
 EELEC  =    -89262.2308  EHBOND  =         0.0000  RESTRAINT  =         4.6815
 EAMBER (non-restraint)  =    -68229.3548
 EKCMT  =      6075.3146  VIRIAL  =      6646.2987  VOLUME     =    226312.2810
                                                    Density    =         1.0190
 ------------------------------------------------------------------------------

wrapping first mol.:       22.15880       31.33728       54.27776
wrapping first mol.:       22.15880       31.33728       54.27776

 NSTEP =    43500   TIME(PS) =    6387.000  TEMP(K) =   300.12  PRESS =   -61.4
 Etot   =    -54538.3012  EKtot   =     13906.0352  EPtot      =    -68444.3363
 BOND   =       470.0063  ANGLE   =      1197.9010  DIHED      =      1864.3212
 1-4 NB =       566.8536  1-4 EEL =      8847.5395  VDWAALS    =      8180.0580
 EELEC  =    -89575.5099  EHBOND  =         0.0000  RESTRAINT  =         4.4939
 EAMBER (non-restraint)  =    -68448.8303
 EKCMT  =      6047.4455  VIRIAL  =      6347.2869  VOLUME     =    226142.9607
                                                    Density    =         1.0197
 ------------------------------------------------------------------------------

wrapping first mol.:       22.16238       31.34234       54.28653
wrapping first mol.:       22.16238       31.34234       54.28653

 NSTEP =    44000   TIME(PS) =    6388.000  TEMP(K) =   302.46  PRESS =   175.8
 Etot   =    -54262.9305  EKtot   =     14014.4863  EPtot      =    -68277.4168
 BOND   =       442.1473  ANGLE   =      1202.0032  DIHED      =      1851.1229
 1-4 NB =       572.4400  1-4 EEL =      8918.9471  VDWAALS    =      8165.0436
 EELEC  =    -89434.5658  EHBOND  =         0.0000  RESTRAINT  =         5.4449
 EAMBER (non-restraint)  =    -68282.8617
 EKCMT  =      6116.9824  VIRIAL  =      5258.0670  VOLUME     =    226247.8124
                                                    Density    =         1.0193
 ------------------------------------------------------------------------------

wrapping first mol.:       22.16925       31.35206       54.30335
wrapping first mol.:       22.16925       31.35206       54.30335

 NSTEP =    44500   TIME(PS) =    6389.000  TEMP(K) =   302.91  PRESS =   -87.4
 Etot   =    -54525.9872  EKtot   =     14035.2871  EPtot      =    -68561.2743
 BOND   =       433.9156  ANGLE   =      1224.9693  DIHED      =      1866.8357
 1-4 NB =       546.7928  1-4 EEL =      8833.5388  VDWAALS    =      8384.6816
 EELEC  =    -89857.7028  EHBOND  =         0.0000  RESTRAINT  =         5.6947
 EAMBER (non-restraint)  =    -68566.9690
 EKCMT  =      6058.4989  VIRIAL  =      6485.7612  VOLUME     =    226463.5271
                                                    Density    =         1.0183
 ------------------------------------------------------------------------------

wrapping first mol.:       22.17835       31.36492       54.32562
wrapping first mol.:       22.17835       31.36492       54.32562

 NSTEP =    45000   TIME(PS) =    6390.000  TEMP(K) =   297.83  PRESS =  -148.3
 Etot   =    -54480.7768  EKtot   =     13799.9902  EPtot      =    -68280.7670
 BOND   =       469.9940  ANGLE   =      1246.4186  DIHED      =      1868.9522
 1-4 NB =       581.7378  1-4 EEL =      8910.8797  VDWAALS    =      8000.4881
 EELEC  =    -89364.9237  EHBOND  =         0.0000  RESTRAINT  =         5.6863
 EAMBER (non-restraint)  =    -68286.4533
 EKCMT  =      6007.8919  VIRIAL  =      6733.7404  VOLUME     =    226743.5370
                                                    Density    =         1.0170
 ------------------------------------------------------------------------------

wrapping first mol.:       22.16529       31.34645       54.29363
wrapping first mol.:       22.16529       31.34645       54.29363

 NSTEP =    45500   TIME(PS) =    6391.000  TEMP(K) =   298.08  PRESS =    38.9
 Etot   =    -54490.7526  EKtot   =     13811.4844  EPtot      =    -68302.2369
 BOND   =       428.9740  ANGLE   =      1226.7875  DIHED      =      1851.2745
 1-4 NB =       566.1370  1-4 EEL =      8891.6812  VDWAALS    =      8122.7741
 EELEC  =    -89395.2183  EHBOND  =         0.0000  RESTRAINT  =         5.3532
 EAMBER (non-restraint)  =    -68307.5901
 EKCMT  =      6019.0573  VIRIAL  =      5828.9852  VOLUME     =    226339.4384
                                                    Density    =         1.0188
 ------------------------------------------------------------------------------

wrapping first mol.:       22.16514       31.34624       54.29327
wrapping first mol.:       22.16514       31.34624       54.29327

 NSTEP =    46000   TIME(PS) =    6392.000  TEMP(K) =   297.85  PRESS =  -101.8
 Etot   =    -54531.7571  EKtot   =     13801.0557  EPtot      =    -68332.8128
 BOND   =       438.7603  ANGLE   =      1217.6550  DIHED      =      1876.9521
 1-4 NB =       584.9182  1-4 EEL =      8929.3618  VDWAALS    =      8089.9056
 EELEC  =    -89476.0233  EHBOND  =         0.0000  RESTRAINT  =         5.6575
 EAMBER (non-restraint)  =    -68338.4703
 EKCMT  =      5935.0900  VIRIAL  =      6432.3606  VOLUME     =    226337.7491
                                                    Density    =         1.0188
 ------------------------------------------------------------------------------

wrapping first mol.:       22.17035       31.35361       54.30603
wrapping first mol.:       22.17035       31.35361       54.30603

 NSTEP =    46500   TIME(PS) =    6393.000  TEMP(K) =   300.86  PRESS =    25.8
 Etot   =    -54475.7261  EKtot   =     13940.3369  EPtot      =    -68416.0630
 BOND   =       454.7791  ANGLE   =      1251.8481  DIHED      =      1868.6701
 1-4 NB =       560.8038  1-4 EEL =      8874.5013  VDWAALS    =      8301.8857
 EELEC  =    -89734.4488  EHBOND  =         0.0000  RESTRAINT  =         5.8976
 EAMBER (non-restraint)  =    -68421.9607
 EKCMT  =      6070.6090  VIRIAL  =      5944.5679  VOLUME     =    226494.8250
                                                    Density    =         1.0181
 ------------------------------------------------------------------------------

wrapping first mol.:       22.16000       31.33897       54.28068
wrapping first mol.:       22.16000       31.33897       54.28068

 NSTEP =    47000   TIME(PS) =    6394.000  TEMP(K) =   299.19  PRESS =  -206.3
 Etot   =    -54499.0058  EKtot   =     13862.8799  EPtot      =    -68361.8857
 BOND   =       467.6177  ANGLE   =      1186.5683  DIHED      =      1843.1968
 1-4 NB =       573.5641  1-4 EEL =      8899.8940  VDWAALS    =      8130.5068
 EELEC  =    -89469.0391  EHBOND  =         0.0000  RESTRAINT  =         5.8057
 EAMBER (non-restraint)  =    -68367.6914
 EKCMT  =      5955.4465  VIRIAL  =      6963.1251  VOLUME     =    226182.3680
                                                    Density    =         1.0195
 ------------------------------------------------------------------------------

wrapping first mol.:       22.14054       31.31145       54.23302
wrapping first mol.:       22.14054       31.31145       54.23302

 NSTEP =    47500   TIME(PS) =    6395.000  TEMP(K) =   299.39  PRESS =   126.9
 Etot   =    -54661.9644  EKtot   =     13872.5693  EPtot      =    -68534.5337
 BOND   =       475.6126  ANGLE   =      1258.9469  DIHED      =      1855.1487
 1-4 NB =       561.0093  1-4 EEL =      8861.5594  VDWAALS    =      8011.8490
 EELEC  =    -89565.4195  EHBOND  =         0.0000  RESTRAINT  =         6.7598
 EAMBER (non-restraint)  =    -68541.2935
 EKCMT  =      5996.5395  VIRIAL  =      5378.2486  VOLUME     =    225580.4567
                                                    Density    =         1.0223
 ------------------------------------------------------------------------------

wrapping first mol.:       22.12953       31.29588       54.20605
wrapping first mol.:       22.12953       31.29588       54.20605

 NSTEP =    48000   TIME(PS) =    6396.000  TEMP(K) =   299.15  PRESS =   -88.6
 Etot   =    -54481.5094  EKtot   =     13861.1484  EPtot      =    -68342.6578
 BOND   =       457.2333  ANGLE   =      1235.7857  DIHED      =      1863.4712
 1-4 NB =       579.3539  1-4 EEL =      8891.9818  VDWAALS    =      8096.1558
 EELEC  =    -89473.3618  EHBOND  =         0.0000  RESTRAINT  =         6.7222
 EAMBER (non-restraint)  =    -68349.3800
 EKCMT  =      6014.4140  VIRIAL  =      6445.4104  VOLUME     =    225248.3495
                                                    Density    =         1.0238
 ------------------------------------------------------------------------------

wrapping first mol.:       22.13529       31.30403       54.22017
wrapping first mol.:       22.13529       31.30403       54.22017

 NSTEP =    48500   TIME(PS) =    6397.000  TEMP(K) =   297.50  PRESS =  -227.8
 Etot   =    -54752.5523  EKtot   =     13784.7861  EPtot      =    -68537.3384
 BOND   =       450.4906  ANGLE   =      1206.9581  DIHED      =      1849.9799
 1-4 NB =       573.4831  1-4 EEL =      8901.1401  VDWAALS    =      8107.2343
 EELEC  =    -89633.1136  EHBOND  =         0.0000  RESTRAINT  =         6.4891
 EAMBER (non-restraint)  =    -68543.8275
 EKCMT  =      6034.8084  VIRIAL  =      7143.3745  VOLUME     =    225427.2252
                                                    Density    =         1.0230
 ------------------------------------------------------------------------------

wrapping first mol.:       22.13436       31.30271       54.21787
wrapping first mol.:       22.13436       31.30271       54.21787

 NSTEP =    49000   TIME(PS) =    6398.000  TEMP(K) =   298.78  PRESS =   107.8
 Etot   =    -54600.1179  EKtot   =     13843.9932  EPtot      =    -68444.1110
 BOND   =       462.4606  ANGLE   =      1157.2361  DIHED      =      1881.3067
 1-4 NB =       574.7487  1-4 EEL =      8895.7313  VDWAALS    =      8146.4597
 EELEC  =    -89568.0618  EHBOND  =         0.0000  RESTRAINT  =         6.0077
 EAMBER (non-restraint)  =    -68450.1187
 EKCMT  =      6047.0295  VIRIAL  =      5522.3628  VOLUME     =    225391.8870
                                                    Density    =         1.0231
 ------------------------------------------------------------------------------

wrapping first mol.:       22.13513       31.30380       54.21977
wrapping first mol.:       22.13513       31.30380       54.21977

 NSTEP =    49500   TIME(PS) =    6399.000  TEMP(K) =   301.43  PRESS =   -37.1
 Etot   =    -54381.6838  EKtot   =     13966.9033  EPtot      =    -68348.5872
 BOND   =       471.0753  ANGLE   =      1186.0520  DIHED      =      1868.6704
 1-4 NB =       574.0892  1-4 EEL =      8888.2717  VDWAALS    =      8084.6421
 EELEC  =    -89426.4516  EHBOND  =         0.0000  RESTRAINT  =         5.0637
 EAMBER (non-restraint)  =    -68353.6509
 EKCMT  =      6062.4560  VIRIAL  =      6243.0802  VOLUME     =    225418.4007
                                                    Density    =         1.0230
 ------------------------------------------------------------------------------

wrapping first mol.:       22.14327       31.31532       54.23971
wrapping first mol.:       22.14327       31.31532       54.23971

 NSTEP =    50000   TIME(PS) =    6400.000  TEMP(K) =   299.53  PRESS =   221.2
 Etot   =    -54326.2788  EKtot   =     13878.8281  EPtot      =    -68205.1069
 BOND   =       466.6507  ANGLE   =      1225.2860  DIHED      =      1898.4094
 1-4 NB =       568.7471  1-4 EEL =      8868.8651  VDWAALS    =      8226.6781
 EELEC  =    -89464.9866  EHBOND  =         0.0000  RESTRAINT  =         5.2433
 EAMBER (non-restraint)  =    -68210.3502
 EKCMT  =      6107.1519  VIRIAL  =      5029.3356  VOLUME     =    225662.0689
                                                    Density    =         1.0219
 ------------------------------------------------------------------------------


      A V E R A G E S   O V E R     100 S T E P S


 NSTEP =    50000   TIME(PS) =    6400.000  TEMP(K) =   299.89  PRESS =    11.8
 Etot   =    -54499.3081  EKtot   =     13895.6553  EPtot      =    -68394.9633
 BOND   =       455.7044  ANGLE   =      1221.9062  DIHED      =      1863.1540
 1-4 NB =       573.9457  1-4 EEL =      8869.9085  VDWAALS    =      8135.4846
 EELEC  =    -89518.3938  EHBOND  =         0.0000  RESTRAINT  =         3.3271
 EAMBER (non-restraint)  =    -68398.2904
 EKCMT  =      6031.3281  VIRIAL  =      5973.9364  VOLUME     =    226053.1382
                                                    Density    =         1.0201
 ------------------------------------------------------------------------------


      R M S  F L U C T U A T I O N S


 NSTEP =    50000   TIME(PS) =    6400.000  TEMP(K) =     1.80  PRESS =   178.1
 Etot   =       163.0218  EKtot   =        83.2144  EPtot      =       134.3901
 BOND   =        18.8391  ANGLE   =        28.0326  DIHED      =        16.0341
 1-4 NB =        10.1358  1-4 EEL =        25.5983  VDWAALS    =       126.6166
 EELEC  =       194.6304  EHBOND  =         0.0000  RESTRAINT  =         1.4898
 EAMBER (non-restraint)  =       132.9003
 EKCMT  =        57.8932  VIRIAL  =       865.4851  VOLUME     =       385.1314
                                                    Density    =         0.0017
 ------------------------------------------------------------------------------

--------------------------------------------------------------------------------
   5.  TIMINGS
--------------------------------------------------------------------------------

|  NonSetup CPU Time in Major Routines:
|
|     Routine           Sec        %
|     ------------------------------
|     Nonbond          33.94   72.07
|     Bond              0.00    0.00
|     Angle             0.00    0.00
|     Dihedral          0.00    0.00
|     Shake             0.30    0.64
|     RunMD            12.80   27.17
|     Other             0.05    0.11
|     ------------------------------
|     Total            47.09

|  PME Nonbond Pairlist CPU Time:
|
|     Routine              Sec        %
|     ---------------------------------
|     Set Up Cit           0.00    0.00
|     Build List           0.00    0.00
|     ---------------------------------
|     Total                0.00    0.00

|  PME Direct Force CPU Time:
|
|     Routine              Sec        %
|     ---------------------------------
|     NonBonded Calc       0.00    0.00
|     Exclude Masked       0.00    0.00
|     Other                0.03    0.06
|     ---------------------------------
|     Total                0.03    0.06

|  PME Reciprocal Force CPU Time:
|
|     Routine              Sec        %
|     ---------------------------------
|     1D bspline           0.00    0.00
|     Grid Charges         0.00    0.00
|     Scalar Sum           0.00    0.00
|     Gradient Sum         0.00    0.00
|     FFT                  0.00    0.00
|     ---------------------------------
|     Total                0.00    0.00

|  Final Performance Info:
|     -----------------------------------------------------
|     Average timings for last   49500 steps:
|     Elapsed(s) =      46.83 Per Step(ms) =       0.95
|         ns/day =     182.66   seconds/ns =     473.00
|
|     Average timings for all steps:
|     Elapsed(s) =      47.30 Per Step(ms) =       0.95
|         ns/day =     182.66   seconds/ns =     473.01
|     -----------------------------------------------------

|  Setup CPU time:            0.51 seconds
|  NonSetup CPU time:        47.09 seconds
|  Total CPU time:           47.61 seconds     0.01 hours

|  Setup wall time:           0    seconds
|  NonSetup wall time:       48    seconds
|  Total wall time:          48    seconds     0.01 hours
