
          -------------------------------------------------------
          Amber 18 PMEMD                              2018
          -------------------------------------------------------

| PMEMD implementation of SANDER, Release 18

| Run on 09/29/2019 at 23:09:13

|   Executable path: pmemd.cuda
| Working directory: /home/pbarletta/lbp/run/4xcp/mhe/e
|          Hostname: Unknown
  [-O]verwriting output

File Assignments:
|   MDIN: 71equ.in                                                              
|  MDOUT: 71equ.out                                                             
| INPCRD: 70e4xcp.rst7                                                          
|   PARM: /home/pbarletta/lbp/top_files/4xcp.prmtop                             
| RESTRT: 71e4xcp.rst7                                                          
|   REFC: 70e4xcp.rst7                                                          
|  MDVEL: mdvel                                                                 
|   MDEN: mden                                                                  
|  MDCRD: 71e4xcp.nc                                                            
| MDINFO: mdinfo                                                                
|  MDFRC: mdfrc                                                                 


 Here is the input file:

Equilibration with solute restrictions                                         
&cntrl                                                                         
imin = 0,                           ! No Minimization                          
nmropt = 0,                         ! No NMR restraints read                   
                                                                               
! Nature and format of the input                                               
ntx = 5,                            ! Coordinates but no velocities will be rea
irest = 1,                          ! Do not run a new simulation              
                                                                               
! Nature and format of the output                                              
ntxo = 1,                           ! rstrt file in ASCII format               
ntpr = 500,                         ! inf in output every ntpr steps           
ntwr = 500,                         ! rstrt file every ntwr steps              
ntwx = 500,                         ! mdcrd file every ntwx steps              
ntwv = 0,                           ! mdvel without velocities                 
ntwe = 0,                           ! Do not write energies and temperatures   
idecomp = 0,                        ! No energy decomposition                  
iwrap = 1,                          ! Coordinates of the restart and mdcrd file
                                                                               
! Frozen or restrained atoms                                                   
ibelly = 0,                         ! No frozen atoms                          
ntr=1,                              ! Harmonic potential restraints            
restraint_wt = 0.0010,                ! The weight for the positional restraint
restraintmask = ':1-131@N,CA,C,O',  ! restrained residues                      
                                                                               
! Molecular dynamics                                                           
nstlim = 50000,                     ! Number of MD-steps                       
dt = 0.002,                         ! Time step                                
                                                                               
! Temperature regulation                                                       
ntt = 3,                            ! Langevin thermostat                      
gamma_ln = 5,                       ! Gamma constant for Langevin              
temp0 = 300.0,                      ! Reference T at which the system is to be 
tempi = 300.0,                      ! Initial T                                
ig = -1,                            ! Seed for the RNG                         
                                                                               
! P and V regulation                                                           
ntp = 1,                            ! constant P                               
barostat = 1,                       ! Berendsen barostat                       
taup = 1,                           ! Pressure relaxation time                 
ntb = 2,                            ! Periodic box for constant P              
                                                                               
! SHAKE variables                                                              
ntc = 2,                            ! Bonds involving H are constrained        
ntf = 2,                            ! Bond interaction involving H are ommited.
                                                                               
cut = 10.0,                         ! Nonbonded cutoff                         
/                                                                              
&end                                                                           


Note: ig = -1. Setting random seed to   769235 based on wallclock time in 
      microseconds.
| irandom = 1, using AMBER's internal random number generator (default).
 
|--------------------- INFORMATION ----------------------
| GPU (CUDA) Version of PMEMD in use: NVIDIA GPU IN USE.
|                    Version 18.0.0
| 
|                      03/25/2018
| 
| Implementation by:
|                    Ross C. Walker     (SDSC)
|                    Scott Le Grand     (nVIDIA)
| 
| Version 18 performance extensions by:
|                    David Cerutti     (Rutgers)
| 
| Precision model in use:
|      [SPFP] - Single Precision Forces, 64-bit Fixed Point
|               Accumulation. (Default)
| 
|--------------------------------------------------------
 
|----------------- CITATION INFORMATION -----------------
|
|    When publishing work that utilized the CUDA version
|    of AMBER, please cite the following in addition to
|    the regular AMBER citations:
|
|  - Romelia Salomon-Ferrer; Andreas W. Goetz; Duncan
|    Poole; Scott Le Grand; Ross C. Walker "Routine
|    microsecond molecular dynamics simulations with
|    AMBER - Part II: Particle Mesh Ewald", J. Chem.
|    Theory Comput., 2013, 9 (9), pp3878-3888,
|    DOI: 10.1021/ct400314y.
|
|  - Andreas W. Goetz; Mark J. Williamson; Dong Xu;
|    Duncan Poole; Scott Le Grand; Ross C. Walker
|    "Routine microsecond molecular dynamics simulations
|    with AMBER - Part I: Generalized Born", J. Chem.
|    Theory Comput., 2012, 8 (5), pp1542-1555.
|
|  - Scott Le Grand; Andreas W. Goetz; Ross C. Walker
|    "SPFP: Speed without compromise - a mixed precision
|    model for GPU accelerated molecular dynamics
|    simulations.", Comp. Phys. Comm., 2013, 184
|    pp374-380, DOI: 10.1016/j.cpc.2012.09.022
|
|--------------------------------------------------------
 
|------------------- GPU DEVICE INFO --------------------
|
|            CUDA_VISIBLE_DEVICES: 0
|   CUDA Capable Devices Detected:      1
|           CUDA Device ID in use:      0
|                CUDA Device Name: GeForce GTX 1080 Ti
|     CUDA Device Global Mem Size:  11178 MB
| CUDA Device Num Multiprocessors:     28
|           CUDA Device Core Freq:   1.72 GHz
|
|--------------------------------------------------------
 
 
| Conditional Compilation Defines Used:
| PUBFFT
| BINTRAJ
| CUDA
| EMIL

| Largest sphere to fit in unit cell has radius =    27.142

| New format PARM file being parsed.
| Version =    1.000 Date = 04/14/18 Time = 19:54:59

| Note: 1-4 EEL scale factors are being read from the topology file.

| Note: 1-4 VDW scale factors are being read from the topology file.
| Duplicated    0 dihedrals

| Duplicated    0 dihedrals

--------------------------------------------------------------------------------
   1.  RESOURCE   USE: 
--------------------------------------------------------------------------------

 getting new box info from bottom of inpcrd
 NATOM  =   22707 NTYPES =      17 NBONH =   21487 MBONA  =    1237
 NTHETH =    2916 MTHETA =    1649 NPHIH =    5625 MPHIA  =    5085
 NHPARM =       0 NPARM  =       0 NNB   =   40734 NRES   =    6902
 NBONA  =    1237 NTHETA =    1649 NPHIA =    5085 NUMBND =      64
 NUMANG =     139 NPTRA  =     166 NATYP =      37 NPHB   =       1
 IFBOX  =       2 NMXRS  =      50 IFCAP =       0 NEXTRA =       0
 NCOPY  =       0

| Coordinate Index Table dimensions:    10   10   10
| Direct force subcell size =     6.6485    6.6485    6.6485

     BOX TYPE: TRUNCATED OCTAHEDRON

--------------------------------------------------------------------------------
   2.  CONTROL  DATA  FOR  THE  RUN
--------------------------------------------------------------------------------

default_name                                                                    

General flags:
     imin    =       0, nmropt  =       0

Nature and format of input:
     ntx     =       5, irest   =       1, ntrx    =       1

Nature and format of output:
     ntxo    =       1, ntpr    =     500, ntrx    =       1, ntwr    =     500
     iwrap   =       1, ntwx    =     500, ntwv    =       0, ntwe    =       0
     ioutfm  =       1, ntwprt  =       0, idecomp =       0, rbornstat=      0

Potential function:
     ntf     =       2, ntb     =       2, igb     =       0, nsnb    =      25
     ipol    =       0, gbsa    =       0, iesp    =       0
     dielc   =   1.00000, cut     =  10.00000, intdiel =   1.00000

Frozen or restrained atoms:
     ibelly  =       0, ntr     =       1
     restraint_wt =   0.00100

Molecular dynamics:
     nstlim  =     50000, nscm    =         0, nrespa  =         1
     t       =   0.00000, dt      =   0.00200, vlimit  =  -1.00000

Langevin dynamics temperature regulation:
     ig      =  769235
     temp0   = 300.00000, tempi   = 300.00000, gamma_ln=   5.00000

Pressure regulation:
     ntp     =       1
     pres0   =   1.00000, comp    =  44.60000, taup    =   1.00000

SHAKE:
     ntc     =       2, jfastw  =       0
     tol     =   0.00001

| Intermolecular bonds treatment:
|     no_intermolecular_bonds =       1

| Energy averages sample interval:
|     ene_avg_sampling =     500

Ewald parameters:
     verbose =       0, ew_type =       0, nbflag  =       1, use_pme =       1
     vdwmeth =       1, eedmeth =       1, netfrc  =       1
     Box X =   66.485   Box Y =   66.485   Box Z =   66.485
     Alpha =  109.471   Beta  =  109.471   Gamma =  109.471
     NFFT1 =   64       NFFT2 =   64       NFFT3 =   64
     Cutoff=   10.000   Tol   =0.100E-04
     Ewald Coefficient =  0.27511
     Interpolation order =    4

    LOADING THE CONSTRAINED ATOMS AS GROUPS


   5.  REFERENCE ATOM COORDINATES

  default_name                                                                    
     Mask :1-131@N,CA,C,O; matches   524 atoms

--------------------------------------------------------------------------------
   3.  ATOMIC COORDINATES AND VELOCITIES
--------------------------------------------------------------------------------

default_name                                                                    
 begin time read from input coords =  7400.000 ps

 
 Number of triangulated 3-point waters found:     6742

     Sum of charges from parm topology file =  -0.00100007
     Forcing neutrality...

| Dynamic Memory, Types Used:
| Reals             1110941
| Integers           905820

| Nonbonded Pairs Initial Allocation:     6868299

| GPU memory information (estimate):
| KB of GPU memory in use:         0
| KB of CPU memory in use:         0

--------------------------------------------------------------------------------
   4.  RESULTS
--------------------------------------------------------------------------------

wrapping first mol.:       22.15638       31.33385       54.27182
wrapping first mol.:       22.15638       31.33385       54.27182

 NSTEP =      500   TIME(PS) =    7401.000  TEMP(K) =   302.60  PRESS =    40.5
 Etot   =    -54236.9542  EKtot   =     14020.9385  EPtot      =    -68257.8927
 BOND   =       472.8977  ANGLE   =      1235.9091  DIHED      =      1863.4703
 1-4 NB =       573.8536  1-4 EEL =      8887.5253  VDWAALS    =      8125.0533
 EELEC  =    -89416.7156  EHBOND  =         0.0000  RESTRAINT  =         0.1136
 EAMBER (non-restraint)  =    -68258.0063
 EKCMT  =      6107.1951  VIRIAL  =      5909.5894  VOLUME     =    226066.7119
                                                    Density    =         1.0201
 ------------------------------------------------------------------------------

wrapping first mol.:       22.15524       31.33225       54.26904
wrapping first mol.:       22.15524       31.33225       54.26904

 NSTEP =     1000   TIME(PS) =    7402.000  TEMP(K) =   298.29  PRESS =  -179.8
 Etot   =    -54617.7033  EKtot   =     13821.5498  EPtot      =    -68439.2531
 BOND   =       443.6402  ANGLE   =      1205.7987  DIHED      =      1878.3821
 1-4 NB =       579.5890  1-4 EEL =      8866.8320  VDWAALS    =      7992.2925
 EELEC  =    -89405.9209  EHBOND  =         0.0000  RESTRAINT  =         0.1332
 EAMBER (non-restraint)  =    -68439.3864
 EKCMT  =      5971.7220  VIRIAL  =      6849.2040  VOLUME     =    226036.3707
                                                    Density    =         1.0202
 ------------------------------------------------------------------------------

wrapping first mol.:       22.16184       31.34157       54.28519
wrapping first mol.:       22.16184       31.34157       54.28519

 NSTEP =     1500   TIME(PS) =    7403.000  TEMP(K) =   298.98  PRESS =   117.6
 Etot   =    -54446.9668  EKtot   =     13853.3682  EPtot      =    -68300.3350
 BOND   =       466.7711  ANGLE   =      1217.9507  DIHED      =      1853.7881
 1-4 NB =       581.0368  1-4 EEL =      8851.5988  VDWAALS    =      8017.9423
 EELEC  =    -89289.6018  EHBOND  =         0.0000  RESTRAINT  =         0.1791
 EAMBER (non-restraint)  =    -68300.5140
 EKCMT  =      6004.5418  VIRIAL  =      5430.2914  VOLUME     =    226232.2823
                                                    Density    =         1.0193
 ------------------------------------------------------------------------------

wrapping first mol.:       22.16692       31.34875       54.29763
wrapping first mol.:       22.16692       31.34875       54.29763

 NSTEP =     2000   TIME(PS) =    7404.000  TEMP(K) =   295.54  PRESS =   -53.7
 Etot   =    -54802.4369  EKtot   =     13694.0254  EPtot      =    -68496.4623
 BOND   =       448.6647  ANGLE   =      1209.3904  DIHED      =      1867.7811
 1-4 NB =       571.5687  1-4 EEL =      8876.5176  VDWAALS    =      8141.3450
 EELEC  =    -89611.9044  EHBOND  =         0.0000  RESTRAINT  =         0.1746
 EAMBER (non-restraint)  =    -68496.6369
 EKCMT  =      6024.8848  VIRIAL  =      6287.2340  VOLUME     =    226391.2391
                                                    Density    =         1.0186
 ------------------------------------------------------------------------------

wrapping first mol.:       22.17680       31.36273       54.32183
wrapping first mol.:       22.17680       31.36273       54.32183

 NSTEP =     2500   TIME(PS) =    7405.000  TEMP(K) =   299.79  PRESS =  -131.1
 Etot   =    -54520.9980  EKtot   =     13890.9375  EPtot      =    -68411.9355
 BOND   =       488.5056  ANGLE   =      1192.1145  DIHED      =      1853.5733
 1-4 NB =       565.6284  1-4 EEL =      8845.4319  VDWAALS    =      8142.2041
 EELEC  =    -89499.6538  EHBOND  =         0.0000  RESTRAINT  =         0.2606
 EAMBER (non-restraint)  =    -68412.1961
 EKCMT  =      6082.7097  VIRIAL  =      6724.3371  VOLUME     =    226695.7193
                                                    Density    =         1.0172
 ------------------------------------------------------------------------------

wrapping first mol.:       22.16491       31.34591       54.29271
wrapping first mol.:       22.16491       31.34591       54.29271

 NSTEP =     3000   TIME(PS) =    7406.000  TEMP(K) =   297.60  PRESS =   341.0
 Etot   =    -54920.2944  EKtot   =     13789.1855  EPtot      =    -68709.4800
 BOND   =       483.6514  ANGLE   =      1181.1343  DIHED      =      1841.2347
 1-4 NB =       571.8077  1-4 EEL =      8841.2382  VDWAALS    =      8407.0280
 EELEC  =    -90035.9075  EHBOND  =         0.0000  RESTRAINT  =         0.3331
 EAMBER (non-restraint)  =    -68709.8131
 EKCMT  =      6056.2604  VIRIAL  =      4389.8530  VOLUME     =    226321.8024
                                                    Density    =         1.0189
 ------------------------------------------------------------------------------

wrapping first mol.:       22.17204       31.35600       54.31018
wrapping first mol.:       22.17204       31.35600       54.31018

 NSTEP =     3500   TIME(PS) =    7407.000  TEMP(K) =   301.85  PRESS =  -130.4
 Etot   =    -54611.9008  EKtot   =     13986.2432  EPtot      =    -68598.1440
 BOND   =       438.0562  ANGLE   =      1211.5898  DIHED      =      1843.9421
 1-4 NB =       569.3659  1-4 EEL =      8885.2069  VDWAALS    =      8258.1684
 EELEC  =    -89804.7714  EHBOND  =         0.0000  RESTRAINT  =         0.2981
 EAMBER (non-restraint)  =    -68598.4421
 EKCMT  =      6024.2766  VIRIAL  =      6662.2894  VOLUME     =    226549.8212
                                                    Density    =         1.0179
 ------------------------------------------------------------------------------

wrapping first mol.:       22.16879       31.35141       54.30223
wrapping first mol.:       22.16879       31.35141       54.30223

 NSTEP =     4000   TIME(PS) =    7408.000  TEMP(K) =   300.35  PRESS =  -285.1
 Etot   =    -54774.5425  EKtot   =     13916.6250  EPtot      =    -68691.1675
 BOND   =       427.2566  ANGLE   =      1198.1937  DIHED      =      1859.6189
 1-4 NB =       569.5984  1-4 EEL =      8875.1691  VDWAALS    =      8121.0887
 EELEC  =    -89742.3977  EHBOND  =         0.0000  RESTRAINT  =         0.3047
 EAMBER (non-restraint)  =    -68691.4722
 EKCMT  =      5989.8303  VIRIAL  =      7383.6122  VOLUME     =    226453.4460
                                                    Density    =         1.0183
 ------------------------------------------------------------------------------

wrapping first mol.:       22.15839       31.33669       54.27674
wrapping first mol.:       22.15839       31.33669       54.27674

 NSTEP =     4500   TIME(PS) =    7409.000  TEMP(K) =   296.39  PRESS =   -85.1
 Etot   =    -54751.8798  EKtot   =     13733.1074  EPtot      =    -68484.9872
 BOND   =       463.7013  ANGLE   =      1254.6480  DIHED      =      1872.2926
 1-4 NB =       575.5109  1-4 EEL =      8898.7217  VDWAALS    =      7997.4189
 EELEC  =    -89547.5885  EHBOND  =         0.0000  RESTRAINT  =         0.3081
 EAMBER (non-restraint)  =    -68485.2953
 EKCMT  =      5957.7947  VIRIAL  =      6373.2127  VOLUME     =    226130.6579
                                                    Density    =         1.0198
 ------------------------------------------------------------------------------

wrapping first mol.:       22.14973       31.32444       54.25552
wrapping first mol.:       22.14973       31.32444       54.25552

 NSTEP =     5000   TIME(PS) =    7410.000  TEMP(K) =   299.42  PRESS =   398.3
 Etot   =    -54695.1846  EKtot   =     13873.8691  EPtot      =    -68569.0537
 BOND   =       518.4369  ANGLE   =      1230.1720  DIHED      =      1847.4800
 1-4 NB =       563.4180  1-4 EEL =      8855.0078  VDWAALS    =      8460.6429
 EELEC  =    -90044.5240  EHBOND  =         0.0000  RESTRAINT  =         0.3127
 EAMBER (non-restraint)  =    -68569.3665
 EKCMT  =      6090.9439  VIRIAL  =      4148.7006  VOLUME     =    225855.8672
                                                    Density    =         1.0210
 ------------------------------------------------------------------------------

wrapping first mol.:       22.15168       31.32720       54.26030
wrapping first mol.:       22.15168       31.32720       54.26030

 NSTEP =     5500   TIME(PS) =    7411.000  TEMP(K) =   304.81  PRESS =   -46.1
 Etot   =    -54166.7125  EKtot   =     14123.5254  EPtot      =    -68290.2379
 BOND   =       444.9721  ANGLE   =      1238.5323  DIHED      =      1858.7222
 1-4 NB =       561.9166  1-4 EEL =      8876.5226  VDWAALS    =      8280.0643
 EELEC  =    -89551.3140  EHBOND  =         0.0000  RESTRAINT  =         0.3460
 EAMBER (non-restraint)  =    -68290.5839
 EKCMT  =      6131.3721  VIRIAL  =      6356.0361  VOLUME     =    225924.4895
                                                    Density    =         1.0207
 ------------------------------------------------------------------------------

wrapping first mol.:       22.14825       31.32236       54.25191
wrapping first mol.:       22.14825       31.32236       54.25191

 NSTEP =     6000   TIME(PS) =    7412.000  TEMP(K) =   303.40  PRESS =    31.1
 Etot   =    -54303.6869  EKtot   =     14058.2148  EPtot      =    -68361.9017
 BOND   =       483.8045  ANGLE   =      1235.3891  DIHED      =      1876.9562
 1-4 NB =       565.3994  1-4 EEL =      8845.3904  VDWAALS    =      8085.1864
 EELEC  =    -89454.3743  EHBOND  =         0.0000  RESTRAINT  =         0.3466
 EAMBER (non-restraint)  =    -68362.2483
 EKCMT  =      6095.4134  VIRIAL  =      5943.6486  VOLUME     =    225818.2205
                                                    Density    =         1.0212
 ------------------------------------------------------------------------------

wrapping first mol.:       22.16743       31.34949       54.29890
wrapping first mol.:       22.16743       31.34949       54.29890

 NSTEP =     6500   TIME(PS) =    7413.000  TEMP(K) =   299.39  PRESS =   115.2
 Etot   =    -54477.2466  EKtot   =     13872.1621  EPtot      =    -68349.4087
 BOND   =       462.4154  ANGLE   =      1240.5634  DIHED      =      1879.6528
 1-4 NB =       570.6177  1-4 EEL =      8848.4134  VDWAALS    =      8244.8538
 EELEC  =    -89596.2817  EHBOND  =         0.0000  RESTRAINT  =         0.3565
 EAMBER (non-restraint)  =    -68349.7652
 EKCMT  =      6056.4848  VIRIAL  =      5493.3250  VOLUME     =    226403.7233
                                                    Density    =         1.0185
 ------------------------------------------------------------------------------

wrapping first mol.:       22.16676       31.34854       54.29725
wrapping first mol.:       22.16676       31.34854       54.29725

 NSTEP =     7000   TIME(PS) =    7414.000  TEMP(K) =   300.09  PRESS =   -64.8
 Etot   =    -54283.7715  EKtot   =     13904.7334  EPtot      =    -68188.5049
 BOND   =       470.4917  ANGLE   =      1217.9251  DIHED      =      1853.1985
 1-4 NB =       554.3808  1-4 EEL =      8845.2225  VDWAALS    =      8152.2324
 EELEC  =    -89282.2705  EHBOND  =         0.0000  RESTRAINT  =         0.3146
 EAMBER (non-restraint)  =    -68188.8195
 EKCMT  =      6041.5051  VIRIAL  =      6358.1786  VOLUME     =    226386.7735
                                                    Density    =         1.0186
 ------------------------------------------------------------------------------

wrapping first mol.:       22.16204       31.34186       54.28569
wrapping first mol.:       22.16204       31.34186       54.28569

 NSTEP =     7500   TIME(PS) =    7415.000  TEMP(K) =   302.99  PRESS =  -109.3
 Etot   =    -54323.7730  EKtot   =     14039.3438  EPtot      =    -68363.1167
 BOND   =       495.0958  ANGLE   =      1236.5069  DIHED      =      1839.9234
 1-4 NB =       558.6038  1-4 EEL =      8824.7483  VDWAALS    =      7950.0640
 EELEC  =    -89268.4727  EHBOND  =         0.0000  RESTRAINT  =         0.4138
 EAMBER (non-restraint)  =    -68363.5306
 EKCMT  =      6176.4506  VIRIAL  =      6710.2572  VOLUME     =    226243.0299
                                                    Density    =         1.0193
 ------------------------------------------------------------------------------

wrapping first mol.:       22.15523       31.33222       54.26900
wrapping first mol.:       22.15523       31.33222       54.26900

 NSTEP =     8000   TIME(PS) =    7416.000  TEMP(K) =   302.40  PRESS =   -34.6
 Etot   =    -54414.7056  EKtot   =     14011.8760  EPtot      =    -68426.5816
 BOND   =       457.3504  ANGLE   =      1231.0891  DIHED      =      1860.1784
 1-4 NB =       564.1810  1-4 EEL =      8849.6877  VDWAALS    =      8079.7618
 EELEC  =    -89469.1637  EHBOND  =         0.0000  RESTRAINT  =         0.3337
 EAMBER (non-restraint)  =    -68426.9153
 EKCMT  =      6121.6879  VIRIAL  =      6290.3586  VOLUME     =    226032.9554
                                                    Density    =         1.0202
 ------------------------------------------------------------------------------

wrapping first mol.:       22.15024       31.32517       54.25678
wrapping first mol.:       22.15024       31.32517       54.25678

 NSTEP =     8500   TIME(PS) =    7417.000  TEMP(K) =   300.49  PRESS =  -111.3
 Etot   =    -54584.5194  EKtot   =     13923.3281  EPtot      =    -68507.8475
 BOND   =       455.7573  ANGLE   =      1220.2259  DIHED      =      1846.8557
 1-4 NB =       580.2187  1-4 EEL =      8857.8418  VDWAALS    =      8051.1561
 EELEC  =    -89520.2895  EHBOND  =         0.0000  RESTRAINT  =         0.3865
 EAMBER (non-restraint)  =    -68508.2340
 EKCMT  =      6080.5209  VIRIAL  =      6623.4262  VOLUME     =    225881.9013
                                                    Density    =         1.0209
 ------------------------------------------------------------------------------

wrapping first mol.:       22.15646       31.33397       54.27202
wrapping first mol.:       22.15646       31.33397       54.27202

 NSTEP =     9000   TIME(PS) =    7418.000  TEMP(K) =   299.34  PRESS =   243.3
 Etot   =    -54420.9402  EKtot   =     13869.8340  EPtot      =    -68290.7742
 BOND   =       470.9885  ANGLE   =      1243.2620  DIHED      =      1850.9214
 1-4 NB =       558.7261  1-4 EEL =      8854.0322  VDWAALS    =      8075.4076
 EELEC  =    -89344.4191  EHBOND  =         0.0000  RESTRAINT  =         0.3070
 EAMBER (non-restraint)  =    -68291.0813
 EKCMT  =      5928.5014  VIRIAL  =      4741.1803  VOLUME     =    226065.1320
                                                    Density    =         1.0201
 ------------------------------------------------------------------------------

wrapping first mol.:       22.16028       31.33937       54.28138
wrapping first mol.:       22.16028       31.33937       54.28138

 NSTEP =     9500   TIME(PS) =    7419.000  TEMP(K) =   297.62  PRESS =    17.7
 Etot   =    -54595.3242  EKtot   =     13790.3105  EPtot      =    -68385.6348
 BOND   =       441.7010  ANGLE   =      1231.6786  DIHED      =      1856.0882
 1-4 NB =       576.6068  1-4 EEL =      8829.2619  VDWAALS    =      8120.3920
 EELEC  =    -89441.7286  EHBOND  =         0.0000  RESTRAINT  =         0.3654
 EAMBER (non-restraint)  =    -68386.0002
 EKCMT  =      5955.1309  VIRIAL  =      5868.4654  VOLUME     =    226186.6839
                                                    Density    =         1.0195
 ------------------------------------------------------------------------------

wrapping first mol.:       22.16959       31.35253       54.30418
wrapping first mol.:       22.16959       31.35253       54.30418

 NSTEP =    10000   TIME(PS) =    7420.000  TEMP(K) =   303.13  PRESS =    -0.2
 Etot   =    -54443.7535  EKtot   =     14045.5098  EPtot      =    -68489.2633
 BOND   =       435.9093  ANGLE   =      1197.7041  DIHED      =      1863.3551
 1-4 NB =       577.8089  1-4 EEL =      8910.2894  VDWAALS    =      8095.0743
 EELEC  =    -89569.8028  EHBOND  =         0.0000  RESTRAINT  =         0.3983
 EAMBER (non-restraint)  =    -68489.6616
 EKCMT  =      6055.5928  VIRIAL  =      6056.7982  VOLUME     =    226472.1314
                                                    Density    =         1.0182
 ------------------------------------------------------------------------------

wrapping first mol.:       22.16241       31.34237       54.28658
wrapping first mol.:       22.16241       31.34237       54.28658

 NSTEP =    10500   TIME(PS) =    7421.000  TEMP(K) =   298.06  PRESS =   100.0
 Etot   =    -54379.3272  EKtot   =     13810.6562  EPtot      =    -68189.9835
 BOND   =       469.1251  ANGLE   =      1191.1788  DIHED      =      1897.7335
 1-4 NB =       572.2794  1-4 EEL =      8824.5261  VDWAALS    =      8241.1748
 EELEC  =    -89386.3900  EHBOND  =         0.0000  RESTRAINT  =         0.3888
 EAMBER (non-restraint)  =    -68190.3723
 EKCMT  =      5957.9868  VIRIAL  =      5469.4904  VOLUME     =    226250.0097
                                                    Density    =         1.0192
 ------------------------------------------------------------------------------

wrapping first mol.:       22.16323       31.34354       54.28859
wrapping first mol.:       22.16323       31.34354       54.28859

 NSTEP =    11000   TIME(PS) =    7422.000  TEMP(K) =   299.76  PRESS =    -5.2
 Etot   =    -54490.7063  EKtot   =     13889.5801  EPtot      =    -68380.2864
 BOND   =       443.5747  ANGLE   =      1190.1569  DIHED      =      1884.3516
 1-4 NB =       584.1143  1-4 EEL =      8841.0440  VDWAALS    =      7939.4533
 EELEC  =    -89263.2889  EHBOND  =         0.0000  RESTRAINT  =         0.3077
 EAMBER (non-restraint)  =    -68380.5941
 EKCMT  =      6118.7307  VIRIAL  =      6143.9242  VOLUME     =    226277.3080
                                                    Density    =         1.0191
 ------------------------------------------------------------------------------

wrapping first mol.:       22.14847       31.32267       54.25245
wrapping first mol.:       22.14847       31.32267       54.25245

 NSTEP =    11500   TIME(PS) =    7423.000  TEMP(K) =   299.06  PRESS =    14.9
 Etot   =    -54565.0599  EKtot   =     13856.8516  EPtot      =    -68421.9115
 BOND   =       472.7153  ANGLE   =      1241.3044  DIHED      =      1868.4776
 1-4 NB =       562.0238  1-4 EEL =      8846.9594  VDWAALS    =      8127.1813
 EELEC  =    -89540.9276  EHBOND  =         0.0000  RESTRAINT  =         0.3544
 EAMBER (non-restraint)  =    -68422.2658
 EKCMT  =      6028.6909  VIRIAL  =      5955.7987  VOLUME     =    225825.2477
                                                    Density    =         1.0212
 ------------------------------------------------------------------------------

wrapping first mol.:       22.14605       31.31924       54.24651
wrapping first mol.:       22.14605       31.31924       54.24651

 NSTEP =    12000   TIME(PS) =    7424.000  TEMP(K) =   301.47  PRESS =   -98.2
 Etot   =    -54465.5742  EKtot   =     13968.7285  EPtot      =    -68434.3027
 BOND   =       446.9646  ANGLE   =      1237.4001  DIHED      =      1847.4330
 1-4 NB =       579.5426  1-4 EEL =      8879.4191  VDWAALS    =      8105.3620
 EELEC  =    -89530.7378  EHBOND  =         0.0000  RESTRAINT  =         0.3137
 EAMBER (non-restraint)  =    -68434.6165
 EKCMT  =      6050.8158  VIRIAL  =      6529.5738  VOLUME     =    225753.3352
                                                    Density    =         1.0215
 ------------------------------------------------------------------------------

wrapping first mol.:       22.16534       31.34653       54.29377
wrapping first mol.:       22.16534       31.34653       54.29377

 NSTEP =    12500   TIME(PS) =    7425.000  TEMP(K) =   302.51  PRESS =   149.5
 Etot   =    -54310.6206  EKtot   =     14016.9990  EPtot      =    -68327.6196
 BOND   =       442.1303  ANGLE   =      1209.3662  DIHED      =      1869.1785
 1-4 NB =       566.5453  1-4 EEL =      8858.4804  VDWAALS    =      8143.0801
 EELEC  =    -89416.6841  EHBOND  =         0.0000  RESTRAINT  =         0.2836
 EAMBER (non-restraint)  =    -68327.9033
 EKCMT  =      6121.0913  VIRIAL  =      5390.4546  VOLUME     =    226338.9261
                                                    Density    =         1.0188
 ------------------------------------------------------------------------------

wrapping first mol.:       22.16272       31.34282       54.28735
wrapping first mol.:       22.16272       31.34282       54.28735

 NSTEP =    13000   TIME(PS) =    7426.000  TEMP(K) =   300.02  PRESS =   -29.9
 Etot   =    -54566.2656  EKtot   =     13901.5264  EPtot      =    -68467.7919
 BOND   =       441.8655  ANGLE   =      1212.0441  DIHED      =      1854.8044
 1-4 NB =       562.0665  1-4 EEL =      8892.6371  VDWAALS    =      8184.2678
 EELEC  =    -89615.7840  EHBOND  =         0.0000  RESTRAINT  =         0.3067
 EAMBER (non-restraint)  =    -68468.0986
 EKCMT  =      6106.3998  VIRIAL  =      6252.7024  VOLUME     =    226262.2190
                                                    Density    =         1.0192
 ------------------------------------------------------------------------------

wrapping first mol.:       22.16315       31.34343       54.28841
wrapping first mol.:       22.16315       31.34343       54.28841

 NSTEP =    13500   TIME(PS) =    7427.000  TEMP(K) =   302.30  PRESS =  -155.9
 Etot   =    -54377.2198  EKtot   =     14007.1475  EPtot      =    -68384.3673
 BOND   =       476.3024  ANGLE   =      1211.5702  DIHED      =      1825.3639
 1-4 NB =       573.2361  1-4 EEL =      8874.8111  VDWAALS    =      8047.2803
 EELEC  =    -89393.2941  EHBOND  =         0.0000  RESTRAINT  =         0.3628
 EAMBER (non-restraint)  =    -68384.7300
 EKCMT  =      6115.0117  VIRIAL  =      6876.4452  VOLUME     =    226278.0010
                                                    Density    =         1.0191
 ------------------------------------------------------------------------------

wrapping first mol.:       22.15139       31.32680       54.25960
wrapping first mol.:       22.15139       31.32680       54.25960

 NSTEP =    14000   TIME(PS) =    7428.000  TEMP(K) =   300.44  PRESS =  -104.8
 Etot   =    -54488.8205  EKtot   =     13920.7705  EPtot      =    -68409.5910
 BOND   =       446.3177  ANGLE   =      1193.8930  DIHED      =      1835.7227
 1-4 NB =       557.5053  1-4 EEL =      8838.3537  VDWAALS    =      8153.5944
 EELEC  =    -89435.3309  EHBOND  =         0.0000  RESTRAINT  =         0.3531
 EAMBER (non-restraint)  =    -68409.9441
 EKCMT  =      6078.2825  VIRIAL  =      6589.3808  VOLUME     =    225916.9357
                                                    Density    =         1.0207
 ------------------------------------------------------------------------------

wrapping first mol.:       22.16427       31.34502       54.29115
wrapping first mol.:       22.16427       31.34502       54.29115

 NSTEP =    14500   TIME(PS) =    7429.000  TEMP(K) =   298.03  PRESS =   265.9
 Etot   =    -54592.6354  EKtot   =     13809.3662  EPtot      =    -68402.0016
 BOND   =       476.6652  ANGLE   =      1219.4257  DIHED      =      1856.1697
 1-4 NB =       578.8650  1-4 EEL =      8882.2000  VDWAALS    =      8260.8106
 EELEC  =    -89676.4620  EHBOND  =         0.0000  RESTRAINT  =         0.3242
 EAMBER (non-restraint)  =    -68402.3258
 EKCMT  =      6068.1649  VIRIAL  =      4768.8751  VOLUME     =    226303.8379
                                                    Density    =         1.0190
 ------------------------------------------------------------------------------

wrapping first mol.:       22.16452       31.34537       54.29176
wrapping first mol.:       22.16452       31.34537       54.29176

 NSTEP =    15000   TIME(PS) =    7430.000  TEMP(K) =   302.14  PRESS =   123.8
 Etot   =    -54358.1977  EKtot   =     13999.7129  EPtot      =    -68357.9105
 BOND   =       452.6159  ANGLE   =      1212.9946  DIHED      =      1858.8214
 1-4 NB =       576.1433  1-4 EEL =      8853.7816  VDWAALS    =      8195.0849
 EELEC  =    -89507.6728  EHBOND  =         0.0000  RESTRAINT  =         0.3205
 EAMBER (non-restraint)  =    -68358.2311
 EKCMT  =      6024.0400  VIRIAL  =      5419.3065  VOLUME     =    226314.3008
                                                    Density    =         1.0190
 ------------------------------------------------------------------------------

wrapping first mol.:       22.17897       31.36580       54.32715
wrapping first mol.:       22.17897       31.36580       54.32715

 NSTEP =    15500   TIME(PS) =    7431.000  TEMP(K) =   301.52  PRESS =   -36.5
 Etot   =    -54236.4288  EKtot   =     13971.2070  EPtot      =    -68207.6358
 BOND   =       466.4266  ANGLE   =      1205.1258  DIHED      =      1842.9736
 1-4 NB =       577.2764  1-4 EEL =      8853.7683  VDWAALS    =      7990.2438
 EELEC  =    -89143.8003  EHBOND  =         0.0000  RESTRAINT  =         0.3500
 EAMBER (non-restraint)  =    -68207.9858
 EKCMT  =      6075.0121  VIRIAL  =      6253.6682  VOLUME     =    226760.3611
                                                    Density    =         1.0169
 ------------------------------------------------------------------------------

wrapping first mol.:       22.18028       31.36765       54.33035
wrapping first mol.:       22.18028       31.36765       54.33035

 NSTEP =    16000   TIME(PS) =    7432.000  TEMP(K) =   298.50  PRESS =   -30.5
 Etot   =    -54234.1865  EKtot   =     13831.2441  EPtot      =    -68065.4307
 BOND   =       457.2607  ANGLE   =      1290.7115  DIHED      =      1830.4796
 1-4 NB =       582.3795  1-4 EEL =      8876.5675  VDWAALS    =      7969.7255
 EELEC  =    -89072.8870  EHBOND  =         0.0000  RESTRAINT  =         0.3321
 EAMBER (non-restraint)  =    -68065.7627
 EKCMT  =      5992.9216  VIRIAL  =      6142.3053  VOLUME     =    226800.3669
                                                    Density    =         1.0168
 ------------------------------------------------------------------------------

wrapping first mol.:       22.16655       31.34823       54.29673
wrapping first mol.:       22.16655       31.34823       54.29673

 NSTEP =    16500   TIME(PS) =    7433.000  TEMP(K) =   298.43  PRESS =   173.9
 Etot   =    -54702.3181  EKtot   =     13827.6367  EPtot      =    -68529.9548
 BOND   =       450.5020  ANGLE   =      1201.3233  DIHED      =      1824.7054
 1-4 NB =       571.3806  1-4 EEL =      8908.0336  VDWAALS    =      8376.4735
 EELEC  =    -89862.7632  EHBOND  =         0.0000  RESTRAINT  =         0.3898
 EAMBER (non-restraint)  =    -68530.3446
 EKCMT  =      6004.9168  VIRIAL  =      5154.8218  VOLUME     =    226375.3822
                                                    Density    =         1.0187
 ------------------------------------------------------------------------------

wrapping first mol.:       22.17030       31.35353       54.30591
wrapping first mol.:       22.17030       31.35353       54.30591

 NSTEP =    17000   TIME(PS) =    7434.000  TEMP(K) =   301.48  PRESS =   186.4
 Etot   =    -54346.2199  EKtot   =     13969.2451  EPtot      =    -68315.4650
 BOND   =       445.6027  ANGLE   =      1226.6863  DIHED      =      1842.7137
 1-4 NB =       574.0984  1-4 EEL =      8894.4130  VDWAALS    =      8149.1115
 EELEC  =    -89448.4948  EHBOND  =         0.0000  RESTRAINT  =         0.4043
 EAMBER (non-restraint)  =    -68315.8692
 EKCMT  =      6093.6047  VIRIAL  =      5182.2505  VOLUME     =    226490.0126
                                                    Density    =         1.0182
 ------------------------------------------------------------------------------

wrapping first mol.:       22.17488       31.36001       54.31713
wrapping first mol.:       22.17488       31.36001       54.31713

 NSTEP =    17500   TIME(PS) =    7435.000  TEMP(K) =   295.15  PRESS =   196.0
 Etot   =    -54659.2854  EKtot   =     13675.8213  EPtot      =    -68335.1067
 BOND   =       480.8432  ANGLE   =      1212.8458  DIHED      =      1859.4195
 1-4 NB =       566.2601  1-4 EEL =      8835.3377  VDWAALS    =      8178.9138
 EELEC  =    -89469.0430  EHBOND  =         0.0000  RESTRAINT  =         0.3161
 EAMBER (non-restraint)  =    -68335.4229
 EKCMT  =      5909.9477  VIRIAL  =      4950.8624  VOLUME     =    226630.2597
                                                    Density    =         1.0175
 ------------------------------------------------------------------------------

wrapping first mol.:       22.18064       31.36817       54.33125
wrapping first mol.:       22.18064       31.36817       54.33125

 NSTEP =    18000   TIME(PS) =    7436.000  TEMP(K) =   300.86  PRESS =  -249.2
 Etot   =    -54545.2079  EKtot   =     13940.2939  EPtot      =    -68485.5019
 BOND   =       438.9373  ANGLE   =      1217.8815  DIHED      =      1860.6654
 1-4 NB =       580.9341  1-4 EEL =      8879.6684  VDWAALS    =      8125.2697
 EELEC  =    -89589.2062  EHBOND  =         0.0000  RESTRAINT  =         0.3480
 EAMBER (non-restraint)  =    -68485.8499
 EKCMT  =      6051.9936  VIRIAL  =      7272.5994  VOLUME     =    226816.0690
                                                    Density    =         1.0167
 ------------------------------------------------------------------------------

wrapping first mol.:       22.17538       31.36073       54.31837
wrapping first mol.:       22.17538       31.36073       54.31837

 NSTEP =    18500   TIME(PS) =    7437.000  TEMP(K) =   298.75  PRESS =    49.0
 Etot   =    -54636.9574  EKtot   =     13842.5156  EPtot      =    -68479.4731
 BOND   =       479.6774  ANGLE   =      1205.9062  DIHED      =      1859.2629
 1-4 NB =       559.8585  1-4 EEL =      8860.8123  VDWAALS    =      8183.8431
 EELEC  =    -89629.1774  EHBOND  =         0.0000  RESTRAINT  =         0.3440
 EAMBER (non-restraint)  =    -68479.8170
 EKCMT  =      5930.6456  VIRIAL  =      5690.6972  VOLUME     =    226648.7026
                                                    Density    =         1.0174
 ------------------------------------------------------------------------------

wrapping first mol.:       22.17118       31.35479       54.30808
wrapping first mol.:       22.17118       31.35479       54.30808

 NSTEP =    19000   TIME(PS) =    7438.000  TEMP(K) =   301.65  PRESS =    56.4
 Etot   =    -54489.5540  EKtot   =     13976.8994  EPtot      =    -68466.4534
 BOND   =       466.1655  ANGLE   =      1188.1129  DIHED      =      1876.3443
 1-4 NB =       577.5656  1-4 EEL =      8884.5802  VDWAALS    =      8089.1484
 EELEC  =    -89548.7719  EHBOND  =         0.0000  RESTRAINT  =         0.4016
 EAMBER (non-restraint)  =    -68466.8550
 EKCMT  =      6060.9850  VIRIAL  =      5785.1643  VOLUME     =    226519.7636
                                                    Density    =         1.0180
 ------------------------------------------------------------------------------

wrapping first mol.:       22.17193       31.35584       54.30990
wrapping first mol.:       22.17193       31.35584       54.30990

 NSTEP =    19500   TIME(PS) =    7439.000  TEMP(K) =   301.55  PRESS =    12.3
 Etot   =    -54253.6917  EKtot   =     13972.3564  EPtot      =    -68226.0482
 BOND   =       476.9781  ANGLE   =      1220.1054  DIHED      =      1835.3218
 1-4 NB =       579.9472  1-4 EEL =      8854.5965  VDWAALS    =      8164.0511
 EELEC  =    -89357.4371  EHBOND  =         0.0000  RESTRAINT  =         0.3889
 EAMBER (non-restraint)  =    -68226.4371
 EKCMT  =      6116.6083  VIRIAL  =      6056.6081  VOLUME     =    226543.4484
                                                    Density    =         1.0179
 ------------------------------------------------------------------------------

wrapping first mol.:       22.16638       31.34800       54.29633
wrapping first mol.:       22.16638       31.34800       54.29633

 NSTEP =    20000   TIME(PS) =    7440.000  TEMP(K) =   301.88  PRESS =    96.4
 Etot   =    -54181.0081  EKtot   =     13987.8281  EPtot      =    -68168.8362
 BOND   =       489.0166  ANGLE   =      1222.1612  DIHED      =      1866.6087
 1-4 NB =       559.3554  1-4 EEL =      8849.8229  VDWAALS    =      8151.1471
 EELEC  =    -89307.3127  EHBOND  =         0.0000  RESTRAINT  =         0.3645
 EAMBER (non-restraint)  =    -68169.2007
 EKCMT  =      5985.3466  VIRIAL  =      5514.2604  VOLUME     =    226371.9401
                                                    Density    =         1.0187
 ------------------------------------------------------------------------------

wrapping first mol.:       22.17249       31.35664       54.31129
wrapping first mol.:       22.17249       31.35664       54.31129

 NSTEP =    20500   TIME(PS) =    7441.000  TEMP(K) =   304.09  PRESS =   -34.2
 Etot   =    -54478.3161  EKtot   =     14090.1406  EPtot      =    -68568.4567
 BOND   =       448.5777  ANGLE   =      1205.5904  DIHED      =      1861.2712
 1-4 NB =       592.0023  1-4 EEL =      8851.4513  VDWAALS    =      8178.2408
 EELEC  =    -89705.9230  EHBOND  =         0.0000  RESTRAINT  =         0.3325
 EAMBER (non-restraint)  =    -68568.7892
 EKCMT  =      6169.2384  VIRIAL  =      6336.7633  VOLUME     =    226561.7547
                                                    Density    =         1.0178
 ------------------------------------------------------------------------------

wrapping first mol.:       22.17713       31.36319       54.32264
wrapping first mol.:       22.17713       31.36319       54.32264

 NSTEP =    21000   TIME(PS) =    7442.000  TEMP(K) =   300.96  PRESS =  -333.9
 Etot   =    -54428.7164  EKtot   =     13945.2021  EPtot      =    -68373.9186
 BOND   =       445.4684  ANGLE   =      1203.9766  DIHED      =      1888.1943
 1-4 NB =       576.4388  1-4 EEL =      8834.3184  VDWAALS    =      8074.0704
 EELEC  =    -89396.7197  EHBOND  =         0.0000  RESTRAINT  =         0.3341
 EAMBER (non-restraint)  =    -68374.2527
 EKCMT  =      6000.5119  VIRIAL  =      7634.9658  VOLUME     =    226709.8887
                                                    Density    =         1.0172
 ------------------------------------------------------------------------------

wrapping first mol.:       22.16232       31.34226       54.28638
wrapping first mol.:       22.16232       31.34226       54.28638

 NSTEP =    21500   TIME(PS) =    7443.000  TEMP(K) =   300.96  PRESS =   -39.7
 Etot   =    -54422.6859  EKtot   =     13945.2529  EPtot      =    -68367.9388
 BOND   =       456.1453  ANGLE   =      1156.9392  DIHED      =      1895.6710
 1-4 NB =       575.3483  1-4 EEL =      8906.3135  VDWAALS    =      8194.2029
 EELEC  =    -89552.8868  EHBOND  =         0.0000  RESTRAINT  =         0.3279
 EAMBER (non-restraint)  =    -68368.2667
 EKCMT  =      6028.2682  VIRIAL  =      6222.2975  VOLUME     =    226250.2493
                                                    Density    =         1.0192
 ------------------------------------------------------------------------------

wrapping first mol.:       22.16024       31.33932       54.28128
wrapping first mol.:       22.16024       31.33932       54.28128

 NSTEP =    22000   TIME(PS) =    7444.000  TEMP(K) =   300.60  PRESS =    53.8
 Etot   =    -54409.5080  EKtot   =     13928.5986  EPtot      =    -68338.1066
 BOND   =       493.1195  ANGLE   =      1207.6659  DIHED      =      1865.4341
 1-4 NB =       560.7796  1-4 EEL =      8828.0765  VDWAALS    =      8180.2631
 EELEC  =    -89473.7885  EHBOND  =         0.0000  RESTRAINT  =         0.3434
 EAMBER (non-restraint)  =    -68338.4500
 EKCMT  =      6029.2565  VIRIAL  =      5766.5311  VOLUME     =    226184.6945
                                                    Density    =         1.0195
 ------------------------------------------------------------------------------

wrapping first mol.:       22.15679       31.33444       54.27283
wrapping first mol.:       22.15679       31.33444       54.27283

 NSTEP =    22500   TIME(PS) =    7445.000  TEMP(K) =   298.58  PRESS =   137.8
 Etot   =    -54481.6383  EKtot   =     13834.9307  EPtot      =    -68316.5690
 BOND   =       445.9140  ANGLE   =      1219.6769  DIHED      =      1839.6555
 1-4 NB =       585.2052  1-4 EEL =      8883.4033  VDWAALS    =      8259.3234
 EELEC  =    -89549.9980  EHBOND  =         0.0000  RESTRAINT  =         0.2508
 EAMBER (non-restraint)  =    -68316.8198
 EKCMT  =      6056.5748  VIRIAL  =      5384.1214  VOLUME     =    226077.3892
                                                    Density    =         1.0200
 ------------------------------------------------------------------------------

wrapping first mol.:       22.14838       31.32253       54.25221
wrapping first mol.:       22.14838       31.32253       54.25221

 NSTEP =    23000   TIME(PS) =    7446.000  TEMP(K) =   301.97  PRESS =   142.0
 Etot   =    -54559.3331  EKtot   =     13991.9912  EPtot      =    -68551.3243
 BOND   =       454.6260  ANGLE   =      1220.9827  DIHED      =      1844.8157
 1-4 NB =       567.7265  1-4 EEL =      8882.4019  VDWAALS    =      8290.8144
 EELEC  =    -89813.0430  EHBOND  =         0.0000  RESTRAINT  =         0.3516
 EAMBER (non-restraint)  =    -68551.6759
 EKCMT  =      6046.9328  VIRIAL  =      5354.7704  VOLUME     =    225819.7115
                                                    Density    =         1.0212
 ------------------------------------------------------------------------------

wrapping first mol.:       22.16066       31.33990       54.28230
wrapping first mol.:       22.16066       31.33990       54.28230

 NSTEP =    23500   TIME(PS) =    7447.000  TEMP(K) =   297.24  PRESS =  -162.7
 Etot   =    -54535.1663  EKtot   =     13772.8398  EPtot      =    -68308.0061
 BOND   =       440.7094  ANGLE   =      1272.7369  DIHED      =      1838.3234
 1-4 NB =       588.0583  1-4 EEL =      8849.7329  VDWAALS    =      8024.4615
 EELEC  =    -89322.3640  EHBOND  =         0.0000  RESTRAINT  =         0.3356
 EAMBER (non-restraint)  =    -68308.3417
 EKCMT  =      6087.9603  VIRIAL  =      6882.6719  VOLUME     =    226201.7784
                                                    Density    =         1.0195
 ------------------------------------------------------------------------------

wrapping first mol.:       22.16271       31.34280       54.28732
wrapping first mol.:       22.16271       31.34280       54.28732

 NSTEP =    24000   TIME(PS) =    7448.000  TEMP(K) =   304.06  PRESS =  -107.0
 Etot   =    -54316.8441  EKtot   =     14088.7705  EPtot      =    -68405.6146
 BOND   =       468.9165  ANGLE   =      1235.5279  DIHED      =      1853.2585
 1-4 NB =       570.7630  1-4 EEL =      8830.2390  VDWAALS    =      8004.6652
 EELEC  =    -89369.3678  EHBOND  =         0.0000  RESTRAINT  =         0.3831
 EAMBER (non-restraint)  =    -68405.9977
 EKCMT  =      6045.2208  VIRIAL  =      6567.9297  VOLUME     =    226263.4157
                                                    Density    =         1.0192
 ------------------------------------------------------------------------------

wrapping first mol.:       22.16630       31.34788       54.29612
wrapping first mol.:       22.16630       31.34788       54.29612

 NSTEP =    24500   TIME(PS) =    7449.000  TEMP(K) =   299.32  PRESS =  -148.9
 Etot   =    -54221.1331  EKtot   =     13869.0527  EPtot      =    -68090.1859
 BOND   =       451.9298  ANGLE   =      1184.1836  DIHED      =      1852.7005
 1-4 NB =       579.1327  1-4 EEL =      8872.1682  VDWAALS    =      7971.3512
 EELEC  =    -89002.0374  EHBOND  =         0.0000  RESTRAINT  =         0.3855
 EAMBER (non-restraint)  =    -68090.5714
 EKCMT  =      6066.0385  VIRIAL  =      6793.6908  VOLUME     =    226374.3531
                                                    Density    =         1.0187
 ------------------------------------------------------------------------------

wrapping first mol.:       22.15305       31.32914       54.26366
wrapping first mol.:       22.15305       31.32914       54.26366

 NSTEP =    25000   TIME(PS) =    7450.000  TEMP(K) =   302.14  PRESS =   -30.4
 Etot   =    -54293.1498  EKtot   =     13999.8291  EPtot      =    -68292.9789
 BOND   =       448.4670  ANGLE   =      1268.0461  DIHED      =      1856.8167
 1-4 NB =       576.6059  1-4 EEL =      8869.2703  VDWAALS    =      8002.1455
 EELEC  =    -89314.7205  EHBOND  =         0.0000  RESTRAINT  =         0.3902
 EAMBER (non-restraint)  =    -68293.3691
 EKCMT  =      6113.4852  VIRIAL  =      6261.6346  VOLUME     =    225966.1383
                                                    Density    =         1.0205
 ------------------------------------------------------------------------------

wrapping first mol.:       22.15718       31.33499       54.27379
wrapping first mol.:       22.15718       31.33499       54.27379

 NSTEP =    25500   TIME(PS) =    7451.000  TEMP(K) =   298.32  PRESS =    78.1
 Etot   =    -54569.7183  EKtot   =     13822.7139  EPtot      =    -68392.4321
 BOND   =       484.2024  ANGLE   =      1211.7453  DIHED      =      1882.7708
 1-4 NB =       562.0436  1-4 EEL =      8848.7029  VDWAALS    =      8152.6735
 EELEC  =    -89534.9822  EHBOND  =         0.0000  RESTRAINT  =         0.4116
 EAMBER (non-restraint)  =    -68392.8437
 EKCMT  =      6023.9919  VIRIAL  =      5642.8108  VOLUME     =    226090.4948
                                                    Density    =         1.0200
 ------------------------------------------------------------------------------

wrapping first mol.:       22.17317       31.35760       54.31295
wrapping first mol.:       22.17317       31.35760       54.31295

 NSTEP =    26000   TIME(PS) =    7452.000  TEMP(K) =   302.58  PRESS =  -187.0
 Etot   =    -54435.0342  EKtot   =     14020.1006  EPtot      =    -68455.1348
 BOND   =       459.2779  ANGLE   =      1218.8047  DIHED      =      1851.8490
 1-4 NB =       602.0443  1-4 EEL =      8898.8298  VDWAALS    =      8042.1982
 EELEC  =    -89528.5490  EHBOND  =         0.0000  RESTRAINT  =         0.4103
 EAMBER (non-restraint)  =    -68455.5451
 EKCMT  =      6077.7013  VIRIAL  =      6992.5451  VOLUME     =    226585.6926
                                                    Density    =         1.0177
 ------------------------------------------------------------------------------

wrapping first mol.:       22.18709       31.37729       54.34705
wrapping first mol.:       22.18709       31.37729       54.34705

 NSTEP =    26500   TIME(PS) =    7453.000  TEMP(K) =   295.72  PRESS =   104.2
 Etot   =    -54593.4715  EKtot   =     13702.0684  EPtot      =    -68295.5398
 BOND   =       430.2145  ANGLE   =      1208.6860  DIHED      =      1867.4361
 1-4 NB =       568.0683  1-4 EEL =      8884.0138  VDWAALS    =      8182.4006
 EELEC  =    -89436.7958  EHBOND  =         0.0000  RESTRAINT  =         0.4367
 EAMBER (non-restraint)  =    -68295.9765
 EKCMT  =      5962.8829  VIRIAL  =      5452.0993  VOLUME     =    227006.7894
                                                    Density    =         1.0158
 ------------------------------------------------------------------------------

wrapping first mol.:       22.18299       31.37148       54.33700
wrapping first mol.:       22.18299       31.37148       54.33700

 NSTEP =    27000   TIME(PS) =    7454.000  TEMP(K) =   302.44  PRESS =    88.1
 Etot   =    -54290.3433  EKtot   =     14013.6758  EPtot      =    -68304.0191
 BOND   =       504.6039  ANGLE   =      1282.6955  DIHED      =      1870.4638
 1-4 NB =       572.6879  1-4 EEL =      8835.0158  VDWAALS    =      8132.1483
 EELEC  =    -89502.1250  EHBOND  =         0.0000  RESTRAINT  =         0.4907
 EAMBER (non-restraint)  =    -68304.5098
 EKCMT  =      6172.1829  VIRIAL  =      5740.7053  VOLUME     =    226881.1946
                                                    Density    =         1.0164
 ------------------------------------------------------------------------------

wrapping first mol.:       22.17717       31.36325       54.32274
wrapping first mol.:       22.17717       31.36325       54.32274

 NSTEP =    27500   TIME(PS) =    7455.000  TEMP(K) =   298.74  PRESS =   -48.0
 Etot   =    -54538.1144  EKtot   =     13842.1611  EPtot      =    -68380.2755
 BOND   =       442.0969  ANGLE   =      1219.5341  DIHED      =      1862.9947
 1-4 NB =       574.0326  1-4 EEL =      8850.5145  VDWAALS    =      8130.8798
 EELEC  =    -89460.7954  EHBOND  =         0.0000  RESTRAINT  =         0.4673
 EAMBER (non-restraint)  =    -68380.7427
 EKCMT  =      6001.8296  VIRIAL  =      6236.9813  VOLUME     =    226705.3773
                                                    Density    =         1.0172
 ------------------------------------------------------------------------------

wrapping first mol.:       22.20343       31.40039       54.38706
wrapping first mol.:       22.20343       31.40039       54.38706

 NSTEP =    28000   TIME(PS) =    7456.000  TEMP(K) =   301.70  PRESS =   -47.9
 Etot   =    -54332.9181  EKtot   =     13979.4336  EPtot      =    -68312.3517
 BOND   =       435.1057  ANGLE   =      1205.7372  DIHED      =      1853.5479
 1-4 NB =       578.4479  1-4 EEL =      8854.3963  VDWAALS    =      8173.1515
 EELEC  =    -89413.2711  EHBOND  =         0.0000  RESTRAINT  =         0.5328
 EAMBER (non-restraint)  =    -68312.8845
 EKCMT  =      6086.4559  VIRIAL  =      6321.8658  VOLUME     =    227511.6411
                                                    Density    =         1.0136
 ------------------------------------------------------------------------------

wrapping first mol.:       22.18842       31.37916       54.35029
wrapping first mol.:       22.18842       31.37916       54.35029

 NSTEP =    28500   TIME(PS) =    7457.000  TEMP(K) =   298.30  PRESS =   176.6
 Etot   =    -54266.1744  EKtot   =     13822.0029  EPtot      =    -68088.1773
 BOND   =       490.7085  ANGLE   =      1207.8760  DIHED      =      1865.0449
 1-4 NB =       583.6962  1-4 EEL =      8834.9630  VDWAALS    =      8267.4261
 EELEC  =    -89338.3949  EHBOND  =         0.0000  RESTRAINT  =         0.5029
 EAMBER (non-restraint)  =    -68088.6803
 EKCMT  =      6060.8803  VIRIAL  =      5195.1291  VOLUME     =    227045.9582
                                                    Density    =         1.0157
 ------------------------------------------------------------------------------

wrapping first mol.:       22.17122       31.35484       54.30817
wrapping first mol.:       22.17122       31.35484       54.30817

 NSTEP =    29000   TIME(PS) =    7458.000  TEMP(K) =   301.28  PRESS =  -124.5
 Etot   =    -54407.2849  EKtot   =     13959.8418  EPtot      =    -68367.1267
 BOND   =       447.4143  ANGLE   =      1243.5140  DIHED      =      1871.3378
 1-4 NB =       598.2955  1-4 EEL =      8870.1484  VDWAALS    =      7853.7206
 EELEC  =    -89252.0229  EHBOND  =         0.0000  RESTRAINT  =         0.4657
 EAMBER (non-restraint)  =    -68367.5924
 EKCMT  =      6070.4218  VIRIAL  =      6679.4831  VOLUME     =    226524.5613
                                                    Density    =         1.0180
 ------------------------------------------------------------------------------

wrapping first mol.:       22.18098       31.36864       54.33207
wrapping first mol.:       22.18098       31.36864       54.33207

 NSTEP =    29500   TIME(PS) =    7459.000  TEMP(K) =   299.80  PRESS =   357.7
 Etot   =    -54469.4427  EKtot   =     13891.5420  EPtot      =    -68360.9847
 BOND   =       458.9225  ANGLE   =      1238.0698  DIHED      =      1874.7451
 1-4 NB =       574.1343  1-4 EEL =      8805.9790  VDWAALS    =      8518.8066
 EELEC  =    -89832.0550  EHBOND  =         0.0000  RESTRAINT  =         0.4129
 EAMBER (non-restraint)  =    -68361.3976
 EKCMT  =      5946.9006  VIRIAL  =      4195.3219  VOLUME     =    226814.0210
                                                    Density    =         1.0167
 ------------------------------------------------------------------------------

wrapping first mol.:       22.18071       31.36827       54.33143
wrapping first mol.:       22.18071       31.36827       54.33143

 NSTEP =    30000   TIME(PS) =    7460.000  TEMP(K) =   298.75  PRESS =  -192.1
 Etot   =    -54354.2531  EKtot   =     13842.8867  EPtot      =    -68197.1398
 BOND   =       445.6468  ANGLE   =      1283.8285  DIHED      =      1884.2037
 1-4 NB =       591.5501  1-4 EEL =      8850.7623  VDWAALS    =      7990.4394
 EELEC  =    -89244.0299  EHBOND  =         0.0000  RESTRAINT  =         0.4593
 EAMBER (non-restraint)  =    -68197.5991
 EKCMT  =      6132.1527  VIRIAL  =      7072.9469  VOLUME     =    226817.0692
                                                    Density    =         1.0167
 ------------------------------------------------------------------------------

wrapping first mol.:       22.18208       31.37019       54.33476
wrapping first mol.:       22.18208       31.37019       54.33476

 NSTEP =    30500   TIME(PS) =    7461.000  TEMP(K) =   299.42  PRESS =  -228.9
 Etot   =    -54439.7121  EKtot   =     13873.8477  EPtot      =    -68313.5597
 BOND   =       456.3317  ANGLE   =      1236.2204  DIHED      =      1878.8316
 1-4 NB =       586.8802  1-4 EEL =      8877.0154  VDWAALS    =      8163.3499
 EELEC  =    -89512.6868  EHBOND  =         0.0000  RESTRAINT  =         0.4978
 EAMBER (non-restraint)  =    -68314.0575
 EKCMT  =      5960.3689  VIRIAL  =      7081.4686  VOLUME     =    226859.6009
                                                    Density    =         1.0165
 ------------------------------------------------------------------------------

wrapping first mol.:       22.18344       31.37213       54.33811
wrapping first mol.:       22.18344       31.37213       54.33811

 NSTEP =    31000   TIME(PS) =    7462.000  TEMP(K) =   297.22  PRESS =  -443.0
 Etot   =    -54408.9742  EKtot   =     13771.6719  EPtot      =    -68180.6461
 BOND   =       452.6513  ANGLE   =      1210.6134  DIHED      =      1873.5043
 1-4 NB =       578.6965  1-4 EEL =      8879.4421  VDWAALS    =      7891.4251
 EELEC  =    -89067.5393  EHBOND  =         0.0000  RESTRAINT  =         0.5605
 EAMBER (non-restraint)  =    -68181.2065
 EKCMT  =      6021.2247  VIRIAL  =      8191.5288  VOLUME     =    226905.8986
                                                    Density    =         1.0163
 ------------------------------------------------------------------------------

wrapping first mol.:       22.17101       31.35454       54.30765
wrapping first mol.:       22.17101       31.35454       54.30765

 NSTEP =    31500   TIME(PS) =    7463.000  TEMP(K) =   300.22  PRESS =   -47.8
 Etot   =    -54440.7758  EKtot   =     13910.6133  EPtot      =    -68351.3891
 BOND   =       472.1823  ANGLE   =      1242.3341  DIHED      =      1877.1830
 1-4 NB =       578.5461  1-4 EEL =      8854.2588  VDWAALS    =      8095.2388
 EELEC  =    -89471.7588  EHBOND  =         0.0000  RESTRAINT  =         0.6265
 EAMBER (non-restraint)  =    -68352.0156
 EKCMT  =      6072.0073  VIRIAL  =      6305.5684  VOLUME     =    226516.5069
                                                    Density    =         1.0180
 ------------------------------------------------------------------------------

wrapping first mol.:       22.15046       31.32548       54.25732
wrapping first mol.:       22.15046       31.32548       54.25732

 NSTEP =    32000   TIME(PS) =    7464.000  TEMP(K) =   297.88  PRESS =  -237.1
 Etot   =    -54617.4075  EKtot   =     13802.4297  EPtot      =    -68419.8372
 BOND   =       447.8304  ANGLE   =      1216.4892  DIHED      =      1869.4717
 1-4 NB =       578.8899  1-4 EEL =      8840.6697  VDWAALS    =      7902.2139
 EELEC  =    -89275.9643  EHBOND  =         0.0000  RESTRAINT  =         0.5623
 EAMBER (non-restraint)  =    -68420.3995
 EKCMT  =      5937.2078  VIRIAL  =      7093.3745  VOLUME     =    225891.0978
                                                    Density    =         1.0209
 ------------------------------------------------------------------------------

wrapping first mol.:       22.12584       31.29066       54.19701
wrapping first mol.:       22.12584       31.29066       54.19701

 NSTEP =    32500   TIME(PS) =    7465.000  TEMP(K) =   298.93  PRESS =  -233.7
 Etot   =    -54424.7970  EKtot   =     13851.1289  EPtot      =    -68275.9259
 BOND   =       459.9680  ANGLE   =      1203.4547  DIHED      =      1870.2176
 1-4 NB =       567.9391  1-4 EEL =      8834.3347  VDWAALS    =      8081.9746
 EELEC  =    -89294.4129  EHBOND  =         0.0000  RESTRAINT  =         0.5982
 EAMBER (non-restraint)  =    -68276.5241
 EKCMT  =      6059.0285  VIRIAL  =      7195.2608  VOLUME     =    225138.6468
                                                    Density    =         1.0243
 ------------------------------------------------------------------------------

wrapping first mol.:       22.14118       31.31236       54.23459
wrapping first mol.:       22.14118       31.31236       54.23459

 NSTEP =    33000   TIME(PS) =    7466.000  TEMP(K) =   298.84  PRESS =   176.9
 Etot   =    -54519.5280  EKtot   =     13846.6768  EPtot      =    -68366.2047
 BOND   =       447.9339  ANGLE   =      1204.3029  DIHED      =      1863.3233
 1-4 NB =       577.0109  1-4 EEL =      8859.7023  VDWAALS    =      8219.4751
 EELEC  =    -89538.6729  EHBOND  =         0.0000  RESTRAINT  =         0.7198
 EAMBER (non-restraint)  =    -68366.9245
 EKCMT  =      6024.1829  VIRIAL  =      5162.4971  VOLUME     =    225599.0800
                                                    Density    =         1.0222
 ------------------------------------------------------------------------------

wrapping first mol.:       22.13571       31.30462       54.22119
wrapping first mol.:       22.13571       31.30462       54.22119

 NSTEP =    33500   TIME(PS) =    7467.000  TEMP(K) =   300.88  PRESS =  -266.5
 Etot   =    -54539.4871  EKtot   =     13941.3613  EPtot      =    -68480.8484
 BOND   =       455.1273  ANGLE   =      1163.0987  DIHED      =      1869.5104
 1-4 NB =       589.9549  1-4 EEL =      8859.7972  VDWAALS    =      7959.7815
 EELEC  =    -89378.8510  EHBOND  =         0.0000  RESTRAINT  =         0.7325
 EAMBER (non-restraint)  =    -68481.5810
 EKCMT  =      6073.4817  VIRIAL  =      7370.8602  VOLUME     =    225440.7494
                                                    Density    =         1.0229
 ------------------------------------------------------------------------------

wrapping first mol.:       22.12871       31.29472       54.20404
wrapping first mol.:       22.12871       31.29472       54.20404

 NSTEP =    34000   TIME(PS) =    7468.000  TEMP(K) =   298.75  PRESS =   247.4
 Etot   =    -54614.8407  EKtot   =     13842.8398  EPtot      =    -68457.6805
 BOND   =       488.9828  ANGLE   =      1189.6844  DIHED      =      1859.7405
 1-4 NB =       574.2625  1-4 EEL =      8836.0778  VDWAALS    =      8186.0757
 EELEC  =    -89593.3095  EHBOND  =         0.0000  RESTRAINT  =         0.8052
 EAMBER (non-restraint)  =    -68458.4858
 EKCMT  =      5957.2063  VIRIAL  =      4754.3585  VOLUME     =    225216.5891
                                                    Density    =         1.0239
 ------------------------------------------------------------------------------

wrapping first mol.:       22.16661       31.34832       54.29687
wrapping first mol.:       22.16661       31.34832       54.29687

 NSTEP =    34500   TIME(PS) =    7469.000  TEMP(K) =   297.67  PRESS =   347.6
 Etot   =    -54508.7970  EKtot   =     13792.8047  EPtot      =    -68301.6017
 BOND   =       457.3391  ANGLE   =      1251.6720  DIHED      =      1866.7230
 1-4 NB =       565.3222  1-4 EEL =      8859.7687  VDWAALS    =      8253.6891
 EELEC  =    -89556.9234  EHBOND  =         0.0000  RESTRAINT  =         0.8077
 EAMBER (non-restraint)  =    -68302.4094
 EKCMT  =      6085.6499  VIRIAL  =      4386.5705  VOLUME     =    226373.6964
                                                    Density    =         1.0187
 ------------------------------------------------------------------------------

wrapping first mol.:       22.16977       31.35280       54.30463
wrapping first mol.:       22.16977       31.35280       54.30463

 NSTEP =    35000   TIME(PS) =    7470.000  TEMP(K) =   298.13  PRESS =   -40.6
 Etot   =    -54754.8785  EKtot   =     13813.9463  EPtot      =    -68568.8248
 BOND   =       478.3926  ANGLE   =      1277.4457  DIHED      =      1870.2171
 1-4 NB =       570.5302  1-4 EEL =      8856.1297  VDWAALS    =      8267.3746
 EELEC  =    -89889.7269  EHBOND  =         0.0000  RESTRAINT  =         0.8123
 EAMBER (non-restraint)  =    -68569.6370
 EKCMT  =      6040.3522  VIRIAL  =      6239.0382  VOLUME     =    226478.5825
                                                    Density    =         1.0182
 ------------------------------------------------------------------------------

wrapping first mol.:       22.16760       31.34973       54.29931
wrapping first mol.:       22.16760       31.34973       54.29931

 NSTEP =    35500   TIME(PS) =    7471.000  TEMP(K) =   303.02  PRESS =    51.6
 Etot   =    -54375.5685  EKtot   =     14040.6377  EPtot      =    -68416.2062
 BOND   =       461.7343  ANGLE   =      1223.2043  DIHED      =      1835.1354
 1-4 NB =       556.7674  1-4 EEL =      8841.9599  VDWAALS    =      8154.0811
 EELEC  =    -89489.9187  EHBOND  =         0.0000  RESTRAINT  =         0.8300
 EAMBER (non-restraint)  =    -68417.0362
 EKCMT  =      6155.3937  VIRIAL  =      5903.1745  VOLUME     =    226410.2259
                                                    Density    =         1.0185
 ------------------------------------------------------------------------------

wrapping first mol.:       22.15865       31.33707       54.27739
wrapping first mol.:       22.15865       31.33707       54.27739

 NSTEP =    36000   TIME(PS) =    7472.000  TEMP(K) =   298.61  PRESS =  -200.1
 Etot   =    -54588.3542  EKtot   =     13836.3857  EPtot      =    -68424.7399
 BOND   =       468.3147  ANGLE   =      1207.8395  DIHED      =      1875.7725
 1-4 NB =       572.9555  1-4 EEL =      8867.7873  VDWAALS    =      8091.9583
 EELEC  =    -89510.2872  EHBOND  =         0.0000  RESTRAINT  =         0.9194
 EAMBER (non-restraint)  =    -68425.6594
 EKCMT  =      6072.5086  VIRIAL  =      7049.6170  VOLUME     =    226141.1484
                                                    Density    =         1.0197
 ------------------------------------------------------------------------------

wrapping first mol.:       22.16127       31.34076       54.28379
wrapping first mol.:       22.16127       31.34076       54.28379

 NSTEP =    36500   TIME(PS) =    7473.000  TEMP(K) =   302.27  PRESS =  -186.8
 Etot   =    -54183.7955  EKtot   =     14005.7422  EPtot      =    -68189.5377
 BOND   =       475.4581  ANGLE   =      1200.7713  DIHED      =      1854.7014
 1-4 NB =       567.6694  1-4 EEL =      8884.2957  VDWAALS    =      8023.5094
 EELEC  =    -89196.8383  EHBOND  =         0.0000  RESTRAINT  =         0.8953
 EAMBER (non-restraint)  =    -68190.4330
 EKCMT  =      6144.4943  VIRIAL  =      7056.7568  VOLUME     =    226220.8673
                                                    Density    =         1.0194
 ------------------------------------------------------------------------------

wrapping first mol.:       22.18142       31.36926       54.33315
wrapping first mol.:       22.18142       31.36926       54.33315

 NSTEP =    37000   TIME(PS) =    7474.000  TEMP(K) =   302.13  PRESS =    15.5
 Etot   =    -54427.9072  EKtot   =     13999.4443  EPtot      =    -68427.3516
 BOND   =       456.2284  ANGLE   =      1230.4051  DIHED      =      1855.7254
 1-4 NB =       547.3765  1-4 EEL =      8840.1991  VDWAALS    =      8216.8355
 EELEC  =    -89575.0063  EHBOND  =         0.0000  RESTRAINT  =         0.8848
 EAMBER (non-restraint)  =    -68428.2363
 EKCMT  =      6070.8506  VIRIAL  =      5994.8451  VOLUME     =    226834.4326
                                                    Density    =         1.0166
 ------------------------------------------------------------------------------

wrapping first mol.:       22.16569       31.34701       54.29461
wrapping first mol.:       22.16569       31.34701       54.29461

 NSTEP =    37500   TIME(PS) =    7475.000  TEMP(K) =   299.53  PRESS =    69.7
 Etot   =    -54452.7013  EKtot   =     13878.8418  EPtot      =    -68331.5431
 BOND   =       431.7458  ANGLE   =      1203.8011  DIHED      =      1855.7810
 1-4 NB =       584.3155  1-4 EEL =      8867.8113  VDWAALS    =      8262.6985
 EELEC  =    -89538.6764  EHBOND  =         0.0000  RESTRAINT  =         0.9802
 EAMBER (non-restraint)  =    -68332.5233
 EKCMT  =      5992.5783  VIRIAL  =      5651.8035  VOLUME     =    226351.0514
                                                    Density    =         1.0188
 ------------------------------------------------------------------------------

wrapping first mol.:       22.17030       31.35354       54.30592
wrapping first mol.:       22.17030       31.35354       54.30592

 NSTEP =    38000   TIME(PS) =    7476.000  TEMP(K) =   299.82  PRESS =   -70.7
 Etot   =    -54663.8370  EKtot   =     13892.2715  EPtot      =    -68556.1085
 BOND   =       468.6284  ANGLE   =      1221.5195  DIHED      =      1838.3905
 1-4 NB =       560.6070  1-4 EEL =      8871.9320  VDWAALS    =      8130.9688
 EELEC  =    -89649.1681  EHBOND  =         0.0000  RESTRAINT  =         1.0134
 EAMBER (non-restraint)  =    -68557.1218
 EKCMT  =      5992.3567  VIRIAL  =      6337.8848  VOLUME     =    226495.3746
                                                    Density    =         1.0181
 ------------------------------------------------------------------------------

wrapping first mol.:       22.16927       31.35208       54.30339
wrapping first mol.:       22.16927       31.35208       54.30339

 NSTEP =    38500   TIME(PS) =    7477.000  TEMP(K) =   298.51  PRESS =   352.0
 Etot   =    -54586.9705  EKtot   =     13831.5576  EPtot      =    -68418.5281
 BOND   =       471.3287  ANGLE   =      1233.7026  DIHED      =      1871.6268
 1-4 NB =       576.6968  1-4 EEL =      8871.2604  VDWAALS    =      8269.0201
 EELEC  =    -89713.0790  EHBOND  =         0.0000  RESTRAINT  =         0.9156
 EAMBER (non-restraint)  =    -68419.4436
 EKCMT  =      5998.5131  VIRIAL  =      4277.3874  VOLUME     =    226455.1399
                                                    Density    =         1.0183
 ------------------------------------------------------------------------------

wrapping first mol.:       22.16296       31.34315       54.28793
wrapping first mol.:       22.16296       31.34315       54.28793

 NSTEP =    39000   TIME(PS) =    7478.000  TEMP(K) =   298.63  PRESS =    10.5
 Etot   =    -54617.5122  EKtot   =     13837.2979  EPtot      =    -68454.8101
 BOND   =       439.3086  ANGLE   =      1243.9772  DIHED      =      1872.4953
 1-4 NB =       568.3893  1-4 EEL =      8850.2907  VDWAALS    =      8113.5832
 EELEC  =    -89543.6817  EHBOND  =         0.0000  RESTRAINT  =         0.8272
 EAMBER (non-restraint)  =    -68455.6373
 EKCMT  =      6017.9820  VIRIAL  =      5966.5361  VOLUME     =    226268.7024
                                                    Density    =         1.0192
 ------------------------------------------------------------------------------

wrapping first mol.:       22.16324       31.34356       54.28863
wrapping first mol.:       22.16324       31.34356       54.28863

 NSTEP =    39500   TIME(PS) =    7479.000  TEMP(K) =   301.44  PRESS =     6.6
 Etot   =    -54383.7665  EKtot   =     13967.3086  EPtot      =    -68351.0751
 BOND   =       468.5655  ANGLE   =      1227.0973  DIHED      =      1868.9086
 1-4 NB =       571.2141  1-4 EEL =      8840.6941  VDWAALS    =      8052.8212
 EELEC  =    -89381.1695  EHBOND  =         0.0000  RESTRAINT  =         0.7935
 EAMBER (non-restraint)  =    -68351.8687
 EKCMT  =      5991.8010  VIRIAL  =      5959.7552  VOLUME     =    226277.5705
                                                    Density    =         1.0191
 ------------------------------------------------------------------------------

wrapping first mol.:       22.15397       31.33044       54.26592
wrapping first mol.:       22.15397       31.33044       54.26592

 NSTEP =    40000   TIME(PS) =    7480.000  TEMP(K) =   300.84  PRESS =   367.0
 Etot   =    -54528.9724  EKtot   =     13939.3516  EPtot      =    -68468.3240
 BOND   =       476.0053  ANGLE   =      1257.2729  DIHED      =      1876.5443
 1-4 NB =       556.1118  1-4 EEL =      8834.1449  VDWAALS    =      8518.3961
 EELEC  =    -89987.8707  EHBOND  =         0.0000  RESTRAINT  =         1.0715
 EAMBER (non-restraint)  =    -68469.3955
 EKCMT  =      6090.8344  VIRIAL  =      4300.2071  VOLUME     =    225986.3451
                                                    Density    =         1.0204
 ------------------------------------------------------------------------------

wrapping first mol.:       22.14003       31.31073       54.23176
wrapping first mol.:       22.14003       31.31073       54.23176

 NSTEP =    40500   TIME(PS) =    7481.000  TEMP(K) =   297.98  PRESS =   189.5
 Etot   =    -54650.8346  EKtot   =     13807.0234  EPtot      =    -68457.8580
 BOND   =       460.6575  ANGLE   =      1220.5655  DIHED      =      1860.4822
 1-4 NB =       568.3046  1-4 EEL =      8826.9856  VDWAALS    =      8272.6409
 EELEC  =    -89668.5250  EHBOND  =         0.0000  RESTRAINT  =         1.0308
 EAMBER (non-restraint)  =    -68458.8888
 EKCMT  =      6040.1825  VIRIAL  =      5117.5004  VOLUME     =    225563.5252
                                                    Density    =         1.0223
 ------------------------------------------------------------------------------

wrapping first mol.:       22.13860       31.30871       54.22827
wrapping first mol.:       22.13860       31.30871       54.22827

 NSTEP =    41000   TIME(PS) =    7482.000  TEMP(K) =   298.13  PRESS =    88.5
 Etot   =    -54513.8492  EKtot   =     13813.8350  EPtot      =    -68327.6842
 BOND   =       435.3754  ANGLE   =      1213.1205  DIHED      =      1862.2187
 1-4 NB =       586.5353  1-4 EEL =      8866.2464  VDWAALS    =      8213.3889
 EELEC  =    -89505.5102  EHBOND  =         0.0000  RESTRAINT  =         0.9409
 EAMBER (non-restraint)  =    -68328.6251
 EKCMT  =      6114.4642  VIRIAL  =      5683.3494  VOLUME     =    225521.9268
                                                    Density    =         1.0225
 ------------------------------------------------------------------------------

wrapping first mol.:       22.13558       31.30444       54.22087
wrapping first mol.:       22.13558       31.30444       54.22087

 NSTEP =    41500   TIME(PS) =    7483.000  TEMP(K) =   300.83  PRESS =    82.4
 Etot   =    -54664.7990  EKtot   =     13939.0498  EPtot      =    -68603.8489
 BOND   =       432.3679  ANGLE   =      1225.3207  DIHED      =      1839.7509
 1-4 NB =       575.8220  1-4 EEL =      8843.4063  VDWAALS    =      8240.0482
 EELEC  =    -89761.5434  EHBOND  =         0.0000  RESTRAINT  =         0.9785
 EAMBER (non-restraint)  =    -68604.8274
 EKCMT  =      6044.2726  VIRIAL  =      5643.3646  VOLUME     =    225429.7318
                                                    Density    =         1.0229
 ------------------------------------------------------------------------------

wrapping first mol.:       22.15371       31.33008       54.26529
wrapping first mol.:       22.15371       31.33008       54.26529

 NSTEP =    42000   TIME(PS) =    7484.000  TEMP(K) =   300.02  PRESS =   -41.2
 Etot   =    -54490.1482  EKtot   =     13901.5742  EPtot      =    -68391.7224
 BOND   =       474.8498  ANGLE   =      1181.8335  DIHED      =      1866.5408
 1-4 NB =       563.6511  1-4 EEL =      8871.5259  VDWAALS    =      8151.0598
 EELEC  =    -89502.1638  EHBOND  =         0.0000  RESTRAINT  =         0.9807
 EAMBER (non-restraint)  =    -68392.7030
 EKCMT  =      5991.3303  VIRIAL  =      6192.4429  VOLUME     =    225986.7699
                                                    Density    =         1.0204
 ------------------------------------------------------------------------------

wrapping first mol.:       22.15022       31.32514       54.25673
wrapping first mol.:       22.15022       31.32514       54.25673

 NSTEP =    42500   TIME(PS) =    7485.000  TEMP(K) =   303.00  PRESS =  -111.2
 Etot   =    -54256.7443  EKtot   =     14039.5918  EPtot      =    -68296.3361
 BOND   =       448.4934  ANGLE   =      1218.4694  DIHED      =      1859.9330
 1-4 NB =       562.4720  1-4 EEL =      8841.0093  VDWAALS    =      8033.1339
 EELEC  =    -89260.7022  EHBOND  =         0.0000  RESTRAINT  =         0.8551
 EAMBER (non-restraint)  =    -68297.1912
 EKCMT  =      6188.1114  VIRIAL  =      6730.5507  VOLUME     =    225881.2153
                                                    Density    =         1.0209
 ------------------------------------------------------------------------------

wrapping first mol.:       22.15768       31.33569       54.27501
wrapping first mol.:       22.15768       31.33569       54.27501

 NSTEP =    43000   TIME(PS) =    7486.000  TEMP(K) =   302.89  PRESS =  -110.4
 Etot   =    -54592.6445  EKtot   =     14034.5889  EPtot      =    -68627.2334
 BOND   =       442.1828  ANGLE   =      1216.5748  DIHED      =      1855.5172
 1-4 NB =       578.8381  1-4 EEL =      8826.1386  VDWAALS    =      8191.3042
 EELEC  =    -89738.6264  EHBOND  =         0.0000  RESTRAINT  =         0.8373
 EAMBER (non-restraint)  =    -68628.0707
 EKCMT  =      6202.3374  VIRIAL  =      6741.5197  VOLUME     =    226109.6085
                                                    Density    =         1.0199
 ------------------------------------------------------------------------------

wrapping first mol.:       22.16213       31.34198       54.28590
wrapping first mol.:       22.16213       31.34198       54.28590

 NSTEP =    43500   TIME(PS) =    7487.000  TEMP(K) =   298.18  PRESS =   -76.4
 Etot   =    -54517.4838  EKtot   =     13816.1846  EPtot      =    -68333.6684
 BOND   =       481.5329  ANGLE   =      1248.2419  DIHED      =      1895.8066
 1-4 NB =       573.2554  1-4 EEL =      8846.3321  VDWAALS    =      8078.8328
 EELEC  =    -89458.4982  EHBOND  =         0.0000  RESTRAINT  =         0.8281
 EAMBER (non-restraint)  =    -68334.4965
 EKCMT  =      6060.8319  VIRIAL  =      6433.9764  VOLUME     =    226245.0240
                                                    Density    =         1.0193
 ------------------------------------------------------------------------------

wrapping first mol.:       22.15547       31.33257       54.26960
wrapping first mol.:       22.15547       31.33257       54.26960

 NSTEP =    44000   TIME(PS) =    7488.000  TEMP(K) =   300.88  PRESS =   -28.3
 Etot   =    -54345.3976  EKtot   =     13941.1484  EPtot      =    -68286.5460
 BOND   =       481.0291  ANGLE   =      1218.1890  DIHED      =      1856.9735
 1-4 NB =       571.0800  1-4 EEL =      8849.1395  VDWAALS    =      8048.5208
 EELEC  =    -89312.2582  EHBOND  =         0.0000  RESTRAINT  =         0.7803
 EAMBER (non-restraint)  =    -68287.3264
 EKCMT  =      6096.0610  VIRIAL  =      6234.1325  VOLUME     =    226040.3497
                                                    Density    =         1.0202
 ------------------------------------------------------------------------------

wrapping first mol.:       22.17299       31.35735       54.31251
wrapping first mol.:       22.17299       31.35735       54.31251

 NSTEP =    44500   TIME(PS) =    7489.000  TEMP(K) =   299.08  PRESS =  -128.2
 Etot   =    -54509.6185  EKtot   =     13857.9834  EPtot      =    -68367.6019
 BOND   =       475.8268  ANGLE   =      1167.6366  DIHED      =      1862.7732
 1-4 NB =       569.3943  1-4 EEL =      8882.3142  VDWAALS    =      8083.8896
 EELEC  =    -89410.2195  EHBOND  =         0.0000  RESTRAINT  =         0.7830
 EAMBER (non-restraint)  =    -68368.3849
 EKCMT  =      6046.6155  VIRIAL  =      6673.7792  VOLUME     =    226579.0196
                                                    Density    =         1.0178
 ------------------------------------------------------------------------------

wrapping first mol.:       22.15786       31.33595       54.27545
wrapping first mol.:       22.15786       31.33595       54.27545

 NSTEP =    45000   TIME(PS) =    7490.000  TEMP(K) =   298.39  PRESS =    46.2
 Etot   =    -54814.3606  EKtot   =     13826.2334  EPtot      =    -68640.5940
 BOND   =       439.2959  ANGLE   =      1219.3982  DIHED      =      1846.6119
 1-4 NB =       565.8323  1-4 EEL =      8853.1497  VDWAALS    =      8185.8865
 EELEC  =    -89751.6318  EHBOND  =         0.0000  RESTRAINT  =         0.8634
 EAMBER (non-restraint)  =    -68641.4573
 EKCMT  =      6085.5626  VIRIAL  =      5859.8406  VOLUME     =    226111.9536
                                                    Density    =         1.0199
 ------------------------------------------------------------------------------

wrapping first mol.:       22.17176       31.35560       54.30948
wrapping first mol.:       22.17176       31.35560       54.30948

 NSTEP =    45500   TIME(PS) =    7491.000  TEMP(K) =   301.57  PRESS =   -11.4
 Etot   =    -54371.9313  EKtot   =     13973.5654  EPtot      =    -68345.4967
 BOND   =       434.9728  ANGLE   =      1232.4250  DIHED      =      1845.8194
 1-4 NB =       567.7137  1-4 EEL =      8851.7408  VDWAALS    =      8207.4432
 EELEC  =    -89486.5706  EHBOND  =         0.0000  RESTRAINT  =         0.9590
 EAMBER (non-restraint)  =    -68346.4557
 EKCMT  =      6095.7151  VIRIAL  =      6151.5138  VOLUME     =    226538.7136
                                                    Density    =         1.0179
 ------------------------------------------------------------------------------

wrapping first mol.:       22.16767       31.34981       54.29947
wrapping first mol.:       22.16767       31.34981       54.29947

 NSTEP =    46000   TIME(PS) =    7492.000  TEMP(K) =   301.66  PRESS =  -185.7
 Etot   =    -54291.3136  EKtot   =     13977.3252  EPtot      =    -68268.6388
 BOND   =       457.2864  ANGLE   =      1278.3703  DIHED      =      1827.2206
 1-4 NB =       584.4126  1-4 EEL =      8832.4287  VDWAALS    =      8136.5735
 EELEC  =    -89385.8499  EHBOND  =         0.0000  RESTRAINT  =         0.9190
 EAMBER (non-restraint)  =    -68269.5578
 EKCMT  =      6142.1188  VIRIAL  =      7049.7547  VOLUME     =    226416.9178
                                                    Density    =         1.0185
 ------------------------------------------------------------------------------

wrapping first mol.:       22.16727       31.34926       54.29850
wrapping first mol.:       22.16727       31.34926       54.29850

 NSTEP =    46500   TIME(PS) =    7493.000  TEMP(K) =   301.27  PRESS =     3.7
 Etot   =    -54395.3292  EKtot   =     13959.6562  EPtot      =    -68354.9854
 BOND   =       426.8891  ANGLE   =      1217.0768  DIHED      =      1851.8601
 1-4 NB =       588.5851  1-4 EEL =      8890.1435  VDWAALS    =      8012.5903
 EELEC  =    -89343.0555  EHBOND  =         0.0000  RESTRAINT  =         0.9251
 EAMBER (non-restraint)  =    -68355.9105
 EKCMT  =      6010.7103  VIRIAL  =      5992.7498  VOLUME     =    226400.9917
                                                    Density    =         1.0186
 ------------------------------------------------------------------------------

wrapping first mol.:       22.15996       31.33892       54.28059
wrapping first mol.:       22.15996       31.33892       54.28059

 NSTEP =    47000   TIME(PS) =    7494.000  TEMP(K) =   298.50  PRESS =    15.4
 Etot   =    -54414.9515  EKtot   =     13831.1289  EPtot      =    -68246.0804
 BOND   =       463.0950  ANGLE   =      1230.7625  DIHED      =      1851.5490
 1-4 NB =       573.9643  1-4 EEL =      8844.5988  VDWAALS    =      8182.1834
 EELEC  =    -89393.1782  EHBOND  =         0.0000  RESTRAINT  =         0.9449
 EAMBER (non-restraint)  =    -68247.0253
 EKCMT  =      5983.2307  VIRIAL  =      5908.1605  VOLUME     =    226176.8604
                                                    Density    =         1.0196
 ------------------------------------------------------------------------------

wrapping first mol.:       22.17165       31.35545       54.30922
wrapping first mol.:       22.17165       31.35545       54.30922

 NSTEP =    47500   TIME(PS) =    7495.000  TEMP(K) =   301.07  PRESS =    65.2
 Etot   =    -54284.7062  EKtot   =     13950.3516  EPtot      =    -68235.0578
 BOND   =       441.6725  ANGLE   =      1219.7455  DIHED      =      1857.2597
 1-4 NB =       587.1858  1-4 EEL =      8897.0241  VDWAALS    =      8114.8316
 EELEC  =    -89353.5927  EHBOND  =         0.0000  RESTRAINT  =         0.8157
 EAMBER (non-restraint)  =    -68235.8734
 EKCMT  =      6107.7370  VIRIAL  =      5789.0387  VOLUME     =    226533.9311
                                                    Density    =         1.0180
 ------------------------------------------------------------------------------

wrapping first mol.:       22.18502       31.37436       54.34198
wrapping first mol.:       22.18502       31.37436       54.34198

 NSTEP =    48000   TIME(PS) =    7496.000  TEMP(K) =   301.70  PRESS =   -15.7
 Etot   =    -54507.1318  EKtot   =     13979.2686  EPtot      =    -68486.4004
 BOND   =       426.4422  ANGLE   =      1204.3546  DIHED      =      1864.4576
 1-4 NB =       583.5620  1-4 EEL =      8879.5172  VDWAALS    =      8145.1660
 EELEC  =    -89590.6692  EHBOND  =         0.0000  RESTRAINT  =         0.7692
 EAMBER (non-restraint)  =    -68487.1696
 EKCMT  =      5993.7907  VIRIAL  =      6070.5906  VOLUME     =    226945.7154
                                                    Density    =         1.0161
 ------------------------------------------------------------------------------

wrapping first mol.:       22.18695       31.37708       54.34669
wrapping first mol.:       22.18695       31.37708       54.34669

 NSTEP =    48500   TIME(PS) =    7497.000  TEMP(K) =   295.76  PRESS =   102.2
 Etot   =    -54574.1287  EKtot   =     13703.9805  EPtot      =    -68278.1092
 BOND   =       472.2333  ANGLE   =      1243.6861  DIHED      =      1865.1784
 1-4 NB =       577.7370  1-4 EEL =      8857.8403  VDWAALS    =      8097.2133
 EELEC  =    -89392.7208  EHBOND  =         0.0000  RESTRAINT  =         0.7232
 EAMBER (non-restraint)  =    -68278.8324
 EKCMT  =      5953.9724  VIRIAL  =      5453.1733  VOLUME     =    227002.3279
                                                    Density    =         1.0159
 ------------------------------------------------------------------------------

wrapping first mol.:       22.17823       31.36475       54.32533
wrapping first mol.:       22.17823       31.36475       54.32533

 NSTEP =    49000   TIME(PS) =    7498.000  TEMP(K) =   300.06  PRESS =   -74.5
 Etot   =    -54438.6763  EKtot   =     13903.2002  EPtot      =    -68341.8765
 BOND   =       455.5148  ANGLE   =      1229.9012  DIHED      =      1867.4347
 1-4 NB =       584.0071  1-4 EEL =      8835.7291  VDWAALS    =      8063.6392
 EELEC  =    -89378.7407  EHBOND  =         0.0000  RESTRAINT  =         0.6379
 EAMBER (non-restraint)  =    -68342.5144
 EKCMT  =      6050.0090  VIRIAL  =      6414.7974  VOLUME     =    226738.3571
                                                    Density    =         1.0170
 ------------------------------------------------------------------------------

wrapping first mol.:       22.16972       31.35272       54.30450
wrapping first mol.:       22.16972       31.35272       54.30450

 NSTEP =    49500   TIME(PS) =    7499.000  TEMP(K) =   296.26  PRESS =   102.3
 Etot   =    -54577.0526  EKtot   =     13727.2979  EPtot      =    -68304.3504
 BOND   =       467.6603  ANGLE   =      1239.5332  DIHED      =      1866.4800
 1-4 NB =       574.7771  1-4 EEL =      8846.8806  VDWAALS    =      8178.0182
 EELEC  =    -89478.3262  EHBOND  =         0.0000  RESTRAINT  =         0.6264
 EAMBER (non-restraint)  =    -68304.9769
 EKCMT  =      5982.2113  VIRIAL  =      5482.1962  VOLUME     =    226474.0978
                                                    Density    =         1.0182
 ------------------------------------------------------------------------------

wrapping first mol.:       22.15903       31.33759       54.27830
wrapping first mol.:       22.15903       31.33759       54.27830

 NSTEP =    50000   TIME(PS) =    7500.000  TEMP(K) =   301.37  PRESS =    24.5
 Etot   =    -54347.1127  EKtot   =     13964.2979  EPtot      =    -68311.4105
 BOND   =       450.7667  ANGLE   =      1169.9432  DIHED      =      1875.2880
 1-4 NB =       594.2842  1-4 EEL =      8880.7443  VDWAALS    =      8137.3029
 EELEC  =    -89420.4634  EHBOND  =         0.0000  RESTRAINT  =         0.7235
 EAMBER (non-restraint)  =    -68312.1341
 EKCMT  =      6130.8766  VIRIAL  =      6011.2726  VOLUME     =    226147.9993
                                                    Density    =         1.0197
 ------------------------------------------------------------------------------


      A V E R A G E S   O V E R     100 S T E P S


 NSTEP =    50000   TIME(PS) =    7500.000  TEMP(K) =   300.07  PRESS =     1.0
 Etot   =    -54473.1262  EKtot   =     13903.8155  EPtot      =    -68376.9418
 BOND   =       459.4402  ANGLE   =      1220.7584  DIHED      =      1860.2746
 1-4 NB =       573.6983  1-4 EEL =      8859.0564  VDWAALS    =      8138.2411
 EELEC  =    -89488.9483  EHBOND  =         0.0000  RESTRAINT  =         0.5374
 EAMBER (non-restraint)  =    -68377.4792
 EKCMT  =      6051.0107  VIRIAL  =      6046.4665  VOLUME     =    226307.2390
                                                    Density    =         1.0190
 ------------------------------------------------------------------------------


      R M S  F L U C T U A T I O N S


 NSTEP =    50000   TIME(PS) =    7500.000  TEMP(K) =     2.06  PRESS =   159.9
 Etot   =       152.2539  EKtot   =        95.2306  EPtot      =       124.1015
 BOND   =        18.4435  ANGLE   =        25.2447  DIHED      =        15.0835
 1-4 NB =         9.9516  1-4 EEL =        21.5725  VDWAALS    =       119.4834
 EELEC  =       192.1877  EHBOND  =         0.0000  RESTRAINT  =         0.2535
 EAMBER (non-restraint)  =       123.8480
 EKCMT  =        62.9338  VIRIAL  =       792.6326  VOLUME     =       405.0613
                                                    Density    =         0.0018
 ------------------------------------------------------------------------------

--------------------------------------------------------------------------------
   5.  TIMINGS
--------------------------------------------------------------------------------

|  NonSetup CPU Time in Major Routines:
|
|     Routine           Sec        %
|     ------------------------------
|     Nonbond          34.04   72.13
|     Bond              0.00    0.00
|     Angle             0.00    0.00
|     Dihedral          0.00    0.00
|     Shake             0.30    0.64
|     RunMD            12.80   27.12
|     Other             0.05    0.10
|     ------------------------------
|     Total            47.19

|  PME Nonbond Pairlist CPU Time:
|
|     Routine              Sec        %
|     ---------------------------------
|     Set Up Cit           0.00    0.00
|     Build List           0.00    0.00
|     ---------------------------------
|     Total                0.00    0.00

|  PME Direct Force CPU Time:
|
|     Routine              Sec        %
|     ---------------------------------
|     NonBonded Calc       0.00    0.00
|     Exclude Masked       0.00    0.00
|     Other                0.03    0.06
|     ---------------------------------
|     Total                0.03    0.06

|  PME Reciprocal Force CPU Time:
|
|     Routine              Sec        %
|     ---------------------------------
|     1D bspline           0.00    0.00
|     Grid Charges         0.00    0.00
|     Scalar Sum           0.00    0.00
|     Gradient Sum         0.00    0.00
|     FFT                  0.00    0.00
|     ---------------------------------
|     Total                0.00    0.00

|  Final Performance Info:
|     -----------------------------------------------------
|     Average timings for last   49500 steps:
|     Elapsed(s) =      46.73 Per Step(ms) =       0.94
|         ns/day =     183.03   seconds/ns =     472.06
|
|     Average timings for all steps:
|     Elapsed(s) =      47.21 Per Step(ms) =       0.94
|         ns/day =     183.02   seconds/ns =     472.07
|     -----------------------------------------------------

|  Setup CPU time:            0.51 seconds
|  NonSetup CPU time:        47.19 seconds
|  Total CPU time:           47.70 seconds     0.01 hours

|  Setup wall time:           0    seconds
|  NonSetup wall time:       47    seconds
|  Total wall time:          47    seconds     0.01 hours
