
          -------------------------------------------------------
          Amber 18 PMEMD                              2018
          -------------------------------------------------------

| PMEMD implementation of SANDER, Release 18

| Run on 09/29/2019 at 23:10:01

|   Executable path: pmemd.cuda
| Working directory: /home/pbarletta/lbp/run/4xcp/mhe/e
|          Hostname: Unknown
  [-O]verwriting output

File Assignments:
|   MDIN: 72equ.in                                                              
|  MDOUT: 72equ.out                                                             
| INPCRD: 71e4xcp.rst7                                                          
|   PARM: /home/pbarletta/lbp/top_files/4xcp.prmtop                             
| RESTRT: 72e4xcp.rst7                                                          
|   REFC: 71e4xcp.rst7                                                          
|  MDVEL: mdvel                                                                 
|   MDEN: mden                                                                  
|  MDCRD: 72e4xcp.nc                                                            
| MDINFO: mdinfo                                                                
|  MDFRC: mdfrc                                                                 


 Here is the input file:

Equilibration with solute restrictions                                         
&cntrl                                                                         
imin = 0,                           ! No Minimization                          
nmropt = 0,                         ! No NMR restraints read                   
                                                                               
! Nature and format of the input                                               
ntx = 5,                            ! Coordinates but no velocities will be rea
irest = 1,                          ! Do not run a new simulation              
                                                                               
! Nature and format of the output                                              
ntxo = 1,                           ! rstrt file in ASCII format               
ntpr = 500,                         ! inf in output every ntpr steps           
ntwr = 500,                         ! rstrt file every ntwr steps              
ntwx = 500,                         ! mdcrd file every ntwx steps              
ntwv = 0,                           ! mdvel without velocities                 
ntwe = 0,                           ! Do not write energies and temperatures   
idecomp = 0,                        ! No energy decomposition                  
iwrap = 1,                          ! Coordinates of the restart and mdcrd file
                                                                               
! Frozen or restrained atoms                                                   
ibelly = 0,                         ! No frozen atoms                          
ntr=1,                              ! Harmonic potential restraints            
restraint_wt = 0.0005,                ! The weight for the positional restraint
restraintmask = ':1-131@N,CA,C,O',  ! restrained residues                      
                                                                               
! Molecular dynamics                                                           
nstlim = 50000,                     ! Number of MD-steps                       
dt = 0.002,                         ! Time step                                
                                                                               
! Temperature regulation                                                       
ntt = 3,                            ! Langevin thermostat                      
gamma_ln = 5,                       ! Gamma constant for Langevin              
temp0 = 300.0,                      ! Reference T at which the system is to be 
tempi = 300.0,                      ! Initial T                                
ig = -1,                            ! Seed for the RNG                         
                                                                               
! P and V regulation                                                           
ntp = 1,                            ! constant P                               
barostat = 1,                       ! Berendsen barostat                       
taup = 1,                           ! Pressure relaxation time                 
ntb = 2,                            ! Periodic box for constant P              
                                                                               
! SHAKE variables                                                              
ntc = 2,                            ! Bonds involving H are constrained        
ntf = 2,                            ! Bond interaction involving H are ommited.
                                                                               
cut = 10.0,                         ! Nonbonded cutoff                         
/                                                                              
&end                                                                           


Note: ig = -1. Setting random seed to   637713 based on wallclock time in 
      microseconds.
| irandom = 1, using AMBER's internal random number generator (default).
 
|--------------------- INFORMATION ----------------------
| GPU (CUDA) Version of PMEMD in use: NVIDIA GPU IN USE.
|                    Version 18.0.0
| 
|                      03/25/2018
| 
| Implementation by:
|                    Ross C. Walker     (SDSC)
|                    Scott Le Grand     (nVIDIA)
| 
| Version 18 performance extensions by:
|                    David Cerutti     (Rutgers)
| 
| Precision model in use:
|      [SPFP] - Single Precision Forces, 64-bit Fixed Point
|               Accumulation. (Default)
| 
|--------------------------------------------------------
 
|----------------- CITATION INFORMATION -----------------
|
|    When publishing work that utilized the CUDA version
|    of AMBER, please cite the following in addition to
|    the regular AMBER citations:
|
|  - Romelia Salomon-Ferrer; Andreas W. Goetz; Duncan
|    Poole; Scott Le Grand; Ross C. Walker "Routine
|    microsecond molecular dynamics simulations with
|    AMBER - Part II: Particle Mesh Ewald", J. Chem.
|    Theory Comput., 2013, 9 (9), pp3878-3888,
|    DOI: 10.1021/ct400314y.
|
|  - Andreas W. Goetz; Mark J. Williamson; Dong Xu;
|    Duncan Poole; Scott Le Grand; Ross C. Walker
|    "Routine microsecond molecular dynamics simulations
|    with AMBER - Part I: Generalized Born", J. Chem.
|    Theory Comput., 2012, 8 (5), pp1542-1555.
|
|  - Scott Le Grand; Andreas W. Goetz; Ross C. Walker
|    "SPFP: Speed without compromise - a mixed precision
|    model for GPU accelerated molecular dynamics
|    simulations.", Comp. Phys. Comm., 2013, 184
|    pp374-380, DOI: 10.1016/j.cpc.2012.09.022
|
|--------------------------------------------------------
 
|------------------- GPU DEVICE INFO --------------------
|
|            CUDA_VISIBLE_DEVICES: 0
|   CUDA Capable Devices Detected:      1
|           CUDA Device ID in use:      0
|                CUDA Device Name: GeForce GTX 1080 Ti
|     CUDA Device Global Mem Size:  11178 MB
| CUDA Device Num Multiprocessors:     28
|           CUDA Device Core Freq:   1.72 GHz
|
|--------------------------------------------------------
 
 
| Conditional Compilation Defines Used:
| PUBFFT
| BINTRAJ
| CUDA
| EMIL

| Largest sphere to fit in unit cell has radius =    27.139

| New format PARM file being parsed.
| Version =    1.000 Date = 04/14/18 Time = 19:54:59

| Note: 1-4 EEL scale factors are being read from the topology file.

| Note: 1-4 VDW scale factors are being read from the topology file.
| Duplicated    0 dihedrals

| Duplicated    0 dihedrals

--------------------------------------------------------------------------------
   1.  RESOURCE   USE: 
--------------------------------------------------------------------------------

 getting new box info from bottom of inpcrd
 NATOM  =   22707 NTYPES =      17 NBONH =   21487 MBONA  =    1237
 NTHETH =    2916 MTHETA =    1649 NPHIH =    5625 MPHIA  =    5085
 NHPARM =       0 NPARM  =       0 NNB   =   40734 NRES   =    6902
 NBONA  =    1237 NTHETA =    1649 NPHIA =    5085 NUMBND =      64
 NUMANG =     139 NPTRA  =     166 NATYP =      37 NPHB   =       1
 IFBOX  =       2 NMXRS  =      50 IFCAP =       0 NEXTRA =       0
 NCOPY  =       0

| Coordinate Index Table dimensions:    10   10   10
| Direct force subcell size =     6.6477    6.6477    6.6477

     BOX TYPE: TRUNCATED OCTAHEDRON

--------------------------------------------------------------------------------
   2.  CONTROL  DATA  FOR  THE  RUN
--------------------------------------------------------------------------------

default_name                                                                    

General flags:
     imin    =       0, nmropt  =       0

Nature and format of input:
     ntx     =       5, irest   =       1, ntrx    =       1

Nature and format of output:
     ntxo    =       1, ntpr    =     500, ntrx    =       1, ntwr    =     500
     iwrap   =       1, ntwx    =     500, ntwv    =       0, ntwe    =       0
     ioutfm  =       1, ntwprt  =       0, idecomp =       0, rbornstat=      0

Potential function:
     ntf     =       2, ntb     =       2, igb     =       0, nsnb    =      25
     ipol    =       0, gbsa    =       0, iesp    =       0
     dielc   =   1.00000, cut     =  10.00000, intdiel =   1.00000

Frozen or restrained atoms:
     ibelly  =       0, ntr     =       1
     restraint_wt =   0.00050

Molecular dynamics:
     nstlim  =     50000, nscm    =         0, nrespa  =         1
     t       =   0.00000, dt      =   0.00200, vlimit  =  -1.00000

Langevin dynamics temperature regulation:
     ig      =  637713
     temp0   = 300.00000, tempi   = 300.00000, gamma_ln=   5.00000

Pressure regulation:
     ntp     =       1
     pres0   =   1.00000, comp    =  44.60000, taup    =   1.00000

SHAKE:
     ntc     =       2, jfastw  =       0
     tol     =   0.00001

| Intermolecular bonds treatment:
|     no_intermolecular_bonds =       1

| Energy averages sample interval:
|     ene_avg_sampling =     500

Ewald parameters:
     verbose =       0, ew_type =       0, nbflag  =       1, use_pme =       1
     vdwmeth =       1, eedmeth =       1, netfrc  =       1
     Box X =   66.477   Box Y =   66.477   Box Z =   66.477
     Alpha =  109.471   Beta  =  109.471   Gamma =  109.471
     NFFT1 =   64       NFFT2 =   64       NFFT3 =   64
     Cutoff=   10.000   Tol   =0.100E-04
     Ewald Coefficient =  0.27511
     Interpolation order =    4

    LOADING THE CONSTRAINED ATOMS AS GROUPS


   5.  REFERENCE ATOM COORDINATES

  default_name                                                                    
     Mask :1-131@N,CA,C,O; matches   524 atoms

--------------------------------------------------------------------------------
   3.  ATOMIC COORDINATES AND VELOCITIES
--------------------------------------------------------------------------------

default_name                                                                    
 begin time read from input coords =  7500.000 ps

 
 Number of triangulated 3-point waters found:     6742

     Sum of charges from parm topology file =  -0.00100007
     Forcing neutrality...

| Dynamic Memory, Types Used:
| Reals             1110941
| Integers           905820

| Nonbonded Pairs Initial Allocation:     6868299

| GPU memory information (estimate):
| KB of GPU memory in use:         0
| KB of CPU memory in use:         0

--------------------------------------------------------------------------------
   4.  RESULTS
--------------------------------------------------------------------------------

wrapping first mol.:       22.16838       31.35083       54.30122
wrapping first mol.:       22.16838       31.35083       54.30122

 NSTEP =      500   TIME(PS) =    7501.000  TEMP(K) =   301.17  PRESS =    64.3
 Etot   =    -54236.8220  EKtot   =     13954.6055  EPtot      =    -68191.4274
 BOND   =       484.3178  ANGLE   =      1238.0149  DIHED      =      1853.3734
 1-4 NB =       586.3258  1-4 EEL =      8894.6802  VDWAALS    =      8234.0969
 EELEC  =    -89482.2990  EHBOND  =         0.0000  RESTRAINT  =         0.0624
 EAMBER (non-restraint)  =    -68191.4899
 EKCMT  =      6103.3668  VIRIAL  =      5788.8639  VOLUME     =    226433.8399
                                                    Density    =         1.0184
 ------------------------------------------------------------------------------

wrapping first mol.:       22.17071       31.35412       54.30692
wrapping first mol.:       22.17071       31.35412       54.30692

 NSTEP =     1000   TIME(PS) =    7502.000  TEMP(K) =   300.89  PRESS =    46.1
 Etot   =    -54402.5037  EKtot   =     13941.6758  EPtot      =    -68344.1795
 BOND   =       450.2186  ANGLE   =      1233.8120  DIHED      =      1865.0624
 1-4 NB =       582.3327  1-4 EEL =      8858.1343  VDWAALS    =      8036.3823
 EELEC  =    -89370.1932  EHBOND  =         0.0000  RESTRAINT  =         0.0714
 EAMBER (non-restraint)  =    -68344.2509
 EKCMT  =      6057.7709  VIRIAL  =      5832.4884  VOLUME     =    226505.5493
                                                    Density    =         1.0181
 ------------------------------------------------------------------------------

wrapping first mol.:       22.16327       31.34360       54.28871
wrapping first mol.:       22.16327       31.34360       54.28871

 NSTEP =     1500   TIME(PS) =    7503.000  TEMP(K) =   301.19  PRESS =  -319.7
 Etot   =    -54222.4544  EKtot   =     13955.9346  EPtot      =    -68178.3890
 BOND   =       443.9563  ANGLE   =      1244.1917  DIHED      =      1864.7479
 1-4 NB =       545.5465  1-4 EEL =      8821.5911  VDWAALS    =      7879.5780
 EELEC  =    -88978.0810  EHBOND  =         0.0000  RESTRAINT  =         0.0805
 EAMBER (non-restraint)  =    -68178.4695
 EKCMT  =      6035.9926  VIRIAL  =      7598.1699  VOLUME     =    226285.0750
                                                    Density    =         1.0191
 ------------------------------------------------------------------------------

wrapping first mol.:       22.16251       31.34252       54.28683
wrapping first mol.:       22.16251       31.34252       54.28683

 NSTEP =     2000   TIME(PS) =    7504.000  TEMP(K) =   299.71  PRESS =   -78.9
 Etot   =    -54655.1411  EKtot   =     13887.0029  EPtot      =    -68542.1440
 BOND   =       447.8207  ANGLE   =      1169.1915  DIHED      =      1855.7976
 1-4 NB =       580.6550  1-4 EEL =      8874.8014  VDWAALS    =      8080.6587
 EELEC  =    -89551.1612  EHBOND  =         0.0000  RESTRAINT  =         0.0923
 EAMBER (non-restraint)  =    -68542.2363
 EKCMT  =      6030.0612  VIRIAL  =      6415.7402  VOLUME     =    226256.6927
                                                    Density    =         1.0192
 ------------------------------------------------------------------------------

wrapping first mol.:       22.15506       31.33199       54.26859
wrapping first mol.:       22.15506       31.33199       54.26859

 NSTEP =     2500   TIME(PS) =    7505.000  TEMP(K) =   301.57  PRESS =  -109.8
 Etot   =    -54500.4251  EKtot   =     13973.1885  EPtot      =    -68473.6136
 BOND   =       453.9507  ANGLE   =      1245.8166  DIHED      =      1886.7396
 1-4 NB =       559.9669  1-4 EEL =      8850.2217  VDWAALS    =      8160.0623
 EELEC  =    -89630.4599  EHBOND  =         0.0000  RESTRAINT  =         0.0886
 EAMBER (non-restraint)  =    -68473.7022
 EKCMT  =      6077.7402  VIRIAL  =      6613.7417  VOLUME     =    226029.3315
                                                    Density    =         1.0202
 ------------------------------------------------------------------------------

wrapping first mol.:       22.15426       31.33085       54.26662
wrapping first mol.:       22.15426       31.33085       54.26662

 NSTEP =     3000   TIME(PS) =    7506.000  TEMP(K) =   301.06  PRESS =    89.8
 Etot   =    -54569.8630  EKtot   =     13949.8984  EPtot      =    -68519.7615
 BOND   =       435.7987  ANGLE   =      1185.8476  DIHED      =      1864.9318
 1-4 NB =       584.8874  1-4 EEL =      8844.8327  VDWAALS    =      8123.4113
 EELEC  =    -89559.5753  EHBOND  =         0.0000  RESTRAINT  =         0.1044
 EAMBER (non-restraint)  =    -68519.8658
 EKCMT  =      6010.6676  VIRIAL  =      5572.3757  VOLUME     =    226000.7170
                                                    Density    =         1.0204
 ------------------------------------------------------------------------------

wrapping first mol.:       22.14658       31.32000       54.24782
wrapping first mol.:       22.14658       31.32000       54.24782

 NSTEP =     3500   TIME(PS) =    7507.000  TEMP(K) =   297.69  PRESS =   244.5
 Etot   =    -54548.7712  EKtot   =     13793.5215  EPtot      =    -68342.2926
 BOND   =       474.5603  ANGLE   =      1247.3878  DIHED      =      1866.3178
 1-4 NB =       580.1408  1-4 EEL =      8854.1154  VDWAALS    =      8175.3763
 EELEC  =    -89540.3137  EHBOND  =         0.0000  RESTRAINT  =         0.1227
 EAMBER (non-restraint)  =    -68342.4153
 EKCMT  =      6061.0639  VIRIAL  =      4869.3784  VOLUME     =    225762.8071
                                                    Density    =         1.0214
 ------------------------------------------------------------------------------

wrapping first mol.:       22.13789       31.30771       54.22654
wrapping first mol.:       22.13789       31.30771       54.22654

 NSTEP =     4000   TIME(PS) =    7508.000  TEMP(K) =   299.68  PRESS =   -44.2
 Etot   =    -54665.4222  EKtot   =     13885.8281  EPtot      =    -68551.2503
 BOND   =       448.9335  ANGLE   =      1209.1702  DIHED      =      1849.3316
 1-4 NB =       577.4910  1-4 EEL =      8872.7221  VDWAALS    =      7959.6401
 EELEC  =    -89468.6410  EHBOND  =         0.0000  RESTRAINT  =         0.1022
 EAMBER (non-restraint)  =    -68551.3525
 EKCMT  =      6004.0820  VIRIAL  =      6219.0549  VOLUME     =    225502.9838
                                                    Density    =         1.0226
 ------------------------------------------------------------------------------

wrapping first mol.:       22.14098       31.31208       54.23410
wrapping first mol.:       22.14098       31.31208       54.23410

 NSTEP =     4500   TIME(PS) =    7509.000  TEMP(K) =   301.33  PRESS =   106.8
 Etot   =    -54528.2571  EKtot   =     13962.4502  EPtot      =    -68490.7073
 BOND   =       467.2437  ANGLE   =      1194.8624  DIHED      =      1866.3323
 1-4 NB =       569.5022  1-4 EEL =      8845.9123  VDWAALS    =      8163.6020
 EELEC  =    -89598.2709  EHBOND  =         0.0000  RESTRAINT  =         0.1088
 EAMBER (non-restraint)  =    -68490.8161
 EKCMT  =      6165.5604  VIRIAL  =      5645.4621  VOLUME     =    225594.3846
                                                    Density    =         1.0222
 ------------------------------------------------------------------------------

wrapping first mol.:       22.14783       31.32176       54.25088
wrapping first mol.:       22.14783       31.32176       54.25088

 NSTEP =     5000   TIME(PS) =    7510.000  TEMP(K) =   306.83  PRESS =   -33.1
 Etot   =    -54131.6969  EKtot   =     14217.2246  EPtot      =    -68348.9215
 BOND   =       491.4356  ANGLE   =      1182.8564  DIHED      =      1845.2636
 1-4 NB =       577.2103  1-4 EEL =      8905.5458  VDWAALS    =      8120.4304
 EELEC  =    -89471.7907  EHBOND  =         0.0000  RESTRAINT  =         0.1269
 EAMBER (non-restraint)  =    -68349.0485
 EKCMT  =      6251.6707  VIRIAL  =      6412.8064  VOLUME     =    225806.5798
                                                    Density    =         1.0212
 ------------------------------------------------------------------------------

wrapping first mol.:       22.16291       31.34308       54.28781
wrapping first mol.:       22.16291       31.34308       54.28781

 NSTEP =     5500   TIME(PS) =    7511.000  TEMP(K) =   298.26  PRESS =   421.0
 Etot   =    -54543.7060  EKtot   =     13820.1328  EPtot      =    -68363.8388
 BOND   =       464.4733  ANGLE   =      1206.7096  DIHED      =      1840.0507
 1-4 NB =       572.4063  1-4 EEL =      8830.1452  VDWAALS    =      8484.3557
 EELEC  =    -89762.0970  EHBOND  =         0.0000  RESTRAINT  =         0.1173
 EAMBER (non-restraint)  =    -68363.9561
 EKCMT  =      6072.3204  VIRIAL  =      4015.8700  VOLUME     =    226258.8416
                                                    Density    =         1.0192
 ------------------------------------------------------------------------------

wrapping first mol.:       22.16189       31.34164       54.28532
wrapping first mol.:       22.16189       31.34164       54.28532

 NSTEP =     6000   TIME(PS) =    7512.000  TEMP(K) =   299.62  PRESS =   -24.7
 Etot   =    -54417.2359  EKtot   =     13882.8574  EPtot      =    -68300.0934
 BOND   =       449.3610  ANGLE   =      1259.5630  DIHED      =      1888.5583
 1-4 NB =       588.8535  1-4 EEL =      8869.0675  VDWAALS    =      8059.8067
 EELEC  =    -89415.4281  EHBOND  =         0.0000  RESTRAINT  =         0.1248
 EAMBER (non-restraint)  =    -68300.2182
 EKCMT  =      6086.0802  VIRIAL  =      6206.7317  VOLUME     =    226236.6945
                                                    Density    =         1.0193
 ------------------------------------------------------------------------------

wrapping first mol.:       22.16074       31.34002       54.28250
wrapping first mol.:       22.16074       31.34002       54.28250

 NSTEP =     6500   TIME(PS) =    7513.000  TEMP(K) =   303.90  PRESS =   -53.1
 Etot   =    -54441.6507  EKtot   =     14081.3887  EPtot      =    -68523.0394
 BOND   =       468.4232  ANGLE   =      1219.9369  DIHED      =      1856.4646
 1-4 NB =       575.5712  1-4 EEL =      8843.7049  VDWAALS    =      8014.0808
 EELEC  =    -89501.3601  EHBOND  =         0.0000  RESTRAINT  =         0.1389
 EAMBER (non-restraint)  =    -68523.1784
 EKCMT  =      6096.4849  VIRIAL  =      6355.7004  VOLUME     =    226202.1186
                                                    Density    =         1.0195
 ------------------------------------------------------------------------------

wrapping first mol.:       22.14934       31.32390       54.25458
wrapping first mol.:       22.14934       31.32390       54.25458

 NSTEP =     7000   TIME(PS) =    7514.000  TEMP(K) =   299.84  PRESS =   320.9
 Etot   =    -54628.7857  EKtot   =     13893.3936  EPtot      =    -68522.1792
 BOND   =       492.2268  ANGLE   =      1204.1676  DIHED      =      1905.5221
 1-4 NB =       570.4392  1-4 EEL =      8861.4466  VDWAALS    =      8309.2439
 EELEC  =    -89865.3815  EHBOND  =         0.0000  RESTRAINT  =         0.1560
 EAMBER (non-restraint)  =    -68522.3353
 EKCMT  =      5962.0102  VIRIAL  =      4397.3377  VOLUME     =    225845.7271
                                                    Density    =         1.0211
 ------------------------------------------------------------------------------

wrapping first mol.:       22.16594       31.34738       54.29525
wrapping first mol.:       22.16594       31.34738       54.29525

 NSTEP =     7500   TIME(PS) =    7515.000  TEMP(K) =   303.02  PRESS =   212.5
 Etot   =    -54244.4410  EKtot   =     14040.7490  EPtot      =    -68285.1900
 BOND   =       458.5379  ANGLE   =      1253.0825  DIHED      =      1872.1539
 1-4 NB =       565.0163  1-4 EEL =      8855.8437  VDWAALS    =      8100.2836
 EELEC  =    -89390.2720  EHBOND  =         0.0000  RESTRAINT  =         0.1642
 EAMBER (non-restraint)  =    -68285.3542
 EKCMT  =      6152.8082  VIRIAL  =      5114.4273  VOLUME     =    226356.1022
                                                    Density    =         1.0188
 ------------------------------------------------------------------------------

wrapping first mol.:       22.15699       31.33471       54.27330
wrapping first mol.:       22.15699       31.33471       54.27330

 NSTEP =     8000   TIME(PS) =    7516.000  TEMP(K) =   301.72  PRESS =     7.7
 Etot   =    -54199.9133  EKtot   =     13980.2871  EPtot      =    -68180.2004
 BOND   =       449.6092  ANGLE   =      1286.8331  DIHED      =      1863.4499
 1-4 NB =       572.1812  1-4 EEL =      8850.7512  VDWAALS    =      8087.8132
 EELEC  =    -89291.0037  EHBOND  =         0.0000  RESTRAINT  =         0.1653
 EAMBER (non-restraint)  =    -68180.3657
 EKCMT  =      6065.8388  VIRIAL  =      6028.2342  VOLUME     =    226085.8926
                                                    Density    =         1.0200
 ------------------------------------------------------------------------------

wrapping first mol.:       22.13658       31.30585       54.22332
wrapping first mol.:       22.13658       31.30585       54.22332

 NSTEP =     8500   TIME(PS) =    7517.000  TEMP(K) =   299.64  PRESS =   -42.0
 Etot   =    -54583.2787  EKtot   =     13883.9307  EPtot      =    -68467.2093
 BOND   =       482.1772  ANGLE   =      1205.4452  DIHED      =      1883.0570
 1-4 NB =       588.7347  1-4 EEL =      8838.7744  VDWAALS    =      8029.2044
 EELEC  =    -89494.7770  EHBOND  =         0.0000  RESTRAINT  =         0.1747
 EAMBER (non-restraint)  =    -68467.3841
 EKCMT  =      5991.5613  VIRIAL  =      6196.2146  VOLUME     =    225462.7706
                                                    Density    =         1.0228
 ------------------------------------------------------------------------------

wrapping first mol.:       22.14483       31.31752       54.24353
wrapping first mol.:       22.14483       31.31752       54.24353

 NSTEP =     9000   TIME(PS) =    7518.000  TEMP(K) =   299.91  PRESS =    39.3
 Etot   =    -54675.7148  EKtot   =     13896.3232  EPtot      =    -68572.0381
 BOND   =       450.4575  ANGLE   =      1180.6568  DIHED      =      1868.7114
 1-4 NB =       587.5996  1-4 EEL =      8850.0161  VDWAALS    =      8100.3565
 EELEC  =    -89610.0219  EHBOND  =         0.0000  RESTRAINT  =         0.1859
 EAMBER (non-restraint)  =    -68572.2240
 EKCMT  =      6029.0977  VIRIAL  =      5837.4478  VOLUME     =    225713.4181
                                                    Density    =         1.0217
 ------------------------------------------------------------------------------

wrapping first mol.:       22.13332       31.30124       54.21533
wrapping first mol.:       22.13332       31.30124       54.21533

 NSTEP =     9500   TIME(PS) =    7519.000  TEMP(K) =   297.95  PRESS =    67.6
 Etot   =    -54577.8738  EKtot   =     13805.7744  EPtot      =    -68383.6483
 BOND   =       457.6672  ANGLE   =      1201.6833  DIHED      =      1863.6179
 1-4 NB =       582.6923  1-4 EEL =      8859.8027  VDWAALS    =      8233.1454
 EELEC  =    -89582.4451  EHBOND  =         0.0000  RESTRAINT  =         0.1880
 EAMBER (non-restraint)  =    -68383.8362
 EKCMT  =      5978.2345  VIRIAL  =      5649.1415  VOLUME     =    225361.0018
                                                    Density    =         1.0233
 ------------------------------------------------------------------------------

wrapping first mol.:       22.13328       31.30119       54.21524
wrapping first mol.:       22.13328       31.30119       54.21524

 NSTEP =    10000   TIME(PS) =    7520.000  TEMP(K) =   296.90  PRESS =  -243.9
 Etot   =    -54670.2776  EKtot   =     13757.0576  EPtot      =    -68427.3352
 BOND   =       451.9006  ANGLE   =      1197.5549  DIHED      =      1854.3417
 1-4 NB =       573.2227  1-4 EEL =      8843.6928  VDWAALS    =      7869.3608
 EELEC  =    -89217.6106  EHBOND  =         0.0000  RESTRAINT  =         0.2018
 EAMBER (non-restraint)  =    -68427.5370
 EKCMT  =      6056.1297  VIRIAL  =      7243.0644  VOLUME     =    225366.0920
                                                    Density    =         1.0232
 ------------------------------------------------------------------------------

wrapping first mol.:       22.13501       31.30364       54.21948
wrapping first mol.:       22.13501       31.30364       54.21948

 NSTEP =    10500   TIME(PS) =    7521.000  TEMP(K) =   298.53  PRESS =   153.8
 Etot   =    -54683.5220  EKtot   =     13832.2676  EPtot      =    -68515.7896
 BOND   =       473.5315  ANGLE   =      1236.0307  DIHED      =      1856.4350
 1-4 NB =       582.5085  1-4 EEL =      8822.5463  VDWAALS    =      8253.6841
 EELEC  =    -89740.7351  EHBOND  =         0.0000  RESTRAINT  =         0.2094
 EAMBER (non-restraint)  =    -68515.9990
 EKCMT  =      6075.9893  VIRIAL  =      5327.3475  VOLUME     =    225411.0495
                                                    Density    =         1.0230
 ------------------------------------------------------------------------------

wrapping first mol.:       22.15833       31.33661       54.27659
wrapping first mol.:       22.15833       31.33661       54.27659

 NSTEP =    11000   TIME(PS) =    7522.000  TEMP(K) =   302.38  PRESS =    89.9
 Etot   =    -54166.3049  EKtot   =     14010.9619  EPtot      =    -68177.2668
 BOND   =       452.7286  ANGLE   =      1267.7197  DIHED      =      1865.6813
 1-4 NB =       577.8984  1-4 EEL =      8844.0175  VDWAALS    =      7992.7627
 EELEC  =    -89178.2557  EHBOND  =         0.0000  RESTRAINT  =         0.1807
 EAMBER (non-restraint)  =    -68177.4475
 EKCMT  =      6055.1872  VIRIAL  =      5616.4159  VOLUME     =    226125.3481
                                                    Density    =         1.0198
 ------------------------------------------------------------------------------

wrapping first mol.:       22.14995       31.32475       54.25606
wrapping first mol.:       22.14995       31.32475       54.25606

 NSTEP =    11500   TIME(PS) =    7523.000  TEMP(K) =   302.86  PRESS =   -16.1
 Etot   =    -54308.8022  EKtot   =     14033.3096  EPtot      =    -68342.1117
 BOND   =       447.0267  ANGLE   =      1202.1746  DIHED      =      1875.4552
 1-4 NB =       582.7854  1-4 EEL =      8899.6854  VDWAALS    =      8075.7038
 EELEC  =    -89425.1477  EHBOND  =         0.0000  RESTRAINT  =         0.2050
 EAMBER (non-restraint)  =    -68342.3167
 EKCMT  =      6098.8679  VIRIAL  =      6177.2967  VOLUME     =    225870.9279
                                                    Density    =         1.0210
 ------------------------------------------------------------------------------

wrapping first mol.:       22.17289       31.35721       54.31227
wrapping first mol.:       22.17289       31.35721       54.31227

 NSTEP =    12000   TIME(PS) =    7524.000  TEMP(K) =   303.92  PRESS =  -196.0
 Etot   =    -54474.9679  EKtot   =     14082.4150  EPtot      =    -68557.3829
 BOND   =       473.7270  ANGLE   =      1200.7105  DIHED      =      1863.7793
 1-4 NB =       569.3812  1-4 EEL =      8872.1159  VDWAALS    =      8032.8141
 EELEC  =    -89570.1462  EHBOND  =         0.0000  RESTRAINT  =         0.2353
 EAMBER (non-restraint)  =    -68557.6182
 EKCMT  =      6111.8701  VIRIAL  =      7070.7861  VOLUME     =    226577.3558
                                                    Density    =         1.0178
 ------------------------------------------------------------------------------

wrapping first mol.:       22.16804       31.35034       54.30038
wrapping first mol.:       22.16804       31.35034       54.30038

 NSTEP =    12500   TIME(PS) =    7525.000  TEMP(K) =   301.63  PRESS =    79.1
 Etot   =    -54417.5752  EKtot   =     13975.9600  EPtot      =    -68393.5351
 BOND   =       460.8927  ANGLE   =      1275.6303  DIHED      =      1859.0704
 1-4 NB =       561.7157  1-4 EEL =      8838.8222  VDWAALS    =      8077.5600
 EELEC  =    -89467.4462  EHBOND  =         0.0000  RESTRAINT  =         0.2199
 EAMBER (non-restraint)  =    -68393.7551
 EKCMT  =      6072.1921  VIRIAL  =      5685.5505  VOLUME     =    226423.0473
                                                    Density    =         1.0185
 ------------------------------------------------------------------------------

wrapping first mol.:       22.15292       31.32896       54.26334
wrapping first mol.:       22.15292       31.32896       54.26334

 NSTEP =    13000   TIME(PS) =    7526.000  TEMP(K) =   299.18  PRESS =   -69.9
 Etot   =    -54386.2373  EKtot   =     13862.4248  EPtot      =    -68248.6621
 BOND   =       466.6037  ANGLE   =      1216.8178  DIHED      =      1846.9747
 1-4 NB =       568.1388  1-4 EEL =      8890.4869  VDWAALS    =      8054.9252
 EELEC  =    -89292.8249  EHBOND  =         0.0000  RESTRAINT  =         0.2157
 EAMBER (non-restraint)  =    -68248.8778
 EKCMT  =      5992.1724  VIRIAL  =      6333.0472  VOLUME     =    225962.9448
                                                    Density    =         1.0205
 ------------------------------------------------------------------------------

wrapping first mol.:       22.15641       31.33390       54.27190
wrapping first mol.:       22.15641       31.33390       54.27190

 NSTEP =    13500   TIME(PS) =    7527.000  TEMP(K) =   302.29  PRESS =   135.6
 Etot   =    -54437.9282  EKtot   =     14006.6348  EPtot      =    -68444.5629
 BOND   =       473.4510  ANGLE   =      1198.2776  DIHED      =      1860.0904
 1-4 NB =       569.4379  1-4 EEL =      8848.9786  VDWAALS    =      8249.9349
 EELEC  =    -89644.9760  EHBOND  =         0.0000  RESTRAINT  =         0.2428
 EAMBER (non-restraint)  =    -68444.8057
 EKCMT  =      6089.0088  VIRIAL  =      5427.3499  VOLUME     =    226065.7755
                                                    Density    =         1.0201
 ------------------------------------------------------------------------------

wrapping first mol.:       22.16497       31.34600       54.29286
wrapping first mol.:       22.16497       31.34600       54.29286

 NSTEP =    14000   TIME(PS) =    7528.000  TEMP(K) =   301.44  PRESS =   -13.4
 Etot   =    -54404.1573  EKtot   =     13967.5264  EPtot      =    -68371.6837
 BOND   =       477.2254  ANGLE   =      1187.7826  DIHED      =      1857.4913
 1-4 NB =       577.2833  1-4 EEL =      8852.6268  VDWAALS    =      8219.3544
 EELEC  =    -89543.6927  EHBOND  =         0.0000  RESTRAINT  =         0.2453
 EAMBER (non-restraint)  =    -68371.9290
 EKCMT  =      5915.6534  VIRIAL  =      5980.9846  VOLUME     =    226330.7917
                                                    Density    =         1.0189
 ------------------------------------------------------------------------------

wrapping first mol.:       22.16325       31.34357       54.28866
wrapping first mol.:       22.16325       31.34357       54.28866

 NSTEP =    14500   TIME(PS) =    7529.000  TEMP(K) =   297.19  PRESS =    60.9
 Etot   =    -54558.1191  EKtot   =     13770.3799  EPtot      =    -68328.4990
 BOND   =       454.6478  ANGLE   =      1227.9242  DIHED      =      1849.9485
 1-4 NB =       579.5118  1-4 EEL =      8894.1473  VDWAALS    =      8274.7221
 EELEC  =    -89609.6604  EHBOND  =         0.0000  RESTRAINT  =         0.2596
 EAMBER (non-restraint)  =    -68328.7586
 EKCMT  =      5967.4076  VIRIAL  =      5670.0866  VOLUME     =    226276.7821
                                                    Density    =         1.0191
 ------------------------------------------------------------------------------

wrapping first mol.:       22.15545       31.33253       54.26954
wrapping first mol.:       22.15545       31.33253       54.26954

 NSTEP =    15000   TIME(PS) =    7530.000  TEMP(K) =   298.65  PRESS =   -79.5
 Etot   =    -54451.5472  EKtot   =     13837.9238  EPtot      =    -68289.4711
 BOND   =       436.1538  ANGLE   =      1240.8433  DIHED      =      1868.8773
 1-4 NB =       571.7050  1-4 EEL =      8865.3635  VDWAALS    =      8143.4769
 EELEC  =    -89416.1694  EHBOND  =         0.0000  RESTRAINT  =         0.2785
 EAMBER (non-restraint)  =    -68289.7496
 EKCMT  =      5905.1938  VIRIAL  =      6292.9918  VOLUME     =    226040.5922
                                                    Density    =         1.0202
 ------------------------------------------------------------------------------

wrapping first mol.:       22.16165       31.34131       54.28473
wrapping first mol.:       22.16165       31.34131       54.28473

 NSTEP =    15500   TIME(PS) =    7531.000  TEMP(K) =   300.19  PRESS =    76.7
 Etot   =    -54535.9723  EKtot   =     13909.5703  EPtot      =    -68445.5426
 BOND   =       444.8953  ANGLE   =      1265.1862  DIHED      =      1864.8561
 1-4 NB =       570.5979  1-4 EEL =      8862.9800  VDWAALS    =      8125.1130
 EELEC  =    -89579.4132  EHBOND  =         0.0000  RESTRAINT  =         0.2421
 EAMBER (non-restraint)  =    -68445.7847
 EKCMT  =      6019.0154  VIRIAL  =      5644.2996  VOLUME     =    226227.3502
                                                    Density    =         1.0193
 ------------------------------------------------------------------------------

wrapping first mol.:       22.15323       31.32939       54.26409
wrapping first mol.:       22.15323       31.32939       54.26409

 NSTEP =    16000   TIME(PS) =    7532.000  TEMP(K) =   298.94  PRESS =    57.8
 Etot   =    -54517.2107  EKtot   =     13851.6357  EPtot      =    -68368.8464
 BOND   =       430.3882  ANGLE   =      1201.4327  DIHED      =      1845.3543
 1-4 NB =       576.6606  1-4 EEL =      8887.8282  VDWAALS    =      7952.6823
 EELEC  =    -89263.4173  EHBOND  =         0.0000  RESTRAINT  =         0.2246
 EAMBER (non-restraint)  =    -68369.0710
 EKCMT  =      5959.3818  VIRIAL  =      5677.1533  VOLUME     =    225969.7946
                                                    Density    =         1.0205
 ------------------------------------------------------------------------------

wrapping first mol.:       22.14367       31.31588       54.24068
wrapping first mol.:       22.14367       31.31588       54.24068

 NSTEP =    16500   TIME(PS) =    7533.000  TEMP(K) =   299.35  PRESS =  -159.1
 Etot   =    -54525.2506  EKtot   =     13870.4668  EPtot      =    -68395.7174
 BOND   =       468.4474  ANGLE   =      1212.1001  DIHED      =      1864.9116
 1-4 NB =       575.1986  1-4 EEL =      8869.9859  VDWAALS    =      7999.8468
 EELEC  =    -89386.4567  EHBOND  =         0.0000  RESTRAINT  =         0.2490
 EAMBER (non-restraint)  =    -68395.9664
 EKCMT  =      5996.9809  VIRIAL  =      6772.4739  VOLUME     =    225681.8335
                                                    Density    =         1.0218
 ------------------------------------------------------------------------------

wrapping first mol.:       22.15486       31.33170       54.26809
wrapping first mol.:       22.15486       31.33170       54.26809

 NSTEP =    17000   TIME(PS) =    7534.000  TEMP(K) =   299.60  PRESS =    -3.3
 Etot   =    -54467.1560  EKtot   =     13882.1602  EPtot      =    -68349.3162
 BOND   =       460.7768  ANGLE   =      1217.2093  DIHED      =      1866.4180
 1-4 NB =       562.5251  1-4 EEL =      8848.9322  VDWAALS    =      8205.3415
 EELEC  =    -89510.7677  EHBOND  =         0.0000  RESTRAINT  =         0.2487
 EAMBER (non-restraint)  =    -68349.5648
 EKCMT  =      6004.6732  VIRIAL  =      6020.6460  VOLUME     =    226020.9226
                                                    Density    =         1.0203
 ------------------------------------------------------------------------------

wrapping first mol.:       22.15934       31.33805       54.27908
wrapping first mol.:       22.15934       31.33805       54.27908

 NSTEP =    17500   TIME(PS) =    7535.000  TEMP(K) =   299.14  PRESS =   -41.4
 Etot   =    -54536.1052  EKtot   =     13860.8438  EPtot      =    -68396.9490
 BOND   =       432.6626  ANGLE   =      1235.6238  DIHED      =      1871.8596
 1-4 NB =       568.5609  1-4 EEL =      8839.5036  VDWAALS    =      8093.0061
 EELEC  =    -89438.4405  EHBOND  =         0.0000  RESTRAINT  =         0.2749
 EAMBER (non-restraint)  =    -68397.2238
 EKCMT  =      6131.6839  VIRIAL  =      6333.6851  VOLUME     =    226159.1095
                                                    Density    =         1.0197
 ------------------------------------------------------------------------------

wrapping first mol.:       22.17099       31.35452       54.30761
wrapping first mol.:       22.17099       31.35452       54.30761

 NSTEP =    18000   TIME(PS) =    7536.000  TEMP(K) =   300.89  PRESS =    43.1
 Etot   =    -54202.5747  EKtot   =     13941.8867  EPtot      =    -68144.4614
 BOND   =       490.4060  ANGLE   =      1229.9769  DIHED      =      1859.8629
 1-4 NB =       561.3842  1-4 EEL =      8842.1369  VDWAALS    =      8172.7130
 EELEC  =    -89301.2187  EHBOND  =         0.0000  RESTRAINT  =         0.2774
 EAMBER (non-restraint)  =    -68144.7388
 EKCMT  =      6087.2640  VIRIAL  =      5876.2846  VOLUME     =    226514.2409
                                                    Density    =         1.0181
 ------------------------------------------------------------------------------

wrapping first mol.:       22.17440       31.35934       54.31596
wrapping first mol.:       22.17440       31.35934       54.31596

 NSTEP =    18500   TIME(PS) =    7537.000  TEMP(K) =   297.95  PRESS =   178.5
 Etot   =    -54787.9825  EKtot   =     13805.6338  EPtot      =    -68593.6163
 BOND   =       449.9025  ANGLE   =      1194.9501  DIHED      =      1858.4004
 1-4 NB =       582.9240  1-4 EEL =      8860.4705  VDWAALS    =      8212.3111
 EELEC  =    -89752.8721  EHBOND  =         0.0000  RESTRAINT  =         0.2974
 EAMBER (non-restraint)  =    -68593.9136
 EKCMT  =      6031.9901  VIRIAL  =      5158.4886  VOLUME     =    226615.9708
                                                    Density    =         1.0176
 ------------------------------------------------------------------------------

wrapping first mol.:       22.16092       31.34027       54.28293
wrapping first mol.:       22.16092       31.34027       54.28293

 NSTEP =    19000   TIME(PS) =    7538.000  TEMP(K) =   299.38  PRESS =  -230.8
 Etot   =    -54740.4111  EKtot   =     13871.9385  EPtot      =    -68612.3496
 BOND   =       438.6103  ANGLE   =      1205.4345  DIHED      =      1853.9294
 1-4 NB =       578.8630  1-4 EEL =      8896.7714  VDWAALS    =      8243.8231
 EELEC  =    -89830.0706  EHBOND  =         0.0000  RESTRAINT  =         0.2893
 EAMBER (non-restraint)  =    -68612.6389
 EKCMT  =      5981.6117  VIRIAL  =      7109.0044  VOLUME     =    226211.0404
                                                    Density    =         1.0194
 ------------------------------------------------------------------------------

wrapping first mol.:       22.16120       31.34067       54.28363
wrapping first mol.:       22.16120       31.34067       54.28363

 NSTEP =    19500   TIME(PS) =    7539.000  TEMP(K) =   298.97  PRESS =    12.5
 Etot   =    -54535.7622  EKtot   =     13852.9014  EPtot      =    -68388.6635
 BOND   =       457.4042  ANGLE   =      1236.7085  DIHED      =      1861.5675
 1-4 NB =       571.2022  1-4 EEL =      8826.2312  VDWAALS    =      8184.7477
 EELEC  =    -89526.7980  EHBOND  =         0.0000  RESTRAINT  =         0.2733
 EAMBER (non-restraint)  =    -68388.9369
 EKCMT  =      6087.8045  VIRIAL  =      6026.6630  VOLUME     =    226214.8564
                                                    Density    =         1.0194
 ------------------------------------------------------------------------------

wrapping first mol.:       22.16656       31.34824       54.29675
wrapping first mol.:       22.16656       31.34824       54.29675

 NSTEP =    20000   TIME(PS) =    7540.000  TEMP(K) =   297.96  PRESS =   103.7
 Etot   =    -54521.5407  EKtot   =     13805.9551  EPtot      =    -68327.4958
 BOND   =       466.9122  ANGLE   =      1232.5747  DIHED      =      1839.7957
 1-4 NB =       568.3585  1-4 EEL =      8851.3384  VDWAALS    =      8036.3210
 EELEC  =    -89323.0565  EHBOND  =         0.0000  RESTRAINT  =         0.2602
 EAMBER (non-restraint)  =    -68327.7561
 EKCMT  =      5989.9570  VIRIAL  =      5483.0091  VOLUME     =    226377.0790
                                                    Density    =         1.0187
 ------------------------------------------------------------------------------

wrapping first mol.:       22.15225       31.32802       54.26171
wrapping first mol.:       22.15225       31.32802       54.26171

 NSTEP =    20500   TIME(PS) =    7541.000  TEMP(K) =   301.21  PRESS =   153.7
 Etot   =    -54650.1089  EKtot   =     13956.8359  EPtot      =    -68606.9448
 BOND   =       460.9496  ANGLE   =      1204.4435  DIHED      =      1860.4842
 1-4 NB =       572.0770  1-4 EEL =      8887.9506  VDWAALS    =      8311.8274
 EELEC  =    -89904.9587  EHBOND  =         0.0000  RESTRAINT  =         0.2815
 EAMBER (non-restraint)  =    -68607.2264
 EKCMT  =      6094.5390  VIRIAL  =      5344.9227  VOLUME     =    225938.1306
                                                    Density    =         1.0206
 ------------------------------------------------------------------------------

wrapping first mol.:       22.16573       31.34708       54.29472
wrapping first mol.:       22.16573       31.34708       54.29472

 NSTEP =    21000   TIME(PS) =    7542.000  TEMP(K) =   297.08  PRESS =    72.0
 Etot   =    -54617.3320  EKtot   =     13765.1572  EPtot      =    -68382.4892
 BOND   =       443.2960  ANGLE   =      1225.3357  DIHED      =      1848.7279
 1-4 NB =       575.6258  1-4 EEL =      8868.0075  VDWAALS    =      8046.7859
 EELEC  =    -89390.5628  EHBOND  =         0.0000  RESTRAINT  =         0.2948
 EAMBER (non-restraint)  =    -68382.7840
 EKCMT  =      6018.3158  VIRIAL  =      5666.5108  VOLUME     =    226352.3831
                                                    Density    =         1.0188
 ------------------------------------------------------------------------------

wrapping first mol.:       22.16457       31.34543       54.29187
wrapping first mol.:       22.16457       31.34543       54.29187

 NSTEP =    21500   TIME(PS) =    7543.000  TEMP(K) =   302.19  PRESS =    10.1
 Etot   =    -54357.2348  EKtot   =     14002.2158  EPtot      =    -68359.4506
 BOND   =       464.3508  ANGLE   =      1212.2486  DIHED      =      1870.5847
 1-4 NB =       559.5966  1-4 EEL =      8819.1435  VDWAALS    =      8031.5554
 EELEC  =    -89317.2164  EHBOND  =         0.0000  RESTRAINT  =         0.2861
 EAMBER (non-restraint)  =    -68359.7367
 EKCMT  =      6046.6343  VIRIAL  =      5997.0577  VOLUME     =    226317.9858
                                                    Density    =         1.0189
 ------------------------------------------------------------------------------

wrapping first mol.:       22.16075       31.34003       54.28252
wrapping first mol.:       22.16075       31.34003       54.28252

 NSTEP =    22000   TIME(PS) =    7544.000  TEMP(K) =   301.85  PRESS =   -68.7
 Etot   =    -54488.6925  EKtot   =     13986.3477  EPtot      =    -68475.0402
 BOND   =       458.4618  ANGLE   =      1286.4423  DIHED      =      1900.1862
 1-4 NB =       557.8190  1-4 EEL =      8826.0252  VDWAALS    =      8129.3493
 EELEC  =    -89633.6115  EHBOND  =         0.0000  RESTRAINT  =         0.2875
 EAMBER (non-restraint)  =    -68475.3277
 EKCMT  =      6059.2164  VIRIAL  =      6394.8557  VOLUME     =    226202.6773
                                                    Density    =         1.0195
 ------------------------------------------------------------------------------

wrapping first mol.:       22.14581       31.31890       54.24592
wrapping first mol.:       22.14581       31.31890       54.24592

 NSTEP =    22500   TIME(PS) =    7545.000  TEMP(K) =   298.54  PRESS =   120.5
 Etot   =    -54681.5644  EKtot   =     13832.9287  EPtot      =    -68514.4932
 BOND   =       440.2241  ANGLE   =      1175.8775  DIHED      =      1882.7081
 1-4 NB =       579.1021  1-4 EEL =      8820.2646  VDWAALS    =      8377.5326
 EELEC  =    -89790.4683  EHBOND  =         0.0000  RESTRAINT  =         0.2663
 EAMBER (non-restraint)  =    -68514.7594
 EKCMT  =      5970.1662  VIRIAL  =      5382.6878  VOLUME     =    225741.5469
                                                    Density    =         1.0215
 ------------------------------------------------------------------------------

wrapping first mol.:       22.13176       31.29903       54.21151
wrapping first mol.:       22.13176       31.29903       54.21151

 NSTEP =    23000   TIME(PS) =    7546.000  TEMP(K) =   300.23  PRESS =  -227.2
 Etot   =    -54639.5391  EKtot   =     13911.1855  EPtot      =    -68550.7247
 BOND   =       454.3036  ANGLE   =      1236.8113  DIHED      =      1849.5827
 1-4 NB =       567.3525  1-4 EEL =      8855.2531  VDWAALS    =      8139.5550
 EELEC  =    -89653.8108  EHBOND  =         0.0000  RESTRAINT  =         0.2279
 EAMBER (non-restraint)  =    -68550.9526
 EKCMT  =      6031.9175  VIRIAL  =      7137.3492  VOLUME     =    225319.2499
                                                    Density    =         1.0235
 ------------------------------------------------------------------------------

wrapping first mol.:       22.13100       31.29797       54.20966
wrapping first mol.:       22.13100       31.29797       54.20966

 NSTEP =    23500   TIME(PS) =    7547.000  TEMP(K) =   300.84  PRESS =    79.8
 Etot   =    -54425.7453  EKtot   =     13939.2959  EPtot      =    -68365.0412
 BOND   =       464.1327  ANGLE   =      1256.7783  DIHED      =      1852.2808
 1-4 NB =       574.3125  1-4 EEL =      8833.0426  VDWAALS    =      8061.0204
 EELEC  =    -89406.8506  EHBOND  =         0.0000  RESTRAINT  =         0.2421
 EAMBER (non-restraint)  =    -68365.2833
 EKCMT  =      6094.3779  VIRIAL  =      5706.3769  VOLUME     =    225290.0625
                                                    Density    =         1.0236
 ------------------------------------------------------------------------------

wrapping first mol.:       22.13807       31.30796       54.22697
wrapping first mol.:       22.13807       31.30796       54.22697

 NSTEP =    24000   TIME(PS) =    7548.000  TEMP(K) =   304.24  PRESS =    65.8
 Etot   =    -54393.4302  EKtot   =     14097.1699  EPtot      =    -68490.6001
 BOND   =       451.8677  ANGLE   =      1194.5908  DIHED      =      1844.9976
 1-4 NB =       574.8046  1-4 EEL =      8859.0622  VDWAALS    =      8254.4878
 EELEC  =    -89670.6905  EHBOND  =         0.0000  RESTRAINT  =         0.2798
 EAMBER (non-restraint)  =    -68490.8799
 EKCMT  =      6156.1156  VIRIAL  =      5835.5974  VOLUME     =    225506.1631
                                                    Density    =         1.0226
 ------------------------------------------------------------------------------

wrapping first mol.:       22.14509       31.31788       54.24416
wrapping first mol.:       22.14509       31.31788       54.24416

 NSTEP =    24500   TIME(PS) =    7549.000  TEMP(K) =   300.56  PRESS =   254.9
 Etot   =    -54500.4079  EKtot   =     13926.6885  EPtot      =    -68427.0964
 BOND   =       441.3842  ANGLE   =      1238.2119  DIHED      =      1879.1161
 1-4 NB =       584.4540  1-4 EEL =      8877.9639  VDWAALS    =      8160.1066
 EELEC  =    -89608.6031  EHBOND  =         0.0000  RESTRAINT  =         0.2701
 EAMBER (non-restraint)  =    -68427.3665
 EKCMT  =      6028.1137  VIRIAL  =      4785.6560  VOLUME     =    225716.9253
                                                    Density    =         1.0216
 ------------------------------------------------------------------------------

wrapping first mol.:       22.15633       31.33378       54.27170
wrapping first mol.:       22.15633       31.33378       54.27170

 NSTEP =    25000   TIME(PS) =    7550.000  TEMP(K) =   303.92  PRESS =   201.3
 Etot   =    -54423.3216  EKtot   =     14082.3789  EPtot      =    -68505.7005
 BOND   =       432.1103  ANGLE   =      1249.9680  DIHED      =      1839.7849
 1-4 NB =       563.0826  1-4 EEL =      8855.7771  VDWAALS    =      8209.9189
 EELEC  =    -89656.6452  EHBOND  =         0.0000  RESTRAINT  =         0.3029
 EAMBER (non-restraint)  =    -68506.0035
 EKCMT  =      6145.0259  VIRIAL  =      5162.4936  VOLUME     =    226061.9932
                                                    Density    =         1.0201
 ------------------------------------------------------------------------------

wrapping first mol.:       22.14542       31.31835       54.24496
wrapping first mol.:       22.14542       31.31835       54.24496

 NSTEP =    25500   TIME(PS) =    7551.000  TEMP(K) =   300.19  PRESS =   196.9
 Etot   =    -54716.4350  EKtot   =     13909.6074  EPtot      =    -68626.0424
 BOND   =       445.6709  ANGLE   =      1228.7153  DIHED      =      1834.8806
 1-4 NB =       584.4705  1-4 EEL =      8879.5899  VDWAALS    =      8376.7611
 EELEC  =    -89976.4203  EHBOND  =         0.0000  RESTRAINT  =         0.2896
 EAMBER (non-restraint)  =    -68626.3320
 EKCMT  =      6053.3115  VIRIAL  =      5093.8301  VOLUME     =    225728.0748
                                                    Density    =         1.0216
 ------------------------------------------------------------------------------

wrapping first mol.:       22.14306       31.31501       54.23918
wrapping first mol.:       22.14306       31.31501       54.23918

 NSTEP =    26000   TIME(PS) =    7552.000  TEMP(K) =   300.06  PRESS =   227.3
 Etot   =    -54537.4628  EKtot   =     13903.3906  EPtot      =    -68440.8534
 BOND   =       455.3914  ANGLE   =      1224.3554  DIHED      =      1853.0508
 1-4 NB =       581.3457  1-4 EEL =      8846.6595  VDWAALS    =      8296.1458
 EELEC  =    -89698.0536  EHBOND  =         0.0000  RESTRAINT  =         0.2516
 EAMBER (non-restraint)  =    -68441.1050
 EKCMT  =      6091.8851  VIRIAL  =      4984.5489  VOLUME     =    225655.3170
                                                    Density    =         1.0219
 ------------------------------------------------------------------------------

wrapping first mol.:       22.13981       31.31042       54.23124
wrapping first mol.:       22.13981       31.31042       54.23124

 NSTEP =    26500   TIME(PS) =    7553.000  TEMP(K) =   301.46  PRESS =  -166.9
 Etot   =    -54541.8930  EKtot   =     13968.2910  EPtot      =    -68510.1840
 BOND   =       472.2313  ANGLE   =      1187.6900  DIHED      =      1837.9970
 1-4 NB =       572.6303  1-4 EEL =      8853.5332  VDWAALS    =      8077.9336
 EELEC  =    -89512.4363  EHBOND  =         0.0000  RESTRAINT  =         0.2369
 EAMBER (non-restraint)  =    -68510.4209
 EKCMT  =      6030.4307  VIRIAL  =      6843.3065  VOLUME     =    225564.0864
                                                    Density    =         1.0223
 ------------------------------------------------------------------------------

wrapping first mol.:       22.13356       31.30158       54.21592
wrapping first mol.:       22.13356       31.30158       54.21592

 NSTEP =    27000   TIME(PS) =    7554.000  TEMP(K) =   299.78  PRESS =  -123.7
 Etot   =    -54569.7261  EKtot   =     13890.4443  EPtot      =    -68460.1704
 BOND   =       476.4524  ANGLE   =      1209.1729  DIHED      =      1854.3151
 1-4 NB =       573.2531  1-4 EEL =      8868.8617  VDWAALS    =      8080.0775
 EELEC  =    -89522.5577  EHBOND  =         0.0000  RESTRAINT  =         0.2545
 EAMBER (non-restraint)  =    -68460.4249
 EKCMT  =      6014.4086  VIRIAL  =      6616.4683  VOLUME     =    225372.2110
                                                    Density    =         1.0232
 ------------------------------------------------------------------------------

wrapping first mol.:       22.14989       31.32468       54.25593
wrapping first mol.:       22.14989       31.32468       54.25593

 NSTEP =    27500   TIME(PS) =    7555.000  TEMP(K) =   300.66  PRESS =    37.9
 Etot   =    -54322.4815  EKtot   =     13931.0801  EPtot      =    -68253.5616
 BOND   =       464.6219  ANGLE   =      1220.0040  DIHED      =      1859.0813
 1-4 NB =       568.8319  1-4 EEL =      8830.5338  VDWAALS    =      7993.5188
 EELEC  =    -89190.4650  EHBOND  =         0.0000  RESTRAINT  =         0.3117
 EAMBER (non-restraint)  =    -68253.8733
 EKCMT  =      6099.2152  VIRIAL  =      5914.2931  VOLUME     =    225868.2133
                                                    Density    =         1.0210
 ------------------------------------------------------------------------------

wrapping first mol.:       22.12559       31.29031       54.19641
wrapping first mol.:       22.12559       31.29031       54.19641

 NSTEP =    28000   TIME(PS) =    7556.000  TEMP(K) =   296.49  PRESS =   209.4
 Etot   =    -54631.4828  EKtot   =     13737.7676  EPtot      =    -68369.2504
 BOND   =       470.3085  ANGLE   =      1211.4005  DIHED      =      1851.2550
 1-4 NB =       589.4500  1-4 EEL =      8861.2344  VDWAALS    =      8058.0705
 EELEC  =    -89411.2847  EHBOND  =         0.0000  RESTRAINT  =         0.3154
 EAMBER (non-restraint)  =    -68369.5657
 EKCMT  =      5964.0330  VIRIAL  =      4946.2073  VOLUME     =    225122.2522
                                                    Density    =         1.0243
 ------------------------------------------------------------------------------

wrapping first mol.:       22.13187       31.29918       54.21177
wrapping first mol.:       22.13187       31.29918       54.21177

 NSTEP =    28500   TIME(PS) =    7557.000  TEMP(K) =   296.74  PRESS =   166.7
 Etot   =    -54699.3293  EKtot   =     13749.6787  EPtot      =    -68449.0080
 BOND   =       450.6232  ANGLE   =      1266.2121  DIHED      =      1867.2318
 1-4 NB =       559.4947  1-4 EEL =      8843.6918  VDWAALS    =      8170.0725
 EELEC  =    -89606.6314  EHBOND  =         0.0000  RESTRAINT  =         0.2972
 EAMBER (non-restraint)  =    -68449.3052
 EKCMT  =      5947.8255  VIRIAL  =      5137.0226  VOLUME     =    225314.6238
                                                    Density    =         1.0235
 ------------------------------------------------------------------------------

wrapping first mol.:       22.14529       31.31816       54.24465
wrapping first mol.:       22.14529       31.31816       54.24465

 NSTEP =    29000   TIME(PS) =    7558.000  TEMP(K) =   303.02  PRESS =   -79.1
 Etot   =    -54459.0024  EKtot   =     14040.5547  EPtot      =    -68499.5570
 BOND   =       484.8963  ANGLE   =      1211.4046  DIHED      =      1847.4818
 1-4 NB =       575.6704  1-4 EEL =      8875.9456  VDWAALS    =      8157.9899
 EELEC  =    -89653.2426  EHBOND  =         0.0000  RESTRAINT  =         0.2972
 EAMBER (non-restraint)  =    -68499.8542
 EKCMT  =      6175.0876  VIRIAL  =      6560.4769  VOLUME     =    225729.7277
                                                    Density    =         1.0216
 ------------------------------------------------------------------------------

wrapping first mol.:       22.16394       31.34454       54.29034
wrapping first mol.:       22.16394       31.34454       54.29034

 NSTEP =    29500   TIME(PS) =    7559.000  TEMP(K) =   304.10  PRESS =   -42.3
 Etot   =    -54207.5297  EKtot   =     14090.6885  EPtot      =    -68298.2182
 BOND   =       451.5490  ANGLE   =      1235.6756  DIHED      =      1877.6494
 1-4 NB =       568.3099  1-4 EEL =      8853.5473  VDWAALS    =      8044.7434
 EELEC  =    -89329.9763  EHBOND  =         0.0000  RESTRAINT  =         0.2835
 EAMBER (non-restraint)  =    -68298.5017
 EKCMT  =      6143.8700  VIRIAL  =      6350.5356  VOLUME     =    226299.8516
                                                    Density    =         1.0190
 ------------------------------------------------------------------------------

wrapping first mol.:       22.14252       31.31425       54.23786
wrapping first mol.:       22.14252       31.31425       54.23786

 NSTEP =    30000   TIME(PS) =    7560.000  TEMP(K) =   298.35  PRESS =   -55.2
 Etot   =    -54813.0149  EKtot   =     13824.0273  EPtot      =    -68637.0422
 BOND   =       454.1099  ANGLE   =      1240.6502  DIHED      =      1873.5983
 1-4 NB =       571.4440  1-4 EEL =      8829.9497  VDWAALS    =      8080.1352
 EELEC  =    -89687.1816  EHBOND  =         0.0000  RESTRAINT  =         0.2520
 EAMBER (non-restraint)  =    -68637.2943
 EKCMT  =      6040.4566  VIRIAL  =      6309.2849  VOLUME     =    225644.5082
                                                    Density    =         1.0220
 ------------------------------------------------------------------------------

wrapping first mol.:       22.13860       31.30871       54.22827
wrapping first mol.:       22.13860       31.30871       54.22827

 NSTEP =    30500   TIME(PS) =    7561.000  TEMP(K) =   301.20  PRESS =    59.9
 Etot   =    -54411.4895  EKtot   =     13955.9824  EPtot      =    -68367.4719
 BOND   =       447.8876  ANGLE   =      1237.6130  DIHED      =      1840.7511
 1-4 NB =       602.2337  1-4 EEL =      8895.1911  VDWAALS    =      8153.4952
 EELEC  =    -89544.9227  EHBOND  =         0.0000  RESTRAINT  =         0.2791
 EAMBER (non-restraint)  =    -68367.7511
 EKCMT  =      6055.1735  VIRIAL  =      5763.5400  VOLUME     =    225522.5537
                                                    Density    =         1.0225
 ------------------------------------------------------------------------------

wrapping first mol.:       22.15125       31.32660       54.25926
wrapping first mol.:       22.15125       31.32660       54.25926

 NSTEP =    31000   TIME(PS) =    7562.000  TEMP(K) =   302.78  PRESS =   -63.4
 Etot   =    -54263.2755  EKtot   =     14029.2734  EPtot      =    -68292.5489
 BOND   =       462.4236  ANGLE   =      1249.0329  DIHED      =      1832.0043
 1-4 NB =       556.0049  1-4 EEL =      8864.2318  VDWAALS    =      8082.3518
 EELEC  =    -89338.9109  EHBOND  =         0.0000  RESTRAINT  =         0.3126
 EAMBER (non-restraint)  =    -68292.8616
 EKCMT  =      6113.5004  VIRIAL  =      6422.8236  VOLUME     =    225911.8879
                                                    Density    =         1.0208
 ------------------------------------------------------------------------------

wrapping first mol.:       22.16049       31.33967       54.28189
wrapping first mol.:       22.16049       31.33967       54.28189

 NSTEP =    31500   TIME(PS) =    7563.000  TEMP(K) =   300.84  PRESS =  -164.7
 Etot   =    -54379.7677  EKtot   =     13939.4629  EPtot      =    -68319.2306
 BOND   =       414.7293  ANGLE   =      1179.8368  DIHED      =      1828.2859
 1-4 NB =       592.6652  1-4 EEL =      8903.8606  VDWAALS    =      7993.6027
 EELEC  =    -89232.5140  EHBOND  =         0.0000  RESTRAINT  =         0.3031
 EAMBER (non-restraint)  =    -68319.5337
 EKCMT  =      6125.1804  VIRIAL  =      6929.7556  VOLUME     =    226196.7316
                                                    Density    =         1.0195
 ------------------------------------------------------------------------------

wrapping first mol.:       22.16583       31.34721       54.29496
wrapping first mol.:       22.16583       31.34721       54.29496

 NSTEP =    32000   TIME(PS) =    7564.000  TEMP(K) =   301.32  PRESS =  -132.9
 Etot   =    -54410.7732  EKtot   =     13961.9717  EPtot      =    -68372.7449
 BOND   =       442.2164  ANGLE   =      1221.4305  DIHED      =      1852.8579
 1-4 NB =       573.8700  1-4 EEL =      8815.4563  VDWAALS    =      8062.1138
 EELEC  =    -89340.9790  EHBOND  =         0.0000  RESTRAINT  =         0.2892
 EAMBER (non-restraint)  =    -68373.0341
 EKCMT  =      6079.9600  VIRIAL  =      6729.6297  VOLUME     =    226359.4642
                                                    Density    =         1.0187
 ------------------------------------------------------------------------------

wrapping first mol.:       22.15648       31.33399       54.27206
wrapping first mol.:       22.15648       31.33399       54.27206

 NSTEP =    32500   TIME(PS) =    7565.000  TEMP(K) =   297.05  PRESS =   -44.6
 Etot   =    -54795.0739  EKtot   =     13764.0078  EPtot      =    -68559.0817
 BOND   =       450.5431  ANGLE   =      1228.0804  DIHED      =      1852.8970
 1-4 NB =       579.2650  1-4 EEL =      8835.8705  VDWAALS    =      8289.4705
 EELEC  =    -89795.4655  EHBOND  =         0.0000  RESTRAINT  =         0.2573
 EAMBER (non-restraint)  =    -68559.3390
 EKCMT  =      5934.6851  VIRIAL  =      6152.6184  VOLUME     =    226071.4091
                                                    Density    =         1.0200
 ------------------------------------------------------------------------------

wrapping first mol.:       22.16145       31.34103       54.28425
wrapping first mol.:       22.16145       31.34103       54.28425

 NSTEP =    33000   TIME(PS) =    7566.000  TEMP(K) =   295.97  PRESS =   102.9
 Etot   =    -54794.2806  EKtot   =     13713.7168  EPtot      =    -68507.9974
 BOND   =       460.9334  ANGLE   =      1240.1963  DIHED      =      1840.7147
 1-4 NB =       595.3396  1-4 EEL =      8874.9076  VDWAALS    =      8343.6069
 EELEC  =    -89863.9431  EHBOND  =         0.0000  RESTRAINT  =         0.2471
 EAMBER (non-restraint)  =    -68508.2445
 EKCMT  =      5959.9526  VIRIAL  =      5457.4480  VOLUME     =    226220.7429
                                                    Density    =         1.0194
 ------------------------------------------------------------------------------

wrapping first mol.:       22.14594       31.31909       54.24624
wrapping first mol.:       22.14594       31.31909       54.24624

 NSTEP =    33500   TIME(PS) =    7567.000  TEMP(K) =   298.37  PRESS =   -96.7
 Etot   =    -54460.6618  EKtot   =     13825.0947  EPtot      =    -68285.7565
 BOND   =       450.1233  ANGLE   =      1226.6957  DIHED      =      1876.9410
 1-4 NB =       580.2174  1-4 EEL =      8879.9855  VDWAALS    =      8140.0990
 EELEC  =    -89440.0768  EHBOND  =         0.0000  RESTRAINT  =         0.2585
 EAMBER (non-restraint)  =    -68286.0150
 EKCMT  =      6012.6348  VIRIAL  =      6484.0951  VOLUME     =    225750.0123
                                                    Density    =         1.0215
 ------------------------------------------------------------------------------

wrapping first mol.:       22.14644       31.31979       54.24746
wrapping first mol.:       22.14644       31.31979       54.24746

 NSTEP =    34000   TIME(PS) =    7568.000  TEMP(K) =   296.96  PRESS =  -158.6
 Etot   =    -54670.8070  EKtot   =     13759.9238  EPtot      =    -68430.7308
 BOND   =       482.0656  ANGLE   =      1214.3516  DIHED      =      1862.3989
 1-4 NB =       572.3530  1-4 EEL =      8855.0803  VDWAALS    =      8110.9052
 EELEC  =    -89528.0842  EHBOND  =         0.0000  RESTRAINT  =         0.1988
 EAMBER (non-restraint)  =    -68430.9296
 EKCMT  =      5970.2873  VIRIAL  =      6743.2248  VOLUME     =    225766.4477
                                                    Density    =         1.0214
 ------------------------------------------------------------------------------

wrapping first mol.:       22.15241       31.32823       54.26209
wrapping first mol.:       22.15241       31.32823       54.26209

 NSTEP =    34500   TIME(PS) =    7569.000  TEMP(K) =   294.50  PRESS =   189.0
 Etot   =    -54729.2243  EKtot   =     13645.7734  EPtot      =    -68374.9977
 BOND   =       447.5007  ANGLE   =      1227.1017  DIHED      =      1877.4082
 1-4 NB =       584.6640  1-4 EEL =      8878.2009  VDWAALS    =      8346.9816
 EELEC  =    -89737.0527  EHBOND  =         0.0000  RESTRAINT  =         0.1979
 EAMBER (non-restraint)  =    -68375.1956
 EKCMT  =      5940.5746  VIRIAL  =      5018.5599  VOLUME     =    225942.1242
                                                    Density    =         1.0206
 ------------------------------------------------------------------------------

wrapping first mol.:       22.14769       31.32156       54.25053
wrapping first mol.:       22.14769       31.32156       54.25053

 NSTEP =    35000   TIME(PS) =    7570.000  TEMP(K) =   298.66  PRESS =    -4.3
 Etot   =    -54691.8451  EKtot   =     13838.6055  EPtot      =    -68530.4506
 BOND   =       461.6115  ANGLE   =      1176.7734  DIHED      =      1849.3037
 1-4 NB =       580.0028  1-4 EEL =      8845.9816  VDWAALS    =      8098.6236
 EELEC  =    -89542.9400  EHBOND  =         0.0000  RESTRAINT  =         0.1929
 EAMBER (non-restraint)  =    -68530.6435
 EKCMT  =      5997.2222  VIRIAL  =      6017.9684  VOLUME     =    225801.6425
                                                    Density    =         1.0213
 ------------------------------------------------------------------------------

wrapping first mol.:       22.13881       31.30900       54.22878
wrapping first mol.:       22.13881       31.30900       54.22878

 NSTEP =    35500   TIME(PS) =    7571.000  TEMP(K) =   301.95  PRESS =  -250.6
 Etot   =    -54366.4538  EKtot   =     13990.7725  EPtot      =    -68357.2263
 BOND   =       430.8898  ANGLE   =      1227.9610  DIHED      =      1857.2431
 1-4 NB =       585.8073  1-4 EEL =      8828.2600  VDWAALS    =      7941.1341
 EELEC  =    -89228.7480  EHBOND  =         0.0000  RESTRAINT  =         0.2263
 EAMBER (non-restraint)  =    -68357.4526
 EKCMT  =      6018.4101  VIRIAL  =      7238.5056  VOLUME     =    225535.1662
                                                    Density    =         1.0225
 ------------------------------------------------------------------------------

wrapping first mol.:       22.15150       31.32695       54.25986
wrapping first mol.:       22.15150       31.32695       54.25986

 NSTEP =    36000   TIME(PS) =    7572.000  TEMP(K) =   300.66  PRESS =    -2.2
 Etot   =    -54378.0803  EKtot   =     13931.2070  EPtot      =    -68309.2873
 BOND   =       446.4569  ANGLE   =      1181.6080  DIHED      =      1861.1859
 1-4 NB =       569.3766  1-4 EEL =      8869.5240  VDWAALS    =      8174.0485
 EELEC  =    -89411.7281  EHBOND  =         0.0000  RESTRAINT  =         0.2410
 EAMBER (non-restraint)  =    -68309.5283
 EKCMT  =      6065.2551  VIRIAL  =      6075.8350  VOLUME     =    225918.1510
                                                    Density    =         1.0207
 ------------------------------------------------------------------------------

wrapping first mol.:       22.15136       31.32675       54.25952
wrapping first mol.:       22.15136       31.32675       54.25952

 NSTEP =    36500   TIME(PS) =    7573.000  TEMP(K) =   299.93  PRESS =  -143.7
 Etot   =    -54221.9373  EKtot   =     13897.3232  EPtot      =    -68119.2606
 BOND   =       447.0719  ANGLE   =      1247.2063  DIHED      =      1858.7524
 1-4 NB =       575.0275  1-4 EEL =      8846.2102  VDWAALS    =      8048.1838
 EELEC  =    -89141.9482  EHBOND  =         0.0000  RESTRAINT  =         0.2355
 EAMBER (non-restraint)  =    -68119.4961
 EKCMT  =      5963.5716  VIRIAL  =      6664.6382  VOLUME     =    225916.7578
                                                    Density    =         1.0207
 ------------------------------------------------------------------------------

wrapping first mol.:       22.16507       31.34614       54.29310
wrapping first mol.:       22.16507       31.34614       54.29310

 NSTEP =    37000   TIME(PS) =    7574.000  TEMP(K) =   298.99  PRESS =  -151.4
 Etot   =    -54678.9222  EKtot   =     13853.6348  EPtot      =    -68532.5569
 BOND   =       464.2844  ANGLE   =      1201.7886  DIHED      =      1857.0360
 1-4 NB =       590.1702  1-4 EEL =      8853.3370  VDWAALS    =      8233.3405
 EELEC  =    -89732.7785  EHBOND  =         0.0000  RESTRAINT  =         0.2649
 EAMBER (non-restraint)  =    -68532.8218
 EKCMT  =      6041.0324  VIRIAL  =      6780.7024  VOLUME     =    226336.5481
                                                    Density    =         1.0189
 ------------------------------------------------------------------------------

wrapping first mol.:       22.16801       31.35030       54.30030
wrapping first mol.:       22.16801       31.35030       54.30030

 NSTEP =    37500   TIME(PS) =    7575.000  TEMP(K) =   298.48  PRESS =   -51.0
 Etot   =    -54554.7004  EKtot   =     13829.9863  EPtot      =    -68384.6867
 BOND   =       468.0777  ANGLE   =      1229.4383  DIHED      =      1832.1848
 1-4 NB =       587.9563  1-4 EEL =      8828.3736  VDWAALS    =      8129.9646
 EELEC  =    -89460.9663  EHBOND  =         0.0000  RESTRAINT  =         0.2843
 EAMBER (non-restraint)  =    -68384.9710
 EKCMT  =      6031.2451  VIRIAL  =      6280.6604  VOLUME     =    226424.6498
                                                    Density    =         1.0185
 ------------------------------------------------------------------------------

wrapping first mol.:       22.15479       31.33161       54.26794
wrapping first mol.:       22.15479       31.33161       54.26794

 NSTEP =    38000   TIME(PS) =    7576.000  TEMP(K) =   297.59  PRESS =   117.8
 Etot   =    -54767.7046  EKtot   =     13789.0889  EPtot      =    -68556.7934
 BOND   =       451.0024  ANGLE   =      1240.0992  DIHED      =      1848.9892
 1-4 NB =       575.6372  1-4 EEL =      8875.3638  VDWAALS    =      8234.2815
 EELEC  =    -89782.4281  EHBOND  =         0.0000  RESTRAINT  =         0.2613
 EAMBER (non-restraint)  =    -68557.0548
 EKCMT  =      5969.5749  VIRIAL  =      5394.7803  VOLUME     =    226016.6041
                                                    Density    =         1.0203
 ------------------------------------------------------------------------------

wrapping first mol.:       22.14354       31.31569       54.24037
wrapping first mol.:       22.14354       31.31569       54.24037

 NSTEP =    38500   TIME(PS) =    7577.000  TEMP(K) =   301.76  PRESS =  -150.1
 Etot   =    -54436.5689  EKtot   =     13982.0361  EPtot      =    -68418.6050
 BOND   =       456.9555  ANGLE   =      1272.6738  DIHED      =      1856.2057
 1-4 NB =       570.6155  1-4 EEL =      8877.8398  VDWAALS    =      7915.0529
 EELEC  =    -89368.1983  EHBOND  =         0.0000  RESTRAINT  =         0.2502
 EAMBER (non-restraint)  =    -68418.8552
 EKCMT  =      6130.5547  VIRIAL  =      6862.1571  VOLUME     =    225677.7191
                                                    Density    =         1.0218
 ------------------------------------------------------------------------------

wrapping first mol.:       22.13087       31.29778       54.20934
wrapping first mol.:       22.13087       31.29778       54.20934

 NSTEP =    39000   TIME(PS) =    7578.000  TEMP(K) =   300.54  PRESS =   -74.8
 Etot   =    -54248.4755  EKtot   =     13925.6074  EPtot      =    -68174.0829
 BOND   =       463.0314  ANGLE   =      1230.7482  DIHED      =      1862.5650
 1-4 NB =       579.0548  1-4 EEL =      8854.1272  VDWAALS    =      7936.4004
 EELEC  =    -89100.3166  EHBOND  =         0.0000  RESTRAINT  =         0.3068
 EAMBER (non-restraint)  =    -68174.3897
 EKCMT  =      6047.0361  VIRIAL  =      6410.8332  VOLUME     =    225289.1314
                                                    Density    =         1.0236
 ------------------------------------------------------------------------------

wrapping first mol.:       22.14826       31.32236       54.25192
wrapping first mol.:       22.14826       31.32236       54.25192

 NSTEP =    39500   TIME(PS) =    7579.000  TEMP(K) =   303.52  PRESS =   -99.9
 Etot   =    -54393.3225  EKtot   =     14063.7354  EPtot      =    -68457.0579
 BOND   =       459.7216  ANGLE   =      1220.9602  DIHED      =      1870.2728
 1-4 NB =       579.2722  1-4 EEL =      8895.4187  VDWAALS    =      7986.2452
 EELEC  =    -89469.2370  EHBOND  =         0.0000  RESTRAINT  =         0.2886
 EAMBER (non-restraint)  =    -68457.3465
 EKCMT  =      6093.1925  VIRIAL  =      6580.2704  VOLUME     =    225820.9714
                                                    Density    =         1.0212
 ------------------------------------------------------------------------------

wrapping first mol.:       22.15912       31.33773       54.27854
wrapping first mol.:       22.15912       31.33773       54.27854

 NSTEP =    40000   TIME(PS) =    7580.000  TEMP(K) =   295.60  PRESS =   160.2
 Etot   =    -54805.2986  EKtot   =     13696.6396  EPtot      =    -68501.9382
 BOND   =       470.4265  ANGLE   =      1175.6403  DIHED      =      1843.1187
 1-4 NB =       580.9096  1-4 EEL =      8839.8320  VDWAALS    =      8187.8608
 EELEC  =    -89599.9748  EHBOND  =         0.0000  RESTRAINT  =         0.2488
 EAMBER (non-restraint)  =    -68502.1870
 EKCMT  =      5934.7172  VIRIAL  =      5152.3088  VOLUME     =    226148.2726
                                                    Density    =         1.0197
 ------------------------------------------------------------------------------

wrapping first mol.:       22.15168       31.32720       54.26030
wrapping first mol.:       22.15168       31.32720       54.26030

 NSTEP =    40500   TIME(PS) =    7581.000  TEMP(K) =   301.55  PRESS =    67.9
 Etot   =    -54420.3078  EKtot   =     13972.6465  EPtot      =    -68392.9543
 BOND   =       443.7542  ANGLE   =      1289.8063  DIHED      =      1877.4417
 1-4 NB =       565.1217  1-4 EEL =      8849.4891  VDWAALS    =      8081.0938
 EELEC  =    -89499.9166  EHBOND  =         0.0000  RESTRAINT  =         0.2554
 EAMBER (non-restraint)  =    -68393.2097
 EKCMT  =      6151.6343  VIRIAL  =      5820.2693  VOLUME     =    225922.2557
                                                    Density    =         1.0207
 ------------------------------------------------------------------------------

wrapping first mol.:       22.12837       31.29424       54.20321
wrapping first mol.:       22.12837       31.29424       54.20321

 NSTEP =    41000   TIME(PS) =    7582.000  TEMP(K) =   297.80  PRESS =   138.6
 Etot   =    -54695.3119  EKtot   =     13798.8389  EPtot      =    -68494.1507
 BOND   =       475.2515  ANGLE   =      1196.4592  DIHED      =      1876.8873
 1-4 NB =       580.0231  1-4 EEL =      8896.6139  VDWAALS    =      8046.4728
 EELEC  =    -89566.1522  EHBOND  =         0.0000  RESTRAINT  =         0.2937
 EAMBER (non-restraint)  =    -68494.4444
 EKCMT  =      5983.5718  VIRIAL  =      5309.8442  VOLUME     =    225208.3770
                                                    Density    =         1.0240
 ------------------------------------------------------------------------------

wrapping first mol.:       22.13460       31.30306       54.21848
wrapping first mol.:       22.13460       31.30306       54.21848

 NSTEP =    41500   TIME(PS) =    7583.000  TEMP(K) =   301.40  PRESS =   139.2
 Etot   =    -54430.7008  EKtot   =     13965.5264  EPtot      =    -68396.2271
 BOND   =       457.7973  ANGLE   =      1237.4420  DIHED      =      1855.3775
 1-4 NB =       584.0944  1-4 EEL =      8893.9067  VDWAALS    =      8120.4074
 EELEC  =    -89545.5230  EHBOND  =         0.0000  RESTRAINT  =         0.2705
 EAMBER (non-restraint)  =    -68396.4977
 EKCMT  =      6153.6864  VIRIAL  =      5476.1408  VOLUME     =    225398.7812
                                                    Density    =         1.0231
 ------------------------------------------------------------------------------

wrapping first mol.:       22.14632       31.31963       54.24719
wrapping first mol.:       22.14632       31.31963       54.24719

 NSTEP =    42000   TIME(PS) =    7584.000  TEMP(K) =   297.90  PRESS =  -100.8
 Etot   =    -54709.6745  EKtot   =     13803.3740  EPtot      =    -68513.0485
 BOND   =       440.7247  ANGLE   =      1202.9779  DIHED      =      1862.2935
 1-4 NB =       577.4815  1-4 EEL =      8846.2571  VDWAALS    =      8110.1272
 EELEC  =    -89553.2109  EHBOND  =         0.0000  RESTRAINT  =         0.3004
 EAMBER (non-restraint)  =    -68513.3489
 EKCMT  =      6009.4327  VIRIAL  =      6501.0112  VOLUME     =    225761.8406
                                                    Density    =         1.0214
 ------------------------------------------------------------------------------

wrapping first mol.:       22.14134       31.31258       54.23498
wrapping first mol.:       22.14134       31.31258       54.23498

 NSTEP =    42500   TIME(PS) =    7585.000  TEMP(K) =   298.14  PRESS =    94.1
 Etot   =    -54778.5143  EKtot   =     13814.3066  EPtot      =    -68592.8210
 BOND   =       442.4609  ANGLE   =      1187.9481  DIHED      =      1875.0956
 1-4 NB =       564.1364  1-4 EEL =      8853.1080  VDWAALS    =      8101.4817
 EELEC  =    -89617.3590  EHBOND  =         0.0000  RESTRAINT  =         0.3073
 EAMBER (non-restraint)  =    -68593.1283
 EKCMT  =      6047.2892  VIRIAL  =      5588.8476  VOLUME     =    225605.5665
                                                    Density    =         1.0222
 ------------------------------------------------------------------------------

wrapping first mol.:       22.15114       31.32645       54.25900
wrapping first mol.:       22.15114       31.32645       54.25900

 NSTEP =    43000   TIME(PS) =    7586.000  TEMP(K) =   296.98  PRESS =  -100.2
 Etot   =    -54747.6159  EKtot   =     13760.5010  EPtot      =    -68508.1169
 BOND   =       470.8552  ANGLE   =      1203.2227  DIHED      =      1889.3272
 1-4 NB =       555.9488  1-4 EEL =      8869.5751  VDWAALS    =      8126.0658
 EELEC  =    -89623.4333  EHBOND  =         0.0000  RESTRAINT  =         0.3215
 EAMBER (non-restraint)  =    -68508.4384
 EKCMT  =      5961.6048  VIRIAL  =      6450.5000  VOLUME     =    225909.3170
                                                    Density    =         1.0208
 ------------------------------------------------------------------------------

wrapping first mol.:       22.14401       31.31636       54.24152
wrapping first mol.:       22.14401       31.31636       54.24152

 NSTEP =    43500   TIME(PS) =    7587.000  TEMP(K) =   302.88  PRESS =   100.1
 Etot   =    -54560.5239  EKtot   =     14034.1797  EPtot      =    -68594.7036
 BOND   =       469.6294  ANGLE   =      1219.7606  DIHED      =      1859.4992
 1-4 NB =       570.5221  1-4 EEL =      8887.3565  VDWAALS    =      8256.1986
 EELEC  =    -89857.9736  EHBOND  =         0.0000  RESTRAINT  =         0.3035
 EAMBER (non-restraint)  =    -68595.0071
 EKCMT  =      6058.3672  VIRIAL  =      5570.5663  VOLUME     =    225687.1292
                                                    Density    =         1.0218
 ------------------------------------------------------------------------------

wrapping first mol.:       22.15433       31.33096       54.26681
wrapping first mol.:       22.15433       31.33096       54.26681

 NSTEP =    44000   TIME(PS) =    7588.000  TEMP(K) =   300.94  PRESS =  -189.6
 Etot   =    -54517.5474  EKtot   =     13944.3232  EPtot      =    -68461.8706
 BOND   =       457.8155  ANGLE   =      1178.1287  DIHED      =      1855.1583
 1-4 NB =       568.2094  1-4 EEL =      8907.7548  VDWAALS    =      8094.9632
 EELEC  =    -89524.2247  EHBOND  =         0.0000  RESTRAINT  =         0.3243
 EAMBER (non-restraint)  =    -68462.1949
 EKCMT  =      6022.1981  VIRIAL  =      6947.5349  VOLUME     =    226008.6957
                                                    Density    =         1.0203
 ------------------------------------------------------------------------------

wrapping first mol.:       22.15875       31.33720       54.27762
wrapping first mol.:       22.15875       31.33720       54.27762

 NSTEP =    44500   TIME(PS) =    7589.000  TEMP(K) =   301.33  PRESS =   -54.5
 Etot   =    -54616.1380  EKtot   =     13962.1914  EPtot      =    -68578.3294
 BOND   =       484.3891  ANGLE   =      1242.1740  DIHED      =      1823.8961
 1-4 NB =       554.4626  1-4 EEL =      8836.3716  VDWAALS    =      8113.1898
 EELEC  =    -89633.1334  EHBOND  =         0.0000  RESTRAINT  =         0.3207
 EAMBER (non-restraint)  =    -68578.6502
 EKCMT  =      6024.1150  VIRIAL  =      6290.0442  VOLUME     =    226141.0624
                                                    Density    =         1.0197
 ------------------------------------------------------------------------------

wrapping first mol.:       22.15841       31.33672       54.27679
wrapping first mol.:       22.15841       31.33672       54.27679

 NSTEP =    45000   TIME(PS) =    7590.000  TEMP(K) =   302.21  PRESS =   127.9
 Etot   =    -54413.5975  EKtot   =     14002.9971  EPtot      =    -68416.5945
 BOND   =       471.9008  ANGLE   =      1230.0643  DIHED      =      1877.8153
 1-4 NB =       576.4456  1-4 EEL =      8869.8316  VDWAALS    =      8182.8360
 EELEC  =    -89625.8126  EHBOND  =         0.0000  RESTRAINT  =         0.3244
 EAMBER (non-restraint)  =    -68416.9189
 EKCMT  =      6116.5705  VIRIAL  =      5492.3356  VOLUME     =    226127.0140
                                                    Density    =         1.0198
 ------------------------------------------------------------------------------

wrapping first mol.:       22.16508       31.34615       54.29312
wrapping first mol.:       22.16508       31.34615       54.29312

 NSTEP =    45500   TIME(PS) =    7591.000  TEMP(K) =   302.11  PRESS =  -176.4
 Etot   =    -54274.4685  EKtot   =     13998.1914  EPtot      =    -68272.6600
 BOND   =       415.5095  ANGLE   =      1230.0589  DIHED      =      1864.7933
 1-4 NB =       599.6543  1-4 EEL =      8883.8568  VDWAALS    =      8007.8069
 EELEC  =    -89274.6758  EHBOND  =         0.0000  RESTRAINT  =         0.3362
 EAMBER (non-restraint)  =    -68272.9961
 EKCMT  =      6159.8507  VIRIAL  =      7021.9613  VOLUME     =    226337.3449
                                                    Density    =         1.0188
 ------------------------------------------------------------------------------

wrapping first mol.:       22.16780       31.35001       54.29980
wrapping first mol.:       22.16780       31.35001       54.29980

 NSTEP =    46000   TIME(PS) =    7592.000  TEMP(K) =   299.62  PRESS =   -90.8
 Etot   =    -54472.3240  EKtot   =     13883.0840  EPtot      =    -68355.4079
 BOND   =       479.5738  ANGLE   =      1166.6258  DIHED      =      1852.7010
 1-4 NB =       571.3692  1-4 EEL =      8907.0556  VDWAALS    =      8063.2354
 EELEC  =    -89396.3036  EHBOND  =         0.0000  RESTRAINT  =         0.3349
 EAMBER (non-restraint)  =    -68355.7428
 EKCMT  =      6031.7147  VIRIAL  =      6475.7595  VOLUME     =    226419.1435
                                                    Density    =         1.0185
 ------------------------------------------------------------------------------

wrapping first mol.:       22.18144       31.36929       54.33320
wrapping first mol.:       22.18144       31.36929       54.33320

 NSTEP =    46500   TIME(PS) =    7593.000  TEMP(K) =   300.96  PRESS =  -224.9
 Etot   =    -54560.8631  EKtot   =     13945.2324  EPtot      =    -68506.0956
 BOND   =       476.6468  ANGLE   =      1192.6508  DIHED      =      1875.6553
 1-4 NB =       568.2697  1-4 EEL =      8856.5070  VDWAALS    =      8181.7125
 EELEC  =    -89657.9251  EHBOND  =         0.0000  RESTRAINT  =         0.3874
 EAMBER (non-restraint)  =    -68506.4830
 EKCMT  =      6063.6980  VIRIAL  =      7165.0093  VOLUME     =    226839.9500
                                                    Density    =         1.0166
 ------------------------------------------------------------------------------

wrapping first mol.:       22.17933       31.36631       54.32804
wrapping first mol.:       22.17933       31.36631       54.32804

 NSTEP =    47000   TIME(PS) =    7594.000  TEMP(K) =   300.48  PRESS =  -112.7
 Etot   =    -54588.5511  EKtot   =     13922.8076  EPtot      =    -68511.3587
 BOND   =       486.3347  ANGLE   =      1250.0562  DIHED      =      1867.4712
 1-4 NB =       578.7688  1-4 EEL =      8859.9230  VDWAALS    =      8209.5190
 EELEC  =    -89763.8453  EHBOND  =         0.0000  RESTRAINT  =         0.4135
 EAMBER (non-restraint)  =    -68511.7722
 EKCMT  =      6068.8609  VIRIAL  =      6620.4927  VOLUME     =    226773.1226
                                                    Density    =         1.0169
 ------------------------------------------------------------------------------

wrapping first mol.:       22.18243       31.37069       54.33562
wrapping first mol.:       22.18243       31.37069       54.33562

 NSTEP =    47500   TIME(PS) =    7595.000  TEMP(K) =   302.16  PRESS =  -234.0
 Etot   =    -54472.3983  EKtot   =     14000.5830  EPtot      =    -68472.9813
 BOND   =       452.6004  ANGLE   =      1220.6918  DIHED      =      1883.0901
 1-4 NB =       594.8550  1-4 EEL =      8882.8747  VDWAALS    =      8143.6343
 EELEC  =    -89651.1026  EHBOND  =         0.0000  RESTRAINT  =         0.3750
 EAMBER (non-restraint)  =    -68473.3563
 EKCMT  =      6057.5080  VIRIAL  =      7203.8307  VOLUME     =    226870.4915
                                                    Density    =         1.0165
 ------------------------------------------------------------------------------

wrapping first mol.:       22.15854       31.33691       54.27712
wrapping first mol.:       22.15854       31.33691       54.27712

 NSTEP =    48000   TIME(PS) =    7596.000  TEMP(K) =   300.12  PRESS =    93.9
 Etot   =    -54461.1968  EKtot   =     13906.2080  EPtot      =    -68367.4048
 BOND   =       455.3192  ANGLE   =      1259.4525  DIHED      =      1842.7264
 1-4 NB =       569.8385  1-4 EEL =      8839.2853  VDWAALS    =      8175.6237
 EELEC  =    -89510.0599  EHBOND  =         0.0000  RESTRAINT  =         0.4095
 EAMBER (non-restraint)  =    -68367.8143
 EKCMT  =      6055.7465  VIRIAL  =      5597.4451  VOLUME     =    226131.8171
                                                    Density    =         1.0198
 ------------------------------------------------------------------------------

wrapping first mol.:       22.14698       31.32056       54.24880
wrapping first mol.:       22.14698       31.32056       54.24880

 NSTEP =    48500   TIME(PS) =    7597.000  TEMP(K) =   301.71  PRESS =  -159.8
 Etot   =    -54537.5540  EKtot   =     13979.9736  EPtot      =    -68517.5276
 BOND   =       466.4277  ANGLE   =      1237.7989  DIHED      =      1866.0403
 1-4 NB =       567.3109  1-4 EEL =      8861.7849  VDWAALS    =      8103.0938
 EELEC  =    -89620.4707  EHBOND  =         0.0000  RESTRAINT  =         0.4866
 EAMBER (non-restraint)  =    -68518.0142
 EKCMT  =      6148.5875  VIRIAL  =      6927.7119  VOLUME     =    225783.1412
                                                    Density    =         1.0213
 ------------------------------------------------------------------------------

wrapping first mol.:       22.16318       31.34347       54.28848
wrapping first mol.:       22.16318       31.34347       54.28848

 NSTEP =    49000   TIME(PS) =    7598.000  TEMP(K) =   299.59  PRESS =   327.2
 Etot   =    -54517.7516  EKtot   =     13881.4219  EPtot      =    -68399.1734
 BOND   =       476.9789  ANGLE   =      1234.6300  DIHED      =      1900.7493
 1-4 NB =       560.2949  1-4 EEL =      8834.9280  VDWAALS    =      8372.3321
 EELEC  =    -89779.5127  EHBOND  =         0.0000  RESTRAINT  =         0.4261
 EAMBER (non-restraint)  =    -68399.5995
 EKCMT  =      6054.1172  VIRIAL  =      4455.8220  VOLUME     =    226269.1828
                                                    Density    =         1.0192
 ------------------------------------------------------------------------------

wrapping first mol.:       22.17139       31.35508       54.30859
wrapping first mol.:       22.17139       31.35508       54.30859

 NSTEP =    49500   TIME(PS) =    7599.000  TEMP(K) =   298.11  PRESS =    89.8
 Etot   =    -54525.6678  EKtot   =     13813.1533  EPtot      =    -68338.8211
 BOND   =       457.3628  ANGLE   =      1200.0240  DIHED      =      1862.5535
 1-4 NB =       583.0418  1-4 EEL =      8861.5732  VDWAALS    =      8128.0815
 EELEC  =    -89431.8511  EHBOND  =         0.0000  RESTRAINT  =         0.3934
 EAMBER (non-restraint)  =    -68339.2144
 EKCMT  =      6013.7291  VIRIAL  =      5574.4018  VOLUME     =    226525.5271
                                                    Density    =         1.0180
 ------------------------------------------------------------------------------

wrapping first mol.:       22.15792       31.33603       54.27560
wrapping first mol.:       22.15792       31.33603       54.27560

 NSTEP =    50000   TIME(PS) =    7600.000  TEMP(K) =   301.69  PRESS =   -91.0
 Etot   =    -54816.6233  EKtot   =     13978.9307  EPtot      =    -68795.5540
 BOND   =       487.4493  ANGLE   =      1188.4360  DIHED      =      1844.2245
 1-4 NB =       582.6987  1-4 EEL =      8888.7818  VDWAALS    =      8224.8146
 EELEC  =    -90012.3503  EHBOND  =         0.0000  RESTRAINT  =         0.3915
 EAMBER (non-restraint)  =    -68795.9454
 EKCMT  =      6033.8202  VIRIAL  =      6478.2725  VOLUME     =    226116.5430
                                                    Density    =         1.0198
 ------------------------------------------------------------------------------


      A V E R A G E S   O V E R     100 S T E P S


 NSTEP =    50000   TIME(PS) =    7600.000  TEMP(K) =   300.18  PRESS =     5.7
 Etot   =    -54513.5509  EKtot   =     13909.0407  EPtot      =    -68422.5916
 BOND   =       458.6313  ANGLE   =      1221.6553  DIHED      =      1860.6349
 1-4 NB =       575.1353  1-4 EEL =      8859.9070  VDWAALS    =      8131.2977
 EELEC  =    -89530.1047  EHBOND  =         0.0000  RESTRAINT  =         0.2515
 EAMBER (non-restraint)  =    -68422.8431
 EKCMT  =      6047.6726  VIRIAL  =      6019.9345  VOLUME     =    225973.5271
                                                    Density    =         1.0205
 ------------------------------------------------------------------------------


      R M S  F L U C T U A T I O N S


 NSTEP =    50000   TIME(PS) =    7600.000  TEMP(K) =     2.16  PRESS =   143.3
 Etot   =       164.3215  EKtot   =       100.1652  EPtot      =       121.7197
 BOND   =        15.8363  ANGLE   =        27.5787  DIHED      =        15.3538
 1-4 NB =        10.0244  1-4 EEL =        22.5781  VDWAALS    =       113.6120
 EELEC  =       193.3545  EHBOND  =         0.0000  RESTRAINT  =         0.0810
 EAMBER (non-restraint)  =       121.6387
 EKCMT  =        64.8936  VIRIAL  =       704.3913  VOLUME     =       381.5339
                                                    Density    =         0.0017
 ------------------------------------------------------------------------------

--------------------------------------------------------------------------------
   5.  TIMINGS
--------------------------------------------------------------------------------

|  NonSetup CPU Time in Major Routines:
|
|     Routine           Sec        %
|     ------------------------------
|     Nonbond          34.09   72.06
|     Bond              0.00    0.00
|     Angle             0.00    0.00
|     Dihedral          0.00    0.00
|     Shake             0.29    0.62
|     RunMD            12.87   27.21
|     Other             0.05    0.11
|     ------------------------------
|     Total            47.31

|  PME Nonbond Pairlist CPU Time:
|
|     Routine              Sec        %
|     ---------------------------------
|     Set Up Cit           0.00    0.00
|     Build List           0.00    0.00
|     ---------------------------------
|     Total                0.00    0.00

|  PME Direct Force CPU Time:
|
|     Routine              Sec        %
|     ---------------------------------
|     NonBonded Calc       0.00    0.00
|     Exclude Masked       0.00    0.00
|     Other                0.03    0.06
|     ---------------------------------
|     Total                0.03    0.06

|  PME Reciprocal Force CPU Time:
|
|     Routine              Sec        %
|     ---------------------------------
|     1D bspline           0.00    0.00
|     Grid Charges         0.00    0.00
|     Scalar Sum           0.00    0.00
|     Gradient Sum         0.00    0.00
|     FFT                  0.00    0.00
|     ---------------------------------
|     Total                0.00    0.00

|  Final Performance Info:
|     -----------------------------------------------------
|     Average timings for last   49500 steps:
|     Elapsed(s) =      46.84 Per Step(ms) =       0.95
|         ns/day =     182.63   seconds/ns =     473.09
|
|     Average timings for all steps:
|     Elapsed(s) =      47.31 Per Step(ms) =       0.95
|         ns/day =     182.62   seconds/ns =     473.10
|     -----------------------------------------------------

|  Setup CPU time:            0.50 seconds
|  NonSetup CPU time:        47.31 seconds
|  Total CPU time:           47.81 seconds     0.01 hours

|  Setup wall time:           0    seconds
|  NonSetup wall time:       47    seconds
|  Total wall time:          47    seconds     0.01 hours
