
          -------------------------------------------------------
          Amber 18 PMEMD                              2018
          -------------------------------------------------------

| PMEMD implementation of SANDER, Release 18

| Run on 09/29/2019 at 22:19:47

|   Executable path: pmemd.cuda
| Working directory: /home/pbarletta/lbp/run/4xcp/mhe/e
|          Hostname: Unknown
  [-O]verwriting output

File Assignments:
|   MDIN: 9equ.in                                                               
|  MDOUT: 9equ.out                                                              
| INPCRD: 8e4xcp.rst7                                                           
|   PARM: /home/pbarletta/lbp/top_files/4xcp.prmtop                             
| RESTRT: 9e4xcp.rst7                                                           
|   REFC: 8e4xcp.rst7                                                           
|  MDVEL: mdvel                                                                 
|   MDEN: mden                                                                  
|  MDCRD: 9e4xcp.nc                                                             
| MDINFO: mdinfo                                                                
|  MDFRC: mdfrc                                                                 


 Here is the input file:

Equilibration with solute restrictions                                         
&cntrl                                                                         
imin = 0,                           ! No Minimization                          
nmropt = 0,                         ! No NMR restraints read                   
                                                                               
! Nature and format of the input                                               
ntx = 5,                            ! Coordinates but no velocities will be rea
irest = 1,                          ! Do not run a new simulation              
                                                                               
! Nature and format of the output                                              
ntxo = 1,                           ! rstrt file in ASCII format               
ntpr = 500,                         ! inf in output every ntpr steps           
ntwr = 500,                         ! rstrt file every ntwr steps              
ntwx = 500,                         ! mdcrd file every ntwx steps              
ntwv = 0,                           ! mdvel without velocities                 
ntwe = 0,                           ! Do not write energies and temperatures   
idecomp = 0,                        ! No energy decomposition                  
iwrap = 1,                          ! Coordinates of the restart and mdcrd file
                                                                               
! Frozen or restrained atoms                                                   
ibelly = 0,                         ! No frozen atoms                          
ntr=1,                              ! Harmonic potential restraints            
restraint_wt = 7.5,                ! The weight for the positional restraints  
restraintmask = ':1-131@N,CA,C,O',  ! restrained residues                      
                                                                               
! Molecular dynamics                                                           
nstlim = 50000,                     ! Number of MD-steps                       
dt = 0.002,                         ! Time step                                
                                                                               
! Temperature regulation                                                       
ntt = 3,                            ! Langevin thermostat                      
gamma_ln = 5,                       ! Gamma constant for Langevin              
temp0 = 300.0,                      ! Reference T at which the system is to be 
tempi = 300.0,                      ! Initial T                                
ig = -1,                            ! Seed for the RNG                         
                                                                               
! P and V regulation                                                           
ntp = 1,                            ! constant P                               
barostat = 1,                       ! Berendsen barostat                       
taup = 1,                           ! Pressure relaxation time                 
ntb = 2,                            ! Periodic box for constant P              
                                                                               
! SHAKE variables                                                              
ntc = 2,                            ! Bonds involving H are constrained        
ntf = 2,                            ! Bond interaction involving H are ommited.
                                                                               
cut = 10.0,                         ! Nonbonded cutoff                         
/                                                                              
&end                                                                           


Note: ig = -1. Setting random seed to   474352 based on wallclock time in 
      microseconds.
| irandom = 1, using AMBER's internal random number generator (default).
 
|--------------------- INFORMATION ----------------------
| GPU (CUDA) Version of PMEMD in use: NVIDIA GPU IN USE.
|                    Version 18.0.0
| 
|                      03/25/2018
| 
| Implementation by:
|                    Ross C. Walker     (SDSC)
|                    Scott Le Grand     (nVIDIA)
| 
| Version 18 performance extensions by:
|                    David Cerutti     (Rutgers)
| 
| Precision model in use:
|      [SPFP] - Single Precision Forces, 64-bit Fixed Point
|               Accumulation. (Default)
| 
|--------------------------------------------------------
 
|----------------- CITATION INFORMATION -----------------
|
|    When publishing work that utilized the CUDA version
|    of AMBER, please cite the following in addition to
|    the regular AMBER citations:
|
|  - Romelia Salomon-Ferrer; Andreas W. Goetz; Duncan
|    Poole; Scott Le Grand; Ross C. Walker "Routine
|    microsecond molecular dynamics simulations with
|    AMBER - Part II: Particle Mesh Ewald", J. Chem.
|    Theory Comput., 2013, 9 (9), pp3878-3888,
|    DOI: 10.1021/ct400314y.
|
|  - Andreas W. Goetz; Mark J. Williamson; Dong Xu;
|    Duncan Poole; Scott Le Grand; Ross C. Walker
|    "Routine microsecond molecular dynamics simulations
|    with AMBER - Part I: Generalized Born", J. Chem.
|    Theory Comput., 2012, 8 (5), pp1542-1555.
|
|  - Scott Le Grand; Andreas W. Goetz; Ross C. Walker
|    "SPFP: Speed without compromise - a mixed precision
|    model for GPU accelerated molecular dynamics
|    simulations.", Comp. Phys. Comm., 2013, 184
|    pp374-380, DOI: 10.1016/j.cpc.2012.09.022
|
|--------------------------------------------------------
 
|------------------- GPU DEVICE INFO --------------------
|
|            CUDA_VISIBLE_DEVICES: 0
|   CUDA Capable Devices Detected:      1
|           CUDA Device ID in use:      0
|                CUDA Device Name: GeForce GTX 1080 Ti
|     CUDA Device Global Mem Size:  11178 MB
| CUDA Device Num Multiprocessors:     28
|           CUDA Device Core Freq:   1.72 GHz
|
|--------------------------------------------------------
 
 
| Conditional Compilation Defines Used:
| PUBFFT
| BINTRAJ
| CUDA
| EMIL

| Largest sphere to fit in unit cell has radius =    27.182

| New format PARM file being parsed.
| Version =    1.000 Date = 04/14/18 Time = 19:54:59

| Note: 1-4 EEL scale factors are being read from the topology file.

| Note: 1-4 VDW scale factors are being read from the topology file.
| Duplicated    0 dihedrals

| Duplicated    0 dihedrals

--------------------------------------------------------------------------------
   1.  RESOURCE   USE: 
--------------------------------------------------------------------------------

 getting new box info from bottom of inpcrd
 NATOM  =   22707 NTYPES =      17 NBONH =   21487 MBONA  =    1237
 NTHETH =    2916 MTHETA =    1649 NPHIH =    5625 MPHIA  =    5085
 NHPARM =       0 NPARM  =       0 NNB   =   40734 NRES   =    6902
 NBONA  =    1237 NTHETA =    1649 NPHIA =    5085 NUMBND =      64
 NUMANG =     139 NPTRA  =     166 NATYP =      37 NPHB   =       1
 IFBOX  =       2 NMXRS  =      50 IFCAP =       0 NEXTRA =       0
 NCOPY  =       0

| Coordinate Index Table dimensions:    10   10   10
| Direct force subcell size =     6.6581    6.6581    6.6581

     BOX TYPE: TRUNCATED OCTAHEDRON

--------------------------------------------------------------------------------
   2.  CONTROL  DATA  FOR  THE  RUN
--------------------------------------------------------------------------------

default_name                                                                    

General flags:
     imin    =       0, nmropt  =       0

Nature and format of input:
     ntx     =       5, irest   =       1, ntrx    =       1

Nature and format of output:
     ntxo    =       1, ntpr    =     500, ntrx    =       1, ntwr    =     500
     iwrap   =       1, ntwx    =     500, ntwv    =       0, ntwe    =       0
     ioutfm  =       1, ntwprt  =       0, idecomp =       0, rbornstat=      0

Potential function:
     ntf     =       2, ntb     =       2, igb     =       0, nsnb    =      25
     ipol    =       0, gbsa    =       0, iesp    =       0
     dielc   =   1.00000, cut     =  10.00000, intdiel =   1.00000

Frozen or restrained atoms:
     ibelly  =       0, ntr     =       1
     restraint_wt =   7.50000

Molecular dynamics:
     nstlim  =     50000, nscm    =         0, nrespa  =         1
     t       =   0.00000, dt      =   0.00200, vlimit  =  -1.00000

Langevin dynamics temperature regulation:
     ig      =  474352
     temp0   = 300.00000, tempi   = 300.00000, gamma_ln=   5.00000

Pressure regulation:
     ntp     =       1
     pres0   =   1.00000, comp    =  44.60000, taup    =   1.00000

SHAKE:
     ntc     =       2, jfastw  =       0
     tol     =   0.00001

| Intermolecular bonds treatment:
|     no_intermolecular_bonds =       1

| Energy averages sample interval:
|     ene_avg_sampling =     500

Ewald parameters:
     verbose =       0, ew_type =       0, nbflag  =       1, use_pme =       1
     vdwmeth =       1, eedmeth =       1, netfrc  =       1
     Box X =   66.581   Box Y =   66.581   Box Z =   66.581
     Alpha =  109.471   Beta  =  109.471   Gamma =  109.471
     NFFT1 =   64       NFFT2 =   64       NFFT3 =   64
     Cutoff=   10.000   Tol   =0.100E-04
     Ewald Coefficient =  0.27511
     Interpolation order =    4

    LOADING THE CONSTRAINED ATOMS AS GROUPS


   5.  REFERENCE ATOM COORDINATES

  default_name                                                                    
     Mask :1-131@N,CA,C,O; matches   524 atoms

--------------------------------------------------------------------------------
   3.  ATOMIC COORDINATES AND VELOCITIES
--------------------------------------------------------------------------------

default_name                                                                    
 begin time read from input coords =  1200.000 ps

 
 Number of triangulated 3-point waters found:     6742

     Sum of charges from parm topology file =  -0.00100007
     Forcing neutrality...

| Dynamic Memory, Types Used:
| Reals             1110941
| Integers           905820

| Nonbonded Pairs Initial Allocation:     6868299

| GPU memory information (estimate):
| KB of GPU memory in use:         0
| KB of CPU memory in use:         0

--------------------------------------------------------------------------------
   4.  RESULTS
--------------------------------------------------------------------------------

wrapping first mol.:       22.17323       31.35768       54.31308
wrapping first mol.:       22.17323       31.35768       54.31308

 NSTEP =      500   TIME(PS) =    1201.000  TEMP(K) =   301.80  PRESS =    24.5
 Etot   =    -54433.1795  EKtot   =     13984.0879  EPtot      =    -68417.2674
 BOND   =       446.4058  ANGLE   =      1193.4480  DIHED      =      1875.3291
 1-4 NB =       557.9088  1-4 EEL =      8878.5677  VDWAALS    =      8307.0920
 EELEC  =    -89783.9436  EHBOND  =         0.0000  RESTRAINT  =       107.9249
 EAMBER (non-restraint)  =    -68525.1922
 EKCMT  =      6092.1903  VIRIAL  =      5972.3604  VOLUME     =    226583.0633
                                                    Density    =         1.0177
 ------------------------------------------------------------------------------

wrapping first mol.:       22.18103       31.36871       54.33219
wrapping first mol.:       22.18103       31.36871       54.33219

 NSTEP =     1000   TIME(PS) =    1202.000  TEMP(K) =   303.17  PRESS =    64.5
 Etot   =    -54285.2238  EKtot   =     14047.2812  EPtot      =    -68332.5050
 BOND   =       452.8556  ANGLE   =      1238.8176  DIHED      =      1854.7015
 1-4 NB =       564.9118  1-4 EEL =      8833.3129  VDWAALS    =      8308.2995
 EELEC  =    -89701.0741  EHBOND  =         0.0000  RESTRAINT  =       115.6701
 EAMBER (non-restraint)  =    -68448.1751
 EKCMT  =      6158.5018  VIRIAL  =      5842.7312  VOLUME     =    226821.5168
                                                    Density    =         1.0167
 ------------------------------------------------------------------------------

wrapping first mol.:       22.18965       31.38091       54.35333
wrapping first mol.:       22.18965       31.38091       54.35333

 NSTEP =     1500   TIME(PS) =    1203.000  TEMP(K) =   298.58  PRESS =  -243.8
 Etot   =    -54437.0951  EKtot   =     13834.8281  EPtot      =    -68271.9232
 BOND   =       429.2858  ANGLE   =      1224.1252  DIHED      =      1868.9070
 1-4 NB =       591.0471  1-4 EEL =      8910.5344  VDWAALS    =      8053.1623
 EELEC  =    -89467.4910  EHBOND  =         0.0000  RESTRAINT  =       118.5061
 EAMBER (non-restraint)  =    -68390.4293
 EKCMT  =      6036.7587  VIRIAL  =      7232.1071  VOLUME     =    227092.5152
                                                    Density    =         1.0155
 ------------------------------------------------------------------------------

wrapping first mol.:       22.18463       31.37381       54.34103
wrapping first mol.:       22.18463       31.37381       54.34103

 NSTEP =     2000   TIME(PS) =    1204.000  TEMP(K) =   302.95  PRESS =  -101.4
 Etot   =    -54348.1085  EKtot   =     14037.4092  EPtot      =    -68385.5177
 BOND   =       456.0313  ANGLE   =      1171.5684  DIHED      =      1861.8263
 1-4 NB =       567.7340  1-4 EEL =      8863.1635  VDWAALS    =      8093.1213
 EELEC  =    -89521.9154  EHBOND  =         0.0000  RESTRAINT  =       122.9529
 EAMBER (non-restraint)  =    -68508.4706
 EKCMT  =      6109.6607  VIRIAL  =      6606.7022  VOLUME     =    226935.4823
                                                    Density    =         1.0162
 ------------------------------------------------------------------------------

wrapping first mol.:       22.18767       31.37810       54.34845
wrapping first mol.:       22.18767       31.37810       54.34845

 NSTEP =     2500   TIME(PS) =    1205.000  TEMP(K) =   299.96  PRESS =   324.5
 Etot   =    -54297.4951  EKtot   =     13898.6729  EPtot      =    -68196.1680
 BOND   =       439.7691  ANGLE   =      1197.1112  DIHED      =      1832.6824
 1-4 NB =       583.7625  1-4 EEL =      8876.1361  VDWAALS    =      8108.1608
 EELEC  =    -89345.5788  EHBOND  =         0.0000  RESTRAINT  =       111.7888
 EAMBER (non-restraint)  =    -68307.9567
 EKCMT  =      6061.6222  VIRIAL  =      4471.2474  VOLUME     =    227019.9421
                                                    Density    =         1.0158
 ------------------------------------------------------------------------------

wrapping first mol.:       22.17475       31.35983       54.31681
wrapping first mol.:       22.17475       31.35983       54.31681

 NSTEP =     3000   TIME(PS) =    1206.000  TEMP(K) =   299.27  PRESS =   -25.7
 Etot   =    -54320.0598  EKtot   =     13866.8770  EPtot      =    -68186.9368
 BOND   =       452.1012  ANGLE   =      1205.8329  DIHED      =      1853.5436
 1-4 NB =       582.0567  1-4 EEL =      8862.3096  VDWAALS    =      8021.5809
 EELEC  =    -89279.4295  EHBOND  =         0.0000  RESTRAINT  =       115.0677
 EAMBER (non-restraint)  =    -68302.0045
 EKCMT  =      6097.6508  VIRIAL  =      6223.2667  VOLUME     =    226630.7316
                                                    Density    =         1.0175
 ------------------------------------------------------------------------------

wrapping first mol.:       22.15186       31.32745       54.26074
wrapping first mol.:       22.15186       31.32745       54.26074

 NSTEP =     3500   TIME(PS) =    1207.000  TEMP(K) =   302.55  PRESS =    54.7
 Etot   =    -54383.8682  EKtot   =     14018.5781  EPtot      =    -68402.4463
 BOND   =       470.0101  ANGLE   =      1240.2427  DIHED      =      1846.9280
 1-4 NB =       570.8751  1-4 EEL =      8839.1611  VDWAALS    =      8208.0909
 EELEC  =    -89695.1011  EHBOND  =         0.0000  RESTRAINT  =       117.3469
 EAMBER (non-restraint)  =    -68519.7933
 EKCMT  =      6170.5588  VIRIAL  =      5903.7892  VOLUME     =    225927.9513
                                                    Density    =         1.0207
 ------------------------------------------------------------------------------

wrapping first mol.:       22.16308       31.34333       54.28824
wrapping first mol.:       22.16308       31.34333       54.28824

 NSTEP =     4000   TIME(PS) =    1208.000  TEMP(K) =   299.30  PRESS =    32.8
 Etot   =    -54401.1229  EKtot   =     13868.3701  EPtot      =    -68269.4931
 BOND   =       425.2383  ANGLE   =      1212.8983  DIHED      =      1848.3209
 1-4 NB =       576.7639  1-4 EEL =      8861.3792  VDWAALS    =      8255.5683
 EELEC  =    -89549.1478  EHBOND  =         0.0000  RESTRAINT  =        99.4859
 EAMBER (non-restraint)  =    -68368.9790
 EKCMT  =      6062.2779  VIRIAL  =      5902.2182  VOLUME     =    226272.0969
                                                    Density    =         1.0191
 ------------------------------------------------------------------------------

wrapping first mol.:       22.17680       31.36272       54.32183
wrapping first mol.:       22.17680       31.36272       54.32183

 NSTEP =     4500   TIME(PS) =    1209.000  TEMP(K) =   298.90  PRESS =    30.5
 Etot   =    -54529.6083  EKtot   =     13849.5254  EPtot      =    -68379.1336
 BOND   =       398.7707  ANGLE   =      1199.9232  DIHED      =      1868.6376
 1-4 NB =       577.7075  1-4 EEL =      8853.5737  VDWAALS    =      8308.2599
 EELEC  =    -89694.6715  EHBOND  =         0.0000  RESTRAINT  =       108.6652
 EAMBER (non-restraint)  =    -68487.7988
 EKCMT  =      5967.4591  VIRIAL  =      5818.0337  VOLUME     =    226692.3987
                                                    Density    =         1.0173
 ------------------------------------------------------------------------------

wrapping first mol.:       22.16576       31.34712       54.29480
wrapping first mol.:       22.16576       31.34712       54.29480

 NSTEP =     5000   TIME(PS) =    1210.000  TEMP(K) =   302.71  PRESS =   -42.2
 Etot   =    -54423.0380  EKtot   =     14026.1025  EPtot      =    -68449.1405
 BOND   =       483.1796  ANGLE   =      1200.9572  DIHED      =      1870.4905
 1-4 NB =       561.1811  1-4 EEL =      8849.1154  VDWAALS    =      8138.5687
 EELEC  =    -89670.3797  EHBOND  =         0.0000  RESTRAINT  =       117.7467
 EAMBER (non-restraint)  =    -68566.8872
 EKCMT  =      6054.9788  VIRIAL  =      6261.1728  VOLUME     =    226355.7069
                                                    Density    =         1.0188
 ------------------------------------------------------------------------------

wrapping first mol.:       22.19140       31.38338       54.35761
wrapping first mol.:       22.19140       31.38338       54.35761

 NSTEP =     5500   TIME(PS) =    1211.000  TEMP(K) =   302.12  PRESS =   336.8
 Etot   =    -54490.6266  EKtot   =     13999.0498  EPtot      =    -68489.6764
 BOND   =       438.8235  ANGLE   =      1188.6323  DIHED      =      1853.7999
 1-4 NB =       567.5131  1-4 EEL =      8867.4563  VDWAALS    =      8211.7978
 EELEC  =    -89727.3150  EHBOND  =         0.0000  RESTRAINT  =       109.6156
 EAMBER (non-restraint)  =    -68599.2920
 EKCMT  =      6085.8310  VIRIAL  =      4434.0314  VOLUME     =    227134.3878
                                                    Density    =         1.0153
 ------------------------------------------------------------------------------

wrapping first mol.:       22.19406       31.38714       54.36412
wrapping first mol.:       22.19406       31.38714       54.36412

 NSTEP =     6000   TIME(PS) =    1212.000  TEMP(K) =   302.52  PRESS =   -18.2
 Etot   =    -54199.9488  EKtot   =     14017.5732  EPtot      =    -68217.5221
 BOND   =       469.2592  ANGLE   =      1172.4276  DIHED      =      1840.5161
 1-4 NB =       588.5036  1-4 EEL =      8879.3763  VDWAALS    =      8024.6511
 EELEC  =    -89297.4794  EHBOND  =         0.0000  RESTRAINT  =       105.2234
 EAMBER (non-restraint)  =    -68322.7454
 EKCMT  =      6122.1737  VIRIAL  =      6211.2699  VOLUME     =    227223.2523
                                                    Density    =         1.0149
 ------------------------------------------------------------------------------

wrapping first mol.:       22.18614       31.37594       54.34471
wrapping first mol.:       22.18614       31.37594       54.34471

 NSTEP =     6500   TIME(PS) =    1213.000  TEMP(K) =   301.53  PRESS =    48.9
 Etot   =    -54276.4142  EKtot   =     13971.3105  EPtot      =    -68247.7247
 BOND   =       447.1726  ANGLE   =      1232.6371  DIHED      =      1876.0814
 1-4 NB =       574.9450  1-4 EEL =      8861.2397  VDWAALS    =      8143.6881
 EELEC  =    -89507.7918  EHBOND  =         0.0000  RESTRAINT  =       124.3031
 EAMBER (non-restraint)  =    -68372.0278
 EKCMT  =      6128.4526  VIRIAL  =      5888.6205  VOLUME     =    226978.6318
                                                    Density    =         1.0160
 ------------------------------------------------------------------------------

wrapping first mol.:       22.18199       31.37007       54.33455
wrapping first mol.:       22.18199       31.37007       54.33455

 NSTEP =     7000   TIME(PS) =    1214.000  TEMP(K) =   302.05  PRESS =   194.4
 Etot   =    -54416.7619  EKtot   =     13995.5566  EPtot      =    -68412.3186
 BOND   =       438.0625  ANGLE   =      1231.0725  DIHED      =      1847.3081
 1-4 NB =       577.3705  1-4 EEL =      8851.2038  VDWAALS    =      8187.7639
 EELEC  =    -89654.5235  EHBOND  =         0.0000  RESTRAINT  =       109.4236
 EAMBER (non-restraint)  =    -68521.7422
 EKCMT  =      6088.9024  VIRIAL  =      5136.5669  VOLUME     =    226848.3411
                                                    Density    =         1.0166
 ------------------------------------------------------------------------------

wrapping first mol.:       22.18198       31.37006       54.33454
wrapping first mol.:       22.18198       31.37006       54.33454

 NSTEP =     7500   TIME(PS) =    1215.000  TEMP(K) =   298.28  PRESS =   160.3
 Etot   =    -54419.6137  EKtot   =     13820.8525  EPtot      =    -68240.4662
 BOND   =       448.6568  ANGLE   =      1199.7332  DIHED      =      1875.1666
 1-4 NB =       576.8773  1-4 EEL =      8857.3788  VDWAALS    =      8186.3411
 EELEC  =    -89493.1441  EHBOND  =         0.0000  RESTRAINT  =       108.5241
 EAMBER (non-restraint)  =    -68348.9903
 EKCMT  =      5986.2744  VIRIAL  =      5200.9605  VOLUME     =    226848.9006
                                                    Density    =         1.0166
 ------------------------------------------------------------------------------

wrapping first mol.:       22.16415       31.34484       54.29086
wrapping first mol.:       22.16415       31.34484       54.29086

 NSTEP =     8000   TIME(PS) =    1216.000  TEMP(K) =   300.66  PRESS =    67.0
 Etot   =    -54373.7256  EKtot   =     13931.0879  EPtot      =    -68304.8135
 BOND   =       479.7194  ANGLE   =      1220.3973  DIHED      =      1856.5409
 1-4 NB =       548.7110  1-4 EEL =      8836.7575  VDWAALS    =      8156.6275
 EELEC  =    -89513.7502  EHBOND  =         0.0000  RESTRAINT  =       110.1830
 EAMBER (non-restraint)  =    -68414.9965
 EKCMT  =      6065.3604  VIRIAL  =      5738.0560  VOLUME     =    226304.1535
                                                    Density    =         1.0190
 ------------------------------------------------------------------------------

wrapping first mol.:       22.16266       31.34273       54.28720
wrapping first mol.:       22.16266       31.34273       54.28720

 NSTEP =     8500   TIME(PS) =    1217.000  TEMP(K) =   299.75  PRESS =   133.0
 Etot   =    -54138.3473  EKtot   =     13888.7939  EPtot      =    -68027.1413
 BOND   =       454.8978  ANGLE   =      1226.5762  DIHED      =      1877.9416
 1-4 NB =       575.9530  1-4 EEL =      8861.4938  VDWAALS    =      8134.7787
 EELEC  =    -89281.3530  EHBOND  =         0.0000  RESTRAINT  =       122.5706
 EAMBER (non-restraint)  =    -68149.7119
 EKCMT  =      6088.7947  VIRIAL  =      5438.8375  VOLUME     =    226257.0437
                                                    Density    =         1.0192
 ------------------------------------------------------------------------------

wrapping first mol.:       22.16334       31.34370       54.28887
wrapping first mol.:       22.16334       31.34370       54.28887

 NSTEP =     9000   TIME(PS) =    1218.000  TEMP(K) =   298.17  PRESS =    85.4
 Etot   =    -54398.7397  EKtot   =     13815.9424  EPtot      =    -68214.6821
 BOND   =       478.3000  ANGLE   =      1206.8126  DIHED      =      1845.6818
 1-4 NB =       563.9813  1-4 EEL =      8868.6951  VDWAALS    =      8154.0256
 EELEC  =    -89443.4498  EHBOND  =         0.0000  RESTRAINT  =       111.2713
 EAMBER (non-restraint)  =    -68325.9534
 EKCMT  =      5989.4916  VIRIAL  =      5572.4046  VOLUME     =    226278.9482
                                                    Density    =         1.0191
 ------------------------------------------------------------------------------

wrapping first mol.:       22.15201       31.32767       54.26111
wrapping first mol.:       22.15201       31.32767       54.26111

 NSTEP =     9500   TIME(PS) =    1219.000  TEMP(K) =   302.72  PRESS =    80.4
 Etot   =    -54262.0473  EKtot   =     14026.4580  EPtot      =    -68288.5054
 BOND   =       471.4865  ANGLE   =      1207.8583  DIHED      =      1855.3753
 1-4 NB =       575.8605  1-4 EEL =      8869.8328  VDWAALS    =      8220.3498
 EELEC  =    -89592.4408  EHBOND  =         0.0000  RESTRAINT  =       103.1723
 EAMBER (non-restraint)  =    -68391.6777
 EKCMT  =      6174.3136  VIRIAL  =      5782.0315  VOLUME     =    225932.0468
                                                    Density    =         1.0207
 ------------------------------------------------------------------------------

wrapping first mol.:       22.15126       31.32661       54.25927
wrapping first mol.:       22.15126       31.32661       54.25927

 NSTEP =    10000   TIME(PS) =    1220.000  TEMP(K) =   300.11  PRESS =   -92.5
 Etot   =    -54641.8941  EKtot   =     13905.6611  EPtot      =    -68547.5552
 BOND   =       440.0398  ANGLE   =      1168.1791  DIHED      =      1832.9536
 1-4 NB =       581.4227  1-4 EEL =      8873.1162  VDWAALS    =      8017.6745
 EELEC  =    -89582.7664  EHBOND  =         0.0000  RESTRAINT  =       121.8253
 EAMBER (non-restraint)  =    -68669.3805
 EKCMT  =      6026.3171  VIRIAL  =      6477.4183  VOLUME     =    225912.5966
                                                    Density    =         1.0208
 ------------------------------------------------------------------------------

wrapping first mol.:       22.15018       31.32508       54.25663
wrapping first mol.:       22.15018       31.32508       54.25663

 NSTEP =    10500   TIME(PS) =    1221.000  TEMP(K) =   295.65  PRESS =   184.9
 Etot   =    -54851.6357  EKtot   =     13699.0723  EPtot      =    -68550.7079
 BOND   =       461.8740  ANGLE   =      1217.2363  DIHED      =      1862.1840
 1-4 NB =       572.1280  1-4 EEL =      8846.8953  VDWAALS    =      8240.8452
 EELEC  =    -89864.0419  EHBOND  =         0.0000  RESTRAINT  =       112.1712
 EAMBER (non-restraint)  =    -68662.8791
 EKCMT  =      5912.7628  VIRIAL  =      5010.9722  VOLUME     =    225873.9665
                                                    Density    =         1.0209
 ------------------------------------------------------------------------------

wrapping first mol.:       22.15217       31.32790       54.26151
wrapping first mol.:       22.15217       31.32790       54.26151

 NSTEP =    11000   TIME(PS) =    1222.000  TEMP(K) =   297.71  PRESS =    34.6
 Etot   =    -54562.2105  EKtot   =     13794.6201  EPtot      =    -68356.8307
 BOND   =       415.8372  ANGLE   =      1184.9446  DIHED      =      1852.2686
 1-4 NB =       568.5102  1-4 EEL =      8844.7708  VDWAALS    =      8287.4121
 EELEC  =    -89624.7652  EHBOND  =         0.0000  RESTRAINT  =       114.1909
 EAMBER (non-restraint)  =    -68471.0216
 EKCMT  =      5986.7826  VIRIAL  =      5817.9391  VOLUME     =    225938.0208
                                                    Density    =         1.0206
 ------------------------------------------------------------------------------

wrapping first mol.:       22.15039       31.32538       54.25714
wrapping first mol.:       22.15039       31.32538       54.25714

 NSTEP =    11500   TIME(PS) =    1223.000  TEMP(K) =   296.01  PRESS =  -443.9
 Etot   =    -54751.5841  EKtot   =     13715.6787  EPtot      =    -68467.2628
 BOND   =       475.8706  ANGLE   =      1229.5677  DIHED      =      1863.1657
 1-4 NB =       575.1311  1-4 EEL =      8861.3736  VDWAALS    =      7938.5707
 EELEC  =    -89524.7148  EHBOND  =         0.0000  RESTRAINT  =       113.7726
 EAMBER (non-restraint)  =    -68581.0354
 EKCMT  =      6026.3458  VIRIAL  =      8191.3538  VOLUME     =    225893.1164
                                                    Density    =         1.0209
 ------------------------------------------------------------------------------

wrapping first mol.:       22.15025       31.32519       54.25681
wrapping first mol.:       22.15025       31.32519       54.25681

 NSTEP =    12000   TIME(PS) =    1224.000  TEMP(K) =   300.74  PRESS =  -137.4
 Etot   =    -54499.8119  EKtot   =     13934.8965  EPtot      =    -68434.7084
 BOND   =       443.5334  ANGLE   =      1174.2891  DIHED      =      1853.7308
 1-4 NB =       567.3841  1-4 EEL =      8857.9182  VDWAALS    =      8051.9654
 EELEC  =    -89504.3904  EHBOND  =         0.0000  RESTRAINT  =       120.8609
 EAMBER (non-restraint)  =    -68555.5694
 EKCMT  =      6089.7111  VIRIAL  =      6759.8967  VOLUME     =    225882.7897
                                                    Density    =         1.0209
 ------------------------------------------------------------------------------

wrapping first mol.:       22.15771       31.33573       54.27507
wrapping first mol.:       22.15771       31.33573       54.27507

 NSTEP =    12500   TIME(PS) =    1225.000  TEMP(K) =   303.06  PRESS =   -25.4
 Etot   =    -54342.3984  EKtot   =     14042.4189  EPtot      =    -68384.8173
 BOND   =       428.3547  ANGLE   =      1176.3365  DIHED      =      1855.5948
 1-4 NB =       555.6701  1-4 EEL =      8846.4117  VDWAALS    =      8183.5416
 EELEC  =    -89544.5040  EHBOND  =         0.0000  RESTRAINT  =       113.7773
 EAMBER (non-restraint)  =    -68498.5947
 EKCMT  =      6108.6848  VIRIAL  =      6232.7540  VOLUME     =    226108.6707
                                                    Density    =         1.0199
 ------------------------------------------------------------------------------

wrapping first mol.:       22.15709       31.33485       54.27355
wrapping first mol.:       22.15709       31.33485       54.27355

 NSTEP =    13000   TIME(PS) =    1226.000  TEMP(K) =   303.80  PRESS =   212.8
 Etot   =    -54205.7133  EKtot   =     14076.6729  EPtot      =    -68282.3861
 BOND   =       437.4838  ANGLE   =      1219.0903  DIHED      =      1842.5078
 1-4 NB =       580.1874  1-4 EEL =      8845.3187  VDWAALS    =      8279.2549
 EELEC  =    -89597.4260  EHBOND  =         0.0000  RESTRAINT  =       111.1970
 EAMBER (non-restraint)  =    -68393.5832
 EKCMT  =      6174.6984  VIRIAL  =      5135.7847  VOLUME     =    226084.8462
                                                    Density    =         1.0200
 ------------------------------------------------------------------------------

wrapping first mol.:       22.16614       31.34765       54.29572
wrapping first mol.:       22.16614       31.34765       54.29572

 NSTEP =    13500   TIME(PS) =    1227.000  TEMP(K) =   303.30  PRESS =    44.4
 Etot   =    -54236.2519  EKtot   =     14053.6455  EPtot      =    -68289.8974
 BOND   =       461.0389  ANGLE   =      1216.4007  DIHED      =      1867.6090
 1-4 NB =       556.9397  1-4 EEL =      8819.1823  VDWAALS    =      8141.1372
 EELEC  =    -89461.2999  EHBOND  =         0.0000  RESTRAINT  =       109.0948
 EAMBER (non-restraint)  =    -68398.9922
 EKCMT  =      6036.6519  VIRIAL  =      5819.7833  VOLUME     =    226365.3499
                                                    Density    =         1.0187
 ------------------------------------------------------------------------------

wrapping first mol.:       22.18366       31.37244       54.33865
wrapping first mol.:       22.18366       31.37244       54.33865

 NSTEP =    14000   TIME(PS) =    1228.000  TEMP(K) =   297.81  PRESS =    20.6
 Etot   =    -54368.2667  EKtot   =     13799.1201  EPtot      =    -68167.3869
 BOND   =       481.8807  ANGLE   =      1218.3748  DIHED      =      1856.5443
 1-4 NB =       572.6425  1-4 EEL =      8805.2186  VDWAALS    =      8080.0113
 EELEC  =    -89291.2301  EHBOND  =         0.0000  RESTRAINT  =       109.1709
 EAMBER (non-restraint)  =    -68276.5578
 EKCMT  =      5977.4310  VIRIAL  =      5876.4993  VOLUME     =    226903.3060
                                                    Density    =         1.0163
 ------------------------------------------------------------------------------

wrapping first mol.:       22.17738       31.36354       54.32325
wrapping first mol.:       22.17738       31.36354       54.32325

 NSTEP =    14500   TIME(PS) =    1229.000  TEMP(K) =   297.15  PRESS =    37.9
 Etot   =    -54405.8710  EKtot   =     13768.4199  EPtot      =    -68174.2909
 BOND   =       450.9840  ANGLE   =      1149.3682  DIHED      =      1860.6408
 1-4 NB =       559.5392  1-4 EEL =      8880.0278  VDWAALS    =      8090.0419
 EELEC  =    -89279.8149  EHBOND  =         0.0000  RESTRAINT  =       114.9222
 EAMBER (non-restraint)  =    -68289.2131
 EKCMT  =      6030.4759  VIRIAL  =      5844.7617  VOLUME     =    226710.0021
                                                    Density    =         1.0172
 ------------------------------------------------------------------------------

wrapping first mol.:       22.17043       31.35372       54.30623
wrapping first mol.:       22.17043       31.35372       54.30623

 NSTEP =    15000   TIME(PS) =    1230.000  TEMP(K) =   298.12  PRESS =   138.3
 Etot   =    -54566.3061  EKtot   =     13813.5117  EPtot      =    -68379.8178
 BOND   =       442.7759  ANGLE   =      1201.7352  DIHED      =      1844.5554
 1-4 NB =       589.8735  1-4 EEL =      8836.1085  VDWAALS    =      8151.3036
 EELEC  =    -89560.7984  EHBOND  =         0.0000  RESTRAINT  =       114.6284
 EAMBER (non-restraint)  =    -68494.4462
 EKCMT  =      6024.4975  VIRIAL  =      5348.0830  VOLUME     =    226494.9652
                                                    Density    =         1.0181
 ------------------------------------------------------------------------------

wrapping first mol.:       22.18477       31.37401       54.34137
wrapping first mol.:       22.18477       31.37401       54.34137

 NSTEP =    15500   TIME(PS) =    1231.000  TEMP(K) =   302.56  PRESS =  -342.2
 Etot   =    -54295.4505  EKtot   =     14019.2100  EPtot      =    -68314.6605
 BOND   =       452.2555  ANGLE   =      1171.2454  DIHED      =      1842.0632
 1-4 NB =       574.5070  1-4 EEL =      8845.5409  VDWAALS    =      8040.9027
 EELEC  =    -89354.6864  EHBOND  =         0.0000  RESTRAINT  =       113.5114
 EAMBER (non-restraint)  =    -68428.1719
 EKCMT  =      6064.5594  VIRIAL  =      7741.2561  VOLUME     =    226944.6669
                                                    Density    =         1.0161
 ------------------------------------------------------------------------------

wrapping first mol.:       22.17873       31.36546       54.32656
wrapping first mol.:       22.17873       31.36546       54.32656

 NSTEP =    16000   TIME(PS) =    1232.000  TEMP(K) =   297.80  PRESS =  -162.2
 Etot   =    -54491.3387  EKtot   =     13798.7363  EPtot      =    -68290.0750
 BOND   =       428.0039  ANGLE   =      1154.2869  DIHED      =      1840.0722
 1-4 NB =       574.3521  1-4 EEL =      8850.1960  VDWAALS    =      8141.0381
 EELEC  =    -89395.9745  EHBOND  =         0.0000  RESTRAINT  =       117.9503
 EAMBER (non-restraint)  =    -68408.0253
 EKCMT  =      6002.2537  VIRIAL  =      6796.3212  VOLUME     =    226755.5596
                                                    Density    =         1.0170
 ------------------------------------------------------------------------------

wrapping first mol.:       22.18560       31.37517       54.34339
wrapping first mol.:       22.18560       31.37517       54.34339

 NSTEP =    16500   TIME(PS) =    1233.000  TEMP(K) =   301.04  PRESS =   -99.6
 Etot   =    -54373.4837  EKtot   =     13948.6123  EPtot      =    -68322.0960
 BOND   =       456.6032  ANGLE   =      1214.0668  DIHED      =      1869.5780
 1-4 NB =       567.5470  1-4 EEL =      8854.7837  VDWAALS    =      8071.4625
 EELEC  =    -89471.9680  EHBOND  =         0.0000  RESTRAINT  =       115.8308
 EAMBER (non-restraint)  =    -68437.9268
 EKCMT  =      6055.8152  VIRIAL  =      6543.7536  VOLUME     =    226965.0831
                                                    Density    =         1.0160
 ------------------------------------------------------------------------------

wrapping first mol.:       22.17954       31.36660       54.32854
wrapping first mol.:       22.17954       31.36660       54.32854

 NSTEP =    17000   TIME(PS) =    1234.000  TEMP(K) =   302.05  PRESS =     1.7
 Etot   =    -54176.0084  EKtot   =     13995.3896  EPtot      =    -68171.3981
 BOND   =       491.1949  ANGLE   =      1213.1771  DIHED      =      1859.4604
 1-4 NB =       567.4338  1-4 EEL =      8829.0998  VDWAALS    =      8044.7074
 EELEC  =    -89297.1418  EHBOND  =         0.0000  RESTRAINT  =       120.6704
 EAMBER (non-restraint)  =    -68292.0685
 EKCMT  =      6055.1374  VIRIAL  =      6047.0093  VOLUME     =    226777.0068
                                                    Density    =         1.0169
 ------------------------------------------------------------------------------

wrapping first mol.:       22.18622       31.37606       54.34492
wrapping first mol.:       22.18622       31.37606       54.34492

 NSTEP =    17500   TIME(PS) =    1235.000  TEMP(K) =   294.71  PRESS =   -90.2
 Etot   =    -54551.3254  EKtot   =     13655.5293  EPtot      =    -68206.8547
 BOND   =       429.5914  ANGLE   =      1202.5374  DIHED      =      1862.4316
 1-4 NB =       572.0021  1-4 EEL =      8893.5957  VDWAALS    =      8151.4428
 EELEC  =    -89426.0087  EHBOND  =         0.0000  RESTRAINT  =       107.5529
 EAMBER (non-restraint)  =    -68314.4076
 EKCMT  =      5937.1032  VIRIAL  =      6379.3302  VOLUME     =    226984.0847
                                                    Density    =         1.0159
 ------------------------------------------------------------------------------

wrapping first mol.:       22.18400       31.37292       54.33949
wrapping first mol.:       22.18400       31.37292       54.33949

 NSTEP =    18000   TIME(PS) =    1236.000  TEMP(K) =   298.33  PRESS =  -118.5
 Etot   =    -54477.8469  EKtot   =     13823.3945  EPtot      =    -68301.2414
 BOND   =       452.2775  ANGLE   =      1223.9192  DIHED      =      1871.8654
 1-4 NB =       572.1505  1-4 EEL =      8840.7970  VDWAALS    =      8050.2546
 EELEC  =    -89430.6091  EHBOND  =         0.0000  RESTRAINT  =       118.1035
 EAMBER (non-restraint)  =    -68419.3449
 EKCMT  =      6049.2298  VIRIAL  =      6629.6644  VOLUME     =    226916.5460
                                                    Density    =         1.0162
 ------------------------------------------------------------------------------

wrapping first mol.:       22.17545       31.36082       54.31853
wrapping first mol.:       22.17545       31.36082       54.31853

 NSTEP =    18500   TIME(PS) =    1237.000  TEMP(K) =   294.91  PRESS =  -116.1
 Etot   =    -54459.6962  EKtot   =     13664.7451  EPtot      =    -68124.4413
 BOND   =       471.0008  ANGLE   =      1175.5340  DIHED      =      1871.3190
 1-4 NB =       568.4324  1-4 EEL =      8860.1313  VDWAALS    =      7997.9823
 EELEC  =    -89193.1901  EHBOND  =         0.0000  RESTRAINT  =       124.3490
 EAMBER (non-restraint)  =    -68248.7903
 EKCMT  =      5948.8596  VIRIAL  =      6517.1580  VOLUME     =    226654.1102
                                                    Density    =         1.0174
 ------------------------------------------------------------------------------

wrapping first mol.:       22.17022       31.35342       54.30571
wrapping first mol.:       22.17022       31.35342       54.30571

 NSTEP =    19000   TIME(PS) =    1238.000  TEMP(K) =   300.07  PRESS =  -289.0
 Etot   =    -54139.4867  EKtot   =     13904.0020  EPtot      =    -68043.4886
 BOND   =       446.0236  ANGLE   =      1181.4271  DIHED      =      1869.7892
 1-4 NB =       594.4802  1-4 EEL =      8899.6315  VDWAALS    =      8061.0990
 EELEC  =    -89208.7935  EHBOND  =         0.0000  RESTRAINT  =       112.8542
 EAMBER (non-restraint)  =    -68156.3429
 EKCMT  =      6013.6868  VIRIAL  =      7426.9657  VOLUME     =    226497.1034
                                                    Density    =         1.0181
 ------------------------------------------------------------------------------

wrapping first mol.:       22.14461       31.31721       54.24300
wrapping first mol.:       22.14461       31.31721       54.24300

 NSTEP =    19500   TIME(PS) =    1239.000  TEMP(K) =   297.08  PRESS =    49.5
 Etot   =    -54716.4034  EKtot   =     13765.4814  EPtot      =    -68481.8848
 BOND   =       460.5873  ANGLE   =      1193.9570  DIHED      =      1860.9812
 1-4 NB =       567.0699  1-4 EEL =      8858.8066  VDWAALS    =      8117.4794
 EELEC  =    -89658.4601  EHBOND  =         0.0000  RESTRAINT  =       117.6939
 EAMBER (non-restraint)  =    -68599.5788
 EKCMT  =      5991.5475  VIRIAL  =      5750.2144  VOLUME     =    225706.5466
                                                    Density    =         1.0217
 ------------------------------------------------------------------------------

wrapping first mol.:       22.12744       31.29293       54.20094
wrapping first mol.:       22.12744       31.29293       54.20094

 NSTEP =    20000   TIME(PS) =    1240.000  TEMP(K) =   299.62  PRESS =   -56.7
 Etot   =    -54565.5539  EKtot   =     13882.9922  EPtot      =    -68448.5461
 BOND   =       440.7148  ANGLE   =      1217.9596  DIHED      =      1840.1037
 1-4 NB =       574.5537  1-4 EEL =      8845.2299  VDWAALS    =      8054.2888
 EELEC  =    -89545.6499  EHBOND  =         0.0000  RESTRAINT  =       124.2532
 EAMBER (non-restraint)  =    -68572.7993
 EKCMT  =      6090.1726  VIRIAL  =      6366.0344  VOLUME     =    225184.0772
                                                    Density    =         1.0241
 ------------------------------------------------------------------------------

wrapping first mol.:       22.15037       31.32535       54.25709
wrapping first mol.:       22.15037       31.32535       54.25709

 NSTEP =    20500   TIME(PS) =    1241.000  TEMP(K) =   301.32  PRESS =   -19.2
 Etot   =    -54187.7042  EKtot   =     13961.7383  EPtot      =    -68149.4425
 BOND   =       449.7211  ANGLE   =      1203.5902  DIHED      =      1854.5356
 1-4 NB =       573.5561  1-4 EEL =      8864.3522  VDWAALS    =      7905.0590
 EELEC  =    -89108.5497  EHBOND  =         0.0000  RESTRAINT  =       108.2932
 EAMBER (non-restraint)  =    -68257.7356
 EKCMT  =      6052.8427  VIRIAL  =      6146.2682  VOLUME     =    225883.9337
                                                    Density    =         1.0209
 ------------------------------------------------------------------------------

wrapping first mol.:       22.15727       31.33512       54.27401
wrapping first mol.:       22.15727       31.33512       54.27401

 NSTEP =    21000   TIME(PS) =    1242.000  TEMP(K) =   298.69  PRESS =    87.2
 Etot   =    -54481.1794  EKtot   =     13839.8760  EPtot      =    -68321.0554
 BOND   =       476.5055  ANGLE   =      1209.7744  DIHED      =      1863.2347
 1-4 NB =       574.9203  1-4 EEL =      8836.9757  VDWAALS    =      8103.2485
 EELEC  =    -89489.3187  EHBOND  =         0.0000  RESTRAINT  =       103.6042
 EAMBER (non-restraint)  =    -68424.6596
 EKCMT  =      6025.7502  VIRIAL  =      5599.8935  VOLUME     =    226093.1031
                                                    Density    =         1.0199
 ------------------------------------------------------------------------------

wrapping first mol.:       22.17788       31.36425       54.32447
wrapping first mol.:       22.17788       31.36425       54.32447

 NSTEP =    21500   TIME(PS) =    1243.000  TEMP(K) =   301.95  PRESS =    25.7
 Etot   =    -54364.6179  EKtot   =     13991.1074  EPtot      =    -68355.7253
 BOND   =       459.6902  ANGLE   =      1211.7865  DIHED      =      1849.3885
 1-4 NB =       562.2467  1-4 EEL =      8873.7969  VDWAALS    =      8135.9400
 EELEC  =    -89563.1352  EHBOND  =         0.0000  RESTRAINT  =       114.5611
 EAMBER (non-restraint)  =    -68470.2864
 EKCMT  =      6067.1014  VIRIAL  =      5941.1158  VOLUME     =    226725.6010
                                                    Density    =         1.0171
 ------------------------------------------------------------------------------

wrapping first mol.:       22.18787       31.37838       54.34894
wrapping first mol.:       22.18787       31.37838       54.34894

 NSTEP =    22000   TIME(PS) =    1244.000  TEMP(K) =   300.98  PRESS =  -116.5
 Etot   =    -54350.7640  EKtot   =     13946.0615  EPtot      =    -68296.8256
 BOND   =       463.4974  ANGLE   =      1230.7146  DIHED      =      1861.3985
 1-4 NB =       565.0874  1-4 EEL =      8843.2218  VDWAALS    =      8100.9576
 EELEC  =    -89471.7905  EHBOND  =         0.0000  RESTRAINT  =       110.0875
 EAMBER (non-restraint)  =    -68406.9131
 EKCMT  =      6049.0631  VIRIAL  =      6620.3815  VOLUME     =    227034.9877
                                                    Density    =         1.0157
 ------------------------------------------------------------------------------

wrapping first mol.:       22.18954       31.38075       54.35305
wrapping first mol.:       22.18954       31.38075       54.35305

 NSTEP =    22500   TIME(PS) =    1245.000  TEMP(K) =   300.15  PRESS =   182.0
 Etot   =    -54343.4039  EKtot   =     13907.3555  EPtot      =    -68250.7593
 BOND   =       436.5089  ANGLE   =      1220.7612  DIHED      =      1841.9422
 1-4 NB =       580.5127  1-4 EEL =      8865.0615  VDWAALS    =      8206.4283
 EELEC  =    -89515.2725  EHBOND  =         0.0000  RESTRAINT  =       113.2984
 EAMBER (non-restraint)  =    -68364.0577
 EKCMT  =      6067.1791  VIRIAL  =      5174.8295  VOLUME     =    227080.4303
                                                    Density    =         1.0155
 ------------------------------------------------------------------------------

wrapping first mol.:       22.19443       31.38766       54.36501
wrapping first mol.:       22.19443       31.38766       54.36501

 NSTEP =    23000   TIME(PS) =    1246.000  TEMP(K) =   302.99  PRESS =   288.4
 Etot   =    -54255.6198  EKtot   =     14039.0625  EPtot      =    -68294.6823
 BOND   =       420.5669  ANGLE   =      1223.5466  DIHED      =      1872.2528
 1-4 NB =       571.6301  1-4 EEL =      8855.3398  VDWAALS    =      8234.7501
 EELEC  =    -89587.7921  EHBOND  =         0.0000  RESTRAINT  =       115.0234
 EAMBER (non-restraint)  =    -68409.7057
 EKCMT  =      6102.8821  VIRIAL  =      4687.8940  VOLUME     =    227228.2614
                                                    Density    =         1.0149
 ------------------------------------------------------------------------------

wrapping first mol.:       22.19567       31.38941       54.36805
wrapping first mol.:       22.19567       31.38941       54.36805

 NSTEP =    23500   TIME(PS) =    1247.000  TEMP(K) =   302.90  PRESS =    73.1
 Etot   =    -54109.9859  EKtot   =     14034.9414  EPtot      =    -68144.9273
 BOND   =       438.6953  ANGLE   =      1173.9205  DIHED      =      1841.2972
 1-4 NB =       575.1634  1-4 EEL =      8840.1002  VDWAALS    =      8299.8641
 EELEC  =    -89424.5053  EHBOND  =         0.0000  RESTRAINT  =       110.5372
 EAMBER (non-restraint)  =    -68255.4645
 EKCMT  =      6089.1182  VIRIAL  =      5730.5171  VOLUME     =    227270.6727
                                                    Density    =         1.0147
 ------------------------------------------------------------------------------

wrapping first mol.:       22.18212       31.37025       54.33487
wrapping first mol.:       22.18212       31.37025       54.33487

 NSTEP =    24000   TIME(PS) =    1248.000  TEMP(K) =   298.95  PRESS =    24.6
 Etot   =    -54572.7918  EKtot   =     13851.7900  EPtot      =    -68424.5819
 BOND   =       439.3265  ANGLE   =      1173.7126  DIHED      =      1851.6612
 1-4 NB =       559.2372  1-4 EEL =      8853.3421  VDWAALS    =      8208.4403
 EELEC  =    -89631.3393  EHBOND  =         0.0000  RESTRAINT  =       121.0375
 EAMBER (non-restraint)  =    -68545.6194
 EKCMT  =      5971.4536  VIRIAL  =      5850.7300  VOLUME     =    226855.7670
                                                    Density    =         1.0165
 ------------------------------------------------------------------------------

wrapping first mol.:       22.18214       31.37029       54.33493
wrapping first mol.:       22.18214       31.37029       54.33493

 NSTEP =    24500   TIME(PS) =    1249.000  TEMP(K) =   302.71  PRESS =  -142.0
 Etot   =    -54171.9627  EKtot   =     14026.2227  EPtot      =    -68198.1853
 BOND   =       448.3038  ANGLE   =      1198.9647  DIHED      =      1845.0413
 1-4 NB =       578.8370  1-4 EEL =      8876.7535  VDWAALS    =      7958.6780
 EELEC  =    -89215.2183  EHBOND  =         0.0000  RESTRAINT  =       110.4546
 EAMBER (non-restraint)  =    -68308.6399
 EKCMT  =      6116.0915  VIRIAL  =      6811.5763  VOLUME     =    226859.9260
                                                    Density    =         1.0165
 ------------------------------------------------------------------------------

wrapping first mol.:       22.19866       31.39364       54.37538
wrapping first mol.:       22.19866       31.39364       54.37538

 NSTEP =    25000   TIME(PS) =    1250.000  TEMP(K) =   301.05  PRESS =   -99.6
 Etot   =    -54133.0736  EKtot   =     13949.3740  EPtot      =    -68082.4476
 BOND   =       446.8947  ANGLE   =      1257.3452  DIHED      =      1832.9879
 1-4 NB =       569.4015  1-4 EEL =      8891.2051  VDWAALS    =      8080.8422
 EELEC  =    -89287.1556  EHBOND  =         0.0000  RESTRAINT  =       126.0313
 EAMBER (non-restraint)  =    -68208.4790
 EKCMT  =      6052.3049  VIRIAL  =      6541.0579  VOLUME     =    227366.1321
                                                    Density    =         1.0142
 ------------------------------------------------------------------------------

wrapping first mol.:       22.19525       31.38882       54.36702
wrapping first mol.:       22.19525       31.38882       54.36702

 NSTEP =    25500   TIME(PS) =    1251.000  TEMP(K) =   298.22  PRESS =     7.8
 Etot   =    -54564.5101  EKtot   =     13818.0068  EPtot      =    -68382.5170
 BOND   =       435.2140  ANGLE   =      1213.8500  DIHED      =      1827.5054
 1-4 NB =       577.2303  1-4 EEL =      8872.3383  VDWAALS    =      8252.9053
 EELEC  =    -89671.0856  EHBOND  =         0.0000  RESTRAINT  =       109.5254
 EAMBER (non-restraint)  =    -68492.0424
 EKCMT  =      5986.4682  VIRIAL  =      5948.2339  VOLUME     =    227259.1521
                                                    Density    =         1.0147
 ------------------------------------------------------------------------------

wrapping first mol.:       22.18286       31.37130       54.33669
wrapping first mol.:       22.18286       31.37130       54.33669

 NSTEP =    26000   TIME(PS) =    1252.000  TEMP(K) =   297.04  PRESS =   -58.0
 Etot   =    -54475.2699  EKtot   =     13763.4766  EPtot      =    -68238.7464
 BOND   =       436.8234  ANGLE   =      1222.5242  DIHED      =      1848.1660
 1-4 NB =       584.0079  1-4 EEL =      8841.8584  VDWAALS    =      8082.3329
 EELEC  =    -89368.6927  EHBOND  =         0.0000  RESTRAINT  =       114.2335
 EAMBER (non-restraint)  =    -68352.9799
 EKCMT  =      5969.8305  VIRIAL  =      6254.1898  VOLUME     =    226880.2490
                                                    Density    =         1.0164
 ------------------------------------------------------------------------------

wrapping first mol.:       22.17852       31.36517       54.32606
wrapping first mol.:       22.17852       31.36517       54.32606

 NSTEP =    26500   TIME(PS) =    1253.000  TEMP(K) =   298.83  PRESS =    77.8
 Etot   =    -54405.3283  EKtot   =     13846.3467  EPtot      =    -68251.6750
 BOND   =       448.6142  ANGLE   =      1225.6890  DIHED      =      1830.6167
 1-4 NB =       586.0009  1-4 EEL =      8868.2333  VDWAALS    =      8132.3120
 EELEC  =    -89461.9081  EHBOND  =         0.0000  RESTRAINT  =       118.7670
 EAMBER (non-restraint)  =    -68370.4420
 EKCMT  =      6064.2724  VIRIAL  =      5683.2059  VOLUME     =    226744.3916
                                                    Density    =         1.0170
 ------------------------------------------------------------------------------

wrapping first mol.:       22.18064       31.36817       54.33125
wrapping first mol.:       22.18064       31.36817       54.33125

 NSTEP =    27000   TIME(PS) =    1254.000  TEMP(K) =   299.33  PRESS =    60.5
 Etot   =    -54585.5525  EKtot   =     13869.4902  EPtot      =    -68455.0427
 BOND   =       444.2214  ANGLE   =      1229.1039  DIHED      =      1821.4660
 1-4 NB =       575.9136  1-4 EEL =      8858.5785  VDWAALS    =      8159.9021
 EELEC  =    -89661.8995  EHBOND  =         0.0000  RESTRAINT  =       117.6713
 EAMBER (non-restraint)  =    -68572.7141
 EKCMT  =      6007.5728  VIRIAL  =      5711.2636  VOLUME     =    226809.8004
                                                    Density    =         1.0167
 ------------------------------------------------------------------------------

wrapping first mol.:       22.17065       31.35403       54.30678
wrapping first mol.:       22.17065       31.35403       54.30678

 NSTEP =    27500   TIME(PS) =    1255.000  TEMP(K) =   296.42  PRESS =   -85.4
 Etot   =    -54609.3116  EKtot   =     13734.7061  EPtot      =    -68344.0177
 BOND   =       460.7988  ANGLE   =      1184.3098  DIHED      =      1868.1124
 1-4 NB =       584.3129  1-4 EEL =      8884.2384  VDWAALS    =      8222.3755
 EELEC  =    -89672.1266  EHBOND  =         0.0000  RESTRAINT  =       123.9612
 EAMBER (non-restraint)  =    -68467.9788
 EKCMT  =      6030.5716  VIRIAL  =      6448.1364  VOLUME     =    226506.3494
                                                    Density    =         1.0181
 ------------------------------------------------------------------------------

wrapping first mol.:       22.17277       31.35703       54.31197
wrapping first mol.:       22.17277       31.35703       54.31197

 NSTEP =    28000   TIME(PS) =    1256.000  TEMP(K) =   300.94  PRESS =  -118.4
 Etot   =    -54405.5725  EKtot   =     13944.0625  EPtot      =    -68349.6350
 BOND   =       459.2402  ANGLE   =      1168.0580  DIHED      =      1873.3087
 1-4 NB =       573.5686  1-4 EEL =      8844.7614  VDWAALS    =      8087.5579
 EELEC  =    -89463.0905  EHBOND  =         0.0000  RESTRAINT  =       106.9606
 EAMBER (non-restraint)  =    -68456.5956
 EKCMT  =      6144.1553  VIRIAL  =      6723.3991  VOLUME     =    226571.9815
                                                    Density    =         1.0178
 ------------------------------------------------------------------------------

wrapping first mol.:       22.18329       31.37190       54.33773
wrapping first mol.:       22.18329       31.37190       54.33773

 NSTEP =    28500   TIME(PS) =    1257.000  TEMP(K) =   301.31  PRESS =   -90.7
 Etot   =    -54178.5087  EKtot   =     13961.4834  EPtot      =    -68139.9921
 BOND   =       463.9357  ANGLE   =      1202.4229  DIHED      =      1861.7566
 1-4 NB =       574.0515  1-4 EEL =      8885.7518  VDWAALS    =      8105.2147
 EELEC  =    -89345.8757  EHBOND  =         0.0000  RESTRAINT  =       112.7504
 EAMBER (non-restraint)  =    -68252.7425
 EKCMT  =      6041.5185  VIRIAL  =      6485.9550  VOLUME     =    226893.9496
                                                    Density    =         1.0163
 ------------------------------------------------------------------------------

wrapping first mol.:       22.19852       31.39345       54.37505
wrapping first mol.:       22.19852       31.39345       54.37505

 NSTEP =    29000   TIME(PS) =    1258.000  TEMP(K) =   299.58  PRESS =  -169.6
 Etot   =    -54378.9832  EKtot   =     13880.9990  EPtot      =    -68259.9822
 BOND   =       458.4829  ANGLE   =      1189.3212  DIHED      =      1853.0311
 1-4 NB =       575.6386  1-4 EEL =      8891.0259  VDWAALS    =      8107.4580
 EELEC  =    -89441.7858  EHBOND  =         0.0000  RESTRAINT  =       106.8459
 EAMBER (non-restraint)  =    -68366.8281
 EKCMT  =      6076.9276  VIRIAL  =      6909.6720  VOLUME     =    227363.4287
                                                    Density    =         1.0142
 ------------------------------------------------------------------------------

wrapping first mol.:       22.18296       31.37145       54.33694
wrapping first mol.:       22.18296       31.37145       54.33694

 NSTEP =    29500   TIME(PS) =    1259.000  TEMP(K) =   299.02  PRESS =  -152.2
 Etot   =    -54518.3949  EKtot   =     13855.2129  EPtot      =    -68373.6078
 BOND   =       445.0430  ANGLE   =      1250.3632  DIHED      =      1848.5713
 1-4 NB =       562.6911  1-4 EEL =      8870.7333  VDWAALS    =      8019.8282
 EELEC  =    -89479.1790  EHBOND  =         0.0000  RESTRAINT  =       108.3410
 EAMBER (non-restraint)  =    -68481.9488
 EKCMT  =      6091.6474  VIRIAL  =      6837.3874  VOLUME     =    226885.3042
                                                    Density    =         1.0164
 ------------------------------------------------------------------------------

wrapping first mol.:       22.16020       31.33925       54.28117
wrapping first mol.:       22.16020       31.33925       54.28117

 NSTEP =    30000   TIME(PS) =    1260.000  TEMP(K) =   301.57  PRESS =  -104.3
 Etot   =    -54368.0889  EKtot   =     13973.3447  EPtot      =    -68341.4336
 BOND   =       463.3589  ANGLE   =      1212.1406  DIHED      =      1868.7306
 1-4 NB =       561.7217  1-4 EEL =      8826.5982  VDWAALS    =      8136.6421
 EELEC  =    -89521.8650  EHBOND  =         0.0000  RESTRAINT  =       111.2392
 EAMBER (non-restraint)  =    -68452.6729
 EKCMT  =      6074.0104  VIRIAL  =      6583.3307  VOLUME     =    226186.4683
                                                    Density    =         1.0195
 ------------------------------------------------------------------------------

wrapping first mol.:       22.17828       31.36482       54.32545
wrapping first mol.:       22.17828       31.36482       54.32545

 NSTEP =    30500   TIME(PS) =    1261.000  TEMP(K) =   300.77  PRESS =  -256.5
 Etot   =    -54222.8172  EKtot   =     13936.2041  EPtot      =    -68159.0213
 BOND   =       434.1620  ANGLE   =      1207.5989  DIHED      =      1862.5375
 1-4 NB =       588.4079  1-4 EEL =      8878.6279  VDWAALS    =      7943.1379
 EELEC  =    -89192.4508  EHBOND  =         0.0000  RESTRAINT  =       118.9575
 EAMBER (non-restraint)  =    -68277.9788
 EKCMT  =      6107.9676  VIRIAL  =      7363.8616  VOLUME     =    226743.5648
                                                    Density    =         1.0170
 ------------------------------------------------------------------------------

wrapping first mol.:       22.17254       31.35671       54.31141
wrapping first mol.:       22.17254       31.35671       54.31141

 NSTEP =    31000   TIME(PS) =    1262.000  TEMP(K) =   299.92  PRESS =   288.6
 Etot   =    -54201.9674  EKtot   =     13896.8682  EPtot      =    -68098.8355
 BOND   =       459.0964  ANGLE   =      1254.7918  DIHED      =      1860.8203
 1-4 NB =       571.3210  1-4 EEL =      8842.1859  VDWAALS    =      8251.5606
 EELEC  =    -89464.9154  EHBOND  =         0.0000  RESTRAINT  =       126.3039
 EAMBER (non-restraint)  =    -68225.1394
 EKCMT  =      6102.3007  VIRIAL  =      4690.6795  VOLUME     =    226556.7691
                                                    Density    =         1.0179
 ------------------------------------------------------------------------------

wrapping first mol.:       22.17055       31.35389       54.30652
wrapping first mol.:       22.17055       31.35389       54.30652

 NSTEP =    31500   TIME(PS) =    1263.000  TEMP(K) =   296.65  PRESS =    -9.7
 Etot   =    -54665.4004  EKtot   =     13745.2539  EPtot      =    -68410.6543
 BOND   =       411.1298  ANGLE   =      1170.5341  DIHED      =      1832.4322
 1-4 NB =       584.7941  1-4 EEL =      8907.4483  VDWAALS    =      8193.2420
 EELEC  =    -89618.7087  EHBOND  =         0.0000  RESTRAINT  =       108.4739
 EAMBER (non-restraint)  =    -68519.1281
 EKCMT  =      6087.4298  VIRIAL  =      6134.6618  VOLUME     =    226501.6004
                                                    Density    =         1.0181
 ------------------------------------------------------------------------------

wrapping first mol.:       22.16233       31.34226       54.28639
wrapping first mol.:       22.16233       31.34226       54.28639

 NSTEP =    32000   TIME(PS) =    1264.000  TEMP(K) =   299.42  PRESS =   165.1
 Etot   =    -54498.3083  EKtot   =     13873.5928  EPtot      =    -68371.9010
 BOND   =       443.5242  ANGLE   =      1207.0618  DIHED      =      1853.1691
 1-4 NB =       591.1488  1-4 EEL =      8851.1281  VDWAALS    =      8132.8913
 EELEC  =    -89566.8793  EHBOND  =         0.0000  RESTRAINT  =       116.0551
 EAMBER (non-restraint)  =    -68487.9561
 EKCMT  =      6054.2948  VIRIAL  =      5247.8238  VOLUME     =    226246.2610
                                                    Density    =         1.0193
 ------------------------------------------------------------------------------

wrapping first mol.:       22.16851       31.35100       54.30152
wrapping first mol.:       22.16851       31.35100       54.30152

 NSTEP =    32500   TIME(PS) =    1265.000  TEMP(K) =   303.17  PRESS =   155.4
 Etot   =    -54225.8919  EKtot   =     14047.5596  EPtot      =    -68273.4515
 BOND   =       469.3799  ANGLE   =      1170.2749  DIHED      =      1872.3728
 1-4 NB =       566.4934  1-4 EEL =      8854.9745  VDWAALS    =      8155.8859
 EELEC  =    -89467.6944  EHBOND  =         0.0000  RESTRAINT  =       104.8615
 EAMBER (non-restraint)  =    -68378.3130
 EKCMT  =      6103.1515  VIRIAL  =      5343.3809  VOLUME     =    226435.7150
                                                    Density    =         1.0184
 ------------------------------------------------------------------------------

wrapping first mol.:       22.18470       31.37390       54.34119
wrapping first mol.:       22.18470       31.37390       54.34119

 NSTEP =    33000   TIME(PS) =    1266.000  TEMP(K) =   303.35  PRESS =   -17.5
 Etot   =    -54387.4061  EKtot   =     14055.7021  EPtot      =    -68443.1083
 BOND   =       450.8717  ANGLE   =      1136.6575  DIHED      =      1853.7852
 1-4 NB =       583.7157  1-4 EEL =      8870.4993  VDWAALS    =      8109.8951
 EELEC  =    -89559.9357  EHBOND  =         0.0000  RESTRAINT  =       111.4032
 EAMBER (non-restraint)  =    -68554.5114
 EKCMT  =      6248.2862  VIRIAL  =      6334.0992  VOLUME     =    226935.8437
                                                    Density    =         1.0162
 ------------------------------------------------------------------------------

wrapping first mol.:       22.17213       31.35613       54.31040
wrapping first mol.:       22.17213       31.35613       54.31040

 NSTEP =    33500   TIME(PS) =    1267.000  TEMP(K) =   302.98  PRESS =   -25.0
 Etot   =    -54177.4547  EKtot   =     14038.6250  EPtot      =    -68216.0797
 BOND   =       461.5316  ANGLE   =      1189.6618  DIHED      =      1858.7448
 1-4 NB =       597.1327  1-4 EEL =      8895.1161  VDWAALS    =      8143.4594
 EELEC  =    -89467.4227  EHBOND  =         0.0000  RESTRAINT  =       105.6967
 EAMBER (non-restraint)  =    -68321.7764
 EKCMT  =      6113.8747  VIRIAL  =      6236.1016  VOLUME     =    226550.4945
                                                    Density    =         1.0179
 ------------------------------------------------------------------------------

wrapping first mol.:       22.16874       31.35133       54.30210
wrapping first mol.:       22.16874       31.35133       54.30210

 NSTEP =    34000   TIME(PS) =    1268.000  TEMP(K) =   298.95  PRESS =   163.8
 Etot   =    -54520.6077  EKtot   =     13851.9902  EPtot      =    -68372.5979
 BOND   =       443.1711  ANGLE   =      1216.1048  DIHED      =      1883.8106
 1-4 NB =       577.6363  1-4 EEL =      8849.1856  VDWAALS    =      8283.2690
 EELEC  =    -89736.4998  EHBOND  =         0.0000  RESTRAINT  =       110.7243
 EAMBER (non-restraint)  =    -68483.3222
 EKCMT  =      6094.8974  VIRIAL  =      5293.9506  VOLUME     =    226442.8097
                                                    Density    =         1.0184
 ------------------------------------------------------------------------------

wrapping first mol.:       22.16122       31.34069       54.28366
wrapping first mol.:       22.16122       31.34069       54.28366

 NSTEP =    34500   TIME(PS) =    1269.000  TEMP(K) =   298.68  PRESS =   -37.2
 Etot   =    -54467.2613  EKtot   =     13839.5576  EPtot      =    -68306.8190
 BOND   =       429.7263  ANGLE   =      1195.3763  DIHED      =      1846.8903
 1-4 NB =       591.7710  1-4 EEL =      8898.2205  VDWAALS    =      8081.8469
 EELEC  =    -89461.4005  EHBOND  =         0.0000  RESTRAINT  =       110.7501
 EAMBER (non-restraint)  =    -68417.5690
 EKCMT  =      6057.1667  VIRIAL  =      6239.0312  VOLUME     =    226216.2962
                                                    Density    =         1.0194
 ------------------------------------------------------------------------------

wrapping first mol.:       22.15799       31.33613       54.27576
wrapping first mol.:       22.15799       31.33613       54.27576

 NSTEP =    35000   TIME(PS) =    1270.000  TEMP(K) =   300.57  PRESS =  -117.8
 Etot   =    -54429.4124  EKtot   =     13927.2393  EPtot      =    -68356.6517
 BOND   =       473.3192  ANGLE   =      1235.3917  DIHED      =      1854.7158
 1-4 NB =       575.7590  1-4 EEL =      8852.7831  VDWAALS    =      8052.0526
 EELEC  =    -89512.6231  EHBOND  =         0.0000  RESTRAINT  =       111.9499
 EAMBER (non-restraint)  =    -68468.6016
 EKCMT  =      6142.0910  VIRIAL  =      6717.1172  VOLUME     =    226119.1368
                                                    Density    =         1.0198
 ------------------------------------------------------------------------------

wrapping first mol.:       22.14608       31.31929       54.24659
wrapping first mol.:       22.14608       31.31929       54.24659

 NSTEP =    35500   TIME(PS) =    1271.000  TEMP(K) =   298.48  PRESS =    31.1
 Etot   =    -54747.2812  EKtot   =     13830.3545  EPtot      =    -68577.6356
 BOND   =       452.9073  ANGLE   =      1244.7283  DIHED      =      1847.6618
 1-4 NB =       578.8010  1-4 EEL =      8874.7157  VDWAALS    =      8183.8327
 EELEC  =    -89873.3133  EHBOND  =         0.0000  RESTRAINT  =       113.0308
 EAMBER (non-restraint)  =    -68690.6665
 EKCMT  =      6086.1242  VIRIAL  =      5934.4233  VOLUME     =    225751.7496
                                                    Density    =         1.0215
 ------------------------------------------------------------------------------

wrapping first mol.:       22.12101       31.28384       54.18519
wrapping first mol.:       22.12101       31.28384       54.18519

 NSTEP =    36000   TIME(PS) =    1272.000  TEMP(K) =   298.03  PRESS =   163.7
 Etot   =    -54566.3177  EKtot   =     13809.4297  EPtot      =    -68375.7473
 BOND   =       437.0857  ANGLE   =      1202.5462  DIHED      =      1844.2575
 1-4 NB =       564.6230  1-4 EEL =      8844.7266  VDWAALS    =      8048.1756
 EELEC  =    -89430.9547  EHBOND  =         0.0000  RESTRAINT  =       113.7928
 EAMBER (non-restraint)  =    -68489.5401
 EKCMT  =      6077.5685  VIRIAL  =      5282.5915  VOLUME     =    224983.4112
                                                    Density    =         1.0250
 ------------------------------------------------------------------------------

wrapping first mol.:       22.15228       31.32806       54.26178
wrapping first mol.:       22.15228       31.32806       54.26178

 NSTEP =    36500   TIME(PS) =    1273.000  TEMP(K) =   302.27  PRESS =   330.0
 Etot   =    -54295.2452  EKtot   =     14005.7988  EPtot      =    -68301.0440
 BOND   =       476.7847  ANGLE   =      1201.9150  DIHED      =      1849.1821
 1-4 NB =       565.7767  1-4 EEL =      8875.6100  VDWAALS    =      8179.3349
 EELEC  =    -89557.7147  EHBOND  =         0.0000  RESTRAINT  =       108.0673
 EAMBER (non-restraint)  =    -68409.1113
 EKCMT  =      6112.8017  VIRIAL  =      4503.2220  VOLUME     =    225935.4231
                                                    Density    =         1.0207
 ------------------------------------------------------------------------------

wrapping first mol.:       22.14892       31.32331       54.25355
wrapping first mol.:       22.14892       31.32331       54.25355

 NSTEP =    37000   TIME(PS) =    1274.000  TEMP(K) =   300.95  PRESS =  -163.8
 Etot   =    -54641.2626  EKtot   =     13944.8369  EPtot      =    -68586.0996
 BOND   =       411.7615  ANGLE   =      1204.6871  DIHED      =      1860.6969
 1-4 NB =       578.5668  1-4 EEL =      8868.8618  VDWAALS    =      8046.4969
 EELEC  =    -89670.5041  EHBOND  =         0.0000  RESTRAINT  =       113.3336
 EAMBER (non-restraint)  =    -68699.4331
 EKCMT  =      6119.2730  VIRIAL  =      6918.0754  VOLUME     =    225842.6219
                                                    Density    =         1.0211
 ------------------------------------------------------------------------------

wrapping first mol.:       22.15015       31.32504       54.25656
wrapping first mol.:       22.15015       31.32504       54.25656

 NSTEP =    37500   TIME(PS) =    1275.000  TEMP(K) =   300.56  PRESS =   189.0
 Etot   =    -54359.9698  EKtot   =     13926.4883  EPtot      =    -68286.4581
 BOND   =       439.6432  ANGLE   =      1210.3408  DIHED      =      1869.9738
 1-4 NB =       576.1199  1-4 EEL =      8859.6484  VDWAALS    =      8113.2335
 EELEC  =    -89465.9525  EHBOND  =         0.0000  RESTRAINT  =       110.5348
 EAMBER (non-restraint)  =    -68396.9929
 EKCMT  =      6060.2475  VIRIAL  =      5138.4520  VOLUME     =    225873.0798
                                                    Density    =         1.0209
 ------------------------------------------------------------------------------

wrapping first mol.:       22.14182       31.31326       54.23615
wrapping first mol.:       22.14182       31.31326       54.23615

 NSTEP =    38000   TIME(PS) =    1276.000  TEMP(K) =   298.57  PRESS =   128.2
 Etot   =    -54613.3150  EKtot   =     13834.3105  EPtot      =    -68447.6255
 BOND   =       432.0269  ANGLE   =      1220.1142  DIHED      =      1844.8970
 1-4 NB =       556.9281  1-4 EEL =      8878.2671  VDWAALS    =      8158.7699
 EELEC  =    -89659.5035  EHBOND  =         0.0000  RESTRAINT  =       120.8747
 EAMBER (non-restraint)  =    -68568.5003
 EKCMT  =      6068.0420  VIRIAL  =      5443.7384  VOLUME     =    225619.4690
                                                    Density    =         1.0221
 ------------------------------------------------------------------------------

wrapping first mol.:       22.14735       31.32108       54.24970
wrapping first mol.:       22.14735       31.32108       54.24970

 NSTEP =    38500   TIME(PS) =    1277.000  TEMP(K) =   297.10  PRESS =  -250.9
 Etot   =    -54715.8845  EKtot   =     13766.0654  EPtot      =    -68481.9499
 BOND   =       439.0265  ANGLE   =      1221.7042  DIHED      =      1855.9767
 1-4 NB =       569.4189  1-4 EEL =      8856.3332  VDWAALS    =      8160.3119
 EELEC  =    -89697.7032  EHBOND  =         0.0000  RESTRAINT  =       112.9819
 EAMBER (non-restraint)  =    -68594.9317
 EKCMT  =      5916.2810  VIRIAL  =      7139.3740  VOLUME     =    225796.2034
                                                    Density    =         1.0213
 ------------------------------------------------------------------------------

wrapping first mol.:       22.13972       31.31029       54.23100
wrapping first mol.:       22.13972       31.31029       54.23100

 NSTEP =    39000   TIME(PS) =    1278.000  TEMP(K) =   298.45  PRESS =  -325.0
 Etot   =    -54639.8808  EKtot   =     13828.8721  EPtot      =    -68468.7529
 BOND   =       410.8284  ANGLE   =      1176.2209  DIHED      =      1866.7657
 1-4 NB =       564.2469  1-4 EEL =      8868.0457  VDWAALS    =      8021.0274
 EELEC  =    -89490.5651  EHBOND  =         0.0000  RESTRAINT  =       114.6772
 EAMBER (non-restraint)  =    -68583.4300
 EKCMT  =      5974.8103  VIRIAL  =      7557.8451  VOLUME     =    225564.3738
                                                    Density    =         1.0223
 ------------------------------------------------------------------------------

wrapping first mol.:       22.14778       31.32169       54.25075
wrapping first mol.:       22.14778       31.32169       54.25075

 NSTEP =    39500   TIME(PS) =    1279.000  TEMP(K) =   301.12  PRESS =   -76.0
 Etot   =    -54432.3925  EKtot   =     13952.5801  EPtot      =    -68384.9726
 BOND   =       498.6497  ANGLE   =      1181.5661  DIHED      =      1842.9837
 1-4 NB =       563.1734  1-4 EEL =      8865.4295  VDWAALS    =      8179.9975
 EELEC  =    -89622.3545  EHBOND  =         0.0000  RESTRAINT  =       105.5820
 EAMBER (non-restraint)  =    -68490.5546
 EKCMT  =      6097.7811  VIRIAL  =      6468.0952  VOLUME     =    225805.8574
                                                    Density    =         1.0212
 ------------------------------------------------------------------------------

wrapping first mol.:       22.14462       31.31723       54.24302
wrapping first mol.:       22.14462       31.31723       54.24302

 NSTEP =    40000   TIME(PS) =    1280.000  TEMP(K) =   299.28  PRESS =   115.4
 Etot   =    -54290.7647  EKtot   =     13867.0957  EPtot      =    -68157.8604
 BOND   =       454.0227  ANGLE   =      1250.8771  DIHED      =      1864.8592
 1-4 NB =       592.1504  1-4 EEL =      8894.2687  VDWAALS    =      8204.5595
 EELEC  =    -89533.2356  EHBOND  =         0.0000  RESTRAINT  =       114.6375
 EAMBER (non-restraint)  =    -68272.4979
 EKCMT  =      6089.6467  VIRIAL  =      5527.4250  VOLUME     =    225705.5098
                                                    Density    =         1.0217
 ------------------------------------------------------------------------------

wrapping first mol.:       22.14831       31.32244       54.25205
wrapping first mol.:       22.14831       31.32244       54.25205

 NSTEP =    40500   TIME(PS) =    1281.000  TEMP(K) =   299.69  PRESS =    29.7
 Etot   =    -54531.3367  EKtot   =     13886.1660  EPtot      =    -68417.5027
 BOND   =       427.9592  ANGLE   =      1189.5429  DIHED      =      1870.4253
 1-4 NB =       577.4313  1-4 EEL =      8856.2176  VDWAALS    =      8126.5942
 EELEC  =    -89579.8532  EHBOND  =         0.0000  RESTRAINT  =       114.1800
 EAMBER (non-restraint)  =    -68531.6828
 EKCMT  =      6016.7939  VIRIAL  =      5872.2219  VOLUME     =    225819.9919
                                                    Density    =         1.0212
 ------------------------------------------------------------------------------

wrapping first mol.:       22.14804       31.32206       54.25139
wrapping first mol.:       22.14804       31.32206       54.25139

 NSTEP =    41000   TIME(PS) =    1282.000  TEMP(K) =   302.83  PRESS =    35.3
 Etot   =    -54223.5844  EKtot   =     14031.8506  EPtot      =    -68255.4350
 BOND   =       471.3949  ANGLE   =      1197.6300  DIHED      =      1860.9164
 1-4 NB =       594.3655  1-4 EEL =      8887.2187  VDWAALS    =      8083.7322
 EELEC  =    -89467.7783  EHBOND  =         0.0000  RESTRAINT  =       117.0856
 EAMBER (non-restraint)  =    -68372.5206
 EKCMT  =      6040.9182  VIRIAL  =      5868.8334  VOLUME     =    225811.6389
                                                    Density    =         1.0212
 ------------------------------------------------------------------------------

wrapping first mol.:       22.15900       31.33755       54.27823
wrapping first mol.:       22.15900       31.33755       54.27823

 NSTEP =    41500   TIME(PS) =    1283.000  TEMP(K) =   300.57  PRESS =    93.6
 Etot   =    -54267.9079  EKtot   =     13927.1084  EPtot      =    -68195.0163
 BOND   =       433.7278  ANGLE   =      1178.2471  DIHED      =      1868.6697
 1-4 NB =       578.4549  1-4 EEL =      8880.8506  VDWAALS    =      8148.5112
 EELEC  =    -89405.0046  EHBOND  =         0.0000  RESTRAINT  =       121.5269
 EAMBER (non-restraint)  =    -68316.5432
 EKCMT  =      6018.9552  VIRIAL  =      5562.0081  VOLUME     =    226145.6759
                                                    Density    =         1.0197
 ------------------------------------------------------------------------------

wrapping first mol.:       22.16453       31.34538       54.29179
wrapping first mol.:       22.16453       31.34538       54.29179

 NSTEP =    42000   TIME(PS) =    1284.000  TEMP(K) =   301.30  PRESS =   231.7
 Etot   =    -54441.2731  EKtot   =     13960.7979  EPtot      =    -68402.0710
 BOND   =       445.5407  ANGLE   =      1206.3181  DIHED      =      1857.6580
 1-4 NB =       568.5692  1-4 EEL =      8847.0668  VDWAALS    =      8323.3654
 EELEC  =    -89773.3162  EHBOND  =         0.0000  RESTRAINT  =       122.7271
 EAMBER (non-restraint)  =    -68524.7980
 EKCMT  =      6098.1137  VIRIAL  =      4966.1249  VOLUME     =    226312.5133
                                                    Density    =         1.0190
 ------------------------------------------------------------------------------

wrapping first mol.:       22.15648       31.33399       54.27206
wrapping first mol.:       22.15648       31.33399       54.27206

 NSTEP =    42500   TIME(PS) =    1285.000  TEMP(K) =   302.34  PRESS =   -53.4
 Etot   =    -54294.3413  EKtot   =     14009.0107  EPtot      =    -68303.3520
 BOND   =       437.1282  ANGLE   =      1238.6423  DIHED      =      1848.3942
 1-4 NB =       576.8270  1-4 EEL =      8882.3612  VDWAALS    =      7928.2207
 EELEC  =    -89333.2839  EHBOND  =         0.0000  RESTRAINT  =       118.3582
 EAMBER (non-restraint)  =    -68421.7102
 EKCMT  =      6066.1063  VIRIAL  =      6326.5427  VOLUME     =    226071.6407
                                                    Density    =         1.0200
 ------------------------------------------------------------------------------

wrapping first mol.:       22.15490       31.33176       54.26819
wrapping first mol.:       22.15490       31.33176       54.26819

 NSTEP =    43000   TIME(PS) =    1286.000  TEMP(K) =   298.31  PRESS =     6.1
 Etot   =    -54643.3775  EKtot   =     13822.0850  EPtot      =    -68465.4625
 BOND   =       420.9272  ANGLE   =      1221.0201  DIHED      =      1867.8396
 1-4 NB =       579.8746  1-4 EEL =      8866.8354  VDWAALS    =      8253.3626
 EELEC  =    -89777.5881  EHBOND  =         0.0000  RESTRAINT  =       102.2661
 EAMBER (non-restraint)  =    -68567.7285
 EKCMT  =      6018.4487  VIRIAL  =      5988.6661  VOLUME     =    226022.0631
                                                    Density    =         1.0203
 ------------------------------------------------------------------------------

wrapping first mol.:       22.16990       31.35298       54.30494
wrapping first mol.:       22.16990       31.35298       54.30494

 NSTEP =    43500   TIME(PS) =    1287.000  TEMP(K) =   300.43  PRESS =  -365.4
 Etot   =    -54508.2000  EKtot   =     13920.3896  EPtot      =    -68428.5896
 BOND   =       427.0155  ANGLE   =      1189.6661  DIHED      =      1867.3688
 1-4 NB =       578.1120  1-4 EEL =      8893.8480  VDWAALS    =      7884.4825
 EELEC  =    -89374.8243  EHBOND  =         0.0000  RESTRAINT  =       105.7418
 EAMBER (non-restraint)  =    -68534.3314
 EKCMT  =      6004.0559  VIRIAL  =      7791.1155  VOLUME     =    226489.0877
                                                    Density    =         1.0182
 ------------------------------------------------------------------------------

wrapping first mol.:       22.17086       31.35433       54.30729
wrapping first mol.:       22.17086       31.35433       54.30729

 NSTEP =    44000   TIME(PS) =    1288.000  TEMP(K) =   297.09  PRESS =   147.9
 Etot   =    -54566.7564  EKtot   =     13765.5469  EPtot      =    -68332.3033
 BOND   =       451.7746  ANGLE   =      1190.4850  DIHED      =      1847.4242
 1-4 NB =       569.4028  1-4 EEL =      8870.6885  VDWAALS    =      8289.9213
 EELEC  =    -89680.2956  EHBOND  =         0.0000  RESTRAINT  =       128.2960
 EAMBER (non-restraint)  =    -68460.5992
 EKCMT  =      6070.8364  VIRIAL  =      5347.4968  VOLUME     =    226508.0177
                                                    Density    =         1.0181
 ------------------------------------------------------------------------------

wrapping first mol.:       22.16262       31.34268       54.28710
wrapping first mol.:       22.16262       31.34268       54.28710

 NSTEP =    44500   TIME(PS) =    1289.000  TEMP(K) =   299.63  PRESS =   297.8
 Etot   =    -54504.4132  EKtot   =     13883.3057  EPtot      =    -68387.7189
 BOND   =       463.6805  ANGLE   =      1228.1963  DIHED      =      1861.8005
 1-4 NB =       580.8361  1-4 EEL =      8865.3624  VDWAALS    =      8332.8806
 EELEC  =    -89842.5298  EHBOND  =         0.0000  RESTRAINT  =       122.0545
 EAMBER (non-restraint)  =    -68509.7734
 EKCMT  =      6102.4366  VIRIAL  =      4647.6774  VOLUME     =    226252.5439
                                                    Density    =         1.0192
 ------------------------------------------------------------------------------

wrapping first mol.:       22.18314       31.37170       54.33737
wrapping first mol.:       22.18314       31.37170       54.33737

 NSTEP =    45000   TIME(PS) =    1290.000  TEMP(K) =   301.36  PRESS =  -201.4
 Etot   =    -54307.3105  EKtot   =     13963.6426  EPtot      =    -68270.9531
 BOND   =       456.8917  ANGLE   =      1233.2461  DIHED      =      1863.4492
 1-4 NB =       571.0029  1-4 EEL =      8859.4111  VDWAALS    =      8095.2801
 EELEC  =    -89460.6540  EHBOND  =         0.0000  RESTRAINT  =       110.4199
 EAMBER (non-restraint)  =    -68381.3730
 EKCMT  =      6046.5602  VIRIAL  =      7033.2620  VOLUME     =    226891.7549
                                                    Density    =         1.0164
 ------------------------------------------------------------------------------

wrapping first mol.:       22.17796       31.36438       54.32469
wrapping first mol.:       22.17796       31.36438       54.32469

 NSTEP =    45500   TIME(PS) =    1291.000  TEMP(K) =   298.86  PRESS =   189.5
 Etot   =    -54558.0317  EKtot   =     13847.8604  EPtot      =    -68405.8920
 BOND   =       434.4363  ANGLE   =      1181.2897  DIHED      =      1838.1239
 1-4 NB =       582.7821  1-4 EEL =      8841.5476  VDWAALS    =      8325.3558
 EELEC  =    -89720.2891  EHBOND  =         0.0000  RESTRAINT  =       110.8617
 EAMBER (non-restraint)  =    -68516.7537
 EKCMT  =      5997.6920  VIRIAL  =      5070.1276  VOLUME     =    226724.9799
                                                    Density    =         1.0171
 ------------------------------------------------------------------------------

wrapping first mol.:       22.17001       31.35312       54.30520
wrapping first mol.:       22.17001       31.35312       54.30520

 NSTEP =    46000   TIME(PS) =    1292.000  TEMP(K) =   300.38  PRESS =   -54.7
 Etot   =    -54351.2553  EKtot   =     13918.1816  EPtot      =    -68269.4370
 BOND   =       455.0559  ANGLE   =      1192.1540  DIHED      =      1866.7179
 1-4 NB =       579.1479  1-4 EEL =      8888.3751  VDWAALS    =      8019.0710
 EELEC  =    -89373.5595  EHBOND  =         0.0000  RESTRAINT  =       103.6007
 EAMBER (non-restraint)  =    -68373.0377
 EKCMT  =      6109.9842  VIRIAL  =      6377.6997  VOLUME     =    226485.9427
                                                    Density    =         1.0182
 ------------------------------------------------------------------------------

wrapping first mol.:       22.17153       31.35527       54.30892
wrapping first mol.:       22.17153       31.35527       54.30892

 NSTEP =    46500   TIME(PS) =    1293.000  TEMP(K) =   299.39  PRESS =    62.7
 Etot   =    -54497.3868  EKtot   =     13872.2529  EPtot      =    -68369.6397
 BOND   =       445.6076  ANGLE   =      1205.7830  DIHED      =      1831.9297
 1-4 NB =       589.2111  1-4 EEL =      8837.8635  VDWAALS    =      8189.8179
 EELEC  =    -89577.0769  EHBOND  =         0.0000  RESTRAINT  =       107.2244
 EAMBER (non-restraint)  =    -68476.8642
 EKCMT  =      6119.8424  VIRIAL  =      5813.3658  VOLUME     =    226530.1657
                                                    Density    =         1.0180
 ------------------------------------------------------------------------------

wrapping first mol.:       22.16269       31.34277       54.28727
wrapping first mol.:       22.16269       31.34277       54.28727

 NSTEP =    47000   TIME(PS) =    1294.000  TEMP(K) =   298.13  PRESS =    96.0
 Etot   =    -54525.5544  EKtot   =     13814.1006  EPtot      =    -68339.6549
 BOND   =       463.0813  ANGLE   =      1191.0368  DIHED      =      1876.6389
 1-4 NB =       557.4185  1-4 EEL =      8843.4723  VDWAALS    =      8203.8734
 EELEC  =    -89577.3682  EHBOND  =         0.0000  RESTRAINT  =       102.1921
 EAMBER (non-restraint)  =    -68441.8470
 EKCMT  =      6003.4817  VIRIAL  =      5534.6207  VOLUME     =    226258.7167
                                                    Density    =         1.0192
 ------------------------------------------------------------------------------

wrapping first mol.:       22.15301       31.32909       54.26357
wrapping first mol.:       22.15301       31.32909       54.26357

 NSTEP =    47500   TIME(PS) =    1295.000  TEMP(K) =   297.66  PRESS =   -67.8
 Etot   =    -54585.5489  EKtot   =     13792.2168  EPtot      =    -68377.7657
 BOND   =       441.7855  ANGLE   =      1235.2345  DIHED      =      1852.5949
 1-4 NB =       575.4870  1-4 EEL =      8891.3137  VDWAALS    =      8169.6210
 EELEC  =    -89666.8489  EHBOND  =         0.0000  RESTRAINT  =       123.0466
 EAMBER (non-restraint)  =    -68500.8123
 EKCMT  =      6007.3596  VIRIAL  =      6338.3319  VOLUME     =    225965.8273
                                                    Density    =         1.0205
 ------------------------------------------------------------------------------

wrapping first mol.:       22.15161       31.32710       54.26013
wrapping first mol.:       22.15161       31.32710       54.26013

 NSTEP =    48000   TIME(PS) =    1296.000  TEMP(K) =   300.03  PRESS =    65.6
 Etot   =    -54544.6384  EKtot   =     13902.0537  EPtot      =    -68446.6921
 BOND   =       469.3384  ANGLE   =      1234.8342  DIHED      =      1852.9761
 1-4 NB =       564.1590  1-4 EEL =      8865.1702  VDWAALS    =      8205.3562
 EELEC  =    -89744.9546  EHBOND  =         0.0000  RESTRAINT  =       106.4282
 EAMBER (non-restraint)  =    -68553.1203
 EKCMT  =      6032.4395  VIRIAL  =      5712.5646  VOLUME     =    225920.1260
                                                    Density    =         1.0207
 ------------------------------------------------------------------------------

wrapping first mol.:       22.17346       31.35801       54.31367
wrapping first mol.:       22.17346       31.35801       54.31367

 NSTEP =    48500   TIME(PS) =    1297.000  TEMP(K) =   301.74  PRESS =   110.4
 Etot   =    -54276.9970  EKtot   =     13981.1729  EPtot      =    -68258.1698
 BOND   =       445.1592  ANGLE   =      1204.9451  DIHED      =      1845.0121
 1-4 NB =       579.1096  1-4 EEL =      8857.5492  VDWAALS    =      7988.0582
 EELEC  =    -89294.7187  EHBOND  =         0.0000  RESTRAINT  =       116.7156
 EAMBER (non-restraint)  =    -68374.8854
 EKCMT  =      6088.4286  VIRIAL  =      5548.4499  VOLUME     =    226588.5976
                                                    Density    =         1.0177
 ------------------------------------------------------------------------------

wrapping first mol.:       22.16611       31.34761       54.29565
wrapping first mol.:       22.16611       31.34761       54.29565

 NSTEP =    49000   TIME(PS) =    1298.000  TEMP(K) =   298.62  PRESS =  -115.7
 Etot   =    -54342.1335  EKtot   =     13836.6055  EPtot      =    -68178.7389
 BOND   =       466.5115  ANGLE   =      1214.6780  DIHED      =      1871.6925
 1-4 NB =       582.8651  1-4 EEL =      8862.4111  VDWAALS    =      8067.8085
 EELEC  =    -89365.3191  EHBOND  =         0.0000  RESTRAINT  =       120.6134
 EAMBER (non-restraint)  =    -68299.3523
 EKCMT  =      6026.9362  VIRIAL  =      6592.3172  VOLUME     =    226367.7539
                                                    Density    =         1.0187
 ------------------------------------------------------------------------------

wrapping first mol.:       22.15936       31.33806       54.27911
wrapping first mol.:       22.15936       31.33806       54.27911

 NSTEP =    49500   TIME(PS) =    1299.000  TEMP(K) =   296.49  PRESS =   -64.0
 Etot   =    -54709.5357  EKtot   =     13738.0859  EPtot      =    -68447.6216
 BOND   =       460.7619  ANGLE   =      1192.4801  DIHED      =      1854.0823
 1-4 NB =       581.0055  1-4 EEL =      8874.9388  VDWAALS    =      8236.2107
 EELEC  =    -89759.5422  EHBOND  =         0.0000  RESTRAINT  =       112.4414
 EAMBER (non-restraint)  =    -68560.0630
 EKCMT  =      5926.7041  VIRIAL  =      6239.1324  VOLUME     =    226159.9654
                                                    Density    =         1.0196
 ------------------------------------------------------------------------------

wrapping first mol.:       22.16105       31.34046       54.28326
wrapping first mol.:       22.16105       31.34046       54.28326

 NSTEP =    50000   TIME(PS) =    1300.000  TEMP(K) =   300.31  PRESS =   282.7
 Etot   =    -54434.9221  EKtot   =     13915.1963  EPtot      =    -68350.1184
 BOND   =       459.9006  ANGLE   =      1210.5074  DIHED      =      1837.5480
 1-4 NB =       572.9111  1-4 EEL =      8848.7307  VDWAALS    =      8384.4390
 EELEC  =    -89782.1110  EHBOND  =         0.0000  RESTRAINT  =       117.9558
 EAMBER (non-restraint)  =    -68468.0742
 EKCMT  =      6065.4365  VIRIAL  =      4684.7080  VOLUME     =    226204.7518
                                                    Density    =         1.0194
 ------------------------------------------------------------------------------


      A V E R A G E S   O V E R     100 S T E P S


 NSTEP =    50000   TIME(PS) =    1300.000  TEMP(K) =   299.97  PRESS =     8.1
 Etot   =    -54421.8753  EKtot   =     13899.2088  EPtot      =    -68321.0841
 BOND   =       449.4972  ANGLE   =      1205.1069  DIHED      =      1855.7200
 1-4 NB =       574.3831  1-4 EEL =      8862.2642  VDWAALS    =      8138.5402
 EELEC  =    -89520.2705  EHBOND  =         0.0000  RESTRAINT  =       113.6747
 EAMBER (non-restraint)  =    -68434.7588
 EKCMT  =      6058.0031  VIRIAL  =      6018.6761  VOLUME     =    226433.4736
                                                    Density    =         1.0184
 ------------------------------------------------------------------------------


      R M S  F L U C T U A T I O N S


 NSTEP =    50000   TIME(PS) =    1300.000  TEMP(K) =     2.11  PRESS =   156.6
 Etot   =       160.3871  EKtot   =        97.5482  EPtot      =       116.3430
 BOND   =        18.2711  ANGLE   =        23.8400  DIHED      =        12.9345
 1-4 NB =         9.6126  1-4 EEL =        19.5549  VDWAALS    =       101.7467
 EELEC  =       161.6061  EHBOND  =         0.0000  RESTRAINT  =         6.1504
 EAMBER (non-restraint)  =       110.1926
 EKCMT  =        58.6963  VIRIAL  =       756.8890  VOLUME     =       493.7459
                                                    Density    =         0.0022
 ------------------------------------------------------------------------------

--------------------------------------------------------------------------------
   5.  TIMINGS
--------------------------------------------------------------------------------

|  NonSetup CPU Time in Major Routines:
|
|     Routine           Sec        %
|     ------------------------------
|     Nonbond          33.98   72.24
|     Bond              0.00    0.00
|     Angle             0.00    0.00
|     Dihedral          0.00    0.00
|     Shake             0.30    0.63
|     RunMD            12.71   27.02
|     Other             0.05    0.11
|     ------------------------------
|     Total            47.04

|  PME Nonbond Pairlist CPU Time:
|
|     Routine              Sec        %
|     ---------------------------------
|     Set Up Cit           0.00    0.00
|     Build List           0.00    0.00
|     ---------------------------------
|     Total                0.00    0.00

|  PME Direct Force CPU Time:
|
|     Routine              Sec        %
|     ---------------------------------
|     NonBonded Calc       0.00    0.00
|     Exclude Masked       0.00    0.00
|     Other                0.03    0.06
|     ---------------------------------
|     Total                0.03    0.06

|  PME Reciprocal Force CPU Time:
|
|     Routine              Sec        %
|     ---------------------------------
|     1D bspline           0.00    0.00
|     Grid Charges         0.00    0.00
|     Scalar Sum           0.00    0.00
|     Gradient Sum         0.00    0.00
|     FFT                  0.00    0.00
|     ---------------------------------
|     Total                0.00    0.00

|  Final Performance Info:
|     -----------------------------------------------------
|     Average timings for last   49500 steps:
|     Elapsed(s) =      46.58 Per Step(ms) =       0.94
|         ns/day =     183.62   seconds/ns =     470.55
|
|     Average timings for all steps:
|     Elapsed(s) =      47.06 Per Step(ms) =       0.94
|         ns/day =     183.61   seconds/ns =     470.55
|     -----------------------------------------------------

|  Setup CPU time:            0.51 seconds
|  NonSetup CPU time:        47.04 seconds
|  Total CPU time:           47.54 seconds     0.01 hours

|  Setup wall time:           1    seconds
|  NonSetup wall time:       47    seconds
|  Total wall time:          48    seconds     0.01 hours
