
          -------------------------------------------------------
          Amber 18 PMEMD                              2018
          -------------------------------------------------------

| PMEMD implementation of SANDER, Release 18

| Run on 09/29/2019 at 22:42:28

|   Executable path: pmemd.cuda
| Working directory: /home/pbarletta/lbp/run/1ifb/mhe/e
|          Hostname: Unknown
  [-O]verwriting output

File Assignments:
|   MDIN: 16equ.in                                                              
|  MDOUT: 16equ.out                                                             
| INPCRD: 15e1ifb.rst7                                                          
|   PARM: /home/pbarletta/lbp/top_files/1ifb.prmtop                             
| RESTRT: 16e1ifb.rst7                                                          
|   REFC: 15e1ifb.rst7                                                          
|  MDVEL: mdvel                                                                 
|   MDEN: mden                                                                  
|  MDCRD: 16e1ifb.nc                                                            
| MDINFO: mdinfo                                                                
|  MDFRC: mdfrc                                                                 


 Here is the input file:

Equilibration with solute restrictions                                         
&cntrl                                                                         
imin = 0,                           ! No Minimization                          
nmropt = 0,                         ! No NMR restraints read                   
                                                                               
! Nature and format of the input                                               
ntx = 5,                            ! Coordinates but no velocities will be rea
irest = 1,                          ! Do not run a new simulation              
                                                                               
! Nature and format of the output                                              
ntxo = 1,                           ! rstrt file in ASCII format               
ntpr = 500,                         ! inf in output every ntpr steps           
ntwr = 500,                         ! rstrt file every ntwr steps              
ntwx = 500,                         ! mdcrd file every ntwx steps              
ntwv = 0,                           ! mdvel without velocities                 
ntwe = 0,                           ! Do not write energies and temperatures   
idecomp = 0,                        ! No energy decomposition                  
iwrap = 1,                          ! Coordinates of the restart and mdcrd file
                                                                               
! Frozen or restrained atoms                                                   
ibelly = 0,                         ! No frozen atoms                          
ntr=1,                              ! Harmonic potential restraints            
restraint_wt = 4.0,                ! The weight for the positional restraints  
restraintmask = ':1-131@N,CA,C,O',  ! restrained residues                      
                                                                               
! Molecular dynamics                                                           
nstlim = 50000,                     ! Number of MD-steps                       
dt = 0.002,                         ! Time step                                
                                                                               
! Temperature regulation                                                       
ntt = 3,                            ! Langevin thermostat                      
gamma_ln = 5,                       ! Gamma constant for Langevin              
temp0 = 300.0,                      ! Reference T at which the system is to be 
tempi = 300.0,                      ! Initial T                                
ig = -1,                            ! Seed for the RNG                         
                                                                               
! P and V regulation                                                           
ntp = 1,                            ! constant P                               
barostat = 1,                       ! Berendsen barostat                       
taup = 1,                           ! Pressure relaxation time                 
ntb = 2,                            ! Periodic box for constant P              
                                                                               
! SHAKE variables                                                              
ntc = 2,                            ! Bonds involving H are constrained        
ntf = 2,                            ! Bond interaction involving H are ommited.
                                                                               
cut = 10.0,                         ! Nonbonded cutoff                         
/                                                                              
&end                                                                           


Note: ig = -1. Setting random seed to   503901 based on wallclock time in 
      microseconds.
| irandom = 1, using AMBER's internal random number generator (default).
 
|--------------------- INFORMATION ----------------------
| GPU (CUDA) Version of PMEMD in use: NVIDIA GPU IN USE.
|                    Version 18.0.0
| 
|                      03/25/2018
| 
| Implementation by:
|                    Ross C. Walker     (SDSC)
|                    Scott Le Grand     (nVIDIA)
| 
| Version 18 performance extensions by:
|                    David Cerutti     (Rutgers)
| 
| Precision model in use:
|      [SPFP] - Single Precision Forces, 64-bit Fixed Point
|               Accumulation. (Default)
| 
|--------------------------------------------------------
 
|----------------- CITATION INFORMATION -----------------
|
|    When publishing work that utilized the CUDA version
|    of AMBER, please cite the following in addition to
|    the regular AMBER citations:
|
|  - Romelia Salomon-Ferrer; Andreas W. Goetz; Duncan
|    Poole; Scott Le Grand; Ross C. Walker "Routine
|    microsecond molecular dynamics simulations with
|    AMBER - Part II: Particle Mesh Ewald", J. Chem.
|    Theory Comput., 2013, 9 (9), pp3878-3888,
|    DOI: 10.1021/ct400314y.
|
|  - Andreas W. Goetz; Mark J. Williamson; Dong Xu;
|    Duncan Poole; Scott Le Grand; Ross C. Walker
|    "Routine microsecond molecular dynamics simulations
|    with AMBER - Part I: Generalized Born", J. Chem.
|    Theory Comput., 2012, 8 (5), pp1542-1555.
|
|  - Scott Le Grand; Andreas W. Goetz; Ross C. Walker
|    "SPFP: Speed without compromise - a mixed precision
|    model for GPU accelerated molecular dynamics
|    simulations.", Comp. Phys. Comm., 2013, 184
|    pp374-380, DOI: 10.1016/j.cpc.2012.09.022
|
|--------------------------------------------------------
 
|------------------- GPU DEVICE INFO --------------------
|
|            CUDA_VISIBLE_DEVICES: 0
|   CUDA Capable Devices Detected:      1
|           CUDA Device ID in use:      0
|                CUDA Device Name: GeForce GTX 1060 6GB
|     CUDA Device Global Mem Size:   6078 MB
| CUDA Device Num Multiprocessors:     10
|           CUDA Device Core Freq:   1.76 GHz
|
|--------------------------------------------------------
 
 
| Conditional Compilation Defines Used:
| PUBFFT
| BINTRAJ
| CUDA
| EMIL

| Largest sphere to fit in unit cell has radius =    23.797

| New format PARM file being parsed.
| Version =    1.000 Date = 09/29/19 Time = 21:52:31

| Note: 1-4 EEL scale factors are being read from the topology file.

| Note: 1-4 VDW scale factors are being read from the topology file.
| Duplicated    0 dihedrals

| Duplicated    0 dihedrals

--------------------------------------------------------------------------------
   1.  RESOURCE   USE: 
--------------------------------------------------------------------------------

 getting new box info from bottom of inpcrd
 NATOM  =   19901 NTYPES =      17 NBONH =   14397 MBONA  =    5520
 NTHETH =    2406 MTHETA =    1438 NPHIH =    4850 MPHIA  =    4505
 NHPARM =       0 NPARM  =       0 NNB   =   42760 NRES   =    4578
 NBONA  =    5520 NTHETA =    1438 NPHIA =    4505 NUMBND =      69
 NUMANG =     155 NPTRA  =     178 NATYP =      35 NPHB   =       1
 IFBOX  =       2 NMXRS  =      24 IFCAP =       0 NEXTRA =    4447
 NCOPY  =       0

| Coordinate Index Table dimensions:     9    9    9
| Direct force subcell size =     6.4769    6.4769    6.4769

     BOX TYPE: TRUNCATED OCTAHEDRON

--------------------------------------------------------------------------------
   2.  CONTROL  DATA  FOR  THE  RUN
--------------------------------------------------------------------------------

default_name                                                                    

General flags:
     imin    =       0, nmropt  =       0

Nature and format of input:
     ntx     =       5, irest   =       1, ntrx    =       1

Nature and format of output:
     ntxo    =       1, ntpr    =     500, ntrx    =       1, ntwr    =     500
     iwrap   =       1, ntwx    =     500, ntwv    =       0, ntwe    =       0
     ioutfm  =       1, ntwprt  =       0, idecomp =       0, rbornstat=      0

Potential function:
     ntf     =       2, ntb     =       2, igb     =       0, nsnb    =      25
     ipol    =       0, gbsa    =       0, iesp    =       0
     dielc   =   1.00000, cut     =  10.00000, intdiel =   1.00000

Frozen or restrained atoms:
     ibelly  =       0, ntr     =       1
     restraint_wt =   4.00000

Molecular dynamics:
     nstlim  =     50000, nscm    =         0, nrespa  =         1
     t       =   0.00000, dt      =   0.00200, vlimit  =  -1.00000

Langevin dynamics temperature regulation:
     ig      =  503901
     temp0   = 300.00000, tempi   = 300.00000, gamma_ln=   5.00000

Pressure regulation:
     ntp     =       1
     pres0   =   1.00000, comp    =  44.60000, taup    =   1.00000

SHAKE:
     ntc     =       2, jfastw  =       0
     tol     =   0.00001

| Intermolecular bonds treatment:
|     no_intermolecular_bonds =       1

| Energy averages sample interval:
|     ene_avg_sampling =     500

Extra-points options:
     frameon =       1, chngmask=       1

Ewald parameters:
     verbose =       0, ew_type =       0, nbflag  =       1, use_pme =       1
     vdwmeth =       1, eedmeth =       1, netfrc  =       1
     Box X =   58.292   Box Y =   58.292   Box Z =   58.292
     Alpha =  109.471   Beta  =  109.471   Gamma =  109.471
     NFFT1 =   64       NFFT2 =   64       NFFT3 =   64
     Cutoff=   10.000   Tol   =0.100E-04
     Ewald Coefficient =  0.27511
     Interpolation order =    4

    LOADING THE CONSTRAINED ATOMS AS GROUPS


   5.  REFERENCE ATOM COORDINATES

  default_name                                                                    
     Mask :1-131@N,CA,C,O; matches   524 atoms
|      EXTRA_PTS, trim_bonds: num bonds BEFORE trim = 14397     0
|      EXTRA_PTS, trim_bonds: num bonds AFTER  trim = 14397     0
|      EXTRA_PTS, trim_bonds: num bonds BEFORE trim =  5520     0
|      EXTRA_PTS, trim_bonds: num bonds AFTER  trim =  1073     0
|      EXTRA_PTS, trim_theta: num angle BEFORE trim =  2406     0
|      EXTRA_PTS, trim_theta: num angle AFTER  trim =  2406     0
|      EXTRA_PTS, trim_theta: num angle BEFORE trim =  1438     0
|      EXTRA_PTS, trim_theta: num angle AFTER  trim =  1438     0
|      EXTRA_PTS, trim_phi:  num diheds BEFORE trim =  4850     0
|      EXTRA_PTS, trim_phi:  num diheds AFTER  trim =  4850     0
|      EXTRA_PTS, trim_phi:  num diheds BEFORE trim =  4505     0
|      EXTRA_PTS, trim_phi:  num diheds AFTER  trim =  4505     0

--------------------------------------------------------------------------------
   3.  ATOMIC COORDINATES AND VELOCITIES
--------------------------------------------------------------------------------

default_name                                                                    
 begin time read from input coords =  1900.000 ps

 
 Number of triangulated 3-point waters found:     4447

     Sum of charges from parm topology file =   0.00002436
     Forcing neutrality...

| Dynamic Memory, Types Used:
| Reals              996413
| Integers          1467781

| Nonbonded Pairs Initial Allocation:     6019554

| GPU memory information (estimate):
| KB of GPU memory in use:         0
| KB of CPU memory in use:         0

--------------------------------------------------------------------------------
   4.  RESULTS
--------------------------------------------------------------------------------

wrapping first mol.:       19.41432       27.45599       47.55516
wrapping first mol.:       19.41432       27.45599       47.55516

 NSTEP =      500   TIME(PS) =    1901.000  TEMP(K) =   298.97  PRESS =  -126.9
 Etot   =    -50260.3416  EKtot   =      9495.4111  EPtot      =    -59755.7528
 BOND   =       417.2581  ANGLE   =       978.8998  DIHED      =       697.3555
 1-4 NB =       448.9098  1-4 EEL =      5750.4282  VDWAALS    =      6492.8725
 EELEC  =    -74628.3339  EHBOND  =         0.0000  RESTRAINT  =        86.8573
 EAMBER (non-restraint)  =    -59842.6101
 EKCMT  =      3963.3410  VIRIAL  =      4380.2218  VOLUME     =    152094.2818
                                                    Density    =         1.0384
 ------------------------------------------------------------------------------

wrapping first mol.:       19.43376       27.48348       47.60279
wrapping first mol.:       19.43376       27.48348       47.60279

 NSTEP =     1000   TIME(PS) =    1902.000  TEMP(K) =   300.27  PRESS =  -133.6
 Etot   =    -50145.7932  EKtot   =      9536.6299  EPtot      =    -59682.4230
 BOND   =       398.5531  ANGLE   =      1039.3147  DIHED      =       704.3537
 1-4 NB =       461.7092  1-4 EEL =      5746.4088  VDWAALS    =      6574.5538
 EELEC  =    -74693.5185  EHBOND  =         0.0000  RESTRAINT  =        86.2021
 EAMBER (non-restraint)  =    -59768.6251
 EKCMT  =      3931.0890  VIRIAL  =      4371.1924  VOLUME     =    152551.7749
                                                    Density    =         1.0353
 ------------------------------------------------------------------------------

wrapping first mol.:       19.42740       27.47449       47.58721
wrapping first mol.:       19.42740       27.47449       47.58721

 NSTEP =     1500   TIME(PS) =    1903.000  TEMP(K) =   299.32  PRESS =   -24.5
 Etot   =    -50134.8720  EKtot   =      9506.5703  EPtot      =    -59641.4423
 BOND   =       427.2837  ANGLE   =      1028.3977  DIHED      =       673.9990
 1-4 NB =       451.8136  1-4 EEL =      5746.5541  VDWAALS    =      6497.1868
 EELEC  =    -74552.5477  EHBOND  =         0.0000  RESTRAINT  =        85.8706
 EAMBER (non-restraint)  =    -59727.3128
 EKCMT  =      4031.0018  VIRIAL  =      4111.5673  VOLUME     =    152400.6385
                                                    Density    =         1.0363
 ------------------------------------------------------------------------------

wrapping first mol.:       19.42082       27.46519       47.57110
wrapping first mol.:       19.42082       27.46519       47.57110

 NSTEP =     2000   TIME(PS) =    1904.000  TEMP(K) =   295.98  PRESS =   -53.2
 Etot   =    -50352.1724  EKtot   =      9400.5225  EPtot      =    -59752.6949
 BOND   =       400.1602  ANGLE   =      1029.6396  DIHED      =       707.7172
 1-4 NB =       455.0929  1-4 EEL =      5734.2868  VDWAALS    =      6704.4533
 EELEC  =    -74880.9647  EHBOND  =         0.0000  RESTRAINT  =        96.9197
 EAMBER (non-restraint)  =    -59849.6146
 EKCMT  =      3909.8193  VIRIAL  =      4084.7925  VOLUME     =    152246.2230
                                                    Density    =         1.0374
 ------------------------------------------------------------------------------

wrapping first mol.:       19.43388       27.48366       47.60309
wrapping first mol.:       19.43388       27.48366       47.60309

 NSTEP =     2500   TIME(PS) =    1905.000  TEMP(K) =   299.03  PRESS =   256.2
 Etot   =    -50243.5018  EKtot   =      9497.1416  EPtot      =    -59740.6434
 BOND   =       410.1816  ANGLE   =      1062.8639  DIHED      =       702.5083
 1-4 NB =       461.4415  1-4 EEL =      5753.0092  VDWAALS    =      6712.8089
 EELEC  =    -74941.6931  EHBOND  =         0.0000  RESTRAINT  =        98.2363
 EAMBER (non-restraint)  =    -59838.8797
 EKCMT  =      3994.3389  VIRIAL  =      3150.4203  VOLUME     =    152549.3983
                                                    Density    =         1.0353
 ------------------------------------------------------------------------------

wrapping first mol.:       19.42819       27.47562       47.58916
wrapping first mol.:       19.42819       27.47562       47.58916

 NSTEP =     3000   TIME(PS) =    1906.000  TEMP(K) =   299.92  PRESS =   -88.3
 Etot   =    -50093.0430  EKtot   =      9525.6221  EPtot      =    -59618.6650
 BOND   =       384.0555  ANGLE   =      1032.0992  DIHED      =       698.6080
 1-4 NB =       438.1831  1-4 EEL =      5770.0990  VDWAALS    =      6428.2107
 EELEC  =    -74470.0620  EHBOND  =         0.0000  RESTRAINT  =       100.1415
 EAMBER (non-restraint)  =    -59718.8065
 EKCMT  =      4004.6826  VIRIAL  =      4295.4209  VOLUME     =    152420.1928
                                                    Density    =         1.0362
 ------------------------------------------------------------------------------

wrapping first mol.:       19.41937       27.46314       47.56755
wrapping first mol.:       19.41937       27.46314       47.56755

 NSTEP =     3500   TIME(PS) =    1907.000  TEMP(K) =   298.19  PRESS =     7.7
 Etot   =    -50250.3195  EKtot   =      9470.6914  EPtot      =    -59721.0109
 BOND   =       388.6680  ANGLE   =      1043.6134  DIHED      =       723.7817
 1-4 NB =       452.7775  1-4 EEL =      5748.7814  VDWAALS    =      6638.1096
 EELEC  =    -74800.3692  EHBOND  =         0.0000  RESTRAINT  =        83.6266
 EAMBER (non-restraint)  =    -59804.6375
 EKCMT  =      3984.5916  VIRIAL  =      3959.4219  VOLUME     =    152211.3699
                                                    Density    =         1.0376
 ------------------------------------------------------------------------------

wrapping first mol.:       19.42585       27.47229       47.58341
wrapping first mol.:       19.42585       27.47229       47.58341

 NSTEP =     4000   TIME(PS) =    1908.000  TEMP(K) =   299.50  PRESS =   -73.0
 Etot   =    -50122.5715  EKtot   =      9512.1230  EPtot      =    -59634.6946
 BOND   =       402.0255  ANGLE   =       981.6161  DIHED      =       689.6179
 1-4 NB =       449.9869  1-4 EEL =      5802.2960  VDWAALS    =      6514.8200
 EELEC  =    -74572.9708  EHBOND  =         0.0000  RESTRAINT  =        97.9138
 EAMBER (non-restraint)  =    -59732.6084
 EKCMT  =      3955.7902  VIRIAL  =      4195.8258  VOLUME     =    152364.7204
                                                    Density    =         1.0366
 ------------------------------------------------------------------------------

wrapping first mol.:       19.41945       27.46325       47.56774
wrapping first mol.:       19.41945       27.46325       47.56774

 NSTEP =     4500   TIME(PS) =    1909.000  TEMP(K) =   305.25  PRESS =    92.3
 Etot   =    -49885.5187  EKtot   =      9694.8467  EPtot      =    -59580.3653
 BOND   =       402.2957  ANGLE   =      1011.1569  DIHED      =       698.1354
 1-4 NB =       442.3470  1-4 EEL =      5774.8036  VDWAALS    =      6461.6817
 EELEC  =    -74465.7474  EHBOND  =         0.0000  RESTRAINT  =        94.9618
 EAMBER (non-restraint)  =    -59675.3272
 EKCMT  =      4060.7053  VIRIAL  =      3757.4633  VOLUME     =    152211.9948
                                                    Density    =         1.0376
 ------------------------------------------------------------------------------

wrapping first mol.:       19.41848       27.46187       47.56535
wrapping first mol.:       19.41848       27.46187       47.56535

 NSTEP =     5000   TIME(PS) =    1910.000  TEMP(K) =   297.89  PRESS =   -57.7
 Etot   =    -50084.5712  EKtot   =      9461.0254  EPtot      =    -59545.5966
 BOND   =       400.8506  ANGLE   =      1087.8726  DIHED      =       718.6196
 1-4 NB =       463.6863  1-4 EEL =      5757.0508  VDWAALS    =      6542.9273
 EELEC  =    -74607.6941  EHBOND  =         0.0000  RESTRAINT  =        91.0902
 EAMBER (non-restraint)  =    -59636.6869
 EKCMT  =      3953.8303  VIRIAL  =      4143.4861  VOLUME     =    152191.1587
                                                    Density    =         1.0378
 ------------------------------------------------------------------------------

wrapping first mol.:       19.40663       27.44511       47.53633
wrapping first mol.:       19.40663       27.44511       47.53633

 NSTEP =     5500   TIME(PS) =    1911.000  TEMP(K) =   300.54  PRESS =   151.9
 Etot   =    -49998.2060  EKtot   =      9545.2188  EPtot      =    -59543.4248
 BOND   =       393.6426  ANGLE   =      1042.8364  DIHED      =       712.6171
 1-4 NB =       457.0529  1-4 EEL =      5734.0032  VDWAALS    =      6366.7353
 EELEC  =    -74352.4996  EHBOND  =         0.0000  RESTRAINT  =       102.1874
 EAMBER (non-restraint)  =    -59645.6122
 EKCMT  =      4000.9422  VIRIAL  =      3502.7508  VOLUME     =    151909.8720
                                                    Density    =         1.0397
 ------------------------------------------------------------------------------

wrapping first mol.:       19.41380       27.45526       47.55390
wrapping first mol.:       19.41380       27.45526       47.55390

 NSTEP =     6000   TIME(PS) =    1912.000  TEMP(K) =   297.50  PRESS =  -242.8
 Etot   =    -50141.0430  EKtot   =      9448.7949  EPtot      =    -59589.8380
 BOND   =       391.7211  ANGLE   =      1035.3891  DIHED      =       716.8933
 1-4 NB =       460.6151  1-4 EEL =      5734.0201  VDWAALS    =      6585.5727
 EELEC  =    -74596.9606  EHBOND  =         0.0000  RESTRAINT  =        82.9112
 EAMBER (non-restraint)  =    -59672.7492
 EKCMT  =      3931.4076  VIRIAL  =      4728.5460  VOLUME     =    152083.7694
                                                    Density    =         1.0385
 ------------------------------------------------------------------------------

wrapping first mol.:       19.41836       27.46171       47.56508
wrapping first mol.:       19.41836       27.46171       47.56508

 NSTEP =     6500   TIME(PS) =    1913.000  TEMP(K) =   298.18  PRESS =   135.2
 Etot   =    -49938.5517  EKtot   =      9470.1689  EPtot      =    -59408.7206
 BOND   =       386.0277  ANGLE   =      1048.1766  DIHED      =       707.5562
 1-4 NB =       458.5396  1-4 EEL =      5735.0016  VDWAALS    =      6524.2395
 EELEC  =    -74358.2000  EHBOND  =         0.0000  RESTRAINT  =        89.9383
 EAMBER (non-restraint)  =    -59498.6588
 EKCMT  =      4042.1652  VIRIAL  =      3597.9281  VOLUME     =    152185.9007
                                                    Density    =         1.0378
 ------------------------------------------------------------------------------

wrapping first mol.:       19.40301       27.43999       47.52746
wrapping first mol.:       19.40301       27.43999       47.52746

 NSTEP =     7000   TIME(PS) =    1914.000  TEMP(K) =   297.88  PRESS =   100.0
 Etot   =    -50134.6088  EKtot   =      9460.6748  EPtot      =    -59595.2836
 BOND   =       369.2668  ANGLE   =      1023.3089  DIHED      =       699.4829
 1-4 NB =       454.9901  1-4 EEL =      5794.8267  VDWAALS    =      6496.4412
 EELEC  =    -74527.9867  EHBOND  =         0.0000  RESTRAINT  =        94.3865
 EAMBER (non-restraint)  =    -59689.6701
 EKCMT  =      3985.4858  VIRIAL  =      3657.5438  VOLUME     =    151825.5606
                                                    Density    =         1.0403
 ------------------------------------------------------------------------------

wrapping first mol.:       19.41782       27.46094       47.56374
wrapping first mol.:       19.41782       27.46094       47.56374

 NSTEP =     7500   TIME(PS) =    1915.000  TEMP(K) =   298.70  PRESS =   136.2
 Etot   =    -50017.7832  EKtot   =      9486.6875  EPtot      =    -59504.4707
 BOND   =       386.3184  ANGLE   =      1035.3848  DIHED      =       712.3379
 1-4 NB =       455.4227  1-4 EEL =      5742.0406  VDWAALS    =      6512.9726
 EELEC  =    -74447.4718  EHBOND  =         0.0000  RESTRAINT  =        98.5242
 EAMBER (non-restraint)  =    -59602.9948
 EKCMT  =      3944.1988  VIRIAL  =      3496.8209  VOLUME     =    152173.0839
                                                    Density    =         1.0379
 ------------------------------------------------------------------------------

wrapping first mol.:       19.40872       27.44808       47.54146
wrapping first mol.:       19.40872       27.44808       47.54146

 NSTEP =     8000   TIME(PS) =    1916.000  TEMP(K) =   302.36  PRESS =  -101.9
 Etot   =    -50020.7667  EKtot   =      9602.9688  EPtot      =    -59623.7354
 BOND   =       437.4972  ANGLE   =      1008.2707  DIHED      =       708.7788
 1-4 NB =       453.2420  1-4 EEL =      5749.3884  VDWAALS    =      6452.7627
 EELEC  =    -74529.2518  EHBOND  =         0.0000  RESTRAINT  =        95.5765
 EAMBER (non-restraint)  =    -59719.3119
 EKCMT  =      4057.2967  VIRIAL  =      4391.7442  VOLUME     =    151962.5667
                                                    Density    =         1.0393
 ------------------------------------------------------------------------------

wrapping first mol.:       19.40298       27.43995       47.52738
wrapping first mol.:       19.40298       27.43995       47.52738

 NSTEP =     8500   TIME(PS) =    1917.000  TEMP(K) =   299.23  PRESS =   176.8
 Etot   =    -50049.9739  EKtot   =      9503.5781  EPtot      =    -59553.5520
 BOND   =       429.2394  ANGLE   =      1024.8016  DIHED      =       708.6505
 1-4 NB =       455.9347  1-4 EEL =      5769.3523  VDWAALS    =      6671.2336
 EELEC  =    -74707.0696  EHBOND  =         0.0000  RESTRAINT  =        94.3056
 EAMBER (non-restraint)  =    -59647.8576
 EKCMT  =      4030.8495  VIRIAL  =      3451.2874  VOLUME     =    151823.7996
                                                    Density    =         1.0403
 ------------------------------------------------------------------------------

wrapping first mol.:       19.40725       27.44599       47.53784
wrapping first mol.:       19.40725       27.44599       47.53784

 NSTEP =     9000   TIME(PS) =    1918.000  TEMP(K) =   297.80  PRESS =  -143.8
 Etot   =    -50007.7669  EKtot   =      9458.3662  EPtot      =    -59466.1331
 BOND   =       389.8868  ANGLE   =      1043.9183  DIHED      =       688.7820
 1-4 NB =       456.4502  1-4 EEL =      5787.0136  VDWAALS    =      6558.3353
 EELEC  =    -74480.7810  EHBOND  =         0.0000  RESTRAINT  =        90.2617
 EAMBER (non-restraint)  =    -59556.3948
 EKCMT  =      3997.6731  VIRIAL  =      4469.4035  VOLUME     =    151928.4199
                                                    Density    =         1.0395
 ------------------------------------------------------------------------------

wrapping first mol.:       19.41812       27.46137       47.56448
wrapping first mol.:       19.41812       27.46137       47.56448

 NSTEP =     9500   TIME(PS) =    1919.000  TEMP(K) =   300.41  PRESS =  -166.6
 Etot   =    -50058.5949  EKtot   =      9541.2393  EPtot      =    -59599.8342
 BOND   =       410.5685  ANGLE   =      1023.0193  DIHED      =       706.4190
 1-4 NB =       465.4048  1-4 EEL =      5776.5891  VDWAALS    =      6466.0397
 EELEC  =    -74547.0378  EHBOND  =         0.0000  RESTRAINT  =        99.1631
 EAMBER (non-restraint)  =    -59698.9973
 EKCMT  =      3986.3173  VIRIAL  =      4533.8276  VOLUME     =    152184.2903
                                                    Density    =         1.0378
 ------------------------------------------------------------------------------

wrapping first mol.:       19.41196       27.45265       47.54938
wrapping first mol.:       19.41196       27.45265       47.54938

 NSTEP =    10000   TIME(PS) =    1920.000  TEMP(K) =   301.57  PRESS =   389.8
 Etot   =    -50119.4827  EKtot   =      9577.9385  EPtot      =    -59697.4212
 BOND   =       384.7516  ANGLE   =      1017.2438  DIHED      =       715.7726
 1-4 NB =       458.6665  1-4 EEL =      5747.7039  VDWAALS    =      6741.0364
 EELEC  =    -74852.9459  EHBOND  =         0.0000  RESTRAINT  =        90.3499
 EAMBER (non-restraint)  =    -59787.7710
 EKCMT  =      4029.9195  VIRIAL  =      2750.5333  VOLUME     =    152031.8259
                                                    Density    =         1.0388
 ------------------------------------------------------------------------------

wrapping first mol.:       19.42157       27.46624       47.57292
wrapping first mol.:       19.42157       27.46624       47.57292

 NSTEP =    10500   TIME(PS) =    1921.000  TEMP(K) =   301.00  PRESS =  -169.8
 Etot   =    -50341.9277  EKtot   =      9559.8096  EPtot      =    -59901.7373
 BOND   =       390.8180  ANGLE   =       995.3528  DIHED      =       693.2124
 1-4 NB =       467.5777  1-4 EEL =      5740.8836  VDWAALS    =      6552.4582
 EELEC  =    -74837.6567  EHBOND  =         0.0000  RESTRAINT  =        95.6167
 EAMBER (non-restraint)  =    -59997.3540
 EKCMT  =      3962.7831  VIRIAL  =      4521.0196  VOLUME     =    152265.3599
                                                    Density    =         1.0372
 ------------------------------------------------------------------------------

wrapping first mol.:       19.41813       27.46138       47.56450
wrapping first mol.:       19.41813       27.46138       47.56450

 NSTEP =    11000   TIME(PS) =    1922.000  TEMP(K) =   295.96  PRESS =  -139.0
 Etot   =    -50164.1523  EKtot   =      9399.8184  EPtot      =    -59563.9707
 BOND   =       421.0371  ANGLE   =      1051.5589  DIHED      =       701.4131
 1-4 NB =       452.6708  1-4 EEL =      5731.8908  VDWAALS    =      6681.3196
 EELEC  =    -74696.3950  EHBOND  =         0.0000  RESTRAINT  =        92.5340
 EAMBER (non-restraint)  =    -59656.5047
 EKCMT  =      3949.1843  VIRIAL  =      4405.7602  VOLUME     =    152184.0661
                                                    Density    =         1.0378
 ------------------------------------------------------------------------------

wrapping first mol.:       19.41654       27.45913       47.56060
wrapping first mol.:       19.41654       27.45913       47.56060

 NSTEP =    11500   TIME(PS) =    1923.000  TEMP(K) =   299.06  PRESS =   112.5
 Etot   =    -50319.2756  EKtot   =      9498.2725  EPtot      =    -59817.5481
 BOND   =       435.1817  ANGLE   =      1011.0457  DIHED      =       691.1397
 1-4 NB =       451.6070  1-4 EEL =      5738.5416  VDWAALS    =      6758.2804
 EELEC  =    -74994.4452  EHBOND  =         0.0000  RESTRAINT  =        91.1011
 EAMBER (non-restraint)  =    -59908.6492
 EKCMT  =      4001.0964  VIRIAL  =      3631.5508  VOLUME     =    152143.2268
                                                    Density    =         1.0381
 ------------------------------------------------------------------------------

wrapping first mol.:       19.43320       27.48269       47.60142
wrapping first mol.:       19.43320       27.48269       47.60142

 NSTEP =    12000   TIME(PS) =    1924.000  TEMP(K) =   300.98  PRESS =  -210.7
 Etot   =    -50111.2253  EKtot   =      9559.1162  EPtot      =    -59670.3415
 BOND   =       419.4088  ANGLE   =      1019.3618  DIHED      =       705.4338
 1-4 NB =       454.9666  1-4 EEL =      5737.4448  VDWAALS    =      6548.8321
 EELEC  =    -74652.4407  EHBOND  =         0.0000  RESTRAINT  =        96.6514
 EAMBER (non-restraint)  =    -59766.9929
 EKCMT  =      4066.5031  VIRIAL  =      4760.3850  VOLUME     =    152539.6939
                                                    Density    =         1.0354
 ------------------------------------------------------------------------------

wrapping first mol.:       19.43318       27.48266       47.60137
wrapping first mol.:       19.43318       27.48266       47.60137

 NSTEP =    12500   TIME(PS) =    1925.000  TEMP(K) =   301.83  PRESS =   -62.5
 Etot   =    -50184.7108  EKtot   =      9586.2695  EPtot      =    -59770.9804
 BOND   =       426.9814  ANGLE   =      1002.7316  DIHED      =       704.1653
 1-4 NB =       443.8874  1-4 EEL =      5734.8077  VDWAALS    =      6699.6623
 EELEC  =    -74875.1697  EHBOND  =         0.0000  RESTRAINT  =        91.9536
 EAMBER (non-restraint)  =    -59862.9340
 EKCMT  =      3923.4064  VIRIAL  =      4129.3634  VOLUME     =    152537.1698
                                                    Density    =         1.0354
 ------------------------------------------------------------------------------

wrapping first mol.:       19.44600       27.50079       47.63277
wrapping first mol.:       19.44600       27.50079       47.63277

 NSTEP =    13000   TIME(PS) =    1926.000  TEMP(K) =   300.26  PRESS =  -189.3
 Etot   =    -50048.3321  EKtot   =      9536.2217  EPtot      =    -59584.5538
 BOND   =       393.0199  ANGLE   =      1008.8541  DIHED      =       713.9355
 1-4 NB =       450.4202  1-4 EEL =      5736.7643  VDWAALS    =      6698.5188
 EELEC  =    -74674.2824  EHBOND  =         0.0000  RESTRAINT  =        88.2159
 EAMBER (non-restraint)  =    -59672.7697
 EKCMT  =      3982.6630  VIRIAL  =      4607.3833  VOLUME     =    152840.9894
                                                    Density    =         1.0333
 ------------------------------------------------------------------------------

wrapping first mol.:       19.43755       27.48884       47.61207
wrapping first mol.:       19.43755       27.48884       47.61207

 NSTEP =    13500   TIME(PS) =    1927.000  TEMP(K) =   303.27  PRESS =   276.9
 Etot   =    -49922.1941  EKtot   =      9631.8193  EPtot      =    -59554.0135
 BOND   =       417.8859  ANGLE   =       975.5646  DIHED      =       713.0683
 1-4 NB =       453.5228  1-4 EEL =      5776.0378  VDWAALS    =      6740.6338
 EELEC  =    -74724.1987  EHBOND  =         0.0000  RESTRAINT  =        93.4720
 EAMBER (non-restraint)  =    -59647.4855
 EKCMT  =      4043.8046  VIRIAL  =      3131.2219  VOLUME     =    152635.4775
                                                    Density    =         1.0347
 ------------------------------------------------------------------------------

wrapping first mol.:       19.43355       27.48319       47.60228
wrapping first mol.:       19.43355       27.48319       47.60228

 NSTEP =    14000   TIME(PS) =    1928.000  TEMP(K) =   302.01  PRESS =   -14.5
 Etot   =    -50131.1332  EKtot   =      9591.9189  EPtot      =    -59723.0521
 BOND   =       383.0266  ANGLE   =      1039.5553  DIHED      =       706.7430
 1-4 NB =       462.9089  1-4 EEL =      5776.6276  VDWAALS    =      6707.7552
 EELEC  =    -74898.4920  EHBOND  =         0.0000  RESTRAINT  =        98.8234
 EAMBER (non-restraint)  =    -59821.8755
 EKCMT  =      4039.1501  VIRIAL  =      4086.9460  VOLUME     =    152545.2647
                                                    Density    =         1.0353
 ------------------------------------------------------------------------------

wrapping first mol.:       19.44099       27.49371       47.62051
wrapping first mol.:       19.44099       27.49371       47.62051

 NSTEP =    14500   TIME(PS) =    1929.000  TEMP(K) =   302.93  PRESS =  -267.0
 Etot   =    -50061.9706  EKtot   =      9621.1699  EPtot      =    -59683.1405
 BOND   =       393.5268  ANGLE   =      1047.3048  DIHED      =       717.1285
 1-4 NB =       457.1385  1-4 EEL =      5759.4156  VDWAALS    =      6650.2040
 EELEC  =    -74797.9015  EHBOND  =         0.0000  RESTRAINT  =        90.0428
 EAMBER (non-restraint)  =    -59773.1834
 EKCMT  =      4006.1505  VIRIAL  =      4886.4602  VOLUME     =    152724.0167
                                                    Density    =         1.0341
 ------------------------------------------------------------------------------

wrapping first mol.:       19.42674       27.47356       47.58559
wrapping first mol.:       19.42674       27.47356       47.58559

 NSTEP =    15000   TIME(PS) =    1930.000  TEMP(K) =   299.23  PRESS =  -139.0
 Etot   =    -50014.3999  EKtot   =      9503.7393  EPtot      =    -59518.1391
 BOND   =       365.3910  ANGLE   =      1053.7837  DIHED      =       686.3732
 1-4 NB =       460.7740  1-4 EEL =      5781.1903  VDWAALS    =      6524.7832
 EELEC  =    -74479.6845  EHBOND  =         0.0000  RESTRAINT  =        89.2501
 EAMBER (non-restraint)  =    -59607.3892
 EKCMT  =      3900.0290  VIRIAL  =      4357.4991  VOLUME     =    152386.6391
                                                    Density    =         1.0364
 ------------------------------------------------------------------------------

wrapping first mol.:       19.44055       27.49309       47.61942
wrapping first mol.:       19.44055       27.49309       47.61942

 NSTEP =    15500   TIME(PS) =    1931.000  TEMP(K) =   299.40  PRESS =    42.6
 Etot   =    -50087.6759  EKtot   =      9509.0332  EPtot      =    -59596.7091
 BOND   =       419.6217  ANGLE   =      1035.8787  DIHED      =       694.7085
 1-4 NB =       460.6719  1-4 EEL =      5748.1457  VDWAALS    =      6640.2680
 EELEC  =    -74691.9864  EHBOND  =         0.0000  RESTRAINT  =        95.9828
 EAMBER (non-restraint)  =    -59692.6919
 EKCMT  =      4017.8982  VIRIAL  =      3877.5726  VOLUME     =    152709.3826
                                                    Density    =         1.0342
 ------------------------------------------------------------------------------

wrapping first mol.:       19.43065       27.47908       47.59516
wrapping first mol.:       19.43065       27.47908       47.59516

 NSTEP =    16000   TIME(PS) =    1932.000  TEMP(K) =   298.92  PRESS =  -126.9
 Etot   =    -49997.5744  EKtot   =      9493.7969  EPtot      =    -59491.3713
 BOND   =       417.6006  ANGLE   =      1033.9101  DIHED      =       704.8933
 1-4 NB =       462.1570  1-4 EEL =      5746.6567  VDWAALS    =      6549.2530
 EELEC  =    -74501.9055  EHBOND  =         0.0000  RESTRAINT  =        96.0635
 EAMBER (non-restraint)  =    -59587.4347
 EKCMT  =      3887.9140  VIRIAL  =      4305.7165  VOLUME     =    152478.4299
                                                    Density    =         1.0358
 ------------------------------------------------------------------------------

wrapping first mol.:       19.44031       27.49275       47.61884
wrapping first mol.:       19.44031       27.49275       47.61884

 NSTEP =    16500   TIME(PS) =    1933.000  TEMP(K) =   299.66  PRESS =    99.5
 Etot   =    -50040.3839  EKtot   =      9517.1777  EPtot      =    -59557.5617
 BOND   =       414.7979  ANGLE   =      1024.0786  DIHED      =       715.0072
 1-4 NB =       449.1973  1-4 EEL =      5741.6889  VDWAALS    =      6569.4386
 EELEC  =    -74556.9651  EHBOND  =         0.0000  RESTRAINT  =        85.1949
 EAMBER (non-restraint)  =    -59642.7566
 EKCMT  =      4020.8741  VIRIAL  =      3692.8152  VOLUME     =    152702.9907
                                                    Density    =         1.0343
 ------------------------------------------------------------------------------

wrapping first mol.:       19.42077       27.46512       47.57098
wrapping first mol.:       19.42077       27.46512       47.57098

 NSTEP =    17000   TIME(PS) =    1934.000  TEMP(K) =   299.20  PRESS =    38.7
 Etot   =    -50067.4745  EKtot   =      9502.7197  EPtot      =    -59570.1942
 BOND   =       402.7199  ANGLE   =      1040.5059  DIHED      =       712.9662
 1-4 NB =       455.6059  1-4 EEL =      5765.3316  VDWAALS    =      6723.1717
 EELEC  =    -74757.6126  EHBOND  =         0.0000  RESTRAINT  =        87.1172
 EAMBER (non-restraint)  =    -59657.3114
 EKCMT  =      3972.9430  VIRIAL  =      3845.7074  VOLUME     =    152243.8650
                                                    Density    =         1.0374
 ------------------------------------------------------------------------------

wrapping first mol.:       19.42815       27.47556       47.58905
wrapping first mol.:       19.42815       27.47556       47.58905

 NSTEP =    17500   TIME(PS) =    1935.000  TEMP(K) =   298.71  PRESS =  -128.6
 Etot   =    -50115.2147  EKtot   =      9487.1240  EPtot      =    -59602.3387
 BOND   =       398.3276  ANGLE   =      1038.0941  DIHED      =       695.6754
 1-4 NB =       458.5591  1-4 EEL =      5727.0071  VDWAALS    =      6540.6399
 EELEC  =    -74554.6347  EHBOND  =         0.0000  RESTRAINT  =        93.9928
 EAMBER (non-restraint)  =    -59696.3315
 EKCMT  =      3997.6532  VIRIAL  =      4420.8087  VOLUME     =    152419.7397
                                                    Density    =         1.0362
 ------------------------------------------------------------------------------

wrapping first mol.:       19.41887       27.46243       47.56631
wrapping first mol.:       19.41887       27.46243       47.56631

 NSTEP =    18000   TIME(PS) =    1936.000  TEMP(K) =   297.13  PRESS =  -319.4
 Etot   =    -50294.3759  EKtot   =      9436.8047  EPtot      =    -59731.1805
 BOND   =       400.7560  ANGLE   =      1029.7968  DIHED      =       682.3389
 1-4 NB =       459.1022  1-4 EEL =      5742.7136  VDWAALS    =      6484.7438
 EELEC  =    -74623.2057  EHBOND  =         0.0000  RESTRAINT  =        92.5738
 EAMBER (non-restraint)  =    -59823.7543
 EKCMT  =      3968.4903  VIRIAL  =      5017.9639  VOLUME     =    152203.9225
                                                    Density    =         1.0377
 ------------------------------------------------------------------------------

wrapping first mol.:       19.40301       27.44001       47.52748
wrapping first mol.:       19.40301       27.44001       47.52748

 NSTEP =    18500   TIME(PS) =    1937.000  TEMP(K) =   295.87  PRESS =   163.0
 Etot   =    -50416.9098  EKtot   =      9396.8711  EPtot      =    -59813.7808
 BOND   =       376.9380  ANGLE   =      1032.2982  DIHED      =       719.7430
 1-4 NB =       448.3281  1-4 EEL =      5744.9372  VDWAALS    =      6687.7845
 EELEC  =    -74915.4413  EHBOND  =         0.0000  RESTRAINT  =        91.6315
 EAMBER (non-restraint)  =    -59905.4123
 EKCMT  =      3944.0197  VIRIAL  =      3409.7332  VOLUME     =    151824.9151
                                                    Density    =         1.0403
 ------------------------------------------------------------------------------

wrapping first mol.:       19.40940       27.44903       47.54312
wrapping first mol.:       19.40940       27.44903       47.54312

 NSTEP =    19000   TIME(PS) =    1938.000  TEMP(K) =   303.12  PRESS =   284.6
 Etot   =    -50004.4552  EKtot   =      9627.2383  EPtot      =    -59631.6934
 BOND   =       381.7680  ANGLE   =      1087.9322  DIHED      =       698.7576
 1-4 NB =       448.5405  1-4 EEL =      5744.9259  VDWAALS    =      6773.6988
 EELEC  =    -74852.5165  EHBOND  =         0.0000  RESTRAINT  =        85.2000
 EAMBER (non-restraint)  =    -59716.8935
 EKCMT  =      4092.1465  VIRIAL  =      3158.3664  VOLUME     =    151973.1583
                                                    Density    =         1.0392
 ------------------------------------------------------------------------------

wrapping first mol.:       19.42794       27.47526       47.58855
wrapping first mol.:       19.42794       27.47526       47.58855

 NSTEP =    19500   TIME(PS) =    1939.000  TEMP(K) =   303.65  PRESS =   403.8
 Etot   =    -49970.1860  EKtot   =      9643.9199  EPtot      =    -59614.1060
 BOND   =       425.8729  ANGLE   =      1067.8524  DIHED      =       698.9736
 1-4 NB =       438.1102  1-4 EEL =      5741.2905  VDWAALS    =      6671.4292
 EELEC  =    -74754.6980  EHBOND  =         0.0000  RESTRAINT  =        97.0632
 EAMBER (non-restraint)  =    -59711.1692
 EKCMT  =      4008.6112  VIRIAL  =      2679.7029  VOLUME     =    152407.6170
                                                    Density    =         1.0363
 ------------------------------------------------------------------------------

wrapping first mol.:       19.42083       27.46520       47.57112
wrapping first mol.:       19.42083       27.46520       47.57112

 NSTEP =    20000   TIME(PS) =    1940.000  TEMP(K) =   301.22  PRESS =    28.7
 Etot   =    -49985.7831  EKtot   =      9566.9756  EPtot      =    -59552.7587
 BOND   =       399.8833  ANGLE   =      1020.4353  DIHED      =       709.0375
 1-4 NB =       447.0584  1-4 EEL =      5746.3098  VDWAALS    =      6506.5637
 EELEC  =    -74486.7885  EHBOND  =         0.0000  RESTRAINT  =       104.7420
 EAMBER (non-restraint)  =    -59657.5007
 EKCMT  =      3997.1069  VIRIAL  =      3902.6873  VOLUME     =    152245.3222
                                                    Density    =         1.0374
 ------------------------------------------------------------------------------

wrapping first mol.:       19.41432       27.45599       47.55516
wrapping first mol.:       19.41432       27.45599       47.55516

 NSTEP =    20500   TIME(PS) =    1941.000  TEMP(K) =   296.00  PRESS =  -199.2
 Etot   =    -50110.2581  EKtot   =      9400.9775  EPtot      =    -59511.2356
 BOND   =       391.6063  ANGLE   =      1053.8820  DIHED      =       713.7706
 1-4 NB =       455.4382  1-4 EEL =      5772.4073  VDWAALS    =      6484.0718
 EELEC  =    -74473.4692  EHBOND  =         0.0000  RESTRAINT  =        91.0575
 EAMBER (non-restraint)  =    -59602.2931
 EKCMT  =      3934.9275  VIRIAL  =      4589.0431  VOLUME     =    152095.2664
                                                    Density    =         1.0384
 ------------------------------------------------------------------------------

wrapping first mol.:       19.40644       27.44485       47.53587
wrapping first mol.:       19.40644       27.44485       47.53587

 NSTEP =    21000   TIME(PS) =    1942.000  TEMP(K) =   301.78  PRESS =   217.1
 Etot   =    -50115.1283  EKtot   =      9584.4863  EPtot      =    -59699.6147
 BOND   =       403.3149  ANGLE   =      1053.6507  DIHED      =       709.9990
 1-4 NB =       441.5042  1-4 EEL =      5745.0998  VDWAALS    =      6879.3253
 EELEC  =    -75024.1116  EHBOND  =         0.0000  RESTRAINT  =        91.6030
 EAMBER (non-restraint)  =    -59791.2177
 EKCMT  =      3969.3422  VIRIAL  =      3257.1760  VOLUME     =    151904.5599
                                                    Density    =         1.0397
 ------------------------------------------------------------------------------

wrapping first mol.:       19.41837       27.46173       47.56510
wrapping first mol.:       19.41837       27.46173       47.56510

 NSTEP =    21500   TIME(PS) =    1943.000  TEMP(K) =   298.46  PRESS =    66.7
 Etot   =    -50073.4078  EKtot   =      9479.2812  EPtot      =    -59552.6890
 BOND   =       416.2726  ANGLE   =      1045.7956  DIHED      =       721.4186
 1-4 NB =       451.4698  1-4 EEL =      5754.3389  VDWAALS    =      6641.1660
 EELEC  =    -74672.4752  EHBOND  =         0.0000  RESTRAINT  =        89.3246
 EAMBER (non-restraint)  =    -59642.0137
 EKCMT  =      3979.2328  VIRIAL  =      3760.0462  VOLUME     =    152187.0278
                                                    Density    =         1.0378
 ------------------------------------------------------------------------------

wrapping first mol.:       19.40862       27.44793       47.54120
wrapping first mol.:       19.40862       27.44793       47.54120

 NSTEP =    22000   TIME(PS) =    1944.000  TEMP(K) =   299.25  PRESS =   458.1
 Etot   =    -49974.0527  EKtot   =      9504.1387  EPtot      =    -59478.1914
 BOND   =       409.8154  ANGLE   =      1010.0411  DIHED      =       706.2913
 1-4 NB =       467.4306  1-4 EEL =      5754.6311  VDWAALS    =      6573.7345
 EELEC  =    -74487.8437  EHBOND  =         0.0000  RESTRAINT  =        87.7083
 EAMBER (non-restraint)  =    -59565.8997
 EKCMT  =      3957.8575  VIRIAL  =      2454.8069  VOLUME     =    151952.4723
                                                    Density    =         1.0394
 ------------------------------------------------------------------------------

wrapping first mol.:       19.40884       27.44825       47.54175
wrapping first mol.:       19.40884       27.44825       47.54175

 NSTEP =    22500   TIME(PS) =    1945.000  TEMP(K) =   301.30  PRESS =    19.8
 Etot   =    -50017.0014  EKtot   =      9569.3516  EPtot      =    -59586.3529
 BOND   =       401.6748  ANGLE   =      1069.5101  DIHED      =       720.2357
 1-4 NB =       448.0708  1-4 EEL =      5732.5330  VDWAALS    =      6396.7521
 EELEC  =    -74448.5074  EHBOND  =         0.0000  RESTRAINT  =        93.3778
 EAMBER (non-restraint)  =    -59679.7307
 EKCMT  =      3995.7671  VIRIAL  =      3930.9642  VOLUME     =    151963.6822
                                                    Density    =         1.0393
 ------------------------------------------------------------------------------

wrapping first mol.:       19.40825       27.44742       47.54031
wrapping first mol.:       19.40825       27.44742       47.54031

 NSTEP =    23000   TIME(PS) =    1946.000  TEMP(K) =   302.98  PRESS =  -395.2
 Etot   =    -50084.1988  EKtot   =      9622.8125  EPtot      =    -59707.0113
 BOND   =       381.2948  ANGLE   =      1053.8448  DIHED      =       715.0091
 1-4 NB =       449.7269  1-4 EEL =      5772.4961  VDWAALS    =      6400.3164
 EELEC  =    -74570.3105  EHBOND  =         0.0000  RESTRAINT  =        90.6112
 EAMBER (non-restraint)  =    -59797.6225
 EKCMT  =      4103.7124  VIRIAL  =      5400.4325  VOLUME     =    151955.5147
                                                    Density    =         1.0394
 ------------------------------------------------------------------------------

wrapping first mol.:       19.41659       27.45921       47.56074
wrapping first mol.:       19.41659       27.45921       47.56074

 NSTEP =    23500   TIME(PS) =    1947.000  TEMP(K) =   298.96  PRESS =  -118.5
 Etot   =    -50197.6927  EKtot   =      9495.1895  EPtot      =    -59692.8822
 BOND   =       401.7621  ANGLE   =      1040.9949  DIHED      =       701.6687
 1-4 NB =       439.8226  1-4 EEL =      5762.3237  VDWAALS    =      6584.6836
 EELEC  =    -74717.8217  EHBOND  =         0.0000  RESTRAINT  =        93.6840
 EAMBER (non-restraint)  =    -59786.5662
 EKCMT  =      4011.4117  VIRIAL  =      4400.6535  VOLUME     =    152147.7325
                                                    Density    =         1.0381
 ------------------------------------------------------------------------------

wrapping first mol.:       19.42864       27.47624       47.59024
wrapping first mol.:       19.42864       27.47624       47.59024

 NSTEP =    24000   TIME(PS) =    1948.000  TEMP(K) =   296.41  PRESS =   112.7
 Etot   =    -50128.0381  EKtot   =      9414.0811  EPtot      =    -59542.1192
 BOND   =       412.7397  ANGLE   =      1038.8076  DIHED      =       699.4257
 1-4 NB =       443.2953  1-4 EEL =      5776.7112  VDWAALS    =      6645.2015
 EELEC  =    -74652.6804  EHBOND  =         0.0000  RESTRAINT  =        94.3802
 EAMBER (non-restraint)  =    -59636.4994
 EKCMT  =      3974.5613  VIRIAL  =      3603.6292  VOLUME     =    152427.8514
                                                    Density    =         1.0361
 ------------------------------------------------------------------------------

wrapping first mol.:       19.42030       27.46445       47.56983
wrapping first mol.:       19.42030       27.46445       47.56983

 NSTEP =    24500   TIME(PS) =    1949.000  TEMP(K) =   294.91  PRESS =   133.3
 Etot   =    -50321.0020  EKtot   =      9366.4648  EPtot      =    -59687.4668
 BOND   =       369.1563  ANGLE   =      1006.0002  DIHED      =       711.3190
 1-4 NB =       452.4073  1-4 EEL =      5797.3214  VDWAALS    =      6715.0071
 EELEC  =    -74832.9933  EHBOND  =         0.0000  RESTRAINT  =        94.3152
 EAMBER (non-restraint)  =    -59781.7820
 EKCMT  =      3916.7323  VIRIAL  =      3478.5926  VOLUME     =    152231.4956
                                                    Density    =         1.0375
 ------------------------------------------------------------------------------

wrapping first mol.:       19.41506       27.45705       47.55699
wrapping first mol.:       19.41506       27.45705       47.55699

 NSTEP =    25000   TIME(PS) =    1950.000  TEMP(K) =   300.03  PRESS =   -93.2
 Etot   =    -50107.8546  EKtot   =      9529.1387  EPtot      =    -59636.9932
 BOND   =       439.2833  ANGLE   =      1057.8090  DIHED      =       720.3338
 1-4 NB =       443.1210  1-4 EEL =      5731.6758  VDWAALS    =      6627.9147
 EELEC  =    -74749.4429  EHBOND  =         0.0000  RESTRAINT  =        92.3121
 EAMBER (non-restraint)  =    -59729.3053
 EKCMT  =      4033.9664  VIRIAL  =      4340.0830  VOLUME     =    152111.4120
                                                    Density    =         1.0383
 ------------------------------------------------------------------------------

wrapping first mol.:       19.42319       27.46854       47.57690
wrapping first mol.:       19.42319       27.46854       47.57690

 NSTEP =    25500   TIME(PS) =    1951.000  TEMP(K) =   300.35  PRESS =  -111.8
 Etot   =    -50023.4599  EKtot   =      9539.3477  EPtot      =    -59562.8075
 BOND   =       365.0893  ANGLE   =      1023.0323  DIHED      =       712.8501
 1-4 NB =       463.4695  1-4 EEL =      5780.9068  VDWAALS    =      6483.2133
 EELEC  =    -74491.5338  EHBOND  =         0.0000  RESTRAINT  =       100.1650
 EAMBER (non-restraint)  =    -59662.9725
 EKCMT  =      4040.6622  VIRIAL  =      4408.2977  VOLUME     =    152302.7210
                                                    Density    =         1.0370
 ------------------------------------------------------------------------------

wrapping first mol.:       19.42151       27.46616       47.57278
wrapping first mol.:       19.42151       27.46616       47.57278

 NSTEP =    26000   TIME(PS) =    1952.000  TEMP(K) =   303.52  PRESS =  -120.3
 Etot   =    -49990.3425  EKtot   =      9639.7852  EPtot      =    -59630.1277
 BOND   =       414.9198  ANGLE   =      1049.7208  DIHED      =       708.7185
 1-4 NB =       461.8398  1-4 EEL =      5747.6245  VDWAALS    =      6546.3470
 EELEC  =    -74650.0920  EHBOND  =         0.0000  RESTRAINT  =        90.7938
 EAMBER (non-restraint)  =    -59720.9215
 EKCMT  =      4079.0808  VIRIAL  =      4474.6292  VOLUME     =    152263.3210
                                                    Density    =         1.0373
 ------------------------------------------------------------------------------

wrapping first mol.:       19.42722       27.47423       47.58676
wrapping first mol.:       19.42722       27.47423       47.58676

 NSTEP =    26500   TIME(PS) =    1953.000  TEMP(K) =   301.80  PRESS =  -190.5
 Etot   =    -49947.5301  EKtot   =      9585.1387  EPtot      =    -59532.6688
 BOND   =       406.0504  ANGLE   =       995.4030  DIHED      =       699.6858
 1-4 NB =       457.0353  1-4 EEL =      5760.4982  VDWAALS    =      6601.8404
 EELEC  =    -74549.8054  EHBOND  =         0.0000  RESTRAINT  =        96.6236
 EAMBER (non-restraint)  =    -59629.2923
 EKCMT  =      4047.7335  VIRIAL  =      4674.5412  VOLUME     =    152398.5425
                                                    Density    =         1.0363
 ------------------------------------------------------------------------------

wrapping first mol.:       19.42788       27.47517       47.58839
wrapping first mol.:       19.42788       27.47517       47.58839

 NSTEP =    27000   TIME(PS) =    1954.000  TEMP(K) =   298.46  PRESS =   129.4
 Etot   =    -50211.7480  EKtot   =      9479.1875  EPtot      =    -59690.9355
 BOND   =       380.6850  ANGLE   =      1021.2404  DIHED      =       714.2171
 1-4 NB =       457.0247  1-4 EEL =      5741.1858  VDWAALS    =      6667.3635
 EELEC  =    -74772.7761  EHBOND  =         0.0000  RESTRAINT  =       100.1241
 EAMBER (non-restraint)  =    -59791.0596
 EKCMT  =      4017.6723  VIRIAL  =      3591.7660  VOLUME     =    152409.8746
                                                    Density    =         1.0363
 ------------------------------------------------------------------------------

wrapping first mol.:       19.40131       27.43760       47.52331
wrapping first mol.:       19.40131       27.43760       47.52331

 NSTEP =    27500   TIME(PS) =    1955.000  TEMP(K) =   301.65  PRESS =    32.7
 Etot   =    -49915.7524  EKtot   =      9580.4482  EPtot      =    -59496.2006
 BOND   =       395.0066  ANGLE   =      1050.9425  DIHED      =       716.3425
 1-4 NB =       455.1117  1-4 EEL =      5726.1948  VDWAALS    =      6555.2686
 EELEC  =    -74486.0368  EHBOND  =         0.0000  RESTRAINT  =        90.9695
 EAMBER (non-restraint)  =    -59587.1701
 EKCMT  =      3969.9638  VIRIAL  =      3862.8362  VOLUME     =    151786.6809
                                                    Density    =         1.0405
 ------------------------------------------------------------------------------

wrapping first mol.:       19.40383       27.44116       47.52947
wrapping first mol.:       19.40383       27.44116       47.52947

 NSTEP =    28000   TIME(PS) =    1956.000  TEMP(K) =   303.20  PRESS =  -155.1
 Etot   =    -50087.6937  EKtot   =      9629.7715  EPtot      =    -59717.4651
 BOND   =       387.1560  ANGLE   =      1060.3562  DIHED      =       697.1944
 1-4 NB =       457.5945  1-4 EEL =      5758.9471  VDWAALS    =      6464.8207
 EELEC  =    -74635.0144  EHBOND  =         0.0000  RESTRAINT  =        91.4804
 EAMBER (non-restraint)  =    -59808.9455
 EKCMT  =      3960.9633  VIRIAL  =      4469.5673  VOLUME     =    151848.3377
                                                    Density    =         1.0401
 ------------------------------------------------------------------------------

wrapping first mol.:       19.42701       27.47394       47.58626
wrapping first mol.:       19.42701       27.47394       47.58626

 NSTEP =    28500   TIME(PS) =    1957.000  TEMP(K) =   298.55  PRESS =   -51.8
 Etot   =    -50244.3789  EKtot   =      9481.9062  EPtot      =    -59726.2851
 BOND   =       431.9312  ANGLE   =      1015.2838  DIHED      =       707.5496
 1-4 NB =       461.3944  1-4 EEL =      5735.2741  VDWAALS    =      6628.5483
 EELEC  =    -74807.3597  EHBOND  =         0.0000  RESTRAINT  =       101.0933
 EAMBER (non-restraint)  =    -59827.3784
 EKCMT  =      3989.7113  VIRIAL  =      4160.1235  VOLUME     =    152391.8120
                                                    Density    =         1.0364
 ------------------------------------------------------------------------------

wrapping first mol.:       19.41542       27.45755       47.55788
wrapping first mol.:       19.41542       27.45755       47.55788

 NSTEP =    29000   TIME(PS) =    1958.000  TEMP(K) =   300.99  PRESS =   129.5
 Etot   =    -50149.1837  EKtot   =      9559.6484  EPtot      =    -59708.8322
 BOND   =       387.9511  ANGLE   =      1038.9746  DIHED      =       719.6190
 1-4 NB =       460.3151  1-4 EEL =      5747.4177  VDWAALS    =      6595.7657
 EELEC  =    -74740.8183  EHBOND  =         0.0000  RESTRAINT  =        81.9428
 EAMBER (non-restraint)  =    -59790.7750
 EKCMT  =      3959.3744  VIRIAL  =      3534.0108  VOLUME     =    152116.8475
                                                    Density    =         1.0383
 ------------------------------------------------------------------------------

wrapping first mol.:       19.42594       27.47243       47.58364
wrapping first mol.:       19.42594       27.47243       47.58364

 NSTEP =    29500   TIME(PS) =    1959.000  TEMP(K) =   303.39  PRESS =  -154.9
 Etot   =    -49974.3050  EKtot   =      9635.8232  EPtot      =    -59610.1283
 BOND   =       420.2109  ANGLE   =       986.7509  DIHED      =       700.7855
 1-4 NB =       449.7751  1-4 EEL =      5729.7649  VDWAALS    =      6600.1299
 EELEC  =    -74591.8782  EHBOND  =         0.0000  RESTRAINT  =        94.3328
 EAMBER (non-restraint)  =    -59704.4610
 EKCMT  =      4043.5189  VIRIAL  =      4553.1690  VOLUME     =    152368.0364
                                                    Density    =         1.0365
 ------------------------------------------------------------------------------

wrapping first mol.:       19.40837       27.44758       47.54059
wrapping first mol.:       19.40837       27.44758       47.54059

 NSTEP =    30000   TIME(PS) =    1960.000  TEMP(K) =   300.15  PRESS =     2.2
 Etot   =    -49919.3615  EKtot   =      9532.8936  EPtot      =    -59452.2550
 BOND   =       375.2521  ANGLE   =      1019.5403  DIHED      =       720.8996
 1-4 NB =       442.7755  1-4 EEL =      5779.3069  VDWAALS    =      6369.8621
 EELEC  =    -74250.7853  EHBOND  =         0.0000  RESTRAINT  =        90.8938
 EAMBER (non-restraint)  =    -59543.1488
 EKCMT  =      4066.0112  VIRIAL  =      4058.8882  VOLUME     =    151952.7928
                                                    Density    =         1.0394
 ------------------------------------------------------------------------------

wrapping first mol.:       19.39494       27.42859       47.50771
wrapping first mol.:       19.39494       27.42859       47.50771

 NSTEP =    30500   TIME(PS) =    1961.000  TEMP(K) =   298.83  PRESS =  -353.7
 Etot   =    -50188.0157  EKtot   =      9490.7969  EPtot      =    -59678.8126
 BOND   =       446.2910  ANGLE   =      1037.4037  DIHED      =       715.9940
 1-4 NB =       448.4758  1-4 EEL =      5723.5390  VDWAALS    =      6370.9897
 EELEC  =    -74513.7235  EHBOND  =         0.0000  RESTRAINT  =        92.2178
 EAMBER (non-restraint)  =    -59771.0303
 EKCMT  =      3961.0018  VIRIAL  =      5118.9405  VOLUME     =    151642.5395
                                                    Density    =         1.0415
 ------------------------------------------------------------------------------

wrapping first mol.:       19.40998       27.44986       47.54455
wrapping first mol.:       19.40998       27.44986       47.54455

 NSTEP =    31000   TIME(PS) =    1962.000  TEMP(K) =   298.79  PRESS =   -87.3
 Etot   =    -50164.2135  EKtot   =      9489.7197  EPtot      =    -59653.9333
 BOND   =       413.7532  ANGLE   =      1056.8908  DIHED      =       705.9018
 1-4 NB =       447.0504  1-4 EEL =      5735.3402  VDWAALS    =      6552.8362
 EELEC  =    -74657.3785  EHBOND  =         0.0000  RESTRAINT  =        91.6728
 EAMBER (non-restraint)  =    -59745.6060
 EKCMT  =      3946.1828  VIRIAL  =      4232.6358  VOLUME     =    151991.9813
                                                    Density    =         1.0391
 ------------------------------------------------------------------------------

wrapping first mol.:       19.40519       27.44309       47.53282
wrapping first mol.:       19.40519       27.44309       47.53282

 NSTEP =    31500   TIME(PS) =    1963.000  TEMP(K) =   303.94  PRESS =   183.3
 Etot   =    -49983.5784  EKtot   =      9653.3027  EPtot      =    -59636.8811
 BOND   =       409.3657  ANGLE   =      1059.2272  DIHED      =       707.8407
 1-4 NB =       452.4640  1-4 EEL =      5745.7741  VDWAALS    =      6642.2344
 EELEC  =    -74747.4885  EHBOND  =         0.0000  RESTRAINT  =        93.7012
 EAMBER (non-restraint)  =    -59730.5823
 EKCMT  =      4087.9722  VIRIAL  =      3486.7569  VOLUME     =    151875.8122
                                                    Density    =         1.0399
 ------------------------------------------------------------------------------

wrapping first mol.:       19.42754       27.47469       47.58756
wrapping first mol.:       19.42754       27.47469       47.58756

 NSTEP =    32000   TIME(PS) =    1964.000  TEMP(K) =   297.96  PRESS =  -223.0
 Etot   =    -50274.8805  EKtot   =      9463.2559  EPtot      =    -59738.1364
 BOND   =       367.8703  ANGLE   =      1045.9560  DIHED      =       710.5586
 1-4 NB =       460.8139  1-4 EEL =      5782.9387  VDWAALS    =      6605.1554
 EELEC  =    -74817.6960  EHBOND  =         0.0000  RESTRAINT  =       106.2668
 EAMBER (non-restraint)  =    -59844.4032
 EKCMT  =      3943.9215  VIRIAL  =      4677.7072  VOLUME     =    152406.6895
                                                    Density    =         1.0363
 ------------------------------------------------------------------------------

wrapping first mol.:       19.42650       27.47321       47.58500
wrapping first mol.:       19.42650       27.47321       47.58500

 NSTEP =    32500   TIME(PS) =    1965.000  TEMP(K) =   298.60  PRESS =  -179.5
 Etot   =    -50231.4704  EKtot   =      9483.6855  EPtot      =    -59715.1559
 BOND   =       386.1496  ANGLE   =      1046.6833  DIHED      =       711.1641
 1-4 NB =       443.3491  1-4 EEL =      5682.7356  VDWAALS    =      6537.2822
 EELEC  =    -74614.0452  EHBOND  =         0.0000  RESTRAINT  =        91.5253
 EAMBER (non-restraint)  =    -59806.6813
 EKCMT  =      3907.4737  VIRIAL  =      4498.0937  VOLUME     =    152381.4645
                                                    Density    =         1.0365
 ------------------------------------------------------------------------------

wrapping first mol.:       19.41003       27.44993       47.54466
wrapping first mol.:       19.41003       27.44993       47.54466

 NSTEP =    33000   TIME(PS) =    1966.000  TEMP(K) =   301.35  PRESS =   138.8
 Etot   =    -50047.6101  EKtot   =      9571.0625  EPtot      =    -59618.6726
 BOND   =       420.8542  ANGLE   =      1013.4730  DIHED      =       693.9477
 1-4 NB =       448.0323  1-4 EEL =      5756.5077  VDWAALS    =      6612.6757
 EELEC  =    -74661.1896  EHBOND  =         0.0000  RESTRAINT  =        97.0265
 EAMBER (non-restraint)  =    -59715.6991
 EKCMT  =      3996.5242  VIRIAL  =      3541.0788  VOLUME     =    151989.9813
                                                    Density    =         1.0391
 ------------------------------------------------------------------------------

wrapping first mol.:       19.40511       27.44297       47.53262
wrapping first mol.:       19.40511       27.44297       47.53262

 NSTEP =    33500   TIME(PS) =    1967.000  TEMP(K) =   299.71  PRESS =    28.0
 Etot   =    -50188.8745  EKtot   =      9518.7637  EPtot      =    -59707.6382
 BOND   =       411.3531  ANGLE   =       982.3913  DIHED      =       707.6342
 1-4 NB =       447.9742  1-4 EEL =      5751.8207  VDWAALS    =      6507.8141
 EELEC  =    -74614.0223  EHBOND  =         0.0000  RESTRAINT  =        97.3966
 EAMBER (non-restraint)  =    -59805.0348
 EKCMT  =      4014.4453  VIRIAL  =      3922.7389  VOLUME     =    151876.0361
                                                    Density    =         1.0399
 ------------------------------------------------------------------------------

wrapping first mol.:       19.41314       27.45432       47.55228
wrapping first mol.:       19.41314       27.45432       47.55228

 NSTEP =    34000   TIME(PS) =    1968.000  TEMP(K) =   301.11  PRESS =    35.3
 Etot   =    -50076.0824  EKtot   =      9563.4971  EPtot      =    -59639.5795
 BOND   =       417.8317  ANGLE   =      1013.6555  DIHED      =       706.3007
 1-4 NB =       453.9212  1-4 EEL =      5746.1514  VDWAALS    =      6754.7150
 EELEC  =    -74818.4330  EHBOND  =         0.0000  RESTRAINT  =        86.2780
 EAMBER (non-restraint)  =    -59725.8575
 EKCMT  =      4015.5784  VIRIAL  =      3899.5232  VOLUME     =    152064.4170
                                                    Density    =         1.0386
 ------------------------------------------------------------------------------

wrapping first mol.:       19.41436       27.45605       47.55528
wrapping first mol.:       19.41436       27.45605       47.55528

 NSTEP =    34500   TIME(PS) =    1969.000  TEMP(K) =   298.44  PRESS =  -193.4
 Etot   =    -50230.6788  EKtot   =      9478.5381  EPtot      =    -59709.2169
 BOND   =       410.5420  ANGLE   =       983.7623  DIHED      =       715.8043
 1-4 NB =       444.4897  1-4 EEL =      5767.9761  VDWAALS    =      6648.2194
 EELEC  =    -74785.9356  EHBOND  =         0.0000  RESTRAINT  =       105.9249
 EAMBER (non-restraint)  =    -59815.1418
 EKCMT  =      3955.3866  VIRIAL  =      4590.5847  VOLUME     =    152096.2788
                                                    Density    =         1.0384
 ------------------------------------------------------------------------------

wrapping first mol.:       19.40423       27.44173       47.53046
wrapping first mol.:       19.40423       27.44173       47.53046

 NSTEP =    35000   TIME(PS) =    1970.000  TEMP(K) =   299.85  PRESS =  -202.0
 Etot   =    -50271.6754  EKtot   =      9523.3740  EPtot      =    -59795.0494
 BOND   =       389.0885  ANGLE   =      1025.1489  DIHED      =       703.1716
 1-4 NB =       454.3138  1-4 EEL =      5749.9737  VDWAALS    =      6694.7174
 EELEC  =    -74904.2806  EHBOND  =         0.0000  RESTRAINT  =        92.8172
 EAMBER (non-restraint)  =    -59887.8667
 EKCMT  =      3979.8157  VIRIAL  =      4642.0717  VOLUME     =    151858.4394
                                                    Density    =         1.0400
 ------------------------------------------------------------------------------

wrapping first mol.:       19.39943       27.43493       47.51869
wrapping first mol.:       19.39943       27.43493       47.51869

 NSTEP =    35500   TIME(PS) =    1971.000  TEMP(K) =   299.06  PRESS =   152.7
 Etot   =    -50199.1459  EKtot   =      9498.1533  EPtot      =    -59697.2992
 BOND   =       406.3478  ANGLE   =       998.8546  DIHED      =       688.7797
 1-4 NB =       452.0423  1-4 EEL =      5764.8601  VDWAALS    =      6790.8460
 EELEC  =    -74885.8788  EHBOND  =         0.0000  RESTRAINT  =        86.8492
 EAMBER (non-restraint)  =    -59784.1484
 EKCMT  =      3907.4870  VIRIAL  =      3407.3118  VOLUME     =    151740.8433
                                                    Density    =         1.0408
 ------------------------------------------------------------------------------

wrapping first mol.:       19.39953       27.43507       47.51894
wrapping first mol.:       19.39953       27.43507       47.51894

 NSTEP =    36000   TIME(PS) =    1972.000  TEMP(K) =   300.71  PRESS =  -249.9
 Etot   =    -50162.0342  EKtot   =      9550.5352  EPtot      =    -59712.5693
 BOND   =       401.4691  ANGLE   =      1036.1650  DIHED      =       691.6445
 1-4 NB =       448.2353  1-4 EEL =      5773.7975  VDWAALS    =      6554.1948
 EELEC  =    -74698.8808  EHBOND  =         0.0000  RESTRAINT  =        80.8051
 EAMBER (non-restraint)  =    -59793.3744
 EKCMT  =      3970.5572  VIRIAL  =      4789.3019  VOLUME     =    151748.6413
                                                    Density    =         1.0408
 ------------------------------------------------------------------------------

wrapping first mol.:       19.40979       27.44959       47.54407
wrapping first mol.:       19.40979       27.44959       47.54407

 NSTEP =    36500   TIME(PS) =    1973.000  TEMP(K) =   303.53  PRESS =  -110.6
 Etot   =    -49906.9341  EKtot   =      9640.2441  EPtot      =    -59547.1783
 BOND   =       425.2449  ANGLE   =      1002.5449  DIHED      =       726.5404
 1-4 NB =       458.7178  1-4 EEL =      5742.5756  VDWAALS    =      6564.3735
 EELEC  =    -74554.8980  EHBOND  =         0.0000  RESTRAINT  =        87.7225
 EAMBER (non-restraint)  =    -59634.9008
 EKCMT  =      4088.2874  VIRIAL  =      4451.3564  VOLUME     =    151987.6966
                                                    Density    =         1.0391
 ------------------------------------------------------------------------------

wrapping first mol.:       19.40964       27.44937       47.54371
wrapping first mol.:       19.40964       27.44937       47.54371

 NSTEP =    37000   TIME(PS) =    1974.000  TEMP(K) =   299.15  PRESS =  -250.7
 Etot   =    -50177.7789  EKtot   =      9501.2041  EPtot      =    -59678.9830
 BOND   =       403.9412  ANGLE   =      1013.4750  DIHED      =       683.7918
 1-4 NB =       462.4180  1-4 EEL =      5741.4508  VDWAALS    =      6657.8294
 EELEC  =    -74733.5000  EHBOND  =         0.0000  RESTRAINT  =        91.6108
 EAMBER (non-restraint)  =    -59770.5938
 EKCMT  =      3930.9271  VIRIAL  =      4753.6472  VOLUME     =    151986.0908
                                                    Density    =         1.0392
 ------------------------------------------------------------------------------

wrapping first mol.:       19.41519       27.45723       47.55731
wrapping first mol.:       19.41519       27.45723       47.55731

 NSTEP =    37500   TIME(PS) =    1975.000  TEMP(K) =   298.84  PRESS =    69.0
 Etot   =    -50228.7130  EKtot   =      9491.2969  EPtot      =    -59720.0099
 BOND   =       403.1188  ANGLE   =       937.2179  DIHED      =       684.2479
 1-4 NB =       456.2296  1-4 EEL =      5772.3288  VDWAALS    =      6644.1878
 EELEC  =    -74705.7747  EHBOND  =         0.0000  RESTRAINT  =        88.4340
 EAMBER (non-restraint)  =    -59808.4439
 EKCMT  =      3955.3438  VIRIAL  =      3728.7996  VOLUME     =    152112.2308
                                                    Density    =         1.0383
 ------------------------------------------------------------------------------

wrapping first mol.:       19.40823       27.44739       47.54026
wrapping first mol.:       19.40823       27.44739       47.54026

 NSTEP =    38000   TIME(PS) =    1976.000  TEMP(K) =   298.54  PRESS =   302.4
 Etot   =    -50104.5168  EKtot   =      9481.6084  EPtot      =    -59586.1252
 BOND   =       382.5341  ANGLE   =      1014.4578  DIHED      =       716.2683
 1-4 NB =       453.8528  1-4 EEL =      5786.5813  VDWAALS    =      6674.4761
 EELEC  =    -74702.6891  EHBOND  =         0.0000  RESTRAINT  =        88.3935
 EAMBER (non-restraint)  =    -59674.5187
 EKCMT  =      3965.0021  VIRIAL  =      2972.8761  VOLUME     =    151945.5507
                                                    Density    =         1.0394
 ------------------------------------------------------------------------------

wrapping first mol.:       19.40739       27.44619       47.53819
wrapping first mol.:       19.40739       27.44619       47.53819

 NSTEP =    38500   TIME(PS) =    1977.000  TEMP(K) =   300.42  PRESS =  -299.2
 Etot   =    -50266.7754  EKtot   =      9541.2832  EPtot      =    -59808.0586
 BOND   =       394.8566  ANGLE   =      1013.8204  DIHED      =       695.0058
 1-4 NB =       439.5335  1-4 EEL =      5765.0881  VDWAALS    =      6521.6675
 EELEC  =    -74723.3010  EHBOND  =         0.0000  RESTRAINT  =        85.2704
 EAMBER (non-restraint)  =    -59893.3289
 EKCMT  =      4026.7318  VIRIAL  =      5008.1876  VOLUME     =    151933.8174
                                                    Density    =         1.0395
 ------------------------------------------------------------------------------

wrapping first mol.:       19.38320       27.41198       47.47893
wrapping first mol.:       19.38320       27.41198       47.47893

 NSTEP =    39000   TIME(PS) =    1978.000  TEMP(K) =   299.81  PRESS =  -169.6
 Etot   =    -50181.3296  EKtot   =      9521.9229  EPtot      =    -59703.2525
 BOND   =       383.0053  ANGLE   =       998.1125  DIHED      =       683.6903
 1-4 NB =       457.9440  1-4 EEL =      5795.9232  VDWAALS    =      6543.1515
 EELEC  =    -74657.5311  EHBOND  =         0.0000  RESTRAINT  =        92.4519
 EAMBER (non-restraint)  =    -59795.7044
 EKCMT  =      3990.8045  VIRIAL  =      4545.0196  VOLUME     =    151364.6387
                                                    Density    =         1.0434
 ------------------------------------------------------------------------------

wrapping first mol.:       19.40836       27.44757       47.54058
wrapping first mol.:       19.40836       27.44757       47.54058

 NSTEP =    39500   TIME(PS) =    1979.000  TEMP(K) =   299.28  PRESS =    35.5
 Etot   =    -50140.0000  EKtot   =      9505.0801  EPtot      =    -59645.0800
 BOND   =       404.8102  ANGLE   =      1014.0536  DIHED      =       724.5219
 1-4 NB =       455.1970  1-4 EEL =      5779.9344  VDWAALS    =      6646.4092
 EELEC  =    -74760.6616  EHBOND  =         0.0000  RESTRAINT  =        90.6552
 EAMBER (non-restraint)  =    -59735.7353
 EKCMT  =      3941.8102  VIRIAL  =      3825.2252  VOLUME     =    151952.2596
                                                    Density    =         1.0394
 ------------------------------------------------------------------------------

wrapping first mol.:       19.43030       27.47859       47.59431
wrapping first mol.:       19.43030       27.47859       47.59431

 NSTEP =    40000   TIME(PS) =    1980.000  TEMP(K) =   300.17  PRESS =   -50.5
 Etot   =    -50030.4583  EKtot   =      9533.5645  EPtot      =    -59564.0228
 BOND   =       405.1524  ANGLE   =      1017.3627  DIHED      =       703.3914
 1-4 NB =       449.9373  1-4 EEL =      5779.0775  VDWAALS    =      6556.6460
 EELEC  =    -74568.5571  EHBOND  =         0.0000  RESTRAINT  =        92.9670
 EAMBER (non-restraint)  =    -59656.9898
 EKCMT  =      4016.1846  VIRIAL  =      4182.3105  VOLUME     =    152469.1365
                                                    Density    =         1.0359
 ------------------------------------------------------------------------------

wrapping first mol.:       19.44408       27.49807       47.62806
wrapping first mol.:       19.44408       27.49807       47.62806

 NSTEP =    40500   TIME(PS) =    1981.000  TEMP(K) =   302.55  PRESS =    59.9
 Etot   =    -49968.5596  EKtot   =      9609.1709  EPtot      =    -59577.7305
 BOND   =       388.1309  ANGLE   =      1026.1526  DIHED      =       700.4027
 1-4 NB =       452.1700  1-4 EEL =      5776.5138  VDWAALS    =      6636.9331
 EELEC  =    -74652.7266  EHBOND  =         0.0000  RESTRAINT  =        94.6931
 EAMBER (non-restraint)  =    -59672.4236
 EKCMT  =      3999.5510  VIRIAL  =      3802.0431  VOLUME     =    152792.2411
                                                    Density    =         1.0337
 ------------------------------------------------------------------------------

wrapping first mol.:       19.43570       27.48622       47.60753
wrapping first mol.:       19.43570       27.48622       47.60753

 NSTEP =    41000   TIME(PS) =    1982.000  TEMP(K) =   301.66  PRESS =  -231.1
 Etot   =    -50128.6434  EKtot   =      9580.7412  EPtot      =    -59709.3846
 BOND   =       414.5422  ANGLE   =       978.8437  DIHED      =       700.9848
 1-4 NB =       467.5181  1-4 EEL =      5736.0319  VDWAALS    =      6506.1524
 EELEC  =    -74601.7667  EHBOND  =         0.0000  RESTRAINT  =        88.3089
 EAMBER (non-restraint)  =    -59797.6935
 EKCMT  =      3953.0244  VIRIAL  =      4714.6052  VOLUME     =    152598.7279
                                                    Density    =         1.0350
 ------------------------------------------------------------------------------

wrapping first mol.:       19.43908       27.49101       47.61581
wrapping first mol.:       19.43908       27.49101       47.61581

 NSTEP =    41500   TIME(PS) =    1983.000  TEMP(K) =   301.01  PRESS =  -168.2
 Etot   =    -50087.6006  EKtot   =      9560.2100  EPtot      =    -59647.8106
 BOND   =       414.4410  ANGLE   =      1062.0226  DIHED      =       702.6398
 1-4 NB =       452.7014  1-4 EEL =      5760.3092  VDWAALS    =      6747.5234
 EELEC  =    -74876.9755  EHBOND  =         0.0000  RESTRAINT  =        89.5275
 EAMBER (non-restraint)  =    -59737.3381
 EKCMT  =      3987.6622  VIRIAL  =      4542.1849  VOLUME     =    152677.5396
                                                    Density    =         1.0344
 ------------------------------------------------------------------------------

wrapping first mol.:       19.44186       27.49494       47.62262
wrapping first mol.:       19.44186       27.49494       47.62262

 NSTEP =    42000   TIME(PS) =    1984.000  TEMP(K) =   299.02  PRESS =  -149.1
 Etot   =    -50293.7751  EKtot   =      9497.0000  EPtot      =    -59790.7751
 BOND   =       403.8789  ANGLE   =      1010.9763  DIHED      =       701.9221
 1-4 NB =       448.8038  1-4 EEL =      5768.2846  VDWAALS    =      6589.0455
 EELEC  =    -74794.8457  EHBOND  =         0.0000  RESTRAINT  =        81.1594
 EAMBER (non-restraint)  =    -59871.9345
 EKCMT  =      3975.4660  VIRIAL  =      4467.3213  VOLUME     =    152742.7669
                                                    Density    =         1.0340
 ------------------------------------------------------------------------------

wrapping first mol.:       19.44313       27.49674       47.62575
wrapping first mol.:       19.44313       27.49674       47.62575

 NSTEP =    42500   TIME(PS) =    1985.000  TEMP(K) =   299.91  PRESS =  -172.0
 Etot   =    -50224.4213  EKtot   =      9525.3311  EPtot      =    -59749.7524
 BOND   =       407.6672  ANGLE   =      1045.0309  DIHED      =       715.1763
 1-4 NB =       458.2492  1-4 EEL =      5712.1895  VDWAALS    =      6610.1029
 EELEC  =    -74789.2817  EHBOND  =         0.0000  RESTRAINT  =        91.1133
 EAMBER (non-restraint)  =    -59840.8657
 EKCMT  =      3950.3401  VIRIAL  =      4517.6343  VOLUME     =    152773.1830
                                                    Density    =         1.0338
 ------------------------------------------------------------------------------

wrapping first mol.:       19.43993       27.49222       47.61792
wrapping first mol.:       19.43993       27.49222       47.61792

 NSTEP =    43000   TIME(PS) =    1986.000  TEMP(K) =   300.70  PRESS =   429.7
 Etot   =    -50059.8406  EKtot   =      9550.4746  EPtot      =    -59610.3152
 BOND   =       386.4623  ANGLE   =      1065.9170  DIHED      =       686.1035
 1-4 NB =       449.6795  1-4 EEL =      5736.3053  VDWAALS    =      6786.2121
 EELEC  =    -74822.9406  EHBOND  =         0.0000  RESTRAINT  =       101.9458
 EAMBER (non-restraint)  =    -59712.2610
 EKCMT  =      3998.2729  VIRIAL  =      2581.6965  VOLUME     =    152689.6144
                                                    Density    =         1.0344
 ------------------------------------------------------------------------------

wrapping first mol.:       19.43841       27.49006       47.61418
wrapping first mol.:       19.43841       27.49006       47.61418

 NSTEP =    43500   TIME(PS) =    1987.000  TEMP(K) =   302.13  PRESS =  -389.3
 Etot   =    -50003.7769  EKtot   =      9595.6895  EPtot      =    -59599.4663
 BOND   =       394.5337  ANGLE   =      1066.9801  DIHED      =       712.5921
 1-4 NB =       429.6165  1-4 EEL =      5727.9950  VDWAALS    =      6607.9481
 EELEC  =    -74637.5325  EHBOND  =         0.0000  RESTRAINT  =        98.4005
 EAMBER (non-restraint)  =    -59697.8669
 EKCMT  =      3986.2130  VIRIAL  =      5269.5058  VOLUME     =    152664.7969
                                                    Density    =         1.0345
 ------------------------------------------------------------------------------

wrapping first mol.:       19.44490       27.49924       47.63008
wrapping first mol.:       19.44490       27.49924       47.63008

 NSTEP =    44000   TIME(PS) =    1988.000  TEMP(K) =   301.97  PRESS =  -273.3
 Etot   =    -50120.3918  EKtot   =      9590.7490  EPtot      =    -59711.1408
 BOND   =       406.8689  ANGLE   =      1044.2890  DIHED      =       685.2789
 1-4 NB =       455.5948  1-4 EEL =      5756.1716  VDWAALS    =      6691.5659
 EELEC  =    -74845.5777  EHBOND  =         0.0000  RESTRAINT  =        94.6677
 EAMBER (non-restraint)  =    -59805.8085
 EKCMT  =      4041.1026  VIRIAL  =      4942.9218  VOLUME     =    152816.2488
                                                    Density    =         1.0335
 ------------------------------------------------------------------------------

wrapping first mol.:       19.42640       27.47308       47.58477
wrapping first mol.:       19.42640       27.47308       47.58477

 NSTEP =    44500   TIME(PS) =    1989.000  TEMP(K) =   298.45  PRESS =  -110.1
 Etot   =    -50231.4592  EKtot   =      9478.7285  EPtot      =    -59710.1877
 BOND   =       396.8620  ANGLE   =       999.8874  DIHED      =       702.7919
 1-4 NB =       449.3346  1-4 EEL =      5755.2986  VDWAALS    =      6743.8762
 EELEC  =    -74845.9684  EHBOND  =         0.0000  RESTRAINT  =        87.7300
 EAMBER (non-restraint)  =    -59797.9177
 EKCMT  =      3936.8794  VIRIAL  =      4299.0639  VOLUME     =    152378.2970
                                                    Density    =         1.0365
 ------------------------------------------------------------------------------

wrapping first mol.:       19.45678       27.51604       47.65917
wrapping first mol.:       19.45678       27.51604       47.65917

 NSTEP =    45000   TIME(PS) =    1990.000  TEMP(K) =   300.97  PRESS =   166.0
 Etot   =    -50153.0549  EKtot   =      9559.0107  EPtot      =    -59712.0656
 BOND   =       407.5072  ANGLE   =      1032.0357  DIHED      =       699.8748
 1-4 NB =       461.6268  1-4 EEL =      5752.8059  VDWAALS    =      6789.6484
 EELEC  =    -74939.3042  EHBOND  =         0.0000  RESTRAINT  =        83.7397
 EAMBER (non-restraint)  =    -59795.8054
 EKCMT  =      3925.7124  VIRIAL  =      3377.1658  VOLUME     =    153090.4373
                                                    Density    =         1.0317
 ------------------------------------------------------------------------------

wrapping first mol.:       19.45188       27.50911       47.64717
wrapping first mol.:       19.45188       27.50911       47.64717

 NSTEP =    45500   TIME(PS) =    1991.000  TEMP(K) =   300.61  PRESS =    92.9
 Etot   =    -50174.7064  EKtot   =      9547.5117  EPtot      =    -59722.2181
 BOND   =       402.5869  ANGLE   =      1042.9981  DIHED      =       707.2317
 1-4 NB =       440.9179  1-4 EEL =      5760.6025  VDWAALS    =      6554.2779
 EELEC  =    -74724.6857  EHBOND  =         0.0000  RESTRAINT  =        93.8525
 EAMBER (non-restraint)  =    -59816.0707
 EKCMT  =      3958.7419  VIRIAL  =      3651.9279  VOLUME     =    152975.8451
                                                    Density    =         1.0324
 ------------------------------------------------------------------------------

wrapping first mol.:       19.44401       27.49798       47.62790
wrapping first mol.:       19.44401       27.49798       47.62790

 NSTEP =    46000   TIME(PS) =    1992.000  TEMP(K) =   297.58  PRESS =   329.9
 Etot   =    -50166.8212  EKtot   =      9451.3525  EPtot      =    -59618.1737
 BOND   =       414.5538  ANGLE   =      1050.3541  DIHED      =       723.4342
 1-4 NB =       444.4674  1-4 EEL =      5735.7761  VDWAALS    =      6718.2310
 EELEC  =    -74797.4580  EHBOND  =         0.0000  RESTRAINT  =        92.4676
 EAMBER (non-restraint)  =    -59710.6413
 EKCMT  =      3931.3434  VIRIAL  =      2842.9569  VOLUME     =    152787.0185
                                                    Density    =         1.0337
 ------------------------------------------------------------------------------

wrapping first mol.:       19.43275       27.48206       47.60032
wrapping first mol.:       19.43275       27.48206       47.60032

 NSTEP =    46500   TIME(PS) =    1993.000  TEMP(K) =   297.10  PRESS =  -213.8
 Etot   =    -50107.9890  EKtot   =      9435.8281  EPtot      =    -59543.8172
 BOND   =       411.0807  ANGLE   =      1053.9536  DIHED      =       710.6357
 1-4 NB =       441.7307  1-4 EEL =      5698.1359  VDWAALS    =      6455.8488
 EELEC  =    -74398.2744  EHBOND  =         0.0000  RESTRAINT  =        83.0719
 EAMBER (non-restraint)  =    -59626.8890
 EKCMT  =      3940.4274  VIRIAL  =      4644.6380  VOLUME     =    152529.1779
                                                    Density    =         1.0355
 ------------------------------------------------------------------------------

wrapping first mol.:       19.43352       27.48315       47.60220
wrapping first mol.:       19.43352       27.48315       47.60220

 NSTEP =    47000   TIME(PS) =    1994.000  TEMP(K) =   298.80  PRESS =  -241.5
 Etot   =    -50053.9262  EKtot   =      9490.1250  EPtot      =    -59544.0512
 BOND   =       411.2674  ANGLE   =      1045.6704  DIHED      =       703.8521
 1-4 NB =       443.8439  1-4 EEL =      5718.4235  VDWAALS    =      6580.7340
 EELEC  =    -74529.9186  EHBOND  =         0.0000  RESTRAINT  =        82.0761
 EAMBER (non-restraint)  =    -59626.1273
 EKCMT  =      3981.0254  VIRIAL  =      4776.4580  VOLUME     =    152547.6417
                                                    Density    =         1.0353
 ------------------------------------------------------------------------------

wrapping first mol.:       19.41951       27.46333       47.56788
wrapping first mol.:       19.41951       27.46333       47.56788

 NSTEP =    47500   TIME(PS) =    1995.000  TEMP(K) =   300.38  PRESS =  -111.7
 Etot   =    -50365.9839  EKtot   =      9540.1387  EPtot      =    -59906.1226
 BOND   =       420.2081  ANGLE   =       987.0546  DIHED      =       715.6802
 1-4 NB =       452.3931  1-4 EEL =      5746.7084  VDWAALS    =      6712.8397
 EELEC  =    -75029.2188  EHBOND  =         0.0000  RESTRAINT  =        88.2120
 EAMBER (non-restraint)  =    -59994.3346
 EKCMT  =      3966.1097  VIRIAL  =      4333.2344  VOLUME     =    152216.1072
                                                    Density    =         1.0376
 ------------------------------------------------------------------------------

wrapping first mol.:       19.42116       27.46566       47.57192
wrapping first mol.:       19.42116       27.46566       47.57192

 NSTEP =    48000   TIME(PS) =    1996.000  TEMP(K) =   302.52  PRESS =    24.6
 Etot   =    -50077.1046  EKtot   =      9608.0381  EPtot      =    -59685.1427
 BOND   =       404.5430  ANGLE   =      1061.2473  DIHED      =       706.0721
 1-4 NB =       451.1838  1-4 EEL =      5729.9153  VDWAALS    =      6600.0805
 EELEC  =    -74731.3436  EHBOND  =         0.0000  RESTRAINT  =        93.1589
 EAMBER (non-restraint)  =    -59778.3016
 EKCMT  =      4003.3741  VIRIAL  =      3922.5774  VOLUME     =    152253.0822
                                                    Density    =         1.0373
 ------------------------------------------------------------------------------

wrapping first mol.:       19.42934       27.47724       47.59198
wrapping first mol.:       19.42934       27.47724       47.59198

 NSTEP =    48500   TIME(PS) =    1997.000  TEMP(K) =   299.59  PRESS =  -143.8
 Etot   =    -50093.9155  EKtot   =      9514.9141  EPtot      =    -59608.8296
 BOND   =       443.0263  ANGLE   =      1024.7607  DIHED      =       702.4727
 1-4 NB =       438.8371  1-4 EEL =      5675.6026  VDWAALS    =      6441.4570
 EELEC  =    -74427.6664  EHBOND  =         0.0000  RESTRAINT  =        92.6804
 EAMBER (non-restraint)  =    -59701.5100
 EKCMT  =      3981.2419  VIRIAL  =      4454.5751  VOLUME     =    152448.0079
                                                    Density    =         1.0360
 ------------------------------------------------------------------------------

wrapping first mol.:       19.42856       27.47614       47.59007
wrapping first mol.:       19.42856       27.47614       47.59007

 NSTEP =    49000   TIME(PS) =    1998.000  TEMP(K) =   297.61  PRESS =  -135.5
 Etot   =    -50122.6289  EKtot   =      9452.0684  EPtot      =    -59574.6972
 BOND   =       408.1488  ANGLE   =      1030.0302  DIHED      =       707.5046
 1-4 NB =       444.9797  1-4 EEL =      5701.0912  VDWAALS    =      6580.1367
 EELEC  =    -74539.1585  EHBOND  =         0.0000  RESTRAINT  =        92.5700
 EAMBER (non-restraint)  =    -59667.2672
 EKCMT  =      3950.4564  VIRIAL  =      4396.5225  VOLUME     =    152429.5439
                                                    Density    =         1.0361
 ------------------------------------------------------------------------------

wrapping first mol.:       19.43663       27.48755       47.60982
wrapping first mol.:       19.43663       27.48755       47.60982

 NSTEP =    49500   TIME(PS) =    1999.000  TEMP(K) =   300.53  PRESS =   -32.4
 Etot   =    -50153.5561  EKtot   =      9544.9189  EPtot      =    -59698.4750
 BOND   =       406.8124  ANGLE   =      1026.0262  DIHED      =       684.7000
 1-4 NB =       447.1158  1-4 EEL =      5753.7834  VDWAALS    =      6782.2441
 EELEC  =    -74882.9835  EHBOND  =         0.0000  RESTRAINT  =        83.8268
 EAMBER (non-restraint)  =    -59782.3018
 EKCMT  =      4040.4960  VIRIAL  =      4147.3966  VOLUME     =    152618.0498
                                                    Density    =         1.0349
 ------------------------------------------------------------------------------

wrapping first mol.:       19.42571       27.47210       47.58307
wrapping first mol.:       19.42571       27.47210       47.58307

 NSTEP =    50000   TIME(PS) =    2000.000  TEMP(K) =   299.88  PRESS =   -79.3
 Etot   =    -50114.0447  EKtot   =      9524.2812  EPtot      =    -59638.3259
 BOND   =       422.9029  ANGLE   =      1019.1982  DIHED      =       707.3525
 1-4 NB =       458.9439  1-4 EEL =      5769.2796  VDWAALS    =      6616.1095
 EELEC  =    -74739.1233  EHBOND  =         0.0000  RESTRAINT  =       107.0107
 EAMBER (non-restraint)  =    -59745.3366
 EKCMT  =      3964.1271  VIRIAL  =      4225.0735  VOLUME     =    152361.5258
                                                    Density    =         1.0366
 ------------------------------------------------------------------------------


      A V E R A G E S   O V E R     100 S T E P S


 NSTEP =    50000   TIME(PS) =    2000.000  TEMP(K) =   299.95  PRESS =   -31.4
 Etot   =    -50116.8819  EKtot   =      9526.5308  EPtot      =    -59643.4127
 BOND   =       403.3559  ANGLE   =      1028.8938  DIHED      =       705.2694
 1-4 NB =       452.6839  1-4 EEL =      5751.3853  VDWAALS    =      6599.4515
 EELEC  =    -74676.7890  EHBOND  =         0.0000  RESTRAINT  =        92.3364
 EAMBER (non-restraint)  =    -59735.7491
 EKCMT  =      3987.0308  VIRIAL  =      4090.4579  VOLUME     =    152259.9247
                                                    Density    =         1.0373
 ------------------------------------------------------------------------------


      R M S  F L U C T U A T I O N S


 NSTEP =    50000   TIME(PS) =    2000.000  TEMP(K) =     2.01  PRESS =   184.0
 Etot   =       111.9068  EKtot   =        63.7884  EPtot      =        93.9834
 BOND   =        17.3037  ANGLE   =        25.8274  DIHED      =        10.8902
 1-4 NB =         7.4668  1-4 EEL =        22.7730  VDWAALS    =       106.4024
 EELEC  =       159.3378  EHBOND  =         0.0000  RESTRAINT  =         5.5584
 EAMBER (non-restraint)  =        88.4250
 EKCMT  =        46.3381  VIRIAL  =       603.2630  VOLUME     =       322.3053
                                                    Density    =         0.0022
 ------------------------------------------------------------------------------

--------------------------------------------------------------------------------
   5.  TIMINGS
--------------------------------------------------------------------------------

|  NonSetup CPU Time in Major Routines:
|
|     Routine           Sec        %
|     ------------------------------
|     Nonbond          69.70   83.38
|     Bond              0.00    0.00
|     Angle             0.00    0.00
|     Dihedral          0.00    0.00
|     Shake             0.24    0.28
|     RunMD            13.57   16.23
|     Other             0.09    0.11
|     ------------------------------
|     Total            83.60

|  PME Nonbond Pairlist CPU Time:
|
|     Routine              Sec        %
|     ---------------------------------
|     Set Up Cit           0.00    0.00
|     Build List           0.00    0.00
|     ---------------------------------
|     Total                0.00    0.00

|  PME Direct Force CPU Time:
|
|     Routine              Sec        %
|     ---------------------------------
|     NonBonded Calc       0.00    0.00
|     Exclude Masked       0.00    0.00
|     Other                0.06    0.07
|     ---------------------------------
|     Total                0.06    0.07

|  PME Reciprocal Force CPU Time:
|
|     Routine              Sec        %
|     ---------------------------------
|     1D bspline           0.00    0.00
|     Grid Charges         0.00    0.00
|     Scalar Sum           0.00    0.00
|     Gradient Sum         0.00    0.00
|     FFT                  0.00    0.00
|     ---------------------------------
|     Total                0.00    0.00

|  Final Performance Info:
|     -----------------------------------------------------
|     Average timings for last   14000 steps:
|     Elapsed(s) =      23.40 Per Step(ms) =       1.67
|         ns/day =     103.40   seconds/ns =     835.57
|
|     Average timings for all steps:
|     Elapsed(s) =      83.59 Per Step(ms) =       1.67
|         ns/day =     103.36   seconds/ns =     835.92
|     -----------------------------------------------------

|  Setup CPU time:            0.59 seconds
|  NonSetup CPU time:        83.60 seconds
|  Total CPU time:           84.19 seconds     0.02 hours

|  Setup wall time:           0    seconds
|  NonSetup wall time:       84    seconds
|  Total wall time:          84    seconds     0.02 hours
