
          -------------------------------------------------------
          Amber 18 PMEMD                              2018
          -------------------------------------------------------

| PMEMD implementation of SANDER, Release 18

| Run on 09/29/2019 at 22:49:29

|   Executable path: pmemd.cuda
| Working directory: /home/pbarletta/lbp/run/1ifb/mhe/e
|          Hostname: Unknown
  [-O]verwriting output

File Assignments:
|   MDIN: 21equ.in                                                              
|  MDOUT: 21equ.out                                                             
| INPCRD: 20e1ifb.rst7                                                          
|   PARM: /home/pbarletta/lbp/top_files/1ifb.prmtop                             
| RESTRT: 21e1ifb.rst7                                                          
|   REFC: 20e1ifb.rst7                                                          
|  MDVEL: mdvel                                                                 
|   MDEN: mden                                                                  
|  MDCRD: 21e1ifb.nc                                                            
| MDINFO: mdinfo                                                                
|  MDFRC: mdfrc                                                                 


 Here is the input file:

Equilibration with solute restrictions                                         
&cntrl                                                                         
imin = 0,                           ! No Minimization                          
nmropt = 0,                         ! No NMR restraints read                   
                                                                               
! Nature and format of the input                                               
ntx = 5,                            ! Coordinates but no velocities will be rea
irest = 1,                          ! Do not run a new simulation              
                                                                               
! Nature and format of the output                                              
ntxo = 1,                           ! rstrt file in ASCII format               
ntpr = 500,                         ! inf in output every ntpr steps           
ntwr = 500,                         ! rstrt file every ntwr steps              
ntwx = 500,                         ! mdcrd file every ntwx steps              
ntwv = 0,                           ! mdvel without velocities                 
ntwe = 0,                           ! Do not write energies and temperatures   
idecomp = 0,                        ! No energy decomposition                  
iwrap = 1,                          ! Coordinates of the restart and mdcrd file
                                                                               
! Frozen or restrained atoms                                                   
ibelly = 0,                         ! No frozen atoms                          
ntr=1,                              ! Harmonic potential restraints            
restraint_wt = 1.5,                ! The weight for the positional restraints  
restraintmask = ':1-131@N,CA,C,O',  ! restrained residues                      
                                                                               
! Molecular dynamics                                                           
nstlim = 50000,                     ! Number of MD-steps                       
dt = 0.002,                         ! Time step                                
                                                                               
! Temperature regulation                                                       
ntt = 3,                            ! Langevin thermostat                      
gamma_ln = 5,                       ! Gamma constant for Langevin              
temp0 = 300.0,                      ! Reference T at which the system is to be 
tempi = 300.0,                      ! Initial T                                
ig = -1,                            ! Seed for the RNG                         
                                                                               
! P and V regulation                                                           
ntp = 1,                            ! constant P                               
barostat = 1,                       ! Berendsen barostat                       
taup = 1,                           ! Pressure relaxation time                 
ntb = 2,                            ! Periodic box for constant P              
                                                                               
! SHAKE variables                                                              
ntc = 2,                            ! Bonds involving H are constrained        
ntf = 2,                            ! Bond interaction involving H are ommited.
                                                                               
cut = 10.0,                         ! Nonbonded cutoff                         
/                                                                              
&end                                                                           


Note: ig = -1. Setting random seed to   275434 based on wallclock time in 
      microseconds.
| irandom = 1, using AMBER's internal random number generator (default).
 
|--------------------- INFORMATION ----------------------
| GPU (CUDA) Version of PMEMD in use: NVIDIA GPU IN USE.
|                    Version 18.0.0
| 
|                      03/25/2018
| 
| Implementation by:
|                    Ross C. Walker     (SDSC)
|                    Scott Le Grand     (nVIDIA)
| 
| Version 18 performance extensions by:
|                    David Cerutti     (Rutgers)
| 
| Precision model in use:
|      [SPFP] - Single Precision Forces, 64-bit Fixed Point
|               Accumulation. (Default)
| 
|--------------------------------------------------------
 
|----------------- CITATION INFORMATION -----------------
|
|    When publishing work that utilized the CUDA version
|    of AMBER, please cite the following in addition to
|    the regular AMBER citations:
|
|  - Romelia Salomon-Ferrer; Andreas W. Goetz; Duncan
|    Poole; Scott Le Grand; Ross C. Walker "Routine
|    microsecond molecular dynamics simulations with
|    AMBER - Part II: Particle Mesh Ewald", J. Chem.
|    Theory Comput., 2013, 9 (9), pp3878-3888,
|    DOI: 10.1021/ct400314y.
|
|  - Andreas W. Goetz; Mark J. Williamson; Dong Xu;
|    Duncan Poole; Scott Le Grand; Ross C. Walker
|    "Routine microsecond molecular dynamics simulations
|    with AMBER - Part I: Generalized Born", J. Chem.
|    Theory Comput., 2012, 8 (5), pp1542-1555.
|
|  - Scott Le Grand; Andreas W. Goetz; Ross C. Walker
|    "SPFP: Speed without compromise - a mixed precision
|    model for GPU accelerated molecular dynamics
|    simulations.", Comp. Phys. Comm., 2013, 184
|    pp374-380, DOI: 10.1016/j.cpc.2012.09.022
|
|--------------------------------------------------------
 
|------------------- GPU DEVICE INFO --------------------
|
|            CUDA_VISIBLE_DEVICES: 0
|   CUDA Capable Devices Detected:      1
|           CUDA Device ID in use:      0
|                CUDA Device Name: GeForce GTX 1060 6GB
|     CUDA Device Global Mem Size:   6078 MB
| CUDA Device Num Multiprocessors:     10
|           CUDA Device Core Freq:   1.76 GHz
|
|--------------------------------------------------------
 
 
| Conditional Compilation Defines Used:
| PUBFFT
| BINTRAJ
| CUDA
| EMIL

| Largest sphere to fit in unit cell has radius =    23.783

| New format PARM file being parsed.
| Version =    1.000 Date = 09/29/19 Time = 21:52:31

| Note: 1-4 EEL scale factors are being read from the topology file.

| Note: 1-4 VDW scale factors are being read from the topology file.
| Duplicated    0 dihedrals

| Duplicated    0 dihedrals

--------------------------------------------------------------------------------
   1.  RESOURCE   USE: 
--------------------------------------------------------------------------------

 getting new box info from bottom of inpcrd
 NATOM  =   19901 NTYPES =      17 NBONH =   14397 MBONA  =    5520
 NTHETH =    2406 MTHETA =    1438 NPHIH =    4850 MPHIA  =    4505
 NHPARM =       0 NPARM  =       0 NNB   =   42760 NRES   =    4578
 NBONA  =    5520 NTHETA =    1438 NPHIA =    4505 NUMBND =      69
 NUMANG =     155 NPTRA  =     178 NATYP =      35 NPHB   =       1
 IFBOX  =       2 NMXRS  =      24 IFCAP =       0 NEXTRA =    4447
 NCOPY  =       0

| Coordinate Index Table dimensions:     9    9    9
| Direct force subcell size =     6.4730    6.4730    6.4730

     BOX TYPE: TRUNCATED OCTAHEDRON

--------------------------------------------------------------------------------
   2.  CONTROL  DATA  FOR  THE  RUN
--------------------------------------------------------------------------------

default_name                                                                    

General flags:
     imin    =       0, nmropt  =       0

Nature and format of input:
     ntx     =       5, irest   =       1, ntrx    =       1

Nature and format of output:
     ntxo    =       1, ntpr    =     500, ntrx    =       1, ntwr    =     500
     iwrap   =       1, ntwx    =     500, ntwv    =       0, ntwe    =       0
     ioutfm  =       1, ntwprt  =       0, idecomp =       0, rbornstat=      0

Potential function:
     ntf     =       2, ntb     =       2, igb     =       0, nsnb    =      25
     ipol    =       0, gbsa    =       0, iesp    =       0
     dielc   =   1.00000, cut     =  10.00000, intdiel =   1.00000

Frozen or restrained atoms:
     ibelly  =       0, ntr     =       1
     restraint_wt =   1.50000

Molecular dynamics:
     nstlim  =     50000, nscm    =         0, nrespa  =         1
     t       =   0.00000, dt      =   0.00200, vlimit  =  -1.00000

Langevin dynamics temperature regulation:
     ig      =  275434
     temp0   = 300.00000, tempi   = 300.00000, gamma_ln=   5.00000

Pressure regulation:
     ntp     =       1
     pres0   =   1.00000, comp    =  44.60000, taup    =   1.00000

SHAKE:
     ntc     =       2, jfastw  =       0
     tol     =   0.00001

| Intermolecular bonds treatment:
|     no_intermolecular_bonds =       1

| Energy averages sample interval:
|     ene_avg_sampling =     500

Extra-points options:
     frameon =       1, chngmask=       1

Ewald parameters:
     verbose =       0, ew_type =       0, nbflag  =       1, use_pme =       1
     vdwmeth =       1, eedmeth =       1, netfrc  =       1
     Box X =   58.257   Box Y =   58.257   Box Z =   58.257
     Alpha =  109.471   Beta  =  109.471   Gamma =  109.471
     NFFT1 =   64       NFFT2 =   64       NFFT3 =   64
     Cutoff=   10.000   Tol   =0.100E-04
     Ewald Coefficient =  0.27511
     Interpolation order =    4

    LOADING THE CONSTRAINED ATOMS AS GROUPS


   5.  REFERENCE ATOM COORDINATES

  default_name                                                                    
     Mask :1-131@N,CA,C,O; matches   524 atoms
|      EXTRA_PTS, trim_bonds: num bonds BEFORE trim = 14397     0
|      EXTRA_PTS, trim_bonds: num bonds AFTER  trim = 14397     0
|      EXTRA_PTS, trim_bonds: num bonds BEFORE trim =  5520     0
|      EXTRA_PTS, trim_bonds: num bonds AFTER  trim =  1073     0
|      EXTRA_PTS, trim_theta: num angle BEFORE trim =  2406     0
|      EXTRA_PTS, trim_theta: num angle AFTER  trim =  2406     0
|      EXTRA_PTS, trim_theta: num angle BEFORE trim =  1438     0
|      EXTRA_PTS, trim_theta: num angle AFTER  trim =  1438     0
|      EXTRA_PTS, trim_phi:  num diheds BEFORE trim =  4850     0
|      EXTRA_PTS, trim_phi:  num diheds AFTER  trim =  4850     0
|      EXTRA_PTS, trim_phi:  num diheds BEFORE trim =  4505     0
|      EXTRA_PTS, trim_phi:  num diheds AFTER  trim =  4505     0

--------------------------------------------------------------------------------
   3.  ATOMIC COORDINATES AND VELOCITIES
--------------------------------------------------------------------------------

default_name                                                                    
 begin time read from input coords =  2400.000 ps

 
 Number of triangulated 3-point waters found:     4447

     Sum of charges from parm topology file =   0.00002436
     Forcing neutrality...

| Dynamic Memory, Types Used:
| Reals              996413
| Integers          1467781

| Nonbonded Pairs Initial Allocation:     6019554

| GPU memory information (estimate):
| KB of GPU memory in use:         0
| KB of CPU memory in use:         0

--------------------------------------------------------------------------------
   4.  RESULTS
--------------------------------------------------------------------------------

wrapping first mol.:       19.42888       27.47658       47.59083
wrapping first mol.:       19.42888       27.47658       47.59083

 NSTEP =      500   TIME(PS) =    2401.000  TEMP(K) =   302.82  PRESS =    32.0
 Etot   =    -49987.7418  EKtot   =      9617.7412  EPtot      =    -59605.4830
 BOND   =       369.5875  ANGLE   =      1050.8908  DIHED      =       693.6186
 1-4 NB =       444.9116  1-4 EEL =      5734.6296  VDWAALS    =      6599.7296
 EELEC  =    -74558.5058  EHBOND  =         0.0000  RESTRAINT  =        59.6551
 EAMBER (non-restraint)  =    -59665.1381
 EKCMT  =      4082.0567  VIRIAL  =      3976.6250  VOLUME     =    152434.6565
                                                    Density    =         1.0361
 ------------------------------------------------------------------------------

wrapping first mol.:       19.43056       27.47896       47.59495
wrapping first mol.:       19.43056       27.47896       47.59495

 NSTEP =     1000   TIME(PS) =    2402.000  TEMP(K) =   297.57  PRESS =    76.0
 Etot   =    -50097.0472  EKtot   =      9451.0684  EPtot      =    -59548.1156
 BOND   =       378.5015  ANGLE   =      1023.8493  DIHED      =       721.0857
 1-4 NB =       448.3530  1-4 EEL =      5760.8265  VDWAALS    =      6601.4681
 EELEC  =    -74550.9765  EHBOND  =         0.0000  RESTRAINT  =        68.7770
 EAMBER (non-restraint)  =    -59616.8926
 EKCMT  =      3997.1168  VIRIAL  =      3746.9900  VOLUME     =    152473.6101
                                                    Density    =         1.0358
 ------------------------------------------------------------------------------

wrapping first mol.:       19.42267       27.46781       47.57564
wrapping first mol.:       19.42267       27.46781       47.57564

 NSTEP =     1500   TIME(PS) =    2403.000  TEMP(K) =   297.30  PRESS =   274.4
 Etot   =    -50220.4166  EKtot   =      9442.4307  EPtot      =    -59662.8472
 BOND   =       386.0684  ANGLE   =      1045.8346  DIHED      =       713.2454
 1-4 NB =       468.0086  1-4 EEL =      5750.3366  VDWAALS    =      6794.8718
 EELEC  =    -74878.1133  EHBOND  =         0.0000  RESTRAINT  =        56.9006
 EAMBER (non-restraint)  =    -59719.7479
 EKCMT  =      3905.0103  VIRIAL  =      3002.7559  VOLUME     =    152285.3822
                                                    Density    =         1.0371
 ------------------------------------------------------------------------------

wrapping first mol.:       19.42224       27.46719       47.57456
wrapping first mol.:       19.42224       27.46719       47.57456

 NSTEP =     2000   TIME(PS) =    2404.000  TEMP(K) =   301.52  PRESS =  -328.6
 Etot   =    -50159.3079  EKtot   =      9576.3740  EPtot      =    -59735.6820
 BOND   =       382.4110  ANGLE   =      1003.0087  DIHED      =       696.9695
 1-4 NB =       447.1307  1-4 EEL =      5741.7769  VDWAALS    =      6445.7419
 EELEC  =    -74522.6947  EHBOND  =         0.0000  RESTRAINT  =        69.9742
 EAMBER (non-restraint)  =    -59805.6561
 EKCMT  =      3983.6295  VIRIAL  =      5064.1882  VOLUME     =    152283.2574
                                                    Density    =         1.0371
 ------------------------------------------------------------------------------

wrapping first mol.:       19.40430       27.44183       47.53064
wrapping first mol.:       19.40430       27.44183       47.53064

 NSTEP =     2500   TIME(PS) =    2405.000  TEMP(K) =   298.64  PRESS =   -73.8
 Etot   =    -50273.9684  EKtot   =      9484.9482  EPtot      =    -59758.9166
 BOND   =       422.7306  ANGLE   =      1026.6816  DIHED      =       699.1279
 1-4 NB =       451.6928  1-4 EEL =      5744.3624  VDWAALS    =      6444.8991
 EELEC  =    -74617.9179  EHBOND  =         0.0000  RESTRAINT  =        69.5068
 EAMBER (non-restraint)  =    -59828.4234
 EKCMT  =      3989.0727  VIRIAL  =      4230.8856  VOLUME     =    151858.3848
                                                    Density    =         1.0400
 ------------------------------------------------------------------------------

wrapping first mol.:       19.40577       27.44390       47.53423
wrapping first mol.:       19.40577       27.44390       47.53423

 NSTEP =     3000   TIME(PS) =    2406.000  TEMP(K) =   300.03  PRESS =   -41.2
 Etot   =    -50244.1075  EKtot   =      9529.0264  EPtot      =    -59773.1339
 BOND   =       374.2657  ANGLE   =      1073.9866  DIHED      =       709.7215
 1-4 NB =       457.0214  1-4 EEL =      5747.3633  VDWAALS    =      6566.7949
 EELEC  =    -74755.4487  EHBOND  =         0.0000  RESTRAINT  =        53.1614
 EAMBER (non-restraint)  =    -59826.2953
 EKCMT  =      3982.7100  VIRIAL  =      4117.8299  VOLUME     =    151892.3375
                                                    Density    =         1.0398
 ------------------------------------------------------------------------------

wrapping first mol.:       19.40506       27.44289       47.53248
wrapping first mol.:       19.40506       27.44289       47.53248

 NSTEP =     3500   TIME(PS) =    2407.000  TEMP(K) =   303.09  PRESS =   342.6
 Etot   =    -49961.5775  EKtot   =      9626.0889  EPtot      =    -59587.6664
 BOND   =       393.5086  ANGLE   =      1073.9138  DIHED      =       702.5040
 1-4 NB =       449.1011  1-4 EEL =      5759.0929  VDWAALS    =      6729.2874
 EELEC  =    -74758.4822  EHBOND  =         0.0000  RESTRAINT  =        63.4079
 EAMBER (non-restraint)  =    -59651.0743
 EKCMT  =      4030.1615  VIRIAL  =      2906.8312  VOLUME     =    151870.4043
                                                    Density    =         1.0399
 ------------------------------------------------------------------------------

wrapping first mol.:       19.41040       27.45045       47.54557
wrapping first mol.:       19.41040       27.45045       47.54557

 NSTEP =     4000   TIME(PS) =    2408.000  TEMP(K) =   297.11  PRESS =  -390.4
 Etot   =    -50197.0210  EKtot   =      9436.2568  EPtot      =    -59633.2778
 BOND   =       401.2897  ANGLE   =      1003.4536  DIHED      =       714.7433
 1-4 NB =       470.8260  1-4 EEL =      5771.9838  VDWAALS    =      6450.7982
 EELEC  =    -74507.9540  EHBOND  =         0.0000  RESTRAINT  =        61.5816
 EAMBER (non-restraint)  =    -59694.8594
 EKCMT  =      4005.6235  VIRIAL  =      5287.0497  VOLUME     =    152005.8894
                                                    Density    =         1.0390
 ------------------------------------------------------------------------------

wrapping first mol.:       19.43908       27.49101       47.61583
wrapping first mol.:       19.43908       27.49101       47.61583

 NSTEP =     4500   TIME(PS) =    2409.000  TEMP(K) =   300.55  PRESS =   -16.1
 Etot   =    -50173.2003  EKtot   =      9545.5557  EPtot      =    -59718.7559
 BOND   =       403.3220  ANGLE   =      1034.2309  DIHED      =       719.8610
 1-4 NB =       452.0099  1-4 EEL =      5769.1539  VDWAALS    =      6691.6118
 EELEC  =    -74852.6280  EHBOND  =         0.0000  RESTRAINT  =        63.6825
 EAMBER (non-restraint)  =    -59782.4385
 EKCMT  =      3908.2610  VIRIAL  =      3961.3404  VOLUME     =    152675.6033
                                                    Density    =         1.0345
 ------------------------------------------------------------------------------

wrapping first mol.:       19.42725       27.47428       47.58685
wrapping first mol.:       19.42725       27.47428       47.58685

 NSTEP =     5000   TIME(PS) =    2410.000  TEMP(K) =   304.71  PRESS =   241.1
 Etot   =    -50153.2721  EKtot   =      9677.7510  EPtot      =    -59831.0231
 BOND   =       408.7962  ANGLE   =      1023.2149  DIHED      =       720.6392
 1-4 NB =       448.7212  1-4 EEL =      5717.6367  VDWAALS    =      6767.7906
 EELEC  =    -74982.9358  EHBOND  =         0.0000  RESTRAINT  =        65.1139
 EAMBER (non-restraint)  =    -59896.1370
 EKCMT  =      4049.9509  VIRIAL  =      3256.7899  VOLUME     =    152393.5345
                                                    Density    =         1.0364
 ------------------------------------------------------------------------------

wrapping first mol.:       19.41648       27.45905       47.56047
wrapping first mol.:       19.41648       27.45905       47.56047

 NSTEP =     5500   TIME(PS) =    2411.000  TEMP(K) =   300.68  PRESS =   161.2
 Etot   =    -50242.4330  EKtot   =      9549.8096  EPtot      =    -59792.2425
 BOND   =       398.5867  ANGLE   =      1021.1897  DIHED      =       685.7748
 1-4 NB =       460.8995  1-4 EEL =      5752.1752  VDWAALS    =      6825.6727
 EELEC  =    -75003.1006  EHBOND  =         0.0000  RESTRAINT  =        66.5595
 EAMBER (non-restraint)  =    -59858.8020
 EKCMT  =      3986.9610  VIRIAL  =      3457.4740  VOLUME     =    152141.2945
                                                    Density    =         1.0381
 ------------------------------------------------------------------------------

wrapping first mol.:       19.41918       27.46287       47.56707
wrapping first mol.:       19.41918       27.46287       47.56707

 NSTEP =     6000   TIME(PS) =    2412.000  TEMP(K) =   302.65  PRESS =   125.8
 Etot   =    -49993.8722  EKtot   =      9612.1992  EPtot      =    -59606.0714
 BOND   =       379.9196  ANGLE   =       997.0372  DIHED      =       713.3938
 1-4 NB =       460.8630  1-4 EEL =      5752.5793  VDWAALS    =      6573.9002
 EELEC  =    -74547.0474  EHBOND  =         0.0000  RESTRAINT  =        63.2830
 EAMBER (non-restraint)  =    -59669.3543
 EKCMT  =      4057.6261  VIRIAL  =      3644.2293  VOLUME     =    152205.1840
                                                    Density    =         1.0377
 ------------------------------------------------------------------------------

wrapping first mol.:       19.41185       27.45249       47.54911
wrapping first mol.:       19.41185       27.45249       47.54911

 NSTEP =     6500   TIME(PS) =    2413.000  TEMP(K) =   298.37  PRESS =   157.0
 Etot   =    -50101.8728  EKtot   =      9476.2852  EPtot      =    -59578.1579
 BOND   =       392.2574  ANGLE   =       969.3326  DIHED      =       698.3437
 1-4 NB =       452.6638  1-4 EEL =      5749.2991  VDWAALS    =      6639.7769
 EELEC  =    -74538.6856  EHBOND  =         0.0000  RESTRAINT  =        58.8542
 EAMBER (non-restraint)  =    -59637.0121
 EKCMT  =      3934.7092  VIRIAL  =      3419.2361  VOLUME     =    152032.3796
                                                    Density    =         1.0388
 ------------------------------------------------------------------------------

wrapping first mol.:       19.42500       27.47110       47.58133
wrapping first mol.:       19.42500       27.47110       47.58133

 NSTEP =     7000   TIME(PS) =    2414.000  TEMP(K) =   304.34  PRESS =   235.5
 Etot   =    -49702.6905  EKtot   =      9665.9111  EPtot      =    -59368.6016
 BOND   =       414.8043  ANGLE   =      1062.2822  DIHED      =       726.7954
 1-4 NB =       468.1544  1-4 EEL =      5751.4587  VDWAALS    =      6571.5804
 EELEC  =    -74427.8397  EHBOND  =         0.0000  RESTRAINT  =        64.1627
 EAMBER (non-restraint)  =    -59432.7643
 EKCMT  =      4094.5502  VIRIAL  =      3320.0221  VOLUME     =    152340.5769
                                                    Density    =         1.0367
 ------------------------------------------------------------------------------

wrapping first mol.:       19.41102       27.45132       47.54709
wrapping first mol.:       19.41102       27.45132       47.54709

 NSTEP =     7500   TIME(PS) =    2415.000  TEMP(K) =   300.37  PRESS =  -114.3
 Etot   =    -49979.0818  EKtot   =      9539.7041  EPtot      =    -59518.7859
 BOND   =       425.9418  ANGLE   =      1031.1684  DIHED      =       713.2827
 1-4 NB =       445.9897  1-4 EEL =      5718.4795  VDWAALS    =      6541.7849
 EELEC  =    -74458.7144  EHBOND  =         0.0000  RESTRAINT  =        63.2817
 EAMBER (non-restraint)  =    -59582.0675
 EKCMT  =      4043.1304  VIRIAL  =      4418.4054  VOLUME     =    152016.6366
                                                    Density    =         1.0389
 ------------------------------------------------------------------------------

wrapping first mol.:       19.42403       27.46972       47.57895
wrapping first mol.:       19.42403       27.46972       47.57895

 NSTEP =     8000   TIME(PS) =    2416.000  TEMP(K) =   300.88  PRESS =   -73.3
 Etot   =    -49991.6626  EKtot   =      9556.0684  EPtot      =    -59547.7309
 BOND   =       405.4365  ANGLE   =      1032.9414  DIHED      =       712.5278
 1-4 NB =       461.8056  1-4 EEL =      5732.1743  VDWAALS    =      6542.2498
 EELEC  =    -74501.0429  EHBOND  =         0.0000  RESTRAINT  =        66.1764
 EAMBER (non-restraint)  =    -59613.9073
 EKCMT  =      4065.7424  VIRIAL  =      4306.8803  VOLUME     =    152321.9589
                                                    Density    =         1.0369
 ------------------------------------------------------------------------------

wrapping first mol.:       19.42233       27.46732       47.57479
wrapping first mol.:       19.42233       27.46732       47.57479

 NSTEP =     8500   TIME(PS) =    2417.000  TEMP(K) =   301.02  PRESS =   -51.6
 Etot   =    -50168.0119  EKtot   =      9560.4746  EPtot      =    -59728.4865
 BOND   =       358.4672  ANGLE   =      1015.3794  DIHED      =       703.0426
 1-4 NB =       448.6152  1-4 EEL =      5793.4484  VDWAALS    =      6458.5786
 EELEC  =    -74568.7828  EHBOND  =         0.0000  RESTRAINT  =        62.7649
 EAMBER (non-restraint)  =    -59791.2514
 EKCMT  =      4038.6146  VIRIAL  =      4208.3736  VOLUME     =    152281.7166
                                                    Density    =         1.0371
 ------------------------------------------------------------------------------

wrapping first mol.:       19.43132       27.48004       47.59682
wrapping first mol.:       19.43132       27.48004       47.59682

 NSTEP =     9000   TIME(PS) =    2418.000  TEMP(K) =   297.89  PRESS =  -172.0
 Etot   =    -50116.1260  EKtot   =      9460.9229  EPtot      =    -59577.0489
 BOND   =       393.9299  ANGLE   =      1011.6690  DIHED      =       717.0406
 1-4 NB =       449.4495  1-4 EEL =      5787.8135  VDWAALS    =      6487.9464
 EELEC  =    -74484.6386  EHBOND  =         0.0000  RESTRAINT  =        59.7407
 EAMBER (non-restraint)  =    -59636.7896
 EKCMT  =      3937.0447  VIRIAL  =      4503.2348  VOLUME     =    152494.9808
                                                    Density    =         1.0357
 ------------------------------------------------------------------------------

wrapping first mol.:       19.43763       27.48897       47.61228
wrapping first mol.:       19.43763       27.48897       47.61228

 NSTEP =     9500   TIME(PS) =    2419.000  TEMP(K) =   300.79  PRESS =     2.1
 Etot   =    -50084.1835  EKtot   =      9553.0898  EPtot      =    -59637.2733
 BOND   =       432.0698  ANGLE   =      1018.5738  DIHED      =       730.4800
 1-4 NB =       460.2502  1-4 EEL =      5748.9628  VDWAALS    =      6666.1604
 EELEC  =    -74753.6127  EHBOND  =         0.0000  RESTRAINT  =        59.8424
 EAMBER (non-restraint)  =    -59697.1157
 EKCMT  =      4008.8684  VIRIAL  =      4002.0777  VOLUME     =    152641.2437
                                                    Density    =         1.0347
 ------------------------------------------------------------------------------

wrapping first mol.:       19.42751       27.47465       47.58748
wrapping first mol.:       19.42751       27.47465       47.58748

 NSTEP =    10000   TIME(PS) =    2420.000  TEMP(K) =   301.38  PRESS =   -39.5
 Etot   =    -50118.8189  EKtot   =      9571.8682  EPtot      =    -59690.6870
 BOND   =       385.8504  ANGLE   =      1005.1471  DIHED      =       715.0770
 1-4 NB =       461.8224  1-4 EEL =      5754.4800  VDWAALS    =      6552.1802
 EELEC  =    -74637.6469  EHBOND  =         0.0000  RESTRAINT  =        72.4026
 EAMBER (non-restraint)  =    -59763.0896
 EKCMT  =      4043.9688  VIRIAL  =      4173.9732  VOLUME     =    152403.4322
                                                    Density    =         1.0363
 ------------------------------------------------------------------------------

wrapping first mol.:       19.42300       27.46827       47.57644
wrapping first mol.:       19.42300       27.46827       47.57644

 NSTEP =    10500   TIME(PS) =    2421.000  TEMP(K) =   302.59  PRESS =   329.9
 Etot   =    -50104.5313  EKtot   =      9610.4746  EPtot      =    -59715.0059
 BOND   =       364.6369  ANGLE   =      1019.3669  DIHED      =       708.8446
 1-4 NB =       455.4448  1-4 EEL =      5760.2853  VDWAALS    =      6714.2179
 EELEC  =    -74799.1574  EHBOND  =         0.0000  RESTRAINT  =        61.3551
 EAMBER (non-restraint)  =    -59776.3610
 EKCMT  =      4035.3400  VIRIAL  =      2950.7282  VOLUME     =    152292.3320
                                                    Density    =         1.0371
 ------------------------------------------------------------------------------

wrapping first mol.:       19.43901       27.49091       47.61565
wrapping first mol.:       19.43901       27.49091       47.61565

 NSTEP =    11000   TIME(PS) =    2422.000  TEMP(K) =   299.73  PRESS =    55.1
 Etot   =    -50026.3868  EKtot   =      9519.5107  EPtot      =    -59545.8975
 BOND   =       390.4418  ANGLE   =      1060.7643  DIHED      =       690.7131
 1-4 NB =       448.3828  1-4 EEL =      5758.3707  VDWAALS    =      6672.5698
 EELEC  =    -74628.0388  EHBOND  =         0.0000  RESTRAINT  =        60.8988
 EAMBER (non-restraint)  =    -59606.7963
 EKCMT  =      3974.6023  VIRIAL  =      3792.8180  VOLUME     =    152672.8990
                                                    Density    =         1.0345
 ------------------------------------------------------------------------------

wrapping first mol.:       19.43431       27.48427       47.60414
wrapping first mol.:       19.43431       27.48427       47.60414

 NSTEP =    11500   TIME(PS) =    2423.000  TEMP(K) =   298.98  PRESS =  -154.1
 Etot   =    -50085.4783  EKtot   =      9495.6797  EPtot      =    -59581.1580
 BOND   =       418.4161  ANGLE   =      1011.0434  DIHED      =       715.6917
 1-4 NB =       454.4764  1-4 EEL =      5736.6746  VDWAALS    =      6500.7586
 EELEC  =    -74485.1456  EHBOND  =         0.0000  RESTRAINT  =        66.9268
 EAMBER (non-restraint)  =    -59648.0848
 EKCMT  =      3962.5725  VIRIAL  =      4470.1200  VOLUME     =    152565.1142
                                                    Density    =         1.0352
 ------------------------------------------------------------------------------

wrapping first mol.:       19.42770       27.47492       47.58795
wrapping first mol.:       19.42770       27.47492       47.58795

 NSTEP =    12000   TIME(PS) =    2424.000  TEMP(K) =   298.39  PRESS =    24.6
 Etot   =    -50073.7913  EKtot   =      9476.8584  EPtot      =    -59550.6497
 BOND   =       394.5132  ANGLE   =      1039.9966  DIHED      =       730.1776
 1-4 NB =       466.7963  1-4 EEL =      5783.3444  VDWAALS    =      6470.8477
 EELEC  =    -74498.7850  EHBOND  =         0.0000  RESTRAINT  =        62.4596
 EAMBER (non-restraint)  =    -59613.1092
 EKCMT  =      3973.3905  VIRIAL  =      3892.5838  VOLUME     =    152407.0875
                                                    Density    =         1.0363
 ------------------------------------------------------------------------------

wrapping first mol.:       19.41736       27.46030       47.56262
wrapping first mol.:       19.41736       27.46030       47.56262

 NSTEP =    12500   TIME(PS) =    2425.000  TEMP(K) =   300.35  PRESS =  -144.4
 Etot   =    -50148.8953  EKtot   =      9539.1650  EPtot      =    -59688.0604
 BOND   =       403.7630  ANGLE   =      1004.1045  DIHED      =       690.9207
 1-4 NB =       451.9431  1-4 EEL =      5725.6815  VDWAALS    =      6510.2953
 EELEC  =    -74547.1286  EHBOND  =         0.0000  RESTRAINT  =        72.3602
 EAMBER (non-restraint)  =    -59760.4206
 EKCMT  =      4001.6433  VIRIAL  =      4476.1554  VOLUME     =    152166.1331
                                                    Density    =         1.0379
 ------------------------------------------------------------------------------

wrapping first mol.:       19.41398       27.45552       47.55435
wrapping first mol.:       19.41398       27.45552       47.55435

 NSTEP =    13000   TIME(PS) =    2426.000  TEMP(K) =   299.61  PRESS =     1.6
 Etot   =    -49932.0772  EKtot   =      9515.6895  EPtot      =    -59447.7666
 BOND   =       419.9393  ANGLE   =      1037.7416  DIHED      =       705.6698
 1-4 NB =       466.2765  1-4 EEL =      5756.4913  VDWAALS    =      6557.1674
 EELEC  =    -74461.5808  EHBOND  =         0.0000  RESTRAINT  =        70.5283
 EAMBER (non-restraint)  =    -59518.2950
 EKCMT  =      3975.7023  VIRIAL  =      3970.4569  VOLUME     =    152084.7697
                                                    Density    =         1.0385
 ------------------------------------------------------------------------------

wrapping first mol.:       19.39432       27.42771       47.50618
wrapping first mol.:       19.39432       27.42771       47.50618

 NSTEP =    13500   TIME(PS) =    2427.000  TEMP(K) =   298.44  PRESS =  -348.4
 Etot   =    -50144.0956  EKtot   =      9478.4697  EPtot      =    -59622.5653
 BOND   =       376.2047  ANGLE   =      1023.0851  DIHED      =       692.5081
 1-4 NB =       464.1154  1-4 EEL =      5780.6016  VDWAALS    =      6428.3592
 EELEC  =    -74450.6683  EHBOND  =         0.0000  RESTRAINT  =        63.2289
 EAMBER (non-restraint)  =    -59685.7942
 EKCMT  =      3961.1068  VIRIAL  =      5101.6005  VOLUME     =    151627.7958
                                                    Density    =         1.0416
 ------------------------------------------------------------------------------

wrapping first mol.:       19.42541       27.47167       47.58233
wrapping first mol.:       19.42541       27.47167       47.58233

 NSTEP =    14000   TIME(PS) =    2428.000  TEMP(K) =   305.36  PRESS =   -73.0
 Etot   =    -49893.3839  EKtot   =      9698.3594  EPtot      =    -59591.7433
 BOND   =       420.4728  ANGLE   =      1043.7811  DIHED      =       722.1207
 1-4 NB =       449.8859  1-4 EEL =      5715.9142  VDWAALS    =      6650.9420
 EELEC  =    -74661.9249  EHBOND  =         0.0000  RESTRAINT  =        67.0649
 EAMBER (non-restraint)  =    -59658.8082
 EKCMT  =      3996.3619  VIRIAL  =      4236.4261  VOLUME     =    152354.3424
                                                    Density    =         1.0366
 ------------------------------------------------------------------------------

wrapping first mol.:       19.41904       27.46267       47.56674
wrapping first mol.:       19.41904       27.46267       47.56674

 NSTEP =    14500   TIME(PS) =    2429.000  TEMP(K) =   297.73  PRESS =   -78.2
 Etot   =    -50291.6146  EKtot   =      9456.1143  EPtot      =    -59747.7288
 BOND   =       398.3615  ANGLE   =      1003.2489  DIHED      =       704.4134
 1-4 NB =       457.4195  1-4 EEL =      5764.1723  VDWAALS    =      6702.8112
 EELEC  =    -74840.0919  EHBOND  =         0.0000  RESTRAINT  =        61.9364
 EAMBER (non-restraint)  =    -59809.6653
 EKCMT  =      3934.0350  VIRIAL  =      4191.0277  VOLUME     =    152204.7745
                                                    Density    =         1.0377
 ------------------------------------------------------------------------------

wrapping first mol.:       19.41494       27.45687       47.55669
wrapping first mol.:       19.41494       27.45687       47.55669

 NSTEP =    15000   TIME(PS) =    2430.000  TEMP(K) =   297.76  PRESS =  -285.0
 Etot   =    -50223.8741  EKtot   =      9457.0918  EPtot      =    -59680.9659
 BOND   =       368.9303  ANGLE   =      1049.5978  DIHED      =       705.2010
 1-4 NB =       470.7161  1-4 EEL =      5766.2022  VDWAALS    =      6609.5372
 EELEC  =    -74713.6930  EHBOND  =         0.0000  RESTRAINT  =        62.5425
 EAMBER (non-restraint)  =    -59743.5084
 EKCMT  =      3932.7211  VIRIAL  =      4868.7124  VOLUME     =    152111.0981
                                                    Density    =         1.0383
 ------------------------------------------------------------------------------

wrapping first mol.:       19.41945       27.46325       47.56775
wrapping first mol.:       19.41945       27.46325       47.56775

 NSTEP =    15500   TIME(PS) =    2431.000  TEMP(K) =   299.66  PRESS =   417.5
 Etot   =    -50141.2244  EKtot   =      9517.4473  EPtot      =    -59658.6717
 BOND   =       414.4380  ANGLE   =      1030.6963  DIHED      =       715.7224
 1-4 NB =       453.8141  1-4 EEL =      5726.2013  VDWAALS    =      6794.0310
 EELEC  =    -74853.4146  EHBOND  =         0.0000  RESTRAINT  =        59.8396
 EAMBER (non-restraint)  =    -59718.5114
 EKCMT  =      3949.2187  VIRIAL  =      2577.0927  VOLUME     =    152207.6961
                                                    Density    =         1.0376
 ------------------------------------------------------------------------------

wrapping first mol.:       19.41862       27.46207       47.56571
wrapping first mol.:       19.41862       27.46207       47.56571

 NSTEP =    16000   TIME(PS) =    2432.000  TEMP(K) =   297.63  PRESS =  -243.0
 Etot   =    -50179.0384  EKtot   =      9452.9287  EPtot      =    -59631.9671
 BOND   =       379.2223  ANGLE   =      1049.9505  DIHED      =       708.8905
 1-4 NB =       470.6388  1-4 EEL =      5761.3357  VDWAALS    =      6427.5423
 EELEC  =    -74496.6912  EHBOND  =         0.0000  RESTRAINT  =        67.1440
 EAMBER (non-restraint)  =    -59699.1111
 EKCMT  =      3933.0489  VIRIAL  =      4731.6896  VOLUME     =    152197.0481
                                                    Density    =         1.0377
 ------------------------------------------------------------------------------

wrapping first mol.:       19.41577       27.45804       47.55872
wrapping first mol.:       19.41577       27.45804       47.55872

 NSTEP =    16500   TIME(PS) =    2433.000  TEMP(K) =   300.28  PRESS =   -75.7
 Etot   =    -50015.0294  EKtot   =      9536.9785  EPtot      =    -59552.0079
 BOND   =       397.1949  ANGLE   =      1030.4075  DIHED      =       708.9504
 1-4 NB =       451.3174  1-4 EEL =      5732.5591  VDWAALS    =      6621.1530
 EELEC  =    -74554.3120  EHBOND  =         0.0000  RESTRAINT  =        60.7218
 EAMBER (non-restraint)  =    -59612.7297
 EKCMT  =      4078.7844  VIRIAL  =      4327.3629  VOLUME     =    152127.7639
                                                    Density    =         1.0382
 ------------------------------------------------------------------------------

wrapping first mol.:       19.41360       27.45498       47.55342
wrapping first mol.:       19.41360       27.45498       47.55342

 NSTEP =    17000   TIME(PS) =    2434.000  TEMP(K) =   303.33  PRESS =  -152.4
 Etot   =    -49923.3937  EKtot   =      9633.7930  EPtot      =    -59557.1867
 BOND   =       375.7096  ANGLE   =      1052.3671  DIHED      =       732.9892
 1-4 NB =       447.5194  1-4 EEL =      5781.8591  VDWAALS    =      6422.3953
 EELEC  =    -74432.0394  EHBOND  =         0.0000  RESTRAINT  =        62.0129
 EAMBER (non-restraint)  =    -59619.1996
 EKCMT  =      4074.5809  VIRIAL  =      4575.1166  VOLUME     =    152077.8943
                                                    Density    =         1.0385
 ------------------------------------------------------------------------------

wrapping first mol.:       19.41703       27.45983       47.56182
wrapping first mol.:       19.41703       27.45983       47.56182

 NSTEP =    17500   TIME(PS) =    2435.000  TEMP(K) =   297.85  PRESS =  -322.1
 Etot   =    -50054.6656  EKtot   =      9459.6963  EPtot      =    -59514.3619
 BOND   =       389.2261  ANGLE   =      1019.8921  DIHED      =       710.1464
 1-4 NB =       458.0082  1-4 EEL =      5762.9144  VDWAALS    =      6536.1073
 EELEC  =    -74450.4766  EHBOND  =         0.0000  RESTRAINT  =        59.8203
 EAMBER (non-restraint)  =    -59574.1822
 EKCMT  =      3942.0567  VIRIAL  =      5000.1463  VOLUME     =    152160.8259
                                                    Density    =         1.0380
 ------------------------------------------------------------------------------

wrapping first mol.:       19.42445       27.47031       47.57998
wrapping first mol.:       19.42445       27.47031       47.57998

 NSTEP =    18000   TIME(PS) =    2436.000  TEMP(K) =   299.08  PRESS =  -557.8
 Etot   =    -50059.6509  EKtot   =      9498.7520  EPtot      =    -59558.4029
 BOND   =       403.1499  ANGLE   =      1049.1791  DIHED      =       702.9359
 1-4 NB =       451.9119  1-4 EEL =      5753.3856  VDWAALS    =      6511.1462
 EELEC  =    -74492.8885  EHBOND  =         0.0000  RESTRAINT  =        62.7771
 EAMBER (non-restraint)  =    -59621.1800
 EKCMT  =      3924.0769  VIRIAL  =      5758.8937  VOLUME     =    152338.3634
                                                    Density    =         1.0368
 ------------------------------------------------------------------------------

wrapping first mol.:       19.41381       27.45528       47.55393
wrapping first mol.:       19.41381       27.45528       47.55393

 NSTEP =    18500   TIME(PS) =    2437.000  TEMP(K) =   296.67  PRESS =   135.2
 Etot   =    -50281.6404  EKtot   =      9422.3428  EPtot      =    -59703.9832
 BOND   =       388.7557  ANGLE   =      1001.9214  DIHED      =       724.7176
 1-4 NB =       454.8361  1-4 EEL =      5764.7942  VDWAALS    =      6602.7307
 EELEC  =    -74701.5896  EHBOND  =         0.0000  RESTRAINT  =        59.8507
 EAMBER (non-restraint)  =    -59763.8339
 EKCMT  =      3967.4451  VIRIAL  =      3523.6046  VOLUME     =    152078.9086
                                                    Density    =         1.0385
 ------------------------------------------------------------------------------

wrapping first mol.:       19.42130       27.46586       47.57227
wrapping first mol.:       19.42130       27.46586       47.57227

 NSTEP =    19000   TIME(PS) =    2438.000  TEMP(K) =   299.46  PRESS =   -24.6
 Etot   =    -50171.0222  EKtot   =      9510.9502  EPtot      =    -59681.9724
 BOND   =       395.7243  ANGLE   =      1020.3340  DIHED      =       709.2034
 1-4 NB =       442.8961  1-4 EEL =      5758.1565  VDWAALS    =      6581.9932
 EELEC  =    -74654.0204  EHBOND  =         0.0000  RESTRAINT  =        63.7407
 EAMBER (non-restraint)  =    -59745.7130
 EKCMT  =      3947.0991  VIRIAL  =      4028.0484  VOLUME     =    152257.0715
                                                    Density    =         1.0373
 ------------------------------------------------------------------------------

wrapping first mol.:       19.40785       27.44684       47.53932
wrapping first mol.:       19.40785       27.44684       47.53932

 NSTEP =    19500   TIME(PS) =    2439.000  TEMP(K) =   299.15  PRESS =   -13.1
 Etot   =    -50352.8872  EKtot   =      9501.0215  EPtot      =    -59853.9087
 BOND   =       393.2051  ANGLE   =      1059.6120  DIHED      =       712.9082
 1-4 NB =       456.5429  1-4 EEL =      5730.8763  VDWAALS    =      6537.5973
 EELEC  =    -74811.1012  EHBOND  =         0.0000  RESTRAINT  =        66.4508
 EAMBER (non-restraint)  =    -59920.3595
 EKCMT  =      3957.9459  VIRIAL  =      4000.9599  VOLUME     =    151940.7982
                                                    Density    =         1.0395
 ------------------------------------------------------------------------------

wrapping first mol.:       19.41219       27.45297       47.54994
wrapping first mol.:       19.41219       27.45297       47.54994

 NSTEP =    20000   TIME(PS) =    2440.000  TEMP(K) =   299.31  PRESS =   315.5
 Etot   =    -50154.7232  EKtot   =      9506.1006  EPtot      =    -59660.8238
 BOND   =       389.3560  ANGLE   =      1060.1000  DIHED      =       717.4099
 1-4 NB =       456.1713  1-4 EEL =      5753.2361  VDWAALS    =      6778.4239
 EELEC  =    -74889.1477  EHBOND  =         0.0000  RESTRAINT  =        73.6266
 EAMBER (non-restraint)  =    -59734.4504
 EKCMT  =      3971.3841  VIRIAL  =      2935.7503  VOLUME     =    152038.2230
                                                    Density    =         1.0388
 ------------------------------------------------------------------------------

wrapping first mol.:       19.40778       27.44674       47.53915
wrapping first mol.:       19.40778       27.44674       47.53915

 NSTEP =    20500   TIME(PS) =    2441.000  TEMP(K) =   298.88  PRESS =   227.6
 Etot   =    -50322.8084  EKtot   =      9492.4258  EPtot      =    -59815.2342
 BOND   =       386.2641  ANGLE   =      1021.9374  DIHED      =       699.6953
 1-4 NB =       450.5449  1-4 EEL =      5768.3307  VDWAALS    =      6701.1696
 EELEC  =    -74908.5392  EHBOND  =         0.0000  RESTRAINT  =        65.3631
 EAMBER (non-restraint)  =    -59880.5973
 EKCMT  =      3930.9028  VIRIAL  =      3184.4066  VOLUME     =    151935.9313
                                                    Density    =         1.0395
 ------------------------------------------------------------------------------

wrapping first mol.:       19.40023       27.43607       47.52066
wrapping first mol.:       19.40023       27.43607       47.52066

 NSTEP =    21000   TIME(PS) =    2442.000  TEMP(K) =   299.42  PRESS =   -13.3
 Etot   =    -50206.6351  EKtot   =      9509.6758  EPtot      =    -59716.3109
 BOND   =       396.2488  ANGLE   =      1028.0445  DIHED      =       729.0742
 1-4 NB =       459.9151  1-4 EEL =      5729.7585  VDWAALS    =      6522.2694
 EELEC  =    -74648.5523  EHBOND  =         0.0000  RESTRAINT  =        66.9309
 EAMBER (non-restraint)  =    -59783.2418
 EKCMT  =      3900.8081  VIRIAL  =      3944.5359  VOLUME     =    151761.9414
                                                    Density    =         1.0407
 ------------------------------------------------------------------------------

wrapping first mol.:       19.40233       27.43904       47.52581
wrapping first mol.:       19.40233       27.43904       47.52581

 NSTEP =    21500   TIME(PS) =    2443.000  TEMP(K) =   301.25  PRESS =   288.4
 Etot   =    -50143.7152  EKtot   =      9567.9277  EPtot      =    -59711.6430
 BOND   =       390.6980  ANGLE   =      1004.9464  DIHED      =       715.5169
 1-4 NB =       452.6286  1-4 EEL =      5754.9186  VDWAALS    =      6773.2321
 EELEC  =    -74878.5980  EHBOND  =         0.0000  RESTRAINT  =        75.0144
 EAMBER (non-restraint)  =    -59786.6574
 EKCMT  =      3925.3243  VIRIAL  =      2980.0230  VOLUME     =    151807.1901
                                                    Density    =         1.0404
 ------------------------------------------------------------------------------

wrapping first mol.:       19.40269       27.43955       47.52670
wrapping first mol.:       19.40269       27.43955       47.52670

 NSTEP =    22000   TIME(PS) =    2444.000  TEMP(K) =   297.50  PRESS =  -148.3
 Etot   =    -50214.8936  EKtot   =      9448.5791  EPtot      =    -59663.4727
 BOND   =       392.5566  ANGLE   =      1018.3798  DIHED      =       708.3857
 1-4 NB =       445.3527  1-4 EEL =      5785.1459  VDWAALS    =      6608.1091
 EELEC  =    -74681.0323  EHBOND  =         0.0000  RESTRAINT  =        59.6299
 EAMBER (non-restraint)  =    -59723.1026
 EKCMT  =      3925.6105  VIRIAL  =      4411.6890  VOLUME     =    151821.6260
                                                    Density    =         1.0403
 ------------------------------------------------------------------------------

wrapping first mol.:       19.39919       27.43460       47.51811
wrapping first mol.:       19.39919       27.43460       47.51811

 NSTEP =    22500   TIME(PS) =    2445.000  TEMP(K) =   296.84  PRESS =     2.3
 Etot   =    -50246.4801  EKtot   =      9427.6260  EPtot      =    -59674.1061
 BOND   =       385.6659  ANGLE   =      1020.7481  DIHED      =       705.8350
 1-4 NB =       460.3850  1-4 EEL =      5743.4906  VDWAALS    =      6478.3850
 EELEC  =    -74536.1633  EHBOND  =         0.0000  RESTRAINT  =        67.5477
 EAMBER (non-restraint)  =    -59741.6537
 EKCMT  =      3974.4668  VIRIAL  =      3967.0617  VOLUME     =    151737.3160
                                                    Density    =         1.0409
 ------------------------------------------------------------------------------

wrapping first mol.:       19.40623       27.44456       47.53537
wrapping first mol.:       19.40623       27.44456       47.53537

 NSTEP =    23000   TIME(PS) =    2446.000  TEMP(K) =   301.51  PRESS =   -33.6
 Etot   =    -50097.1578  EKtot   =      9576.1670  EPtot      =    -59673.3248
 BOND   =       410.6419  ANGLE   =      1083.0338  DIHED      =       730.5227
 1-4 NB =       467.0855  1-4 EEL =      5714.8775  VDWAALS    =      6627.3356
 EELEC  =    -74771.1535  EHBOND  =         0.0000  RESTRAINT  =        64.3316
 EAMBER (non-restraint)  =    -59737.6564
 EKCMT  =      3970.9682  VIRIAL  =      4081.1103  VOLUME     =    151903.1800
                                                    Density    =         1.0397
 ------------------------------------------------------------------------------

wrapping first mol.:       19.39546       27.42932       47.50898
wrapping first mol.:       19.39546       27.42932       47.50898

 NSTEP =    23500   TIME(PS) =    2447.000  TEMP(K) =   301.87  PRESS =   311.0
 Etot   =    -50077.2643  EKtot   =      9587.4922  EPtot      =    -59664.7565
 BOND   =       402.2590  ANGLE   =      1047.3495  DIHED      =       714.6910
 1-4 NB =       455.3748  1-4 EEL =      5737.5602  VDWAALS    =      6759.7296
 EELEC  =    -74844.4565  EHBOND  =         0.0000  RESTRAINT  =        62.7360
 EAMBER (non-restraint)  =    -59727.4925
 EKCMT  =      4028.5214  VIRIAL  =      3010.3909  VOLUME     =    151645.6582
                                                    Density    =         1.0415
 ------------------------------------------------------------------------------

wrapping first mol.:       19.40016       27.43597       47.52049
wrapping first mol.:       19.40016       27.43597       47.52049

 NSTEP =    24000   TIME(PS) =    2448.000  TEMP(K) =   295.94  PRESS =   -24.5
 Etot   =    -50263.9687  EKtot   =      9399.0352  EPtot      =    -59663.0038
 BOND   =       387.0980  ANGLE   =      1016.6827  DIHED      =       680.1824
 1-4 NB =       447.0235  1-4 EEL =      5758.1371  VDWAALS    =      6657.0438
 EELEC  =    -74668.1489  EHBOND  =         0.0000  RESTRAINT  =        58.9776
 EAMBER (non-restraint)  =    -59721.9814
 EKCMT  =      3871.8612  VIRIAL  =      3952.2936  VOLUME     =    151760.4276
                                                    Density    =         1.0407
 ------------------------------------------------------------------------------

wrapping first mol.:       19.40872       27.44807       47.54145
wrapping first mol.:       19.40872       27.44807       47.54145

 NSTEP =    24500   TIME(PS) =    2449.000  TEMP(K) =   301.82  PRESS =  -455.7
 Etot   =    -50003.6970  EKtot   =      9585.8154  EPtot      =    -59589.5124
 BOND   =       391.0020  ANGLE   =      1038.9146  DIHED      =       728.9010
 1-4 NB =       465.6816  1-4 EEL =      5757.7200  VDWAALS    =      6450.0633
 EELEC  =    -74481.8453  EHBOND  =         0.0000  RESTRAINT  =        60.0503
 EAMBER (non-restraint)  =    -59649.5627
 EKCMT  =      4048.5483  VIRIAL  =      5543.8067  VOLUME     =    151967.1900
                                                    Density    =         1.0393
 ------------------------------------------------------------------------------

wrapping first mol.:       19.41797       27.46115       47.56410
wrapping first mol.:       19.41797       27.46115       47.56410

 NSTEP =    25000   TIME(PS) =    2450.000  TEMP(K) =   303.85  PRESS =  -170.2
 Etot   =    -50105.3682  EKtot   =      9650.3770  EPtot      =    -59755.7452
 BOND   =       382.1020  ANGLE   =      1028.1898  DIHED      =       702.8430
 1-4 NB =       448.1030  1-4 EEL =      5685.3801  VDWAALS    =      6394.2590
 EELEC  =    -74459.7246  EHBOND  =         0.0000  RESTRAINT  =        63.1026
 EAMBER (non-restraint)  =    -59818.8478
 EKCMT  =      4004.1882  VIRIAL  =      4563.4437  VOLUME     =    152180.6842
                                                    Density    =         1.0378
 ------------------------------------------------------------------------------

wrapping first mol.:       19.40993       27.44979       47.54442
wrapping first mol.:       19.40993       27.44979       47.54442

 NSTEP =    25500   TIME(PS) =    2451.000  TEMP(K) =   300.68  PRESS =   109.3
 Etot   =    -50180.4565  EKtot   =      9549.7715  EPtot      =    -59730.2280
 BOND   =       399.6337  ANGLE   =      1047.9847  DIHED      =       690.0376
 1-4 NB =       461.1125  1-4 EEL =      5711.6637  VDWAALS    =      6723.5482
 EELEC  =    -74828.4363  EHBOND  =         0.0000  RESTRAINT  =        64.2280
 EAMBER (non-restraint)  =    -59794.4560
 EKCMT  =      3957.4819  VIRIAL  =      3598.6681  VOLUME     =    151988.0825
                                                    Density    =         1.0391
 ------------------------------------------------------------------------------

wrapping first mol.:       19.41936       27.46312       47.56751
wrapping first mol.:       19.41936       27.46312       47.56751

 NSTEP =    26000   TIME(PS) =    2452.000  TEMP(K) =   300.01  PRESS =   309.3
 Etot   =    -50090.8717  EKtot   =      9528.4834  EPtot      =    -59619.3551
 BOND   =       398.0541  ANGLE   =      1003.9614  DIHED      =       723.6310
 1-4 NB =       456.9725  1-4 EEL =      5707.5507  VDWAALS    =      6843.5157
 EELEC  =    -74816.0383  EHBOND  =         0.0000  RESTRAINT  =        62.9977
 EAMBER (non-restraint)  =    -59682.3528
 EKCMT  =      3952.5814  VIRIAL  =      2936.0006  VOLUME     =    152206.8625
                                                    Density    =         1.0376
 ------------------------------------------------------------------------------

wrapping first mol.:       19.40519       27.44308       47.53280
wrapping first mol.:       19.40519       27.44308       47.53280

 NSTEP =    26500   TIME(PS) =    2453.000  TEMP(K) =   300.28  PRESS =  -173.2
 Etot   =    -50271.7043  EKtot   =      9536.9111  EPtot      =    -59808.6154
 BOND   =       378.1777  ANGLE   =       979.4025  DIHED      =       721.1411
 1-4 NB =       465.4194  1-4 EEL =      5778.9034  VDWAALS    =      6521.6894
 EELEC  =    -74716.7684  EHBOND  =         0.0000  RESTRAINT  =        63.4194
 EAMBER (non-restraint)  =    -59872.0348
 EKCMT  =      4028.5616  VIRIAL  =      4596.6372  VOLUME     =    151880.4450
                                                    Density    =         1.0399
 ------------------------------------------------------------------------------

wrapping first mol.:       19.40016       27.43596       47.52048
wrapping first mol.:       19.40016       27.43596       47.52048

 NSTEP =    27000   TIME(PS) =    2454.000  TEMP(K) =   298.32  PRESS =  -409.3
 Etot   =    -50256.7910  EKtot   =      9474.8594  EPtot      =    -59731.6504
 BOND   =       397.6768  ANGLE   =      1022.6256  DIHED      =       723.7201
 1-4 NB =       464.2365  1-4 EEL =      5779.6145  VDWAALS    =      6557.8999
 EELEC  =    -74745.0569  EHBOND  =         0.0000  RESTRAINT  =        67.6333
 EAMBER (non-restraint)  =    -59799.2837
 EKCMT  =      3987.5782  VIRIAL  =      5328.6577  VOLUME     =    151765.5612
                                                    Density    =         1.0407
 ------------------------------------------------------------------------------

wrapping first mol.:       19.40165       27.43807       47.52414
wrapping first mol.:       19.40165       27.43807       47.52414

 NSTEP =    27500   TIME(PS) =    2455.000  TEMP(K) =   297.07  PRESS =   425.4
 Etot   =    -50291.8747  EKtot   =      9435.0547  EPtot      =    -59726.9294
 BOND   =       405.6023  ANGLE   =      1010.2726  DIHED      =       716.2230
 1-4 NB =       456.6951  1-4 EEL =      5740.4995  VDWAALS    =      6692.2402
 EELEC  =    -74815.8377  EHBOND  =         0.0000  RESTRAINT  =        67.3755
 EAMBER (non-restraint)  =    -59794.3049
 EKCMT  =      3961.8268  VIRIAL  =      2567.5739  VOLUME     =    151789.3119
                                                    Density    =         1.0405
 ------------------------------------------------------------------------------

wrapping first mol.:       19.40519       27.44308       47.53280
wrapping first mol.:       19.40519       27.44308       47.53280

 NSTEP =    28000   TIME(PS) =    2456.000  TEMP(K) =   302.65  PRESS =   313.9
 Etot   =    -50113.0633  EKtot   =      9612.3242  EPtot      =    -59725.3875
 BOND   =       422.5599  ANGLE   =      1056.6227  DIHED      =       728.9459
 1-4 NB =       462.1121  1-4 EEL =      5742.1162  VDWAALS    =      6580.7241
 EELEC  =    -74794.0535  EHBOND  =         0.0000  RESTRAINT  =        75.5850
 EAMBER (non-restraint)  =    -59800.9725
 EKCMT  =      4050.8951  VIRIAL  =      3021.4828  VOLUME     =    151873.8408
                                                    Density    =         1.0399
 ------------------------------------------------------------------------------

wrapping first mol.:       19.41361       27.45498       47.55342
wrapping first mol.:       19.41361       27.45498       47.55342

 NSTEP =    28500   TIME(PS) =    2457.000  TEMP(K) =   300.60  PRESS =   246.1
 Etot   =    -50015.9097  EKtot   =      9547.1660  EPtot      =    -59563.0757
 BOND   =       399.9415  ANGLE   =      1029.0877  DIHED      =       714.3456
 1-4 NB =       452.2973  1-4 EEL =      5730.3250  VDWAALS    =      6702.6143
 EELEC  =    -74657.3852  EHBOND  =         0.0000  RESTRAINT  =        65.6982
 EAMBER (non-restraint)  =    -59628.7739
 EKCMT  =      3991.7680  VIRIAL  =      3183.7419  VOLUME     =    152072.5549
                                                    Density    =         1.0386
 ------------------------------------------------------------------------------

wrapping first mol.:       19.40558       27.44364       47.53377
wrapping first mol.:       19.40558       27.44364       47.53377

 NSTEP =    29000   TIME(PS) =    2458.000  TEMP(K) =   301.93  PRESS =  -473.5
 Etot   =    -50173.4383  EKtot   =      9589.3926  EPtot      =    -59762.8308
 BOND   =       386.6199  ANGLE   =      1029.7934  DIHED      =       719.8254
 1-4 NB =       450.5538  1-4 EEL =      5725.2795  VDWAALS    =      6466.4038
 EELEC  =    -74614.3762  EHBOND  =         0.0000  RESTRAINT  =        73.0694
 EAMBER (non-restraint)  =    -59835.9003
 EKCMT  =      4037.6338  VIRIAL  =      5590.3582  VOLUME     =    151893.8671
                                                    Density    =         1.0398
 ------------------------------------------------------------------------------

wrapping first mol.:       19.40704       27.44570       47.53733
wrapping first mol.:       19.40704       27.44570       47.53733

 NSTEP =    29500   TIME(PS) =    2459.000  TEMP(K) =   298.96  PRESS =    32.3
 Etot   =    -50181.7316  EKtot   =      9495.1104  EPtot      =    -59676.8420
 BOND   =       372.3598  ANGLE   =      1038.7208  DIHED      =       708.6792
 1-4 NB =       466.1792  1-4 EEL =      5759.7761  VDWAALS    =      6698.5791
 EELEC  =    -74787.0442  EHBOND  =         0.0000  RESTRAINT  =        65.9080
 EAMBER (non-restraint)  =    -59742.7500
 EKCMT  =      3967.3699  VIRIAL  =      3861.2874  VOLUME     =    151921.1439
                                                    Density    =         1.0396
 ------------------------------------------------------------------------------

wrapping first mol.:       19.40150       27.43786       47.52377
wrapping first mol.:       19.40150       27.43786       47.52377

 NSTEP =    30000   TIME(PS) =    2460.000  TEMP(K) =   299.91  PRESS =   177.7
 Etot   =    -50266.8200  EKtot   =      9525.3574  EPtot      =    -59792.1774
 BOND   =       405.9258  ANGLE   =      1008.9805  DIHED      =       717.1618
 1-4 NB =       459.7269  1-4 EEL =      5739.3268  VDWAALS    =      6654.8345
 EELEC  =    -74843.7673  EHBOND  =         0.0000  RESTRAINT  =        65.6337
 EAMBER (non-restraint)  =    -59857.8111
 EKCMT  =      4005.6732  VIRIAL  =      3423.3975  VOLUME     =    151789.1248
                                                    Density    =         1.0405
 ------------------------------------------------------------------------------

wrapping first mol.:       19.42487       27.47092       47.58102
wrapping first mol.:       19.42487       27.47092       47.58102

 NSTEP =    30500   TIME(PS) =    2461.000  TEMP(K) =   296.22  PRESS =  -282.4
 Etot   =    -50154.6865  EKtot   =      9408.1699  EPtot      =    -59562.8564
 BOND   =       409.4912  ANGLE   =      1008.6366  DIHED      =       706.1346
 1-4 NB =       451.4304  1-4 EEL =      5729.5568  VDWAALS    =      6523.5677
 EELEC  =    -74465.2402  EHBOND  =         0.0000  RESTRAINT  =        73.5666
 EAMBER (non-restraint)  =    -59636.4230
 EKCMT  =      3954.7499  VIRIAL  =      4883.5260  VOLUME     =    152344.6871
                                                    Density    =         1.0367
 ------------------------------------------------------------------------------

wrapping first mol.:       19.41644       27.45900       47.56037
wrapping first mol.:       19.41644       27.45900       47.56037

 NSTEP =    31000   TIME(PS) =    2462.000  TEMP(K) =   302.67  PRESS =    37.3
 Etot   =    -50064.2335  EKtot   =      9612.7969  EPtot      =    -59677.0304
 BOND   =       394.6629  ANGLE   =      1061.1933  DIHED      =       718.7194
 1-4 NB =       454.0356  1-4 EEL =      5745.6891  VDWAALS    =      6624.5446
 EELEC  =    -74750.9764  EHBOND  =         0.0000  RESTRAINT  =        75.1011
 EAMBER (non-restraint)  =    -59752.1314
 EKCMT  =      4087.0028  VIRIAL  =      3964.4828  VOLUME     =    152142.0631
                                                    Density    =         1.0381
 ------------------------------------------------------------------------------

wrapping first mol.:       19.41194       27.45263       47.54935
wrapping first mol.:       19.41194       27.45263       47.54935

 NSTEP =    31500   TIME(PS) =    2463.000  TEMP(K) =   300.75  PRESS =   -25.2
 Etot   =    -50392.0652  EKtot   =      9551.8809  EPtot      =    -59943.9460
 BOND   =       422.3172  ANGLE   =      1015.6827  DIHED      =       729.5858
 1-4 NB =       453.1138  1-4 EEL =      5746.0708  VDWAALS    =      6696.1539
 EELEC  =    -75065.3740  EHBOND  =         0.0000  RESTRAINT  =        58.5038
 EAMBER (non-restraint)  =    -60002.4498
 EKCMT  =      3991.2689  VIRIAL  =      4073.9249  VOLUME     =    152037.1826
                                                    Density    =         1.0388
 ------------------------------------------------------------------------------

wrapping first mol.:       19.42156       27.46623       47.57290
wrapping first mol.:       19.42156       27.46623       47.57290

 NSTEP =    32000   TIME(PS) =    2464.000  TEMP(K) =   299.55  PRESS =   -21.5
 Etot   =    -50236.2501  EKtot   =      9513.7871  EPtot      =    -59750.0373
 BOND   =       408.6148  ANGLE   =      1020.9224  DIHED      =       737.5951
 1-4 NB =       466.1080  1-4 EEL =      5714.5613  VDWAALS    =      6862.0223
 EELEC  =    -75026.7580  EHBOND  =         0.0000  RESTRAINT  =        66.8970
 EAMBER (non-restraint)  =    -59816.9342
 EKCMT  =      4027.7157  VIRIAL  =      4098.2701  VOLUME     =    152263.1110
                                                    Density    =         1.0373
 ------------------------------------------------------------------------------

wrapping first mol.:       19.41966       27.46354       47.56824
wrapping first mol.:       19.41966       27.46354       47.56824

 NSTEP =    32500   TIME(PS) =    2465.000  TEMP(K) =   298.83  PRESS =   -37.1
 Etot   =    -50344.7066  EKtot   =      9491.0537  EPtot      =    -59835.7603
 BOND   =       403.4523  ANGLE   =      1016.9523  DIHED      =       689.3308
 1-4 NB =       455.0968  1-4 EEL =      5726.8805  VDWAALS    =      6635.1713
 EELEC  =    -74830.4332  EHBOND  =         0.0000  RESTRAINT  =        67.7889
 EAMBER (non-restraint)  =    -59903.5492
 EKCMT  =      3979.0127  VIRIAL  =      4100.8544  VOLUME     =    152218.5929
                                                    Density    =         1.0376
 ------------------------------------------------------------------------------

wrapping first mol.:       19.42845       27.47597       47.58978
wrapping first mol.:       19.42845       27.47597       47.58978

 NSTEP =    33000   TIME(PS) =    2466.000  TEMP(K) =   298.77  PRESS =   -22.0
 Etot   =    -50264.4699  EKtot   =      9489.0889  EPtot      =    -59753.5588
 BOND   =       390.2709  ANGLE   =      1006.1307  DIHED      =       708.0437
 1-4 NB =       457.6663  1-4 EEL =      5778.1776  VDWAALS    =      6818.2479
 EELEC  =    -74978.6605  EHBOND  =         0.0000  RESTRAINT  =        66.5647
 EAMBER (non-restraint)  =    -59820.1234
 EKCMT  =      4003.0995  VIRIAL  =      4075.4940  VOLUME     =    152425.2228
                                                    Density    =         1.0362
 ------------------------------------------------------------------------------

wrapping first mol.:       19.42610       27.47265       47.58403
wrapping first mol.:       19.42610       27.47265       47.58403

 NSTEP =    33500   TIME(PS) =    2467.000  TEMP(K) =   301.77  PRESS =    33.6
 Etot   =    -50083.3446  EKtot   =      9584.4053  EPtot      =    -59667.7499
 BOND   =       374.6651  ANGLE   =      1036.8076  DIHED      =       724.7700
 1-4 NB =       456.8051  1-4 EEL =      5731.1563  VDWAALS    =      6789.8857
 EELEC  =    -74841.0572  EHBOND  =         0.0000  RESTRAINT  =        59.2176
 EAMBER (non-restraint)  =    -59726.9674
 EKCMT  =      4005.9622  VIRIAL  =      3895.5434  VOLUME     =    152369.2365
                                                    Density    =         1.0365
 ------------------------------------------------------------------------------

wrapping first mol.:       19.42661       27.47338       47.58528
wrapping first mol.:       19.42661       27.47338       47.58528

 NSTEP =    34000   TIME(PS) =    2468.000  TEMP(K) =   294.34  PRESS =  -164.7
 Etot   =    -50214.5366  EKtot   =      9348.3398  EPtot      =    -59562.8765
 BOND   =       421.8190  ANGLE   =      1025.6086  DIHED      =       692.6553
 1-4 NB =       444.8030  1-4 EEL =      5727.5141  VDWAALS    =      6386.5182
 EELEC  =    -74327.7883  EHBOND  =         0.0000  RESTRAINT  =        65.9936
 EAMBER (non-restraint)  =    -59628.8700
 EKCMT  =      3948.0856  VIRIAL  =      4489.8772  VOLUME     =    152384.0001
                                                    Density    =         1.0364
 ------------------------------------------------------------------------------

wrapping first mol.:       19.40829       27.44747       47.54041
wrapping first mol.:       19.40829       27.44747       47.54041

 NSTEP =    34500   TIME(PS) =    2469.000  TEMP(K) =   299.29  PRESS =   408.6
 Etot   =    -50172.8370  EKtot   =      9505.4121  EPtot      =    -59678.2491
 BOND   =       446.9705  ANGLE   =      1064.1168  DIHED      =       709.5095
 1-4 NB =       450.5258  1-4 EEL =      5759.9776  VDWAALS    =      6548.7507
 EELEC  =    -74725.6757  EHBOND  =         0.0000  RESTRAINT  =        67.5757
 EAMBER (non-restraint)  =    -59745.8248
 EKCMT  =      4042.7213  VIRIAL  =      2702.1046  VOLUME     =    151945.5423
                                                    Density    =         1.0394
 ------------------------------------------------------------------------------

wrapping first mol.:       19.40250       27.43928       47.52623
wrapping first mol.:       19.40250       27.43928       47.52623

 NSTEP =    35000   TIME(PS) =    2470.000  TEMP(K) =   301.57  PRESS =  -206.0
 Etot   =    -50154.2527  EKtot   =      9577.8428  EPtot      =    -59732.0954
 BOND   =       391.3699  ANGLE   =      1038.7447  DIHED      =       684.3082
 1-4 NB =       461.7423  1-4 EEL =      5753.5510  VDWAALS    =      6375.7469
 EELEC  =    -74497.3367  EHBOND  =         0.0000  RESTRAINT  =        59.7783
 EAMBER (non-restraint)  =    -59791.8738
 EKCMT  =      3996.6472  VIRIAL  =      4671.8039  VOLUME     =    151817.9305
                                                    Density    =         1.0403
 ------------------------------------------------------------------------------

wrapping first mol.:       19.40546       27.44347       47.53348
wrapping first mol.:       19.40546       27.44347       47.53348

 NSTEP =    35500   TIME(PS) =    2471.000  TEMP(K) =   298.11  PRESS =  -446.4
 Etot   =    -50218.3006  EKtot   =      9468.0107  EPtot      =    -59686.3113
 BOND   =       410.3128  ANGLE   =      1032.7884  DIHED      =       675.0552
 1-4 NB =       453.8054  1-4 EEL =      5762.1045  VDWAALS    =      6576.5177
 EELEC  =    -74661.8736  EHBOND  =         0.0000  RESTRAINT  =        64.9783
 EAMBER (non-restraint)  =    -59751.2896
 EKCMT  =      3954.3385  VIRIAL  =      5418.1681  VOLUME     =    151890.6684
                                                    Density    =         1.0398
 ------------------------------------------------------------------------------

wrapping first mol.:       19.41515       27.45717       47.55720
wrapping first mol.:       19.41515       27.45717       47.55720

 NSTEP =    36000   TIME(PS) =    2472.000  TEMP(K) =   298.92  PRESS =   -90.8
 Etot   =    -50336.9112  EKtot   =      9493.7285  EPtot      =    -59830.6397
 BOND   =       390.0454  ANGLE   =       996.3701  DIHED      =       706.5408
 1-4 NB =       451.1774  1-4 EEL =      5776.4788  VDWAALS    =      6514.3902
 EELEC  =    -74729.2811  EHBOND  =         0.0000  RESTRAINT  =        63.6388
 EAMBER (non-restraint)  =    -59894.2784
 EKCMT  =      4007.0955  VIRIAL  =      4305.4060  VOLUME     =    152113.3814
                                                    Density    =         1.0383
 ------------------------------------------------------------------------------

wrapping first mol.:       19.40641       27.44481       47.53581
wrapping first mol.:       19.40641       27.44481       47.53581

 NSTEP =    36500   TIME(PS) =    2473.000  TEMP(K) =   298.78  PRESS =  -394.9
 Etot   =    -50244.3675  EKtot   =      9489.3867  EPtot      =    -59733.7543
 BOND   =       391.6269  ANGLE   =      1008.6706  DIHED      =       729.1015
 1-4 NB =       452.4507  1-4 EEL =      5755.3849  VDWAALS    =      6523.5344
 EELEC  =    -74657.8803  EHBOND  =         0.0000  RESTRAINT  =        63.3570
 EAMBER (non-restraint)  =    -59797.1113
 EKCMT  =      3939.9812  VIRIAL  =      5235.1254  VOLUME     =    151912.2971
                                                    Density    =         1.0397
 ------------------------------------------------------------------------------

wrapping first mol.:       19.40439       27.44195       47.53084
wrapping first mol.:       19.40439       27.44195       47.53084

 NSTEP =    37000   TIME(PS) =    2474.000  TEMP(K) =   297.30  PRESS =    32.2
 Etot   =    -50119.1169  EKtot   =      9442.3721  EPtot      =    -59561.4890
 BOND   =       374.7405  ANGLE   =      1053.4303  DIHED      =       687.7015
 1-4 NB =       454.0787  1-4 EEL =      5746.7368  VDWAALS    =      6651.1535
 EELEC  =    -74594.2055  EHBOND  =         0.0000  RESTRAINT  =        64.8752
 EAMBER (non-restraint)  =    -59626.3642
 EKCMT  =      3935.6060  VIRIAL  =      3829.8962  VOLUME     =    151858.8820
                                                    Density    =         1.0400
 ------------------------------------------------------------------------------

wrapping first mol.:       19.39687       27.43131       47.51242
wrapping first mol.:       19.39687       27.43131       47.51242

 NSTEP =    37500   TIME(PS) =    2475.000  TEMP(K) =   297.36  PRESS =  -238.2
 Etot   =    -50236.2209  EKtot   =      9444.3135  EPtot      =    -59680.5343
 BOND   =       418.9637  ANGLE   =      1030.1102  DIHED      =       687.3710
 1-4 NB =       455.5910  1-4 EEL =      5745.9019  VDWAALS    =      6466.0236
 EELEC  =    -74553.9287  EHBOND  =         0.0000  RESTRAINT  =        69.4329
 EAMBER (non-restraint)  =    -59749.9672
 EKCMT  =      3955.4172  VIRIAL  =      4735.5304  VOLUME     =    151686.0887
                                                    Density    =         1.0412
 ------------------------------------------------------------------------------

wrapping first mol.:       19.41024       27.45023       47.54518
wrapping first mol.:       19.41024       27.45023       47.54518

 NSTEP =    38000   TIME(PS) =    2476.000  TEMP(K) =   296.70  PRESS =  -125.1
 Etot   =    -50203.2560  EKtot   =      9423.2070  EPtot      =    -59626.4630
 BOND   =       400.5114  ANGLE   =      1032.9040  DIHED      =       675.7946
 1-4 NB =       443.6215  1-4 EEL =      5727.9831  VDWAALS    =      6461.6484
 EELEC  =    -74436.0075  EHBOND  =         0.0000  RESTRAINT  =        67.0816
 EAMBER (non-restraint)  =    -59693.5446
 EKCMT  =      3979.8171  VIRIAL  =      4390.3454  VOLUME     =    151998.5434
                                                    Density    =         1.0391
 ------------------------------------------------------------------------------

wrapping first mol.:       19.40718       27.44590       47.53769
wrapping first mol.:       19.40718       27.44590       47.53769

 NSTEP =    38500   TIME(PS) =    2477.000  TEMP(K) =   295.98  PRESS =   248.4
 Etot   =    -50321.3107  EKtot   =      9400.4414  EPtot      =    -59721.7521
 BOND   =       413.8940  ANGLE   =      1025.6311  DIHED      =       698.8142
 1-4 NB =       459.7544  1-4 EEL =      5735.3375  VDWAALS    =      6756.7228
 EELEC  =    -74883.0233  EHBOND  =         0.0000  RESTRAINT  =        71.1171
 EAMBER (non-restraint)  =    -59792.8692
 EKCMT  =      3965.3443  VIRIAL  =      3150.4319  VOLUME     =    151921.6186
                                                    Density    =         1.0396
 ------------------------------------------------------------------------------

wrapping first mol.:       19.40725       27.44600       47.53786
wrapping first mol.:       19.40725       27.44600       47.53786

 NSTEP =    39000   TIME(PS) =    2478.000  TEMP(K) =   301.75  PRESS =    78.4
 Etot   =    -50179.7089  EKtot   =      9583.6973  EPtot      =    -59763.4062
 BOND   =       410.6896  ANGLE   =      1010.8401  DIHED      =       715.5700
 1-4 NB =       442.2027  1-4 EEL =      5718.7052  VDWAALS    =      6514.4495
 EELEC  =    -74639.6863  EHBOND  =         0.0000  RESTRAINT  =        63.8230
 EAMBER (non-restraint)  =    -59827.2292
 EKCMT  =      4019.1290  VIRIAL  =      3761.7960  VOLUME     =    151925.5428
                                                    Density    =         1.0396
 ------------------------------------------------------------------------------

wrapping first mol.:       19.41074       27.45093       47.54640
wrapping first mol.:       19.41074       27.45093       47.54640

 NSTEP =    39500   TIME(PS) =    2479.000  TEMP(K) =   298.66  PRESS =   144.0
 Etot   =    -50180.5909  EKtot   =      9485.6211  EPtot      =    -59666.2120
 BOND   =       382.5298  ANGLE   =      1034.0457  DIHED      =       699.4901
 1-4 NB =       446.8564  1-4 EEL =      5756.8343  VDWAALS    =      6670.2193
 EELEC  =    -74721.6528  EHBOND  =         0.0000  RESTRAINT  =        65.4652
 EAMBER (non-restraint)  =    -59731.6772
 EKCMT  =      4011.6602  VIRIAL  =      3539.0054  VOLUME     =    152006.5556
                                                    Density    =         1.0390
 ------------------------------------------------------------------------------

wrapping first mol.:       19.42159       27.46627       47.57297
wrapping first mol.:       19.42159       27.46627       47.57297

 NSTEP =    40000   TIME(PS) =    2480.000  TEMP(K) =   299.79  PRESS =     7.2
 Etot   =    -50113.4872  EKtot   =      9521.5176  EPtot      =    -59635.0047
 BOND   =       385.8441  ANGLE   =      1025.1298  DIHED      =       713.1255
 1-4 NB =       455.5515  1-4 EEL =      5752.0499  VDWAALS    =      6435.6977
 EELEC  =    -74474.5497  EHBOND  =         0.0000  RESTRAINT  =        72.1466
 EAMBER (non-restraint)  =    -59707.1513
 EKCMT  =      3961.0685  VIRIAL  =      3937.5106  VOLUME     =    152263.4197
                                                    Density    =         1.0373
 ------------------------------------------------------------------------------

wrapping first mol.:       19.41628       27.45876       47.55997
wrapping first mol.:       19.41628       27.45876       47.55997

 NSTEP =    40500   TIME(PS) =    2481.000  TEMP(K) =   298.61  PRESS =  -179.7
 Etot   =    -50072.0751  EKtot   =      9483.8770  EPtot      =    -59555.9521
 BOND   =       391.4353  ANGLE   =      1022.2773  DIHED      =       723.2556
 1-4 NB =       443.3624  1-4 EEL =      5768.7718  VDWAALS    =      6470.0334
 EELEC  =    -74452.9474  EHBOND  =         0.0000  RESTRAINT  =        77.8595
 EAMBER (non-restraint)  =    -59633.8116
 EKCMT  =      3942.8394  VIRIAL  =      4533.0750  VOLUME     =    152141.1337
                                                    Density    =         1.0381
 ------------------------------------------------------------------------------

wrapping first mol.:       19.40151       27.43788       47.52380
wrapping first mol.:       19.40151       27.43788       47.52380

 NSTEP =    41000   TIME(PS) =    2482.000  TEMP(K) =   304.81  PRESS =  -484.7
 Etot   =    -50121.6281  EKtot   =      9680.8125  EPtot      =    -59802.4406
 BOND   =       417.8271  ANGLE   =       988.9654  DIHED      =       719.6945
 1-4 NB =       447.8907  1-4 EEL =      5767.5004  VDWAALS    =      6563.8890
 EELEC  =    -74770.5301  EHBOND  =         0.0000  RESTRAINT  =        62.3223
 EAMBER (non-restraint)  =    -59864.7628
 EKCMT  =      3999.9226  VIRIAL  =      5588.5562  VOLUME     =    151798.4025
                                                    Density    =         1.0404
 ------------------------------------------------------------------------------

wrapping first mol.:       19.41428       27.45594       47.55507
wrapping first mol.:       19.41428       27.45594       47.55507

 NSTEP =    41500   TIME(PS) =    2483.000  TEMP(K) =   299.59  PRESS =   433.5
 Etot   =    -50213.9856  EKtot   =      9514.9375  EPtot      =    -59728.9231
 BOND   =       415.2850  ANGLE   =      1001.0607  DIHED      =       696.8347
 1-4 NB =       453.7524  1-4 EEL =      5764.8112  VDWAALS    =      6735.6607
 EELEC  =    -74858.3445  EHBOND  =         0.0000  RESTRAINT  =        62.0167
 EAMBER (non-restraint)  =    -59790.9397
 EKCMT  =      3983.2588  VIRIAL  =      2559.6828  VOLUME     =    152085.8199
                                                    Density    =         1.0385
 ------------------------------------------------------------------------------

wrapping first mol.:       19.41417       27.45579       47.55481
wrapping first mol.:       19.41417       27.45579       47.55481

 NSTEP =    42000   TIME(PS) =    2484.000  TEMP(K) =   296.83  PRESS =   287.0
 Etot   =    -50229.8952  EKtot   =      9427.5420  EPtot      =    -59657.4372
 BOND   =       397.5469  ANGLE   =       986.5785  DIHED      =       703.0779
 1-4 NB =       460.3966  1-4 EEL =      5725.4124  VDWAALS    =      6636.7998
 EELEC  =    -74635.8131  EHBOND  =         0.0000  RESTRAINT  =        68.5638
 EAMBER (non-restraint)  =    -59726.0010
 EKCMT  =      4021.0834  VIRIAL  =      3078.7878  VOLUME     =    152085.3395
                                                    Density    =         1.0385
 ------------------------------------------------------------------------------

wrapping first mol.:       19.40468       27.44236       47.53155
wrapping first mol.:       19.40468       27.44236       47.53155

 NSTEP =    42500   TIME(PS) =    2485.000  TEMP(K) =   298.52  PRESS =     4.3
 Etot   =    -50419.7271  EKtot   =      9481.1602  EPtot      =    -59900.8873
 BOND   =       379.1652  ANGLE   =      1013.6119  DIHED      =       701.5001
 1-4 NB =       463.8843  1-4 EEL =      5788.3768  VDWAALS    =      6560.6274
 EELEC  =    -74884.1721  EHBOND  =         0.0000  RESTRAINT  =        76.1192
 EAMBER (non-restraint)  =    -59977.0065
 EKCMT  =      4008.2132  VIRIAL  =      3994.2461  VOLUME     =    151866.0909
                                                    Density    =         1.0400
 ------------------------------------------------------------------------------

wrapping first mol.:       19.41187       27.45253       47.54918
wrapping first mol.:       19.41187       27.45253       47.54918

 NSTEP =    43000   TIME(PS) =    2486.000  TEMP(K) =   300.94  PRESS =  -175.8
 Etot   =    -50145.6651  EKtot   =      9557.7891  EPtot      =    -59703.4542
 BOND   =       376.8812  ANGLE   =      1008.5907  DIHED      =       710.4823
 1-4 NB =       470.9345  1-4 EEL =      5764.4394  VDWAALS    =      6417.9632
 EELEC  =    -74518.1553  EHBOND  =         0.0000  RESTRAINT  =        65.4098
 EAMBER (non-restraint)  =    -59768.8640
 EKCMT  =      4032.0279  VIRIAL  =      4609.0969  VOLUME     =    152037.5578
                                                    Density    =         1.0388
 ------------------------------------------------------------------------------

wrapping first mol.:       19.42745       27.47457       47.58734
wrapping first mol.:       19.42745       27.47457       47.58734

 NSTEP =    43500   TIME(PS) =    2487.000  TEMP(K) =   300.06  PRESS =   132.9
 Etot   =    -50196.3847  EKtot   =      9529.8535  EPtot      =    -59726.2382
 BOND   =       390.6507  ANGLE   =      1070.0758  DIHED      =       678.0731
 1-4 NB =       460.2864  1-4 EEL =      5739.4962  VDWAALS    =      6744.8654
 EELEC  =    -74880.0525  EHBOND  =         0.0000  RESTRAINT  =        70.3667
 EAMBER (non-restraint)  =    -59796.6050
 EKCMT  =      4005.3159  VIRIAL  =      3567.8696  VOLUME     =    152399.7185
                                                    Density    =         1.0363
 ------------------------------------------------------------------------------

wrapping first mol.:       19.42986       27.47797       47.59324
wrapping first mol.:       19.42986       27.47797       47.59324

 NSTEP =    44000   TIME(PS) =    2488.000  TEMP(K) =   301.18  PRESS =     0.8
 Etot   =    -50066.8631  EKtot   =      9565.5293  EPtot      =    -59632.3924
 BOND   =       420.1219  ANGLE   =      1028.9005  DIHED      =       702.0940
 1-4 NB =       463.8365  1-4 EEL =      5760.5159  VDWAALS    =      6668.5553
 EELEC  =    -74748.4208  EHBOND  =         0.0000  RESTRAINT  =        72.0043
 EAMBER (non-restraint)  =    -59704.3967
 EKCMT  =      3992.3652  VIRIAL  =      3989.8334  VOLUME     =    152458.1499
                                                    Density    =         1.0359
 ------------------------------------------------------------------------------

wrapping first mol.:       19.42244       27.46748       47.57507
wrapping first mol.:       19.42244       27.46748       47.57507

 NSTEP =    44500   TIME(PS) =    2489.000  TEMP(K) =   300.31  PRESS =  -160.2
 Etot   =    -49995.1424  EKtot   =      9537.9043  EPtot      =    -59533.0467
 BOND   =       385.3205  ANGLE   =      1064.7622  DIHED      =       704.4854
 1-4 NB =       447.7055  1-4 EEL =      5753.0306  VDWAALS    =      6551.7090
 EELEC  =    -74508.9442  EHBOND  =         0.0000  RESTRAINT  =        68.8844
 EAMBER (non-restraint)  =    -59601.9311
 EKCMT  =      3915.4959  VIRIAL  =      4442.2255  VOLUME     =    152285.8461
                                                    Density    =         1.0371
 ------------------------------------------------------------------------------

wrapping first mol.:       19.42733       27.47440       47.58705
wrapping first mol.:       19.42733       27.47440       47.58705

 NSTEP =    45000   TIME(PS) =    2490.000  TEMP(K) =   302.16  PRESS =    24.1
 Etot   =    -49991.8984  EKtot   =      9596.7188  EPtot      =    -59588.6172
 BOND   =       404.5667  ANGLE   =      1008.2461  DIHED      =       719.6062
 1-4 NB =       463.5136  1-4 EEL =      5746.0710  VDWAALS    =      6665.7451
 EELEC  =    -74659.2990  EHBOND  =         0.0000  RESTRAINT  =        62.9331
 EAMBER (non-restraint)  =    -59651.5503
 EKCMT  =      4024.7134  VIRIAL  =      3945.4505  VOLUME     =    152398.3794
                                                    Density    =         1.0363
 ------------------------------------------------------------------------------

wrapping first mol.:       19.41728       27.46018       47.56242
wrapping first mol.:       19.41728       27.46018       47.56242

 NSTEP =    45500   TIME(PS) =    2491.000  TEMP(K) =   306.36  PRESS =  -183.7
 Etot   =    -49909.8038  EKtot   =      9729.9307  EPtot      =    -59639.7345
 BOND   =       404.5934  ANGLE   =      1057.6357  DIHED      =       720.3013
 1-4 NB =       454.2951  1-4 EEL =      5727.8265  VDWAALS    =      6538.0186
 EELEC  =    -74610.0930  EHBOND  =         0.0000  RESTRAINT  =        67.6880
 EAMBER (non-restraint)  =    -59707.4225
 EKCMT  =      4122.4592  VIRIAL  =      4726.1243  VOLUME     =    152164.6943
                                                    Density    =         1.0379
 ------------------------------------------------------------------------------

wrapping first mol.:       19.41336       27.45463       47.55281
wrapping first mol.:       19.41336       27.45463       47.55281

 NSTEP =    46000   TIME(PS) =    2492.000  TEMP(K) =   307.87  PRESS =   123.4
 Etot   =    -49807.6333  EKtot   =      9778.1475  EPtot      =    -59585.7808
 BOND   =       372.8003  ANGLE   =      1037.3434  DIHED      =       715.8328
 1-4 NB =       452.4553  1-4 EEL =      5763.6873  VDWAALS    =      6525.8784
 EELEC  =    -74521.0731  EHBOND  =         0.0000  RESTRAINT  =        67.2949
 EAMBER (non-restraint)  =    -59653.0757
 EKCMT  =      4107.9992  VIRIAL  =      3702.8555  VOLUME     =    152068.3368
                                                    Density    =         1.0386
 ------------------------------------------------------------------------------

wrapping first mol.:       19.42156       27.46624       47.57291
wrapping first mol.:       19.42156       27.46624       47.57291

 NSTEP =    46500   TIME(PS) =    2493.000  TEMP(K) =   301.14  PRESS =   175.8
 Etot   =    -50054.3298  EKtot   =      9564.3926  EPtot      =    -59618.7223
 BOND   =       388.2970  ANGLE   =      1046.5866  DIHED      =       694.9029
 1-4 NB =       466.1847  1-4 EEL =      5780.8104  VDWAALS    =      6612.4270
 EELEC  =    -74678.4288  EHBOND  =         0.0000  RESTRAINT  =        70.4978
 EAMBER (non-restraint)  =    -59689.2202
 EKCMT  =      3939.6530  VIRIAL  =      3361.8603  VOLUME     =    152260.5626
                                                    Density    =         1.0373
 ------------------------------------------------------------------------------

wrapping first mol.:       19.43663       27.48755       47.60982
wrapping first mol.:       19.43663       27.48755       47.60982

 NSTEP =    47000   TIME(PS) =    2494.000  TEMP(K) =   298.64  PRESS =    -3.2
 Etot   =    -49943.7842  EKtot   =      9485.0391  EPtot      =    -59428.8232
 BOND   =       380.9082  ANGLE   =       989.0123  DIHED      =       715.7095
 1-4 NB =       456.2269  1-4 EEL =      5788.2685  VDWAALS    =      6630.4208
 EELEC  =    -74451.9205  EHBOND  =         0.0000  RESTRAINT  =        62.5510
 EAMBER (non-restraint)  =    -59491.3743
 EKCMT  =      3973.8885  VIRIAL  =      3984.4431  VOLUME     =    152617.6879
                                                    Density    =         1.0349
 ------------------------------------------------------------------------------

wrapping first mol.:       19.40800       27.44706       47.53969
wrapping first mol.:       19.40800       27.44706       47.53969

 NSTEP =    47500   TIME(PS) =    2495.000  TEMP(K) =   297.24  PRESS =  -502.2
 Etot   =    -50173.8324  EKtot   =      9440.3457  EPtot      =    -59614.1781
 BOND   =       392.5161  ANGLE   =      1020.2444  DIHED      =       695.1370
 1-4 NB =       449.7330  1-4 EEL =      5768.1408  VDWAALS    =      6507.7050
 EELEC  =    -74507.6881  EHBOND  =         0.0000  RESTRAINT  =        60.0335
 EAMBER (non-restraint)  =    -59674.2117
 EKCMT  =      3951.7374  VIRIAL  =      5599.4377  VOLUME     =    151950.9956
                                                    Density    =         1.0394
 ------------------------------------------------------------------------------

wrapping first mol.:       19.41898       27.46259       47.56659
wrapping first mol.:       19.41898       27.46259       47.56659

 NSTEP =    48000   TIME(PS) =    2496.000  TEMP(K) =   302.56  PRESS =   526.7
 Etot   =    -50097.8255  EKtot   =      9609.5518  EPtot      =    -59707.3773
 BOND   =       411.9621  ANGLE   =      1013.6380  DIHED      =       695.3203
 1-4 NB =       464.8003  1-4 EEL =      5770.2250  VDWAALS    =      6738.0575
 EELEC  =    -74858.5875  EHBOND  =         0.0000  RESTRAINT  =        57.2070
 EAMBER (non-restraint)  =    -59764.5843
 EKCMT  =      3995.5594  VIRIAL  =      2264.8378  VOLUME     =    152195.0853
                                                    Density    =         1.0377
 ------------------------------------------------------------------------------

wrapping first mol.:       19.42740       27.47449       47.58720
wrapping first mol.:       19.42740       27.47449       47.58720

 NSTEP =    48500   TIME(PS) =    2497.000  TEMP(K) =   299.59  PRESS =    52.8
 Etot   =    -50232.1558  EKtot   =      9514.9482  EPtot      =    -59747.1041
 BOND   =       387.1806  ANGLE   =      1011.8397  DIHED      =       694.6602
 1-4 NB =       455.5085  1-4 EEL =      5741.8795  VDWAALS    =      6622.2589
 EELEC  =    -74725.3862  EHBOND  =         0.0000  RESTRAINT  =        64.9547
 EAMBER (non-restraint)  =    -59812.0588
 EKCMT  =      4034.5563  VIRIAL  =      3860.7590  VOLUME     =    152399.4771
                                                    Density    =         1.0363
 ------------------------------------------------------------------------------

wrapping first mol.:       19.42306       27.46835       47.57658
wrapping first mol.:       19.42306       27.46835       47.57658

 NSTEP =    49000   TIME(PS) =    2498.000  TEMP(K) =   299.98  PRESS =  -214.6
 Etot   =    -50164.4904  EKtot   =      9527.5703  EPtot      =    -59692.0607
 BOND   =       371.8557  ANGLE   =      1034.0073  DIHED      =       697.9371
 1-4 NB =       447.1399  1-4 EEL =      5762.7228  VDWAALS    =      6533.4861
 EELEC  =    -74609.6218  EHBOND  =         0.0000  RESTRAINT  =        70.4122
 EAMBER (non-restraint)  =    -59762.4729
 EKCMT  =      4046.9714  VIRIAL  =      4752.7140  VOLUME     =    152301.0654
                                                    Density    =         1.0370
 ------------------------------------------------------------------------------

wrapping first mol.:       19.42212       27.46702       47.57427
wrapping first mol.:       19.42212       27.46702       47.57427

 NSTEP =    49500   TIME(PS) =    2499.000  TEMP(K) =   302.07  PRESS =   163.3
 Etot   =    -50220.2835  EKtot   =      9593.8311  EPtot      =    -59814.1146
 BOND   =       388.9122  ANGLE   =      1011.2626  DIHED      =       711.8427
 1-4 NB =       454.0344  1-4 EEL =      5749.8064  VDWAALS    =      6600.4356
 EELEC  =    -74793.7915  EHBOND  =         0.0000  RESTRAINT  =        63.3831
 EAMBER (non-restraint)  =    -59877.4976
 EKCMT  =      3983.5751  VIRIAL  =      3446.7572  VOLUME     =    152273.7608
                                                    Density    =         1.0372
 ------------------------------------------------------------------------------

wrapping first mol.:       19.39447       27.42793       47.50656
wrapping first mol.:       19.39447       27.42793       47.50656

 NSTEP =    50000   TIME(PS) =    2500.000  TEMP(K) =   299.03  PRESS =  -131.4
 Etot   =    -50313.8033  EKtot   =      9497.1660  EPtot      =    -59810.9693
 BOND   =       395.5260  ANGLE   =       998.9022  DIHED      =       704.3793
 1-4 NB =       459.5526  1-4 EEL =      5782.6858  VDWAALS    =      6677.9700
 EELEC  =    -74894.6835  EHBOND  =         0.0000  RESTRAINT  =        64.6983
 EAMBER (non-restraint)  =    -59875.6676
 EKCMT  =      3987.4845  VIRIAL  =      4417.8227  VOLUME     =    151628.5078
                                                    Density    =         1.0416
 ------------------------------------------------------------------------------


      A V E R A G E S   O V E R     100 S T E P S


 NSTEP =    50000   TIME(PS) =    2500.000  TEMP(K) =   299.97  PRESS =   -14.8
 Etot   =    -50143.5433  EKtot   =      9527.1267  EPtot      =    -59670.6700
 BOND   =       395.9664  ANGLE   =      1026.8491  DIHED      =       708.9111
 1-4 NB =       455.8671  1-4 EEL =      5750.6659  VDWAALS    =      6598.3057
 EELEC  =    -74672.5498  EHBOND  =         0.0000  RESTRAINT  =        65.3145
 EAMBER (non-restraint)  =    -59735.9845
 EKCMT  =      3989.9534  VIRIAL  =      4038.4659  VOLUME     =    152116.0652
                                                    Density    =         1.0383
 ------------------------------------------------------------------------------


      R M S  F L U C T U A T I O N S


 NSTEP =    50000   TIME(PS) =    2500.000  TEMP(K) =     2.37  PRESS =   232.4
 Etot   =       123.3196  EKtot   =        75.1353  EPtot      =        99.9881
 BOND   =        16.1580  ANGLE   =        22.1505  DIHED      =        13.6670
 1-4 NB =         7.2062  1-4 EEL =        20.9369  VDWAALS    =       115.4931
 EELEC  =       164.8474  EHBOND  =         0.0000  RESTRAINT  =         4.7035
 EAMBER (non-restraint)  =        95.2846
 EKCMT  =        48.7329  VIRIAL  =       759.4852  VOLUME     =       247.2171
                                                    Density    =         0.0017
 ------------------------------------------------------------------------------

--------------------------------------------------------------------------------
   5.  TIMINGS
--------------------------------------------------------------------------------

|  NonSetup CPU Time in Major Routines:
|
|     Routine           Sec        %
|     ------------------------------
|     Nonbond          69.61   83.57
|     Bond              0.00    0.00
|     Angle             0.00    0.00
|     Dihedral          0.00    0.00
|     Shake             0.25    0.30
|     RunMD            13.35   16.02
|     Other             0.09    0.11
|     ------------------------------
|     Total            83.30

|  PME Nonbond Pairlist CPU Time:
|
|     Routine              Sec        %
|     ---------------------------------
|     Set Up Cit           0.00    0.00
|     Build List           0.00    0.00
|     ---------------------------------
|     Total                0.00    0.00

|  PME Direct Force CPU Time:
|
|     Routine              Sec        %
|     ---------------------------------
|     NonBonded Calc       0.00    0.00
|     Exclude Masked       0.00    0.00
|     Other                0.06    0.07
|     ---------------------------------
|     Total                0.06    0.07

|  PME Reciprocal Force CPU Time:
|
|     Routine              Sec        %
|     ---------------------------------
|     1D bspline           0.00    0.00
|     Grid Charges         0.00    0.00
|     Scalar Sum           0.00    0.00
|     Gradient Sum         0.00    0.00
|     FFT                  0.00    0.00
|     ---------------------------------
|     Total                0.00    0.00

|  Final Performance Info:
|     -----------------------------------------------------
|     Average timings for last   13500 steps:
|     Elapsed(s) =      22.49 Per Step(ms) =       1.67
|         ns/day =     103.73   seconds/ns =     832.90
|
|     Average timings for all steps:
|     Elapsed(s) =      83.31 Per Step(ms) =       1.67
|         ns/day =     103.71   seconds/ns =     833.09
|     -----------------------------------------------------

|  Setup CPU time:            0.59 seconds
|  NonSetup CPU time:        83.30 seconds
|  Total CPU time:           83.89 seconds     0.02 hours

|  Setup wall time:           1    seconds
|  NonSetup wall time:       83    seconds
|  Total wall time:          84    seconds     0.02 hours
