
          -------------------------------------------------------
          Amber 18 PMEMD                              2018
          -------------------------------------------------------

| PMEMD implementation of SANDER, Release 18

| Run on 09/29/2019 at 22:50:53

|   Executable path: pmemd.cuda
| Working directory: /home/pbarletta/lbp/run/1ifb/mhe/e
|          Hostname: Unknown
  [-O]verwriting output

File Assignments:
|   MDIN: 22equ.in                                                              
|  MDOUT: 22equ.out                                                             
| INPCRD: 21e1ifb.rst7                                                          
|   PARM: /home/pbarletta/lbp/top_files/1ifb.prmtop                             
| RESTRT: 22e1ifb.rst7                                                          
|   REFC: 21e1ifb.rst7                                                          
|  MDVEL: mdvel                                                                 
|   MDEN: mden                                                                  
|  MDCRD: 22e1ifb.nc                                                            
| MDINFO: mdinfo                                                                
|  MDFRC: mdfrc                                                                 


 Here is the input file:

Equilibration with solute restrictions                                         
&cntrl                                                                         
imin = 0,                           ! No Minimization                          
nmropt = 0,                         ! No NMR restraints read                   
                                                                               
! Nature and format of the input                                               
ntx = 5,                            ! Coordinates but no velocities will be rea
irest = 1,                          ! Do not run a new simulation              
                                                                               
! Nature and format of the output                                              
ntxo = 1,                           ! rstrt file in ASCII format               
ntpr = 500,                         ! inf in output every ntpr steps           
ntwr = 500,                         ! rstrt file every ntwr steps              
ntwx = 500,                         ! mdcrd file every ntwx steps              
ntwv = 0,                           ! mdvel without velocities                 
ntwe = 0,                           ! Do not write energies and temperatures   
idecomp = 0,                        ! No energy decomposition                  
iwrap = 1,                          ! Coordinates of the restart and mdcrd file
                                                                               
! Frozen or restrained atoms                                                   
ibelly = 0,                         ! No frozen atoms                          
ntr=1,                              ! Harmonic potential restraints            
restraint_wt = 1.0,                ! The weight for the positional restraints  
restraintmask = ':1-131@N,CA,C,O',  ! restrained residues                      
                                                                               
! Molecular dynamics                                                           
nstlim = 50000,                     ! Number of MD-steps                       
dt = 0.002,                         ! Time step                                
                                                                               
! Temperature regulation                                                       
ntt = 3,                            ! Langevin thermostat                      
gamma_ln = 5,                       ! Gamma constant for Langevin              
temp0 = 300.0,                      ! Reference T at which the system is to be 
tempi = 300.0,                      ! Initial T                                
ig = -1,                            ! Seed for the RNG                         
                                                                               
! P and V regulation                                                           
ntp = 1,                            ! constant P                               
barostat = 1,                       ! Berendsen barostat                       
taup = 1,                           ! Pressure relaxation time                 
ntb = 2,                            ! Periodic box for constant P              
                                                                               
! SHAKE variables                                                              
ntc = 2,                            ! Bonds involving H are constrained        
ntf = 2,                            ! Bond interaction involving H are ommited.
                                                                               
cut = 10.0,                         ! Nonbonded cutoff                         
/                                                                              
&end                                                                           


Note: ig = -1. Setting random seed to   248877 based on wallclock time in 
      microseconds.
| irandom = 1, using AMBER's internal random number generator (default).
 
|--------------------- INFORMATION ----------------------
| GPU (CUDA) Version of PMEMD in use: NVIDIA GPU IN USE.
|                    Version 18.0.0
| 
|                      03/25/2018
| 
| Implementation by:
|                    Ross C. Walker     (SDSC)
|                    Scott Le Grand     (nVIDIA)
| 
| Version 18 performance extensions by:
|                    David Cerutti     (Rutgers)
| 
| Precision model in use:
|      [SPFP] - Single Precision Forces, 64-bit Fixed Point
|               Accumulation. (Default)
| 
|--------------------------------------------------------
 
|----------------- CITATION INFORMATION -----------------
|
|    When publishing work that utilized the CUDA version
|    of AMBER, please cite the following in addition to
|    the regular AMBER citations:
|
|  - Romelia Salomon-Ferrer; Andreas W. Goetz; Duncan
|    Poole; Scott Le Grand; Ross C. Walker "Routine
|    microsecond molecular dynamics simulations with
|    AMBER - Part II: Particle Mesh Ewald", J. Chem.
|    Theory Comput., 2013, 9 (9), pp3878-3888,
|    DOI: 10.1021/ct400314y.
|
|  - Andreas W. Goetz; Mark J. Williamson; Dong Xu;
|    Duncan Poole; Scott Le Grand; Ross C. Walker
|    "Routine microsecond molecular dynamics simulations
|    with AMBER - Part I: Generalized Born", J. Chem.
|    Theory Comput., 2012, 8 (5), pp1542-1555.
|
|  - Scott Le Grand; Andreas W. Goetz; Ross C. Walker
|    "SPFP: Speed without compromise - a mixed precision
|    model for GPU accelerated molecular dynamics
|    simulations.", Comp. Phys. Comm., 2013, 184
|    pp374-380, DOI: 10.1016/j.cpc.2012.09.022
|
|--------------------------------------------------------
 
|------------------- GPU DEVICE INFO --------------------
|
|            CUDA_VISIBLE_DEVICES: 0
|   CUDA Capable Devices Detected:      1
|           CUDA Device ID in use:      0
|                CUDA Device Name: GeForce GTX 1060 6GB
|     CUDA Device Global Mem Size:   6078 MB
| CUDA Device Num Multiprocessors:     10
|           CUDA Device Core Freq:   1.76 GHz
|
|--------------------------------------------------------
 
 
| Conditional Compilation Defines Used:
| PUBFFT
| BINTRAJ
| CUDA
| EMIL

| Largest sphere to fit in unit cell has radius =    23.753

| New format PARM file being parsed.
| Version =    1.000 Date = 09/29/19 Time = 21:52:31

| Note: 1-4 EEL scale factors are being read from the topology file.

| Note: 1-4 VDW scale factors are being read from the topology file.
| Duplicated    0 dihedrals

| Duplicated    0 dihedrals

--------------------------------------------------------------------------------
   1.  RESOURCE   USE: 
--------------------------------------------------------------------------------

 getting new box info from bottom of inpcrd
 NATOM  =   19901 NTYPES =      17 NBONH =   14397 MBONA  =    5520
 NTHETH =    2406 MTHETA =    1438 NPHIH =    4850 MPHIA  =    4505
 NHPARM =       0 NPARM  =       0 NNB   =   42760 NRES   =    4578
 NBONA  =    5520 NTHETA =    1438 NPHIA =    4505 NUMBND =      69
 NUMANG =     155 NPTRA  =     178 NATYP =      35 NPHB   =       1
 IFBOX  =       2 NMXRS  =      24 IFCAP =       0 NEXTRA =    4447
 NCOPY  =       0

| Coordinate Index Table dimensions:     9    9    9
| Direct force subcell size =     6.4648    6.4648    6.4648

     BOX TYPE: TRUNCATED OCTAHEDRON

--------------------------------------------------------------------------------
   2.  CONTROL  DATA  FOR  THE  RUN
--------------------------------------------------------------------------------

default_name                                                                    

General flags:
     imin    =       0, nmropt  =       0

Nature and format of input:
     ntx     =       5, irest   =       1, ntrx    =       1

Nature and format of output:
     ntxo    =       1, ntpr    =     500, ntrx    =       1, ntwr    =     500
     iwrap   =       1, ntwx    =     500, ntwv    =       0, ntwe    =       0
     ioutfm  =       1, ntwprt  =       0, idecomp =       0, rbornstat=      0

Potential function:
     ntf     =       2, ntb     =       2, igb     =       0, nsnb    =      25
     ipol    =       0, gbsa    =       0, iesp    =       0
     dielc   =   1.00000, cut     =  10.00000, intdiel =   1.00000

Frozen or restrained atoms:
     ibelly  =       0, ntr     =       1
     restraint_wt =   1.00000

Molecular dynamics:
     nstlim  =     50000, nscm    =         0, nrespa  =         1
     t       =   0.00000, dt      =   0.00200, vlimit  =  -1.00000

Langevin dynamics temperature regulation:
     ig      =  248877
     temp0   = 300.00000, tempi   = 300.00000, gamma_ln=   5.00000

Pressure regulation:
     ntp     =       1
     pres0   =   1.00000, comp    =  44.60000, taup    =   1.00000

SHAKE:
     ntc     =       2, jfastw  =       0
     tol     =   0.00001

| Intermolecular bonds treatment:
|     no_intermolecular_bonds =       1

| Energy averages sample interval:
|     ene_avg_sampling =     500

Extra-points options:
     frameon =       1, chngmask=       1

Ewald parameters:
     verbose =       0, ew_type =       0, nbflag  =       1, use_pme =       1
     vdwmeth =       1, eedmeth =       1, netfrc  =       1
     Box X =   58.183   Box Y =   58.183   Box Z =   58.183
     Alpha =  109.471   Beta  =  109.471   Gamma =  109.471
     NFFT1 =   64       NFFT2 =   64       NFFT3 =   64
     Cutoff=   10.000   Tol   =0.100E-04
     Ewald Coefficient =  0.27511
     Interpolation order =    4

    LOADING THE CONSTRAINED ATOMS AS GROUPS


   5.  REFERENCE ATOM COORDINATES

  default_name                                                                    
     Mask :1-131@N,CA,C,O; matches   524 atoms
|      EXTRA_PTS, trim_bonds: num bonds BEFORE trim = 14397     0
|      EXTRA_PTS, trim_bonds: num bonds AFTER  trim = 14397     0
|      EXTRA_PTS, trim_bonds: num bonds BEFORE trim =  5520     0
|      EXTRA_PTS, trim_bonds: num bonds AFTER  trim =  1073     0
|      EXTRA_PTS, trim_theta: num angle BEFORE trim =  2406     0
|      EXTRA_PTS, trim_theta: num angle AFTER  trim =  2406     0
|      EXTRA_PTS, trim_theta: num angle BEFORE trim =  1438     0
|      EXTRA_PTS, trim_theta: num angle AFTER  trim =  1438     0
|      EXTRA_PTS, trim_phi:  num diheds BEFORE trim =  4850     0
|      EXTRA_PTS, trim_phi:  num diheds AFTER  trim =  4850     0
|      EXTRA_PTS, trim_phi:  num diheds BEFORE trim =  4505     0
|      EXTRA_PTS, trim_phi:  num diheds AFTER  trim =  4505     0

--------------------------------------------------------------------------------
   3.  ATOMIC COORDINATES AND VELOCITIES
--------------------------------------------------------------------------------

default_name                                                                    
 begin time read from input coords =  2500.000 ps

 
 Number of triangulated 3-point waters found:     4447

     Sum of charges from parm topology file =   0.00002436
     Forcing neutrality...

| Dynamic Memory, Types Used:
| Reals              996413
| Integers          1467781

| Nonbonded Pairs Initial Allocation:     6019554

| GPU memory information (estimate):
| KB of GPU memory in use:         0
| KB of CPU memory in use:         0

--------------------------------------------------------------------------------
   4.  RESULTS
--------------------------------------------------------------------------------

wrapping first mol.:       19.39223       27.42475       47.50105
wrapping first mol.:       19.39223       27.42475       47.50105

 NSTEP =      500   TIME(PS) =    2501.000  TEMP(K) =   300.84  PRESS =  -161.4
 Etot   =    -50246.7317  EKtot   =      9554.9023  EPtot      =    -59801.6341
 BOND   =       404.0441  ANGLE   =      1038.8281  DIHED      =       703.9814
 1-4 NB =       450.2499  1-4 EEL =      5750.0651  VDWAALS    =      6565.6773
 EELEC  =    -74760.1238  EHBOND  =         0.0000  RESTRAINT  =        45.6439
 EAMBER (non-restraint)  =    -59847.2780
 EKCMT  =      4004.4650  VIRIAL  =      4532.5849  VOLUME     =    151576.1782
                                                    Density    =         1.0420
 ------------------------------------------------------------------------------

wrapping first mol.:       19.39929       27.43474       47.51836
wrapping first mol.:       19.39929       27.43474       47.51836

 NSTEP =     1000   TIME(PS) =    2502.000  TEMP(K) =   299.14  PRESS =   526.7
 Etot   =    -50339.0760  EKtot   =      9500.6211  EPtot      =    -59839.6971
 BOND   =       389.0509  ANGLE   =       976.4241  DIHED      =       709.5050
 1-4 NB =       450.6144  1-4 EEL =      5739.4909  VDWAALS    =      6621.2363
 EELEC  =    -74780.2479  EHBOND  =         0.0000  RESTRAINT  =        54.2293
 EAMBER (non-restraint)  =    -59893.9264
 EKCMT  =      3997.8674  VIRIAL  =      2272.2527  VOLUME     =    151732.6292
                                                    Density    =         1.0409
 ------------------------------------------------------------------------------

wrapping first mol.:       19.41131       27.45174       47.54780
wrapping first mol.:       19.41131       27.45174       47.54780

 NSTEP =     1500   TIME(PS) =    2503.000  TEMP(K) =   298.32  PRESS =    63.1
 Etot   =    -50249.6852  EKtot   =      9474.6387  EPtot      =    -59724.3239
 BOND   =       377.1731  ANGLE   =      1004.7471  DIHED      =       724.7466
 1-4 NB =       453.3874  1-4 EEL =      5768.5377  VDWAALS    =      6490.6542
 EELEC  =    -74592.2322  EHBOND  =         0.0000  RESTRAINT  =        48.6622
 EAMBER (non-restraint)  =    -59772.9861
 EKCMT  =      3907.5997  VIRIAL  =      3700.5190  VOLUME     =    152021.1264
                                                    Density    =         1.0389
 ------------------------------------------------------------------------------

wrapping first mol.:       19.42278       27.46795       47.57588
wrapping first mol.:       19.42278       27.46795       47.57588

 NSTEP =     2000   TIME(PS) =    2504.000  TEMP(K) =   304.45  PRESS =    85.5
 Etot   =    -49981.2337  EKtot   =      9669.3809  EPtot      =    -59650.6146
 BOND   =       383.2199  ANGLE   =      1011.0437  DIHED      =       721.7186
 1-4 NB =       454.8943  1-4 EEL =      5779.1812  VDWAALS    =      6719.3514
 EELEC  =    -74766.4688  EHBOND  =         0.0000  RESTRAINT  =        46.4452
 EAMBER (non-restraint)  =    -59697.0598
 EKCMT  =      4081.5674  VIRIAL  =      3800.3962  VOLUME     =    152290.3190
                                                    Density    =         1.0371
 ------------------------------------------------------------------------------

wrapping first mol.:       19.42463       27.47058       47.58043
wrapping first mol.:       19.42463       27.47058       47.58043

 NSTEP =     2500   TIME(PS) =    2505.000  TEMP(K) =   298.14  PRESS =   136.7
 Etot   =    -50210.7451  EKtot   =      9469.1309  EPtot      =    -59679.8759
 BOND   =       384.7680  ANGLE   =      1012.2542  DIHED      =       702.8401
 1-4 NB =       459.8912  1-4 EEL =      5747.4202  VDWAALS    =      6738.6481
 EELEC  =    -74776.8371  EHBOND  =         0.0000  RESTRAINT  =        51.1394
 EAMBER (non-restraint)  =    -59731.0154
 EKCMT  =      3953.3810  VIRIAL  =      3503.7608  VOLUME     =    152333.3102
                                                    Density    =         1.0368
 ------------------------------------------------------------------------------

wrapping first mol.:       19.42388       27.46952       47.57860
wrapping first mol.:       19.42388       27.46952       47.57860

 NSTEP =     3000   TIME(PS) =    2506.000  TEMP(K) =   299.60  PRESS =   -16.2
 Etot   =    -50044.4667  EKtot   =      9515.2656  EPtot      =    -59559.7323
 BOND   =       379.1543  ANGLE   =      1046.4040  DIHED      =       708.4202
 1-4 NB =       459.9323  1-4 EEL =      5747.1864  VDWAALS    =      6668.5874
 EELEC  =    -74620.7865  EHBOND  =         0.0000  RESTRAINT  =        51.3695
 EAMBER (non-restraint)  =    -59611.1018
 EKCMT  =      3975.4346  VIRIAL  =      4028.6626  VOLUME     =    152317.7825
                                                    Density    =         1.0369
 ------------------------------------------------------------------------------

wrapping first mol.:       19.40572       27.44383       47.53410
wrapping first mol.:       19.40572       27.44383       47.53410

 NSTEP =     3500   TIME(PS) =    2507.000  TEMP(K) =   299.82  PRESS =   -74.9
 Etot   =    -50098.6105  EKtot   =      9522.4971  EPtot      =    -59621.1075
 BOND   =       373.6058  ANGLE   =      1047.0398  DIHED      =       722.0130
 1-4 NB =       445.3169  1-4 EEL =      5725.8868  VDWAALS    =      6481.6255
 EELEC  =    -74471.4337  EHBOND  =         0.0000  RESTRAINT  =        54.8384
 EAMBER (non-restraint)  =    -59675.9459
 EKCMT  =      4039.0439  VIRIAL  =      4284.7167  VOLUME     =    151891.5699
                                                    Density    =         1.0398
 ------------------------------------------------------------------------------

wrapping first mol.:       19.40681       27.44538       47.53679
wrapping first mol.:       19.40681       27.44538       47.53679

 NSTEP =     4000   TIME(PS) =    2508.000  TEMP(K) =   300.44  PRESS =     9.9
 Etot   =    -50052.4783  EKtot   =      9542.0732  EPtot      =    -59594.5516
 BOND   =       404.4055  ANGLE   =      1015.8964  DIHED      =       703.5530
 1-4 NB =       452.3387  1-4 EEL =      5754.5648  VDWAALS    =      6624.1655
 EELEC  =    -74599.1234  EHBOND  =         0.0000  RESTRAINT  =        49.6479
 EAMBER (non-restraint)  =    -59644.1995
 EKCMT  =      3925.1313  VIRIAL  =      3892.6067  VOLUME     =    151916.1835
                                                    Density    =         1.0396
 ------------------------------------------------------------------------------

wrapping first mol.:       19.42259       27.46768       47.57542
wrapping first mol.:       19.42259       27.46768       47.57542

 NSTEP =     4500   TIME(PS) =    2509.000  TEMP(K) =   303.11  PRESS =    80.0
 Etot   =    -50074.9256  EKtot   =      9626.8213  EPtot      =    -59701.7469
 BOND   =       379.4571  ANGLE   =      1004.7087  DIHED      =       704.7900
 1-4 NB =       448.0778  1-4 EEL =      5737.9675  VDWAALS    =      6747.7284
 EELEC  =    -74776.5031  EHBOND  =         0.0000  RESTRAINT  =        52.0266
 EAMBER (non-restraint)  =    -59753.7735
 EKCMT  =      4068.8933  VIRIAL  =      3805.7666  VOLUME     =    152285.9153
                                                    Density    =         1.0371
 ------------------------------------------------------------------------------

wrapping first mol.:       19.41843       27.46180       47.56524
wrapping first mol.:       19.41843       27.46180       47.56524

 NSTEP =     5000   TIME(PS) =    2510.000  TEMP(K) =   302.84  PRESS =    13.3
 Etot   =    -49949.6647  EKtot   =      9618.2627  EPtot      =    -59567.9273
 BOND   =       399.6730  ANGLE   =       998.4862  DIHED      =       714.1418
 1-4 NB =       463.6219  1-4 EEL =      5747.6348  VDWAALS    =      6548.6539
 EELEC  =    -74492.9319  EHBOND  =         0.0000  RESTRAINT  =        52.7929
 EAMBER (non-restraint)  =    -59620.7202
 EKCMT  =      3990.7282  VIRIAL  =      3946.9408  VOLUME     =    152189.0646
                                                    Density    =         1.0378
 ------------------------------------------------------------------------------

wrapping first mol.:       19.40699       27.44563       47.53721
wrapping first mol.:       19.40699       27.44563       47.53721

 NSTEP =     5500   TIME(PS) =    2511.000  TEMP(K) =   299.10  PRESS =   153.0
 Etot   =    -50143.2046  EKtot   =      9499.4980  EPtot      =    -59642.7026
 BOND   =       396.2815  ANGLE   =      1055.0081  DIHED      =       694.0683
 1-4 NB =       450.3486  1-4 EEL =      5711.3275  VDWAALS    =      6510.9896
 EELEC  =    -74514.7564  EHBOND  =         0.0000  RESTRAINT  =        54.0302
 EAMBER (non-restraint)  =    -59696.7328
 EKCMT  =      4068.5393  VIRIAL  =      3566.8297  VOLUME     =    151918.3538
                                                    Density    =         1.0396
 ------------------------------------------------------------------------------

wrapping first mol.:       19.40719       27.44591       47.53771
wrapping first mol.:       19.40719       27.44591       47.53771

 NSTEP =     6000   TIME(PS) =    2512.000  TEMP(K) =   301.84  PRESS =  -332.2
 Etot   =    -50020.8199  EKtot   =      9586.5332  EPtot      =    -59607.3531
 BOND   =       399.2432  ANGLE   =      1054.4162  DIHED      =       708.2485
 1-4 NB =       457.4143  1-4 EEL =      5739.6165  VDWAALS    =      6480.8070
 EELEC  =    -74500.7606  EHBOND  =         0.0000  RESTRAINT  =        53.6617
 EAMBER (non-restraint)  =    -59661.0148
 EKCMT  =      4000.4625  VIRIAL  =      5090.1913  VOLUME     =    151929.6904
                                                    Density    =         1.0395
 ------------------------------------------------------------------------------

wrapping first mol.:       19.41703       27.45983       47.56181
wrapping first mol.:       19.41703       27.45983       47.56181

 NSTEP =     6500   TIME(PS) =    2513.000  TEMP(K) =   301.23  PRESS =   422.2
 Etot   =    -50118.1398  EKtot   =      9567.2090  EPtot      =    -59685.3488
 BOND   =       428.3416  ANGLE   =      1016.2541  DIHED      =       728.3199
 1-4 NB =       462.6471  1-4 EEL =      5695.8262  VDWAALS    =      6711.2610
 EELEC  =    -74779.2768  EHBOND  =         0.0000  RESTRAINT  =        51.2781
 EAMBER (non-restraint)  =    -59736.6269
 EKCMT  =      4047.8792  VIRIAL  =      2660.8817  VOLUME     =    152150.6405
                                                    Density    =         1.0380
 ------------------------------------------------------------------------------

wrapping first mol.:       19.41753       27.46054       47.56304
wrapping first mol.:       19.41753       27.46054       47.56304

 NSTEP =     7000   TIME(PS) =    2514.000  TEMP(K) =   299.44  PRESS =  -138.0
 Etot   =    -50024.8531  EKtot   =      9510.3389  EPtot      =    -59535.1919
 BOND   =       410.6921  ANGLE   =      1031.1278  DIHED      =       711.4073
 1-4 NB =       439.8913  1-4 EEL =      5747.9751  VDWAALS    =      6523.1988
 EELEC  =    -74449.6285  EHBOND  =         0.0000  RESTRAINT  =        50.1442
 EAMBER (non-restraint)  =    -59585.3362
 EKCMT  =      3958.4045  VIRIAL  =      4411.6566  VOLUME     =    152170.0800
                                                    Density    =         1.0379
 ------------------------------------------------------------------------------

wrapping first mol.:       19.40900       27.44847       47.54214
wrapping first mol.:       19.40900       27.44847       47.54214

 NSTEP =     7500   TIME(PS) =    2515.000  TEMP(K) =   303.32  PRESS =  -165.4
 Etot   =    -50049.1311  EKtot   =      9633.4873  EPtot      =    -59682.6184
 BOND   =       412.4452  ANGLE   =      1024.7070  DIHED      =       697.3855
 1-4 NB =       435.4106  1-4 EEL =      5730.5018  VDWAALS    =      6499.2427
 EELEC  =    -74531.2009  EHBOND  =         0.0000  RESTRAINT  =        48.8897
 EAMBER (non-restraint)  =    -59731.5081
 EKCMT  =      4034.8952  VIRIAL  =      4577.5347  VOLUME     =    151969.9436
                                                    Density    =         1.0393
 ------------------------------------------------------------------------------

wrapping first mol.:       19.41497       27.45692       47.55677
wrapping first mol.:       19.41497       27.45692       47.55677

 NSTEP =     8000   TIME(PS) =    2516.000  TEMP(K) =   297.12  PRESS =  -137.4
 Etot   =    -50098.6347  EKtot   =      9436.6914  EPtot      =    -59535.3261
 BOND   =       401.7610  ANGLE   =      1040.8172  DIHED      =       705.8054
 1-4 NB =       452.9234  1-4 EEL =      5738.8932  VDWAALS    =      6491.1790
 EELEC  =    -74421.1982  EHBOND  =         0.0000  RESTRAINT  =        54.4930
 EAMBER (non-restraint)  =    -59589.8191
 EKCMT  =      3970.2461  VIRIAL  =      4421.5088  VOLUME     =    152109.8888
                                                    Density    =         1.0383
 ------------------------------------------------------------------------------

wrapping first mol.:       19.39376       27.42691       47.50480
wrapping first mol.:       19.39376       27.42691       47.50480

 NSTEP =     8500   TIME(PS) =    2517.000  TEMP(K) =   297.29  PRESS =  -370.7
 Etot   =    -50333.1160  EKtot   =      9442.1328  EPtot      =    -59775.2488
 BOND   =       405.0127  ANGLE   =       980.8312  DIHED      =       698.8204
 1-4 NB =       450.2864  1-4 EEL =      5768.4504  VDWAALS    =      6532.5132
 EELEC  =    -74664.6403  EHBOND  =         0.0000  RESTRAINT  =        53.4773
 EAMBER (non-restraint)  =    -59828.7261
 EKCMT  =      3926.1988  VIRIAL  =      5139.5828  VOLUME     =    151614.8902
                                                    Density    =         1.0417
 ------------------------------------------------------------------------------

wrapping first mol.:       19.39221       27.42473       47.50102
wrapping first mol.:       19.39221       27.42473       47.50102

 NSTEP =     9000   TIME(PS) =    2518.000  TEMP(K) =   299.00  PRESS =    46.3
 Etot   =    -50039.2646  EKtot   =      9496.2686  EPtot      =    -59535.5332
 BOND   =       390.9211  ANGLE   =      1023.7088  DIHED      =       734.7938
 1-4 NB =       448.9442  1-4 EEL =      5744.9786  VDWAALS    =      6570.3903
 EELEC  =    -74500.4945  EHBOND  =         0.0000  RESTRAINT  =        51.2247
 EAMBER (non-restraint)  =    -59586.7578
 EKCMT  =      3954.9272  VIRIAL  =      3803.2732  VOLUME     =    151573.0272
                                                    Density    =         1.0420
 ------------------------------------------------------------------------------

wrapping first mol.:       19.38383       27.41288       47.48049
wrapping first mol.:       19.38383       27.41288       47.48049

 NSTEP =     9500   TIME(PS) =    2519.000  TEMP(K) =   299.25  PRESS =   -76.7
 Etot   =    -50279.1052  EKtot   =      9504.1562  EPtot      =    -59783.2614
 BOND   =       399.3979  ANGLE   =      1027.7714  DIHED      =       699.0805
 1-4 NB =       456.8156  1-4 EEL =      5712.0697  VDWAALS    =      6589.2467
 EELEC  =    -74721.6391  EHBOND  =         0.0000  RESTRAINT  =        53.9958
 EAMBER (non-restraint)  =    -59837.2573
 EKCMT  =      4033.5649  VIRIAL  =      4284.1673  VOLUME     =    151378.2941
                                                    Density    =         1.0433
 ------------------------------------------------------------------------------

wrapping first mol.:       19.38997       27.42156       47.49554
wrapping first mol.:       19.38997       27.42156       47.49554

 NSTEP =    10000   TIME(PS) =    2520.000  TEMP(K) =   297.86  PRESS =   139.7
 Etot   =    -50297.0846  EKtot   =      9460.1719  EPtot      =    -59757.2565
 BOND   =       385.5463  ANGLE   =      1021.4107  DIHED      =       707.0965
 1-4 NB =       468.3473  1-4 EEL =      5770.5342  VDWAALS    =      6603.7535
 EELEC  =    -74767.1679  EHBOND  =         0.0000  RESTRAINT  =        53.2229
 EAMBER (non-restraint)  =    -59810.4794
 EKCMT  =      3944.8288  VIRIAL  =      3487.6498  VOLUME     =    151519.3018
                                                    Density    =         1.0424
 ------------------------------------------------------------------------------

wrapping first mol.:       19.40712       27.44581       47.53754
wrapping first mol.:       19.40712       27.44581       47.53754

 NSTEP =    10500   TIME(PS) =    2521.000  TEMP(K) =   303.94  PRESS =   579.7
 Etot   =    -50001.8795  EKtot   =      9653.3555  EPtot      =    -59655.2350
 BOND   =       388.8186  ANGLE   =      1046.9516  DIHED      =       736.4757
 1-4 NB =       453.6296  1-4 EEL =      5697.5326  VDWAALS    =      6780.2598
 EELEC  =    -74809.2703  EHBOND  =         0.0000  RESTRAINT  =        50.3674
 EAMBER (non-restraint)  =    -59705.6024
 EKCMT  =      4022.4359  VIRIAL  =      2120.9553  VOLUME     =    151915.6580
                                                    Density    =         1.0396
 ------------------------------------------------------------------------------

wrapping first mol.:       19.42755       27.47470       47.58758
wrapping first mol.:       19.42755       27.47470       47.58758

 NSTEP =    11000   TIME(PS) =    2522.000  TEMP(K) =   298.74  PRESS =   158.2
 Etot   =    -50116.8425  EKtot   =      9488.0283  EPtot      =    -59604.8708
 BOND   =       382.8105  ANGLE   =      1061.0582  DIHED      =       694.0610
 1-4 NB =       451.5589  1-4 EEL =      5723.5948  VDWAALS    =      6558.6201
 EELEC  =    -74526.5573  EHBOND  =         0.0000  RESTRAINT  =        49.9829
 EAMBER (non-restraint)  =    -59654.8538
 EKCMT  =      3981.7105  VIRIAL  =      3461.0805  VOLUME     =    152401.6582
                                                    Density    =         1.0363
 ------------------------------------------------------------------------------

wrapping first mol.:       19.43594       27.48657       47.60814
wrapping first mol.:       19.43594       27.48657       47.60814

 NSTEP =    11500   TIME(PS) =    2523.000  TEMP(K) =   300.98  PRESS =   132.0
 Etot   =    -50231.1234  EKtot   =      9559.1025  EPtot      =    -59790.2259
 BOND   =       390.5294  ANGLE   =       980.1187  DIHED      =       720.8063
 1-4 NB =       457.9898  1-4 EEL =      5746.0638  VDWAALS    =      6767.9061
 EELEC  =    -74900.3196  EHBOND  =         0.0000  RESTRAINT  =        46.6796
 EAMBER (non-restraint)  =    -59836.9056
 EKCMT  =      4028.6455  VIRIAL  =      3593.7431  VOLUME     =    152599.6034
                                                    Density    =         1.0350
 ------------------------------------------------------------------------------

wrapping first mol.:       19.44247       27.49581       47.62413
wrapping first mol.:       19.44247       27.49581       47.62413

 NSTEP =    12000   TIME(PS) =    2524.000  TEMP(K) =   299.01  PRESS =   147.0
 Etot   =    -50145.7322  EKtot   =      9496.7500  EPtot      =    -59642.4822
 BOND   =       397.9309  ANGLE   =      1006.0384  DIHED      =       716.2601
 1-4 NB =       454.8614  1-4 EEL =      5754.6027  VDWAALS    =      6647.3517
 EELEC  =    -74673.7688  EHBOND  =         0.0000  RESTRAINT  =        54.2416
 EAMBER (non-restraint)  =    -59696.7237
 EKCMT  =      3983.7620  VIRIAL  =      3499.0398  VOLUME     =    152753.2639
                                                    Density    =         1.0339
 ------------------------------------------------------------------------------

wrapping first mol.:       19.44053       27.49306       47.61938
wrapping first mol.:       19.44053       27.49306       47.61938

 NSTEP =    12500   TIME(PS) =    2525.000  TEMP(K) =   298.50  PRESS =   169.7
 Etot   =    -50244.7101  EKtot   =      9480.4902  EPtot      =    -59725.2003
 BOND   =       387.3705  ANGLE   =       968.6406  DIHED      =       709.3698
 1-4 NB =       467.8916  1-4 EEL =      5768.7132  VDWAALS    =      6582.6140
 EELEC  =    -74664.8684  EHBOND  =         0.0000  RESTRAINT  =        55.0683
 EAMBER (non-restraint)  =    -59780.2686
 EKCMT  =      4065.4889  VIRIAL  =      3505.9038  VOLUME     =    152707.2058
                                                    Density    =         1.0342
 ------------------------------------------------------------------------------

wrapping first mol.:       19.44202       27.49516       47.62302
wrapping first mol.:       19.44202       27.49516       47.62302

 NSTEP =    13000   TIME(PS) =    2526.000  TEMP(K) =   296.88  PRESS =  -196.3
 Etot   =    -50137.2875  EKtot   =      9428.9131  EPtot      =    -59566.2006
 BOND   =       400.1225  ANGLE   =      1037.7679  DIHED      =       721.2990
 1-4 NB =       456.1182  1-4 EEL =      5784.3878  VDWAALS    =      6575.9946
 EELEC  =    -74592.5836  EHBOND  =         0.0000  RESTRAINT  =        50.6930
 EAMBER (non-restraint)  =    -59616.8936
 EKCMT  =      3958.5808  VIRIAL  =      4605.8509  VOLUME     =    152747.2065
                                                    Density    =         1.0340
 ------------------------------------------------------------------------------

wrapping first mol.:       19.43671       27.48766       47.61001
wrapping first mol.:       19.43671       27.48766       47.61001

 NSTEP =    13500   TIME(PS) =    2527.000  TEMP(K) =   302.40  PRESS =    92.7
 Etot   =    -50079.1742  EKtot   =      9604.3477  EPtot      =    -59683.5218
 BOND   =       392.1567  ANGLE   =      1050.5817  DIHED      =       710.6480
 1-4 NB =       455.7242  1-4 EEL =      5726.1685  VDWAALS    =      6575.6163
 EELEC  =    -74651.5904  EHBOND  =         0.0000  RESTRAINT  =        57.1731
 EAMBER (non-restraint)  =    -59740.6949
 EKCMT  =      4044.8081  VIRIAL  =      3739.3048  VOLUME     =    152618.1910
                                                    Density    =         1.0349
 ------------------------------------------------------------------------------

wrapping first mol.:       19.41866       27.46213       47.56579
wrapping first mol.:       19.41866       27.46213       47.56579

 NSTEP =    14000   TIME(PS) =    2528.000  TEMP(K) =   298.63  PRESS =   222.0
 Etot   =    -49995.6238  EKtot   =      9484.4746  EPtot      =    -59480.0985
 BOND   =       392.1726  ANGLE   =      1008.5704  DIHED      =       702.7035
 1-4 NB =       455.7793  1-4 EEL =      5768.8677  VDWAALS    =      6607.0967
 EELEC  =    -74470.5673  EHBOND  =         0.0000  RESTRAINT  =        55.2787
 EAMBER (non-restraint)  =    -59535.3771
 EKCMT  =      3981.4027  VIRIAL  =      3252.0701  VOLUME     =    152191.5866
                                                    Density    =         1.0378
 ------------------------------------------------------------------------------

wrapping first mol.:       19.42310       27.46841       47.57668
wrapping first mol.:       19.42310       27.46841       47.57668

 NSTEP =    14500   TIME(PS) =    2529.000  TEMP(K) =   296.39  PRESS =    83.5
 Etot   =    -50029.1671  EKtot   =      9413.4043  EPtot      =    -59442.5714
 BOND   =       374.6335  ANGLE   =      1048.7551  DIHED      =       728.3742
 1-4 NB =       444.0974  1-4 EEL =      5760.6360  VDWAALS    =      6601.9499
 EELEC  =    -74450.8767  EHBOND  =         0.0000  RESTRAINT  =        49.8592
 EAMBER (non-restraint)  =    -59492.4306
 EKCMT  =      4017.7286  VIRIAL  =      3743.1391  VOLUME     =    152297.9907
                                                    Density    =         1.0370
 ------------------------------------------------------------------------------

wrapping first mol.:       19.42891       27.47663       47.59091
wrapping first mol.:       19.42891       27.47663       47.59091

 NSTEP =    15000   TIME(PS) =    2530.000  TEMP(K) =   301.93  PRESS =    52.6
 Etot   =    -50047.5231  EKtot   =      9589.4482  EPtot      =    -59636.9713
 BOND   =       379.2681  ANGLE   =      1037.4981  DIHED      =       696.7122
 1-4 NB =       457.5048  1-4 EEL =      5755.2908  VDWAALS    =      6528.9939
 EELEC  =    -74543.7412  EHBOND  =         0.0000  RESTRAINT  =        51.5019
 EAMBER (non-restraint)  =    -59688.4732
 EKCMT  =      4009.4299  VIRIAL  =      3836.4652  VOLUME     =    152435.1085
                                                    Density    =         1.0361
 ------------------------------------------------------------------------------

wrapping first mol.:       19.42070       27.46502       47.57080
wrapping first mol.:       19.42070       27.46502       47.57080

 NSTEP =    15500   TIME(PS) =    2531.000  TEMP(K) =   301.28  PRESS =   -58.5
 Etot   =    -50009.4575  EKtot   =      9568.8701  EPtot      =    -59578.3276
 BOND   =       430.9390  ANGLE   =       998.7721  DIHED      =       703.7156
 1-4 NB =       445.7106  1-4 EEL =      5757.4280  VDWAALS    =      6528.0928
 EELEC  =    -74499.6268  EHBOND  =         0.0000  RESTRAINT  =        56.6412
 EAMBER (non-restraint)  =    -59634.9688
 EKCMT  =      3981.3880  VIRIAL  =      4173.8009  VOLUME     =    152243.4822
                                                    Density    =         1.0374
 ------------------------------------------------------------------------------

wrapping first mol.:       19.43267       27.48195       47.60013
wrapping first mol.:       19.43267       27.48195       47.60013

 NSTEP =    16000   TIME(PS) =    2532.000  TEMP(K) =   299.08  PRESS =    56.1
 Etot   =    -50023.0064  EKtot   =      9498.8174  EPtot      =    -59521.8237
 BOND   =       380.6195  ANGLE   =      1019.0628  DIHED      =       703.7806
 1-4 NB =       465.5115  1-4 EEL =      5770.4393  VDWAALS    =      6731.2359
 EELEC  =    -74643.8897  EHBOND  =         0.0000  RESTRAINT  =        51.4164
 EAMBER (non-restraint)  =    -59573.2401
 EKCMT  =      3923.2703  VIRIAL  =      3738.6313  VOLUME     =    152523.6392
                                                    Density    =         1.0355
 ------------------------------------------------------------------------------

wrapping first mol.:       19.42818       27.47560       47.58913
wrapping first mol.:       19.42818       27.47560       47.58913

 NSTEP =    16500   TIME(PS) =    2533.000  TEMP(K) =   298.30  PRESS =  -232.3
 Etot   =    -50235.3150  EKtot   =      9474.0898  EPtot      =    -59709.4048
 BOND   =       394.0527  ANGLE   =       978.5316  DIHED      =       691.5201
 1-4 NB =       455.3589  1-4 EEL =      5749.9819  VDWAALS    =      6692.1242
 EELEC  =    -74725.3510  EHBOND  =         0.0000  RESTRAINT  =        54.3766
 EAMBER (non-restraint)  =    -59763.7814
 EKCMT  =      3978.7442  VIRIAL  =      4743.2550  VOLUME     =    152421.8910
                                                    Density    =         1.0362
 ------------------------------------------------------------------------------

wrapping first mol.:       19.41975       27.46368       47.56848
wrapping first mol.:       19.41975       27.46368       47.56848

 NSTEP =    17000   TIME(PS) =    2534.000  TEMP(K) =   300.99  PRESS =  -115.6
 Etot   =    -49980.5671  EKtot   =      9559.5645  EPtot      =    -59540.1315
 BOND   =       391.8238  ANGLE   =      1036.2719  DIHED      =       711.3977
 1-4 NB =       454.8091  1-4 EEL =      5753.4403  VDWAALS    =      6622.9944
 EELEC  =    -74561.8882  EHBOND  =         0.0000  RESTRAINT  =        51.0195
 EAMBER (non-restraint)  =    -59591.1510
 EKCMT  =      4003.7764  VIRIAL  =      4383.7459  VOLUME     =    152221.9238
                                                    Density    =         1.0375
 ------------------------------------------------------------------------------

wrapping first mol.:       19.42342       27.46886       47.57746
wrapping first mol.:       19.42342       27.46886       47.57746

 NSTEP =    17500   TIME(PS) =    2535.000  TEMP(K) =   304.68  PRESS =  -376.5
 Etot   =    -49976.6033  EKtot   =      9676.7041  EPtot      =    -59653.3074
 BOND   =       400.5652  ANGLE   =       973.6928  DIHED      =       709.1813
 1-4 NB =       456.1212  1-4 EEL =      5760.1036  VDWAALS    =      6472.4870
 EELEC  =    -74480.8535  EHBOND  =         0.0000  RESTRAINT  =        55.3949
 EAMBER (non-restraint)  =    -59708.7023
 EKCMT  =      4052.4936  VIRIAL  =      5290.5278  VOLUME     =    152311.7596
                                                    Density    =         1.0369
 ------------------------------------------------------------------------------

wrapping first mol.:       19.40747       27.44631       47.53840
wrapping first mol.:       19.40747       27.44631       47.53840

 NSTEP =    18000   TIME(PS) =    2536.000  TEMP(K) =   300.97  PRESS =   -94.3
 Etot   =    -49918.1958  EKtot   =      9558.9209  EPtot      =    -59477.1167
 BOND   =       396.8579  ANGLE   =      1046.7407  DIHED      =       723.4186
 1-4 NB =       457.1114  1-4 EEL =      5730.5387  VDWAALS    =      6508.1318
 EELEC  =    -74391.8986  EHBOND  =         0.0000  RESTRAINT  =        51.9828
 EAMBER (non-restraint)  =    -59529.0995
 EKCMT  =      3977.5989  VIRIAL  =      4286.8199  VOLUME     =    151933.0467
                                                    Density    =         1.0395
 ------------------------------------------------------------------------------

wrapping first mol.:       19.42263       27.46775       47.57554
wrapping first mol.:       19.42263       27.46775       47.57554

 NSTEP =    18500   TIME(PS) =    2537.000  TEMP(K) =   299.14  PRESS =   175.0
 Etot   =    -49981.0700  EKtot   =      9500.8535  EPtot      =    -59481.9235
 BOND   =       409.5153  ANGLE   =      1003.0782  DIHED      =       712.5963
 1-4 NB =       459.1054  1-4 EEL =      5718.1336  VDWAALS    =      6574.3960
 EELEC  =    -74411.8457  EHBOND  =         0.0000  RESTRAINT  =        53.0975
 EAMBER (non-restraint)  =    -59535.0210
 EKCMT  =      3918.1229  VIRIAL  =      3342.8373  VOLUME     =    152285.7907
                                                    Density    =         1.0371
 ------------------------------------------------------------------------------

wrapping first mol.:       19.43243       27.48161       47.59954
wrapping first mol.:       19.43243       27.48161       47.59954

 NSTEP =    19000   TIME(PS) =    2538.000  TEMP(K) =   300.09  PRESS =   -74.2
 Etot   =    -50005.3323  EKtot   =      9531.0254  EPtot      =    -59536.3577
 BOND   =       370.9663  ANGLE   =      1036.5061  DIHED      =       710.3340
 1-4 NB =       453.7821  1-4 EEL =      5735.6793  VDWAALS    =      6583.3537
 EELEC  =    -74474.7337  EHBOND  =         0.0000  RESTRAINT  =        47.7545
 EAMBER (non-restraint)  =    -59584.1122
 EKCMT  =      4019.8863  VIRIAL  =      4264.1567  VOLUME     =    152519.7550
                                                    Density    =         1.0355
 ------------------------------------------------------------------------------

wrapping first mol.:       19.41240       27.45328       47.55047
wrapping first mol.:       19.41240       27.45328       47.55047

 NSTEP =    19500   TIME(PS) =    2539.000  TEMP(K) =   300.24  PRESS =   -18.9
 Etot   =    -50028.2717  EKtot   =      9535.5566  EPtot      =    -59563.8284
 BOND   =       428.2913  ANGLE   =      1081.4539  DIHED      =       709.3298
 1-4 NB =       468.8577  1-4 EEL =      5719.0486  VDWAALS    =      6649.1780
 EELEC  =    -74671.8544  EHBOND  =         0.0000  RESTRAINT  =        51.8667
 EAMBER (non-restraint)  =    -59615.6950
 EKCMT  =      3969.2094  VIRIAL  =      4031.3909  VOLUME     =    152047.7922
                                                    Density    =         1.0387
 ------------------------------------------------------------------------------

wrapping first mol.:       19.43211       27.48115       47.59875
wrapping first mol.:       19.43211       27.48115       47.59875

 NSTEP =    20000   TIME(PS) =    2540.000  TEMP(K) =   300.20  PRESS =   430.1
 Etot   =    -50033.4168  EKtot   =      9534.3652  EPtot      =    -59567.7820
 BOND   =       434.3470  ANGLE   =      1026.8437  DIHED      =       720.1481
 1-4 NB =       463.1015  1-4 EEL =      5697.5821  VDWAALS    =      6859.7818
 EELEC  =    -74815.3352  EHBOND  =         0.0000  RESTRAINT  =        45.7489
 EAMBER (non-restraint)  =    -59613.5309
 EKCMT  =      4007.7667  VIRIAL  =      2591.3949  VOLUME     =    152505.2986
                                                    Density    =         1.0356
 ------------------------------------------------------------------------------

wrapping first mol.:       19.43295       27.48234       47.60081
wrapping first mol.:       19.43295       27.48234       47.60081

 NSTEP =    20500   TIME(PS) =    2541.000  TEMP(K) =   301.57  PRESS =   -41.6
 Etot   =    -50149.8310  EKtot   =      9577.8721  EPtot      =    -59727.7031
 BOND   =       414.9175  ANGLE   =      1054.0061  DIHED      =       704.0385
 1-4 NB =       454.4246  1-4 EEL =      5709.0647  VDWAALS    =      6643.1480
 EELEC  =    -74769.6223  EHBOND  =         0.0000  RESTRAINT  =        62.3198
 EAMBER (non-restraint)  =    -59790.0228
 EKCMT  =      3983.2072  VIRIAL  =      4120.1328  VOLUME     =    152531.5577
                                                    Density    =         1.0354
 ------------------------------------------------------------------------------

wrapping first mol.:       19.43597       27.48662       47.60821
wrapping first mol.:       19.43597       27.48662       47.60821

 NSTEP =    21000   TIME(PS) =    2542.000  TEMP(K) =   299.45  PRESS =   208.2
 Etot   =    -50062.0233  EKtot   =      9510.7686  EPtot      =    -59572.7919
 BOND   =       395.4122  ANGLE   =      1060.2444  DIHED      =       710.6596
 1-4 NB =       463.1614  1-4 EEL =      5724.3036  VDWAALS    =      6739.6636
 EELEC  =    -74720.1561  EHBOND  =         0.0000  RESTRAINT  =        53.9194
 EAMBER (non-restraint)  =    -59626.7113
 EKCMT  =      3959.9503  VIRIAL  =      3273.8457  VOLUME     =    152599.2841
                                                    Density    =         1.0350
 ------------------------------------------------------------------------------

wrapping first mol.:       19.44432       27.49842       47.62865
wrapping first mol.:       19.44432       27.49842       47.62865

 NSTEP =    21500   TIME(PS) =    2543.000  TEMP(K) =   297.27  PRESS =   241.6
 Etot   =    -50102.5189  EKtot   =      9441.4619  EPtot      =    -59543.9808
 BOND   =       393.0286  ANGLE   =      1011.2327  DIHED      =       715.3048
 1-4 NB =       449.5710  1-4 EEL =      5752.1664  VDWAALS    =      6647.6382
 EELEC  =    -74560.4285  EHBOND  =         0.0000  RESTRAINT  =        47.5060
 EAMBER (non-restraint)  =    -59591.4867
 EKCMT  =      3920.5779  VIRIAL  =      3123.5353  VOLUME     =    152795.4972
                                                    Density    =         1.0336
 ------------------------------------------------------------------------------

wrapping first mol.:       19.44895       27.50497       47.64000
wrapping first mol.:       19.44895       27.50497       47.64000

 NSTEP =    22000   TIME(PS) =    2544.000  TEMP(K) =   300.89  PRESS =   159.9
 Etot   =    -49947.0194  EKtot   =      9556.2324  EPtot      =    -59503.2519
 BOND   =       378.7307  ANGLE   =      1059.6078  DIHED      =       714.3728
 1-4 NB =       452.3346  1-4 EEL =      5747.7998  VDWAALS    =      6607.7189
 EELEC  =    -74520.2967  EHBOND  =         0.0000  RESTRAINT  =        56.4802
 EAMBER (non-restraint)  =    -59559.7321
 EKCMT  =      3997.0741  VIRIAL  =      3469.0793  VOLUME     =    152905.8030
                                                    Density    =         1.0329
 ------------------------------------------------------------------------------

wrapping first mol.:       19.43319       27.48268       47.60139
wrapping first mol.:       19.43319       27.48268       47.60139

 NSTEP =    22500   TIME(PS) =    2545.000  TEMP(K) =   302.14  PRESS =  -336.9
 Etot   =    -50109.7793  EKtot   =      9595.9863  EPtot      =    -59705.7657
 BOND   =       400.7825  ANGLE   =      1021.7970  DIHED      =       723.1497
 1-4 NB =       454.5620  1-4 EEL =      5716.2693  VDWAALS    =      6528.6126
 EELEC  =    -74604.3175  EHBOND  =         0.0000  RESTRAINT  =        53.3787
 EAMBER (non-restraint)  =    -59759.1444
 EKCMT  =      4072.2009  VIRIAL  =      5181.6830  VOLUME     =    152541.1331
                                                    Density    =         1.0354
 ------------------------------------------------------------------------------

wrapping first mol.:       19.42985       27.47796       47.59321
wrapping first mol.:       19.42985       27.47796       47.59321

 NSTEP =    23000   TIME(PS) =    2546.000  TEMP(K) =   305.12  PRESS =    53.1
 Etot   =    -49897.2838  EKtot   =      9690.7773  EPtot      =    -59588.0611
 BOND   =       382.0773  ANGLE   =      1028.9837  DIHED      =       723.9323
 1-4 NB =       475.3200  1-4 EEL =      5768.0171  VDWAALS    =      6660.2584
 EELEC  =    -74679.9133  EHBOND  =         0.0000  RESTRAINT  =        53.2633
 EAMBER (non-restraint)  =    -59641.3245
 EKCMT  =      4051.4438  VIRIAL  =      3876.5845  VOLUME     =    152457.2367
                                                    Density    =         1.0359
 ------------------------------------------------------------------------------

wrapping first mol.:       19.43171       27.48059       47.59778
wrapping first mol.:       19.43171       27.48059       47.59778

 NSTEP =    23500   TIME(PS) =    2547.000  TEMP(K) =   297.31  PRESS =    39.1
 Etot   =    -50133.5573  EKtot   =      9442.6279  EPtot      =    -59576.1853
 BOND   =       399.7890  ANGLE   =      1024.9297  DIHED      =       717.9480
 1-4 NB =       464.5782  1-4 EEL =      5754.8690  VDWAALS    =      6683.9157
 EELEC  =    -74675.6406  EHBOND  =         0.0000  RESTRAINT  =        53.4257
 EAMBER (non-restraint)  =    -59629.6109
 EKCMT  =      3940.8279  VIRIAL  =      3812.1432  VOLUME     =    152501.3061
                                                    Density    =         1.0356
 ------------------------------------------------------------------------------

wrapping first mol.:       19.42995       27.47809       47.59345
wrapping first mol.:       19.42995       27.47809       47.59345

 NSTEP =    24000   TIME(PS) =    2548.000  TEMP(K) =   297.00  PRESS =   -76.4
 Etot   =    -50220.7519  EKtot   =      9432.8564  EPtot      =    -59653.6083
 BOND   =       387.6649  ANGLE   =       990.0507  DIHED      =       703.7509
 1-4 NB =       459.2016  1-4 EEL =      5779.6549  VDWAALS    =      6689.0756
 EELEC  =    -74719.0352  EHBOND  =         0.0000  RESTRAINT  =        56.0284
 EAMBER (non-restraint)  =    -59709.6367
 EKCMT  =      3941.0191  VIRIAL  =      4192.4688  VOLUME     =    152461.2385
                                                    Density    =         1.0359
 ------------------------------------------------------------------------------

wrapping first mol.:       19.41588       27.45819       47.55898
wrapping first mol.:       19.41588       27.45819       47.55898

 NSTEP =    24500   TIME(PS) =    2549.000  TEMP(K) =   299.36  PRESS =    12.7
 Etot   =    -50051.4397  EKtot   =      9507.7471  EPtot      =    -59559.1867
 BOND   =       392.8193  ANGLE   =       975.3791  DIHED      =       744.9951
 1-4 NB =       450.8054  1-4 EEL =      5744.8721  VDWAALS    =      6593.9493
 EELEC  =    -74513.9670  EHBOND  =         0.0000  RESTRAINT  =        51.9601
 EAMBER (non-restraint)  =    -59611.1468
 EKCMT  =      3948.9867  VIRIAL  =      3907.3430  VOLUME     =    152129.0788
                                                    Density    =         1.0382
 ------------------------------------------------------------------------------

wrapping first mol.:       19.40680       27.44535       47.53674
wrapping first mol.:       19.40680       27.44535       47.53674

 NSTEP =    25000   TIME(PS) =    2550.000  TEMP(K) =   299.63  PRESS =   124.5
 Etot   =    -50031.1310  EKtot   =      9516.2129  EPtot      =    -59547.3439
 BOND   =       424.3274  ANGLE   =      1045.5235  DIHED      =       723.8685
 1-4 NB =       454.6805  1-4 EEL =      5734.7353  VDWAALS    =      6723.7120
 EELEC  =    -74715.5530  EHBOND  =         0.0000  RESTRAINT  =        61.3618
 EAMBER (non-restraint)  =    -59608.7057
 EKCMT  =      3974.3659  VIRIAL  =      3566.0803  VOLUME     =    151914.2405
                                                    Density    =         1.0396
 ------------------------------------------------------------------------------

wrapping first mol.:       19.42416       27.46991       47.57928
wrapping first mol.:       19.42416       27.46991       47.57928

 NSTEP =    25500   TIME(PS) =    2551.000  TEMP(K) =   299.49  PRESS =   284.9
 Etot   =    -50288.5444  EKtot   =      9511.8760  EPtot      =    -59800.4204
 BOND   =       388.9105  ANGLE   =      1018.2362  DIHED      =       718.2018
 1-4 NB =       454.6842  1-4 EEL =      5771.9398  VDWAALS    =      6883.6596
 EELEC  =    -75089.0293  EHBOND  =         0.0000  RESTRAINT  =        52.9768
 EAMBER (non-restraint)  =    -59853.3972
 EKCMT  =      3949.1964  VIRIAL  =      3012.1718  VOLUME     =    152320.2157
                                                    Density    =         1.0369
 ------------------------------------------------------------------------------

wrapping first mol.:       19.44266       27.49608       47.62460
wrapping first mol.:       19.44266       27.49608       47.62460

 NSTEP =    26000   TIME(PS) =    2552.000  TEMP(K) =   302.61  PRESS =     6.2
 Etot   =    -50122.7281  EKtot   =      9610.9062  EPtot      =    -59733.6343
 BOND   =       400.7053  ANGLE   =      1005.7021  DIHED      =       697.5268
 1-4 NB =       457.2458  1-4 EEL =      5728.1752  VDWAALS    =      6639.5824
 EELEC  =    -74718.7805  EHBOND  =         0.0000  RESTRAINT  =        56.2085
 EAMBER (non-restraint)  =    -59789.8429
 EKCMT  =      4029.7606  VIRIAL  =      4009.4741  VOLUME     =    152759.7216
                                                    Density    =         1.0339
 ------------------------------------------------------------------------------

wrapping first mol.:       19.42942       27.47734       47.59215
wrapping first mol.:       19.42942       27.47734       47.59215

 NSTEP =    26500   TIME(PS) =    2553.000  TEMP(K) =   300.96  PRESS =   288.9
 Etot   =    -50057.2293  EKtot   =      9558.6025  EPtot      =    -59615.8318
 BOND   =       370.9508  ANGLE   =      1090.8602  DIHED      =       722.2685
 1-4 NB =       459.3492  1-4 EEL =      5771.6995  VDWAALS    =      6663.4518
 EELEC  =    -74744.6052  EHBOND  =         0.0000  RESTRAINT  =        50.1934
 EAMBER (non-restraint)  =    -59666.0252
 EKCMT  =      4004.2295  VIRIAL  =      3053.4658  VOLUME     =    152443.8106
                                                    Density    =         1.0360
 ------------------------------------------------------------------------------

wrapping first mol.:       19.44248       27.49582       47.62416
wrapping first mol.:       19.44248       27.49582       47.62416

 NSTEP =    27000   TIME(PS) =    2554.000  TEMP(K) =   296.24  PRESS =  -309.6
 Etot   =    -50472.3095  EKtot   =      9408.6191  EPtot      =    -59880.9287
 BOND   =       387.7036  ANGLE   =      1037.6022  DIHED      =       699.1426
 1-4 NB =       450.0061  1-4 EEL =      5732.2290  VDWAALS    =      6625.0100
 EELEC  =    -74866.3095  EHBOND  =         0.0000  RESTRAINT  =        53.6874
 EAMBER (non-restraint)  =    -59934.6161
 EKCMT  =      3919.3176  VIRIAL  =      4940.4171  VOLUME     =    152759.7687
                                                    Density    =         1.0339
 ------------------------------------------------------------------------------

wrapping first mol.:       19.43437       27.48435       47.60428
wrapping first mol.:       19.43437       27.48435       47.60428

 NSTEP =    27500   TIME(PS) =    2555.000  TEMP(K) =   296.39  PRESS =   217.0
 Etot   =    -50130.5211  EKtot   =      9413.3262  EPtot      =    -59543.8473
 BOND   =       430.0476  ANGLE   =      1017.5993  DIHED      =       722.3437
 1-4 NB =       461.5081  1-4 EEL =      5749.5919  VDWAALS    =      6836.0250
 EELEC  =    -74815.8072  EHBOND  =         0.0000  RESTRAINT  =        54.8442
 EAMBER (non-restraint)  =    -59598.6915
 EKCMT  =      3937.9110  VIRIAL  =      3223.0249  VOLUME     =    152561.3566
                                                    Density    =         1.0352
 ------------------------------------------------------------------------------

wrapping first mol.:       19.42894       27.47667       47.59098
wrapping first mol.:       19.42894       27.47667       47.59098

 NSTEP =    28000   TIME(PS) =    2556.000  TEMP(K) =   299.18  PRESS =   -70.3
 Etot   =    -50104.4648  EKtot   =      9501.9834  EPtot      =    -59606.4482
 BOND   =       407.4641  ANGLE   =      1055.0121  DIHED      =       691.4101
 1-4 NB =       449.3020  1-4 EEL =      5785.8392  VDWAALS    =      6629.8968
 EELEC  =    -74679.4316  EHBOND  =         0.0000  RESTRAINT  =        54.0592
 EAMBER (non-restraint)  =    -59660.5074
 EKCMT  =      3992.6514  VIRIAL  =      4224.0489  VOLUME     =    152437.4588
                                                    Density    =         1.0361
 ------------------------------------------------------------------------------

wrapping first mol.:       19.44027       27.49269       47.61874
wrapping first mol.:       19.44027       27.49269       47.61874

 NSTEP =    28500   TIME(PS) =    2557.000  TEMP(K) =   301.58  PRESS =   186.4
 Etot   =    -50075.4284  EKtot   =      9578.2705  EPtot      =    -59653.6989
 BOND   =       376.9274  ANGLE   =      1043.4367  DIHED      =       723.2619
 1-4 NB =       459.5625  1-4 EEL =      5799.2750  VDWAALS    =      6727.8643
 EELEC  =    -74835.3234  EHBOND  =         0.0000  RESTRAINT  =        51.2965
 EAMBER (non-restraint)  =    -59704.9955
 EKCMT  =      4027.2284  VIRIAL  =      3412.5619  VOLUME     =    152700.8294
                                                    Density    =         1.0343
 ------------------------------------------------------------------------------

wrapping first mol.:       19.43152       27.48033       47.59732
wrapping first mol.:       19.43152       27.48033       47.59732

 NSTEP =    29000   TIME(PS) =    2558.000  TEMP(K) =   303.28  PRESS =   275.1
 Etot   =    -50102.8372  EKtot   =      9632.3066  EPtot      =    -59735.1438
 BOND   =       397.3547  ANGLE   =      1017.1423  DIHED      =       700.1599
 1-4 NB =       456.6484  1-4 EEL =      5739.9695  VDWAALS    =      6622.1322
 EELEC  =    -74717.2991  EHBOND  =         0.0000  RESTRAINT  =        48.7483
 EAMBER (non-restraint)  =    -59783.8921
 EKCMT  =      4019.9086  VIRIAL  =      3114.2796  VOLUME     =    152493.6342
                                                    Density    =         1.0357
 ------------------------------------------------------------------------------

wrapping first mol.:       19.43086       27.47939       47.59570
wrapping first mol.:       19.43086       27.47939       47.59570

 NSTEP =    29500   TIME(PS) =    2559.000  TEMP(K) =   300.30  PRESS =  -223.4
 Etot   =    -50187.9177  EKtot   =      9537.5957  EPtot      =    -59725.5134
 BOND   =       401.5505  ANGLE   =      1025.0157  DIHED      =       722.7033
 1-4 NB =       458.8000  1-4 EEL =      5731.2221  VDWAALS    =      6515.7196
 EELEC  =    -74633.7104  EHBOND  =         0.0000  RESTRAINT  =        53.1858
 EAMBER (non-restraint)  =    -59778.6992
 EKCMT  =      3982.9363  VIRIAL  =      4718.4644  VOLUME     =    152484.8529
                                                    Density    =         1.0358
 ------------------------------------------------------------------------------

wrapping first mol.:       19.42816       27.47556       47.58907
wrapping first mol.:       19.42816       27.47556       47.58907

 NSTEP =    30000   TIME(PS) =    2560.000  TEMP(K) =   303.97  PRESS =   139.9
 Etot   =    -50069.0007  EKtot   =      9654.2881  EPtot      =    -59723.2888
 BOND   =       368.4150  ANGLE   =      1074.2865  DIHED      =       710.3874
 1-4 NB =       466.6379  1-4 EEL =      5763.1079  VDWAALS    =      6749.5400
 EELEC  =    -74913.0865  EHBOND  =         0.0000  RESTRAINT  =        57.4231
 EAMBER (non-restraint)  =    -59780.7119
 EKCMT  =      4026.0706  VIRIAL  =      3565.5719  VOLUME     =    152416.2087
                                                    Density    =         1.0362
 ------------------------------------------------------------------------------

wrapping first mol.:       19.42331       27.46871       47.57720
wrapping first mol.:       19.42331       27.46871       47.57720

 NSTEP =    30500   TIME(PS) =    2561.000  TEMP(K) =   299.37  PRESS =    -8.6
 Etot   =    -50126.2058  EKtot   =      9508.1104  EPtot      =    -59634.3161
 BOND   =       369.3540  ANGLE   =      1002.4371  DIHED      =       718.8952
 1-4 NB =       465.5444  1-4 EEL =      5777.2795  VDWAALS    =      6446.2947
 EELEC  =    -74464.9272  EHBOND  =         0.0000  RESTRAINT  =        50.8063
 EAMBER (non-restraint)  =    -59685.1224
 EKCMT  =      3974.9596  VIRIAL  =      4003.2183  VOLUME     =    152304.2634
                                                    Density    =         1.0370
 ------------------------------------------------------------------------------

wrapping first mol.:       19.41412       27.45572       47.55469
wrapping first mol.:       19.41412       27.45572       47.55469

 NSTEP =    31000   TIME(PS) =    2562.000  TEMP(K) =   300.79  PRESS =   -23.5
 Etot   =    -49996.1622  EKtot   =      9553.1064  EPtot      =    -59549.2686
 BOND   =       408.8503  ANGLE   =      1052.0391  DIHED      =       711.1399
 1-4 NB =       451.8833  1-4 EEL =      5777.6116  VDWAALS    =      6722.6927
 EELEC  =    -74732.7009  EHBOND  =         0.0000  RESTRAINT  =        59.2154
 EAMBER (non-restraint)  =    -59608.4840
 EKCMT  =      4031.3890  VIRIAL  =      4108.6983  VOLUME     =    152088.3731
                                                    Density    =         1.0385
 ------------------------------------------------------------------------------

wrapping first mol.:       19.41453       27.45629       47.55568
wrapping first mol.:       19.41453       27.45629       47.55568

 NSTEP =    31500   TIME(PS) =    2563.000  TEMP(K) =   301.02  PRESS =   128.7
 Etot   =    -50201.7700  EKtot   =      9560.4277  EPtot      =    -59762.1977
 BOND   =       407.2602  ANGLE   =      1033.6972  DIHED      =       702.4446
 1-4 NB =       453.4201  1-4 EEL =      5718.9987  VDWAALS    =      6716.1102
 EELEC  =    -74855.6303  EHBOND  =         0.0000  RESTRAINT  =        61.5017
 EAMBER (non-restraint)  =    -59823.6994
 EKCMT  =      4013.2237  VIRIAL  =      3590.5655  VOLUME     =    152095.8195
                                                    Density    =         1.0384
 ------------------------------------------------------------------------------

wrapping first mol.:       19.41049       27.45057       47.54579
wrapping first mol.:       19.41049       27.45057       47.54579

 NSTEP =    32000   TIME(PS) =    2564.000  TEMP(K) =   300.92  PRESS =  -125.0
 Etot   =    -50046.1781  EKtot   =      9557.3848  EPtot      =    -59603.5628
 BOND   =       391.1445  ANGLE   =      1006.8546  DIHED      =       696.7451
 1-4 NB =       454.3796  1-4 EEL =      5762.5790  VDWAALS    =      6438.9802
 EELEC  =    -74405.9791  EHBOND  =         0.0000  RESTRAINT  =        51.7334
 EAMBER (non-restraint)  =    -59655.2962
 EKCMT  =      4008.2008  VIRIAL  =      4418.5332  VOLUME     =    152004.3182
                                                    Density    =         1.0390
 ------------------------------------------------------------------------------

wrapping first mol.:       19.40640       27.44480       47.53578
wrapping first mol.:       19.40640       27.44480       47.53578

 NSTEP =    32500   TIME(PS) =    2565.000  TEMP(K) =   301.72  PRESS =    80.9
 Etot   =    -50081.8149  EKtot   =      9582.6729  EPtot      =    -59664.4878
 BOND   =       467.4419  ANGLE   =      1047.8977  DIHED      =       692.2405
 1-4 NB =       457.5323  1-4 EEL =      5762.1577  VDWAALS    =      6583.7858
 EELEC  =    -74737.5817  EHBOND  =         0.0000  RESTRAINT  =        62.0379
 EAMBER (non-restraint)  =    -59726.5257
 EKCMT  =      3977.0965  VIRIAL  =      3711.8535  VOLUME     =    151905.6009
                                                    Density    =         1.0397
 ------------------------------------------------------------------------------

wrapping first mol.:       19.39946       27.43497       47.51876
wrapping first mol.:       19.39946       27.43497       47.51876

 NSTEP =    33000   TIME(PS) =    2566.000  TEMP(K) =   299.44  PRESS =  -122.3
 Etot   =    -50416.3720  EKtot   =      9510.2891  EPtot      =    -59926.6610
 BOND   =       406.4253  ANGLE   =      1020.0267  DIHED      =       710.3579
 1-4 NB =       445.9385  1-4 EEL =      5774.9077  VDWAALS    =      6726.6943
 EELEC  =    -75062.6223  EHBOND  =         0.0000  RESTRAINT  =        51.6108
 EAMBER (non-restraint)  =    -59978.2718
 EKCMT  =      3922.4690  VIRIAL  =      4323.2677  VOLUME     =    151745.2411
                                                    Density    =         1.0408
 ------------------------------------------------------------------------------

wrapping first mol.:       19.41133       27.45177       47.54785
wrapping first mol.:       19.41133       27.45177       47.54785

 NSTEP =    33500   TIME(PS) =    2567.000  TEMP(K) =   299.24  PRESS =   130.6
 Etot   =    -50236.9230  EKtot   =      9503.8916  EPtot      =    -59740.8146
 BOND   =       377.1723  ANGLE   =      1033.6987  DIHED      =       709.0103
 1-4 NB =       458.0532  1-4 EEL =      5769.6823  VDWAALS    =      6734.6637
 EELEC  =    -74883.3600  EHBOND  =         0.0000  RESTRAINT  =        60.2650
 EAMBER (non-restraint)  =    -59801.0796
 EKCMT  =      3986.0248  VIRIAL  =      3557.3746  VOLUME     =    152020.6972
                                                    Density    =         1.0389
 ------------------------------------------------------------------------------

wrapping first mol.:       19.41189       27.45256       47.54923
wrapping first mol.:       19.41189       27.45256       47.54923

 NSTEP =    34000   TIME(PS) =    2568.000  TEMP(K) =   297.26  PRESS =  -133.2
 Etot   =    -50214.3835  EKtot   =      9441.0742  EPtot      =    -59655.4577
 BOND   =       397.8584  ANGLE   =      1074.5601  DIHED      =       701.7146
 1-4 NB =       451.6179  1-4 EEL =      5722.7566  VDWAALS    =      6540.0345
 EELEC  =    -74602.0145  EHBOND  =         0.0000  RESTRAINT  =        58.0146
 EAMBER (non-restraint)  =    -59713.4723
 EKCMT  =      4019.9429  VIRIAL  =      4457.1530  VOLUME     =    152037.4407
                                                    Density    =         1.0388
 ------------------------------------------------------------------------------

wrapping first mol.:       19.41160       27.45215       47.54852
wrapping first mol.:       19.41160       27.45215       47.54852

 NSTEP =    34500   TIME(PS) =    2569.000  TEMP(K) =   299.62  PRESS =   232.2
 Etot   =    -50161.7085  EKtot   =      9516.0752  EPtot      =    -59677.7837
 BOND   =       388.9366  ANGLE   =      1035.9617  DIHED      =       720.7180
 1-4 NB =       455.9898  1-4 EEL =      5786.3837  VDWAALS    =      6801.9624
 EELEC  =    -74928.6620  EHBOND  =         0.0000  RESTRAINT  =        60.9261
 EAMBER (non-restraint)  =    -59738.7098
 EKCMT  =      3975.2768  VIRIAL  =      3212.9390  VOLUME     =    152025.6713
                                                    Density    =         1.0389
 ------------------------------------------------------------------------------

wrapping first mol.:       19.43938       27.49144       47.61656
wrapping first mol.:       19.43938       27.49144       47.61656

 NSTEP =    35000   TIME(PS) =    2570.000  TEMP(K) =   299.36  PRESS =   222.0
 Etot   =    -49953.5384  EKtot   =      9507.6807  EPtot      =    -59461.2191
 BOND   =       381.9332  ANGLE   =      1066.2072  DIHED      =       708.3476
 1-4 NB =       464.3514  1-4 EEL =      5734.5540  VDWAALS    =      6539.3811
 EELEC  =    -74413.1812  EHBOND  =         0.0000  RESTRAINT  =        57.1877
 EAMBER (non-restraint)  =    -59518.4068
 EKCMT  =      4061.6920  VIRIAL  =      3329.9637  VOLUME     =    152679.4204
                                                    Density    =         1.0344
 ------------------------------------------------------------------------------

wrapping first mol.:       19.44039       27.49287       47.61904
wrapping first mol.:       19.44039       27.49287       47.61904

 NSTEP =    35500   TIME(PS) =    2571.000  TEMP(K) =   300.05  PRESS =  -221.6
 Etot   =    -50201.5106  EKtot   =      9529.8271  EPtot      =    -59731.3377
 BOND   =       373.8394  ANGLE   =      1034.4255  DIHED      =       730.7487
 1-4 NB =       456.9476  1-4 EEL =      5697.2648  VDWAALS    =      6601.2146
 EELEC  =    -74681.9900  EHBOND  =         0.0000  RESTRAINT  =        56.2117
 EAMBER (non-restraint)  =    -59787.5495
 EKCMT  =      4061.3690  VIRIAL  =      4791.9245  VOLUME     =    152709.2922
                                                    Density    =         1.0342
 ------------------------------------------------------------------------------

wrapping first mol.:       19.43386       27.48363       47.60303
wrapping first mol.:       19.43386       27.48363       47.60303

 NSTEP =    36000   TIME(PS) =    2572.000  TEMP(K) =   302.61  PRESS =   -14.8
 Etot   =    -50224.8923  EKtot   =      9611.0879  EPtot      =    -59835.9802
 BOND   =       410.5779  ANGLE   =      1015.6169  DIHED      =       692.0089
 1-4 NB =       471.4356  1-4 EEL =      5741.9995  VDWAALS    =      6624.5257
 EELEC  =    -74843.9461  EHBOND  =         0.0000  RESTRAINT  =        51.8015
 EAMBER (non-restraint)  =    -59887.7817
 EKCMT  =      4025.4694  VIRIAL  =      4074.2767  VOLUME     =    152552.5559
                                                    Density    =         1.0353
 ------------------------------------------------------------------------------

wrapping first mol.:       19.42655       27.47330       47.58514
wrapping first mol.:       19.42655       27.47330       47.58514

 NSTEP =    36500   TIME(PS) =    2573.000  TEMP(K) =   297.49  PRESS =   157.9
 Etot   =    -50215.2626  EKtot   =      9448.4346  EPtot      =    -59663.6972
 BOND   =       395.8009  ANGLE   =      1057.0693  DIHED      =       727.3016
 1-4 NB =       448.4993  1-4 EEL =      5745.8719  VDWAALS    =      6684.0565
 EELEC  =    -74779.6514  EHBOND  =         0.0000  RESTRAINT  =        57.3547
 EAMBER (non-restraint)  =    -59721.0519
 EKCMT  =      3982.7548  VIRIAL  =      3463.1987  VOLUME     =    152378.2233
                                                    Density    =         1.0365
 ------------------------------------------------------------------------------

wrapping first mol.:       19.43427       27.48420       47.60403
wrapping first mol.:       19.43427       27.48420       47.60403

 NSTEP =    37000   TIME(PS) =    2574.000  TEMP(K) =   297.84  PRESS =   205.4
 Etot   =    -50375.5103  EKtot   =      9459.6113  EPtot      =    -59835.1217
 BOND   =       391.9535  ANGLE   =      1044.9544  DIHED      =       699.5738
 1-4 NB =       458.4624  1-4 EEL =      5708.2468  VDWAALS    =      6824.1192
 EELEC  =    -75012.6773  EHBOND  =         0.0000  RESTRAINT  =        50.2456
 EAMBER (non-restraint)  =    -59885.3673
 EKCMT  =      3956.9130  VIRIAL  =      3280.2770  VOLUME     =    152559.1738
                                                    Density    =         1.0353
 ------------------------------------------------------------------------------

wrapping first mol.:       19.41899       27.46260       47.56662
wrapping first mol.:       19.41899       27.46260       47.56662

 NSTEP =    37500   TIME(PS) =    2575.000  TEMP(K) =   298.08  PRESS =  -154.0
 Etot   =    -50195.4498  EKtot   =      9467.1934  EPtot      =    -59662.6432
 BOND   =       383.5399  ANGLE   =      1072.1170  DIHED      =       734.6474
 1-4 NB =       453.8682  1-4 EEL =      5794.8452  VDWAALS    =      6540.1014
 EELEC  =    -74691.9428  EHBOND  =         0.0000  RESTRAINT  =        50.1805
 EAMBER (non-restraint)  =    -59712.8237
 EKCMT  =      3955.2231  VIRIAL  =      4461.4250  VOLUME     =    152204.5848
                                                    Density    =         1.0377
 ------------------------------------------------------------------------------

wrapping first mol.:       19.41203       27.45276       47.54956
wrapping first mol.:       19.41203       27.45276       47.54956

 NSTEP =    38000   TIME(PS) =    2576.000  TEMP(K) =   295.85  PRESS =   115.6
 Etot   =    -50430.3129  EKtot   =      9396.3330  EPtot      =    -59826.6459
 BOND   =       417.3714  ANGLE   =      1017.7942  DIHED      =       707.5458
 1-4 NB =       450.3681  1-4 EEL =      5740.8502  VDWAALS    =      6806.8909
 EELEC  =    -75029.4379  EHBOND  =         0.0000  RESTRAINT  =        61.9714
 EAMBER (non-restraint)  =    -59888.6173
 EKCMT  =      3934.7533  VIRIAL  =      3555.1473  VOLUME     =    152037.2875
                                                    Density    =         1.0388
 ------------------------------------------------------------------------------

wrapping first mol.:       19.41642       27.45896       47.56031
wrapping first mol.:       19.41642       27.45896       47.56031

 NSTEP =    38500   TIME(PS) =    2577.000  TEMP(K) =   302.39  PRESS =   -16.2
 Etot   =    -50150.5984  EKtot   =      9604.1357  EPtot      =    -59754.7341
 BOND   =       386.9033  ANGLE   =      1033.9505  DIHED      =       713.1010
 1-4 NB =       462.3896  1-4 EEL =      5743.1076  VDWAALS    =      6582.9557
 EELEC  =    -74734.4335  EHBOND  =         0.0000  RESTRAINT  =        57.2916
 EAMBER (non-restraint)  =    -59812.0257
 EKCMT  =      3982.6711  VIRIAL  =      4035.9268  VOLUME     =    152142.2000
                                                    Density    =         1.0381
 ------------------------------------------------------------------------------

wrapping first mol.:       19.40793       27.44696       47.53953
wrapping first mol.:       19.40793       27.44696       47.53953

 NSTEP =    39000   TIME(PS) =    2578.000  TEMP(K) =   304.60  PRESS =   -31.0
 Etot   =    -50029.5411  EKtot   =      9674.2793  EPtot      =    -59703.8204
 BOND   =       411.2898  ANGLE   =      1021.3223  DIHED      =       712.5044
 1-4 NB =       448.0472  1-4 EEL =      5728.5804  VDWAALS    =      6580.7091
 EELEC  =    -74666.9308  EHBOND  =         0.0000  RESTRAINT  =        60.6571
 EAMBER (non-restraint)  =    -59764.4776
 EKCMT  =      4007.4138  VIRIAL  =      4109.0352  VOLUME     =    151943.0149
                                                    Density    =         1.0394
 ------------------------------------------------------------------------------

wrapping first mol.:       19.40522       27.44313       47.53289
wrapping first mol.:       19.40522       27.44313       47.53289

 NSTEP =    39500   TIME(PS) =    2579.000  TEMP(K) =   298.30  PRESS =  -217.6
 Etot   =    -50038.9426  EKtot   =      9474.0215  EPtot      =    -59512.9641
 BOND   =       384.1152  ANGLE   =       988.6241  DIHED      =       706.6761
 1-4 NB =       448.6189  1-4 EEL =      5777.7224  VDWAALS    =      6451.8915
 EELEC  =    -74329.6121  EHBOND  =         0.0000  RESTRAINT  =        58.9999
 EAMBER (non-restraint)  =    -59571.9640
 EKCMT  =      3997.6079  VIRIAL  =      4711.2950  VOLUME     =    151881.9101
                                                    Density    =         1.0399
 ------------------------------------------------------------------------------

wrapping first mol.:       19.40322       27.44029       47.52797
wrapping first mol.:       19.40322       27.44029       47.52797

 NSTEP =    40000   TIME(PS) =    2580.000  TEMP(K) =   298.93  PRESS =  -148.4
 Etot   =    -50145.9140  EKtot   =      9494.1260  EPtot      =    -59640.0400
 BOND   =       412.9371  ANGLE   =       985.7687  DIHED      =       713.6368
 1-4 NB =       468.9363  1-4 EEL =      5773.1682  VDWAALS    =      6519.1073
 EELEC  =    -74569.2591  EHBOND  =         0.0000  RESTRAINT  =        55.6647
 EAMBER (non-restraint)  =    -59695.7047
 EKCMT  =      3939.3799  VIRIAL  =      4425.7963  VOLUME     =    151833.8748
                                                    Density    =         1.0402
 ------------------------------------------------------------------------------

wrapping first mol.:       19.40381       27.44112       47.52942
wrapping first mol.:       19.40381       27.44112       47.52942

 NSTEP =    40500   TIME(PS) =    2581.000  TEMP(K) =   298.36  PRESS =   -25.1
 Etot   =    -50331.4745  EKtot   =      9476.0293  EPtot      =    -59807.5038
 BOND   =       418.6638  ANGLE   =      1044.0175  DIHED      =       721.1743
 1-4 NB =       451.6749  1-4 EEL =      5739.6890  VDWAALS    =      6663.5660
 EELEC  =    -74900.0135  EHBOND  =         0.0000  RESTRAINT  =        53.7242
 EAMBER (non-restraint)  =    -59861.2280
 EKCMT  =      3928.9372  VIRIAL  =      4011.1827  VOLUME     =    151846.0238
                                                    Density    =         1.0401
 ------------------------------------------------------------------------------

wrapping first mol.:       19.40296       27.43993       47.52734
wrapping first mol.:       19.40296       27.43993       47.52734

 NSTEP =    41000   TIME(PS) =    2582.000  TEMP(K) =   298.24  PRESS =  -400.1
 Etot   =    -50141.9177  EKtot   =      9472.3477  EPtot      =    -59614.2654
 BOND   =       403.6652  ANGLE   =      1011.7810  DIHED      =       725.8122
 1-4 NB =       448.7663  1-4 EEL =      5773.5122  VDWAALS    =      6315.9736
 EELEC  =    -74351.7967  EHBOND  =         0.0000  RESTRAINT  =        58.0209
 EAMBER (non-restraint)  =    -59672.2863
 EKCMT  =      4024.1813  VIRIAL  =      5335.8784  VOLUME     =    151831.2325
                                                    Density    =         1.0402
 ------------------------------------------------------------------------------

wrapping first mol.:       19.40029       27.43615       47.52080
wrapping first mol.:       19.40029       27.43615       47.52080

 NSTEP =    41500   TIME(PS) =    2583.000  TEMP(K) =   305.84  PRESS =   -70.2
 Etot   =    -49925.6636  EKtot   =      9713.5830  EPtot      =    -59639.2466
 BOND   =       384.2545  ANGLE   =      1049.9137  DIHED      =       711.3925
 1-4 NB =       460.4229  1-4 EEL =      5771.8978  VDWAALS    =      6535.7729
 EELEC  =    -74609.6482  EHBOND  =         0.0000  RESTRAINT  =        56.7473
 EAMBER (non-restraint)  =    -59695.9939
 EKCMT  =      4087.1993  VIRIAL  =      4317.0960  VOLUME     =    151764.0200
                                                    Density    =         1.0407
 ------------------------------------------------------------------------------

wrapping first mol.:       19.41191       27.45258       47.54926
wrapping first mol.:       19.41191       27.45258       47.54926

 NSTEP =    42000   TIME(PS) =    2584.000  TEMP(K) =   295.16  PRESS =     3.5
 Etot   =    -50406.5344  EKtot   =      9374.4863  EPtot      =    -59781.0207
 BOND   =       392.5139  ANGLE   =       978.4696  DIHED      =       729.4139
 1-4 NB =       452.5188  1-4 EEL =      5747.8499  VDWAALS    =      6680.4258
 EELEC  =    -74814.6774  EHBOND  =         0.0000  RESTRAINT  =        52.4646
 EAMBER (non-restraint)  =    -59833.4854
 EKCMT  =      3924.5186  VIRIAL  =      3913.0242  VOLUME     =    152035.9404
                                                    Density    =         1.0388
 ------------------------------------------------------------------------------

wrapping first mol.:       19.41327       27.45451       47.55261
wrapping first mol.:       19.41327       27.45451       47.55261

 NSTEP =    42500   TIME(PS) =    2585.000  TEMP(K) =   299.16  PRESS =   345.0
 Etot   =    -50178.3717  EKtot   =      9501.4326  EPtot      =    -59679.8043
 BOND   =       411.1983  ANGLE   =      1041.5804  DIHED      =       724.0503
 1-4 NB =       445.7199  1-4 EEL =      5741.7176  VDWAALS    =      6744.2366
 EELEC  =    -74841.9804  EHBOND  =         0.0000  RESTRAINT  =        53.6730
 EAMBER (non-restraint)  =    -59733.4773
 EKCMT  =      3996.7025  VIRIAL  =      2864.0373  VOLUME     =    152063.4045
                                                    Density    =         1.0386
 ------------------------------------------------------------------------------

wrapping first mol.:       19.41173       27.45234       47.54884
wrapping first mol.:       19.41173       27.45234       47.54884

 NSTEP =    43000   TIME(PS) =    2586.000  TEMP(K) =   295.51  PRESS =  -283.9
 Etot   =    -50281.9553  EKtot   =      9385.5664  EPtot      =    -59667.5217
 BOND   =       420.4158  ANGLE   =      1058.2687  DIHED      =       708.4297
 1-4 NB =       447.4827  1-4 EEL =      5758.7565  VDWAALS    =      6612.8364
 EELEC  =    -74732.2277  EHBOND  =         0.0000  RESTRAINT  =        58.5162
 EAMBER (non-restraint)  =    -59726.0379
 EKCMT  =      3829.8508  VIRIAL  =      4761.6572  VOLUME     =    152035.7293
                                                    Density    =         1.0388
 ------------------------------------------------------------------------------

wrapping first mol.:       19.42060       27.46488       47.57057
wrapping first mol.:       19.42060       27.46488       47.57057

 NSTEP =    43500   TIME(PS) =    2587.000  TEMP(K) =   299.89  PRESS =  -378.3
 Etot   =    -50347.1860  EKtot   =      9524.6523  EPtot      =    -59871.8384
 BOND   =       384.3499  ANGLE   =      1004.2247  DIHED      =       680.7848
 1-4 NB =       454.0044  1-4 EEL =      5806.1620  VDWAALS    =      6615.6010
 EELEC  =    -74870.1601  EHBOND  =         0.0000  RESTRAINT  =        53.1948
 EAMBER (non-restraint)  =    -59925.0332
 EKCMT  =      3951.2962  VIRIAL  =      5194.8954  VOLUME     =    152245.5483
                                                    Density    =         1.0374
 ------------------------------------------------------------------------------

wrapping first mol.:       19.42005       27.46410       47.56921
wrapping first mol.:       19.42005       27.46410       47.56921

 NSTEP =    44000   TIME(PS) =    2588.000  TEMP(K) =   298.80  PRESS =   -63.5
 Etot   =    -50111.0366  EKtot   =      9489.8828  EPtot      =    -59600.9194
 BOND   =       388.7121  ANGLE   =      1071.0661  DIHED      =       696.1278
 1-4 NB =       451.0492  1-4 EEL =      5752.6143  VDWAALS    =      6419.1736
 EELEC  =    -74434.4916  EHBOND  =         0.0000  RESTRAINT  =        54.8291
 EAMBER (non-restraint)  =    -59655.7485
 EKCMT  =      3995.7108  VIRIAL  =      4204.4129  VOLUME     =    152228.2797
                                                    Density    =         1.0375
 ------------------------------------------------------------------------------

wrapping first mol.:       19.41246       27.45336       47.55061
wrapping first mol.:       19.41246       27.45336       47.55061

 NSTEP =    44500   TIME(PS) =    2589.000  TEMP(K) =   298.26  PRESS =   -64.8
 Etot   =    -50104.1341  EKtot   =      9472.7725  EPtot      =    -59576.9065
 BOND   =       380.9800  ANGLE   =      1041.1800  DIHED      =       704.2958
 1-4 NB =       462.5345  1-4 EEL =      5752.5780  VDWAALS    =      6568.6619
 EELEC  =    -74549.1579  EHBOND  =         0.0000  RESTRAINT  =        62.0212
 EAMBER (non-restraint)  =    -59638.9277
 EKCMT  =      3950.9306  VIRIAL  =      4163.7752  VOLUME     =    152049.7306
                                                    Density    =         1.0387
 ------------------------------------------------------------------------------

wrapping first mol.:       19.39971       27.43534       47.51940
wrapping first mol.:       19.39971       27.43534       47.51940

 NSTEP =    45000   TIME(PS) =    2590.000  TEMP(K) =   300.68  PRESS =    97.6
 Etot   =    -50105.4110  EKtot   =      9549.5898  EPtot      =    -59655.0008
 BOND   =       392.5531  ANGLE   =       986.2696  DIHED      =       691.2650
 1-4 NB =       457.0152  1-4 EEL =      5731.7104  VDWAALS    =      6583.6365
 EELEC  =    -74550.3657  EHBOND  =         0.0000  RESTRAINT  =        52.9149
 EAMBER (non-restraint)  =    -59707.9157
 EKCMT  =      3985.6401  VIRIAL  =      3665.6981  VOLUME     =    151748.3505
                                                    Density    =         1.0408
 ------------------------------------------------------------------------------

wrapping first mol.:       19.41127       27.45168       47.54770
wrapping first mol.:       19.41127       27.45168       47.54770

 NSTEP =    45500   TIME(PS) =    2591.000  TEMP(K) =   300.02  PRESS =   -23.1
 Etot   =    -50182.4183  EKtot   =      9528.6328  EPtot      =    -59711.0511
 BOND   =       385.0679  ANGLE   =      1065.4711  DIHED      =       696.1994
 1-4 NB =       458.0554  1-4 EEL =      5782.7246  VDWAALS    =      6730.3447
 EELEC  =    -74882.5977  EHBOND  =         0.0000  RESTRAINT  =        53.6835
 EAMBER (non-restraint)  =    -59764.7346
 EKCMT  =      4020.2044  VIRIAL  =      4096.0437  VOLUME     =    152021.2681
                                                    Density    =         1.0389
 ------------------------------------------------------------------------------

wrapping first mol.:       19.40332       27.44044       47.52823
wrapping first mol.:       19.40332       27.44044       47.52823

 NSTEP =    46000   TIME(PS) =    2592.000  TEMP(K) =   301.53  PRESS =   -95.0
 Etot   =    -50073.9950  EKtot   =      9576.6455  EPtot      =    -59650.6405
 BOND   =       416.5439  ANGLE   =      1059.7325  DIHED      =       708.3506
 1-4 NB =       456.9656  1-4 EEL =      5725.9618  VDWAALS    =      6577.2826
 EELEC  =    -74646.9797  EHBOND  =         0.0000  RESTRAINT  =        51.5022
 EAMBER (non-restraint)  =    -59702.1427
 EKCMT  =      3944.6159  VIRIAL  =      4256.0609  VOLUME     =    151835.6392
                                                    Density    =         1.0402
 ------------------------------------------------------------------------------

wrapping first mol.:       19.41772       27.46080       47.56350
wrapping first mol.:       19.41772       27.46080       47.56350

 NSTEP =    46500   TIME(PS) =    2593.000  TEMP(K) =   299.84  PRESS =   146.3
 Etot   =    -50192.6187  EKtot   =      9523.1299  EPtot      =    -59715.7486
 BOND   =       374.2419  ANGLE   =      1016.0225  DIHED      =       687.3031
 1-4 NB =       457.7757  1-4 EEL =      5760.6757  VDWAALS    =      6530.3499
 EELEC  =    -74589.4060  EHBOND  =         0.0000  RESTRAINT  =        47.2885
 EAMBER (non-restraint)  =    -59763.0371
 EKCMT  =      3984.7556  VIRIAL  =      3503.9640  VOLUME     =    152170.6183
                                                    Density    =         1.0379
 ------------------------------------------------------------------------------

wrapping first mol.:       19.41576       27.45803       47.55870
wrapping first mol.:       19.41576       27.45803       47.55870

 NSTEP =    47000   TIME(PS) =    2594.000  TEMP(K) =   297.77  PRESS =  -123.1
 Etot   =    -50357.0114  EKtot   =      9457.1357  EPtot      =    -59814.1472
 BOND   =       366.8323  ANGLE   =      1061.0678  DIHED      =       705.8020
 1-4 NB =       467.9885  1-4 EEL =      5750.3648  VDWAALS    =      6707.1189
 EELEC  =    -74928.8409  EHBOND  =         0.0000  RESTRAINT  =        55.5195
 EAMBER (non-restraint)  =    -59869.6666
 EKCMT  =      3935.3962  VIRIAL  =      4339.7566  VOLUME     =    152128.2320
                                                    Density    =         1.0382
 ------------------------------------------------------------------------------

wrapping first mol.:       19.41746       27.46043       47.56286
wrapping first mol.:       19.41746       27.46043       47.56286

 NSTEP =    47500   TIME(PS) =    2595.000  TEMP(K) =   299.84  PRESS =   401.4
 Etot   =    -50239.2128  EKtot   =      9522.9541  EPtot      =    -59762.1669
 BOND   =       388.0014  ANGLE   =      1053.2959  DIHED      =       699.2481
 1-4 NB =       445.7207  1-4 EEL =      5750.2358  VDWAALS    =      6747.4632
 EELEC  =    -74898.5905  EHBOND  =         0.0000  RESTRAINT  =        52.4585
 EAMBER (non-restraint)  =    -59814.6254
 EKCMT  =      3971.8176  VIRIAL  =      2653.0083  VOLUME     =    152161.0146
                                                    Density    =         1.0380
 ------------------------------------------------------------------------------

wrapping first mol.:       19.42864       27.47625       47.59025
wrapping first mol.:       19.42864       27.47625       47.59025

 NSTEP =    48000   TIME(PS) =    2596.000  TEMP(K) =   300.52  PRESS =   -31.7
 Etot   =    -50064.1235  EKtot   =      9544.5254  EPtot      =    -59608.6489
 BOND   =       403.1569  ANGLE   =      1042.4260  DIHED      =       712.9827
 1-4 NB =       451.7165  1-4 EEL =      5749.7903  VDWAALS    =      6635.8357
 EELEC  =    -74658.2796  EHBOND  =         0.0000  RESTRAINT  =        53.7225
 EAMBER (non-restraint)  =    -59662.3714
 EKCMT  =      3948.0604  VIRIAL  =      4052.5311  VOLUME     =    152429.8929
                                                    Density    =         1.0361
 ------------------------------------------------------------------------------

wrapping first mol.:       19.41407       27.45564       47.55455
wrapping first mol.:       19.41407       27.45564       47.55455

 NSTEP =    48500   TIME(PS) =    2597.000  TEMP(K) =   304.29  PRESS =   121.6
 Etot   =    -49886.2055  EKtot   =      9664.1885  EPtot      =    -59550.3940
 BOND   =       412.3223  ANGLE   =      1023.8909  DIHED      =       720.7335
 1-4 NB =       447.2029  1-4 EEL =      5744.2663  VDWAALS    =      6517.5985
 EELEC  =    -74470.9333  EHBOND  =         0.0000  RESTRAINT  =        54.5248
 EAMBER (non-restraint)  =    -59604.9188
 EKCMT  =      4076.0627  VIRIAL  =      3676.7271  VOLUME     =    152085.0586
                                                    Density    =         1.0385
 ------------------------------------------------------------------------------

wrapping first mol.:       19.40617       27.44447       47.53522
wrapping first mol.:       19.40617       27.44447       47.53522

 NSTEP =    49000   TIME(PS) =    2598.000  TEMP(K) =   300.06  PRESS =  -226.7
 Etot   =    -49874.9541  EKtot   =      9529.8770  EPtot      =    -59404.8311
 BOND   =       435.6883  ANGLE   =      1023.1892  DIHED      =       724.0611
 1-4 NB =       458.0095  1-4 EEL =      5758.5465  VDWAALS    =      6502.8711
 EELEC  =    -74362.2000  EHBOND  =         0.0000  RESTRAINT  =        55.0032
 EAMBER (non-restraint)  =    -59459.8343
 EKCMT  =      4052.9905  VIRIAL  =      4796.6051  VOLUME     =    151904.3863
                                                    Density    =         1.0397
 ------------------------------------------------------------------------------

wrapping first mol.:       19.41218       27.45297       47.54993
wrapping first mol.:       19.41218       27.45297       47.54993

 NSTEP =    49500   TIME(PS) =    2599.000  TEMP(K) =   301.91  PRESS =   369.2
 Etot   =    -49790.0013  EKtot   =      9588.7344  EPtot      =    -59378.7356
 BOND   =       401.3311  ANGLE   =       979.1901  DIHED      =       733.5912
 1-4 NB =       456.6791  1-4 EEL =      5754.7285  VDWAALS    =      6606.3242
 EELEC  =    -74369.5828  EHBOND  =         0.0000  RESTRAINT  =        59.0029
 EAMBER (non-restraint)  =    -59437.7385
 EKCMT  =      4061.8044  VIRIAL  =      2849.9239  VOLUME     =    152037.3397
                                                    Density    =         1.0388
 ------------------------------------------------------------------------------

wrapping first mol.:       19.38210       27.41043       47.47625
wrapping first mol.:       19.38210       27.41043       47.47625

 NSTEP =    50000   TIME(PS) =    2600.000  TEMP(K) =   299.10  PRESS =   297.2
 Etot   =    -49951.4078  EKtot   =      9499.5312  EPtot      =    -59450.9391
 BOND   =       366.6288  ANGLE   =       991.3135  DIHED      =       696.8277
 1-4 NB =       469.9396  1-4 EEL =      5758.4827  VDWAALS    =      6605.5565
 EELEC  =    -74385.4562  EHBOND  =         0.0000  RESTRAINT  =        45.7684
 EAMBER (non-restraint)  =    -59496.7075
 EKCMT  =      3983.6446  VIRIAL  =      3012.6978  VOLUME     =    151332.7091
                                                    Density    =         1.0436
 ------------------------------------------------------------------------------


      A V E R A G E S   O V E R     100 S T E P S


 NSTEP =    50000   TIME(PS) =    2600.000  TEMP(K) =   299.98  PRESS =    25.7
 Etot   =    -50121.7621  EKtot   =      9527.4294  EPtot      =    -59649.1915
 BOND   =       396.1939  ANGLE   =      1027.8286  DIHED      =       711.0950
 1-4 NB =       455.7589  1-4 EEL =      5748.9198  VDWAALS    =      6619.4446
 EELEC  =    -74662.1511  EHBOND  =         0.0000  RESTRAINT  =        53.7188
 EAMBER (non-restraint)  =    -59702.9103
 EKCMT  =      3989.5732  VIRIAL  =      3905.0282  VOLUME     =    152198.8766
                                                    Density    =         1.0377
 ------------------------------------------------------------------------------


      R M S  F L U C T U A T I O N S


 NSTEP =    50000   TIME(PS) =    2600.000  TEMP(K) =     2.23  PRESS =   200.1
 Etot   =       132.5572  EKtot   =        70.8380  EPtot      =       110.3376
 BOND   =        17.3910  ANGLE   =        27.4019  DIHED      =        12.2535
 1-4 NB =         6.9534  1-4 EEL =        23.1535  VDWAALS    =       104.3600
 EELEC  =       172.9526  EHBOND  =         0.0000  RESTRAINT  =         3.8840
 EAMBER (non-restraint)  =       106.4537
 EKCMT  =        46.8870  VIRIAL  =       653.8550  VOLUME     =       333.5260
                                                    Density    =         0.0023
 ------------------------------------------------------------------------------

--------------------------------------------------------------------------------
   5.  TIMINGS
--------------------------------------------------------------------------------

|  NonSetup CPU Time in Major Routines:
|
|     Routine           Sec        %
|     ------------------------------
|     Nonbond          69.60   83.49
|     Bond              0.00    0.00
|     Angle             0.00    0.00
|     Dihedral          0.00    0.00
|     Shake             0.25    0.30
|     RunMD            13.42   16.10
|     Other             0.09    0.11
|     ------------------------------
|     Total            83.37

|  PME Nonbond Pairlist CPU Time:
|
|     Routine              Sec        %
|     ---------------------------------
|     Set Up Cit           0.00    0.00
|     Build List           0.00    0.00
|     ---------------------------------
|     Total                0.00    0.00

|  PME Direct Force CPU Time:
|
|     Routine              Sec        %
|     ---------------------------------
|     NonBonded Calc       0.00    0.00
|     Exclude Masked       0.00    0.00
|     Other                0.06    0.07
|     ---------------------------------
|     Total                0.06    0.07

|  PME Reciprocal Force CPU Time:
|
|     Routine              Sec        %
|     ---------------------------------
|     1D bspline           0.00    0.00
|     Grid Charges         0.00    0.00
|     Scalar Sum           0.00    0.00
|     Gradient Sum         0.00    0.00
|     FFT                  0.00    0.00
|     ---------------------------------
|     Total                0.00    0.00

|  Final Performance Info:
|     -----------------------------------------------------
|     Average timings for last   13500 steps:
|     Elapsed(s) =      22.50 Per Step(ms) =       1.67
|         ns/day =     103.66   seconds/ns =     833.47
|
|     Average timings for all steps:
|     Elapsed(s) =      83.36 Per Step(ms) =       1.67
|         ns/day =     103.64   seconds/ns =     833.63
|     -----------------------------------------------------

|  Setup CPU time:            0.59 seconds
|  NonSetup CPU time:        83.37 seconds
|  Total CPU time:           83.96 seconds     0.02 hours

|  Setup wall time:           1    seconds
|  NonSetup wall time:       83    seconds
|  Total wall time:          84    seconds     0.02 hours
