
          -------------------------------------------------------
          Amber 18 PMEMD                              2018
          -------------------------------------------------------

| PMEMD implementation of SANDER, Release 18

| Run on 09/29/2019 at 22:52:17

|   Executable path: pmemd.cuda
| Working directory: /home/pbarletta/lbp/run/1ifb/mhe/e
|          Hostname: Unknown
  [-O]verwriting output

File Assignments:
|   MDIN: 23equ.in                                                              
|  MDOUT: 23equ.out                                                             
| INPCRD: 22e1ifb.rst7                                                          
|   PARM: /home/pbarletta/lbp/top_files/1ifb.prmtop                             
| RESTRT: 23e1ifb.rst7                                                          
|   REFC: 22e1ifb.rst7                                                          
|  MDVEL: mdvel                                                                 
|   MDEN: mden                                                                  
|  MDCRD: 23e1ifb.nc                                                            
| MDINFO: mdinfo                                                                
|  MDFRC: mdfrc                                                                 


 Here is the input file:

Equilibration with solute restrictions                                         
&cntrl                                                                         
imin = 0,                           ! No Minimization                          
nmropt = 0,                         ! No NMR restraints read                   
                                                                               
! Nature and format of the input                                               
ntx = 5,                            ! Coordinates but no velocities will be rea
irest = 1,                          ! Do not run a new simulation              
                                                                               
! Nature and format of the output                                              
ntxo = 1,                           ! rstrt file in ASCII format               
ntpr = 500,                         ! inf in output every ntpr steps           
ntwr = 500,                         ! rstrt file every ntwr steps              
ntwx = 500,                         ! mdcrd file every ntwx steps              
ntwv = 0,                           ! mdvel without velocities                 
ntwe = 0,                           ! Do not write energies and temperatures   
idecomp = 0,                        ! No energy decomposition                  
iwrap = 1,                          ! Coordinates of the restart and mdcrd file
                                                                               
! Frozen or restrained atoms                                                   
ibelly = 0,                         ! No frozen atoms                          
ntr=1,                              ! Harmonic potential restraints            
restraint_wt = 0.9,                ! The weight for the positional restraints  
restraintmask = ':1-131@N,CA,C,O',  ! restrained residues                      
                                                                               
! Molecular dynamics                                                           
nstlim = 50000,                     ! Number of MD-steps                       
dt = 0.002,                         ! Time step                                
                                                                               
! Temperature regulation                                                       
ntt = 3,                            ! Langevin thermostat                      
gamma_ln = 5,                       ! Gamma constant for Langevin              
temp0 = 300.0,                      ! Reference T at which the system is to be 
tempi = 300.0,                      ! Initial T                                
ig = -1,                            ! Seed for the RNG                         
                                                                               
! P and V regulation                                                           
ntp = 1,                            ! constant P                               
barostat = 1,                       ! Berendsen barostat                       
taup = 1,                           ! Pressure relaxation time                 
ntb = 2,                            ! Periodic box for constant P              
                                                                               
! SHAKE variables                                                              
ntc = 2,                            ! Bonds involving H are constrained        
ntf = 2,                            ! Bond interaction involving H are ommited.
                                                                               
cut = 10.0,                         ! Nonbonded cutoff                         
/                                                                              
&end                                                                           


Note: ig = -1. Setting random seed to   273940 based on wallclock time in 
      microseconds.
| irandom = 1, using AMBER's internal random number generator (default).
 
|--------------------- INFORMATION ----------------------
| GPU (CUDA) Version of PMEMD in use: NVIDIA GPU IN USE.
|                    Version 18.0.0
| 
|                      03/25/2018
| 
| Implementation by:
|                    Ross C. Walker     (SDSC)
|                    Scott Le Grand     (nVIDIA)
| 
| Version 18 performance extensions by:
|                    David Cerutti     (Rutgers)
| 
| Precision model in use:
|      [SPFP] - Single Precision Forces, 64-bit Fixed Point
|               Accumulation. (Default)
| 
|--------------------------------------------------------
 
|----------------- CITATION INFORMATION -----------------
|
|    When publishing work that utilized the CUDA version
|    of AMBER, please cite the following in addition to
|    the regular AMBER citations:
|
|  - Romelia Salomon-Ferrer; Andreas W. Goetz; Duncan
|    Poole; Scott Le Grand; Ross C. Walker "Routine
|    microsecond molecular dynamics simulations with
|    AMBER - Part II: Particle Mesh Ewald", J. Chem.
|    Theory Comput., 2013, 9 (9), pp3878-3888,
|    DOI: 10.1021/ct400314y.
|
|  - Andreas W. Goetz; Mark J. Williamson; Dong Xu;
|    Duncan Poole; Scott Le Grand; Ross C. Walker
|    "Routine microsecond molecular dynamics simulations
|    with AMBER - Part I: Generalized Born", J. Chem.
|    Theory Comput., 2012, 8 (5), pp1542-1555.
|
|  - Scott Le Grand; Andreas W. Goetz; Ross C. Walker
|    "SPFP: Speed without compromise - a mixed precision
|    model for GPU accelerated molecular dynamics
|    simulations.", Comp. Phys. Comm., 2013, 184
|    pp374-380, DOI: 10.1016/j.cpc.2012.09.022
|
|--------------------------------------------------------
 
|------------------- GPU DEVICE INFO --------------------
|
|            CUDA_VISIBLE_DEVICES: 0
|   CUDA Capable Devices Detected:      1
|           CUDA Device ID in use:      0
|                CUDA Device Name: GeForce GTX 1060 6GB
|     CUDA Device Global Mem Size:   6078 MB
| CUDA Device Num Multiprocessors:     10
|           CUDA Device Core Freq:   1.76 GHz
|
|--------------------------------------------------------
 
 
| Conditional Compilation Defines Used:
| PUBFFT
| BINTRAJ
| CUDA
| EMIL

| Largest sphere to fit in unit cell has radius =    23.738

| New format PARM file being parsed.
| Version =    1.000 Date = 09/29/19 Time = 21:52:31

| Note: 1-4 EEL scale factors are being read from the topology file.

| Note: 1-4 VDW scale factors are being read from the topology file.
| Duplicated    0 dihedrals

| Duplicated    0 dihedrals

--------------------------------------------------------------------------------
   1.  RESOURCE   USE: 
--------------------------------------------------------------------------------

 getting new box info from bottom of inpcrd
 NATOM  =   19901 NTYPES =      17 NBONH =   14397 MBONA  =    5520
 NTHETH =    2406 MTHETA =    1438 NPHIH =    4850 MPHIA  =    4505
 NHPARM =       0 NPARM  =       0 NNB   =   42760 NRES   =    4578
 NBONA  =    5520 NTHETA =    1438 NPHIA =    4505 NUMBND =      69
 NUMANG =     155 NPTRA  =     178 NATYP =      35 NPHB   =       1
 IFBOX  =       2 NMXRS  =      24 IFCAP =       0 NEXTRA =    4447
 NCOPY  =       0

| Coordinate Index Table dimensions:     9    9    9
| Direct force subcell size =     6.4607    6.4607    6.4607

     BOX TYPE: TRUNCATED OCTAHEDRON

--------------------------------------------------------------------------------
   2.  CONTROL  DATA  FOR  THE  RUN
--------------------------------------------------------------------------------

default_name                                                                    

General flags:
     imin    =       0, nmropt  =       0

Nature and format of input:
     ntx     =       5, irest   =       1, ntrx    =       1

Nature and format of output:
     ntxo    =       1, ntpr    =     500, ntrx    =       1, ntwr    =     500
     iwrap   =       1, ntwx    =     500, ntwv    =       0, ntwe    =       0
     ioutfm  =       1, ntwprt  =       0, idecomp =       0, rbornstat=      0

Potential function:
     ntf     =       2, ntb     =       2, igb     =       0, nsnb    =      25
     ipol    =       0, gbsa    =       0, iesp    =       0
     dielc   =   1.00000, cut     =  10.00000, intdiel =   1.00000

Frozen or restrained atoms:
     ibelly  =       0, ntr     =       1
     restraint_wt =   0.90000

Molecular dynamics:
     nstlim  =     50000, nscm    =         0, nrespa  =         1
     t       =   0.00000, dt      =   0.00200, vlimit  =  -1.00000

Langevin dynamics temperature regulation:
     ig      =  273940
     temp0   = 300.00000, tempi   = 300.00000, gamma_ln=   5.00000

Pressure regulation:
     ntp     =       1
     pres0   =   1.00000, comp    =  44.60000, taup    =   1.00000

SHAKE:
     ntc     =       2, jfastw  =       0
     tol     =   0.00001

| Intermolecular bonds treatment:
|     no_intermolecular_bonds =       1

| Energy averages sample interval:
|     ene_avg_sampling =     500

Extra-points options:
     frameon =       1, chngmask=       1

Ewald parameters:
     verbose =       0, ew_type =       0, nbflag  =       1, use_pme =       1
     vdwmeth =       1, eedmeth =       1, netfrc  =       1
     Box X =   58.146   Box Y =   58.146   Box Z =   58.146
     Alpha =  109.471   Beta  =  109.471   Gamma =  109.471
     NFFT1 =   64       NFFT2 =   64       NFFT3 =   64
     Cutoff=   10.000   Tol   =0.100E-04
     Ewald Coefficient =  0.27511
     Interpolation order =    4

    LOADING THE CONSTRAINED ATOMS AS GROUPS


   5.  REFERENCE ATOM COORDINATES

  default_name                                                                    
     Mask :1-131@N,CA,C,O; matches   524 atoms
|      EXTRA_PTS, trim_bonds: num bonds BEFORE trim = 14397     0
|      EXTRA_PTS, trim_bonds: num bonds AFTER  trim = 14397     0
|      EXTRA_PTS, trim_bonds: num bonds BEFORE trim =  5520     0
|      EXTRA_PTS, trim_bonds: num bonds AFTER  trim =  1073     0
|      EXTRA_PTS, trim_theta: num angle BEFORE trim =  2406     0
|      EXTRA_PTS, trim_theta: num angle AFTER  trim =  2406     0
|      EXTRA_PTS, trim_theta: num angle BEFORE trim =  1438     0
|      EXTRA_PTS, trim_theta: num angle AFTER  trim =  1438     0
|      EXTRA_PTS, trim_phi:  num diheds BEFORE trim =  4850     0
|      EXTRA_PTS, trim_phi:  num diheds AFTER  trim =  4850     0
|      EXTRA_PTS, trim_phi:  num diheds BEFORE trim =  4505     0
|      EXTRA_PTS, trim_phi:  num diheds AFTER  trim =  4505     0

--------------------------------------------------------------------------------
   3.  ATOMIC COORDINATES AND VELOCITIES
--------------------------------------------------------------------------------

default_name                                                                    
 begin time read from input coords =  2600.000 ps

 
 Number of triangulated 3-point waters found:     4447

     Sum of charges from parm topology file =   0.00002436
     Forcing neutrality...

| Dynamic Memory, Types Used:
| Reals              996413
| Integers          1467781

| Nonbonded Pairs Initial Allocation:     6019554

| GPU memory information (estimate):
| KB of GPU memory in use:         0
| KB of CPU memory in use:         0

--------------------------------------------------------------------------------
   4.  RESULTS
--------------------------------------------------------------------------------

wrapping first mol.:       19.39816       27.43314       47.51559
wrapping first mol.:       19.39816       27.43314       47.51559

 NSTEP =      500   TIME(PS) =    2601.000  TEMP(K) =   304.67  PRESS =    19.2
 Etot   =    -49920.4669  EKtot   =      9676.3438  EPtot      =    -59596.8106
 BOND   =       392.5074  ANGLE   =      1058.3064  DIHED      =       706.1739
 1-4 NB =       449.7993  1-4 EEL =      5792.6111  VDWAALS    =      6498.3326
 EELEC  =    -74537.8660  EHBOND  =         0.0000  RESTRAINT  =        43.3247
 EAMBER (non-restraint)  =    -59640.1354
 EKCMT  =      3990.1756  VIRIAL  =      3927.3696  VOLUME     =    151712.9851
                                                    Density    =         1.0410
 ------------------------------------------------------------------------------

wrapping first mol.:       19.39628       27.43048       47.51098
wrapping first mol.:       19.39628       27.43048       47.51098

 NSTEP =     1000   TIME(PS) =    2602.000  TEMP(K) =   302.76  PRESS =  -177.9
 Etot   =    -49927.1956  EKtot   =      9615.7139  EPtot      =    -59542.9095
 BOND   =       382.2395  ANGLE   =      1023.1747  DIHED      =       709.5000
 1-4 NB =       468.5222  1-4 EEL =      5737.6198  VDWAALS    =      6292.5689
 EELEC  =    -74202.5076  EHBOND  =         0.0000  RESTRAINT  =        45.9729
 EAMBER (non-restraint)  =    -59588.8824
 EKCMT  =      4072.5509  VIRIAL  =      4654.9945  VOLUME     =    151671.4882
                                                    Density    =         1.0413
 ------------------------------------------------------------------------------

wrapping first mol.:       19.39402       27.42728       47.50545
wrapping first mol.:       19.39402       27.42728       47.50545

 NSTEP =     1500   TIME(PS) =    2603.000  TEMP(K) =   304.22  PRESS =  -279.8
 Etot   =    -50068.2784  EKtot   =      9662.0000  EPtot      =    -59730.2784
 BOND   =       393.9705  ANGLE   =      1038.8490  DIHED      =       713.4335
 1-4 NB =       458.7108  1-4 EEL =      5750.8180  VDWAALS    =      6580.2594
 EELEC  =    -74709.8434  EHBOND  =         0.0000  RESTRAINT  =        43.5239
 EAMBER (non-restraint)  =    -59773.8022
 EKCMT  =      4036.1109  VIRIAL  =      4951.9522  VOLUME     =    151619.8405
                                                    Density    =         1.0417
 ------------------------------------------------------------------------------

wrapping first mol.:       19.40143       27.43776       47.52360
wrapping first mol.:       19.40143       27.43776       47.52360

 NSTEP =     2000   TIME(PS) =    2604.000  TEMP(K) =   302.16  PRESS =   153.6
 Etot   =    -50256.6929  EKtot   =      9596.5811  EPtot      =    -59853.2740
 BOND   =       393.3814  ANGLE   =       999.6164  DIHED      =       716.6900
 1-4 NB =       441.9294  1-4 EEL =      5748.4935  VDWAALS    =      6610.4731
 EELEC  =    -74809.1871  EHBOND  =         0.0000  RESTRAINT  =        45.3292
 EAMBER (non-restraint)  =    -59898.6032
 EKCMT  =      3981.9842  VIRIAL  =      3478.4955  VOLUME     =    151787.8432
                                                    Density    =         1.0405
 ------------------------------------------------------------------------------

wrapping first mol.:       19.40635       27.44472       47.53564
wrapping first mol.:       19.40635       27.44472       47.53564

 NSTEP =     2500   TIME(PS) =    2605.000  TEMP(K) =   300.50  PRESS =  -147.8
 Etot   =    -50195.5213  EKtot   =      9544.0518  EPtot      =    -59739.5731
 BOND   =       401.1471  ANGLE   =      1020.9040  DIHED      =       719.6454
 1-4 NB =       449.1721  1-4 EEL =      5719.3911  VDWAALS    =      6379.9000
 EELEC  =    -74474.2826  EHBOND  =         0.0000  RESTRAINT  =        44.5498
 EAMBER (non-restraint)  =    -59784.1229
 EKCMT  =      3934.3155  VIRIAL  =      4419.0796  VOLUME     =    151907.3333
                                                    Density    =         1.0397
 ------------------------------------------------------------------------------

wrapping first mol.:       19.42075       27.46509       47.57092
wrapping first mol.:       19.42075       27.46509       47.57092

 NSTEP =     3000   TIME(PS) =    2606.000  TEMP(K) =   301.48  PRESS =    66.1
 Etot   =    -50141.1630  EKtot   =      9575.1250  EPtot      =    -59716.2880
 BOND   =       413.8375  ANGLE   =      1036.2771  DIHED      =       700.4039
 1-4 NB =       457.9485  1-4 EEL =      5752.0177  VDWAALS    =      6620.5953
 EELEC  =    -74746.5849  EHBOND  =         0.0000  RESTRAINT  =        49.2168
 EAMBER (non-restraint)  =    -59765.5049
 EKCMT  =      3993.8265  VIRIAL  =      3776.5266  VOLUME     =    152242.9421
                                                    Density    =         1.0374
 ------------------------------------------------------------------------------

wrapping first mol.:       19.40497       27.44277       47.53227
wrapping first mol.:       19.40497       27.44277       47.53227

 NSTEP =     3500   TIME(PS) =    2607.000  TEMP(K) =   301.27  PRESS =    47.2
 Etot   =    -49945.3138  EKtot   =      9568.3477  EPtot      =    -59513.6614
 BOND   =       437.9792  ANGLE   =      1032.3875  DIHED      =       700.9523
 1-4 NB =       451.0891  1-4 EEL =      5702.4930  VDWAALS    =      6567.0270
 EELEC  =    -74458.8315  EHBOND  =         0.0000  RESTRAINT  =        53.2420
 EAMBER (non-restraint)  =    -59566.9034
 EKCMT  =      4013.6443  VIRIAL  =      3858.7982  VOLUME     =    151872.4343
                                                    Density    =         1.0399
 ------------------------------------------------------------------------------

wrapping first mol.:       19.40900       27.44846       47.54213
wrapping first mol.:       19.40900       27.44846       47.54213

 NSTEP =     4000   TIME(PS) =    2608.000  TEMP(K) =   300.24  PRESS =  -237.0
 Etot   =    -50024.6775  EKtot   =      9535.7012  EPtot      =    -59560.3787
 BOND   =       363.1531  ANGLE   =      1059.4217  DIHED      =       693.4532
 1-4 NB =       462.4477  1-4 EEL =      5743.9473  VDWAALS    =      6409.2717
 EELEC  =    -74338.7158  EHBOND  =         0.0000  RESTRAINT  =        46.6426
 EAMBER (non-restraint)  =    -59607.0213
 EKCMT  =      4014.8179  VIRIAL  =      4792.5514  VOLUME     =    151970.7740
                                                    Density    =         1.0393
 ------------------------------------------------------------------------------

wrapping first mol.:       19.41202       27.45275       47.54955
wrapping first mol.:       19.41202       27.45275       47.54955

 NSTEP =     4500   TIME(PS) =    2609.000  TEMP(K) =   296.58  PRESS =   -64.8
 Etot   =    -50397.8071  EKtot   =      9419.3896  EPtot      =    -59817.1968
 BOND   =       369.5120  ANGLE   =      1030.4351  DIHED      =       693.3230
 1-4 NB =       448.5634  1-4 EEL =      5760.3603  VDWAALS    =      6700.7700
 EELEC  =    -74874.2388  EHBOND  =         0.0000  RESTRAINT  =        54.0783
 EAMBER (non-restraint)  =    -59871.2751
 EKCMT  =      3980.8340  VIRIAL  =      4193.6739  VOLUME     =    152039.5787
                                                    Density    =         1.0388
 ------------------------------------------------------------------------------

wrapping first mol.:       19.42195       27.46678       47.57385
wrapping first mol.:       19.42195       27.46678       47.57385

 NSTEP =     5000   TIME(PS) =    2610.000  TEMP(K) =   298.57  PRESS =   331.5
 Etot   =    -50279.8467  EKtot   =      9482.5264  EPtot      =    -59762.3731
 BOND   =       383.2464  ANGLE   =      1039.2633  DIHED      =       691.1331
 1-4 NB =       452.5505  1-4 EEL =      5732.6979  VDWAALS    =      6719.9405
 EELEC  =    -74833.3168  EHBOND  =         0.0000  RESTRAINT  =        52.1119
 EAMBER (non-restraint)  =    -59814.4850
 EKCMT  =      3940.3483  VIRIAL  =      2850.4184  VOLUME     =    152267.4587
                                                    Density    =         1.0372
 ------------------------------------------------------------------------------

wrapping first mol.:       19.42593       27.47241       47.58361
wrapping first mol.:       19.42593       27.47241       47.58361

 NSTEP =     5500   TIME(PS) =    2611.000  TEMP(K) =   301.14  PRESS =   157.1
 Etot   =    -50099.3171  EKtot   =      9564.4258  EPtot      =    -59663.7429
 BOND   =       394.0845  ANGLE   =      1013.1919  DIHED      =       714.3773
 1-4 NB =       459.1451  1-4 EEL =      5737.8322  VDWAALS    =      6649.4765
 EELEC  =    -74680.9734  EHBOND  =         0.0000  RESTRAINT  =        49.1229
 EAMBER (non-restraint)  =    -59712.8658
 EKCMT  =      4011.1011  VIRIAL  =      3494.2840  VOLUME     =    152363.5848
                                                    Density    =         1.0366
 ------------------------------------------------------------------------------

wrapping first mol.:       19.40083       27.43691       47.52213
wrapping first mol.:       19.40083       27.43691       47.52213

 NSTEP =     6000   TIME(PS) =    2612.000  TEMP(K) =   300.51  PRESS =  -398.6
 Etot   =    -50093.8838  EKtot   =      9544.1641  EPtot      =    -59638.0479
 BOND   =       400.8556  ANGLE   =      1062.3418  DIHED      =       709.1524
 1-4 NB =       444.5591  1-4 EEL =      5723.5036  VDWAALS    =      6569.4044
 EELEC  =    -74595.5003  EHBOND  =         0.0000  RESTRAINT  =        47.6357
 EAMBER (non-restraint)  =    -59685.6835
 EKCMT  =      4031.1485  VIRIAL  =      5337.5237  VOLUME     =    151781.2087
                                                    Density    =         1.0406
 ------------------------------------------------------------------------------

wrapping first mol.:       19.39727       27.43188       47.51341
wrapping first mol.:       19.39727       27.43188       47.51341

 NSTEP =     6500   TIME(PS) =    2613.000  TEMP(K) =   300.20  PRESS =   -13.2
 Etot   =    -50337.4526  EKtot   =      9534.5957  EPtot      =    -59872.0483
 BOND   =       354.1926  ANGLE   =      1021.1954  DIHED      =       718.2235
 1-4 NB =       472.9578  1-4 EEL =      5751.5117  VDWAALS    =      6665.7914
 EELEC  =    -74909.0238  EHBOND  =         0.0000  RESTRAINT  =        53.1033
 EAMBER (non-restraint)  =    -59925.1516
 EKCMT  =      3971.8362  VIRIAL  =      4015.2302  VOLUME     =    151692.5004
                                                    Density    =         1.0412
 ------------------------------------------------------------------------------

wrapping first mol.:       19.41748       27.46047       47.56292
wrapping first mol.:       19.41748       27.46047       47.56292

 NSTEP =     7000   TIME(PS) =    2614.000  TEMP(K) =   297.45  PRESS =  -325.6
 Etot   =    -50355.1547  EKtot   =      9447.2012  EPtot      =    -59802.3558
 BOND   =       393.5192  ANGLE   =      1076.2706  DIHED      =       708.4637
 1-4 NB =       464.4067  1-4 EEL =      5730.6282  VDWAALS    =      6668.0352
 EELEC  =    -74894.9533  EHBOND  =         0.0000  RESTRAINT  =        51.2739
 EAMBER (non-restraint)  =    -59853.6297
 EKCMT  =      3930.6338  VIRIAL  =      5000.5317  VOLUME     =    152171.4371
                                                    Density    =         1.0379
 ------------------------------------------------------------------------------

wrapping first mol.:       19.41847       27.46186       47.56533
wrapping first mol.:       19.41847       27.46186       47.56533

 NSTEP =     7500   TIME(PS) =    2615.000  TEMP(K) =   299.65  PRESS =    -2.7
 Etot   =    -50174.2258  EKtot   =      9516.9805  EPtot      =    -59691.2062
 BOND   =       385.0054  ANGLE   =      1022.8156  DIHED      =       698.5780
 1-4 NB =       438.5603  1-4 EEL =      5718.3743  VDWAALS    =      6451.6752
 EELEC  =    -74455.4122  EHBOND  =         0.0000  RESTRAINT  =        49.1972
 EAMBER (non-restraint)  =    -59740.4034
 EKCMT  =      3970.5179  VIRIAL  =      3979.3936  VOLUME     =    152190.1806
                                                    Density    =         1.0378
 ------------------------------------------------------------------------------

wrapping first mol.:       19.42115       27.46565       47.57190
wrapping first mol.:       19.42115       27.46565       47.57190

 NSTEP =     8000   TIME(PS) =    2616.000  TEMP(K) =   297.54  PRESS =     1.2
 Etot   =    -50015.0653  EKtot   =      9450.1152  EPtot      =    -59465.1805
 BOND   =       384.0869  ANGLE   =      1033.0801  DIHED      =       706.1251
 1-4 NB =       454.7338  1-4 EEL =      5760.5129  VDWAALS    =      6583.4844
 EELEC  =    -74434.1880  EHBOND  =         0.0000  RESTRAINT  =        46.9842
 EAMBER (non-restraint)  =    -59512.1647
 EKCMT  =      3953.4699  VIRIAL  =      3949.4813  VOLUME     =    152253.1652
                                                    Density    =         1.0373
 ------------------------------------------------------------------------------

wrapping first mol.:       19.42334       27.46875       47.57728
wrapping first mol.:       19.42334       27.46875       47.57728

 NSTEP =     8500   TIME(PS) =    2617.000  TEMP(K) =   302.46  PRESS =   -90.2
 Etot   =    -50123.7468  EKtot   =      9606.3086  EPtot      =    -59730.0554
 BOND   =       390.2502  ANGLE   =      1017.3004  DIHED      =       714.8962
 1-4 NB =       467.6830  1-4 EEL =      5720.9860  VDWAALS    =      6650.6317
 EELEC  =    -74744.9157  EHBOND  =         0.0000  RESTRAINT  =        53.1127
 EAMBER (non-restraint)  =    -59783.1681
 EKCMT  =      3990.1839  VIRIAL  =      4286.8706  VOLUME     =    152306.0610
                                                    Density    =         1.0370
 ------------------------------------------------------------------------------

wrapping first mol.:       19.44061       27.49317       47.61956
wrapping first mol.:       19.44061       27.49317       47.61956

 NSTEP =     9000   TIME(PS) =    2618.000  TEMP(K) =   296.67  PRESS =   381.1
 Etot   =    -50377.5263  EKtot   =      9422.2891  EPtot      =    -59799.8153
 BOND   =       387.3390  ANGLE   =      1033.7207  DIHED      =       714.2947
 1-4 NB =       451.9523  1-4 EEL =      5726.3159  VDWAALS    =      6809.0826
 EELEC  =    -74972.6142  EHBOND  =         0.0000  RESTRAINT  =        50.0935
 EAMBER (non-restraint)  =    -59849.9088
 EKCMT  =      3896.9600  VIRIAL  =      2640.3738  VOLUME     =    152706.0800
                                                    Density    =         1.0343
 ------------------------------------------------------------------------------

wrapping first mol.:       19.42559       27.47193       47.58278
wrapping first mol.:       19.42559       27.47193       47.58278

 NSTEP =     9500   TIME(PS) =    2619.000  TEMP(K) =   302.27  PRESS =  -416.5
 Etot   =    -49905.9588  EKtot   =      9600.2314  EPtot      =    -59506.1903
 BOND   =       430.5378  ANGLE   =      1043.4297  DIHED      =       722.1845
 1-4 NB =       442.8392  1-4 EEL =      5777.7332  VDWAALS    =      6411.1403
 EELEC  =    -74384.7414  EHBOND  =         0.0000  RESTRAINT  =        50.6864
 EAMBER (non-restraint)  =    -59556.8767
 EKCMT  =      4005.7758  VIRIAL  =      5375.9485  VOLUME     =    152363.3351
                                                    Density    =         1.0366
 ------------------------------------------------------------------------------

wrapping first mol.:       19.40408       27.44151       47.53008
wrapping first mol.:       19.40408       27.44151       47.53008

 NSTEP =    10000   TIME(PS) =    2620.000  TEMP(K) =   299.85  PRESS =    63.0
 Etot   =    -49896.9075  EKtot   =      9523.3086  EPtot      =    -59420.2161
 BOND   =       387.3489  ANGLE   =      1062.3980  DIHED      =       718.1562
 1-4 NB =       454.9818  1-4 EEL =      5736.3116  VDWAALS    =      6450.7163
 EELEC  =    -74285.5815  EHBOND  =         0.0000  RESTRAINT  =        55.4527
 EAMBER (non-restraint)  =    -59475.6687
 EKCMT  =      4050.0146  VIRIAL  =      3843.4911  VOLUME     =    151851.2068
                                                    Density    =         1.0401
 ------------------------------------------------------------------------------

wrapping first mol.:       19.40796       27.44699       47.53958
wrapping first mol.:       19.40796       27.44699       47.53958

 NSTEP =    10500   TIME(PS) =    2621.000  TEMP(K) =   297.91  PRESS =   -79.3
 Etot   =    -50103.3989  EKtot   =      9461.7646  EPtot      =    -59565.1636
 BOND   =       397.5249  ANGLE   =      1020.1832  DIHED      =       693.2598
 1-4 NB =       471.6413  1-4 EEL =      5752.2784  VDWAALS    =      6387.5387
 EELEC  =    -74333.7818  EHBOND  =         0.0000  RESTRAINT  =        46.1918
 EAMBER (non-restraint)  =    -59611.3554
 EKCMT  =      3925.2046  VIRIAL  =      4185.1990  VOLUME     =    151944.2063
                                                    Density    =         1.0394
 ------------------------------------------------------------------------------

wrapping first mol.:       19.39771       27.43250       47.51448
wrapping first mol.:       19.39771       27.43250       47.51448

 NSTEP =    11000   TIME(PS) =    2622.000  TEMP(K) =   300.22  PRESS =    24.4
 Etot   =    -50069.6657  EKtot   =      9535.0186  EPtot      =    -59604.6843
 BOND   =       389.1107  ANGLE   =      1056.9778  DIHED      =       708.3080
 1-4 NB =       458.2784  1-4 EEL =      5747.5333  VDWAALS    =      6456.6734
 EELEC  =    -74469.4112  EHBOND  =         0.0000  RESTRAINT  =        47.8454
 EAMBER (non-restraint)  =    -59652.5297
 EKCMT  =      4005.6574  VIRIAL  =      3925.7756  VOLUME     =    151702.2517
                                                    Density    =         1.0411
 ------------------------------------------------------------------------------

wrapping first mol.:       19.41257       27.45352       47.55089
wrapping first mol.:       19.41257       27.45352       47.55089

 NSTEP =    11500   TIME(PS) =    2623.000  TEMP(K) =   299.95  PRESS =  -301.8
 Etot   =    -50318.9400  EKtot   =      9526.6289  EPtot      =    -59845.5689
 BOND   =       390.9144  ANGLE   =      1001.3613  DIHED      =       709.8733
 1-4 NB =       458.7624  1-4 EEL =      5736.7500  VDWAALS    =      6489.2560
 EELEC  =    -74680.8931  EHBOND  =         0.0000  RESTRAINT  =        48.4068
 EAMBER (non-restraint)  =    -59893.9757
 EKCMT  =      4019.5884  VIRIAL  =      5010.5166  VOLUME     =    152055.6325
                                                    Density    =         1.0387
 ------------------------------------------------------------------------------

wrapping first mol.:       19.41323       27.45445       47.55250
wrapping first mol.:       19.41323       27.45445       47.55250

 NSTEP =    12000   TIME(PS) =    2624.000  TEMP(K) =   302.42  PRESS =   588.3
 Etot   =    -50124.9109  EKtot   =      9604.9150  EPtot      =    -59729.8260
 BOND   =       408.2219  ANGLE   =      1016.1378  DIHED      =       724.0355
 1-4 NB =       454.0359  1-4 EEL =      5714.7190  VDWAALS    =      6644.1116
 EELEC  =    -74734.1465  EHBOND  =         0.0000  RESTRAINT  =        43.0587
 EAMBER (non-restraint)  =    -59772.8847
 EKCMT  =      4101.5158  VIRIAL  =      2169.9542  VOLUME     =    152059.0482
                                                    Density    =         1.0387
 ------------------------------------------------------------------------------

wrapping first mol.:       19.41024       27.45022       47.54517
wrapping first mol.:       19.41024       27.45022       47.54517

 NSTEP =    12500   TIME(PS) =    2625.000  TEMP(K) =   301.84  PRESS =   159.8
 Etot   =    -50217.8274  EKtot   =      9586.4219  EPtot      =    -59804.2492
 BOND   =       393.2425  ANGLE   =      1030.9120  DIHED      =       707.7451
 1-4 NB =       455.7861  1-4 EEL =      5675.8998  VDWAALS    =      6764.1967
 EELEC  =    -74873.2423  EHBOND  =         0.0000  RESTRAINT  =        41.2108
 EAMBER (non-restraint)  =    -59845.4601
 EKCMT  =      4015.0507  VIRIAL  =      3490.6057  VOLUME     =    151994.5408
                                                    Density    =         1.0391
 ------------------------------------------------------------------------------

wrapping first mol.:       19.41201       27.45273       47.54952
wrapping first mol.:       19.41201       27.45273       47.54952

 NSTEP =    13000   TIME(PS) =    2626.000  TEMP(K) =   299.11  PRESS =  -188.9
 Etot   =    -50065.2037  EKtot   =      9499.8682  EPtot      =    -59565.0719
 BOND   =       413.6560  ANGLE   =      1049.6204  DIHED      =       706.0919
 1-4 NB =       461.1101  1-4 EEL =      5769.7023  VDWAALS    =      6606.1741
 EELEC  =    -74619.4414  EHBOND  =         0.0000  RESTRAINT  =        48.0146
 EAMBER (non-restraint)  =    -59613.0865
 EKCMT  =      3948.2385  VIRIAL  =      4568.2898  VOLUME     =    152041.0273
                                                    Density    =         1.0388
 ------------------------------------------------------------------------------

wrapping first mol.:       19.41529       27.45737       47.55755
wrapping first mol.:       19.41529       27.45737       47.55755

 NSTEP =    13500   TIME(PS) =    2627.000  TEMP(K) =   301.83  PRESS =   -54.9
 Etot   =    -50236.2462  EKtot   =      9586.1455  EPtot      =    -59822.3917
 BOND   =       392.1303  ANGLE   =      1031.8198  DIHED      =       675.1718
 1-4 NB =       452.7940  1-4 EEL =      5745.7025  VDWAALS    =      6597.5490
 EELEC  =    -74768.4548  EHBOND  =         0.0000  RESTRAINT  =        50.8957
 EAMBER (non-restraint)  =    -59873.2874
 EKCMT  =      4100.1217  VIRIAL  =      4280.2769  VOLUME     =    152116.2043
                                                    Density    =         1.0383
 ------------------------------------------------------------------------------

wrapping first mol.:       19.41421       27.45584       47.55491
wrapping first mol.:       19.41421       27.45584       47.55491

 NSTEP =    14000   TIME(PS) =    2628.000  TEMP(K) =   300.04  PRESS =    92.9
 Etot   =    -50175.2294  EKtot   =      9529.4912  EPtot      =    -59704.7206
 BOND   =       401.8155  ANGLE   =      1043.4341  DIHED      =       704.1728
 1-4 NB =       470.6522  1-4 EEL =      5770.3875  VDWAALS    =      6848.1676
 EELEC  =    -74996.9552  EHBOND  =         0.0000  RESTRAINT  =        53.6049
 EAMBER (non-restraint)  =    -59758.3255
 EKCMT  =      4007.9466  VIRIAL  =      3702.9069  VOLUME     =    152088.9339
                                                    Density    =         1.0385
 ------------------------------------------------------------------------------

wrapping first mol.:       19.41474       27.45659       47.55620
wrapping first mol.:       19.41474       27.45659       47.55620

 NSTEP =    14500   TIME(PS) =    2629.000  TEMP(K) =   296.79  PRESS =   -32.3
 Etot   =    -50531.8890  EKtot   =      9426.1543  EPtot      =    -59958.0433
 BOND   =       384.6588  ANGLE   =      1007.3371  DIHED      =       696.7612
 1-4 NB =       444.7616  1-4 EEL =      5750.3057  VDWAALS    =      6721.0837
 EELEC  =    -75013.7527  EHBOND  =         0.0000  RESTRAINT  =        50.8012
 EAMBER (non-restraint)  =    -60008.8445
 EKCMT  =      3893.8263  VIRIAL  =      3999.8499  VOLUME     =    152102.9696
                                                    Density    =         1.0384
 ------------------------------------------------------------------------------

wrapping first mol.:       19.42752       27.47466       47.58750
wrapping first mol.:       19.42752       27.47466       47.58750

 NSTEP =    15000   TIME(PS) =    2630.000  TEMP(K) =   298.09  PRESS =   505.5
 Etot   =    -50188.2820  EKtot   =      9467.5557  EPtot      =    -59655.8376
 BOND   =       381.7468  ANGLE   =      1065.6943  DIHED      =       719.3741
 1-4 NB =       462.4095  1-4 EEL =      5751.4065  VDWAALS    =      6837.0750
 EELEC  =    -74925.8580  EHBOND  =         0.0000  RESTRAINT  =        52.3142
 EAMBER (non-restraint)  =    -59708.1519
 EKCMT  =      3999.4518  VIRIAL  =      2336.1049  VOLUME     =    152396.1498
                                                    Density    =         1.0364
 ------------------------------------------------------------------------------

wrapping first mol.:       19.42781       27.47507       47.58821
wrapping first mol.:       19.42781       27.47507       47.58821

 NSTEP =    15500   TIME(PS) =    2631.000  TEMP(K) =   304.38  PRESS =   -45.2
 Etot   =    -50075.2451  EKtot   =      9667.1211  EPtot      =    -59742.3662
 BOND   =       423.3660  ANGLE   =      1058.6206  DIHED      =       701.0066
 1-4 NB =       447.9083  1-4 EEL =      5704.5884  VDWAALS    =      6598.7173
 EELEC  =    -74723.7968  EHBOND  =         0.0000  RESTRAINT  =        47.2234
 EAMBER (non-restraint)  =    -59789.5897
 EKCMT  =      4026.3922  VIRIAL  =      4175.0062  VOLUME     =    152410.4583
                                                    Density    =         1.0363
 ------------------------------------------------------------------------------

wrapping first mol.:       19.43567       27.48618       47.60746
wrapping first mol.:       19.43567       27.48618       47.60746

 NSTEP =    16000   TIME(PS) =    2632.000  TEMP(K) =   300.84  PRESS =   205.9
 Etot   =    -50012.6057  EKtot   =      9554.7002  EPtot      =    -59567.3059
 BOND   =       401.3520  ANGLE   =      1002.0935  DIHED      =       729.7104
 1-4 NB =       440.6941  1-4 EEL =      5706.5728  VDWAALS    =      6851.3714
 EELEC  =    -74746.0262  EHBOND  =         0.0000  RESTRAINT  =        46.9261
 EAMBER (non-restraint)  =    -59614.2320
 EKCMT  =      4007.2476  VIRIAL  =      3328.8919  VOLUME     =    152592.1455
                                                    Density    =         1.0350
 ------------------------------------------------------------------------------

wrapping first mol.:       19.44254       27.49590       47.62429
wrapping first mol.:       19.44254       27.49590       47.62429

 NSTEP =    16500   TIME(PS) =    2633.000  TEMP(K) =   299.81  PRESS =    28.5
 Etot   =    -50186.0368  EKtot   =      9522.2061  EPtot      =    -59708.2428
 BOND   =       381.4330  ANGLE   =      1048.2266  DIHED      =       706.6628
 1-4 NB =       443.3740  1-4 EEL =      5739.9028  VDWAALS    =      6543.9092
 EELEC  =    -74622.0085  EHBOND  =         0.0000  RESTRAINT  =        50.2573
 EAMBER (non-restraint)  =    -59758.5002
 EKCMT  =      4037.1331  VIRIAL  =      3943.2957  VOLUME     =    152756.3706
                                                    Density    =         1.0339
 ------------------------------------------------------------------------------

wrapping first mol.:       19.42539       27.47164       47.58228
wrapping first mol.:       19.42539       27.47164       47.58228

 NSTEP =    17000   TIME(PS) =    2634.000  TEMP(K) =   298.42  PRESS =     8.2
 Etot   =    -50225.5325  EKtot   =      9478.0000  EPtot      =    -59703.5325
 BOND   =       410.0570  ANGLE   =      1048.1412  DIHED      =       707.0221
 1-4 NB =       453.5747  1-4 EEL =      5732.5807  VDWAALS    =      6617.6888
 EELEC  =    -74725.5895  EHBOND  =         0.0000  RESTRAINT  =        52.9925
 EAMBER (non-restraint)  =    -59756.5251
 EKCMT  =      3931.6379  VIRIAL  =      3904.5885  VOLUME     =    152352.7791
                                                    Density    =         1.0367
 ------------------------------------------------------------------------------

wrapping first mol.:       19.40803       27.44709       47.53976
wrapping first mol.:       19.40803       27.44709       47.53976

 NSTEP =    17500   TIME(PS) =    2635.000  TEMP(K) =   299.76  PRESS =    67.3
 Etot   =    -50147.1589  EKtot   =      9520.5059  EPtot      =    -59667.6648
 BOND   =       388.9996  ANGLE   =      1072.9589  DIHED      =       713.0265
 1-4 NB =       454.0406  1-4 EEL =      5743.4295  VDWAALS    =      6596.7827
 EELEC  =    -74687.3888  EHBOND  =         0.0000  RESTRAINT  =        50.4863
 EAMBER (non-restraint)  =    -59718.1511
 EKCMT  =      4021.4835  VIRIAL  =      3800.8107  VOLUME     =    151943.9085
                                                    Density    =         1.0394
 ------------------------------------------------------------------------------

wrapping first mol.:       19.40140       27.43773       47.52353
wrapping first mol.:       19.40140       27.43773       47.52353

 NSTEP =    18000   TIME(PS) =    2636.000  TEMP(K) =   301.45  PRESS =    73.1
 Etot   =    -50090.4985  EKtot   =      9574.1162  EPtot      =    -59664.6147
 BOND   =       390.6685  ANGLE   =      1062.6378  DIHED      =       712.4448
 1-4 NB =       461.5584  1-4 EEL =      5732.3370  VDWAALS    =      6564.8564
 EELEC  =    -74642.4896  EHBOND  =         0.0000  RESTRAINT  =        53.3721
 EAMBER (non-restraint)  =    -59717.9868
 EKCMT  =      3993.6025  VIRIAL  =      3753.9404  VOLUME     =    151788.2946
                                                    Density    =         1.0405
 ------------------------------------------------------------------------------

wrapping first mol.:       19.39357       27.42666       47.50436
wrapping first mol.:       19.39357       27.42666       47.50436

 NSTEP =    18500   TIME(PS) =    2637.000  TEMP(K) =   298.14  PRESS =   253.3
 Etot   =    -50283.5199  EKtot   =      9469.1621  EPtot      =    -59752.6820
 BOND   =       362.8478  ANGLE   =      1035.8188  DIHED      =       694.2398
 1-4 NB =       455.0334  1-4 EEL =      5770.9270  VDWAALS    =      6683.8867
 EELEC  =    -74811.4817  EHBOND  =         0.0000  RESTRAINT  =        56.0460
 EAMBER (non-restraint)  =    -59808.7281
 EKCMT  =      3949.2784  VIRIAL  =      3120.1882  VOLUME     =    151602.2090
                                                    Density    =         1.0418
 ------------------------------------------------------------------------------

wrapping first mol.:       19.41858       27.46201       47.56560
wrapping first mol.:       19.41858       27.46201       47.56560

 NSTEP =    19000   TIME(PS) =    2638.000  TEMP(K) =   300.31  PRESS =  -185.5
 Etot   =    -50049.4652  EKtot   =      9537.9395  EPtot      =    -59587.4046
 BOND   =       417.3115  ANGLE   =      1025.9826  DIHED      =       725.7673
 1-4 NB =       457.7182  1-4 EEL =      5709.8368  VDWAALS    =      6492.7781
 EELEC  =    -74466.4505  EHBOND  =         0.0000  RESTRAINT  =        49.6514
 EAMBER (non-restraint)  =    -59637.0560
 EKCMT  =      4024.6500  VIRIAL  =      4634.1994  VOLUME     =    152195.2267
                                                    Density    =         1.0377
 ------------------------------------------------------------------------------

wrapping first mol.:       19.41574       27.45801       47.55866
wrapping first mol.:       19.41574       27.45801       47.55866

 NSTEP =    19500   TIME(PS) =    2639.000  TEMP(K) =   309.05  PRESS =   -71.7
 Etot   =    -49918.5639  EKtot   =      9815.4199  EPtot      =    -59733.9839
 BOND   =       383.4078  ANGLE   =      1037.2522  DIHED      =       690.7366
 1-4 NB =       469.3002  1-4 EEL =      5743.6652  VDWAALS    =      6630.6434
 EELEC  =    -74743.4160  EHBOND  =         0.0000  RESTRAINT  =        54.4268
 EAMBER (non-restraint)  =    -59788.4106
 EKCMT  =      4053.3015  VIRIAL  =      4288.8292  VOLUME     =    152127.1076
                                                    Density    =         1.0382
 ------------------------------------------------------------------------------

wrapping first mol.:       19.40116       27.43738       47.52294
wrapping first mol.:       19.40116       27.43738       47.52294

 NSTEP =    20000   TIME(PS) =    2640.000  TEMP(K) =   298.91  PRESS =   228.5
 Etot   =    -50170.7406  EKtot   =      9493.5303  EPtot      =    -59664.2709
 BOND   =       411.9818  ANGLE   =      1029.6795  DIHED      =       675.7239
 1-4 NB =       454.7695  1-4 EEL =      5721.6213  VDWAALS    =      6538.5572
 EELEC  =    -74544.0280  EHBOND  =         0.0000  RESTRAINT  =        47.4239
 EAMBER (non-restraint)  =    -59711.6947
 EKCMT  =      3960.8385  VIRIAL  =      3211.9883  VOLUME     =    151780.5235
                                                    Density    =         1.0406
 ------------------------------------------------------------------------------

wrapping first mol.:       19.41025       27.45024       47.54520
wrapping first mol.:       19.41025       27.45024       47.54520

 NSTEP =    20500   TIME(PS) =    2641.000  TEMP(K) =   302.00  PRESS =   126.3
 Etot   =    -49983.5992  EKtot   =      9591.7510  EPtot      =    -59575.3502
 BOND   =       418.4754  ANGLE   =      1031.2030  DIHED      =       722.3831
 1-4 NB =       443.5738  1-4 EEL =      5751.2086  VDWAALS    =      6722.8460
 EELEC  =    -74717.6630  EHBOND  =         0.0000  RESTRAINT  =        52.6230
 EAMBER (non-restraint)  =    -59627.9732
 EKCMT  =      3978.8510  VIRIAL  =      3564.2515  VOLUME     =    151995.2829
                                                    Density    =         1.0391
 ------------------------------------------------------------------------------

wrapping first mol.:       19.40029       27.43615       47.52081
wrapping first mol.:       19.40029       27.43615       47.52081

 NSTEP =    21000   TIME(PS) =    2642.000  TEMP(K) =   301.27  PRESS =   -36.8
 Etot   =    -50072.5061  EKtot   =      9568.4297  EPtot      =    -59640.9358
 BOND   =       419.8578  ANGLE   =      1007.1222  DIHED      =       707.1497
 1-4 NB =       444.4775  1-4 EEL =      5746.8269  VDWAALS    =      6556.9457
 EELEC  =    -74580.7791  EHBOND  =         0.0000  RESTRAINT  =        57.4635
 EAMBER (non-restraint)  =    -59698.3993
 EKCMT  =      3979.5223  VIRIAL  =      4100.2698  VOLUME     =    151763.7031
                                                    Density    =         1.0407
 ------------------------------------------------------------------------------

wrapping first mol.:       19.39543       27.42928       47.50890
wrapping first mol.:       19.39543       27.42928       47.50890

 NSTEP =    21500   TIME(PS) =    2643.000  TEMP(K) =   304.07  PRESS =   -73.5
 Etot   =    -50035.5072  EKtot   =      9657.3408  EPtot      =    -59692.8480
 BOND   =       412.4055  ANGLE   =      1017.3579  DIHED      =       703.9926
 1-4 NB =       442.8429  1-4 EEL =      5709.4953  VDWAALS    =      6542.3114
 EELEC  =    -74574.8468  EHBOND  =         0.0000  RESTRAINT  =        53.5931
 EAMBER (non-restraint)  =    -59746.4411
 EKCMT  =      4042.2961  VIRIAL  =      4282.8267  VOLUME     =    151650.0820
                                                    Density    =         1.0415
 ------------------------------------------------------------------------------

wrapping first mol.:       19.39163       27.42390       47.49959
wrapping first mol.:       19.39163       27.42390       47.49959

 NSTEP =    22000   TIME(PS) =    2644.000  TEMP(K) =   299.86  PRESS =  -188.3
 Etot   =    -50152.3701  EKtot   =      9523.7100  EPtot      =    -59676.0801
 BOND   =       400.2580  ANGLE   =      1027.7125  DIHED      =       683.4316
 1-4 NB =       446.9475  1-4 EEL =      5737.6740  VDWAALS    =      6569.1791
 EELEC  =    -74597.1646  EHBOND  =         0.0000  RESTRAINT  =        55.8819
 EAMBER (non-restraint)  =    -59731.9620
 EKCMT  =      3993.7171  VIRIAL  =      4610.0505  VOLUME     =    151562.4928
                                                    Density    =         1.0421
 ------------------------------------------------------------------------------

wrapping first mol.:       19.37876       27.40570       47.46806
wrapping first mol.:       19.37876       27.40570       47.46806

 NSTEP =    22500   TIME(PS) =    2645.000  TEMP(K) =   302.63  PRESS =   312.3
 Etot   =    -50004.4025  EKtot   =      9611.6348  EPtot      =    -59616.0372
 BOND   =       392.3151  ANGLE   =      1019.2993  DIHED      =       708.9594
 1-4 NB =       450.5715  1-4 EEL =      5764.1454  VDWAALS    =      6524.2531
 EELEC  =    -74530.1582  EHBOND  =         0.0000  RESTRAINT  =        54.5772
 EAMBER (non-restraint)  =    -59670.6144
 EKCMT  =      3987.8909  VIRIAL  =      2967.9181  VOLUME     =    151254.1499
                                                    Density    =         1.0442
 ------------------------------------------------------------------------------

wrapping first mol.:       19.40335       27.44048       47.52830
wrapping first mol.:       19.40335       27.44048       47.52830

 NSTEP =    23000   TIME(PS) =    2646.000  TEMP(K) =   298.61  PRESS =   -11.7
 Etot   =    -50116.0694  EKtot   =      9484.0693  EPtot      =    -59600.1388
 BOND   =       427.3415  ANGLE   =      1035.1958  DIHED      =       708.4857
 1-4 NB =       454.1663  1-4 EEL =      5751.6552  VDWAALS    =      6559.9371
 EELEC  =    -74586.6824  EHBOND  =         0.0000  RESTRAINT  =        49.7621
 EAMBER (non-restraint)  =    -59649.9009
 EKCMT  =      3970.7901  VIRIAL  =      4009.0356  VOLUME     =    151835.1443
                                                    Density    =         1.0402
 ------------------------------------------------------------------------------

wrapping first mol.:       19.40502       27.44285       47.53240
wrapping first mol.:       19.40502       27.44285       47.53240

 NSTEP =    23500   TIME(PS) =    2647.000  TEMP(K) =   304.06  PRESS =  -260.6
 Etot   =    -49996.6361  EKtot   =      9657.1299  EPtot      =    -59653.7660
 BOND   =       368.8303  ANGLE   =      1021.2085  DIHED      =       688.7639
 1-4 NB =       443.9274  1-4 EEL =      5730.2915  VDWAALS    =      6433.2545
 EELEC  =    -74392.6448  EHBOND  =         0.0000  RESTRAINT  =        52.6027
 EAMBER (non-restraint)  =    -59706.3686
 EKCMT  =      4002.1513  VIRIAL  =      4856.6075  VOLUME     =    151877.8469
                                                    Density    =         1.0399
 ------------------------------------------------------------------------------

wrapping first mol.:       19.40102       27.43718       47.52258
wrapping first mol.:       19.40102       27.43718       47.52258

 NSTEP =    24000   TIME(PS) =    2648.000  TEMP(K) =   300.76  PRESS =    93.4
 Etot   =    -50275.8304  EKtot   =      9552.1006  EPtot      =    -59827.9310
 BOND   =       385.7183  ANGLE   =      1044.4133  DIHED      =       709.1800
 1-4 NB =       440.7425  1-4 EEL =      5744.8681  VDWAALS    =      6509.3217
 EELEC  =    -74713.1598  EHBOND  =         0.0000  RESTRAINT  =        50.9850
 EAMBER (non-restraint)  =    -59878.9160
 EKCMT  =      4006.8523  VIRIAL  =      3700.7685  VOLUME     =    151778.9300
                                                    Density    =         1.0406
 ------------------------------------------------------------------------------

wrapping first mol.:       19.41203       27.45275       47.54956
wrapping first mol.:       19.41203       27.45275       47.54956

 NSTEP =    24500   TIME(PS) =    2649.000  TEMP(K) =   299.54  PRESS =   115.5
 Etot   =    -49917.1717  EKtot   =      9513.4707  EPtot      =    -59430.6424
 BOND   =       404.7587  ANGLE   =      1075.7722  DIHED      =       688.7362
 1-4 NB =       459.5024  1-4 EEL =      5750.8076  VDWAALS    =      6501.8577
 EELEC  =    -74366.8227  EHBOND  =         0.0000  RESTRAINT  =        54.7455
 EAMBER (non-restraint)  =    -59485.3879
 EKCMT  =      4003.6315  VIRIAL  =      3624.3393  VOLUME     =    152037.2310
                                                    Density    =         1.0388
 ------------------------------------------------------------------------------

wrapping first mol.:       19.40393       27.44131       47.52973
wrapping first mol.:       19.40393       27.44131       47.52973

 NSTEP =    25000   TIME(PS) =    2650.000  TEMP(K) =   299.89  PRESS =  -312.1
 Etot   =    -49989.6641  EKtot   =      9524.7109  EPtot      =    -59514.3750
 BOND   =       401.0212  ANGLE   =      1041.5210  DIHED      =       706.5753
 1-4 NB =       469.8076  1-4 EEL =      5743.6700  VDWAALS    =      6441.2613
 EELEC  =    -74367.2603  EHBOND  =         0.0000  RESTRAINT  =        49.0288
 EAMBER (non-restraint)  =    -59563.4038
 EKCMT  =      3941.0790  VIRIAL  =      4964.5214  VOLUME     =    151852.9530
                                                    Density    =         1.0401
 ------------------------------------------------------------------------------

wrapping first mol.:       19.41199       27.45270       47.54947
wrapping first mol.:       19.41199       27.45270       47.54947

 NSTEP =    25500   TIME(PS) =    2651.000  TEMP(K) =   297.91  PRESS =   -60.3
 Etot   =    -50172.0311  EKtot   =      9461.8008  EPtot      =    -59633.8319
 BOND   =       377.1414  ANGLE   =      1049.7300  DIHED      =       690.1012
 1-4 NB =       451.5149  1-4 EEL =      5732.6224  VDWAALS    =      6642.1433
 EELEC  =    -74630.5102  EHBOND  =         0.0000  RESTRAINT  =        53.4250
 EAMBER (non-restraint)  =    -59687.2570
 EKCMT  =      4007.8687  VIRIAL  =      4205.9028  VOLUME     =    152038.7451
                                                    Density    =         1.0388
 ------------------------------------------------------------------------------

wrapping first mol.:       19.40406       27.44148       47.53003
wrapping first mol.:       19.40406       27.44148       47.53003

 NSTEP =    26000   TIME(PS) =    2652.000  TEMP(K) =   299.12  PRESS =    92.6
 Etot   =    -50237.0542  EKtot   =      9500.2920  EPtot      =    -59737.3462
 BOND   =       419.1205  ANGLE   =      1061.5504  DIHED      =       712.4083
 1-4 NB =       436.5899  1-4 EEL =      5701.5255  VDWAALS    =      6717.8569
 EELEC  =    -74835.6988  EHBOND  =         0.0000  RESTRAINT  =        49.3011
 EAMBER (non-restraint)  =    -59786.6473
 EKCMT  =      3879.4807  VIRIAL  =      3575.9436  VOLUME     =    151850.3284
                                                    Density    =         1.0401
 ------------------------------------------------------------------------------

wrapping first mol.:       19.39637       27.43061       47.51121
wrapping first mol.:       19.39637       27.43061       47.51121

 NSTEP =    26500   TIME(PS) =    2653.000  TEMP(K) =   299.86  PRESS =   -99.7
 Etot   =    -50227.3133  EKtot   =      9523.7285  EPtot      =    -59751.0418
 BOND   =       381.3287  ANGLE   =      1061.1703  DIHED      =       689.7606
 1-4 NB =       452.8696  1-4 EEL =      5742.5808  VDWAALS    =      6597.9289
 EELEC  =    -74726.2295  EHBOND  =         0.0000  RESTRAINT  =        49.5488
 EAMBER (non-restraint)  =    -59800.5906
 EKCMT  =      3983.0298  VIRIAL  =      4309.5087  VOLUME     =    151672.6402
                                                    Density    =         1.0413
 ------------------------------------------------------------------------------

wrapping first mol.:       19.39020       27.42188       47.49608
wrapping first mol.:       19.39020       27.42188       47.49608

 NSTEP =    27000   TIME(PS) =    2654.000  TEMP(K) =   300.21  PRESS =  -112.1
 Etot   =    -50281.6463  EKtot   =      9534.7646  EPtot      =    -59816.4109
 BOND   =       350.2738  ANGLE   =      1075.2633  DIHED      =       711.9686
 1-4 NB =       454.9309  1-4 EEL =      5722.6308  VDWAALS    =      6620.7230
 EELEC  =    -74807.0897  EHBOND  =         0.0000  RESTRAINT  =        54.8884
 EAMBER (non-restraint)  =    -59871.2993
 EKCMT  =      3994.9033  VIRIAL  =      4361.6890  VOLUME     =    151527.9095
                                                    Density    =         1.0423
 ------------------------------------------------------------------------------

wrapping first mol.:       19.39196       27.42437       47.50040
wrapping first mol.:       19.39196       27.42437       47.50040

 NSTEP =    27500   TIME(PS) =    2655.000  TEMP(K) =   298.68  PRESS =   278.2
 Etot   =    -50263.1077  EKtot   =      9486.1377  EPtot      =    -59749.2454
 BOND   =       391.2029  ANGLE   =      1031.0797  DIHED      =       685.7459
 1-4 NB =       458.1609  1-4 EEL =      5738.7738  VDWAALS    =      6643.5546
 EELEC  =    -74749.5272  EHBOND  =         0.0000  RESTRAINT  =        51.7640
 EAMBER (non-restraint)  =    -59801.0093
 EKCMT  =      3972.1887  VIRIAL  =      3061.7467  VOLUME     =    151563.9512
                                                    Density    =         1.0420
 ------------------------------------------------------------------------------

wrapping first mol.:       19.38862       27.41965       47.49222
wrapping first mol.:       19.38862       27.41965       47.49222

 NSTEP =    28000   TIME(PS) =    2656.000  TEMP(K) =   301.47  PRESS =    72.8
 Etot   =    -50097.3867  EKtot   =      9574.8730  EPtot      =    -59672.2598
 BOND   =       418.3873  ANGLE   =      1025.9645  DIHED      =       702.5660
 1-4 NB =       450.9719  1-4 EEL =      5693.4663  VDWAALS    =      6512.8619
 EELEC  =    -74530.3718  EHBOND  =         0.0000  RESTRAINT  =        53.8942
 EAMBER (non-restraint)  =    -59726.1539
 EKCMT  =      4001.2972  VIRIAL  =      3763.3303  VOLUME     =    151488.4670
                                                    Density    =         1.0426
 ------------------------------------------------------------------------------

wrapping first mol.:       19.41160       27.45215       47.54852
wrapping first mol.:       19.41160       27.45215       47.54852

 NSTEP =    28500   TIME(PS) =    2657.000  TEMP(K) =   302.88  PRESS =   -57.5
 Etot   =    -50053.4016  EKtot   =      9619.4883  EPtot      =    -59672.8898
 BOND   =       427.3926  ANGLE   =      1067.5266  DIHED      =       688.2647
 1-4 NB =       448.9351  1-4 EEL =      5705.5719  VDWAALS    =      6463.1316
 EELEC  =    -74522.7072  EHBOND  =         0.0000  RESTRAINT  =        48.9949
 EAMBER (non-restraint)  =    -59721.8848
 EKCMT  =      4005.6538  VIRIAL  =      4194.4113  VOLUME     =    152029.6236
                                                    Density    =         1.0389
 ------------------------------------------------------------------------------

wrapping first mol.:       19.40526       27.44318       47.53299
wrapping first mol.:       19.40526       27.44318       47.53299

 NSTEP =    29000   TIME(PS) =    2658.000  TEMP(K) =   301.03  PRESS =  -227.8
 Etot   =    -50035.1796  EKtot   =      9560.7764  EPtot      =    -59595.9559
 BOND   =       405.3784  ANGLE   =      1106.8667  DIHED      =       712.5895
 1-4 NB =       453.5994  1-4 EEL =      5701.0337  VDWAALS    =      6427.3710
 EELEC  =    -74456.3656  EHBOND  =         0.0000  RESTRAINT  =        53.5710
 EAMBER (non-restraint)  =    -59649.5269
 EKCMT  =      3989.9846  VIRIAL  =      4736.9676  VOLUME     =    151882.9729
                                                    Density    =         1.0399
 ------------------------------------------------------------------------------

wrapping first mol.:       19.40174       27.43821       47.52437
wrapping first mol.:       19.40174       27.43821       47.52437

 NSTEP =    29500   TIME(PS) =    2659.000  TEMP(K) =   296.94  PRESS =   154.9
 Etot   =    -50293.0378  EKtot   =      9430.7598  EPtot      =    -59723.7975
 BOND   =       386.9346  ANGLE   =      1009.8350  DIHED      =       684.4205
 1-4 NB =       451.0075  1-4 EEL =      5716.2372  VDWAALS    =      6739.2726
 EELEC  =    -74765.4767  EHBOND  =         0.0000  RESTRAINT  =        53.9717
 EAMBER (non-restraint)  =    -59777.7692
 EKCMT  =      3988.7952  VIRIAL  =      3481.2819  VOLUME     =    151795.1828
                                                    Density    =         1.0405
 ------------------------------------------------------------------------------

wrapping first mol.:       19.39309       27.42598       47.50318
wrapping first mol.:       19.39309       27.42598       47.50318

 NSTEP =    30000   TIME(PS) =    2660.000  TEMP(K) =   300.03  PRESS =   197.5
 Etot   =    -49946.9658  EKtot   =      9528.9619  EPtot      =    -59475.9278
 BOND   =       401.6129  ANGLE   =      1051.2904  DIHED      =       719.1570
 1-4 NB =       451.1765  1-4 EEL =      5732.0165  VDWAALS    =      6548.0440
 EELEC  =    -74423.7090  EHBOND  =         0.0000  RESTRAINT  =        44.4838
 EAMBER (non-restraint)  =    -59520.4115
 EKCMT  =      4006.9192  VIRIAL  =      3360.3290  VOLUME     =    151591.6747
                                                    Density    =         1.0419
 ------------------------------------------------------------------------------

wrapping first mol.:       19.40268       27.43953       47.52665
wrapping first mol.:       19.40268       27.43953       47.52665

 NSTEP =    30500   TIME(PS) =    2661.000  TEMP(K) =   299.94  PRESS =  -104.5
 Etot   =    -50153.6213  EKtot   =      9526.2432  EPtot      =    -59679.8645
 BOND   =       388.4885  ANGLE   =      1020.0697  DIHED      =       682.0953
 1-4 NB =       448.1172  1-4 EEL =      5757.1988  VDWAALS    =      6556.5931
 EELEC  =    -74580.5592  EHBOND  =         0.0000  RESTRAINT  =        48.1320
 EAMBER (non-restraint)  =    -59727.9965
 EKCMT  =      3997.0275  VIRIAL  =      4339.6227  VOLUME     =    151820.6163
                                                    Density    =         1.0403
 ------------------------------------------------------------------------------

wrapping first mol.:       19.40738       27.44618       47.53817
wrapping first mol.:       19.40738       27.44618       47.53817

 NSTEP =    31000   TIME(PS) =    2662.000  TEMP(K) =   302.79  PRESS =   217.4
 Etot   =    -50032.0144  EKtot   =      9616.6475  EPtot      =    -59648.6618
 BOND   =       401.2777  ANGLE   =      1011.0926  DIHED      =       702.1205
 1-4 NB =       463.2547  1-4 EEL =      5769.7957  VDWAALS    =      6643.8349
 EELEC  =    -74685.5670  EHBOND  =         0.0000  RESTRAINT  =        45.5292
 EAMBER (non-restraint)  =    -59694.1911
 EKCMT  =      4014.1188  VIRIAL  =      3300.8438  VOLUME     =    151926.6380
                                                    Density    =         1.0396
 ------------------------------------------------------------------------------

wrapping first mol.:       19.41069       27.45085       47.54627
wrapping first mol.:       19.41069       27.45085       47.54627

 NSTEP =    31500   TIME(PS) =    2663.000  TEMP(K) =   302.85  PRESS =  -187.6
 Etot   =    -50159.7520  EKtot   =      9618.7100  EPtot      =    -59778.4619
 BOND   =       415.1494  ANGLE   =      1047.8690  DIHED      =       691.5498
 1-4 NB =       465.7604  1-4 EEL =      5714.3900  VDWAALS    =      6580.0240
 EELEC  =    -74748.6441  EHBOND  =         0.0000  RESTRAINT  =        55.4397
 EAMBER (non-restraint)  =    -59833.9016
 EKCMT  =      4019.5897  VIRIAL  =      4635.4064  VOLUME     =    152009.8173
                                                    Density    =         1.0390
 ------------------------------------------------------------------------------

wrapping first mol.:       19.40621       27.44452       47.53530
wrapping first mol.:       19.40621       27.44452       47.53530

 NSTEP =    32000   TIME(PS) =    2664.000  TEMP(K) =   298.22  PRESS =   112.9
 Etot   =    -50223.7979  EKtot   =      9471.5254  EPtot      =    -59695.3233
 BOND   =       412.0317  ANGLE   =      1004.0788  DIHED      =       707.9693
 1-4 NB =       444.2167  1-4 EEL =      5744.2842  VDWAALS    =      6589.5213
 EELEC  =    -74647.6818  EHBOND  =         0.0000  RESTRAINT  =        50.2565
 EAMBER (non-restraint)  =    -59745.5797
 EKCMT  =      3958.1380  VIRIAL  =      3587.7683  VOLUME     =    151900.5080
                                                    Density    =         1.0397
 ------------------------------------------------------------------------------

wrapping first mol.:       19.41633       27.45884       47.56010
wrapping first mol.:       19.41633       27.45884       47.56010

 NSTEP =    32500   TIME(PS) =    2665.000  TEMP(K) =   297.14  PRESS =    76.7
 Etot   =    -50408.3032  EKtot   =      9437.2676  EPtot      =    -59845.5707
 BOND   =       391.3635  ANGLE   =      1025.6697  DIHED      =       696.8877
 1-4 NB =       457.3743  1-4 EEL =      5699.4828  VDWAALS    =      6647.7308
 EELEC  =    -74812.7735  EHBOND  =         0.0000  RESTRAINT  =        48.6941
 EAMBER (non-restraint)  =    -59894.2648
 EKCMT  =      3975.8071  VIRIAL  =      3723.9114  VOLUME     =    152138.8844
                                                    Density    =         1.0381
 ------------------------------------------------------------------------------

wrapping first mol.:       19.42603       27.47256       47.58386
wrapping first mol.:       19.42603       27.47256       47.58386

 NSTEP =    33000   TIME(PS) =    2666.000  TEMP(K) =   304.02  PRESS =  -145.8
 Etot   =    -50013.6947  EKtot   =      9655.8701  EPtot      =    -59669.5649
 BOND   =       403.1116  ANGLE   =      1021.2647  DIHED      =       703.9895
 1-4 NB =       438.7745  1-4 EEL =      5749.7592  VDWAALS    =      6508.6374
 EELEC  =    -74539.5446  EHBOND  =         0.0000  RESTRAINT  =        44.4428
 EAMBER (non-restraint)  =    -59714.0077
 EKCMT  =      4048.9877  VIRIAL  =      4528.7866  VOLUME     =    152370.0605
                                                    Density    =         1.0365
 ------------------------------------------------------------------------------

wrapping first mol.:       19.40509       27.44294       47.53255
wrapping first mol.:       19.40509       27.44294       47.53255

 NSTEP =    33500   TIME(PS) =    2667.000  TEMP(K) =   300.62  PRESS =   256.8
 Etot   =    -49881.5143  EKtot   =      9547.7207  EPtot      =    -59429.2350
 BOND   =       447.0687  ANGLE   =      1065.1691  DIHED      =       713.9404
 1-4 NB =       448.2663  1-4 EEL =      5715.5740  VDWAALS    =      6564.9115
 EELEC  =    -74435.3652  EHBOND  =         0.0000  RESTRAINT  =        51.2001
 EAMBER (non-restraint)  =    -59480.4351
 EKCMT  =      4063.2982  VIRIAL  =      3221.1970  VOLUME     =    151872.2801
                                                    Density    =         1.0399
 ------------------------------------------------------------------------------

wrapping first mol.:       19.38401       27.41313       47.48094
wrapping first mol.:       19.38401       27.41313       47.48094

 NSTEP =    34000   TIME(PS) =    2668.000  TEMP(K) =   300.51  PRESS =   -58.9
 Etot   =    -50146.0396  EKtot   =      9544.3145  EPtot      =    -59690.3540
 BOND   =       375.1428  ANGLE   =      1060.4291  DIHED      =       690.4861
 1-4 NB =       463.8023  1-4 EEL =      5751.1221  VDWAALS    =      6538.3701
 EELEC  =    -74628.1509  EHBOND  =         0.0000  RESTRAINT  =        58.4443
 EAMBER (non-restraint)  =    -59748.7984
 EKCMT  =      3944.6813  VIRIAL  =      4137.0827  VOLUME     =    151382.3162
                                                    Density    =         1.0433
 ------------------------------------------------------------------------------

wrapping first mol.:       19.40482       27.44256       47.53190
wrapping first mol.:       19.40482       27.44256       47.53190

 NSTEP =    34500   TIME(PS) =    2669.000  TEMP(K) =   302.13  PRESS =   -15.0
 Etot   =    -50290.5283  EKtot   =      9595.7520  EPtot      =    -59886.2802
 BOND   =       400.1064  ANGLE   =      1009.6781  DIHED      =       709.4022
 1-4 NB =       451.4796  1-4 EEL =      5724.2317  VDWAALS    =      6769.0005
 EELEC  =    -75002.4255  EHBOND  =         0.0000  RESTRAINT  =        52.2468
 EAMBER (non-restraint)  =    -59938.5270
 EKCMT  =      4010.9970  VIRIAL  =      4060.1047  VOLUME     =    151869.7056
                                                    Density    =         1.0400
 ------------------------------------------------------------------------------

wrapping first mol.:       19.43166       27.48052       47.59765
wrapping first mol.:       19.43166       27.48052       47.59765

 NSTEP =    35000   TIME(PS) =    2670.000  TEMP(K) =   301.40  PRESS =   -23.7
 Etot   =    -50098.8876  EKtot   =      9572.4160  EPtot      =    -59671.3036
 BOND   =       389.0846  ANGLE   =      1001.9583  DIHED      =       716.5299
 1-4 NB =       450.7696  1-4 EEL =      5726.3908  VDWAALS    =      6515.7153
 EELEC  =    -74526.7707  EHBOND  =         0.0000  RESTRAINT  =        55.0184
 EAMBER (non-restraint)  =    -59726.3221
 EKCMT  =      4022.8929  VIRIAL  =      4101.0374  VOLUME     =    152500.9164
                                                    Density    =         1.0356
 ------------------------------------------------------------------------------

wrapping first mol.:       19.43277       27.48209       47.60037
wrapping first mol.:       19.43277       27.48209       47.60037

 NSTEP =    35500   TIME(PS) =    2671.000  TEMP(K) =   299.29  PRESS =  -217.8
 Etot   =    -50034.1283  EKtot   =      9505.6621  EPtot      =    -59539.7904
 BOND   =       398.1413  ANGLE   =      1003.2774  DIHED      =       715.5826
 1-4 NB =       449.7466  1-4 EEL =      5721.5408  VDWAALS    =      6502.3883
 EELEC  =    -74374.8226  EHBOND  =         0.0000  RESTRAINT  =        44.3551
 EAMBER (non-restraint)  =    -59584.1455
 EKCMT  =      4013.3446  VIRIAL  =      4730.7516  VOLUME     =    152529.6755
                                                    Density    =         1.0355
 ------------------------------------------------------------------------------

wrapping first mol.:       19.40298       27.43995       47.52738
wrapping first mol.:       19.40298       27.43995       47.52738

 NSTEP =    36000   TIME(PS) =    2672.000  TEMP(K) =   302.63  PRESS =   138.4
 Etot   =    -50032.0666  EKtot   =      9611.5684  EPtot      =    -59643.6350
 BOND   =       375.3293  ANGLE   =      1042.3018  DIHED      =       688.0320
 1-4 NB =       460.6743  1-4 EEL =      5765.4027  VDWAALS    =      6482.2255
 EELEC  =    -74509.7915  EHBOND  =         0.0000  RESTRAINT  =        52.1910
 EAMBER (non-restraint)  =    -59695.8260
 EKCMT  =      4066.0355  VIRIAL  =      3612.3121  VOLUME     =    151824.3251
                                                    Density    =         1.0403
 ------------------------------------------------------------------------------

wrapping first mol.:       19.41866       27.46213       47.56580
wrapping first mol.:       19.41866       27.46213       47.56580

 NSTEP =    36500   TIME(PS) =    2673.000  TEMP(K) =   298.85  PRESS =  -265.3
 Etot   =    -50115.2497  EKtot   =      9491.4902  EPtot      =    -59606.7399
 BOND   =       389.7782  ANGLE   =      1035.5963  DIHED      =       689.7790
 1-4 NB =       466.3902  1-4 EEL =      5766.7257  VDWAALS    =      6356.9706
 EELEC  =    -74365.2035  EHBOND  =         0.0000  RESTRAINT  =        53.2235
 EAMBER (non-restraint)  =    -59659.9634
 EKCMT  =      3919.5981  VIRIAL  =      4791.4915  VOLUME     =    152198.2860
                                                    Density    =         1.0377
 ------------------------------------------------------------------------------

wrapping first mol.:       19.39904       27.43438       47.51774
wrapping first mol.:       19.39904       27.43438       47.51774

 NSTEP =    37000   TIME(PS) =    2674.000  TEMP(K) =   298.29  PRESS =  -340.2
 Etot   =    -50486.4682  EKtot   =      9473.8711  EPtot      =    -59960.3393
 BOND   =       401.5940  ANGLE   =      1001.5971  DIHED      =       707.7649
 1-4 NB =       444.0907  1-4 EEL =      5765.7647  VDWAALS    =      6628.3061
 EELEC  =    -74963.6685  EHBOND  =         0.0000  RESTRAINT  =        54.2118
 EAMBER (non-restraint)  =    -60014.5511
 EKCMT  =      3994.2870  VIRIAL  =      5108.8330  VOLUME     =    151738.4307
                                                    Density    =         1.0409
 ------------------------------------------------------------------------------

wrapping first mol.:       19.39214       27.42462       47.50083
wrapping first mol.:       19.39214       27.42462       47.50083

 NSTEP =    37500   TIME(PS) =    2675.000  TEMP(K) =   300.81  PRESS =  -210.5
 Etot   =    -50119.3855  EKtot   =      9553.9023  EPtot      =    -59673.2878
 BOND   =       390.4588  ANGLE   =       998.0645  DIHED      =       702.2977
 1-4 NB =       457.2689  1-4 EEL =      5779.7165  VDWAALS    =      6442.2992
 EELEC  =    -74495.1625  EHBOND  =         0.0000  RESTRAINT  =        51.7690
 EAMBER (non-restraint)  =    -59725.0568
 EKCMT  =      3972.7956  VIRIAL  =      4661.5590  VOLUME     =    151574.7158
                                                    Density    =         1.0420
 ------------------------------------------------------------------------------

wrapping first mol.:       19.39369       27.42682       47.50465
wrapping first mol.:       19.39369       27.42682       47.50465

 NSTEP =    38000   TIME(PS) =    2676.000  TEMP(K) =   301.35  PRESS =    29.3
 Etot   =    -49932.0346  EKtot   =      9571.0977  EPtot      =    -59503.1322
 BOND   =       372.3429  ANGLE   =      1055.3037  DIHED      =       727.7778
 1-4 NB =       446.8795  1-4 EEL =      5702.3926  VDWAALS    =      6610.5072
 EELEC  =    -74470.9734  EHBOND  =         0.0000  RESTRAINT  =        52.6375
 EAMBER (non-restraint)  =    -59555.7698
 EKCMT  =      4077.2130  VIRIAL  =      3981.1405  VOLUME     =    151608.0413
                                                    Density    =         1.0417
 ------------------------------------------------------------------------------

wrapping first mol.:       19.41076       27.45095       47.54644
wrapping first mol.:       19.41076       27.45095       47.54644

 NSTEP =    38500   TIME(PS) =    2677.000  TEMP(K) =   298.90  PRESS =   135.8
 Etot   =    -50118.7247  EKtot   =      9493.2305  EPtot      =    -59611.9552
 BOND   =       397.7396  ANGLE   =      1059.4989  DIHED      =       716.3468
 1-4 NB =       449.7036  1-4 EEL =      5746.0471  VDWAALS    =      6678.6742
 EELEC  =    -74704.3933  EHBOND  =         0.0000  RESTRAINT  =        44.4279
 EAMBER (non-restraint)  =    -59656.3830
 EKCMT  =      3940.9641  VIRIAL  =      3495.3083  VOLUME     =    152007.0637
                                                    Density    =         1.0390
 ------------------------------------------------------------------------------

wrapping first mol.:       19.42836       27.47585       47.58957
wrapping first mol.:       19.42836       27.47585       47.58957

 NSTEP =    39000   TIME(PS) =    2678.000  TEMP(K) =   300.35  PRESS =   222.4
 Etot   =    -50112.0673  EKtot   =      9539.2852  EPtot      =    -59651.3525
 BOND   =       374.1994  ANGLE   =      1013.9449  DIHED      =       718.2447
 1-4 NB =       462.0369  1-4 EEL =      5722.1703  VDWAALS    =      6648.0283
 EELEC  =    -74643.5783  EHBOND  =         0.0000  RESTRAINT  =        53.6013
 EAMBER (non-restraint)  =    -59704.9538
 EKCMT  =      4019.6054  VIRIAL  =      3287.6454  VOLUME     =    152419.8981
                                                    Density    =         1.0362
 ------------------------------------------------------------------------------

wrapping first mol.:       19.42624       27.47285       47.58437
wrapping first mol.:       19.42624       27.47285       47.58437

 NSTEP =    39500   TIME(PS) =    2679.000  TEMP(K) =   297.36  PRESS =    85.8
 Etot   =    -50193.0836  EKtot   =      9444.2588  EPtot      =    -59637.3424
 BOND   =       392.3268  ANGLE   =       975.5587  DIHED      =       709.6413
 1-4 NB =       441.8418  1-4 EEL =      5732.2667  VDWAALS    =      6604.1130
 EELEC  =    -74541.1843  EHBOND  =         0.0000  RESTRAINT  =        48.0936
 EAMBER (non-restraint)  =    -59685.4360
 EKCMT  =      3958.1000  VIRIAL  =      3675.8515  VOLUME     =    152371.8019
                                                    Density    =         1.0365
 ------------------------------------------------------------------------------

wrapping first mol.:       19.45143       27.50847       47.64606
wrapping first mol.:       19.45143       27.50847       47.64606

 NSTEP =    40000   TIME(PS) =    2680.000  TEMP(K) =   298.81  PRESS =  -205.9
 Etot   =    -50298.0317  EKtot   =      9490.3232  EPtot      =    -59788.3549
 BOND   =       391.1004  ANGLE   =      1030.7822  DIHED      =       713.7185
 1-4 NB =       445.5187  1-4 EEL =      5712.5609  VDWAALS    =      6731.1040
 EELEC  =    -74865.6806  EHBOND  =         0.0000  RESTRAINT  =        52.5409
 EAMBER (non-restraint)  =    -59840.8959
 EKCMT  =      3982.6317  VIRIAL  =      4662.5145  VOLUME     =    152969.2119
                                                    Density    =         1.0325
 ------------------------------------------------------------------------------

wrapping first mol.:       19.43427       27.48421       47.60404
wrapping first mol.:       19.43427       27.48421       47.60404

 NSTEP =    40500   TIME(PS) =    2681.000  TEMP(K) =   296.78  PRESS =  -225.1
 Etot   =    -50372.7553  EKtot   =      9425.7197  EPtot      =    -59798.4750
 BOND   =       362.3550  ANGLE   =       998.7892  DIHED      =       692.3335
 1-4 NB =       450.5121  1-4 EEL =      5729.5259  VDWAALS    =      6585.3878
 EELEC  =    -74664.0154  EHBOND  =         0.0000  RESTRAINT  =        46.6368
 EAMBER (non-restraint)  =    -59845.1118
 EKCMT  =      3978.7252  VIRIAL  =      4720.2107  VOLUME     =    152565.1245
                                                    Density    =         1.0352
 ------------------------------------------------------------------------------

wrapping first mol.:       19.43336       27.48292       47.60182
wrapping first mol.:       19.43336       27.48292       47.60182

 NSTEP =    41000   TIME(PS) =    2682.000  TEMP(K) =   302.21  PRESS =  -356.0
 Etot   =    -50188.3789  EKtot   =      9598.2969  EPtot      =    -59786.6757
 BOND   =       403.5556  ANGLE   =      1011.9182  DIHED      =       698.2287
 1-4 NB =       457.8677  1-4 EEL =      5733.9195  VDWAALS    =      6522.3215
 EELEC  =    -74671.2402  EHBOND  =         0.0000  RESTRAINT  =        56.7533
 EAMBER (non-restraint)  =    -59843.4291
 EKCMT  =      4063.9307  VIRIAL  =      5236.5739  VOLUME     =    152545.4753
                                                    Density    =         1.0353
 ------------------------------------------------------------------------------

wrapping first mol.:       19.43694       27.48799       47.61059
wrapping first mol.:       19.43694       27.48799       47.61059

 NSTEP =    41500   TIME(PS) =    2683.000  TEMP(K) =   301.39  PRESS =  -200.5
 Etot   =    -50167.0186  EKtot   =      9572.2793  EPtot      =    -59739.2979
 BOND   =       408.6457  ANGLE   =      1039.6527  DIHED      =       693.2505
 1-4 NB =       444.8465  1-4 EEL =      5759.6546  VDWAALS    =      6679.0035
 EELEC  =    -74811.9111  EHBOND  =         0.0000  RESTRAINT  =        47.5597
 EAMBER (non-restraint)  =    -59786.8577
 EKCMT  =      4066.0226  VIRIAL  =      4726.7316  VOLUME     =    152627.7336
                                                    Density    =         1.0348
 ------------------------------------------------------------------------------

wrapping first mol.:       19.43576       27.48632       47.60770
wrapping first mol.:       19.43576       27.48632       47.60770

 NSTEP =    42000   TIME(PS) =    2684.000  TEMP(K) =   298.31  PRESS =  -438.7
 Etot   =    -50077.4982  EKtot   =      9474.3359  EPtot      =    -59551.8341
 BOND   =       393.0082  ANGLE   =      1022.6728  DIHED      =       717.7056
 1-4 NB =       456.6537  1-4 EEL =      5739.1454  VDWAALS    =      6555.2018
 EELEC  =    -74489.2939  EHBOND  =         0.0000  RESTRAINT  =        53.0723
 EAMBER (non-restraint)  =    -59604.9065
 EKCMT  =      3934.0534  VIRIAL  =      5379.4680  VOLUME     =    152603.1567
                                                    Density    =         1.0350
 ------------------------------------------------------------------------------

wrapping first mol.:       19.43227       27.48137       47.59913
wrapping first mol.:       19.43227       27.48137       47.59913

 NSTEP =    42500   TIME(PS) =    2685.000  TEMP(K) =   299.66  PRESS =   185.6
 Etot   =    -50036.2248  EKtot   =      9517.4424  EPtot      =    -59553.6672
 BOND   =       390.7667  ANGLE   =      1046.7096  DIHED      =       712.7617
 1-4 NB =       466.0237  1-4 EEL =      5737.5736  VDWAALS    =      6569.9702
 EELEC  =    -74526.4466  EHBOND  =         0.0000  RESTRAINT  =        48.9739
 EAMBER (non-restraint)  =    -59602.6412
 EKCMT  =      4026.7488  VIRIAL  =      3415.6791  VOLUME     =    152512.3208
                                                    Density    =         1.0356
 ------------------------------------------------------------------------------

wrapping first mol.:       19.42088       27.46527       47.57124
wrapping first mol.:       19.42088       27.46527       47.57124

 NSTEP =    43000   TIME(PS) =    2686.000  TEMP(K) =   304.89  PRESS =   195.1
 Etot   =    -49956.0482  EKtot   =      9683.3525  EPtot      =    -59639.4007
 BOND   =       364.5146  ANGLE   =      1010.0433  DIHED      =       725.1417
 1-4 NB =       457.5498  1-4 EEL =      5765.7190  VDWAALS    =      6575.5949
 EELEC  =    -74592.2742  EHBOND  =         0.0000  RESTRAINT  =        54.3103
 EAMBER (non-restraint)  =    -59693.7110
 EKCMT  =      4048.1101  VIRIAL  =      3406.8519  VOLUME     =    152244.2287
                                                    Density    =         1.0374
 ------------------------------------------------------------------------------

wrapping first mol.:       19.39848       27.43360       47.51638
wrapping first mol.:       19.39848       27.43360       47.51638

 NSTEP =    43500   TIME(PS) =    2687.000  TEMP(K) =   296.65  PRESS =    57.7
 Etot   =    -50234.7623  EKtot   =      9421.8057  EPtot      =    -59656.5680
 BOND   =       418.3854  ANGLE   =      1006.7204  DIHED      =       698.8089
 1-4 NB =       445.7062  1-4 EEL =      5750.4550  VDWAALS    =      6393.7133
 EELEC  =    -74425.2723  EHBOND  =         0.0000  RESTRAINT  =        54.9152
 EAMBER (non-restraint)  =    -59711.4832
 EKCMT  =      3985.3904  VIRIAL  =      3796.3731  VOLUME     =    151720.0033
                                                    Density    =         1.0410
 ------------------------------------------------------------------------------

wrapping first mol.:       19.41238       27.45325       47.55042
wrapping first mol.:       19.41238       27.45325       47.55042

 NSTEP =    44000   TIME(PS) =    2688.000  TEMP(K) =   298.37  PRESS =  -328.7
 Etot   =    -50182.9419  EKtot   =      9476.3359  EPtot      =    -59659.2778
 BOND   =       419.7574  ANGLE   =       999.4025  DIHED      =       687.7266
 1-4 NB =       448.2611  1-4 EEL =      5758.9384  VDWAALS    =      6468.8780
 EELEC  =    -74499.0584  EHBOND  =         0.0000  RESTRAINT  =        56.8165
 EAMBER (non-restraint)  =    -59716.0944
 EKCMT  =      3951.9719  VIRIAL  =      5030.9690  VOLUME     =    152051.5097
                                                    Density    =         1.0387
 ------------------------------------------------------------------------------

wrapping first mol.:       19.38848       27.41945       47.49187
wrapping first mol.:       19.38848       27.41945       47.49187

 NSTEP =    44500   TIME(PS) =    2689.000  TEMP(K) =   296.63  PRESS =  -113.7
 Etot   =    -50132.6092  EKtot   =      9421.1865  EPtot      =    -59553.7957
 BOND   =       410.2436  ANGLE   =      1003.3337  DIHED      =       706.8725
 1-4 NB =       455.0752  1-4 EEL =      5752.1591  VDWAALS    =      6449.2242
 EELEC  =    -74380.8878  EHBOND  =         0.0000  RESTRAINT  =        50.1838
 EAMBER (non-restraint)  =    -59603.9795
 EKCMT  =      3955.5479  VIRIAL  =      4327.4830  VOLUME     =    151487.6297
                                                    Density    =         1.0426
 ------------------------------------------------------------------------------

wrapping first mol.:       19.40334       27.44047       47.52829
wrapping first mol.:       19.40334       27.44047       47.52829

 NSTEP =    45000   TIME(PS) =    2690.000  TEMP(K) =   302.87  PRESS =    55.8
 Etot   =    -50101.9686  EKtot   =      9619.2529  EPtot      =    -59721.2215
 BOND   =       375.1421  ANGLE   =      1016.7310  DIHED      =       704.5714
 1-4 NB =       451.5153  1-4 EEL =      5683.7512  VDWAALS    =      6633.8650
 EELEC  =    -74639.6039  EHBOND  =         0.0000  RESTRAINT  =        52.8065
 EAMBER (non-restraint)  =    -59774.0280
 EKCMT  =      4013.5152  VIRIAL  =      3830.6630  VOLUME     =    151834.1005
                                                    Density    =         1.0402
 ------------------------------------------------------------------------------

wrapping first mol.:       19.41981       27.46376       47.56863
wrapping first mol.:       19.41981       27.46376       47.56863

 NSTEP =    45500   TIME(PS) =    2691.000  TEMP(K) =   298.24  PRESS =   -43.7
 Etot   =    -50096.4529  EKtot   =      9472.1797  EPtot      =    -59568.6326
 BOND   =       381.3229  ANGLE   =      1052.4633  DIHED      =       695.8215
 1-4 NB =       456.4330  1-4 EEL =      5752.3650  VDWAALS    =      6454.5963
 EELEC  =    -74413.7973  EHBOND  =         0.0000  RESTRAINT  =        52.1630
 EAMBER (non-restraint)  =    -59620.7955
 EKCMT  =      3922.9413  VIRIAL  =      4066.5925  VOLUME     =    152222.3755
                                                    Density    =         1.0375
 ------------------------------------------------------------------------------

wrapping first mol.:       19.40724       27.44597       47.53782
wrapping first mol.:       19.40724       27.44597       47.53782

 NSTEP =    46000   TIME(PS) =    2692.000  TEMP(K) =   298.84  PRESS =    -8.1
 Etot   =    -50108.9443  EKtot   =      9491.3984  EPtot      =    -59600.3428
 BOND   =       384.7762  ANGLE   =      1048.8801  DIHED      =       685.2254
 1-4 NB =       449.5454  1-4 EEL =      5713.3337  VDWAALS    =      6527.5645
 EELEC  =    -74461.8637  EHBOND  =         0.0000  RESTRAINT  =        52.1956
 EAMBER (non-restraint)  =    -59652.5384
 EKCMT  =      4011.4326  VIRIAL  =      4038.1040  VOLUME     =    151926.3288
                                                    Density    =         1.0396
 ------------------------------------------------------------------------------

wrapping first mol.:       19.39577       27.42976       47.50974
wrapping first mol.:       19.39577       27.42976       47.50974

 NSTEP =    46500   TIME(PS) =    2693.000  TEMP(K) =   296.95  PRESS =   -62.1
 Etot   =    -50195.9446  EKtot   =      9431.3301  EPtot      =    -59627.2747
 BOND   =       383.4564  ANGLE   =      1059.6463  DIHED      =       692.6543
 1-4 NB =       449.5309  1-4 EEL =      5710.2671  VDWAALS    =      6469.4447
 EELEC  =    -74452.0361  EHBOND  =         0.0000  RESTRAINT  =        59.7618
 EAMBER (non-restraint)  =    -59687.0365
 EKCMT  =      3959.1822  VIRIAL  =      4162.6123  VOLUME     =    151658.0261
                                                    Density    =         1.0414
 ------------------------------------------------------------------------------

wrapping first mol.:       19.39517       27.42891       47.50827
wrapping first mol.:       19.39517       27.42891       47.50827

 NSTEP =    47000   TIME(PS) =    2694.000  TEMP(K) =   294.98  PRESS =   -33.4
 Etot   =    -50400.7706  EKtot   =      9368.5918  EPtot      =    -59769.3624
 BOND   =       404.2287  ANGLE   =      1042.5128  DIHED      =       686.4153
 1-4 NB =       457.0160  1-4 EEL =      5754.9108  VDWAALS    =      6556.0194
 EELEC  =    -74724.4318  EHBOND  =         0.0000  RESTRAINT  =        53.9665
 EAMBER (non-restraint)  =    -59823.3289
 EKCMT  =      3913.9264  VIRIAL  =      4023.3616  VOLUME     =    151643.5173
                                                    Density    =         1.0415
 ------------------------------------------------------------------------------

wrapping first mol.:       19.38609       27.41607       47.48603
wrapping first mol.:       19.38609       27.41607       47.48603

 NSTEP =    47500   TIME(PS) =    2695.000  TEMP(K) =   296.46  PRESS =  -162.1
 Etot   =    -50143.5143  EKtot   =      9415.7441  EPtot      =    -59559.2584
 BOND   =       411.7947  ANGLE   =      1058.5792  DIHED      =       698.7216
 1-4 NB =       444.3235  1-4 EEL =      5727.9889  VDWAALS    =      6528.9957
 EELEC  =    -74483.3381  EHBOND  =         0.0000  RESTRAINT  =        53.6760
 EAMBER (non-restraint)  =    -59612.9344
 EKCMT  =      3892.7332  VIRIAL  =      4422.6129  VOLUME     =    151432.4234
                                                    Density    =         1.0430
 ------------------------------------------------------------------------------

wrapping first mol.:       19.38302       27.41174       47.47852
wrapping first mol.:       19.38302       27.41174       47.47852

 NSTEP =    48000   TIME(PS) =    2696.000  TEMP(K) =   299.68  PRESS =  -186.5
 Etot   =    -50269.4595  EKtot   =      9517.9561  EPtot      =    -59787.4156
 BOND   =       390.7638  ANGLE   =      1036.1377  DIHED      =       677.7005
 1-4 NB =       463.7275  1-4 EEL =      5772.4629  VDWAALS    =      6473.4104
 EELEC  =    -74648.8282  EHBOND  =         0.0000  RESTRAINT  =        47.2099
 EAMBER (non-restraint)  =    -59834.6255
 EKCMT  =      3940.7533  VIRIAL  =      4550.2117  VOLUME     =    151360.8671
                                                    Density    =         1.0434
 ------------------------------------------------------------------------------

wrapping first mol.:       19.41439       27.45610       47.55535
wrapping first mol.:       19.41439       27.45610       47.55535

 NSTEP =    48500   TIME(PS) =    2697.000  TEMP(K) =   302.92  PRESS =   204.8
 Etot   =    -50062.7452  EKtot   =      9620.8984  EPtot      =    -59683.6437
 BOND   =       416.3053  ANGLE   =      1004.1723  DIHED      =       716.0719
 1-4 NB =       453.3822  1-4 EEL =      5755.9153  VDWAALS    =      6615.5472
 EELEC  =    -74698.5002  EHBOND  =         0.0000  RESTRAINT  =        53.4623
 EAMBER (non-restraint)  =    -59737.1059
 EKCMT  =      4042.7787  VIRIAL  =      3370.2009  VOLUME     =    152091.6142
                                                    Density    =         1.0384
 ------------------------------------------------------------------------------

wrapping first mol.:       19.40987       27.44970       47.54428
wrapping first mol.:       19.40987       27.44970       47.54428

 NSTEP =    49000   TIME(PS) =    2698.000  TEMP(K) =   300.26  PRESS =  -224.3
 Etot   =    -50234.4113  EKtot   =      9536.4082  EPtot      =    -59770.8195
 BOND   =       372.4814  ANGLE   =      1017.1462  DIHED      =       689.3578
 1-4 NB =       461.9569  1-4 EEL =      5750.2854  VDWAALS    =      6616.0352
 EELEC  =    -74724.4698  EHBOND  =         0.0000  RESTRAINT  =        46.3873
 EAMBER (non-restraint)  =    -59817.2068
 EKCMT  =      4017.0571  VIRIAL  =      4753.0313  VOLUME     =    151991.2007
                                                    Density    =         1.0391
 ------------------------------------------------------------------------------

wrapping first mol.:       19.39398       27.42723       47.50535
wrapping first mol.:       19.39398       27.42723       47.50535

 NSTEP =    49500   TIME(PS) =    2699.000  TEMP(K) =   300.96  PRESS =  -305.5
 Etot   =    -50156.5697  EKtot   =      9558.5820  EPtot      =    -59715.1517
 BOND   =       395.0132  ANGLE   =      1034.5630  DIHED      =       712.1546
 1-4 NB =       461.3266  1-4 EEL =      5718.3174  VDWAALS    =      6579.5011
 EELEC  =    -74666.7977  EHBOND  =         0.0000  RESTRAINT  =        50.7701
 EAMBER (non-restraint)  =    -59765.9218
 EKCMT  =      4050.3240  VIRIAL  =      5050.4436  VOLUME     =    151619.2452
                                                    Density    =         1.0417
 ------------------------------------------------------------------------------

wrapping first mol.:       19.38981       27.42133       47.49514
wrapping first mol.:       19.38981       27.42133       47.49514

 NSTEP =    50000   TIME(PS) =    2700.000  TEMP(K) =   296.84  PRESS =  -285.3
 Etot   =    -50413.5781  EKtot   =      9427.8330  EPtot      =    -59841.4111
 BOND   =       380.7834  ANGLE   =      1043.9624  DIHED      =       727.9669
 1-4 NB =       450.7539  1-4 EEL =      5761.0332  VDWAALS    =      6465.4843
 EELEC  =    -74721.7803  EHBOND  =         0.0000  RESTRAINT  =        50.3850
 EAMBER (non-restraint)  =    -59891.7962
 EKCMT  =      3986.4964  VIRIAL  =      4919.8609  VOLUME     =    151521.2426
                                                    Density    =         1.0423
 ------------------------------------------------------------------------------


      A V E R A G E S   O V E R     100 S T E P S


 NSTEP =    50000   TIME(PS) =    2700.000  TEMP(K) =   300.21  PRESS =   -24.3
 Etot   =    -50142.6003  EKtot   =      9534.6008  EPtot      =    -59677.2011
 BOND   =       395.2553  ANGLE   =      1033.6759  DIHED      =       704.1858
 1-4 NB =       453.6505  1-4 EEL =      5737.5595  VDWAALS    =      6573.5236
 EELEC  =    -74625.8455  EHBOND  =         0.0000  RESTRAINT  =        50.7937
 EAMBER (non-restraint)  =    -59727.9949
 EKCMT  =      3992.9107  VIRIAL  =      4072.6111  VOLUME     =    151985.6205
                                                    Density    =         1.0392
 ------------------------------------------------------------------------------


      R M S  F L U C T U A T I O N S


 NSTEP =    50000   TIME(PS) =    2700.000  TEMP(K) =     2.33  PRESS =   200.5
 Etot   =       136.8954  EKtot   =        74.0829  EPtot      =       111.7216
 BOND   =        17.7798  ANGLE   =        22.9458  DIHED      =        12.6466
 1-4 NB =         8.1540  1-4 EEL =        22.3748  VDWAALS    =       108.8922
 EELEC  =       176.3637  EHBOND  =         0.0000  RESTRAINT  =         3.7499
 EAMBER (non-restraint)  =       107.9717
 EKCMT  =        45.2703  VIRIAL  =       657.0478  VOLUME     =       345.0688
                                                    Density    =         0.0024
 ------------------------------------------------------------------------------

--------------------------------------------------------------------------------
   5.  TIMINGS
--------------------------------------------------------------------------------

|  NonSetup CPU Time in Major Routines:
|
|     Routine           Sec        %
|     ------------------------------
|     Nonbond          69.69   83.52
|     Bond              0.00    0.00
|     Angle             0.00    0.00
|     Dihedral          0.00    0.00
|     Shake             0.27    0.33
|     RunMD            13.39   16.04
|     Other             0.09    0.11
|     ------------------------------
|     Total            83.45

|  PME Nonbond Pairlist CPU Time:
|
|     Routine              Sec        %
|     ---------------------------------
|     Set Up Cit           0.00    0.00
|     Build List           0.00    0.00
|     ---------------------------------
|     Total                0.00    0.00

|  PME Direct Force CPU Time:
|
|     Routine              Sec        %
|     ---------------------------------
|     NonBonded Calc       0.00    0.00
|     Exclude Masked       0.00    0.00
|     Other                0.06    0.07
|     ---------------------------------
|     Total                0.06    0.07

|  PME Reciprocal Force CPU Time:
|
|     Routine              Sec        %
|     ---------------------------------
|     1D bspline           0.00    0.00
|     Grid Charges         0.00    0.00
|     Scalar Sum           0.00    0.00
|     Gradient Sum         0.00    0.00
|     FFT                  0.00    0.00
|     ---------------------------------
|     Total                0.00    0.00

|  Final Performance Info:
|     -----------------------------------------------------
|     Average timings for last   13500 steps:
|     Elapsed(s) =      22.54 Per Step(ms) =       1.67
|         ns/day =     103.49   seconds/ns =     834.83
|
|     Average timings for all steps:
|     Elapsed(s) =      83.44 Per Step(ms) =       1.67
|         ns/day =     103.55   seconds/ns =     834.37
|     -----------------------------------------------------

|  Setup CPU time:            0.59 seconds
|  NonSetup CPU time:        83.45 seconds
|  Total CPU time:           84.03 seconds     0.02 hours

|  Setup wall time:           1    seconds
|  NonSetup wall time:       83    seconds
|  Total wall time:          84    seconds     0.02 hours
