
          -------------------------------------------------------
          Amber 18 PMEMD                              2018
          -------------------------------------------------------

| PMEMD implementation of SANDER, Release 18

| Run on 09/29/2019 at 22:59:17

|   Executable path: pmemd.cuda
| Working directory: /home/pbarletta/lbp/run/1ifb/mhe/e
|          Hostname: Unknown
  [-O]verwriting output

File Assignments:
|   MDIN: 28equ.in                                                              
|  MDOUT: 28equ.out                                                             
| INPCRD: 27e1ifb.rst7                                                          
|   PARM: /home/pbarletta/lbp/top_files/1ifb.prmtop                             
| RESTRT: 28e1ifb.rst7                                                          
|   REFC: 27e1ifb.rst7                                                          
|  MDVEL: mdvel                                                                 
|   MDEN: mden                                                                  
|  MDCRD: 28e1ifb.nc                                                            
| MDINFO: mdinfo                                                                
|  MDFRC: mdfrc                                                                 


 Here is the input file:

Equilibration with solute restrictions                                         
&cntrl                                                                         
imin = 0,                           ! No Minimization                          
nmropt = 0,                         ! No NMR restraints read                   
                                                                               
! Nature and format of the input                                               
ntx = 5,                            ! Coordinates but no velocities will be rea
irest = 1,                          ! Do not run a new simulation              
                                                                               
! Nature and format of the output                                              
ntxo = 1,                           ! rstrt file in ASCII format               
ntpr = 500,                         ! inf in output every ntpr steps           
ntwr = 500,                         ! rstrt file every ntwr steps              
ntwx = 500,                         ! mdcrd file every ntwx steps              
ntwv = 0,                           ! mdvel without velocities                 
ntwe = 0,                           ! Do not write energies and temperatures   
idecomp = 0,                        ! No energy decomposition                  
iwrap = 1,                          ! Coordinates of the restart and mdcrd file
                                                                               
! Frozen or restrained atoms                                                   
ibelly = 0,                         ! No frozen atoms                          
ntr=1,                              ! Harmonic potential restraints            
restraint_wt = 0.45,                ! The weight for the positional restraints 
restraintmask = ':1-131@N,CA,C,O',  ! restrained residues                      
                                                                               
! Molecular dynamics                                                           
nstlim = 50000,                     ! Number of MD-steps                       
dt = 0.002,                         ! Time step                                
                                                                               
! Temperature regulation                                                       
ntt = 3,                            ! Langevin thermostat                      
gamma_ln = 5,                       ! Gamma constant for Langevin              
temp0 = 300.0,                      ! Reference T at which the system is to be 
tempi = 300.0,                      ! Initial T                                
ig = -1,                            ! Seed for the RNG                         
                                                                               
! P and V regulation                                                           
ntp = 1,                            ! constant P                               
barostat = 1,                       ! Berendsen barostat                       
taup = 1,                           ! Pressure relaxation time                 
ntb = 2,                            ! Periodic box for constant P              
                                                                               
! SHAKE variables                                                              
ntc = 2,                            ! Bonds involving H are constrained        
ntf = 2,                            ! Bond interaction involving H are ommited.
                                                                               
cut = 10.0,                         ! Nonbonded cutoff                         
/                                                                              
&end                                                                           


Note: ig = -1. Setting random seed to   448218 based on wallclock time in 
      microseconds.
| irandom = 1, using AMBER's internal random number generator (default).
 
|--------------------- INFORMATION ----------------------
| GPU (CUDA) Version of PMEMD in use: NVIDIA GPU IN USE.
|                    Version 18.0.0
| 
|                      03/25/2018
| 
| Implementation by:
|                    Ross C. Walker     (SDSC)
|                    Scott Le Grand     (nVIDIA)
| 
| Version 18 performance extensions by:
|                    David Cerutti     (Rutgers)
| 
| Precision model in use:
|      [SPFP] - Single Precision Forces, 64-bit Fixed Point
|               Accumulation. (Default)
| 
|--------------------------------------------------------
 
|----------------- CITATION INFORMATION -----------------
|
|    When publishing work that utilized the CUDA version
|    of AMBER, please cite the following in addition to
|    the regular AMBER citations:
|
|  - Romelia Salomon-Ferrer; Andreas W. Goetz; Duncan
|    Poole; Scott Le Grand; Ross C. Walker "Routine
|    microsecond molecular dynamics simulations with
|    AMBER - Part II: Particle Mesh Ewald", J. Chem.
|    Theory Comput., 2013, 9 (9), pp3878-3888,
|    DOI: 10.1021/ct400314y.
|
|  - Andreas W. Goetz; Mark J. Williamson; Dong Xu;
|    Duncan Poole; Scott Le Grand; Ross C. Walker
|    "Routine microsecond molecular dynamics simulations
|    with AMBER - Part I: Generalized Born", J. Chem.
|    Theory Comput., 2012, 8 (5), pp1542-1555.
|
|  - Scott Le Grand; Andreas W. Goetz; Ross C. Walker
|    "SPFP: Speed without compromise - a mixed precision
|    model for GPU accelerated molecular dynamics
|    simulations.", Comp. Phys. Comm., 2013, 184
|    pp374-380, DOI: 10.1016/j.cpc.2012.09.022
|
|--------------------------------------------------------
 
|------------------- GPU DEVICE INFO --------------------
|
|            CUDA_VISIBLE_DEVICES: 0
|   CUDA Capable Devices Detected:      1
|           CUDA Device ID in use:      0
|                CUDA Device Name: GeForce GTX 1060 6GB
|     CUDA Device Global Mem Size:   6078 MB
| CUDA Device Num Multiprocessors:     10
|           CUDA Device Core Freq:   1.76 GHz
|
|--------------------------------------------------------
 
 
| Conditional Compilation Defines Used:
| PUBFFT
| BINTRAJ
| CUDA
| EMIL

| Largest sphere to fit in unit cell has radius =    23.767

| New format PARM file being parsed.
| Version =    1.000 Date = 09/29/19 Time = 21:52:31

| Note: 1-4 EEL scale factors are being read from the topology file.

| Note: 1-4 VDW scale factors are being read from the topology file.
| Duplicated    0 dihedrals

| Duplicated    0 dihedrals

--------------------------------------------------------------------------------
   1.  RESOURCE   USE: 
--------------------------------------------------------------------------------

 getting new box info from bottom of inpcrd
 NATOM  =   19901 NTYPES =      17 NBONH =   14397 MBONA  =    5520
 NTHETH =    2406 MTHETA =    1438 NPHIH =    4850 MPHIA  =    4505
 NHPARM =       0 NPARM  =       0 NNB   =   42760 NRES   =    4578
 NBONA  =    5520 NTHETA =    1438 NPHIA =    4505 NUMBND =      69
 NUMANG =     155 NPTRA  =     178 NATYP =      35 NPHB   =       1
 IFBOX  =       2 NMXRS  =      24 IFCAP =       0 NEXTRA =    4447
 NCOPY  =       0

| Coordinate Index Table dimensions:     9    9    9
| Direct force subcell size =     6.4687    6.4687    6.4687

     BOX TYPE: TRUNCATED OCTAHEDRON

--------------------------------------------------------------------------------
   2.  CONTROL  DATA  FOR  THE  RUN
--------------------------------------------------------------------------------

default_name                                                                    

General flags:
     imin    =       0, nmropt  =       0

Nature and format of input:
     ntx     =       5, irest   =       1, ntrx    =       1

Nature and format of output:
     ntxo    =       1, ntpr    =     500, ntrx    =       1, ntwr    =     500
     iwrap   =       1, ntwx    =     500, ntwv    =       0, ntwe    =       0
     ioutfm  =       1, ntwprt  =       0, idecomp =       0, rbornstat=      0

Potential function:
     ntf     =       2, ntb     =       2, igb     =       0, nsnb    =      25
     ipol    =       0, gbsa    =       0, iesp    =       0
     dielc   =   1.00000, cut     =  10.00000, intdiel =   1.00000

Frozen or restrained atoms:
     ibelly  =       0, ntr     =       1
     restraint_wt =   0.45000

Molecular dynamics:
     nstlim  =     50000, nscm    =         0, nrespa  =         1
     t       =   0.00000, dt      =   0.00200, vlimit  =  -1.00000

Langevin dynamics temperature regulation:
     ig      =  448218
     temp0   = 300.00000, tempi   = 300.00000, gamma_ln=   5.00000

Pressure regulation:
     ntp     =       1
     pres0   =   1.00000, comp    =  44.60000, taup    =   1.00000

SHAKE:
     ntc     =       2, jfastw  =       0
     tol     =   0.00001

| Intermolecular bonds treatment:
|     no_intermolecular_bonds =       1

| Energy averages sample interval:
|     ene_avg_sampling =     500

Extra-points options:
     frameon =       1, chngmask=       1

Ewald parameters:
     verbose =       0, ew_type =       0, nbflag  =       1, use_pme =       1
     vdwmeth =       1, eedmeth =       1, netfrc  =       1
     Box X =   58.218   Box Y =   58.218   Box Z =   58.218
     Alpha =  109.471   Beta  =  109.471   Gamma =  109.471
     NFFT1 =   64       NFFT2 =   64       NFFT3 =   64
     Cutoff=   10.000   Tol   =0.100E-04
     Ewald Coefficient =  0.27511
     Interpolation order =    4

    LOADING THE CONSTRAINED ATOMS AS GROUPS


   5.  REFERENCE ATOM COORDINATES

  default_name                                                                    
     Mask :1-131@N,CA,C,O; matches   524 atoms
|      EXTRA_PTS, trim_bonds: num bonds BEFORE trim = 14397     0
|      EXTRA_PTS, trim_bonds: num bonds AFTER  trim = 14397     0
|      EXTRA_PTS, trim_bonds: num bonds BEFORE trim =  5520     0
|      EXTRA_PTS, trim_bonds: num bonds AFTER  trim =  1073     0
|      EXTRA_PTS, trim_theta: num angle BEFORE trim =  2406     0
|      EXTRA_PTS, trim_theta: num angle AFTER  trim =  2406     0
|      EXTRA_PTS, trim_theta: num angle BEFORE trim =  1438     0
|      EXTRA_PTS, trim_theta: num angle AFTER  trim =  1438     0
|      EXTRA_PTS, trim_phi:  num diheds BEFORE trim =  4850     0
|      EXTRA_PTS, trim_phi:  num diheds AFTER  trim =  4850     0
|      EXTRA_PTS, trim_phi:  num diheds BEFORE trim =  4505     0
|      EXTRA_PTS, trim_phi:  num diheds AFTER  trim =  4505     0

--------------------------------------------------------------------------------
   3.  ATOMIC COORDINATES AND VELOCITIES
--------------------------------------------------------------------------------

default_name                                                                    
 begin time read from input coords =  3100.000 ps

 
 Number of triangulated 3-point waters found:     4447

     Sum of charges from parm topology file =   0.00002436
     Forcing neutrality...

| Dynamic Memory, Types Used:
| Reals              996413
| Integers          1467781

| Nonbonded Pairs Initial Allocation:     6019554

| GPU memory information (estimate):
| KB of GPU memory in use:         0
| KB of CPU memory in use:         0

--------------------------------------------------------------------------------
   4.  RESULTS
--------------------------------------------------------------------------------

wrapping first mol.:       19.39166       27.42395       47.49966
wrapping first mol.:       19.39166       27.42395       47.49966

 NSTEP =      500   TIME(PS) =    3101.000  TEMP(K) =   302.08  PRESS =   276.2
 Etot   =    -50224.9022  EKtot   =      9594.2676  EPtot      =    -59819.1697
 BOND   =       385.1391  ANGLE   =      1035.7416  DIHED      =       679.3550
 1-4 NB =       449.2722  1-4 EEL =      5772.0859  VDWAALS    =      6533.8708
 EELEC  =    -74703.8160  EHBOND  =         0.0000  RESTRAINT  =        29.1817
 EAMBER (non-restraint)  =    -59848.3514
 EKCMT  =      4059.1337  VIRIAL  =      3155.2091  VOLUME     =    151556.9633
                                                    Density    =         1.0421
 ------------------------------------------------------------------------------

wrapping first mol.:       19.39555       27.42945       47.50920
wrapping first mol.:       19.39555       27.42945       47.50920

 NSTEP =     1000   TIME(PS) =    3102.000  TEMP(K) =   300.18  PRESS =   144.4
 Etot   =    -50397.9281  EKtot   =      9533.8604  EPtot      =    -59931.7884
 BOND   =       417.6775  ANGLE   =      1001.9673  DIHED      =       697.5161
 1-4 NB =       451.6406  1-4 EEL =      5816.0989  VDWAALS    =      6753.8730
 EELEC  =    -75099.4345  EHBOND  =         0.0000  RESTRAINT  =        28.8726
 EAMBER (non-restraint)  =    -59960.6610
 EKCMT  =      4007.4148  VIRIAL  =      3534.5765  VOLUME     =    151650.0105
                                                    Density    =         1.0415
 ------------------------------------------------------------------------------

wrapping first mol.:       19.39599       27.43007       47.51027
wrapping first mol.:       19.39599       27.43007       47.51027

 NSTEP =     1500   TIME(PS) =    3103.000  TEMP(K) =   296.58  PRESS =   210.8
 Etot   =    -50273.8468  EKtot   =      9419.3682  EPtot      =    -59693.2150
 BOND   =       393.8593  ANGLE   =      1035.8053  DIHED      =       712.2764
 1-4 NB =       454.8456  1-4 EEL =      5762.8446  VDWAALS    =      6612.7748
 EELEC  =    -74698.8766  EHBOND  =         0.0000  RESTRAINT  =        33.2556
 EAMBER (non-restraint)  =    -59726.4706
 EKCMT  =      3950.2562  VIRIAL  =      3259.9914  VOLUME     =    151659.4402
                                                    Density    =         1.0414
 ------------------------------------------------------------------------------

wrapping first mol.:       19.41461       27.45640       47.55588
wrapping first mol.:       19.41461       27.45640       47.55588

 NSTEP =     2000   TIME(PS) =    3104.000  TEMP(K) =   302.03  PRESS =   431.7
 Etot   =    -50236.4062  EKtot   =      9592.6611  EPtot      =    -59829.0673
 BOND   =       397.8745  ANGLE   =      1042.6912  DIHED      =       703.8221
 1-4 NB =       446.2196  1-4 EEL =      5797.6737  VDWAALS    =      6737.7694
 EELEC  =    -74986.6145  EHBOND  =         0.0000  RESTRAINT  =        31.4965
 EAMBER (non-restraint)  =    -59860.5639
 EKCMT  =      4057.1704  VIRIAL  =      2639.6285  VOLUME     =    152093.5872
                                                    Density    =         1.0384
 ------------------------------------------------------------------------------

wrapping first mol.:       19.41664       27.45928       47.56086
wrapping first mol.:       19.41664       27.45928       47.56086

 NSTEP =     2500   TIME(PS) =    3105.000  TEMP(K) =   297.77  PRESS =   262.2
 Etot   =    -50087.9098  EKtot   =      9457.2744  EPtot      =    -59545.1842
 BOND   =       433.6873  ANGLE   =      1012.1900  DIHED      =       686.6536
 1-4 NB =       446.8801  1-4 EEL =      5782.1586  VDWAALS    =      6643.0690
 EELEC  =    -74581.2464  EHBOND  =         0.0000  RESTRAINT  =        31.4236
 EAMBER (non-restraint)  =    -59576.6079
 EKCMT  =      3907.9453  VIRIAL  =      3046.5748  VOLUME     =    152143.6543
                                                    Density    =         1.0381
 ------------------------------------------------------------------------------

wrapping first mol.:       19.40557       27.44361       47.53373
wrapping first mol.:       19.40557       27.44361       47.53373

 NSTEP =     3000   TIME(PS) =    3106.000  TEMP(K) =   300.59  PRESS =  -120.7
 Etot   =    -50105.7219  EKtot   =      9546.9307  EPtot      =    -59652.6526
 BOND   =       385.2823  ANGLE   =       992.4528  DIHED      =       696.9388
 1-4 NB =       462.3357  1-4 EEL =      5768.9307  VDWAALS    =      6556.2863
 EELEC  =    -74541.1956  EHBOND  =         0.0000  RESTRAINT  =        26.3162
 EAMBER (non-restraint)  =    -59678.9688
 EKCMT  =      3960.1881  VIRIAL  =      4356.0735  VOLUME     =    151888.6580
                                                    Density    =         1.0398
 ------------------------------------------------------------------------------

wrapping first mol.:       19.40400       27.44140       47.52989
wrapping first mol.:       19.40400       27.44140       47.52989

 NSTEP =     3500   TIME(PS) =    3107.000  TEMP(K) =   297.76  PRESS =  -345.4
 Etot   =    -50384.0945  EKtot   =      9457.0244  EPtot      =    -59841.1189
 BOND   =       401.6053  ANGLE   =      1030.5221  DIHED      =       696.0040
 1-4 NB =       444.5100  1-4 EEL =      5805.4566  VDWAALS    =      6621.0050
 EELEC  =    -74866.9036  EHBOND  =         0.0000  RESTRAINT  =        26.6818
 EAMBER (non-restraint)  =    -59867.8007
 EKCMT  =      4008.9653  VIRIAL  =      5141.4419  VOLUME     =    151854.8917
                                                    Density    =         1.0401
 ------------------------------------------------------------------------------

wrapping first mol.:       19.40204       27.43863       47.52510
wrapping first mol.:       19.40204       27.43863       47.52510

 NSTEP =     4000   TIME(PS) =    3108.000  TEMP(K) =   302.54  PRESS =   -36.4
 Etot   =    -50137.5602  EKtot   =      9608.6426  EPtot      =    -59746.2028
 BOND   =       369.1760  ANGLE   =      1030.4030  DIHED      =       729.5464
 1-4 NB =       459.7051  1-4 EEL =      5811.7951  VDWAALS    =      6668.4371
 EELEC  =    -74845.4293  EHBOND  =         0.0000  RESTRAINT  =        30.1639
 EAMBER (non-restraint)  =    -59776.3667
 EKCMT  =      4012.9046  VIRIAL  =      4132.2503  VOLUME     =    151804.8141
                                                    Density    =         1.0404
 ------------------------------------------------------------------------------

wrapping first mol.:       19.40464       27.44231       47.53147
wrapping first mol.:       19.40464       27.44231       47.53147

 NSTEP =     4500   TIME(PS) =    3109.000  TEMP(K) =   303.19  PRESS =  -254.4
 Etot   =    -50084.6473  EKtot   =      9629.3574  EPtot      =    -59714.0048
 BOND   =       404.1907  ANGLE   =      1073.8804  DIHED      =       703.9041
 1-4 NB =       453.2134  1-4 EEL =      5749.5148  VDWAALS    =      6474.2487
 EELEC  =    -74609.7589  EHBOND  =         0.0000  RESTRAINT  =        36.8021
 EAMBER (non-restraint)  =    -59750.8069
 EKCMT  =      4006.0059  VIRIAL  =      4840.1749  VOLUME     =    151868.7887
                                                    Density    =         1.0400
 ------------------------------------------------------------------------------

wrapping first mol.:       19.42324       27.46861       47.57702
wrapping first mol.:       19.42324       27.46861       47.57702

 NSTEP =     5000   TIME(PS) =    3110.000  TEMP(K) =   300.69  PRESS =   -34.3
 Etot   =    -50183.8091  EKtot   =      9549.9541  EPtot      =    -59733.7632
 BOND   =       380.0164  ANGLE   =      1008.3162  DIHED      =       682.8471
 1-4 NB =       457.2299  1-4 EEL =      5766.4940  VDWAALS    =      6580.0214
 EELEC  =    -74643.6977  EHBOND  =         0.0000  RESTRAINT  =        35.0095
 EAMBER (non-restraint)  =    -59768.7727
 EKCMT  =      4047.9984  VIRIAL  =      4160.8616  VOLUME     =    152302.8533
                                                    Density    =         1.0370
 ------------------------------------------------------------------------------

wrapping first mol.:       19.42560       27.47195       47.58280
wrapping first mol.:       19.42560       27.47195       47.58280

 NSTEP =     5500   TIME(PS) =    3111.000  TEMP(K) =   299.56  PRESS =   414.3
 Etot   =    -50091.7796  EKtot   =      9514.0898  EPtot      =    -59605.8694
 BOND   =       394.1896  ANGLE   =      1021.0032  DIHED      =       703.8928
 1-4 NB =       447.2017  1-4 EEL =      5735.2101  VDWAALS    =      6606.7234
 EELEC  =    -74544.7389  EHBOND  =         0.0000  RESTRAINT  =        30.6487
 EAMBER (non-restraint)  =    -59636.5181
 EKCMT  =      4004.8875  VIRIAL  =      2642.2101  VOLUME     =    152352.2863
                                                    Density    =         1.0367
 ------------------------------------------------------------------------------

wrapping first mol.:       19.40282       27.43973       47.52701
wrapping first mol.:       19.40282       27.43973       47.52701

 NSTEP =     6000   TIME(PS) =    3112.000  TEMP(K) =   298.95  PRESS =  -298.5
 Etot   =    -50545.7362  EKtot   =      9494.7295  EPtot      =    -60040.4657
 BOND   =       404.7963  ANGLE   =      1018.2197  DIHED      =       714.0512
 1-4 NB =       450.0394  1-4 EEL =      5748.8193  VDWAALS    =      6628.3324
 EELEC  =    -75044.5325  EHBOND  =         0.0000  RESTRAINT  =        39.8083
 EAMBER (non-restraint)  =    -60080.2740
 EKCMT  =      3981.7705  VIRIAL  =      4960.3836  VOLUME     =    151826.6257
                                                    Density    =         1.0402
 ------------------------------------------------------------------------------

wrapping first mol.:       19.40874       27.44810       47.54150
wrapping first mol.:       19.40874       27.44810       47.54150

 NSTEP =     6500   TIME(PS) =    3113.000  TEMP(K) =   298.32  PRESS =   -38.1
 Etot   =    -50216.0882  EKtot   =      9474.5889  EPtot      =    -59690.6770
 BOND   =       392.7485  ANGLE   =      1017.0048  DIHED      =       687.2837
 1-4 NB =       458.8387  1-4 EEL =      5783.6362  VDWAALS    =      6575.3510
 EELEC  =    -74636.8875  EHBOND  =         0.0000  RESTRAINT  =        31.3476
 EAMBER (non-restraint)  =    -59722.0246
 EKCMT  =      3962.1815  VIRIAL  =      4087.2563  VOLUME     =    151962.0859
                                                    Density    =         1.0393
 ------------------------------------------------------------------------------

wrapping first mol.:       19.40397       27.44136       47.52982
wrapping first mol.:       19.40397       27.44136       47.52982

 NSTEP =     7000   TIME(PS) =    3114.000  TEMP(K) =   302.81  PRESS =  -277.7
 Etot   =    -50211.8336  EKtot   =      9617.2510  EPtot      =    -59829.0846
 BOND   =       404.0047  ANGLE   =      1011.3032  DIHED      =       691.3565
 1-4 NB =       444.6167  1-4 EEL =      5725.0238  VDWAALS    =      6466.6078
 EELEC  =    -74607.8054  EHBOND  =         0.0000  RESTRAINT  =        35.8081
 EAMBER (non-restraint)  =    -59864.8926
 EKCMT  =      4071.7819  VIRIAL  =      4982.3028  VOLUME     =    151853.2844
                                                    Density    =         1.0401
 ------------------------------------------------------------------------------

wrapping first mol.:       19.38318       27.41196       47.47890
wrapping first mol.:       19.38318       27.41196       47.47890

 NSTEP =     7500   TIME(PS) =    3115.000  TEMP(K) =   297.50  PRESS =  -139.4
 Etot   =    -50314.6757  EKtot   =      9448.6396  EPtot      =    -59763.3154
 BOND   =       379.6561  ANGLE   =       954.8271  DIHED      =       700.8208
 1-4 NB =       453.5440  1-4 EEL =      5782.4134  VDWAALS    =      6446.9373
 EELEC  =    -74516.8625  EHBOND  =         0.0000  RESTRAINT  =        35.3485
 EAMBER (non-restraint)  =    -59798.6638
 EKCMT  =      3955.4792  VIRIAL  =      4411.0656  VOLUME     =    151363.8682
                                                    Density    =         1.0434
 ------------------------------------------------------------------------------

wrapping first mol.:       19.38765       27.41827       47.48984
wrapping first mol.:       19.38765       27.41827       47.48984

 NSTEP =     8000   TIME(PS) =    3116.000  TEMP(K) =   299.12  PRESS =   604.7
 Etot   =    -50227.0211  EKtot   =      9500.1875  EPtot      =    -59727.2086
 BOND   =       411.2527  ANGLE   =      1033.7770  DIHED      =       690.9318
 1-4 NB =       445.0902  1-4 EEL =      5735.4528  VDWAALS    =      6796.0240
 EELEC  =    -74872.6797  EHBOND  =         0.0000  RESTRAINT  =        32.9426
 EAMBER (non-restraint)  =    -59760.1512
 EKCMT  =      4003.3083  VIRIAL  =      2025.6905  VOLUME     =    151458.4822
                                                    Density    =         1.0428
 ------------------------------------------------------------------------------

wrapping first mol.:       19.38612       27.41611       47.48609
wrapping first mol.:       19.38612       27.41611       47.48609

 NSTEP =     8500   TIME(PS) =    3117.000  TEMP(K) =   298.42  PRESS =    29.7
 Etot   =    -50269.6095  EKtot   =      9477.7793  EPtot      =    -59747.3888
 BOND   =       386.2477  ANGLE   =      1013.2853  DIHED      =       702.1214
 1-4 NB =       453.0570  1-4 EEL =      5755.1608  VDWAALS    =      6393.3059
 EELEC  =    -74482.1196  EHBOND  =         0.0000  RESTRAINT  =        31.5526
 EAMBER (non-restraint)  =    -59778.9414
 EKCMT  =      4002.2054  VIRIAL  =      3905.0639  VOLUME     =    151430.4179
                                                    Density    =         1.0430
 ------------------------------------------------------------------------------

wrapping first mol.:       19.40179       27.43827       47.52447
wrapping first mol.:       19.40179       27.43827       47.52447

 NSTEP =     9000   TIME(PS) =    3118.000  TEMP(K) =   305.67  PRESS =   -41.6
 Etot   =    -49967.9538  EKtot   =      9708.0781  EPtot      =    -59676.0319
 BOND   =       417.9337  ANGLE   =      1052.3198  DIHED      =       703.2783
 1-4 NB =       443.9373  1-4 EEL =      5727.3393  VDWAALS    =      6515.7831
 EELEC  =    -74567.8302  EHBOND  =         0.0000  RESTRAINT  =        31.2069
 EAMBER (non-restraint)  =    -59707.2388
 EKCMT  =      4116.0882  VIRIAL  =      4252.4594  VOLUME     =    151798.8555
                                                    Density    =         1.0404
 ------------------------------------------------------------------------------

wrapping first mol.:       19.39620       27.43036       47.51078
wrapping first mol.:       19.39620       27.43036       47.51078

 NSTEP =     9500   TIME(PS) =    3119.000  TEMP(K) =   302.08  PRESS =    80.5
 Etot   =    -50205.7497  EKtot   =      9594.2217  EPtot      =    -59799.9713
 BOND   =       398.3879  ANGLE   =      1067.0032  DIHED      =       691.2777
 1-4 NB =       462.7022  1-4 EEL =      5750.4035  VDWAALS    =      6732.4876
 EELEC  =    -74935.0473  EHBOND  =         0.0000  RESTRAINT  =        32.8138
 EAMBER (non-restraint)  =    -59832.7851
 EKCMT  =      4043.2789  VIRIAL  =      3779.7300  VOLUME     =    151666.0074
                                                    Density    =         1.0413
 ------------------------------------------------------------------------------

wrapping first mol.:       19.38485       27.41432       47.48299
wrapping first mol.:       19.38485       27.41432       47.48299

 NSTEP =    10000   TIME(PS) =    3120.000  TEMP(K) =   298.24  PRESS =    45.5
 Etot   =    -50480.0604  EKtot   =      9472.1191  EPtot      =    -59952.1795
 BOND   =       372.0095  ANGLE   =       998.0901  DIHED      =       705.7236
 1-4 NB =       465.3602  1-4 EEL =      5830.8045  VDWAALS    =      6691.2474
 EELEC  =    -75048.0005  EHBOND  =         0.0000  RESTRAINT  =        32.5856
 EAMBER (non-restraint)  =    -59984.7651
 EKCMT  =      3892.8201  VIRIAL  =      3743.9608  VOLUME     =    151400.4881
                                                    Density    =         1.0432
 ------------------------------------------------------------------------------

wrapping first mol.:       19.38723       27.41768       47.48881
wrapping first mol.:       19.38723       27.41768       47.48881

 NSTEP =    10500   TIME(PS) =    3121.000  TEMP(K) =   300.38  PRESS =   135.6
 Etot   =    -50142.8466  EKtot   =      9540.0752  EPtot      =    -59682.9218
 BOND   =       365.0015  ANGLE   =      1017.9815  DIHED      =       725.8123
 1-4 NB =       470.8691  1-4 EEL =      5781.3279  VDWAALS    =      6543.9971
 EELEC  =    -74618.3654  EHBOND  =         0.0000  RESTRAINT  =        30.4542
 EAMBER (non-restraint)  =    -59713.3760
 EKCMT  =      3933.1647  VIRIAL  =      3489.6344  VOLUME     =    151454.9808
                                                    Density    =         1.0428
 ------------------------------------------------------------------------------

wrapping first mol.:       19.39503       27.42872       47.50793
wrapping first mol.:       19.39503       27.42872       47.50793

 NSTEP =    11000   TIME(PS) =    3122.000  TEMP(K) =   301.77  PRESS =    58.7
 Etot   =    -50027.7616  EKtot   =      9584.3779  EPtot      =    -59612.1396
 BOND   =       397.3682  ANGLE   =      1036.5945  DIHED      =       702.6167
 1-4 NB =       455.9946  1-4 EEL =      5767.1828  VDWAALS    =      6608.3077
 EELEC  =    -74616.0064  EHBOND  =         0.0000  RESTRAINT  =        35.8023
 EAMBER (non-restraint)  =    -59647.9418
 EKCMT  =      4019.4492  VIRIAL  =      3827.2148  VOLUME     =    151639.0679
                                                    Density    =         1.0415
 ------------------------------------------------------------------------------

wrapping first mol.:       19.38655       27.41672       47.48714
wrapping first mol.:       19.38655       27.41672       47.48714

 NSTEP =    11500   TIME(PS) =    3123.000  TEMP(K) =   298.38  PRESS =     1.9
 Etot   =    -50196.5435  EKtot   =      9476.5029  EPtot      =    -59673.0465
 BOND   =       402.7234  ANGLE   =      1047.4960  DIHED      =       685.0899
 1-4 NB =       456.5242  1-4 EEL =      5780.2705  VDWAALS    =      6663.8764
 EELEC  =    -74740.1872  EHBOND  =         0.0000  RESTRAINT  =        31.1604
 EAMBER (non-restraint)  =    -59704.2068
 EKCMT  =      4039.8092  VIRIAL  =      4033.5372  VOLUME     =    151440.8675
                                                    Density    =         1.0429
 ------------------------------------------------------------------------------

wrapping first mol.:       19.40024       27.43607       47.52067
wrapping first mol.:       19.40024       27.43607       47.52067

 NSTEP =    12000   TIME(PS) =    3124.000  TEMP(K) =   302.02  PRESS =   168.1
 Etot   =    -49946.6669  EKtot   =      9592.1221  EPtot      =    -59538.7889
 BOND   =       394.9989  ANGLE   =      1012.6843  DIHED      =       704.2644
 1-4 NB =       457.5050  1-4 EEL =      5808.5309  VDWAALS    =      6642.6445
 EELEC  =    -74596.3867  EHBOND  =         0.0000  RESTRAINT  =        36.9697
 EAMBER (non-restraint)  =    -59575.7586
 EKCMT  =      3970.8831  VIRIAL  =      3420.0200  VOLUME     =    151759.6061
                                                    Density    =         1.0407
 ------------------------------------------------------------------------------

wrapping first mol.:       19.39776       27.43258       47.51462
wrapping first mol.:       19.39776       27.43258       47.51462

 NSTEP =    12500   TIME(PS) =    3125.000  TEMP(K) =   299.27  PRESS =   291.8
 Etot   =    -50156.0742  EKtot   =      9504.8232  EPtot      =    -59660.8975
 BOND   =       415.8673  ANGLE   =      1058.7561  DIHED      =       715.6122
 1-4 NB =       456.0354  1-4 EEL =      5774.3854  VDWAALS    =      6700.9285
 EELEC  =    -74817.7088  EHBOND  =         0.0000  RESTRAINT  =        35.2264
 EAMBER (non-restraint)  =    -59696.1239
 EKCMT  =      3997.2110  VIRIAL  =      3041.3127  VOLUME     =    151699.9542
                                                    Density    =         1.0411
 ------------------------------------------------------------------------------

wrapping first mol.:       19.38917       27.42043       47.49357
wrapping first mol.:       19.38917       27.42043       47.49357

 NSTEP =    13000   TIME(PS) =    3126.000  TEMP(K) =   301.75  PRESS =  -112.5
 Etot   =    -50333.9439  EKtot   =      9583.7451  EPtot      =    -59917.6890
 BOND   =       389.5594  ANGLE   =      1038.6025  DIHED      =       675.5384
 1-4 NB =       442.3248  1-4 EEL =      5741.5330  VDWAALS    =      6522.2705
 EELEC  =    -74758.4652  EHBOND  =         0.0000  RESTRAINT  =        30.9476
 EAMBER (non-restraint)  =    -59948.6366
 EKCMT  =      3969.7457  VIRIAL  =      4337.7609  VOLUME     =    151503.8890
                                                    Density    =         1.0425
 ------------------------------------------------------------------------------

wrapping first mol.:       19.40886       27.44828       47.54181
wrapping first mol.:       19.40886       27.44828       47.54181

 NSTEP =    13500   TIME(PS) =    3127.000  TEMP(K) =   299.92  PRESS =  -182.8
 Etot   =    -50390.5030  EKtot   =      9525.5908  EPtot      =    -59916.0938
 BOND   =       394.5335  ANGLE   =       990.0794  DIHED      =       718.4511
 1-4 NB =       454.4392  1-4 EEL =      5715.4188  VDWAALS    =      6689.2252
 EELEC  =    -74918.8748  EHBOND  =         0.0000  RESTRAINT  =        40.6338
 EAMBER (non-restraint)  =    -59956.7276
 EKCMT  =      3985.7622  VIRIAL  =      4585.5852  VOLUME     =    151966.9764
                                                    Density    =         1.0393
 ------------------------------------------------------------------------------

wrapping first mol.:       19.39772       27.43252       47.51452
wrapping first mol.:       19.39772       27.43252       47.51452

 NSTEP =    14000   TIME(PS) =    3128.000  TEMP(K) =   300.92  PRESS =  -144.0
 Etot   =    -50141.1777  EKtot   =      9557.4629  EPtot      =    -59698.6406
 BOND   =       408.5713  ANGLE   =      1046.7492  DIHED      =       724.8386
 1-4 NB =       461.0932  1-4 EEL =      5724.4109  VDWAALS    =      6364.7020
 EELEC  =    -74460.9971  EHBOND  =         0.0000  RESTRAINT  =        31.9912
 EAMBER (non-restraint)  =    -59730.6318
 EKCMT  =      4014.6169  VIRIAL  =      4486.3669  VOLUME     =    151704.9156
                                                    Density    =         1.0411
 ------------------------------------------------------------------------------

wrapping first mol.:       19.40252       27.43931       47.52627
wrapping first mol.:       19.40252       27.43931       47.52627

 NSTEP =    14500   TIME(PS) =    3129.000  TEMP(K) =   298.08  PRESS =  -195.7
 Etot   =    -50216.9914  EKtot   =      9467.2422  EPtot      =    -59684.2336
 BOND   =       408.5509  ANGLE   =      1040.5896  DIHED      =       723.5984
 1-4 NB =       458.0049  1-4 EEL =      5754.0611  VDWAALS    =      6623.2287
 EELEC  =    -74726.3086  EHBOND  =         0.0000  RESTRAINT  =        34.0415
 EAMBER (non-restraint)  =    -59718.2751
 EKCMT  =      3903.0352  VIRIAL  =      4544.3914  VOLUME     =    151818.2101
                                                    Density    =         1.0403
 ------------------------------------------------------------------------------

wrapping first mol.:       19.38880       27.41990       47.49265
wrapping first mol.:       19.38880       27.41990       47.49265

 NSTEP =    15000   TIME(PS) =    3130.000  TEMP(K) =   302.37  PRESS =  -240.9
 Etot   =    -50041.3988  EKtot   =      9603.3633  EPtot      =    -59644.7621
 BOND   =       395.4675  ANGLE   =      1006.5183  DIHED      =       720.2175
 1-4 NB =       449.8268  1-4 EEL =      5781.0757  VDWAALS    =      6569.3879
 EELEC  =    -74610.5716  EHBOND  =         0.0000  RESTRAINT  =        43.3157
 EAMBER (non-restraint)  =    -59688.0779
 EKCMT  =      4017.9426  VIRIAL  =      4805.8101  VOLUME     =    151496.8727
                                                    Density    =         1.0425
 ------------------------------------------------------------------------------

wrapping first mol.:       19.41052       27.45063       47.54588
wrapping first mol.:       19.41052       27.45063       47.54588

 NSTEP =    15500   TIME(PS) =    3131.000  TEMP(K) =   299.39  PRESS =    76.2
 Etot   =    -50221.5450  EKtot   =      9508.7529  EPtot      =    -59730.2979
 BOND   =       406.6929  ANGLE   =       998.7513  DIHED      =       684.9749
 1-4 NB =       458.3319  1-4 EEL =      5777.1110  VDWAALS    =      6886.5455
 EELEC  =    -74982.0688  EHBOND  =         0.0000  RESTRAINT  =        39.3634
 EAMBER (non-restraint)  =    -59769.6613
 EKCMT  =      3977.0441  VIRIAL  =      3726.8234  VOLUME     =    152002.4520
                                                    Density    =         1.0390
 ------------------------------------------------------------------------------

wrapping first mol.:       19.42836       27.47584       47.58955
wrapping first mol.:       19.42836       27.47584       47.58955

 NSTEP =    16000   TIME(PS) =    3132.000  TEMP(K) =   299.05  PRESS =  -275.6
 Etot   =    -50158.1479  EKtot   =      9497.9551  EPtot      =    -59656.1030
 BOND   =       355.2227  ANGLE   =      1074.7024  DIHED      =       734.0089
 1-4 NB =       453.3660  1-4 EEL =      5740.1123  VDWAALS    =      6557.5904
 EELEC  =    -74604.7803  EHBOND  =         0.0000  RESTRAINT  =        33.6747
 EAMBER (non-restraint)  =    -59689.7777
 EKCMT  =      3930.5979  VIRIAL  =      4837.5149  VOLUME     =    152426.5225
                                                    Density    =         1.0362
 ------------------------------------------------------------------------------

wrapping first mol.:       19.39659       27.43092       47.51174
wrapping first mol.:       19.39659       27.43092       47.51174

 NSTEP =    16500   TIME(PS) =    3133.000  TEMP(K) =   293.14  PRESS =    68.7
 Etot   =    -50383.7197  EKtot   =      9310.2627  EPtot      =    -59693.9824
 BOND   =       379.3561  ANGLE   =      1049.3112  DIHED      =       699.1743
 1-4 NB =       456.3412  1-4 EEL =      5735.6737  VDWAALS    =      6784.0536
 EELEC  =    -74832.5553  EHBOND  =         0.0000  RESTRAINT  =        34.6629
 EAMBER (non-restraint)  =    -59728.6453
 EKCMT  =      3929.2153  VIRIAL  =      3704.3636  VOLUME     =    151675.3785
                                                    Density    =         1.0413
 ------------------------------------------------------------------------------

wrapping first mol.:       19.39496       27.42862       47.50776
wrapping first mol.:       19.39496       27.42862       47.50776

 NSTEP =    17000   TIME(PS) =    3134.000  TEMP(K) =   302.32  PRESS =  -428.8
 Etot   =    -50103.8699  EKtot   =      9601.8789  EPtot      =    -59705.7488
 BOND   =       406.4980  ANGLE   =      1052.6021  DIHED      =       700.1598
 1-4 NB =       455.4906  1-4 EEL =      5745.9862  VDWAALS    =      6517.3132
 EELEC  =    -74616.7417  EHBOND  =         0.0000  RESTRAINT  =        32.9430
 EAMBER (non-restraint)  =    -59738.6918
 EKCMT  =      3975.9355  VIRIAL  =      5379.9681  VOLUME     =    151643.9916
                                                    Density    =         1.0415
 ------------------------------------------------------------------------------

wrapping first mol.:       19.40469       27.44238       47.53159
wrapping first mol.:       19.40469       27.44238       47.53159

 NSTEP =    17500   TIME(PS) =    3135.000  TEMP(K) =   298.64  PRESS =    28.4
 Etot   =    -50226.5374  EKtot   =      9484.9785  EPtot      =    -59711.5159
 BOND   =       393.2957  ANGLE   =      1060.3160  DIHED      =       692.2366
 1-4 NB =       446.3780  1-4 EEL =      5763.5951  VDWAALS    =      6594.3466
 EELEC  =    -74698.1781  EHBOND  =         0.0000  RESTRAINT  =        36.4942
 EAMBER (non-restraint)  =    -59748.0101
 EKCMT  =      3926.1241  VIRIAL  =      3832.9455  VOLUME     =    151866.0997
                                                    Density    =         1.0400
 ------------------------------------------------------------------------------

wrapping first mol.:       19.39598       27.43005       47.51024
wrapping first mol.:       19.39598       27.43005       47.51024

 NSTEP =    18000   TIME(PS) =    3136.000  TEMP(K) =   301.97  PRESS =   -14.8
 Etot   =    -50149.4304  EKtot   =      9590.6494  EPtot      =    -59740.0798
 BOND   =       422.3535  ANGLE   =       993.9483  DIHED      =       711.0128
 1-4 NB =       442.2554  1-4 EEL =      5725.9425  VDWAALS    =      6646.4683
 EELEC  =    -74716.5445  EHBOND  =         0.0000  RESTRAINT  =        34.4839
 EAMBER (non-restraint)  =    -59774.5637
 EKCMT  =      4018.0673  VIRIAL  =      4066.5865  VOLUME     =    151662.1815
                                                    Density    =         1.0414
 ------------------------------------------------------------------------------

wrapping first mol.:       19.40597       27.44418       47.53472
wrapping first mol.:       19.40597       27.44418       47.53472

 NSTEP =    18500   TIME(PS) =    3137.000  TEMP(K) =   296.90  PRESS =   523.5
 Etot   =    -50192.1108  EKtot   =      9429.7646  EPtot      =    -59621.8754
 BOND   =       399.0235  ANGLE   =      1036.9826  DIHED      =       708.2898
 1-4 NB =       447.8078  1-4 EEL =      5710.9198  VDWAALS    =      6659.7293
 EELEC  =    -74620.6412  EHBOND  =         0.0000  RESTRAINT  =        36.0129
 EAMBER (non-restraint)  =    -59657.8884
 EKCMT  =      3924.0364  VIRIAL  =      2207.3880  VOLUME     =    151889.3915
                                                    Density    =         1.0398
 ------------------------------------------------------------------------------

wrapping first mol.:       19.42555       27.47188       47.58269
wrapping first mol.:       19.42555       27.47188       47.58269

 NSTEP =    19000   TIME(PS) =    3138.000  TEMP(K) =   298.92  PRESS =   292.0
 Etot   =    -50257.8131  EKtot   =      9493.6602  EPtot      =    -59751.4733
 BOND   =       410.8566  ANGLE   =      1043.9559  DIHED      =       722.9115
 1-4 NB =       443.1541  1-4 EEL =      5737.1601  VDWAALS    =      6607.9148
 EELEC  =    -74757.0249  EHBOND  =         0.0000  RESTRAINT  =        39.5986
 EAMBER (non-restraint)  =    -59791.0719
 EKCMT  =      3980.5591  VIRIAL  =      3020.0658  VOLUME     =    152352.8451
                                                    Density    =         1.0367
 ------------------------------------------------------------------------------

wrapping first mol.:       19.43360       27.48325       47.60239
wrapping first mol.:       19.43360       27.48325       47.60239

 NSTEP =    19500   TIME(PS) =    3139.000  TEMP(K) =   304.70  PRESS =   -81.8
 Etot   =    -50023.4855  EKtot   =      9677.3818  EPtot      =    -59700.8673
 BOND   =       399.3798  ANGLE   =      1002.2354  DIHED      =       732.9660
 1-4 NB =       445.1448  1-4 EEL =      5782.0390  VDWAALS    =      6673.2484
 EELEC  =    -74766.1416  EHBOND  =         0.0000  RESTRAINT  =        30.2608
 EAMBER (non-restraint)  =    -59731.1281
 EKCMT  =      4001.0325  VIRIAL  =      4270.3477  VOLUME     =    152547.2425
                                                    Density    =         1.0353
 ------------------------------------------------------------------------------

wrapping first mol.:       19.42568       27.47206       47.58300
wrapping first mol.:       19.42568       27.47206       47.58300

 NSTEP =    20000   TIME(PS) =    3140.000  TEMP(K) =   301.61  PRESS =   -73.0
 Etot   =    -50404.6510  EKtot   =      9579.3574  EPtot      =    -59984.0084
 BOND   =       398.9335  ANGLE   =      1030.0482  DIHED      =       711.1124
 1-4 NB =       447.7027  1-4 EEL =      5692.8259  VDWAALS    =      6707.0216
 EELEC  =    -75010.8882  EHBOND  =         0.0000  RESTRAINT  =        39.2354
 EAMBER (non-restraint)  =    -60023.2438
 EKCMT  =      4106.5217  VIRIAL  =      4346.6992  VOLUME     =    152360.8176
                                                    Density    =         1.0366
 ------------------------------------------------------------------------------

wrapping first mol.:       19.43611       27.48680       47.60854
wrapping first mol.:       19.43611       27.48680       47.60854

 NSTEP =    20500   TIME(PS) =    3141.000  TEMP(K) =   298.53  PRESS =   112.0
 Etot   =    -50201.3904  EKtot   =      9481.4189  EPtot      =    -59682.8093
 BOND   =       382.8193  ANGLE   =      1059.2882  DIHED      =       700.8926
 1-4 NB =       464.6247  1-4 EEL =      5776.1203  VDWAALS    =      6647.9525
 EELEC  =    -74748.9489  EHBOND  =         0.0000  RESTRAINT  =        34.4419
 EAMBER (non-restraint)  =    -59717.2512
 EKCMT  =      3983.1101  VIRIAL  =      3614.2054  VOLUME     =    152603.7318
                                                    Density    =         1.0349
 ------------------------------------------------------------------------------

wrapping first mol.:       19.39358       27.42666       47.50437
wrapping first mol.:       19.39358       27.42666       47.50437

 NSTEP =    21000   TIME(PS) =    3142.000  TEMP(K) =   301.00  PRESS =    25.2
 Etot   =    -50104.7381  EKtot   =      9559.7773  EPtot      =    -59664.5155
 BOND   =       438.9532  ANGLE   =      1041.0916  DIHED      =       735.8694
 1-4 NB =       449.7784  1-4 EEL =      5712.8822  VDWAALS    =      6558.9100
 EELEC  =    -74643.1000  EHBOND  =         0.0000  RESTRAINT  =        41.0996
 EAMBER (non-restraint)  =    -59705.6151
 EKCMT  =      3917.2997  VIRIAL  =      3834.9247  VOLUME     =    151605.4463
                                                    Density    =         1.0418
 ------------------------------------------------------------------------------

wrapping first mol.:       19.39974       27.43538       47.51947
wrapping first mol.:       19.39974       27.43538       47.51947

 NSTEP =    21500   TIME(PS) =    3143.000  TEMP(K) =   301.40  PRESS =   115.0
 Etot   =    -50200.5179  EKtot   =      9572.6641  EPtot      =    -59773.1820
 BOND   =       393.5835  ANGLE   =       994.0352  DIHED      =       702.0805
 1-4 NB =       470.0593  1-4 EEL =      5798.0479  VDWAALS    =      6628.1647
 EELEC  =    -74798.2516  EHBOND  =         0.0000  RESTRAINT  =        39.0986
 EAMBER (non-restraint)  =    -59812.2806
 EKCMT  =      4076.8871  VIRIAL  =      3700.2074  VOLUME     =    151748.8223
                                                    Density    =         1.0408
 ------------------------------------------------------------------------------

wrapping first mol.:       19.39108       27.42313       47.49825
wrapping first mol.:       19.39108       27.42313       47.49825

 NSTEP =    22000   TIME(PS) =    3144.000  TEMP(K) =   297.70  PRESS =   -81.4
 Etot   =    -50128.3449  EKtot   =      9455.1602  EPtot      =    -59583.5050
 BOND   =       405.8395  ANGLE   =      1026.0534  DIHED      =       701.2668
 1-4 NB =       460.4247  1-4 EEL =      5747.8422  VDWAALS    =      6476.5213
 EELEC  =    -74439.9796  EHBOND  =         0.0000  RESTRAINT  =        38.5266
 EAMBER (non-restraint)  =    -59622.0316
 EKCMT  =      3928.4577  VIRIAL  =      4194.8943  VOLUME     =    151548.2689
                                                    Density    =         1.0422
 ------------------------------------------------------------------------------

wrapping first mol.:       19.41647       27.45903       47.56044
wrapping first mol.:       19.41647       27.45903       47.56044

 NSTEP =    22500   TIME(PS) =    3145.000  TEMP(K) =   297.02  PRESS =   612.4
 Etot   =    -50174.0505  EKtot   =      9433.5615  EPtot      =    -59607.6120
 BOND   =       403.0596  ANGLE   =      1025.2789  DIHED      =       703.5654
 1-4 NB =       450.7939  1-4 EEL =      5770.5189  VDWAALS    =      6611.1127
 EELEC  =    -74614.4005  EHBOND  =         0.0000  RESTRAINT  =        42.4592
 EAMBER (non-restraint)  =    -59650.0712
 EKCMT  =      3907.9951  VIRIAL  =      1896.2890  VOLUME     =    152134.8913
                                                    Density    =         1.0381
 ------------------------------------------------------------------------------

wrapping first mol.:       19.40949       27.44917       47.54335
wrapping first mol.:       19.40949       27.44917       47.54335

 NSTEP =    23000   TIME(PS) =    3146.000  TEMP(K) =   297.52  PRESS =  -507.6
 Etot   =    -50290.1588  EKtot   =      9449.2676  EPtot      =    -59739.4263
 BOND   =       328.3710  ANGLE   =      1065.6262  DIHED      =       704.8265
 1-4 NB =       458.0321  1-4 EEL =      5753.5065  VDWAALS    =      6352.6542
 EELEC  =    -74436.4781  EHBOND  =         0.0000  RESTRAINT  =        34.0352
 EAMBER (non-restraint)  =    -59773.4615
 EKCMT  =      3959.5208  VIRIAL  =      5625.2617  VOLUME     =    151986.1209
                                                    Density    =         1.0392
 ------------------------------------------------------------------------------

wrapping first mol.:       19.41737       27.46030       47.56263
wrapping first mol.:       19.41737       27.46030       47.56263

 NSTEP =    23500   TIME(PS) =    3147.000  TEMP(K) =   301.62  PRESS =  -386.4
 Etot   =    -50298.5752  EKtot   =      9579.6299  EPtot      =    -59878.2050
 BOND   =       397.7080  ANGLE   =       999.2948  DIHED      =       708.7759
 1-4 NB =       445.2147  1-4 EEL =      5766.3529  VDWAALS    =      6472.1117
 EELEC  =    -74702.7787  EHBOND  =         0.0000  RESTRAINT  =        35.1157
 EAMBER (non-restraint)  =    -59913.3207
 EKCMT  =      4048.0141  VIRIAL  =      5317.5428  VOLUME     =    152169.4959
                                                    Density    =         1.0379
 ------------------------------------------------------------------------------

wrapping first mol.:       19.39908       27.43443       47.51783
wrapping first mol.:       19.39908       27.43443       47.51783

 NSTEP =    24000   TIME(PS) =    3148.000  TEMP(K) =   298.93  PRESS =   334.3
 Etot   =    -50297.6244  EKtot   =      9494.0254  EPtot      =    -59791.6498
 BOND   =       394.0614  ANGLE   =      1018.6033  DIHED      =       726.6289
 1-4 NB =       448.1387  1-4 EEL =      5749.8831  VDWAALS    =      6643.7829
 EELEC  =    -74808.0702  EHBOND  =         0.0000  RESTRAINT  =        35.3220
 EAMBER (non-restraint)  =    -59826.9718
 EKCMT  =      4011.2576  VIRIAL  =      2916.0622  VOLUME     =    151730.1389
                                                    Density    =         1.0409
 ------------------------------------------------------------------------------

wrapping first mol.:       19.37752       27.40395       47.46503
wrapping first mol.:       19.37752       27.40395       47.46503

 NSTEP =    24500   TIME(PS) =    3149.000  TEMP(K) =   296.70  PRESS =  -139.5
 Etot   =    -50342.6288  EKtot   =      9423.1885  EPtot      =    -59765.8172
 BOND   =       379.3461  ANGLE   =      1024.1772  DIHED      =       714.4838
 1-4 NB =       449.0466  1-4 EEL =      5749.6106  VDWAALS    =      6471.8940
 EELEC  =    -74593.8605  EHBOND  =         0.0000  RESTRAINT  =        39.4849
 EAMBER (non-restraint)  =    -59805.3021
 EKCMT  =      3881.3599  VIRIAL  =      4336.7036  VOLUME     =    151231.2803
                                                    Density    =         1.0443
 ------------------------------------------------------------------------------

wrapping first mol.:       19.38675       27.41701       47.48765
wrapping first mol.:       19.38675       27.41701       47.48765

 NSTEP =    25000   TIME(PS) =    3150.000  TEMP(K) =   304.99  PRESS =   328.1
 Etot   =    -50122.9066  EKtot   =      9686.5137  EPtot      =    -59809.4202
 BOND   =       380.7811  ANGLE   =      1035.2469  DIHED      =       694.8295
 1-4 NB =       449.2404  1-4 EEL =      5754.1789  VDWAALS    =      6448.2692
 EELEC  =    -74609.4444  EHBOND  =         0.0000  RESTRAINT  =        37.4781
 EAMBER (non-restraint)  =    -59846.8984
 EKCMT  =      4001.1470  VIRIAL  =      2928.4084  VOLUME     =    151441.2582
                                                    Density    =         1.0429
 ------------------------------------------------------------------------------

wrapping first mol.:       19.39655       27.43087       47.51165
wrapping first mol.:       19.39655       27.43087       47.51165

 NSTEP =    25500   TIME(PS) =    3151.000  TEMP(K) =   300.59  PRESS =   -24.6
 Etot   =    -50128.3503  EKtot   =      9546.9092  EPtot      =    -59675.2595
 BOND   =       407.3893  ANGLE   =      1041.7860  DIHED      =       720.3066
 1-4 NB =       438.6336  1-4 EEL =      5761.0729  VDWAALS    =      6626.1942
 EELEC  =    -74706.7089  EHBOND  =         0.0000  RESTRAINT  =        36.0668
 EAMBER (non-restraint)  =    -59711.3263
 EKCMT  =      4021.1754  VIRIAL  =      4101.8371  VOLUME     =    151675.7848
                                                    Density    =         1.0413
 ------------------------------------------------------------------------------

wrapping first mol.:       19.39944       27.43495       47.51872
wrapping first mol.:       19.39944       27.43495       47.51872

 NSTEP =    26000   TIME(PS) =    3152.000  TEMP(K) =   300.32  PRESS =     7.9
 Etot   =    -50130.7888  EKtot   =      9538.4014  EPtot      =    -59669.1901
 BOND   =       409.9058  ANGLE   =      1067.8711  DIHED      =       709.0078
 1-4 NB =       454.6147  1-4 EEL =      5727.6383  VDWAALS    =      6512.8479
 EELEC  =    -74590.3748  EHBOND  =         0.0000  RESTRAINT  =        39.2991
 EAMBER (non-restraint)  =    -59708.4892
 EKCMT  =      3963.3008  VIRIAL  =      3937.4449  VOLUME     =    151743.1009
                                                    Density    =         1.0408
 ------------------------------------------------------------------------------

wrapping first mol.:       19.41331       27.45457       47.55271
wrapping first mol.:       19.41331       27.45457       47.55271

 NSTEP =    26500   TIME(PS) =    3153.000  TEMP(K) =   305.45  PRESS =    57.5
 Etot   =    -49945.3227  EKtot   =      9701.0586  EPtot      =    -59646.3813
 BOND   =       404.9404  ANGLE   =      1018.3240  DIHED      =       710.0913
 1-4 NB =       452.3336  1-4 EEL =      5752.8352  VDWAALS    =      6520.8918
 EELEC  =    -74549.7391  EHBOND  =         0.0000  RESTRAINT  =        43.9414
 EAMBER (non-restraint)  =    -59690.3227
 EKCMT  =      4072.1903  VIRIAL  =      3883.3270  VOLUME     =    152068.2465
                                                    Density    =         1.0386
 ------------------------------------------------------------------------------

wrapping first mol.:       19.41996       27.46396       47.56898
wrapping first mol.:       19.41996       27.46396       47.56898

 NSTEP =    27000   TIME(PS) =    3154.000  TEMP(K) =   299.61  PRESS =    87.5
 Etot   =    -50030.9669  EKtot   =      9515.7354  EPtot      =    -59546.7023
 BOND   =       401.7970  ANGLE   =       989.1152  DIHED      =       719.1968
 1-4 NB =       453.1681  1-4 EEL =      5774.9767  VDWAALS    =      6544.2442
 EELEC  =    -74469.4242  EHBOND  =         0.0000  RESTRAINT  =        40.2240
 EAMBER (non-restraint)  =    -59586.9263
 EKCMT  =      4018.2063  VIRIAL  =      3730.6373  VOLUME     =    152223.9667
                                                    Density    =         1.0375
 ------------------------------------------------------------------------------

wrapping first mol.:       19.41510       27.45710       47.55708
wrapping first mol.:       19.41510       27.45710       47.55708

 NSTEP =    27500   TIME(PS) =    3155.000  TEMP(K) =   300.68  PRESS =   306.2
 Etot   =    -50269.2064  EKtot   =      9549.6172  EPtot      =    -59818.8236
 BOND   =       420.2486  ANGLE   =      1005.9182  DIHED      =       711.1742
 1-4 NB =       454.0193  1-4 EEL =      5742.8095  VDWAALS    =      6866.9441
 EELEC  =    -75061.1826  EHBOND  =         0.0000  RESTRAINT  =        41.2451
 EAMBER (non-restraint)  =    -59860.0687
 EKCMT  =      4014.8638  VIRIAL  =      3009.1986  VOLUME     =    152106.8245
                                                    Density    =         1.0383
 ------------------------------------------------------------------------------

wrapping first mol.:       19.42278       27.46796       47.57590
wrapping first mol.:       19.42278       27.46796       47.57590

 NSTEP =    28000   TIME(PS) =    3156.000  TEMP(K) =   299.37  PRESS =   268.1
 Etot   =    -50126.2564  EKtot   =      9508.2334  EPtot      =    -59634.4898
 BOND   =       405.5895  ANGLE   =      1015.3743  DIHED      =       725.1361
 1-4 NB =       466.4118  1-4 EEL =      5777.0997  VDWAALS    =      6713.8403
 EELEC  =    -74779.4889  EHBOND  =         0.0000  RESTRAINT  =        41.5474
 EAMBER (non-restraint)  =    -59676.0372
 EKCMT  =      4068.6296  VIRIAL  =      3187.0327  VOLUME     =    152288.0315
                                                    Density    =         1.0371
 ------------------------------------------------------------------------------

wrapping first mol.:       19.41530       27.45738       47.55757
wrapping first mol.:       19.41530       27.45738       47.55757

 NSTEP =    28500   TIME(PS) =    3157.000  TEMP(K) =   296.19  PRESS =  -232.4
 Etot   =    -50423.7821  EKtot   =      9407.1504  EPtot      =    -59830.9325
 BOND   =       387.2921  ANGLE   =      1023.0641  DIHED      =       734.9352
 1-4 NB =       443.5894  1-4 EEL =      5734.6546  VDWAALS    =      6670.9552
 EELEC  =    -74865.5328  EHBOND  =         0.0000  RESTRAINT  =        40.1096
 EAMBER (non-restraint)  =    -59871.0421
 EKCMT  =      3937.7478  VIRIAL  =      4700.9059  VOLUME     =    152118.8330
                                                    Density    =         1.0382
 ------------------------------------------------------------------------------

wrapping first mol.:       19.41575       27.45801       47.55866
wrapping first mol.:       19.41575       27.45801       47.55866

 NSTEP =    29000   TIME(PS) =    3158.000  TEMP(K) =   302.04  PRESS =  -113.7
 Etot   =    -50390.4170  EKtot   =      9592.9307  EPtot      =    -59983.3477
 BOND   =       415.4336  ANGLE   =      1072.2674  DIHED      =       699.6363
 1-4 NB =       444.0602  1-4 EEL =      5766.6266  VDWAALS    =      6679.4142
 EELEC  =    -75095.9673  EHBOND  =         0.0000  RESTRAINT  =        35.1814
 EAMBER (non-restraint)  =    -60018.5290
 EKCMT  =      4066.7486  VIRIAL  =      4440.3589  VOLUME     =    152127.7161
                                                    Density    =         1.0382
 ------------------------------------------------------------------------------

wrapping first mol.:       19.41452       27.45628       47.55567
wrapping first mol.:       19.41452       27.45628       47.55567

 NSTEP =    29500   TIME(PS) =    3159.000  TEMP(K) =   299.13  PRESS =  -201.7
 Etot   =    -50447.9258  EKtot   =      9500.5098  EPtot      =    -59948.4356
 BOND   =       395.1946  ANGLE   =      1024.2222  DIHED      =       706.3017
 1-4 NB =       450.2868  1-4 EEL =      5750.2539  VDWAALS    =      6514.3344
 EELEC  =    -74826.6960  EHBOND  =         0.0000  RESTRAINT  =        37.6669
 EAMBER (non-restraint)  =    -59986.1024
 EKCMT  =      4015.9163  VIRIAL  =      4678.4254  VOLUME     =    152100.1489
                                                    Density    =         1.0384
 ------------------------------------------------------------------------------

wrapping first mol.:       19.39626       27.43045       47.51093
wrapping first mol.:       19.39626       27.43045       47.51093

 NSTEP =    30000   TIME(PS) =    3160.000  TEMP(K) =   298.98  PRESS =  -418.0
 Etot   =    -50246.4092  EKtot   =      9495.6748  EPtot      =    -59742.0840
 BOND   =       402.2935  ANGLE   =      1051.8104  DIHED      =       702.7162
 1-4 NB =       452.9932  1-4 EEL =      5794.6213  VDWAALS    =      6443.4315
 EELEC  =    -74630.2443  EHBOND  =         0.0000  RESTRAINT  =        40.2941
 EAMBER (non-restraint)  =    -59782.3781
 EKCMT  =      3976.9828  VIRIAL  =      5345.9501  VOLUME     =    151674.2529
                                                    Density    =         1.0413
 ------------------------------------------------------------------------------

wrapping first mol.:       19.40110       27.43730       47.52279
wrapping first mol.:       19.40110       27.43730       47.52279

 NSTEP =    30500   TIME(PS) =    3161.000  TEMP(K) =   301.68  PRESS =   149.0
 Etot   =    -50151.1011  EKtot   =      9581.5029  EPtot      =    -59732.6041
 BOND   =       387.4157  ANGLE   =      1046.4348  DIHED      =       698.7768
 1-4 NB =       458.0605  1-4 EEL =      5756.4591  VDWAALS    =      6784.9026
 EELEC  =    -74903.9826  EHBOND  =         0.0000  RESTRAINT  =        39.3291
 EAMBER (non-restraint)  =    -59771.9331
 EKCMT  =      3934.6921  VIRIAL  =      3446.5583  VOLUME     =    151780.1857
                                                    Density    =         1.0406
 ------------------------------------------------------------------------------

wrapping first mol.:       19.39484       27.42845       47.50746
wrapping first mol.:       19.39484       27.42845       47.50746

 NSTEP =    31000   TIME(PS) =    3162.000  TEMP(K) =   298.84  PRESS =   -64.9
 Etot   =    -50283.5014  EKtot   =      9491.1768  EPtot      =    -59774.6781
 BOND   =       416.6399  ANGLE   =      1059.4719  DIHED      =       715.0656
 1-4 NB =       433.0392  1-4 EEL =      5758.8061  VDWAALS    =      6618.7337
 EELEC  =    -74813.6207  EHBOND  =         0.0000  RESTRAINT  =        37.1861
 EAMBER (non-restraint)  =    -59811.8643
 EKCMT  =      3950.1067  VIRIAL  =      4162.4434  VOLUME     =    151636.2142
                                                    Density    =         1.0416
 ------------------------------------------------------------------------------

wrapping first mol.:       19.40156       27.43794       47.52391
wrapping first mol.:       19.40156       27.43794       47.52391

 NSTEP =    31500   TIME(PS) =    3163.000  TEMP(K) =   299.52  PRESS =    48.7
 Etot   =    -50302.5863  EKtot   =      9512.8760  EPtot      =    -59815.4623
 BOND   =       375.3466  ANGLE   =       951.2379  DIHED      =       702.9671
 1-4 NB =       463.5595  1-4 EEL =      5743.5708  VDWAALS    =      6628.9417
 EELEC  =    -74720.2873  EHBOND  =         0.0000  RESTRAINT  =        39.2013
 EAMBER (non-restraint)  =    -59854.6636
 EKCMT  =      3966.9454  VIRIAL  =      3807.4351  VOLUME     =    151792.2091
                                                    Density    =         1.0405
 ------------------------------------------------------------------------------

wrapping first mol.:       19.38923       27.42051       47.49372
wrapping first mol.:       19.38923       27.42051       47.49372

 NSTEP =    32000   TIME(PS) =    3164.000  TEMP(K) =   300.60  PRESS =   145.6
 Etot   =    -50034.8859  EKtot   =      9547.2939  EPtot      =    -59582.1798
 BOND   =       387.4603  ANGLE   =      1030.9073  DIHED      =       714.7630
 1-4 NB =       440.1358  1-4 EEL =      5722.5151  VDWAALS    =      6600.9855
 EELEC  =    -74516.2165  EHBOND  =         0.0000  RESTRAINT  =        37.2696
 EAMBER (non-restraint)  =    -59619.4494
 EKCMT  =      4011.9778  VIRIAL  =      3535.7378  VOLUME     =    151501.8086
                                                    Density    =         1.0425
 ------------------------------------------------------------------------------

wrapping first mol.:       19.40435       27.44190       47.53076
wrapping first mol.:       19.40435       27.44190       47.53076

 NSTEP =    32500   TIME(PS) =    3165.000  TEMP(K) =   301.00  PRESS =  -459.8
 Etot   =    -50161.4425  EKtot   =      9559.7051  EPtot      =    -59721.1476
 BOND   =       417.3768  ANGLE   =      1066.5636  DIHED      =       714.1722
 1-4 NB =       453.1322  1-4 EEL =      5702.4924  VDWAALS    =      6481.9567
 EELEC  =    -74594.1026  EHBOND  =         0.0000  RESTRAINT  =        37.2611
 EAMBER (non-restraint)  =    -59758.4087
 EKCMT  =      4034.3958  VIRIAL  =      5542.0867  VOLUME     =    151864.7493
                                                    Density    =         1.0400
 ------------------------------------------------------------------------------

wrapping first mol.:       19.39671       27.43109       47.51203
wrapping first mol.:       19.39671       27.43109       47.51203

 NSTEP =    33000   TIME(PS) =    3166.000  TEMP(K) =   300.49  PRESS =     9.7
 Etot   =    -50157.1930  EKtot   =      9543.6152  EPtot      =    -59700.8082
 BOND   =       409.2154  ANGLE   =      1027.7371  DIHED      =       703.2035
 1-4 NB =       449.9464  1-4 EEL =      5758.5312  VDWAALS    =      6625.1869
 EELEC  =    -74712.8401  EHBOND  =         0.0000  RESTRAINT  =        38.2114
 EAMBER (non-restraint)  =    -59739.0196
 EKCMT  =      4063.8427  VIRIAL  =      4032.0694  VOLUME     =    151678.9998
                                                    Density    =         1.0413
 ------------------------------------------------------------------------------

wrapping first mol.:       19.39599       27.43007       47.51027
wrapping first mol.:       19.39599       27.43007       47.51027

 NSTEP =    33500   TIME(PS) =    3167.000  TEMP(K) =   299.26  PRESS =    67.3
 Etot   =    -50176.3640  EKtot   =      9504.6572  EPtot      =    -59681.0213
 BOND   =       365.7911  ANGLE   =      1031.7133  DIHED      =       698.1317
 1-4 NB =       447.3670  1-4 EEL =      5760.7591  VDWAALS    =      6750.8245
 EELEC  =    -74774.0161  EHBOND  =         0.0000  RESTRAINT  =        38.4080
 EAMBER (non-restraint)  =    -59719.4293
 EKCMT  =      3959.7317  VIRIAL  =      3739.3559  VOLUME     =    151661.3851
                                                    Density    =         1.0414
 ------------------------------------------------------------------------------

wrapping first mol.:       19.39373       27.42688       47.50474
wrapping first mol.:       19.39373       27.42688       47.50474

 NSTEP =    34000   TIME(PS) =    3168.000  TEMP(K) =   296.56  PRESS =   -87.4
 Etot   =    -50201.3588  EKtot   =      9418.6963  EPtot      =    -59620.0551
 BOND   =       377.5792  ANGLE   =      1061.4427  DIHED      =       703.8286
 1-4 NB =       443.0321  1-4 EEL =      5739.7848  VDWAALS    =      6452.4721
 EELEC  =    -74438.0042  EHBOND  =         0.0000  RESTRAINT  =        39.8097
 EAMBER (non-restraint)  =    -59659.8647
 EKCMT  =      3944.3939  VIRIAL  =      4230.4000  VOLUME     =    151610.5174
                                                    Density    =         1.0417
 ------------------------------------------------------------------------------

wrapping first mol.:       19.38459       27.41395       47.48235
wrapping first mol.:       19.38459       27.41395       47.48235

 NSTEP =    34500   TIME(PS) =    3169.000  TEMP(K) =   301.03  PRESS =  -343.8
 Etot   =    -50183.9336  EKtot   =      9560.6553  EPtot      =    -59744.5889
 BOND   =       410.8575  ANGLE   =      1057.6810  DIHED      =       710.6549
 1-4 NB =       462.6395  1-4 EEL =      5735.8240  VDWAALS    =      6377.5912
 EELEC  =    -74542.5674  EHBOND  =         0.0000  RESTRAINT  =        42.7306
 EAMBER (non-restraint)  =    -59787.3195
 EKCMT  =      3968.2120  VIRIAL  =      5092.2030  VOLUME     =    151399.6395
                                                    Density    =         1.0432
 ------------------------------------------------------------------------------

wrapping first mol.:       19.38095       27.40881       47.47344
wrapping first mol.:       19.38095       27.40881       47.47344

 NSTEP =    35000   TIME(PS) =    3170.000  TEMP(K) =   302.71  PRESS =   184.7
 Etot   =    -50116.2118  EKtot   =      9614.0283  EPtot      =    -59730.2401
 BOND   =       376.4341  ANGLE   =      1021.1630  DIHED      =       725.3272
 1-4 NB =       461.3502  1-4 EEL =      5760.3719  VDWAALS    =      6589.1457
 EELEC  =    -74699.9070  EHBOND  =         0.0000  RESTRAINT  =        35.8748
 EAMBER (non-restraint)  =    -59766.1149
 EKCMT  =      4041.7423  VIRIAL  =      3438.2442  VOLUME     =    151307.3358
                                                    Density    =         1.0438
 ------------------------------------------------------------------------------

wrapping first mol.:       19.39077       27.42269       47.49750
wrapping first mol.:       19.39077       27.42269       47.49750

 NSTEP =    35500   TIME(PS) =    3171.000  TEMP(K) =   303.05  PRESS =   103.0
 Etot   =    -49978.6684  EKtot   =      9625.0039  EPtot      =    -59603.6723
 BOND   =       402.4249  ANGLE   =      1033.0002  DIHED      =       720.6104
 1-4 NB =       449.6298  1-4 EEL =      5739.9364  VDWAALS    =      6349.2760
 EELEC  =    -74336.2658  EHBOND  =         0.0000  RESTRAINT  =        37.7159
 EAMBER (non-restraint)  =    -59641.3882
 EKCMT  =      4088.5664  VIRIAL  =      3751.4811  VOLUME     =    151538.5564
                                                    Density    =         1.0422
 ------------------------------------------------------------------------------

wrapping first mol.:       19.39844       27.43354       47.51628
wrapping first mol.:       19.39844       27.43354       47.51628

 NSTEP =    36000   TIME(PS) =    3172.000  TEMP(K) =   299.67  PRESS =    -5.4
 Etot   =    -50260.5956  EKtot   =      9517.7012  EPtot      =    -59778.2968
 BOND   =       389.2155  ANGLE   =       990.5334  DIHED      =       684.3210
 1-4 NB =       457.5365  1-4 EEL =      5741.4609  VDWAALS    =      6567.1576
 EELEC  =    -74649.4309  EHBOND  =         0.0000  RESTRAINT  =        40.9092
 EAMBER (non-restraint)  =    -59819.2060
 EKCMT  =      3990.1747  VIRIAL  =      4007.9820  VOLUME     =    151719.9249
                                                    Density    =         1.0410
 ------------------------------------------------------------------------------

wrapping first mol.:       19.38928       27.42059       47.49384
wrapping first mol.:       19.38928       27.42059       47.49384

 NSTEP =    36500   TIME(PS) =    3173.000  TEMP(K) =   294.96  PRESS =   219.5
 Etot   =    -50350.8756  EKtot   =      9368.0732  EPtot      =    -59718.9488
 BOND   =       392.8864  ANGLE   =      1040.0989  DIHED      =       698.5578
 1-4 NB =       450.4488  1-4 EEL =      5761.8217  VDWAALS    =      6618.8357
 EELEC  =    -74723.3592  EHBOND  =         0.0000  RESTRAINT  =        41.7610
 EAMBER (non-restraint)  =    -59760.7099
 EKCMT  =      4022.7845  VIRIAL  =      3304.7826  VOLUME     =    151502.0414
                                                    Density    =         1.0425
 ------------------------------------------------------------------------------

wrapping first mol.:       19.40509       27.44294       47.53256
wrapping first mol.:       19.40509       27.44294       47.53256

 NSTEP =    37000   TIME(PS) =    3174.000  TEMP(K) =   300.78  PRESS =  -233.9
 Etot   =    -50120.3046  EKtot   =      9552.7051  EPtot      =    -59673.0096
 BOND   =       430.4795  ANGLE   =      1001.8182  DIHED      =       714.3181
 1-4 NB =       446.2175  1-4 EEL =      5762.5942  VDWAALS    =      6566.7037
 EELEC  =    -74635.6068  EHBOND  =         0.0000  RESTRAINT  =        40.4661
 EAMBER (non-restraint)  =    -59713.4757
 EKCMT  =      4009.9605  VIRIAL  =      4777.0771  VOLUME     =    151878.9637
                                                    Density    =         1.0399
 ------------------------------------------------------------------------------

wrapping first mol.:       19.39480       27.42839       47.50737
wrapping first mol.:       19.39480       27.42839       47.50737

 NSTEP =    37500   TIME(PS) =    3175.000  TEMP(K) =   300.09  PRESS =   113.9
 Etot   =    -50311.9099  EKtot   =      9530.8916  EPtot      =    -59842.8015
 BOND   =       379.6578  ANGLE   =      1030.0784  DIHED      =       712.5541
 1-4 NB =       459.4531  1-4 EEL =      5763.8345  VDWAALS    =      6662.7160
 EELEC  =    -74890.0027  EHBOND  =         0.0000  RESTRAINT  =        38.9073
 EAMBER (non-restraint)  =    -59881.7088
 EKCMT  =      4033.3053  VIRIAL  =      3660.5337  VOLUME     =    151632.9000
                                                    Density    =         1.0416
 ------------------------------------------------------------------------------

wrapping first mol.:       19.39761       27.43237       47.51425
wrapping first mol.:       19.39761       27.43237       47.51425

 NSTEP =    38000   TIME(PS) =    3176.000  TEMP(K) =   305.38  PRESS =  -108.0
 Etot   =    -49783.0648  EKtot   =      9698.8154  EPtot      =    -59481.8802
 BOND   =       411.1601  ANGLE   =      1032.2324  DIHED      =       705.7564
 1-4 NB =       445.6127  1-4 EEL =      5751.3244  VDWAALS    =      6549.6356
 EELEC  =    -74417.4562  EHBOND  =         0.0000  RESTRAINT  =        39.8543
 EAMBER (non-restraint)  =    -59521.7345
 EKCMT  =      4083.0614  VIRIAL  =      4436.9112  VOLUME     =    151701.8130
                                                    Density    =         1.0411
 ------------------------------------------------------------------------------

wrapping first mol.:       19.40389       27.44124       47.52961
wrapping first mol.:       19.40389       27.44124       47.52961

 NSTEP =    38500   TIME(PS) =    3177.000  TEMP(K) =   298.43  PRESS =    96.2
 Etot   =    -50093.0231  EKtot   =      9478.0703  EPtot      =    -59571.0934
 BOND   =       399.7477  ANGLE   =      1025.6878  DIHED      =       705.5511
 1-4 NB =       444.2032  1-4 EEL =      5740.8314  VDWAALS    =      6427.6692
 EELEC  =    -74350.3705  EHBOND  =         0.0000  RESTRAINT  =        35.5867
 EAMBER (non-restraint)  =    -59606.6801
 EKCMT  =      4035.5181  VIRIAL  =      3720.0491  VOLUME     =    151846.2630
                                                    Density    =         1.0401
 ------------------------------------------------------------------------------

wrapping first mol.:       19.40252       27.43930       47.52627
wrapping first mol.:       19.40252       27.43930       47.52627

 NSTEP =    39000   TIME(PS) =    3178.000  TEMP(K) =   301.08  PRESS =  -191.9
 Etot   =    -49938.3141  EKtot   =      9562.5254  EPtot      =    -59500.8394
 BOND   =       423.8074  ANGLE   =       999.4489  DIHED      =       717.2889
 1-4 NB =       460.3652  1-4 EEL =      5748.2710  VDWAALS    =      6486.9816
 EELEC  =    -74374.5359  EHBOND  =         0.0000  RESTRAINT  =        37.5335
 EAMBER (non-restraint)  =    -59538.3729
 EKCMT  =      3926.6143  VIRIAL  =      4555.6076  VOLUME     =    151818.0835
                                                    Density    =         1.0403
 ------------------------------------------------------------------------------

wrapping first mol.:       19.40174       27.43820       47.52436
wrapping first mol.:       19.40174       27.43820       47.52436

 NSTEP =    39500   TIME(PS) =    3179.000  TEMP(K) =   298.96  PRESS =   189.3
 Etot   =    -50271.1613  EKtot   =      9495.0908  EPtot      =    -59766.2521
 BOND   =       400.9596  ANGLE   =       964.0404  DIHED      =       709.2389
 1-4 NB =       451.3460  1-4 EEL =      5745.4977  VDWAALS    =      6777.1462
 EELEC  =    -74853.7185  EHBOND  =         0.0000  RESTRAINT  =        39.2376
 EAMBER (non-restraint)  =    -59805.4898
 EKCMT  =      3962.8629  VIRIAL  =      3342.3092  VOLUME     =    151794.6681
                                                    Density    =         1.0405
 ------------------------------------------------------------------------------

wrapping first mol.:       19.44067       27.49326       47.61972
wrapping first mol.:       19.44067       27.49326       47.61972

 NSTEP =    40000   TIME(PS) =    3180.000  TEMP(K) =   300.71  PRESS =    17.5
 Etot   =    -50160.9238  EKtot   =      9550.6611  EPtot      =    -59711.5850
 BOND   =       385.7784  ANGLE   =      1007.9267  DIHED      =       703.1736
 1-4 NB =       445.9536  1-4 EEL =      5746.5426  VDWAALS    =      6563.4380
 EELEC  =    -74601.6617  EHBOND  =         0.0000  RESTRAINT  =        37.2637
 EAMBER (non-restraint)  =    -59748.8487
 EKCMT  =      3882.9166  VIRIAL  =      3825.3378  VOLUME     =    152712.5780
                                                    Density    =         1.0342
 ------------------------------------------------------------------------------

wrapping first mol.:       19.44140       27.49429       47.62150
wrapping first mol.:       19.44140       27.49429       47.62150

 NSTEP =    40500   TIME(PS) =    3181.000  TEMP(K) =   298.74  PRESS =   -11.6
 Etot   =    -49961.3500  EKtot   =      9488.1230  EPtot      =    -59449.4730
 BOND   =       394.8746  ANGLE   =      1043.1072  DIHED      =       710.4718
 1-4 NB =       452.8350  1-4 EEL =      5763.7325  VDWAALS    =      6582.0647
 EELEC  =    -74440.1546  EHBOND  =         0.0000  RESTRAINT  =        43.5958
 EAMBER (non-restraint)  =    -59493.0688
 EKCMT  =      4002.4527  VIRIAL  =      4040.6680  VOLUME     =    152730.1521
                                                    Density    =         1.0341
 ------------------------------------------------------------------------------

wrapping first mol.:       19.43384       27.48360       47.60299
wrapping first mol.:       19.43384       27.48360       47.60299

 NSTEP =    41000   TIME(PS) =    3182.000  TEMP(K) =   299.75  PRESS =    48.7
 Etot   =    -50075.2347  EKtot   =      9520.2441  EPtot      =    -59595.4788
 BOND   =       400.0429  ANGLE   =      1000.9790  DIHED      =       709.0441
 1-4 NB =       469.7248  1-4 EEL =      5762.5569  VDWAALS    =      6521.1905
 EELEC  =    -74502.1569  EHBOND  =         0.0000  RESTRAINT  =        43.1399
 EAMBER (non-restraint)  =    -59638.6187
 EKCMT  =      3992.4417  VIRIAL  =      3831.9946  VOLUME     =    152551.2377
                                                    Density    =         1.0353
 ------------------------------------------------------------------------------

wrapping first mol.:       19.40755       27.44642       47.53859
wrapping first mol.:       19.40755       27.44642       47.53859

 NSTEP =    41500   TIME(PS) =    3183.000  TEMP(K) =   302.39  PRESS =   100.9
 Etot   =    -50151.8641  EKtot   =      9604.1094  EPtot      =    -59755.9735
 BOND   =       410.3867  ANGLE   =      1028.7033  DIHED      =       704.0352
 1-4 NB =       447.5644  1-4 EEL =      5740.4391  VDWAALS    =      6754.2891
 EELEC  =    -74880.6486  EHBOND  =         0.0000  RESTRAINT  =        39.2574
 EAMBER (non-restraint)  =    -59795.2308
 EKCMT  =      3972.6404  VIRIAL  =      3641.7796  VOLUME     =    151932.2957
                                                    Density    =         1.0395
 ------------------------------------------------------------------------------

wrapping first mol.:       19.40210       27.43871       47.52523
wrapping first mol.:       19.40210       27.43871       47.52523

 NSTEP =    42000   TIME(PS) =    3184.000  TEMP(K) =   299.10  PRESS =  -340.7
 Etot   =    -50168.1993  EKtot   =      9499.4375  EPtot      =    -59667.6368
 BOND   =       387.8663  ANGLE   =      1022.4412  DIHED      =       712.2608
 1-4 NB =       447.8765  1-4 EEL =      5710.3799  VDWAALS    =      6404.7832
 EELEC  =    -74392.8979  EHBOND  =         0.0000  RESTRAINT  =        39.6533
 EAMBER (non-restraint)  =    -59707.2902
 EKCMT  =      4014.0118  VIRIAL  =      5130.6233  VOLUME     =    151810.1749
                                                    Density    =         1.0404
 ------------------------------------------------------------------------------

wrapping first mol.:       19.40513       27.44300       47.53267
wrapping first mol.:       19.40513       27.44300       47.53267

 NSTEP =    42500   TIME(PS) =    3185.000  TEMP(K) =   300.52  PRESS =   -87.0
 Etot   =    -50202.6493  EKtot   =      9544.7207  EPtot      =    -59747.3700
 BOND   =       398.2523  ANGLE   =      1018.0294  DIHED      =       695.9802
 1-4 NB =       466.4185  1-4 EEL =      5738.1621  VDWAALS    =      6631.4900
 EELEC  =    -74732.8782  EHBOND  =         0.0000  RESTRAINT  =        37.1756
 EAMBER (non-restraint)  =    -59784.5456
 EKCMT  =      4053.1521  VIRIAL  =      4338.3258  VOLUME     =    151878.0171
                                                    Density    =         1.0399
 ------------------------------------------------------------------------------

wrapping first mol.:       19.41266       27.45364       47.55110
wrapping first mol.:       19.41266       27.45364       47.55110

 NSTEP =    43000   TIME(PS) =    3186.000  TEMP(K) =   300.32  PRESS =   -72.8
 Etot   =    -50176.3817  EKtot   =      9538.3770  EPtot      =    -59714.7586
 BOND   =       412.2617  ANGLE   =      1012.5933  DIHED      =       707.6237
 1-4 NB =       451.7021  1-4 EEL =      5733.5658  VDWAALS    =      6630.5565
 EELEC  =    -74702.7964  EHBOND  =         0.0000  RESTRAINT  =        39.7347
 EAMBER (non-restraint)  =    -59754.4934
 EKCMT  =      4004.5170  VIRIAL  =      4243.3639  VOLUME     =    152054.5704
                                                    Density    =         1.0387
 ------------------------------------------------------------------------------

wrapping first mol.:       19.42525       27.47144       47.58193
wrapping first mol.:       19.42525       27.47144       47.58193

 NSTEP =    43500   TIME(PS) =    3187.000  TEMP(K) =   301.70  PRESS =   177.5
 Etot   =    -50218.9195  EKtot   =      9582.1523  EPtot      =    -59801.0718
 BOND   =       394.9048  ANGLE   =      1000.3524  DIHED      =       673.9040
 1-4 NB =       450.9844  1-4 EEL =      5777.2471  VDWAALS    =      6856.3034
 EELEC  =    -74989.6181  EHBOND  =         0.0000  RESTRAINT  =        34.8502
 EAMBER (non-restraint)  =    -59835.9220
 EKCMT  =      3963.2962  VIRIAL  =      3379.4240  VOLUME     =    152347.1696
                                                    Density    =         1.0367
 ------------------------------------------------------------------------------

wrapping first mol.:       19.43740       27.48863       47.61171
wrapping first mol.:       19.43740       27.48863       47.61171

 NSTEP =    44000   TIME(PS) =    3188.000  TEMP(K) =   300.23  PRESS =   100.8
 Etot   =    -50271.2399  EKtot   =      9535.4102  EPtot      =    -59806.6500
 BOND   =       390.3278  ANGLE   =       990.8716  DIHED      =       710.2540
 1-4 NB =       450.3178  1-4 EEL =      5771.7602  VDWAALS    =      6514.7679
 EELEC  =    -74670.8512  EHBOND  =         0.0000  RESTRAINT  =        35.9019
 EAMBER (non-restraint)  =    -59842.5519
 EKCMT  =      3975.8872  VIRIAL  =      3643.6075  VOLUME     =    152634.3564
                                                    Density    =         1.0347
 ------------------------------------------------------------------------------

wrapping first mol.:       19.42646       27.47316       47.58490
wrapping first mol.:       19.42646       27.47316       47.58490

 NSTEP =    44500   TIME(PS) =    3189.000  TEMP(K) =   298.92  PRESS =    -1.6
 Etot   =    -50257.3970  EKtot   =      9493.7676  EPtot      =    -59751.1646
 BOND   =       414.1576  ANGLE   =       980.1112  DIHED      =       711.6666
 1-4 NB =       452.8401  1-4 EEL =      5766.5244  VDWAALS    =      6684.9925
 EELEC  =    -74806.1787  EHBOND  =         0.0000  RESTRAINT  =        44.7217
 EAMBER (non-restraint)  =    -59795.8863
 EKCMT  =      3919.4710  VIRIAL  =      3924.7289  VOLUME     =    152378.1162
                                                    Density    =         1.0365
 ------------------------------------------------------------------------------

wrapping first mol.:       19.41240       27.45327       47.55046
wrapping first mol.:       19.41240       27.45327       47.55046

 NSTEP =    45000   TIME(PS) =    3190.000  TEMP(K) =   299.92  PRESS =   214.8
 Etot   =    -50248.1330  EKtot   =      9525.5322  EPtot      =    -59773.6652
 BOND   =       406.1029  ANGLE   =      1076.8941  DIHED      =       707.2330
 1-4 NB =       450.3064  1-4 EEL =      5741.5298  VDWAALS    =      6726.5430
 EELEC  =    -74919.1402  EHBOND  =         0.0000  RESTRAINT  =        36.8657
 EAMBER (non-restraint)  =    -59810.5309
 EKCMT  =      3940.5575  VIRIAL  =      3235.4846  VOLUME     =    152044.5269
                                                    Density    =         1.0388
 ------------------------------------------------------------------------------

wrapping first mol.:       19.43541       27.48582       47.60683
wrapping first mol.:       19.43541       27.48582       47.60683

 NSTEP =    45500   TIME(PS) =    3191.000  TEMP(K) =   301.12  PRESS =   -33.8
 Etot   =    -50181.4274  EKtot   =      9563.7021  EPtot      =    -59745.1295
 BOND   =       417.2533  ANGLE   =      1027.6777  DIHED      =       710.4352
 1-4 NB =       445.8832  1-4 EEL =      5718.1021  VDWAALS    =      6631.9130
 EELEC  =    -74737.9806  EHBOND  =         0.0000  RESTRAINT  =        41.5866
 EAMBER (non-restraint)  =    -59786.7161
 EKCMT  =      4013.0059  VIRIAL  =      4124.4378  VOLUME     =    152589.3306
                                                    Density    =         1.0350
 ------------------------------------------------------------------------------

wrapping first mol.:       19.43375       27.48347       47.60276
wrapping first mol.:       19.43375       27.48347       47.60276

 NSTEP =    46000   TIME(PS) =    3192.000  TEMP(K) =   300.70  PRESS =   119.5
 Etot   =    -50443.2092  EKtot   =      9550.1904  EPtot      =    -59993.3996
 BOND   =       387.0147  ANGLE   =      1019.7442  DIHED      =       702.9399
 1-4 NB =       449.9951  1-4 EEL =      5750.9909  VDWAALS    =      6817.7472
 EELEC  =    -75163.7086  EHBOND  =         0.0000  RESTRAINT  =        41.8769
 EAMBER (non-restraint)  =    -60035.2765
 EKCMT  =      4042.5632  VIRIAL  =      3649.0264  VOLUME     =    152548.1096
                                                    Density    =         1.0353
 ------------------------------------------------------------------------------

wrapping first mol.:       19.42014       27.46423       47.56944
wrapping first mol.:       19.42014       27.46423       47.56944

 NSTEP =    46500   TIME(PS) =    3193.000  TEMP(K) =   296.85  PRESS =   143.5
 Etot   =    -50428.0948  EKtot   =      9427.9316  EPtot      =    -59856.0265
 BOND   =       386.9362  ANGLE   =       995.6381  DIHED      =       712.1134
 1-4 NB =       455.0580  1-4 EEL =      5733.0324  VDWAALS    =      6909.6246
 EELEC  =    -75085.8503  EHBOND  =         0.0000  RESTRAINT  =        37.4211
 EAMBER (non-restraint)  =    -59893.4475
 EKCMT  =      3977.9381  VIRIAL  =      3506.2481  VOLUME     =    152227.6526
                                                    Density    =         1.0375
 ------------------------------------------------------------------------------

wrapping first mol.:       19.42216       27.46708       47.57437
wrapping first mol.:       19.42216       27.46708       47.57437

 NSTEP =    47000   TIME(PS) =    3194.000  TEMP(K) =   302.22  PRESS =  -190.1
 Etot   =    -50071.3450  EKtot   =      9598.6992  EPtot      =    -59670.0442
 BOND   =       395.9154  ANGLE   =      1036.3686  DIHED      =       699.0644
 1-4 NB =       455.6520  1-4 EEL =      5760.2543  VDWAALS    =      6554.6739
 EELEC  =    -74608.8995  EHBOND  =         0.0000  RESTRAINT  =        36.9267
 EAMBER (non-restraint)  =    -59706.9709
 EKCMT  =      4009.9799  VIRIAL  =      4635.0101  VOLUME     =    152279.5249
                                                    Density    =         1.0372
 ------------------------------------------------------------------------------

wrapping first mol.:       19.40597       27.44418       47.53471
wrapping first mol.:       19.40597       27.44418       47.53471

 NSTEP =    47500   TIME(PS) =    3195.000  TEMP(K) =   292.72  PRESS =   162.7
 Etot   =    -50289.0828  EKtot   =      9296.7168  EPtot      =    -59585.7996
 BOND   =       389.2514  ANGLE   =      1020.0811  DIHED      =       696.4485
 1-4 NB =       459.2957  1-4 EEL =      5792.5947  VDWAALS    =      6802.2695
 EELEC  =    -74781.2691  EHBOND  =         0.0000  RESTRAINT  =        35.5285
 EAMBER (non-restraint)  =    -59621.3282
 EKCMT  =      3869.7307  VIRIAL  =      3336.2022  VOLUME     =    151894.2032
                                                    Density    =         1.0398
 ------------------------------------------------------------------------------

wrapping first mol.:       19.42469       27.47066       47.58058
wrapping first mol.:       19.42469       27.47066       47.58058

 NSTEP =    48000   TIME(PS) =    3196.000  TEMP(K) =   301.49  PRESS =   512.9
 Etot   =    -49923.7069  EKtot   =      9575.3848  EPtot      =    -59499.0917
 BOND   =       399.9953  ANGLE   =      1098.7083  DIHED      =       696.4932
 1-4 NB =       434.3509  1-4 EEL =      5732.2388  VDWAALS    =      6773.6101
 EELEC  =    -74670.7764  EHBOND  =         0.0000  RESTRAINT  =        36.2881
 EAMBER (non-restraint)  =    -59535.3798
 EKCMT  =      3913.2702  VIRIAL  =      2226.2218  VOLUME     =    152329.5632
                                                    Density    =         1.0368
 ------------------------------------------------------------------------------

wrapping first mol.:       19.41998       27.46400       47.56904
wrapping first mol.:       19.41998       27.46400       47.56904

 NSTEP =    48500   TIME(PS) =    3197.000  TEMP(K) =   301.41  PRESS =   533.5
 Etot   =    -49996.7934  EKtot   =      9572.8486  EPtot      =    -59569.6420
 BOND   =       384.7042  ANGLE   =      1037.5300  DIHED      =       721.7897
 1-4 NB =       453.5542  1-4 EEL =      5715.0936  VDWAALS    =      6777.1066
 EELEC  =    -74699.1778  EHBOND  =         0.0000  RESTRAINT  =        39.7574
 EAMBER (non-restraint)  =    -59609.3995
 EKCMT  =      3942.0970  VIRIAL  =      2188.5830  VOLUME     =    152218.5296
                                                    Density    =         1.0376
 ------------------------------------------------------------------------------

wrapping first mol.:       19.41810       27.46134       47.56444
wrapping first mol.:       19.41810       27.46134       47.56444

 NSTEP =    49000   TIME(PS) =    3198.000  TEMP(K) =   294.17  PRESS =   -82.5
 Etot   =    -50373.7039  EKtot   =      9342.9473  EPtot      =    -59716.6512
 BOND   =       409.7718  ANGLE   =      1044.1350  DIHED      =       709.0050
 1-4 NB =       461.1220  1-4 EEL =      5807.8978  VDWAALS    =      6549.6253
 EELEC  =    -74739.2865  EHBOND  =         0.0000  RESTRAINT  =        41.0786
 EAMBER (non-restraint)  =    -59757.7298
 EKCMT  =      3902.4260  VIRIAL  =      4173.3952  VOLUME     =    152182.6805
                                                    Density    =         1.0378
 ------------------------------------------------------------------------------

wrapping first mol.:       19.40986       27.44968       47.54424
wrapping first mol.:       19.40986       27.44968       47.54424

 NSTEP =    49500   TIME(PS) =    3199.000  TEMP(K) =   301.67  PRESS =   145.1
 Etot   =    -50254.2067  EKtot   =      9581.2451  EPtot      =    -59835.4518
 BOND   =       408.5449  ANGLE   =      1027.8039  DIHED      =       711.4121
 1-4 NB =       457.1744  1-4 EEL =      5677.9192  VDWAALS    =      6815.9618
 EELEC  =    -74978.3357  EHBOND  =         0.0000  RESTRAINT  =        44.0676
 EAMBER (non-restraint)  =    -59879.5194
 EKCMT  =      3987.8876  VIRIAL  =      3511.5854  VOLUME     =    151985.8391
                                                    Density    =         1.0392
 ------------------------------------------------------------------------------

wrapping first mol.:       19.42083       27.46520       47.57112
wrapping first mol.:       19.42083       27.46520       47.57112

 NSTEP =    50000   TIME(PS) =    3200.000  TEMP(K) =   299.05  PRESS =   -80.2
 Etot   =    -50117.1373  EKtot   =      9497.8242  EPtot      =    -59614.9615
 BOND   =       390.3438  ANGLE   =      1053.7088  DIHED      =       689.2634
 1-4 NB =       459.5116  1-4 EEL =      5772.7280  VDWAALS    =      6546.7963
 EELEC  =    -74564.9792  EHBOND  =         0.0000  RESTRAINT  =        37.6658
 EAMBER (non-restraint)  =    -59652.6273
 EKCMT  =      3970.4572  VIRIAL  =      4233.9729  VOLUME     =    152246.8357
                                                    Density    =         1.0374
 ------------------------------------------------------------------------------


      A V E R A G E S   O V E R     100 S T E P S


 NSTEP =    50000   TIME(PS) =    3200.000  TEMP(K) =   300.01  PRESS =    21.7
 Etot   =    -50195.1041  EKtot   =      9528.4551  EPtot      =    -59723.5592
 BOND   =       397.4774  ANGLE   =      1027.0285  DIHED      =       706.5391
 1-4 NB =       452.5949  1-4 EEL =      5755.1639  VDWAALS    =      6609.6804
 EELEC  =    -74708.8912  EHBOND  =         0.0000  RESTRAINT  =        36.8479
 EAMBER (non-restraint)  =    -59760.4071
 EKCMT  =      3989.2294  VIRIAL  =      3918.0415  VOLUME     =    151904.1641
                                                    Density    =         1.0397
 ------------------------------------------------------------------------------


      R M S  F L U C T U A T I O N S


 NSTEP =    50000   TIME(PS) =    3200.000  TEMP(K) =     2.38  PRESS =   230.2
 Etot   =       135.3845  EKtot   =        75.4633  EPtot      =       115.4221
 BOND   =        16.4142  ANGLE   =        26.5990  DIHED      =        12.7211
 1-4 NB =         7.4457  1-4 EEL =        26.9100  VDWAALS    =       122.4610
 EELEC  =       183.5200  EHBOND  =         0.0000  RESTRAINT  =         4.0054
 EAMBER (non-restraint)  =       111.4167
 EKCMT  =        52.9707  VIRIAL  =       761.0691  VOLUME     =       346.7337
                                                    Density    =         0.0024
 ------------------------------------------------------------------------------

--------------------------------------------------------------------------------
   5.  TIMINGS
--------------------------------------------------------------------------------

|  NonSetup CPU Time in Major Routines:
|
|     Routine           Sec        %
|     ------------------------------
|     Nonbond          69.69   83.48
|     Bond              0.00    0.00
|     Angle             0.00    0.00
|     Dihedral          0.00    0.00
|     Shake             0.26    0.31
|     RunMD            13.44   16.10
|     Other             0.09    0.11
|     ------------------------------
|     Total            83.48

|  PME Nonbond Pairlist CPU Time:
|
|     Routine              Sec        %
|     ---------------------------------
|     Set Up Cit           0.00    0.00
|     Build List           0.00    0.00
|     ---------------------------------
|     Total                0.00    0.00

|  PME Direct Force CPU Time:
|
|     Routine              Sec        %
|     ---------------------------------
|     NonBonded Calc       0.00    0.00
|     Exclude Masked       0.00    0.00
|     Other                0.06    0.07
|     ---------------------------------
|     Total                0.06    0.07

|  PME Reciprocal Force CPU Time:
|
|     Routine              Sec        %
|     ---------------------------------
|     1D bspline           0.00    0.00
|     Grid Charges         0.00    0.00
|     Scalar Sum           0.00    0.00
|     Gradient Sum         0.00    0.00
|     FFT                  0.00    0.00
|     ---------------------------------
|     Total                0.00    0.00

|  Final Performance Info:
|     -----------------------------------------------------
|     Average timings for last   14000 steps:
|     Elapsed(s) =      23.37 Per Step(ms) =       1.67
|         ns/day =     103.51   seconds/ns =     834.73
|
|     Average timings for all steps:
|     Elapsed(s) =      83.47 Per Step(ms) =       1.67
|         ns/day =     103.51   seconds/ns =     834.71
|     -----------------------------------------------------

|  Setup CPU time:            0.59 seconds
|  NonSetup CPU time:        83.48 seconds
|  Total CPU time:           84.07 seconds     0.02 hours

|  Setup wall time:           1    seconds
|  NonSetup wall time:       84    seconds
|  Total wall time:          85    seconds     0.02 hours
