
          -------------------------------------------------------
          Amber 18 PMEMD                              2018
          -------------------------------------------------------

| PMEMD implementation of SANDER, Release 18

| Run on 09/29/2019 at 23:06:17

|   Executable path: pmemd.cuda
| Working directory: /home/pbarletta/lbp/run/1ifb/mhe/e
|          Hostname: Unknown
  [-O]verwriting output

File Assignments:
|   MDIN: 33equ.in                                                              
|  MDOUT: 33equ.out                                                             
| INPCRD: 32e1ifb.rst7                                                          
|   PARM: /home/pbarletta/lbp/top_files/1ifb.prmtop                             
| RESTRT: 33e1ifb.rst7                                                          
|   REFC: 32e1ifb.rst7                                                          
|  MDVEL: mdvel                                                                 
|   MDEN: mden                                                                  
|  MDCRD: 33e1ifb.nc                                                            
| MDINFO: mdinfo                                                                
|  MDFRC: mdfrc                                                                 


 Here is the input file:

Equilibration with solute restrictions                                         
&cntrl                                                                         
imin = 0,                           ! No Minimization                          
nmropt = 0,                         ! No NMR restraints read                   
                                                                               
! Nature and format of the input                                               
ntx = 5,                            ! Coordinates but no velocities will be rea
irest = 1,                          ! Do not run a new simulation              
                                                                               
! Nature and format of the output                                              
ntxo = 1,                           ! rstrt file in ASCII format               
ntpr = 500,                         ! inf in output every ntpr steps           
ntwr = 500,                         ! rstrt file every ntwr steps              
ntwx = 500,                         ! mdcrd file every ntwx steps              
ntwv = 0,                           ! mdvel without velocities                 
ntwe = 0,                           ! Do not write energies and temperatures   
idecomp = 0,                        ! No energy decomposition                  
iwrap = 1,                          ! Coordinates of the restart and mdcrd file
                                                                               
! Frozen or restrained atoms                                                   
ibelly = 0,                         ! No frozen atoms                          
ntr=1,                              ! Harmonic potential restraints            
restraint_wt = 0.20,                ! The weight for the positional restraints 
restraintmask = ':1-131@N,CA,C,O',  ! restrained residues                      
                                                                               
! Molecular dynamics                                                           
nstlim = 50000,                     ! Number of MD-steps                       
dt = 0.002,                         ! Time step                                
                                                                               
! Temperature regulation                                                       
ntt = 3,                            ! Langevin thermostat                      
gamma_ln = 5,                       ! Gamma constant for Langevin              
temp0 = 300.0,                      ! Reference T at which the system is to be 
tempi = 300.0,                      ! Initial T                                
ig = -1,                            ! Seed for the RNG                         
                                                                               
! P and V regulation                                                           
ntp = 1,                            ! constant P                               
barostat = 1,                       ! Berendsen barostat                       
taup = 1,                           ! Pressure relaxation time                 
ntb = 2,                            ! Periodic box for constant P              
                                                                               
! SHAKE variables                                                              
ntc = 2,                            ! Bonds involving H are constrained        
ntf = 2,                            ! Bond interaction involving H are ommited.
                                                                               
cut = 10.0,                         ! Nonbonded cutoff                         
/                                                                              
&end                                                                           


Note: ig = -1. Setting random seed to   837570 based on wallclock time in 
      microseconds.
| irandom = 1, using AMBER's internal random number generator (default).
 
|--------------------- INFORMATION ----------------------
| GPU (CUDA) Version of PMEMD in use: NVIDIA GPU IN USE.
|                    Version 18.0.0
| 
|                      03/25/2018
| 
| Implementation by:
|                    Ross C. Walker     (SDSC)
|                    Scott Le Grand     (nVIDIA)
| 
| Version 18 performance extensions by:
|                    David Cerutti     (Rutgers)
| 
| Precision model in use:
|      [SPFP] - Single Precision Forces, 64-bit Fixed Point
|               Accumulation. (Default)
| 
|--------------------------------------------------------
 
|----------------- CITATION INFORMATION -----------------
|
|    When publishing work that utilized the CUDA version
|    of AMBER, please cite the following in addition to
|    the regular AMBER citations:
|
|  - Romelia Salomon-Ferrer; Andreas W. Goetz; Duncan
|    Poole; Scott Le Grand; Ross C. Walker "Routine
|    microsecond molecular dynamics simulations with
|    AMBER - Part II: Particle Mesh Ewald", J. Chem.
|    Theory Comput., 2013, 9 (9), pp3878-3888,
|    DOI: 10.1021/ct400314y.
|
|  - Andreas W. Goetz; Mark J. Williamson; Dong Xu;
|    Duncan Poole; Scott Le Grand; Ross C. Walker
|    "Routine microsecond molecular dynamics simulations
|    with AMBER - Part I: Generalized Born", J. Chem.
|    Theory Comput., 2012, 8 (5), pp1542-1555.
|
|  - Scott Le Grand; Andreas W. Goetz; Ross C. Walker
|    "SPFP: Speed without compromise - a mixed precision
|    model for GPU accelerated molecular dynamics
|    simulations.", Comp. Phys. Comm., 2013, 184
|    pp374-380, DOI: 10.1016/j.cpc.2012.09.022
|
|--------------------------------------------------------
 
|------------------- GPU DEVICE INFO --------------------
|
|            CUDA_VISIBLE_DEVICES: 0
|   CUDA Capable Devices Detected:      1
|           CUDA Device ID in use:      0
|                CUDA Device Name: GeForce GTX 1060 6GB
|     CUDA Device Global Mem Size:   6078 MB
| CUDA Device Num Multiprocessors:     10
|           CUDA Device Core Freq:   1.76 GHz
|
|--------------------------------------------------------
 
 
| Conditional Compilation Defines Used:
| PUBFFT
| BINTRAJ
| CUDA
| EMIL

| Largest sphere to fit in unit cell has radius =    23.760

| New format PARM file being parsed.
| Version =    1.000 Date = 09/29/19 Time = 21:52:31

| Note: 1-4 EEL scale factors are being read from the topology file.

| Note: 1-4 VDW scale factors are being read from the topology file.
| Duplicated    0 dihedrals

| Duplicated    0 dihedrals

--------------------------------------------------------------------------------
   1.  RESOURCE   USE: 
--------------------------------------------------------------------------------

 getting new box info from bottom of inpcrd
 NATOM  =   19901 NTYPES =      17 NBONH =   14397 MBONA  =    5520
 NTHETH =    2406 MTHETA =    1438 NPHIH =    4850 MPHIA  =    4505
 NHPARM =       0 NPARM  =       0 NNB   =   42760 NRES   =    4578
 NBONA  =    5520 NTHETA =    1438 NPHIA =    4505 NUMBND =      69
 NUMANG =     155 NPTRA  =     178 NATYP =      35 NPHB   =       1
 IFBOX  =       2 NMXRS  =      24 IFCAP =       0 NEXTRA =    4447
 NCOPY  =       0

| Coordinate Index Table dimensions:     9    9    9
| Direct force subcell size =     6.4665    6.4665    6.4665

     BOX TYPE: TRUNCATED OCTAHEDRON

--------------------------------------------------------------------------------
   2.  CONTROL  DATA  FOR  THE  RUN
--------------------------------------------------------------------------------

default_name                                                                    

General flags:
     imin    =       0, nmropt  =       0

Nature and format of input:
     ntx     =       5, irest   =       1, ntrx    =       1

Nature and format of output:
     ntxo    =       1, ntpr    =     500, ntrx    =       1, ntwr    =     500
     iwrap   =       1, ntwx    =     500, ntwv    =       0, ntwe    =       0
     ioutfm  =       1, ntwprt  =       0, idecomp =       0, rbornstat=      0

Potential function:
     ntf     =       2, ntb     =       2, igb     =       0, nsnb    =      25
     ipol    =       0, gbsa    =       0, iesp    =       0
     dielc   =   1.00000, cut     =  10.00000, intdiel =   1.00000

Frozen or restrained atoms:
     ibelly  =       0, ntr     =       1
     restraint_wt =   0.20000

Molecular dynamics:
     nstlim  =     50000, nscm    =         0, nrespa  =         1
     t       =   0.00000, dt      =   0.00200, vlimit  =  -1.00000

Langevin dynamics temperature regulation:
     ig      =  837570
     temp0   = 300.00000, tempi   = 300.00000, gamma_ln=   5.00000

Pressure regulation:
     ntp     =       1
     pres0   =   1.00000, comp    =  44.60000, taup    =   1.00000

SHAKE:
     ntc     =       2, jfastw  =       0
     tol     =   0.00001

| Intermolecular bonds treatment:
|     no_intermolecular_bonds =       1

| Energy averages sample interval:
|     ene_avg_sampling =     500

Extra-points options:
     frameon =       1, chngmask=       1

Ewald parameters:
     verbose =       0, ew_type =       0, nbflag  =       1, use_pme =       1
     vdwmeth =       1, eedmeth =       1, netfrc  =       1
     Box X =   58.199   Box Y =   58.199   Box Z =   58.199
     Alpha =  109.471   Beta  =  109.471   Gamma =  109.471
     NFFT1 =   64       NFFT2 =   64       NFFT3 =   64
     Cutoff=   10.000   Tol   =0.100E-04
     Ewald Coefficient =  0.27511
     Interpolation order =    4

    LOADING THE CONSTRAINED ATOMS AS GROUPS


   5.  REFERENCE ATOM COORDINATES

  default_name                                                                    
     Mask :1-131@N,CA,C,O; matches   524 atoms
|      EXTRA_PTS, trim_bonds: num bonds BEFORE trim = 14397     0
|      EXTRA_PTS, trim_bonds: num bonds AFTER  trim = 14397     0
|      EXTRA_PTS, trim_bonds: num bonds BEFORE trim =  5520     0
|      EXTRA_PTS, trim_bonds: num bonds AFTER  trim =  1073     0
|      EXTRA_PTS, trim_theta: num angle BEFORE trim =  2406     0
|      EXTRA_PTS, trim_theta: num angle AFTER  trim =  2406     0
|      EXTRA_PTS, trim_theta: num angle BEFORE trim =  1438     0
|      EXTRA_PTS, trim_theta: num angle AFTER  trim =  1438     0
|      EXTRA_PTS, trim_phi:  num diheds BEFORE trim =  4850     0
|      EXTRA_PTS, trim_phi:  num diheds AFTER  trim =  4850     0
|      EXTRA_PTS, trim_phi:  num diheds BEFORE trim =  4505     0
|      EXTRA_PTS, trim_phi:  num diheds AFTER  trim =  4505     0

--------------------------------------------------------------------------------
   3.  ATOMIC COORDINATES AND VELOCITIES
--------------------------------------------------------------------------------

default_name                                                                    
 begin time read from input coords =  3600.000 ps

 
 Number of triangulated 3-point waters found:     4447

     Sum of charges from parm topology file =   0.00002436
     Forcing neutrality...

| Dynamic Memory, Types Used:
| Reals              996413
| Integers          1467781

| Nonbonded Pairs Initial Allocation:     6019554

| GPU memory information (estimate):
| KB of GPU memory in use:         0
| KB of CPU memory in use:         0

--------------------------------------------------------------------------------
   4.  RESULTS
--------------------------------------------------------------------------------

wrapping first mol.:       19.40265       27.43949       47.52659
wrapping first mol.:       19.40265       27.43949       47.52659

 NSTEP =      500   TIME(PS) =    3601.000  TEMP(K) =   301.44  PRESS =   113.8
 Etot   =    -50129.5795  EKtot   =      9573.9277  EPtot      =    -59703.5072
 BOND   =       445.1978  ANGLE   =       982.3129  DIHED      =       720.2069
 1-4 NB =       438.2870  1-4 EEL =      5745.8516  VDWAALS    =      6581.0249
 EELEC  =    -74630.7661  EHBOND  =         0.0000  RESTRAINT  =        14.3777
 EAMBER (non-restraint)  =    -59717.8850
 EKCMT  =      3998.4892  VIRIAL  =      3625.5668  VOLUME     =    151817.0303
                                                    Density    =         1.0403
 ------------------------------------------------------------------------------

wrapping first mol.:       19.39855       27.43369       47.51654
wrapping first mol.:       19.39855       27.43369       47.51654

 NSTEP =     1000   TIME(PS) =    3602.000  TEMP(K) =   299.19  PRESS =   293.4
 Etot   =    -50258.9346  EKtot   =      9502.3818  EPtot      =    -59761.3165
 BOND   =       401.2406  ANGLE   =      1054.9175  DIHED      =       692.7091
 1-4 NB =       451.0714  1-4 EEL =      5741.8598  VDWAALS    =      6826.7854
 EELEC  =    -74948.1883  EHBOND  =         0.0000  RESTRAINT  =        18.2882
 EAMBER (non-restraint)  =    -59779.6047
 EKCMT  =      3946.2280  VIRIAL  =      2985.0221  VOLUME     =    151718.2863
                                                    Density    =         1.0410
 ------------------------------------------------------------------------------

wrapping first mol.:       19.39469       27.42823       47.50708
wrapping first mol.:       19.39469       27.42823       47.50708

 NSTEP =     1500   TIME(PS) =    3603.000  TEMP(K) =   301.08  PRESS =    56.8
 Etot   =    -50276.0829  EKtot   =      9562.4297  EPtot      =    -59838.5126
 BOND   =       381.6920  ANGLE   =      1002.0642  DIHED      =       702.3961
 1-4 NB =       462.2206  1-4 EEL =      5756.8716  VDWAALS    =      6502.7251
 EELEC  =    -74664.7950  EHBOND  =         0.0000  RESTRAINT  =        18.3129
 EAMBER (non-restraint)  =    -59856.8254
 EKCMT  =      3980.8198  VIRIAL  =      3794.8671  VOLUME     =    151630.9415
                                                    Density    =         1.0416
 ------------------------------------------------------------------------------

wrapping first mol.:       19.38492       27.41442       47.48316
wrapping first mol.:       19.38492       27.41442       47.48316

 NSTEP =     2000   TIME(PS) =    3604.000  TEMP(K) =   304.15  PRESS =  -167.8
 Etot   =    -50154.9660  EKtot   =      9659.8428  EPtot      =    -59814.8088
 BOND   =       398.4520  ANGLE   =      1021.9407  DIHED      =       689.9852
 1-4 NB =       444.3690  1-4 EEL =      5739.5858  VDWAALS    =      6492.3663
 EELEC  =    -74617.1519  EHBOND  =         0.0000  RESTRAINT  =        15.6442
 EAMBER (non-restraint)  =    -59830.4530
 EKCMT  =      3983.7832  VIRIAL  =      4532.2415  VOLUME     =    151405.0599
                                                    Density    =         1.0431
 ------------------------------------------------------------------------------

wrapping first mol.:       19.38944       27.42081       47.49424
wrapping first mol.:       19.38944       27.42081       47.49424

 NSTEP =     2500   TIME(PS) =    3605.000  TEMP(K) =   301.63  PRESS =  -116.7
 Etot   =    -50258.3834  EKtot   =      9579.8105  EPtot      =    -59838.1940
 BOND   =       385.5453  ANGLE   =       992.9376  DIHED      =       688.3940
 1-4 NB =       453.2280  1-4 EEL =      5744.7707  VDWAALS    =      6472.5376
 EELEC  =    -74595.9489  EHBOND  =         0.0000  RESTRAINT  =        20.3418
 EAMBER (non-restraint)  =    -59858.5358
 EKCMT  =      4007.9307  VIRIAL  =      4389.7762  VOLUME     =    151510.3462
                                                    Density    =         1.0424
 ------------------------------------------------------------------------------

wrapping first mol.:       19.40535       27.44331       47.53320
wrapping first mol.:       19.40535       27.44331       47.53320

 NSTEP =     3000   TIME(PS) =    3606.000  TEMP(K) =   296.33  PRESS =  -333.9
 Etot   =    -50496.2196  EKtot   =      9411.4824  EPtot      =    -59907.7021
 BOND   =       396.9610  ANGLE   =      1037.6829  DIHED      =       711.5797
 1-4 NB =       456.1577  1-4 EEL =      5761.1399  VDWAALS    =      6575.5054
 EELEC  =    -74869.5598  EHBOND  =         0.0000  RESTRAINT  =        22.8312
 EAMBER (non-restraint)  =    -59930.5333
 EKCMT  =      3946.8052  VIRIAL  =      5041.9100  VOLUME     =    151886.4501
                                                    Density    =         1.0398
 ------------------------------------------------------------------------------

wrapping first mol.:       19.40562       27.44369       47.53386
wrapping first mol.:       19.40562       27.44369       47.53386

 NSTEP =     3500   TIME(PS) =    3607.000  TEMP(K) =   296.97  PRESS =   126.2
 Etot   =    -50396.2345  EKtot   =      9431.8506  EPtot      =    -59828.0851
 BOND   =       383.1038  ANGLE   =      1021.3507  DIHED      =       704.2128
 1-4 NB =       442.3556  1-4 EEL =      5752.5233  VDWAALS    =      6746.3397
 EELEC  =    -74894.5664  EHBOND  =         0.0000  RESTRAINT  =        16.5953
 EAMBER (non-restraint)  =    -59844.6804
 EKCMT  =      3949.2611  VIRIAL  =      3535.2595  VOLUME     =    151886.5815
                                                    Density    =         1.0398
 ------------------------------------------------------------------------------

wrapping first mol.:       19.39669       27.43105       47.51198
wrapping first mol.:       19.39669       27.43105       47.51198

 NSTEP =     4000   TIME(PS) =    3608.000  TEMP(K) =   298.93  PRESS =   -85.0
 Etot   =    -50329.0101  EKtot   =      9494.1006  EPtot      =    -59823.1106
 BOND   =       392.4297  ANGLE   =      1024.9908  DIHED      =       694.0944
 1-4 NB =       447.1239  1-4 EEL =      5761.6218  VDWAALS    =      6423.5650
 EELEC  =    -74585.1893  EHBOND  =         0.0000  RESTRAINT  =        18.2531
 EAMBER (non-restraint)  =    -59841.3638
 EKCMT  =      3973.4156  VIRIAL  =      4251.8913  VOLUME     =    151679.7468
                                                    Density    =         1.0413
 ------------------------------------------------------------------------------

wrapping first mol.:       19.38608       27.41605       47.48599
wrapping first mol.:       19.38608       27.41605       47.48599

 NSTEP =     4500   TIME(PS) =    3609.000  TEMP(K) =   299.82  PRESS =   443.4
 Etot   =    -50208.7508  EKtot   =      9522.3613  EPtot      =    -59731.1122
 BOND   =       390.6122  ANGLE   =      1018.4506  DIHED      =       719.8089
 1-4 NB =       465.7491  1-4 EEL =      5737.4676  VDWAALS    =      6680.3776
 EELEC  =    -74763.5613  EHBOND  =         0.0000  RESTRAINT  =        19.9832
 EAMBER (non-restraint)  =    -59751.0953
 EKCMT  =      3966.3569  VIRIAL  =      2516.7440  VOLUME     =    151423.8753
                                                    Density    =         1.0430
 ------------------------------------------------------------------------------

wrapping first mol.:       19.39455       27.42803       47.50674
wrapping first mol.:       19.39455       27.42803       47.50674

 NSTEP =     5000   TIME(PS) =    3610.000  TEMP(K) =   296.55  PRESS =  -103.3
 Etot   =    -50527.3178  EKtot   =      9418.5977  EPtot      =    -59945.9154
 BOND   =       369.5245  ANGLE   =       991.5428  DIHED      =       689.1505
 1-4 NB =       456.9382  1-4 EEL =      5735.9417  VDWAALS    =      6727.8594
 EELEC  =    -74935.4940  EHBOND  =         0.0000  RESTRAINT  =        18.6215
 EAMBER (non-restraint)  =    -59964.5369
 EKCMT  =      3963.7821  VIRIAL  =      4301.8470  VOLUME     =    151629.8124
                                                    Density    =         1.0416
 ------------------------------------------------------------------------------

wrapping first mol.:       19.38716       27.41759       47.48865
wrapping first mol.:       19.38716       27.41759       47.48865

 NSTEP =     5500   TIME(PS) =    3611.000  TEMP(K) =   300.71  PRESS =   301.5
 Etot   =    -50285.4975  EKtot   =      9550.6836  EPtot      =    -59836.1811
 BOND   =       421.5369  ANGLE   =      1006.6601  DIHED      =       697.7930
 1-4 NB =       451.4263  1-4 EEL =      5741.4391  VDWAALS    =      6662.1357
 EELEC  =    -74836.9037  EHBOND  =         0.0000  RESTRAINT  =        19.7315
 EAMBER (non-restraint)  =    -59855.9126
 EKCMT  =      4036.5727  VIRIAL  =      3050.7743  VOLUME     =    151451.2247
                                                    Density    =         1.0428
 ------------------------------------------------------------------------------

wrapping first mol.:       19.37993       27.40736       47.47094
wrapping first mol.:       19.37993       27.40736       47.47094

 NSTEP =     6000   TIME(PS) =    3612.000  TEMP(K) =   302.87  PRESS =   121.6
 Etot   =    -50173.1091  EKtot   =      9619.3340  EPtot      =    -59792.4431
 BOND   =       399.9826  ANGLE   =      1056.0744  DIHED      =       688.9870
 1-4 NB =       445.9320  1-4 EEL =      5763.8332  VDWAALS    =      6621.0916
 EELEC  =    -74787.5664  EHBOND  =         0.0000  RESTRAINT  =        19.2224
 EAMBER (non-restraint)  =    -59811.6655
 EKCMT  =      4023.7277  VIRIAL  =      3626.6393  VOLUME     =    151284.2933
                                                    Density    =         1.0440
 ------------------------------------------------------------------------------

wrapping first mol.:       19.39963       27.43522       47.51919
wrapping first mol.:       19.39963       27.43522       47.51919

 NSTEP =     6500   TIME(PS) =    3613.000  TEMP(K) =   304.70  PRESS =   -58.6
 Etot   =    -50125.4252  EKtot   =      9677.4092  EPtot      =    -59802.8344
 BOND   =       394.5113  ANGLE   =      1028.9204  DIHED      =       701.2205
 1-4 NB =       446.3522  1-4 EEL =      5705.9842  VDWAALS    =      6611.2821
 EELEC  =    -74711.0877  EHBOND  =         0.0000  RESTRAINT  =        19.9825
 EAMBER (non-restraint)  =    -59822.8169
 EKCMT  =      4083.3703  VIRIAL  =      4275.4539  VOLUME     =    151748.5255
                                                    Density    =         1.0408
 ------------------------------------------------------------------------------

wrapping first mol.:       19.40307       27.44009       47.52762
wrapping first mol.:       19.40307       27.44009       47.52762

 NSTEP =     7000   TIME(PS) =    3614.000  TEMP(K) =   301.69  PRESS =    55.2
 Etot   =    -50141.7704  EKtot   =      9581.7881  EPtot      =    -59723.5585
 BOND   =       384.0765  ANGLE   =      1046.1131  DIHED      =       706.8270
 1-4 NB =       465.3470  1-4 EEL =      5760.1527  VDWAALS    =      6619.8407
 EELEC  =    -74725.8074  EHBOND  =         0.0000  RESTRAINT  =        19.8920
 EAMBER (non-restraint)  =    -59743.4505
 EKCMT  =      4020.2874  VIRIAL  =      3839.1861  VOLUME     =    151827.7019
                                                    Density    =         1.0402
 ------------------------------------------------------------------------------

wrapping first mol.:       19.40784       27.44683       47.53929
wrapping first mol.:       19.40784       27.44683       47.53929

 NSTEP =     7500   TIME(PS) =    3615.000  TEMP(K) =   300.85  PRESS =  -308.6
 Etot   =    -50160.1205  EKtot   =      9555.0156  EPtot      =    -59715.1361
 BOND   =       400.6067  ANGLE   =      1045.9437  DIHED      =       691.4370
 1-4 NB =       460.0724  1-4 EEL =      5758.4339  VDWAALS    =      6616.0982
 EELEC  =    -74708.7558  EHBOND  =         0.0000  RESTRAINT  =        21.0278
 EAMBER (non-restraint)  =    -59736.1639
 EKCMT  =      4034.3440  VIRIAL  =      5046.9029  VOLUME     =    151944.5507
                                                    Density    =         1.0394
 ------------------------------------------------------------------------------

wrapping first mol.:       19.40770       27.44664       47.53897
wrapping first mol.:       19.40770       27.44664       47.53897

 NSTEP =     8000   TIME(PS) =    3616.000  TEMP(K) =   300.65  PRESS =   -19.2
 Etot   =    -50196.7613  EKtot   =      9548.8584  EPtot      =    -59745.6197
 BOND   =       405.2305  ANGLE   =       974.1684  DIHED      =       720.9482
 1-4 NB =       447.6012  1-4 EEL =      5739.4628  VDWAALS    =      6531.0594
 EELEC  =    -74583.1811  EHBOND  =         0.0000  RESTRAINT  =        19.0910
 EAMBER (non-restraint)  =    -59764.7107
 EKCMT  =      4037.5604  VIRIAL  =      4100.5394  VOLUME     =    151937.5140
                                                    Density    =         1.0395
 ------------------------------------------------------------------------------

wrapping first mol.:       19.41131       27.45173       47.54779
wrapping first mol.:       19.41131       27.45173       47.54779

 NSTEP =     8500   TIME(PS) =    3617.000  TEMP(K) =   300.91  PRESS =  -297.1
 Etot   =    -50112.2313  EKtot   =      9556.8965  EPtot      =    -59669.1278
 BOND   =       389.4364  ANGLE   =       997.5925  DIHED      =       681.8961
 1-4 NB =       460.8950  1-4 EEL =      5745.7552  VDWAALS    =      6364.0554
 EELEC  =    -74329.3675  EHBOND  =         0.0000  RESTRAINT  =        20.6090
 EAMBER (non-restraint)  =    -59689.7368
 EKCMT  =      4018.7364  VIRIAL  =      4993.9715  VOLUME     =    152025.8654
                                                    Density    =         1.0389
 ------------------------------------------------------------------------------

wrapping first mol.:       19.40283       27.43975       47.52703
wrapping first mol.:       19.40283       27.43975       47.52703

 NSTEP =     9000   TIME(PS) =    3618.000  TEMP(K) =   302.98  PRESS =   -55.3
 Etot   =    -49906.8534  EKtot   =      9622.5967  EPtot      =    -59529.4501
 BOND   =       369.3510  ANGLE   =      1045.4063  DIHED      =       704.6326
 1-4 NB =       456.0521  1-4 EEL =      5779.5074  VDWAALS    =      6460.2047
 EELEC  =    -74362.2188  EHBOND  =         0.0000  RESTRAINT  =        17.6145
 EAMBER (non-restraint)  =    -59547.0646
 EKCMT  =      4089.7881  VIRIAL  =      4271.0824  VOLUME     =    151823.5572
                                                    Density    =         1.0403
 ------------------------------------------------------------------------------

wrapping first mol.:       19.39509       27.42880       47.50808
wrapping first mol.:       19.39509       27.42880       47.50808

 NSTEP =     9500   TIME(PS) =    3619.000  TEMP(K) =   297.61  PRESS =  -294.5
 Etot   =    -50133.4972  EKtot   =      9452.1064  EPtot      =    -59585.6037
 BOND   =       378.2784  ANGLE   =      1014.8600  DIHED      =       698.7087
 1-4 NB =       452.8618  1-4 EEL =      5761.7101  VDWAALS    =      6432.1683
 EELEC  =    -74348.7634  EHBOND  =         0.0000  RESTRAINT  =        24.5724
 EAMBER (non-restraint)  =    -59610.1761
 EKCMT  =      3930.7459  VIRIAL  =      4894.9094  VOLUME     =    151645.2493
                                                    Density    =         1.0415
 ------------------------------------------------------------------------------

wrapping first mol.:       19.40716       27.44587       47.53763
wrapping first mol.:       19.40716       27.44587       47.53763

 NSTEP =    10000   TIME(PS) =    3620.000  TEMP(K) =   295.98  PRESS =     5.0
 Etot   =    -50311.9178  EKtot   =      9400.4473  EPtot      =    -59712.3650
 BOND   =       389.1242  ANGLE   =      1017.4321  DIHED      =       718.6544
 1-4 NB =       445.2366  1-4 EEL =      5796.9001  VDWAALS    =      6577.1424
 EELEC  =    -74678.1847  EHBOND  =         0.0000  RESTRAINT  =        21.3298
 EAMBER (non-restraint)  =    -59733.6949
 EKCMT  =      3933.6154  VIRIAL  =      3917.2054  VOLUME     =    151924.3947
                                                    Density    =         1.0396
 ------------------------------------------------------------------------------

wrapping first mol.:       19.39898       27.43430       47.51760
wrapping first mol.:       19.39898       27.43430       47.51760

 NSTEP =    10500   TIME(PS) =    3621.000  TEMP(K) =   302.31  PRESS =    13.2
 Etot   =    -50240.0740  EKtot   =      9601.5078  EPtot      =    -59841.5818
 BOND   =       393.2218  ANGLE   =      1019.0991  DIHED      =       717.6958
 1-4 NB =       450.5525  1-4 EEL =      5741.2360  VDWAALS    =      6598.0800
 EELEC  =    -74782.9534  EHBOND  =         0.0000  RESTRAINT  =        21.4863
 EAMBER (non-restraint)  =    -59863.0682
 EKCMT  =      3944.9011  VIRIAL  =      3901.5766  VOLUME     =    151732.2805
                                                    Density    =         1.0409
 ------------------------------------------------------------------------------

wrapping first mol.:       19.39356       27.42664       47.50432
wrapping first mol.:       19.39356       27.42664       47.50432

 NSTEP =    11000   TIME(PS) =    3622.000  TEMP(K) =   303.24  PRESS =   350.3
 Etot   =    -50197.8715  EKtot   =      9631.1250  EPtot      =    -59828.9965
 BOND   =       416.5399  ANGLE   =       993.8845  DIHED      =       724.2407
 1-4 NB =       465.4336  1-4 EEL =      5749.8229  VDWAALS    =      6622.1022
 EELEC  =    -74819.5651  EHBOND  =         0.0000  RESTRAINT  =        18.5448
 EAMBER (non-restraint)  =    -59847.5413
 EKCMT  =      4073.7066  VIRIAL  =      2927.1862  VOLUME     =    151600.5842
                                                    Density    =         1.0418
 ------------------------------------------------------------------------------

wrapping first mol.:       19.40760       27.44648       47.53870
wrapping first mol.:       19.40760       27.44648       47.53870

 NSTEP =    11500   TIME(PS) =    3623.000  TEMP(K) =   301.47  PRESS =  -265.8
 Etot   =    -50189.1552  EKtot   =      9574.8887  EPtot      =    -59764.0438
 BOND   =       404.0880  ANGLE   =      1022.4858  DIHED      =       708.2846
 1-4 NB =       454.4816  1-4 EEL =      5765.0716  VDWAALS    =      6564.0008
 EELEC  =    -74700.8275  EHBOND  =         0.0000  RESTRAINT  =        18.3712
 EAMBER (non-restraint)  =    -59782.4151
 EKCMT  =      4019.1346  VIRIAL  =      4891.1619  VOLUME     =    151938.2900
                                                    Density    =         1.0395
 ------------------------------------------------------------------------------

wrapping first mol.:       19.39325       27.42620       47.50357
wrapping first mol.:       19.39325       27.42620       47.50357

 NSTEP =    12000   TIME(PS) =    3624.000  TEMP(K) =   300.05  PRESS =  -121.9
 Etot   =    -50207.3010  EKtot   =      9529.7256  EPtot      =    -59737.0265
 BOND   =       415.0247  ANGLE   =      1002.9065  DIHED      =       699.9020
 1-4 NB =       455.4253  1-4 EEL =      5780.5796  VDWAALS    =      6441.3094
 EELEC  =    -74552.0008  EHBOND  =         0.0000  RESTRAINT  =        19.8269
 EAMBER (non-restraint)  =    -59756.8534
 EKCMT  =      3985.4039  VIRIAL  =      4384.2906  VOLUME     =    151599.7762
                                                    Density    =         1.0418
 ------------------------------------------------------------------------------

wrapping first mol.:       19.41366       27.45506       47.55356
wrapping first mol.:       19.41366       27.45506       47.55356

 NSTEP =    12500   TIME(PS) =    3625.000  TEMP(K) =   297.10  PRESS =   129.5
 Etot   =    -50171.4550  EKtot   =      9436.0752  EPtot      =    -59607.5302
 BOND   =       389.4539  ANGLE   =      1098.6337  DIHED      =       721.1642
 1-4 NB =       455.3344  1-4 EEL =      5759.7857  VDWAALS    =      6594.5736
 EELEC  =    -74646.7509  EHBOND  =         0.0000  RESTRAINT  =        20.2752
 EAMBER (non-restraint)  =    -59627.8055
 EKCMT  =      3921.7001  VIRIAL  =      3496.4648  VOLUME     =    152075.4727
                                                    Density    =         1.0385
 ------------------------------------------------------------------------------

wrapping first mol.:       19.40761       27.44651       47.53874
wrapping first mol.:       19.40761       27.44651       47.53874

 NSTEP =    13000   TIME(PS) =    3626.000  TEMP(K) =   301.01  PRESS =  -325.1
 Etot   =    -50251.8871  EKtot   =      9560.2393  EPtot      =    -59812.1264
 BOND   =       407.0460  ANGLE   =      1008.6058  DIHED      =       696.1798
 1-4 NB =       459.3781  1-4 EEL =      5749.0672  VDWAALS    =      6527.8933
 EELEC  =    -74675.3593  EHBOND  =         0.0000  RESTRAINT  =        15.0626
 EAMBER (non-restraint)  =    -59827.1890
 EKCMT  =      3982.9880  VIRIAL  =      5049.5345  VOLUME     =    151939.4912
                                                    Density    =         1.0395
 ------------------------------------------------------------------------------

wrapping first mol.:       19.40356       27.44078       47.52883
wrapping first mol.:       19.40356       27.44078       47.52883

 NSTEP =    13500   TIME(PS) =    3627.000  TEMP(K) =   300.14  PRESS =    95.3
 Etot   =    -50091.0209  EKtot   =      9532.6621  EPtot      =    -59623.6830
 BOND   =       409.0283  ANGLE   =       990.0907  DIHED      =       687.9462
 1-4 NB =       461.2191  1-4 EEL =      5762.8096  VDWAALS    =      6373.0706
 EELEC  =    -74326.1050  EHBOND  =         0.0000  RESTRAINT  =        18.2575
 EAMBER (non-restraint)  =    -59641.9405
 EKCMT  =      4019.2029  VIRIAL  =      3706.6185  VOLUME     =    151838.7383
                                                    Density    =         1.0402
 ------------------------------------------------------------------------------

wrapping first mol.:       19.38561       27.41539       47.48484
wrapping first mol.:       19.38561       27.41539       47.48484

 NSTEP =    14000   TIME(PS) =    3628.000  TEMP(K) =   302.01  PRESS =    99.3
 Etot   =    -50008.2196  EKtot   =      9591.9121  EPtot      =    -59600.1317
 BOND   =       389.3604  ANGLE   =      1075.0573  DIHED      =       704.4184
 1-4 NB =       444.4771  1-4 EEL =      5706.1069  VDWAALS    =      6555.9990
 EELEC  =    -74494.8863  EHBOND  =         0.0000  RESTRAINT  =        19.3355
 EAMBER (non-restraint)  =    -59619.4672
 EKCMT  =      4029.7984  VIRIAL  =      3705.2858  VOLUME     =    151417.5186
                                                    Density    =         1.0431
 ------------------------------------------------------------------------------

wrapping first mol.:       19.38238       27.41082       47.47693
wrapping first mol.:       19.38238       27.41082       47.47693

 NSTEP =    14500   TIME(PS) =    3629.000  TEMP(K) =   294.29  PRESS =   171.5
 Etot   =    -50283.3054  EKtot   =      9346.7148  EPtot      =    -59630.0203
 BOND   =       393.6979  ANGLE   =       986.7915  DIHED      =       703.4670
 1-4 NB =       455.6930  1-4 EEL =      5740.7215  VDWAALS    =      6536.8377
 EELEC  =    -74465.1468  EHBOND  =         0.0000  RESTRAINT  =        17.9180
 EAMBER (non-restraint)  =    -59647.9383
 EKCMT  =      3843.9031  VIRIAL  =      3283.3443  VOLUME     =    151340.8521
                                                    Density    =         1.0436
 ------------------------------------------------------------------------------

wrapping first mol.:       19.40732       27.44610       47.53803
wrapping first mol.:       19.40732       27.44610       47.53803

 NSTEP =    15000   TIME(PS) =    3630.000  TEMP(K) =   301.12  PRESS =   -31.7
 Etot   =    -50326.4160  EKtot   =      9563.8154  EPtot      =    -59890.2314
 BOND   =       414.9900  ANGLE   =      1014.4867  DIHED      =       690.7778
 1-4 NB =       449.6031  1-4 EEL =      5706.4752  VDWAALS    =      6662.0055
 EELEC  =    -74848.4845  EHBOND  =         0.0000  RESTRAINT  =        19.9148
 EAMBER (non-restraint)  =    -59910.1462
 EKCMT  =      3981.3928  VIRIAL  =      4085.3279  VOLUME     =    151928.6706
                                                    Density    =         1.0395
 ------------------------------------------------------------------------------

wrapping first mol.:       19.41193       27.45262       47.54932
wrapping first mol.:       19.41193       27.45262       47.54932

 NSTEP =    15500   TIME(PS) =    3631.000  TEMP(K) =   302.32  PRESS =     5.9
 Etot   =    -50284.9457  EKtot   =      9601.7842  EPtot      =    -59886.7299
 BOND   =       382.2998  ANGLE   =      1018.7025  DIHED      =       680.3294
 1-4 NB =       460.5516  1-4 EEL =      5737.9392  VDWAALS    =      6655.5406
 EELEC  =    -74845.0197  EHBOND  =         0.0000  RESTRAINT  =        22.9267
 EAMBER (non-restraint)  =    -59909.6566
 EKCMT  =      3996.8416  VIRIAL  =      3977.4644  VOLUME     =    152036.4879
                                                    Density    =         1.0388
 ------------------------------------------------------------------------------

wrapping first mol.:       19.42426       27.47006       47.57953
wrapping first mol.:       19.42426       27.47006       47.57953

 NSTEP =    16000   TIME(PS) =    3632.000  TEMP(K) =   297.29  PRESS =    28.6
 Etot   =    -50350.5187  EKtot   =      9442.0547  EPtot      =    -59792.5734
 BOND   =       409.7163  ANGLE   =      1037.2578  DIHED      =       694.9977
 1-4 NB =       454.4089  1-4 EEL =      5726.2432  VDWAALS    =      6701.6362
 EELEC  =    -74836.2507  EHBOND  =         0.0000  RESTRAINT  =        19.4172
 EAMBER (non-restraint)  =    -59811.9906
 EKCMT  =      3992.3567  VIRIAL  =      3898.2006  VOLUME     =    152326.0883
                                                    Density    =         1.0368
 ------------------------------------------------------------------------------

wrapping first mol.:       19.41705       27.45986       47.56186
wrapping first mol.:       19.41705       27.45986       47.56186

 NSTEP =    16500   TIME(PS) =    3633.000  TEMP(K) =   301.35  PRESS =  -126.4
 Etot   =    -50105.2637  EKtot   =      9570.8965  EPtot      =    -59676.1602
 BOND   =       388.0540  ANGLE   =      1017.0750  DIHED      =       707.4900
 1-4 NB =       454.8091  1-4 EEL =      5736.5913  VDWAALS    =      6600.5435
 EELEC  =    -74603.9678  EHBOND  =         0.0000  RESTRAINT  =        23.2448
 EAMBER (non-restraint)  =    -59699.4050
 EKCMT  =      3979.4601  VIRIAL  =      4394.7805  VOLUME     =    152158.5979
                                                    Density    =         1.0380
 ------------------------------------------------------------------------------

wrapping first mol.:       19.41999       27.46402       47.56907
wrapping first mol.:       19.41999       27.46402       47.56907

 NSTEP =    17000   TIME(PS) =    3634.000  TEMP(K) =   298.55  PRESS =    43.8
 Etot   =    -50338.0293  EKtot   =      9481.9307  EPtot      =    -59819.9600
 BOND   =       401.7836  ANGLE   =      1017.9119  DIHED      =       696.6715
 1-4 NB =       450.7121  1-4 EEL =      5752.3122  VDWAALS    =      6685.4412
 EELEC  =    -74845.1496  EHBOND  =         0.0000  RESTRAINT  =        20.3571
 EAMBER (non-restraint)  =    -59840.3171
 EKCMT  =      3951.8527  VIRIAL  =      3807.8246  VOLUME     =    152225.4339
                                                    Density    =         1.0375
 ------------------------------------------------------------------------------

wrapping first mol.:       19.40900       27.44847       47.54214
wrapping first mol.:       19.40900       27.44847       47.54214

 NSTEP =    17500   TIME(PS) =    3635.000  TEMP(K) =   300.44  PRESS =   134.0
 Etot   =    -50076.9444  EKtot   =      9542.0166  EPtot      =    -59618.9610
 BOND   =       380.0748  ANGLE   =      1047.7127  DIHED      =       695.2773
 1-4 NB =       449.1481  1-4 EEL =      5725.8163  VDWAALS    =      6670.4599
 EELEC  =    -74611.5434  EHBOND  =         0.0000  RESTRAINT  =        24.0934
 EAMBER (non-restraint)  =    -59643.0544
 EKCMT  =      4064.3722  VIRIAL  =      3624.5628  VOLUME     =    151965.8012
                                                    Density    =         1.0393
 ------------------------------------------------------------------------------

wrapping first mol.:       19.39477       27.42835       47.50729
wrapping first mol.:       19.39477       27.42835       47.50729

 NSTEP =    18000   TIME(PS) =    3636.000  TEMP(K) =   300.19  PRESS =  -360.8
 Etot   =    -50173.3310  EKtot   =      9534.1650  EPtot      =    -59707.4960
 BOND   =       404.7648  ANGLE   =      1007.9493  DIHED      =       728.0327
 1-4 NB =       462.1047  1-4 EEL =      5740.8087  VDWAALS    =      6371.8537
 EELEC  =    -74445.4016  EHBOND  =         0.0000  RESTRAINT  =        22.3917
 EAMBER (non-restraint)  =    -59729.8877
 EKCMT  =      4033.6163  VIRIAL  =      5214.8988  VOLUME     =    151638.6125
                                                    Density    =         1.0415
 ------------------------------------------------------------------------------

wrapping first mol.:       19.40179       27.43827       47.52447
wrapping first mol.:       19.40179       27.43827       47.52447

 NSTEP =    18500   TIME(PS) =    3637.000  TEMP(K) =   299.57  PRESS =    37.1
 Etot   =    -50314.8348  EKtot   =      9514.4219  EPtot      =    -59829.2567
 BOND   =       405.4477  ANGLE   =       995.6353  DIHED      =       714.6588
 1-4 NB =       462.3205  1-4 EEL =      5774.1115  VDWAALS    =      6871.8895
 EELEC  =    -75075.5948  EHBOND  =         0.0000  RESTRAINT  =        22.2749
 EAMBER (non-restraint)  =    -59851.5315
 EKCMT  =      3975.5547  VIRIAL  =      3853.8626  VOLUME     =    151797.7611
                                                    Density    =         1.0404
 ------------------------------------------------------------------------------

wrapping first mol.:       19.40485       27.44260       47.53198
wrapping first mol.:       19.40485       27.44260       47.53198

 NSTEP =    19000   TIME(PS) =    3638.000  TEMP(K) =   304.95  PRESS =   335.8
 Etot   =    -50147.5888  EKtot   =      9685.2734  EPtot      =    -59832.8622
 BOND   =       438.7325  ANGLE   =      1035.8709  DIHED      =       676.5784
 1-4 NB =       448.6387  1-4 EEL =      5720.4959  VDWAALS    =      6787.1625
 EELEC  =    -74961.8743  EHBOND  =         0.0000  RESTRAINT  =        21.5333
 EAMBER (non-restraint)  =    -59854.3955
 EKCMT  =      4048.7642  VIRIAL  =      2947.6514  VOLUME     =    151865.7033
                                                    Density    =         1.0400
 ------------------------------------------------------------------------------

wrapping first mol.:       19.40437       27.44192       47.53080
wrapping first mol.:       19.40437       27.44192       47.53080

 NSTEP =    19500   TIME(PS) =    3639.000  TEMP(K) =   299.73  PRESS =  -145.9
 Etot   =    -50110.1575  EKtot   =      9519.3750  EPtot      =    -59629.5325
 BOND   =       410.2129  ANGLE   =      1063.4913  DIHED      =       702.2507
 1-4 NB =       436.4409  1-4 EEL =      5758.7594  VDWAALS    =      6671.5230
 EELEC  =    -74694.8755  EHBOND  =         0.0000  RESTRAINT  =        22.6648
 EAMBER (non-restraint)  =    -59652.1972
 EKCMT  =      3992.0427  VIRIAL  =      4470.3702  VOLUME     =    151860.9015
                                                    Density    =         1.0400
 ------------------------------------------------------------------------------

wrapping first mol.:       19.38925       27.42054       47.49377
wrapping first mol.:       19.38925       27.42054       47.49377

 NSTEP =    20000   TIME(PS) =    3640.000  TEMP(K) =   297.91  PRESS =  -104.4
 Etot   =    -50288.4604  EKtot   =      9461.5713  EPtot      =    -59750.0317
 BOND   =       376.8275  ANGLE   =      1000.7389  DIHED      =       714.1353
 1-4 NB =       454.8324  1-4 EEL =      5718.2989  VDWAALS    =      6568.2091
 EELEC  =    -74603.4711  EHBOND  =         0.0000  RESTRAINT  =        20.3973
 EAMBER (non-restraint)  =    -59770.4290
 EKCMT  =      3953.0341  VIRIAL  =      4294.6441  VOLUME     =    151505.6756
                                                    Density    =         1.0424
 ------------------------------------------------------------------------------

wrapping first mol.:       19.39669       27.43106       47.51198
wrapping first mol.:       19.39669       27.43106       47.51198

 NSTEP =    20500   TIME(PS) =    3641.000  TEMP(K) =   296.76  PRESS =  -399.1
 Etot   =    -50293.6946  EKtot   =      9425.1699  EPtot      =    -59718.8645
 BOND   =       371.7310  ANGLE   =      1033.1775  DIHED      =       711.5668
 1-4 NB =       465.9253  1-4 EEL =      5760.9750  VDWAALS    =      6404.1967
 EELEC  =    -74488.5546  EHBOND  =         0.0000  RESTRAINT  =        22.1177
 EAMBER (non-restraint)  =    -59740.9822
 EKCMT  =      3912.4493  VIRIAL  =      5219.4103  VOLUME     =    151684.0216
                                                    Density    =         1.0412
 ------------------------------------------------------------------------------

wrapping first mol.:       19.39050       27.42231       47.49683
wrapping first mol.:       19.39050       27.42231       47.49683

 NSTEP =    21000   TIME(PS) =    3642.000  TEMP(K) =   300.72  PRESS =   -71.1
 Etot   =    -50448.1142  EKtot   =      9550.8809  EPtot      =    -59998.9950
 BOND   =       411.0757  ANGLE   =      1055.4867  DIHED      =       713.9939
 1-4 NB =       448.7125  1-4 EEL =      5724.7070  VDWAALS    =      6805.4200
 EELEC  =    -75176.9045  EHBOND  =         0.0000  RESTRAINT  =        18.5136
 EAMBER (non-restraint)  =    -60017.5087
 EKCMT  =      3958.7512  VIRIAL  =      4191.5342  VOLUME     =    151534.5578
                                                    Density    =         1.0423
 ------------------------------------------------------------------------------

wrapping first mol.:       19.39211       27.42458       47.50077
wrapping first mol.:       19.39211       27.42458       47.50077

 NSTEP =    21500   TIME(PS) =    3643.000  TEMP(K) =   301.36  PRESS =  -409.3
 Etot   =    -50272.1363  EKtot   =      9571.2676  EPtot      =    -59843.4039
 BOND   =       427.3489  ANGLE   =      1076.1487  DIHED      =       727.1111
 1-4 NB =       457.7797  1-4 EEL =      5726.9861  VDWAALS    =      6540.1800
 EELEC  =    -74817.7356  EHBOND  =         0.0000  RESTRAINT  =        18.7772
 EAMBER (non-restraint)  =    -59862.1810
 EKCMT  =      4045.0675  VIRIAL  =      5384.4966  VOLUME     =    151576.7923
                                                    Density    =         1.0420
 ------------------------------------------------------------------------------

wrapping first mol.:       19.38150       27.40959       47.47479
wrapping first mol.:       19.38150       27.40959       47.47479

 NSTEP =    22000   TIME(PS) =    3644.000  TEMP(K) =   300.36  PRESS =    58.4
 Etot   =    -50301.1875  EKtot   =      9539.6475  EPtot      =    -59840.8350
 BOND   =       416.7585  ANGLE   =      1025.7967  DIHED      =       721.8390
 1-4 NB =       451.9061  1-4 EEL =      5700.9523  VDWAALS    =      6620.7495
 EELEC  =    -74798.6069  EHBOND  =         0.0000  RESTRAINT  =        19.7697
 EAMBER (non-restraint)  =    -59860.6047
 EKCMT  =      3962.0444  VIRIAL  =      3771.3444  VOLUME     =    151321.9464
                                                    Density    =         1.0437
 ------------------------------------------------------------------------------

wrapping first mol.:       19.39621       27.43038       47.51081
wrapping first mol.:       19.39621       27.43038       47.51081

 NSTEP =    22500   TIME(PS) =    3645.000  TEMP(K) =   300.27  PRESS =  -190.5
 Etot   =    -50187.5381  EKtot   =      9536.5977  EPtot      =    -59724.1357
 BOND   =       377.3875  ANGLE   =      1029.6571  DIHED      =       709.5117
 1-4 NB =       455.6884  1-4 EEL =      5751.5450  VDWAALS    =      6612.0826
 EELEC  =    -74679.4125  EHBOND  =         0.0000  RESTRAINT  =        19.4044
 EAMBER (non-restraint)  =    -59743.5401
 EKCMT  =      4025.8386  VIRIAL  =      4649.7732  VOLUME     =    151670.0001
                                                    Density    =         1.0413
 ------------------------------------------------------------------------------

wrapping first mol.:       19.40325       27.44033       47.52805
wrapping first mol.:       19.40325       27.44033       47.52805

 NSTEP =    23000   TIME(PS) =    3646.000  TEMP(K) =   296.14  PRESS =    51.6
 Etot   =    -50294.9184  EKtot   =      9405.4023  EPtot      =    -59700.3208
 BOND   =       390.6962  ANGLE   =      1043.8960  DIHED      =       715.7508
 1-4 NB =       454.3706  1-4 EEL =      5742.3943  VDWAALS    =      6636.5244
 EELEC  =    -74706.5011  EHBOND  =         0.0000  RESTRAINT  =        22.5479
 EAMBER (non-restraint)  =    -59722.8687
 EKCMT  =      3946.0342  VIRIAL  =      3776.7410  VOLUME     =    151831.8419
                                                    Density    =         1.0402
 ------------------------------------------------------------------------------

wrapping first mol.:       19.39657       27.43089       47.51170
wrapping first mol.:       19.39657       27.43089       47.51170

 NSTEP =    23500   TIME(PS) =    3647.000  TEMP(K) =   298.36  PRESS =   -40.6
 Etot   =    -50351.1048  EKtot   =      9476.1406  EPtot      =    -59827.2454
 BOND   =       406.3703  ANGLE   =      1024.2300  DIHED      =       706.9407
 1-4 NB =       463.8192  1-4 EEL =      5765.1493  VDWAALS    =      6634.4605
 EELEC  =    -74846.7851  EHBOND  =         0.0000  RESTRAINT  =        18.5696
 EAMBER (non-restraint)  =    -59845.8150
 EKCMT  =      3962.8328  VIRIAL  =      4095.9116  VOLUME     =    151676.4813
                                                    Density    =         1.0413
 ------------------------------------------------------------------------------

wrapping first mol.:       19.41394       27.45545       47.55424
wrapping first mol.:       19.41394       27.45545       47.55424

 NSTEP =    24000   TIME(PS) =    3648.000  TEMP(K) =   301.01  PRESS =  -177.6
 Etot   =    -50112.8887  EKtot   =      9560.0449  EPtot      =    -59672.9336
 BOND   =       439.7277  ANGLE   =      1008.3286  DIHED      =       698.1258
 1-4 NB =       458.5381  1-4 EEL =      5740.8960  VDWAALS    =      6358.4509
 EELEC  =    -74398.1168  EHBOND  =         0.0000  RESTRAINT  =        21.1159
 EAMBER (non-restraint)  =    -59694.0495
 EKCMT  =      3960.6754  VIRIAL  =      4543.7320  VOLUME     =    152086.0977
                                                    Density    =         1.0385
 ------------------------------------------------------------------------------

wrapping first mol.:       19.41235       27.45321       47.55035
wrapping first mol.:       19.41235       27.45321       47.55035

 NSTEP =    24500   TIME(PS) =    3649.000  TEMP(K) =   297.94  PRESS =   -75.4
 Etot   =    -50267.1239  EKtot   =      9462.8105  EPtot      =    -59729.9344
 BOND   =       403.9937  ANGLE   =      1016.1354  DIHED      =       709.9043
 1-4 NB =       458.2472  1-4 EEL =      5780.5658  VDWAALS    =      6616.1802
 EELEC  =    -74737.6806  EHBOND  =         0.0000  RESTRAINT  =        22.7196
 EAMBER (non-restraint)  =    -59752.6540
 EKCMT  =      3945.4378  VIRIAL  =      4193.0694  VOLUME     =    152047.4166
                                                    Density    =         1.0387
 ------------------------------------------------------------------------------

wrapping first mol.:       19.40516       27.44304       47.53273
wrapping first mol.:       19.40516       27.44304       47.53273

 NSTEP =    25000   TIME(PS) =    3650.000  TEMP(K) =   301.18  PRESS =  -186.9
 Etot   =    -50234.5656  EKtot   =      9565.5635  EPtot      =    -59800.1291
 BOND   =       399.6277  ANGLE   =      1035.4748  DIHED      =       711.2900
 1-4 NB =       446.4390  1-4 EEL =      5712.8317  VDWAALS    =      6482.8034
 EELEC  =    -74611.1584  EHBOND  =         0.0000  RESTRAINT  =        22.5627
 EAMBER (non-restraint)  =    -59822.6918
 EKCMT  =      4010.1875  VIRIAL  =      4623.2082  VOLUME     =    151880.0033
                                                    Density    =         1.0399
 ------------------------------------------------------------------------------

wrapping first mol.:       19.39805       27.43298       47.51532
wrapping first mol.:       19.39805       27.43298       47.51532

 NSTEP =    25500   TIME(PS) =    3651.000  TEMP(K) =   302.68  PRESS =   322.1
 Etot   =    -50066.5097  EKtot   =      9613.1230  EPtot      =    -59679.6328
 BOND   =       403.5851  ANGLE   =      1049.6482  DIHED      =       706.4691
 1-4 NB =       448.4396  1-4 EEL =      5752.0787  VDWAALS    =      6666.4319
 EELEC  =    -74724.3431  EHBOND  =         0.0000  RESTRAINT  =        18.0578
 EAMBER (non-restraint)  =    -59697.6906
 EKCMT  =      4006.9734  VIRIAL  =      2952.0214  VOLUME     =    151706.2382
                                                    Density    =         1.0411
 ------------------------------------------------------------------------------

wrapping first mol.:       19.40039       27.43629       47.52105
wrapping first mol.:       19.40039       27.43629       47.52105

 NSTEP =    26000   TIME(PS) =    3652.000  TEMP(K) =   300.15  PRESS =   114.4
 Etot   =    -50208.1124  EKtot   =      9532.8320  EPtot      =    -59740.9444
 BOND   =       408.1811  ANGLE   =      1038.7463  DIHED      =       700.4263
 1-4 NB =       433.4991  1-4 EEL =      5761.9283  VDWAALS    =      6683.3473
 EELEC  =    -74787.5859  EHBOND  =         0.0000  RESTRAINT  =        20.5131
 EAMBER (non-restraint)  =    -59761.4575
 EKCMT  =      3928.7288  VIRIAL  =      3553.7452  VOLUME     =    151763.9160
                                                    Density    =         1.0407
 ------------------------------------------------------------------------------

wrapping first mol.:       19.41982       27.46377       47.56864
wrapping first mol.:       19.41982       27.46377       47.56864

 NSTEP =    26500   TIME(PS) =    3653.000  TEMP(K) =   302.25  PRESS =   322.7
 Etot   =    -50086.6980  EKtot   =      9599.4658  EPtot      =    -59686.1639
 BOND   =       403.1773  ANGLE   =      1040.0603  DIHED      =       697.3928
 1-4 NB =       440.6838  1-4 EEL =      5734.3660  VDWAALS    =      6632.0964
 EELEC  =    -74654.4918  EHBOND  =         0.0000  RESTRAINT  =        20.5515
 EAMBER (non-restraint)  =    -59706.7153
 EKCMT  =      3988.8290  VIRIAL  =      2928.1320  VOLUME     =    152217.5825
                                                    Density    =         1.0376
 ------------------------------------------------------------------------------

wrapping first mol.:       19.40762       27.44652       47.53876
wrapping first mol.:       19.40762       27.44652       47.53876

 NSTEP =    27000   TIME(PS) =    3654.000  TEMP(K) =   298.90  PRESS =  -446.4
 Etot   =    -50344.3273  EKtot   =      9493.0566  EPtot      =    -59837.3840
 BOND   =       389.4470  ANGLE   =      1031.5238  DIHED      =       718.2574
 1-4 NB =       450.9014  1-4 EEL =      5749.2315  VDWAALS    =      6466.9061
 EELEC  =    -74663.6255  EHBOND  =         0.0000  RESTRAINT  =        19.9742
 EAMBER (non-restraint)  =    -59857.3582
 EKCMT  =      3956.3419  VIRIAL  =      5420.7418  VOLUME     =    151941.2849
                                                    Density    =         1.0395
 ------------------------------------------------------------------------------

wrapping first mol.:       19.42562       27.47197       47.58284
wrapping first mol.:       19.42562       27.47197       47.58284

 NSTEP =    27500   TIME(PS) =    3655.000  TEMP(K) =   300.49  PRESS =    97.6
 Etot   =    -50141.1536  EKtot   =      9543.6523  EPtot      =    -59684.8059
 BOND   =       361.5325  ANGLE   =      1057.0668  DIHED      =       715.0561
 1-4 NB =       459.5569  1-4 EEL =      5743.7458  VDWAALS    =      6655.8090
 EELEC  =    -74698.9112  EHBOND  =         0.0000  RESTRAINT  =        21.3381
 EAMBER (non-restraint)  =    -59706.1440
 EKCMT  =      4013.6115  VIRIAL  =      3692.6848  VOLUME     =    152356.9720
                                                    Density    =         1.0366
 ------------------------------------------------------------------------------

wrapping first mol.:       19.40512       27.44299       47.53264
wrapping first mol.:       19.40512       27.44299       47.53264

 NSTEP =    28000   TIME(PS) =    3656.000  TEMP(K) =   299.17  PRESS =   202.4
 Etot   =    -50267.1599  EKtot   =      9501.7949  EPtot      =    -59768.9549
 BOND   =       377.1491  ANGLE   =      1041.0648  DIHED      =       717.5974
 1-4 NB =       470.7840  1-4 EEL =      5774.5536  VDWAALS    =      6593.1510
 EELEC  =    -74761.7878  EHBOND  =         0.0000  RESTRAINT  =        18.5331
 EAMBER (non-restraint)  =    -59787.4880
 EKCMT  =      4051.1965  VIRIAL  =      3387.4802  VOLUME     =    151873.8572
                                                    Density    =         1.0399
 ------------------------------------------------------------------------------

wrapping first mol.:       19.40525       27.44317       47.53296
wrapping first mol.:       19.40525       27.44317       47.53296

 NSTEP =    28500   TIME(PS) =    3657.000  TEMP(K) =   302.39  PRESS =   -65.1
 Etot   =    -50120.7067  EKtot   =      9604.0840  EPtot      =    -59724.7907
 BOND   =       408.6331  ANGLE   =      1042.1788  DIHED      =       691.9173
 1-4 NB =       450.6156  1-4 EEL =      5744.3325  VDWAALS    =      6571.3143
 EELEC  =    -74653.5620  EHBOND  =         0.0000  RESTRAINT  =        19.7798
 EAMBER (non-restraint)  =    -59744.5704
 EKCMT  =      4039.0958  VIRIAL  =      4252.6999  VOLUME     =    151880.4926
                                                    Density    =         1.0399
 ------------------------------------------------------------------------------

wrapping first mol.:       19.40832       27.44751       47.54047
wrapping first mol.:       19.40832       27.44751       47.54047

 NSTEP =    29000   TIME(PS) =    3658.000  TEMP(K) =   305.14  PRESS =    53.9
 Etot   =    -49929.9686  EKtot   =      9691.3555  EPtot      =    -59621.3241
 BOND   =       422.8914  ANGLE   =       999.5963  DIHED      =       704.4681
 1-4 NB =       441.7710  1-4 EEL =      5754.3481  VDWAALS    =      6406.4342
 EELEC  =    -74370.6230  EHBOND  =         0.0000  RESTRAINT  =        19.7898
 EAMBER (non-restraint)  =    -59641.1138
 EKCMT  =      4069.8605  VIRIAL  =      3893.0619  VOLUME     =    151950.9255
                                                    Density    =         1.0394
 ------------------------------------------------------------------------------

wrapping first mol.:       19.39243       27.42504       47.50156
wrapping first mol.:       19.39243       27.42504       47.50156

 NSTEP =    29500   TIME(PS) =    3659.000  TEMP(K) =   297.97  PRESS =  -187.8
 Etot   =    -50279.1436  EKtot   =      9463.6406  EPtot      =    -59742.7842
 BOND   =       398.2957  ANGLE   =       991.3903  DIHED      =       708.5856
 1-4 NB =       454.8753  1-4 EEL =      5765.6069  VDWAALS    =      6420.9611
 EELEC  =    -74500.9311  EHBOND  =         0.0000  RESTRAINT  =        18.4320
 EAMBER (non-restraint)  =    -59761.2162
 EKCMT  =      3941.4183  VIRIAL  =      4556.1243  VOLUME     =    151581.4050
                                                    Density    =         1.0419
 ------------------------------------------------------------------------------

wrapping first mol.:       19.41361       27.45498       47.55343
wrapping first mol.:       19.41361       27.45498       47.55343

 NSTEP =    30000   TIME(PS) =    3660.000  TEMP(K) =   302.53  PRESS =   144.3
 Etot   =    -50100.6082  EKtot   =      9608.5439  EPtot      =    -59709.1521
 BOND   =       393.8178  ANGLE   =      1028.8716  DIHED      =       712.9324
 1-4 NB =       448.9140  1-4 EEL =      5707.3993  VDWAALS    =      6649.4473
 EELEC  =    -74674.5432  EHBOND  =         0.0000  RESTRAINT  =        24.0087
 EAMBER (non-restraint)  =    -59733.1608
 EKCMT  =      4096.9935  VIRIAL  =      3623.3014  VOLUME     =    152073.9461
                                                    Density    =         1.0386
 ------------------------------------------------------------------------------

wrapping first mol.:       19.40976       27.44954       47.54400
wrapping first mol.:       19.40976       27.44954       47.54400

 NSTEP =    30500   TIME(PS) =    3661.000  TEMP(K) =   300.95  PRESS =   -93.8
 Etot   =    -50153.7007  EKtot   =      9558.1768  EPtot      =    -59711.8774
 BOND   =       414.0716  ANGLE   =      1018.4399  DIHED      =       689.3660
 1-4 NB =       458.8136  1-4 EEL =      5717.5661  VDWAALS    =      6598.4639
 EELEC  =    -74629.8298  EHBOND  =         0.0000  RESTRAINT  =        21.2311
 EAMBER (non-restraint)  =    -59733.1085
 EKCMT  =      3992.9422  VIRIAL  =      4300.8894  VOLUME     =    151986.7476
                                                    Density    =         1.0391
 ------------------------------------------------------------------------------

wrapping first mol.:       19.40248       27.43925       47.52617
wrapping first mol.:       19.40248       27.43925       47.52617

 NSTEP =    31000   TIME(PS) =    3662.000  TEMP(K) =   300.38  PRESS =   241.7
 Etot   =    -50218.6086  EKtot   =      9540.1270  EPtot      =    -59758.7355
 BOND   =       398.8565  ANGLE   =       994.7346  DIHED      =       696.1625
 1-4 NB =       446.3944  1-4 EEL =      5731.2411  VDWAALS    =      6524.4735
 EELEC  =    -74574.8980  EHBOND  =         0.0000  RESTRAINT  =        24.2997
 EAMBER (non-restraint)  =    -59783.0352
 EKCMT  =      4025.5593  VIRIAL  =      3233.3140  VOLUME     =    151811.2673
                                                    Density    =         1.0404
 ------------------------------------------------------------------------------

wrapping first mol.:       19.43665       27.48758       47.60987
wrapping first mol.:       19.43665       27.48758       47.60987

 NSTEP =    31500   TIME(PS) =    3663.000  TEMP(K) =   296.60  PRESS =   168.6
 Etot   =    -50302.2593  EKtot   =      9420.2334  EPtot      =    -59722.4927
 BOND   =       392.2204  ANGLE   =      1025.9231  DIHED      =       705.3693
 1-4 NB =       459.9722  1-4 EEL =      5778.4901  VDWAALS    =      6755.1586
 EELEC  =    -74859.3292  EHBOND  =         0.0000  RESTRAINT  =        19.7027
 EAMBER (non-restraint)  =    -59742.1955
 EKCMT  =      3950.2657  VIRIAL  =      3394.7396  VOLUME     =    152615.8157
                                                    Density    =         1.0349
 ------------------------------------------------------------------------------

wrapping first mol.:       19.43594       27.48657       47.60813
wrapping first mol.:       19.43594       27.48657       47.60813

 NSTEP =    32000   TIME(PS) =    3664.000  TEMP(K) =   302.25  PRESS =   245.7
 Etot   =    -50196.7855  EKtot   =      9599.5742  EPtot      =    -59796.3597
 BOND   =       395.1987  ANGLE   =       996.1132  DIHED      =       740.1079
 1-4 NB =       466.3068  1-4 EEL =      5740.3448  VDWAALS    =      6846.6195
 EELEC  =    -75002.0644  EHBOND  =         0.0000  RESTRAINT  =        21.0137
 EAMBER (non-restraint)  =    -59817.3735
 EKCMT  =      4007.1032  VIRIAL  =      3197.5527  VOLUME     =    152597.9904
                                                    Density    =         1.0350
 ------------------------------------------------------------------------------

wrapping first mol.:       19.45239       27.50983       47.64842
wrapping first mol.:       19.45239       27.50983       47.64842

 NSTEP =    32500   TIME(PS) =    3665.000  TEMP(K) =   302.00  PRESS =  -243.2
 Etot   =    -50232.1533  EKtot   =      9591.5859  EPtot      =    -59823.7393
 BOND   =       419.0982  ANGLE   =      1022.4280  DIHED      =       711.6292
 1-4 NB =       452.9048  1-4 EEL =      5751.8698  VDWAALS    =      6678.3483
 EELEC  =    -74881.8281  EHBOND  =         0.0000  RESTRAINT  =        21.8106
 EAMBER (non-restraint)  =    -59845.5499
 EKCMT  =      3993.6739  VIRIAL  =      4797.0087  VOLUME     =    152992.4193
                                                    Density    =         1.0323
 ------------------------------------------------------------------------------

wrapping first mol.:       19.44415       27.49818       47.62824
wrapping first mol.:       19.44415       27.49818       47.62824

 NSTEP =    33000   TIME(PS) =    3666.000  TEMP(K) =   299.72  PRESS =   188.7
 Etot   =    -50173.8154  EKtot   =      9519.1064  EPtot      =    -59692.9219
 BOND   =       389.2851  ANGLE   =      1045.1663  DIHED      =       713.1931
 1-4 NB =       464.3677  1-4 EEL =      5709.8345  VDWAALS    =      6680.8230
 EELEC  =    -74717.7051  EHBOND  =         0.0000  RESTRAINT  =        22.1135
 EAMBER (non-restraint)  =    -59715.0354
 EKCMT  =      4038.1381  VIRIAL  =      3415.7624  VOLUME     =    152792.2512
                                                    Density    =         1.0337
 ------------------------------------------------------------------------------

wrapping first mol.:       19.41364       27.45503       47.55350
wrapping first mol.:       19.41364       27.45503       47.55350

 NSTEP =    33500   TIME(PS) =    3667.000  TEMP(K) =   299.52  PRESS =   -66.8
 Etot   =    -50402.2694  EKtot   =      9512.8271  EPtot      =    -59915.0966
 BOND   =       395.8041  ANGLE   =      1021.6085  DIHED      =       694.0178
 1-4 NB =       451.8720  1-4 EEL =      5713.4641  VDWAALS    =      6690.4122
 EELEC  =    -74904.7141  EHBOND  =         0.0000  RESTRAINT  =        22.4389
 EAMBER (non-restraint)  =    -59937.5355
 EKCMT  =      3915.4242  VIRIAL  =      4134.6472  VOLUME     =    152077.5560
                                                    Density    =         1.0385
 ------------------------------------------------------------------------------

wrapping first mol.:       19.43178       27.48069       47.59795
wrapping first mol.:       19.43178       27.48069       47.59795

 NSTEP =    34000   TIME(PS) =    3668.000  TEMP(K) =   301.09  PRESS =  -109.1
 Etot   =    -50352.4073  EKtot   =      9562.7822  EPtot      =    -59915.1896
 BOND   =       401.4023  ANGLE   =      1014.7057  DIHED      =       692.8275
 1-4 NB =       469.2532  1-4 EEL =      5788.3996  VDWAALS    =      6722.6288
 EELEC  =    -75027.8583  EHBOND  =         0.0000  RESTRAINT  =        23.4516
 EAMBER (non-restraint)  =    -59938.6412
 EKCMT  =      4021.0560  VIRIAL  =      4380.2208  VOLUME     =    152504.9208
                                                    Density    =         1.0356
 ------------------------------------------------------------------------------

wrapping first mol.:       19.42680       27.47364       47.58573
wrapping first mol.:       19.42680       27.47364       47.58573

 NSTEP =    34500   TIME(PS) =    3669.000  TEMP(K) =   293.66  PRESS =     1.6
 Etot   =    -50316.3824  EKtot   =      9326.5684  EPtot      =    -59642.9507
 BOND   =       393.6408  ANGLE   =      1017.6884  DIHED      =       709.2647
 1-4 NB =       458.0030  1-4 EEL =      5720.6559  VDWAALS    =      6598.5961
 EELEC  =    -74560.4110  EHBOND  =         0.0000  RESTRAINT  =        19.6113
 EAMBER (non-restraint)  =    -59662.5620
 EKCMT  =      3884.5367  VIRIAL  =      3879.4056  VOLUME     =    152386.0545
                                                    Density    =         1.0364
 ------------------------------------------------------------------------------

wrapping first mol.:       19.40798       27.44703       47.53964
wrapping first mol.:       19.40798       27.44703       47.53964

 NSTEP =    35000   TIME(PS) =    3670.000  TEMP(K) =   300.25  PRESS =  -511.1
 Etot   =    -50119.9376  EKtot   =      9536.1709  EPtot      =    -59656.1085
 BOND   =       409.0214  ANGLE   =      1030.2209  DIHED      =       712.4173
 1-4 NB =       446.0148  1-4 EEL =      5739.2852  VDWAALS    =      6310.0833
 EELEC  =    -74327.7986  EHBOND  =         0.0000  RESTRAINT  =        24.6472
 EAMBER (non-restraint)  =    -59680.7557
 EKCMT  =      3956.6934  VIRIAL  =      5633.4852  VOLUME     =    151950.6188
                                                    Density    =         1.0394
 ------------------------------------------------------------------------------

wrapping first mol.:       19.42666       27.47345       47.58540
wrapping first mol.:       19.42666       27.47345       47.58540

 NSTEP =    35500   TIME(PS) =    3671.000  TEMP(K) =   298.66  PRESS =  -117.7
 Etot   =    -50196.4626  EKtot   =      9485.6318  EPtot      =    -59682.0944
 BOND   =       378.7052  ANGLE   =      1018.6508  DIHED      =       711.0913
 1-4 NB =       450.2120  1-4 EEL =      5736.6160  VDWAALS    =      6457.3444
 EELEC  =    -74456.4097  EHBOND  =         0.0000  RESTRAINT  =        21.6955
 EAMBER (non-restraint)  =    -59703.7899
 EKCMT  =      4015.5454  VIRIAL  =      4402.6566  VOLUME     =    152384.4728
                                                    Density    =         1.0364
 ------------------------------------------------------------------------------

wrapping first mol.:       19.40390       27.44126       47.52965
wrapping first mol.:       19.40390       27.44126       47.52965

 NSTEP =    36000   TIME(PS) =    3672.000  TEMP(K) =   299.03  PRESS =  -172.5
 Etot   =    -50240.2880  EKtot   =      9497.3594  EPtot      =    -59737.6474
 BOND   =       434.8877  ANGLE   =      1070.4308  DIHED      =       721.9049
 1-4 NB =       450.0605  1-4 EEL =      5734.4884  VDWAALS    =      6598.0468
 EELEC  =    -74775.4852  EHBOND  =         0.0000  RESTRAINT  =        28.0188
 EAMBER (non-restraint)  =    -59765.6662
 EKCMT  =      3912.3957  VIRIAL  =      4477.8841  VOLUME     =    151850.2422
                                                    Density    =         1.0401
 ------------------------------------------------------------------------------

wrapping first mol.:       19.43974       27.49194       47.61743
wrapping first mol.:       19.43974       27.49194       47.61743

 NSTEP =    36500   TIME(PS) =    3673.000  TEMP(K) =   303.94  PRESS =   143.6
 Etot   =    -50032.9145  EKtot   =      9653.1963  EPtot      =    -59686.1108
 BOND   =       393.3202  ANGLE   =      1040.0035  DIHED      =       712.9282
 1-4 NB =       454.9375  1-4 EEL =      5779.1774  VDWAALS    =      6731.1048
 EELEC  =    -74821.3203  EHBOND  =         0.0000  RESTRAINT  =        23.7380
 EAMBER (non-restraint)  =    -59709.8488
 EKCMT  =      4089.0505  VIRIAL  =      3615.5064  VOLUME     =    152688.8795
                                                    Density    =         1.0344
 ------------------------------------------------------------------------------

wrapping first mol.:       19.43491       27.48511       47.60561
wrapping first mol.:       19.43491       27.48511       47.60561

 NSTEP =    37000   TIME(PS) =    3674.000  TEMP(K) =   301.26  PRESS =  -126.1
 Etot   =    -50111.2328  EKtot   =      9568.2471  EPtot      =    -59679.4798
 BOND   =       381.4929  ANGLE   =      1016.6237  DIHED      =       693.7799
 1-4 NB =       449.7878  1-4 EEL =      5746.1998  VDWAALS    =      6646.2178
 EELEC  =    -74637.2444  EHBOND  =         0.0000  RESTRAINT  =        23.6627
 EAMBER (non-restraint)  =    -59703.1425
 EKCMT  =      3950.9859  VIRIAL  =      4366.5074  VOLUME     =    152578.8080
                                                    Density    =         1.0351
 ------------------------------------------------------------------------------

wrapping first mol.:       19.43592       27.48655       47.60809
wrapping first mol.:       19.43592       27.48655       47.60809

 NSTEP =    37500   TIME(PS) =    3675.000  TEMP(K) =   301.04  PRESS =   -95.1
 Etot   =    -50237.9945  EKtot   =      9561.0049  EPtot      =    -59798.9994
 BOND   =       421.0329  ANGLE   =      1035.9293  DIHED      =       726.0552
 1-4 NB =       454.0311  1-4 EEL =      5734.7621  VDWAALS    =      6680.6360
 EELEC  =    -74872.6646  EHBOND  =         0.0000  RESTRAINT  =        21.2188
 EAMBER (non-restraint)  =    -59820.2181
 EKCMT  =      3946.1649  VIRIAL  =      4259.5796  VOLUME     =    152602.2782
                                                    Density    =         1.0350
 ------------------------------------------------------------------------------

wrapping first mol.:       19.40902       27.44850       47.54219
wrapping first mol.:       19.40902       27.44850       47.54219

 NSTEP =    38000   TIME(PS) =    3676.000  TEMP(K) =   296.77  PRESS =   167.0
 Etot   =    -50227.5110  EKtot   =      9425.4648  EPtot      =    -59652.9759
 BOND   =       371.1518  ANGLE   =       989.6170  DIHED      =       688.6571
 1-4 NB =       467.1690  1-4 EEL =      5766.0993  VDWAALS    =      6600.6265
 EELEC  =    -74558.9485  EHBOND  =         0.0000  RESTRAINT  =        22.6520
 EAMBER (non-restraint)  =    -59675.6279
 EKCMT  =      3931.9197  VIRIAL  =      3383.8531  VOLUME     =    151965.9140
                                                    Density    =         1.0393
 ------------------------------------------------------------------------------

wrapping first mol.:       19.40979       27.44958       47.54407
wrapping first mol.:       19.40979       27.44958       47.54407

 NSTEP =    38500   TIME(PS) =    3677.000  TEMP(K) =   304.57  PRESS =   302.4
 Etot   =    -49951.4754  EKtot   =      9673.2197  EPtot      =    -59624.6951
 BOND   =       395.4318  ANGLE   =      1019.1239  DIHED      =       707.5270
 1-4 NB =       459.8165  1-4 EEL =      5725.8952  VDWAALS    =      6591.3466
 EELEC  =    -74548.2166  EHBOND  =         0.0000  RESTRAINT  =        24.3805
 EAMBER (non-restraint)  =    -59649.0756
 EKCMT  =      4023.4660  VIRIAL  =      3031.2659  VOLUME     =    151982.0853
                                                    Density    =         1.0392
 ------------------------------------------------------------------------------

wrapping first mol.:       19.40398       27.44138       47.52985
wrapping first mol.:       19.40398       27.44138       47.52985

 NSTEP =    39000   TIME(PS) =    3678.000  TEMP(K) =   298.61  PRESS =   289.1
 Etot   =    -50214.1251  EKtot   =      9483.9121  EPtot      =    -59698.0373
 BOND   =       424.7445  ANGLE   =      1033.8234  DIHED      =       719.1560
 1-4 NB =       438.6355  1-4 EEL =      5742.2278  VDWAALS    =      6639.7160
 EELEC  =    -74724.2737  EHBOND  =         0.0000  RESTRAINT  =        27.9332
 EAMBER (non-restraint)  =    -59725.9704
 EKCMT  =      3893.0022  VIRIAL  =      2945.1397  VOLUME     =    151845.9662
                                                    Density    =         1.0401
 ------------------------------------------------------------------------------

wrapping first mol.:       19.39817       27.43315       47.51560
wrapping first mol.:       19.39817       27.43315       47.51560

 NSTEP =    39500   TIME(PS) =    3679.000  TEMP(K) =   299.86  PRESS =   -47.7
 Etot   =    -50218.0939  EKtot   =      9523.7324  EPtot      =    -59741.8264
 BOND   =       377.8977  ANGLE   =      1037.7814  DIHED      =       699.5080
 1-4 NB =       456.1533  1-4 EEL =      5743.3379  VDWAALS    =      6577.6346
 EELEC  =    -74660.8413  EHBOND  =         0.0000  RESTRAINT  =        26.7021
 EAMBER (non-restraint)  =    -59768.5285
 EKCMT  =      4062.2091  VIRIAL  =      4218.4893  VOLUME     =    151713.9792
                                                    Density    =         1.0410
 ------------------------------------------------------------------------------

wrapping first mol.:       19.40046       27.43639       47.52122
wrapping first mol.:       19.40046       27.43639       47.52122

 NSTEP =    40000   TIME(PS) =    3680.000  TEMP(K) =   297.03  PRESS =    79.6
 Etot   =    -50375.9768  EKtot   =      9433.7119  EPtot      =    -59809.6887
 BOND   =       391.9690  ANGLE   =      1005.1957  DIHED      =       714.2394
 1-4 NB =       466.8765  1-4 EEL =      5775.5151  VDWAALS    =      6568.4237
 EELEC  =    -74760.5089  EHBOND  =         0.0000  RESTRAINT  =        28.6009
 EAMBER (non-restraint)  =    -59838.2897
 EKCMT  =      3940.9774  VIRIAL  =      3680.0383  VOLUME     =    151766.0254
                                                    Density    =         1.0407
 ------------------------------------------------------------------------------

wrapping first mol.:       19.39560       27.42952       47.50931
wrapping first mol.:       19.39560       27.42952       47.50931

 NSTEP =    40500   TIME(PS) =    3681.000  TEMP(K) =   299.00  PRESS =  -200.2
 Etot   =    -50198.6148  EKtot   =      9496.2822  EPtot      =    -59694.8970
 BOND   =       405.2329  ANGLE   =      1056.2148  DIHED      =       717.8558
 1-4 NB =       441.8333  1-4 EEL =      5742.4524  VDWAALS    =      6617.4743
 EELEC  =    -74701.4426  EHBOND  =         0.0000  RESTRAINT  =        25.4820
 EAMBER (non-restraint)  =    -59720.3790
 EKCMT  =      3909.0910  VIRIAL  =      4564.4797  VOLUME     =    151655.7793
                                                    Density    =         1.0414
 ------------------------------------------------------------------------------

wrapping first mol.:       19.39853       27.43366       47.51650
wrapping first mol.:       19.39853       27.43366       47.51650

 NSTEP =    41000   TIME(PS) =    3682.000  TEMP(K) =   298.94  PRESS =   291.0
 Etot   =    -50134.1675  EKtot   =      9494.3896  EPtot      =    -59628.5571
 BOND   =       388.5815  ANGLE   =      1011.3729  DIHED      =       689.9828
 1-4 NB =       458.7898  1-4 EEL =      5716.7876  VDWAALS    =      6786.0703
 EELEC  =    -74702.3624  EHBOND  =         0.0000  RESTRAINT  =        22.2205
 EAMBER (non-restraint)  =    -59650.7776
 EKCMT  =      3987.3100  VIRIAL  =      3033.9284  VOLUME     =    151717.9525
                                                    Density    =         1.0410
 ------------------------------------------------------------------------------

wrapping first mol.:       19.39526       27.42904       47.50849
wrapping first mol.:       19.39526       27.42904       47.50849

 NSTEP =    41500   TIME(PS) =    3683.000  TEMP(K) =   297.63  PRESS =   257.3
 Etot   =    -50402.2495  EKtot   =      9452.8662  EPtot      =    -59855.1158
 BOND   =       389.2394  ANGLE   =       972.0658  DIHED      =       717.2379
 1-4 NB =       454.7158  1-4 EEL =      5741.2382  VDWAALS    =      6628.7364
 EELEC  =    -74780.2586  EHBOND  =         0.0000  RESTRAINT  =        21.9092
 EAMBER (non-restraint)  =    -59877.0250
 EKCMT  =      3945.0527  VIRIAL  =      3102.6402  VOLUME     =    151641.7180
                                                    Density    =         1.0415
 ------------------------------------------------------------------------------

wrapping first mol.:       19.37116       27.39496       47.44945
wrapping first mol.:       19.37116       27.39496       47.44945

 NSTEP =    42000   TIME(PS) =    3684.000  TEMP(K) =   299.91  PRESS =  -136.5
 Etot   =    -50300.7027  EKtot   =      9525.1328  EPtot      =    -59825.8355
 BOND   =       395.8786  ANGLE   =       993.9084  DIHED      =       708.2209
 1-4 NB =       463.6852  1-4 EEL =      5734.1287  VDWAALS    =      6587.4295
 EELEC  =    -74734.6130  EHBOND  =         0.0000  RESTRAINT  =        25.5261
 EAMBER (non-restraint)  =    -59851.3616
 EKCMT  =      3957.1605  VIRIAL  =      4402.3509  VOLUME     =    151082.4212
                                                    Density    =         1.0454
 ------------------------------------------------------------------------------

wrapping first mol.:       19.36803       27.39053       47.44179
wrapping first mol.:       19.36803       27.39053       47.44179

 NSTEP =    42500   TIME(PS) =    3685.000  TEMP(K) =   297.51  PRESS =   339.4
 Etot   =    -50268.6901  EKtot   =      9448.8496  EPtot      =    -59717.5397
 BOND   =       398.2576  ANGLE   =       992.8863  DIHED      =       683.2985
 1-4 NB =       444.7196  1-4 EEL =      5734.6454  VDWAALS    =      6747.1685
 EELEC  =    -74742.8294  EHBOND  =         0.0000  RESTRAINT  =        24.3138
 EAMBER (non-restraint)  =    -59741.8535
 EKCMT  =      3942.8924  VIRIAL  =      2836.3011  VOLUME     =    151002.7864
                                                    Density    =         1.0459
 ------------------------------------------------------------------------------

wrapping first mol.:       19.37472       27.39999       47.45817
wrapping first mol.:       19.37472       27.39999       47.45817

 NSTEP =    43000   TIME(PS) =    3686.000  TEMP(K) =   302.75  PRESS =  -275.7
 Etot   =    -50168.3809  EKtot   =      9615.2891  EPtot      =    -59783.6699
 BOND   =       399.1122  ANGLE   =      1076.8351  DIHED      =       711.0172
 1-4 NB =       445.8906  1-4 EEL =      5753.7001  VDWAALS    =      6479.9429
 EELEC  =    -74672.4148  EHBOND  =         0.0000  RESTRAINT  =        22.2469
 EAMBER (non-restraint)  =    -59805.9168
 EKCMT  =      4005.4427  VIRIAL  =      4905.3166  VOLUME     =    151167.5670
                                                    Density    =         1.0448
 ------------------------------------------------------------------------------

wrapping first mol.:       19.37936       27.40655       47.46953
wrapping first mol.:       19.37936       27.40655       47.46953

 NSTEP =    43500   TIME(PS) =    3687.000  TEMP(K) =   297.24  PRESS =   276.9
 Etot   =    -50369.6174  EKtot   =      9440.4980  EPtot      =    -59810.1154
 BOND   =       387.2969  ANGLE   =      1028.2772  DIHED      =       723.0247
 1-4 NB =       468.6005  1-4 EEL =      5791.7843  VDWAALS    =      6619.6324
 EELEC  =    -74851.9011  EHBOND  =         0.0000  RESTRAINT  =        23.1695
 EAMBER (non-restraint)  =    -59833.2850
 EKCMT  =      3884.6878  VIRIAL  =      2980.2754  VOLUME     =    151268.7138
                                                    Density    =         1.0441
 ------------------------------------------------------------------------------

wrapping first mol.:       19.39151       27.42374       47.49931
wrapping first mol.:       19.39151       27.42374       47.49931

 NSTEP =    44000   TIME(PS) =    3688.000  TEMP(K) =   300.28  PRESS =   209.8
 Etot   =    -50273.9237  EKtot   =      9537.0498  EPtot      =    -59810.9735
 BOND   =       403.8806  ANGLE   =      1020.4218  DIHED      =       712.5231
 1-4 NB =       461.1828  1-4 EEL =      5737.1789  VDWAALS    =      6641.1174
 EELEC  =    -74811.0413  EHBOND  =         0.0000  RESTRAINT  =        23.7633
 EAMBER (non-restraint)  =    -59834.7367
 EKCMT  =      4045.5960  VIRIAL  =      3359.1834  VOLUME     =    151554.4511
                                                    Density    =         1.0421
 ------------------------------------------------------------------------------

wrapping first mol.:       19.39036       27.42211       47.49649
wrapping first mol.:       19.39036       27.42211       47.49649

 NSTEP =    44500   TIME(PS) =    3689.000  TEMP(K) =   297.66  PRESS =   -48.2
 Etot   =    -50355.3202  EKtot   =      9453.8760  EPtot      =    -59809.1962
 BOND   =       410.5251  ANGLE   =       995.3083  DIHED      =       715.5372
 1-4 NB =       455.4327  1-4 EEL =      5741.5315  VDWAALS    =      6590.5007
 EELEC  =    -74740.8788  EHBOND  =         0.0000  RESTRAINT  =        22.8472
 EAMBER (non-restraint)  =    -59832.0434
 EKCMT  =      4002.6943  VIRIAL  =      4160.3304  VOLUME     =    151530.9927
                                                    Density    =         1.0423
 ------------------------------------------------------------------------------

wrapping first mol.:       19.40183       27.43833       47.52457
wrapping first mol.:       19.40183       27.43833       47.52457

 NSTEP =    45000   TIME(PS) =    3690.000  TEMP(K) =   296.47  PRESS =   -90.8
 Etot   =    -50324.3017  EKtot   =      9416.0850  EPtot      =    -59740.3867
 BOND   =       420.5003  ANGLE   =      1020.6968  DIHED      =       695.5522
 1-4 NB =       455.8145  1-4 EEL =      5729.6075  VDWAALS    =      6827.7343
 EELEC  =    -74913.5036  EHBOND  =         0.0000  RESTRAINT  =        23.2113
 EAMBER (non-restraint)  =    -59763.5980
 EKCMT  =      3939.1951  VIRIAL  =      4236.7368  VOLUME     =    151800.5030
                                                    Density    =         1.0404
 ------------------------------------------------------------------------------

wrapping first mol.:       19.41141       27.45188       47.54805
wrapping first mol.:       19.41141       27.45188       47.54805

 NSTEP =    45500   TIME(PS) =    3691.000  TEMP(K) =   299.03  PRESS =  -359.6
 Etot   =    -50137.3547  EKtot   =      9497.3496  EPtot      =    -59634.7043
 BOND   =       384.4239  ANGLE   =      1011.6851  DIHED      =       727.9135
 1-4 NB =       456.9175  1-4 EEL =      5756.3660  VDWAALS    =      6648.2433
 EELEC  =    -74646.9216  EHBOND  =         0.0000  RESTRAINT  =        26.6681
 EAMBER (non-restraint)  =    -59661.3724
 EKCMT  =      3935.6096  VIRIAL  =      5116.0168  VOLUME     =    152029.2317
                                                    Density    =         1.0389
 ------------------------------------------------------------------------------

wrapping first mol.:       19.41985       27.46382       47.56872
wrapping first mol.:       19.41985       27.46382       47.56872

 NSTEP =    46000   TIME(PS) =    3692.000  TEMP(K) =   298.98  PRESS =   461.4
 Etot   =    -50083.5913  EKtot   =      9495.5879  EPtot      =    -59579.1792
 BOND   =       395.1370  ANGLE   =      1001.8090  DIHED      =       696.5072
 1-4 NB =       457.8977  1-4 EEL =      5771.0556  VDWAALS    =      6737.6613
 EELEC  =    -74666.6264  EHBOND  =         0.0000  RESTRAINT  =        27.3794
 EAMBER (non-restraint)  =    -59606.5586
 EKCMT  =      3967.5112  VIRIAL  =      2451.2635  VOLUME     =    152216.4537
                                                    Density    =         1.0376
 ------------------------------------------------------------------------------

wrapping first mol.:       19.38824       27.41912       47.49130
wrapping first mol.:       19.38824       27.41912       47.49130

 NSTEP =    46500   TIME(PS) =    3693.000  TEMP(K) =   302.26  PRESS =    -6.1
 Etot   =    -49954.9088  EKtot   =      9599.7178  EPtot      =    -59554.6266
 BOND   =       411.1246  ANGLE   =      1028.5279  DIHED      =       708.8371
 1-4 NB =       452.3710  1-4 EEL =      5742.5511  VDWAALS    =      6538.3980
 EELEC  =    -74459.7417  EHBOND  =         0.0000  RESTRAINT  =        23.3054
 EAMBER (non-restraint)  =    -59577.9320
 EKCMT  =      3972.9829  VIRIAL  =      3993.0497  VOLUME     =    151480.7268
                                                    Density    =         1.0426
 ------------------------------------------------------------------------------

wrapping first mol.:       19.37311       27.39772       47.45424
wrapping first mol.:       19.37311       27.39772       47.45424

 NSTEP =    47000   TIME(PS) =    3694.000  TEMP(K) =   299.18  PRESS =  -217.4
 Etot   =    -50223.8398  EKtot   =      9502.0430  EPtot      =    -59725.8827
 BOND   =       389.6109  ANGLE   =       993.7271  DIHED      =       705.7656
 1-4 NB =       466.0116  1-4 EEL =      5803.3797  VDWAALS    =      6359.8253
 EELEC  =    -74470.2755  EHBOND  =         0.0000  RESTRAINT  =        26.0726
 EAMBER (non-restraint)  =    -59751.9553
 EKCMT  =      3860.8419  VIRIAL  =      4570.3278  VOLUME     =    151129.2228
                                                    Density    =         1.0450
 ------------------------------------------------------------------------------

wrapping first mol.:       19.38812       27.41894       47.49099
wrapping first mol.:       19.38812       27.41894       47.49099

 NSTEP =    47500   TIME(PS) =    3695.000  TEMP(K) =   298.68  PRESS =  -380.6
 Etot   =    -50028.2752  EKtot   =      9486.2041  EPtot      =    -59514.4793
 BOND   =       431.7049  ANGLE   =       974.3121  DIHED      =       684.8159
 1-4 NB =       457.5519  1-4 EEL =      5767.4294  VDWAALS    =      6308.3511
 EELEC  =    -74166.7105  EHBOND  =         0.0000  RESTRAINT  =        28.0660
 EAMBER (non-restraint)  =    -59542.5453
 EKCMT  =      3928.1154  VIRIAL  =      5173.0164  VOLUME     =    151482.8564
                                                    Density    =         1.0426
 ------------------------------------------------------------------------------

wrapping first mol.:       19.38264       27.41119       47.47758
wrapping first mol.:       19.38264       27.41119       47.47758

 NSTEP =    48000   TIME(PS) =    3696.000  TEMP(K) =   295.60  PRESS =   -74.6
 Etot   =    -50138.0849  EKtot   =      9388.3330  EPtot      =    -59526.4179
 BOND   =       425.8504  ANGLE   =      1026.9305  DIHED      =       713.5520
 1-4 NB =       460.2083  1-4 EEL =      5724.2952  VDWAALS    =      6309.5760
 EELEC  =    -74212.5719  EHBOND  =         0.0000  RESTRAINT  =        25.7416
 EAMBER (non-restraint)  =    -59552.1595
 EKCMT  =      3916.7625  VIRIAL  =      4160.4550  VOLUME     =    151350.3889
                                                    Density    =         1.0435
 ------------------------------------------------------------------------------

wrapping first mol.:       19.40710       27.44578       47.53749
wrapping first mol.:       19.40710       27.44578       47.53749

 NSTEP =    48500   TIME(PS) =    3697.000  TEMP(K) =   300.42  PRESS =   108.9
 Etot   =    -50035.6465  EKtot   =      9541.5283  EPtot      =    -59577.1748
 BOND   =       386.0977  ANGLE   =      1022.6854  DIHED      =       712.5764
 1-4 NB =       444.7364  1-4 EEL =      5719.8206  VDWAALS    =      6497.9581
 EELEC  =    -74388.2194  EHBOND  =         0.0000  RESTRAINT  =        27.1699
 EAMBER (non-restraint)  =    -59604.3447
 EKCMT  =      4009.4139  VIRIAL  =      3652.1207  VOLUME     =    151921.5544
                                                    Density    =         1.0396
 ------------------------------------------------------------------------------

wrapping first mol.:       19.41342       27.45472       47.55297
wrapping first mol.:       19.41342       27.45472       47.55297

 NSTEP =    49000   TIME(PS) =    3698.000  TEMP(K) =   302.61  PRESS =  -383.5
 Etot   =    -50180.1520  EKtot   =      9610.8926  EPtot      =    -59791.0446
 BOND   =       408.6865  ANGLE   =      1027.9350  DIHED      =       680.9585
 1-4 NB =       465.4301  1-4 EEL =      5735.6863  VDWAALS    =      6507.9014
 EELEC  =    -74644.7273  EHBOND  =         0.0000  RESTRAINT  =        27.0849
 EAMBER (non-restraint)  =    -59818.1295
 EKCMT  =      3990.9575  VIRIAL  =      5250.3071  VOLUME     =    152076.7729
                                                    Density    =         1.0385
 ------------------------------------------------------------------------------

wrapping first mol.:       19.39963       27.43522       47.51919
wrapping first mol.:       19.39963       27.43522       47.51919

 NSTEP =    49500   TIME(PS) =    3699.000  TEMP(K) =   300.39  PRESS =  -216.1
 Etot   =    -50230.3761  EKtot   =      9540.3320  EPtot      =    -59770.7081
 BOND   =       378.0970  ANGLE   =      1048.9455  DIHED      =       690.8343
 1-4 NB =       446.2135  1-4 EEL =      5729.2493  VDWAALS    =      6414.2517
 EELEC  =    -74499.8488  EHBOND  =         0.0000  RESTRAINT  =        21.5494
 EAMBER (non-restraint)  =    -59792.2575
 EKCMT  =      3985.2917  VIRIAL  =      4693.4515  VOLUME     =    151750.6005
                                                    Density    =         1.0408
 ------------------------------------------------------------------------------

wrapping first mol.:       19.40771       27.44665       47.53899
wrapping first mol.:       19.40771       27.44665       47.53899

 NSTEP =    50000   TIME(PS) =    3700.000  TEMP(K) =   300.25  PRESS =    10.6
 Etot   =    -50178.0686  EKtot   =      9536.0625  EPtot      =    -59714.1311
 BOND   =       396.0528  ANGLE   =      1028.7132  DIHED      =       687.4512
 1-4 NB =       460.2849  1-4 EEL =      5746.0749  VDWAALS    =      6560.5447
 EELEC  =    -74616.9694  EHBOND  =         0.0000  RESTRAINT  =        23.7166
 EAMBER (non-restraint)  =    -59737.8477
 EKCMT  =      3904.6585  VIRIAL  =      3870.0256  VOLUME     =    151937.2757
                                                    Density    =         1.0395
 ------------------------------------------------------------------------------


      A V E R A G E S   O V E R     100 S T E P S


 NSTEP =    50000   TIME(PS) =    3700.000  TEMP(K) =   299.98  PRESS =   -14.3
 Etot   =    -50213.0776  EKtot   =      9527.4015  EPtot      =    -59740.4792
 BOND   =       399.0321  ANGLE   =      1022.9169  DIHED      =       705.2994
 1-4 NB =       454.3618  1-4 EEL =      5745.7289  VDWAALS    =      6589.4646
 EELEC  =    -74678.9035  EHBOND  =         0.0000  RESTRAINT  =        21.6206
 EAMBER (non-restraint)  =    -59762.0998
 EKCMT  =      3981.8039  VIRIAL  =      4028.7558  VOLUME     =    151845.4179
                                                    Density    =         1.0401
 ------------------------------------------------------------------------------


      R M S  F L U C T U A T I O N S


 NSTEP =    50000   TIME(PS) =    3700.000  TEMP(K) =     2.33  PRESS =   215.3
 Etot   =       116.4925  EKtot   =        73.8899  EPtot      =        95.7197
 BOND   =        16.4301  ANGLE   =        24.1120  DIHED      =        12.7215
 1-4 NB =         7.8738  1-4 EEL =        21.1382  VDWAALS    =       122.9865
 EELEC  =       183.4336  EHBOND  =         0.0000  RESTRAINT  =         2.9591
 EAMBER (non-restraint)  =        92.7605
 EKCMT  =        51.9698  VIRIAL  =       701.5236  VOLUME     =       370.4500
                                                    Density    =         0.0025
 ------------------------------------------------------------------------------

--------------------------------------------------------------------------------
   5.  TIMINGS
--------------------------------------------------------------------------------

|  NonSetup CPU Time in Major Routines:
|
|     Routine           Sec        %
|     ------------------------------
|     Nonbond          69.69   83.56
|     Bond              0.00    0.00
|     Angle             0.00    0.00
|     Dihedral          0.00    0.00
|     Shake             0.25    0.30
|     RunMD            13.37   16.03
|     Other             0.09    0.11
|     ------------------------------
|     Total            83.41

|  PME Nonbond Pairlist CPU Time:
|
|     Routine              Sec        %
|     ---------------------------------
|     Set Up Cit           0.00    0.00
|     Build List           0.00    0.00
|     ---------------------------------
|     Total                0.00    0.00

|  PME Direct Force CPU Time:
|
|     Routine              Sec        %
|     ---------------------------------
|     NonBonded Calc       0.00    0.00
|     Exclude Masked       0.00    0.00
|     Other                0.06    0.07
|     ---------------------------------
|     Total                0.06    0.07

|  PME Reciprocal Force CPU Time:
|
|     Routine              Sec        %
|     ---------------------------------
|     1D bspline           0.00    0.00
|     Grid Charges         0.00    0.00
|     Scalar Sum           0.00    0.00
|     Gradient Sum         0.00    0.00
|     FFT                  0.00    0.00
|     ---------------------------------
|     Total                0.00    0.00

|  Final Performance Info:
|     -----------------------------------------------------
|     Average timings for last   13500 steps:
|     Elapsed(s) =      22.53 Per Step(ms) =       1.67
|         ns/day =     103.55   seconds/ns =     834.38
|
|     Average timings for all steps:
|     Elapsed(s) =      83.40 Per Step(ms) =       1.67
|         ns/day =     103.60   seconds/ns =     833.97
|     -----------------------------------------------------

|  Setup CPU time:            0.59 seconds
|  NonSetup CPU time:        83.41 seconds
|  Total CPU time:           84.00 seconds     0.02 hours

|  Setup wall time:           0    seconds
|  NonSetup wall time:       84    seconds
|  Total wall time:          84    seconds     0.02 hours
