
          -------------------------------------------------------
          Amber 18 PMEMD                              2018
          -------------------------------------------------------

| PMEMD implementation of SANDER, Release 18

| Run on 09/29/2019 at 23:09:05

|   Executable path: pmemd.cuda
| Working directory: /home/pbarletta/lbp/run/1ifb/mhe/e
|          Hostname: Unknown
  [-O]verwriting output

File Assignments:
|   MDIN: 35equ.in                                                              
|  MDOUT: 35equ.out                                                             
| INPCRD: 34e1ifb.rst7                                                          
|   PARM: /home/pbarletta/lbp/top_files/1ifb.prmtop                             
| RESTRT: 35e1ifb.rst7                                                          
|   REFC: 34e1ifb.rst7                                                          
|  MDVEL: mdvel                                                                 
|   MDEN: mden                                                                  
|  MDCRD: 35e1ifb.nc                                                            
| MDINFO: mdinfo                                                                
|  MDFRC: mdfrc                                                                 


 Here is the input file:

Equilibration with solute restrictions                                         
&cntrl                                                                         
imin = 0,                           ! No Minimization                          
nmropt = 0,                         ! No NMR restraints read                   
                                                                               
! Nature and format of the input                                               
ntx = 5,                            ! Coordinates but no velocities will be rea
irest = 1,                          ! Do not run a new simulation              
                                                                               
! Nature and format of the output                                              
ntxo = 1,                           ! rstrt file in ASCII format               
ntpr = 500,                         ! inf in output every ntpr steps           
ntwr = 500,                         ! rstrt file every ntwr steps              
ntwx = 500,                         ! mdcrd file every ntwx steps              
ntwv = 0,                           ! mdvel without velocities                 
ntwe = 0,                           ! Do not write energies and temperatures   
idecomp = 0,                        ! No energy decomposition                  
iwrap = 1,                          ! Coordinates of the restart and mdcrd file
                                                                               
! Frozen or restrained atoms                                                   
ibelly = 0,                         ! No frozen atoms                          
ntr=1,                              ! Harmonic potential restraints            
restraint_wt = 0.16,                ! The weight for the positional restraints 
restraintmask = ':1-131@N,CA,C,O',  ! restrained residues                      
                                                                               
! Molecular dynamics                                                           
nstlim = 50000,                     ! Number of MD-steps                       
dt = 0.002,                         ! Time step                                
                                                                               
! Temperature regulation                                                       
ntt = 3,                            ! Langevin thermostat                      
gamma_ln = 5,                       ! Gamma constant for Langevin              
temp0 = 300.0,                      ! Reference T at which the system is to be 
tempi = 300.0,                      ! Initial T                                
ig = -1,                            ! Seed for the RNG                         
                                                                               
! P and V regulation                                                           
ntp = 1,                            ! constant P                               
barostat = 1,                       ! Berendsen barostat                       
taup = 1,                           ! Pressure relaxation time                 
ntb = 2,                            ! Periodic box for constant P              
                                                                               
! SHAKE variables                                                              
ntc = 2,                            ! Bonds involving H are constrained        
ntf = 2,                            ! Bond interaction involving H are ommited.
                                                                               
cut = 10.0,                         ! Nonbonded cutoff                         
/                                                                              
&end                                                                           


Note: ig = -1. Setting random seed to   996687 based on wallclock time in 
      microseconds.
| irandom = 1, using AMBER's internal random number generator (default).
 
|--------------------- INFORMATION ----------------------
| GPU (CUDA) Version of PMEMD in use: NVIDIA GPU IN USE.
|                    Version 18.0.0
| 
|                      03/25/2018
| 
| Implementation by:
|                    Ross C. Walker     (SDSC)
|                    Scott Le Grand     (nVIDIA)
| 
| Version 18 performance extensions by:
|                    David Cerutti     (Rutgers)
| 
| Precision model in use:
|      [SPFP] - Single Precision Forces, 64-bit Fixed Point
|               Accumulation. (Default)
| 
|--------------------------------------------------------
 
|----------------- CITATION INFORMATION -----------------
|
|    When publishing work that utilized the CUDA version
|    of AMBER, please cite the following in addition to
|    the regular AMBER citations:
|
|  - Romelia Salomon-Ferrer; Andreas W. Goetz; Duncan
|    Poole; Scott Le Grand; Ross C. Walker "Routine
|    microsecond molecular dynamics simulations with
|    AMBER - Part II: Particle Mesh Ewald", J. Chem.
|    Theory Comput., 2013, 9 (9), pp3878-3888,
|    DOI: 10.1021/ct400314y.
|
|  - Andreas W. Goetz; Mark J. Williamson; Dong Xu;
|    Duncan Poole; Scott Le Grand; Ross C. Walker
|    "Routine microsecond molecular dynamics simulations
|    with AMBER - Part I: Generalized Born", J. Chem.
|    Theory Comput., 2012, 8 (5), pp1542-1555.
|
|  - Scott Le Grand; Andreas W. Goetz; Ross C. Walker
|    "SPFP: Speed without compromise - a mixed precision
|    model for GPU accelerated molecular dynamics
|    simulations.", Comp. Phys. Comm., 2013, 184
|    pp374-380, DOI: 10.1016/j.cpc.2012.09.022
|
|--------------------------------------------------------
 
|------------------- GPU DEVICE INFO --------------------
|
|            CUDA_VISIBLE_DEVICES: 0
|   CUDA Capable Devices Detected:      1
|           CUDA Device ID in use:      0
|                CUDA Device Name: GeForce GTX 1060 6GB
|     CUDA Device Global Mem Size:   6078 MB
| CUDA Device Num Multiprocessors:     10
|           CUDA Device Core Freq:   1.76 GHz
|
|--------------------------------------------------------
 
 
| Conditional Compilation Defines Used:
| PUBFFT
| BINTRAJ
| CUDA
| EMIL

| Largest sphere to fit in unit cell has radius =    23.780

| New format PARM file being parsed.
| Version =    1.000 Date = 09/29/19 Time = 21:52:31

| Note: 1-4 EEL scale factors are being read from the topology file.

| Note: 1-4 VDW scale factors are being read from the topology file.
| Duplicated    0 dihedrals

| Duplicated    0 dihedrals

--------------------------------------------------------------------------------
   1.  RESOURCE   USE: 
--------------------------------------------------------------------------------

 getting new box info from bottom of inpcrd
 NATOM  =   19901 NTYPES =      17 NBONH =   14397 MBONA  =    5520
 NTHETH =    2406 MTHETA =    1438 NPHIH =    4850 MPHIA  =    4505
 NHPARM =       0 NPARM  =       0 NNB   =   42760 NRES   =    4578
 NBONA  =    5520 NTHETA =    1438 NPHIA =    4505 NUMBND =      69
 NUMANG =     155 NPTRA  =     178 NATYP =      35 NPHB   =       1
 IFBOX  =       2 NMXRS  =      24 IFCAP =       0 NEXTRA =    4447
 NCOPY  =       0

| Coordinate Index Table dimensions:     9    9    9
| Direct force subcell size =     6.4722    6.4722    6.4722

     BOX TYPE: TRUNCATED OCTAHEDRON

--------------------------------------------------------------------------------
   2.  CONTROL  DATA  FOR  THE  RUN
--------------------------------------------------------------------------------

default_name                                                                    

General flags:
     imin    =       0, nmropt  =       0

Nature and format of input:
     ntx     =       5, irest   =       1, ntrx    =       1

Nature and format of output:
     ntxo    =       1, ntpr    =     500, ntrx    =       1, ntwr    =     500
     iwrap   =       1, ntwx    =     500, ntwv    =       0, ntwe    =       0
     ioutfm  =       1, ntwprt  =       0, idecomp =       0, rbornstat=      0

Potential function:
     ntf     =       2, ntb     =       2, igb     =       0, nsnb    =      25
     ipol    =       0, gbsa    =       0, iesp    =       0
     dielc   =   1.00000, cut     =  10.00000, intdiel =   1.00000

Frozen or restrained atoms:
     ibelly  =       0, ntr     =       1
     restraint_wt =   0.16000

Molecular dynamics:
     nstlim  =     50000, nscm    =         0, nrespa  =         1
     t       =   0.00000, dt      =   0.00200, vlimit  =  -1.00000

Langevin dynamics temperature regulation:
     ig      =  996687
     temp0   = 300.00000, tempi   = 300.00000, gamma_ln=   5.00000

Pressure regulation:
     ntp     =       1
     pres0   =   1.00000, comp    =  44.60000, taup    =   1.00000

SHAKE:
     ntc     =       2, jfastw  =       0
     tol     =   0.00001

| Intermolecular bonds treatment:
|     no_intermolecular_bonds =       1

| Energy averages sample interval:
|     ene_avg_sampling =     500

Extra-points options:
     frameon =       1, chngmask=       1

Ewald parameters:
     verbose =       0, ew_type =       0, nbflag  =       1, use_pme =       1
     vdwmeth =       1, eedmeth =       1, netfrc  =       1
     Box X =   58.249   Box Y =   58.249   Box Z =   58.249
     Alpha =  109.471   Beta  =  109.471   Gamma =  109.471
     NFFT1 =   64       NFFT2 =   64       NFFT3 =   64
     Cutoff=   10.000   Tol   =0.100E-04
     Ewald Coefficient =  0.27511
     Interpolation order =    4

    LOADING THE CONSTRAINED ATOMS AS GROUPS


   5.  REFERENCE ATOM COORDINATES

  default_name                                                                    
     Mask :1-131@N,CA,C,O; matches   524 atoms
|      EXTRA_PTS, trim_bonds: num bonds BEFORE trim = 14397     0
|      EXTRA_PTS, trim_bonds: num bonds AFTER  trim = 14397     0
|      EXTRA_PTS, trim_bonds: num bonds BEFORE trim =  5520     0
|      EXTRA_PTS, trim_bonds: num bonds AFTER  trim =  1073     0
|      EXTRA_PTS, trim_theta: num angle BEFORE trim =  2406     0
|      EXTRA_PTS, trim_theta: num angle AFTER  trim =  2406     0
|      EXTRA_PTS, trim_theta: num angle BEFORE trim =  1438     0
|      EXTRA_PTS, trim_theta: num angle AFTER  trim =  1438     0
|      EXTRA_PTS, trim_phi:  num diheds BEFORE trim =  4850     0
|      EXTRA_PTS, trim_phi:  num diheds AFTER  trim =  4850     0
|      EXTRA_PTS, trim_phi:  num diheds BEFORE trim =  4505     0
|      EXTRA_PTS, trim_phi:  num diheds AFTER  trim =  4505     0

--------------------------------------------------------------------------------
   3.  ATOMIC COORDINATES AND VELOCITIES
--------------------------------------------------------------------------------

default_name                                                                    
 begin time read from input coords =  3800.000 ps

 
 Number of triangulated 3-point waters found:     4447

     Sum of charges from parm topology file =   0.00002436
     Forcing neutrality...

| Dynamic Memory, Types Used:
| Reals              996413
| Integers          1467781

| Nonbonded Pairs Initial Allocation:     6019554

| GPU memory information (estimate):
| KB of GPU memory in use:         0
| KB of CPU memory in use:         0

--------------------------------------------------------------------------------
   4.  RESULTS
--------------------------------------------------------------------------------

wrapping first mol.:       19.42076       27.46511       47.57095
wrapping first mol.:       19.42076       27.46511       47.57095

 NSTEP =      500   TIME(PS) =    3801.000  TEMP(K) =   303.68  PRESS =   116.7
 Etot   =    -50149.7084  EKtot   =      9645.0859  EPtot      =    -59794.7944
 BOND   =       417.4880  ANGLE   =      1030.1213  DIHED      =       716.8285
 1-4 NB =       457.7601  1-4 EEL =      5754.0288  VDWAALS    =      6654.6599
 EELEC  =    -74838.6676  EHBOND  =         0.0000  RESTRAINT  =        12.9866
 EAMBER (non-restraint)  =    -59807.7810
 EKCMT  =      4049.2152  VIRIAL  =      3665.7656  VOLUME     =    152242.5551
                                                    Density    =         1.0374
 ------------------------------------------------------------------------------

wrapping first mol.:       19.41881       27.46234       47.56616
wrapping first mol.:       19.41881       27.46234       47.56616

 NSTEP =     1000   TIME(PS) =    3802.000  TEMP(K) =   301.34  PRESS =  -123.0
 Etot   =    -50323.6826  EKtot   =      9570.5781  EPtot      =    -59894.2607
 BOND   =       404.5021  ANGLE   =       978.8981  DIHED      =       697.3829
 1-4 NB =       447.7463  1-4 EEL =      5732.0135  VDWAALS    =      6650.7758
 EELEC  =    -74819.0703  EHBOND  =         0.0000  RESTRAINT  =        13.4909
 EAMBER (non-restraint)  =    -59907.7516
 EKCMT  =      4001.0654  VIRIAL  =      4405.1915  VOLUME     =    152199.8295
                                                    Density    =         1.0377
 ------------------------------------------------------------------------------

wrapping first mol.:       19.41528       27.45736       47.55753
wrapping first mol.:       19.41528       27.45736       47.55753

 NSTEP =     1500   TIME(PS) =    3803.000  TEMP(K) =   296.64  PRESS =   -39.8
 Etot   =    -50365.5864  EKtot   =      9421.3037  EPtot      =    -59786.8901
 BOND   =       399.7417  ANGLE   =      1043.9976  DIHED      =       691.5529
 1-4 NB =       447.6254  1-4 EEL =      5750.9322  VDWAALS    =      6710.8626
 EELEC  =    -74845.5902  EHBOND  =         0.0000  RESTRAINT  =        13.9876
 EAMBER (non-restraint)  =    -59800.8778
 EKCMT  =      3975.5809  VIRIAL  =      4106.3353  VOLUME     =    152115.8320
                                                    Density    =         1.0383
 ------------------------------------------------------------------------------

wrapping first mol.:       19.42232       27.46730       47.57476
wrapping first mol.:       19.42232       27.46730       47.57476

 NSTEP =     2000   TIME(PS) =    3804.000  TEMP(K) =   298.23  PRESS =   103.4
 Etot   =    -50172.1165  EKtot   =      9471.9922  EPtot      =    -59644.1087
 BOND   =       396.2364  ANGLE   =      1017.4601  DIHED      =       725.9184
 1-4 NB =       469.2656  1-4 EEL =      5788.2992  VDWAALS    =      6757.5154
 EELEC  =    -74817.0352  EHBOND  =         0.0000  RESTRAINT  =        18.2315
 EAMBER (non-restraint)  =    -59662.3402
 EKCMT  =      4034.7908  VIRIAL  =      3694.9121  VOLUME     =    152279.2915
                                                    Density    =         1.0372
 ------------------------------------------------------------------------------

wrapping first mol.:       19.40480       27.44253       47.53185
wrapping first mol.:       19.40480       27.44253       47.53185

 NSTEP =     2500   TIME(PS) =    3805.000  TEMP(K) =   299.79  PRESS =  -243.9
 Etot   =    -50247.4453  EKtot   =      9521.5068  EPtot      =    -59768.9521
 BOND   =       383.2211  ANGLE   =      1028.5610  DIHED      =       710.4538
 1-4 NB =       467.6396  1-4 EEL =      5715.5468  VDWAALS    =      6571.0081
 EELEC  =    -74661.7882  EHBOND  =         0.0000  RESTRAINT  =        16.4056
 EAMBER (non-restraint)  =    -59785.3578
 EKCMT  =      3977.8733  VIRIAL  =      4777.5957  VOLUME     =    151872.2921
                                                    Density    =         1.0399
 ------------------------------------------------------------------------------

wrapping first mol.:       19.39115       27.42323       47.49842
wrapping first mol.:       19.39115       27.42323       47.49842

 NSTEP =     3000   TIME(PS) =    3806.000  TEMP(K) =   297.50  PRESS =   326.4
 Etot   =    -50353.1832  EKtot   =      9448.5801  EPtot      =    -59801.7633
 BOND   =       413.0905  ANGLE   =      1031.8104  DIHED      =       698.0496
 1-4 NB =       465.8733  1-4 EEL =      5749.4795  VDWAALS    =      6632.2080
 EELEC  =    -74807.5140  EHBOND  =         0.0000  RESTRAINT  =        15.2393
 EAMBER (non-restraint)  =    -59817.0026
 EKCMT  =      3899.5597  VIRIAL  =      2831.4113  VOLUME     =    151544.3586
                                                    Density    =         1.0422
 ------------------------------------------------------------------------------

wrapping first mol.:       19.36473       27.38587       47.43371
wrapping first mol.:       19.36473       27.38587       47.43371

 NSTEP =     3500   TIME(PS) =    3807.000  TEMP(K) =   301.05  PRESS =   -71.5
 Etot   =    -50300.7630  EKtot   =      9561.3672  EPtot      =    -59862.1302
 BOND   =       350.2648  ANGLE   =      1056.2021  DIHED      =       701.7635
 1-4 NB =       457.1965  1-4 EEL =      5783.4632  VDWAALS    =      6632.3192
 EELEC  =    -74858.1839  EHBOND  =         0.0000  RESTRAINT  =        14.8445
 EAMBER (non-restraint)  =    -59876.9746
 EKCMT  =      3931.0777  VIRIAL  =      4164.1324  VOLUME     =    150931.1855
                                                    Density    =         1.0464
 ------------------------------------------------------------------------------

wrapping first mol.:       19.39054       27.42237       47.49693
wrapping first mol.:       19.39054       27.42237       47.49693

 NSTEP =     4000   TIME(PS) =    3808.000  TEMP(K) =   298.90  PRESS =   194.6
 Etot   =    -50444.9626  EKtot   =      9493.0000  EPtot      =    -59937.9626
 BOND   =       408.2324  ANGLE   =      1020.1250  DIHED      =       703.6409
 1-4 NB =       448.8936  1-4 EEL =      5755.2797  VDWAALS    =      6898.8909
 EELEC  =    -75188.9978  EHBOND  =         0.0000  RESTRAINT  =        15.9727
 EAMBER (non-restraint)  =    -59953.9353
 EKCMT  =      3969.7225  VIRIAL  =      3333.0104  VOLUME     =    151531.8816
                                                    Density    =         1.0423
 ------------------------------------------------------------------------------

wrapping first mol.:       19.40539       27.44337       47.53331
wrapping first mol.:       19.40539       27.44337       47.53331

 NSTEP =     4500   TIME(PS) =    3809.000  TEMP(K) =   297.42  PRESS =   184.3
 Etot   =    -50188.8858  EKtot   =      9446.0254  EPtot      =    -59634.9112
 BOND   =       381.0997  ANGLE   =       977.0998  DIHED      =       708.6408
 1-4 NB =       458.7951  1-4 EEL =      5757.3767  VDWAALS    =      6591.6573
 EELEC  =    -74528.2248  EHBOND  =         0.0000  RESTRAINT  =        18.6443
 EAMBER (non-restraint)  =    -59653.5554
 EKCMT  =      3893.2597  VIRIAL  =      3288.8551  VOLUME     =    151880.4840
                                                    Density    =         1.0399
 ------------------------------------------------------------------------------

wrapping first mol.:       19.39623       27.43041       47.51086
wrapping first mol.:       19.39623       27.43041       47.51086

 NSTEP =     5000   TIME(PS) =    3810.000  TEMP(K) =   305.05  PRESS =  -274.8
 Etot   =    -50105.6090  EKtot   =      9688.5957  EPtot      =    -59794.2047
 BOND   =       365.4553  ANGLE   =       968.5838  DIHED      =       718.9920
 1-4 NB =       447.7308  1-4 EEL =      5724.1108  VDWAALS    =      6598.5833
 EELEC  =    -74636.4254  EHBOND  =         0.0000  RESTRAINT  =        18.7647
 EAMBER (non-restraint)  =    -59812.9694
 EKCMT  =      4016.6839  VIRIAL  =      4916.4852  VOLUME     =    151671.6628
                                                    Density    =         1.0413
 ------------------------------------------------------------------------------

wrapping first mol.:       19.40035       27.43624       47.52096
wrapping first mol.:       19.40035       27.43624       47.52096

 NSTEP =     5500   TIME(PS) =    3811.000  TEMP(K) =   301.16  PRESS =  -170.1
 Etot   =    -50076.3718  EKtot   =      9564.9209  EPtot      =    -59641.2927
 BOND   =       423.6214  ANGLE   =      1039.1237  DIHED      =       729.3335
 1-4 NB =       446.6663  1-4 EEL =      5755.5825  VDWAALS    =      6593.1976
 EELEC  =    -74646.4317  EHBOND  =         0.0000  RESTRAINT  =        17.6140
 EAMBER (non-restraint)  =    -59658.9067
 EKCMT  =      3950.4162  VIRIAL  =      4507.9629  VOLUME     =    151766.9353
                                                    Density    =         1.0407
 ------------------------------------------------------------------------------

wrapping first mol.:       19.40293       27.43988       47.52726
wrapping first mol.:       19.40293       27.43988       47.52726

 NSTEP =     6000   TIME(PS) =    3812.000  TEMP(K) =   300.91  PRESS =  -108.3
 Etot   =    -50045.2510  EKtot   =      9556.8799  EPtot      =    -59602.1309
 BOND   =       406.5615  ANGLE   =      1038.9186  DIHED      =       718.9246
 1-4 NB =       462.2503  1-4 EEL =      5744.5676  VDWAALS    =      6517.8548
 EELEC  =    -74510.6865  EHBOND  =         0.0000  RESTRAINT  =        19.4783
 EAMBER (non-restraint)  =    -59621.6092
 EKCMT  =      4041.0592  VIRIAL  =      4396.1593  VOLUME     =    151826.5020
                                                    Density    =         1.0402
 ------------------------------------------------------------------------------

wrapping first mol.:       19.38897       27.42014       47.49307
wrapping first mol.:       19.38897       27.42014       47.49307

 NSTEP =     6500   TIME(PS) =    3813.000  TEMP(K) =   299.73  PRESS =    45.7
 Etot   =    -50102.0023  EKtot   =      9519.6699  EPtot      =    -59621.6722
 BOND   =       401.4783  ANGLE   =      1059.6495  DIHED      =       728.2801
 1-4 NB =       455.5455  1-4 EEL =      5737.1788  VDWAALS    =      6562.7629
 EELEC  =    -74584.5227  EHBOND  =         0.0000  RESTRAINT  =        17.9553
 EAMBER (non-restraint)  =    -59639.6275
 EKCMT  =      3994.3496  VIRIAL  =      3844.9179  VOLUME     =    151496.9376
                                                    Density    =         1.0425
 ------------------------------------------------------------------------------

wrapping first mol.:       19.39402       27.42729       47.50546
wrapping first mol.:       19.39402       27.42729       47.50546

 NSTEP =     7000   TIME(PS) =    3814.000  TEMP(K) =   300.64  PRESS =    25.4
 Etot   =    -50198.7444  EKtot   =      9548.5146  EPtot      =    -59747.2590
 BOND   =       395.9687  ANGLE   =      1014.3005  DIHED      =       693.5617
 1-4 NB =       451.2998  1-4 EEL =      5761.4251  VDWAALS    =      6673.6685
 EELEC  =    -74757.3768  EHBOND  =         0.0000  RESTRAINT  =        19.8935
 EAMBER (non-restraint)  =    -59767.1525
 EKCMT  =      3991.4671  VIRIAL  =      3908.2734  VOLUME     =    151615.8272
                                                    Density    =         1.0417
 ------------------------------------------------------------------------------

wrapping first mol.:       19.40651       27.44495       47.53604
wrapping first mol.:       19.40651       27.44495       47.53604

 NSTEP =     7500   TIME(PS) =    3815.000  TEMP(K) =   299.14  PRESS =    29.7
 Etot   =    -50551.9175  EKtot   =      9500.7021  EPtot      =    -60052.6197
 BOND   =       388.9005  ANGLE   =       956.8313  DIHED      =       733.0619
 1-4 NB =       451.0927  1-4 EEL =      5754.0855  VDWAALS    =      6812.5134
 EELEC  =    -75166.3802  EHBOND  =         0.0000  RESTRAINT  =        17.2753
 EAMBER (non-restraint)  =    -60069.8949
 EKCMT  =      3974.5238  VIRIAL  =      3877.1728  VOLUME     =    151908.7545
                                                    Density    =         1.0397
 ------------------------------------------------------------------------------

wrapping first mol.:       19.42831       27.47578       47.58945
wrapping first mol.:       19.42831       27.47578       47.58945

 NSTEP =     8000   TIME(PS) =    3816.000  TEMP(K) =   298.11  PRESS =   207.0
 Etot   =    -50526.5660  EKtot   =      9467.9229  EPtot      =    -59994.4888
 BOND   =       386.8657  ANGLE   =      1022.3168  DIHED      =       686.8745
 1-4 NB =       442.5533  1-4 EEL =      5781.8417  VDWAALS    =      6706.5652
 EELEC  =    -75041.8915  EHBOND  =         0.0000  RESTRAINT  =        20.3855
 EAMBER (non-restraint)  =    -60014.8743
 EKCMT  =      3952.4347  VIRIAL  =      3271.3148  VOLUME     =    152418.9682
                                                    Density    =         1.0362
 ------------------------------------------------------------------------------

wrapping first mol.:       19.41614       27.45856       47.55962
wrapping first mol.:       19.41614       27.45856       47.55962

 NSTEP =     8500   TIME(PS) =    3817.000  TEMP(K) =   301.95  PRESS =    39.7
 Etot   =    -50436.7764  EKtot   =      9589.8936  EPtot      =    -60026.6699
 BOND   =       424.3434  ANGLE   =      1010.7115  DIHED      =       702.7080
 1-4 NB =       454.2695  1-4 EEL =      5725.4086  VDWAALS    =      6802.9347
 EELEC  =    -75168.3467  EHBOND  =         0.0000  RESTRAINT  =        21.3011
 EAMBER (non-restraint)  =    -60047.9710
 EKCMT  =      3984.6254  VIRIAL  =      3854.1239  VOLUME     =    152134.8055
                                                    Density    =         1.0381
 ------------------------------------------------------------------------------

wrapping first mol.:       19.41980       27.46375       47.56860
wrapping first mol.:       19.41980       27.46375       47.56860

 NSTEP =     9000   TIME(PS) =    3818.000  TEMP(K) =   297.39  PRESS =   159.6
 Etot   =    -50158.8604  EKtot   =      9445.3057  EPtot      =    -59604.1661
 BOND   =       401.1056  ANGLE   =      1056.3385  DIHED      =       704.8012
 1-4 NB =       440.7500  1-4 EEL =      5712.4312  VDWAALS    =      6742.2774
 EELEC  =    -74677.5657  EHBOND  =         0.0000  RESTRAINT  =        15.6959
 EAMBER (non-restraint)  =    -59619.8620
 EKCMT  =      3956.5529  VIRIAL  =      3432.1459  VOLUME     =    152219.3603
                                                    Density    =         1.0376
 ------------------------------------------------------------------------------

wrapping first mol.:       19.41808       27.46132       47.56439
wrapping first mol.:       19.41808       27.46132       47.56439

 NSTEP =     9500   TIME(PS) =    3819.000  TEMP(K) =   300.41  PRESS =  -324.9
 Etot   =    -50273.3880  EKtot   =      9540.9805  EPtot      =    -59814.3685
 BOND   =       382.4422  ANGLE   =      1042.0677  DIHED      =       724.4663
 1-4 NB =       437.1817  1-4 EEL =      5735.6047  VDWAALS    =      6564.9803
 EELEC  =    -74717.2498  EHBOND  =         0.0000  RESTRAINT  =        16.1385
 EAMBER (non-restraint)  =    -59830.5070
 EKCMT  =      3989.0927  VIRIAL  =      5056.7554  VOLUME     =    152185.5613
                                                    Density    =         1.0378
 ------------------------------------------------------------------------------

wrapping first mol.:       19.41679       27.45949       47.56123
wrapping first mol.:       19.41679       27.45949       47.56123

 NSTEP =    10000   TIME(PS) =    3820.000  TEMP(K) =   299.92  PRESS =   197.7
 Etot   =    -50246.1312  EKtot   =      9525.4395  EPtot      =    -59771.5707
 BOND   =       391.4357  ANGLE   =      1020.1440  DIHED      =       714.9597
 1-4 NB =       457.0203  1-4 EEL =      5740.0662  VDWAALS    =      6701.8173
 EELEC  =    -74811.6349  EHBOND  =         0.0000  RESTRAINT  =        14.6210
 EAMBER (non-restraint)  =    -59786.1917
 EKCMT  =      4003.9567  VIRIAL  =      3354.3348  VOLUME     =    152148.1446
                                                    Density    =         1.0380
 ------------------------------------------------------------------------------

wrapping first mol.:       19.40091       27.43703       47.52233
wrapping first mol.:       19.40091       27.43703       47.52233

 NSTEP =    10500   TIME(PS) =    3821.000  TEMP(K) =   304.75  PRESS =  -195.3
 Etot   =    -50048.5897  EKtot   =      9678.8750  EPtot      =    -59727.4647
 BOND   =       394.1199  ANGLE   =      1073.1915  DIHED      =       699.2842
 1-4 NB =       448.4685  1-4 EEL =      5726.6105  VDWAALS    =      6514.2352
 EELEC  =    -74603.8575  EHBOND  =         0.0000  RESTRAINT  =        20.4830
 EAMBER (non-restraint)  =    -59747.9477
 EKCMT  =      4029.2849  VIRIAL  =      4669.2621  VOLUME     =    151780.4023
                                                    Density    =         1.0406
 ------------------------------------------------------------------------------

wrapping first mol.:       19.42292       27.46816       47.57624
wrapping first mol.:       19.42292       27.46816       47.57624

 NSTEP =    11000   TIME(PS) =    3822.000  TEMP(K) =   302.74  PRESS =    71.4
 Etot   =    -50053.6744  EKtot   =      9615.0283  EPtot      =    -59668.7027
 BOND   =       409.8307  ANGLE   =      1022.9834  DIHED      =       706.9033
 1-4 NB =       454.1257  1-4 EEL =      5752.4121  VDWAALS    =      6641.7655
 EELEC  =    -74673.4906  EHBOND  =         0.0000  RESTRAINT  =        16.7671
 EAMBER (non-restraint)  =    -59685.4698
 EKCMT  =      4082.2642  VIRIAL  =      3847.5138  VOLUME     =    152293.9165
                                                    Density    =         1.0371
 ------------------------------------------------------------------------------

wrapping first mol.:       19.39263       27.42532       47.50205
wrapping first mol.:       19.39263       27.42532       47.50205

 NSTEP =    11500   TIME(PS) =    3823.000  TEMP(K) =   298.08  PRESS =   281.2
 Etot   =    -50288.6532  EKtot   =      9467.1699  EPtot      =    -59755.8232
 BOND   =       389.4678  ANGLE   =      1062.6562  DIHED      =       701.6980
 1-4 NB =       464.8312  1-4 EEL =      5768.1372  VDWAALS    =      6639.6046
 EELEC  =    -74798.5653  EHBOND  =         0.0000  RESTRAINT  =        16.3471
 EAMBER (non-restraint)  =    -59772.1703
 EKCMT  =      3982.0043  VIRIAL  =      3061.7023  VOLUME     =    151579.7051
                                                    Density    =         1.0419
 ------------------------------------------------------------------------------

wrapping first mol.:       19.38359       27.41253       47.47989
wrapping first mol.:       19.38359       27.41253       47.47989

 NSTEP =    12000   TIME(PS) =    3824.000  TEMP(K) =   302.73  PRESS =   210.2
 Etot   =    -50198.6353  EKtot   =      9614.8906  EPtot      =    -59813.5259
 BOND   =       417.8924  ANGLE   =      1031.3542  DIHED      =       724.7457
 1-4 NB =       451.3992  1-4 EEL =      5717.1685  VDWAALS    =      6627.7292
 EELEC  =    -74799.2154  EHBOND  =         0.0000  RESTRAINT  =        15.4003
 EAMBER (non-restraint)  =    -59828.9262
 EKCMT  =      4018.2950  VIRIAL  =      3331.2071  VOLUME     =    151368.6705
                                                    Density    =         1.0434
 ------------------------------------------------------------------------------

wrapping first mol.:       19.38090       27.40873       47.47331
wrapping first mol.:       19.38090       27.40873       47.47331

 NSTEP =    12500   TIME(PS) =    3825.000  TEMP(K) =   302.97  PRESS =    -3.5
 Etot   =    -50052.2029  EKtot   =      9622.3965  EPtot      =    -59674.5994
 BOND   =       392.4067  ANGLE   =      1001.7501  DIHED      =       715.3890
 1-4 NB =       454.2811  1-4 EEL =      5757.6415  VDWAALS    =      6451.2075
 EELEC  =    -74464.7509  EHBOND  =         0.0000  RESTRAINT  =        17.4757
 EAMBER (non-restraint)  =    -59692.0751
 EKCMT  =      4002.0649  VIRIAL  =      4013.3856  VOLUME     =    151308.6545
                                                    Density    =         1.0438
 ------------------------------------------------------------------------------

wrapping first mol.:       19.38894       27.42011       47.49301
wrapping first mol.:       19.38894       27.42011       47.49301

 NSTEP =    13000   TIME(PS) =    3826.000  TEMP(K) =   299.76  PRESS =  -284.6
 Etot   =    -50452.3732  EKtot   =      9520.3086  EPtot      =    -59972.6818
 BOND   =       399.6927  ANGLE   =       998.6127  DIHED      =       705.6828
 1-4 NB =       449.0282  1-4 EEL =      5717.1433  VDWAALS    =      6645.5516
 EELEC  =    -74907.5400  EHBOND  =         0.0000  RESTRAINT  =        19.1470
 EAMBER (non-restraint)  =    -59991.8288
 EKCMT  =      4013.7962  VIRIAL  =      4944.6125  VOLUME     =    151500.9022
                                                    Density    =         1.0425
 ------------------------------------------------------------------------------

wrapping first mol.:       19.38348       27.41238       47.47963
wrapping first mol.:       19.38348       27.41238       47.47963

 NSTEP =    13500   TIME(PS) =    3827.000  TEMP(K) =   296.54  PRESS =  -169.7
 Etot   =    -50560.9132  EKtot   =      9418.1016  EPtot      =    -59979.0148
 BOND   =       366.1882  ANGLE   =      1029.5437  DIHED      =       705.2569
 1-4 NB =       467.8882  1-4 EEL =      5755.2374  VDWAALS    =      6617.9608
 EELEC  =    -74936.6969  EHBOND  =         0.0000  RESTRAINT  =        15.6069
 EAMBER (non-restraint)  =    -59994.6217
 EKCMT  =      3931.5259  VIRIAL  =      4486.0427  VOLUME     =    151371.2955
                                                    Density    =         1.0434
 ------------------------------------------------------------------------------

wrapping first mol.:       19.39230       27.42485       47.50123
wrapping first mol.:       19.39230       27.42485       47.50123

 NSTEP =    14000   TIME(PS) =    3828.000  TEMP(K) =   300.40  PRESS =  -380.9
 Etot   =    -50182.8899  EKtot   =      9540.6973  EPtot      =    -59723.5872
 BOND   =       372.2079  ANGLE   =      1036.1806  DIHED      =       733.3419
 1-4 NB =       464.3451  1-4 EEL =      5781.0306  VDWAALS    =      6396.7776
 EELEC  =    -74526.9235  EHBOND  =         0.0000  RESTRAINT  =        19.4526
 EAMBER (non-restraint)  =    -59743.0398
 EKCMT  =      3977.9353  VIRIAL  =      5224.5966  VOLUME     =    151580.8212
                                                    Density    =         1.0419
 ------------------------------------------------------------------------------

wrapping first mol.:       19.37770       27.40420       47.46546
wrapping first mol.:       19.37770       27.40420       47.46546

 NSTEP =    14500   TIME(PS) =    3829.000  TEMP(K) =   300.30  PRESS =    78.7
 Etot   =    -50428.9744  EKtot   =      9537.6123  EPtot      =    -59966.5867
 BOND   =       413.3174  ANGLE   =       997.2695  DIHED      =       723.6861
 1-4 NB =       441.3418  1-4 EEL =      5739.0782  VDWAALS    =      6633.8008
 EELEC  =    -74935.3760  EHBOND  =         0.0000  RESTRAINT  =        20.2955
 EAMBER (non-restraint)  =    -59986.8822
 EKCMT  =      3985.9943  VIRIAL  =      3728.9823  VOLUME     =    151232.5065
                                                    Density    =         1.0443
 ------------------------------------------------------------------------------

wrapping first mol.:       19.40376       27.44106       47.52931
wrapping first mol.:       19.40376       27.44106       47.52931

 NSTEP =    15000   TIME(PS) =    3830.000  TEMP(K) =   301.22  PRESS =    13.4
 Etot   =    -50174.0764  EKtot   =      9566.8223  EPtot      =    -59740.8987
 BOND   =       430.0119  ANGLE   =      1047.9378  DIHED      =       718.1487
 1-4 NB =       437.3422  1-4 EEL =      5689.5102  VDWAALS    =      6597.6206
 EELEC  =    -74679.5964  EHBOND  =         0.0000  RESTRAINT  =        18.1262
 EAMBER (non-restraint)  =    -59759.0249
 EKCMT  =      3975.4559  VIRIAL  =      3931.4783  VOLUME     =    151844.4897
                                                    Density    =         1.0401
 ------------------------------------------------------------------------------

wrapping first mol.:       19.41495       27.45688       47.55671
wrapping first mol.:       19.41495       27.45688       47.55671

 NSTEP =    15500   TIME(PS) =    3831.000  TEMP(K) =   300.10  PRESS =    20.3
 Etot   =    -50144.1144  EKtot   =      9531.3955  EPtot      =    -59675.5099
 BOND   =       411.2472  ANGLE   =      1047.2563  DIHED      =       728.6547
 1-4 NB =       453.3038  1-4 EEL =      5722.9420  VDWAALS    =      6576.8879
 EELEC  =    -74636.9400  EHBOND  =         0.0000  RESTRAINT  =        21.1381
 EAMBER (non-restraint)  =    -59696.6481
 EKCMT  =      3965.3939  VIRIAL  =      3898.7848  VOLUME     =    152107.1816
                                                    Density    =         1.0383
 ------------------------------------------------------------------------------

wrapping first mol.:       19.40845       27.44770       47.54081
wrapping first mol.:       19.40845       27.44770       47.54081

 NSTEP =    16000   TIME(PS) =    3832.000  TEMP(K) =   303.09  PRESS =    59.5
 Etot   =    -50173.4046  EKtot   =      9626.3027  EPtot      =    -59799.7073
 BOND   =       386.8506  ANGLE   =      1058.6280  DIHED      =       688.4566
 1-4 NB =       457.4061  1-4 EEL =      5761.1548  VDWAALS    =      6663.3015
 EELEC  =    -74834.2487  EHBOND  =         0.0000  RESTRAINT  =        18.7437
 EAMBER (non-restraint)  =    -59818.4510
 EKCMT  =      4009.8101  VIRIAL  =      3814.5356  VOLUME     =    151954.0585
                                                    Density    =         1.0394
 ------------------------------------------------------------------------------

wrapping first mol.:       19.40854       27.44783       47.54102
wrapping first mol.:       19.40854       27.44783       47.54102

 NSTEP =    16500   TIME(PS) =    3833.000  TEMP(K) =   305.78  PRESS =   153.2
 Etot   =    -50166.2024  EKtot   =      9711.7168  EPtot      =    -59877.9192
 BOND   =       401.0535  ANGLE   =      1024.4879  DIHED      =       720.0727
 1-4 NB =       461.6236  1-4 EEL =      5740.9768  VDWAALS    =      6712.6818
 EELEC  =    -74957.9688  EHBOND  =         0.0000  RESTRAINT  =        19.1534
 EAMBER (non-restraint)  =    -59897.0726
 EKCMT  =      4005.4588  VIRIAL  =      3502.8333  VOLUME     =    151954.8878
                                                    Density    =         1.0394
 ------------------------------------------------------------------------------

wrapping first mol.:       19.39725       27.43186       47.51337
wrapping first mol.:       19.39725       27.43186       47.51337

 NSTEP =    17000   TIME(PS) =    3834.000  TEMP(K) =   299.38  PRESS =   -96.5
 Etot   =    -50401.1740  EKtot   =      9508.3525  EPtot      =    -59909.5266
 BOND   =       384.3020  ANGLE   =       993.9651  DIHED      =       694.8327
 1-4 NB =       474.1893  1-4 EEL =      5688.2473  VDWAALS    =      6750.1763
 EELEC  =    -74917.5799  EHBOND  =         0.0000  RESTRAINT  =        22.3407
 EAMBER (non-restraint)  =    -59931.8673
 EKCMT  =      3997.8811  VIRIAL  =      4314.0496  VOLUME     =    151693.2286
                                                    Density    =         1.0412
 ------------------------------------------------------------------------------

wrapping first mol.:       19.40225       27.43893       47.52562
wrapping first mol.:       19.40225       27.43893       47.52562

 NSTEP =    17500   TIME(PS) =    3835.000  TEMP(K) =   296.29  PRESS =   204.0
 Etot   =    -50280.7879  EKtot   =      9410.2021  EPtot      =    -59690.9900
 BOND   =       410.0402  ANGLE   =      1005.7759  DIHED      =       706.9349
 1-4 NB =       466.8424  1-4 EEL =      5769.7625  VDWAALS    =      6740.5814
 EELEC  =    -74812.2107  EHBOND  =         0.0000  RESTRAINT  =        21.2833
 EAMBER (non-restraint)  =    -59712.2734
 EKCMT  =      3935.2714  VIRIAL  =      3266.4782  VOLUME     =    151806.5227
                                                    Density    =         1.0404
 ------------------------------------------------------------------------------

wrapping first mol.:       19.41541       27.45754       47.55784
wrapping first mol.:       19.41541       27.45754       47.55784

 NSTEP =    18000   TIME(PS) =    3836.000  TEMP(K) =   296.93  PRESS =    16.6
 Etot   =    -50174.3664  EKtot   =      9430.6230  EPtot      =    -59604.9894
 BOND   =       417.5000  ANGLE   =      1019.8989  DIHED      =       712.2193
 1-4 NB =       463.7199  1-4 EEL =      5718.5353  VDWAALS    =      6613.5138
 EELEC  =    -74571.4749  EHBOND  =         0.0000  RESTRAINT  =        21.0982
 EAMBER (non-restraint)  =    -59626.0876
 EKCMT  =      3969.4375  VIRIAL  =      3915.0310  VOLUME     =    152118.0649
                                                    Density    =         1.0383
 ------------------------------------------------------------------------------

wrapping first mol.:       19.41378       27.45523       47.55385
wrapping first mol.:       19.41378       27.45523       47.55385

 NSTEP =    18500   TIME(PS) =    3837.000  TEMP(K) =   296.40  PRESS =   127.1
 Etot   =    -50248.2675  EKtot   =      9413.8691  EPtot      =    -59662.1366
 BOND   =       419.6416  ANGLE   =      1013.0867  DIHED      =       699.1550
 1-4 NB =       449.7892  1-4 EEL =      5716.6716  VDWAALS    =      6724.5030
 EELEC  =    -74705.9864  EHBOND  =         0.0000  RESTRAINT  =        21.0027
 EAMBER (non-restraint)  =    -59683.1393
 EKCMT  =      3971.1762  VIRIAL  =      3553.8284  VOLUME     =    152078.2496
                                                    Density    =         1.0385
 ------------------------------------------------------------------------------

wrapping first mol.:       19.41116       27.45153       47.54744
wrapping first mol.:       19.41116       27.45153       47.54744

 NSTEP =    19000   TIME(PS) =    3838.000  TEMP(K) =   304.22  PRESS =   665.8
 Etot   =    -49965.2371  EKtot   =      9662.2012  EPtot      =    -59627.4382
 BOND   =       401.0697  ANGLE   =      1020.8897  DIHED      =       696.2888
 1-4 NB =       443.3920  1-4 EEL =      5709.7588  VDWAALS    =      6639.5078
 EELEC  =    -74556.6768  EHBOND  =         0.0000  RESTRAINT  =        18.3318
 EAMBER (non-restraint)  =    -59645.7700
 EKCMT  =      4011.2492  VIRIAL  =      1826.1524  VOLUME     =    152009.4924
                                                    Density    =         1.0390
 ------------------------------------------------------------------------------

wrapping first mol.:       19.40093       27.43706       47.52237
wrapping first mol.:       19.40093       27.43706       47.52237

 NSTEP =    19500   TIME(PS) =    3839.000  TEMP(K) =   301.23  PRESS =   237.1
 Etot   =    -50322.6716  EKtot   =      9567.1514  EPtot      =    -59889.8230
 BOND   =       384.0171  ANGLE   =       994.3343  DIHED      =       707.5729
 1-4 NB =       450.3251  1-4 EEL =      5787.3736  VDWAALS    =      6671.1750
 EELEC  =    -74903.4565  EHBOND  =         0.0000  RESTRAINT  =        18.8355
 EAMBER (non-restraint)  =    -59908.6585
 EKCMT  =      4066.5788  VIRIAL  =      3289.6296  VOLUME     =    151774.9496
                                                    Density    =         1.0406
 ------------------------------------------------------------------------------

wrapping first mol.:       19.40528       27.44322       47.53304
wrapping first mol.:       19.40528       27.44322       47.53304

 NSTEP =    20000   TIME(PS) =    3840.000  TEMP(K) =   303.75  PRESS =   519.8
 Etot   =    -49958.5180  EKtot   =      9647.0508  EPtot      =    -59605.5688
 BOND   =       386.3154  ANGLE   =      1058.6982  DIHED      =       703.5147
 1-4 NB =       449.3226  1-4 EEL =      5722.3847  VDWAALS    =      6780.1796
 EELEC  =    -74723.1030  EHBOND  =         0.0000  RESTRAINT  =        17.1191
 EAMBER (non-restraint)  =    -59622.6879
 EKCMT  =      4016.3884  VIRIAL  =      2311.7638  VOLUME     =    151873.3657
                                                    Density    =         1.0399
 ------------------------------------------------------------------------------

wrapping first mol.:       19.43309       27.48255       47.60116
wrapping first mol.:       19.43309       27.48255       47.60116

 NSTEP =    20500   TIME(PS) =    3841.000  TEMP(K) =   301.22  PRESS =    85.7
 Etot   =    -50234.1998  EKtot   =      9566.9453  EPtot      =    -59801.1451
 BOND   =       442.4907  ANGLE   =      1022.4283  DIHED      =       706.0816
 1-4 NB =       452.7750  1-4 EEL =      5756.8775  VDWAALS    =      6843.1486
 EELEC  =    -75044.5217  EHBOND  =         0.0000  RESTRAINT  =        19.5749
 EAMBER (non-restraint)  =    -59820.7200
 EKCMT  =      4052.0793  VIRIAL  =      3769.7202  VOLUME     =    152533.1745
                                                    Density    =         1.0354
 ------------------------------------------------------------------------------

wrapping first mol.:       19.42923       27.47708       47.59170
wrapping first mol.:       19.42923       27.47708       47.59170

 NSTEP =    21000   TIME(PS) =    3842.000  TEMP(K) =   293.32  PRESS =  -133.8
 Etot   =    -50706.8169  EKtot   =      9316.0352  EPtot      =    -60022.8520
 BOND   =       391.9082  ANGLE   =      1000.9251  DIHED      =       693.8771
 1-4 NB =       456.6711  1-4 EEL =      5772.2785  VDWAALS    =      6703.4889
 EELEC  =    -75061.7145  EHBOND  =         0.0000  RESTRAINT  =        19.7136
 EAMBER (non-restraint)  =    -60042.5656
 EKCMT  =      3917.6727  VIRIAL  =      4358.0509  VOLUME     =    152445.2004
                                                    Density    =         1.0360
 ------------------------------------------------------------------------------

wrapping first mol.:       19.40676       27.44531       47.53667
wrapping first mol.:       19.40676       27.44531       47.53667

 NSTEP =    21500   TIME(PS) =    3843.000  TEMP(K) =   304.83  PRESS =    13.0
 Etot   =    -50151.0671  EKtot   =      9681.5781  EPtot      =    -59832.6452
 BOND   =       382.2628  ANGLE   =      1010.9798  DIHED      =       714.7590
 1-4 NB =       456.0152  1-4 EEL =      5690.9894  VDWAALS    =      6411.7007
 EELEC  =    -74522.2671  EHBOND  =         0.0000  RESTRAINT  =        22.9151
 EAMBER (non-restraint)  =    -59855.5603
 EKCMT  =      4021.5481  VIRIAL  =      3979.0556  VOLUME     =    151915.0012
                                                    Density    =         1.0396
 ------------------------------------------------------------------------------

wrapping first mol.:       19.40633       27.44470       47.53561
wrapping first mol.:       19.40633       27.44470       47.53561

 NSTEP =    22000   TIME(PS) =    3844.000  TEMP(K) =   300.26  PRESS =   -43.6
 Etot   =    -50111.7184  EKtot   =      9536.1875  EPtot      =    -59647.9059
 BOND   =       408.4345  ANGLE   =      1025.0255  DIHED      =       728.1809
 1-4 NB =       442.4649  1-4 EEL =      5736.7271  VDWAALS    =      6436.5427
 EELEC  =    -74447.6656  EHBOND  =         0.0000  RESTRAINT  =        22.3840
 EAMBER (non-restraint)  =    -59670.2899
 EKCMT  =      3996.0617  VIRIAL  =      4139.2051  VOLUME     =    151905.6055
                                                    Density    =         1.0397
 ------------------------------------------------------------------------------

wrapping first mol.:       19.40808       27.44716       47.53988
wrapping first mol.:       19.40808       27.44716       47.53988

 NSTEP =    22500   TIME(PS) =    3845.000  TEMP(K) =   299.02  PRESS =  -159.1
 Etot   =    -50432.0076  EKtot   =      9497.0049  EPtot      =    -59929.0125
 BOND   =       419.7299  ANGLE   =      1000.8269  DIHED      =       685.0786
 1-4 NB =       459.1624  1-4 EEL =      5757.2652  VDWAALS    =      6764.6525
 EELEC  =    -75036.6379  EHBOND  =         0.0000  RESTRAINT  =        20.9099
 EAMBER (non-restraint)  =    -59949.9224
 EKCMT  =      3902.5639  VIRIAL  =      4424.4024  VOLUME     =    151948.1162
                                                    Density    =         1.0394
 ------------------------------------------------------------------------------

wrapping first mol.:       19.44048       27.49300       47.61926
wrapping first mol.:       19.44048       27.49300       47.61926

 NSTEP =    23000   TIME(PS) =    3846.000  TEMP(K) =   300.23  PRESS =    -7.4
 Etot   =    -50303.0816  EKtot   =      9535.5293  EPtot      =    -59838.6109
 BOND   =       395.0756  ANGLE   =       993.0468  DIHED      =       698.8322
 1-4 NB =       459.8912  1-4 EEL =      5762.3959  VDWAALS    =      6885.0764
 EELEC  =    -75049.9695  EHBOND  =         0.0000  RESTRAINT  =        17.0404
 EAMBER (non-restraint)  =    -59855.6513
 EKCMT  =      3936.2051  VIRIAL  =      3960.6379  VOLUME     =    152708.5245
                                                    Density    =         1.0342
 ------------------------------------------------------------------------------

wrapping first mol.:       19.43513       27.48543       47.60615
wrapping first mol.:       19.43513       27.48543       47.60615

 NSTEP =    23500   TIME(PS) =    3847.000  TEMP(K) =   299.05  PRESS =   234.1
 Etot   =    -50307.6447  EKtot   =      9498.0391  EPtot      =    -59805.6838
 BOND   =       358.8555  ANGLE   =      1035.8893  DIHED      =       706.1326
 1-4 NB =       459.6817  1-4 EEL =      5732.5133  VDWAALS    =      6797.5324
 EELEC  =    -74916.4541  EHBOND  =         0.0000  RESTRAINT  =        20.1654
 EAMBER (non-restraint)  =    -59825.8493
 EKCMT  =      4006.6273  VIRIAL  =      3235.4753  VOLUME     =    152579.1625
                                                    Density    =         1.0351
 ------------------------------------------------------------------------------

wrapping first mol.:       19.42828       27.47574       47.58937
wrapping first mol.:       19.42828       27.47574       47.58937

 NSTEP =    24000   TIME(PS) =    3848.000  TEMP(K) =   301.14  PRESS =  -160.2
 Etot   =    -50207.7045  EKtot   =      9564.2744  EPtot      =    -59771.9789
 BOND   =       385.0979  ANGLE   =      1031.9447  DIHED      =       716.8545
 1-4 NB =       454.6303  1-4 EEL =      5796.8551  VDWAALS    =      6645.3768
 EELEC  =    -74821.4201  EHBOND  =         0.0000  RESTRAINT  =        18.6818
 EAMBER (non-restraint)  =    -59790.6608
 EKCMT  =      4008.4043  VIRIAL  =      4535.6039  VOLUME     =    152423.2431
                                                    Density    =         1.0362
 ------------------------------------------------------------------------------

wrapping first mol.:       19.43107       27.47969       47.59621
wrapping first mol.:       19.43107       27.47969       47.59621

 NSTEP =    24500   TIME(PS) =    3849.000  TEMP(K) =   301.42  PRESS =   -61.2
 Etot   =    -50025.4989  EKtot   =      9573.2910  EPtot      =    -59598.7899
 BOND   =       414.3122  ANGLE   =      1074.7435  DIHED      =       709.4648
 1-4 NB =       454.1640  1-4 EEL =      5696.8161  VDWAALS    =      6639.3920
 EELEC  =    -74605.2286  EHBOND  =         0.0000  RESTRAINT  =        17.5461
 EAMBER (non-restraint)  =    -59616.3360
 EKCMT  =      3988.3118  VIRIAL  =      4189.7013  VOLUME     =    152487.6068
                                                    Density    =         1.0357
 ------------------------------------------------------------------------------

wrapping first mol.:       19.43161       27.48045       47.59753
wrapping first mol.:       19.43161       27.48045       47.59753

 NSTEP =    25000   TIME(PS) =    3850.000  TEMP(K) =   300.49  PRESS =    82.9
 Etot   =    -50238.2470  EKtot   =      9543.6045  EPtot      =    -59781.8515
 BOND   =       414.0983  ANGLE   =      1091.1181  DIHED      =       735.8616
 1-4 NB =       439.0550  1-4 EEL =      5724.0856  VDWAALS    =      6700.6460
 EELEC  =    -74903.4160  EHBOND  =         0.0000  RESTRAINT  =        16.6997
 EAMBER (non-restraint)  =    -59798.5513
 EKCMT  =      3934.0869  VIRIAL  =      3661.1277  VOLUME     =    152498.3303
                                                    Density    =         1.0357
 ------------------------------------------------------------------------------

wrapping first mol.:       19.42522       27.47140       47.58186
wrapping first mol.:       19.42522       27.47140       47.58186

 NSTEP =    25500   TIME(PS) =    3851.000  TEMP(K) =   298.49  PRESS =    70.1
 Etot   =    -50222.9530  EKtot   =      9480.1875  EPtot      =    -59703.1405
 BOND   =       405.5260  ANGLE   =      1061.4243  DIHED      =       750.0363
 1-4 NB =       444.0411  1-4 EEL =      5764.6265  VDWAALS    =      6674.2364
 EELEC  =    -74821.5657  EHBOND  =         0.0000  RESTRAINT  =        18.5346
 EAMBER (non-restraint)  =    -59721.6751
 EKCMT  =      3932.1353  VIRIAL  =      3701.5344  VOLUME     =    152347.9425
                                                    Density    =         1.0367
 ------------------------------------------------------------------------------

wrapping first mol.:       19.40632       27.44469       47.53559
wrapping first mol.:       19.40632       27.44469       47.53559

 NSTEP =    26000   TIME(PS) =    3852.000  TEMP(K) =   301.36  PRESS =  -112.0
 Etot   =    -50219.1717  EKtot   =      9571.2949  EPtot      =    -59790.4666
 BOND   =       401.5909  ANGLE   =      1044.9142  DIHED      =       716.4389
 1-4 NB =       453.5727  1-4 EEL =      5752.0394  VDWAALS    =      6601.7675
 EELEC  =    -74777.3140  EHBOND  =         0.0000  RESTRAINT  =        16.5237
 EAMBER (non-restraint)  =    -59806.9904
 EKCMT  =      4020.9667  VIRIAL  =      4388.4090  VOLUME     =    151906.3496
                                                    Density    =         1.0397
 ------------------------------------------------------------------------------

wrapping first mol.:       19.42016       27.46425       47.56947
wrapping first mol.:       19.42016       27.46425       47.56947

 NSTEP =    26500   TIME(PS) =    3853.000  TEMP(K) =   301.08  PRESS =   165.2
 Etot   =    -50223.2023  EKtot   =      9562.5293  EPtot      =    -59785.7316
 BOND   =       369.9263  ANGLE   =      1025.3738  DIHED      =       692.5128
 1-4 NB =       451.6663  1-4 EEL =      5734.8359  VDWAALS    =      6537.4861
 EELEC  =    -74615.2746  EHBOND  =         0.0000  RESTRAINT  =        17.7417
 EAMBER (non-restraint)  =    -59803.4733
 EKCMT  =      3999.6654  VIRIAL  =      3456.6451  VOLUME     =    152227.6127
                                                    Density    =         1.0375
 ------------------------------------------------------------------------------

wrapping first mol.:       19.41167       27.45225       47.54868
wrapping first mol.:       19.41167       27.45225       47.54868

 NSTEP =    27000   TIME(PS) =    3854.000  TEMP(K) =   299.78  PRESS =    81.2
 Etot   =    -50093.7713  EKtot   =      9521.1006  EPtot      =    -59614.8719
 BOND   =       369.3571  ANGLE   =      1062.4598  DIHED      =       721.0552
 1-4 NB =       453.1569  1-4 EEL =      5778.2846  VDWAALS    =      6435.8323
 EELEC  =    -74453.0878  EHBOND  =         0.0000  RESTRAINT  =        18.0701
 EAMBER (non-restraint)  =    -59632.9420
 EKCMT  =      3953.3976  VIRIAL  =      3686.9413  VOLUME     =    152029.3085
                                                    Density    =         1.0389
 ------------------------------------------------------------------------------

wrapping first mol.:       19.42817       27.47558       47.58909
wrapping first mol.:       19.42817       27.47558       47.58909

 NSTEP =    27500   TIME(PS) =    3855.000  TEMP(K) =   300.94  PRESS =   293.0
 Etot   =    -49941.6379  EKtot   =      9558.0967  EPtot      =    -59499.7345
 BOND   =       413.5096  ANGLE   =      1050.6415  DIHED      =       726.6217
 1-4 NB =       455.8174  1-4 EEL =      5727.2951  VDWAALS    =      6665.8965
 EELEC  =    -74557.1539  EHBOND  =         0.0000  RESTRAINT  =        17.6374
 EAMBER (non-restraint)  =    -59517.3720
 EKCMT  =      3968.4959  VIRIAL  =      3004.2676  VOLUME     =    152414.3815
                                                    Density    =         1.0362
 ------------------------------------------------------------------------------

wrapping first mol.:       19.42338       27.46881       47.57737
wrapping first mol.:       19.42338       27.46881       47.57737

 NSTEP =    28000   TIME(PS) =    3856.000  TEMP(K) =   301.21  PRESS =  -266.4
 Etot   =    -50140.5789  EKtot   =      9566.6123  EPtot      =    -59707.1912
 BOND   =       413.7047  ANGLE   =      1053.3748  DIHED      =       700.3822
 1-4 NB =       440.6144  1-4 EEL =      5695.8665  VDWAALS    =      6636.7534
 EELEC  =    -74663.7795  EHBOND  =         0.0000  RESTRAINT  =        15.8923
 EAMBER (non-restraint)  =    -59723.0835
 EKCMT  =      4009.5263  VIRIAL  =      4885.4972  VOLUME     =    152309.3331
                                                    Density    =         1.0369
 ------------------------------------------------------------------------------

wrapping first mol.:       19.42390       27.46954       47.57864
wrapping first mol.:       19.42390       27.46954       47.57864

 NSTEP =    28500   TIME(PS) =    3857.000  TEMP(K) =   303.02  PRESS =  -315.6
 Etot   =    -50170.4582  EKtot   =      9623.9502  EPtot      =    -59794.4084
 BOND   =       390.9464  ANGLE   =      1015.2972  DIHED      =       705.2037
 1-4 NB =       465.3869  1-4 EEL =      5714.1089  VDWAALS    =      6454.0889
 EELEC  =    -74555.5154  EHBOND  =         0.0000  RESTRAINT  =        16.0750
 EAMBER (non-restraint)  =    -59810.4834
 EKCMT  =      4071.0924  VIRIAL  =      5109.0728  VOLUME     =    152322.2276
                                                    Density    =         1.0369
 ------------------------------------------------------------------------------

wrapping first mol.:       19.41005       27.44995       47.54471
wrapping first mol.:       19.41005       27.44995       47.54471

 NSTEP =    29000   TIME(PS) =    3858.000  TEMP(K) =   303.02  PRESS =  -149.6
 Etot   =    -49901.4382  EKtot   =      9624.1387  EPtot      =    -59525.5769
 BOND   =       407.6118  ANGLE   =      1033.7588  DIHED      =       726.2202
 1-4 NB =       457.0848  1-4 EEL =      5802.9317  VDWAALS    =      6479.7561
 EELEC  =    -74449.8506  EHBOND  =         0.0000  RESTRAINT  =        16.9104
 EAMBER (non-restraint)  =    -59542.4873
 EKCMT  =      3990.2475  VIRIAL  =      4481.2059  VOLUME     =    151994.3089
                                                    Density    =         1.0391
 ------------------------------------------------------------------------------

wrapping first mol.:       19.39806       27.43300       47.51534
wrapping first mol.:       19.39806       27.43300       47.51534

 NSTEP =    29500   TIME(PS) =    3859.000  TEMP(K) =   300.95  PRESS =   -83.5
 Etot   =    -50164.4622  EKtot   =      9558.1016  EPtot      =    -59722.5638
 BOND   =       352.9877  ANGLE   =      1036.4847  DIHED      =       688.1774
 1-4 NB =       468.6377  1-4 EEL =      5728.8703  VDWAALS    =      6503.6865
 EELEC  =    -74516.9917  EHBOND  =         0.0000  RESTRAINT  =        15.5835
 EAMBER (non-restraint)  =    -59738.1473
 EKCMT  =      4007.7354  VIRIAL  =      4281.0928  VOLUME     =    151711.9512
                                                    Density    =         1.0410
 ------------------------------------------------------------------------------

wrapping first mol.:       19.39618       27.43034       47.51073
wrapping first mol.:       19.39618       27.43034       47.51073

 NSTEP =    30000   TIME(PS) =    3860.000  TEMP(K) =   301.25  PRESS =    85.8
 Etot   =    -50224.2690  EKtot   =      9567.8691  EPtot      =    -59792.1381
 BOND   =       396.3507  ANGLE   =      1019.9387  DIHED      =       721.4587
 1-4 NB =       441.5836  1-4 EEL =      5716.0855  VDWAALS    =      6624.9274
 EELEC  =    -74733.4352  EHBOND  =         0.0000  RESTRAINT  =        20.9525
 EAMBER (non-restraint)  =    -59813.0906
 EKCMT  =      4016.8718  VIRIAL  =      3735.8288  VOLUME     =    151665.5112
                                                    Density    =         1.0414
 ------------------------------------------------------------------------------

wrapping first mol.:       19.39861       27.43378       47.51670
wrapping first mol.:       19.39861       27.43378       47.51670

 NSTEP =    30500   TIME(PS) =    3861.000  TEMP(K) =   295.89  PRESS =    31.7
 Etot   =    -50203.9254  EKtot   =      9397.5791  EPtot      =    -59601.5045
 BOND   =       377.6591  ANGLE   =      1017.7399  DIHED      =       692.0537
 1-4 NB =       465.1985  1-4 EEL =      5776.4857  VDWAALS    =      6589.0252
 EELEC  =    -74538.0081  EHBOND  =         0.0000  RESTRAINT  =        18.3416
 EAMBER (non-restraint)  =    -59619.8460
 EKCMT  =      3935.6669  VIRIAL  =      3831.9678  VOLUME     =    151723.3906
                                                    Density    =         1.0410
 ------------------------------------------------------------------------------

wrapping first mol.:       19.39498       27.42864       47.50780
wrapping first mol.:       19.39498       27.42864       47.50780

 NSTEP =    31000   TIME(PS) =    3862.000  TEMP(K) =   299.73  PRESS =   101.7
 Etot   =    -50134.8227  EKtot   =      9519.6621  EPtot      =    -59654.4848
 BOND   =       380.0939  ANGLE   =       989.1046  DIHED      =       696.4653
 1-4 NB =       445.2102  1-4 EEL =      5726.2058  VDWAALS    =      6604.4195
 EELEC  =    -74513.8350  EHBOND  =         0.0000  RESTRAINT  =        17.8509
 EAMBER (non-restraint)  =    -59672.3358
 EKCMT  =      4017.0268  VIRIAL  =      3684.1345  VOLUME     =    151637.1914
                                                    Density    =         1.0415
 ------------------------------------------------------------------------------

wrapping first mol.:       19.39321       27.42614       47.50346
wrapping first mol.:       19.39321       27.42614       47.50346

 NSTEP =    31500   TIME(PS) =    3863.000  TEMP(K) =   300.71  PRESS =  -323.7
 Etot   =    -50293.1002  EKtot   =      9550.5322  EPtot      =    -59843.6325
 BOND   =       394.7177  ANGLE   =      1014.2976  DIHED      =       730.3891
 1-4 NB =       461.9153  1-4 EEL =      5760.9839  VDWAALS    =      6499.5568
 EELEC  =    -74722.8357  EHBOND  =         0.0000  RESTRAINT  =        17.3428
 EAMBER (non-restraint)  =    -59860.9753
 EKCMT  =      4039.5901  VIRIAL  =      5099.0849  VOLUME     =    151601.3889
                                                    Density    =         1.0418
 ------------------------------------------------------------------------------

wrapping first mol.:       19.38003       27.40750       47.47118
wrapping first mol.:       19.38003       27.40750       47.47118

 NSTEP =    32000   TIME(PS) =    3864.000  TEMP(K) =   298.74  PRESS =  -261.1
 Etot   =    -50276.7393  EKtot   =      9488.0186  EPtot      =    -59764.7578
 BOND   =       402.2222  ANGLE   =      1047.4815  DIHED      =       721.9968
 1-4 NB =       440.9700  1-4 EEL =      5758.9483  VDWAALS    =      6454.2575
 EELEC  =    -74612.0340  EHBOND  =         0.0000  RESTRAINT  =        21.3999
 EAMBER (non-restraint)  =    -59786.1577
 EKCMT  =      3971.7886  VIRIAL  =      4824.8360  VOLUME     =    151291.7133
                                                    Density    =         1.0439
 ------------------------------------------------------------------------------

wrapping first mol.:       19.39903       27.43437       47.51772
wrapping first mol.:       19.39903       27.43437       47.51772

 NSTEP =    32500   TIME(PS) =    3865.000  TEMP(K) =   298.23  PRESS =   249.9
 Etot   =    -50352.3693  EKtot   =      9471.8359  EPtot      =    -59824.2053
 BOND   =       411.2728  ANGLE   =       987.8646  DIHED      =       707.5520
 1-4 NB =       462.6479  1-4 EEL =      5763.6952  VDWAALS    =      6648.5958
 EELEC  =    -74824.3981  EHBOND  =         0.0000  RESTRAINT  =        18.5647
 EAMBER (non-restraint)  =    -59842.7699
 EKCMT  =      3974.6317  VIRIAL  =      3156.0124  VOLUME     =    151730.1910
                                                    Density    =         1.0409
 ------------------------------------------------------------------------------

wrapping first mol.:       19.39931       27.43477       47.51841
wrapping first mol.:       19.39931       27.43477       47.51841

 NSTEP =    33000   TIME(PS) =    3866.000  TEMP(K) =   296.45  PRESS =   -80.5
 Etot   =    -50530.3302  EKtot   =      9415.2559  EPtot      =    -59945.5861
 BOND   =       411.7488  ANGLE   =      1008.8204  DIHED      =       704.5609
 1-4 NB =       455.3464  1-4 EEL =      5753.8721  VDWAALS    =      6602.8374
 EELEC  =    -74903.7473  EHBOND  =         0.0000  RESTRAINT  =        20.9753
 EAMBER (non-restraint)  =    -59966.5613
 EKCMT  =      3951.4919  VIRIAL  =      4215.2838  VOLUME     =    151741.3347
                                                    Density    =         1.0408
 ------------------------------------------------------------------------------

wrapping first mol.:       19.39722       27.43181       47.51328
wrapping first mol.:       19.39722       27.43181       47.51328

 NSTEP =    33500   TIME(PS) =    3867.000  TEMP(K) =   293.52  PRESS =  -170.1
 Etot   =    -50704.8181  EKtot   =      9322.3613  EPtot      =    -60027.1794
 BOND   =       405.4992  ANGLE   =      1048.2184  DIHED      =       704.7977
 1-4 NB =       454.4011  1-4 EEL =      5763.6184  VDWAALS    =      6590.7277
 EELEC  =    -75017.9546  EHBOND  =         0.0000  RESTRAINT  =        23.5127
 EAMBER (non-restraint)  =    -60050.6921
 EKCMT  =      3893.2140  VIRIAL  =      4450.2087  VOLUME     =    151693.3767
                                                    Density    =         1.0412
 ------------------------------------------------------------------------------

wrapping first mol.:       19.40278       27.43968       47.52691
wrapping first mol.:       19.40278       27.43968       47.52691

 NSTEP =    34000   TIME(PS) =    3868.000  TEMP(K) =   299.80  PRESS =   -73.4
 Etot   =    -50340.5732  EKtot   =      9521.7334  EPtot      =    -59862.3066
 BOND   =       363.5337  ANGLE   =      1025.4510  DIHED      =       704.8673
 1-4 NB =       472.7380  1-4 EEL =      5728.1810  VDWAALS    =      6598.3656
 EELEC  =    -74776.6375  EHBOND  =         0.0000  RESTRAINT  =        21.1943
 EAMBER (non-restraint)  =    -59883.5008
 EKCMT  =      3972.5407  VIRIAL  =      4213.2599  VOLUME     =    151822.6730
                                                    Density    =         1.0403
 ------------------------------------------------------------------------------

wrapping first mol.:       19.40716       27.44587       47.53764
wrapping first mol.:       19.40716       27.44587       47.53764

 NSTEP =    34500   TIME(PS) =    3869.000  TEMP(K) =   299.89  PRESS =  -101.1
 Etot   =    -50076.4759  EKtot   =      9524.7363  EPtot      =    -59601.2122
 BOND   =       402.9380  ANGLE   =      1042.4203  DIHED      =       697.5591
 1-4 NB =       445.5748  1-4 EEL =      5740.3353  VDWAALS    =      6678.7784
 EELEC  =    -74628.5020  EHBOND  =         0.0000  RESTRAINT  =        19.6837
 EAMBER (non-restraint)  =    -59620.8959
 EKCMT  =      4019.0085  VIRIAL  =      4350.7248  VOLUME     =    151925.9199
                                                    Density    =         1.0396
 ------------------------------------------------------------------------------

wrapping first mol.:       19.37865       27.40555       47.46780
wrapping first mol.:       19.37865       27.40555       47.46780

 NSTEP =    35000   TIME(PS) =    3870.000  TEMP(K) =   300.16  PRESS =  -112.8
 Etot   =    -50154.3973  EKtot   =      9533.1045  EPtot      =    -59687.5018
 BOND   =       397.7347  ANGLE   =      1090.2248  DIHED      =       713.0181
 1-4 NB =       455.3473  1-4 EEL =      5694.7477  VDWAALS    =      6478.2127
 EELEC  =    -74535.2527  EHBOND  =         0.0000  RESTRAINT  =        18.4656
 EAMBER (non-restraint)  =    -59705.9674
 EKCMT  =      4072.5172  VIRIAL  =      4440.9133  VOLUME     =    151257.4625
                                                    Density    =         1.0442
 ------------------------------------------------------------------------------

wrapping first mol.:       19.38794       27.41868       47.49055
wrapping first mol.:       19.38794       27.41868       47.49055

 NSTEP =    35500   TIME(PS) =    3871.000  TEMP(K) =   299.70  PRESS =   261.4
 Etot   =    -49977.8651  EKtot   =      9518.4541  EPtot      =    -59496.3192
 BOND   =       416.1411  ANGLE   =      1017.0310  DIHED      =       705.1114
 1-4 NB =       442.8453  1-4 EEL =      5732.0572  VDWAALS    =      6711.4541
 EELEC  =    -74540.3321  EHBOND  =         0.0000  RESTRAINT  =        19.3727
 EAMBER (non-restraint)  =    -59515.6919
 EKCMT  =      3950.4972  VIRIAL  =      3095.5378  VOLUME     =    151469.9212
                                                    Density    =         1.0427
 ------------------------------------------------------------------------------

wrapping first mol.:       19.37095       27.39466       47.44893
wrapping first mol.:       19.37095       27.39466       47.44893

 NSTEP =    36000   TIME(PS) =    3872.000  TEMP(K) =   297.27  PRESS =    50.0
 Etot   =    -50188.5942  EKtot   =      9441.3037  EPtot      =    -59629.8979
 BOND   =       386.4961  ANGLE   =      1037.8140  DIHED      =       703.1190
 1-4 NB =       451.0577  1-4 EEL =      5739.6533  VDWAALS    =      6456.0494
 EELEC  =    -74423.1431  EHBOND  =         0.0000  RESTRAINT  =        19.0556
 EAMBER (non-restraint)  =    -59648.9536
 EKCMT  =      3874.4896  VIRIAL  =      3711.4636  VOLUME     =    151074.9277
                                                    Density    =         1.0454
 ------------------------------------------------------------------------------

wrapping first mol.:       19.36180       27.38172       47.42652
wrapping first mol.:       19.36180       27.38172       47.42652

 NSTEP =    36500   TIME(PS) =    3873.000  TEMP(K) =   300.45  PRESS =  -114.4
 Etot   =    -50002.1477  EKtot   =      9542.3467  EPtot      =    -59544.4944
 BOND   =       415.7814  ANGLE   =      1054.7272  DIHED      =       721.3212
 1-4 NB =       445.6555  1-4 EEL =      5726.6977  VDWAALS    =      6369.0432
 EELEC  =    -74295.3456  EHBOND  =         0.0000  RESTRAINT  =        17.6250
 EAMBER (non-restraint)  =    -59562.1194
 EKCMT  =      3970.3018  VIRIAL  =      4342.9130  VOLUME     =    150863.1797
                                                    Density    =         1.0469
 ------------------------------------------------------------------------------

wrapping first mol.:       19.39653       27.43083       47.51160
wrapping first mol.:       19.39653       27.43083       47.51160

 NSTEP =    37000   TIME(PS) =    3874.000  TEMP(K) =   299.63  PRESS =    21.0
 Etot   =    -50227.6282  EKtot   =      9516.4375  EPtot      =    -59744.0657
 BOND   =       400.4159  ANGLE   =      1022.5698  DIHED      =       694.6457
 1-4 NB =       453.0904  1-4 EEL =      5709.4143  VDWAALS    =      6455.8506
 EELEC  =    -74499.2007  EHBOND  =         0.0000  RESTRAINT  =        19.1483
 EAMBER (non-restraint)  =    -59763.2140
 EKCMT  =      3965.4749  VIRIAL  =      3896.7897  VOLUME     =    151674.6588
                                                    Density    =         1.0413
 ------------------------------------------------------------------------------

wrapping first mol.:       19.39476       27.42833       47.50725
wrapping first mol.:       19.39476       27.42833       47.50725

 NSTEP =    37500   TIME(PS) =    3875.000  TEMP(K) =   297.76  PRESS =   -82.2
 Etot   =    -50180.6621  EKtot   =      9456.9365  EPtot      =    -59637.5987
 BOND   =       383.6198  ANGLE   =      1052.7375  DIHED      =       713.4598
 1-4 NB =       472.3590  1-4 EEL =      5738.9728  VDWAALS    =      6545.3797
 EELEC  =    -74560.3189  EHBOND  =         0.0000  RESTRAINT  =        16.1916
 EAMBER (non-restraint)  =    -59653.7903
 EKCMT  =      3937.5342  VIRIAL  =      4206.6462  VOLUME     =    151634.4327
                                                    Density    =         1.0416
 ------------------------------------------------------------------------------

wrapping first mol.:       19.38635       27.41644       47.48667
wrapping first mol.:       19.38635       27.41644       47.48667

 NSTEP =    38000   TIME(PS) =    3876.000  TEMP(K) =   298.74  PRESS =  -447.5
 Etot   =    -50158.5741  EKtot   =      9488.0996  EPtot      =    -59646.6737
 BOND   =       389.8577  ANGLE   =      1039.9084  DIHED      =       709.4387
 1-4 NB =       455.4028  1-4 EEL =      5777.0526  VDWAALS    =      6411.3000
 EELEC  =    -74447.6459  EHBOND  =         0.0000  RESTRAINT  =        18.0123
 EAMBER (non-restraint)  =    -59664.6860
 EKCMT  =      3997.4547  VIRIAL  =      5460.7648  VOLUME     =    151442.4134
                                                    Density    =         1.0429
 ------------------------------------------------------------------------------

wrapping first mol.:       19.37223       27.39647       47.45208
wrapping first mol.:       19.37223       27.39647       47.45208

 NSTEP =    38500   TIME(PS) =    3877.000  TEMP(K) =   301.95  PRESS =    69.3
 Etot   =    -50088.0408  EKtot   =      9589.9043  EPtot      =    -59677.9451
 BOND   =       413.1351  ANGLE   =      1016.1046  DIHED      =       716.0525
 1-4 NB =       452.3977  1-4 EEL =      5778.5528  VDWAALS    =      6595.2706
 EELEC  =    -74666.7123  EHBOND  =         0.0000  RESTRAINT  =        17.2540
 EAMBER (non-restraint)  =    -59695.1991
 EKCMT  =      4007.4712  VIRIAL  =      3781.3888  VOLUME     =    151104.7540
                                                    Density    =         1.0452
 ------------------------------------------------------------------------------

wrapping first mol.:       19.36342       27.38401       47.43049
wrapping first mol.:       19.36342       27.38401       47.43049

 NSTEP =    39000   TIME(PS) =    3878.000  TEMP(K) =   299.82  PRESS =   177.8
 Etot   =    -50087.4925  EKtot   =      9522.3301  EPtot      =    -59609.8226
 BOND   =       381.0669  ANGLE   =      1027.9851  DIHED      =       710.7653
 1-4 NB =       461.1582  1-4 EEL =      5734.3666  VDWAALS    =      6493.6906
 EELEC  =    -74437.4951  EHBOND  =         0.0000  RESTRAINT  =        18.6399
 EAMBER (non-restraint)  =    -59628.4625
 EKCMT  =      4005.0673  VIRIAL  =      3425.7278  VOLUME     =    150897.1132
                                                    Density    =         1.0467
 ------------------------------------------------------------------------------

wrapping first mol.:       19.38833       27.41924       47.49151
wrapping first mol.:       19.38833       27.41924       47.49151

 NSTEP =    39500   TIME(PS) =    3879.000  TEMP(K) =   301.60  PRESS =  -153.2
 Etot   =    -50240.2329  EKtot   =      9578.7646  EPtot      =    -59818.9976
 BOND   =       395.5905  ANGLE   =      1048.7805  DIHED      =       698.9747
 1-4 NB =       443.6377  1-4 EEL =      5703.6480  VDWAALS    =      6637.1677
 EELEC  =    -74767.2711  EHBOND  =         0.0000  RESTRAINT  =        20.4745
 EAMBER (non-restraint)  =    -59839.4721
 EKCMT  =      4026.7492  VIRIAL  =      4527.7131  VOLUME     =    151484.7635
                                                    Density    =         1.0426
 ------------------------------------------------------------------------------

wrapping first mol.:       19.41048       27.45056       47.54576
wrapping first mol.:       19.41048       27.45056       47.54576

 NSTEP =    40000   TIME(PS) =    3880.000  TEMP(K) =   299.45  PRESS =    90.5
 Etot   =    -50223.3491  EKtot   =      9510.7754  EPtot      =    -59734.1245
 BOND   =       398.4644  ANGLE   =      1037.7638  DIHED      =       700.1812
 1-4 NB =       456.1146  1-4 EEL =      5716.2088  VDWAALS    =      6691.5795
 EELEC  =    -74753.9484  EHBOND  =         0.0000  RESTRAINT  =        19.5117
 EAMBER (non-restraint)  =    -59753.6362
 EKCMT  =      3985.3512  VIRIAL  =      3688.2923  VOLUME     =    152001.1767
                                                    Density    =         1.0391
 ------------------------------------------------------------------------------

wrapping first mol.:       19.40774       27.44669       47.53906
wrapping first mol.:       19.40774       27.44669       47.53906

 NSTEP =    40500   TIME(PS) =    3881.000  TEMP(K) =   298.69  PRESS =   236.7
 Etot   =    -50306.4377  EKtot   =      9486.3633  EPtot      =    -59792.8009
 BOND   =       377.3777  ANGLE   =       978.3699  DIHED      =       697.9557
 1-4 NB =       453.1244  1-4 EEL =      5735.1996  VDWAALS    =      6454.5677
 EELEC  =    -74509.2864  EHBOND  =         0.0000  RESTRAINT  =        19.8905
 EAMBER (non-restraint)  =    -59812.6914
 EKCMT  =      3977.2027  VIRIAL  =      3200.5542  VOLUME     =    151934.8992
                                                    Density    =         1.0395
 ------------------------------------------------------------------------------

wrapping first mol.:       19.40697       27.44560       47.53717
wrapping first mol.:       19.40697       27.44560       47.53717

 NSTEP =    41000   TIME(PS) =    3882.000  TEMP(K) =   298.16  PRESS =   203.1
 Etot   =    -50257.9545  EKtot   =      9469.5771  EPtot      =    -59727.5316
 BOND   =       412.7272  ANGLE   =      1052.0622  DIHED      =       699.0945
 1-4 NB =       441.6732  1-4 EEL =      5780.9760  VDWAALS    =      6700.0185
 EELEC  =    -74835.0515  EHBOND  =         0.0000  RESTRAINT  =        20.9682
 EAMBER (non-restraint)  =    -59748.4998
 EKCMT  =      3951.7010  VIRIAL  =      3285.5196  VOLUME     =    151917.2799
                                                    Density    =         1.0396
 ------------------------------------------------------------------------------

wrapping first mol.:       19.42833       27.47580       47.58948
wrapping first mol.:       19.42833       27.47580       47.58948

 NSTEP =    41500   TIME(PS) =    3883.000  TEMP(K) =   295.43  PRESS =   116.6
 Etot   =    -50479.6355  EKtot   =      9382.9453  EPtot      =    -59862.5808
 BOND   =       408.9160  ANGLE   =      1032.7612  DIHED      =       693.2195
 1-4 NB =       446.8973  1-4 EEL =      5783.7103  VDWAALS    =      6867.0168
 EELEC  =    -75115.5700  EHBOND  =         0.0000  RESTRAINT  =        20.4680
 EAMBER (non-restraint)  =    -59883.0488
 EKCMT  =      3953.4527  VIRIAL  =      3569.7903  VOLUME     =    152420.5032
                                                    Density    =         1.0362
 ------------------------------------------------------------------------------

wrapping first mol.:       19.41517       27.45720       47.55726
wrapping first mol.:       19.41517       27.45720       47.55726

 NSTEP =    42000   TIME(PS) =    3884.000  TEMP(K) =   295.03  PRESS =    -8.0
 Etot   =    -50345.2912  EKtot   =      9370.3682  EPtot      =    -59715.6594
 BOND   =       380.2648  ANGLE   =       974.1739  DIHED      =       701.8101
 1-4 NB =       461.7390  1-4 EEL =      5767.8628  VDWAALS    =      6690.3114
 EELEC  =    -74711.3319  EHBOND  =         0.0000  RESTRAINT  =        19.5104
 EAMBER (non-restraint)  =    -59735.1698
 EKCMT  =      3904.9999  VIRIAL  =      3931.4294  VOLUME     =    152112.8026
                                                    Density    =         1.0383
 ------------------------------------------------------------------------------

wrapping first mol.:       19.39762       27.43237       47.51426
wrapping first mol.:       19.39762       27.43237       47.51426

 NSTEP =    42500   TIME(PS) =    3885.000  TEMP(K) =   298.06  PRESS =  -276.2
 Etot   =    -50302.6835  EKtot   =      9466.5967  EPtot      =    -59769.2802
 BOND   =       388.2836  ANGLE   =      1000.5316  DIHED      =       706.4786
 1-4 NB =       452.2809  1-4 EEL =      5768.5668  VDWAALS    =      6372.2009
 EELEC  =    -74476.7848  EHBOND  =         0.0000  RESTRAINT  =        19.1622
 EAMBER (non-restraint)  =    -59788.4424
 EKCMT  =      4014.7274  VIRIAL  =      4919.5193  VOLUME     =    151704.1997
                                                    Density    =         1.0411
 ------------------------------------------------------------------------------

wrapping first mol.:       19.40583       27.44398       47.53436
wrapping first mol.:       19.40583       27.44398       47.53436

 NSTEP =    43000   TIME(PS) =    3886.000  TEMP(K) =   305.89  PRESS =  -199.9
 Etot   =    -49994.8885  EKtot   =      9715.1680  EPtot      =    -59710.0565
 BOND   =       391.7734  ANGLE   =      1014.9039  DIHED      =       699.7296
 1-4 NB =       456.0477  1-4 EEL =      5772.6326  VDWAALS    =      6467.7343
 EELEC  =    -74534.9416  EHBOND  =         0.0000  RESTRAINT  =        22.0636
 EAMBER (non-restraint)  =    -59732.1201
 EKCMT  =      3955.3178  VIRIAL  =      4610.9643  VOLUME     =    151895.8180
                                                    Density    =         1.0398
 ------------------------------------------------------------------------------

wrapping first mol.:       19.38694       27.41727       47.48810
wrapping first mol.:       19.38694       27.41727       47.48810

 NSTEP =    43500   TIME(PS) =    3887.000  TEMP(K) =   300.87  PRESS =    70.2
 Etot   =    -50269.4145  EKtot   =      9555.5967  EPtot      =    -59825.0112
 BOND   =       391.6850  ANGLE   =      1021.7797  DIHED      =       699.5142
 1-4 NB =       458.6633  1-4 EEL =      5713.1399  VDWAALS    =      6573.5484
 EELEC  =    -74703.3796  EHBOND  =         0.0000  RESTRAINT  =        20.0379
 EAMBER (non-restraint)  =    -59845.0491
 EKCMT  =      3995.6734  VIRIAL  =      3766.1050  VOLUME     =    151449.0699
                                                    Density    =         1.0428
 ------------------------------------------------------------------------------

wrapping first mol.:       19.38016       27.40769       47.47150
wrapping first mol.:       19.38016       27.40769       47.47150

 NSTEP =    44000   TIME(PS) =    3888.000  TEMP(K) =   299.81  PRESS =   -97.4
 Etot   =    -50261.4716  EKtot   =      9521.9287  EPtot      =    -59783.4003
 BOND   =       421.0940  ANGLE   =      1063.8630  DIHED      =       710.7291
 1-4 NB =       441.4347  1-4 EEL =      5685.6001  VDWAALS    =      6481.7892
 EELEC  =    -74609.9583  EHBOND  =         0.0000  RESTRAINT  =        22.0479
 EAMBER (non-restraint)  =    -59805.4482
 EKCMT  =      4050.1767  VIRIAL  =      4368.4873  VOLUME     =    151292.6225
                                                    Density    =         1.0439
 ------------------------------------------------------------------------------

wrapping first mol.:       19.37673       27.40284       47.46310
wrapping first mol.:       19.37673       27.40284       47.46310

 NSTEP =    44500   TIME(PS) =    3889.000  TEMP(K) =   297.76  PRESS =   107.4
 Etot   =    -50227.8101  EKtot   =      9456.7998  EPtot      =    -59684.6099
 BOND   =       396.7181  ANGLE   =      1064.4914  DIHED      =       700.1714
 1-4 NB =       447.6614  1-4 EEL =      5704.8660  VDWAALS    =      6554.4738
 EELEC  =    -74574.7849  EHBOND  =         0.0000  RESTRAINT  =        21.7929
 EAMBER (non-restraint)  =    -59706.4028
 EKCMT  =      4002.1687  VIRIAL  =      3651.4638  VOLUME     =    151209.5333
                                                    Density    =         1.0445
 ------------------------------------------------------------------------------

wrapping first mol.:       19.38601       27.41596       47.48584
wrapping first mol.:       19.38601       27.41596       47.48584

 NSTEP =    45000   TIME(PS) =    3890.000  TEMP(K) =   300.04  PRESS =  -132.6
 Etot   =    -50184.3726  EKtot   =      9529.2158  EPtot      =    -59713.5885
 BOND   =       396.8759  ANGLE   =      1064.0104  DIHED      =       704.9528
 1-4 NB =       457.1966  1-4 EEL =      5762.7302  VDWAALS    =      6425.5976
 EELEC  =    -74545.0178  EHBOND  =         0.0000  RESTRAINT  =        20.0658
 EAMBER (non-restraint)  =    -59733.6543
 EKCMT  =      4032.0820  VIRIAL  =      4465.5306  VOLUME     =    151430.1564
                                                    Density    =         1.0430
 ------------------------------------------------------------------------------

wrapping first mol.:       19.38067       27.40841       47.47275
wrapping first mol.:       19.38067       27.40841       47.47275

 NSTEP =    45500   TIME(PS) =    3891.000  TEMP(K) =   295.39  PRESS =   209.2
 Etot   =    -50351.9366  EKtot   =      9381.8027  EPtot      =    -59733.7393
 BOND   =       401.7986  ANGLE   =      1040.5919  DIHED      =       703.6692
 1-4 NB =       447.9518  1-4 EEL =      5735.1570  VDWAALS    =      6385.1005
 EELEC  =    -74467.9645  EHBOND  =         0.0000  RESTRAINT  =        19.9563
 EAMBER (non-restraint)  =    -59753.6956
 EKCMT  =      3953.2452  VIRIAL  =      3269.8331  VOLUME     =    151300.3631
                                                    Density    =         1.0439
 ------------------------------------------------------------------------------

wrapping first mol.:       19.38789       27.41862       47.49043
wrapping first mol.:       19.38789       27.41862       47.49043

 NSTEP =    46000   TIME(PS) =    3892.000  TEMP(K) =   298.14  PRESS =  -174.0
 Etot   =    -50247.5430  EKtot   =      9468.9385  EPtot      =    -59716.4815
 BOND   =       395.6657  ANGLE   =      1052.9855  DIHED      =       732.0870
 1-4 NB =       459.0090  1-4 EEL =      5754.5762  VDWAALS    =      6493.1476
 EELEC  =    -74627.4329  EHBOND  =         0.0000  RESTRAINT  =        23.4805
 EAMBER (non-restraint)  =    -59739.9619
 EKCMT  =      3986.0975  VIRIAL  =      4555.1729  VOLUME     =    151474.7034
                                                    Density    =         1.0427
 ------------------------------------------------------------------------------

wrapping first mol.:       19.40361       27.44084       47.52893
wrapping first mol.:       19.40361       27.44084       47.52893

 NSTEP =    46500   TIME(PS) =    3893.000  TEMP(K) =   299.96  PRESS =   -78.4
 Etot   =    -50056.3700  EKtot   =      9526.6973  EPtot      =    -59583.0673
 BOND   =       386.3146  ANGLE   =      1017.6226  DIHED      =       709.8859
 1-4 NB =       444.6048  1-4 EEL =      5807.6406  VDWAALS    =      6535.4445
 EELEC  =    -74504.0789  EHBOND  =         0.0000  RESTRAINT  =        19.4986
 EAMBER (non-restraint)  =    -59602.5659
 EKCMT  =      3979.3931  VIRIAL  =      4236.3210  VOLUME     =    151842.1144
                                                    Density    =         1.0401
 ------------------------------------------------------------------------------

wrapping first mol.:       19.37643       27.40241       47.46236
wrapping first mol.:       19.37643       27.40241       47.46236

 NSTEP =    47000   TIME(PS) =    3894.000  TEMP(K) =   302.25  PRESS =  -179.5
 Etot   =    -50082.2851  EKtot   =      9599.5039  EPtot      =    -59681.7890
 BOND   =       408.2733  ANGLE   =       983.5006  DIHED      =       720.1053
 1-4 NB =       471.5334  1-4 EEL =      5746.5966  VDWAALS    =      6368.8092
 EELEC  =    -74403.8664  EHBOND  =         0.0000  RESTRAINT  =        23.2591
 EAMBER (non-restraint)  =    -59705.0482
 EKCMT  =      3970.4157  VIRIAL  =      4556.5579  VOLUME     =    151206.2822
                                                    Density    =         1.0445
 ------------------------------------------------------------------------------

wrapping first mol.:       19.39054       27.42237       47.49694
wrapping first mol.:       19.39054       27.42237       47.49694

 NSTEP =    47500   TIME(PS) =    3895.000  TEMP(K) =   300.27  PRESS =  -402.0
 Etot   =    -50173.1549  EKtot   =      9536.6426  EPtot      =    -59709.7975
 BOND   =       368.7721  ANGLE   =      1076.8529  DIHED      =       686.6982
 1-4 NB =       471.5161  1-4 EEL =      5730.0485  VDWAALS    =      6509.1775
 EELEC  =    -74573.4263  EHBOND  =         0.0000  RESTRAINT  =        20.5635
 EAMBER (non-restraint)  =    -59730.3610
 EKCMT  =      3989.5246  VIRIAL  =      5304.7879  VOLUME     =    151540.0164
                                                    Density    =         1.0422
 ------------------------------------------------------------------------------

wrapping first mol.:       19.39863       27.43381       47.51675
wrapping first mol.:       19.39863       27.43381       47.51675

 NSTEP =    48000   TIME(PS) =    3896.000  TEMP(K) =   300.41  PRESS =     7.1
 Etot   =    -50128.1497  EKtot   =      9541.0752  EPtot      =    -59669.2249
 BOND   =       399.7592  ANGLE   =      1017.4996  DIHED      =       701.8756
 1-4 NB =       445.8422  1-4 EEL =      5756.0548  VDWAALS    =      6401.2201
 EELEC  =    -74411.9527  EHBOND  =         0.0000  RESTRAINT  =        20.4763
 EAMBER (non-restraint)  =    -59689.7012
 EKCMT  =      3939.0727  VIRIAL  =      3915.8070  VOLUME     =    151724.2230
                                                    Density    =         1.0409
 ------------------------------------------------------------------------------

wrapping first mol.:       19.40367       27.44094       47.52910
wrapping first mol.:       19.40367       27.44094       47.52910

 NSTEP =    48500   TIME(PS) =    3897.000  TEMP(K) =   301.35  PRESS =  -312.0
 Etot   =    -50100.9338  EKtot   =      9571.0059  EPtot      =    -59671.9397
 BOND   =       386.5921  ANGLE   =      1045.8858  DIHED      =       707.8336
 1-4 NB =       446.6478  1-4 EEL =      5766.1171  VDWAALS    =      6616.2431
 EELEC  =    -74659.5745  EHBOND  =         0.0000  RESTRAINT  =        18.3152
 EAMBER (non-restraint)  =    -59690.2548
 EKCMT  =      3985.6362  VIRIAL  =      5008.6846  VOLUME     =    151846.8468
                                                    Density    =         1.0401
 ------------------------------------------------------------------------------

wrapping first mol.:       19.38594       27.41585       47.48565
wrapping first mol.:       19.38594       27.41585       47.48565

 NSTEP =    49000   TIME(PS) =    3898.000  TEMP(K) =   299.81  PRESS =    39.3
 Etot   =    -50197.7645  EKtot   =      9522.0215  EPtot      =    -59719.7860
 BOND   =       380.0832  ANGLE   =      1071.1620  DIHED      =       724.7357
 1-4 NB =       442.4048  1-4 EEL =      5694.6950  VDWAALS    =      6644.9933
 EELEC  =    -74699.9587  EHBOND  =         0.0000  RESTRAINT  =        22.0986
 EAMBER (non-restraint)  =    -59741.8846
 EKCMT  =      3944.5897  VIRIAL  =      3816.0566  VOLUME     =    151426.0477
                                                    Density    =         1.0430
 ------------------------------------------------------------------------------

wrapping first mol.:       19.39483       27.42843       47.50743
wrapping first mol.:       19.39483       27.42843       47.50743

 NSTEP =    49500   TIME(PS) =    3899.000  TEMP(K) =   302.15  PRESS =    35.1
 Etot   =    -50214.6341  EKtot   =      9596.2988  EPtot      =    -59810.9329
 BOND   =       372.4749  ANGLE   =      1024.6202  DIHED      =       690.3983
 1-4 NB =       459.1326  1-4 EEL =      5704.9849  VDWAALS    =      6618.8178
 EELEC  =    -74699.2048  EHBOND  =         0.0000  RESTRAINT  =        17.8432
 EAMBER (non-restraint)  =    -59828.7761
 EKCMT  =      4007.3087  VIRIAL  =      3892.4592  VOLUME     =    151634.5714
                                                    Density    =         1.0416
 ------------------------------------------------------------------------------

wrapping first mol.:       19.39748       27.43218       47.51393
wrapping first mol.:       19.39748       27.43218       47.51393

 NSTEP =    50000   TIME(PS) =    3900.000  TEMP(K) =   301.18  PRESS =   111.8
 Etot   =    -50253.9936  EKtot   =      9565.5664  EPtot      =    -59819.5600
 BOND   =       369.2545  ANGLE   =      1012.1404  DIHED      =       715.2077
 1-4 NB =       463.6631  1-4 EEL =      5779.5281  VDWAALS    =      6683.3322
 EELEC  =    -74861.9332  EHBOND  =         0.0000  RESTRAINT  =        19.2472
 EAMBER (non-restraint)  =    -59838.8072
 EKCMT  =      4021.2333  VIRIAL  =      3654.8939  VOLUME     =    151695.7530
                                                    Density    =         1.0411
 ------------------------------------------------------------------------------


      A V E R A G E S   O V E R     100 S T E P S


 NSTEP =    50000   TIME(PS) =    3900.000  TEMP(K) =   299.98  PRESS =    -1.7
 Etot   =    -50224.4247  EKtot   =      9527.3969  EPtot      =    -59751.8216
 BOND   =       396.0570  ANGLE   =      1028.7921  DIHED      =       708.9775
 1-4 NB =       453.9829  1-4 EEL =      5743.1663  VDWAALS    =      6604.1291
 EELEC  =    -74705.7262  EHBOND  =         0.0000  RESTRAINT  =        18.7999
 EAMBER (non-restraint)  =    -59770.6215
 EKCMT  =      3984.5016  VIRIAL  =      3989.8580  VOLUME     =    151807.2522
                                                    Density    =         1.0404
 ------------------------------------------------------------------------------


      R M S  F L U C T U A T I O N S


 NSTEP =    50000   TIME(PS) =    3900.000  TEMP(K) =     2.45  PRESS =   193.0
 Etot   =       151.9407  EKtot   =        77.7431  EPtot      =       121.4631
 BOND   =        17.2671  ANGLE   =        26.8864  DIHED      =        12.8664
 1-4 NB =         8.8617  1-4 EEL =        27.9835  VDWAALS    =       121.3128
 EELEC  =       195.2720  EHBOND  =         0.0000  RESTRAINT  =         2.2497
 EAMBER (non-restraint)  =       119.2133
 EKCMT  =        41.2195  VIRIAL  =       637.6394  VOLUME     =       398.4313
                                                    Density    =         0.0027
 ------------------------------------------------------------------------------

--------------------------------------------------------------------------------
   5.  TIMINGS
--------------------------------------------------------------------------------

|  NonSetup CPU Time in Major Routines:
|
|     Routine           Sec        %
|     ------------------------------
|     Nonbond          69.67   83.51
|     Bond              0.00    0.00
|     Angle             0.00    0.00
|     Dihedral          0.00    0.00
|     Shake             0.25    0.30
|     RunMD            13.41   16.07
|     Other             0.10    0.12
|     ------------------------------
|     Total            83.42

|  PME Nonbond Pairlist CPU Time:
|
|     Routine              Sec        %
|     ---------------------------------
|     Set Up Cit           0.00    0.00
|     Build List           0.00    0.00
|     ---------------------------------
|     Total                0.00    0.00

|  PME Direct Force CPU Time:
|
|     Routine              Sec        %
|     ---------------------------------
|     NonBonded Calc       0.00    0.00
|     Exclude Masked       0.00    0.00
|     Other                0.06    0.07
|     ---------------------------------
|     Total                0.06    0.07

|  PME Reciprocal Force CPU Time:
|
|     Routine              Sec        %
|     ---------------------------------
|     1D bspline           0.00    0.00
|     Grid Charges         0.00    0.00
|     Scalar Sum           0.00    0.00
|     Gradient Sum         0.00    0.00
|     FFT                  0.00    0.00
|     ---------------------------------
|     Total                0.00    0.00

|  Final Performance Info:
|     -----------------------------------------------------
|     Average timings for last   13500 steps:
|     Elapsed(s) =      22.54 Per Step(ms) =       1.67
|         ns/day =     103.52   seconds/ns =     834.64
|
|     Average timings for all steps:
|     Elapsed(s) =      83.45 Per Step(ms) =       1.67
|         ns/day =     103.53   seconds/ns =     834.54
|     -----------------------------------------------------

|  Setup CPU time:            0.60 seconds
|  NonSetup CPU time:        83.42 seconds
|  Total CPU time:           84.01 seconds     0.02 hours

|  Setup wall time:           1    seconds
|  NonSetup wall time:       83    seconds
|  Total wall time:          84    seconds     0.02 hours
