
          -------------------------------------------------------
          Amber 18 PMEMD                              2018
          -------------------------------------------------------

| PMEMD implementation of SANDER, Release 18

| Run on 09/29/2019 at 23:17:30

|   Executable path: pmemd.cuda
| Working directory: /home/pbarletta/lbp/run/1ifb/mhe/e
|          Hostname: Unknown
  [-O]verwriting output

File Assignments:
|   MDIN: 41equ.in                                                              
|  MDOUT: 41equ.out                                                             
| INPCRD: 40e1ifb.rst7                                                          
|   PARM: /home/pbarletta/lbp/top_files/1ifb.prmtop                             
| RESTRT: 41e1ifb.rst7                                                          
|   REFC: 40e1ifb.rst7                                                          
|  MDVEL: mdvel                                                                 
|   MDEN: mden                                                                  
|  MDCRD: 41e1ifb.nc                                                            
| MDINFO: mdinfo                                                                
|  MDFRC: mdfrc                                                                 


 Here is the input file:

Equilibration with solute restrictions                                         
&cntrl                                                                         
imin = 0,                           ! No Minimization                          
nmropt = 0,                         ! No NMR restraints read                   
                                                                               
! Nature and format of the input                                               
ntx = 5,                            ! Coordinates but no velocities will be rea
irest = 1,                          ! Do not run a new simulation              
                                                                               
! Nature and format of the output                                              
ntxo = 1,                           ! rstrt file in ASCII format               
ntpr = 500,                         ! inf in output every ntpr steps           
ntwr = 500,                         ! rstrt file every ntwr steps              
ntwx = 500,                         ! mdcrd file every ntwx steps              
ntwv = 0,                           ! mdvel without velocities                 
ntwe = 0,                           ! Do not write energies and temperatures   
idecomp = 0,                        ! No energy decomposition                  
iwrap = 1,                          ! Coordinates of the restart and mdcrd file
                                                                               
! Frozen or restrained atoms                                                   
ibelly = 0,                         ! No frozen atoms                          
ntr=1,                              ! Harmonic potential restraints            
restraint_wt = 0.10,                ! The weight for the positional restraints 
restraintmask = ':1-131@N,CA,C,O',  ! restrained residues                      
                                                                               
! Molecular dynamics                                                           
nstlim = 50000,                     ! Number of MD-steps                       
dt = 0.002,                         ! Time step                                
                                                                               
! Temperature regulation                                                       
ntt = 3,                            ! Langevin thermostat                      
gamma_ln = 5,                       ! Gamma constant for Langevin              
temp0 = 300.0,                      ! Reference T at which the system is to be 
tempi = 300.0,                      ! Initial T                                
ig = -1,                            ! Seed for the RNG                         
                                                                               
! P and V regulation                                                           
ntp = 1,                            ! constant P                               
barostat = 1,                       ! Berendsen barostat                       
taup = 1,                           ! Pressure relaxation time                 
ntb = 2,                            ! Periodic box for constant P              
                                                                               
! SHAKE variables                                                              
ntc = 2,                            ! Bonds involving H are constrained        
ntf = 2,                            ! Bond interaction involving H are ommited.
                                                                               
cut = 10.0,                         ! Nonbonded cutoff                         
/                                                                              
&end                                                                           


Note: ig = -1. Setting random seed to   644073 based on wallclock time in 
      microseconds.
| irandom = 1, using AMBER's internal random number generator (default).
 
|--------------------- INFORMATION ----------------------
| GPU (CUDA) Version of PMEMD in use: NVIDIA GPU IN USE.
|                    Version 18.0.0
| 
|                      03/25/2018
| 
| Implementation by:
|                    Ross C. Walker     (SDSC)
|                    Scott Le Grand     (nVIDIA)
| 
| Version 18 performance extensions by:
|                    David Cerutti     (Rutgers)
| 
| Precision model in use:
|      [SPFP] - Single Precision Forces, 64-bit Fixed Point
|               Accumulation. (Default)
| 
|--------------------------------------------------------
 
|----------------- CITATION INFORMATION -----------------
|
|    When publishing work that utilized the CUDA version
|    of AMBER, please cite the following in addition to
|    the regular AMBER citations:
|
|  - Romelia Salomon-Ferrer; Andreas W. Goetz; Duncan
|    Poole; Scott Le Grand; Ross C. Walker "Routine
|    microsecond molecular dynamics simulations with
|    AMBER - Part II: Particle Mesh Ewald", J. Chem.
|    Theory Comput., 2013, 9 (9), pp3878-3888,
|    DOI: 10.1021/ct400314y.
|
|  - Andreas W. Goetz; Mark J. Williamson; Dong Xu;
|    Duncan Poole; Scott Le Grand; Ross C. Walker
|    "Routine microsecond molecular dynamics simulations
|    with AMBER - Part I: Generalized Born", J. Chem.
|    Theory Comput., 2012, 8 (5), pp1542-1555.
|
|  - Scott Le Grand; Andreas W. Goetz; Ross C. Walker
|    "SPFP: Speed without compromise - a mixed precision
|    model for GPU accelerated molecular dynamics
|    simulations.", Comp. Phys. Comm., 2013, 184
|    pp374-380, DOI: 10.1016/j.cpc.2012.09.022
|
|--------------------------------------------------------
 
|------------------- GPU DEVICE INFO --------------------
|
|            CUDA_VISIBLE_DEVICES: 0
|   CUDA Capable Devices Detected:      1
|           CUDA Device ID in use:      0
|                CUDA Device Name: GeForce GTX 1060 6GB
|     CUDA Device Global Mem Size:   6078 MB
| CUDA Device Num Multiprocessors:     10
|           CUDA Device Core Freq:   1.76 GHz
|
|--------------------------------------------------------
 
 
| Conditional Compilation Defines Used:
| PUBFFT
| BINTRAJ
| CUDA
| EMIL

| Largest sphere to fit in unit cell has radius =    23.744

| New format PARM file being parsed.
| Version =    1.000 Date = 09/29/19 Time = 21:52:31

| Note: 1-4 EEL scale factors are being read from the topology file.

| Note: 1-4 VDW scale factors are being read from the topology file.
| Duplicated    0 dihedrals

| Duplicated    0 dihedrals

--------------------------------------------------------------------------------
   1.  RESOURCE   USE: 
--------------------------------------------------------------------------------

 getting new box info from bottom of inpcrd
 NATOM  =   19901 NTYPES =      17 NBONH =   14397 MBONA  =    5520
 NTHETH =    2406 MTHETA =    1438 NPHIH =    4850 MPHIA  =    4505
 NHPARM =       0 NPARM  =       0 NNB   =   42760 NRES   =    4578
 NBONA  =    5520 NTHETA =    1438 NPHIA =    4505 NUMBND =      69
 NUMANG =     155 NPTRA  =     178 NATYP =      35 NPHB   =       1
 IFBOX  =       2 NMXRS  =      24 IFCAP =       0 NEXTRA =    4447
 NCOPY  =       0

| Coordinate Index Table dimensions:     9    9    9
| Direct force subcell size =     6.4623    6.4623    6.4623

     BOX TYPE: TRUNCATED OCTAHEDRON

--------------------------------------------------------------------------------
   2.  CONTROL  DATA  FOR  THE  RUN
--------------------------------------------------------------------------------

default_name                                                                    

General flags:
     imin    =       0, nmropt  =       0

Nature and format of input:
     ntx     =       5, irest   =       1, ntrx    =       1

Nature and format of output:
     ntxo    =       1, ntpr    =     500, ntrx    =       1, ntwr    =     500
     iwrap   =       1, ntwx    =     500, ntwv    =       0, ntwe    =       0
     ioutfm  =       1, ntwprt  =       0, idecomp =       0, rbornstat=      0

Potential function:
     ntf     =       2, ntb     =       2, igb     =       0, nsnb    =      25
     ipol    =       0, gbsa    =       0, iesp    =       0
     dielc   =   1.00000, cut     =  10.00000, intdiel =   1.00000

Frozen or restrained atoms:
     ibelly  =       0, ntr     =       1
     restraint_wt =   0.10000

Molecular dynamics:
     nstlim  =     50000, nscm    =         0, nrespa  =         1
     t       =   0.00000, dt      =   0.00200, vlimit  =  -1.00000

Langevin dynamics temperature regulation:
     ig      =  644073
     temp0   = 300.00000, tempi   = 300.00000, gamma_ln=   5.00000

Pressure regulation:
     ntp     =       1
     pres0   =   1.00000, comp    =  44.60000, taup    =   1.00000

SHAKE:
     ntc     =       2, jfastw  =       0
     tol     =   0.00001

| Intermolecular bonds treatment:
|     no_intermolecular_bonds =       1

| Energy averages sample interval:
|     ene_avg_sampling =     500

Extra-points options:
     frameon =       1, chngmask=       1

Ewald parameters:
     verbose =       0, ew_type =       0, nbflag  =       1, use_pme =       1
     vdwmeth =       1, eedmeth =       1, netfrc  =       1
     Box X =   58.160   Box Y =   58.160   Box Z =   58.160
     Alpha =  109.471   Beta  =  109.471   Gamma =  109.471
     NFFT1 =   64       NFFT2 =   64       NFFT3 =   64
     Cutoff=   10.000   Tol   =0.100E-04
     Ewald Coefficient =  0.27511
     Interpolation order =    4

    LOADING THE CONSTRAINED ATOMS AS GROUPS


   5.  REFERENCE ATOM COORDINATES

  default_name                                                                    
     Mask :1-131@N,CA,C,O; matches   524 atoms
|      EXTRA_PTS, trim_bonds: num bonds BEFORE trim = 14397     0
|      EXTRA_PTS, trim_bonds: num bonds AFTER  trim = 14397     0
|      EXTRA_PTS, trim_bonds: num bonds BEFORE trim =  5520     0
|      EXTRA_PTS, trim_bonds: num bonds AFTER  trim =  1073     0
|      EXTRA_PTS, trim_theta: num angle BEFORE trim =  2406     0
|      EXTRA_PTS, trim_theta: num angle AFTER  trim =  2406     0
|      EXTRA_PTS, trim_theta: num angle BEFORE trim =  1438     0
|      EXTRA_PTS, trim_theta: num angle AFTER  trim =  1438     0
|      EXTRA_PTS, trim_phi:  num diheds BEFORE trim =  4850     0
|      EXTRA_PTS, trim_phi:  num diheds AFTER  trim =  4850     0
|      EXTRA_PTS, trim_phi:  num diheds BEFORE trim =  4505     0
|      EXTRA_PTS, trim_phi:  num diheds AFTER  trim =  4505     0

--------------------------------------------------------------------------------
   3.  ATOMIC COORDINATES AND VELOCITIES
--------------------------------------------------------------------------------

default_name                                                                    
 begin time read from input coords =  4400.000 ps

 
 Number of triangulated 3-point waters found:     4447

     Sum of charges from parm topology file =   0.00002436
     Forcing neutrality...

| Dynamic Memory, Types Used:
| Reals              996413
| Integers          1467781

| Nonbonded Pairs Initial Allocation:     6019554

| GPU memory information (estimate):
| KB of GPU memory in use:         0
| KB of CPU memory in use:         0

--------------------------------------------------------------------------------
   4.  RESULTS
--------------------------------------------------------------------------------

wrapping first mol.:       19.35645       27.37416       47.41342
wrapping first mol.:       19.35645       27.37416       47.41342

 NSTEP =      500   TIME(PS) =    4401.000  TEMP(K) =   301.74  PRESS =   -86.5
 Etot   =    -50311.7098  EKtot   =      9583.2031  EPtot      =    -59894.9129
 BOND   =       419.6739  ANGLE   =      1012.1790  DIHED      =       685.8880
 1-4 NB =       439.5052  1-4 EEL =      5741.2339  VDWAALS    =      6514.4758
 EELEC  =    -74717.0200  EHBOND  =         0.0000  RESTRAINT  =         9.1513
 EAMBER (non-restraint)  =    -59904.0642
 EKCMT  =      4027.7996  VIRIAL  =      4309.4701  VOLUME     =    150737.8535
                                                    Density    =         1.0478
 ------------------------------------------------------------------------------

wrapping first mol.:       19.36228       27.38240       47.42771
wrapping first mol.:       19.36228       27.38240       47.42771

 NSTEP =     1000   TIME(PS) =    4402.000  TEMP(K) =   298.32  PRESS =   110.8
 Etot   =    -50296.2286  EKtot   =      9474.6426  EPtot      =    -59770.8712
 BOND   =       359.4798  ANGLE   =      1032.4296  DIHED      =       685.0042
 1-4 NB =       460.5585  1-4 EEL =      5805.2688  VDWAALS    =      6515.5797
 EELEC  =    -74637.5044  EHBOND  =         0.0000  RESTRAINT  =         8.3127
 EAMBER (non-restraint)  =    -59779.1839
 EKCMT  =      3968.3059  VIRIAL  =      3607.5114  VOLUME     =    150871.4686
                                                    Density    =         1.0468
 ------------------------------------------------------------------------------

wrapping first mol.:       19.37172       27.39575       47.45083
wrapping first mol.:       19.37172       27.39575       47.45083

 NSTEP =     1500   TIME(PS) =    4403.000  TEMP(K) =   301.59  PRESS =   173.0
 Etot   =    -50082.9451  EKtot   =      9578.5029  EPtot      =    -59661.4480
 BOND   =       413.3221  ANGLE   =       992.4252  DIHED      =       714.2881
 1-4 NB =       456.6543  1-4 EEL =      5706.9218  VDWAALS    =      6608.2577
 EELEC  =    -74563.9041  EHBOND  =         0.0000  RESTRAINT  =        10.5870
 EAMBER (non-restraint)  =    -59672.0350
 EKCMT  =      4011.3135  VIRIAL  =      3446.8785  VOLUME     =    151091.3794
                                                    Density    =         1.0453
 ------------------------------------------------------------------------------

wrapping first mol.:       19.37141       27.39531       47.45007
wrapping first mol.:       19.37141       27.39531       47.45007

 NSTEP =     2000   TIME(PS) =    4404.000  TEMP(K) =   302.25  PRESS =    79.3
 Etot   =    -50144.9844  EKtot   =      9599.6055  EPtot      =    -59744.5899
 BOND   =       396.7704  ANGLE   =      1028.0997  DIHED      =       708.1352
 1-4 NB =       452.6332  1-4 EEL =      5754.2989  VDWAALS    =      6623.9602
 EELEC  =    -74719.9207  EHBOND  =         0.0000  RESTRAINT  =        11.4334
 EAMBER (non-restraint)  =    -59756.0232
 EKCMT  =      4037.2011  VIRIAL  =      3778.6026  VOLUME     =    151085.4097
                                                    Density    =         1.0453
 ------------------------------------------------------------------------------

wrapping first mol.:       19.38480       27.41424       47.48286
wrapping first mol.:       19.38480       27.41424       47.48286

 NSTEP =     2500   TIME(PS) =    4405.000  TEMP(K) =   303.37  PRESS =    60.1
 Etot   =    -50124.9040  EKtot   =      9635.1924  EPtot      =    -59760.0964
 BOND   =       378.5611  ANGLE   =      1040.0445  DIHED      =       712.7749
 1-4 NB =       461.2370  1-4 EEL =      5745.0626  VDWAALS    =      6589.4644
 EELEC  =    -74695.7338  EHBOND  =         0.0000  RESTRAINT  =         8.4929
 EAMBER (non-restraint)  =    -59768.5893
 EKCMT  =      3974.4451  VIRIAL  =      3778.1462  VOLUME     =    151399.1075
                                                    Density    =         1.0432
 ------------------------------------------------------------------------------

wrapping first mol.:       19.37444       27.39959       47.45749
wrapping first mol.:       19.37444       27.39959       47.45749

 NSTEP =     3000   TIME(PS) =    4406.000  TEMP(K) =   298.23  PRESS =  -118.3
 Etot   =    -50511.3655  EKtot   =      9472.0049  EPtot      =    -59983.3704
 BOND   =       403.4896  ANGLE   =       989.3020  DIHED      =       699.7973
 1-4 NB =       451.3333  1-4 EEL =      5674.6112  VDWAALS    =      6482.5852
 EELEC  =    -74693.5618  EHBOND  =         0.0000  RESTRAINT  =         9.0728
 EAMBER (non-restraint)  =    -59992.4432
 EKCMT  =      3902.0907  VIRIAL  =      4288.3211  VOLUME     =    151158.9065
                                                    Density    =         1.0448
 ------------------------------------------------------------------------------

wrapping first mol.:       19.38074       27.40851       47.47292
wrapping first mol.:       19.38074       27.40851       47.47292

 NSTEP =     3500   TIME(PS) =    4407.000  TEMP(K) =   303.91  PRESS =  -253.9
 Etot   =    -50214.4160  EKtot   =      9652.1211  EPtot      =    -59866.5371
 BOND   =       379.5875  ANGLE   =      1014.7701  DIHED      =       697.6996
 1-4 NB =       446.3667  1-4 EEL =      5767.0198  VDWAALS    =      6594.7022
 EELEC  =    -74777.7929  EHBOND  =         0.0000  RESTRAINT  =        11.1100
 EAMBER (non-restraint)  =    -59877.6471
 EKCMT  =      4048.1144  VIRIAL  =      4877.7351  VOLUME     =    151308.2812
                                                    Density    =         1.0438
 ------------------------------------------------------------------------------

wrapping first mol.:       19.38087       27.40868       47.47323
wrapping first mol.:       19.38087       27.40868       47.47323

 NSTEP =     4000   TIME(PS) =    4408.000  TEMP(K) =   297.81  PRESS =    60.0
 Etot   =    -50217.5223  EKtot   =      9458.6025  EPtot      =    -59676.1249
 BOND   =       409.2069  ANGLE   =      1001.7947  DIHED      =       695.8116
 1-4 NB =       442.7163  1-4 EEL =      5751.3558  VDWAALS    =      6629.8557
 EELEC  =    -74618.5501  EHBOND  =         0.0000  RESTRAINT  =        11.6843
 EAMBER (non-restraint)  =    -59687.8091
 EKCMT  =      3980.8534  VIRIAL  =      3784.9277  VOLUME     =    151306.9925
                                                    Density    =         1.0438
 ------------------------------------------------------------------------------

wrapping first mol.:       19.38878       27.41988       47.49262
wrapping first mol.:       19.38878       27.41988       47.49262

 NSTEP =     4500   TIME(PS) =    4409.000  TEMP(K) =   298.77  PRESS =   101.2
 Etot   =    -50108.8467  EKtot   =      9489.1553  EPtot      =    -59598.0019
 BOND   =       410.0676  ANGLE   =      1088.8629  DIHED      =       705.5752
 1-4 NB =       447.7909  1-4 EEL =      5685.6088  VDWAALS    =      6589.0605
 EELEC  =    -74536.7887  EHBOND  =         0.0000  RESTRAINT  =        11.8209
 EAMBER (non-restraint)  =    -59609.8228
 EKCMT  =      3967.5734  VIRIAL  =      3636.5558  VOLUME     =    151491.8995
                                                    Density    =         1.0425
 ------------------------------------------------------------------------------

wrapping first mol.:       19.39262       27.42531       47.50202
wrapping first mol.:       19.39262       27.42531       47.50202

 NSTEP =     5000   TIME(PS) =    4410.000  TEMP(K) =   300.87  PRESS =   191.0
 Etot   =    -50146.3134  EKtot   =      9555.7842  EPtot      =    -59702.0976
 BOND   =       412.6019  ANGLE   =      1078.1515  DIHED      =       746.5397
 1-4 NB =       440.6019  1-4 EEL =      5687.8450  VDWAALS    =      6623.2077
 EELEC  =    -74701.4291  EHBOND  =         0.0000  RESTRAINT  =        10.3838
 EAMBER (non-restraint)  =    -59712.4813
 EKCMT  =      3989.2841  VIRIAL  =      3364.1433  VOLUME     =    151580.6799
                                                    Density    =         1.0419
 ------------------------------------------------------------------------------

wrapping first mol.:       19.38563       27.41542       47.48491
wrapping first mol.:       19.38563       27.41542       47.48491

 NSTEP =     5500   TIME(PS) =    4411.000  TEMP(K) =   299.91  PRESS =   -48.2
 Etot   =    -50176.1401  EKtot   =      9525.3613  EPtot      =    -59701.5014
 BOND   =       390.5487  ANGLE   =      1029.2894  DIHED      =       720.8916
 1-4 NB =       469.7470  1-4 EEL =      5749.9121  VDWAALS    =      6538.7259
 EELEC  =    -74612.7592  EHBOND  =         0.0000  RESTRAINT  =        12.1431
 EAMBER (non-restraint)  =    -59713.6445
 EKCMT  =      3953.6897  VIRIAL  =      4111.2531  VOLUME     =    151420.1208
                                                    Density    =         1.0430
 ------------------------------------------------------------------------------

wrapping first mol.:       19.38407       27.41322       47.48108
wrapping first mol.:       19.38407       27.41322       47.48108

 NSTEP =     6000   TIME(PS) =    4412.000  TEMP(K) =   298.73  PRESS =   -13.1
 Etot   =    -50330.8805  EKtot   =      9487.8496  EPtot      =    -59818.7301
 BOND   =       410.7706  ANGLE   =       997.3964  DIHED      =       691.3985
 1-4 NB =       454.7720  1-4 EEL =      5735.7508  VDWAALS    =      6578.2286
 EELEC  =    -74697.5604  EHBOND  =         0.0000  RESTRAINT  =        10.5134
 EAMBER (non-restraint)  =    -59829.2434
 EKCMT  =      3972.2431  VIRIAL  =      4015.1491  VOLUME     =    151383.0348
                                                    Density    =         1.0433
 ------------------------------------------------------------------------------

wrapping first mol.:       19.40319       27.44025       47.52790
wrapping first mol.:       19.40319       27.44025       47.52790

 NSTEP =     6500   TIME(PS) =    4413.000  TEMP(K) =   299.86  PRESS =   -15.6
 Etot   =    -50408.8735  EKtot   =      9523.7549  EPtot      =    -59932.6284
 BOND   =       366.9507  ANGLE   =       975.5673  DIHED      =       732.0528
 1-4 NB =       455.1307  1-4 EEL =      5738.6295  VDWAALS    =      6663.9984
 EELEC  =    -74876.2916  EHBOND  =         0.0000  RESTRAINT  =        11.3338
 EAMBER (non-restraint)  =    -59943.9622
 EKCMT  =      4044.6444  VIRIAL  =      4095.8687  VOLUME     =    151831.3745
                                                    Density    =         1.0402
 ------------------------------------------------------------------------------

wrapping first mol.:       19.40256       27.43936       47.52635
wrapping first mol.:       19.40256       27.43936       47.52635

 NSTEP =     7000   TIME(PS) =    4414.000  TEMP(K) =   301.27  PRESS =  -167.7
 Etot   =    -50209.7449  EKtot   =      9568.3291  EPtot      =    -59778.0740
 BOND   =       424.6545  ANGLE   =      1009.3772  DIHED      =       730.4884
 1-4 NB =       451.8019  1-4 EEL =      5707.9890  VDWAALS    =      6280.1595
 EELEC  =    -74392.6486  EHBOND  =         0.0000  RESTRAINT  =        10.1040
 EAMBER (non-restraint)  =    -59788.1780
 EKCMT  =      4038.9258  VIRIAL  =      4588.7068  VOLUME     =    151818.6052
                                                    Density    =         1.0403
 ------------------------------------------------------------------------------

wrapping first mol.:       19.40227       27.43896       47.52566
wrapping first mol.:       19.40227       27.43896       47.52566

 NSTEP =     7500   TIME(PS) =    4415.000  TEMP(K) =   301.44  PRESS =  -285.7
 Etot   =    -50140.2769  EKtot   =      9573.7090  EPtot      =    -59713.9859
 BOND   =       413.0235  ANGLE   =      1019.2504  DIHED      =       697.2251
 1-4 NB =       449.2666  1-4 EEL =      5687.5764  VDWAALS    =      6394.3347
 EELEC  =    -74386.5430  EHBOND  =         0.0000  RESTRAINT  =        11.8804
 EAMBER (non-restraint)  =    -59725.8663
 EKCMT  =      3988.4743  VIRIAL  =      4924.8377  VOLUME     =    151813.5761
                                                    Density    =         1.0403
 ------------------------------------------------------------------------------

wrapping first mol.:       19.40997       27.44985       47.54453
wrapping first mol.:       19.40997       27.44985       47.54453

 NSTEP =     8000   TIME(PS) =    4416.000  TEMP(K) =   302.00  PRESS =    47.0
 Etot   =    -50107.6378  EKtot   =      9591.7168  EPtot      =    -59699.3546
 BOND   =       394.4804  ANGLE   =      1040.6565  DIHED      =       701.6299
 1-4 NB =       438.3211  1-4 EEL =      5727.9845  VDWAALS    =      6649.6964
 EELEC  =    -74663.9590  EHBOND  =         0.0000  RESTRAINT  =        11.8354
 EAMBER (non-restraint)  =    -59711.1900
 EKCMT  =      4016.9557  VIRIAL  =      3862.5567  VOLUME     =    151989.9043
                                                    Density    =         1.0391
 ------------------------------------------------------------------------------

wrapping first mol.:       19.40126       27.43753       47.52319
wrapping first mol.:       19.40126       27.43753       47.52319

 NSTEP =     8500   TIME(PS) =    4417.000  TEMP(K) =   300.90  PRESS =  -175.8
 Etot   =    -50179.0183  EKtot   =      9556.8008  EPtot      =    -59735.8190
 BOND   =       417.1314  ANGLE   =      1032.4619  DIHED      =       697.8570
 1-4 NB =       442.1928  1-4 EEL =      5716.4197  VDWAALS    =      6500.4766
 EELEC  =    -74553.7352  EHBOND  =         0.0000  RESTRAINT  =        11.3768
 EAMBER (non-restraint)  =    -59747.1958
 EKCMT  =      3969.7075  VIRIAL  =      4545.7920  VOLUME     =    151788.3972
                                                    Density    =         1.0405
 ------------------------------------------------------------------------------

wrapping first mol.:       19.40055       27.43652       47.52144
wrapping first mol.:       19.40055       27.43652       47.52144

 NSTEP =     9000   TIME(PS) =    4418.000  TEMP(K) =   300.80  PRESS =  -206.5
 Etot   =    -50087.0107  EKtot   =      9553.5127  EPtot      =    -59640.5234
 BOND   =       388.7351  ANGLE   =       988.5219  DIHED      =       694.4061
 1-4 NB =       451.3881  1-4 EEL =      5739.7713  VDWAALS    =      6520.2445
 EELEC  =    -74439.5501  EHBOND  =         0.0000  RESTRAINT  =        15.9596
 EAMBER (non-restraint)  =    -59656.4831
 EKCMT  =      3978.4849  VIRIAL  =      4655.2186  VOLUME     =    151772.0822
                                                    Density    =         1.0406
 ------------------------------------------------------------------------------

wrapping first mol.:       19.39570       27.42966       47.50956
wrapping first mol.:       19.39570       27.42966       47.50956

 NSTEP =     9500   TIME(PS) =    4419.000  TEMP(K) =   301.43  PRESS =   221.4
 Etot   =    -50205.5866  EKtot   =      9573.6162  EPtot      =    -59779.2028
 BOND   =       401.7784  ANGLE   =      1045.3140  DIHED      =       699.9152
 1-4 NB =       442.1534  1-4 EEL =      5690.5106  VDWAALS    =      6779.9676
 EELEC  =    -74852.1865  EHBOND  =         0.0000  RESTRAINT  =        13.3446
 EAMBER (non-restraint)  =    -59792.5474
 EKCMT  =      3980.8745  VIRIAL  =      3255.8421  VOLUME     =    151652.4948
                                                    Density    =         1.0414
 ------------------------------------------------------------------------------

wrapping first mol.:       19.38628       27.41634       47.48649
wrapping first mol.:       19.38628       27.41634       47.48649

 NSTEP =    10000   TIME(PS) =    4420.000  TEMP(K) =   302.86  PRESS =  -386.1
 Etot   =    -50158.0378  EKtot   =      9618.8594  EPtot      =    -59776.8972
 BOND   =       406.8943  ANGLE   =       998.7202  DIHED      =       709.8951
 1-4 NB =       464.9590  1-4 EEL =      5748.4840  VDWAALS    =      6380.3719
 EELEC  =    -74499.1843  EHBOND  =         0.0000  RESTRAINT  =        12.9626
 EAMBER (non-restraint)  =    -59789.8598
 EKCMT  =      4033.5293  VIRIAL  =      5295.9855  VOLUME     =    151439.8450
                                                    Density    =         1.0429
 ------------------------------------------------------------------------------

wrapping first mol.:       19.38956       27.42098       47.49453
wrapping first mol.:       19.38956       27.42098       47.49453

 NSTEP =    10500   TIME(PS) =    4421.000  TEMP(K) =   305.98  PRESS =    85.4
 Etot   =    -49966.6256  EKtot   =      9717.8887  EPtot      =    -59684.5143
 BOND   =       404.3721  ANGLE   =      1036.0169  DIHED      =       702.7436
 1-4 NB =       459.8143  1-4 EEL =      5734.6822  VDWAALS    =      6680.2328
 EELEC  =    -74716.0224  EHBOND  =         0.0000  RESTRAINT  =        13.6461
 EAMBER (non-restraint)  =    -59698.1604
 EKCMT  =      3968.3882  VIRIAL  =      3689.0252  VOLUME     =    151510.3898
                                                    Density    =         1.0424
 ------------------------------------------------------------------------------

wrapping first mol.:       19.39891       27.43420       47.51742
wrapping first mol.:       19.39891       27.43420       47.51742

 NSTEP =    11000   TIME(PS) =    4422.000  TEMP(K) =   294.16  PRESS =   -91.6
 Etot   =    -50328.2273  EKtot   =      9342.5576  EPtot      =    -59670.7849
 BOND   =       431.1322  ANGLE   =      1046.1452  DIHED      =       713.8450
 1-4 NB =       444.0448  1-4 EEL =      5721.2138  VDWAALS    =      6549.5433
 EELEC  =    -74590.7131  EHBOND  =         0.0000  RESTRAINT  =        14.0038
 EAMBER (non-restraint)  =    -59684.7887
 EKCMT  =      3933.8553  VIRIAL  =      4233.8936  VOLUME     =    151731.9332
                                                    Density    =         1.0409
 ------------------------------------------------------------------------------

wrapping first mol.:       19.40284       27.43976       47.52706
wrapping first mol.:       19.40284       27.43976       47.52706

 NSTEP =    11500   TIME(PS) =    4423.000  TEMP(K) =   301.09  PRESS =   -16.9
 Etot   =    -50160.9065  EKtot   =      9562.6992  EPtot      =    -59723.6057
 BOND   =       398.9200  ANGLE   =      1024.4784  DIHED      =       698.8382
 1-4 NB =       438.7458  1-4 EEL =      5705.4867  VDWAALS    =      6624.2073
 EELEC  =    -74625.5330  EHBOND  =         0.0000  RESTRAINT  =        11.2510
 EAMBER (non-restraint)  =    -59734.8567
 EKCMT  =      3996.9042  VIRIAL  =      4052.3584  VOLUME     =    151823.2843
                                                    Density    =         1.0403
 ------------------------------------------------------------------------------

wrapping first mol.:       19.38517       27.41478       47.48378
wrapping first mol.:       19.38517       27.41478       47.48378

 NSTEP =    12000   TIME(PS) =    4424.000  TEMP(K) =   302.96  PRESS =   -78.1
 Etot   =    -49920.6386  EKtot   =      9622.0410  EPtot      =    -59542.6796
 BOND   =       411.1525  ANGLE   =       987.4439  DIHED      =       702.9246
 1-4 NB =       464.1966  1-4 EEL =      5746.1839  VDWAALS    =      6461.9874
 EELEC  =    -74330.0995  EHBOND  =         0.0000  RESTRAINT  =        13.5309
 EAMBER (non-restraint)  =    -59556.2105
 EKCMT  =      3995.4714  VIRIAL  =      4250.7941  VOLUME     =    151409.7612
                                                    Density    =         1.0431
 ------------------------------------------------------------------------------

wrapping first mol.:       19.39087       27.42284       47.49774
wrapping first mol.:       19.39087       27.42284       47.49774

 NSTEP =    12500   TIME(PS) =    4425.000  TEMP(K) =   302.14  PRESS =    45.6
 Etot   =    -49920.8011  EKtot   =      9596.1406  EPtot      =    -59516.9418
 BOND   =       409.4172  ANGLE   =      1012.8265  DIHED      =       715.6424
 1-4 NB =       451.6959  1-4 EEL =      5730.5855  VDWAALS    =      6581.9315
 EELEC  =    -74430.8445  EHBOND  =         0.0000  RESTRAINT  =        11.8037
 EAMBER (non-restraint)  =    -59528.7454
 EKCMT  =      4015.1842  VIRIAL  =      3866.1216  VOLUME     =    151541.6930
                                                    Density    =         1.0422
 ------------------------------------------------------------------------------

wrapping first mol.:       19.37502       27.40041       47.45890
wrapping first mol.:       19.37502       27.40041       47.45890

 NSTEP =    13000   TIME(PS) =    4426.000  TEMP(K) =   298.01  PRESS =  -125.5
 Etot   =    -50054.3936  EKtot   =      9464.8965  EPtot      =    -59519.2901
 BOND   =       418.4458  ANGLE   =      1008.6662  DIHED      =       713.1026
 1-4 NB =       458.5327  1-4 EEL =      5749.2658  VDWAALS    =      6398.5826
 EELEC  =    -74277.0291  EHBOND  =         0.0000  RESTRAINT  =        11.1434
 EAMBER (non-restraint)  =    -59530.4334
 EKCMT  =      3935.2949  VIRIAL  =      4345.0091  VOLUME     =    151172.5590
                                                    Density    =         1.0447
 ------------------------------------------------------------------------------

wrapping first mol.:       19.38657       27.41674       47.48719
wrapping first mol.:       19.38657       27.41674       47.48719

 NSTEP =    13500   TIME(PS) =    4427.000  TEMP(K) =   298.94  PRESS =     6.2
 Etot   =    -50269.4080  EKtot   =      9494.4150  EPtot      =    -59763.8231
 BOND   =       389.9398  ANGLE   =       971.4206  DIHED      =       701.5303
 1-4 NB =       459.6728  1-4 EEL =      5787.4387  VDWAALS    =      6648.3110
 EELEC  =    -74736.2519  EHBOND  =         0.0000  RESTRAINT  =        14.1156
 EAMBER (non-restraint)  =    -59777.9386
 EKCMT  =      3947.1108  VIRIAL  =      3926.6831  VOLUME     =    151441.2410
                                                    Density    =         1.0429
 ------------------------------------------------------------------------------

wrapping first mol.:       19.38884       27.41995       47.49275
wrapping first mol.:       19.38884       27.41995       47.49275

 NSTEP =    14000   TIME(PS) =    4428.000  TEMP(K) =   297.77  PRESS =  -331.9
 Etot   =    -50390.2896  EKtot   =      9457.2715  EPtot      =    -59847.5611
 BOND   =       384.9518  ANGLE   =      1045.5901  DIHED      =       713.7365
 1-4 NB =       450.9947  1-4 EEL =      5751.8022  VDWAALS    =      6595.3766
 EELEC  =    -74802.2200  EHBOND  =         0.0000  RESTRAINT  =        12.2070
 EAMBER (non-restraint)  =    -59859.7681
 EKCMT  =      3910.7121  VIRIAL  =      4996.3306  VOLUME     =    151499.0173
                                                    Density    =         1.0425
 ------------------------------------------------------------------------------

wrapping first mol.:       19.40187       27.43838       47.52467
wrapping first mol.:       19.40187       27.43838       47.52467

 NSTEP =    14500   TIME(PS) =    4429.000  TEMP(K) =   300.47  PRESS =    27.6
 Etot   =    -50275.1397  EKtot   =      9542.8691  EPtot      =    -59818.0088
 BOND   =       389.2414  ANGLE   =      1012.0953  DIHED      =       712.7363
 1-4 NB =       451.2993  1-4 EEL =      5691.8215  VDWAALS    =      6640.4849
 EELEC  =    -74727.0329  EHBOND  =         0.0000  RESTRAINT  =        11.3452
 EAMBER (non-restraint)  =    -59829.3541
 EKCMT  =      3990.7630  VIRIAL  =      3900.3861  VOLUME     =    151799.7992
                                                    Density    =         1.0404
 ------------------------------------------------------------------------------

wrapping first mol.:       19.38813       27.41896       47.49103
wrapping first mol.:       19.38813       27.41896       47.49103

 NSTEP =    15000   TIME(PS) =    4430.000  TEMP(K) =   298.48  PRESS =    58.8
 Etot   =    -50188.5125  EKtot   =      9479.7910  EPtot      =    -59668.3035
 BOND   =       423.8967  ANGLE   =       981.7882  DIHED      =       708.4710
 1-4 NB =       435.7565  1-4 EEL =      5741.5895  VDWAALS    =      6604.1143
 EELEC  =    -74575.8821  EHBOND  =         0.0000  RESTRAINT  =        11.9624
 EAMBER (non-restraint)  =    -59680.2659
 EKCMT  =      3938.3806  VIRIAL  =      3745.9106  VOLUME     =    151477.2737
                                                    Density    =         1.0426
 ------------------------------------------------------------------------------

wrapping first mol.:       19.38550       27.41524       47.48458
wrapping first mol.:       19.38550       27.41524       47.48458

 NSTEP =    15500   TIME(PS) =    4431.000  TEMP(K) =   302.28  PRESS =   -74.3
 Etot   =    -50115.4110  EKtot   =      9600.4844  EPtot      =    -59715.8954
 BOND   =       405.8979  ANGLE   =      1019.3022  DIHED      =       709.2361
 1-4 NB =       455.1400  1-4 EEL =      5774.5978  VDWAALS    =      6597.0290
 EELEC  =    -74689.6591  EHBOND  =         0.0000  RESTRAINT  =        12.5607
 EAMBER (non-restraint)  =    -59728.4561
 EKCMT  =      4032.1591  VIRIAL  =      4275.1929  VOLUME     =    151417.3262
                                                    Density    =         1.0431
 ------------------------------------------------------------------------------

wrapping first mol.:       19.40128       27.43755       47.52322
wrapping first mol.:       19.40128       27.43755       47.52322

 NSTEP =    16000   TIME(PS) =    4432.000  TEMP(K) =   294.08  PRESS =     4.6
 Etot   =    -50321.8746  EKtot   =      9340.0830  EPtot      =    -59661.9576
 BOND   =       415.8847  ANGLE   =      1043.1508  DIHED      =       732.5157
 1-4 NB =       440.8721  1-4 EEL =      5755.6831  VDWAALS    =      6596.9047
 EELEC  =    -74659.2531  EHBOND  =         0.0000  RESTRAINT  =        12.2843
 EAMBER (non-restraint)  =    -59674.2420
 EKCMT  =      3849.9194  VIRIAL  =      3834.9362  VOLUME     =    151786.2498
                                                    Density    =         1.0405
 ------------------------------------------------------------------------------

wrapping first mol.:       19.39053       27.42235       47.49691
wrapping first mol.:       19.39053       27.42235       47.49691

 NSTEP =    16500   TIME(PS) =    4433.000  TEMP(K) =   297.18  PRESS =  -303.1
 Etot   =    -50299.7996  EKtot   =      9438.3662  EPtot      =    -59738.1658
 BOND   =       366.5926  ANGLE   =      1037.8840  DIHED      =       695.9997
 1-4 NB =       458.5264  1-4 EEL =      5733.4748  VDWAALS    =      6409.8027
 EELEC  =    -74452.9916  EHBOND  =         0.0000  RESTRAINT  =        12.5456
 EAMBER (non-restraint)  =    -59750.7113
 EKCMT  =      3948.3316  VIRIAL  =      4939.9956  VOLUME     =    151538.3924
                                                    Density    =         1.0422
 ------------------------------------------------------------------------------

wrapping first mol.:       19.37237       27.39667       47.45243
wrapping first mol.:       19.37237       27.39667       47.45243

 NSTEP =    17000   TIME(PS) =    4434.000  TEMP(K) =   295.50  PRESS =   220.0
 Etot   =    -50435.0859  EKtot   =      9385.2090  EPtot      =    -59820.2948
 BOND   =       380.3800  ANGLE   =      1024.3147  DIHED      =       723.8074
 1-4 NB =       462.6776  1-4 EEL =      5754.0702  VDWAALS    =      6797.4786
 EELEC  =    -74977.7955  EHBOND  =         0.0000  RESTRAINT  =        14.7720
 EAMBER (non-restraint)  =    -59835.0669
 EKCMT  =      3900.6185  VIRIAL  =      3182.9338  VOLUME     =    151106.0175
                                                    Density    =         1.0452
 ------------------------------------------------------------------------------

wrapping first mol.:       19.39088       27.42284       47.49775
wrapping first mol.:       19.39088       27.42284       47.49775

 NSTEP =    17500   TIME(PS) =    4435.000  TEMP(K) =   297.27  PRESS =   428.7
 Etot   =    -50286.6874  EKtot   =      9441.4111  EPtot      =    -59728.0986
 BOND   =       365.8160  ANGLE   =      1026.3719  DIHED      =       721.0781
 1-4 NB =       466.8691  1-4 EEL =      5792.9324  VDWAALS    =      6648.9839
 EELEC  =    -74762.6423  EHBOND  =         0.0000  RESTRAINT  =        12.4924
 EAMBER (non-restraint)  =    -59740.5910
 EKCMT  =      3920.4572  VIRIAL  =      2517.9644  VOLUME     =    151536.5555
                                                    Density    =         1.0422
 ------------------------------------------------------------------------------

wrapping first mol.:       19.39432       27.42770       47.50617
wrapping first mol.:       19.39432       27.42770       47.50617

 NSTEP =    18000   TIME(PS) =    4436.000  TEMP(K) =   296.24  PRESS =  -329.8
 Etot   =    -50440.0268  EKtot   =      9408.5283  EPtot      =    -59848.5551
 BOND   =       385.3868  ANGLE   =       964.0671  DIHED      =       709.4491
 1-4 NB =       449.8725  1-4 EEL =      5745.8442  VDWAALS    =      6594.6117
 EELEC  =    -74711.4786  EHBOND  =         0.0000  RESTRAINT  =        13.6921
 EAMBER (non-restraint)  =    -59862.2472
 EKCMT  =      3928.2609  VIRIAL  =      5007.9600  VOLUME     =    151627.4640
                                                    Density    =         1.0416
 ------------------------------------------------------------------------------

wrapping first mol.:       19.38139       27.40942       47.47450
wrapping first mol.:       19.38139       27.40942       47.47450

 NSTEP =    18500   TIME(PS) =    4437.000  TEMP(K) =   300.71  PRESS =  -208.9
 Etot   =    -50326.9630  EKtot   =      9550.6133  EPtot      =    -59877.5762
 BOND   =       397.5911  ANGLE   =      1031.3921  DIHED      =       712.3050
 1-4 NB =       442.4853  1-4 EEL =      5705.2185  VDWAALS    =      6631.1110
 EELEC  =    -74812.5436  EHBOND  =         0.0000  RESTRAINT  =        14.8643
 EAMBER (non-restraint)  =    -59892.4406
 EKCMT  =      3980.2182  VIRIAL  =      4662.8949  VOLUME     =    151322.7684
                                                    Density    =         1.0437
 ------------------------------------------------------------------------------

wrapping first mol.:       19.37784       27.40440       47.46581
wrapping first mol.:       19.37784       27.40440       47.46581

 NSTEP =    19000   TIME(PS) =    4438.000  TEMP(K) =   297.83  PRESS =   366.8
 Etot   =    -50393.8176  EKtot   =      9459.1816  EPtot      =    -59852.9993
 BOND   =       440.1971  ANGLE   =      1028.3489  DIHED      =       726.5350
 1-4 NB =       448.0588  1-4 EEL =      5758.2222  VDWAALS    =      6711.6769
 EELEC  =    -74980.8977  EHBOND  =         0.0000  RESTRAINT  =        14.8595
 EAMBER (non-restraint)  =    -59867.8587
 EKCMT  =      3902.7202  VIRIAL  =      2704.9782  VOLUME     =    151231.9110
                                                    Density    =         1.0443
 ------------------------------------------------------------------------------

wrapping first mol.:       19.37857       27.40544       47.46762
wrapping first mol.:       19.37857       27.40544       47.46762

 NSTEP =    19500   TIME(PS) =    4439.000  TEMP(K) =   302.80  PRESS =  -328.8
 Etot   =    -50109.0780  EKtot   =      9617.0684  EPtot      =    -59726.1464
 BOND   =       417.3655  ANGLE   =      1037.1512  DIHED      =       715.7619
 1-4 NB =       455.2906  1-4 EEL =      5738.9286  VDWAALS    =      6420.1819
 EELEC  =    -74523.4435  EHBOND  =         0.0000  RESTRAINT  =        12.6174
 EAMBER (non-restraint)  =    -59738.7638
 EKCMT  =      3999.5011  VIRIAL  =      5073.3424  VOLUME     =    151258.5649
                                                    Density    =         1.0442
 ------------------------------------------------------------------------------

wrapping first mol.:       19.37714       27.40341       47.46410
wrapping first mol.:       19.37714       27.40341       47.46410

 NSTEP =    20000   TIME(PS) =    4440.000  TEMP(K) =   300.72  PRESS =   172.3
 Etot   =    -50203.4585  EKtot   =      9551.0098  EPtot      =    -59754.4683
 BOND   =       383.5277  ANGLE   =      1025.2238  DIHED      =       713.2248
 1-4 NB =       477.2442  1-4 EEL =      5764.6059  VDWAALS    =      6718.2069
 EELEC  =    -74849.2564  EHBOND  =         0.0000  RESTRAINT  =        12.7548
 EAMBER (non-restraint)  =    -59767.2231
 EKCMT  =      4035.1061  VIRIAL  =      3472.6624  VOLUME     =    151218.1675
                                                    Density    =         1.0444
 ------------------------------------------------------------------------------

wrapping first mol.:       19.38651       27.41666       47.48705
wrapping first mol.:       19.38651       27.41666       47.48705

 NSTEP =    20500   TIME(PS) =    4441.000  TEMP(K) =   299.27  PRESS =    46.5
 Etot   =    -50193.3475  EKtot   =      9504.8223  EPtot      =    -59698.1698
 BOND   =       397.9091  ANGLE   =       962.1439  DIHED      =       708.7160
 1-4 NB =       458.4935  1-4 EEL =      5785.4763  VDWAALS    =      6522.1653
 EELEC  =    -74547.8928  EHBOND  =         0.0000  RESTRAINT  =        14.8189
 EAMBER (non-restraint)  =    -59712.9887
 EKCMT  =      3989.1153  VIRIAL  =      3837.0195  VOLUME     =    151439.3745
                                                    Density    =         1.0429
 ------------------------------------------------------------------------------

wrapping first mol.:       19.38285       27.41149       47.47810
wrapping first mol.:       19.38285       27.41149       47.47810

 NSTEP =    21000   TIME(PS) =    4442.000  TEMP(K) =   297.80  PRESS =  -299.8
 Etot   =    -50176.9801  EKtot   =      9458.1035  EPtot      =    -59635.0836
 BOND   =       413.9281  ANGLE   =       983.6772  DIHED      =       692.5173
 1-4 NB =       449.2014  1-4 EEL =      5705.2141  VDWAALS    =      6345.6845
 EELEC  =    -74240.3904  EHBOND  =         0.0000  RESTRAINT  =        15.0843
 EAMBER (non-restraint)  =    -59650.1679
 EKCMT  =      3896.8683  VIRIAL  =      4876.7335  VOLUME     =    151358.4031
                                                    Density    =         1.0435
 ------------------------------------------------------------------------------

wrapping first mol.:       19.37274       27.39719       47.45332
wrapping first mol.:       19.37274       27.39719       47.45332

 NSTEP =    21500   TIME(PS) =    4443.000  TEMP(K) =   301.21  PRESS =  -106.1
 Etot   =    -50146.9174  EKtot   =      9566.6064  EPtot      =    -59713.5238
 BOND   =       404.3805  ANGLE   =      1022.8065  DIHED      =       684.3699
 1-4 NB =       445.1844  1-4 EEL =      5748.9893  VDWAALS    =      6560.3451
 EELEC  =    -74593.4828  EHBOND  =         0.0000  RESTRAINT  =        13.8833
 EAMBER (non-restraint)  =    -59727.4071
 EKCMT  =      3994.4132  VIRIAL  =      4340.6484  VOLUME     =    151118.9006
                                                    Density    =         1.0451
 ------------------------------------------------------------------------------

wrapping first mol.:       19.36968       27.39287       47.44583
wrapping first mol.:       19.36968       27.39287       47.44583

 NSTEP =    22000   TIME(PS) =    4444.000  TEMP(K) =   297.94  PRESS =   105.2
 Etot   =    -50440.0328  EKtot   =      9462.6738  EPtot      =    -59902.7066
 BOND   =       398.9020  ANGLE   =      1014.0782  DIHED      =       708.3588
 1-4 NB =       448.8127  1-4 EEL =      5771.6633  VDWAALS    =      6586.3397
 EELEC  =    -74844.2234  EHBOND  =         0.0000  RESTRAINT  =        13.3619
 EAMBER (non-restraint)  =    -59916.0685
 EKCMT  =      3949.1311  VIRIAL  =      3606.1365  VOLUME     =    151044.5942
                                                    Density    =         1.0456
 ------------------------------------------------------------------------------

wrapping first mol.:       19.38743       27.41796       47.48930
wrapping first mol.:       19.38743       27.41796       47.48930

 NSTEP =    22500   TIME(PS) =    4445.000  TEMP(K) =   297.45  PRESS =    43.4
 Etot   =    -50530.6686  EKtot   =      9447.0498  EPtot      =    -59977.7184
 BOND   =       417.7672  ANGLE   =      1043.7605  DIHED      =       726.7644
 1-4 NB =       452.3143  1-4 EEL =      5757.9469  VDWAALS    =      6459.4351
 EELEC  =    -74849.7021  EHBOND  =         0.0000  RESTRAINT  =        13.9954
 EAMBER (non-restraint)  =    -59991.7138
 EKCMT  =      3947.2632  VIRIAL  =      3805.2105  VOLUME     =    151460.9165
                                                    Density    =         1.0428
 ------------------------------------------------------------------------------

wrapping first mol.:       19.38405       27.41318       47.48102
wrapping first mol.:       19.38405       27.41318       47.48102

 NSTEP =    23000   TIME(PS) =    4446.000  TEMP(K) =   299.90  PRESS =   -65.3
 Etot   =    -50345.4683  EKtot   =      9524.9805  EPtot      =    -59870.4487
 BOND   =       414.0929  ANGLE   =      1004.2561  DIHED      =       696.5638
 1-4 NB =       447.1570  1-4 EEL =      5771.6227  VDWAALS    =      6526.6609
 EELEC  =    -74745.0337  EHBOND  =         0.0000  RESTRAINT  =        14.2315
 EAMBER (non-restraint)  =    -59884.6802
 EKCMT  =      4038.5617  VIRIAL  =      4252.1234  VOLUME     =    151383.2240
                                                    Density    =         1.0433
 ------------------------------------------------------------------------------

wrapping first mol.:       19.40322       27.44030       47.52799
wrapping first mol.:       19.40322       27.44030       47.52799

 NSTEP =    23500   TIME(PS) =    4447.000  TEMP(K) =   302.61  PRESS =   136.5
 Etot   =    -49988.4205  EKtot   =      9610.9287  EPtot      =    -59599.3492
 BOND   =       390.8562  ANGLE   =      1012.0042  DIHED      =       705.8157
 1-4 NB =       451.3564  1-4 EEL =      5708.4118  VDWAALS    =      6556.7903
 EELEC  =    -74439.4916  EHBOND  =         0.0000  RESTRAINT  =        14.9078
 EAMBER (non-restraint)  =    -59614.2570
 EKCMT  =      4029.1776  VIRIAL  =      3581.8572  VOLUME     =    151830.1764
                                                    Density    =         1.0402
 ------------------------------------------------------------------------------

wrapping first mol.:       19.39833       27.43337       47.51600
wrapping first mol.:       19.39833       27.43337       47.51600

 NSTEP =    24000   TIME(PS) =    4448.000  TEMP(K) =   300.83  PRESS =   -20.9
 Etot   =    -50305.0881  EKtot   =      9554.3330  EPtot      =    -59859.4211
 BOND   =       406.6322  ANGLE   =      1029.1790  DIHED      =       715.3884
 1-4 NB =       455.2820  1-4 EEL =      5750.1862  VDWAALS    =      6704.2201
 EELEC  =    -74938.3560  EHBOND  =         0.0000  RESTRAINT  =        18.0469
 EAMBER (non-restraint)  =    -59877.4680
 EKCMT  =      3998.5279  VIRIAL  =      4066.8354  VOLUME     =    151717.3651
                                                    Density    =         1.0410
 ------------------------------------------------------------------------------

wrapping first mol.:       19.40435       27.44189       47.53074
wrapping first mol.:       19.40435       27.44189       47.53074

 NSTEP =    24500   TIME(PS) =    4449.000  TEMP(K) =   296.09  PRESS =   128.2
 Etot   =    -50304.7522  EKtot   =      9403.9355  EPtot      =    -59708.6878
 BOND   =       420.7809  ANGLE   =       998.4376  DIHED      =       701.2852
 1-4 NB =       472.7888  1-4 EEL =      5752.1449  VDWAALS    =      6680.0381
 EELEC  =    -74749.4393  EHBOND  =         0.0000  RESTRAINT  =        15.2762
 EAMBER (non-restraint)  =    -59723.9639
 EKCMT  =      3957.4296  VIRIAL  =      3536.9683  VOLUME     =    151856.6306
                                                    Density    =         1.0400
 ------------------------------------------------------------------------------

wrapping first mol.:       19.43269       27.48197       47.60016
wrapping first mol.:       19.43269       27.48197       47.60016

 NSTEP =    25000   TIME(PS) =    4450.000  TEMP(K) =   299.35  PRESS =    72.9
 Etot   =    -50171.9671  EKtot   =      9507.5830  EPtot      =    -59679.5501
 BOND   =       389.2494  ANGLE   =      1017.2435  DIHED      =       693.3563
 1-4 NB =       466.3680  1-4 EEL =      5718.7223  VDWAALS    =      6720.2991
 EELEC  =    -74698.9352  EHBOND  =         0.0000  RESTRAINT  =        14.1466
 EAMBER (non-restraint)  =    -59693.6967
 EKCMT  =      4066.9713  VIRIAL  =      3826.7631  VOLUME     =    152523.7036
                                                    Density    =         1.0355
 ------------------------------------------------------------------------------

wrapping first mol.:       19.42135       27.46593       47.57239
wrapping first mol.:       19.42135       27.46593       47.57239

 NSTEP =    25500   TIME(PS) =    4451.000  TEMP(K) =   296.48  PRESS =   244.2
 Etot   =    -50308.3070  EKtot   =      9416.3633  EPtot      =    -59724.6703
 BOND   =       431.7166  ANGLE   =      1025.6011  DIHED      =       736.7578
 1-4 NB =       449.3511  1-4 EEL =      5712.0598  VDWAALS    =      6817.7376
 EELEC  =    -74913.5419  EHBOND  =         0.0000  RESTRAINT  =        15.6476
 EAMBER (non-restraint)  =    -59740.3179
 EKCMT  =      3955.0883  VIRIAL  =      3152.3544  VOLUME     =    152254.6041
                                                    Density    =         1.0373
 ------------------------------------------------------------------------------

wrapping first mol.:       19.42704       27.47398       47.58632
wrapping first mol.:       19.42704       27.47398       47.58632

 NSTEP =    26000   TIME(PS) =    4452.000  TEMP(K) =   302.12  PRESS =  -119.1
 Etot   =    -50062.1453  EKtot   =      9595.2822  EPtot      =    -59657.4276
 BOND   =       391.1599  ANGLE   =      1073.8188  DIHED      =       709.8399
 1-4 NB =       449.5606  1-4 EEL =      5708.6870  VDWAALS    =      6525.4337
 EELEC  =    -74531.8848  EHBOND  =         0.0000  RESTRAINT  =        15.9575
 EAMBER (non-restraint)  =    -59673.3850
 EKCMT  =      3981.5148  VIRIAL  =      4373.4970  VOLUME     =    152393.3315
                                                    Density    =         1.0364
 ------------------------------------------------------------------------------

wrapping first mol.:       19.42886       27.47656       47.59079
wrapping first mol.:       19.42886       27.47656       47.59079

 NSTEP =    26500   TIME(PS) =    4453.000  TEMP(K) =   301.98  PRESS =  -146.6
 Etot   =    -50165.0662  EKtot   =      9591.1064  EPtot      =    -59756.1727
 BOND   =       418.1714  ANGLE   =      1061.6725  DIHED      =       707.0058
 1-4 NB =       440.7984  1-4 EEL =      5719.8149  VDWAALS    =      6686.2138
 EELEC  =    -74807.7441  EHBOND  =         0.0000  RESTRAINT  =        17.8944
 EAMBER (non-restraint)  =    -59774.0671
 EKCMT  =      4064.2316  VIRIAL  =      4546.6806  VOLUME     =    152436.6636
                                                    Density    =         1.0361
 ------------------------------------------------------------------------------

wrapping first mol.:       19.41321       27.45442       47.55245
wrapping first mol.:       19.41321       27.45442       47.55245

 NSTEP =    27000   TIME(PS) =    4454.000  TEMP(K) =   298.97  PRESS =  -182.5
 Etot   =    -50259.1541  EKtot   =      9495.3154  EPtot      =    -59754.4695
 BOND   =       410.6117  ANGLE   =      1072.2946  DIHED      =       713.4169
 1-4 NB =       463.4467  1-4 EEL =      5707.5520  VDWAALS    =      6546.4321
 EELEC  =    -74683.6199  EHBOND  =         0.0000  RESTRAINT  =        15.3964
 EAMBER (non-restraint)  =    -59769.8659
 EKCMT  =      4000.3688  VIRIAL  =      4599.6007  VOLUME     =    152069.0371
                                                    Density    =         1.0386
 ------------------------------------------------------------------------------

wrapping first mol.:       19.40156       27.43795       47.52391
wrapping first mol.:       19.40156       27.43795       47.52391

 NSTEP =    27500   TIME(PS) =    4455.000  TEMP(K) =   301.30  PRESS =  -162.5
 Etot   =    -50162.1911  EKtot   =      9569.3975  EPtot      =    -59731.5885
 BOND   =       405.6675  ANGLE   =      1029.2434  DIHED      =       713.4360
 1-4 NB =       447.5210  1-4 EEL =      5728.2583  VDWAALS    =      6648.2703
 EELEC  =    -74723.1592  EHBOND  =         0.0000  RESTRAINT  =        19.1741
 EAMBER (non-restraint)  =    -59750.7626
 EKCMT  =      3994.2082  VIRIAL  =      4526.8341  VOLUME     =    151795.1357
                                                    Density    =         1.0405
 ------------------------------------------------------------------------------

wrapping first mol.:       19.39091       27.42289       47.49784
wrapping first mol.:       19.39091       27.42289       47.49784

 NSTEP =    28000   TIME(PS) =    4456.000  TEMP(K) =   298.05  PRESS =   -63.6
 Etot   =    -50396.9233  EKtot   =      9466.1875  EPtot      =    -59863.1108
 BOND   =       410.9986  ANGLE   =      1003.7882  DIHED      =       710.1908
 1-4 NB =       457.9010  1-4 EEL =      5704.2257  VDWAALS    =      6583.3235
 EELEC  =    -74747.8349  EHBOND  =         0.0000  RESTRAINT  =        14.2964
 EAMBER (non-restraint)  =    -59877.4072
 EKCMT  =      3942.8754  VIRIAL  =      4150.9263  VOLUME     =    151544.0769
                                                    Density    =         1.0422
 ------------------------------------------------------------------------------

wrapping first mol.:       19.40613       27.44441       47.53511
wrapping first mol.:       19.40613       27.44441       47.53511

 NSTEP =    28500   TIME(PS) =    4457.000  TEMP(K) =   298.63  PRESS =   124.1
 Etot   =    -50241.1224  EKtot   =      9484.6357  EPtot      =    -59725.7582
 BOND   =       404.0279  ANGLE   =       965.3747  DIHED      =       699.1558
 1-4 NB =       443.1039  1-4 EEL =      5760.0261  VDWAALS    =      6813.8281
 EELEC  =    -74824.0162  EHBOND  =         0.0000  RESTRAINT  =        12.7415
 EAMBER (non-restraint)  =    -59738.4997
 EKCMT  =      3977.1994  VIRIAL  =      3570.2652  VOLUME     =    151898.5842
                                                    Density    =         1.0398
 ------------------------------------------------------------------------------

wrapping first mol.:       19.39654       27.43084       47.51161
wrapping first mol.:       19.39654       27.43084       47.51161

 NSTEP =    29000   TIME(PS) =    4458.000  TEMP(K) =   302.00  PRESS =    74.3
 Etot   =    -50154.8247  EKtot   =      9591.7568  EPtot      =    -59746.5815
 BOND   =       390.7400  ANGLE   =      1018.1047  DIHED      =       714.5680
 1-4 NB =       460.7885  1-4 EEL =      5788.5758  VDWAALS    =      6566.2284
 EELEC  =    -74699.6001  EHBOND  =         0.0000  RESTRAINT  =        14.0132
 EAMBER (non-restraint)  =    -59760.5947
 EKCMT  =      3987.4936  VIRIAL  =      3744.2606  VOLUME     =    151674.0956
                                                    Density    =         1.0413
 ------------------------------------------------------------------------------

wrapping first mol.:       19.39586       27.42989       47.50995
wrapping first mol.:       19.39586       27.42989       47.50995

 NSTEP =    29500   TIME(PS) =    4459.000  TEMP(K) =   303.01  PRESS =   -77.2
 Etot   =    -50063.0382  EKtot   =      9623.7959  EPtot      =    -59686.8341
 BOND   =       400.3658  ANGLE   =      1007.0880  DIHED      =       711.3281
 1-4 NB =       453.8008  1-4 EEL =      5766.9433  VDWAALS    =      6535.2461
 EELEC  =    -74577.9290  EHBOND  =         0.0000  RESTRAINT  =        16.3228
 EAMBER (non-restraint)  =    -59703.1569
 EKCMT  =      3986.9306  VIRIAL  =      4239.8352  VOLUME     =    151660.2382
                                                    Density    =         1.0414
 ------------------------------------------------------------------------------

wrapping first mol.:       19.40066       27.43667       47.52171
wrapping first mol.:       19.40066       27.43667       47.52171

 NSTEP =    30000   TIME(PS) =    4460.000  TEMP(K) =   298.78  PRESS =  -123.1
 Etot   =    -50233.9125  EKtot   =      9489.4102  EPtot      =    -59723.3227
 BOND   =       394.2825  ANGLE   =      1039.3621  DIHED      =       696.9851
 1-4 NB =       444.8892  1-4 EEL =      5726.8906  VDWAALS    =      6559.6620
 EELEC  =    -74598.8460  EHBOND  =         0.0000  RESTRAINT  =        13.4518
 EAMBER (non-restraint)  =    -59736.7745
 EKCMT  =      3986.8592  VIRIAL  =      4390.1340  VOLUME     =    151773.4608
                                                    Density    =         1.0406
 ------------------------------------------------------------------------------

wrapping first mol.:       19.38914       27.42039       47.49351
wrapping first mol.:       19.38914       27.42039       47.49351

 NSTEP =    30500   TIME(PS) =    4461.000  TEMP(K) =   301.76  PRESS =   352.9
 Etot   =    -50061.5178  EKtot   =      9583.9590  EPtot      =    -59645.4768
 BOND   =       382.4238  ANGLE   =      1004.1876  DIHED      =       697.5401
 1-4 NB =       445.9615  1-4 EEL =      5742.9162  VDWAALS    =      6651.7611
 EELEC  =    -74583.8166  EHBOND  =         0.0000  RESTRAINT  =        13.5495
 EAMBER (non-restraint)  =    -59659.0263
 EKCMT  =      3988.0976  VIRIAL  =      2833.7172  VOLUME     =    151496.9882
                                                    Density    =         1.0425
 ------------------------------------------------------------------------------

wrapping first mol.:       19.38537       27.41506       47.48427
wrapping first mol.:       19.38537       27.41506       47.48427

 NSTEP =    31000   TIME(PS) =    4462.000  TEMP(K) =   301.85  PRESS =   271.5
 Etot   =    -50136.8017  EKtot   =      9586.7578  EPtot      =    -59723.5595
 BOND   =       405.4618  ANGLE   =      1010.9911  DIHED      =       705.2029
 1-4 NB =       457.7687  1-4 EEL =      5736.4872  VDWAALS    =      6585.4379
 EELEC  =    -74639.4846  EHBOND  =         0.0000  RESTRAINT  =        14.5755
 EAMBER (non-restraint)  =    -59738.1350
 EKCMT  =      3965.9132  VIRIAL  =      3078.3824  VOLUME     =    151409.6986
                                                    Density    =         1.0431
 ------------------------------------------------------------------------------

wrapping first mol.:       19.39889       27.43418       47.51738
wrapping first mol.:       19.39889       27.43418       47.51738

 NSTEP =    31500   TIME(PS) =    4463.000  TEMP(K) =   302.51  PRESS =    64.9
 Etot   =    -50110.7577  EKtot   =      9607.8125  EPtot      =    -59718.5702
 BOND   =       392.5629  ANGLE   =      1000.3289  DIHED      =       710.6404
 1-4 NB =       457.8691  1-4 EEL =      5757.9431  VDWAALS    =      6615.0384
 EELEC  =    -74666.9041  EHBOND  =         0.0000  RESTRAINT  =        13.9512
 EAMBER (non-restraint)  =    -59732.5214
 EKCMT  =      3980.3548  VIRIAL  =      3767.6707  VOLUME     =    151729.5068
                                                    Density    =         1.0409
 ------------------------------------------------------------------------------

wrapping first mol.:       19.40724       27.44599       47.53784
wrapping first mol.:       19.40724       27.44599       47.53784

 NSTEP =    32000   TIME(PS) =    4464.000  TEMP(K) =   296.02  PRESS =   232.3
 Etot   =    -50276.1868  EKtot   =      9401.6416  EPtot      =    -59677.8284
 BOND   =       409.4311  ANGLE   =      1008.2780  DIHED      =       712.6824
 1-4 NB =       457.8217  1-4 EEL =      5742.4513  VDWAALS    =      6733.7613
 EELEC  =    -74756.7965  EHBOND  =         0.0000  RESTRAINT  =        14.5423
 EAMBER (non-restraint)  =    -59692.3707
 EKCMT  =      3946.6255  VIRIAL  =      3184.7717  VOLUME     =    151923.2976
                                                    Density    =         1.0396
 ------------------------------------------------------------------------------

wrapping first mol.:       19.41276       27.45379       47.55136
wrapping first mol.:       19.41276       27.45379       47.55136

 NSTEP =    32500   TIME(PS) =    4465.000  TEMP(K) =   304.57  PRESS =   563.7
 Etot   =    -50012.7812  EKtot   =      9673.0869  EPtot      =    -59685.8682
 BOND   =       414.2813  ANGLE   =      1033.3780  DIHED      =       700.7442
 1-4 NB =       441.7779  1-4 EEL =      5677.8430  VDWAALS    =      6731.9091
 EELEC  =    -74700.9493  EHBOND  =         0.0000  RESTRAINT  =        15.1476
 EAMBER (non-restraint)  =    -59701.0158
 EKCMT  =      4026.6135  VIRIAL  =      2176.0154  VOLUME     =    152048.4062
                                                    Density    =         1.0387
 ------------------------------------------------------------------------------

wrapping first mol.:       19.41450       27.45625       47.55561
wrapping first mol.:       19.41450       27.45625       47.55561

 NSTEP =    33000   TIME(PS) =    4466.000  TEMP(K) =   302.64  PRESS =    47.3
 Etot   =    -50190.3581  EKtot   =      9611.8848  EPtot      =    -59802.2429
 BOND   =       397.4208  ANGLE   =      1022.8667  DIHED      =       733.1662
 1-4 NB =       457.6310  1-4 EEL =      5794.9246  VDWAALS    =      6649.9158
 EELEC  =    -74874.4248  EHBOND  =         0.0000  RESTRAINT  =        16.2568
 EAMBER (non-restraint)  =    -59818.4997
 EKCMT  =      4050.3090  VIRIAL  =      3894.8870  VOLUME     =    152096.2178
                                                    Density    =         1.0384
 ------------------------------------------------------------------------------

wrapping first mol.:       19.41990       27.46389       47.56885
wrapping first mol.:       19.41990       27.46389       47.56885

 NSTEP =    33500   TIME(PS) =    4467.000  TEMP(K) =   297.78  PRESS =  -212.1
 Etot   =    -50243.1013  EKtot   =      9457.6943  EPtot      =    -59700.7957
 BOND   =       367.2454  ANGLE   =      1035.2035  DIHED      =       715.2105
 1-4 NB =       452.0376  1-4 EEL =      5752.6283  VDWAALS    =      6491.3370
 EELEC  =    -74526.4297  EHBOND  =         0.0000  RESTRAINT  =        11.9717
 EAMBER (non-restraint)  =    -59712.7674
 EKCMT  =      3903.6475  VIRIAL  =      4600.7549  VOLUME     =    152226.8337
                                                    Density    =         1.0375
 ------------------------------------------------------------------------------

wrapping first mol.:       19.41517       27.45719       47.55724
wrapping first mol.:       19.41517       27.45719       47.55724

 NSTEP =    34000   TIME(PS) =    4468.000  TEMP(K) =   304.33  PRESS =   -79.0
 Etot   =    -50154.2566  EKtot   =      9665.5986  EPtot      =    -59819.8553
 BOND   =       391.9831  ANGLE   =       991.7324  DIHED      =       713.5932
 1-4 NB =       459.8009  1-4 EEL =      5755.1738  VDWAALS    =      6642.2277
 EELEC  =    -74787.2421  EHBOND  =         0.0000  RESTRAINT  =        12.8757
 EAMBER (non-restraint)  =    -59832.7310
 EKCMT  =      4048.3198  VIRIAL  =      4307.9045  VOLUME     =    152113.6050
                                                    Density    =         1.0383
 ------------------------------------------------------------------------------

wrapping first mol.:       19.41440       27.45611       47.55537
wrapping first mol.:       19.41440       27.45611       47.55537

 NSTEP =    34500   TIME(PS) =    4469.000  TEMP(K) =   301.60  PRESS =   -56.7
 Etot   =    -50166.3402  EKtot   =      9578.9180  EPtot      =    -59745.2581
 BOND   =       392.9367  ANGLE   =      1019.7601  DIHED      =       700.9315
 1-4 NB =       456.0441  1-4 EEL =      5715.2076  VDWAALS    =      6452.6710
 EELEC  =    -74495.4828  EHBOND  =         0.0000  RESTRAINT  =        12.6736
 EAMBER (non-restraint)  =    -59757.9318
 EKCMT  =      3932.1688  VIRIAL  =      4118.2647  VOLUME     =    152095.3156
                                                    Density    =         1.0384
 ------------------------------------------------------------------------------

wrapping first mol.:       19.41276       27.45378       47.55134
wrapping first mol.:       19.41276       27.45378       47.55134

 NSTEP =    35000   TIME(PS) =    4470.000  TEMP(K) =   299.25  PRESS =   101.9
 Etot   =    -50305.3097  EKtot   =      9504.3203  EPtot      =    -59809.6300
 BOND   =       399.5961  ANGLE   =      1006.6099  DIHED      =       710.0541
 1-4 NB =       443.4715  1-4 EEL =      5800.3915  VDWAALS    =      6725.5383
 EELEC  =    -74908.3044  EHBOND  =         0.0000  RESTRAINT  =        13.0131
 EAMBER (non-restraint)  =    -59822.6431
 EKCMT  =      3989.9998  VIRIAL  =      3655.4649  VOLUME     =    152054.5259
                                                    Density    =         1.0387
 ------------------------------------------------------------------------------

wrapping first mol.:       19.41491       27.45683       47.55663
wrapping first mol.:       19.41491       27.45683       47.55663

 NSTEP =    35500   TIME(PS) =    4471.000  TEMP(K) =   298.05  PRESS =  -190.9
 Etot   =    -50404.7918  EKtot   =      9466.1475  EPtot      =    -59870.9393
 BOND   =       390.8390  ANGLE   =      1004.9791  DIHED      =       714.3054
 1-4 NB =       465.5066  1-4 EEL =      5751.2677  VDWAALS    =      6571.2107
 EELEC  =    -74782.9673  EHBOND  =         0.0000  RESTRAINT  =        13.9194
 EAMBER (non-restraint)  =    -59884.8587
 EKCMT  =      3990.9884  VIRIAL  =      4618.1100  VOLUME     =    152109.2336
                                                    Density    =         1.0383
 ------------------------------------------------------------------------------

wrapping first mol.:       19.43121       27.47988       47.59655
wrapping first mol.:       19.43121       27.47988       47.59655

 NSTEP =    36000   TIME(PS) =    4472.000  TEMP(K) =   299.14  PRESS =   234.3
 Etot   =    -50226.3814  EKtot   =      9500.6641  EPtot      =    -59727.0455
 BOND   =       398.3762  ANGLE   =      1021.8822  DIHED      =       721.4637
 1-4 NB =       464.9652  1-4 EEL =      5718.9077  VDWAALS    =      6645.7022
 EELEC  =    -74710.6065  EHBOND  =         0.0000  RESTRAINT  =        12.2639
 EAMBER (non-restraint)  =    -59739.3093
 EKCMT  =      3988.7307  VIRIAL  =      3217.3297  VOLUME     =    152486.8052
                                                    Density    =         1.0357
 ------------------------------------------------------------------------------

wrapping first mol.:       19.41429       27.45595       47.55510
wrapping first mol.:       19.41429       27.45595       47.55510

 NSTEP =    36500   TIME(PS) =    4473.000  TEMP(K) =   296.37  PRESS =   181.8
 Etot   =    -50451.1554  EKtot   =      9412.7012  EPtot      =    -59863.8566
 BOND   =       364.8691  ANGLE   =       988.9102  DIHED      =       719.3816
 1-4 NB =       457.0219  1-4 EEL =      5792.0157  VDWAALS    =      6704.6437
 EELEC  =    -74902.8640  EHBOND  =         0.0000  RESTRAINT  =        12.1651
 EAMBER (non-restraint)  =    -59876.0217
 EKCMT  =      3916.3756  VIRIAL  =      3319.2854  VOLUME     =    152089.5266
                                                    Density    =         1.0384
 ------------------------------------------------------------------------------

wrapping first mol.:       19.41208       27.45283       47.54969
wrapping first mol.:       19.41208       27.45283       47.54969

 NSTEP =    37000   TIME(PS) =    4474.000  TEMP(K) =   299.78  PRESS =   239.7
 Etot   =    -50472.4247  EKtot   =      9520.9795  EPtot      =    -59993.4042
 BOND   =       397.6354  ANGLE   =      1013.3449  DIHED      =       688.3332
 1-4 NB =       455.6024  1-4 EEL =      5785.9204  VDWAALS    =      6797.3728
 EELEC  =    -75145.9375  EHBOND  =         0.0000  RESTRAINT  =        14.3242
 EAMBER (non-restraint)  =    -60007.7284
 EKCMT  =      3970.1682  VIRIAL  =      3183.4247  VOLUME     =    152036.8459
                                                    Density    =         1.0388
 ------------------------------------------------------------------------------

wrapping first mol.:       19.39296       27.42579       47.50286
wrapping first mol.:       19.39296       27.42579       47.50286

 NSTEP =    37500   TIME(PS) =    4475.000  TEMP(K) =   297.81  PRESS =    59.0
 Etot   =    -50410.5869  EKtot   =      9458.5967  EPtot      =    -59869.1835
 BOND   =       409.3732  ANGLE   =      1012.3783  DIHED      =       698.4718
 1-4 NB =       450.6063  1-4 EEL =      5738.3692  VDWAALS    =      6658.4793
 EELEC  =    -74851.3096  EHBOND  =         0.0000  RESTRAINT  =        14.4479
 EAMBER (non-restraint)  =    -59883.6314
 EKCMT  =      3979.5835  VIRIAL  =      3786.5014  VOLUME     =    151590.4902
                                                    Density    =         1.0419
 ------------------------------------------------------------------------------

wrapping first mol.:       19.39554       27.42943       47.50917
wrapping first mol.:       19.39554       27.42943       47.50917

 NSTEP =    38000   TIME(PS) =    4476.000  TEMP(K) =   300.21  PRESS =  -286.2
 Etot   =    -50171.5384  EKtot   =      9534.7939  EPtot      =    -59706.3323
 BOND   =       396.8402  ANGLE   =       974.4111  DIHED      =       719.0246
 1-4 NB =       465.4366  1-4 EEL =      5750.4571  VDWAALS    =      6506.1815
 EELEC  =    -74533.2095  EHBOND  =         0.0000  RESTRAINT  =        14.5259
 EAMBER (non-restraint)  =    -59720.8582
 EKCMT  =      4053.0074  VIRIAL  =      4990.0675  VOLUME     =    151655.5966
                                                    Density    =         1.0414
 ------------------------------------------------------------------------------

wrapping first mol.:       19.39370       27.42684       47.50467
wrapping first mol.:       19.39370       27.42684       47.50467

 NSTEP =    38500   TIME(PS) =    4477.000  TEMP(K) =   299.11  PRESS =    64.1
 Etot   =    -50122.0085  EKtot   =      9499.8135  EPtot      =    -59621.8220
 BOND   =       403.4954  ANGLE   =      1027.7117  DIHED      =       701.8134
 1-4 NB =       451.2235  1-4 EEL =      5746.7554  VDWAALS    =      6531.9380
 EELEC  =    -74499.9168  EHBOND  =         0.0000  RESTRAINT  =        15.1574
 EAMBER (non-restraint)  =    -59636.9794
 EKCMT  =      3953.6353  VIRIAL  =      3743.8522  VOLUME     =    151607.7721
                                                    Density    =         1.0417
 ------------------------------------------------------------------------------

wrapping first mol.:       19.40152       27.43789       47.52382
wrapping first mol.:       19.40152       27.43789       47.52382

 NSTEP =    39000   TIME(PS) =    4478.000  TEMP(K) =   296.80  PRESS =   -32.7
 Etot   =    -50065.6534  EKtot   =      9426.5479  EPtot      =    -59492.2012
 BOND   =       445.3943  ANGLE   =      1018.4691  DIHED      =       706.4245
 1-4 NB =       454.8155  1-4 EEL =      5682.1833  VDWAALS    =      6580.5271
 EELEC  =    -74396.4905  EHBOND  =         0.0000  RESTRAINT  =        16.4754
 EAMBER (non-restraint)  =    -59508.6767
 EKCMT  =      3909.2854  VIRIAL  =      4016.5935  VOLUME     =    151792.5142
                                                    Density    =         1.0405
 ------------------------------------------------------------------------------

wrapping first mol.:       19.38747       27.41802       47.48940
wrapping first mol.:       19.38747       27.41802       47.48940

 NSTEP =    39500   TIME(PS) =    4479.000  TEMP(K) =   298.44  PRESS =   355.4
 Etot   =    -50225.6445  EKtot   =      9478.4941  EPtot      =    -59704.1387
 BOND   =       403.2944  ANGLE   =      1004.8772  DIHED      =       701.7990
 1-4 NB =       446.3184  1-4 EEL =      5715.4020  VDWAALS    =      6674.9341
 EELEC  =    -74667.8217  EHBOND  =         0.0000  RESTRAINT  =        17.0579
 EAMBER (non-restraint)  =    -59721.1966
 EKCMT  =      3922.2716  VIRIAL  =      2760.1333  VOLUME     =    151457.6782
                                                    Density    =         1.0428
 ------------------------------------------------------------------------------

wrapping first mol.:       19.39164       27.42392       47.49962
wrapping first mol.:       19.39164       27.42392       47.49962

 NSTEP =    40000   TIME(PS) =    4480.000  TEMP(K) =   302.79  PRESS =   185.8
 Etot   =    -50102.5818  EKtot   =      9616.8037  EPtot      =    -59719.3855
 BOND   =       411.1656  ANGLE   =      1026.3201  DIHED      =       693.2119
 1-4 NB =       447.8407  1-4 EEL =      5758.7960  VDWAALS    =      6643.5713
 EELEC  =    -74715.9094  EHBOND  =         0.0000  RESTRAINT  =        15.6181
 EAMBER (non-restraint)  =    -59735.0037
 EKCMT  =      4091.4297  VIRIAL  =      3483.4467  VOLUME     =    151557.8115
                                                    Density    =         1.0421
 ------------------------------------------------------------------------------

wrapping first mol.:       19.40184       27.43835       47.52461
wrapping first mol.:       19.40184       27.43835       47.52461

 NSTEP =    40500   TIME(PS) =    4481.000  TEMP(K) =   298.72  PRESS =  -119.4
 Etot   =    -50072.7763  EKtot   =      9487.3711  EPtot      =    -59560.1474
 BOND   =       419.0452  ANGLE   =      1013.8220  DIHED      =       691.4165
 1-4 NB =       451.7239  1-4 EEL =      5739.4311  VDWAALS    =      6485.0748
 EELEC  =    -74375.7261  EHBOND  =         0.0000  RESTRAINT  =        15.0652
 EAMBER (non-restraint)  =    -59575.2126
 EKCMT  =      3928.8815  VIRIAL  =      4320.0777  VOLUME     =    151801.2232
                                                    Density    =         1.0404
 ------------------------------------------------------------------------------

wrapping first mol.:       19.40128       27.43756       47.52324
wrapping first mol.:       19.40128       27.43756       47.52324

 NSTEP =    41000   TIME(PS) =    4482.000  TEMP(K) =   302.57  PRESS =    20.7
 Etot   =    -50081.1080  EKtot   =      9609.8232  EPtot      =    -59690.9313
 BOND   =       382.1867  ANGLE   =      1026.1377  DIHED      =       697.9975
 1-4 NB =       454.3855  1-4 EEL =      5747.6964  VDWAALS    =      6582.2648
 EELEC  =    -74594.8726  EHBOND  =         0.0000  RESTRAINT  =        13.2728
 EAMBER (non-restraint)  =    -59704.2041
 EKCMT  =      4055.4826  VIRIAL  =      3987.7772  VOLUME     =    151786.1854
                                                    Density    =         1.0405
 ------------------------------------------------------------------------------

wrapping first mol.:       19.38804       27.41883       47.49080
wrapping first mol.:       19.38804       27.41883       47.49080

 NSTEP =    41500   TIME(PS) =    4483.000  TEMP(K) =   305.32  PRESS =   195.6
 Etot   =    -50159.4751  EKtot   =      9697.1191  EPtot      =    -59856.5942
 BOND   =       404.0392  ANGLE   =      1035.2965  DIHED      =       706.0264
 1-4 NB =       463.2464  1-4 EEL =      5762.2777  VDWAALS    =      6794.5902
 EELEC  =    -75036.4912  EHBOND  =         0.0000  RESTRAINT  =        14.4206
 EAMBER (non-restraint)  =    -59871.0148
 EKCMT  =      4093.5933  VIRIAL  =      3453.7530  VOLUME     =    151473.2251
                                                    Density    =         1.0427
 ------------------------------------------------------------------------------

wrapping first mol.:       19.40132       27.43762       47.52334
wrapping first mol.:       19.40132       27.43762       47.52334

 NSTEP =    42000   TIME(PS) =    4484.000  TEMP(K) =   302.19  PRESS =   -37.7
 Etot   =    -50161.7625  EKtot   =      9597.6719  EPtot      =    -59759.4343
 BOND   =       407.4764  ANGLE   =      1012.9902  DIHED      =       705.7061
 1-4 NB =       451.9617  1-4 EEL =      5734.2981  VDWAALS    =      6538.2755
 EELEC  =    -74626.2256  EHBOND  =         0.0000  RESTRAINT  =        16.0832
 EAMBER (non-restraint)  =    -59775.5175
 EKCMT  =      4056.7302  VIRIAL  =      4180.3135  VOLUME     =    151787.9607
                                                    Density    =         1.0405
 ------------------------------------------------------------------------------

wrapping first mol.:       19.39848       27.43359       47.51636
wrapping first mol.:       19.39848       27.43359       47.51636

 NSTEP =    42500   TIME(PS) =    4485.000  TEMP(K) =   299.01  PRESS =   -24.5
 Etot   =    -50375.2951  EKtot   =      9496.5098  EPtot      =    -59871.8049
 BOND   =       391.4852  ANGLE   =      1048.1140  DIHED      =       691.9262
 1-4 NB =       460.7929  1-4 EEL =      5716.5058  VDWAALS    =      6692.3814
 EELEC  =    -74889.3595  EHBOND  =         0.0000  RESTRAINT  =        16.3491
 EAMBER (non-restraint)  =    -59888.1540
 EKCMT  =      3938.0781  VIRIAL  =      4018.1925  VOLUME     =    151720.9510
                                                    Density    =         1.0410
 ------------------------------------------------------------------------------

wrapping first mol.:       19.42101       27.46545       47.57155
wrapping first mol.:       19.42101       27.46545       47.57155

 NSTEP =    43000   TIME(PS) =    4486.000  TEMP(K) =   301.22  PRESS =   -85.8
 Etot   =    -50194.6423  EKtot   =      9566.8760  EPtot      =    -59761.5182
 BOND   =       394.7912  ANGLE   =      1064.8220  DIHED      =       714.2157
 1-4 NB =       449.0604  1-4 EEL =      5731.8078  VDWAALS    =      6709.5152
 EELEC  =    -74842.0479  EHBOND  =         0.0000  RESTRAINT  =        16.3174
 EAMBER (non-restraint)  =    -59777.8356
 EKCMT  =      4010.1408  VIRIAL  =      4292.2787  VOLUME     =    152251.0076
                                                    Density    =         1.0373
 ------------------------------------------------------------------------------

wrapping first mol.:       19.41432       27.45599       47.55517
wrapping first mol.:       19.41432       27.45599       47.55517

 NSTEP =    43500   TIME(PS) =    4487.000  TEMP(K) =   302.80  PRESS =  -470.7
 Etot   =    -50411.9897  EKtot   =      9616.8584  EPtot      =    -60028.8481
 BOND   =       387.3986  ANGLE   =      1003.5150  DIHED      =       723.8223
 1-4 NB =       464.1270  1-4 EEL =      5756.0771  VDWAALS    =      6592.3053
 EELEC  =    -74971.6476  EHBOND  =         0.0000  RESTRAINT  =        15.5541
 EAMBER (non-restraint)  =    -60044.4022
 EKCMT  =      3972.8843  VIRIAL  =      5518.6731  VOLUME     =    152099.0714
                                                    Density    =         1.0384
 ------------------------------------------------------------------------------

wrapping first mol.:       19.41026       27.45026       47.54524
wrapping first mol.:       19.41026       27.45026       47.54524

 NSTEP =    44000   TIME(PS) =    4488.000  TEMP(K) =   301.57  PRESS =   -98.5
 Etot   =    -50383.3952  EKtot   =      9577.8535  EPtot      =    -59961.2487
 BOND   =       414.2942  ANGLE   =       912.8358  DIHED      =       701.5807
 1-4 NB =       464.6337  1-4 EEL =      5762.9847  VDWAALS    =      6739.6532
 EELEC  =    -74971.0738  EHBOND  =         0.0000  RESTRAINT  =        13.8428
 EAMBER (non-restraint)  =    -59975.0915
 EKCMT  =      4039.6774  VIRIAL  =      4363.0133  VOLUME     =    151998.7001
                                                    Density    =         1.0391
 ------------------------------------------------------------------------------

wrapping first mol.:       19.39404       27.42731       47.50549
wrapping first mol.:       19.39404       27.42731       47.50549

 NSTEP =    44500   TIME(PS) =    4489.000  TEMP(K) =   300.82  PRESS =   118.3
 Etot   =    -50301.0299  EKtot   =      9554.0342  EPtot      =    -59855.0641
 BOND   =       387.1044  ANGLE   =      1030.8123  DIHED      =       694.7596
 1-4 NB =       446.7714  1-4 EEL =      5738.7001  VDWAALS    =      6750.0711
 EELEC  =    -74918.8321  EHBOND  =         0.0000  RESTRAINT  =        15.5491
 EAMBER (non-restraint)  =    -59870.6132
 EKCMT  =      4017.3492  VIRIAL  =      3630.1056  VOLUME     =    151614.8897
                                                    Density    =         1.0417
 ------------------------------------------------------------------------------

wrapping first mol.:       19.39408       27.42737       47.50559
wrapping first mol.:       19.39408       27.42737       47.50559

 NSTEP =    45000   TIME(PS) =    4490.000  TEMP(K) =   302.47  PRESS =   -12.4
 Etot   =    -50234.9244  EKtot   =      9606.4453  EPtot      =    -59841.3697
 BOND   =       408.6491  ANGLE   =      1008.5898  DIHED      =       702.6827
 1-4 NB =       447.1007  1-4 EEL =      5709.0201  VDWAALS    =      6685.7460
 EELEC  =    -74819.3470  EHBOND  =         0.0000  RESTRAINT  =        16.1889
 EAMBER (non-restraint)  =    -59857.5586
 EKCMT  =      4066.6750  VIRIAL  =      4107.2275  VOLUME     =    151617.5735
                                                    Density    =         1.0417
 ------------------------------------------------------------------------------

wrapping first mol.:       19.38187       27.41010       47.47568
wrapping first mol.:       19.38187       27.41010       47.47568

 NSTEP =    45500   TIME(PS) =    4491.000  TEMP(K) =   300.91  PRESS =   181.7
 Etot   =    -50074.6323  EKtot   =      9557.0693  EPtot      =    -59631.7017
 BOND   =       408.1261  ANGLE   =       978.5344  DIHED      =       707.3629
 1-4 NB =       442.8749  1-4 EEL =      5733.5928  VDWAALS    =      6567.5448
 EELEC  =    -74487.5690  EHBOND  =         0.0000  RESTRAINT  =        17.8314
 EAMBER (non-restraint)  =    -59649.5331
 EKCMT  =      4021.9440  VIRIAL  =      3428.2497  VOLUME     =    151328.7980
                                                    Density    =         1.0437
 ------------------------------------------------------------------------------

wrapping first mol.:       19.38885       27.41998       47.49280
wrapping first mol.:       19.38885       27.41998       47.49280

 NSTEP =    46000   TIME(PS) =    4492.000  TEMP(K) =   302.36  PRESS =   199.9
 Etot   =    -50078.7004  EKtot   =      9602.8828  EPtot      =    -59681.5832
 BOND   =       418.3335  ANGLE   =      1027.0104  DIHED      =       718.3277
 1-4 NB =       445.8832  1-4 EEL =      5722.2829  VDWAALS    =      6660.9650
 EELEC  =    -74693.0534  EHBOND  =         0.0000  RESTRAINT  =        18.6675
 EAMBER (non-restraint)  =    -59700.2507
 EKCMT  =      3973.3587  VIRIAL  =      3319.4144  VOLUME     =    151492.2643
                                                    Density    =         1.0425
 ------------------------------------------------------------------------------

wrapping first mol.:       19.40120       27.43744       47.52304
wrapping first mol.:       19.40120       27.43744       47.52304

 NSTEP =    46500   TIME(PS) =    4493.000  TEMP(K) =   300.33  PRESS =    47.4
 Etot   =    -50069.7763  EKtot   =      9538.7139  EPtot      =    -59608.4902
 BOND   =       422.1559  ANGLE   =      1027.9606  DIHED      =       682.2321
 1-4 NB =       450.8336  1-4 EEL =      5700.1225  VDWAALS    =      6618.0034
 EELEC  =    -74526.6663  EHBOND  =         0.0000  RESTRAINT  =        16.8680
 EAMBER (non-restraint)  =    -59625.3582
 EKCMT  =      4042.3449  VIRIAL  =      3886.9755  VOLUME     =    151783.8883
                                                    Density    =         1.0405
 ------------------------------------------------------------------------------

wrapping first mol.:       19.38269       27.41126       47.47769
wrapping first mol.:       19.38269       27.41126       47.47769

 NSTEP =    47000   TIME(PS) =    4494.000  TEMP(K) =   299.76  PRESS =  -216.5
 Etot   =    -50289.3939  EKtot   =      9520.3135  EPtot      =    -59809.7074
 BOND   =       373.9438  ANGLE   =      1039.8986  DIHED      =       713.2887
 1-4 NB =       456.9275  1-4 EEL =      5772.5618  VDWAALS    =      6496.1206
 EELEC  =    -74675.4007  EHBOND  =         0.0000  RESTRAINT  =        12.9523
 EAMBER (non-restraint)  =    -59822.6597
 EKCMT  =      3996.2523  VIRIAL  =      4703.8337  VOLUME     =    151353.3388
                                                    Density    =         1.0435
 ------------------------------------------------------------------------------

wrapping first mol.:       19.37444       27.39959       47.45748
wrapping first mol.:       19.37444       27.39959       47.45748

 NSTEP =    47500   TIME(PS) =    4495.000  TEMP(K) =   300.04  PRESS =    93.4
 Etot   =    -50148.0891  EKtot   =      9529.3291  EPtot      =    -59677.4182
 BOND   =       387.3490  ANGLE   =      1021.7009  DIHED      =       705.8613
 1-4 NB =       466.2149  1-4 EEL =      5729.7022  VDWAALS    =      6528.6530
 EELEC  =    -74532.5033  EHBOND  =         0.0000  RESTRAINT  =        15.6039
 EAMBER (non-restraint)  =    -59693.0221
 EKCMT  =      3955.6952  VIRIAL  =      3650.8815  VOLUME     =    151155.9737
                                                    Density    =         1.0449
 ------------------------------------------------------------------------------

wrapping first mol.:       19.39596       27.43003       47.51020
wrapping first mol.:       19.39596       27.43003       47.51020

 NSTEP =    48000   TIME(PS) =    4496.000  TEMP(K) =   304.36  PRESS =   185.3
 Etot   =    -49982.6035  EKtot   =      9666.6279  EPtot      =    -59649.2314
 BOND   =       412.2837  ANGLE   =      1029.0507  DIHED      =       699.9601
 1-4 NB =       454.6641  1-4 EEL =      5760.9422  VDWAALS    =      6568.7087
 EELEC  =    -74590.4932  EHBOND  =         0.0000  RESTRAINT  =        15.6523
 EAMBER (non-restraint)  =    -59664.8837
 EKCMT  =      4150.2329  VIRIAL  =      3543.5331  VOLUME     =    151659.0501
                                                    Density    =         1.0414
 ------------------------------------------------------------------------------

wrapping first mol.:       19.37665       27.40272       47.46291
wrapping first mol.:       19.37665       27.40272       47.46291

 NSTEP =    48500   TIME(PS) =    4497.000  TEMP(K) =   296.16  PRESS =   129.8
 Etot   =    -50291.9826  EKtot   =      9406.0215  EPtot      =    -59698.0041
 BOND   =       432.3815  ANGLE   =      1047.8682  DIHED      =       724.4356
 1-4 NB =       463.8146  1-4 EEL =      5769.2424  VDWAALS    =      6606.2167
 EELEC  =    -74756.7112  EHBOND  =         0.0000  RESTRAINT  =        14.7480
 EAMBER (non-restraint)  =    -59712.7521
 EKCMT  =      4004.0304  VIRIAL  =      3580.1672  VOLUME     =    151207.3687
                                                    Density    =         1.0445
 ------------------------------------------------------------------------------

wrapping first mol.:       19.38256       27.41108       47.47738
wrapping first mol.:       19.38256       27.41108       47.47738

 NSTEP =    49000   TIME(PS) =    4498.000  TEMP(K) =   301.46  PRESS =  -273.9
 Etot   =    -50191.7978  EKtot   =      9574.4590  EPtot      =    -59766.2568
 BOND   =       392.2105  ANGLE   =      1002.2369  DIHED      =       711.1484
 1-4 NB =       444.0235  1-4 EEL =      5699.9343  VDWAALS    =      6476.9446
 EELEC  =    -74509.2814  EHBOND  =         0.0000  RESTRAINT  =        16.5263
 EAMBER (non-restraint)  =    -59782.7831
 EKCMT  =      4019.7588  VIRIAL  =      4914.7271  VOLUME     =    151351.2143
                                                    Density    =         1.0435
 ------------------------------------------------------------------------------

wrapping first mol.:       19.38211       27.41045       47.47628
wrapping first mol.:       19.38211       27.41045       47.47628

 NSTEP =    49500   TIME(PS) =    4499.000  TEMP(K) =   301.71  PRESS =   -75.2
 Etot   =    -50178.9489  EKtot   =      9582.3369  EPtot      =    -59761.2858
 BOND   =       390.1194  ANGLE   =      1033.2562  DIHED      =       704.9917
 1-4 NB =       472.5089  1-4 EEL =      5754.3244  VDWAALS    =      6465.2607
 EELEC  =    -74597.3976  EHBOND  =         0.0000  RESTRAINT  =        15.6505
 EAMBER (non-restraint)  =    -59776.9363
 EKCMT  =      4069.7868  VIRIAL  =      4315.4054  VOLUME     =    151338.0281
                                                    Density    =         1.0436
 ------------------------------------------------------------------------------

wrapping first mol.:       19.38167       27.40983       47.47521
wrapping first mol.:       19.38167       27.40983       47.47521

 NSTEP =    50000   TIME(PS) =    4500.000  TEMP(K) =   301.22  PRESS =    -6.1
 Etot   =    -50022.1805  EKtot   =      9566.9619  EPtot      =    -59589.1425
 BOND   =       393.1535  ANGLE   =      1050.8217  DIHED      =       717.2339
 1-4 NB =       443.4645  1-4 EEL =      5700.0082  VDWAALS    =      6460.7162
 EELEC  =    -74366.9746  EHBOND  =         0.0000  RESTRAINT  =        12.4341
 EAMBER (non-restraint)  =    -59601.5765
 EKCMT  =      4007.7406  VIRIAL  =      4027.7854  VOLUME     =    151326.8045
                                                    Density    =         1.0437
 ------------------------------------------------------------------------------


      A V E R A G E S   O V E R     100 S T E P S


 NSTEP =    50000   TIME(PS) =    4500.000  TEMP(K) =   300.20  PRESS =     2.7
 Etot   =    -50212.3460  EKtot   =      9534.5161  EPtot      =    -59746.8621
 BOND   =       401.3123  ANGLE   =      1018.0412  DIHED      =       707.9555
 1-4 NB =       453.3357  1-4 EEL =      5738.9687  VDWAALS    =      6595.2564
 EELEC  =    -74675.5188  EHBOND  =         0.0000  RESTRAINT  =        13.7869
 EAMBER (non-restraint)  =    -59760.6490
 EKCMT  =      3987.8626  VIRIAL  =      3979.0652  VOLUME     =    151633.5048
                                                    Density    =         1.0416
 ------------------------------------------------------------------------------


      R M S  F L U C T U A T I O N S


 NSTEP =    50000   TIME(PS) =    4500.000  TEMP(K) =     2.42  PRESS =   186.8
 Etot   =       132.0194  EKtot   =        76.9655  EPtot      =       105.6359
 BOND   =        16.4638  ANGLE   =        26.4969  DIHED      =        11.9542
 1-4 NB =         8.5995  1-4 EEL =        29.1120  VDWAALS    =       105.3879
 EELEC  =       174.3916  EHBOND  =         0.0000  RESTRAINT  =         2.1817
 EAMBER (non-restraint)  =       103.4541
 EKCMT  =        50.5235  VIRIAL  =       613.8407  VOLUME     =       354.3750
                                                    Density    =         0.0024
 ------------------------------------------------------------------------------

--------------------------------------------------------------------------------
   5.  TIMINGS
--------------------------------------------------------------------------------

|  NonSetup CPU Time in Major Routines:
|
|     Routine           Sec        %
|     ------------------------------
|     Nonbond          69.70   83.52
|     Bond              0.00    0.00
|     Angle             0.00    0.00
|     Dihedral          0.00    0.00
|     Shake             0.25    0.30
|     RunMD            13.41   16.07
|     Other             0.09    0.11
|     ------------------------------
|     Total            83.46

|  PME Nonbond Pairlist CPU Time:
|
|     Routine              Sec        %
|     ---------------------------------
|     Set Up Cit           0.00    0.00
|     Build List           0.00    0.00
|     ---------------------------------
|     Total                0.00    0.00

|  PME Direct Force CPU Time:
|
|     Routine              Sec        %
|     ---------------------------------
|     NonBonded Calc       0.00    0.00
|     Exclude Masked       0.00    0.00
|     Other                0.06    0.07
|     ---------------------------------
|     Total                0.06    0.07

|  PME Reciprocal Force CPU Time:
|
|     Routine              Sec        %
|     ---------------------------------
|     1D bspline           0.00    0.00
|     Grid Charges         0.00    0.00
|     Scalar Sum           0.00    0.00
|     Gradient Sum         0.00    0.00
|     FFT                  0.00    0.00
|     ---------------------------------
|     Total                0.00    0.00

|  Final Performance Info:
|     -----------------------------------------------------
|     Average timings for last   13500 steps:
|     Elapsed(s) =      22.54 Per Step(ms) =       1.67
|         ns/day =     103.51   seconds/ns =     834.67
|
|     Average timings for all steps:
|     Elapsed(s) =      83.46 Per Step(ms) =       1.67
|         ns/day =     103.53   seconds/ns =     834.56
|     -----------------------------------------------------

|  Setup CPU time:            0.59 seconds
|  NonSetup CPU time:        83.46 seconds
|  Total CPU time:           84.05 seconds     0.02 hours

|  Setup wall time:           0    seconds
|  NonSetup wall time:       84    seconds
|  Total wall time:          84    seconds     0.02 hours
