
          -------------------------------------------------------
          Amber 18 PMEMD                              2018
          -------------------------------------------------------

| PMEMD implementation of SANDER, Release 18

| Run on 09/29/2019 at 22:25:39

|   Executable path: pmemd.cuda
| Working directory: /home/pbarletta/lbp/run/1ifb/mhe/e
|          Hostname: Unknown
  [-O]verwriting output

File Assignments:
|   MDIN: 4equ.in                                                               
|  MDOUT: 4equ.out                                                              
| INPCRD: 3e1ifb.rst7                                                           
|   PARM: /home/pbarletta/lbp/top_files/1ifb.prmtop                             
| RESTRT: 4e1ifb.rst7                                                           
|   REFC: 3e1ifb.rst7                                                           
|  MDVEL: mdvel                                                                 
|   MDEN: mden                                                                  
|  MDCRD: 4e1ifb.nc                                                             
| MDINFO: mdinfo                                                                
|  MDFRC: mdfrc                                                                 


 Here is the input file:

Equilibration with solute restrictions                                         
&cntrl                                                                         
imin = 0,                           ! No Minimization                          
nmropt = 0,                         ! No NMR restraints read                   
                                                                               
! Nature and format of the input                                               
ntx = 5,                            ! Coordinates but no velocities will be rea
irest = 1,                          ! Do not run a new simulation              
                                                                               
! Nature and format of the output                                              
ntxo = 1,                           ! rstrt file in ASCII format               
ntpr = 500,                         ! inf in output every ntpr steps           
ntwr = 500,                         ! rstrt file every ntwr steps              
ntwx = 500,                         ! mdcrd file every ntwx steps              
ntwv = 0,                           ! mdvel without velocities                 
ntwe = 0,                           ! Do not write energies and temperatures   
idecomp = 0,                        ! No energy decomposition                  
iwrap = 1,                          ! Coordinates of the restart and mdcrd file
                                                                               
! Frozen or restrained atoms                                                   
ibelly = 0,                         ! No frozen atoms                          
ntr=1,                              ! Harmonic potential restraints            
restraint_wt = 10.0,                ! The weight for the positional restraints 
restraintmask = ':1-131@N,CA,C,O',  ! restrained residues                      
                                                                               
! Molecular dynamics                                                           
nstlim = 50000,                     ! Number of MD-steps                       
dt = 0.002,                         ! Time step                                
                                                                               
! Temperature regulation                                                       
ntt = 3,                            ! Langevin thermostat                      
gamma_ln = 5,                       ! Gamma constant for Langevin              
temp0 = 300.0,                      ! Reference T at which the system is to be 
tempi = 300.0,                      ! Initial T                                
ig = -1,                            ! Seed for the RNG                         
                                                                               
! P and V regulation                                                           
ntp = 1,                            ! constant P                               
barostat = 1,                       ! Berendsen barostat                       
taup = 1,                           ! Pressure relaxation time                 
ntb = 2,                            ! Periodic box for constant P              
                                                                               
! SHAKE variables                                                              
ntc = 2,                            ! Bonds involving H are constrained        
ntf = 2,                            ! Bond interaction involving H are ommited.
                                                                               
cut = 10.0,                         ! Nonbonded cutoff                         
/                                                                              
&end                                                                           


Note: ig = -1. Setting random seed to   817907 based on wallclock time in 
      microseconds.
| irandom = 1, using AMBER's internal random number generator (default).
 
|--------------------- INFORMATION ----------------------
| GPU (CUDA) Version of PMEMD in use: NVIDIA GPU IN USE.
|                    Version 18.0.0
| 
|                      03/25/2018
| 
| Implementation by:
|                    Ross C. Walker     (SDSC)
|                    Scott Le Grand     (nVIDIA)
| 
| Version 18 performance extensions by:
|                    David Cerutti     (Rutgers)
| 
| Precision model in use:
|      [SPFP] - Single Precision Forces, 64-bit Fixed Point
|               Accumulation. (Default)
| 
|--------------------------------------------------------
 
|----------------- CITATION INFORMATION -----------------
|
|    When publishing work that utilized the CUDA version
|    of AMBER, please cite the following in addition to
|    the regular AMBER citations:
|
|  - Romelia Salomon-Ferrer; Andreas W. Goetz; Duncan
|    Poole; Scott Le Grand; Ross C. Walker "Routine
|    microsecond molecular dynamics simulations with
|    AMBER - Part II: Particle Mesh Ewald", J. Chem.
|    Theory Comput., 2013, 9 (9), pp3878-3888,
|    DOI: 10.1021/ct400314y.
|
|  - Andreas W. Goetz; Mark J. Williamson; Dong Xu;
|    Duncan Poole; Scott Le Grand; Ross C. Walker
|    "Routine microsecond molecular dynamics simulations
|    with AMBER - Part I: Generalized Born", J. Chem.
|    Theory Comput., 2012, 8 (5), pp1542-1555.
|
|  - Scott Le Grand; Andreas W. Goetz; Ross C. Walker
|    "SPFP: Speed without compromise - a mixed precision
|    model for GPU accelerated molecular dynamics
|    simulations.", Comp. Phys. Comm., 2013, 184
|    pp374-380, DOI: 10.1016/j.cpc.2012.09.022
|
|--------------------------------------------------------
 
|------------------- GPU DEVICE INFO --------------------
|
|            CUDA_VISIBLE_DEVICES: 0
|   CUDA Capable Devices Detected:      1
|           CUDA Device ID in use:      0
|                CUDA Device Name: GeForce GTX 1060 6GB
|     CUDA Device Global Mem Size:   6078 MB
| CUDA Device Num Multiprocessors:     10
|           CUDA Device Core Freq:   1.76 GHz
|
|--------------------------------------------------------
 
 
| Conditional Compilation Defines Used:
| PUBFFT
| BINTRAJ
| CUDA
| EMIL

| Largest sphere to fit in unit cell has radius =    23.775

| New format PARM file being parsed.
| Version =    1.000 Date = 09/29/19 Time = 21:52:31

| Note: 1-4 EEL scale factors are being read from the topology file.

| Note: 1-4 VDW scale factors are being read from the topology file.
| Duplicated    0 dihedrals

| Duplicated    0 dihedrals

--------------------------------------------------------------------------------
   1.  RESOURCE   USE: 
--------------------------------------------------------------------------------

 getting new box info from bottom of inpcrd
 NATOM  =   19901 NTYPES =      17 NBONH =   14397 MBONA  =    5520
 NTHETH =    2406 MTHETA =    1438 NPHIH =    4850 MPHIA  =    4505
 NHPARM =       0 NPARM  =       0 NNB   =   42760 NRES   =    4578
 NBONA  =    5520 NTHETA =    1438 NPHIA =    4505 NUMBND =      69
 NUMANG =     155 NPTRA  =     178 NATYP =      35 NPHB   =       1
 IFBOX  =       2 NMXRS  =      24 IFCAP =       0 NEXTRA =    4447
 NCOPY  =       0

| Coordinate Index Table dimensions:     9    9    9
| Direct force subcell size =     6.4707    6.4707    6.4707

     BOX TYPE: TRUNCATED OCTAHEDRON

--------------------------------------------------------------------------------
   2.  CONTROL  DATA  FOR  THE  RUN
--------------------------------------------------------------------------------

default_name                                                                    

General flags:
     imin    =       0, nmropt  =       0

Nature and format of input:
     ntx     =       5, irest   =       1, ntrx    =       1

Nature and format of output:
     ntxo    =       1, ntpr    =     500, ntrx    =       1, ntwr    =     500
     iwrap   =       1, ntwx    =     500, ntwv    =       0, ntwe    =       0
     ioutfm  =       1, ntwprt  =       0, idecomp =       0, rbornstat=      0

Potential function:
     ntf     =       2, ntb     =       2, igb     =       0, nsnb    =      25
     ipol    =       0, gbsa    =       0, iesp    =       0
     dielc   =   1.00000, cut     =  10.00000, intdiel =   1.00000

Frozen or restrained atoms:
     ibelly  =       0, ntr     =       1
     restraint_wt =  10.00000

Molecular dynamics:
     nstlim  =     50000, nscm    =         0, nrespa  =         1
     t       =   0.00000, dt      =   0.00200, vlimit  =  -1.00000

Langevin dynamics temperature regulation:
     ig      =  817907
     temp0   = 300.00000, tempi   = 300.00000, gamma_ln=   5.00000

Pressure regulation:
     ntp     =       1
     pres0   =   1.00000, comp    =  44.60000, taup    =   1.00000

SHAKE:
     ntc     =       2, jfastw  =       0
     tol     =   0.00001

| Intermolecular bonds treatment:
|     no_intermolecular_bonds =       1

| Energy averages sample interval:
|     ene_avg_sampling =     500

Extra-points options:
     frameon =       1, chngmask=       1

Ewald parameters:
     verbose =       0, ew_type =       0, nbflag  =       1, use_pme =       1
     vdwmeth =       1, eedmeth =       1, netfrc  =       1
     Box X =   58.237   Box Y =   58.237   Box Z =   58.237
     Alpha =  109.471   Beta  =  109.471   Gamma =  109.471
     NFFT1 =   64       NFFT2 =   64       NFFT3 =   64
     Cutoff=   10.000   Tol   =0.100E-04
     Ewald Coefficient =  0.27511
     Interpolation order =    4

    LOADING THE CONSTRAINED ATOMS AS GROUPS


   5.  REFERENCE ATOM COORDINATES

  default_name                                                                    
     Mask :1-131@N,CA,C,O; matches   524 atoms
|      EXTRA_PTS, trim_bonds: num bonds BEFORE trim = 14397     0
|      EXTRA_PTS, trim_bonds: num bonds AFTER  trim = 14397     0
|      EXTRA_PTS, trim_bonds: num bonds BEFORE trim =  5520     0
|      EXTRA_PTS, trim_bonds: num bonds AFTER  trim =  1073     0
|      EXTRA_PTS, trim_theta: num angle BEFORE trim =  2406     0
|      EXTRA_PTS, trim_theta: num angle AFTER  trim =  2406     0
|      EXTRA_PTS, trim_theta: num angle BEFORE trim =  1438     0
|      EXTRA_PTS, trim_theta: num angle AFTER  trim =  1438     0
|      EXTRA_PTS, trim_phi:  num diheds BEFORE trim =  4850     0
|      EXTRA_PTS, trim_phi:  num diheds AFTER  trim =  4850     0
|      EXTRA_PTS, trim_phi:  num diheds BEFORE trim =  4505     0
|      EXTRA_PTS, trim_phi:  num diheds AFTER  trim =  4505     0

--------------------------------------------------------------------------------
   3.  ATOMIC COORDINATES AND VELOCITIES
--------------------------------------------------------------------------------

default_name                                                                    
 begin time read from input coords =   700.000 ps

 
 Number of triangulated 3-point waters found:     4447

     Sum of charges from parm topology file =   0.00002436
     Forcing neutrality...

| Dynamic Memory, Types Used:
| Reals              996413
| Integers          1467781

| Nonbonded Pairs Initial Allocation:     6019554

| GPU memory information (estimate):
| KB of GPU memory in use:         0
| KB of CPU memory in use:         0

--------------------------------------------------------------------------------
   4.  RESULTS
--------------------------------------------------------------------------------

wrapping first mol.:       19.43789       27.48933       47.61292
wrapping first mol.:       19.43789       27.48933       47.61292

 NSTEP =      500   TIME(PS) =     701.000  TEMP(K) =   296.81  PRESS =    26.3
 Etot   =    -50089.3944  EKtot   =      9426.7451  EPtot      =    -59516.1395
 BOND   =       387.6645  ANGLE   =      1052.3071  DIHED      =       695.2058
 1-4 NB =       456.4546  1-4 EEL =      5732.8611  VDWAALS    =      6636.0423
 EELEC  =    -74617.4269  EHBOND  =         0.0000  RESTRAINT  =       140.7520
 EAMBER (non-restraint)  =    -59656.8915
 EKCMT  =      3957.6975  VIRIAL  =      3871.0958  VOLUME     =    152647.0225
                                                    Density    =         1.0347
 ------------------------------------------------------------------------------

wrapping first mol.:       19.44015       27.49252       47.61844
wrapping first mol.:       19.44015       27.49252       47.61844

 NSTEP =     1000   TIME(PS) =     702.000  TEMP(K) =   300.91  PRESS =   -87.4
 Etot   =    -49903.1553  EKtot   =      9557.0391  EPtot      =    -59460.1944
 BOND   =       409.1358  ANGLE   =       991.1846  DIHED      =       678.2523
 1-4 NB =       471.8669  1-4 EEL =      5733.2964  VDWAALS    =      6597.3116
 EELEC  =    -74464.5595  EHBOND  =         0.0000  RESTRAINT  =       123.3176
 EAMBER (non-restraint)  =    -59583.5119
 EKCMT  =      4020.7810  VIRIAL  =      4309.0395  VOLUME     =    152701.6770
                                                    Density    =         1.0343
 ------------------------------------------------------------------------------

wrapping first mol.:       19.43239       27.48154       47.59942
wrapping first mol.:       19.43239       27.48154       47.59942

 NSTEP =     1500   TIME(PS) =     703.000  TEMP(K) =   298.99  PRESS =   268.3
 Etot   =    -49935.0766  EKtot   =      9496.1318  EPtot      =    -59431.2084
 BOND   =       432.1378  ANGLE   =      1000.2866  DIHED      =       689.6616
 1-4 NB =       468.9855  1-4 EEL =      5768.6253  VDWAALS    =      6576.5334
 EELEC  =    -74498.3662  EHBOND  =         0.0000  RESTRAINT  =       130.9275
 EAMBER (non-restraint)  =    -59562.1359
 EKCMT  =      3996.5743  VIRIAL  =      3112.9431  VOLUME     =    152513.9998
                                                    Density    =         1.0356
 ------------------------------------------------------------------------------

wrapping first mol.:       19.43125       27.47994       47.59664
wrapping first mol.:       19.43125       27.47994       47.59664

 NSTEP =     2000   TIME(PS) =     704.000  TEMP(K) =   299.92  PRESS =   -54.0
 Etot   =    -49834.1121  EKtot   =      9525.4082  EPtot      =    -59359.5203
 BOND   =       401.4084  ANGLE   =       993.8915  DIHED      =       702.3952
 1-4 NB =       459.2911  1-4 EEL =      5772.3344  VDWAALS    =      6469.3042
 EELEC  =    -74290.6397  EHBOND  =         0.0000  RESTRAINT  =       132.4947
 EAMBER (non-restraint)  =    -59492.0150
 EKCMT  =      4002.8482  VIRIAL  =      4180.8027  VOLUME     =    152491.6489
                                                    Density    =         1.0357
 ------------------------------------------------------------------------------

wrapping first mol.:       19.42194       27.46677       47.57384
wrapping first mol.:       19.42194       27.46677       47.57384

 NSTEP =     2500   TIME(PS) =     705.000  TEMP(K) =   299.31  PRESS =    23.5
 Etot   =    -49911.4381  EKtot   =      9506.2275  EPtot      =    -59417.6656
 BOND   =       373.2740  ANGLE   =      1026.7963  DIHED      =       707.9265
 1-4 NB =       466.2873  1-4 EEL =      5753.3924  VDWAALS    =      6506.0435
 EELEC  =    -74372.6961  EHBOND  =         0.0000  RESTRAINT  =       121.3106
 EAMBER (non-restraint)  =    -59538.9762
 EKCMT  =      3987.2647  VIRIAL  =      3909.8904  VOLUME     =    152271.5541
                                                    Density    =         1.0372
 ------------------------------------------------------------------------------

wrapping first mol.:       19.42794       27.47526       47.58854
wrapping first mol.:       19.42794       27.47526       47.58854

 NSTEP =     3000   TIME(PS) =     706.000  TEMP(K) =   298.15  PRESS =   170.2
 Etot   =    -50047.3652  EKtot   =      9469.4102  EPtot      =    -59516.7754
 BOND   =       379.5503  ANGLE   =      1046.1734  DIHED      =       683.7404
 1-4 NB =       457.6884  1-4 EEL =      5743.3348  VDWAALS    =      6489.1517
 EELEC  =    -74449.1854  EHBOND  =         0.0000  RESTRAINT  =       132.7710
 EAMBER (non-restraint)  =    -59649.5464
 EKCMT  =      3934.3553  VIRIAL  =      3374.3071  VOLUME     =    152410.7705
                                                    Density    =         1.0363
 ------------------------------------------------------------------------------

wrapping first mol.:       19.43923       27.49122       47.61619
wrapping first mol.:       19.43923       27.49122       47.61619

 NSTEP =     3500   TIME(PS) =     707.000  TEMP(K) =   299.44  PRESS =   -43.5
 Etot   =    -50186.7250  EKtot   =      9510.3760  EPtot      =    -59697.1010
 BOND   =       394.5929  ANGLE   =      1024.2527  DIHED      =       692.0253
 1-4 NB =       464.7479  1-4 EEL =      5725.3528  VDWAALS    =      6720.5987
 EELEC  =    -74833.1124  EHBOND  =         0.0000  RESTRAINT  =       114.4411
 EAMBER (non-restraint)  =    -59811.5421
 EKCMT  =      3925.5900  VIRIAL  =      4069.1355  VOLUME     =    152679.4172
                                                    Density    =         1.0344
 ------------------------------------------------------------------------------

wrapping first mol.:       19.44418       27.49823       47.62832
wrapping first mol.:       19.44418       27.49823       47.62832

 NSTEP =     4000   TIME(PS) =     708.000  TEMP(K) =   296.64  PRESS =   -95.8
 Etot   =    -50217.3644  EKtot   =      9421.3643  EPtot      =    -59638.7287
 BOND   =       382.8355  ANGLE   =      1019.7734  DIHED      =       706.6203
 1-4 NB =       456.6284  1-4 EEL =      5746.0539  VDWAALS    =      6639.3897
 EELEC  =    -74715.9792  EHBOND  =         0.0000  RESTRAINT  =       125.9493
 EAMBER (non-restraint)  =    -59764.6780
 EKCMT  =      3953.8072  VIRIAL  =      4269.9821  VOLUME     =    152796.9148
                                                    Density    =         1.0336
 ------------------------------------------------------------------------------

wrapping first mol.:       19.43992       27.49220       47.61789
wrapping first mol.:       19.43992       27.49220       47.61789

 NSTEP =     4500   TIME(PS) =     709.000  TEMP(K) =   298.10  PRESS =  -193.0
 Etot   =    -50247.8644  EKtot   =      9467.7334  EPtot      =    -59715.5978
 BOND   =       385.9379  ANGLE   =      1011.0854  DIHED      =       720.0177
 1-4 NB =       461.4783  1-4 EEL =      5806.4661  VDWAALS    =      6575.8236
 EELEC  =    -74809.7386  EHBOND  =         0.0000  RESTRAINT  =       133.3318
 EAMBER (non-restraint)  =    -59848.9296
 EKCMT  =      3981.0498  VIRIAL  =      4617.3554  VOLUME     =    152697.8431
                                                    Density    =         1.0343
 ------------------------------------------------------------------------------

wrapping first mol.:       19.44606       27.50088       47.63291
wrapping first mol.:       19.44606       27.50088       47.63291

 NSTEP =     5000   TIME(PS) =     710.000  TEMP(K) =   299.43  PRESS =  -298.7
 Etot   =    -50000.4064  EKtot   =      9509.8711  EPtot      =    -59510.2775
 BOND   =       415.5119  ANGLE   =      1021.2516  DIHED      =       688.6092
 1-4 NB =       442.6578  1-4 EEL =      5735.1871  VDWAALS    =      6451.9996
 EELEC  =    -74395.2793  EHBOND  =         0.0000  RESTRAINT  =       129.7848
 EAMBER (non-restraint)  =    -59640.0623
 EKCMT  =      4005.1340  VIRIAL  =      4990.9736  VOLUME     =    152843.8589
                                                    Density    =         1.0333
 ------------------------------------------------------------------------------

wrapping first mol.:       19.42865       27.47627       47.59029
wrapping first mol.:       19.42865       27.47627       47.59029

 NSTEP =     5500   TIME(PS) =     711.000  TEMP(K) =   298.76  PRESS =   -14.9
 Etot   =    -50136.7092  EKtot   =      9488.5479  EPtot      =    -59625.2571
 BOND   =       400.0162  ANGLE   =      1019.1408  DIHED      =       678.6215
 1-4 NB =       460.2651  1-4 EEL =      5751.6267  VDWAALS    =      6525.6610
 EELEC  =    -74593.7949  EHBOND  =         0.0000  RESTRAINT  =       133.2065
 EAMBER (non-restraint)  =    -59758.4636
 EKCMT  =      3941.2162  VIRIAL  =      3990.2700  VOLUME     =    152430.0159
                                                    Density    =         1.0361
 ------------------------------------------------------------------------------

wrapping first mol.:       19.43182       27.48075       47.59805
wrapping first mol.:       19.43182       27.48075       47.59805

 NSTEP =     6000   TIME(PS) =     712.000  TEMP(K) =   296.47  PRESS =   320.1
 Etot   =    -50068.1643  EKtot   =      9415.9707  EPtot      =    -59484.1350
 BOND   =       385.1039  ANGLE   =      1049.5823  DIHED      =       691.7454
 1-4 NB =       454.4766  1-4 EEL =      5756.8180  VDWAALS    =      6715.4987
 EELEC  =    -74670.7201  EHBOND  =         0.0000  RESTRAINT  =       133.3602
 EAMBER (non-restraint)  =    -59617.4952
 EKCMT  =      3992.3378  VIRIAL  =      2938.2287  VOLUME     =    152500.0600
                                                    Density    =         1.0357
 ------------------------------------------------------------------------------

wrapping first mol.:       19.44098       27.49369       47.62047
wrapping first mol.:       19.44098       27.49369       47.62047

 NSTEP =     6500   TIME(PS) =     713.000  TEMP(K) =   293.30  PRESS =   -78.6
 Etot   =    -50268.4364  EKtot   =      9315.3115  EPtot      =    -59583.7479
 BOND   =       384.9744  ANGLE   =       974.3216  DIHED      =       701.3882
 1-4 NB =       444.7392  1-4 EEL =      5778.4367  VDWAALS    =      6721.9761
 EELEC  =    -74723.4977  EHBOND  =         0.0000  RESTRAINT  =       133.9137
 EAMBER (non-restraint)  =    -59717.6615
 EKCMT  =      3912.6354  VIRIAL  =      4171.6798  VOLUME     =    152721.1362
                                                    Density    =         1.0342
 ------------------------------------------------------------------------------

wrapping first mol.:       19.44095       27.49366       47.62041
wrapping first mol.:       19.44095       27.49366       47.62041

 NSTEP =     7000   TIME(PS) =     714.000  TEMP(K) =   304.28  PRESS =   200.7
 Etot   =    -49841.7285  EKtot   =      9663.8857  EPtot      =    -59505.6143
 BOND   =       403.0740  ANGLE   =      1052.3058  DIHED      =       703.4121
 1-4 NB =       462.8124  1-4 EEL =      5777.9474  VDWAALS    =      6709.6588
 EELEC  =    -74746.8477  EHBOND  =         0.0000  RESTRAINT  =       132.0228
 EAMBER (non-restraint)  =    -59637.6371
 EKCMT  =      3995.7845  VIRIAL  =      3334.1139  VOLUME     =    152716.7535
                                                    Density    =         1.0342
 ------------------------------------------------------------------------------

wrapping first mol.:       19.44178       27.49483       47.62244
wrapping first mol.:       19.44178       27.49483       47.62244

 NSTEP =     7500   TIME(PS) =     715.000  TEMP(K) =   301.95  PRESS =  -115.2
 Etot   =    -50144.1657  EKtot   =      9589.9707  EPtot      =    -59734.1364
 BOND   =       376.5009  ANGLE   =       974.7828  DIHED      =       699.6040
 1-4 NB =       456.7051  1-4 EEL =      5776.8542  VDWAALS    =      6620.0230
 EELEC  =    -74776.1413  EHBOND  =         0.0000  RESTRAINT  =       137.5348
 EAMBER (non-restraint)  =    -59871.6712
 EKCMT  =      4062.5111  VIRIAL  =      4442.4564  VOLUME     =    152740.6098
                                                    Density    =         1.0340
 ------------------------------------------------------------------------------

wrapping first mol.:       19.44598       27.50077       47.63273
wrapping first mol.:       19.44598       27.50077       47.63273

 NSTEP =     8000   TIME(PS) =     716.000  TEMP(K) =   295.92  PRESS =   -76.9
 Etot   =    -50151.1983  EKtot   =      9398.5801  EPtot      =    -59549.7784
 BOND   =       433.3788  ANGLE   =      1015.7510  DIHED      =       702.2108
 1-4 NB =       449.2064  1-4 EEL =      5739.5705  VDWAALS    =      6611.3637
 EELEC  =    -74636.2770  EHBOND  =         0.0000  RESTRAINT  =       135.0174
 EAMBER (non-restraint)  =    -59684.7958
 EKCMT  =      3910.7348  VIRIAL  =      4164.5860  VOLUME     =    152839.1183
                                                    Density    =         1.0334
 ------------------------------------------------------------------------------

wrapping first mol.:       19.43601       27.48667       47.60830
wrapping first mol.:       19.43601       27.48667       47.60830

 NSTEP =     8500   TIME(PS) =     717.000  TEMP(K) =   300.72  PRESS =   316.4
 Etot   =    -50218.2034  EKtot   =      9550.8867  EPtot      =    -59769.0901
 BOND   =       384.9343  ANGLE   =      1057.1597  DIHED      =       698.0346
 1-4 NB =       442.2481  1-4 EEL =      5785.0781  VDWAALS    =      6801.1204
 EELEC  =    -75067.4738  EHBOND  =         0.0000  RESTRAINT  =       129.8086
 EAMBER (non-restraint)  =    -59898.8987
 EKCMT  =      3987.4030  VIRIAL  =      2944.8113  VOLUME     =    152598.7108
                                                    Density    =         1.0350
 ------------------------------------------------------------------------------

wrapping first mol.:       19.45511       27.51368       47.65509
wrapping first mol.:       19.45511       27.51368       47.65509

 NSTEP =     9000   TIME(PS) =     718.000  TEMP(K) =   303.07  PRESS =    11.8
 Etot   =    -50023.8368  EKtot   =      9625.7451  EPtot      =    -59649.5819
 BOND   =       375.9216  ANGLE   =      1030.1740  DIHED      =       714.1582
 1-4 NB =       461.7797  1-4 EEL =      5775.1545  VDWAALS    =      6742.8179
 EELEC  =    -74889.9103  EHBOND  =         0.0000  RESTRAINT  =       140.3224
 EAMBER (non-restraint)  =    -59789.9043
 EKCMT  =      4010.5941  VIRIAL  =      3971.4901  VOLUME     =    153053.1592
                                                    Density    =         1.0319
 ------------------------------------------------------------------------------

wrapping first mol.:       19.45221       27.50958       47.64800
wrapping first mol.:       19.45221       27.50958       47.64800

 NSTEP =     9500   TIME(PS) =     719.000  TEMP(K) =   301.39  PRESS =  -400.7
 Etot   =    -49906.9192  EKtot   =      9572.1416  EPtot      =    -59479.0608
 BOND   =       414.2305  ANGLE   =      1036.0705  DIHED      =       717.6896
 1-4 NB =       447.3937  1-4 EEL =      5750.5382  VDWAALS    =      6325.7634
 EELEC  =    -74307.1500  EHBOND  =         0.0000  RESTRAINT  =       136.4033
 EAMBER (non-restraint)  =    -59615.4641
 EKCMT  =      4051.0384  VIRIAL  =      5374.7861  VOLUME     =    152990.4826
                                                    Density    =         1.0323
 ------------------------------------------------------------------------------

wrapping first mol.:       19.43572       27.48626       47.60759
wrapping first mol.:       19.43572       27.48626       47.60759

 NSTEP =    10000   TIME(PS) =     720.000  TEMP(K) =   299.22  PRESS =   339.7
 Etot   =    -50172.2502  EKtot   =      9503.1670  EPtot      =    -59675.4172
 BOND   =       372.6143  ANGLE   =      1003.2373  DIHED      =       706.8754
 1-4 NB =       457.1162  1-4 EEL =      5755.0544  VDWAALS    =      6650.8601
 EELEC  =    -74745.4936  EHBOND  =         0.0000  RESTRAINT  =       124.3187
 EAMBER (non-restraint)  =    -59799.7359
 EKCMT  =      3994.9327  VIRIAL  =      2875.8004  VOLUME     =    152591.5528
                                                    Density    =         1.0350
 ------------------------------------------------------------------------------

wrapping first mol.:       19.43714       27.48826       47.61106
wrapping first mol.:       19.43714       27.48826       47.61106

 NSTEP =    10500   TIME(PS) =     721.000  TEMP(K) =   299.10  PRESS =   -92.6
 Etot   =    -50010.1312  EKtot   =      9499.5635  EPtot      =    -59509.6947
 BOND   =       367.1310  ANGLE   =      1002.4009  DIHED      =       713.4602
 1-4 NB =       456.7706  1-4 EEL =      5745.6661  VDWAALS    =      6582.2680
 EELEC  =    -74521.1242  EHBOND  =         0.0000  RESTRAINT  =       143.7327
 EAMBER (non-restraint)  =    -59653.4273
 EKCMT  =      3976.2876  VIRIAL  =      4281.3958  VOLUME     =    152630.7774
                                                    Density    =         1.0348
 ------------------------------------------------------------------------------

wrapping first mol.:       19.42228       27.46726       47.57468
wrapping first mol.:       19.42228       27.46726       47.57468

 NSTEP =    11000   TIME(PS) =     722.000  TEMP(K) =   298.68  PRESS =   149.5
 Etot   =    -49953.2213  EKtot   =      9486.0273  EPtot      =    -59439.2486
 BOND   =       388.3354  ANGLE   =      1000.3167  DIHED      =       700.7358
 1-4 NB =       462.0085  1-4 EEL =      5789.1982  VDWAALS    =      6633.8156
 EELEC  =    -74543.8033  EHBOND  =         0.0000  RESTRAINT  =       130.1446
 EAMBER (non-restraint)  =    -59569.3932
 EKCMT  =      3988.5313  VIRIAL  =      3496.9598  VOLUME     =    152277.8817
                                                    Density    =         1.0372
 ------------------------------------------------------------------------------

wrapping first mol.:       19.45502       27.51355       47.65487
wrapping first mol.:       19.45502       27.51355       47.65487

 NSTEP =    11500   TIME(PS) =     723.000  TEMP(K) =   303.62  PRESS =   -62.0
 Etot   =    -49781.4974  EKtot   =      9642.9502  EPtot      =    -59424.4476
 BOND   =       418.6849  ANGLE   =      1003.2212  DIHED      =       702.8539
 1-4 NB =       456.3051  1-4 EEL =      5762.5381  VDWAALS    =      6635.8386
 EELEC  =    -74551.1785  EHBOND  =         0.0000  RESTRAINT  =       147.2890
 EAMBER (non-restraint)  =    -59571.7366
 EKCMT  =      4076.6890  VIRIAL  =      4281.4557  VOLUME     =    153052.0468
                                                    Density    =         1.0319
 ------------------------------------------------------------------------------

wrapping first mol.:       19.45048       27.50713       47.64374
wrapping first mol.:       19.45048       27.50713       47.64374

 NSTEP =    12000   TIME(PS) =     724.000  TEMP(K) =   301.42  PRESS =   150.5
 Etot   =    -50016.4974  EKtot   =      9573.1123  EPtot      =    -59589.6097
 BOND   =       380.0103  ANGLE   =      1014.1543  DIHED      =       699.3492
 1-4 NB =       464.1106  1-4 EEL =      5771.4141  VDWAALS    =      6580.0161
 EELEC  =    -74636.7782  EHBOND  =         0.0000  RESTRAINT  =       138.1140
 EAMBER (non-restraint)  =    -59727.7237
 EKCMT  =      4032.6519  VIRIAL  =      3535.6524  VOLUME     =    152941.9535
                                                    Density    =         1.0327
 ------------------------------------------------------------------------------

wrapping first mol.:       19.44577       27.50047       47.63221
wrapping first mol.:       19.44577       27.50047       47.63221

 NSTEP =    12500   TIME(PS) =     725.000  TEMP(K) =   300.09  PRESS =   -66.8
 Etot   =    -50053.8892  EKtot   =      9531.0869  EPtot      =    -59584.9761
 BOND   =       386.9268  ANGLE   =      1043.7603  DIHED      =       729.7441
 1-4 NB =       459.4361  1-4 EEL =      5768.9762  VDWAALS    =      6559.9031
 EELEC  =    -74663.7264  EHBOND  =         0.0000  RESTRAINT  =       130.0036
 EAMBER (non-restraint)  =    -59714.9797
 EKCMT  =      4004.0198  VIRIAL  =      4224.4234  VOLUME     =    152833.8985
                                                    Density    =         1.0334
 ------------------------------------------------------------------------------

wrapping first mol.:       19.44955       27.50582       47.64147
wrapping first mol.:       19.44955       27.50582       47.64147

 NSTEP =    13000   TIME(PS) =     726.000  TEMP(K) =   303.00  PRESS =   336.7
 Etot   =    -49943.8001  EKtot   =      9623.4082  EPtot      =    -59567.2083
 BOND   =       401.6711  ANGLE   =      1001.3883  DIHED      =       694.4629
 1-4 NB =       447.9530  1-4 EEL =      5769.8769  VDWAALS    =      6781.5705
 EELEC  =    -74792.7388  EHBOND  =         0.0000  RESTRAINT  =       128.6078
 EAMBER (non-restraint)  =    -59695.8162
 EKCMT  =      4006.0370  VIRIAL  =      2894.3833  VOLUME     =    152917.5645
                                                    Density    =         1.0328
 ------------------------------------------------------------------------------

wrapping first mol.:       19.44662       27.50167       47.63429
wrapping first mol.:       19.44662       27.50167       47.63429

 NSTEP =    13500   TIME(PS) =     727.000  TEMP(K) =   297.55  PRESS =   329.4
 Etot   =    -49962.8413  EKtot   =      9450.3496  EPtot      =    -59413.1909
 BOND   =       387.5107  ANGLE   =      1011.9147  DIHED      =       704.6130
 1-4 NB =       478.9975  1-4 EEL =      5764.3036  VDWAALS    =      6704.7059
 EELEC  =    -74585.9540  EHBOND  =         0.0000  RESTRAINT  =       120.7176
 EAMBER (non-restraint)  =    -59533.9085
 EKCMT  =      3927.1724  VIRIAL  =      2840.0153  VOLUME     =    152848.5896
                                                    Density    =         1.0333
 ------------------------------------------------------------------------------

wrapping first mol.:       19.44323       27.49687       47.62598
wrapping first mol.:       19.44323       27.49687       47.62598

 NSTEP =    14000   TIME(PS) =     728.000  TEMP(K) =   302.73  PRESS =   223.9
 Etot   =    -49883.1329  EKtot   =      9614.6357  EPtot      =    -59497.7687
 BOND   =       385.5069  ANGLE   =      1010.1606  DIHED      =       698.2326
 1-4 NB =       445.0082  1-4 EEL =      5765.6972  VDWAALS    =      6804.3246
 EELEC  =    -74736.5299  EHBOND  =         0.0000  RESTRAINT  =       129.8312
 EAMBER (non-restraint)  =    -59627.5998
 EKCMT  =      3932.5380  VIRIAL  =      3194.1171  VOLUME     =    152770.0048
                                                    Density    =         1.0338
 ------------------------------------------------------------------------------

wrapping first mol.:       19.42948       27.47743       47.59229
wrapping first mol.:       19.42948       27.47743       47.59229

 NSTEP =    14500   TIME(PS) =     729.000  TEMP(K) =   298.51  PRESS =   132.6
 Etot   =    -50080.6245  EKtot   =      9480.6689  EPtot      =    -59561.2934
 BOND   =       388.5722  ANGLE   =      1029.3432  DIHED      =       697.6793
 1-4 NB =       455.4490  1-4 EEL =      5773.3343  VDWAALS    =      6711.7320
 EELEC  =    -74755.3484  EHBOND  =         0.0000  RESTRAINT  =       137.9450
 EAMBER (non-restraint)  =    -59699.2385
 EKCMT  =      3994.9852  VIRIAL  =      3558.3877  VOLUME     =    152447.3226
                                                    Density    =         1.0360
 ------------------------------------------------------------------------------

wrapping first mol.:       19.45285       27.51048       47.64955
wrapping first mol.:       19.45285       27.51048       47.64955

 NSTEP =    15000   TIME(PS) =     730.000  TEMP(K) =   301.80  PRESS =  -139.0
 Etot   =    -50061.6491  EKtot   =      9585.2754  EPtot      =    -59646.9245
 BOND   =       423.3794  ANGLE   =       974.8121  DIHED      =       692.7387
 1-4 NB =       453.2073  1-4 EEL =      5741.8080  VDWAALS    =      6689.9848
 EELEC  =    -74757.6882  EHBOND  =         0.0000  RESTRAINT  =       134.8333
 EAMBER (non-restraint)  =    -59781.7578
 EKCMT  =      4078.9182  VIRIAL  =      4538.2677  VOLUME     =    153001.8821
                                                    Density    =         1.0323
 ------------------------------------------------------------------------------

wrapping first mol.:       19.43406       27.48391       47.60352
wrapping first mol.:       19.43406       27.48391       47.60352

 NSTEP =    15500   TIME(PS) =     731.000  TEMP(K) =   299.01  PRESS =  -296.4
 Etot   =    -50036.2197  EKtot   =      9496.5381  EPtot      =    -59532.7578
 BOND   =       411.4196  ANGLE   =      1006.5055  DIHED      =       713.6945
 1-4 NB =       456.3797  1-4 EEL =      5775.8642  VDWAALS    =      6533.8595
 EELEC  =    -74563.0654  EHBOND  =         0.0000  RESTRAINT  =       132.5846
 EAMBER (non-restraint)  =    -59665.3424
 EKCMT  =      3989.2979  VIRIAL  =      4965.7094  VOLUME     =    152561.0426
                                                    Density    =         1.0352
 ------------------------------------------------------------------------------

wrapping first mol.:       19.43128       27.47998       47.59672
wrapping first mol.:       19.43128       27.47998       47.59672

 NSTEP =    16000   TIME(PS) =     732.000  TEMP(K) =   302.25  PRESS =   135.4
 Etot   =    -50080.0279  EKtot   =      9599.5127  EPtot      =    -59679.5406
 BOND   =       405.9377  ANGLE   =      1036.1534  DIHED      =       690.1357
 1-4 NB =       461.5227  1-4 EEL =      5745.0484  VDWAALS    =      6700.5266
 EELEC  =    -74835.3706  EHBOND  =         0.0000  RESTRAINT  =       116.5056
 EAMBER (non-restraint)  =    -59796.0462
 EKCMT  =      3955.7680  VIRIAL  =      3509.8860  VOLUME     =    152489.7654
                                                    Density    =         1.0357
 ------------------------------------------------------------------------------

wrapping first mol.:       19.43333       27.48288       47.60175
wrapping first mol.:       19.43333       27.48288       47.60175

 NSTEP =    16500   TIME(PS) =     733.000  TEMP(K) =   300.72  PRESS =   -90.7
 Etot   =    -50099.6347  EKtot   =      9551.0566  EPtot      =    -59650.6913
 BOND   =       398.4083  ANGLE   =       997.6555  DIHED      =       709.0342
 1-4 NB =       454.5538  1-4 EEL =      5757.7530  VDWAALS    =      6722.4955
 EELEC  =    -74812.1952  EHBOND  =         0.0000  RESTRAINT  =       121.6037
 EAMBER (non-restraint)  =    -59772.2950
 EKCMT  =      4053.7918  VIRIAL  =      4352.3794  VOLUME     =    152541.2181
                                                    Density    =         1.0354
 ------------------------------------------------------------------------------

wrapping first mol.:       19.43867       27.49043       47.61482
wrapping first mol.:       19.43867       27.49043       47.61482

 NSTEP =    17000   TIME(PS) =     734.000  TEMP(K) =   302.26  PRESS =  -203.4
 Etot   =    -49845.8495  EKtot   =      9599.9180  EPtot      =    -59445.7674
 BOND   =       411.8833  ANGLE   =      1013.3411  DIHED      =       718.9493
 1-4 NB =       445.7502  1-4 EEL =      5724.5065  VDWAALS    =      6588.3133
 EELEC  =    -74490.1990  EHBOND  =         0.0000  RESTRAINT  =       141.6879
 EAMBER (non-restraint)  =    -59587.4553
 EKCMT  =      3961.4929  VIRIAL  =      4631.9357  VOLUME     =    152668.4491
                                                    Density    =         1.0345
 ------------------------------------------------------------------------------

wrapping first mol.:       19.43176       27.48065       47.59788
wrapping first mol.:       19.43176       27.48065       47.59788

 NSTEP =    17500   TIME(PS) =     735.000  TEMP(K) =   300.33  PRESS =  -229.7
 Etot   =    -49974.6345  EKtot   =      9538.5742  EPtot      =    -59513.2088
 BOND   =       391.8207  ANGLE   =      1007.6210  DIHED      =       707.0920
 1-4 NB =       447.7072  1-4 EEL =      5737.6689  VDWAALS    =      6556.0870
 EELEC  =    -74484.1637  EHBOND  =         0.0000  RESTRAINT  =       122.9581
 EAMBER (non-restraint)  =    -59636.1669
 EKCMT  =      4010.4759  VIRIAL  =      4766.7490  VOLUME     =    152505.9441
                                                    Density    =         1.0356
 ------------------------------------------------------------------------------

wrapping first mol.:       19.41378       27.45523       47.55385
wrapping first mol.:       19.41378       27.45523       47.55385

 NSTEP =    18000   TIME(PS) =     736.000  TEMP(K) =   300.59  PRESS =   213.6
 Etot   =    -49891.9288  EKtot   =      9546.8838  EPtot      =    -59438.8126
 BOND   =       416.2406  ANGLE   =      1003.6441  DIHED      =       687.3622
 1-4 NB =       444.5625  1-4 EEL =      5736.2470  VDWAALS    =      6479.2571
 EELEC  =    -74350.2344  EHBOND  =         0.0000  RESTRAINT  =       144.1083
 EAMBER (non-restraint)  =    -59582.9209
 EKCMT  =      4024.8494  VIRIAL  =      3323.6069  VOLUME     =    152077.0361
                                                    Density    =         1.0385
 ------------------------------------------------------------------------------

wrapping first mol.:       19.42993       27.47806       47.59340
wrapping first mol.:       19.42993       27.47806       47.59340

 NSTEP =    18500   TIME(PS) =     737.000  TEMP(K) =   303.19  PRESS =  -196.5
 Etot   =    -49941.5011  EKtot   =      9629.2539  EPtot      =    -59570.7550
 BOND   =       411.1963  ANGLE   =      1019.7913  DIHED      =       708.1551
 1-4 NB =       456.6791  1-4 EEL =      5743.7094  VDWAALS    =      6437.7271
 EELEC  =    -74467.3228  EHBOND  =         0.0000  RESTRAINT  =       119.3097
 EAMBER (non-restraint)  =    -59690.0646
 EKCMT  =      4079.1842  VIRIAL  =      4725.9717  VOLUME     =    152462.3898
                                                    Density    =         1.0359
 ------------------------------------------------------------------------------

wrapping first mol.:       19.42366       27.46920       47.57804
wrapping first mol.:       19.42366       27.46920       47.57804

 NSTEP =    19000   TIME(PS) =     738.000  TEMP(K) =   301.22  PRESS =   -97.0
 Etot   =    -49773.3223  EKtot   =      9566.8604  EPtot      =    -59340.1827
 BOND   =       409.3269  ANGLE   =      1005.4296  DIHED      =       703.0035
 1-4 NB =       449.7752  1-4 EEL =      5793.3549  VDWAALS    =      6410.0100
 EELEC  =    -74245.9977  EHBOND  =         0.0000  RESTRAINT  =       134.9148
 EAMBER (non-restraint)  =    -59475.0975
 EKCMT  =      4038.2048  VIRIAL  =      4357.2974  VOLUME     =    152313.5205
                                                    Density    =         1.0369
 ------------------------------------------------------------------------------

wrapping first mol.:       19.41224       27.45306       47.55009
wrapping first mol.:       19.41224       27.45306       47.55009

 NSTEP =    19500   TIME(PS) =     739.000  TEMP(K) =   306.95  PRESS =  -213.6
 Etot   =    -49728.3182  EKtot   =      9748.7236  EPtot      =    -59477.0418
 BOND   =       385.8573  ANGLE   =      1044.0655  DIHED      =       702.3612
 1-4 NB =       453.4293  1-4 EEL =      5735.9794  VDWAALS    =      6270.7623
 EELEC  =    -74200.7046  EHBOND  =         0.0000  RESTRAINT  =       131.2076
 EAMBER (non-restraint)  =    -59608.2495
 EKCMT  =      4022.8370  VIRIAL  =      4724.1295  VOLUME     =    152046.7886
                                                    Density    =         1.0387
 ------------------------------------------------------------------------------

wrapping first mol.:       19.42648       27.47319       47.58495
wrapping first mol.:       19.42648       27.47319       47.58495

 NSTEP =    20000   TIME(PS) =     740.000  TEMP(K) =   299.58  PRESS =    83.3
 Etot   =    -49978.2034  EKtot   =      9514.8867  EPtot      =    -59493.0901
 BOND   =       389.7399  ANGLE   =      1014.3579  DIHED      =       714.9729
 1-4 NB =       463.1717  1-4 EEL =      5768.1234  VDWAALS    =      6569.7536
 EELEC  =    -74552.1311  EHBOND  =         0.0000  RESTRAINT  =       138.9216
 EAMBER (non-restraint)  =    -59632.0118
 EKCMT  =      3990.7196  VIRIAL  =      3716.6522  VOLUME     =    152377.4237
                                                    Density    =         1.0365
 ------------------------------------------------------------------------------

wrapping first mol.:       19.43890       27.49075       47.61537
wrapping first mol.:       19.43890       27.49075       47.61537

 NSTEP =    20500   TIME(PS) =     741.000  TEMP(K) =   300.57  PRESS =     1.3
 Etot   =    -50031.2299  EKtot   =      9546.3135  EPtot      =    -59577.5434
 BOND   =       394.6874  ANGLE   =      1002.3526  DIHED      =       705.6802
 1-4 NB =       467.1714  1-4 EEL =      5776.9766  VDWAALS    =      6589.6319
 EELEC  =    -74639.7415  EHBOND  =         0.0000  RESTRAINT  =       125.6981
 EAMBER (non-restraint)  =    -59703.2415
 EKCMT  =      4019.9614  VIRIAL  =      4015.6977  VOLUME     =    152670.9777
                                                    Density    =         1.0345
 ------------------------------------------------------------------------------

wrapping first mol.:       19.42609       27.47263       47.58399
wrapping first mol.:       19.42609       27.47263       47.58399

 NSTEP =    21000   TIME(PS) =     742.000  TEMP(K) =   299.36  PRESS =     6.6
 Etot   =    -50120.3779  EKtot   =      9507.8545  EPtot      =    -59628.2324
 BOND   =       390.2829  ANGLE   =      1022.7345  DIHED      =       712.3372
 1-4 NB =       464.5596  1-4 EEL =      5760.1673  VDWAALS    =      6526.4342
 EELEC  =    -74636.9030  EHBOND  =         0.0000  RESTRAINT  =       132.1549
 EAMBER (non-restraint)  =    -59760.3873
 EKCMT  =      4024.7769  VIRIAL  =      4003.1359  VOLUME     =    152369.2886
                                                    Density    =         1.0365
 ------------------------------------------------------------------------------

wrapping first mol.:       19.41502       27.45699       47.55689
wrapping first mol.:       19.41502       27.45699       47.55689

 NSTEP =    21500   TIME(PS) =     743.000  TEMP(K) =   296.79  PRESS =  -215.2
 Etot   =    -50234.0295  EKtot   =      9426.2588  EPtot      =    -59660.2882
 BOND   =       415.6438  ANGLE   =      1005.4073  DIHED      =       695.8018
 1-4 NB =       456.0384  1-4 EEL =      5721.4143  VDWAALS    =      6631.0015
 EELEC  =    -74713.3928  EHBOND  =         0.0000  RESTRAINT  =       127.7974
 EAMBER (non-restraint)  =    -59788.0856
 EKCMT  =      3918.5815  VIRIAL  =      4625.4039  VOLUME     =    152112.0706
                                                    Density    =         1.0383
 ------------------------------------------------------------------------------

wrapping first mol.:       19.42668       27.47347       47.58544
wrapping first mol.:       19.42668       27.47347       47.58544

 NSTEP =    22000   TIME(PS) =     744.000  TEMP(K) =   300.36  PRESS =    40.2
 Etot   =    -50008.9924  EKtot   =      9539.6709  EPtot      =    -59548.6632
 BOND   =       379.2530  ANGLE   =       988.9880  DIHED      =       712.4732
 1-4 NB =       446.6492  1-4 EEL =      5742.5879  VDWAALS    =      6649.7053
 EELEC  =    -74594.7019  EHBOND  =         0.0000  RESTRAINT  =       126.3820
 EAMBER (non-restraint)  =    -59675.0453
 EKCMT  =      3996.2156  VIRIAL  =      3864.0389  VOLUME     =    152382.7340
                                                    Density    =         1.0364
 ------------------------------------------------------------------------------

wrapping first mol.:       19.41674       27.45941       47.56109
wrapping first mol.:       19.41674       27.45941       47.56109

 NSTEP =    22500   TIME(PS) =     745.000  TEMP(K) =   303.32  PRESS =  -246.0
 Etot   =    -50029.5759  EKtot   =      9633.5039  EPtot      =    -59663.0798
 BOND   =       397.3719  ANGLE   =       992.3181  DIHED      =       735.5780
 1-4 NB =       456.4901  1-4 EEL =      5719.7058  VDWAALS    =      6652.3045
 EELEC  =    -74748.3427  EHBOND  =         0.0000  RESTRAINT  =       131.4946
 EAMBER (non-restraint)  =    -59794.5744
 EKCMT  =      4016.7435  VIRIAL  =      4825.0432  VOLUME     =    152152.8156
                                                    Density    =         1.0380
 ------------------------------------------------------------------------------

wrapping first mol.:       19.43389       27.48367       47.60310
wrapping first mol.:       19.43389       27.48367       47.60310

 NSTEP =    23000   TIME(PS) =     746.000  TEMP(K) =   303.11  PRESS =  -173.3
 Etot   =    -49788.7687  EKtot   =      9626.7432  EPtot      =    -59415.5119
 BOND   =       422.9244  ANGLE   =      1026.3567  DIHED      =       726.9637
 1-4 NB =       453.5732  1-4 EEL =      5781.6154  VDWAALS    =      6392.8113
 EELEC  =    -74364.0752  EHBOND  =         0.0000  RESTRAINT  =       144.3186
 EAMBER (non-restraint)  =    -59559.8305
 EKCMT  =      3965.3227  VIRIAL  =      4536.1475  VOLUME     =    152555.3643
                                                    Density    =         1.0353
 ------------------------------------------------------------------------------

wrapping first mol.:       19.42635       27.47301       47.58465
wrapping first mol.:       19.42635       27.47301       47.58465

 NSTEP =    23500   TIME(PS) =     747.000  TEMP(K) =   301.43  PRESS =  -234.2
 Etot   =    -50095.5274  EKtot   =      9573.5430  EPtot      =    -59669.0704
 BOND   =       363.1417  ANGLE   =      1019.1768  DIHED      =       709.7805
 1-4 NB =       454.3988  1-4 EEL =      5732.3636  VDWAALS    =      6543.9319
 EELEC  =    -74619.9818  EHBOND  =         0.0000  RESTRAINT  =       128.1180
 EAMBER (non-restraint)  =    -59797.1884
 EKCMT  =      4062.6351  VIRIAL  =      4833.2348  VOLUME     =    152378.8342
                                                    Density    =         1.0365
 ------------------------------------------------------------------------------

wrapping first mol.:       19.41333       27.45460       47.55275
wrapping first mol.:       19.41333       27.45460       47.55275

 NSTEP =    24000   TIME(PS) =     748.000  TEMP(K) =   301.97  PRESS =  -174.5
 Etot   =    -50099.0456  EKtot   =      9590.7217  EPtot      =    -59689.7673
 BOND   =       414.4482  ANGLE   =       987.7102  DIHED      =       706.0595
 1-4 NB =       441.4798  1-4 EEL =      5747.8869  VDWAALS    =      6551.3956
 EELEC  =    -74669.8224  EHBOND  =         0.0000  RESTRAINT  =       131.0749
 EAMBER (non-restraint)  =    -59820.8422
 EKCMT  =      4008.9663  VIRIAL  =      4581.9970  VOLUME     =    152071.8422
                                                    Density    =         1.0386
 ------------------------------------------------------------------------------

wrapping first mol.:       19.40680       27.44536       47.53675
wrapping first mol.:       19.40680       27.44536       47.53675

 NSTEP =    24500   TIME(PS) =     749.000  TEMP(K) =   298.30  PRESS =    73.6
 Etot   =    -49878.0679  EKtot   =      9474.0254  EPtot      =    -59352.0933
 BOND   =       386.4660  ANGLE   =      1053.2990  DIHED      =       692.4772
 1-4 NB =       468.7217  1-4 EEL =      5765.1568  VDWAALS    =      6737.4191
 EELEC  =    -74586.6682  EHBOND  =         0.0000  RESTRAINT  =       131.0351
 EAMBER (non-restraint)  =    -59483.1284
 EKCMT  =      3919.2993  VIRIAL  =      3677.8329  VOLUME     =    151915.0219
                                                    Density    =         1.0396
 ------------------------------------------------------------------------------

wrapping first mol.:       19.41496       27.45690       47.55673
wrapping first mol.:       19.41496       27.45690       47.55673

 NSTEP =    25000   TIME(PS) =     750.000  TEMP(K) =   302.72  PRESS =  -319.4
 Etot   =    -49801.9891  EKtot   =      9614.5391  EPtot      =    -59416.5281
 BOND   =       415.2877  ANGLE   =      1026.4856  DIHED      =       713.0506
 1-4 NB =       463.5858  1-4 EEL =      5729.2723  VDWAALS    =      6441.8809
 EELEC  =    -74340.8118  EHBOND  =         0.0000  RESTRAINT  =       134.7207
 EAMBER (non-restraint)  =    -59551.2488
 EKCMT  =      3981.1645  VIRIAL  =      5030.1458  VOLUME     =    152111.9931
                                                    Density    =         1.0383
 ------------------------------------------------------------------------------

wrapping first mol.:       19.42168       27.46641       47.57321
wrapping first mol.:       19.42168       27.46641       47.57321

 NSTEP =    25500   TIME(PS) =     751.000  TEMP(K) =   299.68  PRESS =  -396.7
 Etot   =    -50006.0861  EKtot   =      9517.8291  EPtot      =    -59523.9152
 BOND   =       380.9687  ANGLE   =       983.9193  DIHED      =       703.8096
 1-4 NB =       458.0255  1-4 EEL =      5773.7219  VDWAALS    =      6372.3129
 EELEC  =    -74317.4309  EHBOND  =         0.0000  RESTRAINT  =       120.7578
 EAMBER (non-restraint)  =    -59644.6729
 EKCMT  =      3983.9838  VIRIAL  =      5288.2561  VOLUME     =    152271.1992
                                                    Density    =         1.0372
 ------------------------------------------------------------------------------

wrapping first mol.:       19.41537       27.45748       47.55775
wrapping first mol.:       19.41537       27.45748       47.55775

 NSTEP =    26000   TIME(PS) =     752.000  TEMP(K) =   303.30  PRESS =    95.8
 Etot   =    -50041.9544  EKtot   =      9632.9316  EPtot      =    -59674.8861
 BOND   =       386.7749  ANGLE   =      1007.7784  DIHED      =       730.6796
 1-4 NB =       449.8498  1-4 EEL =      5752.1303  VDWAALS    =      6599.8374
 EELEC  =    -74728.7072  EHBOND  =         0.0000  RESTRAINT  =       126.7707
 EAMBER (non-restraint)  =    -59801.6567
 EKCMT  =      4047.3966  VIRIAL  =      3732.7160  VOLUME     =    152116.0641
                                                    Density    =         1.0383
 ------------------------------------------------------------------------------

wrapping first mol.:       19.40371       27.44100       47.52920
wrapping first mol.:       19.40371       27.44100       47.52920

 NSTEP =    26500   TIME(PS) =     753.000  TEMP(K) =   299.40  PRESS =   -42.0
 Etot   =    -50082.8218  EKtot   =      9509.0781  EPtot      =    -59591.8999
 BOND   =       393.0340  ANGLE   =      1019.5607  DIHED      =       690.4082
 1-4 NB =       452.1830  1-4 EEL =      5792.0484  VDWAALS    =      6489.8306
 EELEC  =    -74564.2710  EHBOND  =         0.0000  RESTRAINT  =       135.3062
 EAMBER (non-restraint)  =    -59727.2061
 EKCMT  =      3981.6222  VIRIAL  =      4119.2728  VOLUME     =    151844.1324
                                                    Density    =         1.0401
 ------------------------------------------------------------------------------

wrapping first mol.:       19.40515       27.44303       47.53272
wrapping first mol.:       19.40515       27.44303       47.53272

 NSTEP =    27000   TIME(PS) =     754.000  TEMP(K) =   297.89  PRESS =    30.5
 Etot   =    -50059.1352  EKtot   =      9460.9727  EPtot      =    -59520.1079
 BOND   =       400.0672  ANGLE   =      1001.6858  DIHED      =       703.1820
 1-4 NB =       456.9786  1-4 EEL =      5742.7975  VDWAALS    =      6534.8625
 EELEC  =    -74488.4424  EHBOND  =         0.0000  RESTRAINT  =       128.7609
 EAMBER (non-restraint)  =    -59648.8688
 EKCMT  =      3962.4018  VIRIAL  =      3862.4398  VOLUME     =    151876.9126
                                                    Density    =         1.0399
 ------------------------------------------------------------------------------

wrapping first mol.:       19.41266       27.45364       47.55110
wrapping first mol.:       19.41266       27.45364       47.55110

 NSTEP =    27500   TIME(PS) =     755.000  TEMP(K) =   308.48  PRESS =  -201.2
 Etot   =    -49809.4443  EKtot   =      9797.3564  EPtot      =    -59606.8007
 BOND   =       387.5975  ANGLE   =      1000.5169  DIHED      =       712.9524
 1-4 NB =       447.1590  1-4 EEL =      5741.9222  VDWAALS    =      6501.5156
 EELEC  =    -74522.5752  EHBOND  =         0.0000  RESTRAINT  =       124.1109
 EAMBER (non-restraint)  =    -59730.9116
 EKCMT  =      4106.2033  VIRIAL  =      4766.7495  VOLUME     =    152056.3536
                                                    Density    =         1.0387
 ------------------------------------------------------------------------------

wrapping first mol.:       19.41786       27.46099       47.56383
wrapping first mol.:       19.41786       27.46099       47.56383

 NSTEP =    28000   TIME(PS) =     756.000  TEMP(K) =   300.47  PRESS =  -151.3
 Etot   =    -50117.0071  EKtot   =      9543.0742  EPtot      =    -59660.0813
 BOND   =       388.3067  ANGLE   =      1041.3285  DIHED      =       692.0259
 1-4 NB =       439.2737  1-4 EEL =      5740.5493  VDWAALS    =      6526.8475
 EELEC  =    -74617.3335  EHBOND  =         0.0000  RESTRAINT  =       128.9205
 EAMBER (non-restraint)  =    -59789.0018
 EKCMT  =      3981.4331  VIRIAL  =      4478.6715  VOLUME     =    152177.8220
                                                    Density    =         1.0378
 ------------------------------------------------------------------------------

wrapping first mol.:       19.40827       27.44743       47.54035
wrapping first mol.:       19.40827       27.44743       47.54035

 NSTEP =    28500   TIME(PS) =     757.000  TEMP(K) =   301.31  PRESS =   206.4
 Etot   =    -50091.9692  EKtot   =      9569.6211  EPtot      =    -59661.5903
 BOND   =       376.5683  ANGLE   =       997.7128  DIHED      =       684.5306
 1-4 NB =       451.0117  1-4 EEL =      5749.8761  VDWAALS    =      6552.9618
 EELEC  =    -74604.2773  EHBOND  =         0.0000  RESTRAINT  =       130.0257
 EAMBER (non-restraint)  =    -59791.6160
 EKCMT  =      4016.2965  VIRIAL  =      3339.2943  VOLUME     =    151947.6531
                                                    Density    =         1.0394
 ------------------------------------------------------------------------------

wrapping first mol.:       19.41822       27.46152       47.56474
wrapping first mol.:       19.41822       27.46152       47.56474

 NSTEP =    29000   TIME(PS) =     758.000  TEMP(K) =   300.47  PRESS =   442.5
 Etot   =    -50242.6443  EKtot   =      9542.8965  EPtot      =    -59785.5408
 BOND   =       396.5718  ANGLE   =      1017.0757  DIHED      =       691.1669
 1-4 NB =       461.7155  1-4 EEL =      5778.4784  VDWAALS    =      6858.6393
 EELEC  =    -75109.5851  EHBOND  =         0.0000  RESTRAINT  =       120.3966
 EAMBER (non-restraint)  =    -59905.9374
 EKCMT  =      3968.2681  VIRIAL  =      2514.4811  VOLUME     =    152178.4404
                                                    Density    =         1.0378
 ------------------------------------------------------------------------------

wrapping first mol.:       19.41804       27.46126       47.56429
wrapping first mol.:       19.41804       27.46126       47.56429

 NSTEP =    29500   TIME(PS) =     759.000  TEMP(K) =   302.16  PRESS =  -102.8
 Etot   =    -50058.0916  EKtot   =      9596.7539  EPtot      =    -59654.8455
 BOND   =       400.6227  ANGLE   =      1014.3184  DIHED      =       690.4900
 1-4 NB =       451.7765  1-4 EEL =      5764.1160  VDWAALS    =      6494.5693
 EELEC  =    -74608.0427  EHBOND  =         0.0000  RESTRAINT  =       137.3044
 EAMBER (non-restraint)  =    -59792.1499
 EKCMT  =      4009.0666  VIRIAL  =      4346.9924  VOLUME     =    152181.5445
                                                    Density    =         1.0378
 ------------------------------------------------------------------------------

wrapping first mol.:       19.42047       27.46469       47.57024
wrapping first mol.:       19.42047       27.46469       47.57024

 NSTEP =    30000   TIME(PS) =     760.000  TEMP(K) =   299.19  PRESS =  -125.0
 Etot   =    -49964.3328  EKtot   =      9502.5078  EPtot      =    -59466.8406
 BOND   =       401.9585  ANGLE   =       991.5314  DIHED      =       685.6124
 1-4 NB =       442.4288  1-4 EEL =      5759.9012  VDWAALS    =      6474.3715
 EELEC  =    -74356.6819  EHBOND  =         0.0000  RESTRAINT  =       134.0375
 EAMBER (non-restraint)  =    -59600.8782
 EKCMT  =      3996.1722  VIRIAL  =      4406.8985  VOLUME     =    152238.9596
                                                    Density    =         1.0374
 ------------------------------------------------------------------------------

wrapping first mol.:       19.41321       27.45442       47.55244
wrapping first mol.:       19.41321       27.45442       47.55244

 NSTEP =    30500   TIME(PS) =     761.000  TEMP(K) =   299.86  PRESS =  -338.6
 Etot   =    -49991.4615  EKtot   =      9523.7314  EPtot      =    -59515.1929
 BOND   =       416.3751  ANGLE   =      1028.8895  DIHED      =       717.2143
 1-4 NB =       467.7805  1-4 EEL =      5709.1080  VDWAALS    =      6469.8298
 EELEC  =    -74446.5096  EHBOND  =         0.0000  RESTRAINT  =       122.1195
 EAMBER (non-restraint)  =    -59637.3124
 EKCMT  =      4046.9672  VIRIAL  =      5158.8283  VOLUME     =    152071.0901
                                                    Density    =         1.0386
 ------------------------------------------------------------------------------

wrapping first mol.:       19.42160       27.46629       47.57301
wrapping first mol.:       19.42160       27.46629       47.57301

 NSTEP =    31000   TIME(PS) =     762.000  TEMP(K) =   299.53  PRESS =   -23.9
 Etot   =    -50088.6723  EKtot   =      9513.1758  EPtot      =    -59601.8481
 BOND   =       377.2289  ANGLE   =      1023.3703  DIHED      =       703.0764
 1-4 NB =       458.7452  1-4 EEL =      5751.8502  VDWAALS    =      6671.6436
 EELEC  =    -74707.5092  EHBOND  =         0.0000  RESTRAINT  =       119.7465
 EAMBER (non-restraint)  =    -59721.5946
 EKCMT  =      3973.7108  VIRIAL  =      4052.4473  VOLUME     =    152264.1910
                                                    Density    =         1.0373
 ------------------------------------------------------------------------------

wrapping first mol.:       19.44103       27.49377       47.62060
wrapping first mol.:       19.44103       27.49377       47.62060

 NSTEP =    31500   TIME(PS) =     763.000  TEMP(K) =   298.69  PRESS =  -147.7
 Etot   =    -50080.1002  EKtot   =      9486.3457  EPtot      =    -59566.4459
 BOND   =       395.2750  ANGLE   =      1011.1090  DIHED      =       716.0550
 1-4 NB =       447.6371  1-4 EEL =      5752.3119  VDWAALS    =      6473.0249
 EELEC  =    -74493.4051  EHBOND  =         0.0000  RESTRAINT  =       131.5462
 EAMBER (non-restraint)  =    -59697.9921
 EKCMT  =      3971.9560  VIRIAL  =      4458.8419  VOLUME     =    152723.3078
                                                    Density    =         1.0341
 ------------------------------------------------------------------------------

wrapping first mol.:       19.43244       27.48162       47.59956
wrapping first mol.:       19.43244       27.48162       47.59956

 NSTEP =    32000   TIME(PS) =     764.000  TEMP(K) =   302.74  PRESS =    23.9
 Etot   =    -49605.6182  EKtot   =      9615.2441  EPtot      =    -59220.8624
 BOND   =       414.9438  ANGLE   =      1006.7365  DIHED      =       694.5486
 1-4 NB =       466.4861  1-4 EEL =      5759.2690  VDWAALS    =      6428.6697
 EELEC  =    -74115.6087  EHBOND  =         0.0000  RESTRAINT  =       124.0926
 EAMBER (non-restraint)  =    -59344.9549
 EKCMT  =      4064.6374  VIRIAL  =      3985.9935  VOLUME     =    152518.5985
                                                    Density    =         1.0355
 ------------------------------------------------------------------------------

wrapping first mol.:       19.43787       27.48930       47.61287
wrapping first mol.:       19.43787       27.48930       47.61287

 NSTEP =    32500   TIME(PS) =     765.000  TEMP(K) =   304.06  PRESS =   -61.4
 Etot   =    -49764.1621  EKtot   =      9656.9805  EPtot      =    -59421.1426
 BOND   =       389.7582  ANGLE   =      1029.6308  DIHED      =       689.7630
 1-4 NB =       460.9448  1-4 EEL =      5740.5952  VDWAALS    =      6579.1542
 EELEC  =    -74438.0702  EHBOND  =         0.0000  RESTRAINT  =       127.0815
 EAMBER (non-restraint)  =    -59548.2241
 EKCMT  =      4065.5610  VIRIAL  =      4267.8259  VOLUME     =    152647.7527
                                                    Density    =         1.0346
 ------------------------------------------------------------------------------

wrapping first mol.:       19.42566       27.47203       47.58294
wrapping first mol.:       19.42566       27.47203       47.58294

 NSTEP =    33000   TIME(PS) =     766.000  TEMP(K) =   302.17  PRESS =   221.1
 Etot   =    -49971.5565  EKtot   =      9596.8838  EPtot      =    -59568.4403
 BOND   =       365.5210  ANGLE   =      1006.2386  DIHED      =       679.9598
 1-4 NB =       458.9855  1-4 EEL =      5781.0508  VDWAALS    =      6643.7960
 EELEC  =    -74625.8544  EHBOND  =         0.0000  RESTRAINT  =       121.8623
 EAMBER (non-restraint)  =    -59690.3026
 EKCMT  =      3990.3610  VIRIAL  =      3263.1311  VOLUME     =    152356.2784
                                                    Density    =         1.0366
 ------------------------------------------------------------------------------

wrapping first mol.:       19.43791       27.48935       47.61295
wrapping first mol.:       19.43791       27.48935       47.61295

 NSTEP =    33500   TIME(PS) =     767.000  TEMP(K) =   303.06  PRESS =   110.6
 Etot   =    -49754.8771  EKtot   =      9625.1436  EPtot      =    -59380.0206
 BOND   =       380.4712  ANGLE   =      1002.7887  DIHED      =       699.1845
 1-4 NB =       460.0693  1-4 EEL =      5756.1714  VDWAALS    =      6565.6425
 EELEC  =    -74385.2843  EHBOND  =         0.0000  RESTRAINT  =       140.9360
 EAMBER (non-restraint)  =    -59520.9566
 EKCMT  =      4113.6511  VIRIAL  =      3749.1589  VOLUME     =    152646.2190
                                                    Density    =         1.0347
 ------------------------------------------------------------------------------

wrapping first mol.:       19.43963       27.49179       47.61717
wrapping first mol.:       19.43963       27.49179       47.61717

 NSTEP =    34000   TIME(PS) =     768.000  TEMP(K) =   302.54  PRESS =    89.4
 Etot   =    -49855.3900  EKtot   =      9608.6494  EPtot      =    -59464.0394
 BOND   =       424.9977  ANGLE   =      1002.0184  DIHED      =       684.5336
 1-4 NB =       455.0083  1-4 EEL =      5773.6842  VDWAALS    =      6545.2521
 EELEC  =    -74483.2777  EHBOND  =         0.0000  RESTRAINT  =       133.7441
 EAMBER (non-restraint)  =    -59597.7836
 EKCMT  =      4013.0765  VIRIAL  =      3718.2513  VOLUME     =    152687.0356
                                                    Density    =         1.0344
 ------------------------------------------------------------------------------

wrapping first mol.:       19.43781       27.48921       47.61270
wrapping first mol.:       19.43781       27.48921       47.61270

 NSTEP =    34500   TIME(PS) =     769.000  TEMP(K) =   299.84  PRESS =   -97.7
 Etot   =    -50044.3861  EKtot   =      9522.8506  EPtot      =    -59567.2366
 BOND   =       376.5138  ANGLE   =      1009.5833  DIHED      =       716.2019
 1-4 NB =       452.2799  1-4 EEL =      5704.9456  VDWAALS    =      6590.8982
 EELEC  =    -74543.3427  EHBOND  =         0.0000  RESTRAINT  =       125.6834
 EAMBER (non-restraint)  =    -59692.9201
 EKCMT  =      4053.8610  VIRIAL  =      4375.7007  VOLUME     =    152646.6609
                                                    Density    =         1.0347
 ------------------------------------------------------------------------------

wrapping first mol.:       19.44860       27.50448       47.63915
wrapping first mol.:       19.44860       27.50448       47.63915

 NSTEP =    35000   TIME(PS) =     770.000  TEMP(K) =   298.62  PRESS =   103.1
 Etot   =    -50138.7515  EKtot   =      9484.1953  EPtot      =    -59622.9469
 BOND   =       398.0018  ANGLE   =      1023.1659  DIHED      =       697.4203
 1-4 NB =       457.7704  1-4 EEL =      5723.7641  VDWAALS    =      6633.1419
 EELEC  =    -74684.3586  EHBOND  =         0.0000  RESTRAINT  =       128.1473
 EAMBER (non-restraint)  =    -59751.0942
 EKCMT  =      4045.1831  VIRIAL  =      3704.8094  VOLUME     =    152898.4453
                                                    Density    =         1.0330
 ------------------------------------------------------------------------------

wrapping first mol.:       19.44555       27.50016       47.63167
wrapping first mol.:       19.44555       27.50016       47.63167

 NSTEP =    35500   TIME(PS) =     771.000  TEMP(K) =   297.38  PRESS =  -252.2
 Etot   =    -49982.1603  EKtot   =      9444.9326  EPtot      =    -59427.0929
 BOND   =       401.7296  ANGLE   =      1031.6787  DIHED      =       704.2889
 1-4 NB =       462.3689  1-4 EEL =      5750.8819  VDWAALS    =      6495.0176
 EELEC  =    -74408.3386  EHBOND  =         0.0000  RESTRAINT  =       135.2801
 EAMBER (non-restraint)  =    -59562.3729
 EKCMT  =      3907.2585  VIRIAL  =      4739.3205  VOLUME     =    152831.2597
                                                    Density    =         1.0334
 ------------------------------------------------------------------------------

wrapping first mol.:       19.45427       27.51250       47.65304
wrapping first mol.:       19.45427       27.51250       47.65304

 NSTEP =    36000   TIME(PS) =     772.000  TEMP(K) =   297.88  PRESS =   143.9
 Etot   =    -50109.9468  EKtot   =      9460.8174  EPtot      =    -59570.7642
 BOND   =       408.6673  ANGLE   =      1025.6136  DIHED      =       696.2316
 1-4 NB =       452.6314  1-4 EEL =      5744.6745  VDWAALS    =      6839.0682
 EELEC  =    -74866.7335  EHBOND  =         0.0000  RESTRAINT  =       129.0826
 EAMBER (non-restraint)  =    -59699.8468
 EKCMT  =      3933.9517  VIRIAL  =      3458.5384  VOLUME     =    153031.6320
                                                    Density    =         1.0321
 ------------------------------------------------------------------------------

wrapping first mol.:       19.43676       27.48773       47.61014
wrapping first mol.:       19.43676       27.48773       47.61014

 NSTEP =    36500   TIME(PS) =     773.000  TEMP(K) =   301.40  PRESS =  -203.2
 Etot   =    -49975.2299  EKtot   =      9572.5830  EPtot      =    -59547.8129
 BOND   =       396.6656  ANGLE   =      1036.5634  DIHED      =       693.8910
 1-4 NB =       463.8156  1-4 EEL =      5767.0238  VDWAALS    =      6461.5803
 EELEC  =    -74504.7796  EHBOND  =         0.0000  RESTRAINT  =       137.4271
 EAMBER (non-restraint)  =    -59685.2399
 EKCMT  =      4006.6204  VIRIAL  =      4676.2492  VOLUME     =    152623.4414
                                                    Density    =         1.0348
 ------------------------------------------------------------------------------

wrapping first mol.:       19.42314       27.46847       47.57677
wrapping first mol.:       19.42314       27.46847       47.57677

 NSTEP =    37000   TIME(PS) =     774.000  TEMP(K) =   301.93  PRESS =    18.5
 Etot   =    -49928.0216  EKtot   =      9589.4717  EPtot      =    -59517.4933
 BOND   =       396.2448  ANGLE   =       988.7773  DIHED      =       697.5175
 1-4 NB =       454.8329  1-4 EEL =      5776.4830  VDWAALS    =      6479.6327
 EELEC  =    -74445.7812  EHBOND  =         0.0000  RESTRAINT  =       134.7996
 EAMBER (non-restraint)  =    -59652.2929
 EKCMT  =      4019.3506  VIRIAL  =      3958.3932  VOLUME     =    152299.7652
                                                    Density    =         1.0370
 ------------------------------------------------------------------------------

wrapping first mol.:       19.43839       27.49003       47.61413
wrapping first mol.:       19.43839       27.49003       47.61413

 NSTEP =    37500   TIME(PS) =     775.000  TEMP(K) =   302.33  PRESS =   181.8
 Etot   =    -49959.4533  EKtot   =      9602.1846  EPtot      =    -59561.6379
 BOND   =       417.8971  ANGLE   =       976.7984  DIHED      =       704.5262
 1-4 NB =       466.2784  1-4 EEL =      5715.8407  VDWAALS    =      6621.6832
 EELEC  =    -74584.1763  EHBOND  =         0.0000  RESTRAINT  =       119.5144
 EAMBER (non-restraint)  =    -59681.1523
 EKCMT  =      3979.0987  VIRIAL  =      3379.7130  VOLUME     =    152656.5876
                                                    Density    =         1.0346
 ------------------------------------------------------------------------------

wrapping first mol.:       19.43315       27.48263       47.60130
wrapping first mol.:       19.43315       27.48263       47.60130

 NSTEP =    38000   TIME(PS) =     776.000  TEMP(K) =   302.99  PRESS =   169.2
 Etot   =    -49834.9399  EKtot   =      9622.8984  EPtot      =    -59457.8383
 BOND   =       413.8393  ANGLE   =      1039.8780  DIHED      =       680.8552
 1-4 NB =       458.1776  1-4 EEL =      5752.0264  VDWAALS    =      6547.6906
 EELEC  =    -74496.7883  EHBOND  =         0.0000  RESTRAINT  =       146.4829
 EAMBER (non-restraint)  =    -59604.3212
 EKCMT  =      3991.3940  VIRIAL  =      3434.0415  VOLUME     =    152533.3824
                                                    Density    =         1.0354
 ------------------------------------------------------------------------------

wrapping first mol.:       19.43484       27.48502       47.60544
wrapping first mol.:       19.43484       27.48502       47.60544

 NSTEP =    38500   TIME(PS) =     777.000  TEMP(K) =   300.67  PRESS =  -346.1
 Etot   =    -50094.7566  EKtot   =      9549.3633  EPtot      =    -59644.1199
 BOND   =       411.5402  ANGLE   =      1082.9616  DIHED      =       709.9448
 1-4 NB =       457.8572  1-4 EEL =      5734.1763  VDWAALS    =      6441.9601
 EELEC  =    -74604.0103  EHBOND  =         0.0000  RESTRAINT  =       121.4502
 EAMBER (non-restraint)  =    -59765.5701
 EKCMT  =      4006.5091  VIRIAL  =      5146.7928  VOLUME     =    152580.2134
                                                    Density    =         1.0351
 ------------------------------------------------------------------------------

wrapping first mol.:       19.43231       27.48143       47.59924
wrapping first mol.:       19.43231       27.48143       47.59924

 NSTEP =    39000   TIME(PS) =     778.000  TEMP(K) =   301.56  PRESS =   135.9
 Etot   =    -50037.9817  EKtot   =      9577.5146  EPtot      =    -59615.4964
 BOND   =       378.4615  ANGLE   =      1015.4701  DIHED      =       708.3432
 1-4 NB =       443.4128  1-4 EEL =      5760.7376  VDWAALS    =      6759.3043
 EELEC  =    -74824.2995  EHBOND  =         0.0000  RESTRAINT  =       143.0735
 EAMBER (non-restraint)  =    -59758.5699
 EKCMT  =      4033.5299  VIRIAL  =      3585.9522  VOLUME     =    152513.9917
                                                    Density    =         1.0356
 ------------------------------------------------------------------------------

wrapping first mol.:       19.43800       27.48948       47.61318
wrapping first mol.:       19.43800       27.48948       47.61318

 NSTEP =    39500   TIME(PS) =     779.000  TEMP(K) =   296.97  PRESS =  -313.9
 Etot   =    -50386.1707  EKtot   =      9431.8691  EPtot      =    -59818.0398
 BOND   =       383.5168  ANGLE   =       997.1478  DIHED      =       721.6036
 1-4 NB =       453.5709  1-4 EEL =      5760.2078  VDWAALS    =      6570.0931
 EELEC  =    -74851.2961  EHBOND  =         0.0000  RESTRAINT  =       147.1163
 EAMBER (non-restraint)  =    -59965.1562
 EKCMT  =      3949.0339  VIRIAL  =      4983.7145  VOLUME     =    152654.1703
                                                    Density    =         1.0346
 ------------------------------------------------------------------------------

wrapping first mol.:       19.42934       27.47724       47.59197
wrapping first mol.:       19.42934       27.47724       47.59197

 NSTEP =    40000   TIME(PS) =     780.000  TEMP(K) =   296.54  PRESS =   146.7
 Etot   =    -50141.0104  EKtot   =      9418.1631  EPtot      =    -59559.1735
 BOND   =       414.4120  ANGLE   =      1036.5669  DIHED      =       705.8602
 1-4 NB =       445.3116  1-4 EEL =      5715.3665  VDWAALS    =      6697.4474
 EELEC  =    -74711.2843  EHBOND  =         0.0000  RESTRAINT  =       137.1463
 EAMBER (non-restraint)  =    -59696.3198
 EKCMT  =      4031.5298  VIRIAL  =      3548.7546  VOLUME     =    152444.0500
                                                    Density    =         1.0360
 ------------------------------------------------------------------------------

wrapping first mol.:       19.43293       27.48231       47.60075
wrapping first mol.:       19.43293       27.48231       47.60075

 NSTEP =    40500   TIME(PS) =     781.000  TEMP(K) =   300.57  PRESS =  -299.3
 Etot   =    -50198.7383  EKtot   =      9546.0557  EPtot      =    -59744.7939
 BOND   =       372.3141  ANGLE   =      1019.0758  DIHED      =       701.0166
 1-4 NB =       461.0434  1-4 EEL =      5757.8479  VDWAALS    =      6571.6412
 EELEC  =    -74759.3291  EHBOND  =         0.0000  RESTRAINT  =       131.5962
 EAMBER (non-restraint)  =    -59876.3901
 EKCMT  =      4008.0174  VIRIAL  =      4993.5863  VOLUME     =    152534.4572
                                                    Density    =         1.0354
 ------------------------------------------------------------------------------

wrapping first mol.:       19.41948       27.46329       47.56781
wrapping first mol.:       19.41948       27.46329       47.56781

 NSTEP =    41000   TIME(PS) =     782.000  TEMP(K) =   298.68  PRESS =   498.6
 Etot   =    -50029.3854  EKtot   =      9486.0088  EPtot      =    -59515.3942
 BOND   =       376.9097  ANGLE   =      1008.1451  DIHED      =       692.7297
 1-4 NB =       436.8016  1-4 EEL =      5741.8051  VDWAALS    =      6593.8712
 EELEC  =    -74493.4275  EHBOND  =         0.0000  RESTRAINT  =       127.7710
 EAMBER (non-restraint)  =    -59643.1652
 EKCMT  =      3946.1100  VIRIAL  =      2307.6944  VOLUME     =    152207.1754
                                                    Density    =         1.0376
 ------------------------------------------------------------------------------

wrapping first mol.:       19.41738       27.46032       47.56267
wrapping first mol.:       19.41738       27.46032       47.56267

 NSTEP =    41500   TIME(PS) =     783.000  TEMP(K) =   299.45  PRESS =  -122.4
 Etot   =    -50003.5917  EKtot   =      9510.5723  EPtot      =    -59514.1639
 BOND   =       386.7145  ANGLE   =      1036.9218  DIHED      =       703.9364
 1-4 NB =       457.8130  1-4 EEL =      5727.2993  VDWAALS    =      6639.0418
 EELEC  =    -74599.2351  EHBOND  =         0.0000  RESTRAINT  =       133.3442
 EAMBER (non-restraint)  =    -59647.5081
 EKCMT  =      3943.4710  VIRIAL  =      4345.5718  VOLUME     =    152166.2737
                                                    Density    =         1.0379
 ------------------------------------------------------------------------------

wrapping first mol.:       19.43135       27.48008       47.59689
wrapping first mol.:       19.43135       27.48008       47.59689

 NSTEP =    42000   TIME(PS) =     784.000  TEMP(K) =   302.48  PRESS =    33.8
 Etot   =    -50022.4925  EKtot   =      9606.9414  EPtot      =    -59629.4339
 BOND   =       358.1427  ANGLE   =      1032.4845  DIHED      =       698.2900
 1-4 NB =       469.4084  1-4 EEL =      5741.5208  VDWAALS    =      6615.7510
 EELEC  =    -74684.9699  EHBOND  =         0.0000  RESTRAINT  =       139.9385
 EAMBER (non-restraint)  =    -59769.3724
 EKCMT  =      4033.9096  VIRIAL  =      3922.7526  VOLUME     =    152492.8738
                                                    Density    =         1.0357
 ------------------------------------------------------------------------------

wrapping first mol.:       19.43709       27.48819       47.61094
wrapping first mol.:       19.43709       27.48819       47.61094

 NSTEP =    42500   TIME(PS) =     785.000  TEMP(K) =   300.53  PRESS =   -39.9
 Etot   =    -50032.5328  EKtot   =      9544.9014  EPtot      =    -59577.4342
 BOND   =       400.2552  ANGLE   =      1049.8458  DIHED      =       700.8545
 1-4 NB =       455.0400  1-4 EEL =      5747.7146  VDWAALS    =      6568.0578
 EELEC  =    -74639.4983  EHBOND  =         0.0000  RESTRAINT  =       140.2963
 EAMBER (non-restraint)  =    -59717.7305
 EKCMT  =      4040.4982  VIRIAL  =      4171.8646  VOLUME     =    152628.8933
                                                    Density    =         1.0348
 ------------------------------------------------------------------------------

wrapping first mol.:       19.43467       27.48477       47.60502
wrapping first mol.:       19.43467       27.48477       47.60502

 NSTEP =    43000   TIME(PS) =     786.000  TEMP(K) =   296.22  PRESS =   127.4
 Etot   =    -50210.5229  EKtot   =      9408.1436  EPtot      =    -59618.6665
 BOND   =       396.4009  ANGLE   =      1029.3453  DIHED      =       725.3868
 1-4 NB =       434.1121  1-4 EEL =      5725.9471  VDWAALS    =      6540.9203
 EELEC  =    -74601.7002  EHBOND  =         0.0000  RESTRAINT  =       130.9212
 EAMBER (non-restraint)  =    -59749.5877
 EKCMT  =      3953.5583  VIRIAL  =      3533.7195  VOLUME     =    152569.7291
                                                    Density    =         1.0352
 ------------------------------------------------------------------------------

wrapping first mol.:       19.42353       27.46903       47.57774
wrapping first mol.:       19.42353       27.46903       47.57774

 NSTEP =    43500   TIME(PS) =     787.000  TEMP(K) =   297.87  PRESS =    -6.7
 Etot   =    -50098.5821  EKtot   =      9460.3496  EPtot      =    -59558.9317
 BOND   =       421.7830  ANGLE   =      1004.3431  DIHED      =       707.1592
 1-4 NB =       463.6533  1-4 EEL =      5778.1664  VDWAALS    =      6540.1946
 EELEC  =    -74597.6577  EHBOND  =         0.0000  RESTRAINT  =       123.4264
 EAMBER (non-restraint)  =    -59682.3581
 EKCMT  =      3944.8448  VIRIAL  =      3966.7608  VOLUME     =    152309.4278
                                                    Density    =         1.0369
 ------------------------------------------------------------------------------

wrapping first mol.:       19.43967       27.49185       47.61727
wrapping first mol.:       19.43967       27.49185       47.61727

 NSTEP =    44000   TIME(PS) =     788.000  TEMP(K) =   299.88  PRESS =   -69.8
 Etot   =    -50054.7112  EKtot   =      9524.1299  EPtot      =    -59578.8411
 BOND   =       411.9715  ANGLE   =       954.9328  DIHED      =       716.4307
 1-4 NB =       450.9558  1-4 EEL =      5781.2410  VDWAALS    =      6590.3507
 EELEC  =    -74604.9861  EHBOND  =         0.0000  RESTRAINT  =       120.2625
 EAMBER (non-restraint)  =    -59699.1036
 EKCMT  =      4059.5762  VIRIAL  =      4289.7573  VOLUME     =    152690.2251
                                                    Density    =         1.0344
 ------------------------------------------------------------------------------

wrapping first mol.:       19.43570       27.48623       47.60754
wrapping first mol.:       19.43570       27.48623       47.60754

 NSTEP =    44500   TIME(PS) =     789.000  TEMP(K) =   298.50  PRESS =  -343.4
 Etot   =    -50170.0370  EKtot   =      9480.2988  EPtot      =    -59650.3358
 BOND   =       379.7425  ANGLE   =      1001.9391  DIHED      =       719.9441
 1-4 NB =       448.5259  1-4 EEL =      5732.2777  VDWAALS    =      6407.7888
 EELEC  =    -74471.1176  EHBOND  =         0.0000  RESTRAINT  =       130.5636
 EAMBER (non-restraint)  =    -59780.8994
 EKCMT  =      3967.8652  VIRIAL  =      5099.1975  VOLUME     =    152600.3809
                                                    Density    =         1.0350
 ------------------------------------------------------------------------------

wrapping first mol.:       19.42849       27.47604       47.58989
wrapping first mol.:       19.42849       27.47604       47.58989

 NSTEP =    45000   TIME(PS) =     790.000  TEMP(K) =   301.96  PRESS =  -405.6
 Etot   =    -50119.1646  EKtot   =      9590.4580  EPtot      =    -59709.6226
 BOND   =       419.6713  ANGLE   =       997.1420  DIHED      =       698.5900
 1-4 NB =       452.8561  1-4 EEL =      5763.2454  VDWAALS    =      6505.1312
 EELEC  =    -74672.6455  EHBOND  =         0.0000  RESTRAINT  =       126.3870
 EAMBER (non-restraint)  =    -59836.0096
 EKCMT  =      4003.4433  VIRIAL  =      5338.3399  VOLUME     =    152431.5088
                                                    Density    =         1.0361
 ------------------------------------------------------------------------------

wrapping first mol.:       19.43230       27.48142       47.59922
wrapping first mol.:       19.43230       27.48142       47.59922

 NSTEP =    45500   TIME(PS) =     791.000  TEMP(K) =   301.83  PRESS =  -293.4
 Etot   =    -49985.7125  EKtot   =      9586.2676  EPtot      =    -59571.9801
 BOND   =       397.6403  ANGLE   =      1055.2962  DIHED      =       708.7051
 1-4 NB =       456.8014  1-4 EEL =      5682.8773  VDWAALS    =      6577.5688
 EELEC  =    -74573.7307  EHBOND  =         0.0000  RESTRAINT  =       122.8617
 EAMBER (non-restraint)  =    -59694.8417
 EKCMT  =      4019.9246  VIRIAL  =      4986.1357  VOLUME     =    152519.6771
                                                    Density    =         1.0355
 ------------------------------------------------------------------------------

wrapping first mol.:       19.43519       27.48551       47.60629
wrapping first mol.:       19.43519       27.48551       47.60629

 NSTEP =    46000   TIME(PS) =     792.000  TEMP(K) =   295.26  PRESS =   153.6
 Etot   =    -50172.0119  EKtot   =      9377.5713  EPtot      =    -59549.5832
 BOND   =       394.3794  ANGLE   =       997.6340  DIHED      =       692.6420
 1-4 NB =       452.7752  1-4 EEL =      5763.2586  VDWAALS    =      6731.1173
 EELEC  =    -74701.2436  EHBOND  =         0.0000  RESTRAINT  =       119.8539
 EAMBER (non-restraint)  =    -59669.4371
 EKCMT  =      3976.0792  VIRIAL  =      3470.2080  VOLUME     =    152581.5794
                                                    Density    =         1.0351
 ------------------------------------------------------------------------------

wrapping first mol.:       19.42514       27.47130       47.58169
wrapping first mol.:       19.42514       27.47130       47.58169

 NSTEP =    46500   TIME(PS) =     793.000  TEMP(K) =   302.84  PRESS =   122.3
 Etot   =    -49994.1003  EKtot   =      9618.2773  EPtot      =    -59612.3777
 BOND   =       405.1149  ANGLE   =      1002.5180  DIHED      =       704.6640
 1-4 NB =       450.0756  1-4 EEL =      5754.7793  VDWAALS    =      6692.3633
 EELEC  =    -74756.8732  EHBOND  =         0.0000  RESTRAINT  =       134.9804
 EAMBER (non-restraint)  =    -59747.3580
 EKCMT  =      4011.1342  VIRIAL  =      3608.7245  VOLUME     =    152345.5400
                                                    Density    =         1.0367
 ------------------------------------------------------------------------------

wrapping first mol.:       19.42398       27.46965       47.57883
wrapping first mol.:       19.42398       27.46965       47.57883

 NSTEP =    47000   TIME(PS) =     794.000  TEMP(K) =   302.04  PRESS =  -450.7
 Etot   =    -50177.9998  EKtot   =      9593.0068  EPtot      =    -59771.0066
 BOND   =       398.3442  ANGLE   =       996.9323  DIHED      =       692.9396
 1-4 NB =       447.6314  1-4 EEL =      5751.4246  VDWAALS    =      6498.3704
 EELEC  =    -74684.3305  EHBOND  =         0.0000  RESTRAINT  =       127.6813
 EAMBER (non-restraint)  =    -59898.6879
 EKCMT  =      3957.6761  VIRIAL  =      5440.0819  VOLUME     =    152325.8723
                                                    Density    =         1.0368
 ------------------------------------------------------------------------------

wrapping first mol.:       19.40547       27.44347       47.53348
wrapping first mol.:       19.40547       27.44347       47.53348

 NSTEP =    47500   TIME(PS) =     795.000  TEMP(K) =   297.08  PRESS =  -197.9
 Etot   =    -50246.4923  EKtot   =      9435.4111  EPtot      =    -59681.9035
 BOND   =       405.7541  ANGLE   =      1005.2963  DIHED      =       688.1997
 1-4 NB =       466.5800  1-4 EEL =      5792.6374  VDWAALS    =      6509.4787
 EELEC  =    -74678.1171  EHBOND  =         0.0000  RESTRAINT  =       128.2674
 EAMBER (non-restraint)  =    -59810.1709
 EKCMT  =      3959.4396  VIRIAL  =      4608.4623  VOLUME     =    151887.3371
                                                    Density    =         1.0398
 ------------------------------------------------------------------------------

wrapping first mol.:       19.43228       27.48140       47.59917
wrapping first mol.:       19.43228       27.48140       47.59917

 NSTEP =    48000   TIME(PS) =     796.000  TEMP(K) =   299.72  PRESS =   177.0
 Etot   =    -50117.6205  EKtot   =      9519.2969  EPtot      =    -59636.9174
 BOND   =       390.8012  ANGLE   =      1036.7900  DIHED      =       710.5859
 1-4 NB =       465.8616  1-4 EEL =      5751.5131  VDWAALS    =      6832.4208
 EELEC  =    -74946.4419  EHBOND  =         0.0000  RESTRAINT  =       121.5519
 EAMBER (non-restraint)  =    -59758.4693
 EKCMT  =      4011.9631  VIRIAL  =      3428.9617  VOLUME     =    152512.8065
                                                    Density    =         1.0356
 ------------------------------------------------------------------------------

wrapping first mol.:       19.43836       27.49000       47.61407
wrapping first mol.:       19.43836       27.49000       47.61407

 NSTEP =    48500   TIME(PS) =     797.000  TEMP(K) =   299.03  PRESS =  -328.1
 Etot   =    -50170.1350  EKtot   =      9497.2500  EPtot      =    -59667.3850
 BOND   =       378.6518  ANGLE   =      1018.1360  DIHED      =       688.7938
 1-4 NB =       463.9576  1-4 EEL =      5769.5121  VDWAALS    =      6535.2622
 EELEC  =    -74655.6195  EHBOND  =         0.0000  RESTRAINT  =       133.9209
 EAMBER (non-restraint)  =    -59801.3059
 EKCMT  =      3965.3172  VIRIAL  =      5046.6388  VOLUME     =    152662.8995
                                                    Density    =         1.0345
 ------------------------------------------------------------------------------

wrapping first mol.:       19.43011       27.47832       47.59384
wrapping first mol.:       19.43011       27.47832       47.59384

 NSTEP =    49000   TIME(PS) =     798.000  TEMP(K) =   297.10  PRESS =   -50.8
 Etot   =    -50175.3973  EKtot   =      9435.9531  EPtot      =    -59611.3504
 BOND   =       395.1871  ANGLE   =      1005.8599  DIHED      =       716.6340
 1-4 NB =       452.9545  1-4 EEL =      5763.2733  VDWAALS    =      6649.5302
 EELEC  =    -74732.0575  EHBOND  =         0.0000  RESTRAINT  =       137.2680
 EAMBER (non-restraint)  =    -59748.6184
 EKCMT  =      4005.0341  VIRIAL  =      4172.1338  VOLUME     =    152464.6649
                                                    Density    =         1.0359
 ------------------------------------------------------------------------------

wrapping first mol.:       19.41214       27.45291       47.54983
wrapping first mol.:       19.41214       27.45291       47.54983

 NSTEP =    49500   TIME(PS) =     799.000  TEMP(K) =   298.58  PRESS =  -328.2
 Etot   =    -50177.3738  EKtot   =      9483.0742  EPtot      =    -59660.4480
 BOND   =       407.0246  ANGLE   =      1015.5251  DIHED      =       714.8461
 1-4 NB =       454.7982  1-4 EEL =      5775.6365  VDWAALS    =      6404.7255
 EELEC  =    -74572.1015  EHBOND  =         0.0000  RESTRAINT  =       139.0975
 EAMBER (non-restraint)  =    -59799.5456
 EKCMT  =      4001.0545  VIRIAL  =      5078.4708  VOLUME     =    152045.8594
                                                    Density    =         1.0387
 ------------------------------------------------------------------------------

wrapping first mol.:       19.41379       27.45524       47.55388
wrapping first mol.:       19.41379       27.45524       47.55388

 NSTEP =    50000   TIME(PS) =     800.000  TEMP(K) =   301.76  PRESS =   376.8
 Etot   =    -50162.7369  EKtot   =      9584.0596  EPtot      =    -59746.7965
 BOND   =       387.4210  ANGLE   =      1026.0702  DIHED      =       706.0490
 1-4 NB =       455.6172  1-4 EEL =      5741.2412  VDWAALS    =      6604.0689
 EELEC  =    -74787.9993  EHBOND  =         0.0000  RESTRAINT  =       120.7353
 EAMBER (non-restraint)  =    -59867.5318
 EKCMT  =      4079.8537  VIRIAL  =      2842.6322  VOLUME     =    152075.1094
                                                    Density    =         1.0385
 ------------------------------------------------------------------------------


      A V E R A G E S   O V E R     100 S T E P S


 NSTEP =    50000   TIME(PS) =     800.000  TEMP(K) =   300.28  PRESS =   -30.9
 Etot   =    -50030.2651  EKtot   =      9536.9102  EPtot      =    -59567.1754
 BOND   =       395.9062  ANGLE   =      1015.0904  DIHED      =       702.7130
 1-4 NB =       455.7990  1-4 EEL =      5753.8113  VDWAALS    =      6582.8434
 EELEC  =    -74604.1612  EHBOND  =         0.0000  RESTRAINT  =       130.8225
 EAMBER (non-restraint)  =    -59697.9979
 EKCMT  =      3998.2126  VIRIAL  =      4099.7973  VOLUME     =    152482.9219
                                                    Density    =         1.0358
 ------------------------------------------------------------------------------


      R M S  F L U C T U A T I O N S


 NSTEP =    50000   TIME(PS) =     800.000  TEMP(K) =     2.44  PRESS =   208.5
 Etot   =       137.8454  EKtot   =        77.3763  EPtot      =       108.5879
 BOND   =        15.9917  ANGLE   =        21.0769  DIHED      =        11.9502
 1-4 NB =         8.0854  1-4 EEL =        21.4958  VDWAALS    =       113.4745
 EELEC  =       173.2389  EHBOND  =         0.0000  RESTRAINT  =         7.3003
 EAMBER (non-restraint)  =       101.2875
 EKCMT  =        44.3758  VIRIAL  =       690.2901  VOLUME     =       285.2441
                                                    Density    =         0.0019
 ------------------------------------------------------------------------------

--------------------------------------------------------------------------------
   5.  TIMINGS
--------------------------------------------------------------------------------

|  NonSetup CPU Time in Major Routines:
|
|     Routine           Sec        %
|     ------------------------------
|     Nonbond          69.63   83.52
|     Bond              0.00    0.00
|     Angle             0.00    0.00
|     Dihedral          0.00    0.00
|     Shake             0.25    0.30
|     RunMD            13.40   16.07
|     Other             0.09    0.11
|     ------------------------------
|     Total            83.37

|  PME Nonbond Pairlist CPU Time:
|
|     Routine              Sec        %
|     ---------------------------------
|     Set Up Cit           0.00    0.00
|     Build List           0.00    0.00
|     ---------------------------------
|     Total                0.00    0.00

|  PME Direct Force CPU Time:
|
|     Routine              Sec        %
|     ---------------------------------
|     NonBonded Calc       0.00    0.00
|     Exclude Masked       0.00    0.00
|     Other                0.05    0.07
|     ---------------------------------
|     Total                0.05    0.07

|  PME Reciprocal Force CPU Time:
|
|     Routine              Sec        %
|     ---------------------------------
|     1D bspline           0.00    0.00
|     Grid Charges         0.00    0.00
|     Scalar Sum           0.00    0.00
|     Gradient Sum         0.00    0.00
|     FFT                  0.00    0.00
|     ---------------------------------
|     Total                0.00    0.00

|  Final Performance Info:
|     -----------------------------------------------------
|     Average timings for last   13500 steps:
|     Elapsed(s) =      22.50 Per Step(ms) =       1.67
|         ns/day =     103.66   seconds/ns =     833.50
|
|     Average timings for all steps:
|     Elapsed(s) =      83.35 Per Step(ms) =       1.67
|         ns/day =     103.65   seconds/ns =     833.54
|     -----------------------------------------------------

|  Setup CPU time:            0.59 seconds
|  NonSetup CPU time:        83.37 seconds
|  Total CPU time:           83.96 seconds     0.02 hours

|  Setup wall time:           0    seconds
|  NonSetup wall time:       84    seconds
|  Total wall time:          84    seconds     0.02 hours
