
          -------------------------------------------------------
          Amber 18 PMEMD                              2018
          -------------------------------------------------------

| PMEMD implementation of SANDER, Release 18

| Run on 09/29/2019 at 23:34:19

|   Executable path: pmemd.cuda
| Working directory: /home/pbarletta/lbp/run/1ifb/mhe/e
|          Hostname: Unknown
  [-O]verwriting output

File Assignments:
|   MDIN: 53equ.in                                                              
|  MDOUT: 53equ.out                                                             
| INPCRD: 52e1ifb.rst7                                                          
|   PARM: /home/pbarletta/lbp/top_files/1ifb.prmtop                             
| RESTRT: 53e1ifb.rst7                                                          
|   REFC: 52e1ifb.rst7                                                          
|  MDVEL: mdvel                                                                 
|   MDEN: mden                                                                  
|  MDCRD: 53e1ifb.nc                                                            
| MDINFO: mdinfo                                                                
|  MDFRC: mdfrc                                                                 


 Here is the input file:

Equilibration with solute restrictions                                         
&cntrl                                                                         
imin = 0,                           ! No Minimization                          
nmropt = 0,                         ! No NMR restraints read                   
                                                                               
! Nature and format of the input                                               
ntx = 5,                            ! Coordinates but no velocities will be rea
irest = 1,                          ! Do not run a new simulation              
                                                                               
! Nature and format of the output                                              
ntxo = 1,                           ! rstrt file in ASCII format               
ntpr = 500,                         ! inf in output every ntpr steps           
ntwr = 500,                         ! rstrt file every ntwr steps              
ntwx = 500,                         ! mdcrd file every ntwx steps              
ntwv = 0,                           ! mdvel without velocities                 
ntwe = 0,                           ! Do not write energies and temperatures   
idecomp = 0,                        ! No energy decomposition                  
iwrap = 1,                          ! Coordinates of the restart and mdcrd file
                                                                               
! Frozen or restrained atoms                                                   
ibelly = 0,                         ! No frozen atoms                          
ntr=1,                              ! Harmonic potential restraints            
restraint_wt = 0.015,                ! The weight for the positional restraints
restraintmask = ':1-131@N,CA,C,O',  ! restrained residues                      
                                                                               
! Molecular dynamics                                                           
nstlim = 50000,                     ! Number of MD-steps                       
dt = 0.002,                         ! Time step                                
                                                                               
! Temperature regulation                                                       
ntt = 3,                            ! Langevin thermostat                      
gamma_ln = 5,                       ! Gamma constant for Langevin              
temp0 = 300.0,                      ! Reference T at which the system is to be 
tempi = 300.0,                      ! Initial T                                
ig = -1,                            ! Seed for the RNG                         
                                                                               
! P and V regulation                                                           
ntp = 1,                            ! constant P                               
barostat = 1,                       ! Berendsen barostat                       
taup = 1,                           ! Pressure relaxation time                 
ntb = 2,                            ! Periodic box for constant P              
                                                                               
! SHAKE variables                                                              
ntc = 2,                            ! Bonds involving H are constrained        
ntf = 2,                            ! Bond interaction involving H are ommited.
                                                                               
cut = 10.0,                         ! Nonbonded cutoff                         
/                                                                              
&end                                                                           


Note: ig = -1. Setting random seed to   708768 based on wallclock time in 
      microseconds.
| irandom = 1, using AMBER's internal random number generator (default).
 
|--------------------- INFORMATION ----------------------
| GPU (CUDA) Version of PMEMD in use: NVIDIA GPU IN USE.
|                    Version 18.0.0
| 
|                      03/25/2018
| 
| Implementation by:
|                    Ross C. Walker     (SDSC)
|                    Scott Le Grand     (nVIDIA)
| 
| Version 18 performance extensions by:
|                    David Cerutti     (Rutgers)
| 
| Precision model in use:
|      [SPFP] - Single Precision Forces, 64-bit Fixed Point
|               Accumulation. (Default)
| 
|--------------------------------------------------------
 
|----------------- CITATION INFORMATION -----------------
|
|    When publishing work that utilized the CUDA version
|    of AMBER, please cite the following in addition to
|    the regular AMBER citations:
|
|  - Romelia Salomon-Ferrer; Andreas W. Goetz; Duncan
|    Poole; Scott Le Grand; Ross C. Walker "Routine
|    microsecond molecular dynamics simulations with
|    AMBER - Part II: Particle Mesh Ewald", J. Chem.
|    Theory Comput., 2013, 9 (9), pp3878-3888,
|    DOI: 10.1021/ct400314y.
|
|  - Andreas W. Goetz; Mark J. Williamson; Dong Xu;
|    Duncan Poole; Scott Le Grand; Ross C. Walker
|    "Routine microsecond molecular dynamics simulations
|    with AMBER - Part I: Generalized Born", J. Chem.
|    Theory Comput., 2012, 8 (5), pp1542-1555.
|
|  - Scott Le Grand; Andreas W. Goetz; Ross C. Walker
|    "SPFP: Speed without compromise - a mixed precision
|    model for GPU accelerated molecular dynamics
|    simulations.", Comp. Phys. Comm., 2013, 184
|    pp374-380, DOI: 10.1016/j.cpc.2012.09.022
|
|--------------------------------------------------------
 
|------------------- GPU DEVICE INFO --------------------
|
|            CUDA_VISIBLE_DEVICES: 0
|   CUDA Capable Devices Detected:      1
|           CUDA Device ID in use:      0
|                CUDA Device Name: GeForce GTX 1060 6GB
|     CUDA Device Global Mem Size:   6078 MB
| CUDA Device Num Multiprocessors:     10
|           CUDA Device Core Freq:   1.76 GHz
|
|--------------------------------------------------------
 
 
| Conditional Compilation Defines Used:
| PUBFFT
| BINTRAJ
| CUDA
| EMIL

| Largest sphere to fit in unit cell has radius =    23.773

| New format PARM file being parsed.
| Version =    1.000 Date = 09/29/19 Time = 21:52:31

| Note: 1-4 EEL scale factors are being read from the topology file.

| Note: 1-4 VDW scale factors are being read from the topology file.
| Duplicated    0 dihedrals

| Duplicated    0 dihedrals

--------------------------------------------------------------------------------
   1.  RESOURCE   USE: 
--------------------------------------------------------------------------------

 getting new box info from bottom of inpcrd
 NATOM  =   19901 NTYPES =      17 NBONH =   14397 MBONA  =    5520
 NTHETH =    2406 MTHETA =    1438 NPHIH =    4850 MPHIA  =    4505
 NHPARM =       0 NPARM  =       0 NNB   =   42760 NRES   =    4578
 NBONA  =    5520 NTHETA =    1438 NPHIA =    4505 NUMBND =      69
 NUMANG =     155 NPTRA  =     178 NATYP =      35 NPHB   =       1
 IFBOX  =       2 NMXRS  =      24 IFCAP =       0 NEXTRA =    4447
 NCOPY  =       0

| Coordinate Index Table dimensions:     9    9    9
| Direct force subcell size =     6.4703    6.4703    6.4703

     BOX TYPE: TRUNCATED OCTAHEDRON

--------------------------------------------------------------------------------
   2.  CONTROL  DATA  FOR  THE  RUN
--------------------------------------------------------------------------------

default_name                                                                    

General flags:
     imin    =       0, nmropt  =       0

Nature and format of input:
     ntx     =       5, irest   =       1, ntrx    =       1

Nature and format of output:
     ntxo    =       1, ntpr    =     500, ntrx    =       1, ntwr    =     500
     iwrap   =       1, ntwx    =     500, ntwv    =       0, ntwe    =       0
     ioutfm  =       1, ntwprt  =       0, idecomp =       0, rbornstat=      0

Potential function:
     ntf     =       2, ntb     =       2, igb     =       0, nsnb    =      25
     ipol    =       0, gbsa    =       0, iesp    =       0
     dielc   =   1.00000, cut     =  10.00000, intdiel =   1.00000

Frozen or restrained atoms:
     ibelly  =       0, ntr     =       1
     restraint_wt =   0.01500

Molecular dynamics:
     nstlim  =     50000, nscm    =         0, nrespa  =         1
     t       =   0.00000, dt      =   0.00200, vlimit  =  -1.00000

Langevin dynamics temperature regulation:
     ig      =  708768
     temp0   = 300.00000, tempi   = 300.00000, gamma_ln=   5.00000

Pressure regulation:
     ntp     =       1
     pres0   =   1.00000, comp    =  44.60000, taup    =   1.00000

SHAKE:
     ntc     =       2, jfastw  =       0
     tol     =   0.00001

| Intermolecular bonds treatment:
|     no_intermolecular_bonds =       1

| Energy averages sample interval:
|     ene_avg_sampling =     500

Extra-points options:
     frameon =       1, chngmask=       1

Ewald parameters:
     verbose =       0, ew_type =       0, nbflag  =       1, use_pme =       1
     vdwmeth =       1, eedmeth =       1, netfrc  =       1
     Box X =   58.233   Box Y =   58.233   Box Z =   58.233
     Alpha =  109.471   Beta  =  109.471   Gamma =  109.471
     NFFT1 =   64       NFFT2 =   64       NFFT3 =   64
     Cutoff=   10.000   Tol   =0.100E-04
     Ewald Coefficient =  0.27511
     Interpolation order =    4

    LOADING THE CONSTRAINED ATOMS AS GROUPS


   5.  REFERENCE ATOM COORDINATES

  default_name                                                                    
     Mask :1-131@N,CA,C,O; matches   524 atoms
|      EXTRA_PTS, trim_bonds: num bonds BEFORE trim = 14397     0
|      EXTRA_PTS, trim_bonds: num bonds AFTER  trim = 14397     0
|      EXTRA_PTS, trim_bonds: num bonds BEFORE trim =  5520     0
|      EXTRA_PTS, trim_bonds: num bonds AFTER  trim =  1073     0
|      EXTRA_PTS, trim_theta: num angle BEFORE trim =  2406     0
|      EXTRA_PTS, trim_theta: num angle AFTER  trim =  2406     0
|      EXTRA_PTS, trim_theta: num angle BEFORE trim =  1438     0
|      EXTRA_PTS, trim_theta: num angle AFTER  trim =  1438     0
|      EXTRA_PTS, trim_phi:  num diheds BEFORE trim =  4850     0
|      EXTRA_PTS, trim_phi:  num diheds AFTER  trim =  4850     0
|      EXTRA_PTS, trim_phi:  num diheds BEFORE trim =  4505     0
|      EXTRA_PTS, trim_phi:  num diheds AFTER  trim =  4505     0

--------------------------------------------------------------------------------
   3.  ATOMIC COORDINATES AND VELOCITIES
--------------------------------------------------------------------------------

default_name                                                                    
 begin time read from input coords =  5600.000 ps

 
 Number of triangulated 3-point waters found:     4447

     Sum of charges from parm topology file =   0.00002436
     Forcing neutrality...

| Dynamic Memory, Types Used:
| Reals              996413
| Integers          1467781

| Nonbonded Pairs Initial Allocation:     6019554

| GPU memory information (estimate):
| KB of GPU memory in use:         0
| KB of CPU memory in use:         0

--------------------------------------------------------------------------------
   4.  RESULTS
--------------------------------------------------------------------------------

wrapping first mol.:       19.42600       27.47251       47.58378
wrapping first mol.:       19.42600       27.47251       47.58378

 NSTEP =      500   TIME(PS) =    5601.000  TEMP(K) =   298.17  PRESS =    64.9
 Etot   =    -50420.3643  EKtot   =      9469.9199  EPtot      =    -59890.2842
 BOND   =       402.6396  ANGLE   =      1078.2983  DIHED      =       719.7325
 1-4 NB =       454.1792  1-4 EEL =      5744.2789  VDWAALS    =      6722.3983
 EELEC  =    -75013.3509  EHBOND  =         0.0000  RESTRAINT  =         1.5397
 EAMBER (non-restraint)  =    -59891.8239
 EKCMT  =      3981.9976  VIRIAL  =      3768.5010  VOLUME     =    152366.4205
                                                    Density    =         1.0366
 ------------------------------------------------------------------------------

wrapping first mol.:       19.42653       27.47327       47.58509
wrapping first mol.:       19.42653       27.47327       47.58509

 NSTEP =     1000   TIME(PS) =    5602.000  TEMP(K) =   301.16  PRESS =  -280.2
 Etot   =    -50177.9192  EKtot   =      9564.8994  EPtot      =    -59742.8186
 BOND   =       372.4758  ANGLE   =      1047.2797  DIHED      =       707.6411
 1-4 NB =       458.1127  1-4 EEL =      5725.1380  VDWAALS    =      6631.8651
 EELEC  =    -74686.8843  EHBOND  =         0.0000  RESTRAINT  =         1.5534
 EAMBER (non-restraint)  =    -59744.3720
 EKCMT  =      4008.8494  VIRIAL  =      4930.7866  VOLUME     =    152383.7289
                                                    Density    =         1.0364
 ------------------------------------------------------------------------------

wrapping first mol.:       19.44295       27.49649       47.62531
wrapping first mol.:       19.44295       27.49649       47.62531

 NSTEP =     1500   TIME(PS) =    5603.000  TEMP(K) =   298.96  PRESS =    -7.1
 Etot   =    -50174.8574  EKtot   =      9495.0283  EPtot      =    -59669.8857
 BOND   =       440.3806  ANGLE   =       976.2922  DIHED      =       725.3510
 1-4 NB =       457.6472  1-4 EEL =      5735.7677  VDWAALS    =      6549.1872
 EELEC  =    -74556.3410  EHBOND  =         0.0000  RESTRAINT  =         1.8293
 EAMBER (non-restraint)  =    -59671.7150
 EKCMT  =      3986.8890  VIRIAL  =      4010.4618  VOLUME     =    152766.6904
                                                    Density    =         1.0338
 ------------------------------------------------------------------------------

wrapping first mol.:       19.43840       27.49004       47.61415
wrapping first mol.:       19.43840       27.49004       47.61415

 NSTEP =     2000   TIME(PS) =    5604.000  TEMP(K) =   297.61  PRESS =   187.0
 Etot   =    -50141.1367  EKtot   =      9452.1328  EPtot      =    -59593.2695
 BOND   =       412.9273  ANGLE   =      1003.1958  DIHED      =       715.2773
 1-4 NB =       460.9969  1-4 EEL =      5728.5580  VDWAALS    =      6795.8924
 EELEC  =    -74712.3842  EHBOND  =         0.0000  RESTRAINT  =         2.2668
 EAMBER (non-restraint)  =    -59595.5363
 EKCMT  =      3969.9470  VIRIAL  =      3353.4930  VOLUME     =    152656.6781
                                                    Density    =         1.0346
 ------------------------------------------------------------------------------

wrapping first mol.:       19.43290       27.48226       47.60068
wrapping first mol.:       19.43290       27.48226       47.60068

 NSTEP =     2500   TIME(PS) =    5605.000  TEMP(K) =   298.83  PRESS =   -33.5
 Etot   =    -50169.4166  EKtot   =      9490.8320  EPtot      =    -59660.2487
 BOND   =       395.6026  ANGLE   =      1012.2544  DIHED      =       722.9382
 1-4 NB =       459.3571  1-4 EEL =      5714.6991  VDWAALS    =      6665.1853
 EELEC  =    -74632.6399  EHBOND  =         0.0000  RESTRAINT  =         2.3545
 EAMBER (non-restraint)  =    -59662.6032
 EKCMT  =      3999.7320  VIRIAL  =      4110.0731  VOLUME     =    152530.1264
                                                    Density    =         1.0354
 ------------------------------------------------------------------------------

wrapping first mol.:       19.41980       27.46375       47.56860
wrapping first mol.:       19.41980       27.46375       47.56860

 NSTEP =     3000   TIME(PS) =    5606.000  TEMP(K) =   302.89  PRESS =  -307.1
 Etot   =    -50205.2122  EKtot   =      9619.9023  EPtot      =    -59825.1146
 BOND   =       398.8920  ANGLE   =      1041.2018  DIHED      =       707.7359
 1-4 NB =       452.5352  1-4 EEL =      5766.0693  VDWAALS    =      6488.6990
 EELEC  =    -74682.7753  EHBOND  =         0.0000  RESTRAINT  =         2.5275
 EAMBER (non-restraint)  =    -59827.6421
 EKCMT  =      4009.3065  VIRIAL  =      5018.6861  VOLUME     =    152225.7301
                                                    Density    =         1.0375
 ------------------------------------------------------------------------------

wrapping first mol.:       19.40744       27.44626       47.53832
wrapping first mol.:       19.40744       27.44626       47.53832

 NSTEP =     3500   TIME(PS) =    5607.000  TEMP(K) =   303.74  PRESS =  -171.0
 Etot   =    -49959.4622  EKtot   =      9646.8047  EPtot      =    -59606.2669
 BOND   =       381.1620  ANGLE   =      1063.8620  DIHED      =       689.1742
 1-4 NB =       464.3514  1-4 EEL =      5761.8037  VDWAALS    =      6498.3242
 EELEC  =    -74467.9114  EHBOND  =         0.0000  RESTRAINT  =         2.9669
 EAMBER (non-restraint)  =    -59609.2338
 EKCMT  =      4089.6186  VIRIAL  =      4650.4859  VOLUME     =    151933.3285
                                                    Density    =         1.0395
 ------------------------------------------------------------------------------

wrapping first mol.:       19.41785       27.46098       47.56381
wrapping first mol.:       19.41785       27.46098       47.56381

 NSTEP =     4000   TIME(PS) =    5608.000  TEMP(K) =   301.44  PRESS =   -62.8
 Etot   =    -50190.7047  EKtot   =      9573.8730  EPtot      =    -59764.5778
 BOND   =       397.6204  ANGLE   =      1005.3681  DIHED      =       722.5712
 1-4 NB =       467.3366  1-4 EEL =      5744.2462  VDWAALS    =      6704.9336
 EELEC  =    -74809.5036  EHBOND  =         0.0000  RESTRAINT  =         2.8497
 EAMBER (non-restraint)  =    -59767.4274
 EKCMT  =      4038.3244  VIRIAL  =      4244.7979  VOLUME     =    152176.4246
                                                    Density    =         1.0379
 ------------------------------------------------------------------------------

wrapping first mol.:       19.41760       27.46063       47.56320
wrapping first mol.:       19.41760       27.46063       47.56320

 NSTEP =     4500   TIME(PS) =    5609.000  TEMP(K) =   298.59  PRESS =   -42.6
 Etot   =    -50103.8692  EKtot   =      9483.2236  EPtot      =    -59587.0928
 BOND   =       394.9355  ANGLE   =      1056.1938  DIHED      =       711.6638
 1-4 NB =       465.8480  1-4 EEL =      5760.2879  VDWAALS    =      6442.3024
 EELEC  =    -74421.0798  EHBOND  =         0.0000  RESTRAINT  =         2.7556
 EAMBER (non-restraint)  =    -59589.8484
 EKCMT  =      3897.9916  VIRIAL  =      4037.9231  VOLUME     =    152170.3065
                                                    Density    =         1.0379
 ------------------------------------------------------------------------------

wrapping first mol.:       19.42430       27.47011       47.57961
wrapping first mol.:       19.42430       27.47011       47.57961

 NSTEP =     5000   TIME(PS) =    5610.000  TEMP(K) =   300.74  PRESS =    73.9
 Etot   =    -50111.8675  EKtot   =      9551.6279  EPtot      =    -59663.4954
 BOND   =       387.0051  ANGLE   =      1035.6908  DIHED      =       711.1695
 1-4 NB =       461.5929  1-4 EEL =      5770.1031  VDWAALS    =      6637.7399
 EELEC  =    -74669.3907  EHBOND  =         0.0000  RESTRAINT  =         2.5940
 EAMBER (non-restraint)  =    -59666.0895
 EKCMT  =      4029.3833  VIRIAL  =      3786.2906  VOLUME     =    152326.2925
                                                    Density    =         1.0368
 ------------------------------------------------------------------------------

wrapping first mol.:       19.43630       27.48707       47.60900
wrapping first mol.:       19.43630       27.48707       47.60900

 NSTEP =     5500   TIME(PS) =    5611.000  TEMP(K) =   296.14  PRESS =   158.3
 Etot   =    -50441.4733  EKtot   =      9405.4131  EPtot      =    -59846.8864
 BOND   =       371.6030  ANGLE   =      1023.6563  DIHED      =       691.8892
 1-4 NB =       463.1121  1-4 EEL =      5776.9989  VDWAALS    =      6846.2681
 EELEC  =    -75023.1497  EHBOND  =         0.0000  RESTRAINT  =         2.7357
 EAMBER (non-restraint)  =    -59849.6221
 EKCMT  =      4005.6422  VIRIAL  =      3484.1723  VOLUME     =    152607.5946
                                                    Density    =         1.0349
 ------------------------------------------------------------------------------

wrapping first mol.:       19.45385       27.51190       47.65201
wrapping first mol.:       19.45385       27.51190       47.65201

 NSTEP =     6000   TIME(PS) =    5612.000  TEMP(K) =   297.86  PRESS =   464.8
 Etot   =    -50155.2967  EKtot   =      9460.2158  EPtot      =    -59615.5125
 BOND   =       381.8556  ANGLE   =      1011.5543  DIHED      =       721.5575
 1-4 NB =       449.8486  1-4 EEL =      5793.6515  VDWAALS    =      6776.5658
 EELEC  =    -74753.2861  EHBOND  =         0.0000  RESTRAINT  =         2.7404
 EAMBER (non-restraint)  =    -59618.2529
 EKCMT  =      3998.3286  VIRIAL  =      2462.5910  VOLUME     =    153017.2993
                                                    Density    =         1.0322
 ------------------------------------------------------------------------------

wrapping first mol.:       19.42497       27.47106       47.58126
wrapping first mol.:       19.42497       27.47106       47.58126

 NSTEP =     6500   TIME(PS) =    5613.000  TEMP(K) =   301.84  PRESS =   -22.0
 Etot   =    -49894.7244  EKtot   =      9586.5547  EPtot      =    -59481.2791
 BOND   =       368.0549  ANGLE   =      1044.5670  DIHED      =       706.5918
 1-4 NB =       433.1701  1-4 EEL =      5765.1365  VDWAALS    =      6710.7636
 EELEC  =    -74512.6198  EHBOND  =         0.0000  RESTRAINT  =         3.0568
 EAMBER (non-restraint)  =    -59484.3359
 EKCMT  =      4027.8240  VIRIAL  =      4100.3359  VOLUME     =    152343.4348
                                                    Density    =         1.0367
 ------------------------------------------------------------------------------

wrapping first mol.:       19.39370       27.42684       47.50467
wrapping first mol.:       19.39370       27.42684       47.50467

 NSTEP =     7000   TIME(PS) =    5614.000  TEMP(K) =   304.47  PRESS =   -61.5
 Etot   =    -50029.5146  EKtot   =      9670.0137  EPtot      =    -59699.5282
 BOND   =       368.5528  ANGLE   =      1004.1033  DIHED      =       716.1045
 1-4 NB =       446.8217  1-4 EEL =      5782.5122  VDWAALS    =      6479.4428
 EELEC  =    -74500.6388  EHBOND  =         0.0000  RESTRAINT  =         3.5734
 EAMBER (non-restraint)  =    -59703.1016
 EKCMT  =      4061.5740  VIRIAL  =      4262.9279  VOLUME     =    151609.4831
                                                    Density    =         1.0417
 ------------------------------------------------------------------------------

wrapping first mol.:       19.40351       27.44071       47.52870
wrapping first mol.:       19.40351       27.44071       47.52870

 NSTEP =     7500   TIME(PS) =    5615.000  TEMP(K) =   301.23  PRESS =  -307.7
 Etot   =    -50075.1136  EKtot   =      9567.1963  EPtot      =    -59642.3099
 BOND   =       400.0264  ANGLE   =      1024.1644  DIHED      =       713.6894
 1-4 NB =       463.2687  1-4 EEL =      5758.3533  VDWAALS    =      6465.2473
 EELEC  =    -74470.4519  EHBOND  =         0.0000  RESTRAINT  =         3.3925
 EAMBER (non-restraint)  =    -59645.7023
 EKCMT  =      3990.2542  VIRIAL  =      4999.0140  VOLUME     =    151842.9510
                                                    Density    =         1.0401
 ------------------------------------------------------------------------------

wrapping first mol.:       19.38920       27.42047       47.49364
wrapping first mol.:       19.38920       27.42047       47.49364

 NSTEP =     8000   TIME(PS) =    5616.000  TEMP(K) =   300.59  PRESS =   101.4
 Etot   =    -50109.9355  EKtot   =      9546.9258  EPtot      =    -59656.8613
 BOND   =       402.5629  ANGLE   =      1026.2710  DIHED      =       704.4357
 1-4 NB =       455.7569  1-4 EEL =      5747.2874  VDWAALS    =      6471.8688
 EELEC  =    -74468.3634  EHBOND  =         0.0000  RESTRAINT  =         3.3194
 EAMBER (non-restraint)  =    -59660.1807
 EKCMT  =      4046.6452  VIRIAL  =      3715.0798  VOLUME     =    151501.6844
                                                    Density    =         1.0425
 ------------------------------------------------------------------------------

wrapping first mol.:       19.38905       27.42026       47.49328
wrapping first mol.:       19.38905       27.42026       47.49328

 NSTEP =     8500   TIME(PS) =    5617.000  TEMP(K) =   300.49  PRESS =   -75.3
 Etot   =    -50027.9552  EKtot   =      9543.7539  EPtot      =    -59571.7091
 BOND   =       409.4790  ANGLE   =      1079.4754  DIHED      =       713.5337
 1-4 NB =       449.2180  1-4 EEL =      5784.2035  VDWAALS    =      6516.5958
 EELEC  =    -74527.8271  EHBOND  =         0.0000  RESTRAINT  =         3.6126
 EAMBER (non-restraint)  =    -59575.3217
 EKCMT  =      3989.4826  VIRIAL  =      4235.7100  VOLUME     =    151500.6248
                                                    Density    =         1.0425
 ------------------------------------------------------------------------------

wrapping first mol.:       19.38983       27.42136       47.49518
wrapping first mol.:       19.38983       27.42136       47.49518

 NSTEP =     9000   TIME(PS) =    5618.000  TEMP(K) =   301.56  PRESS =   266.1
 Etot   =    -50111.0539  EKtot   =      9577.5918  EPtot      =    -59688.6457
 BOND   =       420.2086  ANGLE   =      1021.4078  DIHED      =       705.1179
 1-4 NB =       441.1080  1-4 EEL =      5779.7954  VDWAALS    =      6616.6301
 EELEC  =    -74676.4991  EHBOND  =         0.0000  RESTRAINT  =         3.5857
 EAMBER (non-restraint)  =    -59692.2314
 EKCMT  =      4004.1501  VIRIAL  =      3133.5739  VOLUME     =    151514.2222
                                                    Density    =         1.0424
 ------------------------------------------------------------------------------

wrapping first mol.:       19.40212       27.43873       47.52528
wrapping first mol.:       19.40212       27.43873       47.52528

 NSTEP =     9500   TIME(PS) =    5619.000  TEMP(K) =   299.47  PRESS =    44.2
 Etot   =    -50111.5142  EKtot   =      9511.4043  EPtot      =    -59622.9185
 BOND   =       432.7716  ANGLE   =      1021.5018  DIHED      =       704.9132
 1-4 NB =       466.2298  1-4 EEL =      5757.5447  VDWAALS    =      6561.5526
 EELEC  =    -74571.2467  EHBOND  =         0.0000  RESTRAINT  =         3.8143
 EAMBER (non-restraint)  =    -59626.7328
 EKCMT  =      3958.1642  VIRIAL  =      3813.3800  VOLUME     =    151805.4193
                                                    Density    =         1.0404
 ------------------------------------------------------------------------------

wrapping first mol.:       19.40514       27.44301       47.53269
wrapping first mol.:       19.40514       27.44301       47.53269

 NSTEP =    10000   TIME(PS) =    5620.000  TEMP(K) =   298.60  PRESS =   338.1
 Etot   =    -50278.0998  EKtot   =      9483.5391  EPtot      =    -59761.6389
 BOND   =       384.3974  ANGLE   =      1053.6165  DIHED      =       695.2190
 1-4 NB =       458.0846  1-4 EEL =      5822.9872  VDWAALS    =      6902.4548
 EELEC  =    -75082.1200  EHBOND  =         0.0000  RESTRAINT  =         3.7216
 EAMBER (non-restraint)  =    -59765.3605
 EKCMT  =      3954.1664  VIRIAL  =      2845.4051  VOLUME     =    151872.4585
                                                    Density    =         1.0399
 ------------------------------------------------------------------------------

wrapping first mol.:       19.41623       27.45869       47.55985
wrapping first mol.:       19.41623       27.45869       47.55985

 NSTEP =    10500   TIME(PS) =    5621.000  TEMP(K) =   300.26  PRESS =   318.3
 Etot   =    -50011.3084  EKtot   =      9536.4521  EPtot      =    -59547.7605
 BOND   =       370.3594  ANGLE   =      1072.8554  DIHED      =       718.6023
 1-4 NB =       475.0392  1-4 EEL =      5761.4000  VDWAALS    =      6742.4372
 EELEC  =    -74692.5075  EHBOND  =         0.0000  RESTRAINT  =         4.0537
 EAMBER (non-restraint)  =    -59551.8142
 EKCMT  =      3955.5625  VIRIAL  =      2910.0266  VOLUME     =    152133.2067
                                                    Density    =         1.0381
 ------------------------------------------------------------------------------

wrapping first mol.:       19.42414       27.46989       47.57923
wrapping first mol.:       19.42414       27.46989       47.57923

 NSTEP =    11000   TIME(PS) =    5622.000  TEMP(K) =   297.76  PRESS =   208.4
 Etot   =    -49961.6584  EKtot   =      9456.7969  EPtot      =    -59418.4553
 BOND   =       415.5075  ANGLE   =      1008.3510  DIHED      =       736.0432
 1-4 NB =       450.3008  1-4 EEL =      5782.3701  VDWAALS    =      6649.4605
 EELEC  =    -74464.1304  EHBOND  =         0.0000  RESTRAINT  =         3.6421
 EAMBER (non-restraint)  =    -59422.0974
 EKCMT  =      3965.4817  VIRIAL  =      3280.0119  VOLUME     =    152320.8047
                                                    Density    =         1.0369
 ------------------------------------------------------------------------------

wrapping first mol.:       19.40834       27.44753       47.54052
wrapping first mol.:       19.40834       27.44753       47.54052

 NSTEP =    11500   TIME(PS) =    5623.000  TEMP(K) =   302.53  PRESS =   264.3
 Etot   =    -50172.4473  EKtot   =      9608.3828  EPtot      =    -59780.8301
 BOND   =       374.2598  ANGLE   =      1013.9471  DIHED      =       688.8904
 1-4 NB =       455.1908  1-4 EEL =      5776.6125  VDWAALS    =      6643.4159
 EELEC  =    -74736.9285  EHBOND  =         0.0000  RESTRAINT  =         3.7818
 EAMBER (non-restraint)  =    -59784.6119
 EKCMT  =      3972.8989  VIRIAL  =      3105.8394  VOLUME     =    151948.5243
                                                    Density    =         1.0394
 ------------------------------------------------------------------------------

wrapping first mol.:       19.41125       27.45166       47.54766
wrapping first mol.:       19.41125       27.45166       47.54766

 NSTEP =    12000   TIME(PS) =    5624.000  TEMP(K) =   302.18  PRESS =  -173.5
 Etot   =    -50229.7724  EKtot   =      9597.4424  EPtot      =    -59827.2148
 BOND   =       409.6465  ANGLE   =      1022.7477  DIHED      =       722.4588
 1-4 NB =       454.0569  1-4 EEL =      5723.0232  VDWAALS    =      6620.2391
 EELEC  =    -74782.7160  EHBOND  =         0.0000  RESTRAINT  =         3.3289
 EAMBER (non-restraint)  =    -59830.5437
 EKCMT  =      4036.4082  VIRIAL  =      4605.8665  VOLUME     =    152022.9835
                                                    Density    =         1.0389
 ------------------------------------------------------------------------------

wrapping first mol.:       19.41347       27.45479       47.55309
wrapping first mol.:       19.41347       27.45479       47.55309

 NSTEP =    12500   TIME(PS) =    5625.000  TEMP(K) =   297.91  PRESS =   305.0
 Etot   =    -50207.8834  EKtot   =      9461.6113  EPtot      =    -59669.4947
 BOND   =       379.2482  ANGLE   =      1055.2018  DIHED      =       721.1815
 1-4 NB =       461.7789  1-4 EEL =      5798.6971  VDWAALS    =      6858.3251
 EELEC  =    -74947.4027  EHBOND  =         0.0000  RESTRAINT  =         3.4753
 EAMBER (non-restraint)  =    -59672.9700
 EKCMT  =      3980.9020  VIRIAL  =      2979.5443  VOLUME     =    152068.5529
                                                    Density    =         1.0386
 ------------------------------------------------------------------------------

wrapping first mol.:       19.39472       27.42827       47.50715
wrapping first mol.:       19.39472       27.42827       47.50715

 NSTEP =    13000   TIME(PS) =    5626.000  TEMP(K) =   299.45  PRESS =   -19.5
 Etot   =    -50195.5512  EKtot   =      9510.5449  EPtot      =    -59706.0961
 BOND   =       370.8971  ANGLE   =      1021.0148  DIHED      =       709.5631
 1-4 NB =       463.2470  1-4 EEL =      5776.9157  VDWAALS    =      6647.4487
 EELEC  =    -74699.6374  EHBOND  =         0.0000  RESTRAINT  =         4.4547
 EAMBER (non-restraint)  =    -59710.5509
 EKCMT  =      3929.3416  VIRIAL  =      3993.1389  VOLUME     =    151632.6664
                                                    Density    =         1.0416
 ------------------------------------------------------------------------------

wrapping first mol.:       19.38970       27.42118       47.49487
wrapping first mol.:       19.38970       27.42118       47.49487

 NSTEP =    13500   TIME(PS) =    5627.000  TEMP(K) =   299.22  PRESS =   238.3
 Etot   =    -50185.0849  EKtot   =      9503.4121  EPtot      =    -59688.4970
 BOND   =       434.4421  ANGLE   =      1058.8029  DIHED      =       711.5044
 1-4 NB =       443.9458  1-4 EEL =      5749.2920  VDWAALS    =      6618.3351
 EELEC  =    -74709.2201  EHBOND  =         0.0000  RESTRAINT  =         4.4008
 EAMBER (non-restraint)  =    -59692.8978
 EKCMT  =      3972.9039  VIRIAL  =      3193.4095  VOLUME     =    151511.6225
                                                    Density    =         1.0424
 ------------------------------------------------------------------------------

wrapping first mol.:       19.37976       27.40712       47.47051
wrapping first mol.:       19.37976       27.40712       47.47051

 NSTEP =    14000   TIME(PS) =    5628.000  TEMP(K) =   299.46  PRESS =    81.6
 Etot   =    -50224.3454  EKtot   =      9510.8945  EPtot      =    -59735.2400
 BOND   =       426.8184  ANGLE   =      1048.4513  DIHED      =       708.1696
 1-4 NB =       432.7909  1-4 EEL =      5737.0188  VDWAALS    =      6585.6214
 EELEC  =    -74677.8587  EHBOND  =         0.0000  RESTRAINT  =         3.7482
 EAMBER (non-restraint)  =    -59738.9882
 EKCMT  =      3958.4056  VIRIAL  =      3691.7731  VOLUME     =    151280.7364
                                                    Density    =         1.0440
 ------------------------------------------------------------------------------

wrapping first mol.:       19.39504       27.42872       47.50794
wrapping first mol.:       19.39504       27.42872       47.50794

 NSTEP =    14500   TIME(PS) =    5629.000  TEMP(K) =   298.11  PRESS =  -199.4
 Etot   =    -50175.4073  EKtot   =      9468.0332  EPtot      =    -59643.4405
 BOND   =       387.4950  ANGLE   =      1034.3253  DIHED      =       691.0464
 1-4 NB =       466.3301  1-4 EEL =      5779.7835  VDWAALS    =      6557.5040
 EELEC  =    -74563.8887  EHBOND  =         0.0000  RESTRAINT  =         3.9639
 EAMBER (non-restraint)  =    -59647.4044
 EKCMT  =      4023.7219  VIRIAL  =      4676.5581  VOLUME     =    151642.6154
                                                    Density    =         1.0415
 ------------------------------------------------------------------------------

wrapping first mol.:       19.39972       27.43535       47.51941
wrapping first mol.:       19.39972       27.43535       47.51941

 NSTEP =    15000   TIME(PS) =    5630.000  TEMP(K) =   304.92  PRESS =   -96.0
 Etot   =    -50162.0593  EKtot   =      9684.4834  EPtot      =    -59846.5427
 BOND   =       395.1817  ANGLE   =      1062.6273  DIHED      =       722.6584
 1-4 NB =       453.1133  1-4 EEL =      5801.3155  VDWAALS    =      6570.2262
 EELEC  =    -74855.1223  EHBOND  =         0.0000  RESTRAINT  =         3.4572
 EAMBER (non-restraint)  =    -59849.9999
 EKCMT  =      4057.1796  VIRIAL  =      4371.8206  VOLUME     =    151751.0850
                                                    Density    =         1.0408
 ------------------------------------------------------------------------------

wrapping first mol.:       19.40082       27.43691       47.52211
wrapping first mol.:       19.40082       27.43691       47.52211

 NSTEP =    15500   TIME(PS) =    5631.000  TEMP(K) =   302.85  PRESS =  -177.7
 Etot   =    -49989.4386  EKtot   =      9618.6836  EPtot      =    -59608.1222
 BOND   =       406.3880  ANGLE   =      1049.1500  DIHED      =       725.9240
 1-4 NB =       441.1266  1-4 EEL =      5747.8836  VDWAALS    =      6556.6289
 EELEC  =    -74538.4197  EHBOND  =         0.0000  RESTRAINT  =         3.1963
 EAMBER (non-restraint)  =    -59611.3185
 EKCMT  =      4118.1283  VIRIAL  =      4700.5698  VOLUME     =    151778.0680
                                                    Density    =         1.0406
 ------------------------------------------------------------------------------

wrapping first mol.:       19.40498       27.44278       47.53229
wrapping first mol.:       19.40498       27.44278       47.53229

 NSTEP =    16000   TIME(PS) =    5632.000  TEMP(K) =   303.57  PRESS =    11.1
 Etot   =    -50132.1168  EKtot   =      9641.4326  EPtot      =    -59773.5494
 BOND   =       386.3591  ANGLE   =      1053.4311  DIHED      =       698.0227
 1-4 NB =       449.2200  1-4 EEL =      5778.4260  VDWAALS    =      6615.7192
 EELEC  =    -74759.0627  EHBOND  =         0.0000  RESTRAINT  =         4.3351
 EAMBER (non-restraint)  =    -59777.8845
 EKCMT  =      4056.8413  VIRIAL  =      4020.4232  VOLUME     =    151873.0888
                                                    Density    =         1.0399
 ------------------------------------------------------------------------------

wrapping first mol.:       19.40214       27.43877       47.52534
wrapping first mol.:       19.40214       27.43877       47.52534

 NSTEP =    16500   TIME(PS) =    5633.000  TEMP(K) =   297.67  PRESS =    -4.8
 Etot   =    -50136.7146  EKtot   =      9454.0449  EPtot      =    -59590.7596
 BOND   =       404.6398  ANGLE   =      1026.4306  DIHED      =       724.8145
 1-4 NB =       448.5369  1-4 EEL =      5768.4989  VDWAALS    =      6521.9437
 EELEC  =    -74489.8366  EHBOND  =         0.0000  RESTRAINT  =         4.2127
 EAMBER (non-restraint)  =    -59594.9722
 EKCMT  =      3912.8881  VIRIAL  =      3928.7599  VOLUME     =    151806.6590
                                                    Density    =         1.0404
 ------------------------------------------------------------------------------

wrapping first mol.:       19.37760       27.40407       47.46523
wrapping first mol.:       19.37760       27.40407       47.46523

 NSTEP =    17000   TIME(PS) =    5634.000  TEMP(K) =   299.37  PRESS =   146.3
 Etot   =    -50481.2598  EKtot   =      9508.1270  EPtot      =    -59989.3868
 BOND   =       400.5057  ANGLE   =      1014.7283  DIHED      =       719.1772
 1-4 NB =       451.2387  1-4 EEL =      5787.5272  VDWAALS    =      6847.0910
 EELEC  =    -75214.2108  EHBOND  =         0.0000  RESTRAINT  =         4.5558
 EAMBER (non-restraint)  =    -59993.9426
 EKCMT  =      3997.5074  VIRIAL  =      3519.8240  VOLUME     =    151229.3990
                                                    Density    =         1.0444
 ------------------------------------------------------------------------------

wrapping first mol.:       19.38654       27.41671       47.48713
wrapping first mol.:       19.38654       27.41671       47.48713

 NSTEP =    17500   TIME(PS) =    5635.000  TEMP(K) =   297.33  PRESS =   -37.7
 Etot   =    -50362.7221  EKtot   =      9443.1328  EPtot      =    -59805.8550
 BOND   =       410.0844  ANGLE   =      1028.1444  DIHED      =       697.5754
 1-4 NB =       456.0517  1-4 EEL =      5750.3747  VDWAALS    =      6572.4180
 EELEC  =    -74724.6439  EHBOND  =         0.0000  RESTRAINT  =         4.1402
 EAMBER (non-restraint)  =    -59809.9952
 EKCMT  =      3987.8342  VIRIAL  =      4110.9977  VOLUME     =    151441.2490
                                                    Density    =         1.0429
 ------------------------------------------------------------------------------

wrapping first mol.:       19.39658       27.43091       47.51172
wrapping first mol.:       19.39658       27.43091       47.51172

 NSTEP =    18000   TIME(PS) =    5636.000  TEMP(K) =   298.75  PRESS =   201.6
 Etot   =    -50137.3476  EKtot   =      9488.4385  EPtot      =    -59625.7861
 BOND   =       379.6629  ANGLE   =      1001.6213  DIHED      =       714.7519
 1-4 NB =       467.1508  1-4 EEL =      5795.9488  VDWAALS    =      6669.3619
 EELEC  =    -74657.9986  EHBOND  =         0.0000  RESTRAINT  =         3.7149
 EAMBER (non-restraint)  =    -59629.5010
 EKCMT  =      3930.0541  VIRIAL  =      3269.9234  VOLUME     =    151673.3945
                                                    Density    =         1.0413
 ------------------------------------------------------------------------------

wrapping first mol.:       19.39165       27.42393       47.49963
wrapping first mol.:       19.39165       27.42393       47.49963

 NSTEP =    18500   TIME(PS) =    5637.000  TEMP(K) =   298.27  PRESS =  -195.8
 Etot   =    -50180.1816  EKtot   =      9473.0176  EPtot      =    -59653.1992
 BOND   =       389.4136  ANGLE   =      1038.4118  DIHED      =       729.2675
 1-4 NB =       468.7573  1-4 EEL =      5746.4920  VDWAALS    =      6478.2249
 EELEC  =    -74507.4818  EHBOND  =         0.0000  RESTRAINT  =         3.7156
 EAMBER (non-restraint)  =    -59656.9148
 EKCMT  =      3937.0685  VIRIAL  =      4577.9161  VOLUME     =    151563.0531
                                                    Density    =         1.0421
 ------------------------------------------------------------------------------

wrapping first mol.:       19.40062       27.43662       47.52161
wrapping first mol.:       19.40062       27.43662       47.52161

 NSTEP =    19000   TIME(PS) =    5638.000  TEMP(K) =   297.31  PRESS =    21.3
 Etot   =    -50231.2926  EKtot   =      9442.6016  EPtot      =    -59673.8942
 BOND   =       397.3368  ANGLE   =      1009.9605  DIHED      =       713.4477
 1-4 NB =       458.1504  1-4 EEL =      5757.7532  VDWAALS    =      6552.6462
 EELEC  =    -74566.7524  EHBOND  =         0.0000  RESTRAINT  =         3.5635
 EAMBER (non-restraint)  =    -59677.4577
 EKCMT  =      3971.5057  VIRIAL  =      3901.7006  VOLUME     =    151770.6305
                                                    Density    =         1.0406
 ------------------------------------------------------------------------------

wrapping first mol.:       19.40178       27.43826       47.52446
wrapping first mol.:       19.40178       27.43826       47.52446

 NSTEP =    19500   TIME(PS) =    5639.000  TEMP(K) =   301.83  PRESS =   132.3
 Etot   =    -50248.9715  EKtot   =      9586.3027  EPtot      =    -59835.2742
 BOND   =       383.8529  ANGLE   =      1005.0182  DIHED      =       695.1669
 1-4 NB =       450.4426  1-4 EEL =      5759.2741  VDWAALS    =      6630.8284
 EELEC  =    -74764.7254  EHBOND  =         0.0000  RESTRAINT  =         4.8681
 EAMBER (non-restraint)  =    -59840.1423
 EKCMT  =      4042.9001  VIRIAL  =      3609.3076  VOLUME     =    151796.3609
                                                    Density    =         1.0405
 ------------------------------------------------------------------------------

wrapping first mol.:       19.39566       27.42960       47.50946
wrapping first mol.:       19.39566       27.42960       47.50946

 NSTEP =    20000   TIME(PS) =    5640.000  TEMP(K) =   301.41  PRESS =  -109.8
 Etot   =    -50110.1667  EKtot   =      9572.9707  EPtot      =    -59683.1374
 BOND   =       416.0356  ANGLE   =      1057.0342  DIHED      =       719.1476
 1-4 NB =       458.8976  1-4 EEL =      5793.2985  VDWAALS    =      6561.5466
 EELEC  =    -74693.3577  EHBOND  =         0.0000  RESTRAINT  =         4.2602
 EAMBER (non-restraint)  =    -59687.3976
 EKCMT  =      4013.6327  VIRIAL  =      4373.2088  VOLUME     =    151656.0229
                                                    Density    =         1.0414
 ------------------------------------------------------------------------------

wrapping first mol.:       19.39624       27.43042       47.51088
wrapping first mol.:       19.39624       27.43042       47.51088

 NSTEP =    20500   TIME(PS) =    5641.000  TEMP(K) =   296.86  PRESS =   282.2
 Etot   =    -50307.7393  EKtot   =      9428.3877  EPtot      =    -59736.1270
 BOND   =       407.9040  ANGLE   =      1000.7856  DIHED      =       711.1657
 1-4 NB =       448.8107  1-4 EEL =      5760.4917  VDWAALS    =      6605.2501
 EELEC  =    -74675.1884  EHBOND  =         0.0000  RESTRAINT  =         4.6536
 EAMBER (non-restraint)  =    -59740.7805
 EKCMT  =      3896.6623  VIRIAL  =      2972.4160  VOLUME     =    151664.2849
                                                    Density    =         1.0414
 ------------------------------------------------------------------------------

wrapping first mol.:       19.41516       27.45718       47.55722
wrapping first mol.:       19.41516       27.45718       47.55722

 NSTEP =    21000   TIME(PS) =    5642.000  TEMP(K) =   300.90  PRESS =    -0.7
 Etot   =    -50072.4759  EKtot   =      9556.6836  EPtot      =    -59629.1595
 BOND   =       381.4091  ANGLE   =      1006.5875  DIHED      =       705.4593
 1-4 NB =       466.3011  1-4 EEL =      5833.4630  VDWAALS    =      6548.1836
 EELEC  =    -74574.6343  EHBOND  =         0.0000  RESTRAINT  =         4.0712
 EAMBER (non-restraint)  =    -59633.2306
 EKCMT  =      3979.5826  VIRIAL  =      3981.7673  VOLUME     =    152112.3300
                                                    Density    =         1.0383
 ------------------------------------------------------------------------------

wrapping first mol.:       19.43011       27.47832       47.59384
wrapping first mol.:       19.43011       27.47832       47.59384

 NSTEP =    21500   TIME(PS) =    5643.000  TEMP(K) =   301.02  PRESS =   -17.0
 Etot   =    -50099.0603  EKtot   =      9560.3535  EPtot      =    -59659.4138
 BOND   =       392.8057  ANGLE   =      1047.6002  DIHED      =       724.9830
 1-4 NB =       456.2545  1-4 EEL =      5791.3105  VDWAALS    =      6613.8596
 EELEC  =    -74691.1233  EHBOND  =         0.0000  RESTRAINT  =         4.8962
 EAMBER (non-restraint)  =    -59664.3100
 EKCMT  =      3998.7187  VIRIAL  =      4054.5254  VOLUME     =    152464.2299
                                                    Density    =         1.0359
 ------------------------------------------------------------------------------

wrapping first mol.:       19.42692       27.47381       47.58604
wrapping first mol.:       19.42692       27.47381       47.58604

 NSTEP =    22000   TIME(PS) =    5644.000  TEMP(K) =   300.98  PRESS =   441.2
 Etot   =    -49977.5389  EKtot   =      9559.0898  EPtot      =    -59536.6287
 BOND   =       429.2071  ANGLE   =      1025.9729  DIHED      =       714.8811
 1-4 NB =       444.8607  1-4 EEL =      5788.2612  VDWAALS    =      6628.7259
 EELEC  =    -74573.3685  EHBOND  =         0.0000  RESTRAINT  =         4.8308
 EAMBER (non-restraint)  =    -59541.4595
 EKCMT  =      3962.3282  VIRIAL  =      2510.6171  VOLUME     =    152383.0160
                                                    Density    =         1.0364
 ------------------------------------------------------------------------------

wrapping first mol.:       19.41861       27.46206       47.56567
wrapping first mol.:       19.41861       27.46206       47.56567

 NSTEP =    22500   TIME(PS) =    5645.000  TEMP(K) =   297.87  PRESS =  -187.4
 Etot   =    -50205.9660  EKtot   =      9460.5049  EPtot      =    -59666.4709
 BOND   =       380.7491  ANGLE   =      1020.9208  DIHED      =       712.3742
 1-4 NB =       465.0636  1-4 EEL =      5796.7237  VDWAALS    =      6616.7043
 EELEC  =    -74663.5739  EHBOND  =         0.0000  RESTRAINT  =         4.5673
 EAMBER (non-restraint)  =    -59671.0382
 EKCMT  =      3946.6409  VIRIAL  =      4562.3446  VOLUME     =    152195.9935
                                                    Density    =         1.0377
 ------------------------------------------------------------------------------

wrapping first mol.:       19.41466       27.45647       47.55600
wrapping first mol.:       19.41466       27.45647       47.55600

 NSTEP =    23000   TIME(PS) =    5646.000  TEMP(K) =   298.97  PRESS =   -99.8
 Etot   =    -50425.0274  EKtot   =      9495.2666  EPtot      =    -59920.2940
 BOND   =       381.5976  ANGLE   =       974.1611  DIHED      =       714.6882
 1-4 NB =       452.9991  1-4 EEL =      5754.3401  VDWAALS    =      6539.3233
 EELEC  =    -74741.8652  EHBOND  =         0.0000  RESTRAINT  =         4.4619
 EAMBER (non-restraint)  =    -59924.7559
 EKCMT  =      4007.6065  VIRIAL  =      4335.3928  VOLUME     =    152101.9946
                                                    Density    =         1.0384
 ------------------------------------------------------------------------------

wrapping first mol.:       19.41481       27.45668       47.55637
wrapping first mol.:       19.41481       27.45668       47.55637

 NSTEP =    23500   TIME(PS) =    5647.000  TEMP(K) =   296.51  PRESS =   -66.9
 Etot   =    -50396.4071  EKtot   =      9417.1426  EPtot      =    -59813.5497
 BOND   =       375.0422  ANGLE   =       965.9026  DIHED      =       718.0921
 1-4 NB =       455.2098  1-4 EEL =      5766.1273  VDWAALS    =      6666.0541
 EELEC  =    -74764.3789  EHBOND  =         0.0000  RESTRAINT  =         4.4010
 EAMBER (non-restraint)  =    -59817.9506
 EKCMT  =      3929.3154  VIRIAL  =      4149.1620  VOLUME     =    152105.0222
                                                    Density    =         1.0383
 ------------------------------------------------------------------------------

wrapping first mol.:       19.41553       27.45771       47.55815
wrapping first mol.:       19.41553       27.45771       47.55815

 NSTEP =    24000   TIME(PS) =    5648.000  TEMP(K) =   297.66  PRESS =   296.1
 Etot   =    -50272.7320  EKtot   =      9453.8340  EPtot      =    -59726.5660
 BOND   =       392.9262  ANGLE   =      1015.1455  DIHED      =       717.8432
 1-4 NB =       443.3541  1-4 EEL =      5738.1537  VDWAALS    =      6691.5402
 EELEC  =    -74728.8942  EHBOND  =         0.0000  RESTRAINT  =         3.3652
 EAMBER (non-restraint)  =    -59729.9312
 EKCMT  =      3914.5654  VIRIAL  =      2942.0249  VOLUME     =    152117.1916
                                                    Density    =         1.0383
 ------------------------------------------------------------------------------

wrapping first mol.:       19.40516       27.44305       47.53275
wrapping first mol.:       19.40516       27.44305       47.53275

 NSTEP =    24500   TIME(PS) =    5649.000  TEMP(K) =   301.57  PRESS =   -53.7
 Etot   =    -50229.7989  EKtot   =      9577.9746  EPtot      =    -59807.7735
 BOND   =       422.7557  ANGLE   =      1012.1812  DIHED      =       706.0520
 1-4 NB =       463.3478  1-4 EEL =      5755.4915  VDWAALS    =      6546.9485
 EELEC  =    -74718.3367  EHBOND  =         0.0000  RESTRAINT  =         3.7864
 EAMBER (non-restraint)  =    -59811.5599
 EKCMT  =      3998.9472  VIRIAL  =      4174.9645  VOLUME     =    151878.3159
                                                    Density    =         1.0399
 ------------------------------------------------------------------------------

wrapping first mol.:       19.38516       27.41475       47.48374
wrapping first mol.:       19.38516       27.41475       47.48374

 NSTEP =    25000   TIME(PS) =    5650.000  TEMP(K) =   298.12  PRESS =   284.7
 Etot   =    -50327.9318  EKtot   =      9468.2207  EPtot      =    -59796.1525
 BOND   =       387.7358  ANGLE   =      1037.3564  DIHED      =       727.5116
 1-4 NB =       455.8787  1-4 EEL =      5777.6923  VDWAALS    =      6680.8408
 EELEC  =    -74866.8120  EHBOND  =         0.0000  RESTRAINT  =         3.6440
 EAMBER (non-restraint)  =    -59799.7965
 EKCMT  =      3957.0846  VIRIAL  =      3026.2883  VOLUME     =    151404.4698
                                                    Density    =         1.0431
 ------------------------------------------------------------------------------

wrapping first mol.:       19.40551       27.44353       47.53359
wrapping first mol.:       19.40551       27.44353       47.53359

 NSTEP =    25500   TIME(PS) =    5651.000  TEMP(K) =   303.69  PRESS =   299.2
 Etot   =    -50136.3099  EKtot   =      9645.4150  EPtot      =    -59781.7250
 BOND   =       440.2234  ANGLE   =      1047.1422  DIHED      =       710.3460
 1-4 NB =       453.4150  1-4 EEL =      5739.4411  VDWAALS    =      6659.8838
 EELEC  =    -74836.5720  EHBOND  =         0.0000  RESTRAINT  =         4.3955
 EAMBER (non-restraint)  =    -59786.1205
 EKCMT  =      3971.0230  VIRIAL  =      2989.9337  VOLUME     =    151881.6087
                                                    Density    =         1.0399
 ------------------------------------------------------------------------------

wrapping first mol.:       19.40093       27.43705       47.52236
wrapping first mol.:       19.40093       27.43705       47.52236

 NSTEP =    26000   TIME(PS) =    5652.000  TEMP(K) =   300.22  PRESS =   151.2
 Etot   =    -50175.3639  EKtot   =      9535.0938  EPtot      =    -59710.4576
 BOND   =       405.7278  ANGLE   =      1056.3457  DIHED      =       719.5055
 1-4 NB =       451.1790  1-4 EEL =      5736.3343  VDWAALS    =      6658.0816
 EELEC  =    -74742.1518  EHBOND  =         0.0000  RESTRAINT  =         4.5201
 EAMBER (non-restraint)  =    -59714.9778
 EKCMT  =      3976.8903  VIRIAL  =      3481.4916  VOLUME     =    151776.0316
                                                    Density    =         1.0406
 ------------------------------------------------------------------------------

wrapping first mol.:       19.39684       27.43127       47.51235
wrapping first mol.:       19.39684       27.43127       47.51235

 NSTEP =    26500   TIME(PS) =    5653.000  TEMP(K) =   297.98  PRESS =  -344.4
 Etot   =    -50379.2675  EKtot   =      9463.9375  EPtot      =    -59843.2050
 BOND   =       395.8981  ANGLE   =      1032.0618  DIHED      =       715.6461
 1-4 NB =       461.0285  1-4 EEL =      5714.6957  VDWAALS    =      6612.8089
 EELEC  =    -74779.3719  EHBOND  =         0.0000  RESTRAINT  =         4.0279
 EAMBER (non-restraint)  =    -59847.2329
 EKCMT  =      4015.5756  VIRIAL  =      5143.5228  VOLUME     =    151686.8351
                                                    Density    =         1.0412
 ------------------------------------------------------------------------------

wrapping first mol.:       19.39696       27.43145       47.51265
wrapping first mol.:       19.39696       27.43145       47.51265

 NSTEP =    27000   TIME(PS) =    5654.000  TEMP(K) =   303.25  PRESS =  -245.2
 Etot   =    -50105.9504  EKtot   =      9631.2256  EPtot      =    -59737.1760
 BOND   =       406.9613  ANGLE   =      1041.3287  DIHED      =       714.4787
 1-4 NB =       452.2650  1-4 EEL =      5768.3009  VDWAALS    =      6516.3743
 EELEC  =    -74641.7159  EHBOND  =         0.0000  RESTRAINT  =         4.8310
 EAMBER (non-restraint)  =    -59742.0070
 EKCMT  =      4075.2108  VIRIAL  =      4878.2963  VOLUME     =    151688.3863
                                                    Density    =         1.0412
 ------------------------------------------------------------------------------

wrapping first mol.:       19.38139       27.40942       47.47450
wrapping first mol.:       19.38139       27.40942       47.47450

 NSTEP =    27500   TIME(PS) =    5655.000  TEMP(K) =   299.28  PRESS =   -85.6
 Etot   =    -50170.2164  EKtot   =      9505.0723  EPtot      =    -59675.2887
 BOND   =       382.9355  ANGLE   =      1021.8541  DIHED      =       714.7242
 1-4 NB =       446.4009  1-4 EEL =      5757.5812  VDWAALS    =      6453.5852
 EELEC  =    -74456.9336  EHBOND  =         0.0000  RESTRAINT  =         4.5638
 EAMBER (non-restraint)  =    -59679.8524
 EKCMT  =      3988.1644  VIRIAL  =      4267.8765  VOLUME     =    151321.1321
                                                    Density    =         1.0437
 ------------------------------------------------------------------------------

wrapping first mol.:       19.39260       27.42528       47.50197
wrapping first mol.:       19.39260       27.42528       47.50197

 NSTEP =    28000   TIME(PS) =    5656.000  TEMP(K) =   300.71  PRESS =   391.3
 Etot   =    -50075.0608  EKtot   =      9550.7051  EPtot      =    -59625.7659
 BOND   =       405.0728  ANGLE   =      1070.4856  DIHED      =       723.4509
 1-4 NB =       456.5411  1-4 EEL =      5743.8541  VDWAALS    =      6589.8172
 EELEC  =    -74619.1120  EHBOND  =         0.0000  RESTRAINT  =         4.1244
 EAMBER (non-restraint)  =    -59629.8903
 EKCMT  =      3991.9468  VIRIAL  =      2711.3211  VOLUME     =    151577.5158
                                                    Density    =         1.0420
 ------------------------------------------------------------------------------

wrapping first mol.:       19.37807       27.40473       47.46638
wrapping first mol.:       19.37807       27.40473       47.46638

 NSTEP =    28500   TIME(PS) =    5657.000  TEMP(K) =   297.90  PRESS =   -10.6
 Etot   =    -50205.6236  EKtot   =      9461.4473  EPtot      =    -59667.0709
 BOND   =       376.1693  ANGLE   =      1058.7956  DIHED      =       701.3366
 1-4 NB =       454.0289  1-4 EEL =      5745.1393  VDWAALS    =      6646.9900
 EELEC  =    -74654.2651  EHBOND  =         0.0000  RESTRAINT  =         4.7345
 EAMBER (non-restraint)  =    -59671.8054
 EKCMT  =      3994.1761  VIRIAL  =      4028.6608  VOLUME     =    151242.4321
                                                    Density    =         1.0443
 ------------------------------------------------------------------------------

wrapping first mol.:       19.39772       27.43252       47.51452
wrapping first mol.:       19.39772       27.43252       47.51452

 NSTEP =    29000   TIME(PS) =    5658.000  TEMP(K) =   298.10  PRESS =   196.4
 Etot   =    -50318.8798  EKtot   =      9467.8789  EPtot      =    -59786.7587
 BOND   =       392.4821  ANGLE   =      1085.5299  DIHED      =       691.7262
 1-4 NB =       444.6252  1-4 EEL =      5740.3860  VDWAALS    =      6678.0866
 EELEC  =    -74823.5602  EHBOND  =         0.0000  RESTRAINT  =         3.9656
 EAMBER (non-restraint)  =    -59790.7243
 EKCMT  =      3947.4919  VIRIAL  =      3304.1921  VOLUME     =    151700.3113
                                                    Density    =         1.0411
 ------------------------------------------------------------------------------

wrapping first mol.:       19.39185       27.42422       47.50014
wrapping first mol.:       19.39185       27.42422       47.50014

 NSTEP =    29500   TIME(PS) =    5659.000  TEMP(K) =   296.85  PRESS =  -193.2
 Etot   =    -50499.9434  EKtot   =      9428.1299  EPtot      =    -59928.0733
 BOND   =       372.3695  ANGLE   =      1011.4390  DIHED      =       706.1193
 1-4 NB =       452.8539  1-4 EEL =      5745.4672  VDWAALS    =      6652.3728
 EELEC  =    -74873.1496  EHBOND  =         0.0000  RESTRAINT  =         4.4546
 EAMBER (non-restraint)  =    -59932.5279
 EKCMT  =      3902.3503  VIRIAL  =      4534.6522  VOLUME     =    151567.9117
                                                    Density    =         1.0420
 ------------------------------------------------------------------------------

wrapping first mol.:       19.40667       27.44517       47.53643
wrapping first mol.:       19.40667       27.44517       47.53643

 NSTEP =    30000   TIME(PS) =    5660.000  TEMP(K) =   301.16  PRESS =    39.6
 Etot   =    -50072.2108  EKtot   =      9564.8838  EPtot      =    -59637.0946
 BOND   =       388.6410  ANGLE   =      1049.1997  DIHED      =       728.9095
 1-4 NB =       450.3349  1-4 EEL =      5736.0203  VDWAALS    =      6625.9568
 EELEC  =    -74620.8390  EHBOND  =         0.0000  RESTRAINT  =         4.6822
 EAMBER (non-restraint)  =    -59641.7768
 EKCMT  =      4046.4042  VIRIAL  =      3916.4210  VOLUME     =    151912.3349
                                                    Density    =         1.0397
 ------------------------------------------------------------------------------

wrapping first mol.:       19.40517       27.44306       47.53277
wrapping first mol.:       19.40517       27.44306       47.53277

 NSTEP =    30500   TIME(PS) =    5661.000  TEMP(K) =   299.67  PRESS =   -41.8
 Etot   =    -50274.4181  EKtot   =      9517.6816  EPtot      =    -59792.0998
 BOND   =       379.1255  ANGLE   =       993.8650  DIHED      =       711.6316
 1-4 NB =       462.7580  1-4 EEL =      5713.1621  VDWAALS    =      6568.0114
 EELEC  =    -74624.6828  EHBOND  =         0.0000  RESTRAINT  =         4.0295
 EAMBER (non-restraint)  =    -59796.1293
 EKCMT  =      3967.5086  VIRIAL  =      4104.4775  VOLUME     =    151878.3590
                                                    Density    =         1.0399
 ------------------------------------------------------------------------------

wrapping first mol.:       19.40279       27.43969       47.52693
wrapping first mol.:       19.40279       27.43969       47.52693

 NSTEP =    31000   TIME(PS) =    5662.000  TEMP(K) =   299.19  PRESS =   -20.2
 Etot   =    -50351.0521  EKtot   =      9502.3994  EPtot      =    -59853.4516
 BOND   =       389.5258  ANGLE   =      1028.6426  DIHED      =       732.3036
 1-4 NB =       454.8111  1-4 EEL =      5717.9638  VDWAALS    =      6694.0854
 EELEC  =    -74875.0737  EHBOND  =         0.0000  RESTRAINT  =         4.2899
 EAMBER (non-restraint)  =    -59857.7414
 EKCMT  =      3954.1884  VIRIAL  =      4020.3718  VOLUME     =    151822.1399
                                                    Density    =         1.0403
 ------------------------------------------------------------------------------

wrapping first mol.:       19.40901       27.44848       47.54216
wrapping first mol.:       19.40901       27.44848       47.54216

 NSTEP =    31500   TIME(PS) =    5663.000  TEMP(K) =   299.71  PRESS =   546.3
 Etot   =    -50384.7591  EKtot   =      9518.8223  EPtot      =    -59903.5814
 BOND   =       413.6252  ANGLE   =      1005.6270  DIHED      =       697.7049
 1-4 NB =       457.2648  1-4 EEL =      5772.4927  VDWAALS    =      6740.7224
 EELEC  =    -74994.9252  EHBOND  =         0.0000  RESTRAINT  =         3.9068
 EAMBER (non-restraint)  =    -59907.4882
 EKCMT  =      3970.0313  VIRIAL  =      2177.5256  VOLUME     =    151960.4194
                                                    Density    =         1.0393
 ------------------------------------------------------------------------------

wrapping first mol.:       19.42112       27.46561       47.57182
wrapping first mol.:       19.42112       27.46561       47.57182

 NSTEP =    32000   TIME(PS) =    5664.000  TEMP(K) =   301.13  PRESS =   -88.1
 Etot   =    -50222.5561  EKtot   =      9564.0918  EPtot      =    -59786.6479
 BOND   =       382.9162  ANGLE   =       981.3713  DIHED      =       717.2617
 1-4 NB =       470.1673  1-4 EEL =      5805.1146  VDWAALS    =      6595.9034
 EELEC  =    -74743.7048  EHBOND  =         0.0000  RESTRAINT  =         4.3224
 EAMBER (non-restraint)  =    -59790.9703
 EKCMT  =      4039.5309  VIRIAL  =      4329.1837  VOLUME     =    152253.6536
                                                    Density    =         1.0373
 ------------------------------------------------------------------------------

wrapping first mol.:       19.43294       27.48233       47.60079
wrapping first mol.:       19.43294       27.48233       47.60079

 NSTEP =    32500   TIME(PS) =    5665.000  TEMP(K) =   300.99  PRESS =   415.3
 Etot   =    -50002.9816  EKtot   =      9559.5293  EPtot      =    -59562.5109
 BOND   =       432.9368  ANGLE   =      1026.6990  DIHED      =       719.7560
 1-4 NB =       442.3787  1-4 EEL =      5739.3016  VDWAALS    =      6716.8258
 EELEC  =    -74644.8074  EHBOND  =         0.0000  RESTRAINT  =         4.3985
 EAMBER (non-restraint)  =    -59566.9094
 EKCMT  =      4035.0255  VIRIAL  =      2667.3964  VOLUME     =    152525.1640
                                                    Density    =         1.0355
 ------------------------------------------------------------------------------

wrapping first mol.:       19.43086       27.47939       47.59570
wrapping first mol.:       19.43086       27.47939       47.59570

 NSTEP =    33000   TIME(PS) =    5666.000  TEMP(K) =   298.68  PRESS =  -136.3
 Etot   =    -50294.1577  EKtot   =      9486.1064  EPtot      =    -59780.2641
 BOND   =       419.2776  ANGLE   =      1009.2648  DIHED      =       688.6551
 1-4 NB =       444.4181  1-4 EEL =      5784.0289  VDWAALS    =      6646.4149
 EELEC  =    -74776.8600  EHBOND  =         0.0000  RESTRAINT  =         4.5364
 EAMBER (non-restraint)  =    -59784.8005
 EKCMT  =      3941.6927  VIRIAL  =      4390.3652  VOLUME     =    152483.6622
                                                    Density    =         1.0358
 ------------------------------------------------------------------------------

wrapping first mol.:       19.42152       27.46617       47.57281
wrapping first mol.:       19.42152       27.46617       47.57281

 NSTEP =    33500   TIME(PS) =    5667.000  TEMP(K) =   304.74  PRESS =    21.0
 Etot   =    -50149.3319  EKtot   =      9678.7285  EPtot      =    -59828.0604
 BOND   =       388.3637  ANGLE   =       997.4984  DIHED      =       722.2300
 1-4 NB =       456.2825  1-4 EEL =      5745.4439  VDWAALS    =      6660.6281
 EELEC  =    -74802.9634  EHBOND  =         0.0000  RESTRAINT  =         4.4564
 EAMBER (non-restraint)  =    -59832.5167
 EKCMT  =      4126.1239  VIRIAL  =      4056.9389  VOLUME     =    152261.6407
                                                    Density    =         1.0373
 ------------------------------------------------------------------------------

wrapping first mol.:       19.40906       27.44855       47.54229
wrapping first mol.:       19.40906       27.44855       47.54229

 NSTEP =    34000   TIME(PS) =    5668.000  TEMP(K) =   301.23  PRESS =    31.7
 Etot   =    -50117.3347  EKtot   =      9567.0303  EPtot      =    -59684.3650
 BOND   =       396.4982  ANGLE   =      1052.2362  DIHED      =       702.3674
 1-4 NB =       449.8651  1-4 EEL =      5724.9435  VDWAALS    =      6646.4749
 EELEC  =    -74662.0083  EHBOND  =         0.0000  RESTRAINT  =         5.2579
 EAMBER (non-restraint)  =    -59689.6229
 EKCMT  =      3940.8316  VIRIAL  =      3836.9038  VOLUME     =    151968.6389
                                                    Density    =         1.0393
 ------------------------------------------------------------------------------

wrapping first mol.:       19.40909       27.44860       47.54237
wrapping first mol.:       19.40909       27.44860       47.54237

 NSTEP =    34500   TIME(PS) =    5669.000  TEMP(K) =   297.20  PRESS =   227.6
 Etot   =    -50177.8471  EKtot   =      9439.2783  EPtot      =    -59617.1254
 BOND   =       404.9066  ANGLE   =      1031.5091  DIHED      =       702.5069
 1-4 NB =       444.8990  1-4 EEL =      5721.9265  VDWAALS    =      6648.7183
 EELEC  =    -74576.0983  EHBOND  =         0.0000  RESTRAINT  =         4.5065
 EAMBER (non-restraint)  =    -59621.6319
 EKCMT  =      4028.1189  VIRIAL  =      3281.3633  VOLUME     =    151966.7953
                                                    Density    =         1.0393
 ------------------------------------------------------------------------------

wrapping first mol.:       19.41989       27.46388       47.56883
wrapping first mol.:       19.41989       27.46388       47.56883

 NSTEP =    35000   TIME(PS) =    5670.000  TEMP(K) =   306.21  PRESS =   169.1
 Etot   =    -49802.4348  EKtot   =      9725.2793  EPtot      =    -59527.7141
 BOND   =       410.5821  ANGLE   =       996.1950  DIHED      =       712.9563
 1-4 NB =       458.9354  1-4 EEL =      5750.1290  VDWAALS    =      6638.8186
 EELEC  =    -74500.0333  EHBOND  =         0.0000  RESTRAINT  =         4.7028
 EAMBER (non-restraint)  =    -59532.4169
 EKCMT  =      4036.6962  VIRIAL  =      3480.9160  VOLUME     =    152221.4293
                                                    Density    =         1.0375
 ------------------------------------------------------------------------------

wrapping first mol.:       19.41155       27.45208       47.54839
wrapping first mol.:       19.41155       27.45208       47.54839

 NSTEP =    35500   TIME(PS) =    5671.000  TEMP(K) =   303.35  PRESS =   -66.6
 Etot   =    -50010.9164  EKtot   =      9634.4902  EPtot      =    -59645.4066
 BOND   =       409.2042  ANGLE   =      1016.8238  DIHED      =       733.3406
 1-4 NB =       454.2150  1-4 EEL =      5767.7991  VDWAALS    =      6535.1009
 EELEC  =    -74565.9071  EHBOND  =         0.0000  RESTRAINT  =         4.0170
 EAMBER (non-restraint)  =    -59649.4236
 EKCMT  =      4070.9356  VIRIAL  =      4289.6323  VOLUME     =    152028.4774
                                                    Density    =         1.0389
 ------------------------------------------------------------------------------

wrapping first mol.:       19.41126       27.45167       47.54769
wrapping first mol.:       19.41126       27.45167       47.54769

 NSTEP =    36000   TIME(PS) =    5672.000  TEMP(K) =   300.23  PRESS =  -225.5
 Etot   =    -50229.8222  EKtot   =      9535.5049  EPtot      =    -59765.3271
 BOND   =       388.5295  ANGLE   =      1024.9561  DIHED      =       719.2621
 1-4 NB =       454.4470  1-4 EEL =      5783.9826  VDWAALS    =      6587.5381
 EELEC  =    -74728.5627  EHBOND  =         0.0000  RESTRAINT  =         4.5202
 EAMBER (non-restraint)  =    -59769.8473
 EKCMT  =      4015.0002  VIRIAL  =      4755.1603  VOLUME     =    152023.9260
                                                    Density    =         1.0389
 ------------------------------------------------------------------------------

wrapping first mol.:       19.42487       27.47091       47.58102
wrapping first mol.:       19.42487       27.47091       47.58102

 NSTEP =    36500   TIME(PS) =    5673.000  TEMP(K) =   295.38  PRESS =   145.0
 Etot   =    -50607.2818  EKtot   =      9381.4727  EPtot      =    -59988.7544
 BOND   =       384.6100  ANGLE   =      1045.1786  DIHED      =       679.4206
 1-4 NB =       430.2902  1-4 EEL =      5714.2342  VDWAALS    =      6726.2952
 EELEC  =    -74973.5709  EHBOND  =         0.0000  RESTRAINT  =         4.7877
 EAMBER (non-restraint)  =    -59993.5421
 EKCMT  =      3985.6759  VIRIAL  =      3508.8806  VOLUME     =    152338.7904
                                                    Density    =         1.0367
 ------------------------------------------------------------------------------

wrapping first mol.:       19.42061       27.46489       47.57058
wrapping first mol.:       19.42061       27.46489       47.57058

 NSTEP =    37000   TIME(PS) =    5674.000  TEMP(K) =   303.78  PRESS =   125.1
 Etot   =    -50041.2208  EKtot   =      9648.0039  EPtot      =    -59689.2247
 BOND   =       399.8113  ANGLE   =      1024.5257  DIHED      =       707.1248
 1-4 NB =       461.4276  1-4 EEL =      5729.6505  VDWAALS    =      6715.3973
 EELEC  =    -74731.2799  EHBOND  =         0.0000  RESTRAINT  =         4.1179
 EAMBER (non-restraint)  =    -59693.3427
 EKCMT  =      4078.5290  VIRIAL  =      3667.2176  VOLUME     =    152238.8196
                                                    Density    =         1.0374
 ------------------------------------------------------------------------------

wrapping first mol.:       19.43607       27.48676       47.60846
wrapping first mol.:       19.43607       27.48676       47.60846

 NSTEP =    37500   TIME(PS) =    5675.000  TEMP(K) =   297.16  PRESS =   -14.7
 Etot   =    -50426.3895  EKtot   =      9437.8799  EPtot      =    -59864.2694
 BOND   =       397.7113  ANGLE   =      1017.0940  DIHED      =       712.6777
 1-4 NB =       456.5483  1-4 EEL =      5750.8913  VDWAALS    =      6743.3870
 EELEC  =    -74946.8830  EHBOND  =         0.0000  RESTRAINT  =         4.3040
 EAMBER (non-restraint)  =    -59868.5733
 EKCMT  =      3937.1594  VIRIAL  =      3985.7425  VOLUME     =    152604.6778
                                                    Density    =         1.0349
 ------------------------------------------------------------------------------

wrapping first mol.:       19.41062       27.45077       47.54612
wrapping first mol.:       19.41062       27.45077       47.54612

 NSTEP =    38000   TIME(PS) =    5676.000  TEMP(K) =   293.08  PRESS =  -190.4
 Etot   =    -50465.9061  EKtot   =      9308.2012  EPtot      =    -59774.1073
 BOND   =       399.9869  ANGLE   =      1042.1164  DIHED      =       717.6883
 1-4 NB =       461.7405  1-4 EEL =      5751.4763  VDWAALS    =      6647.6257
 EELEC  =    -74799.7056  EHBOND  =         0.0000  RESTRAINT  =         4.9642
 EAMBER (non-restraint)  =    -59779.0715
 EKCMT  =      3897.1094  VIRIAL  =      4521.8768  VOLUME     =    152008.3761
                                                    Density    =         1.0390
 ------------------------------------------------------------------------------

wrapping first mol.:       19.42618       27.47277       47.58422
wrapping first mol.:       19.42618       27.47277       47.58422

 NSTEP =    38500   TIME(PS) =    5677.000  TEMP(K) =   301.20  PRESS =    31.9
 Etot   =    -50280.0578  EKtot   =      9566.2832  EPtot      =    -59846.3410
 BOND   =       395.8886  ANGLE   =      1029.9588  DIHED      =       722.2879
 1-4 NB =       457.8565  1-4 EEL =      5769.8465  VDWAALS    =      6551.5998
 EELEC  =    -74779.2201  EHBOND  =         0.0000  RESTRAINT  =         5.4409
 EAMBER (non-restraint)  =    -59851.7819
 EKCMT  =      4092.2024  VIRIAL  =      3987.1994  VOLUME     =    152371.1352
                                                    Density    =         1.0365
 ------------------------------------------------------------------------------

wrapping first mol.:       19.42052       27.46476       47.57036
wrapping first mol.:       19.42052       27.46476       47.57036

 NSTEP =    39000   TIME(PS) =    5678.000  TEMP(K) =   303.07  PRESS =  -332.4
 Etot   =    -50250.3325  EKtot   =      9625.6279  EPtot      =    -59875.9604
 BOND   =       374.9824  ANGLE   =      1017.9261  DIHED      =       702.4722
 1-4 NB =       451.6309  1-4 EEL =      5766.1632  VDWAALS    =      6635.2055
 EELEC  =    -74829.3154  EHBOND  =         0.0000  RESTRAINT  =         4.9748
 EAMBER (non-restraint)  =    -59880.9352
 EKCMT  =      3989.3825  VIRIAL  =      5082.1029  VOLUME     =    152242.9538
                                                    Density    =         1.0374
 ------------------------------------------------------------------------------

wrapping first mol.:       19.42529       27.47150       47.58204
wrapping first mol.:       19.42529       27.47150       47.58204

 NSTEP =    39500   TIME(PS) =    5679.000  TEMP(K) =   301.77  PRESS =   327.7
 Etot   =    -50060.8598  EKtot   =      9584.3623  EPtot      =    -59645.2221
 BOND   =       416.3810  ANGLE   =      1046.9351  DIHED      =       697.7209
 1-4 NB =       447.2483  1-4 EEL =      5766.1246  VDWAALS    =      6481.5842
 EELEC  =    -74505.9656  EHBOND  =         0.0000  RESTRAINT  =         4.7493
 EAMBER (non-restraint)  =    -59649.9714
 EKCMT  =      4051.8713  VIRIAL  =      2973.7919  VOLUME     =    152346.1012
                                                    Density    =         1.0367
 ------------------------------------------------------------------------------

wrapping first mol.:       19.42182       27.46659       47.57353
wrapping first mol.:       19.42182       27.46659       47.57353

 NSTEP =    40000   TIME(PS) =    5680.000  TEMP(K) =   302.31  PRESS =  -302.9
 Etot   =    -50216.5343  EKtot   =      9601.5010  EPtot      =    -59818.0352
 BOND   =       383.7042  ANGLE   =      1021.6975  DIHED      =       719.7755
 1-4 NB =       454.1490  1-4 EEL =      5826.5432  VDWAALS    =      6666.2291
 EELEC  =    -74894.9706  EHBOND  =         0.0000  RESTRAINT  =         4.8370
 EAMBER (non-restraint)  =    -59822.8722
 EKCMT  =      4003.0579  VIRIAL  =      4998.8834  VOLUME     =    152273.0146
                                                    Density    =         1.0372
 ------------------------------------------------------------------------------

wrapping first mol.:       19.42156       27.46623       47.57290
wrapping first mol.:       19.42156       27.46623       47.57290

 NSTEP =    40500   TIME(PS) =    5681.000  TEMP(K) =   296.58  PRESS =   132.0
 Etot   =    -50263.7817  EKtot   =      9419.4512  EPtot      =    -59683.2329
 BOND   =       412.9319  ANGLE   =      1046.9295  DIHED      =       701.9420
 1-4 NB =       466.1090  1-4 EEL =      5716.0131  VDWAALS    =      6666.5174
 EELEC  =    -74698.1233  EHBOND  =         0.0000  RESTRAINT  =         4.4474
 EAMBER (non-restraint)  =    -59687.6804
 EKCMT  =      3965.2077  VIRIAL  =      3531.2496  VOLUME     =    152261.0227
                                                    Density    =         1.0373
 ------------------------------------------------------------------------------

wrapping first mol.:       19.39904       27.43438       47.51774
wrapping first mol.:       19.39904       27.43438       47.51774

 NSTEP =    41000   TIME(PS) =    5682.000  TEMP(K) =   299.11  PRESS =  -243.2
 Etot   =    -50279.5804  EKtot   =      9499.6748  EPtot      =    -59779.2552
 BOND   =       383.2405  ANGLE   =      1036.0890  DIHED      =       713.6334
 1-4 NB =       451.6076  1-4 EEL =      5700.4214  VDWAALS    =      6616.5483
 EELEC  =    -74685.3263  EHBOND  =         0.0000  RESTRAINT  =         4.5310
 EAMBER (non-restraint)  =    -59783.7862
 EKCMT  =      3980.4074  VIRIAL  =      4777.2386  VOLUME     =    151737.0705
                                                    Density    =         1.0409
 ------------------------------------------------------------------------------

wrapping first mol.:       19.39946       27.43498       47.51878
wrapping first mol.:       19.39946       27.43498       47.51878

 NSTEP =    41500   TIME(PS) =    5683.000  TEMP(K) =   295.49  PRESS =    58.6
 Etot   =    -50371.1069  EKtot   =      9384.9160  EPtot      =    -59756.0229
 BOND   =       409.0323  ANGLE   =      1045.1714  DIHED      =       708.2238
 1-4 NB =       462.0397  1-4 EEL =      5724.9457  VDWAALS    =      6757.6837
 EELEC  =    -74867.8248  EHBOND  =         0.0000  RESTRAINT  =         4.7052
 EAMBER (non-restraint)  =    -59760.7281
 EKCMT  =      3965.7777  VIRIAL  =      3773.8046  VOLUME     =    151742.9802
                                                    Density    =         1.0408
 ------------------------------------------------------------------------------

wrapping first mol.:       19.39083       27.42277       47.49763
wrapping first mol.:       19.39083       27.42277       47.49763

 NSTEP =    42000   TIME(PS) =    5684.000  TEMP(K) =   299.28  PRESS =   202.0
 Etot   =    -50232.0974  EKtot   =      9505.0840  EPtot      =    -59737.1814
 BOND   =       395.7843  ANGLE   =      1021.3732  DIHED      =       701.7355
 1-4 NB =       455.3356  1-4 EEL =      5752.8243  VDWAALS    =      6709.1492
 EELEC  =    -74778.6263  EHBOND  =         0.0000  RESTRAINT  =         5.2427
 EAMBER (non-restraint)  =    -59742.4241
 EKCMT  =      3984.8064  VIRIAL  =      3323.9176  VOLUME     =    151538.4643
                                                    Density    =         1.0422
 ------------------------------------------------------------------------------

wrapping first mol.:       19.39406       27.42734       47.50554
wrapping first mol.:       19.39406       27.42734       47.50554

 NSTEP =    42500   TIME(PS) =    5685.000  TEMP(K) =   296.58  PRESS =     6.7
 Etot   =    -50365.6607  EKtot   =      9419.6035  EPtot      =    -59785.2642
 BOND   =       397.0009  ANGLE   =       998.7578  DIHED      =       709.9945
 1-4 NB =       463.6752  1-4 EEL =      5808.2497  VDWAALS    =      6632.1621
 EELEC  =    -74800.2400  EHBOND  =         0.0000  RESTRAINT  =         5.1356
 EAMBER (non-restraint)  =    -59790.3998
 EKCMT  =      3876.1333  VIRIAL  =      3854.2368  VOLUME     =    151616.8438
                                                    Density    =         1.0417
 ------------------------------------------------------------------------------

wrapping first mol.:       19.40255       27.43935       47.52634
wrapping first mol.:       19.40255       27.43935       47.52634

 NSTEP =    43000   TIME(PS) =    5686.000  TEMP(K) =   300.41  PRESS =   -24.1
 Etot   =    -50198.8596  EKtot   =      9541.1631  EPtot      =    -59740.0227
 BOND   =       409.7490  ANGLE   =      1007.4308  DIHED      =       716.7075
 1-4 NB =       459.7118  1-4 EEL =      5745.2704  VDWAALS    =      6523.0810
 EELEC  =    -74605.7073  EHBOND  =         0.0000  RESTRAINT  =         3.7342
 EAMBER (non-restraint)  =    -59743.7569
 EKCMT  =      4009.7949  VIRIAL  =      4088.8694  VOLUME     =    151816.5376
                                                    Density    =         1.0403
 ------------------------------------------------------------------------------

wrapping first mol.:       19.38283       27.41146       47.47804
wrapping first mol.:       19.38283       27.41146       47.47804

 NSTEP =    43500   TIME(PS) =    5687.000  TEMP(K) =   301.52  PRESS =   274.4
 Etot   =    -50382.5121  EKtot   =      9576.4092  EPtot      =    -59958.9213
 BOND   =       380.2575  ANGLE   =      1025.6731  DIHED      =       699.0079
 1-4 NB =       450.2610  1-4 EEL =      5763.7994  VDWAALS    =      6731.5606
 EELEC  =    -75013.5934  EHBOND  =         0.0000  RESTRAINT  =         4.1126
 EAMBER (non-restraint)  =    -59963.0339
 EKCMT  =      3961.0740  VIRIAL  =      3064.3300  VOLUME     =    151350.1239
                                                    Density    =         1.0435
 ------------------------------------------------------------------------------

wrapping first mol.:       19.39481       27.42841       47.50740
wrapping first mol.:       19.39481       27.42841       47.50740

 NSTEP =    44000   TIME(PS) =    5688.000  TEMP(K) =   299.48  PRESS =    24.2
 Etot   =    -50273.5206  EKtot   =      9511.5664  EPtot      =    -59785.0870
 BOND   =       397.1916  ANGLE   =      1053.4879  DIHED      =       711.9623
 1-4 NB =       450.8025  1-4 EEL =      5821.3976  VDWAALS    =      6569.8136
 EELEC  =    -74794.8975  EHBOND  =         0.0000  RESTRAINT  =         5.1550
 EAMBER (non-restraint)  =    -59790.2420
 EKCMT  =      3938.8367  VIRIAL  =      3859.7597  VOLUME     =    151634.3924
                                                    Density    =         1.0416
 ------------------------------------------------------------------------------

wrapping first mol.:       19.39528       27.42907       47.50854
wrapping first mol.:       19.39528       27.42907       47.50854

 NSTEP =    44500   TIME(PS) =    5689.000  TEMP(K) =   299.16  PRESS =   179.0
 Etot   =    -50183.4967  EKtot   =      9501.4834  EPtot      =    -59684.9801
 BOND   =       408.9169  ANGLE   =      1041.4891  DIHED      =       705.1445
 1-4 NB =       458.6003  1-4 EEL =      5780.7779  VDWAALS    =      6653.0801
 EELEC  =    -74738.9684  EHBOND  =         0.0000  RESTRAINT  =         5.9795
 EAMBER (non-restraint)  =    -59690.9595
 EKCMT  =      3966.9615  VIRIAL  =      3380.7905  VOLUME     =    151643.2399
                                                    Density    =         1.0415
 ------------------------------------------------------------------------------

wrapping first mol.:       19.43292       27.48230       47.60074
wrapping first mol.:       19.43292       27.48230       47.60074

 NSTEP =    45000   TIME(PS) =    5690.000  TEMP(K) =   297.71  PRESS =   116.7
 Etot   =    -50314.4163  EKtot   =      9455.3379  EPtot      =    -59769.7542
 BOND   =       401.2071  ANGLE   =      1047.3352  DIHED      =       698.8413
 1-4 NB =       458.5702  1-4 EEL =      5757.1094  VDWAALS    =      6731.6049
 EELEC  =    -74870.9239  EHBOND  =         0.0000  RESTRAINT  =         6.5017
 EAMBER (non-restraint)  =    -59776.2559
 EKCMT  =      3969.9272  VIRIAL  =      3585.6806  VOLUME     =    152528.6702
                                                    Density    =         1.0355
 ------------------------------------------------------------------------------

wrapping first mol.:       19.43443       27.48444       47.60443
wrapping first mol.:       19.43443       27.48444       47.60443

 NSTEP =    45500   TIME(PS) =    5691.000  TEMP(K) =   297.25  PRESS =   289.6
 Etot   =    -50260.9560  EKtot   =      9440.9043  EPtot      =    -59701.8603
 BOND   =       407.3273  ANGLE   =      1034.0757  DIHED      =       704.1317
 1-4 NB =       472.4524  1-4 EEL =      5729.4099  VDWAALS    =      6608.5684
 EELEC  =    -74662.9247  EHBOND  =         0.0000  RESTRAINT  =         5.0991
 EAMBER (non-restraint)  =    -59706.9594
 EKCMT  =      3927.9411  VIRIAL  =      2974.0995  VOLUME     =    152561.8698
                                                    Density    =         1.0352
 ------------------------------------------------------------------------------

wrapping first mol.:       19.46283       27.52459       47.67399
wrapping first mol.:       19.46283       27.52459       47.67399

 NSTEP =    46000   TIME(PS) =    5692.000  TEMP(K) =   305.26  PRESS =   366.1
 Etot   =    -49971.2551  EKtot   =      9695.2598  EPtot      =    -59666.5149
 BOND   =       409.1685  ANGLE   =      1054.2323  DIHED      =       721.5909
 1-4 NB =       459.4809  1-4 EEL =      5724.8274  VDWAALS    =      6852.9865
 EELEC  =    -74893.7621  EHBOND  =         0.0000  RESTRAINT  =         4.9607
 EAMBER (non-restraint)  =    -59671.4755
 EKCMT  =      4095.4470  VIRIAL  =      2884.2858  VOLUME     =    153230.4949
                                                    Density    =         1.0307
 ------------------------------------------------------------------------------

wrapping first mol.:       19.43465       27.48475       47.60498
wrapping first mol.:       19.43465       27.48475       47.60498

 NSTEP =    46500   TIME(PS) =    5693.000  TEMP(K) =   298.50  PRESS =   -37.0
 Etot   =    -50292.4784  EKtot   =      9480.4570  EPtot      =    -59772.9354
 BOND   =       379.2833  ANGLE   =      1043.0245  DIHED      =       719.8200
 1-4 NB =       457.3138  1-4 EEL =      5740.4666  VDWAALS    =      6701.5646
 EELEC  =    -74819.2778  EHBOND  =         0.0000  RESTRAINT  =         4.8697
 EAMBER (non-restraint)  =    -59777.8051
 EKCMT  =      3927.2939  VIRIAL  =      4049.0683  VOLUME     =    152571.5531
                                                    Density    =         1.0352
 ------------------------------------------------------------------------------

wrapping first mol.:       19.42292       27.46816       47.57624
wrapping first mol.:       19.42292       27.46816       47.57624

 NSTEP =    47000   TIME(PS) =    5694.000  TEMP(K) =   298.25  PRESS =  -154.7
 Etot   =    -50303.0313  EKtot   =      9472.3711  EPtot      =    -59775.4024
 BOND   =       390.5114  ANGLE   =      1018.9162  DIHED      =       739.0971
 1-4 NB =       450.1945  1-4 EEL =      5780.0440  VDWAALS    =      6576.2417
 EELEC  =    -74735.2535  EHBOND  =         0.0000  RESTRAINT  =         4.8461
 EAMBER (non-restraint)  =    -59780.2485
 EKCMT  =      3960.5093  VIRIAL  =      4469.0502  VOLUME     =    152297.0080
                                                    Density    =         1.0370
 ------------------------------------------------------------------------------

wrapping first mol.:       19.41603       27.45841       47.55936
wrapping first mol.:       19.41603       27.45841       47.55936

 NSTEP =    47500   TIME(PS) =    5695.000  TEMP(K) =   298.66  PRESS =  -395.8
 Etot   =    -50293.4008  EKtot   =      9485.5449  EPtot      =    -59778.9457
 BOND   =       399.3211  ANGLE   =       989.1679  DIHED      =       719.9524
 1-4 NB =       462.9349  1-4 EEL =      5781.5576  VDWAALS    =      6380.8419
 EELEC  =    -74518.0254  EHBOND  =         0.0000  RESTRAINT  =         5.3041
 EAMBER (non-restraint)  =    -59784.2498
 EKCMT  =      3927.5800  VIRIAL  =      5227.7909  VOLUME     =    152138.2693
                                                    Density    =         1.0381
 ------------------------------------------------------------------------------

wrapping first mol.:       19.38556       27.41533       47.48474
wrapping first mol.:       19.38556       27.41533       47.48474

 NSTEP =    48000   TIME(PS) =    5696.000  TEMP(K) =   299.01  PRESS =   -40.6
 Etot   =    -50057.5266  EKtot   =      9496.5703  EPtot      =    -59554.0969
 BOND   =       409.3231  ANGLE   =      1026.5316  DIHED      =       700.2646
 1-4 NB =       447.5252  1-4 EEL =      5678.1982  VDWAALS    =      6418.8603
 EELEC  =    -74239.4886  EHBOND  =         0.0000  RESTRAINT  =         4.6887
 EAMBER (non-restraint)  =    -59558.7856
 EKCMT  =      3981.0742  VIRIAL  =      4113.6681  VOLUME     =    151418.4077
                                                    Density    =         1.0431
 ------------------------------------------------------------------------------

wrapping first mol.:       19.36866       27.39142       47.44332
wrapping first mol.:       19.36866       27.39142       47.44332

 NSTEP =    48500   TIME(PS) =    5697.000  TEMP(K) =   299.28  PRESS =  -233.7
 Etot   =    -50065.0855  EKtot   =      9505.3457  EPtot      =    -59570.4312
 BOND   =       402.7489  ANGLE   =      1084.5631  DIHED      =       694.0134
 1-4 NB =       458.2671  1-4 EEL =      5807.0109  VDWAALS    =      6512.2637
 EELEC  =    -74533.2417  EHBOND  =         0.0000  RESTRAINT  =         3.9434
 EAMBER (non-restraint)  =    -59574.3746
 EKCMT  =      3949.8260  VIRIAL  =      4711.7500  VOLUME     =    151025.1420
                                                    Density    =         1.0458
 ------------------------------------------------------------------------------

wrapping first mol.:       19.37127       27.39512       47.44973
wrapping first mol.:       19.37127       27.39512       47.44973

 NSTEP =    49000   TIME(PS) =    5698.000  TEMP(K) =   302.97  PRESS =   104.0
 Etot   =    -50133.0236  EKtot   =      9622.2852  EPtot      =    -59755.3088
 BOND   =       386.1545  ANGLE   =      1024.6787  DIHED      =       711.0171
 1-4 NB =       462.4689  1-4 EEL =      5737.4993  VDWAALS    =      6531.4080
 EELEC  =    -74613.0771  EHBOND  =         0.0000  RESTRAINT  =         4.5417
 EAMBER (non-restraint)  =    -59759.8505
 EKCMT  =      3953.3743  VIRIAL  =      3614.1436  VOLUME     =    151081.8198
                                                    Density    =         1.0454
 ------------------------------------------------------------------------------

wrapping first mol.:       19.38345       27.41234       47.47955
wrapping first mol.:       19.38345       27.41234       47.47955

 NSTEP =    49500   TIME(PS) =    5699.000  TEMP(K) =   297.96  PRESS =   -20.7
 Etot   =    -50423.5576  EKtot   =      9463.3008  EPtot      =    -59886.8584
 BOND   =       363.3704  ANGLE   =      1034.7332  DIHED      =       709.2712
 1-4 NB =       466.2313  1-4 EEL =      5813.6794  VDWAALS    =      6603.1927
 EELEC  =    -74883.0618  EHBOND  =         0.0000  RESTRAINT  =         5.7252
 EAMBER (non-restraint)  =    -59892.5836
 EKCMT  =      3934.8944  VIRIAL  =      4002.5137  VOLUME     =    151368.5648
                                                    Density    =         1.0434
 ------------------------------------------------------------------------------

wrapping first mol.:       19.38412       27.41328       47.48119
wrapping first mol.:       19.38412       27.41328       47.48119

 NSTEP =    50000   TIME(PS) =    5700.000  TEMP(K) =   298.62  PRESS =  -280.6
 Etot   =    -50346.6068  EKtot   =      9484.1807  EPtot      =    -59830.7874
 BOND   =       432.2979  ANGLE   =      1066.4295  DIHED      =       712.7693
 1-4 NB =       449.7931  1-4 EEL =      5753.0262  VDWAALS    =      6489.4397
 EELEC  =    -74739.6906  EHBOND  =         0.0000  RESTRAINT  =         5.1476
 EAMBER (non-restraint)  =    -59835.9350
 EKCMT  =      4026.4861  VIRIAL  =      4943.7399  VOLUME     =    151387.7159
                                                    Density    =         1.0433
 ------------------------------------------------------------------------------


      A V E R A G E S   O V E R     100 S T E P S


 NSTEP =    50000   TIME(PS) =    5700.000  TEMP(K) =   299.85  PRESS =    32.6
 Etot   =    -50202.5687  EKtot   =      9523.4209  EPtot      =    -59725.9896
 BOND   =       397.2329  ANGLE   =      1030.0322  DIHED      =       711.7128
 1-4 NB =       455.4340  1-4 EEL =      5759.9835  VDWAALS    =      6623.2786
 EELEC  =    -74707.7878  EHBOND  =         0.0000  RESTRAINT  =         4.1243
 EAMBER (non-restraint)  =    -59730.1139
 EKCMT  =      3988.3415  VIRIAL  =      3880.9610  VOLUME     =    151956.0133
                                                    Density    =         1.0394
 ------------------------------------------------------------------------------


      R M S  F L U C T U A T I O N S


 NSTEP =    50000   TIME(PS) =    5700.000  TEMP(K) =     2.43  PRESS =   203.4
 Etot   =       141.9464  EKtot   =        77.0409  EPtot      =       110.2754
 BOND   =        17.2475  ANGLE   =        24.2481  DIHED      =        11.3033
 1-4 NB =         8.2858  1-4 EEL =        29.1947  VDWAALS    =        99.5026
 EELEC  =       159.9060  EHBOND  =         0.0000  RESTRAINT  =         0.8916
 EAMBER (non-restraint)  =       109.3838
 EKCMT  =        50.5908  VIRIAL  =       673.9087  VOLUME     =       423.2321
                                                    Density    =         0.0029
 ------------------------------------------------------------------------------

--------------------------------------------------------------------------------
   5.  TIMINGS
--------------------------------------------------------------------------------

|  NonSetup CPU Time in Major Routines:
|
|     Routine           Sec        %
|     ------------------------------
|     Nonbond          69.67   83.51
|     Bond              0.00    0.00
|     Angle             0.00    0.00
|     Dihedral          0.00    0.00
|     Shake             0.25    0.30
|     RunMD            13.42   16.08
|     Other             0.09    0.11
|     ------------------------------
|     Total            83.43

|  PME Nonbond Pairlist CPU Time:
|
|     Routine              Sec        %
|     ---------------------------------
|     Set Up Cit           0.00    0.00
|     Build List           0.00    0.00
|     ---------------------------------
|     Total                0.00    0.00

|  PME Direct Force CPU Time:
|
|     Routine              Sec        %
|     ---------------------------------
|     NonBonded Calc       0.00    0.00
|     Exclude Masked       0.00    0.00
|     Other                0.06    0.07
|     ---------------------------------
|     Total                0.06    0.07

|  PME Reciprocal Force CPU Time:
|
|     Routine              Sec        %
|     ---------------------------------
|     1D bspline           0.00    0.00
|     Grid Charges         0.00    0.00
|     Scalar Sum           0.00    0.00
|     Gradient Sum         0.00    0.00
|     FFT                  0.00    0.00
|     ---------------------------------
|     Total                0.00    0.00

|  Final Performance Info:
|     -----------------------------------------------------
|     Average timings for last   13500 steps:
|     Elapsed(s) =      22.54 Per Step(ms) =       1.67
|         ns/day =     103.51   seconds/ns =     834.69
|
|     Average timings for all steps:
|     Elapsed(s) =      83.42 Per Step(ms) =       1.67
|         ns/day =     103.58   seconds/ns =     834.17
|     -----------------------------------------------------

|  Setup CPU time:            0.59 seconds
|  NonSetup CPU time:        83.43 seconds
|  Total CPU time:           84.02 seconds     0.02 hours

|  Setup wall time:           0    seconds
|  NonSetup wall time:       84    seconds
|  Total wall time:          84    seconds     0.02 hours
