
          -------------------------------------------------------
          Amber 18 PMEMD                              2018
          -------------------------------------------------------

| PMEMD implementation of SANDER, Release 18

| Run on 09/29/2019 at 23:38:32

|   Executable path: pmemd.cuda
| Working directory: /home/pbarletta/lbp/run/1ifb/mhe/e
|          Hostname: Unknown
  [-O]verwriting output

File Assignments:
|   MDIN: 56equ.in                                                              
|  MDOUT: 56equ.out                                                             
| INPCRD: 55e1ifb.rst7                                                          
|   PARM: /home/pbarletta/lbp/top_files/1ifb.prmtop                             
| RESTRT: 56e1ifb.rst7                                                          
|   REFC: 55e1ifb.rst7                                                          
|  MDVEL: mdvel                                                                 
|   MDEN: mden                                                                  
|  MDCRD: 56e1ifb.nc                                                            
| MDINFO: mdinfo                                                                
|  MDFRC: mdfrc                                                                 


 Here is the input file:

Equilibration with solute restrictions                                         
&cntrl                                                                         
imin = 0,                           ! No Minimization                          
nmropt = 0,                         ! No NMR restraints read                   
                                                                               
! Nature and format of the input                                               
ntx = 5,                            ! Coordinates but no velocities will be rea
irest = 1,                          ! Do not run a new simulation              
                                                                               
! Nature and format of the output                                              
ntxo = 1,                           ! rstrt file in ASCII format               
ntpr = 500,                         ! inf in output every ntpr steps           
ntwr = 500,                         ! rstrt file every ntwr steps              
ntwx = 500,                         ! mdcrd file every ntwx steps              
ntwv = 0,                           ! mdvel without velocities                 
ntwe = 0,                           ! Do not write energies and temperatures   
idecomp = 0,                        ! No energy decomposition                  
iwrap = 1,                          ! Coordinates of the restart and mdcrd file
                                                                               
! Frozen or restrained atoms                                                   
ibelly = 0,                         ! No frozen atoms                          
ntr=1,                              ! Harmonic potential restraints            
restraint_wt = 0.012,                ! The weight for the positional restraints
restraintmask = ':1-131@N,CA,C,O',  ! restrained residues                      
                                                                               
! Molecular dynamics                                                           
nstlim = 50000,                     ! Number of MD-steps                       
dt = 0.002,                         ! Time step                                
                                                                               
! Temperature regulation                                                       
ntt = 3,                            ! Langevin thermostat                      
gamma_ln = 5,                       ! Gamma constant for Langevin              
temp0 = 300.0,                      ! Reference T at which the system is to be 
tempi = 300.0,                      ! Initial T                                
ig = -1,                            ! Seed for the RNG                         
                                                                               
! P and V regulation                                                           
ntp = 1,                            ! constant P                               
barostat = 1,                       ! Berendsen barostat                       
taup = 1,                           ! Pressure relaxation time                 
ntb = 2,                            ! Periodic box for constant P              
                                                                               
! SHAKE variables                                                              
ntc = 2,                            ! Bonds involving H are constrained        
ntf = 2,                            ! Bond interaction involving H are ommited.
                                                                               
cut = 10.0,                         ! Nonbonded cutoff                         
/                                                                              
&end                                                                           


Note: ig = -1. Setting random seed to    98946 based on wallclock time in 
      microseconds.
| irandom = 1, using AMBER's internal random number generator (default).
 
|--------------------- INFORMATION ----------------------
| GPU (CUDA) Version of PMEMD in use: NVIDIA GPU IN USE.
|                    Version 18.0.0
| 
|                      03/25/2018
| 
| Implementation by:
|                    Ross C. Walker     (SDSC)
|                    Scott Le Grand     (nVIDIA)
| 
| Version 18 performance extensions by:
|                    David Cerutti     (Rutgers)
| 
| Precision model in use:
|      [SPFP] - Single Precision Forces, 64-bit Fixed Point
|               Accumulation. (Default)
| 
|--------------------------------------------------------
 
|----------------- CITATION INFORMATION -----------------
|
|    When publishing work that utilized the CUDA version
|    of AMBER, please cite the following in addition to
|    the regular AMBER citations:
|
|  - Romelia Salomon-Ferrer; Andreas W. Goetz; Duncan
|    Poole; Scott Le Grand; Ross C. Walker "Routine
|    microsecond molecular dynamics simulations with
|    AMBER - Part II: Particle Mesh Ewald", J. Chem.
|    Theory Comput., 2013, 9 (9), pp3878-3888,
|    DOI: 10.1021/ct400314y.
|
|  - Andreas W. Goetz; Mark J. Williamson; Dong Xu;
|    Duncan Poole; Scott Le Grand; Ross C. Walker
|    "Routine microsecond molecular dynamics simulations
|    with AMBER - Part I: Generalized Born", J. Chem.
|    Theory Comput., 2012, 8 (5), pp1542-1555.
|
|  - Scott Le Grand; Andreas W. Goetz; Ross C. Walker
|    "SPFP: Speed without compromise - a mixed precision
|    model for GPU accelerated molecular dynamics
|    simulations.", Comp. Phys. Comm., 2013, 184
|    pp374-380, DOI: 10.1016/j.cpc.2012.09.022
|
|--------------------------------------------------------
 
|------------------- GPU DEVICE INFO --------------------
|
|            CUDA_VISIBLE_DEVICES: 0
|   CUDA Capable Devices Detected:      1
|           CUDA Device ID in use:      0
|                CUDA Device Name: GeForce GTX 1060 6GB
|     CUDA Device Global Mem Size:   6078 MB
| CUDA Device Num Multiprocessors:     10
|           CUDA Device Core Freq:   1.76 GHz
|
|--------------------------------------------------------
 
 
| Conditional Compilation Defines Used:
| PUBFFT
| BINTRAJ
| CUDA
| EMIL

| Largest sphere to fit in unit cell has radius =    23.713

| New format PARM file being parsed.
| Version =    1.000 Date = 09/29/19 Time = 21:52:31

| Note: 1-4 EEL scale factors are being read from the topology file.

| Note: 1-4 VDW scale factors are being read from the topology file.
| Duplicated    0 dihedrals

| Duplicated    0 dihedrals

--------------------------------------------------------------------------------
   1.  RESOURCE   USE: 
--------------------------------------------------------------------------------

 getting new box info from bottom of inpcrd
 NATOM  =   19901 NTYPES =      17 NBONH =   14397 MBONA  =    5520
 NTHETH =    2406 MTHETA =    1438 NPHIH =    4850 MPHIA  =    4505
 NHPARM =       0 NPARM  =       0 NNB   =   42760 NRES   =    4578
 NBONA  =    5520 NTHETA =    1438 NPHIA =    4505 NUMBND =      69
 NUMANG =     155 NPTRA  =     178 NATYP =      35 NPHB   =       1
 IFBOX  =       2 NMXRS  =      24 IFCAP =       0 NEXTRA =    4447
 NCOPY  =       0

| Coordinate Index Table dimensions:     9    9    9
| Direct force subcell size =     6.4539    6.4539    6.4539

     BOX TYPE: TRUNCATED OCTAHEDRON

--------------------------------------------------------------------------------
   2.  CONTROL  DATA  FOR  THE  RUN
--------------------------------------------------------------------------------

default_name                                                                    

General flags:
     imin    =       0, nmropt  =       0

Nature and format of input:
     ntx     =       5, irest   =       1, ntrx    =       1

Nature and format of output:
     ntxo    =       1, ntpr    =     500, ntrx    =       1, ntwr    =     500
     iwrap   =       1, ntwx    =     500, ntwv    =       0, ntwe    =       0
     ioutfm  =       1, ntwprt  =       0, idecomp =       0, rbornstat=      0

Potential function:
     ntf     =       2, ntb     =       2, igb     =       0, nsnb    =      25
     ipol    =       0, gbsa    =       0, iesp    =       0
     dielc   =   1.00000, cut     =  10.00000, intdiel =   1.00000

Frozen or restrained atoms:
     ibelly  =       0, ntr     =       1
     restraint_wt =   0.01200

Molecular dynamics:
     nstlim  =     50000, nscm    =         0, nrespa  =         1
     t       =   0.00000, dt      =   0.00200, vlimit  =  -1.00000

Langevin dynamics temperature regulation:
     ig      =   98946
     temp0   = 300.00000, tempi   = 300.00000, gamma_ln=   5.00000

Pressure regulation:
     ntp     =       1
     pres0   =   1.00000, comp    =  44.60000, taup    =   1.00000

SHAKE:
     ntc     =       2, jfastw  =       0
     tol     =   0.00001

| Intermolecular bonds treatment:
|     no_intermolecular_bonds =       1

| Energy averages sample interval:
|     ene_avg_sampling =     500

Extra-points options:
     frameon =       1, chngmask=       1

Ewald parameters:
     verbose =       0, ew_type =       0, nbflag  =       1, use_pme =       1
     vdwmeth =       1, eedmeth =       1, netfrc  =       1
     Box X =   58.085   Box Y =   58.085   Box Z =   58.085
     Alpha =  109.471   Beta  =  109.471   Gamma =  109.471
     NFFT1 =   64       NFFT2 =   64       NFFT3 =   64
     Cutoff=   10.000   Tol   =0.100E-04
     Ewald Coefficient =  0.27511
     Interpolation order =    4

    LOADING THE CONSTRAINED ATOMS AS GROUPS


   5.  REFERENCE ATOM COORDINATES

  default_name                                                                    
     Mask :1-131@N,CA,C,O; matches   524 atoms
|      EXTRA_PTS, trim_bonds: num bonds BEFORE trim = 14397     0
|      EXTRA_PTS, trim_bonds: num bonds AFTER  trim = 14397     0
|      EXTRA_PTS, trim_bonds: num bonds BEFORE trim =  5520     0
|      EXTRA_PTS, trim_bonds: num bonds AFTER  trim =  1073     0
|      EXTRA_PTS, trim_theta: num angle BEFORE trim =  2406     0
|      EXTRA_PTS, trim_theta: num angle AFTER  trim =  2406     0
|      EXTRA_PTS, trim_theta: num angle BEFORE trim =  1438     0
|      EXTRA_PTS, trim_theta: num angle AFTER  trim =  1438     0
|      EXTRA_PTS, trim_phi:  num diheds BEFORE trim =  4850     0
|      EXTRA_PTS, trim_phi:  num diheds AFTER  trim =  4850     0
|      EXTRA_PTS, trim_phi:  num diheds BEFORE trim =  4505     0
|      EXTRA_PTS, trim_phi:  num diheds AFTER  trim =  4505     0

--------------------------------------------------------------------------------
   3.  ATOMIC COORDINATES AND VELOCITIES
--------------------------------------------------------------------------------

default_name                                                                    
 begin time read from input coords =  5900.000 ps

 
 Number of triangulated 3-point waters found:     4447

     Sum of charges from parm topology file =   0.00002436
     Forcing neutrality...

| Dynamic Memory, Types Used:
| Reals              996413
| Integers          1467781

| Nonbonded Pairs Initial Allocation:     6019554

| GPU memory information (estimate):
| KB of GPU memory in use:         0
| KB of CPU memory in use:         0

--------------------------------------------------------------------------------
   4.  RESULTS
--------------------------------------------------------------------------------

wrapping first mol.:       19.37227       27.39653       47.45218
wrapping first mol.:       19.37227       27.39653       47.45218

 NSTEP =      500   TIME(PS) =    5901.000  TEMP(K) =   302.55  PRESS =    29.4
 Etot   =    -50072.5788  EKtot   =      9609.2148  EPtot      =    -59681.7937
 BOND   =       393.3260  ANGLE   =      1061.9042  DIHED      =       709.6652
 1-4 NB =       461.9847  1-4 EEL =      5756.6321  VDWAALS    =      6528.4642
 EELEC  =    -74595.2712  EHBOND  =         0.0000  RESTRAINT  =         1.5010
 EAMBER (non-restraint)  =    -59683.2947
 EKCMT  =      4065.2394  VIRIAL  =      3969.3405  VOLUME     =    151106.2572
                                                    Density    =         1.0452
 ------------------------------------------------------------------------------

wrapping first mol.:       19.39659       27.43092       47.51175
wrapping first mol.:       19.39659       27.43092       47.51175

 NSTEP =     1000   TIME(PS) =    5902.000  TEMP(K) =   306.24  PRESS =    84.6
 Etot   =    -49888.1238  EKtot   =      9726.3271  EPtot      =    -59614.4509
 BOND   =       390.6020  ANGLE   =      1010.7111  DIHED      =       688.4672
 1-4 NB =       464.9887  1-4 EEL =      5781.5266  VDWAALS    =      6534.8585
 EELEC  =    -74487.1880  EHBOND  =         0.0000  RESTRAINT  =         1.5829
 EAMBER (non-restraint)  =    -59616.0338
 EKCMT  =      4073.8145  VIRIAL  =      3796.6436  VOLUME     =    151675.2965
                                                    Density    =         1.0413
 ------------------------------------------------------------------------------

wrapping first mol.:       19.40920       27.44875       47.54263
wrapping first mol.:       19.40920       27.44875       47.54263

 NSTEP =     1500   TIME(PS) =    5903.000  TEMP(K) =   303.07  PRESS =  -182.8
 Etot   =    -49999.7467  EKtot   =      9625.5361  EPtot      =    -59625.2828
 BOND   =       394.7598  ANGLE   =      1061.1186  DIHED      =       678.1851
 1-4 NB =       451.2300  1-4 EEL =      5776.6652  VDWAALS    =      6546.3767
 EELEC  =    -74536.0112  EHBOND  =         0.0000  RESTRAINT  =         2.3930
 EAMBER (non-restraint)  =    -59627.6758
 EKCMT  =      4097.6026  VIRIAL  =      4697.4451  VOLUME     =    151974.8704
                                                    Density    =         1.0392
 ------------------------------------------------------------------------------

wrapping first mol.:       19.39786       27.43272       47.51485
wrapping first mol.:       19.39786       27.43272       47.51485

 NSTEP =     2000   TIME(PS) =    5904.000  TEMP(K) =   301.46  PRESS =   121.4
 Etot   =    -50182.9228  EKtot   =      9574.3799  EPtot      =    -59757.3027
 BOND   =       420.2085  ANGLE   =      1048.6589  DIHED      =       678.8930
 1-4 NB =       448.9565  1-4 EEL =      5734.4521  VDWAALS    =      6658.6776
 EELEC  =    -74749.4192  EHBOND  =         0.0000  RESTRAINT  =         2.2698
 EAMBER (non-restraint)  =    -59759.5725
 EKCMT  =      3986.2486  VIRIAL  =      3588.4472  VOLUME     =    151704.4977
                                                    Density    =         1.0411
 ------------------------------------------------------------------------------

wrapping first mol.:       19.39101       27.42303       47.49808
wrapping first mol.:       19.39101       27.42303       47.49808

 NSTEP =     2500   TIME(PS) =    5905.000  TEMP(K) =   298.29  PRESS =    -1.7
 Etot   =    -50315.3037  EKtot   =      9473.8896  EPtot      =    -59789.1933
 BOND   =       403.4907  ANGLE   =      1014.9019  DIHED      =       702.2730
 1-4 NB =       453.3965  1-4 EEL =      5733.4112  VDWAALS    =      6665.1950
 EELEC  =    -74764.4867  EHBOND  =         0.0000  RESTRAINT  =         2.6252
 EAMBER (non-restraint)  =    -59791.8185
 EKCMT  =      3905.7623  VIRIAL  =      3911.4577  VOLUME     =    151545.6062
                                                    Density    =         1.0422
 ------------------------------------------------------------------------------

wrapping first mol.:       19.39640       27.43066       47.51129
wrapping first mol.:       19.39640       27.43066       47.51129

 NSTEP =     3000   TIME(PS) =    5906.000  TEMP(K) =   300.76  PRESS =    34.0
 Etot   =    -50142.3449  EKtot   =      9552.2637  EPtot      =    -59694.6086
 BOND   =       382.1024  ANGLE   =      1022.5006  DIHED      =       724.3559
 1-4 NB =       459.8625  1-4 EEL =      5793.7801  VDWAALS    =      6530.5424
 EELEC  =    -74609.7320  EHBOND  =         0.0000  RESTRAINT  =         1.9796
 EAMBER (non-restraint)  =    -59696.5882
 EKCMT  =      3907.4807  VIRIAL  =      3796.1026  VOLUME     =    151671.5284
                                                    Density    =         1.0413
 ------------------------------------------------------------------------------

wrapping first mol.:       19.42200       27.46686       47.57399
wrapping first mol.:       19.42200       27.46686       47.57399

 NSTEP =     3500   TIME(PS) =    5907.000  TEMP(K) =   296.49  PRESS =   -83.7
 Etot   =    -50292.7200  EKtot   =      9416.6328  EPtot      =    -59709.3528
 BOND   =       393.9480  ANGLE   =      1015.9217  DIHED      =       708.0878
 1-4 NB =       461.8183  1-4 EEL =      5733.3704  VDWAALS    =      6667.6745
 EELEC  =    -74692.1638  EHBOND  =         0.0000  RESTRAINT  =         1.9903
 EAMBER (non-restraint)  =    -59711.3430
 EKCMT  =      3936.6381  VIRIAL  =      4211.8228  VOLUME     =    152274.4044
                                                    Density    =         1.0372
 ------------------------------------------------------------------------------

wrapping first mol.:       19.41369       27.45511       47.55364
wrapping first mol.:       19.41369       27.45511       47.55364

 NSTEP =     4000   TIME(PS) =    5908.000  TEMP(K) =   301.47  PRESS =   284.7
 Etot   =    -50055.1900  EKtot   =      9574.8135  EPtot      =    -59630.0034
 BOND   =       406.2915  ANGLE   =      1037.1529  DIHED      =       703.2316
 1-4 NB =       451.2224  1-4 EEL =      5786.6273  VDWAALS    =      6734.3493
 EELEC  =    -74751.1330  EHBOND  =         0.0000  RESTRAINT  =         2.2545
 EAMBER (non-restraint)  =    -59632.2579
 EKCMT  =      4036.9910  VIRIAL  =      3102.0239  VOLUME     =    152074.0817
                                                    Density    =         1.0386
 ------------------------------------------------------------------------------

wrapping first mol.:       19.40899       27.44846       47.54212
wrapping first mol.:       19.40899       27.44846       47.54212

 NSTEP =     4500   TIME(PS) =    5909.000  TEMP(K) =   298.85  PRESS =   476.0
 Etot   =    -50170.0477  EKtot   =      9491.6016  EPtot      =    -59661.6492
 BOND   =       382.9689  ANGLE   =      1000.8016  DIHED      =       711.1839
 1-4 NB =       461.5842  1-4 EEL =      5815.7556  VDWAALS    =      6703.6961
 EELEC  =    -74740.2114  EHBOND  =         0.0000  RESTRAINT  =         2.5719
 EAMBER (non-restraint)  =    -59664.2211
 EKCMT  =      3972.7487  VIRIAL  =      2411.0699  VOLUME     =    151961.0166
                                                    Density    =         1.0393
 ------------------------------------------------------------------------------

wrapping first mol.:       19.37934       27.40653       47.46950
wrapping first mol.:       19.37934       27.40653       47.46950

 NSTEP =     5000   TIME(PS) =    5910.000  TEMP(K) =   297.33  PRESS =   198.3
 Etot   =    -50349.9009  EKtot   =      9443.2715  EPtot      =    -59793.1723
 BOND   =       386.5296  ANGLE   =      1050.3390  DIHED      =       719.7623
 1-4 NB =       455.0518  1-4 EEL =      5802.0737  VDWAALS    =      6744.6532
 EELEC  =    -74954.3597  EHBOND  =         0.0000  RESTRAINT  =         2.7779
 EAMBER (non-restraint)  =    -59795.9502
 EKCMT  =      3983.4011  VIRIAL  =      3335.6194  VOLUME     =    151269.4776
                                                    Density    =         1.0441
 ------------------------------------------------------------------------------

wrapping first mol.:       19.40706       27.44573       47.53739
wrapping first mol.:       19.40706       27.44573       47.53739

 NSTEP =     5500   TIME(PS) =    5911.000  TEMP(K) =   304.13  PRESS =   232.2
 Etot   =    -49957.4928  EKtot   =      9659.3438  EPtot      =    -59616.8366
 BOND   =       377.6387  ANGLE   =      1035.6447  DIHED      =       693.9211
 1-4 NB =       453.1417  1-4 EEL =      5790.0718  VDWAALS    =      6623.2450
 EELEC  =    -74593.2566  EHBOND  =         0.0000  RESTRAINT  =         2.7571
 EAMBER (non-restraint)  =    -59619.5937
 EKCMT  =      4051.0284  VIRIAL  =      3289.4925  VOLUME     =    151918.9437
                                                    Density    =         1.0396
 ------------------------------------------------------------------------------

wrapping first mol.:       19.40752       27.44638       47.53852
wrapping first mol.:       19.40752       27.44638       47.53852

 NSTEP =     6000   TIME(PS) =    5912.000  TEMP(K) =   298.32  PRESS =   144.6
 Etot   =    -50284.1006  EKtot   =      9474.6357  EPtot      =    -59758.7363
 BOND   =       365.7480  ANGLE   =      1017.8231  DIHED      =       704.8317
 1-4 NB =       453.4597  1-4 EEL =      5798.2292  VDWAALS    =      6672.4457
 EELEC  =    -74774.0845  EHBOND  =         0.0000  RESTRAINT  =         2.8108
 EAMBER (non-restraint)  =    -59761.5471
 EKCMT  =      3939.7863  VIRIAL  =      3465.3590  VOLUME     =    151930.9451
                                                    Density    =         1.0395
 ------------------------------------------------------------------------------

wrapping first mol.:       19.42071       27.46503       47.57083
wrapping first mol.:       19.42071       27.46503       47.57083

 NSTEP =     6500   TIME(PS) =    5913.000  TEMP(K) =   298.74  PRESS =    70.9
 Etot   =    -50179.5111  EKtot   =      9488.0840  EPtot      =    -59667.5951
 BOND   =       392.3411  ANGLE   =      1055.1975  DIHED      =       734.2398
 1-4 NB =       452.9407  1-4 EEL =      5782.7689  VDWAALS    =      6475.2838
 EELEC  =    -74563.7705  EHBOND  =         0.0000  RESTRAINT  =         3.4036
 EAMBER (non-restraint)  =    -59670.9987
 EKCMT  =      3975.7043  VIRIAL  =      3742.6778  VOLUME     =    152241.9667
                                                    Density    =         1.0374
 ------------------------------------------------------------------------------

wrapping first mol.:       19.42028       27.46442       47.56977
wrapping first mol.:       19.42028       27.46442       47.56977

 NSTEP =     7000   TIME(PS) =    5914.000  TEMP(K) =   304.78  PRESS =  -326.4
 Etot   =    -50206.0699  EKtot   =      9679.8867  EPtot      =    -59885.9566
 BOND   =       414.8012  ANGLE   =      1024.1039  DIHED      =       693.7941
 1-4 NB =       444.3790  1-4 EEL =      5778.6939  VDWAALS    =      6574.0085
 EELEC  =    -74819.3575  EHBOND  =         0.0000  RESTRAINT  =         3.6202
 EAMBER (non-restraint)  =    -59889.5769
 EKCMT  =      4047.5576  VIRIAL  =      5120.4756  VOLUME     =    152237.1655
                                                    Density    =         1.0374
 ------------------------------------------------------------------------------

wrapping first mol.:       19.42071       27.46504       47.57083
wrapping first mol.:       19.42071       27.46504       47.57083

 NSTEP =     7500   TIME(PS) =    5915.000  TEMP(K) =   299.07  PRESS =    96.9
 Etot   =    -50174.1273  EKtot   =      9498.5918  EPtot      =    -59672.7191
 BOND   =       397.8933  ANGLE   =      1008.9903  DIHED      =       693.5685
 1-4 NB =       452.3258  1-4 EEL =      5749.1947  VDWAALS    =      6622.4635
 EELEC  =    -74601.0740  EHBOND  =         0.0000  RESTRAINT  =         3.9187
 EAMBER (non-restraint)  =    -59676.6378
 EKCMT  =      4023.9720  VIRIAL  =      3705.3760  VOLUME     =    152241.6534
                                                    Density    =         1.0374
 ------------------------------------------------------------------------------

wrapping first mol.:       19.39817       27.43315       47.51561
wrapping first mol.:       19.39817       27.43315       47.51561

 NSTEP =     8000   TIME(PS) =    5916.000  TEMP(K) =   300.58  PRESS =   -25.7
 Etot   =    -50170.0748  EKtot   =      9546.4707  EPtot      =    -59716.5455
 BOND   =       395.1335  ANGLE   =      1063.0433  DIHED      =       712.3139
 1-4 NB =       458.9809  1-4 EEL =      5755.1903  VDWAALS    =      6541.5492
 EELEC  =    -74647.5239  EHBOND  =         0.0000  RESTRAINT  =         4.7672
 EAMBER (non-restraint)  =    -59721.3127
 EKCMT  =      4031.3252  VIRIAL  =      4115.5364  VOLUME     =    151713.7660
                                                    Density    =         1.0410
 ------------------------------------------------------------------------------

wrapping first mol.:       19.40732       27.44609       47.53801
wrapping first mol.:       19.40732       27.44609       47.53801

 NSTEP =     8500   TIME(PS) =    5917.000  TEMP(K) =   301.52  PRESS =  -283.5
 Etot   =    -50237.1666  EKtot   =      9576.2588  EPtot      =    -59813.4254
 BOND   =       388.1510  ANGLE   =      1011.2384  DIHED      =       721.1929
 1-4 NB =       460.9174  1-4 EEL =      5795.1239  VDWAALS    =      6448.8477
 EELEC  =    -74643.8458  EHBOND  =         0.0000  RESTRAINT  =         4.9492
 EAMBER (non-restraint)  =    -59818.3745
 EKCMT  =      4026.6401  VIRIAL  =      4956.6277  VOLUME     =    151931.9427
                                                    Density    =         1.0395
 ------------------------------------------------------------------------------

wrapping first mol.:       19.40846       27.44770       47.54082
wrapping first mol.:       19.40846       27.44770       47.54082

 NSTEP =     9000   TIME(PS) =    5918.000  TEMP(K) =   297.59  PRESS =   277.1
 Etot   =    -50279.6947  EKtot   =      9451.5947  EPtot      =    -59731.2894
 BOND   =       415.4561  ANGLE   =      1022.0312  DIHED      =       691.0290
 1-4 NB =       439.9880  1-4 EEL =      5773.5068  VDWAALS    =      6709.2624
 EELEC  =    -74787.4221  EHBOND  =         0.0000  RESTRAINT  =         4.8592
 EAMBER (non-restraint)  =    -59736.1486
 EKCMT  =      3992.3139  VIRIAL  =      3083.0755  VOLUME     =    151951.2024
                                                    Density    =         1.0394
 ------------------------------------------------------------------------------

wrapping first mol.:       19.39566       27.42960       47.50946
wrapping first mol.:       19.39566       27.42960       47.50946

 NSTEP =     9500   TIME(PS) =    5919.000  TEMP(K) =   302.79  PRESS =    52.3
 Etot   =    -50290.0331  EKtot   =      9616.6396  EPtot      =    -59906.6727
 BOND   =       401.0241  ANGLE   =      1043.3409  DIHED      =       715.1721
 1-4 NB =       462.3042  1-4 EEL =      5768.6401  VDWAALS    =      6690.3554
 EELEC  =    -74991.9175  EHBOND  =         0.0000  RESTRAINT  =         4.4082
 EAMBER (non-restraint)  =    -59911.0809
 EKCMT  =      4027.1725  VIRIAL  =      3855.9220  VOLUME     =    151653.7718
                                                    Density    =         1.0414
 ------------------------------------------------------------------------------

wrapping first mol.:       19.40953       27.44922       47.54344
wrapping first mol.:       19.40953       27.44922       47.54344

 NSTEP =    10000   TIME(PS) =    5920.000  TEMP(K) =   299.64  PRESS =  -180.4
 Etot   =    -50301.4337  EKtot   =      9516.7158  EPtot      =    -59818.1495
 BOND   =       378.1307  ANGLE   =      1041.0826  DIHED      =       706.6936
 1-4 NB =       445.2357  1-4 EEL =      5759.5350  VDWAALS    =      6456.9420
 EELEC  =    -74610.4538  EHBOND  =         0.0000  RESTRAINT  =         4.6848
 EAMBER (non-restraint)  =    -59822.8343
 EKCMT  =      3952.6627  VIRIAL  =      4544.7316  VOLUME     =    151982.5862
                                                    Density    =         1.0392
 ------------------------------------------------------------------------------

wrapping first mol.:       19.39554       27.42944       47.50918
wrapping first mol.:       19.39554       27.42944       47.50918

 NSTEP =    10500   TIME(PS) =    5921.000  TEMP(K) =   300.04  PRESS =    42.6
 Etot   =    -50041.6413  EKtot   =      9529.3711  EPtot      =    -59571.0124
 BOND   =       380.9044  ANGLE   =      1025.6117  DIHED      =       726.7813
 1-4 NB =       456.4698  1-4 EEL =      5758.8243  VDWAALS    =      6660.7071
 EELEC  =    -74585.6591  EHBOND  =         0.0000  RESTRAINT  =         5.3482
 EAMBER (non-restraint)  =    -59576.3605
 EKCMT  =      3958.7310  VIRIAL  =      3819.2406  VOLUME     =    151651.2579
                                                    Density    =         1.0414
 ------------------------------------------------------------------------------

wrapping first mol.:       19.41190       27.45257       47.54925
wrapping first mol.:       19.41190       27.45257       47.54925

 NSTEP =    11000   TIME(PS) =    5922.000  TEMP(K) =   301.57  PRESS =    31.4
 Etot   =    -50204.2744  EKtot   =      9578.0674  EPtot      =    -59782.3418
 BOND   =       391.0059  ANGLE   =      1010.3817  DIHED      =       679.3440
 1-4 NB =       448.9857  1-4 EEL =      5739.4248  VDWAALS    =      6495.8402
 EELEC  =    -74552.1071  EHBOND  =         0.0000  RESTRAINT  =         4.7828
 EAMBER (non-restraint)  =    -59787.1246
 EKCMT  =      4027.3007  VIRIAL  =      3924.2941  VOLUME     =    152035.3921
                                                    Density    =         1.0388
 ------------------------------------------------------------------------------

wrapping first mol.:       19.40621       27.44452       47.53531
wrapping first mol.:       19.40621       27.44452       47.53531

 NSTEP =    11500   TIME(PS) =    5923.000  TEMP(K) =   306.62  PRESS =  -284.2
 Etot   =    -50047.8824  EKtot   =      9738.2285  EPtot      =    -59786.1109
 BOND   =       404.1223  ANGLE   =      1005.4167  DIHED      =       698.2244
 1-4 NB =       461.4487  1-4 EEL =      5800.3215  VDWAALS    =      6512.6175
 EELEC  =    -74673.2619  EHBOND  =         0.0000  RESTRAINT  =         4.9998
 EAMBER (non-restraint)  =    -59791.1108
 EKCMT  =      4036.2973  VIRIAL  =      4968.3984  VOLUME     =    151906.0004
                                                    Density    =         1.0397
 ------------------------------------------------------------------------------

wrapping first mol.:       19.37299       27.39755       47.45394
wrapping first mol.:       19.37299       27.39755       47.45394

 NSTEP =    12000   TIME(PS) =    5924.000  TEMP(K) =   297.40  PRESS =    25.1
 Etot   =    -50359.6472  EKtot   =      9445.6309  EPtot      =    -59805.2781
 BOND   =       408.0609  ANGLE   =      1045.8118  DIHED      =       725.9675
 1-4 NB =       462.5758  1-4 EEL =      5778.9309  VDWAALS    =      6619.5489
 EELEC  =    -74850.9136  EHBOND  =         0.0000  RESTRAINT  =         4.7396
 EAMBER (non-restraint)  =    -59810.0177
 EKCMT  =      3937.9958  VIRIAL  =      3856.1451  VOLUME     =    151123.0717
                                                    Density    =         1.0451
 ------------------------------------------------------------------------------

wrapping first mol.:       19.39256       27.42522       47.50187
wrapping first mol.:       19.39256       27.42522       47.50187

 NSTEP =    12500   TIME(PS) =    5925.000  TEMP(K) =   299.45  PRESS =  -128.5
 Etot   =    -50287.2225  EKtot   =      9510.5654  EPtot      =    -59797.7879
 BOND   =       413.6616  ANGLE   =      1009.3752  DIHED      =       711.5306
 1-4 NB =       466.1120  1-4 EEL =      5771.8466  VDWAALS    =      6571.9537
 EELEC  =    -74746.5576  EHBOND  =         0.0000  RESTRAINT  =         4.2900
 EAMBER (non-restraint)  =    -59802.0779
 EKCMT  =      4031.6787  VIRIAL  =      4452.2276  VOLUME     =    151583.5799
                                                    Density    =         1.0419
 ------------------------------------------------------------------------------

wrapping first mol.:       19.39627       27.43047       47.51096
wrapping first mol.:       19.39627       27.43047       47.51096

 NSTEP =    13000   TIME(PS) =    5926.000  TEMP(K) =   300.58  PRESS =  -220.0
 Etot   =    -50109.4305  EKtot   =      9546.4238  EPtot      =    -59655.8544
 BOND   =       397.4593  ANGLE   =      1026.8657  DIHED      =       704.5277
 1-4 NB =       462.1532  1-4 EEL =      5750.3272  VDWAALS    =      6494.3721
 EELEC  =    -74495.2035  EHBOND  =         0.0000  RESTRAINT  =         3.6439
 EAMBER (non-restraint)  =    -59659.4982
 EKCMT  =      3999.2041  VIRIAL  =      4719.7363  VOLUME     =    151671.8535
                                                    Density    =         1.0413
 ------------------------------------------------------------------------------

wrapping first mol.:       19.40289       27.43984       47.52719
wrapping first mol.:       19.40289       27.43984       47.52719

 NSTEP =    13500   TIME(PS) =    5927.000  TEMP(K) =   302.70  PRESS =   181.5
 Etot   =    -50119.2635  EKtot   =      9613.7266  EPtot      =    -59732.9900
 BOND   =       408.2359  ANGLE   =      1046.8614  DIHED      =       705.7698
 1-4 NB =       445.9485  1-4 EEL =      5709.0116  VDWAALS    =      6586.4589
 EELEC  =    -74638.8688  EHBOND  =         0.0000  RESTRAINT  =         3.5926
 EAMBER (non-restraint)  =    -59736.5827
 EKCMT  =      4068.3463  VIRIAL  =      3473.3413  VOLUME     =    151821.8475
                                                    Density    =         1.0403
 ------------------------------------------------------------------------------

wrapping first mol.:       19.39030       27.42203       47.49634
wrapping first mol.:       19.39030       27.42203       47.49634

 NSTEP =    14000   TIME(PS) =    5928.000  TEMP(K) =   300.04  PRESS =   -49.0
 Etot   =    -50168.8328  EKtot   =      9529.2168  EPtot      =    -59698.0496
 BOND   =       411.5951  ANGLE   =      1033.1416  DIHED      =       715.4979
 1-4 NB =       455.4451  1-4 EEL =      5778.9727  VDWAALS    =      6535.5726
 EELEC  =    -74631.5132  EHBOND  =         0.0000  RESTRAINT  =         3.2387
 EAMBER (non-restraint)  =    -59701.2884
 EKCMT  =      3985.7594  VIRIAL  =      4146.2163  VOLUME     =    151529.5409
                                                    Density    =         1.0423
 ------------------------------------------------------------------------------

wrapping first mol.:       19.39784       27.43268       47.51480
wrapping first mol.:       19.39784       27.43268       47.51480

 NSTEP =    14500   TIME(PS) =    5929.000  TEMP(K) =   294.02  PRESS =   302.2
 Etot   =    -50370.0284  EKtot   =      9338.0264  EPtot      =    -59708.0547
 BOND   =       389.5109  ANGLE   =      1024.1984  DIHED      =       705.2601
 1-4 NB =       456.7858  1-4 EEL =      5790.1107  VDWAALS    =      6667.3118
 EELEC  =    -74744.8022  EHBOND  =         0.0000  RESTRAINT  =         3.5697
 EAMBER (non-restraint)  =    -59711.6245
 EKCMT  =      3816.7403  VIRIAL  =      2826.9986  VOLUME     =    151701.5318
                                                    Density    =         1.0411
 ------------------------------------------------------------------------------

wrapping first mol.:       19.39037       27.42213       47.49651
wrapping first mol.:       19.39037       27.42213       47.49651

 NSTEP =    15000   TIME(PS) =    5930.000  TEMP(K) =   301.46  PRESS =  -181.8
 Etot   =    -50209.1729  EKtot   =      9574.5410  EPtot      =    -59783.7139
 BOND   =       410.0465  ANGLE   =       990.7132  DIHED      =       698.9976
 1-4 NB =       468.3120  1-4 EEL =      5752.7419  VDWAALS    =      6654.6598
 EELEC  =    -74762.8785  EHBOND  =         0.0000  RESTRAINT  =         3.6936
 EAMBER (non-restraint)  =    -59787.4075
 EKCMT  =      3971.2403  VIRIAL  =      4566.0332  VOLUME     =    151532.9884
                                                    Density    =         1.0423
 ------------------------------------------------------------------------------

wrapping first mol.:       19.38909       27.42032       47.49338
wrapping first mol.:       19.38909       27.42032       47.49338

 NSTEP =    15500   TIME(PS) =    5931.000  TEMP(K) =   294.90  PRESS =   129.8
 Etot   =    -50179.3177  EKtot   =      9366.1152  EPtot      =    -59545.4330
 BOND   =       391.7589  ANGLE   =      1068.8820  DIHED      =       705.6155
 1-4 NB =       445.2082  1-4 EEL =      5782.5064  VDWAALS    =      6499.1477
 EELEC  =    -74442.7476  EHBOND  =         0.0000  RESTRAINT  =         4.1959
 EAMBER (non-restraint)  =    -59549.6288
 EKCMT  =      3929.7033  VIRIAL  =      3505.0318  VOLUME     =    151498.7710
                                                    Density    =         1.0425
 ------------------------------------------------------------------------------

wrapping first mol.:       19.39196       27.42437       47.50039
wrapping first mol.:       19.39196       27.42437       47.50039

 NSTEP =    16000   TIME(PS) =    5932.000  TEMP(K) =   298.91  PRESS =   100.4
 Etot   =    -50181.1578  EKtot   =      9493.3818  EPtot      =    -59674.5396
 BOND   =       414.5513  ANGLE   =      1010.7134  DIHED      =       695.1157
 1-4 NB =       441.7950  1-4 EEL =      5719.1420  VDWAALS    =      6526.1368
 EELEC  =    -74486.9039  EHBOND  =         0.0000  RESTRAINT  =         4.9100
 EAMBER (non-restraint)  =    -59679.4497
 EKCMT  =      3970.4384  VIRIAL  =      3641.8586  VOLUME     =    151566.3351
                                                    Density    =         1.0420
 ------------------------------------------------------------------------------

wrapping first mol.:       19.39474       27.42830       47.50720
wrapping first mol.:       19.39474       27.42830       47.50720

 NSTEP =    16500   TIME(PS) =    5933.000  TEMP(K) =   298.43  PRESS =  -122.8
 Etot   =    -50071.4880  EKtot   =      9478.2559  EPtot      =    -59549.7438
 BOND   =       406.8706  ANGLE   =      1038.8973  DIHED      =       708.2786
 1-4 NB =       442.3420  1-4 EEL =      5761.2798  VDWAALS    =      6531.7438
 EELEC  =    -74443.4809  EHBOND  =         0.0000  RESTRAINT  =         4.3251
 EAMBER (non-restraint)  =    -59554.0689
 EKCMT  =      3952.4150  VIRIAL  =      4354.4238  VOLUME     =    151634.5151
                                                    Density    =         1.0416
 ------------------------------------------------------------------------------

wrapping first mol.:       19.39201       27.42444       47.50052
wrapping first mol.:       19.39201       27.42444       47.50052

 NSTEP =    17000   TIME(PS) =    5934.000  TEMP(K) =   300.14  PRESS =    16.4
 Etot   =    -50210.0985  EKtot   =      9532.4795  EPtot      =    -59742.5780
 BOND   =       396.1965  ANGLE   =      1048.1305  DIHED      =       722.6240
 1-4 NB =       456.5114  1-4 EEL =      5745.7787  VDWAALS    =      6605.7314
 EELEC  =    -74722.9408  EHBOND  =         0.0000  RESTRAINT  =         5.3902
 EAMBER (non-restraint)  =    -59747.9682
 EKCMT  =      4027.2546  VIRIAL  =      3973.6553  VOLUME     =    151568.6658
                                                    Density    =         1.0420
 ------------------------------------------------------------------------------

wrapping first mol.:       19.39042       27.42219       47.49663
wrapping first mol.:       19.39042       27.42219       47.49663

 NSTEP =    17500   TIME(PS) =    5935.000  TEMP(K) =   297.94  PRESS =    -1.3
 Etot   =    -50357.1523  EKtot   =      9462.7383  EPtot      =    -59819.8906
 BOND   =       431.3586  ANGLE   =       973.4690  DIHED      =       708.0998
 1-4 NB =       447.3266  1-4 EEL =      5729.8667  VDWAALS    =      6652.1213
 EELEC  =    -74766.6754  EHBOND  =         0.0000  RESTRAINT  =         4.5429
 EAMBER (non-restraint)  =    -59824.4334
 EKCMT  =      3907.6819  VIRIAL  =      3912.0570  VOLUME     =    151531.6698
                                                    Density    =         1.0423
 ------------------------------------------------------------------------------

wrapping first mol.:       19.39104       27.42308       47.49816
wrapping first mol.:       19.39104       27.42308       47.49816

 NSTEP =    18000   TIME(PS) =    5936.000  TEMP(K) =   300.72  PRESS =    64.3
 Etot   =    -50374.2666  EKtot   =      9550.8076  EPtot      =    -59925.0742
 BOND   =       404.7974  ANGLE   =      1020.2450  DIHED      =       712.3232
 1-4 NB =       455.9396  1-4 EEL =      5761.0230  VDWAALS    =      6535.8776
 EELEC  =    -74819.8810  EHBOND  =         0.0000  RESTRAINT  =         4.6009
 EAMBER (non-restraint)  =    -59929.6751
 EKCMT  =      4028.4436  VIRIAL  =      3817.9206  VOLUME     =    151545.3952
                                                    Density    =         1.0422
 ------------------------------------------------------------------------------

wrapping first mol.:       19.39369       27.42682       47.50464
wrapping first mol.:       19.39369       27.42682       47.50464

 NSTEP =    18500   TIME(PS) =    5937.000  TEMP(K) =   294.03  PRESS =    -7.5
 Etot   =    -50357.9823  EKtot   =      9338.4707  EPtot      =    -59696.4530
 BOND   =       395.3884  ANGLE   =      1065.4900  DIHED      =       714.4007
 1-4 NB =       449.3387  1-4 EEL =      5762.8735  VDWAALS    =      6500.9346
 EELEC  =    -74589.5587  EHBOND  =         0.0000  RESTRAINT  =         4.6798
 EAMBER (non-restraint)  =    -59701.1328
 EKCMT  =      3907.7920  VIRIAL  =      3932.2655  VOLUME     =    151608.4285
                                                    Density    =         1.0417
 ------------------------------------------------------------------------------

wrapping first mol.:       19.39364       27.42675       47.50452
wrapping first mol.:       19.39364       27.42675       47.50452

 NSTEP =    19000   TIME(PS) =    5938.000  TEMP(K) =   300.33  PRESS =    55.6
 Etot   =    -50271.3480  EKtot   =      9538.6875  EPtot      =    -59810.0355
 BOND   =       418.3896  ANGLE   =      1037.8076  DIHED      =       703.4045
 1-4 NB =       452.9800  1-4 EEL =      5758.6066  VDWAALS    =      6654.6264
 EELEC  =    -74840.4343  EHBOND  =         0.0000  RESTRAINT  =         4.5842
 EAMBER (non-restraint)  =    -59814.6196
 EKCMT  =      4055.4312  VIRIAL  =      3873.5082  VOLUME     =    151606.4406
                                                    Density    =         1.0418
 ------------------------------------------------------------------------------

wrapping first mol.:       19.40646       27.44488       47.53593
wrapping first mol.:       19.40646       27.44488       47.53593

 NSTEP =    19500   TIME(PS) =    5939.000  TEMP(K) =   301.01  PRESS =  -160.8
 Etot   =    -50357.9489  EKtot   =      9560.1514  EPtot      =    -59918.1003
 BOND   =       389.9550  ANGLE   =      1029.3988  DIHED      =       706.3908
 1-4 NB =       451.3043  1-4 EEL =      5707.5331  VDWAALS    =      6561.0422
 EELEC  =    -74768.0201  EHBOND  =         0.0000  RESTRAINT  =         4.2956
 EAMBER (non-restraint)  =    -59922.3959
 EKCMT  =      4002.3665  VIRIAL  =      4529.7122  VOLUME     =    151910.3013
                                                    Density    =         1.0397
 ------------------------------------------------------------------------------

wrapping first mol.:       19.40805       27.44713       47.53982
wrapping first mol.:       19.40805       27.44713       47.53982

 NSTEP =    20000   TIME(PS) =    5940.000  TEMP(K) =   298.88  PRESS =  -284.2
 Etot   =    -50333.6135  EKtot   =      9492.6592  EPtot      =    -59826.2727
 BOND   =       354.1694  ANGLE   =      1058.1560  DIHED      =       699.6455
 1-4 NB =       470.1261  1-4 EEL =      5775.4570  VDWAALS    =      6538.9503
 EELEC  =    -74726.7991  EHBOND  =         0.0000  RESTRAINT  =         4.0220
 EAMBER (non-restraint)  =    -59830.2947
 EKCMT  =      3909.7097  VIRIAL  =      4842.1561  VOLUME     =    151949.2582
                                                    Density    =         1.0394
 ------------------------------------------------------------------------------

wrapping first mol.:       19.40984       27.44966       47.54420
wrapping first mol.:       19.40984       27.44966       47.54420

 NSTEP =    20500   TIME(PS) =    5941.000  TEMP(K) =   303.42  PRESS =    86.8
 Etot   =    -50171.9954  EKtot   =      9636.5850  EPtot      =    -59808.5804
 BOND   =       405.2318  ANGLE   =      1038.6127  DIHED      =       718.5253
 1-4 NB =       467.5424  1-4 EEL =      5741.1071  VDWAALS    =      6592.2024
 EELEC  =    -74775.4326  EHBOND  =         0.0000  RESTRAINT  =         3.6306
 EAMBER (non-restraint)  =    -59812.2110
 EKCMT  =      4029.1670  VIRIAL  =      3744.3131  VOLUME     =    151986.1996
                                                    Density    =         1.0392
 ------------------------------------------------------------------------------

wrapping first mol.:       19.40125       27.43750       47.52315
wrapping first mol.:       19.40125       27.43750       47.52315

 NSTEP =    21000   TIME(PS) =    5942.000  TEMP(K) =   298.92  PRESS =   -15.4
 Etot   =    -50128.2751  EKtot   =      9493.9150  EPtot      =    -59622.1902
 BOND   =       386.2413  ANGLE   =      1042.1286  DIHED      =       713.1691
 1-4 NB =       459.5444  1-4 EEL =      5739.8842  VDWAALS    =      6506.3663
 EELEC  =    -74473.3557  EHBOND  =         0.0000  RESTRAINT  =         3.8316
 EAMBER (non-restraint)  =    -59626.0218
 EKCMT  =      3973.2816  VIRIAL  =      4023.7209  VOLUME     =    151785.8026
                                                    Density    =         1.0405
 ------------------------------------------------------------------------------

wrapping first mol.:       19.40105       27.43723       47.52267
wrapping first mol.:       19.40105       27.43723       47.52267

 NSTEP =    21500   TIME(PS) =    5943.000  TEMP(K) =   304.04  PRESS =  -228.1
 Etot   =    -49898.1615  EKtot   =      9656.2949  EPtot      =    -59554.4564
 BOND   =       434.3087  ANGLE   =      1002.3826  DIHED      =       696.7268
 1-4 NB =       449.6026  1-4 EEL =      5760.5581  VDWAALS    =      6426.4205
 EELEC  =    -74328.2280  EHBOND  =         0.0000  RESTRAINT  =         3.7723
 EAMBER (non-restraint)  =    -59558.2287
 EKCMT  =      4000.7546  VIRIAL  =      4748.2168  VOLUME     =    151784.1419
                                                    Density    =         1.0405
 ------------------------------------------------------------------------------

wrapping first mol.:       19.40917       27.44871       47.54256
wrapping first mol.:       19.40917       27.44871       47.54256

 NSTEP =    22000   TIME(PS) =    5944.000  TEMP(K) =   298.30  PRESS =   248.1
 Etot   =    -50147.0662  EKtot   =      9473.9600  EPtot      =    -59621.0262
 BOND   =       397.9193  ANGLE   =      1001.0249  DIHED      =       705.1305
 1-4 NB =       455.5548  1-4 EEL =      5751.3709  VDWAALS    =      6729.0932
 EELEC  =    -74664.3004  EHBOND  =         0.0000  RESTRAINT  =         3.1806
 EAMBER (non-restraint)  =    -59624.2068
 EKCMT  =      3957.2381  VIRIAL  =      3143.2402  VOLUME     =    151968.3563
                                                    Density    =         1.0393
 ------------------------------------------------------------------------------

wrapping first mol.:       19.41661       27.45924       47.56079
wrapping first mol.:       19.41661       27.45924       47.56079

 NSTEP =    22500   TIME(PS) =    5945.000  TEMP(K) =   303.25  PRESS =   188.8
 Etot   =    -49959.7530  EKtot   =      9631.2119  EPtot      =    -59590.9649
 BOND   =       401.3139  ANGLE   =      1047.9497  DIHED      =       718.3192
 1-4 NB =       454.0153  1-4 EEL =      5756.9370  VDWAALS    =      6612.0992
 EELEC  =    -74584.6807  EHBOND  =         0.0000  RESTRAINT  =         3.0816
 EAMBER (non-restraint)  =    -59594.0465
 EKCMT  =      4025.0273  VIRIAL  =      3404.8660  VOLUME     =    152144.0365
                                                    Density    =         1.0381
 ------------------------------------------------------------------------------

wrapping first mol.:       19.41184       27.45248       47.54909
wrapping first mol.:       19.41184       27.45248       47.54909

 NSTEP =    23000   TIME(PS) =    5946.000  TEMP(K) =   297.81  PRESS =  -316.0
 Etot   =    -50343.9067  EKtot   =      9458.4590  EPtot      =    -59802.3657
 BOND   =       392.8457  ANGLE   =      1016.5833  DIHED      =       719.2962
 1-4 NB =       468.5780  1-4 EEL =      5790.8683  VDWAALS    =      6458.2190
 EELEC  =    -74651.5759  EHBOND  =         0.0000  RESTRAINT  =         2.8198
 EAMBER (non-restraint)  =    -59805.1855
 EKCMT  =      4055.2377  VIRIAL  =      5092.4406  VOLUME     =    152038.6331
                                                    Density    =         1.0388
 ------------------------------------------------------------------------------

wrapping first mol.:       19.40759       27.44648       47.53869
wrapping first mol.:       19.40759       27.44648       47.53869

 NSTEP =    23500   TIME(PS) =    5947.000  TEMP(K) =   300.30  PRESS =  -151.0
 Etot   =    -50165.7075  EKtot   =      9537.7627  EPtot      =    -59703.4702
 BOND   =       376.4869  ANGLE   =       970.7862  DIHED      =       732.6109
 1-4 NB =       462.9991  1-4 EEL =      5784.3185  VDWAALS    =      6554.1171
 EELEC  =    -74587.2011  EHBOND  =         0.0000  RESTRAINT  =         2.4122
 EAMBER (non-restraint)  =    -59705.8824
 EKCMT  =      3995.8100  VIRIAL  =      4491.0045  VOLUME     =    151936.5894
                                                    Density    =         1.0395
 ------------------------------------------------------------------------------

wrapping first mol.:       19.40782       27.44681       47.53926
wrapping first mol.:       19.40782       27.44681       47.53926

 NSTEP =    24000   TIME(PS) =    5948.000  TEMP(K) =   297.06  PRESS =   340.3
 Etot   =    -50190.4927  EKtot   =      9434.5889  EPtot      =    -59625.0815
 BOND   =       409.6055  ANGLE   =      1066.4346  DIHED      =       741.4241
 1-4 NB =       458.6140  1-4 EEL =      5746.3600  VDWAALS    =      6791.2340
 EELEC  =    -74841.3109  EHBOND  =         0.0000  RESTRAINT  =         2.5571
 EAMBER (non-restraint)  =    -59627.6387
 EKCMT  =      3934.6778  VIRIAL  =      2818.2669  VOLUME     =    151935.4135
                                                    Density    =         1.0395
 ------------------------------------------------------------------------------

wrapping first mol.:       19.41214       27.45291       47.54984
wrapping first mol.:       19.41214       27.45291       47.54984

 NSTEP =    24500   TIME(PS) =    5949.000  TEMP(K) =   297.06  PRESS =    19.2
 Etot   =    -50573.0307  EKtot   =      9434.6006  EPtot      =    -60007.6313
 BOND   =       386.5216  ANGLE   =      1042.1207  DIHED      =       726.3451
 1-4 NB =       448.3726  1-4 EEL =      5801.6199  VDWAALS    =      6810.2609
 EELEC  =    -75225.3729  EHBOND  =         0.0000  RESTRAINT  =         2.5008
 EAMBER (non-restraint)  =    -60010.1321
 EKCMT  =      4000.2511  VIRIAL  =      3937.1654  VOLUME     =    152041.2187
                                                    Density    =         1.0388
 ------------------------------------------------------------------------------

wrapping first mol.:       19.40749       27.44633       47.53844
wrapping first mol.:       19.40749       27.44633       47.53844

 NSTEP =    25000   TIME(PS) =    5950.000  TEMP(K) =   296.06  PRESS =   -29.7
 Etot   =    -50283.7563  EKtot   =      9402.8379  EPtot      =    -59686.5942
 BOND   =       404.9492  ANGLE   =      1002.5231  DIHED      =       731.4653
 1-4 NB =       456.7971  1-4 EEL =      5798.8212  VDWAALS    =      6838.1917
 EELEC  =    -74922.0374  EHBOND  =         0.0000  RESTRAINT  =         2.6956
 EAMBER (non-restraint)  =    -59689.2898
 EKCMT  =      3912.8151  VIRIAL  =      4010.1165  VOLUME     =    151932.5934
                                                    Density    =         1.0395
 ------------------------------------------------------------------------------

wrapping first mol.:       19.40044       27.43637       47.52118
wrapping first mol.:       19.40044       27.43637       47.52118

 NSTEP =    25500   TIME(PS) =    5951.000  TEMP(K) =   301.87  PRESS =  -168.5
 Etot   =    -50467.7560  EKtot   =      9587.5850  EPtot      =    -60055.3410
 BOND   =       404.4569  ANGLE   =      1025.1664  DIHED      =       710.6529
 1-4 NB =       453.2052  1-4 EEL =      5769.5615  VDWAALS    =      6638.4257
 EELEC  =    -75060.1740  EHBOND  =         0.0000  RESTRAINT  =         3.3644
 EAMBER (non-restraint)  =    -60058.7054
 EKCMT  =      4016.3320  VIRIAL  =      4568.4859  VOLUME     =    151769.0508
                                                    Density    =         1.0406
 ------------------------------------------------------------------------------

wrapping first mol.:       19.42673       27.47355       47.58558
wrapping first mol.:       19.42673       27.47355       47.58558

 NSTEP =    26000   TIME(PS) =    5952.000  TEMP(K) =   302.72  PRESS =   -64.2
 Etot   =    -50127.1890  EKtot   =      9614.3369  EPtot      =    -59741.5259
 BOND   =       390.8959  ANGLE   =       993.5208  DIHED      =       696.0184
 1-4 NB =       456.6815  1-4 EEL =      5775.4152  VDWAALS    =      6697.7892
 EELEC  =    -74754.9262  EHBOND  =         0.0000  RESTRAINT  =         3.0792
 EAMBER (non-restraint)  =    -59744.6051
 EKCMT  =      4054.1456  VIRIAL  =      4265.4851  VOLUME     =    152385.4925
                                                    Density    =         1.0364
 ------------------------------------------------------------------------------

wrapping first mol.:       19.40720       27.44593       47.53773
wrapping first mol.:       19.40720       27.44593       47.53773

 NSTEP =    26500   TIME(PS) =    5953.000  TEMP(K) =   301.19  PRESS =  -113.9
 Etot   =    -50150.1399  EKtot   =      9565.7988  EPtot      =    -59715.9388
 BOND   =       394.4983  ANGLE   =      1033.1539  DIHED      =       736.9114
 1-4 NB =       450.2069  1-4 EEL =      5802.0929  VDWAALS    =      6630.7410
 EELEC  =    -74766.0874  EHBOND  =         0.0000  RESTRAINT  =         2.5443
 EAMBER (non-restraint)  =    -59718.4831
 EKCMT  =      4045.9831  VIRIAL  =      4419.6115  VOLUME     =    151926.9656
                                                    Density    =         1.0396
 ------------------------------------------------------------------------------

wrapping first mol.:       19.41358       27.45494       47.55336
wrapping first mol.:       19.41358       27.45494       47.55336

 NSTEP =    27000   TIME(PS) =    5954.000  TEMP(K) =   299.84  PRESS =    33.4
 Etot   =    -50258.9281  EKtot   =      9523.0195  EPtot      =    -59781.9477
 BOND   =       378.9210  ANGLE   =      1026.7279  DIHED      =       727.7048
 1-4 NB =       446.7571  1-4 EEL =      5788.7919  VDWAALS    =      6799.8015
 EELEC  =    -74953.4368  EHBOND  =         0.0000  RESTRAINT  =         2.7849
 EAMBER (non-restraint)  =    -59784.7325
 EKCMT  =      3938.9958  VIRIAL  =      3829.2920  VOLUME     =    152074.7809
                                                    Density    =         1.0385
 ------------------------------------------------------------------------------

wrapping first mol.:       19.41947       27.46328       47.56780
wrapping first mol.:       19.41947       27.46328       47.56780

 NSTEP =    27500   TIME(PS) =    5955.000  TEMP(K) =   299.70  PRESS =    66.2
 Etot   =    -50334.5831  EKtot   =      9518.5059  EPtot      =    -59853.0890
 BOND   =       397.8116  ANGLE   =      1038.4601  DIHED      =       714.2948
 1-4 NB =       450.2750  1-4 EEL =      5774.8210  VDWAALS    =      6676.8713
 EELEC  =    -74908.5674  EHBOND  =         0.0000  RESTRAINT  =         2.9445
 EAMBER (non-restraint)  =    -59856.0335
 EKCMT  =      4002.1175  VIRIAL  =      3784.4227  VOLUME     =    152212.9170
                                                    Density    =         1.0376
 ------------------------------------------------------------------------------

wrapping first mol.:       19.41342       27.45472       47.55297
wrapping first mol.:       19.41342       27.45472       47.55297

 NSTEP =    28000   TIME(PS) =    5956.000  TEMP(K) =   302.38  PRESS =   138.1
 Etot   =    -50061.0498  EKtot   =      9603.6387  EPtot      =    -59664.6884
 BOND   =       377.6280  ANGLE   =      1044.6345  DIHED      =       703.9427
 1-4 NB =       459.5194  1-4 EEL =      5762.4786  VDWAALS    =      6611.6591
 EELEC  =    -74627.1152  EHBOND  =         0.0000  RESTRAINT  =         2.5644
 EAMBER (non-restraint)  =    -59667.2529
 EKCMT  =      4027.2201  VIRIAL  =      3573.8834  VOLUME     =    152069.6407
                                                    Density    =         1.0386
 ------------------------------------------------------------------------------

wrapping first mol.:       19.42118       27.46569       47.57197
wrapping first mol.:       19.42118       27.46569       47.57197

 NSTEP =    28500   TIME(PS) =    5957.000  TEMP(K) =   302.03  PRESS =    88.8
 Etot   =    -50078.1311  EKtot   =      9592.6553  EPtot      =    -59670.7864
 BOND   =       401.4663  ANGLE   =      1051.0217  DIHED      =       723.2444
 1-4 NB =       459.9612  1-4 EEL =      5775.0604  VDWAALS    =      6626.9627
 EELEC  =    -74711.0998  EHBOND  =         0.0000  RESTRAINT  =         2.5967
 EAMBER (non-restraint)  =    -59673.3831
 EKCMT  =      4049.3779  VIRIAL  =      3757.4078  VOLUME     =    152252.6877
                                                    Density    =         1.0373
 ------------------------------------------------------------------------------

wrapping first mol.:       19.41388       27.45537       47.55409
wrapping first mol.:       19.41388       27.45537       47.55409

 NSTEP =    29000   TIME(PS) =    5958.000  TEMP(K) =   299.41  PRESS =  -355.7
 Etot   =    -50171.5700  EKtot   =      9509.3105  EPtot      =    -59680.8805
 BOND   =       395.2859  ANGLE   =      1028.2453  DIHED      =       700.6268
 1-4 NB =       440.6272  1-4 EEL =      5753.2592  VDWAALS    =      6430.7600
 EELEC  =    -74432.0469  EHBOND  =         0.0000  RESTRAINT  =         2.3619
 EAMBER (non-restraint)  =    -59683.2424
 EKCMT  =      3997.7280  VIRIAL  =      5165.6294  VOLUME     =    152087.1494
                                                    Density    =         1.0385
 ------------------------------------------------------------------------------

wrapping first mol.:       19.40341       27.44056       47.52845
wrapping first mol.:       19.40341       27.44056       47.52845

 NSTEP =    29500   TIME(PS) =    5959.000  TEMP(K) =   303.92  PRESS =   290.0
 Etot   =    -49868.0048  EKtot   =      9652.7012  EPtot      =    -59520.7060
 BOND   =       396.3198  ANGLE   =      1046.3998  DIHED      =       716.8461
 1-4 NB =       457.6410  1-4 EEL =      5746.3309  VDWAALS    =      6676.3755
 EELEC  =    -74563.5715  EHBOND  =         0.0000  RESTRAINT  =         2.9524
 EAMBER (non-restraint)  =    -59523.6584
 EKCMT  =      4015.2286  VIRIAL  =      3064.5534  VOLUME     =    151832.4738
                                                    Density    =         1.0402
 ------------------------------------------------------------------------------

wrapping first mol.:       19.37863       27.40552       47.46775
wrapping first mol.:       19.37863       27.40552       47.46775

 NSTEP =    30000   TIME(PS) =    5960.000  TEMP(K) =   299.15  PRESS =   350.1
 Etot   =    -50150.2290  EKtot   =      9501.1270  EPtot      =    -59651.3560
 BOND   =       402.6855  ANGLE   =       979.2036  DIHED      =       704.1061
 1-4 NB =       456.4476  1-4 EEL =      5749.8529  VDWAALS    =      6556.2928
 EELEC  =    -74503.0068  EHBOND  =         0.0000  RESTRAINT  =         3.0623
 EAMBER (non-restraint)  =    -59654.4183
 EKCMT  =      4009.3688  VIRIAL  =      2866.1127  VOLUME     =    151250.6827
                                                    Density    =         1.0442
 ------------------------------------------------------------------------------

wrapping first mol.:       19.38557       27.41534       47.48475
wrapping first mol.:       19.38557       27.41534       47.48475

 NSTEP =    30500   TIME(PS) =    5961.000  TEMP(K) =   299.37  PRESS =   224.4
 Etot   =    -50248.6428  EKtot   =      9508.1377  EPtot      =    -59756.7805
 BOND   =       407.0595  ANGLE   =      1034.7275  DIHED      =       697.6117
 1-4 NB =       463.2452  1-4 EEL =      5810.3751  VDWAALS    =      6550.2814
 EELEC  =    -74723.6211  EHBOND  =         0.0000  RESTRAINT  =         3.5402
 EAMBER (non-restraint)  =    -59760.3207
 EKCMT  =      4026.0860  VIRIAL  =      3292.5170  VOLUME     =    151414.9796
                                                    Density    =         1.0431
 ------------------------------------------------------------------------------

wrapping first mol.:       19.37503       27.40043       47.45894
wrapping first mol.:       19.37503       27.40043       47.45894

 NSTEP =    31000   TIME(PS) =    5962.000  TEMP(K) =   300.01  PRESS =  -189.5
 Etot   =    -50221.8328  EKtot   =      9528.3545  EPtot      =    -59750.1873
 BOND   =       375.2350  ANGLE   =      1062.4267  DIHED      =       702.2202
 1-4 NB =       464.5510  1-4 EEL =      5758.3512  VDWAALS    =      6467.1934
 EELEC  =    -74583.6538  EHBOND  =         0.0000  RESTRAINT  =         3.4890
 EAMBER (non-restraint)  =    -59753.6763
 EKCMT  =      4028.7755  VIRIAL  =      4647.3855  VOLUME     =    151173.7250
                                                    Density    =         1.0447
 ------------------------------------------------------------------------------

wrapping first mol.:       19.39109       27.42315       47.49828
wrapping first mol.:       19.39109       27.42315       47.49828

 NSTEP =    31500   TIME(PS) =    5963.000  TEMP(K) =   301.59  PRESS =   186.0
 Etot   =    -50153.0398  EKtot   =      9578.5752  EPtot      =    -59731.6149
 BOND   =       389.9875  ANGLE   =      1011.1104  DIHED      =       707.6810
 1-4 NB =       452.6694  1-4 EEL =      5774.3825  VDWAALS    =      6703.6579
 EELEC  =    -74773.8830  EHBOND  =         0.0000  RESTRAINT  =         2.7795
 EAMBER (non-restraint)  =    -59734.3944
 EKCMT  =      3957.3076  VIRIAL  =      3348.5889  VOLUME     =    151544.9174
                                                    Density    =         1.0422
 ------------------------------------------------------------------------------

wrapping first mol.:       19.39022       27.42191       47.49615
wrapping first mol.:       19.39022       27.42191       47.49615

 NSTEP =    32000   TIME(PS) =    5964.000  TEMP(K) =   302.40  PRESS =  -343.1
 Etot   =    -50175.0361  EKtot   =      9604.4600  EPtot      =    -59779.4960
 BOND   =       414.0827  ANGLE   =      1038.7282  DIHED      =       721.4060
 1-4 NB =       452.7657  1-4 EEL =      5794.4337  VDWAALS    =      6494.9504
 EELEC  =    -74698.8999  EHBOND  =         0.0000  RESTRAINT  =         3.0370
 EAMBER (non-restraint)  =    -59782.5330
 EKCMT  =      4006.8441  VIRIAL  =      5129.2848  VOLUME     =    151531.6597
                                                    Density    =         1.0423
 ------------------------------------------------------------------------------

wrapping first mol.:       19.39280       27.42556       47.50247
wrapping first mol.:       19.39280       27.42556       47.50247

 NSTEP =    32500   TIME(PS) =    5965.000  TEMP(K) =   302.46  PRESS =   332.1
 Etot   =    -50252.1150  EKtot   =      9606.1240  EPtot      =    -59858.2390
 BOND   =       415.0471  ANGLE   =      1032.8524  DIHED      =       723.6222
 1-4 NB =       459.5780  1-4 EEL =      5778.5725  VDWAALS    =      6777.3731
 EELEC  =    -75048.2899  EHBOND  =         0.0000  RESTRAINT  =         3.0054
 EAMBER (non-restraint)  =    -59861.2444
 EKCMT  =      4087.4474  VIRIAL  =      3000.4020  VOLUME     =    151583.0471
                                                    Density    =         1.0419
 ------------------------------------------------------------------------------

wrapping first mol.:       19.39529       27.42909       47.50857
wrapping first mol.:       19.39529       27.42909       47.50857

 NSTEP =    33000   TIME(PS) =    5966.000  TEMP(K) =   301.83  PRESS =   -73.8
 Etot   =    -50177.6479  EKtot   =      9586.1162  EPtot      =    -59763.7641
 BOND   =       405.9293  ANGLE   =      1006.8770  DIHED      =       709.3159
 1-4 NB =       457.5984  1-4 EEL =      5765.1540  VDWAALS    =      6644.9675
 EELEC  =    -74757.1661  EHBOND  =         0.0000  RESTRAINT  =         3.5598
 EAMBER (non-restraint)  =    -59767.3239
 EKCMT  =      3982.9749  VIRIAL  =      4224.7389  VOLUME     =    151646.9490
                                                    Density    =         1.0415
 ------------------------------------------------------------------------------

wrapping first mol.:       19.38876       27.41985       47.49256
wrapping first mol.:       19.38876       27.41985       47.49256

 NSTEP =    33500   TIME(PS) =    5967.000  TEMP(K) =   303.66  PRESS =   246.8
 Etot   =    -49874.8737  EKtot   =      9644.2148  EPtot      =    -59519.0885
 BOND   =       404.5978  ANGLE   =      1037.8415  DIHED      =       700.0829
 1-4 NB =       437.3747  1-4 EEL =      5779.2251  VDWAALS    =      6655.7001
 EELEC  =    -74537.6465  EHBOND  =         0.0000  RESTRAINT  =         3.7359
 EAMBER (non-restraint)  =    -59522.8244
 EKCMT  =      4088.6293  VIRIAL  =      3281.3491  VOLUME     =    151489.3904
                                                    Density    =         1.0426
 ------------------------------------------------------------------------------

wrapping first mol.:       19.40879       27.44817       47.54162
wrapping first mol.:       19.40879       27.44817       47.54162

 NSTEP =    34000   TIME(PS) =    5968.000  TEMP(K) =   302.95  PRESS =  -435.6
 Etot   =    -50006.9184  EKtot   =      9621.8701  EPtot      =    -59628.7885
 BOND   =       398.7034  ANGLE   =      1035.4458  DIHED      =       710.1564
 1-4 NB =       471.9018  1-4 EEL =      5784.2021  VDWAALS    =      6543.4562
 EELEC  =    -74576.2482  EHBOND  =         0.0000  RESTRAINT  =         3.5941
 EAMBER (non-restraint)  =    -59632.3826
 EKCMT  =      4057.2174  VIRIAL  =      5486.6466  VOLUME     =    151968.6253
                                                    Density    =         1.0393
 ------------------------------------------------------------------------------

wrapping first mol.:       19.41241       27.45329       47.55049
wrapping first mol.:       19.41241       27.45329       47.55049

 NSTEP =    34500   TIME(PS) =    5969.000  TEMP(K) =   300.61  PRESS =    20.0
 Etot   =    -50442.6907  EKtot   =      9547.5312  EPtot      =    -59990.2219
 BOND   =       369.1901  ANGLE   =      1029.4829  DIHED      =       675.8495
 1-4 NB =       457.0267  1-4 EEL =      5835.7373  VDWAALS    =      6729.9688
 EELEC  =    -75091.2277  EHBOND  =         0.0000  RESTRAINT  =         3.7504
 EAMBER (non-restraint)  =    -59993.9723
 EKCMT  =      3975.1058  VIRIAL  =      3909.5461  VOLUME     =    152047.4778
                                                    Density    =         1.0387
 ------------------------------------------------------------------------------

wrapping first mol.:       19.39728       27.43190       47.51344
wrapping first mol.:       19.39728       27.43190       47.51344

 NSTEP =    35000   TIME(PS) =    5970.000  TEMP(K) =   300.34  PRESS =   -66.1
 Etot   =    -50425.7653  EKtot   =      9538.8447  EPtot      =    -59964.6100
 BOND   =       365.3064  ANGLE   =       973.7224  DIHED      =       691.2858
 1-4 NB =       458.2914  1-4 EEL =      5767.8054  VDWAALS    =      6760.8472
 EELEC  =    -74986.0082  EHBOND  =         0.0000  RESTRAINT  =         4.1395
 EAMBER (non-restraint)  =    -59968.7495
 EKCMT  =      3942.9658  VIRIAL  =      4159.5577  VOLUME     =    151693.5112
                                                    Density    =         1.0412
 ------------------------------------------------------------------------------

wrapping first mol.:       19.39345       27.42648       47.50406
wrapping first mol.:       19.39345       27.42648       47.50406

 NSTEP =    35500   TIME(PS) =    5971.000  TEMP(K) =   301.33  PRESS =   -69.6
 Etot   =    -50390.5200  EKtot   =      9570.3604  EPtot      =    -59960.8803
 BOND   =       427.2894  ANGLE   =       981.5266  DIHED      =       704.7307
 1-4 NB =       447.5792  1-4 EEL =      5794.0504  VDWAALS    =      6547.4242
 EELEC  =    -74866.9427  EHBOND  =         0.0000  RESTRAINT  =         3.4618
 EAMBER (non-restraint)  =    -59964.3421
 EKCMT  =      3958.8731  VIRIAL  =      4186.7381  VOLUME     =    151603.6985
                                                    Density    =         1.0418
 ------------------------------------------------------------------------------

wrapping first mol.:       19.40342       27.44058       47.52848
wrapping first mol.:       19.40342       27.44058       47.52848

 NSTEP =    36000   TIME(PS) =    5972.000  TEMP(K) =   298.74  PRESS =   130.2
 Etot   =    -50350.1738  EKtot   =      9488.0273  EPtot      =    -59838.2011
 BOND   =       386.2202  ANGLE   =      1021.7084  DIHED      =       706.0442
 1-4 NB =       462.8051  1-4 EEL =      5753.2139  VDWAALS    =      6780.0942
 EELEC  =    -74951.3931  EHBOND  =         0.0000  RESTRAINT  =         3.1059
 EAMBER (non-restraint)  =    -59841.3071
 EKCMT  =      4023.2324  VIRIAL  =      3596.2366  VOLUME     =    151834.9036
                                                    Density    =         1.0402
 ------------------------------------------------------------------------------

wrapping first mol.:       19.40201       27.43859       47.52502
wrapping first mol.:       19.40201       27.43859       47.52502

 NSTEP =    36500   TIME(PS) =    5973.000  TEMP(K) =   295.76  PRESS =  -218.7
 Etot   =    -50401.7769  EKtot   =      9393.3213  EPtot      =    -59795.0982
 BOND   =       382.4613  ANGLE   =      1077.0384  DIHED      =       690.8674
 1-4 NB =       443.0406  1-4 EEL =      5772.2889  VDWAALS    =      6573.6188
 EELEC  =    -74738.8394  EHBOND  =         0.0000  RESTRAINT  =         4.4258
 EAMBER (non-restraint)  =    -59799.5240
 EKCMT  =      3999.2063  VIRIAL  =      4715.9255  VOLUME     =    151806.5063
                                                    Density    =         1.0404
 ------------------------------------------------------------------------------

wrapping first mol.:       19.40826       27.44743       47.54034
wrapping first mol.:       19.40826       27.44743       47.54034

 NSTEP =    37000   TIME(PS) =    5974.000  TEMP(K) =   298.47  PRESS =  -187.3
 Etot   =    -50303.4617  EKtot   =      9479.5957  EPtot      =    -59783.0574
 BOND   =       398.4582  ANGLE   =      1014.8521  DIHED      =       710.1367
 1-4 NB =       463.7441  1-4 EEL =      5817.2042  VDWAALS    =      6714.4925
 EELEC  =    -74906.5909  EHBOND  =         0.0000  RESTRAINT  =         4.6457
 EAMBER (non-restraint)  =    -59787.7031
 EKCMT  =      3880.0331  VIRIAL  =      4494.4943  VOLUME     =    151952.9152
                                                    Density    =         1.0394
 ------------------------------------------------------------------------------

wrapping first mol.:       19.41317       27.45436       47.55235
wrapping first mol.:       19.41317       27.45436       47.55235

 NSTEP =    37500   TIME(PS) =    5975.000  TEMP(K) =   298.20  PRESS =    27.7
 Etot   =    -50355.1672  EKtot   =      9470.8203  EPtot      =    -59825.9875
 BOND   =       419.3184  ANGLE   =      1016.4811  DIHED      =       698.2776
 1-4 NB =       445.3515  1-4 EEL =      5765.7431  VDWAALS    =      6679.2397
 EELEC  =    -74855.7678  EHBOND  =         0.0000  RESTRAINT  =         5.3689
 EAMBER (non-restraint)  =    -59831.3564
 EKCMT  =      3947.3253  VIRIAL  =      3856.3277  VOLUME     =    152065.1887
                                                    Density    =         1.0386
 ------------------------------------------------------------------------------

wrapping first mol.:       19.40271       27.43957       47.52673
wrapping first mol.:       19.40271       27.43957       47.52673

 NSTEP =    38000   TIME(PS) =    5976.000  TEMP(K) =   296.76  PRESS =  -324.3
 Etot   =    -50266.0852  EKtot   =      9425.0537  EPtot      =    -59691.1389
 BOND   =       420.4680  ANGLE   =      1029.5894  DIHED      =       696.8287
 1-4 NB =       449.4195  1-4 EEL =      5719.3610  VDWAALS    =      6494.5535
 EELEC  =    -74506.4973  EHBOND  =         0.0000  RESTRAINT  =         5.1384
 EAMBER (non-restraint)  =    -59696.2773
 EKCMT  =      3985.9399  VIRIAL  =      5049.0251  VOLUME     =    151824.3498
                                                    Density    =         1.0403
 ------------------------------------------------------------------------------

wrapping first mol.:       19.40290       27.43985       47.52721
wrapping first mol.:       19.40290       27.43985       47.52721

 NSTEP =    38500   TIME(PS) =    5977.000  TEMP(K) =   305.22  PRESS =  -144.6
 Etot   =    -50117.5394  EKtot   =      9693.9629  EPtot      =    -59811.5023
 BOND   =       399.6172  ANGLE   =      1018.3607  DIHED      =       714.5540
 1-4 NB =       472.0235  1-4 EEL =      5764.9052  VDWAALS    =      6651.2526
 EELEC  =    -74837.5098  EHBOND  =         0.0000  RESTRAINT  =         5.2943
 EAMBER (non-restraint)  =    -59816.7966
 EKCMT  =      3980.5562  VIRIAL  =      4454.5911  VOLUME     =    151826.4960
                                                    Density    =         1.0402
 ------------------------------------------------------------------------------

wrapping first mol.:       19.39926       27.43470       47.51829
wrapping first mol.:       19.39926       27.43470       47.51829

 NSTEP =    39000   TIME(PS) =    5978.000  TEMP(K) =   299.72  PRESS =    44.9
 Etot   =    -50119.6012  EKtot   =      9519.1592  EPtot      =    -59638.7604
 BOND   =       382.7976  ANGLE   =      1036.8547  DIHED      =       709.3761
 1-4 NB =       456.6524  1-4 EEL =      5801.9288  VDWAALS    =      6426.3753
 EELEC  =    -74458.9910  EHBOND  =         0.0000  RESTRAINT  =         6.2456
 EAMBER (non-restraint)  =    -59645.0060
 EKCMT  =      4013.9403  VIRIAL  =      3866.8059  VOLUME     =    151738.4519
                                                    Density    =         1.0409
 ------------------------------------------------------------------------------

wrapping first mol.:       19.40824       27.44740       47.54029
wrapping first mol.:       19.40824       27.44740       47.54029

 NSTEP =    39500   TIME(PS) =    5979.000  TEMP(K) =   300.50  PRESS =  -114.4
 Etot   =    -50061.1660  EKtot   =      9543.8750  EPtot      =    -59605.0410
 BOND   =       389.9854  ANGLE   =      1007.6435  DIHED      =       700.9956
 1-4 NB =       457.6225  1-4 EEL =      5768.7335  VDWAALS    =      6562.7029
 EELEC  =    -74498.8194  EHBOND  =         0.0000  RESTRAINT  =         6.0950
 EAMBER (non-restraint)  =    -59611.1361
 EKCMT  =      3934.9021  VIRIAL  =      4310.2442  VOLUME     =    151951.4711
                                                    Density    =         1.0394
 ------------------------------------------------------------------------------

wrapping first mol.:       19.40220       27.43886       47.52549
wrapping first mol.:       19.40220       27.43886       47.52549

 NSTEP =    40000   TIME(PS) =    5980.000  TEMP(K) =   301.43  PRESS =   196.7
 Etot   =    -50095.8294  EKtot   =      9573.3896  EPtot      =    -59669.2191
 BOND   =       389.0498  ANGLE   =      1006.3123  DIHED      =       722.2959
 1-4 NB =       454.3573  1-4 EEL =      5772.0227  VDWAALS    =      6605.8778
 EELEC  =    -74624.8868  EHBOND  =         0.0000  RESTRAINT  =         5.7520
 EAMBER (non-restraint)  =    -59674.9710
 EKCMT  =      3963.2444  VIRIAL  =      3318.6019  VOLUME     =    151805.4259
                                                    Density    =         1.0404
 ------------------------------------------------------------------------------

wrapping first mol.:       19.39503       27.42871       47.50792
wrapping first mol.:       19.39503       27.42871       47.50792

 NSTEP =    40500   TIME(PS) =    5981.000  TEMP(K) =   296.48  PRESS =   203.8
 Etot   =    -50400.5812  EKtot   =      9416.3662  EPtot      =    -59816.9474
 BOND   =       391.1306  ANGLE   =      1010.1516  DIHED      =       725.6366
 1-4 NB =       469.3471  1-4 EEL =      5725.4827  VDWAALS    =      6665.8714
 EELEC  =    -74809.7896  EHBOND  =         0.0000  RESTRAINT  =         5.2221
 EAMBER (non-restraint)  =    -59822.1695
 EKCMT  =      3863.1468  VIRIAL  =      3196.0205  VOLUME     =    151636.9601
                                                    Density    =         1.0415
 ------------------------------------------------------------------------------

wrapping first mol.:       19.41943       27.46322       47.56768
wrapping first mol.:       19.41943       27.46322       47.56768

 NSTEP =    41000   TIME(PS) =    5982.000  TEMP(K) =   300.49  PRESS =  -159.2
 Etot   =    -50171.0127  EKtot   =      9543.5801  EPtot      =    -59714.5928
 BOND   =       409.8630  ANGLE   =      1038.7286  DIHED      =       698.1117
 1-4 NB =       445.6048  1-4 EEL =      5774.7070  VDWAALS    =      6724.7555
 EELEC  =    -74811.5631  EHBOND  =         0.0000  RESTRAINT  =         5.1998
 EAMBER (non-restraint)  =    -59719.7926
 EKCMT  =      3981.6784  VIRIAL  =      4504.8893  VOLUME     =    152214.8838
                                                    Density    =         1.0376
 ------------------------------------------------------------------------------

wrapping first mol.:       19.41215       27.45293       47.54987
wrapping first mol.:       19.41215       27.45293       47.54987

 NSTEP =    41500   TIME(PS) =    5983.000  TEMP(K) =   301.09  PRESS =   -35.9
 Etot   =    -50090.9180  EKtot   =      9562.8574  EPtot      =    -59653.7754
 BOND   =       410.5662  ANGLE   =      1053.5421  DIHED      =       714.6748
 1-4 NB =       441.3276  1-4 EEL =      5738.2989  VDWAALS    =      6643.7874
 EELEC  =    -74661.4871  EHBOND  =         0.0000  RESTRAINT  =         5.5147
 EAMBER (non-restraint)  =    -59659.2901
 EKCMT  =      4002.9667  VIRIAL  =      4120.8383  VOLUME     =    152042.2480
                                                    Density    =         1.0388
 ------------------------------------------------------------------------------

wrapping first mol.:       19.42299       27.46826       47.57642
wrapping first mol.:       19.42299       27.46826       47.57642

 NSTEP =    42000   TIME(PS) =    5984.000  TEMP(K) =   298.70  PRESS =    93.9
 Etot   =    -50043.4089  EKtot   =      9486.6963  EPtot      =    -59530.1052
 BOND   =       396.8678  ANGLE   =      1035.9086  DIHED      =       721.6371
 1-4 NB =       464.9781  1-4 EEL =      5759.0502  VDWAALS    =      6583.4437
 EELEC  =    -74496.6954  EHBOND  =         0.0000  RESTRAINT  =         4.7048
 EAMBER (non-restraint)  =    -59534.8100
 EKCMT  =      3939.4052  VIRIAL  =      3630.6635  VOLUME     =    152295.3371
                                                    Density    =         1.0370
 ------------------------------------------------------------------------------

wrapping first mol.:       19.40200       27.43857       47.52500
wrapping first mol.:       19.40200       27.43857       47.52500

 NSTEP =    42500   TIME(PS) =    5985.000  TEMP(K) =   298.96  PRESS =   -11.3
 Etot   =    -50049.1670  EKtot   =      9494.9619  EPtot      =    -59544.1289
 BOND   =       405.0141  ANGLE   =      1052.1387  DIHED      =       700.7770
 1-4 NB =       451.9938  1-4 EEL =      5806.6426  VDWAALS    =      6603.0174
 EELEC  =    -74568.3847  EHBOND  =         0.0000  RESTRAINT  =         4.6721
 EAMBER (non-restraint)  =    -59548.8010
 EKCMT  =      3990.5866  VIRIAL  =      4027.4758  VOLUME     =    151803.5220
                                                    Density    =         1.0404
 ------------------------------------------------------------------------------

wrapping first mol.:       19.40863       27.44794       47.54122
wrapping first mol.:       19.40863       27.44794       47.54122

 NSTEP =    43000   TIME(PS) =    5986.000  TEMP(K) =   300.49  PRESS =   281.9
 Etot   =    -50108.9070  EKtot   =      9543.6592  EPtot      =    -59652.5662
 BOND   =       375.8929  ANGLE   =      1056.1847  DIHED      =       718.4627
 1-4 NB =       462.6327  1-4 EEL =      5739.9890  VDWAALS    =      6567.7665
 EELEC  =    -74578.5131  EHBOND  =         0.0000  RESTRAINT  =         5.0185
 EAMBER (non-restraint)  =    -59657.5847
 EKCMT  =      4046.4641  VIRIAL  =      3121.6713  VOLUME     =    151955.0562
                                                    Density    =         1.0394
 ------------------------------------------------------------------------------

wrapping first mol.:       19.41146       27.45195       47.54817
wrapping first mol.:       19.41146       27.45195       47.54817

 NSTEP =    43500   TIME(PS) =    5987.000  TEMP(K) =   297.11  PRESS =  -371.5
 Etot   =    -50352.2618  EKtot   =      9436.4316  EPtot      =    -59788.6934
 BOND   =       382.6342  ANGLE   =      1016.7838  DIHED      =       703.6693
 1-4 NB =       469.3881  1-4 EEL =      5782.4129  VDWAALS    =      6528.7170
 EELEC  =    -74677.8550  EHBOND  =         0.0000  RESTRAINT  =         5.5563
 EAMBER (non-restraint)  =    -59794.2498
 EKCMT  =      3948.6275  VIRIAL  =      5168.0356  VOLUME     =    152030.5278
                                                    Density    =         1.0389
 ------------------------------------------------------------------------------

wrapping first mol.:       19.40522       27.44313       47.53289
wrapping first mol.:       19.40522       27.44313       47.53289

 NSTEP =    44000   TIME(PS) =    5988.000  TEMP(K) =   301.57  PRESS =  -158.7
 Etot   =    -49984.6352  EKtot   =      9577.8262  EPtot      =    -59562.4614
 BOND   =       398.6159  ANGLE   =      1009.0316  DIHED      =       704.7723
 1-4 NB =       450.5635  1-4 EEL =      5767.3917  VDWAALS    =      6494.5542
 EELEC  =    -74392.2820  EHBOND  =         0.0000  RESTRAINT  =         4.8914
 EAMBER (non-restraint)  =    -59567.3527
 EKCMT  =      4017.5586  VIRIAL  =      4538.0010  VOLUME     =    151881.0822
                                                    Density    =         1.0399
 ------------------------------------------------------------------------------

wrapping first mol.:       19.40581       27.44396       47.53433
wrapping first mol.:       19.40581       27.44396       47.53433

 NSTEP =    44500   TIME(PS) =    5989.000  TEMP(K) =   298.66  PRESS =  -189.5
 Etot   =    -50303.2748  EKtot   =      9485.4160  EPtot      =    -59788.6908
 BOND   =       429.3264  ANGLE   =      1001.2290  DIHED      =       731.1111
 1-4 NB =       462.7145  1-4 EEL =      5717.7868  VDWAALS    =      6619.4801
 EELEC  =    -74755.5159  EHBOND  =         0.0000  RESTRAINT  =         5.1771
 EAMBER (non-restraint)  =    -59793.8679
 EKCMT  =      3917.2593  VIRIAL  =      4538.7599  VOLUME     =    151895.3436
                                                    Density    =         1.0398
 ------------------------------------------------------------------------------

wrapping first mol.:       19.42167       27.46638       47.57316
wrapping first mol.:       19.42167       27.46638       47.57316

 NSTEP =    45000   TIME(PS) =    5990.000  TEMP(K) =   301.77  PRESS =   347.0
 Etot   =    -50199.8257  EKtot   =      9584.1523  EPtot      =    -59783.9781
 BOND   =       374.4355  ANGLE   =      1029.2261  DIHED      =       721.9769
 1-4 NB =       453.2637  1-4 EEL =      5754.7087  VDWAALS    =      6725.2971
 EELEC  =    -74847.5490  EHBOND  =         0.0000  RESTRAINT  =         4.6629
 EAMBER (non-restraint)  =    -59788.6410
 EKCMT  =      3975.8137  VIRIAL  =      2834.9778  VOLUME     =    152260.6499
                                                    Density    =         1.0373
 ------------------------------------------------------------------------------

wrapping first mol.:       19.40789       27.44690       47.53943
wrapping first mol.:       19.40789       27.44690       47.53943

 NSTEP =    45500   TIME(PS) =    5991.000  TEMP(K) =   299.12  PRESS =  -111.6
 Etot   =    -50437.3509  EKtot   =      9500.2275  EPtot      =    -59937.5784
 BOND   =       401.3541  ANGLE   =      1041.2876  DIHED      =       707.9769
 1-4 NB =       450.1632  1-4 EEL =      5780.3493  VDWAALS    =      6492.0476
 EELEC  =    -74815.7537  EHBOND  =         0.0000  RESTRAINT  =         4.9965
 EAMBER (non-restraint)  =    -59942.5749
 EKCMT  =      3951.4575  VIRIAL  =      4317.5351  VOLUME     =    151943.1471
                                                    Density    =         1.0394
 ------------------------------------------------------------------------------

wrapping first mol.:       19.40822       27.44737       47.54024
wrapping first mol.:       19.40822       27.44737       47.54024

 NSTEP =    46000   TIME(PS) =    5992.000  TEMP(K) =   301.03  PRESS =   419.5
 Etot   =    -50293.6648  EKtot   =      9560.6787  EPtot      =    -59854.3435
 BOND   =       403.1778  ANGLE   =      1039.4041  DIHED      =       704.9100
 1-4 NB =       448.6892  1-4 EEL =      5703.9018  VDWAALS    =      6929.9922
 EELEC  =    -75089.9156  EHBOND  =         0.0000  RESTRAINT  =         5.4970
 EAMBER (non-restraint)  =    -59859.8406
 EKCMT  =      3978.6930  VIRIAL  =      2602.4505  VOLUME     =    151943.7519
                                                    Density    =         1.0394
 ------------------------------------------------------------------------------

wrapping first mol.:       19.39725       27.43186       47.51336
wrapping first mol.:       19.39725       27.43186       47.51336

 NSTEP =    46500   TIME(PS) =    5993.000  TEMP(K) =   298.44  PRESS =  -153.2
 Etot   =    -50188.0729  EKtot   =      9478.4551  EPtot      =    -59666.5280
 BOND   =       400.2563  ANGLE   =      1094.8467  DIHED      =       699.0841
 1-4 NB =       444.5870  1-4 EEL =      5752.3008  VDWAALS    =      6568.2448
 EELEC  =    -74631.0532  EHBOND  =         0.0000  RESTRAINT  =         5.2055
 EAMBER (non-restraint)  =    -59671.7334
 EKCMT  =      3993.0858  VIRIAL  =      4494.7560  VOLUME     =    151693.9443
                                                    Density    =         1.0412
 ------------------------------------------------------------------------------

wrapping first mol.:       19.38889       27.42002       47.49287
wrapping first mol.:       19.38889       27.42002       47.49287

 NSTEP =    47000   TIME(PS) =    5994.000  TEMP(K) =   299.13  PRESS =   156.5
 Etot   =    -50235.0917  EKtot   =      9500.4922  EPtot      =    -59735.5839
 BOND   =       404.5736  ANGLE   =      1056.1709  DIHED      =       716.6972
 1-4 NB =       452.5813  1-4 EEL =      5755.7530  VDWAALS    =      6549.2536
 EELEC  =    -74676.1141  EHBOND  =         0.0000  RESTRAINT  =         5.5006
 EAMBER (non-restraint)  =    -59741.0845
 EKCMT  =      3926.5357  VIRIAL  =      3414.5670  VOLUME     =    151493.5769
                                                    Density    =         1.0425
 ------------------------------------------------------------------------------

wrapping first mol.:       19.39397       27.42721       47.50532
wrapping first mol.:       19.39397       27.42721       47.50532

 NSTEP =    47500   TIME(PS) =    5995.000  TEMP(K) =   301.88  PRESS =     1.7
 Etot   =    -50167.7056  EKtot   =      9587.6738  EPtot      =    -59755.3794
 BOND   =       401.4789  ANGLE   =      1037.5654  DIHED      =       684.3459
 1-4 NB =       446.4144  1-4 EEL =      5729.3809  VDWAALS    =      6490.9224
 EELEC  =    -74550.0686  EHBOND  =         0.0000  RESTRAINT  =         4.5813
 EAMBER (non-restraint)  =    -59759.9607
 EKCMT  =      4018.6690  VIRIAL  =      4013.1887  VOLUME     =    151614.8009
                                                    Density    =         1.0417
 ------------------------------------------------------------------------------

wrapping first mol.:       19.38750       27.41807       47.48948
wrapping first mol.:       19.38750       27.41807       47.48948

 NSTEP =    48000   TIME(PS) =    5996.000  TEMP(K) =   296.90  PRESS =   -45.1
 Etot   =    -50278.0209  EKtot   =      9429.5859  EPtot      =    -59707.6069
 BOND   =       387.7995  ANGLE   =      1017.4472  DIHED      =       709.3782
 1-4 NB =       471.5412  1-4 EEL =      5793.0888  VDWAALS    =      6561.1011
 EELEC  =    -74652.0335  EHBOND  =         0.0000  RESTRAINT  =         4.0706
 EAMBER (non-restraint)  =    -59711.6775
 EKCMT  =      3995.2202  VIRIAL  =      4142.6266  VOLUME     =    151463.8581
                                                    Density    =         1.0427
 ------------------------------------------------------------------------------

wrapping first mol.:       19.38166       27.40981       47.47518
wrapping first mol.:       19.38166       27.40981       47.47518

 NSTEP =    48500   TIME(PS) =    5997.000  TEMP(K) =   300.65  PRESS =   -84.3
 Etot   =    -50076.3154  EKtot   =      9548.7246  EPtot      =    -59625.0400
 BOND   =       404.2811  ANGLE   =       997.4492  DIHED      =       706.3866
 1-4 NB =       467.3217  1-4 EEL =      5772.3773  VDWAALS    =      6462.8914
 EELEC  =    -74439.7459  EHBOND  =         0.0000  RESTRAINT  =         3.9985
 EAMBER (non-restraint)  =    -59629.0385
 EKCMT  =      4011.8849  VIRIAL  =      4287.2725  VOLUME     =    151327.5571
                                                    Density    =         1.0437
 ------------------------------------------------------------------------------

wrapping first mol.:       19.40386       27.44120       47.52955
wrapping first mol.:       19.40386       27.44120       47.52955

 NSTEP =    49000   TIME(PS) =    5998.000  TEMP(K) =   297.33  PRESS =  -321.4
 Etot   =    -50143.2811  EKtot   =      9443.3457  EPtot      =    -59586.6268
 BOND   =       417.8269  ANGLE   =      1031.8123  DIHED      =       714.6783
 1-4 NB =       458.0360  1-4 EEL =      5761.4567  VDWAALS    =      6439.0541
 EELEC  =    -74413.1324  EHBOND  =         0.0000  RESTRAINT  =         3.6412
 EAMBER (non-restraint)  =    -59590.2681
 EKCMT  =      4004.6052  VIRIAL  =      5058.2152  VOLUME     =    151851.3290
                                                    Density    =         1.0401
 ------------------------------------------------------------------------------

wrapping first mol.:       19.39547       27.42933       47.50899
wrapping first mol.:       19.39547       27.42933       47.50899

 NSTEP =    49500   TIME(PS) =    5999.000  TEMP(K) =   302.59  PRESS =  -208.5
 Etot   =    -50062.7136  EKtot   =      9610.2686  EPtot      =    -59672.9821
 BOND   =       410.1155  ANGLE   =      1050.4932  DIHED      =       713.6658
 1-4 NB =       452.9746  1-4 EEL =      5766.6551  VDWAALS    =      6434.4156
 EELEC  =    -74504.4818  EHBOND  =         0.0000  RESTRAINT  =         3.1800
 EAMBER (non-restraint)  =    -59676.1621
 EKCMT  =      4051.0512  VIRIAL  =      4733.8143  VOLUME     =    151652.8511
                                                    Density    =         1.0414
 ------------------------------------------------------------------------------

wrapping first mol.:       19.37988       27.40729       47.47082
wrapping first mol.:       19.37988       27.40729       47.47082

 NSTEP =    50000   TIME(PS) =    6000.000  TEMP(K) =   300.48  PRESS =   140.4
 Etot   =    -50220.0094  EKtot   =      9543.4307  EPtot      =    -59763.4401
 BOND   =       393.9970  ANGLE   =      1058.0101  DIHED      =       704.0153
 1-4 NB =       459.0708  1-4 EEL =      5796.1949  VDWAALS    =      6519.4982
 EELEC  =    -74697.5149  EHBOND  =         0.0000  RESTRAINT  =         3.2887
 EAMBER (non-restraint)  =    -59766.7288
 EKCMT  =      3952.3006  VIRIAL  =      3493.7890  VOLUME     =    151282.8353
                                                    Density    =         1.0440
 ------------------------------------------------------------------------------


      A V E R A G E S   O V E R     100 S T E P S


 NSTEP =    50000   TIME(PS) =    6000.000  TEMP(K) =   300.15  PRESS =    -0.3
 Etot   =    -50199.3618  EKtot   =      9532.9922  EPtot      =    -59732.3540
 BOND   =       397.7399  ANGLE   =      1029.1415  DIHED      =       708.7133
 1-4 NB =       455.5461  1-4 EEL =      5767.2496  VDWAALS    =      6601.6627
 EELEC  =    -74696.2775  EHBOND  =         0.0000  RESTRAINT  =         3.8705
 EAMBER (non-restraint)  =    -59736.2245
 EKCMT  =      3990.0700  VIRIAL  =      3991.1126  VOLUME     =    151802.3960
                                                    Density    =         1.0404
 ------------------------------------------------------------------------------


      R M S  F L U C T U A T I O N S


 NSTEP =    50000   TIME(PS) =    6000.000  TEMP(K) =     2.46  PRESS =   196.4
 Etot   =       138.1012  EKtot   =        78.1755  EPtot      =       112.6359
 BOND   =        14.6899  ANGLE   =        23.3816  DIHED      =        12.9513
 1-4 NB =         7.9430  1-4 EEL =        25.4796  VDWAALS    =       103.2876
 EELEC  =       172.5210  EHBOND  =         0.0000  RESTRAINT  =         1.0916
 EAMBER (non-restraint)  =       111.5443
 EKCMT  =        51.5935  VIRIAL  =       649.1344  VOLUME     =       274.2310
                                                    Density    =         0.0019
 ------------------------------------------------------------------------------

--------------------------------------------------------------------------------
   5.  TIMINGS
--------------------------------------------------------------------------------

|  NonSetup CPU Time in Major Routines:
|
|     Routine           Sec        %
|     ------------------------------
|     Nonbond          69.67   83.54
|     Bond              0.00    0.00
|     Angle             0.00    0.00
|     Dihedral          0.00    0.00
|     Shake             0.24    0.29
|     RunMD            13.39   16.05
|     Other             0.10    0.12
|     ------------------------------
|     Total            83.40

|  PME Nonbond Pairlist CPU Time:
|
|     Routine              Sec        %
|     ---------------------------------
|     Set Up Cit           0.00    0.00
|     Build List           0.00    0.00
|     ---------------------------------
|     Total                0.00    0.00

|  PME Direct Force CPU Time:
|
|     Routine              Sec        %
|     ---------------------------------
|     NonBonded Calc       0.00    0.00
|     Exclude Masked       0.00    0.00
|     Other                0.06    0.07
|     ---------------------------------
|     Total                0.06    0.07

|  PME Reciprocal Force CPU Time:
|
|     Routine              Sec        %
|     ---------------------------------
|     1D bspline           0.00    0.00
|     Grid Charges         0.00    0.00
|     Scalar Sum           0.00    0.00
|     Gradient Sum         0.00    0.00
|     FFT                  0.00    0.00
|     ---------------------------------
|     Total                0.00    0.00

|  Final Performance Info:
|     -----------------------------------------------------
|     Average timings for last   13500 steps:
|     Elapsed(s) =      22.51 Per Step(ms) =       1.67
|         ns/day =     103.62   seconds/ns =     833.84
|
|     Average timings for all steps:
|     Elapsed(s) =      83.40 Per Step(ms) =       1.67
|         ns/day =     103.60   seconds/ns =     833.96
|     -----------------------------------------------------

|  Setup CPU time:            0.60 seconds
|  NonSetup CPU time:        83.40 seconds
|  Total CPU time:           84.00 seconds     0.02 hours

|  Setup wall time:           1    seconds
|  NonSetup wall time:       83    seconds
|  Total wall time:          84    seconds     0.02 hours
