
          -------------------------------------------------------
          Amber 18 PMEMD                              2018
          -------------------------------------------------------

| PMEMD implementation of SANDER, Release 18

| Run on 09/29/2019 at 22:27:03

|   Executable path: pmemd.cuda
| Working directory: /home/pbarletta/lbp/run/1ifb/mhe/e
|          Hostname: Unknown
  [-O]verwriting output

File Assignments:
|   MDIN: 5equ.in                                                               
|  MDOUT: 5equ.out                                                              
| INPCRD: 4e1ifb.rst7                                                           
|   PARM: /home/pbarletta/lbp/top_files/1ifb.prmtop                             
| RESTRT: 5e1ifb.rst7                                                           
|   REFC: 4e1ifb.rst7                                                           
|  MDVEL: mdvel                                                                 
|   MDEN: mden                                                                  
|  MDCRD: 5e1ifb.nc                                                             
| MDINFO: mdinfo                                                                
|  MDFRC: mdfrc                                                                 


 Here is the input file:

Equilibration with solute restrictions                                         
&cntrl                                                                         
imin = 0,                           ! No Minimization                          
nmropt = 0,                         ! No NMR restraints read                   
                                                                               
! Nature and format of the input                                               
ntx = 5,                            ! Coordinates but no velocities will be rea
irest = 1,                          ! Do not run a new simulation              
                                                                               
! Nature and format of the output                                              
ntxo = 1,                           ! rstrt file in ASCII format               
ntpr = 500,                         ! inf in output every ntpr steps           
ntwr = 500,                         ! rstrt file every ntwr steps              
ntwx = 500,                         ! mdcrd file every ntwx steps              
ntwv = 0,                           ! mdvel without velocities                 
ntwe = 0,                           ! Do not write energies and temperatures   
idecomp = 0,                        ! No energy decomposition                  
iwrap = 1,                          ! Coordinates of the restart and mdcrd file
                                                                               
! Frozen or restrained atoms                                                   
ibelly = 0,                         ! No frozen atoms                          
ntr=1,                              ! Harmonic potential restraints            
restraint_wt = 9.5,                ! The weight for the positional restraints  
restraintmask = ':1-131@N,CA,C,O',  ! restrained residues                      
                                                                               
! Molecular dynamics                                                           
nstlim = 50000,                     ! Number of MD-steps                       
dt = 0.002,                         ! Time step                                
                                                                               
! Temperature regulation                                                       
ntt = 3,                            ! Langevin thermostat                      
gamma_ln = 5,                       ! Gamma constant for Langevin              
temp0 = 300.0,                      ! Reference T at which the system is to be 
tempi = 300.0,                      ! Initial T                                
ig = -1,                            ! Seed for the RNG                         
                                                                               
! P and V regulation                                                           
ntp = 1,                            ! constant P                               
barostat = 1,                       ! Berendsen barostat                       
taup = 1,                           ! Pressure relaxation time                 
ntb = 2,                            ! Periodic box for constant P              
                                                                               
! SHAKE variables                                                              
ntc = 2,                            ! Bonds involving H are constrained        
ntf = 2,                            ! Bond interaction involving H are ommited.
                                                                               
cut = 10.0,                         ! Nonbonded cutoff                         
/                                                                              
&end                                                                           


Note: ig = -1. Setting random seed to   832849 based on wallclock time in 
      microseconds.
| irandom = 1, using AMBER's internal random number generator (default).
 
|--------------------- INFORMATION ----------------------
| GPU (CUDA) Version of PMEMD in use: NVIDIA GPU IN USE.
|                    Version 18.0.0
| 
|                      03/25/2018
| 
| Implementation by:
|                    Ross C. Walker     (SDSC)
|                    Scott Le Grand     (nVIDIA)
| 
| Version 18 performance extensions by:
|                    David Cerutti     (Rutgers)
| 
| Precision model in use:
|      [SPFP] - Single Precision Forces, 64-bit Fixed Point
|               Accumulation. (Default)
| 
|--------------------------------------------------------
 
|----------------- CITATION INFORMATION -----------------
|
|    When publishing work that utilized the CUDA version
|    of AMBER, please cite the following in addition to
|    the regular AMBER citations:
|
|  - Romelia Salomon-Ferrer; Andreas W. Goetz; Duncan
|    Poole; Scott Le Grand; Ross C. Walker "Routine
|    microsecond molecular dynamics simulations with
|    AMBER - Part II: Particle Mesh Ewald", J. Chem.
|    Theory Comput., 2013, 9 (9), pp3878-3888,
|    DOI: 10.1021/ct400314y.
|
|  - Andreas W. Goetz; Mark J. Williamson; Dong Xu;
|    Duncan Poole; Scott Le Grand; Ross C. Walker
|    "Routine microsecond molecular dynamics simulations
|    with AMBER - Part I: Generalized Born", J. Chem.
|    Theory Comput., 2012, 8 (5), pp1542-1555.
|
|  - Scott Le Grand; Andreas W. Goetz; Ross C. Walker
|    "SPFP: Speed without compromise - a mixed precision
|    model for GPU accelerated molecular dynamics
|    simulations.", Comp. Phys. Comm., 2013, 184
|    pp374-380, DOI: 10.1016/j.cpc.2012.09.022
|
|--------------------------------------------------------
 
|------------------- GPU DEVICE INFO --------------------
|
|            CUDA_VISIBLE_DEVICES: 0
|   CUDA Capable Devices Detected:      1
|           CUDA Device ID in use:      0
|                CUDA Device Name: GeForce GTX 1060 6GB
|     CUDA Device Global Mem Size:   6078 MB
| CUDA Device Num Multiprocessors:     10
|           CUDA Device Core Freq:   1.76 GHz
|
|--------------------------------------------------------
 
 
| Conditional Compilation Defines Used:
| PUBFFT
| BINTRAJ
| CUDA
| EMIL

| Largest sphere to fit in unit cell has radius =    23.777

| New format PARM file being parsed.
| Version =    1.000 Date = 09/29/19 Time = 21:52:31

| Note: 1-4 EEL scale factors are being read from the topology file.

| Note: 1-4 VDW scale factors are being read from the topology file.
| Duplicated    0 dihedrals

| Duplicated    0 dihedrals

--------------------------------------------------------------------------------
   1.  RESOURCE   USE: 
--------------------------------------------------------------------------------

 getting new box info from bottom of inpcrd
 NATOM  =   19901 NTYPES =      17 NBONH =   14397 MBONA  =    5520
 NTHETH =    2406 MTHETA =    1438 NPHIH =    4850 MPHIA  =    4505
 NHPARM =       0 NPARM  =       0 NNB   =   42760 NRES   =    4578
 NBONA  =    5520 NTHETA =    1438 NPHIA =    4505 NUMBND =      69
 NUMANG =     155 NPTRA  =     178 NATYP =      35 NPHB   =       1
 IFBOX  =       2 NMXRS  =      24 IFCAP =       0 NEXTRA =    4447
 NCOPY  =       0

| Coordinate Index Table dimensions:     9    9    9
| Direct force subcell size =     6.4713    6.4713    6.4713

     BOX TYPE: TRUNCATED OCTAHEDRON

--------------------------------------------------------------------------------
   2.  CONTROL  DATA  FOR  THE  RUN
--------------------------------------------------------------------------------

default_name                                                                    

General flags:
     imin    =       0, nmropt  =       0

Nature and format of input:
     ntx     =       5, irest   =       1, ntrx    =       1

Nature and format of output:
     ntxo    =       1, ntpr    =     500, ntrx    =       1, ntwr    =     500
     iwrap   =       1, ntwx    =     500, ntwv    =       0, ntwe    =       0
     ioutfm  =       1, ntwprt  =       0, idecomp =       0, rbornstat=      0

Potential function:
     ntf     =       2, ntb     =       2, igb     =       0, nsnb    =      25
     ipol    =       0, gbsa    =       0, iesp    =       0
     dielc   =   1.00000, cut     =  10.00000, intdiel =   1.00000

Frozen or restrained atoms:
     ibelly  =       0, ntr     =       1
     restraint_wt =   9.50000

Molecular dynamics:
     nstlim  =     50000, nscm    =         0, nrespa  =         1
     t       =   0.00000, dt      =   0.00200, vlimit  =  -1.00000

Langevin dynamics temperature regulation:
     ig      =  832849
     temp0   = 300.00000, tempi   = 300.00000, gamma_ln=   5.00000

Pressure regulation:
     ntp     =       1
     pres0   =   1.00000, comp    =  44.60000, taup    =   1.00000

SHAKE:
     ntc     =       2, jfastw  =       0
     tol     =   0.00001

| Intermolecular bonds treatment:
|     no_intermolecular_bonds =       1

| Energy averages sample interval:
|     ene_avg_sampling =     500

Extra-points options:
     frameon =       1, chngmask=       1

Ewald parameters:
     verbose =       0, ew_type =       0, nbflag  =       1, use_pme =       1
     vdwmeth =       1, eedmeth =       1, netfrc  =       1
     Box X =   58.241   Box Y =   58.241   Box Z =   58.241
     Alpha =  109.471   Beta  =  109.471   Gamma =  109.471
     NFFT1 =   64       NFFT2 =   64       NFFT3 =   64
     Cutoff=   10.000   Tol   =0.100E-04
     Ewald Coefficient =  0.27511
     Interpolation order =    4

    LOADING THE CONSTRAINED ATOMS AS GROUPS


   5.  REFERENCE ATOM COORDINATES

  default_name                                                                    
     Mask :1-131@N,CA,C,O; matches   524 atoms
|      EXTRA_PTS, trim_bonds: num bonds BEFORE trim = 14397     0
|      EXTRA_PTS, trim_bonds: num bonds AFTER  trim = 14397     0
|      EXTRA_PTS, trim_bonds: num bonds BEFORE trim =  5520     0
|      EXTRA_PTS, trim_bonds: num bonds AFTER  trim =  1073     0
|      EXTRA_PTS, trim_theta: num angle BEFORE trim =  2406     0
|      EXTRA_PTS, trim_theta: num angle AFTER  trim =  2406     0
|      EXTRA_PTS, trim_theta: num angle BEFORE trim =  1438     0
|      EXTRA_PTS, trim_theta: num angle AFTER  trim =  1438     0
|      EXTRA_PTS, trim_phi:  num diheds BEFORE trim =  4850     0
|      EXTRA_PTS, trim_phi:  num diheds AFTER  trim =  4850     0
|      EXTRA_PTS, trim_phi:  num diheds BEFORE trim =  4505     0
|      EXTRA_PTS, trim_phi:  num diheds AFTER  trim =  4505     0

--------------------------------------------------------------------------------
   3.  ATOMIC COORDINATES AND VELOCITIES
--------------------------------------------------------------------------------

default_name                                                                    
 begin time read from input coords =   800.000 ps

 
 Number of triangulated 3-point waters found:     4447

     Sum of charges from parm topology file =   0.00002436
     Forcing neutrality...

| Dynamic Memory, Types Used:
| Reals              996413
| Integers          1467781

| Nonbonded Pairs Initial Allocation:     6019554

| GPU memory information (estimate):
| KB of GPU memory in use:         0
| KB of CPU memory in use:         0

--------------------------------------------------------------------------------
   4.  RESULTS
--------------------------------------------------------------------------------

wrapping first mol.:       19.41868       27.46215       47.56584
wrapping first mol.:       19.41868       27.46215       47.56584

 NSTEP =      500   TIME(PS) =     801.000  TEMP(K) =   298.96  PRESS =   -19.8
 Etot   =    -49975.8449  EKtot   =      9495.1855  EPtot      =    -59471.0305
 BOND   =       404.4778  ANGLE   =      1056.6672  DIHED      =       695.7688
 1-4 NB =       448.7610  1-4 EEL =      5764.7156  VDWAALS    =      6553.9165
 EELEC  =    -74527.7846  EHBOND  =         0.0000  RESTRAINT  =       132.4472
 EAMBER (non-restraint)  =    -59603.4777
 EKCMT  =      3907.6642  VIRIAL  =      3972.7574  VOLUME     =    152195.3278
                                                    Density    =         1.0377
 ------------------------------------------------------------------------------

wrapping first mol.:       19.41336       27.45463       47.55281
wrapping first mol.:       19.41336       27.45463       47.55281

 NSTEP =     1000   TIME(PS) =     802.000  TEMP(K) =   300.71  PRESS =  -193.6
 Etot   =    -50063.9182  EKtot   =      9550.7656  EPtot      =    -59614.6838
 BOND   =       404.8825  ANGLE   =      1035.7430  DIHED      =       700.7371
 1-4 NB =       451.1846  1-4 EEL =      5752.4320  VDWAALS    =      6535.1698
 EELEC  =    -74621.2378  EHBOND  =         0.0000  RESTRAINT  =       126.4049
 EAMBER (non-restraint)  =    -59741.0887
 EKCMT  =      4048.7055  VIRIAL  =      4684.3651  VOLUME     =    152072.6424
                                                    Density    =         1.0386
 ------------------------------------------------------------------------------

wrapping first mol.:       19.41943       27.46321       47.56768
wrapping first mol.:       19.41943       27.46321       47.56768

 NSTEP =     1500   TIME(PS) =     803.000  TEMP(K) =   299.29  PRESS =  -104.0
 Etot   =    -50269.5735  EKtot   =      9505.5859  EPtot      =    -59775.1594
 BOND   =       405.9158  ANGLE   =      1009.5023  DIHED      =       707.7929
 1-4 NB =       443.2987  1-4 EEL =      5719.6272  VDWAALS    =      6504.6741
 EELEC  =    -74701.5141  EHBOND  =         0.0000  RESTRAINT  =       135.5437
 EAMBER (non-restraint)  =    -59910.7031
 EKCMT  =      4020.3392  VIRIAL  =      4362.1881  VOLUME     =    152214.1040
                                                    Density    =         1.0376
 ------------------------------------------------------------------------------

wrapping first mol.:       19.41992       27.46391       47.56889
wrapping first mol.:       19.41992       27.46391       47.56889

 NSTEP =     2000   TIME(PS) =     804.000  TEMP(K) =   298.65  PRESS =   -40.6
 Etot   =    -50116.1440  EKtot   =      9485.1133  EPtot      =    -59601.2573
 BOND   =       406.6742  ANGLE   =      1034.2989  DIHED      =       720.5976
 1-4 NB =       438.9169  1-4 EEL =      5698.6294  VDWAALS    =      6619.9738
 EELEC  =    -74653.7816  EHBOND  =         0.0000  RESTRAINT  =       133.4336
 EAMBER (non-restraint)  =    -59734.6909
 EKCMT  =      3983.6421  VIRIAL  =      4116.9228  VOLUME     =    152224.8498
                                                    Density    =         1.0375
 ------------------------------------------------------------------------------

wrapping first mol.:       19.42080       27.46515       47.57104
wrapping first mol.:       19.42080       27.46515       47.57104

 NSTEP =     2500   TIME(PS) =     805.000  TEMP(K) =   302.08  PRESS =   312.9
 Etot   =    -50056.2839  EKtot   =      9594.2510  EPtot      =    -59650.5349
 BOND   =       423.5184  ANGLE   =      1031.5911  DIHED      =       700.7063
 1-4 NB =       435.0462  1-4 EEL =      5702.0849  VDWAALS    =      6759.2613
 EELEC  =    -74818.5599  EHBOND  =         0.0000  RESTRAINT  =       115.8170
 EAMBER (non-restraint)  =    -59766.3519
 EKCMT  =      3995.6133  VIRIAL  =      2967.1339  VOLUME     =    152240.7126
                                                    Density    =         1.0374
 ------------------------------------------------------------------------------

wrapping first mol.:       19.41434       27.45603       47.55523
wrapping first mol.:       19.41434       27.45603       47.55523

 NSTEP =     3000   TIME(PS) =     806.000  TEMP(K) =   303.03  PRESS =    83.5
 Etot   =    -50082.5478  EKtot   =      9624.4424  EPtot      =    -59706.9902
 BOND   =       382.6511  ANGLE   =      1061.9769  DIHED      =       699.3402
 1-4 NB =       451.2492  1-4 EEL =      5757.5195  VDWAALS    =      6709.1712
 EELEC  =    -74896.5257  EHBOND  =         0.0000  RESTRAINT  =       127.6274
 EAMBER (non-restraint)  =    -59834.6176
 EKCMT  =      4080.3510  VIRIAL  =      3806.1882  VOLUME     =    152092.0921
                                                    Density    =         1.0384
 ------------------------------------------------------------------------------

wrapping first mol.:       19.40686       27.44545       47.53691
wrapping first mol.:       19.40686       27.44545       47.53691

 NSTEP =     3500   TIME(PS) =     807.000  TEMP(K) =   300.05  PRESS =    10.1
 Etot   =    -50190.7898  EKtot   =      9529.6670  EPtot      =    -59720.4568
 BOND   =       387.8142  ANGLE   =      1032.9360  DIHED      =       719.7107
 1-4 NB =       454.5151  1-4 EEL =      5740.1409  VDWAALS    =      6658.6100
 EELEC  =    -74844.4859  EHBOND  =         0.0000  RESTRAINT  =       130.3023
 EAMBER (non-restraint)  =    -59850.7590
 EKCMT  =      3982.7910  VIRIAL  =      3949.8205  VOLUME     =    151917.3899
                                                    Density    =         1.0396
 ------------------------------------------------------------------------------

wrapping first mol.:       19.40778       27.44675       47.53916
wrapping first mol.:       19.40778       27.44675       47.53916

 NSTEP =     4000   TIME(PS) =     808.000  TEMP(K) =   298.26  PRESS =   100.1
 Etot   =    -50042.3232  EKtot   =      9472.8994  EPtot      =    -59515.2226
 BOND   =       432.2718  ANGLE   =      1008.8402  DIHED      =       706.1759
 1-4 NB =       450.9170  1-4 EEL =      5748.0607  VDWAALS    =      6612.2890
 EELEC  =    -74601.0898  EHBOND  =         0.0000  RESTRAINT  =       127.3125
 EAMBER (non-restraint)  =    -59642.5351
 EKCMT  =      4024.3825  VIRIAL  =      3695.9945  VOLUME     =    151937.7668
                                                    Density    =         1.0395
 ------------------------------------------------------------------------------

wrapping first mol.:       19.42428       27.47007       47.57956
wrapping first mol.:       19.42428       27.47007       47.57956

 NSTEP =     4500   TIME(PS) =     809.000  TEMP(K) =   300.77  PRESS =    32.2
 Etot   =    -49955.9345  EKtot   =      9552.4912  EPtot      =    -59508.4257
 BOND   =       380.2730  ANGLE   =       992.9262  DIHED      =       684.6200
 1-4 NB =       472.0512  1-4 EEL =      5799.7863  VDWAALS    =      6654.8277
 EELEC  =    -74623.2110  EHBOND  =         0.0000  RESTRAINT  =       130.3010
 EAMBER (non-restraint)  =    -59638.7267
 EKCMT  =      3965.3629  VIRIAL  =      3859.4261  VOLUME     =    152326.3574
                                                    Density    =         1.0368
 ------------------------------------------------------------------------------

wrapping first mol.:       19.43498       27.48521       47.60577
wrapping first mol.:       19.43498       27.48521       47.60577

 NSTEP =     5000   TIME(PS) =     810.000  TEMP(K) =   297.37  PRESS =  -161.8
 Etot   =    -50008.5067  EKtot   =      9444.4453  EPtot      =    -59452.9520
 BOND   =       380.1549  ANGLE   =      1057.6009  DIHED      =       720.2987
 1-4 NB =       458.0883  1-4 EEL =      5724.5776  VDWAALS    =      6524.3998
 EELEC  =    -74447.1337  EHBOND  =         0.0000  RESTRAINT  =       129.0617
 EAMBER (non-restraint)  =    -59582.0137
 EKCMT  =      3932.6757  VIRIAL  =      4465.5984  VOLUME     =    152580.8570
                                                    Density    =         1.0351
 ------------------------------------------------------------------------------

wrapping first mol.:       19.43529       27.48565       47.60653
wrapping first mol.:       19.43529       27.48565       47.60653

 NSTEP =     5500   TIME(PS) =     811.000  TEMP(K) =   299.46  PRESS =  -248.1
 Etot   =    -49928.9825  EKtot   =      9510.9805  EPtot      =    -59439.9630
 BOND   =       430.4273  ANGLE   =      1008.0671  DIHED      =       719.6327
 1-4 NB =       458.6173  1-4 EEL =      5754.4823  VDWAALS    =      6543.4221
 EELEC  =    -74499.0485  EHBOND  =         0.0000  RESTRAINT  =       144.4367
 EAMBER (non-restraint)  =    -59584.3997
 EKCMT  =      3923.0528  VIRIAL  =      4740.5653  VOLUME     =    152589.3781
                                                    Density    =         1.0350
 ------------------------------------------------------------------------------

wrapping first mol.:       19.44162       27.49460       47.62204
wrapping first mol.:       19.44162       27.49460       47.62204

 NSTEP =     6000   TIME(PS) =     812.000  TEMP(K) =   300.60  PRESS =   429.2
 Etot   =    -49905.1113  EKtot   =      9547.2520  EPtot      =    -59452.3632
 BOND   =       428.2104  ANGLE   =       995.2365  DIHED      =       701.7087
 1-4 NB =       462.2708  1-4 EEL =      5773.9065  VDWAALS    =      6761.0424
 EELEC  =    -74687.8354  EHBOND  =         0.0000  RESTRAINT  =       113.0969
 EAMBER (non-restraint)  =    -59565.4601
 EKCMT  =      4051.0558  VIRIAL  =      2635.6575  VOLUME     =    152729.2702
                                                    Density    =         1.0341
 ------------------------------------------------------------------------------

wrapping first mol.:       19.43611       27.48681       47.60854
wrapping first mol.:       19.43611       27.48681       47.60854

 NSTEP =     6500   TIME(PS) =     813.000  TEMP(K) =   298.49  PRESS =  -250.4
 Etot   =    -50174.9649  EKtot   =      9480.0576  EPtot      =    -59655.0225
 BOND   =       383.6149  ANGLE   =      1042.9016  DIHED      =       699.6024
 1-4 NB =       447.4027  1-4 EEL =      5729.0862  VDWAALS    =      6551.8374
 EELEC  =    -74632.3029  EHBOND  =         0.0000  RESTRAINT  =       122.8352
 EAMBER (non-restraint)  =    -59777.8577
 EKCMT  =      3910.1307  VIRIAL  =      4735.2406  VOLUME     =    152608.7103
                                                    Density    =         1.0349
 ------------------------------------------------------------------------------

wrapping first mol.:       19.44474       27.49901       47.62967
wrapping first mol.:       19.44474       27.49901       47.62967

 NSTEP =     7000   TIME(PS) =     814.000  TEMP(K) =   301.94  PRESS =    52.1
 Etot   =    -49816.8055  EKtot   =      9589.8594  EPtot      =    -59406.6649
 BOND   =       411.4255  ANGLE   =      1033.8784  DIHED      =       690.5595
 1-4 NB =       466.0460  1-4 EEL =      5755.3499  VDWAALS    =      6608.8680
 EELEC  =    -74491.5398  EHBOND  =         0.0000  RESTRAINT  =       118.7476
 EAMBER (non-restraint)  =    -59525.4125
 EKCMT  =      3900.4989  VIRIAL  =      3728.6670  VOLUME     =    152807.9083
                                                    Density    =         1.0336
 ------------------------------------------------------------------------------

wrapping first mol.:       19.43084       27.47936       47.59564
wrapping first mol.:       19.43084       27.47936       47.59564

 NSTEP =     7500   TIME(PS) =     815.000  TEMP(K) =   299.37  PRESS =  -256.9
 Etot   =    -50183.9579  EKtot   =      9508.0801  EPtot      =    -59692.0380
 BOND   =       393.8166  ANGLE   =       957.7345  DIHED      =       683.9839
 1-4 NB =       450.1155  1-4 EEL =      5734.2961  VDWAALS    =      6565.0925
 EELEC  =    -74590.3504  EHBOND  =         0.0000  RESTRAINT  =       113.2733
 EAMBER (non-restraint)  =    -59805.3113
 EKCMT  =      3972.5593  VIRIAL  =      4818.3868  VOLUME     =    152484.7631
                                                    Density    =         1.0358
 ------------------------------------------------------------------------------

wrapping first mol.:       19.43377       27.48350       47.60281
wrapping first mol.:       19.43377       27.48350       47.60281

 NSTEP =     8000   TIME(PS) =     816.000  TEMP(K) =   300.99  PRESS =   -67.5
 Etot   =    -50010.0163  EKtot   =      9559.4229  EPtot      =    -59569.4391
 BOND   =       405.5845  ANGLE   =      1022.2101  DIHED      =       699.2343
 1-4 NB =       446.6079  1-4 EEL =      5724.0521  VDWAALS    =      6388.9898
 EELEC  =    -74383.0782  EHBOND  =         0.0000  RESTRAINT  =       126.9604
 EAMBER (non-restraint)  =    -59696.3995
 EKCMT  =      3949.6820  VIRIAL  =      4172.1508  VOLUME     =    152551.1467
                                                    Density    =         1.0353
 ------------------------------------------------------------------------------

wrapping first mol.:       19.42662       27.47339       47.58531
wrapping first mol.:       19.42662       27.47339       47.58531

 NSTEP =     8500   TIME(PS) =     817.000  TEMP(K) =   303.42  PRESS =  -319.7
 Etot   =    -50111.5738  EKtot   =      9636.6494  EPtot      =    -59748.2232
 BOND   =       395.6309  ANGLE   =       991.5336  DIHED      =       688.0971
 1-4 NB =       445.4902  1-4 EEL =      5712.5527  VDWAALS    =      6503.1654
 EELEC  =    -74613.9209  EHBOND  =         0.0000  RESTRAINT  =       129.2278
 EAMBER (non-restraint)  =    -59877.4510
 EKCMT  =      4064.7177  VIRIAL  =      5116.5327  VOLUME     =    152386.3148
                                                    Density    =         1.0364
 ------------------------------------------------------------------------------

wrapping first mol.:       19.42743       27.47454       47.58729
wrapping first mol.:       19.42743       27.47454       47.58729

 NSTEP =     9000   TIME(PS) =     818.000  TEMP(K) =   301.44  PRESS =   156.7
 Etot   =    -49896.7605  EKtot   =      9573.7617  EPtot      =    -59470.5222
 BOND   =       386.6034  ANGLE   =      1045.4339  DIHED      =       707.6488
 1-4 NB =       442.5697  1-4 EEL =      5741.4758  VDWAALS    =      6503.1173
 EELEC  =    -74415.1013  EHBOND  =         0.0000  RESTRAINT  =       117.7302
 EAMBER (non-restraint)  =    -59588.2524
 EKCMT  =      4034.4623  VIRIAL  =      3518.9061  VOLUME     =    152398.9369
                                                    Density    =         1.0363
 ------------------------------------------------------------------------------

wrapping first mol.:       19.41295       27.45405       47.55181
wrapping first mol.:       19.41295       27.45405       47.55181

 NSTEP =     9500   TIME(PS) =     819.000  TEMP(K) =   300.82  PRESS =    61.5
 Etot   =    -50004.3754  EKtot   =      9554.1309  EPtot      =    -59558.5063
 BOND   =       403.6707  ANGLE   =       995.5541  DIHED      =       708.3762
 1-4 NB =       441.4572  1-4 EEL =      5768.5246  VDWAALS    =      6682.9368
 EELEC  =    -74684.3274  EHBOND  =         0.0000  RESTRAINT  =       125.3015
 EAMBER (non-restraint)  =    -59683.8078
 EKCMT  =      3987.1658  VIRIAL  =      3785.2491  VOLUME     =    152059.5620
                                                    Density    =         1.0387
 ------------------------------------------------------------------------------

wrapping first mol.:       19.43242       27.48160       47.59952
wrapping first mol.:       19.43242       27.48160       47.59952

 NSTEP =    10000   TIME(PS) =     820.000  TEMP(K) =   301.87  PRESS =    22.8
 Etot   =    -49905.9211  EKtot   =      9587.5938  EPtot      =    -59493.5149
 BOND   =       422.1867  ANGLE   =      1007.1470  DIHED      =       695.9052
 1-4 NB =       458.2122  1-4 EEL =      5750.4988  VDWAALS    =      6681.5119
 EELEC  =    -74637.9751  EHBOND  =         0.0000  RESTRAINT  =       128.9985
 EAMBER (non-restraint)  =    -59622.5134
 EKCMT  =      3999.9734  VIRIAL  =      3924.9143  VOLUME     =    152518.2333
                                                    Density    =         1.0355
 ------------------------------------------------------------------------------

wrapping first mol.:       19.43515       27.48546       47.60620
wrapping first mol.:       19.43515       27.48546       47.60620

 NSTEP =    10500   TIME(PS) =     821.000  TEMP(K) =   300.71  PRESS =  -331.5
 Etot   =    -49987.2825  EKtot   =      9550.6758  EPtot      =    -59537.9583
 BOND   =       402.7408  ANGLE   =       981.4931  DIHED      =       678.0696
 1-4 NB =       451.2442  1-4 EEL =      5760.3904  VDWAALS    =      6486.4323
 EELEC  =    -74428.7554  EHBOND  =         0.0000  RESTRAINT  =       130.4266
 EAMBER (non-restraint)  =    -59668.3849
 EKCMT  =      4017.8266  VIRIAL  =      5109.8085  VOLUME     =    152587.3074
                                                    Density    =         1.0351
 ------------------------------------------------------------------------------

wrapping first mol.:       19.42086       27.46524       47.57119
wrapping first mol.:       19.42086       27.46524       47.57119

 NSTEP =    11000   TIME(PS) =     822.000  TEMP(K) =   300.92  PRESS =  -149.9
 Etot   =    -49991.7878  EKtot   =      9557.3691  EPtot      =    -59549.1569
 BOND   =       402.4841  ANGLE   =       983.6651  DIHED      =       683.0367
 1-4 NB =       451.9779  1-4 EEL =      5706.2206  VDWAALS    =      6489.7996
 EELEC  =    -74387.5021  EHBOND  =         0.0000  RESTRAINT  =       121.1611
 EAMBER (non-restraint)  =    -59670.3180
 EKCMT  =      4045.4109  VIRIAL  =      4538.2583  VOLUME     =    152248.4321
                                                    Density    =         1.0374
 ------------------------------------------------------------------------------

wrapping first mol.:       19.41852       27.46193       47.56545
wrapping first mol.:       19.41852       27.46193       47.56545

 NSTEP =    11500   TIME(PS) =     823.000  TEMP(K) =   297.02  PRESS =  -104.8
 Etot   =    -50260.9961  EKtot   =      9433.3057  EPtot      =    -59694.3018
 BOND   =       403.8240  ANGLE   =       974.8758  DIHED      =       694.9719
 1-4 NB =       451.7374  1-4 EEL =      5761.2692  VDWAALS    =      6524.2684
 EELEC  =    -74634.1214  EHBOND  =         0.0000  RESTRAINT  =       128.8728
 EAMBER (non-restraint)  =    -59823.1746
 EKCMT  =      3995.5017  VIRIAL  =      4339.8610  VOLUME     =    152192.7160
                                                    Density    =         1.0377
 ------------------------------------------------------------------------------

wrapping first mol.:       19.42597       27.47248       47.58372
wrapping first mol.:       19.42597       27.47248       47.58372

 NSTEP =    12000   TIME(PS) =     824.000  TEMP(K) =   296.46  PRESS =   261.6
 Etot   =    -50042.6423  EKtot   =      9415.5518  EPtot      =    -59458.1940
 BOND   =       389.5075  ANGLE   =      1045.0057  DIHED      =       717.2696
 1-4 NB =       451.4928  1-4 EEL =      5743.6237  VDWAALS    =      6458.9692
 EELEC  =    -74383.9131  EHBOND  =         0.0000  RESTRAINT  =       119.8506
 EAMBER (non-restraint)  =    -59578.0446
 EKCMT  =      3973.8682  VIRIAL  =      3113.3210  VOLUME     =    152363.1833
                                                    Density    =         1.0366
 ------------------------------------------------------------------------------

wrapping first mol.:       19.40714       27.44584       47.53758
wrapping first mol.:       19.40714       27.44584       47.53758

 NSTEP =    12500   TIME(PS) =     825.000  TEMP(K) =   297.39  PRESS =   218.0
 Etot   =    -50235.4740  EKtot   =      9445.2500  EPtot      =    -59680.7240
 BOND   =       393.1453  ANGLE   =      1021.7250  DIHED      =       711.3024
 1-4 NB =       448.9451  1-4 EEL =      5742.4471  VDWAALS    =      6690.1339
 EELEC  =    -74811.0737  EHBOND  =         0.0000  RESTRAINT  =       122.6508
 EAMBER (non-restraint)  =    -59803.3749
 EKCMT  =      3959.9473  VIRIAL  =      3245.0150  VOLUME     =    151920.9828
                                                    Density    =         1.0396
 ------------------------------------------------------------------------------

wrapping first mol.:       19.40290       27.43984       47.52719
wrapping first mol.:       19.40290       27.43984       47.52719

 NSTEP =    13000   TIME(PS) =     826.000  TEMP(K) =   303.26  PRESS =    -3.9
 Etot   =    -49873.6547  EKtot   =      9631.7539  EPtot      =    -59505.4086
 BOND   =       404.7115  ANGLE   =       986.9641  DIHED      =       707.4760
 1-4 NB =       473.5098  1-4 EEL =      5780.7957  VDWAALS    =      6481.4190
 EELEC  =    -74466.7589  EHBOND  =         0.0000  RESTRAINT  =       126.4743
 EAMBER (non-restraint)  =    -59631.8828
 EKCMT  =      4066.3423  VIRIAL  =      4079.0757  VOLUME     =    151824.4189
                                                    Density    =         1.0403
 ------------------------------------------------------------------------------

wrapping first mol.:       19.40999       27.44987       47.54456
wrapping first mol.:       19.40999       27.44987       47.54456

 NSTEP =    13500   TIME(PS) =     827.000  TEMP(K) =   300.45  PRESS =   121.1
 Etot   =    -49869.5673  EKtot   =      9542.5107  EPtot      =    -59412.0780
 BOND   =       395.3010  ANGLE   =      1014.0627  DIHED      =       713.8700
 1-4 NB =       447.8917  1-4 EEL =      5749.9762  VDWAALS    =      6475.9431
 EELEC  =    -74326.7063  EHBOND  =         0.0000  RESTRAINT  =       117.5836
 EAMBER (non-restraint)  =    -59529.6617
 EKCMT  =      4038.1983  VIRIAL  =      3640.7530  VOLUME     =    151989.2713
                                                    Density    =         1.0391
 ------------------------------------------------------------------------------

wrapping first mol.:       19.43250       27.48170       47.59970
wrapping first mol.:       19.43250       27.48170       47.59970

 NSTEP =    14000   TIME(PS) =     828.000  TEMP(K) =   303.69  PRESS =   284.2
 Etot   =    -49875.4390  EKtot   =      9645.3379  EPtot      =    -59520.7769
 BOND   =       423.1412  ANGLE   =      1024.9131  DIHED      =       697.4998
 1-4 NB =       439.2060  1-4 EEL =      5712.9864  VDWAALS    =      6702.3716
 EELEC  =    -74650.1083  EHBOND  =         0.0000  RESTRAINT  =       129.2133
 EAMBER (non-restraint)  =    -59649.9901
 EKCMT  =      4056.3848  VIRIAL  =      3120.3809  VOLUME     =    152516.4227
                                                    Density    =         1.0355
 ------------------------------------------------------------------------------

wrapping first mol.:       19.42694       27.47384       47.58607
wrapping first mol.:       19.42694       27.47384       47.58607

 NSTEP =    14500   TIME(PS) =     829.000  TEMP(K) =   301.14  PRESS =   -20.0
 Etot   =    -49868.7950  EKtot   =      9564.2578  EPtot      =    -59433.0528
 BOND   =       399.4203  ANGLE   =      1041.9310  DIHED      =       722.1254
 1-4 NB =       454.7328  1-4 EEL =      5761.6925  VDWAALS    =      6520.1118
 EELEC  =    -74459.6099  EHBOND  =         0.0000  RESTRAINT  =       126.5432
 EAMBER (non-restraint)  =    -59559.5960
 EKCMT  =      3998.4675  VIRIAL  =      4064.1226  VOLUME     =    152389.6294
                                                    Density    =         1.0364
 ------------------------------------------------------------------------------

wrapping first mol.:       19.40908       27.44858       47.54234
wrapping first mol.:       19.40908       27.44858       47.54234

 NSTEP =    15000   TIME(PS) =     830.000  TEMP(K) =   300.70  PRESS =   -24.1
 Etot   =    -50157.3505  EKtot   =      9550.2861  EPtot      =    -59707.6367
 BOND   =       399.9158  ANGLE   =      1007.1948  DIHED      =       706.1291
 1-4 NB =       455.8140  1-4 EEL =      5742.9201  VDWAALS    =      6769.7219
 EELEC  =    -74919.0595  EHBOND  =         0.0000  RESTRAINT  =       129.7271
 EAMBER (non-restraint)  =    -59837.3637
 EKCMT  =      3970.0593  VIRIAL  =      4049.2464  VOLUME     =    151969.8684
                                                    Density    =         1.0393
 ------------------------------------------------------------------------------

wrapping first mol.:       19.40970       27.44946       47.54386
wrapping first mol.:       19.40970       27.44946       47.54386

 NSTEP =    15500   TIME(PS) =     831.000  TEMP(K) =   299.72  PRESS =   336.7
 Etot   =    -50326.9018  EKtot   =      9519.1055  EPtot      =    -59846.0073
 BOND   =       386.8682  ANGLE   =       991.8571  DIHED      =       684.7541
 1-4 NB =       457.1129  1-4 EEL =      5767.0805  VDWAALS    =      6635.8995
 EELEC  =    -74897.3622  EHBOND  =         0.0000  RESTRAINT  =       127.7826
 EAMBER (non-restraint)  =    -59973.7899
 EKCMT  =      4010.2504  VIRIAL  =      2905.4739  VOLUME     =    151979.5989
                                                    Density    =         1.0392
 ------------------------------------------------------------------------------

wrapping first mol.:       19.42939       27.47731       47.59209
wrapping first mol.:       19.42939       27.47731       47.59209

 NSTEP =    16000   TIME(PS) =     832.000  TEMP(K) =   302.30  PRESS =   467.4
 Etot   =    -49978.2195  EKtot   =      9601.1152  EPtot      =    -59579.3347
 BOND   =       378.2250  ANGLE   =      1000.4829  DIHED      =       693.2505
 1-4 NB =       446.8362  1-4 EEL =      5774.0617  VDWAALS    =      6732.4750
 EELEC  =    -74725.8947  EHBOND  =         0.0000  RESTRAINT  =       121.2288
 EAMBER (non-restraint)  =    -59700.5635
 EKCMT  =      4018.9506  VIRIAL  =      2480.6435  VOLUME     =    152440.8009
                                                    Density    =         1.0361
 ------------------------------------------------------------------------------

wrapping first mol.:       19.43158       27.48041       47.59746
wrapping first mol.:       19.43158       27.48041       47.59746

 NSTEP =    16500   TIME(PS) =     833.000  TEMP(K) =   298.17  PRESS =   -23.7
 Etot   =    -50035.4652  EKtot   =      9469.8877  EPtot      =    -59505.3529
 BOND   =       384.7935  ANGLE   =       985.3273  DIHED      =       693.5530
 1-4 NB =       454.9593  1-4 EEL =      5758.0999  VDWAALS    =      6376.6765
 EELEC  =    -74302.3353  EHBOND  =         0.0000  RESTRAINT  =       143.5729
 EAMBER (non-restraint)  =    -59648.9258
 EKCMT  =      3971.3174  VIRIAL  =      4049.1961  VOLUME     =    152499.0599
                                                    Density    =         1.0357
 ------------------------------------------------------------------------------

wrapping first mol.:       19.42335       27.46876       47.57729
wrapping first mol.:       19.42335       27.46876       47.57729

 NSTEP =    17000   TIME(PS) =     834.000  TEMP(K) =   302.70  PRESS =  -271.7
 Etot   =    -49960.3615  EKtot   =      9613.8584  EPtot      =    -59574.2199
 BOND   =       386.5897  ANGLE   =      1050.0505  DIHED      =       718.2669
 1-4 NB =       459.1033  1-4 EEL =      5763.6937  VDWAALS    =      6622.7249
 EELEC  =    -74712.7435  EHBOND  =         0.0000  RESTRAINT  =       138.0945
 EAMBER (non-restraint)  =    -59712.3143
 EKCMT  =      3992.3884  VIRIAL  =      4885.9964  VOLUME     =    152308.6700
                                                    Density    =         1.0370
 ------------------------------------------------------------------------------

wrapping first mol.:       19.42968       27.47772       47.59280
wrapping first mol.:       19.42968       27.47772       47.59280

 NSTEP =    17500   TIME(PS) =     835.000  TEMP(K) =   301.28  PRESS =  -131.6
 Etot   =    -50074.5606  EKtot   =      9568.6729  EPtot      =    -59643.2335
 BOND   =       416.6370  ANGLE   =      1040.4490  DIHED      =       676.3986
 1-4 NB =       446.7902  1-4 EEL =      5762.1960  VDWAALS    =      6588.0714
 EELEC  =    -74696.5753  EHBOND  =         0.0000  RESTRAINT  =       122.7996
 EAMBER (non-restraint)  =    -59766.0330
 EKCMT  =      4050.7365  VIRIAL  =      4483.8509  VOLUME     =    152455.7792
                                                    Density    =         1.0360
 ------------------------------------------------------------------------------

wrapping first mol.:       19.43056       27.47896       47.59495
wrapping first mol.:       19.43056       27.47896       47.59495

 NSTEP =    18000   TIME(PS) =     836.000  TEMP(K) =   298.33  PRESS =   382.8
 Etot   =    -50223.3355  EKtot   =      9474.9268  EPtot      =    -59698.2623
 BOND   =       401.4195  ANGLE   =      1081.5884  DIHED      =       713.9825
 1-4 NB =       457.3505  1-4 EEL =      5733.2349  VDWAALS    =      6805.1315
 EELEC  =    -75023.4217  EHBOND  =         0.0000  RESTRAINT  =       132.4521
 EAMBER (non-restraint)  =    -59830.7144
 EKCMT  =      3963.7568  VIRIAL  =      2703.5607  VOLUME     =    152469.4303
                                                    Density    =         1.0359
 ------------------------------------------------------------------------------

wrapping first mol.:       19.42125       27.46580       47.57216
wrapping first mol.:       19.42125       27.46580       47.57216

 NSTEP =    18500   TIME(PS) =     837.000  TEMP(K) =   296.20  PRESS =   376.9
 Etot   =    -50217.9597  EKtot   =      9407.4883  EPtot      =    -59625.4480
 BOND   =       420.3561  ANGLE   =       995.4946  DIHED      =       703.2134
 1-4 NB =       449.3411  1-4 EEL =      5740.6263  VDWAALS    =      6695.4712
 EELEC  =    -74752.2274  EHBOND  =         0.0000  RESTRAINT  =       122.2766
 EAMBER (non-restraint)  =    -59747.7246
 EKCMT  =      3962.4356  VIRIAL  =      2723.5263  VOLUME     =    152250.5650
                                                    Density    =         1.0373
 ------------------------------------------------------------------------------

wrapping first mol.:       19.40636       27.44474       47.53568
wrapping first mol.:       19.40636       27.44474       47.53568

 NSTEP =    19000   TIME(PS) =     838.000  TEMP(K) =   299.34  PRESS =  -150.6
 Etot   =    -49987.3558  EKtot   =      9507.2285  EPtot      =    -59494.5843
 BOND   =       423.9623  ANGLE   =      1036.3871  DIHED      =       709.5838
 1-4 NB =       449.4325  1-4 EEL =      5768.8747  VDWAALS    =      6392.7462
 EELEC  =    -74406.1916  EHBOND  =         0.0000  RESTRAINT  =       130.6207
 EAMBER (non-restraint)  =    -59625.2050
 EKCMT  =      3970.6497  VIRIAL  =      4464.4437  VOLUME     =    151907.7920
                                                    Density    =         1.0397
 ------------------------------------------------------------------------------

wrapping first mol.:       19.40363       27.44087       47.52898
wrapping first mol.:       19.40363       27.44087       47.52898

 NSTEP =    19500   TIME(PS) =     839.000  TEMP(K) =   304.83  PRESS =   182.7
 Etot   =    -49749.9033  EKtot   =      9681.3838  EPtot      =    -59431.2871
 BOND   =       398.7017  ANGLE   =      1051.1055  DIHED      =       698.7104
 1-4 NB =       441.3016  1-4 EEL =      5757.1529  VDWAALS    =      6569.6144
 EELEC  =    -74475.2670  EHBOND  =         0.0000  RESTRAINT  =       127.3934
 EAMBER (non-restraint)  =    -59558.6805
 EKCMT  =      4089.3406  VIRIAL  =      3490.2471  VOLUME     =    151839.0183
                                                    Density    =         1.0402
 ------------------------------------------------------------------------------

wrapping first mol.:       19.39315       27.42605       47.50331
wrapping first mol.:       19.39315       27.42605       47.50331

 NSTEP =    20000   TIME(PS) =     840.000  TEMP(K) =   297.79  PRESS =   -59.8
 Etot   =    -50113.0144  EKtot   =      9457.7715  EPtot      =    -59570.7859
 BOND   =       407.7499  ANGLE   =      1059.2612  DIHED      =       704.9527
 1-4 NB =       444.0501  1-4 EEL =      5744.0219  VDWAALS    =      6528.5697
 EELEC  =    -74594.4344  EHBOND  =         0.0000  RESTRAINT  =       135.0431
 EAMBER (non-restraint)  =    -59705.8290
 EKCMT  =      3953.8695  VIRIAL  =      4149.4966  VOLUME     =    151596.4190
                                                    Density    =         1.0418
 ------------------------------------------------------------------------------

wrapping first mol.:       19.40724       27.44598       47.53783
wrapping first mol.:       19.40724       27.44598       47.53783

 NSTEP =    20500   TIME(PS) =     841.000  TEMP(K) =   298.82  PRESS =    85.7
 Etot   =    -50100.2993  EKtot   =      9490.5322  EPtot      =    -59590.8315
 BOND   =       390.8798  ANGLE   =      1031.3494  DIHED      =       698.2773
 1-4 NB =       435.3241  1-4 EEL =      5788.9430  VDWAALS    =      6468.1913
 EELEC  =    -74521.7479  EHBOND  =         0.0000  RESTRAINT  =       117.9515
 EAMBER (non-restraint)  =    -59708.7830
 EKCMT  =      3978.9571  VIRIAL  =      3697.9101  VOLUME     =    151925.1768
                                                    Density    =         1.0396
 ------------------------------------------------------------------------------

wrapping first mol.:       19.40466       27.44233       47.53150
wrapping first mol.:       19.40466       27.44233       47.53150

 NSTEP =    21000   TIME(PS) =     842.000  TEMP(K) =   297.73  PRESS =  -201.9
 Etot   =    -50070.0691  EKtot   =      9456.0264  EPtot      =    -59526.0955
 BOND   =       388.5295  ANGLE   =       981.7430  DIHED      =       702.9456
 1-4 NB =       452.4676  1-4 EEL =      5780.1037  VDWAALS    =      6483.4845
 EELEC  =    -74440.6686  EHBOND  =         0.0000  RESTRAINT  =       125.2992
 EAMBER (non-restraint)  =    -59651.3947
 EKCMT  =      3934.3949  VIRIAL  =      4596.3246  VOLUME     =    151868.4050
                                                    Density    =         1.0400
 ------------------------------------------------------------------------------

wrapping first mol.:       19.40078       27.43684       47.52200
wrapping first mol.:       19.40078       27.43684       47.52200

 NSTEP =    21500   TIME(PS) =     843.000  TEMP(K) =   300.78  PRESS =   222.1
 Etot   =    -49915.8151  EKtot   =      9552.8613  EPtot      =    -59468.6764
 BOND   =       398.6375  ANGLE   =       998.0004  DIHED      =       697.6806
 1-4 NB =       455.4312  1-4 EEL =      5739.0144  VDWAALS    =      6490.3286
 EELEC  =    -74375.0640  EHBOND  =         0.0000  RESTRAINT  =       127.2949
 EAMBER (non-restraint)  =    -59595.9713
 EKCMT  =      3994.9578  VIRIAL  =      3267.2004  VOLUME     =    151771.5833
                                                    Density    =         1.0406
 ------------------------------------------------------------------------------

wrapping first mol.:       19.41110       27.45144       47.54728
wrapping first mol.:       19.41110       27.45144       47.54728

 NSTEP =    22000   TIME(PS) =     844.000  TEMP(K) =   300.63  PRESS =  -162.3
 Etot   =    -49773.2137  EKtot   =      9548.2080  EPtot      =    -59321.4217
 BOND   =       390.4561  ANGLE   =      1008.6810  DIHED      =       703.5992
 1-4 NB =       459.4775  1-4 EEL =      5770.2717  VDWAALS    =      6437.5064
 EELEC  =    -74227.9138  EHBOND  =         0.0000  RESTRAINT  =       136.5002
 EAMBER (non-restraint)  =    -59457.9218
 EKCMT  =      3943.7073  VIRIAL  =      4476.4950  VOLUME     =    152019.1807
                                                    Density    =         1.0389
 ------------------------------------------------------------------------------

wrapping first mol.:       19.42452       27.47042       47.58015
wrapping first mol.:       19.42452       27.47042       47.58015

 NSTEP =    22500   TIME(PS) =     845.000  TEMP(K) =   301.76  PRESS =    97.2
 Etot   =    -49982.0005  EKtot   =      9583.9199  EPtot      =    -59565.9204
 BOND   =       383.6776  ANGLE   =       977.1493  DIHED      =       710.5578
 1-4 NB =       451.5727  1-4 EEL =      5775.2555  VDWAALS    =      6578.4410
 EELEC  =    -74575.1150  EHBOND  =         0.0000  RESTRAINT  =       132.5407
 EAMBER (non-restraint)  =    -59698.4612
 EKCMT  =      3991.2244  VIRIAL  =      3671.5771  VOLUME     =    152331.1434
                                                    Density    =         1.0368
 ------------------------------------------------------------------------------

wrapping first mol.:       19.40564       27.44371       47.53390
wrapping first mol.:       19.40564       27.44371       47.53390

 NSTEP =    23000   TIME(PS) =     846.000  TEMP(K) =   301.17  PRESS =   -21.0
 Etot   =    -50067.6922  EKtot   =      9565.3643  EPtot      =    -59633.0565
 BOND   =       391.6678  ANGLE   =       994.9661  DIHED      =       711.8510
 1-4 NB =       458.2794  1-4 EEL =      5789.4656  VDWAALS    =      6560.2132
 EELEC  =    -74669.8700  EHBOND  =         0.0000  RESTRAINT  =       130.3704
 EAMBER (non-restraint)  =    -59763.4269
 EKCMT  =      4014.6621  VIRIAL  =      4083.5843  VOLUME     =    151888.9562
                                                    Density    =         1.0398
 ------------------------------------------------------------------------------

wrapping first mol.:       19.42929       27.47716       47.59184
wrapping first mol.:       19.42929       27.47716       47.59184

 NSTEP =    23500   TIME(PS) =     847.000  TEMP(K) =   301.29  PRESS =   228.7
 Etot   =    -50238.5979  EKtot   =      9569.1064  EPtot      =    -59807.7043
 BOND   =       357.7331  ANGLE   =       979.7987  DIHED      =       700.6792
 1-4 NB =       457.2953  1-4 EEL =      5752.6534  VDWAALS    =      6761.1823
 EELEC  =    -74931.9771  EHBOND  =         0.0000  RESTRAINT  =       114.9309
 EAMBER (non-restraint)  =    -59922.6352
 EKCMT  =      3960.1729  VIRIAL  =      3207.5867  VOLUME     =    152441.6142
                                                    Density    =         1.0360
 ------------------------------------------------------------------------------

wrapping first mol.:       19.44815       27.50384       47.63805
wrapping first mol.:       19.44815       27.50384       47.63805

 NSTEP =    24000   TIME(PS) =     848.000  TEMP(K) =   298.18  PRESS =   168.7
 Etot   =    -49999.8965  EKtot   =      9470.2891  EPtot      =    -59470.1855
 BOND   =       391.2477  ANGLE   =      1019.0361  DIHED      =       711.4914
 1-4 NB =       449.9179  1-4 EEL =      5781.0639  VDWAALS    =      6692.5033
 EELEC  =    -74647.2638  EHBOND  =         0.0000  RESTRAINT  =       131.8180
 EAMBER (non-restraint)  =    -59602.0035
 EKCMT  =      3947.8025  VIRIAL  =      3391.0033  VOLUME     =    152886.9353
                                                    Density    =         1.0330
 ------------------------------------------------------------------------------

wrapping first mol.:       19.45102       27.50789       47.64507
wrapping first mol.:       19.45102       27.50789       47.64507

 NSTEP =    24500   TIME(PS) =     849.000  TEMP(K) =   299.76  PRESS =   -21.9
 Etot   =    -50242.6278  EKtot   =      9520.4443  EPtot      =    -59763.0721
 BOND   =       428.8795  ANGLE   =      1001.1181  DIHED      =       690.8370
 1-4 NB =       459.1126  1-4 EEL =      5758.1907  VDWAALS    =      6679.9668
 EELEC  =    -74906.3371  EHBOND  =         0.0000  RESTRAINT  =       125.1603
 EAMBER (non-restraint)  =    -59888.2324
 EKCMT  =      3965.5072  VIRIAL  =      4037.9513  VOLUME     =    152957.1046
                                                    Density    =         1.0326
 ------------------------------------------------------------------------------

wrapping first mol.:       19.44917       27.50528       47.64054
wrapping first mol.:       19.44917       27.50528       47.64054

 NSTEP =    25000   TIME(PS) =     850.000  TEMP(K) =   304.46  PRESS =    27.2
 Etot   =    -50113.6005  EKtot   =      9669.8340  EPtot      =    -59783.4345
 BOND   =       426.8413  ANGLE   =       996.3967  DIHED      =       712.4872
 1-4 NB =       467.4547  1-4 EEL =      5757.0555  VDWAALS    =      6870.5419
 EELEC  =    -75134.4086  EHBOND  =         0.0000  RESTRAINT  =       120.1969
 EAMBER (non-restraint)  =    -59903.6314
 EKCMT  =      4075.9848  VIRIAL  =      3986.0492  VOLUME     =    152912.8186
                                                    Density    =         1.0329
 ------------------------------------------------------------------------------

wrapping first mol.:       19.47240       27.53812       47.69743
wrapping first mol.:       19.47240       27.53812       47.69743

 NSTEP =    25500   TIME(PS) =     851.000  TEMP(K) =   302.97  PRESS =   190.1
 Etot   =    -49996.1770  EKtot   =      9622.4775  EPtot      =    -59618.6546
 BOND   =       397.0847  ANGLE   =      1047.6937  DIHED      =       706.7610
 1-4 NB =       462.5100  1-4 EEL =      5732.1565  VDWAALS    =      6718.2045
 EELEC  =    -74811.9805  EHBOND  =         0.0000  RESTRAINT  =       128.9154
 EAMBER (non-restraint)  =    -59747.5700
 EKCMT  =      4037.9129  VIRIAL  =      3407.9035  VOLUME     =    153459.0454
                                                    Density    =         1.0292
 ------------------------------------------------------------------------------

wrapping first mol.:       19.47147       27.53682       47.69516
wrapping first mol.:       19.47147       27.53682       47.69516

 NSTEP =    26000   TIME(PS) =     852.000  TEMP(K) =   301.11  PRESS =  -208.6
 Etot   =    -49985.0682  EKtot   =      9563.4023  EPtot      =    -59548.4706
 BOND   =       385.0647  ANGLE   =       971.4771  DIHED      =       685.6943
 1-4 NB =       454.3755  1-4 EEL =      5755.2054  VDWAALS    =      6761.7861
 EELEC  =    -74697.2344  EHBOND  =         0.0000  RESTRAINT  =       135.1608
 EAMBER (non-restraint)  =    -59683.6314
 EKCMT  =      3965.9724  VIRIAL  =      4657.0312  VOLUME     =    153442.6239
                                                    Density    =         1.0293
 ------------------------------------------------------------------------------

wrapping first mol.:       19.45467       27.51305       47.65400
wrapping first mol.:       19.45467       27.51305       47.65400

 NSTEP =    26500   TIME(PS) =     853.000  TEMP(K) =   295.05  PRESS =  -334.2
 Etot   =    -50150.0826  EKtot   =      9370.9951  EPtot      =    -59521.0777
 BOND   =       421.3119  ANGLE   =      1021.7520  DIHED      =       706.5620
 1-4 NB =       453.0088  1-4 EEL =      5758.8753  VDWAALS    =      6522.1569
 EELEC  =    -74529.2256  EHBOND  =         0.0000  RESTRAINT  =       124.4810
 EAMBER (non-restraint)  =    -59645.5587
 EKCMT  =      3917.4891  VIRIAL  =      5021.7666  VOLUME     =    153047.4519
                                                    Density    =         1.0319
 ------------------------------------------------------------------------------

wrapping first mol.:       19.44485       27.49917       47.62995
wrapping first mol.:       19.44485       27.49917       47.62995

 NSTEP =    27000   TIME(PS) =     854.000  TEMP(K) =   301.31  PRESS =   207.2
 Etot   =    -50040.7904  EKtot   =      9569.5557  EPtot      =    -59610.3461
 BOND   =       380.6143  ANGLE   =      1019.2040  DIHED      =       701.3279
 1-4 NB =       451.8466  1-4 EEL =      5695.0722  VDWAALS    =      6599.0526
 EELEC  =    -74592.1325  EHBOND  =         0.0000  RESTRAINT  =       134.6688
 EAMBER (non-restraint)  =    -59745.0148
 EKCMT  =      4043.9247  VIRIAL  =      3360.4024  VOLUME     =    152808.4409
                                                    Density    =         1.0336
 ------------------------------------------------------------------------------

wrapping first mol.:       19.42999       27.47815       47.59355
wrapping first mol.:       19.42999       27.47815       47.59355

 NSTEP =    27500   TIME(PS) =     855.000  TEMP(K) =   302.87  PRESS =   -44.4
 Etot   =    -49942.3661  EKtot   =      9619.2246  EPtot      =    -59561.5907
 BOND   =       374.5090  ANGLE   =      1031.7688  DIHED      =       718.4384
 1-4 NB =       449.7040  1-4 EEL =      5737.0285  VDWAALS    =      6660.6570
 EELEC  =    -74651.6900  EHBOND  =         0.0000  RESTRAINT  =       117.9935
 EAMBER (non-restraint)  =    -59679.5842
 EKCMT  =      4036.2935  VIRIAL  =      4182.5309  VOLUME     =    152461.7720
                                                    Density    =         1.0359
 ------------------------------------------------------------------------------

wrapping first mol.:       19.44448       27.49865       47.62906
wrapping first mol.:       19.44448       27.49865       47.62906

 NSTEP =    28000   TIME(PS) =     856.000  TEMP(K) =   303.60  PRESS =  -130.9
 Etot   =    -50002.7717  EKtot   =      9642.2871  EPtot      =    -59645.0588
 BOND   =       393.8971  ANGLE   =      1027.8513  DIHED      =       713.3942
 1-4 NB =       451.6683  1-4 EEL =      5759.1782  VDWAALS    =      6530.9224
 EELEC  =    -74636.3927  EHBOND  =         0.0000  RESTRAINT  =       114.4226
 EAMBER (non-restraint)  =    -59759.4814
 EKCMT  =      4051.1015  VIRIAL  =      4483.1278  VOLUME     =    152804.4488
                                                    Density    =         1.0336
 ------------------------------------------------------------------------------

wrapping first mol.:       19.45189       27.50912       47.64719
wrapping first mol.:       19.45189       27.50912       47.64719

 NSTEP =    28500   TIME(PS) =     857.000  TEMP(K) =   297.51  PRESS =    54.1
 Etot   =    -50401.5616  EKtot   =      9449.1562  EPtot      =    -59850.7178
 BOND   =       399.0937  ANGLE   =       970.4240  DIHED      =       705.0378
 1-4 NB =       458.8119  1-4 EEL =      5760.5473  VDWAALS    =      6809.0618
 EELEC  =    -75081.4743  EHBOND  =         0.0000  RESTRAINT  =       127.7800
 EAMBER (non-restraint)  =    -59978.4978
 EKCMT  =      3994.8841  VIRIAL  =      3816.0958  VOLUME     =    152976.5338
                                                    Density    =         1.0324
 ------------------------------------------------------------------------------

wrapping first mol.:       19.44817       27.50386       47.63809
wrapping first mol.:       19.44817       27.50386       47.63809

 NSTEP =    29000   TIME(PS) =     858.000  TEMP(K) =   300.15  PRESS =   498.5
 Etot   =    -50194.1568  EKtot   =      9532.8594  EPtot      =    -59727.0162
 BOND   =       408.1734  ANGLE   =      1017.0698  DIHED      =       699.4015
 1-4 NB =       430.0768  1-4 EEL =      5732.9777  VDWAALS    =      6856.9740
 EELEC  =    -74995.8184  EHBOND  =         0.0000  RESTRAINT  =       124.1289
 EAMBER (non-restraint)  =    -59851.1451
 EKCMT  =      3982.7824  VIRIAL  =      2337.1382  VOLUME     =    152882.7825
                                                    Density    =         1.0331
 ------------------------------------------------------------------------------

wrapping first mol.:       19.44480       27.49910       47.62983
wrapping first mol.:       19.44480       27.49910       47.62983

 NSTEP =    29500   TIME(PS) =     859.000  TEMP(K) =   299.75  PRESS =   304.2
 Etot   =    -50263.4079  EKtot   =      9520.2070  EPtot      =    -59783.6149
 BOND   =       373.9208  ANGLE   =      1029.8187  DIHED      =       705.3246
 1-4 NB =       440.4929  1-4 EEL =      5729.3375  VDWAALS    =      6789.7238
 EELEC  =    -74972.4502  EHBOND  =         0.0000  RESTRAINT  =       120.2168
 EAMBER (non-restraint)  =    -59903.8317
 EKCMT  =      3992.9411  VIRIAL  =      2989.4657  VOLUME     =    152805.9724
                                                    Density    =         1.0336
 ------------------------------------------------------------------------------

wrapping first mol.:       19.44396       27.49791       47.62778
wrapping first mol.:       19.44396       27.49791       47.62778

 NSTEP =    30000   TIME(PS) =     860.000  TEMP(K) =   299.84  PRESS =    69.4
 Etot   =    -50087.1993  EKtot   =      9523.0801  EPtot      =    -59610.2794
 BOND   =       416.6640  ANGLE   =      1023.7987  DIHED      =       689.8291
 1-4 NB =       454.6327  1-4 EEL =      5758.5259  VDWAALS    =      6742.5759
 EELEC  =    -74817.2523  EHBOND  =         0.0000  RESTRAINT  =       120.9464
 EAMBER (non-restraint)  =    -59731.2258
 EKCMT  =      3996.4644  VIRIAL  =      3767.4957  VOLUME     =    152789.3904
                                                    Density    =         1.0337
 ------------------------------------------------------------------------------

wrapping first mol.:       19.43858       27.49030       47.61460
wrapping first mol.:       19.43858       27.49030       47.61460

 NSTEP =    30500   TIME(PS) =     861.000  TEMP(K) =   298.67  PRESS =    87.4
 Etot   =    -50183.7616  EKtot   =      9485.7793  EPtot      =    -59669.5409
 BOND   =       436.3905  ANGLE   =      1047.2561  DIHED      =       699.9925
 1-4 NB =       450.8046  1-4 EEL =      5739.9224  VDWAALS    =      6709.4144
 EELEC  =    -74868.1388  EHBOND  =         0.0000  RESTRAINT  =       114.8174
 EAMBER (non-restraint)  =    -59784.3583
 EKCMT  =      3955.8944  VIRIAL  =      3667.9199  VOLUME     =    152662.3619
                                                    Density    =         1.0346
 ------------------------------------------------------------------------------

wrapping first mol.:       19.44062       27.49319       47.61960
wrapping first mol.:       19.44062       27.49319       47.61960

 NSTEP =    31000   TIME(PS) =     862.000  TEMP(K) =   299.77  PRESS =  -104.7
 Etot   =    -50206.7528  EKtot   =      9520.9229  EPtot      =    -59727.6756
 BOND   =       388.4607  ANGLE   =       994.2146  DIHED      =       693.2994
 1-4 NB =       457.5537  1-4 EEL =      5720.2535  VDWAALS    =      6609.1170
 EELEC  =    -74714.3074  EHBOND  =         0.0000  RESTRAINT  =       123.7329
 EAMBER (non-restraint)  =    -59851.4086
 EKCMT  =      4015.6173  VIRIAL  =      4360.9007  VOLUME     =    152713.0724
                                                    Density    =         1.0342
 ------------------------------------------------------------------------------

wrapping first mol.:       19.44356       27.49735       47.62680
wrapping first mol.:       19.44356       27.49735       47.62680

 NSTEP =    31500   TIME(PS) =     863.000  TEMP(K) =   302.29  PRESS =   128.6
 Etot   =    -50059.9877  EKtot   =      9600.7227  EPtot      =    -59660.7103
 BOND   =       374.1220  ANGLE   =       993.6187  DIHED      =       712.2812
 1-4 NB =       451.0083  1-4 EEL =      5749.1958  VDWAALS    =      6716.9628
 EELEC  =    -74777.8521  EHBOND  =         0.0000  RESTRAINT  =       119.9529
 EAMBER (non-restraint)  =    -59780.6632
 EKCMT  =      4030.8235  VIRIAL  =      3606.5907  VOLUME     =    152779.1928
                                                    Density    =         1.0338
 ------------------------------------------------------------------------------

wrapping first mol.:       19.44121       27.49402       47.62104
wrapping first mol.:       19.44121       27.49402       47.62104

 NSTEP =    32000   TIME(PS) =     864.000  TEMP(K) =   299.04  PRESS =    23.0
 Etot   =    -50138.1635  EKtot   =      9497.5957  EPtot      =    -59635.7592
 BOND   =       411.9494  ANGLE   =      1018.8654  DIHED      =       696.6605
 1-4 NB =       458.4677  1-4 EEL =      5715.3215  VDWAALS    =      6595.0808
 EELEC  =    -74660.3166  EHBOND  =         0.0000  RESTRAINT  =       128.2121
 EAMBER (non-restraint)  =    -59763.9713
 EKCMT  =      4010.1348  VIRIAL  =      3934.1840  VOLUME     =    152725.2321
                                                    Density    =         1.0341
 ------------------------------------------------------------------------------

wrapping first mol.:       19.44429       27.49837       47.62858
wrapping first mol.:       19.44429       27.49837       47.62858

 NSTEP =    32500   TIME(PS) =     865.000  TEMP(K) =   300.06  PRESS =    75.2
 Etot   =    -50120.3270  EKtot   =      9530.1387  EPtot      =    -59650.4657
 BOND   =       383.3481  ANGLE   =       984.5222  DIHED      =       693.7815
 1-4 NB =       478.8835  1-4 EEL =      5781.4236  VDWAALS    =      6654.8331
 EELEC  =    -74766.3797  EHBOND  =         0.0000  RESTRAINT  =       139.1220
 EAMBER (non-restraint)  =    -59789.5877
 EKCMT  =      4029.6571  VIRIAL  =      3781.4600  VOLUME     =    152797.0129
                                                    Density    =         1.0336
 ------------------------------------------------------------------------------

wrapping first mol.:       19.43044       27.47879       47.59466
wrapping first mol.:       19.43044       27.47879       47.59466

 NSTEP =    33000   TIME(PS) =     866.000  TEMP(K) =   299.92  PRESS =   172.9
 Etot   =    -50126.8514  EKtot   =      9525.4834  EPtot      =    -59652.3348
 BOND   =       403.6636  ANGLE   =      1031.1846  DIHED      =       719.8464
 1-4 NB =       438.4077  1-4 EEL =      5739.8442  VDWAALS    =      6629.2732
 EELEC  =    -74734.5373  EHBOND  =         0.0000  RESTRAINT  =       119.9827
 EAMBER (non-restraint)  =    -59772.3175
 EKCMT  =      3977.2992  VIRIAL  =      3408.2507  VOLUME     =    152469.5058
                                                    Density    =         1.0359
 ------------------------------------------------------------------------------

wrapping first mol.:       19.42582       27.47226       47.58334
wrapping first mol.:       19.42582       27.47226       47.58334

 NSTEP =    33500   TIME(PS) =     867.000  TEMP(K) =   297.38  PRESS =    90.9
 Etot   =    -50153.1988  EKtot   =      9444.7793  EPtot      =    -59597.9781
 BOND   =       381.7610  ANGLE   =      1039.2409  DIHED      =       699.6637
 1-4 NB =       451.2314  1-4 EEL =      5717.4659  VDWAALS    =      6712.5929
 EELEC  =    -74727.2976  EHBOND  =         0.0000  RESTRAINT  =       127.3637
 EAMBER (non-restraint)  =    -59725.3418
 EKCMT  =      3973.7973  VIRIAL  =      3674.7424  VOLUME     =    152361.8456
                                                    Density    =         1.0366
 ------------------------------------------------------------------------------

wrapping first mol.:       19.42684       27.47370       47.58584
wrapping first mol.:       19.42684       27.47370       47.58584

 NSTEP =    34000   TIME(PS) =     868.000  TEMP(K) =   302.54  PRESS =    49.8
 Etot   =    -50081.5932  EKtot   =      9608.8545  EPtot      =    -59690.4477
 BOND   =       381.8526  ANGLE   =      1040.1200  DIHED      =       697.1273
 1-4 NB =       454.5098  1-4 EEL =      5749.9542  VDWAALS    =      6631.3139
 EELEC  =    -74766.6613  EHBOND  =         0.0000  RESTRAINT  =       121.3357
 EAMBER (non-restraint)  =    -59811.7834
 EKCMT  =      4058.4546  VIRIAL  =      3894.6887  VOLUME     =    152386.4424
                                                    Density    =         1.0364
 ------------------------------------------------------------------------------

wrapping first mol.:       19.43158       27.48041       47.59746
wrapping first mol.:       19.43158       27.48041       47.59746

 NSTEP =    34500   TIME(PS) =     869.000  TEMP(K) =   300.43  PRESS =   347.7
 Etot   =    -50232.9141  EKtot   =      9541.8818  EPtot      =    -59774.7960
 BOND   =       374.8057  ANGLE   =      1018.2398  DIHED      =       706.6404
 1-4 NB =       452.4138  1-4 EEL =      5753.4763  VDWAALS    =      6577.9277
 EELEC  =    -74790.0030  EHBOND  =         0.0000  RESTRAINT  =       131.7033
 EAMBER (non-restraint)  =    -59906.4993
 EKCMT  =      4064.3561  VIRIAL  =      2919.6614  VOLUME     =    152494.0412
                                                    Density    =         1.0357
 ------------------------------------------------------------------------------

wrapping first mol.:       19.44083       27.49349       47.62011
wrapping first mol.:       19.44083       27.49349       47.62011

 NSTEP =    35000   TIME(PS) =     870.000  TEMP(K) =   296.44  PRESS =    75.8
 Etot   =    -50103.2731  EKtot   =      9415.0811  EPtot      =    -59518.3542
 BOND   =       359.1824  ANGLE   =      1025.8264  DIHED      =       717.2991
 1-4 NB =       440.6027  1-4 EEL =      5783.5022  VDWAALS    =      6593.7775
 EELEC  =    -74558.8877  EHBOND  =         0.0000  RESTRAINT  =       120.3432
 EAMBER (non-restraint)  =    -59638.6974
 EKCMT  =      3922.3074  VIRIAL  =      3672.5212  VOLUME     =    152715.5487
                                                    Density    =         1.0342
 ------------------------------------------------------------------------------

wrapping first mol.:       19.45320       27.51098       47.65042
wrapping first mol.:       19.45320       27.51098       47.65042

 NSTEP =    35500   TIME(PS) =     871.000  TEMP(K) =   300.78  PRESS =   127.8
 Etot   =    -50137.5878  EKtot   =      9552.8438  EPtot      =    -59690.4315
 BOND   =       374.3190  ANGLE   =      1022.7661  DIHED      =       702.8771
 1-4 NB =       435.0642  1-4 EEL =      5722.0857  VDWAALS    =      6567.2735
 EELEC  =    -74642.2875  EHBOND  =         0.0000  RESTRAINT  =       127.4703
 EAMBER (non-restraint)  =    -59817.9018
 EKCMT  =      4017.6215  VIRIAL  =      3595.3229  VOLUME     =    153006.6089
                                                    Density    =         1.0322
 ------------------------------------------------------------------------------

wrapping first mol.:       19.41399       27.45553       47.55436
wrapping first mol.:       19.41399       27.45553       47.55436

 NSTEP =    36000   TIME(PS) =     872.000  TEMP(K) =   295.71  PRESS =    35.1
 Etot   =    -50274.4976  EKtot   =      9391.6787  EPtot      =    -59666.1763
 BOND   =       400.9558  ANGLE   =      1008.4733  DIHED      =       708.5192
 1-4 NB =       450.8934  1-4 EEL =      5767.6990  VDWAALS    =      6562.6174
 EELEC  =    -74689.8646  EHBOND  =         0.0000  RESTRAINT  =       124.5302
 EAMBER (non-restraint)  =    -59790.7065
 EKCMT  =      3951.5801  VIRIAL  =      3836.2270  VOLUME     =    152084.4220
                                                    Density    =         1.0385
 ------------------------------------------------------------------------------

wrapping first mol.:       19.42623       27.47284       47.58435
wrapping first mol.:       19.42623       27.47284       47.58435

 NSTEP =    36500   TIME(PS) =     873.000  TEMP(K) =   303.08  PRESS =     3.1
 Etot   =    -49951.5730  EKtot   =      9625.9658  EPtot      =    -59577.5388
 BOND   =       405.7277  ANGLE   =      1047.6571  DIHED      =       684.3201
 1-4 NB =       456.0553  1-4 EEL =      5730.3767  VDWAALS    =      6530.5908
 EELEC  =    -74560.2216  EHBOND  =         0.0000  RESTRAINT  =       127.9552
 EAMBER (non-restraint)  =    -59705.4940
 EKCMT  =      4058.6495  VIRIAL  =      4048.3084  VOLUME     =    152372.7108
                                                    Density    =         1.0365
 ------------------------------------------------------------------------------

wrapping first mol.:       19.44873       27.50466       47.63946
wrapping first mol.:       19.44873       27.50466       47.63946

 NSTEP =    37000   TIME(PS) =     874.000  TEMP(K) =   303.68  PRESS =  -491.5
 Etot   =    -50012.3417  EKtot   =      9644.9697  EPtot      =    -59657.3114
 BOND   =       391.9618  ANGLE   =      1050.4643  DIHED      =       710.1466
 1-4 NB =       442.5666  1-4 EEL =      5800.0904  VDWAALS    =      6541.3950
 EELEC  =    -74718.4940  EHBOND  =         0.0000  RESTRAINT  =       124.5579
 EAMBER (non-restraint)  =    -59781.8693
 EKCMT  =      4054.5113  VIRIAL  =      5677.3517  VOLUME     =    152909.5112
                                                    Density    =         1.0329
 ------------------------------------------------------------------------------

wrapping first mol.:       19.44301       27.49656       47.62544
wrapping first mol.:       19.44301       27.49656       47.62544

 NSTEP =    37500   TIME(PS) =     875.000  TEMP(K) =   300.64  PRESS =   305.6
 Etot   =    -50172.6462  EKtot   =      9548.3027  EPtot      =    -59720.9489
 BOND   =       389.0456  ANGLE   =      1022.4428  DIHED      =       698.2698
 1-4 NB =       469.6183  1-4 EEL =      5754.0859  VDWAALS    =      6777.0260
 EELEC  =    -74971.0963  EHBOND  =         0.0000  RESTRAINT  =       139.6592
 EAMBER (non-restraint)  =    -59860.6081
 EKCMT  =      3978.8265  VIRIAL  =      2970.7699  VOLUME     =    152763.6753
                                                    Density    =         1.0339
 ------------------------------------------------------------------------------

wrapping first mol.:       19.45130       27.50828       47.64574
wrapping first mol.:       19.45130       27.50828       47.64574

 NSTEP =    38000   TIME(PS) =     876.000  TEMP(K) =   296.71  PRESS =   350.6
 Etot   =    -50200.4921  EKtot   =      9423.5469  EPtot      =    -59624.0389
 BOND   =       389.9057  ANGLE   =      1034.9359  DIHED      =       706.1183
 1-4 NB =       460.3280  1-4 EEL =      5761.6609  VDWAALS    =      6737.4759
 EELEC  =    -74832.5121  EHBOND  =         0.0000  RESTRAINT  =       118.0486
 EAMBER (non-restraint)  =    -59742.0875
 EKCMT  =      3997.1613  VIRIAL  =      2839.1601  VOLUME     =    152958.5348
                                                    Density    =         1.0325
 ------------------------------------------------------------------------------

wrapping first mol.:       19.46665       27.53001       47.68336
wrapping first mol.:       19.46665       27.53001       47.68336

 NSTEP =    38500   TIME(PS) =     877.000  TEMP(K) =   301.01  PRESS =    43.7
 Etot   =    -50056.6094  EKtot   =      9560.1533  EPtot      =    -59616.7627
 BOND   =       401.6841  ANGLE   =      1054.4623  DIHED      =       708.1073
 1-4 NB =       458.7406  1-4 EEL =      5731.3802  VDWAALS    =      6642.9973
 EELEC  =    -74742.8470  EHBOND  =         0.0000  RESTRAINT  =       128.7124
 EAMBER (non-restraint)  =    -59745.4751
 EKCMT  =      3924.4420  VIRIAL  =      3779.6619  VOLUME     =    153325.3472
                                                    Density    =         1.0301
 ------------------------------------------------------------------------------

wrapping first mol.:       19.47131       27.53659       47.69477
wrapping first mol.:       19.47131       27.53659       47.69477

 NSTEP =    39000   TIME(PS) =     878.000  TEMP(K) =   302.01  PRESS =   271.6
 Etot   =    -50054.4356  EKtot   =      9591.8447  EPtot      =    -59646.2803
 BOND   =       396.1170  ANGLE   =      1028.1722  DIHED      =       716.1540
 1-4 NB =       463.2874  1-4 EEL =      5736.7078  VDWAALS    =      6852.7426
 EELEC  =    -74987.9687  EHBOND  =         0.0000  RESTRAINT  =       148.5074
 EAMBER (non-restraint)  =    -59794.7877
 EKCMT  =      4060.9367  VIRIAL  =      3161.1328  VOLUME     =    153432.2479
                                                    Density    =         1.0294
 ------------------------------------------------------------------------------

wrapping first mol.:       19.46615       27.52930       47.68214
wrapping first mol.:       19.46615       27.52930       47.68214

 NSTEP =    39500   TIME(PS) =     879.000  TEMP(K) =   298.45  PRESS =   108.1
 Etot   =    -49962.2847  EKtot   =      9478.9443  EPtot      =    -59441.2291
 BOND   =       420.7915  ANGLE   =      1044.8707  DIHED      =       703.2719
 1-4 NB =       457.1431  1-4 EEL =      5708.9160  VDWAALS    =      6533.7159
 EELEC  =    -74433.4216  EHBOND  =         0.0000  RESTRAINT  =       123.4835
 EAMBER (non-restraint)  =    -59564.7125
 EKCMT  =      3943.6472  VIRIAL  =      3585.7128  VOLUME     =    153312.6560
                                                    Density    =         1.0302
 ------------------------------------------------------------------------------

wrapping first mol.:       19.45144       27.50849       47.64609
wrapping first mol.:       19.45144       27.50849       47.64609

 NSTEP =    40000   TIME(PS) =     880.000  TEMP(K) =   298.74  PRESS =   -65.1
 Etot   =    -49924.9189  EKtot   =      9488.1748  EPtot      =    -59413.0937
 BOND   =       406.9031  ANGLE   =      1049.8560  DIHED      =       692.6309
 1-4 NB =       448.2556  1-4 EEL =      5747.9995  VDWAALS    =      6683.7425
 EELEC  =    -74565.7375  EHBOND  =         0.0000  RESTRAINT  =       123.2561
 EAMBER (non-restraint)  =    -59536.3498
 EKCMT  =      3931.6731  VIRIAL  =      4146.5670  VOLUME     =    152967.5565
                                                    Density    =         1.0325
 ------------------------------------------------------------------------------

wrapping first mol.:       19.44852       27.50436       47.63894
wrapping first mol.:       19.44852       27.50436       47.63894

 NSTEP =    40500   TIME(PS) =     881.000  TEMP(K) =   297.25  PRESS =    68.1
 Etot   =    -49992.9239  EKtot   =      9440.7930  EPtot      =    -59433.7169
 BOND   =       397.6282  ANGLE   =      1031.0850  DIHED      =       715.8863
 1-4 NB =       449.1002  1-4 EEL =      5756.6088  VDWAALS    =      6636.0005
 EELEC  =    -74539.9558  EHBOND  =         0.0000  RESTRAINT  =       119.9299
 EAMBER (non-restraint)  =    -59553.6468
 EKCMT  =      3973.1633  VIRIAL  =      3748.4438  VOLUME     =    152896.9176
                                                    Density    =         1.0330
 ------------------------------------------------------------------------------

wrapping first mol.:       19.46814       27.53210       47.68700
wrapping first mol.:       19.46814       27.53210       47.68700

 NSTEP =    41000   TIME(PS) =     882.000  TEMP(K) =   294.92  PRESS =  -337.6
 Etot   =    -50339.5981  EKtot   =      9366.8740  EPtot      =    -59706.4721
 BOND   =       398.3259  ANGLE   =      1044.7084  DIHED      =       708.3639
 1-4 NB =       444.9639  1-4 EEL =      5727.5136  VDWAALS    =      6528.2313
 EELEC  =    -74691.1336  EHBOND  =         0.0000  RESTRAINT  =       132.5544
 EAMBER (non-restraint)  =    -59839.0265
 EKCMT  =      3949.4082  VIRIAL  =      5067.3403  VOLUME     =    153365.6340
                                                    Density    =         1.0298
 ------------------------------------------------------------------------------

wrapping first mol.:       19.44182       27.49489       47.62254
wrapping first mol.:       19.44182       27.49489       47.62254

 NSTEP =    41500   TIME(PS) =     883.000  TEMP(K) =   299.97  PRESS =    64.3
 Etot   =    -50023.9356  EKtot   =      9527.2422  EPtot      =    -59551.1777
 BOND   =       378.5872  ANGLE   =      1044.1649  DIHED      =       711.6415
 1-4 NB =       459.0753  1-4 EEL =      5732.9813  VDWAALS    =      6630.1070
 EELEC  =    -74642.5244  EHBOND  =         0.0000  RESTRAINT  =       134.7894
 EAMBER (non-restraint)  =    -59685.9672
 EKCMT  =      3951.3635  VIRIAL  =      3739.4269  VOLUME     =    152739.0870
                                                    Density    =         1.0340
 ------------------------------------------------------------------------------

wrapping first mol.:       19.45227       27.50966       47.64813
wrapping first mol.:       19.45227       27.50966       47.64813

 NSTEP =    42000   TIME(PS) =     884.000  TEMP(K) =   296.21  PRESS =   -47.5
 Etot   =    -50211.1258  EKtot   =      9407.6963  EPtot      =    -59618.8221
 BOND   =       393.7249  ANGLE   =       995.8057  DIHED      =       700.6112
 1-4 NB =       447.6747  1-4 EEL =      5758.8097  VDWAALS    =      6692.5372
 EELEC  =    -74734.0317  EHBOND  =         0.0000  RESTRAINT  =       126.0463
 EAMBER (non-restraint)  =    -59744.8684
 EKCMT  =      3944.5634  VIRIAL  =      4101.6137  VOLUME     =    152986.9838
                                                    Density    =         1.0324
 ------------------------------------------------------------------------------

wrapping first mol.:       19.46439       27.52681       47.67782
wrapping first mol.:       19.46439       27.52681       47.67782

 NSTEP =    42500   TIME(PS) =     885.000  TEMP(K) =   301.19  PRESS =   203.4
 Etot   =    -50067.6204  EKtot   =      9565.9375  EPtot      =    -59633.5579
 BOND   =       421.5709  ANGLE   =       993.8813  DIHED      =       699.3232
 1-4 NB =       453.1539  1-4 EEL =      5742.7802  VDWAALS    =      6713.7773
 EELEC  =    -74779.4880  EHBOND  =         0.0000  RESTRAINT  =       121.4433
 EAMBER (non-restraint)  =    -59755.0012
 EKCMT  =      4031.5215  VIRIAL  =      3358.5716  VOLUME     =    153269.7096
                                                    Density    =         1.0305
 ------------------------------------------------------------------------------

wrapping first mol.:       19.45606       27.51502       47.65741
wrapping first mol.:       19.45606       27.51502       47.65741

 NSTEP =    43000   TIME(PS) =     886.000  TEMP(K) =   300.04  PRESS =  -159.6
 Etot   =    -49797.6805  EKtot   =      9529.2061  EPtot      =    -59326.8865
 BOND   =       419.9612  ANGLE   =      1076.6578  DIHED      =       707.0951
 1-4 NB =       444.4097  1-4 EEL =      5734.4816  VDWAALS    =      6513.4503
 EELEC  =    -74351.2499  EHBOND  =         0.0000  RESTRAINT  =       128.3078
 EAMBER (non-restraint)  =    -59455.1943
 EKCMT  =      4005.0019  VIRIAL  =      4532.6122  VOLUME     =    153077.8886
                                                    Density    =         1.0317
 ------------------------------------------------------------------------------

wrapping first mol.:       19.44800       27.50362       47.63767
wrapping first mol.:       19.44800       27.50362       47.63767

 NSTEP =    43500   TIME(PS) =     887.000  TEMP(K) =   300.82  PRESS =  -244.3
 Etot   =    -49844.2284  EKtot   =      9554.1592  EPtot      =    -59398.3876
 BOND   =       388.3153  ANGLE   =      1031.9158  DIHED      =       704.8902
 1-4 NB =       457.7755  1-4 EEL =      5750.8936  VDWAALS    =      6342.9729
 EELEC  =    -74184.9669  EHBOND  =         0.0000  RESTRAINT  =       109.8159
 EAMBER (non-restraint)  =    -59508.2035
 EKCMT  =      3909.6360  VIRIAL  =      4716.1513  VOLUME     =    152888.9249
                                                    Density    =         1.0330
 ------------------------------------------------------------------------------

wrapping first mol.:       19.44988       27.50628       47.64228
wrapping first mol.:       19.44988       27.50628       47.64228

 NSTEP =    44000   TIME(PS) =     888.000  TEMP(K) =   301.62  PRESS =    24.2
 Etot   =    -49731.4368  EKtot   =      9579.3848  EPtot      =    -59310.8215
 BOND   =       429.3658  ANGLE   =      1029.3209  DIHED      =       704.5972
 1-4 NB =       454.7621  1-4 EEL =      5755.5536  VDWAALS    =      6533.9678
 EELEC  =    -74355.7584  EHBOND  =         0.0000  RESTRAINT  =       137.3695
 EAMBER (non-restraint)  =    -59448.1910
 EKCMT  =      4026.9961  VIRIAL  =      3946.9551  VOLUME     =    152929.5986
                                                    Density    =         1.0327
 ------------------------------------------------------------------------------

wrapping first mol.:       19.45324       27.51104       47.65052
wrapping first mol.:       19.45324       27.51104       47.65052

 NSTEP =    44500   TIME(PS) =     889.000  TEMP(K) =   298.08  PRESS =   311.1
 Etot   =    -50070.3932  EKtot   =      9467.0889  EPtot      =    -59537.4821
 BOND   =       416.0559  ANGLE   =      1054.3873  DIHED      =       689.7708
 1-4 NB =       440.0527  1-4 EEL =      5719.4270  VDWAALS    =      6603.3673
 EELEC  =    -74579.3772  EHBOND  =         0.0000  RESTRAINT  =       118.8342
 EAMBER (non-restraint)  =    -59656.3162
 EKCMT  =      3949.3035  VIRIAL  =      2921.5164  VOLUME     =    153005.0512
                                                    Density    =         1.0322
 ------------------------------------------------------------------------------

wrapping first mol.:       19.44370       27.49755       47.62715
wrapping first mol.:       19.44370       27.49755       47.62715

 NSTEP =    45000   TIME(PS) =     890.000  TEMP(K) =   301.23  PRESS =    89.5
 Etot   =    -49981.9644  EKtot   =      9567.1689  EPtot      =    -59549.1333
 BOND   =       404.1863  ANGLE   =      1033.7397  DIHED      =       712.3724
 1-4 NB =       459.2483  1-4 EEL =      5725.7073  VDWAALS    =      6651.6493
 EELEC  =    -74669.9499  EHBOND  =         0.0000  RESTRAINT  =       133.9134
 EAMBER (non-restraint)  =    -59683.0467
 EKCMT  =      3960.9301  VIRIAL  =      3665.7754  VOLUME     =    152783.0755
                                                    Density    =         1.0337
 ------------------------------------------------------------------------------

wrapping first mol.:       19.45111       27.50802       47.64528
wrapping first mol.:       19.45111       27.50802       47.64528

 NSTEP =    45500   TIME(PS) =     891.000  TEMP(K) =   296.30  PRESS =   258.2
 Etot   =    -50148.1198  EKtot   =      9410.4434  EPtot      =    -59558.5632
 BOND   =       368.9703  ANGLE   =      1039.9611  DIHED      =       715.3345
 1-4 NB =       461.9578  1-4 EEL =      5756.6792  VDWAALS    =      6706.1713
 EELEC  =    -74727.0443  EHBOND  =         0.0000  RESTRAINT  =       119.4069
 EAMBER (non-restraint)  =    -59677.9701
 EKCMT  =      4033.6565  VIRIAL  =      3181.0530  VOLUME     =    152955.3126
                                                    Density    =         1.0326
 ------------------------------------------------------------------------------

wrapping first mol.:       19.43714       27.48827       47.61107
wrapping first mol.:       19.43714       27.48827       47.61107

 NSTEP =    46000   TIME(PS) =     892.000  TEMP(K) =   298.12  PRESS =   291.4
 Etot   =    -50125.2354  EKtot   =      9468.3535  EPtot      =    -59593.5889
 BOND   =       390.4429  ANGLE   =      1072.1387  DIHED      =       698.4814
 1-4 NB =       451.7898  1-4 EEL =      5759.6272  VDWAALS    =      6642.2481
 EELEC  =    -74734.8906  EHBOND  =         0.0000  RESTRAINT  =       126.5736
 EAMBER (non-restraint)  =    -59720.1625
 EKCMT  =      3979.3920  VIRIAL  =      3018.9909  VOLUME     =    152625.6575
                                                    Density    =         1.0348
 ------------------------------------------------------------------------------

wrapping first mol.:       19.43911       27.49105       47.61590
wrapping first mol.:       19.43911       27.49105       47.61590

 NSTEP =    46500   TIME(PS) =     893.000  TEMP(K) =   298.95  PRESS =   -35.4
 Etot   =    -49959.1818  EKtot   =      9494.6035  EPtot      =    -59453.7853
 BOND   =       404.7994  ANGLE   =      1026.1645  DIHED      =       695.9667
 1-4 NB =       455.7036  1-4 EEL =      5741.3608  VDWAALS    =      6459.4670
 EELEC  =    -74366.7474  EHBOND  =         0.0000  RESTRAINT  =       129.5000
 EAMBER (non-restraint)  =    -59583.2854
 EKCMT  =      3922.8626  VIRIAL  =      4039.6902  VOLUME     =    152676.5404
                                                    Density    =         1.0345
 ------------------------------------------------------------------------------

wrapping first mol.:       19.44554       27.50015       47.63166
wrapping first mol.:       19.44554       27.50015       47.63166

 NSTEP =    47000   TIME(PS) =     894.000  TEMP(K) =   301.27  PRESS =   -80.9
 Etot   =    -49790.4090  EKtot   =      9568.2646  EPtot      =    -59358.6737
 BOND   =       392.9367  ANGLE   =      1050.0759  DIHED      =       705.2501
 1-4 NB =       446.3114  1-4 EEL =      5722.2529  VDWAALS    =      6679.9749
 EELEC  =    -74482.4960  EHBOND  =         0.0000  RESTRAINT  =       127.0205
 EAMBER (non-restraint)  =    -59485.6942
 EKCMT  =      3959.8067  VIRIAL  =      4226.8984  VOLUME     =    152828.7845
                                                    Density    =         1.0334
 ------------------------------------------------------------------------------

wrapping first mol.:       19.44294       27.49647       47.62528
wrapping first mol.:       19.44294       27.49647       47.62528

 NSTEP =    47500   TIME(PS) =     895.000  TEMP(K) =   302.37  PRESS =  -184.4
 Etot   =    -49768.3189  EKtot   =      9603.3818  EPtot      =    -59371.7007
 BOND   =       410.1836  ANGLE   =      1054.6978  DIHED      =       714.9260
 1-4 NB =       442.3895  1-4 EEL =      5726.5972  VDWAALS    =      6435.0615
 EELEC  =    -74289.3522  EHBOND  =         0.0000  RESTRAINT  =       133.7958
 EAMBER (non-restraint)  =    -59505.4966
 EKCMT  =      4021.3621  VIRIAL  =      4629.6237  VOLUME     =    152768.8213
                                                    Density    =         1.0338
 ------------------------------------------------------------------------------

wrapping first mol.:       19.42523       27.47142       47.58190
wrapping first mol.:       19.42523       27.47142       47.58190

 NSTEP =    48000   TIME(PS) =     896.000  TEMP(K) =   298.46  PRESS =   107.2
 Etot   =    -50121.1011  EKtot   =      9479.3271  EPtot      =    -59600.4283
 BOND   =       418.1384  ANGLE   =      1080.1726  DIHED      =       692.7277
 1-4 NB =       454.0620  1-4 EEL =      5748.2565  VDWAALS    =      6633.2509
 EELEC  =    -74754.0740  EHBOND  =         0.0000  RESTRAINT  =       127.0376
 EAMBER (non-restraint)  =    -59727.4659
 EKCMT  =      4001.8490  VIRIAL  =      3649.1168  VOLUME     =    152347.7725
                                                    Density    =         1.0367
 ------------------------------------------------------------------------------

wrapping first mol.:       19.42335       27.46876       47.57729
wrapping first mol.:       19.42335       27.46876       47.57729

 NSTEP =    48500   TIME(PS) =     897.000  TEMP(K) =   300.77  PRESS =  -388.0
 Etot   =    -49999.6609  EKtot   =      9552.6816  EPtot      =    -59552.3426
 BOND   =       406.9699  ANGLE   =      1027.1524  DIHED      =       688.5289
 1-4 NB =       464.2817  1-4 EEL =      5741.0460  VDWAALS    =      6534.6202
 EELEC  =    -74540.6673  EHBOND  =         0.0000  RESTRAINT  =       125.7257
 EAMBER (non-restraint)  =    -59678.0682
 EKCMT  =      3942.2916  VIRIAL  =      5218.2186  VOLUME     =    152310.2511
                                                    Density    =         1.0369
 ------------------------------------------------------------------------------

wrapping first mol.:       19.42523       27.47143       47.58190
wrapping first mol.:       19.42523       27.47143       47.58190

 NSTEP =    49000   TIME(PS) =     898.000  TEMP(K) =   299.98  PRESS =   262.0
 Etot   =    -50096.8364  EKtot   =      9527.5391  EPtot      =    -59624.3755
 BOND   =       406.9931  ANGLE   =      1047.0667  DIHED      =       689.8399
 1-4 NB =       445.6437  1-4 EEL =      5734.4599  VDWAALS    =      6550.3483
 EELEC  =    -74624.2674  EHBOND  =         0.0000  RESTRAINT  =       125.5402
 EAMBER (non-restraint)  =    -59749.9157
 EKCMT  =      3979.6684  VIRIAL  =      3117.8255  VOLUME     =    152345.7047
                                                    Density    =         1.0367
 ------------------------------------------------------------------------------

wrapping first mol.:       19.42737       27.47446       47.58715
wrapping first mol.:       19.42737       27.47446       47.58715

 NSTEP =    49500   TIME(PS) =     899.000  TEMP(K) =   299.66  PRESS =   394.6
 Etot   =    -49991.4549  EKtot   =      9517.1406  EPtot      =    -59508.5955
 BOND   =       380.0166  ANGLE   =      1033.2172  DIHED      =       686.5028
 1-4 NB =       457.3991  1-4 EEL =      5748.7901  VDWAALS    =      6520.1690
 EELEC  =    -74460.2787  EHBOND  =         0.0000  RESTRAINT  =       125.5884
 EAMBER (non-restraint)  =    -59634.1839
 EKCMT  =      4004.8252  VIRIAL  =      2706.5218  VOLUME     =    152394.3107
                                                    Density    =         1.0364
 ------------------------------------------------------------------------------

wrapping first mol.:       19.43672       27.48767       47.61004
wrapping first mol.:       19.43672       27.48767       47.61004

 NSTEP =    50000   TIME(PS) =     900.000  TEMP(K) =   300.99  PRESS =   137.4
 Etot   =    -49964.6514  EKtot   =      9559.5410  EPtot      =    -59524.1924
 BOND   =       434.0631  ANGLE   =      1055.7759  DIHED      =       685.4131
 1-4 NB =       437.5833  1-4 EEL =      5732.4067  VDWAALS    =      6719.0265
 EELEC  =    -74723.4350  EHBOND  =         0.0000  RESTRAINT  =       134.9740
 EAMBER (non-restraint)  =    -59659.1664
 EKCMT  =      4026.7148  VIRIAL  =      3573.9037  VOLUME     =    152617.8363
                                                    Density    =         1.0349
 ------------------------------------------------------------------------------


      A V E R A G E S   O V E R     100 S T E P S


 NSTEP =    50000   TIME(PS) =     900.000  TEMP(K) =   300.04  PRESS =    43.6
 Etot   =    -50052.7788  EKtot   =      9529.4469  EPtot      =    -59582.2258
 BOND   =       399.2237  ANGLE   =      1023.2399  DIHED      =       702.4562
 1-4 NB =       452.1228  1-4 EEL =      5747.2168  VDWAALS    =      6610.6857
 EELEC  =    -74643.8140  EHBOND  =         0.0000  RESTRAINT  =       126.6432
 EAMBER (non-restraint)  =    -59708.8690
 EKCMT  =      3991.9937  VIRIAL  =      3848.5297  VOLUME     =    152542.1846
                                                    Density    =         1.0354
 ------------------------------------------------------------------------------


      R M S  F L U C T U A T I O N S


 NSTEP =    50000   TIME(PS) =     900.000  TEMP(K) =     2.14  PRESS =   204.7
 Etot   =       137.7258  EKtot   =        67.9476  EPtot      =       118.4865
 BOND   =        16.9216  ANGLE   =        26.7663  DIHED      =        10.4937
 1-4 NB =         8.6032  1-4 EEL =        21.6367  VDWAALS    =       112.2241
 EELEC  =       191.4759  EHBOND  =         0.0000  RESTRAINT  =         7.0546
 EAMBER (non-restraint)  =       111.4318
 EKCMT  =        45.1100  VIRIAL  =       667.7748  VOLUME     =       416.9400
                                                    Density    =         0.0028
 ------------------------------------------------------------------------------

--------------------------------------------------------------------------------
   5.  TIMINGS
--------------------------------------------------------------------------------

|  NonSetup CPU Time in Major Routines:
|
|     Routine           Sec        %
|     ------------------------------
|     Nonbond          69.61   83.51
|     Bond              0.00    0.00
|     Angle             0.00    0.00
|     Dihedral          0.00    0.00
|     Shake             0.24    0.29
|     RunMD            13.42   16.10
|     Other             0.10    0.11
|     ------------------------------
|     Total            83.36

|  PME Nonbond Pairlist CPU Time:
|
|     Routine              Sec        %
|     ---------------------------------
|     Set Up Cit           0.00    0.00
|     Build List           0.00    0.00
|     ---------------------------------
|     Total                0.00    0.00

|  PME Direct Force CPU Time:
|
|     Routine              Sec        %
|     ---------------------------------
|     NonBonded Calc       0.00    0.00
|     Exclude Masked       0.00    0.00
|     Other                0.06    0.07
|     ---------------------------------
|     Total                0.06    0.07

|  PME Reciprocal Force CPU Time:
|
|     Routine              Sec        %
|     ---------------------------------
|     1D bspline           0.00    0.00
|     Grid Charges         0.00    0.00
|     Scalar Sum           0.00    0.00
|     Gradient Sum         0.00    0.00
|     FFT                  0.00    0.00
|     ---------------------------------
|     Total                0.00    0.00

|  Final Performance Info:
|     -----------------------------------------------------
|     Average timings for last   13500 steps:
|     Elapsed(s) =      22.50 Per Step(ms) =       1.67
|         ns/day =     103.67   seconds/ns =     833.40
|
|     Average timings for all steps:
|     Elapsed(s) =      83.35 Per Step(ms) =       1.67
|         ns/day =     103.66   seconds/ns =     833.51
|     -----------------------------------------------------

|  Setup CPU time:            0.59 seconds
|  NonSetup CPU time:        83.36 seconds
|  Total CPU time:           83.95 seconds     0.02 hours

|  Setup wall time:           0    seconds
|  NonSetup wall time:       84    seconds
|  Total wall time:          84    seconds     0.02 hours
