
          -------------------------------------------------------
          Amber 18 PMEMD                              2018
          -------------------------------------------------------

| PMEMD implementation of SANDER, Release 18

| Run on 09/29/2019 at 23:48:20

|   Executable path: pmemd.cuda
| Working directory: /home/pbarletta/lbp/run/1ifb/mhe/e
|          Hostname: Unknown
  [-O]verwriting output

File Assignments:
|   MDIN: 63equ.in                                                              
|  MDOUT: 63equ.out                                                             
| INPCRD: 62e1ifb.rst7                                                          
|   PARM: /home/pbarletta/lbp/top_files/1ifb.prmtop                             
| RESTRT: 63e1ifb.rst7                                                          
|   REFC: 62e1ifb.rst7                                                          
|  MDVEL: mdvel                                                                 
|   MDEN: mden                                                                  
|  MDCRD: 63e1ifb.nc                                                            
| MDINFO: mdinfo                                                                
|  MDFRC: mdfrc                                                                 


 Here is the input file:

Equilibration with solute restrictions                                         
&cntrl                                                                         
imin = 0,                           ! No Minimization                          
nmropt = 0,                         ! No NMR restraints read                   
                                                                               
! Nature and format of the input                                               
ntx = 5,                            ! Coordinates but no velocities will be rea
irest = 1,                          ! Do not run a new simulation              
                                                                               
! Nature and format of the output                                              
ntxo = 1,                           ! rstrt file in ASCII format               
ntpr = 500,                         ! inf in output every ntpr steps           
ntwr = 500,                         ! rstrt file every ntwr steps              
ntwx = 500,                         ! mdcrd file every ntwx steps              
ntwv = 0,                           ! mdvel without velocities                 
ntwe = 0,                           ! Do not write energies and temperatures   
idecomp = 0,                        ! No energy decomposition                  
iwrap = 1,                          ! Coordinates of the restart and mdcrd file
                                                                               
! Frozen or restrained atoms                                                   
ibelly = 0,                         ! No frozen atoms                          
ntr=1,                              ! Harmonic potential restraints            
restraint_wt = 0.005,                ! The weight for the positional restraints
restraintmask = ':1-131@N,CA,C,O',  ! restrained residues                      
                                                                               
! Molecular dynamics                                                           
nstlim = 50000,                     ! Number of MD-steps                       
dt = 0.002,                         ! Time step                                
                                                                               
! Temperature regulation                                                       
ntt = 3,                            ! Langevin thermostat                      
gamma_ln = 5,                       ! Gamma constant for Langevin              
temp0 = 300.0,                      ! Reference T at which the system is to be 
tempi = 300.0,                      ! Initial T                                
ig = -1,                            ! Seed for the RNG                         
                                                                               
! P and V regulation                                                           
ntp = 1,                            ! constant P                               
barostat = 1,                       ! Berendsen barostat                       
taup = 1,                           ! Pressure relaxation time                 
ntb = 2,                            ! Periodic box for constant P              
                                                                               
! SHAKE variables                                                              
ntc = 2,                            ! Bonds involving H are constrained        
ntf = 2,                            ! Bond interaction involving H are ommited.
                                                                               
cut = 10.0,                         ! Nonbonded cutoff                         
/                                                                              
&end                                                                           


Note: ig = -1. Setting random seed to   542349 based on wallclock time in 
      microseconds.
| irandom = 1, using AMBER's internal random number generator (default).
 
|--------------------- INFORMATION ----------------------
| GPU (CUDA) Version of PMEMD in use: NVIDIA GPU IN USE.
|                    Version 18.0.0
| 
|                      03/25/2018
| 
| Implementation by:
|                    Ross C. Walker     (SDSC)
|                    Scott Le Grand     (nVIDIA)
| 
| Version 18 performance extensions by:
|                    David Cerutti     (Rutgers)
| 
| Precision model in use:
|      [SPFP] - Single Precision Forces, 64-bit Fixed Point
|               Accumulation. (Default)
| 
|--------------------------------------------------------
 
|----------------- CITATION INFORMATION -----------------
|
|    When publishing work that utilized the CUDA version
|    of AMBER, please cite the following in addition to
|    the regular AMBER citations:
|
|  - Romelia Salomon-Ferrer; Andreas W. Goetz; Duncan
|    Poole; Scott Le Grand; Ross C. Walker "Routine
|    microsecond molecular dynamics simulations with
|    AMBER - Part II: Particle Mesh Ewald", J. Chem.
|    Theory Comput., 2013, 9 (9), pp3878-3888,
|    DOI: 10.1021/ct400314y.
|
|  - Andreas W. Goetz; Mark J. Williamson; Dong Xu;
|    Duncan Poole; Scott Le Grand; Ross C. Walker
|    "Routine microsecond molecular dynamics simulations
|    with AMBER - Part I: Generalized Born", J. Chem.
|    Theory Comput., 2012, 8 (5), pp1542-1555.
|
|  - Scott Le Grand; Andreas W. Goetz; Ross C. Walker
|    "SPFP: Speed without compromise - a mixed precision
|    model for GPU accelerated molecular dynamics
|    simulations.", Comp. Phys. Comm., 2013, 184
|    pp374-380, DOI: 10.1016/j.cpc.2012.09.022
|
|--------------------------------------------------------
 
|------------------- GPU DEVICE INFO --------------------
|
|            CUDA_VISIBLE_DEVICES: 0
|   CUDA Capable Devices Detected:      1
|           CUDA Device ID in use:      0
|                CUDA Device Name: GeForce GTX 1060 6GB
|     CUDA Device Global Mem Size:   6078 MB
| CUDA Device Num Multiprocessors:     10
|           CUDA Device Core Freq:   1.76 GHz
|
|--------------------------------------------------------
 
 
| Conditional Compilation Defines Used:
| PUBFFT
| BINTRAJ
| CUDA
| EMIL

| Largest sphere to fit in unit cell has radius =    23.763

| New format PARM file being parsed.
| Version =    1.000 Date = 09/29/19 Time = 21:52:31

| Note: 1-4 EEL scale factors are being read from the topology file.

| Note: 1-4 VDW scale factors are being read from the topology file.
| Duplicated    0 dihedrals

| Duplicated    0 dihedrals

--------------------------------------------------------------------------------
   1.  RESOURCE   USE: 
--------------------------------------------------------------------------------

 getting new box info from bottom of inpcrd
 NATOM  =   19901 NTYPES =      17 NBONH =   14397 MBONA  =    5520
 NTHETH =    2406 MTHETA =    1438 NPHIH =    4850 MPHIA  =    4505
 NHPARM =       0 NPARM  =       0 NNB   =   42760 NRES   =    4578
 NBONA  =    5520 NTHETA =    1438 NPHIA =    4505 NUMBND =      69
 NUMANG =     155 NPTRA  =     178 NATYP =      35 NPHB   =       1
 IFBOX  =       2 NMXRS  =      24 IFCAP =       0 NEXTRA =    4447
 NCOPY  =       0

| Coordinate Index Table dimensions:     9    9    9
| Direct force subcell size =     6.4675    6.4675    6.4675

     BOX TYPE: TRUNCATED OCTAHEDRON

--------------------------------------------------------------------------------
   2.  CONTROL  DATA  FOR  THE  RUN
--------------------------------------------------------------------------------

default_name                                                                    

General flags:
     imin    =       0, nmropt  =       0

Nature and format of input:
     ntx     =       5, irest   =       1, ntrx    =       1

Nature and format of output:
     ntxo    =       1, ntpr    =     500, ntrx    =       1, ntwr    =     500
     iwrap   =       1, ntwx    =     500, ntwv    =       0, ntwe    =       0
     ioutfm  =       1, ntwprt  =       0, idecomp =       0, rbornstat=      0

Potential function:
     ntf     =       2, ntb     =       2, igb     =       0, nsnb    =      25
     ipol    =       0, gbsa    =       0, iesp    =       0
     dielc   =   1.00000, cut     =  10.00000, intdiel =   1.00000

Frozen or restrained atoms:
     ibelly  =       0, ntr     =       1
     restraint_wt =   0.00500

Molecular dynamics:
     nstlim  =     50000, nscm    =         0, nrespa  =         1
     t       =   0.00000, dt      =   0.00200, vlimit  =  -1.00000

Langevin dynamics temperature regulation:
     ig      =  542349
     temp0   = 300.00000, tempi   = 300.00000, gamma_ln=   5.00000

Pressure regulation:
     ntp     =       1
     pres0   =   1.00000, comp    =  44.60000, taup    =   1.00000

SHAKE:
     ntc     =       2, jfastw  =       0
     tol     =   0.00001

| Intermolecular bonds treatment:
|     no_intermolecular_bonds =       1

| Energy averages sample interval:
|     ene_avg_sampling =     500

Extra-points options:
     frameon =       1, chngmask=       1

Ewald parameters:
     verbose =       0, ew_type =       0, nbflag  =       1, use_pme =       1
     vdwmeth =       1, eedmeth =       1, netfrc  =       1
     Box X =   58.208   Box Y =   58.208   Box Z =   58.208
     Alpha =  109.471   Beta  =  109.471   Gamma =  109.471
     NFFT1 =   64       NFFT2 =   64       NFFT3 =   64
     Cutoff=   10.000   Tol   =0.100E-04
     Ewald Coefficient =  0.27511
     Interpolation order =    4

    LOADING THE CONSTRAINED ATOMS AS GROUPS


   5.  REFERENCE ATOM COORDINATES

  default_name                                                                    
     Mask :1-131@N,CA,C,O; matches   524 atoms
|      EXTRA_PTS, trim_bonds: num bonds BEFORE trim = 14397     0
|      EXTRA_PTS, trim_bonds: num bonds AFTER  trim = 14397     0
|      EXTRA_PTS, trim_bonds: num bonds BEFORE trim =  5520     0
|      EXTRA_PTS, trim_bonds: num bonds AFTER  trim =  1073     0
|      EXTRA_PTS, trim_theta: num angle BEFORE trim =  2406     0
|      EXTRA_PTS, trim_theta: num angle AFTER  trim =  2406     0
|      EXTRA_PTS, trim_theta: num angle BEFORE trim =  1438     0
|      EXTRA_PTS, trim_theta: num angle AFTER  trim =  1438     0
|      EXTRA_PTS, trim_phi:  num diheds BEFORE trim =  4850     0
|      EXTRA_PTS, trim_phi:  num diheds AFTER  trim =  4850     0
|      EXTRA_PTS, trim_phi:  num diheds BEFORE trim =  4505     0
|      EXTRA_PTS, trim_phi:  num diheds AFTER  trim =  4505     0

--------------------------------------------------------------------------------
   3.  ATOMIC COORDINATES AND VELOCITIES
--------------------------------------------------------------------------------

default_name                                                                    
 begin time read from input coords =  6600.000 ps

 
 Number of triangulated 3-point waters found:     4447

     Sum of charges from parm topology file =   0.00002436
     Forcing neutrality...

| Dynamic Memory, Types Used:
| Reals              996413
| Integers          1467781

| Nonbonded Pairs Initial Allocation:     6019554

| GPU memory information (estimate):
| KB of GPU memory in use:         0
| KB of CPU memory in use:         0

--------------------------------------------------------------------------------
   4.  RESULTS
--------------------------------------------------------------------------------

wrapping first mol.:       19.41182       27.45245       47.54904
wrapping first mol.:       19.41182       27.45245       47.54904

 NSTEP =      500   TIME(PS) =    6601.000  TEMP(K) =   300.56  PRESS =     1.3
 Etot   =    -50167.5552  EKtot   =      9545.7764  EPtot      =    -59713.3315
 BOND   =       432.2644  ANGLE   =      1033.0215  DIHED      =       704.3608
 1-4 NB =       435.6118  1-4 EEL =      5766.4704  VDWAALS    =      6581.5902
 EELEC  =    -74667.1554  EHBOND  =         0.0000  RESTRAINT  =         0.5047
 EAMBER (non-restraint)  =    -59713.8362
 EKCMT  =      3991.3381  VIRIAL  =      3987.0603  VOLUME     =    152033.8466
                                                    Density    =         1.0388
 ------------------------------------------------------------------------------

wrapping first mol.:       19.40253       27.43931       47.52628
wrapping first mol.:       19.40253       27.43931       47.52628

 NSTEP =     1000   TIME(PS) =    6602.000  TEMP(K) =   301.61  PRESS =  -165.5
 Etot   =    -50102.0630  EKtot   =      9579.2441  EPtot      =    -59681.3072
 BOND   =       387.2354  ANGLE   =      1051.4553  DIHED      =       697.9219
 1-4 NB =       460.7678  1-4 EEL =      5797.2425  VDWAALS    =      6570.5379
 EELEC  =    -74647.1680  EHBOND  =         0.0000  RESTRAINT  =         0.7000
 EAMBER (non-restraint)  =    -59682.0071
 EKCMT  =      3979.3856  VIRIAL  =      4521.8321  VOLUME     =    151817.8786
                                                    Density    =         1.0403
 ------------------------------------------------------------------------------

wrapping first mol.:       19.38746       27.41801       47.48939
wrapping first mol.:       19.38746       27.41801       47.48939

 NSTEP =     1500   TIME(PS) =    6603.000  TEMP(K) =   298.54  PRESS =   502.9
 Etot   =    -50278.8535  EKtot   =      9481.7002  EPtot      =    -59760.5537
 BOND   =       386.8413  ANGLE   =      1054.5119  DIHED      =       699.8580
 1-4 NB =       462.5715  1-4 EEL =      5759.9785  VDWAALS    =      6647.3989
 EELEC  =    -74772.3401  EHBOND  =         0.0000  RESTRAINT  =         0.6262
 EAMBER (non-restraint)  =    -59761.1800
 EKCMT  =      3984.6819  VIRIAL  =      2340.2901  VOLUME     =    151455.5404
                                                    Density    =         1.0428
 ------------------------------------------------------------------------------

wrapping first mol.:       19.39301       27.42586       47.50298
wrapping first mol.:       19.39301       27.42586       47.50298

 NSTEP =     2000   TIME(PS) =    6604.000  TEMP(K) =   299.83  PRESS =  -211.1
 Etot   =    -50164.8453  EKtot   =      9522.8037  EPtot      =    -59687.6491
 BOND   =       399.3118  ANGLE   =      1027.6212  DIHED      =       727.1574
 1-4 NB =       454.3242  1-4 EEL =      5727.8271  VDWAALS    =      6365.8238
 EELEC  =    -74390.4368  EHBOND  =         0.0000  RESTRAINT  =         0.7222
 EAMBER (non-restraint)  =    -59688.3712
 EKCMT  =      3986.9245  VIRIAL  =      4677.7470  VOLUME     =    151595.2642
                                                    Density    =         1.0418
 ------------------------------------------------------------------------------

wrapping first mol.:       19.38566       27.41546       47.48496
wrapping first mol.:       19.38566       27.41546       47.48496

 NSTEP =     2500   TIME(PS) =    6605.000  TEMP(K) =   302.55  PRESS =  -206.7
 Etot   =    -50297.7302  EKtot   =      9609.1641  EPtot      =    -59906.8942
 BOND   =       393.7147  ANGLE   =      1023.2386  DIHED      =       699.1662
 1-4 NB =       457.9452  1-4 EEL =      5812.2496  VDWAALS    =      6588.5260
 EELEC  =    -74882.5442  EHBOND  =         0.0000  RESTRAINT  =         0.8097
 EAMBER (non-restraint)  =    -59907.7039
 EKCMT  =      4062.7025  VIRIAL  =      4738.6322  VOLUME     =    151422.8332
                                                    Density    =         1.0430
 ------------------------------------------------------------------------------

wrapping first mol.:       19.38474       27.41416       47.48271
wrapping first mol.:       19.38474       27.41416       47.48271

 NSTEP =     3000   TIME(PS) =    6606.000  TEMP(K) =   301.95  PRESS =     9.3
 Etot   =    -50217.8135  EKtot   =      9589.9922  EPtot      =    -59807.8057
 BOND   =       382.0222  ANGLE   =      1019.6690  DIHED      =       718.6380
 1-4 NB =       455.4487  1-4 EEL =      5792.8409  VDWAALS    =      6670.5555
 EELEC  =    -74847.7779  EHBOND  =         0.0000  RESTRAINT  =         0.7979
 EAMBER (non-restraint)  =    -59808.6036
 EKCMT  =      3950.9293  VIRIAL  =      3920.4692  VOLUME     =    151398.3667
                                                    Density    =         1.0432
 ------------------------------------------------------------------------------

wrapping first mol.:       19.38874       27.41982       47.49251
wrapping first mol.:       19.38874       27.41982       47.49251

 NSTEP =     3500   TIME(PS) =    6607.000  TEMP(K) =   295.10  PRESS =   380.3
 Etot   =    -50374.8939  EKtot   =      9372.4453  EPtot      =    -59747.3392
 BOND   =       416.9769  ANGLE   =      1011.5859  DIHED      =       706.8694
 1-4 NB =       468.8728  1-4 EEL =      5770.2487  VDWAALS    =      6732.2588
 EELEC  =    -74855.0710  EHBOND  =         0.0000  RESTRAINT  =         0.9194
 EAMBER (non-restraint)  =    -59748.2586
 EKCMT  =      3950.6238  VIRIAL  =      2706.8229  VOLUME     =    151487.1048
                                                    Density    =         1.0426
 ------------------------------------------------------------------------------

wrapping first mol.:       19.38895       27.42011       47.49302
wrapping first mol.:       19.38895       27.42011       47.49302

 NSTEP =     4000   TIME(PS) =    6608.000  TEMP(K) =   300.12  PRESS =     2.8
 Etot   =    -50310.1039  EKtot   =      9531.7783  EPtot      =    -59841.8822
 BOND   =       413.9707  ANGLE   =      1019.3202  DIHED      =       707.3458
 1-4 NB =       466.8665  1-4 EEL =      5785.2878  VDWAALS    =      6661.4741
 EELEC  =    -74897.2000  EHBOND  =         0.0000  RESTRAINT  =         1.0527
 EAMBER (non-restraint)  =    -59842.9349
 EKCMT  =      3996.1699  VIRIAL  =      3987.0755  VOLUME     =    151497.0982
                                                    Density    =         1.0425
 ------------------------------------------------------------------------------

wrapping first mol.:       19.39444       27.42788       47.50648
wrapping first mol.:       19.39444       27.42788       47.50648

 NSTEP =     4500   TIME(PS) =    6609.000  TEMP(K) =   294.74  PRESS =   215.8
 Etot   =    -50444.9464  EKtot   =      9360.8760  EPtot      =    -59805.8224
 BOND   =       401.1364  ANGLE   =      1026.3033  DIHED      =       713.0436
 1-4 NB =       458.6040  1-4 EEL =      5756.8889  VDWAALS    =      6667.1564
 EELEC  =    -74830.0981  EHBOND  =         0.0000  RESTRAINT  =         1.1432
 EAMBER (non-restraint)  =    -59806.9655
 EKCMT  =      3929.3396  VIRIAL  =      3222.9322  VOLUME     =    151623.0514
                                                    Density    =         1.0416
 ------------------------------------------------------------------------------

wrapping first mol.:       19.39417       27.42750       47.50582
wrapping first mol.:       19.39417       27.42750       47.50582

 NSTEP =     5000   TIME(PS) =    6610.000  TEMP(K) =   298.83  PRESS =   -57.0
 Etot   =    -50298.0279  EKtot   =      9490.9883  EPtot      =    -59789.0162
 BOND   =       389.1879  ANGLE   =      1021.7703  DIHED      =       706.5393
 1-4 NB =       459.1212  1-4 EEL =      5773.3416  VDWAALS    =      6562.3142
 EELEC  =    -74702.5120  EHBOND  =         0.0000  RESTRAINT  =         1.2214
 EAMBER (non-restraint)  =    -59790.2375
 EKCMT  =      3911.0485  VIRIAL  =      4097.5020  VOLUME     =    151620.3793
                                                    Density    =         1.0417
 ------------------------------------------------------------------------------

wrapping first mol.:       19.39014       27.42180       47.49594
wrapping first mol.:       19.39014       27.42180       47.49594

 NSTEP =     5500   TIME(PS) =    6611.000  TEMP(K) =   299.68  PRESS =   209.5
 Etot   =    -50247.3478  EKtot   =      9518.0244  EPtot      =    -59765.3722
 BOND   =       384.5983  ANGLE   =      1063.1683  DIHED      =       725.2292
 1-4 NB =       456.1617  1-4 EEL =      5795.3387  VDWAALS    =      6641.5228
 EELEC  =    -74832.7724  EHBOND  =         0.0000  RESTRAINT  =         1.3812
 EAMBER (non-restraint)  =    -59766.7534
 EKCMT  =      3969.1951  VIRIAL  =      3283.7125  VOLUME     =    151522.2549
                                                    Density    =         1.0423
 ------------------------------------------------------------------------------

wrapping first mol.:       19.40576       27.44388       47.53420
wrapping first mol.:       19.40576       27.44388       47.53420

 NSTEP =     6000   TIME(PS) =    6612.000  TEMP(K) =   303.72  PRESS =  -162.1
 Etot   =    -50096.5308  EKtot   =      9646.2266  EPtot      =    -59742.7573
 BOND   =       393.6192  ANGLE   =      1043.1901  DIHED      =       697.7542
 1-4 NB =       455.8058  1-4 EEL =      5844.0750  VDWAALS    =      6511.1150
 EELEC  =    -74689.5746  EHBOND  =         0.0000  RESTRAINT  =         1.2579
 EAMBER (non-restraint)  =    -59744.0152
 EKCMT  =      4032.5518  VIRIAL  =      4564.2132  VOLUME     =    151893.7051
                                                    Density    =         1.0398
 ------------------------------------------------------------------------------

wrapping first mol.:       19.42341       27.46885       47.57745
wrapping first mol.:       19.42341       27.46885       47.57745

 NSTEP =     6500   TIME(PS) =    6613.000  TEMP(K) =   300.86  PRESS =    20.7
 Etot   =    -50001.5157  EKtot   =      9555.5439  EPtot      =    -59557.0596
 BOND   =       407.5468  ANGLE   =      1065.9122  DIHED      =       721.7826
 1-4 NB =       456.6611  1-4 EEL =      5723.3527  VDWAALS    =      6611.3551
 EELEC  =    -74544.8672  EHBOND  =         0.0000  RESTRAINT  =         1.1969
 EAMBER (non-restraint)  =    -59558.2565
 EKCMT  =      3983.6914  VIRIAL  =      3915.4589  VOLUME     =    152306.1882
                                                    Density    =         1.0370
 ------------------------------------------------------------------------------

wrapping first mol.:       19.40892       27.44836       47.54194
wrapping first mol.:       19.40892       27.44836       47.54194

 NSTEP =     7000   TIME(PS) =    6614.000  TEMP(K) =   298.44  PRESS =  -253.5
 Etot   =    -50160.6130  EKtot   =      9478.3896  EPtot      =    -59639.0026
 BOND   =       387.6097  ANGLE   =      1037.9770  DIHED      =       723.4378
 1-4 NB =       456.2334  1-4 EEL =      5786.0471  VDWAALS    =      6490.2676
 EELEC  =    -74522.1126  EHBOND  =         0.0000  RESTRAINT  =         1.5374
 EAMBER (non-restraint)  =    -59640.5401
 EKCMT  =      4054.4394  VIRIAL  =      4886.2393  VOLUME     =    151969.2021
                                                    Density    =         1.0393
 ------------------------------------------------------------------------------

wrapping first mol.:       19.40721       27.44594       47.53775
wrapping first mol.:       19.40721       27.44594       47.53775

 NSTEP =     7500   TIME(PS) =    6615.000  TEMP(K) =   296.62  PRESS =   240.5
 Etot   =    -50344.4117  EKtot   =      9420.7803  EPtot      =    -59765.1920
 BOND   =       378.9753  ANGLE   =       972.2576  DIHED      =       697.3579
 1-4 NB =       458.7433  1-4 EEL =      5756.5612  VDWAALS    =      6616.9490
 EELEC  =    -74647.6581  EHBOND  =         0.0000  RESTRAINT  =         1.6219
 EAMBER (non-restraint)  =    -59766.8138
 EKCMT  =      3944.2355  VIRIAL  =      3155.1948  VOLUME     =    151922.3331
                                                    Density    =         1.0396
 ------------------------------------------------------------------------------

wrapping first mol.:       19.41373       27.45515       47.55372
wrapping first mol.:       19.41373       27.45515       47.55372

 NSTEP =     8000   TIME(PS) =    6616.000  TEMP(K) =   305.85  PRESS =    72.5
 Etot   =    -50018.4140  EKtot   =      9713.8096  EPtot      =    -59732.2236
 BOND   =       409.0091  ANGLE   =      1008.2846  DIHED      =       714.5392
 1-4 NB =       461.0773  1-4 EEL =      5775.9906  VDWAALS    =      6721.7425
 EELEC  =    -74824.6516  EHBOND  =         0.0000  RESTRAINT  =         1.7847
 EAMBER (non-restraint)  =    -59734.0082
 EKCMT  =      4086.6312  VIRIAL  =      3848.4434  VOLUME     =    152077.7373
                                                    Density    =         1.0385
 ------------------------------------------------------------------------------

wrapping first mol.:       19.40663       27.44512       47.53635
wrapping first mol.:       19.40663       27.44512       47.53635

 NSTEP =     8500   TIME(PS) =    6617.000  TEMP(K) =   298.81  PRESS =   202.8
 Etot   =    -50225.6071  EKtot   =      9490.3672  EPtot      =    -59715.9743
 BOND   =       415.1532  ANGLE   =       993.1459  DIHED      =       706.1156
 1-4 NB =       450.5653  1-4 EEL =      5734.6985  VDWAALS    =      6763.3980
 EELEC  =    -74780.9124  EHBOND  =         0.0000  RESTRAINT  =         1.8616
 EAMBER (non-restraint)  =    -59717.8359
 EKCMT  =      3933.3784  VIRIAL  =      3268.2995  VOLUME     =    151909.3622
                                                    Density    =         1.0397
 ------------------------------------------------------------------------------

wrapping first mol.:       19.40743       27.44625       47.53829
wrapping first mol.:       19.40743       27.44625       47.53829

 NSTEP =     9000   TIME(PS) =    6618.000  TEMP(K) =   303.74  PRESS =   242.8
 Etot   =    -49934.8838  EKtot   =      9646.7598  EPtot      =    -59581.6436
 BOND   =       417.9565  ANGLE   =      1025.5330  DIHED      =       737.3310
 1-4 NB =       458.4012  1-4 EEL =      5769.9696  VDWAALS    =      6669.5293
 EELEC  =    -74662.1911  EHBOND  =         0.0000  RESTRAINT  =         1.8269
 EAMBER (non-restraint)  =    -59583.4705
 EKCMT  =      4053.8899  VIRIAL  =      3257.5126  VOLUME     =    151927.4732
                                                    Density    =         1.0396
 ------------------------------------------------------------------------------

wrapping first mol.:       19.41924       27.46296       47.56723
wrapping first mol.:       19.41924       27.46296       47.56723

 NSTEP =     9500   TIME(PS) =    6619.000  TEMP(K) =   301.03  PRESS =  -262.5
 Etot   =    -50249.4299  EKtot   =      9560.7959  EPtot      =    -59810.2258
 BOND   =       397.9542  ANGLE   =      1043.5116  DIHED      =       710.7401
 1-4 NB =       453.1878  1-4 EEL =      5782.3111  VDWAALS    =      6671.9608
 EELEC  =    -74871.7969  EHBOND  =         0.0000  RESTRAINT  =         1.9055
 EAMBER (non-restraint)  =    -59812.1313
 EKCMT  =      4006.2090  VIRIAL  =      4868.8572  VOLUME     =    152211.9875
                                                    Density    =         1.0376
 ------------------------------------------------------------------------------

wrapping first mol.:       19.40010       27.43589       47.52035
wrapping first mol.:       19.40010       27.43589       47.52035

 NSTEP =    10000   TIME(PS) =    6620.000  TEMP(K) =   300.10  PRESS =  -325.2
 Etot   =    -50269.8686  EKtot   =      9531.2285  EPtot      =    -59801.0971
 BOND   =       408.8142  ANGLE   =      1058.9599  DIHED      =       689.0990
 1-4 NB =       452.9368  1-4 EEL =      5761.5134  VDWAALS    =      6476.7918
 EELEC  =    -74651.0974  EHBOND  =         0.0000  RESTRAINT  =         1.8852
 EAMBER (non-restraint)  =    -59802.9823
 EKCMT  =      3982.7777  VIRIAL  =      5048.2652  VOLUME     =    151763.2222
                                                    Density    =         1.0407
 ------------------------------------------------------------------------------

wrapping first mol.:       19.40628       27.44462       47.53547
wrapping first mol.:       19.40628       27.44462       47.53547

 NSTEP =    10500   TIME(PS) =    6621.000  TEMP(K) =   300.07  PRESS =   135.3
 Etot   =    -49994.1371  EKtot   =      9530.1523  EPtot      =    -59524.2894
 BOND   =       387.1687  ANGLE   =      1040.8482  DIHED      =       704.9662
 1-4 NB =       455.1676  1-4 EEL =      5779.5054  VDWAALS    =      6477.1044
 EELEC  =    -74371.4523  EHBOND  =         0.0000  RESTRAINT  =         2.4023
 EAMBER (non-restraint)  =    -59526.6917
 EKCMT  =      4017.6266  VIRIAL  =      3573.9823  VOLUME     =    151901.8477
                                                    Density    =         1.0397
 ------------------------------------------------------------------------------

wrapping first mol.:       19.38771       27.41836       47.48999
wrapping first mol.:       19.38771       27.41836       47.48999

 NSTEP =    11000   TIME(PS) =    6622.000  TEMP(K) =   301.50  PRESS =    88.2
 Etot   =    -50184.7434  EKtot   =      9575.6240  EPtot      =    -59760.3674
 BOND   =       395.3521  ANGLE   =      1010.3942  DIHED      =       710.0189
 1-4 NB =       448.8554  1-4 EEL =      5820.1622  VDWAALS    =      6522.8040
 EELEC  =    -74670.2620  EHBOND  =         0.0000  RESTRAINT  =         2.3077
 EAMBER (non-restraint)  =    -59762.6752
 EKCMT  =      4036.0405  VIRIAL  =      3747.5514  VOLUME     =    151466.9541
                                                    Density    =         1.0427
 ------------------------------------------------------------------------------

wrapping first mol.:       19.39762       27.43238       47.51428
wrapping first mol.:       19.39762       27.43238       47.51428

 NSTEP =    11500   TIME(PS) =    6623.000  TEMP(K) =   305.66  PRESS =  -128.8
 Etot   =    -50112.0408  EKtot   =      9707.7637  EPtot      =    -59819.8044
 BOND   =       420.5263  ANGLE   =      1062.4708  DIHED      =       707.7573
 1-4 NB =       453.6773  1-4 EEL =      5778.6600  VDWAALS    =      6533.8575
 EELEC  =    -74778.7356  EHBOND  =         0.0000  RESTRAINT  =         1.9819
 EAMBER (non-restraint)  =    -59821.7864
 EKCMT  =      4058.0866  VIRIAL  =      4480.0758  VOLUME     =    151702.3748
                                                    Density    =         1.0411
 ------------------------------------------------------------------------------

wrapping first mol.:       19.40756       27.44644       47.53862
wrapping first mol.:       19.40756       27.44644       47.53862

 NSTEP =    12000   TIME(PS) =    6624.000  TEMP(K) =   300.02  PRESS =    83.7
 Etot   =    -50217.2090  EKtot   =      9528.5859  EPtot      =    -59745.7949
 BOND   =       384.4223  ANGLE   =      1026.9134  DIHED      =       672.8444
 1-4 NB =       442.9688  1-4 EEL =      5792.7785  VDWAALS    =      6534.6770
 EELEC  =    -74602.2098  EHBOND  =         0.0000  RESTRAINT  =         1.8104
 EAMBER (non-restraint)  =    -59747.6053
 EKCMT  =      4022.2889  VIRIAL  =      3747.7157  VOLUME     =    151932.8028
                                                    Density    =         1.0395
 ------------------------------------------------------------------------------

wrapping first mol.:       19.41449       27.45623       47.55559
wrapping first mol.:       19.41449       27.45623       47.55559

 NSTEP =    12500   TIME(PS) =    6625.000  TEMP(K) =   300.55  PRESS =   -56.3
 Etot   =    -50258.3482  EKtot   =      9545.4746  EPtot      =    -59803.8228
 BOND   =       411.4014  ANGLE   =       984.3652  DIHED      =       713.2189
 1-4 NB =       445.0367  1-4 EEL =      5769.4190  VDWAALS    =      6685.0788
 EELEC  =    -74814.5927  EHBOND  =         0.0000  RESTRAINT  =         2.2499
 EAMBER (non-restraint)  =    -59806.0726
 EKCMT  =      3979.6838  VIRIAL  =      4164.5360  VOLUME     =    152097.4347
                                                    Density    =         1.0384
 ------------------------------------------------------------------------------

wrapping first mol.:       19.41799       27.46118       47.56415
wrapping first mol.:       19.41799       27.46118       47.56415

 NSTEP =    13000   TIME(PS) =    6626.000  TEMP(K) =   300.31  PRESS =  -163.5
 Etot   =    -50077.2914  EKtot   =      9537.7754  EPtot      =    -59615.0668
 BOND   =       389.9539  ANGLE   =      1006.7242  DIHED      =       703.2857
 1-4 NB =       466.9114  1-4 EEL =      5783.4953  VDWAALS    =      6560.3568
 EELEC  =    -74528.2275  EHBOND  =         0.0000  RESTRAINT  =         2.4334
 EAMBER (non-restraint)  =    -59617.5001
 EKCMT  =      4025.0932  VIRIAL  =      4562.1633  VOLUME     =    152181.0454
                                                    Density    =         1.0378
 ------------------------------------------------------------------------------

wrapping first mol.:       19.40422       27.44171       47.53044
wrapping first mol.:       19.40422       27.44171       47.53044

 NSTEP =    13500   TIME(PS) =    6627.000  TEMP(K) =   298.23  PRESS =  -609.9
 Etot   =    -50222.8066  EKtot   =      9472.0000  EPtot      =    -59694.8066
 BOND   =       398.6406  ANGLE   =      1033.9624  DIHED      =       706.2234
 1-4 NB =       447.6324  1-4 EEL =      5749.1840  VDWAALS    =      6375.2367
 EELEC  =    -74407.9563  EHBOND  =         0.0000  RESTRAINT  =         2.2701
 EAMBER (non-restraint)  =    -59697.0767
 EKCMT  =      3968.0926  VIRIAL  =      5967.7684  VOLUME     =    151863.7284
                                                    Density    =         1.0400
 ------------------------------------------------------------------------------

wrapping first mol.:       19.40161       27.43802       47.52404
wrapping first mol.:       19.40161       27.43802       47.52404

 NSTEP =    14000   TIME(PS) =    6628.000  TEMP(K) =   302.66  PRESS =   252.4
 Etot   =    -50022.5721  EKtot   =      9612.6182  EPtot      =    -59635.1902
 BOND   =       411.5760  ANGLE   =      1017.7410  DIHED      =       711.7503
 1-4 NB =       451.7107  1-4 EEL =      5726.7317  VDWAALS    =      6751.4883
 EELEC  =    -74708.3529  EHBOND  =         0.0000  RESTRAINT  =         2.1648
 EAMBER (non-restraint)  =    -59637.3550
 EKCMT  =      4014.9241  VIRIAL  =      3187.6564  VOLUME     =    151790.7177
                                                    Density    =         1.0405
 ------------------------------------------------------------------------------

wrapping first mol.:       19.40492       27.44270       47.53214
wrapping first mol.:       19.40492       27.44270       47.53214

 NSTEP =    14500   TIME(PS) =    6629.000  TEMP(K) =   301.74  PRESS =  -348.9
 Etot   =    -50052.7250  EKtot   =      9583.3027  EPtot      =    -59636.0278
 BOND   =       400.6779  ANGLE   =      1038.1990  DIHED      =       695.3912
 1-4 NB =       468.9996  1-4 EEL =      5786.0986  VDWAALS    =      6386.7499
 EELEC  =    -74414.4236  EHBOND  =         0.0000  RESTRAINT  =         2.2797
 EAMBER (non-restraint)  =    -59638.3074
 EKCMT  =      4032.5579  VIRIAL  =      5176.5505  VOLUME     =    151876.4983
                                                    Density    =         1.0399
 ------------------------------------------------------------------------------

wrapping first mol.:       19.39305       27.42591       47.50307
wrapping first mol.:       19.39305       27.42591       47.50307

 NSTEP =    15000   TIME(PS) =    6630.000  TEMP(K) =   302.84  PRESS =   114.9
 Etot   =    -50178.6768  EKtot   =      9618.2178  EPtot      =    -59796.8946
 BOND   =       416.9893  ANGLE   =      1031.5527  DIHED      =       718.2823
 1-4 NB =       451.9841  1-4 EEL =      5776.3691  VDWAALS    =      6526.2882
 EELEC  =    -74720.5750  EHBOND  =         0.0000  RESTRAINT  =         2.2147
 EAMBER (non-restraint)  =    -59799.1093
 EKCMT  =      4055.8434  VIRIAL  =      3679.8087  VOLUME     =    151591.7678
                                                    Density    =         1.0419
 ------------------------------------------------------------------------------

wrapping first mol.:       19.40332       27.44044       47.52823
wrapping first mol.:       19.40332       27.44044       47.52823

 NSTEP =    15500   TIME(PS) =    6631.000  TEMP(K) =   300.34  PRESS =   143.9
 Etot   =    -49951.2850  EKtot   =      9538.9541  EPtot      =    -59490.2391
 BOND   =       386.2112  ANGLE   =      1061.7405  DIHED      =       712.7370
 1-4 NB =       453.9398  1-4 EEL =      5763.6894  VDWAALS    =      6501.4155
 EELEC  =    -74372.1244  EHBOND  =         0.0000  RESTRAINT  =         2.1520
 EAMBER (non-restraint)  =    -59492.3911
 EKCMT  =      3987.8605  VIRIAL  =      3516.1169  VOLUME     =    151832.4085
                                                    Density    =         1.0402
 ------------------------------------------------------------------------------

wrapping first mol.:       19.39785       27.43271       47.51484
wrapping first mol.:       19.39785       27.43271       47.51484

 NSTEP =    16000   TIME(PS) =    6632.000  TEMP(K) =   295.82  PRESS =   128.5
 Etot   =    -50304.1625  EKtot   =      9395.1768  EPtot      =    -59699.3392
 BOND   =       381.1645  ANGLE   =      1053.9534  DIHED      =       709.0651
 1-4 NB =       455.1307  1-4 EEL =      5755.9786  VDWAALS    =      6688.3165
 EELEC  =    -74744.9262  EHBOND  =         0.0000  RESTRAINT  =         1.9782
 EAMBER (non-restraint)  =    -59701.3175
 EKCMT  =      3949.9802  VIRIAL  =      3529.1989  VOLUME     =    151704.2580
                                                    Density    =         1.0411
 ------------------------------------------------------------------------------

wrapping first mol.:       19.39965       27.43525       47.51925
wrapping first mol.:       19.39965       27.43525       47.51925

 NSTEP =    16500   TIME(PS) =    6633.000  TEMP(K) =   299.79  PRESS =   232.6
 Etot   =    -50056.3355  EKtot   =      9521.5400  EPtot      =    -59577.8756
 BOND   =       427.8253  ANGLE   =      1058.6283  DIHED      =       734.2005
 1-4 NB =       444.5311  1-4 EEL =      5739.0778  VDWAALS    =      6649.2145
 EELEC  =    -74633.1440  EHBOND  =         0.0000  RESTRAINT  =         1.7909
 EAMBER (non-restraint)  =    -59579.6664
 EKCMT  =      3965.0962  VIRIAL  =      3203.1224  VOLUME     =    151745.0898
                                                    Density    =         1.0408
 ------------------------------------------------------------------------------

wrapping first mol.:       19.40247       27.43923       47.52614
wrapping first mol.:       19.40247       27.43923       47.52614

 NSTEP =    17000   TIME(PS) =    6634.000  TEMP(K) =   300.39  PRESS =   179.9
 Etot   =    -50168.8051  EKtot   =      9540.5684  EPtot      =    -59709.3735
 BOND   =       397.1950  ANGLE   =       992.6854  DIHED      =       736.3877
 1-4 NB =       447.4464  1-4 EEL =      5797.2430  VDWAALS    =      6446.9146
 EELEC  =    -74529.2515  EHBOND  =         0.0000  RESTRAINT  =         2.0060
 EAMBER (non-restraint)  =    -59711.3795
 EKCMT  =      3956.5374  VIRIAL  =      3366.8000  VOLUME     =    151811.8006
                                                    Density    =         1.0403
 ------------------------------------------------------------------------------

wrapping first mol.:       19.37862       27.40550       47.46772
wrapping first mol.:       19.37862       27.40550       47.46772

 NSTEP =    17500   TIME(PS) =    6635.000  TEMP(K) =   303.92  PRESS =   154.3
 Etot   =    -50044.5531  EKtot   =      9652.5625  EPtot      =    -59697.1156
 BOND   =       383.5306  ANGLE   =      1029.8100  DIHED      =       718.6149
 1-4 NB =       463.9281  1-4 EEL =      5765.7411  VDWAALS    =      6672.4334
 EELEC  =    -74733.2196  EHBOND  =         0.0000  RESTRAINT  =         2.0461
 EAMBER (non-restraint)  =    -59699.1616
 EKCMT  =      4033.6554  VIRIAL  =      3529.8797  VOLUME     =    151253.0575
                                                    Density    =         1.0442
 ------------------------------------------------------------------------------

wrapping first mol.:       19.40164       27.43806       47.52410
wrapping first mol.:       19.40164       27.43806       47.52410

 NSTEP =    18000   TIME(PS) =    6636.000  TEMP(K) =   298.22  PRESS =   -76.1
 Etot   =    -50230.5866  EKtot   =      9471.5107  EPtot      =    -59702.0973
 BOND   =       379.3675  ANGLE   =      1026.3303  DIHED      =       732.7730
 1-4 NB =       445.8137  1-4 EEL =      5821.0840  VDWAALS    =      6603.7563
 EELEC  =    -74713.2522  EHBOND  =         0.0000  RESTRAINT  =         2.0300
 EAMBER (non-restraint)  =    -59704.1273
 EKCMT  =      3910.5448  VIRIAL  =      4160.0934  VOLUME     =    151795.7865
                                                    Density    =         1.0405
 ------------------------------------------------------------------------------

wrapping first mol.:       19.40825       27.44741       47.54030
wrapping first mol.:       19.40825       27.44741       47.54030

 NSTEP =    18500   TIME(PS) =    6637.000  TEMP(K) =   297.55  PRESS =    66.5
 Etot   =    -50285.5444  EKtot   =      9450.1885  EPtot      =    -59735.7329
 BOND   =       390.9216  ANGLE   =      1047.3544  DIHED      =       693.3572
 1-4 NB =       472.7404  1-4 EEL =      5762.2805  VDWAALS    =      6613.5224
 EELEC  =    -74717.6637  EHBOND  =         0.0000  RESTRAINT  =         1.7542
 EAMBER (non-restraint)  =    -59737.4871
 EKCMT  =      3987.8399  VIRIAL  =      3769.6747  VOLUME     =    151949.0812
                                                    Density    =         1.0394
 ------------------------------------------------------------------------------

wrapping first mol.:       19.42427       27.47007       47.57955
wrapping first mol.:       19.42427       27.47007       47.57955

 NSTEP =    19000   TIME(PS) =    6638.000  TEMP(K) =   303.83  PRESS =   314.9
 Etot   =    -49971.9288  EKtot   =      9649.6025  EPtot      =    -59621.5314
 BOND   =       394.8812  ANGLE   =      1019.3751  DIHED      =       718.7088
 1-4 NB =       461.8374  1-4 EEL =      5769.6250  VDWAALS    =      6688.6140
 EELEC  =    -74676.4424  EHBOND  =         0.0000  RESTRAINT  =         1.8695
 EAMBER (non-restraint)  =    -59623.4009
 EKCMT  =      4045.2742  VIRIAL  =      3009.6034  VOLUME     =    152322.3591
                                                    Density    =         1.0369
 ------------------------------------------------------------------------------

wrapping first mol.:       19.43702       27.48809       47.61077
wrapping first mol.:       19.43702       27.48809       47.61077

 NSTEP =    19500   TIME(PS) =    6639.000  TEMP(K) =   302.49  PRESS =   245.9
 Etot   =    -50193.6852  EKtot   =      9607.1055  EPtot      =    -59800.7906
 BOND   =       394.8018  ANGLE   =      1005.5508  DIHED      =       720.1744
 1-4 NB =       465.0535  1-4 EEL =      5765.1169  VDWAALS    =      6671.4988
 EELEC  =    -74824.9568  EHBOND  =         0.0000  RESTRAINT  =         1.9699
 EAMBER (non-restraint)  =    -59802.7605
 EKCMT  =      4043.3121  VIRIAL  =      3233.0451  VOLUME     =    152623.4070
                                                    Density    =         1.0348
 ------------------------------------------------------------------------------

wrapping first mol.:       19.42659       27.47334       47.58522
wrapping first mol.:       19.42659       27.47334       47.58522

 NSTEP =    20000   TIME(PS) =    6640.000  TEMP(K) =   304.45  PRESS =   103.9
 Etot   =    -50200.9379  EKtot   =      9669.4297  EPtot      =    -59870.3676
 BOND   =       387.2896  ANGLE   =      1010.0485  DIHED      =       710.0866
 1-4 NB =       469.1076  1-4 EEL =      5760.7934  VDWAALS    =      6712.9187
 EELEC  =    -74922.5822  EHBOND  =         0.0000  RESTRAINT  =         1.9701
 EAMBER (non-restraint)  =    -59872.3377
 EKCMT  =      4046.3109  VIRIAL  =      3704.5634  VOLUME     =    152379.7638
                                                    Density    =         1.0365
 ------------------------------------------------------------------------------

wrapping first mol.:       19.40284       27.43976       47.52706
wrapping first mol.:       19.40284       27.43976       47.52706

 NSTEP =    20500   TIME(PS) =    6641.000  TEMP(K) =   303.72  PRESS =   -42.3
 Etot   =    -50079.6318  EKtot   =      9646.2432  EPtot      =    -59725.8750
 BOND   =       370.5857  ANGLE   =      1053.6656  DIHED      =       736.7343
 1-4 NB =       463.3516  1-4 EEL =      5740.0657  VDWAALS    =      6677.6311
 EELEC  =    -74769.6213  EHBOND  =         0.0000  RESTRAINT  =         1.7122
 EAMBER (non-restraint)  =    -59727.5872
 EKCMT  =      4018.1879  VIRIAL  =      4156.7328  VOLUME     =    151823.6741
                                                    Density    =         1.0403
 ------------------------------------------------------------------------------

wrapping first mol.:       19.41477       27.45664       47.55629
wrapping first mol.:       19.41477       27.45664       47.55629

 NSTEP =    21000   TIME(PS) =    6642.000  TEMP(K) =   299.35  PRESS =   130.0
 Etot   =    -50255.7865  EKtot   =      9507.3887  EPtot      =    -59763.1752
 BOND   =       414.4926  ANGLE   =      1054.3390  DIHED      =       711.3744
 1-4 NB =       470.8096  1-4 EEL =      5760.6550  VDWAALS    =      6699.4670
 EELEC  =    -74876.3304  EHBOND  =         0.0000  RESTRAINT  =         2.0177
 EAMBER (non-restraint)  =    -59765.1929
 EKCMT  =      3996.1385  VIRIAL  =      3569.2079  VOLUME     =    152101.5873
                                                    Density    =         1.0384
 ------------------------------------------------------------------------------

wrapping first mol.:       19.40669       27.44520       47.53648
wrapping first mol.:       19.40669       27.44520       47.53648

 NSTEP =    21500   TIME(PS) =    6643.000  TEMP(K) =   304.31  PRESS =  -339.0
 Etot   =    -49984.2296  EKtot   =      9665.0176  EPtot      =    -59649.2472
 BOND   =       401.5290  ANGLE   =      1064.6444  DIHED      =       709.3668
 1-4 NB =       460.2980  1-4 EEL =      5750.7887  VDWAALS    =      6664.7130
 EELEC  =    -74702.4969  EHBOND  =         0.0000  RESTRAINT  =         1.9099
 EAMBER (non-restraint)  =    -59651.1571
 EKCMT  =      4060.3151  VIRIAL  =      5172.3038  VOLUME     =    151917.9566
                                                    Density    =         1.0396
 ------------------------------------------------------------------------------

wrapping first mol.:       19.41884       27.46239       47.56626
wrapping first mol.:       19.41884       27.46239       47.56626

 NSTEP =    22000   TIME(PS) =    6644.000  TEMP(K) =   296.99  PRESS =  -263.4
 Etot   =    -50317.9394  EKtot   =      9432.3496  EPtot      =    -59750.2890
 BOND   =       390.7898  ANGLE   =      1064.7618  DIHED      =       716.7437
 1-4 NB =       456.2489  1-4 EEL =      5765.0727  VDWAALS    =      6552.6850
 EELEC  =    -74698.4461  EHBOND  =         0.0000  RESTRAINT  =         1.8552
 EAMBER (non-restraint)  =    -59752.1442
 EKCMT  =      3937.6785  VIRIAL  =      4803.2468  VOLUME     =    152202.6067
                                                    Density    =         1.0377
 ------------------------------------------------------------------------------

wrapping first mol.:       19.40162       27.43803       47.52406
wrapping first mol.:       19.40162       27.43803       47.52406

 NSTEP =    22500   TIME(PS) =    6645.000  TEMP(K) =   300.19  PRESS =  -393.5
 Etot   =    -50240.8619  EKtot   =      9534.0723  EPtot      =    -59774.9342
 BOND   =       391.1873  ANGLE   =      1013.1258  DIHED      =       713.3860
 1-4 NB =       453.3633  1-4 EEL =      5717.0974  VDWAALS    =      6387.6571
 EELEC  =    -74452.3214  EHBOND  =         0.0000  RESTRAINT  =         1.5703
 EAMBER (non-restraint)  =    -59776.5045
 EKCMT  =      3941.4437  VIRIAL  =      5231.1429  VOLUME     =    151799.6572
                                                    Density    =         1.0404
 ------------------------------------------------------------------------------

wrapping first mol.:       19.39346       27.42649       47.50407
wrapping first mol.:       19.39346       27.42649       47.50407

 NSTEP =    23000   TIME(PS) =    6646.000  TEMP(K) =   300.24  PRESS =  -256.7
 Etot   =    -50381.6482  EKtot   =      9535.7344  EPtot      =    -59917.3826
 BOND   =       402.3268  ANGLE   =      1004.3084  DIHED      =       714.9559
 1-4 NB =       455.2152  1-4 EEL =      5774.1913  VDWAALS    =      6592.8307
 EELEC  =    -74863.0215  EHBOND  =         0.0000  RESTRAINT  =         1.8105
 EAMBER (non-restraint)  =    -59919.1931
 EKCMT  =      4032.2270  VIRIAL  =      4872.3508  VOLUME     =    151606.3223
                                                    Density    =         1.0418
 ------------------------------------------------------------------------------

wrapping first mol.:       19.39762       27.43238       47.51426
wrapping first mol.:       19.39762       27.43238       47.51426

 NSTEP =    23500   TIME(PS) =    6647.000  TEMP(K) =   300.59  PRESS =  -260.7
 Etot   =    -50311.8704  EKtot   =      9546.9111  EPtot      =    -59858.7816
 BOND   =       435.4059  ANGLE   =      1009.6395  DIHED      =       724.2885
 1-4 NB =       463.3271  1-4 EEL =      5731.4952  VDWAALS    =      6679.4509
 EELEC  =    -74904.4502  EHBOND  =         0.0000  RESTRAINT  =         2.0614
 EAMBER (non-restraint)  =    -59860.8429
 EKCMT  =      3927.0150  VIRIAL  =      4781.0569  VOLUME     =    151704.0344
                                                    Density    =         1.0411
 ------------------------------------------------------------------------------

wrapping first mol.:       19.42042       27.46463       47.57013
wrapping first mol.:       19.42042       27.46463       47.57013

 NSTEP =    24000   TIME(PS) =    6648.000  TEMP(K) =   301.37  PRESS =   281.5
 Etot   =    -50183.5639  EKtot   =      9571.4424  EPtot      =    -59755.0062
 BOND   =       398.5605  ANGLE   =       983.0453  DIHED      =       709.7721
 1-4 NB =       457.1803  1-4 EEL =      5822.5949  VDWAALS    =      6684.4930
 EELEC  =    -74812.8819  EHBOND  =         0.0000  RESTRAINT  =         2.2295
 EAMBER (non-restraint)  =    -59757.2358
 EKCMT  =      4068.6052  VIRIAL  =      3143.4732  VOLUME     =    152232.3574
                                                    Density    =         1.0375
 ------------------------------------------------------------------------------

wrapping first mol.:       19.42115       27.46566       47.57191
wrapping first mol.:       19.42115       27.46566       47.57191

 NSTEP =    24500   TIME(PS) =    6649.000  TEMP(K) =   301.42  PRESS =    24.2
 Etot   =    -50251.5313  EKtot   =      9573.1006  EPtot      =    -59824.6319
 BOND   =       392.5671  ANGLE   =       995.8533  DIHED      =       710.8439
 1-4 NB =       454.8731  1-4 EEL =      5785.1835  VDWAALS    =      6702.2433
 EELEC  =    -74868.2777  EHBOND  =         0.0000  RESTRAINT  =         2.0814
 EAMBER (non-restraint)  =    -59826.7133
 EKCMT  =      4010.5116  VIRIAL  =      3931.0614  VOLUME     =    152252.9775
                                                    Density    =         1.0373
 ------------------------------------------------------------------------------

wrapping first mol.:       19.42547       27.47176       47.58248
wrapping first mol.:       19.42547       27.47176       47.58248

 NSTEP =    25000   TIME(PS) =    6650.000  TEMP(K) =   298.60  PRESS =  -112.9
 Etot   =    -50358.0239  EKtot   =      9483.6650  EPtot      =    -59841.6889
 BOND   =       389.9749  ANGLE   =      1050.8531  DIHED      =       731.3302
 1-4 NB =       448.4932  1-4 EEL =      5741.5935  VDWAALS    =      6661.1497
 EELEC  =    -74867.3374  EHBOND  =         0.0000  RESTRAINT  =         2.2539
 EAMBER (non-restraint)  =    -59843.9428
 EKCMT  =      4040.6795  VIRIAL  =      4411.9229  VOLUME     =    152356.4026
                                                    Density    =         1.0366
 ------------------------------------------------------------------------------

wrapping first mol.:       19.39611       27.43025       47.51058
wrapping first mol.:       19.39611       27.43025       47.51058

 NSTEP =    25500   TIME(PS) =    6651.000  TEMP(K) =   303.33  PRESS =   -78.4
 Etot   =    -50189.4686  EKtot   =      9633.7158  EPtot      =    -59823.1844
 BOND   =       409.1863  ANGLE   =      1038.4046  DIHED      =       715.5606
 1-4 NB =       443.2812  1-4 EEL =      5731.5636  VDWAALS    =      6691.7134
 EELEC  =    -74855.0873  EHBOND  =         0.0000  RESTRAINT  =         2.1932
 EAMBER (non-restraint)  =    -59825.3776
 EKCMT  =      4018.7488  VIRIAL  =      4275.3720  VOLUME     =    151666.2624
                                                    Density    =         1.0413
 ------------------------------------------------------------------------------

wrapping first mol.:       19.38808       27.41889       47.49090
wrapping first mol.:       19.38808       27.41889       47.49090

 NSTEP =    26000   TIME(PS) =    6652.000  TEMP(K) =   298.76  PRESS =   -57.0
 Etot   =    -50162.3787  EKtot   =      9488.8574  EPtot      =    -59651.2361
 BOND   =       396.4285  ANGLE   =      1015.8277  DIHED      =       718.3626
 1-4 NB =       463.5120  1-4 EEL =      5748.8855  VDWAALS    =      6609.6407
 EELEC  =    -74606.2222  EHBOND  =         0.0000  RESTRAINT  =         2.3289
 EAMBER (non-restraint)  =    -59653.5651
 EKCMT  =      4027.0222  VIRIAL  =      4213.5767  VOLUME     =    151477.6034
                                                    Density    =         1.0426
 ------------------------------------------------------------------------------

wrapping first mol.:       19.39513       27.42886       47.50818
wrapping first mol.:       19.39513       27.42886       47.50818

 NSTEP =    26500   TIME(PS) =    6653.000  TEMP(K) =   301.27  PRESS =   205.7
 Etot   =    -50183.6785  EKtot   =      9568.3965  EPtot      =    -59752.0750
 BOND   =       399.4488  ANGLE   =      1048.7113  DIHED      =       692.3643
 1-4 NB =       465.8012  1-4 EEL =      5762.0906  VDWAALS    =      6806.6152
 EELEC  =    -74929.3722  EHBOND  =         0.0000  RESTRAINT  =         2.2657
 EAMBER (non-restraint)  =    -59754.3407
 EKCMT  =      3960.1811  VIRIAL  =      3286.6946  VOLUME     =    151639.4281
                                                    Density    =         1.0415
 ------------------------------------------------------------------------------

wrapping first mol.:       19.38935       27.42068       47.49400
wrapping first mol.:       19.38935       27.42068       47.49400

 NSTEP =    27000   TIME(PS) =    6654.000  TEMP(K) =   300.04  PRESS =   372.7
 Etot   =    -50261.9869  EKtot   =      9529.3115  EPtot      =    -59791.2984
 BOND   =       423.0303  ANGLE   =      1000.3763  DIHED      =       709.6226
 1-4 NB =       453.6894  1-4 EEL =      5759.4494  VDWAALS    =      6723.8530
 EELEC  =    -74864.0602  EHBOND  =         0.0000  RESTRAINT  =         2.7407
 EAMBER (non-restraint)  =    -59794.0391
 EKCMT  =      4021.1373  VIRIAL  =      2801.9134  VOLUME     =    151501.4685
                                                    Density    =         1.0425
 ------------------------------------------------------------------------------

wrapping first mol.:       19.38210       27.41042       47.47624
wrapping first mol.:       19.38210       27.41042       47.47624

 NSTEP =    27500   TIME(PS) =    6655.000  TEMP(K) =   304.92  PRESS =   208.6
 Etot   =    -50190.3105  EKtot   =      9684.4092  EPtot      =    -59874.7196
 BOND   =       413.7249  ANGLE   =      1014.5230  DIHED      =       712.3026
 1-4 NB =       447.5833  1-4 EEL =      5775.3781  VDWAALS    =      6587.0310
 EELEC  =    -74827.7023  EHBOND  =         0.0000  RESTRAINT  =         2.4398
 EAMBER (non-restraint)  =    -59877.1594
 EKCMT  =      4058.7939  VIRIAL  =      3377.1316  VOLUME     =    151333.7792
                                                    Density    =         1.0436
 ------------------------------------------------------------------------------

wrapping first mol.:       19.35948       27.37844       47.42084
wrapping first mol.:       19.35948       27.37844       47.42084

 NSTEP =    28000   TIME(PS) =    6656.000  TEMP(K) =   300.03  PRESS =   170.1
 Etot   =    -50226.5785  EKtot   =      9529.0293  EPtot      =    -59755.6078
 BOND   =       402.8405  ANGLE   =      1056.5087  DIHED      =       698.1367
 1-4 NB =       463.7559  1-4 EEL =      5799.2718  VDWAALS    =      6674.9686
 EELEC  =    -74853.1637  EHBOND  =         0.0000  RESTRAINT  =         2.0737
 EAMBER (non-restraint)  =    -59757.6815
 EKCMT  =      4009.2111  VIRIAL  =      3455.2413  VOLUME     =    150805.1435
                                                    Density    =         1.0473
 ------------------------------------------------------------------------------

wrapping first mol.:       19.38011       27.40761       47.47137
wrapping first mol.:       19.38011       27.40761       47.47137

 NSTEP =    28500   TIME(PS) =    6657.000  TEMP(K) =   299.99  PRESS =   172.3
 Etot   =    -50280.6223  EKtot   =      9527.8184  EPtot      =    -59808.4406
 BOND   =       432.5042  ANGLE   =      1033.6769  DIHED      =       703.0397
 1-4 NB =       445.1479  1-4 EEL =      5771.1801  VDWAALS    =      6647.3270
 EELEC  =    -74843.3561  EHBOND  =         0.0000  RESTRAINT  =         2.0397
 EAMBER (non-restraint)  =    -59810.4803
 EKCMT  =      3996.6908  VIRIAL  =      3433.7893  VOLUME     =    151287.6659
                                                    Density    =         1.0440
 ------------------------------------------------------------------------------

wrapping first mol.:       19.37475       27.40004       47.45825
wrapping first mol.:       19.37475       27.40004       47.45825

 NSTEP =    29000   TIME(PS) =    6658.000  TEMP(K) =   299.75  PRESS =   191.4
 Etot   =    -50217.1997  EKtot   =      9520.2139  EPtot      =    -59737.4136
 BOND   =       391.8429  ANGLE   =      1048.1157  DIHED      =       728.7825
 1-4 NB =       454.4193  1-4 EEL =      5762.9284  VDWAALS    =      6532.6730
 EELEC  =    -74658.2960  EHBOND  =         0.0000  RESTRAINT  =         2.1206
 EAMBER (non-restraint)  =    -59739.5342
 EKCMT  =      4031.0458  VIRIAL  =      3406.2280  VOLUME     =    151162.0445
                                                    Density    =         1.0448
 ------------------------------------------------------------------------------

wrapping first mol.:       19.38581       27.41568       47.48535
wrapping first mol.:       19.38581       27.41568       47.48535

 NSTEP =    29500   TIME(PS) =    6659.000  TEMP(K) =   299.15  PRESS =   400.2
 Etot   =    -50160.5334  EKtot   =      9501.0371  EPtot      =    -59661.5705
 BOND   =       389.3423  ANGLE   =      1026.0404  DIHED      =       717.2364
 1-4 NB =       462.2875  1-4 EEL =      5747.9997  VDWAALS    =      6651.8215
 EELEC  =    -74658.2892  EHBOND  =         0.0000  RESTRAINT  =         1.9909
 EAMBER (non-restraint)  =    -59663.5614
 EKCMT  =      4025.5871  VIRIAL  =      2717.0991  VOLUME     =    151418.3126
                                                    Density    =         1.0431
 ------------------------------------------------------------------------------

wrapping first mol.:       19.39765       27.43242       47.51434
wrapping first mol.:       19.39765       27.43242       47.51434

 NSTEP =    30000   TIME(PS) =    6660.000  TEMP(K) =   301.84  PRESS =   -26.6
 Etot   =    -50066.5620  EKtot   =      9586.5332  EPtot      =    -59653.0952
 BOND   =       417.1226  ANGLE   =      1015.0777  DIHED      =       702.1761
 1-4 NB =       452.7668  1-4 EEL =      5756.8910  VDWAALS    =      6468.7665
 EELEC  =    -74468.0544  EHBOND  =         0.0000  RESTRAINT  =         2.1584
 EAMBER (non-restraint)  =    -59655.2536
 EKCMT  =      4027.9045  VIRIAL  =      4115.1498  VOLUME     =    151701.5963
                                                    Density    =         1.0411
 ------------------------------------------------------------------------------

wrapping first mol.:       19.38968       27.42114       47.49481
wrapping first mol.:       19.38968       27.42114       47.49481

 NSTEP =    30500   TIME(PS) =    6661.000  TEMP(K) =   298.09  PRESS =    87.5
 Etot   =    -50295.1085  EKtot   =      9467.4668  EPtot      =    -59762.5753
 BOND   =       410.5894  ANGLE   =      1009.3505  DIHED      =       715.3087
 1-4 NB =       464.9937  1-4 EEL =      5783.5216  VDWAALS    =      6645.3353
 EELEC  =    -74793.7691  EHBOND  =         0.0000  RESTRAINT  =         2.0946
 EAMBER (non-restraint)  =    -59764.6699
 EKCMT  =      3994.1438  VIRIAL  =      3707.9986  VOLUME     =    151513.0290
                                                    Density    =         1.0424
 ------------------------------------------------------------------------------

wrapping first mol.:       19.40056       27.43653       47.52146
wrapping first mol.:       19.40056       27.43653       47.52146

 NSTEP =    31000   TIME(PS) =    6662.000  TEMP(K) =   297.14  PRESS =    71.2
 Etot   =    -50273.5254  EKtot   =      9437.2285  EPtot      =    -59710.7539
 BOND   =       388.1074  ANGLE   =      1022.4809  DIHED      =       692.9350
 1-4 NB =       449.9552  1-4 EEL =      5800.4380  VDWAALS    =      6638.7676
 EELEC  =    -74705.5269  EHBOND  =         0.0000  RESTRAINT  =         2.0889
 EAMBER (non-restraint)  =    -59712.8428
 EKCMT  =      3925.8009  VIRIAL  =      3692.5910  VOLUME     =    151768.4349
                                                    Density    =         1.0406
 ------------------------------------------------------------------------------

wrapping first mol.:       19.40556       27.44361       47.53372
wrapping first mol.:       19.40556       27.44361       47.53372

 NSTEP =    31500   TIME(PS) =    6663.000  TEMP(K) =   300.59  PRESS =   131.4
 Etot   =    -50314.6973  EKtot   =      9546.7285  EPtot      =    -59861.4259
 BOND   =       395.4652  ANGLE   =      1042.0931  DIHED      =       708.9960
 1-4 NB =       458.8519  1-4 EEL =      5799.9492  VDWAALS    =      6547.5187
 EELEC  =    -74816.4487  EHBOND  =         0.0000  RESTRAINT  =         2.1486
 EAMBER (non-restraint)  =    -59863.5745
 EKCMT  =      3946.6440  VIRIAL  =      3515.6568  VOLUME     =    151885.1238
                                                    Density    =         1.0398
 ------------------------------------------------------------------------------

wrapping first mol.:       19.40760       27.44649       47.53871
wrapping first mol.:       19.40760       27.44649       47.53871

 NSTEP =    32000   TIME(PS) =    6664.000  TEMP(K) =   302.41  PRESS =   227.0
 Etot   =    -50381.6922  EKtot   =      9604.6074  EPtot      =    -59986.2997
 BOND   =       396.6911  ANGLE   =      1013.7668  DIHED      =       719.2529
 1-4 NB =       459.3031  1-4 EEL =      5757.6638  VDWAALS    =      6766.2617
 EELEC  =    -75101.3503  EHBOND  =         0.0000  RESTRAINT  =         2.1111
 EAMBER (non-restraint)  =    -59988.4108
 EKCMT  =      4012.7255  VIRIAL  =      3267.9591  VOLUME     =    151931.7382
                                                    Density    =         1.0395
 ------------------------------------------------------------------------------

wrapping first mol.:       19.40278       27.43967       47.52691
wrapping first mol.:       19.40278       27.43967       47.52691

 NSTEP =    32500   TIME(PS) =    6665.000  TEMP(K) =   298.99  PRESS =   198.6
 Etot   =    -50379.6587  EKtot   =      9495.9385  EPtot      =    -59875.5972
 BOND   =       395.6620  ANGLE   =      1004.1800  DIHED      =       700.4572
 1-4 NB =       454.4575  1-4 EEL =      5701.9433  VDWAALS    =      6787.1305
 EELEC  =    -74921.3111  EHBOND  =         0.0000  RESTRAINT  =         1.8834
 EAMBER (non-restraint)  =    -59877.4805
 EKCMT  =      4078.9175  VIRIAL  =      3427.8532  VOLUME     =    151818.9245
                                                    Density    =         1.0403
 ------------------------------------------------------------------------------

wrapping first mol.:       19.41470       27.45653       47.55611
wrapping first mol.:       19.41470       27.45653       47.55611

 NSTEP =    33000   TIME(PS) =    6666.000  TEMP(K) =   302.11  PRESS =  -192.1
 Etot   =    -50394.4352  EKtot   =      9594.9961  EPtot      =    -59989.4313
 BOND   =       433.7574  ANGLE   =      1018.9792  DIHED      =       710.5374
 1-4 NB =       442.5506  1-4 EEL =      5720.1655  VDWAALS    =      6740.9540
 EELEC  =    -75058.6904  EHBOND  =         0.0000  RESTRAINT  =         2.3150
 EAMBER (non-restraint)  =    -59991.7463
 EKCMT  =      3961.2379  VIRIAL  =      4592.2443  VOLUME     =    152104.2477
                                                    Density    =         1.0383
 ------------------------------------------------------------------------------

wrapping first mol.:       19.42670       27.47350       47.58549
wrapping first mol.:       19.42670       27.47350       47.58549

 NSTEP =    33500   TIME(PS) =    6667.000  TEMP(K) =   299.89  PRESS =   268.7
 Etot   =    -50408.4766  EKtot   =      9524.4863  EPtot      =    -59932.9630
 BOND   =       405.3774  ANGLE   =      1003.7540  DIHED      =       707.6153
 1-4 NB =       459.8500  1-4 EEL =      5772.1432  VDWAALS    =      6862.9726
 EELEC  =    -75147.0586  EHBOND  =         0.0000  RESTRAINT  =         2.3831
 EAMBER (non-restraint)  =    -59935.3461
 EKCMT  =      3937.1357  VIRIAL  =      3053.0535  VOLUME     =    152380.0991
                                                    Density    =         1.0365
 ------------------------------------------------------------------------------

wrapping first mol.:       19.43210       27.48113       47.59871
wrapping first mol.:       19.43210       27.48113       47.59871

 NSTEP =    34000   TIME(PS) =    6668.000  TEMP(K) =   298.44  PRESS =   244.0
 Etot   =    -50325.9877  EKtot   =      9478.6943  EPtot      =    -59804.6820
 BOND   =       416.4384  ANGLE   =       984.3063  DIHED      =       712.5533
 1-4 NB =       448.8925  1-4 EEL =      5788.7776  VDWAALS    =      6705.6723
 EELEC  =    -74863.6576  EHBOND  =         0.0000  RESTRAINT  =         2.3351
 EAMBER (non-restraint)  =    -59807.0171
 EKCMT  =      4002.8224  VIRIAL  =      3199.3793  VOLUME     =    152507.5002
                                                    Density    =         1.0356
 ------------------------------------------------------------------------------

wrapping first mol.:       19.39906       27.43441       47.51778
wrapping first mol.:       19.39906       27.43441       47.51778

 NSTEP =    34500   TIME(PS) =    6669.000  TEMP(K) =   299.40  PRESS =   176.8
 Etot   =    -50246.7682  EKtot   =      9509.0996  EPtot      =    -59755.8678
 BOND   =       423.2077  ANGLE   =       995.1016  DIHED      =       723.1710
 1-4 NB =       461.6209  1-4 EEL =      5763.3863  VDWAALS    =      6640.7407
 EELEC  =    -74765.5073  EHBOND  =         0.0000  RESTRAINT  =         2.4114
 EAMBER (non-restraint)  =    -59758.2792
 EKCMT  =      4021.8260  VIRIAL  =      3442.6582  VOLUME     =    151731.7995
                                                    Density    =         1.0409
 ------------------------------------------------------------------------------

wrapping first mol.:       19.39999       27.43573       47.52007
wrapping first mol.:       19.39999       27.43573       47.52007

 NSTEP =    35000   TIME(PS) =    6670.000  TEMP(K) =   299.81  PRESS =   164.0
 Etot   =    -50379.7502  EKtot   =      9522.1279  EPtot      =    -59901.8782
 BOND   =       414.3472  ANGLE   =      1007.9623  DIHED      =       681.3057
 1-4 NB =       451.1348  1-4 EEL =      5783.0803  VDWAALS    =      6718.0950
 EELEC  =    -74960.0280  EHBOND  =         0.0000  RESTRAINT  =         2.2244
 EAMBER (non-restraint)  =    -59904.1026
 EKCMT  =      4028.4422  VIRIAL  =      3491.0777  VOLUME     =    151753.9182
                                                    Density    =         1.0407
 ------------------------------------------------------------------------------

wrapping first mol.:       19.41616       27.45859       47.55967
wrapping first mol.:       19.41616       27.45859       47.55967

 NSTEP =    35500   TIME(PS) =    6671.000  TEMP(K) =   297.16  PRESS =     3.1
 Etot   =    -50436.8554  EKtot   =      9437.7676  EPtot      =    -59874.6230
 BOND   =       382.0053  ANGLE   =      1019.7513  DIHED      =       716.3523
 1-4 NB =       451.9753  1-4 EEL =      5779.5119  VDWAALS    =      6617.4434
 EELEC  =    -74843.7260  EHBOND  =         0.0000  RESTRAINT  =         2.0634
 EAMBER (non-restraint)  =    -59876.6864
 EKCMT  =      3979.8442  VIRIAL  =      3969.7475  VOLUME     =    152135.7617
                                                    Density    =         1.0381
 ------------------------------------------------------------------------------

wrapping first mol.:       19.41042       27.45048       47.54563
wrapping first mol.:       19.41042       27.45048       47.54563

 NSTEP =    36000   TIME(PS) =    6672.000  TEMP(K) =   301.90  PRESS =  -281.2
 Etot   =    -50273.8534  EKtot   =      9588.5254  EPtot      =    -59862.3788
 BOND   =       379.0174  ANGLE   =      1029.1571  DIHED      =       715.3893
 1-4 NB =       447.0555  1-4 EEL =      5805.7819  VDWAALS    =      6538.9735
 EELEC  =    -74779.8294  EHBOND  =         0.0000  RESTRAINT  =         2.0759
 EAMBER (non-restraint)  =    -59864.4547
 EKCMT  =      4018.0422  VIRIAL  =      4940.8832  VOLUME     =    152004.9435
                                                    Density    =         1.0390
 ------------------------------------------------------------------------------

wrapping first mol.:       19.40537       27.44334       47.53325
wrapping first mol.:       19.40537       27.44334       47.53325

 NSTEP =    36500   TIME(PS) =    6673.000  TEMP(K) =   299.10  PRESS =    -5.1
 Etot   =    -50333.4675  EKtot   =      9499.5986  EPtot      =    -59833.0661
 BOND   =       427.3134  ANGLE   =      1014.3899  DIHED      =       714.5239
 1-4 NB =       449.9694  1-4 EEL =      5768.7745  VDWAALS    =      6587.7567
 EELEC  =    -74797.8962  EHBOND  =         0.0000  RESTRAINT  =         2.1022
 EAMBER (non-restraint)  =    -59835.1683
 EKCMT  =      3971.7203  VIRIAL  =      3988.5122  VOLUME     =    151882.4763
                                                    Density    =         1.0399
 ------------------------------------------------------------------------------

wrapping first mol.:       19.41143       27.45190       47.54808
wrapping first mol.:       19.41143       27.45190       47.54808

 NSTEP =    37000   TIME(PS) =    6674.000  TEMP(K) =   300.92  PRESS =  -292.2
 Etot   =    -50279.9581  EKtot   =      9557.2812  EPtot      =    -59837.2394
 BOND   =       391.1414  ANGLE   =      1061.7639  DIHED      =       711.1938
 1-4 NB =       461.8145  1-4 EEL =      5772.8172  VDWAALS    =      6535.5587
 EELEC  =    -74773.6959  EHBOND  =         0.0000  RESTRAINT  =         2.1670
 EAMBER (non-restraint)  =    -59839.4064
 EKCMT  =      3949.2645  VIRIAL  =      4908.3555  VOLUME     =    152028.6283
                                                    Density    =         1.0389
 ------------------------------------------------------------------------------

wrapping first mol.:       19.41751       27.46050       47.56298
wrapping first mol.:       19.41751       27.46050       47.56298

 NSTEP =    37500   TIME(PS) =    6675.000  TEMP(K) =   302.06  PRESS =    30.7
 Etot   =    -50060.3368  EKtot   =      9593.6289  EPtot      =    -59653.9657
 BOND   =       363.7033  ANGLE   =      1020.2982  DIHED      =       712.6865
 1-4 NB =       453.7188  1-4 EEL =      5785.8829  VDWAALS    =      6620.5655
 EELEC  =    -74612.4983  EHBOND  =         0.0000  RESTRAINT  =         1.6774
 EAMBER (non-restraint)  =    -59655.6431
 EKCMT  =      3952.2791  VIRIAL  =      3851.2932  VOLUME     =    152167.1476
                                                    Density    =         1.0379
 ------------------------------------------------------------------------------

wrapping first mol.:       19.40537       27.44334       47.53326
wrapping first mol.:       19.40537       27.44334       47.53326

 NSTEP =    38000   TIME(PS) =    6676.000  TEMP(K) =   299.00  PRESS =   116.7
 Etot   =    -50283.1738  EKtot   =      9496.3955  EPtot      =    -59779.5693
 BOND   =       379.0327  ANGLE   =       995.6926  DIHED      =       703.8045
 1-4 NB =       460.3903  1-4 EEL =      5783.4912  VDWAALS    =      6619.9308
 EELEC  =    -74723.5212  EHBOND  =         0.0000  RESTRAINT  =         1.6098
 EAMBER (non-restraint)  =    -59781.1791
 EKCMT  =      3961.1111  VIRIAL  =      3578.5696  VOLUME     =    151880.9296
                                                    Density    =         1.0399
 ------------------------------------------------------------------------------

wrapping first mol.:       19.40432       27.44185       47.53068
wrapping first mol.:       19.40432       27.44185       47.53068

 NSTEP =    38500   TIME(PS) =    6677.000  TEMP(K) =   299.83  PRESS =   280.2
 Etot   =    -50295.9797  EKtot   =      9522.7119  EPtot      =    -59818.6916
 BOND   =       382.0865  ANGLE   =      1044.5817  DIHED      =       685.8381
 1-4 NB =       449.1826  1-4 EEL =      5789.5096  VDWAALS    =      6721.7193
 EELEC  =    -74893.1777  EHBOND  =         0.0000  RESTRAINT  =         1.5684
 EAMBER (non-restraint)  =    -59820.2600
 EKCMT  =      3944.2389  VIRIAL  =      3025.4499  VOLUME     =    151854.0270
                                                    Density    =         1.0401
 ------------------------------------------------------------------------------

wrapping first mol.:       19.39682       27.43125       47.51231
wrapping first mol.:       19.39682       27.43125       47.51231

 NSTEP =    39000   TIME(PS) =    6678.000  TEMP(K) =   302.54  PRESS =  -242.1
 Etot   =    -50204.8829  EKtot   =      9608.6191  EPtot      =    -59813.5021
 BOND   =       407.3709  ANGLE   =      1016.8760  DIHED      =       709.5917
 1-4 NB =       437.1552  1-4 EEL =      5756.8229  VDWAALS    =      6422.2124
 EELEC  =    -74565.3435  EHBOND  =         0.0000  RESTRAINT  =         1.8123
 EAMBER (non-restraint)  =    -59815.3144
 EKCMT  =      4058.0221  VIRIAL  =      4850.9539  VOLUME     =    151685.0646
                                                    Density    =         1.0412
 ------------------------------------------------------------------------------

wrapping first mol.:       19.39012       27.42177       47.49590
wrapping first mol.:       19.39012       27.42177       47.49590

 NSTEP =    39500   TIME(PS) =    6679.000  TEMP(K) =   299.46  PRESS =    73.8
 Etot   =    -50105.1221  EKtot   =      9510.9844  EPtot      =    -59616.1064
 BOND   =       377.2182  ANGLE   =      1067.6999  DIHED      =       696.6915
 1-4 NB =       462.0970  1-4 EEL =      5741.0368  VDWAALS    =      6693.5048
 EELEC  =    -74656.0565  EHBOND  =         0.0000  RESTRAINT  =         1.7018
 EAMBER (non-restraint)  =    -59617.8082
 EKCMT  =      3925.3396  VIRIAL  =      3683.8229  VOLUME     =    151523.6927
                                                    Density    =         1.0423
 ------------------------------------------------------------------------------

wrapping first mol.:       19.37282       27.39731       47.45353
wrapping first mol.:       19.37282       27.39731       47.45353

 NSTEP =    40000   TIME(PS) =    6680.000  TEMP(K) =   303.21  PRESS =  -387.9
 Etot   =    -50048.5055  EKtot   =      9629.9971  EPtot      =    -59678.5025
 BOND   =       383.2242  ANGLE   =      1022.0062  DIHED      =       694.9365
 1-4 NB =       445.5594  1-4 EEL =      5745.0032  VDWAALS    =      6309.6283
 EELEC  =    -74280.6308  EHBOND  =         0.0000  RESTRAINT  =         1.7705
 EAMBER (non-restraint)  =    -59680.2730
 EKCMT  =      4022.4867  VIRIAL  =      5288.0942  VOLUME     =    151124.7465
                                                    Density    =         1.0451
 ------------------------------------------------------------------------------

wrapping first mol.:       19.39750       27.43220       47.51397
wrapping first mol.:       19.39750       27.43220       47.51397

 NSTEP =    40500   TIME(PS) =    6681.000  TEMP(K) =   301.24  PRESS =    33.7
 Etot   =    -50046.4717  EKtot   =      9567.5801  EPtot      =    -59614.0517
 BOND   =       399.7029  ANGLE   =      1007.9520  DIHED      =       694.1069
 1-4 NB =       454.5712  1-4 EEL =      5759.1710  VDWAALS    =      6475.1672
 EELEC  =    -74406.6981  EHBOND  =         0.0000  RESTRAINT  =         1.9753
 EAMBER (non-restraint)  =    -59616.0271
 EKCMT  =      4048.5053  VIRIAL  =      3938.2201  VOLUME     =    151697.2049
                                                    Density    =         1.0411
 ------------------------------------------------------------------------------

wrapping first mol.:       19.39762       27.43238       47.51428
wrapping first mol.:       19.39762       27.43238       47.51428

 NSTEP =    41000   TIME(PS) =    6682.000  TEMP(K) =   303.28  PRESS =   173.9
 Etot   =    -50281.0327  EKtot   =      9632.3223  EPtot      =    -59913.3550
 BOND   =       410.7344  ANGLE   =      1048.1408  DIHED      =       684.5948
 1-4 NB =       443.0453  1-4 EEL =      5719.7032  VDWAALS    =      6773.8495
 EELEC  =    -74995.3736  EHBOND  =         0.0000  RESTRAINT  =         1.9505
 EAMBER (non-restraint)  =    -59915.3055
 EKCMT  =      4016.7764  VIRIAL  =      3447.2417  VOLUME     =    151698.2672
                                                    Density    =         1.0411
 ------------------------------------------------------------------------------

wrapping first mol.:       19.40912       27.44864       47.54244
wrapping first mol.:       19.40912       27.44864       47.54244

 NSTEP =    41500   TIME(PS) =    6683.000  TEMP(K) =   298.42  PRESS =    16.2
 Etot   =    -50408.7803  EKtot   =      9477.7822  EPtot      =    -59886.5626
 BOND   =       387.5270  ANGLE   =      1045.4603  DIHED      =       692.4236
 1-4 NB =       451.4097  1-4 EEL =      5707.8485  VDWAALS    =      6720.2360
 EELEC  =    -74893.4164  EHBOND  =         0.0000  RESTRAINT  =         1.9487
 EAMBER (non-restraint)  =    -59888.5113
 EKCMT  =      3997.0909  VIRIAL  =      3944.0367  VOLUME     =    151970.3434
                                                    Density    =         1.0393
 ------------------------------------------------------------------------------

wrapping first mol.:       19.42122       27.46576       47.57208
wrapping first mol.:       19.42122       27.46576       47.57208

 NSTEP =    42000   TIME(PS) =    6684.000  TEMP(K) =   300.48  PRESS =  -339.9
 Etot   =    -50187.7659  EKtot   =      9543.3086  EPtot      =    -59731.0745
 BOND   =       408.4715  ANGLE   =       985.7430  DIHED      =       709.9685
 1-4 NB =       454.9682  1-4 EEL =      5746.2478  VDWAALS    =      6576.7918
 EELEC  =    -74615.6848  EHBOND  =         0.0000  RESTRAINT  =         2.4196
 EAMBER (non-restraint)  =    -59733.4941
 EKCMT  =      4027.8760  VIRIAL  =      5145.1265  VOLUME     =    152259.5797
                                                    Density    =         1.0373
 ------------------------------------------------------------------------------

wrapping first mol.:       19.40942       27.44906       47.54316
wrapping first mol.:       19.40942       27.44906       47.54316

 NSTEP =    42500   TIME(PS) =    6685.000  TEMP(K) =   300.82  PRESS =    35.0
 Etot   =    -49950.1760  EKtot   =      9554.0723  EPtot      =    -59504.2482
 BOND   =       405.1997  ANGLE   =      1024.0385  DIHED      =       688.2908
 1-4 NB =       461.2126  1-4 EEL =      5739.7459  VDWAALS    =      6639.0034
 EELEC  =    -74463.7977  EHBOND  =         0.0000  RESTRAINT  =         2.0586
 EAMBER (non-restraint)  =    -59506.3068
 EKCMT  =      3970.5169  VIRIAL  =      3855.7486  VOLUME     =    151976.9743
                                                    Density    =         1.0392
 ------------------------------------------------------------------------------

wrapping first mol.:       19.40123       27.43749       47.52311
wrapping first mol.:       19.40123       27.43749       47.52311

 NSTEP =    43000   TIME(PS) =    6686.000  TEMP(K) =   294.38  PRESS =   -34.5
 Etot   =    -50238.5819  EKtot   =      9349.5674  EPtot      =    -59588.1493
 BOND   =       379.6446  ANGLE   =      1034.2830  DIHED      =       695.5169
 1-4 NB =       453.4589  1-4 EEL =      5773.2830  VDWAALS    =      6494.5599
 EELEC  =    -74420.8555  EHBOND  =         0.0000  RESTRAINT  =         1.9600
 EAMBER (non-restraint)  =    -59590.1093
 EKCMT  =      3913.3682  VIRIAL  =      4026.5570  VOLUME     =    151785.7575
                                                    Density    =         1.0405
 ------------------------------------------------------------------------------

wrapping first mol.:       19.41204       27.45276       47.54958
wrapping first mol.:       19.41204       27.45276       47.54958

 NSTEP =    43500   TIME(PS) =    6687.000  TEMP(K) =   303.60  PRESS =    15.6
 Etot   =    -50149.3059  EKtot   =      9642.3379  EPtot      =    -59791.6438
 BOND   =       377.8423  ANGLE   =      1010.5639  DIHED      =       695.8417
 1-4 NB =       456.6298  1-4 EEL =      5764.4038  VDWAALS    =      6634.7329
 EELEC  =    -74733.7707  EHBOND  =         0.0000  RESTRAINT  =         2.1125
 EAMBER (non-restraint)  =    -59793.7563
 EKCMT  =      4048.7665  VIRIAL  =      3997.4954  VOLUME     =    152038.7652
                                                    Density    =         1.0388
 ------------------------------------------------------------------------------

wrapping first mol.:       19.40677       27.44532       47.53669
wrapping first mol.:       19.40677       27.44532       47.53669

 NSTEP =    44000   TIME(PS) =    6688.000  TEMP(K) =   299.37  PRESS =    15.8
 Etot   =    -50169.3237  EKtot   =      9508.0410  EPtot      =    -59677.3647
 BOND   =       405.1130  ANGLE   =      1022.2233  DIHED      =       698.8068
 1-4 NB =       443.4335  1-4 EEL =      5779.7611  VDWAALS    =      6484.8423
 EELEC  =    -74513.7780  EHBOND  =         0.0000  RESTRAINT  =         2.2332
 EAMBER (non-restraint)  =    -59679.5979
 EKCMT  =      4054.6870  VIRIAL  =      4002.9193  VOLUME     =    151915.1472
                                                    Density    =         1.0396
 ------------------------------------------------------------------------------

wrapping first mol.:       19.39465       27.42818       47.50700
wrapping first mol.:       19.39465       27.42818       47.50700

 NSTEP =    44500   TIME(PS) =    6689.000  TEMP(K) =   296.60  PRESS =   -88.8
 Etot   =    -50510.4859  EKtot   =      9420.0762  EPtot      =    -59930.5621
 BOND   =       384.2636  ANGLE   =       986.6329  DIHED      =       690.2785
 1-4 NB =       454.0618  1-4 EEL =      5776.7660  VDWAALS    =      6574.7362
 EELEC  =    -74799.4358  EHBOND  =         0.0000  RESTRAINT  =         2.1346
 EAMBER (non-restraint)  =    -59932.6968
 EKCMT  =      3941.9740  VIRIAL  =      4232.8545  VOLUME     =    151632.1182
                                                    Density    =         1.0416
 ------------------------------------------------------------------------------

wrapping first mol.:       19.39341       27.42642       47.50395
wrapping first mol.:       19.39341       27.42642       47.50395

 NSTEP =    45000   TIME(PS) =    6690.000  TEMP(K) =   298.47  PRESS =    62.9
 Etot   =    -50341.1967  EKtot   =      9479.5576  EPtot      =    -59820.7543
 BOND   =       410.9540  ANGLE   =       979.8835  DIHED      =       695.9815
 1-4 NB =       449.6144  1-4 EEL =      5775.6339  VDWAALS    =      6715.6334
 EELEC  =    -74850.6069  EHBOND  =         0.0000  RESTRAINT  =         2.1518
 EAMBER (non-restraint)  =    -59822.9061
 EKCMT  =      3949.2412  VIRIAL  =      3743.3359  VOLUME     =    151600.8740
                                                    Density    =         1.0418
 ------------------------------------------------------------------------------

wrapping first mol.:       19.40257       27.43937       47.52638
wrapping first mol.:       19.40257       27.43937       47.52638

 NSTEP =    45500   TIME(PS) =    6691.000  TEMP(K) =   298.19  PRESS =   176.3
 Etot   =    -50315.0883  EKtot   =      9470.6709  EPtot      =    -59785.7592
 BOND   =       389.4657  ANGLE   =      1034.2619  DIHED      =       719.4455
 1-4 NB =       455.3681  1-4 EEL =      5735.7967  VDWAALS    =      6470.2340
 EELEC  =    -74592.4836  EHBOND  =         0.0000  RESTRAINT  =         2.1526
 EAMBER (non-restraint)  =    -59787.9117
 EKCMT  =      3971.2121  VIRIAL  =      3393.2030  VOLUME     =    151814.2304
                                                    Density    =         1.0403
 ------------------------------------------------------------------------------

wrapping first mol.:       19.41610       27.45852       47.55954
wrapping first mol.:       19.41610       27.45852       47.55954

 NSTEP =    46000   TIME(PS) =    6692.000  TEMP(K) =   302.16  PRESS =  -331.2
 Etot   =    -49974.3247  EKtot   =      9596.8477  EPtot      =    -59571.1724
 BOND   =       358.1742  ANGLE   =      1092.4499  DIHED      =       721.7249
 1-4 NB =       454.6817  1-4 EEL =      5716.6295  VDWAALS    =      6522.3944
 EELEC  =    -74439.2479  EHBOND  =         0.0000  RESTRAINT  =         2.0210
 EAMBER (non-restraint)  =    -59573.1934
 EKCMT  =      4017.0043  VIRIAL  =      5104.8617  VOLUME     =    152139.0861
                                                    Density    =         1.0381
 ------------------------------------------------------------------------------

wrapping first mol.:       19.39992       27.43563       47.51991
wrapping first mol.:       19.39992       27.43563       47.51991

 NSTEP =    46500   TIME(PS) =    6693.000  TEMP(K) =   299.20  PRESS =  -232.9
 Etot   =    -50103.4774  EKtot   =      9502.6016  EPtot      =    -59606.0789
 BOND   =       387.7436  ANGLE   =      1114.5074  DIHED      =       708.4639
 1-4 NB =       442.3432  1-4 EEL =      5760.4752  VDWAALS    =      6398.2261
 EELEC  =    -74419.6677  EHBOND  =         0.0000  RESTRAINT  =         1.8293
 EAMBER (non-restraint)  =    -59607.9082
 EKCMT  =      3981.4107  VIRIAL  =      4744.5179  VOLUME     =    151757.7191
                                                    Density    =         1.0407
 ------------------------------------------------------------------------------

wrapping first mol.:       19.41100       27.45130       47.54704
wrapping first mol.:       19.41100       27.45130       47.54704

 NSTEP =    47000   TIME(PS) =    6694.000  TEMP(K) =   304.56  PRESS =   -82.2
 Etot   =    -50124.9142  EKtot   =      9672.7754  EPtot      =    -59797.6896
 BOND   =       392.6181  ANGLE   =      1048.7700  DIHED      =       702.8373
 1-4 NB =       452.8012  1-4 EEL =      5809.3289  VDWAALS    =      6677.5366
 EELEC  =    -74883.5458  EHBOND  =         0.0000  RESTRAINT  =         1.9642
 EAMBER (non-restraint)  =    -59799.6538
 EKCMT  =      3985.5200  VIRIAL  =      4255.1799  VOLUME     =    152015.7237
                                                    Density    =         1.0390
 ------------------------------------------------------------------------------

wrapping first mol.:       19.41778       27.46089       47.56366
wrapping first mol.:       19.41778       27.46089       47.56366

 NSTEP =    47500   TIME(PS) =    6695.000  TEMP(K) =   300.41  PRESS =   107.1
 Etot   =    -50185.2019  EKtot   =      9541.0996  EPtot      =    -59726.3015
 BOND   =       419.3489  ANGLE   =      1018.1801  DIHED      =       691.0495
 1-4 NB =       446.6742  1-4 EEL =      5748.2005  VDWAALS    =      6669.2929
 EELEC  =    -74721.1057  EHBOND  =         0.0000  RESTRAINT  =         2.0580
 EAMBER (non-restraint)  =    -59728.3595
 EKCMT  =      4068.6646  VIRIAL  =      3716.6853  VOLUME     =    152172.6488
                                                    Density    =         1.0379
 ------------------------------------------------------------------------------

wrapping first mol.:       19.44001       27.49232       47.61809
wrapping first mol.:       19.44001       27.49232       47.61809

 NSTEP =    48000   TIME(PS) =    6696.000  TEMP(K) =   300.20  PRESS =   201.5
 Etot   =    -50084.7892  EKtot   =      9534.2852  EPtot      =    -59619.0744
 BOND   =       418.3107  ANGLE   =      1034.0803  DIHED      =       697.2274
 1-4 NB =       455.8328  1-4 EEL =      5739.0361  VDWAALS    =      6786.1802
 EELEC  =    -74751.8589  EHBOND  =         0.0000  RESTRAINT  =         2.1169
 EAMBER (non-restraint)  =    -59621.1912
 EKCMT  =      3963.8013  VIRIAL  =      3299.3439  VOLUME     =    152694.4339
                                                    Density    =         1.0343
 ------------------------------------------------------------------------------

wrapping first mol.:       19.41439       27.45609       47.55534
wrapping first mol.:       19.41439       27.45609       47.55534

 NSTEP =    48500   TIME(PS) =    6697.000  TEMP(K) =   296.62  PRESS =   521.4
 Etot   =    -50163.2831  EKtot   =      9420.8906  EPtot      =    -59584.1737
 BOND   =       389.5398  ANGLE   =      1011.2959  DIHED      =       727.1313
 1-4 NB =       457.6365  1-4 EEL =      5745.8993  VDWAALS    =      6720.2946
 EELEC  =    -74638.1616  EHBOND  =         0.0000  RESTRAINT  =         2.1905
 EAMBER (non-restraint)  =    -59586.3642
 EKCMT  =      3984.8372  VIRIAL  =      2272.7116  VOLUME     =    152087.1786
                                                    Density    =         1.0385
 ------------------------------------------------------------------------------

wrapping first mol.:       19.41968       27.46357       47.56830
wrapping first mol.:       19.41968       27.46357       47.56830

 NSTEP =    49000   TIME(PS) =    6698.000  TEMP(K) =   298.60  PRESS =    88.4
 Etot   =    -50017.1330  EKtot   =      9483.6328  EPtot      =    -59500.7659
 BOND   =       432.3479  ANGLE   =      1093.2861  DIHED      =       705.1974
 1-4 NB =       443.2032  1-4 EEL =      5764.0612  VDWAALS    =      6495.5312
 EELEC  =    -74436.5527  EHBOND  =         0.0000  RESTRAINT  =         2.1599
 EAMBER (non-restraint)  =    -59502.9257
 EKCMT  =      4003.7737  VIRIAL  =      3713.3096  VOLUME     =    152217.4183
                                                    Density    =         1.0376
 ------------------------------------------------------------------------------

wrapping first mol.:       19.41438       27.45608       47.55533
wrapping first mol.:       19.41438       27.45608       47.55533

 NSTEP =    49500   TIME(PS) =    6699.000  TEMP(K) =   298.78  PRESS =  -269.1
 Etot   =    -50308.2416  EKtot   =      9489.3906  EPtot      =    -59797.6322
 BOND   =       406.6070  ANGLE   =      1026.6804  DIHED      =       705.7743
 1-4 NB =       456.2912  1-4 EEL =      5712.0652  VDWAALS    =      6678.8338
 EELEC  =    -74785.9999  EHBOND  =         0.0000  RESTRAINT  =         2.1158
 EAMBER (non-restraint)  =    -59799.7480
 EKCMT  =      3988.2133  VIRIAL  =      4871.9678  VOLUME     =    152097.8026
                                                    Density    =         1.0384
 ------------------------------------------------------------------------------

wrapping first mol.:       19.41021       27.45018       47.54510
wrapping first mol.:       19.41021       27.45018       47.54510

 NSTEP =    50000   TIME(PS) =    6700.000  TEMP(K) =   299.01  PRESS =  -140.2
 Etot   =    -50289.3429  EKtot   =      9496.5117  EPtot      =    -59785.8547
 BOND   =       412.4895  ANGLE   =      1059.5966  DIHED      =       714.1300
 1-4 NB =       456.0826  1-4 EEL =      5776.0615  VDWAALS    =      6696.3668
 EELEC  =    -74902.7515  EHBOND  =         0.0000  RESTRAINT  =         2.1698
 EAMBER (non-restraint)  =    -59788.0244
 EKCMT  =      3962.4634  VIRIAL  =      4422.5693  VOLUME     =    151997.9226
                                                    Density    =         1.0391
 ------------------------------------------------------------------------------


      A V E R A G E S   O V E R     100 S T E P S


 NSTEP =    50000   TIME(PS) =    6700.000  TEMP(K) =   300.35  PRESS =    22.5
 Etot   =    -50208.0939  EKtot   =      9539.3033  EPtot      =    -59747.3972
 BOND   =       399.3454  ANGLE   =      1028.2281  DIHED      =       708.8244
 1-4 NB =       455.0163  1-4 EEL =      5765.8946  VDWAALS    =      6614.4643
 EELEC  =    -74721.0759  EHBOND  =         0.0000  RESTRAINT  =         1.9056
 EAMBER (non-restraint)  =    -59749.3028
 EKCMT  =      3997.2366  VIRIAL  =      3923.6520  VOLUME     =    151845.1932
                                                    Density    =         1.0401
 ------------------------------------------------------------------------------


      R M S  F L U C T U A T I O N S


 NSTEP =    50000   TIME(PS) =    6700.000  TEMP(K) =     2.34  PRESS =   215.5
 Etot   =       126.1014  EKtot   =        74.2679  EPtot      =       107.3990
 BOND   =        15.9969  ANGLE   =        25.8921  DIHED      =        12.6369
 1-4 NB =         7.4535  1-4 EEL =        26.6065  VDWAALS    =       108.4110
 EELEC  =       173.6838  EHBOND  =         0.0000  RESTRAINT  =         0.4363
 EAMBER (non-restraint)  =       106.9626
 EKCMT  =        43.1499  VIRIAL  =       708.0110  VOLUME     =       323.0820
                                                    Density    =         0.0022
 ------------------------------------------------------------------------------

--------------------------------------------------------------------------------
   5.  TIMINGS
--------------------------------------------------------------------------------

|  NonSetup CPU Time in Major Routines:
|
|     Routine           Sec        %
|     ------------------------------
|     Nonbond          69.63   83.50
|     Bond              0.00    0.00
|     Angle             0.00    0.00
|     Dihedral          0.00    0.00
|     Shake             0.28    0.33
|     RunMD            13.39   16.05
|     Other             0.09    0.11
|     ------------------------------
|     Total            83.39

|  PME Nonbond Pairlist CPU Time:
|
|     Routine              Sec        %
|     ---------------------------------
|     Set Up Cit           0.00    0.00
|     Build List           0.00    0.00
|     ---------------------------------
|     Total                0.00    0.00

|  PME Direct Force CPU Time:
|
|     Routine              Sec        %
|     ---------------------------------
|     NonBonded Calc       0.00    0.00
|     Exclude Masked       0.00    0.00
|     Other                0.06    0.07
|     ---------------------------------
|     Total                0.06    0.07

|  PME Reciprocal Force CPU Time:
|
|     Routine              Sec        %
|     ---------------------------------
|     1D bspline           0.00    0.00
|     Grid Charges         0.00    0.00
|     Scalar Sum           0.00    0.00
|     Gradient Sum         0.00    0.00
|     FFT                  0.00    0.00
|     ---------------------------------
|     Total                0.00    0.00

|  Final Performance Info:
|     -----------------------------------------------------
|     Average timings for last   14000 steps:
|     Elapsed(s) =      23.35 Per Step(ms) =       1.67
|         ns/day =     103.62   seconds/ns =     833.79
|
|     Average timings for all steps:
|     Elapsed(s) =      83.39 Per Step(ms) =       1.67
|         ns/day =     103.61   seconds/ns =     833.91
|     -----------------------------------------------------

|  Setup CPU time:            0.60 seconds
|  NonSetup CPU time:        83.39 seconds
|  Total CPU time:           83.99 seconds     0.02 hours

|  Setup wall time:           0    seconds
|  NonSetup wall time:       84    seconds
|  Total wall time:          84    seconds     0.02 hours
