
          -------------------------------------------------------
          Amber 18 PMEMD                              2018
          -------------------------------------------------------

| PMEMD implementation of SANDER, Release 18

| Run on 09/29/2019 at 23:55:21

|   Executable path: pmemd.cuda
| Working directory: /home/pbarletta/lbp/run/1ifb/mhe/e
|          Hostname: Unknown
  [-O]verwriting output

File Assignments:
|   MDIN: 68equ.in                                                              
|  MDOUT: 68equ.out                                                             
| INPCRD: 67e1ifb.rst7                                                          
|   PARM: /home/pbarletta/lbp/top_files/1ifb.prmtop                             
| RESTRT: 68e1ifb.rst7                                                          
|   REFC: 67e1ifb.rst7                                                          
|  MDVEL: mdvel                                                                 
|   MDEN: mden                                                                  
|  MDCRD: 68e1ifb.nc                                                            
| MDINFO: mdinfo                                                                
|  MDFRC: mdfrc                                                                 


 Here is the input file:

Equilibration with solute restrictions                                         
&cntrl                                                                         
imin = 0,                           ! No Minimization                          
nmropt = 0,                         ! No NMR restraints read                   
                                                                               
! Nature and format of the input                                               
ntx = 5,                            ! Coordinates but no velocities will be rea
irest = 1,                          ! Do not run a new simulation              
                                                                               
! Nature and format of the output                                              
ntxo = 1,                           ! rstrt file in ASCII format               
ntpr = 500,                         ! inf in output every ntpr steps           
ntwr = 500,                         ! rstrt file every ntwr steps              
ntwx = 500,                         ! mdcrd file every ntwx steps              
ntwv = 0,                           ! mdvel without velocities                 
ntwe = 0,                           ! Do not write energies and temperatures   
idecomp = 0,                        ! No energy decomposition                  
iwrap = 1,                          ! Coordinates of the restart and mdcrd file
                                                                               
! Frozen or restrained atoms                                                   
ibelly = 0,                         ! No frozen atoms                          
ntr=1,                              ! Harmonic potential restraints            
restraint_wt = 0.0025,                ! The weight for the positional restraint
restraintmask = ':1-131@N,CA,C,O',  ! restrained residues                      
                                                                               
! Molecular dynamics                                                           
nstlim = 50000,                     ! Number of MD-steps                       
dt = 0.002,                         ! Time step                                
                                                                               
! Temperature regulation                                                       
ntt = 3,                            ! Langevin thermostat                      
gamma_ln = 5,                       ! Gamma constant for Langevin              
temp0 = 300.0,                      ! Reference T at which the system is to be 
tempi = 300.0,                      ! Initial T                                
ig = -1,                            ! Seed for the RNG                         
                                                                               
! P and V regulation                                                           
ntp = 1,                            ! constant P                               
barostat = 1,                       ! Berendsen barostat                       
taup = 1,                           ! Pressure relaxation time                 
ntb = 2,                            ! Periodic box for constant P              
                                                                               
! SHAKE variables                                                              
ntc = 2,                            ! Bonds involving H are constrained        
ntf = 2,                            ! Bond interaction involving H are ommited.
                                                                               
cut = 10.0,                         ! Nonbonded cutoff                         
/                                                                              
&end                                                                           


Note: ig = -1. Setting random seed to   136992 based on wallclock time in 
      microseconds.
| irandom = 1, using AMBER's internal random number generator (default).
 
|--------------------- INFORMATION ----------------------
| GPU (CUDA) Version of PMEMD in use: NVIDIA GPU IN USE.
|                    Version 18.0.0
| 
|                      03/25/2018
| 
| Implementation by:
|                    Ross C. Walker     (SDSC)
|                    Scott Le Grand     (nVIDIA)
| 
| Version 18 performance extensions by:
|                    David Cerutti     (Rutgers)
| 
| Precision model in use:
|      [SPFP] - Single Precision Forces, 64-bit Fixed Point
|               Accumulation. (Default)
| 
|--------------------------------------------------------
 
|----------------- CITATION INFORMATION -----------------
|
|    When publishing work that utilized the CUDA version
|    of AMBER, please cite the following in addition to
|    the regular AMBER citations:
|
|  - Romelia Salomon-Ferrer; Andreas W. Goetz; Duncan
|    Poole; Scott Le Grand; Ross C. Walker "Routine
|    microsecond molecular dynamics simulations with
|    AMBER - Part II: Particle Mesh Ewald", J. Chem.
|    Theory Comput., 2013, 9 (9), pp3878-3888,
|    DOI: 10.1021/ct400314y.
|
|  - Andreas W. Goetz; Mark J. Williamson; Dong Xu;
|    Duncan Poole; Scott Le Grand; Ross C. Walker
|    "Routine microsecond molecular dynamics simulations
|    with AMBER - Part I: Generalized Born", J. Chem.
|    Theory Comput., 2012, 8 (5), pp1542-1555.
|
|  - Scott Le Grand; Andreas W. Goetz; Ross C. Walker
|    "SPFP: Speed without compromise - a mixed precision
|    model for GPU accelerated molecular dynamics
|    simulations.", Comp. Phys. Comm., 2013, 184
|    pp374-380, DOI: 10.1016/j.cpc.2012.09.022
|
|--------------------------------------------------------
 
|------------------- GPU DEVICE INFO --------------------
|
|            CUDA_VISIBLE_DEVICES: 0
|   CUDA Capable Devices Detected:      1
|           CUDA Device ID in use:      0
|                CUDA Device Name: GeForce GTX 1060 6GB
|     CUDA Device Global Mem Size:   6078 MB
| CUDA Device Num Multiprocessors:     10
|           CUDA Device Core Freq:   1.76 GHz
|
|--------------------------------------------------------
 
 
| Conditional Compilation Defines Used:
| PUBFFT
| BINTRAJ
| CUDA
| EMIL

| Largest sphere to fit in unit cell has radius =    23.746

| New format PARM file being parsed.
| Version =    1.000 Date = 09/29/19 Time = 21:52:31

| Note: 1-4 EEL scale factors are being read from the topology file.

| Note: 1-4 VDW scale factors are being read from the topology file.
| Duplicated    0 dihedrals

| Duplicated    0 dihedrals

--------------------------------------------------------------------------------
   1.  RESOURCE   USE: 
--------------------------------------------------------------------------------

 getting new box info from bottom of inpcrd
 NATOM  =   19901 NTYPES =      17 NBONH =   14397 MBONA  =    5520
 NTHETH =    2406 MTHETA =    1438 NPHIH =    4850 MPHIA  =    4505
 NHPARM =       0 NPARM  =       0 NNB   =   42760 NRES   =    4578
 NBONA  =    5520 NTHETA =    1438 NPHIA =    4505 NUMBND =      69
 NUMANG =     155 NPTRA  =     178 NATYP =      35 NPHB   =       1
 IFBOX  =       2 NMXRS  =      24 IFCAP =       0 NEXTRA =    4447
 NCOPY  =       0

| Coordinate Index Table dimensions:     9    9    9
| Direct force subcell size =     6.4628    6.4628    6.4628

     BOX TYPE: TRUNCATED OCTAHEDRON

--------------------------------------------------------------------------------
   2.  CONTROL  DATA  FOR  THE  RUN
--------------------------------------------------------------------------------

default_name                                                                    

General flags:
     imin    =       0, nmropt  =       0

Nature and format of input:
     ntx     =       5, irest   =       1, ntrx    =       1

Nature and format of output:
     ntxo    =       1, ntpr    =     500, ntrx    =       1, ntwr    =     500
     iwrap   =       1, ntwx    =     500, ntwv    =       0, ntwe    =       0
     ioutfm  =       1, ntwprt  =       0, idecomp =       0, rbornstat=      0

Potential function:
     ntf     =       2, ntb     =       2, igb     =       0, nsnb    =      25
     ipol    =       0, gbsa    =       0, iesp    =       0
     dielc   =   1.00000, cut     =  10.00000, intdiel =   1.00000

Frozen or restrained atoms:
     ibelly  =       0, ntr     =       1
     restraint_wt =   0.00250

Molecular dynamics:
     nstlim  =     50000, nscm    =         0, nrespa  =         1
     t       =   0.00000, dt      =   0.00200, vlimit  =  -1.00000

Langevin dynamics temperature regulation:
     ig      =  136992
     temp0   = 300.00000, tempi   = 300.00000, gamma_ln=   5.00000

Pressure regulation:
     ntp     =       1
     pres0   =   1.00000, comp    =  44.60000, taup    =   1.00000

SHAKE:
     ntc     =       2, jfastw  =       0
     tol     =   0.00001

| Intermolecular bonds treatment:
|     no_intermolecular_bonds =       1

| Energy averages sample interval:
|     ene_avg_sampling =     500

Extra-points options:
     frameon =       1, chngmask=       1

Ewald parameters:
     verbose =       0, ew_type =       0, nbflag  =       1, use_pme =       1
     vdwmeth =       1, eedmeth =       1, netfrc  =       1
     Box X =   58.165   Box Y =   58.165   Box Z =   58.165
     Alpha =  109.471   Beta  =  109.471   Gamma =  109.471
     NFFT1 =   64       NFFT2 =   64       NFFT3 =   64
     Cutoff=   10.000   Tol   =0.100E-04
     Ewald Coefficient =  0.27511
     Interpolation order =    4

    LOADING THE CONSTRAINED ATOMS AS GROUPS


   5.  REFERENCE ATOM COORDINATES

  default_name                                                                    
     Mask :1-131@N,CA,C,O; matches   524 atoms
|      EXTRA_PTS, trim_bonds: num bonds BEFORE trim = 14397     0
|      EXTRA_PTS, trim_bonds: num bonds AFTER  trim = 14397     0
|      EXTRA_PTS, trim_bonds: num bonds BEFORE trim =  5520     0
|      EXTRA_PTS, trim_bonds: num bonds AFTER  trim =  1073     0
|      EXTRA_PTS, trim_theta: num angle BEFORE trim =  2406     0
|      EXTRA_PTS, trim_theta: num angle AFTER  trim =  2406     0
|      EXTRA_PTS, trim_theta: num angle BEFORE trim =  1438     0
|      EXTRA_PTS, trim_theta: num angle AFTER  trim =  1438     0
|      EXTRA_PTS, trim_phi:  num diheds BEFORE trim =  4850     0
|      EXTRA_PTS, trim_phi:  num diheds AFTER  trim =  4850     0
|      EXTRA_PTS, trim_phi:  num diheds BEFORE trim =  4505     0
|      EXTRA_PTS, trim_phi:  num diheds AFTER  trim =  4505     0

--------------------------------------------------------------------------------
   3.  ATOMIC COORDINATES AND VELOCITIES
--------------------------------------------------------------------------------

default_name                                                                    
 begin time read from input coords =  7100.000 ps

 
 Number of triangulated 3-point waters found:     4447

     Sum of charges from parm topology file =   0.00002436
     Forcing neutrality...

| Dynamic Memory, Types Used:
| Reals              996413
| Integers          1467781

| Nonbonded Pairs Initial Allocation:     6019554

| GPU memory information (estimate):
| KB of GPU memory in use:         0
| KB of CPU memory in use:         0

--------------------------------------------------------------------------------
   4.  RESULTS
--------------------------------------------------------------------------------

wrapping first mol.:       19.40125       27.43751       47.52315
wrapping first mol.:       19.40125       27.43751       47.52315

 NSTEP =      500   TIME(PS) =    7101.000  TEMP(K) =   298.20  PRESS =  -201.4
 Etot   =    -50231.1162  EKtot   =      9471.0156  EPtot      =    -59702.1318
 BOND   =       386.2987  ANGLE   =      1053.1008  DIHED      =       721.9479
 1-4 NB =       444.8845  1-4 EEL =      5773.0799  VDWAALS    =      6550.0775
 EELEC  =    -74631.7859  EHBOND  =         0.0000  RESTRAINT  =         0.2649
 EAMBER (non-restraint)  =    -59702.3967
 EKCMT  =      3942.5131  VIRIAL  =      4602.4563  VOLUME     =    151788.3541
                                                    Density    =         1.0405
 ------------------------------------------------------------------------------

wrapping first mol.:       19.40720       27.44592       47.53772
wrapping first mol.:       19.40720       27.44592       47.53772

 NSTEP =     1000   TIME(PS) =    7102.000  TEMP(K) =   298.69  PRESS =   -71.7
 Etot   =    -50205.2291  EKtot   =      9486.4443  EPtot      =    -59691.6734
 BOND   =       411.8748  ANGLE   =      1083.2801  DIHED      =       706.3737
 1-4 NB =       445.8298  1-4 EEL =      5714.1594  VDWAALS    =      6610.2180
 EELEC  =    -74663.7159  EHBOND  =         0.0000  RESTRAINT  =         0.3066
 EAMBER (non-restraint)  =    -59691.9800
 EKCMT  =      3958.6895  VIRIAL  =      4194.0025  VOLUME     =    151926.2914
                                                    Density    =         1.0396
 ------------------------------------------------------------------------------

wrapping first mol.:       19.40368       27.44094       47.52910
wrapping first mol.:       19.40368       27.44094       47.52910

 NSTEP =     1500   TIME(PS) =    7103.000  TEMP(K) =   300.52  PRESS =    60.9
 Etot   =    -50069.2903  EKtot   =      9544.6543  EPtot      =    -59613.9446
 BOND   =       396.9527  ANGLE   =      1040.7018  DIHED      =       709.0999
 1-4 NB =       458.1262  1-4 EEL =      5708.5273  VDWAALS    =      6487.4700
 EELEC  =    -74415.1771  EHBOND  =         0.0000  RESTRAINT  =         0.3546
 EAMBER (non-restraint)  =    -59614.2992
 EKCMT  =      4057.6080  VIRIAL  =      3857.8546  VOLUME     =    151841.8705
                                                    Density    =         1.0401
 ------------------------------------------------------------------------------

wrapping first mol.:       19.41999       27.46401       47.56906
wrapping first mol.:       19.41999       27.46401       47.56906

 NSTEP =     2000   TIME(PS) =    7104.000  TEMP(K) =   300.77  PRESS =    68.3
 Etot   =    -50308.9378  EKtot   =      9552.5059  EPtot      =    -59861.4436
 BOND   =       406.3756  ANGLE   =       998.2089  DIHED      =       708.3717
 1-4 NB =       459.5249  1-4 EEL =      5720.3976  VDWAALS    =      6802.4907
 EELEC  =    -74957.1876  EHBOND  =         0.0000  RESTRAINT  =         0.3746
 EAMBER (non-restraint)  =    -59861.8183
 EKCMT  =      3943.1778  VIRIAL  =      3718.6097  VOLUME     =    152225.0108
                                                    Density    =         1.0375
 ------------------------------------------------------------------------------

wrapping first mol.:       19.41153       27.45204       47.54833
wrapping first mol.:       19.41153       27.45204       47.54833

 NSTEP =     2500   TIME(PS) =    7105.000  TEMP(K) =   298.60  PRESS =   304.2
 Etot   =    -50403.6062  EKtot   =      9483.6377  EPtot      =    -59887.2439
 BOND   =       381.2112  ANGLE   =       972.2699  DIHED      =       689.4732
 1-4 NB =       464.2085  1-4 EEL =      5787.6634  VDWAALS    =      6693.4634
 EELEC  =    -74875.9800  EHBOND  =         0.0000  RESTRAINT  =         0.4466
 EAMBER (non-restraint)  =    -59887.6905
 EKCMT  =      3965.5990  VIRIAL  =      2967.0213  VOLUME     =    152022.9218
                                                    Density    =         1.0389
 ------------------------------------------------------------------------------

wrapping first mol.:       19.40352       27.44072       47.52872
wrapping first mol.:       19.40352       27.44072       47.52872

 NSTEP =     3000   TIME(PS) =    7106.000  TEMP(K) =   300.60  PRESS =    12.5
 Etot   =    -50198.2600  EKtot   =      9547.0166  EPtot      =    -59745.2766
 BOND   =       379.9050  ANGLE   =       992.4331  DIHED      =       688.5324
 1-4 NB =       464.7134  1-4 EEL =      5734.9046  VDWAALS    =      6549.9635
 EELEC  =    -74556.1326  EHBOND  =         0.0000  RESTRAINT  =         0.4039
 EAMBER (non-restraint)  =    -59745.6805
 EKCMT  =      4010.7235  VIRIAL  =      3969.8546  VOLUME     =    151838.8427
                                                    Density    =         1.0402
 ------------------------------------------------------------------------------

wrapping first mol.:       19.40654       27.44500       47.53612
wrapping first mol.:       19.40654       27.44500       47.53612

 NSTEP =     3500   TIME(PS) =    7107.000  TEMP(K) =   301.99  PRESS =   -94.2
 Etot   =    -50160.5887  EKtot   =      9591.2080  EPtot      =    -59751.7967
 BOND   =       429.6446  ANGLE   =      1042.0746  DIHED      =       700.7226
 1-4 NB =       451.6294  1-4 EEL =      5756.8308  VDWAALS    =      6562.5166
 EELEC  =    -74695.6130  EHBOND  =         0.0000  RESTRAINT  =         0.3976
 EAMBER (non-restraint)  =    -59752.1943
 EKCMT  =      3992.1440  VIRIAL  =      4301.2371  VOLUME     =    151911.2612
                                                    Density    =         1.0397
 ------------------------------------------------------------------------------

wrapping first mol.:       19.40569       27.44379       47.53403
wrapping first mol.:       19.40569       27.44379       47.53403

 NSTEP =     4000   TIME(PS) =    7108.000  TEMP(K) =   301.35  PRESS =  -206.8
 Etot   =    -50233.7312  EKtot   =      9570.8213  EPtot      =    -59804.5525
 BOND   =       381.3402  ANGLE   =      1092.1422  DIHED      =       668.4215
 1-4 NB =       447.7394  1-4 EEL =      5769.4904  VDWAALS    =      6624.9724
 EELEC  =    -74789.1392  EHBOND  =         0.0000  RESTRAINT  =         0.4805
 EAMBER (non-restraint)  =    -59805.0329
 EKCMT  =      4025.4415  VIRIAL  =      4703.5358  VOLUME     =    151892.6956
                                                    Density    =         1.0398
 ------------------------------------------------------------------------------

wrapping first mol.:       19.39852       27.43365       47.51647
wrapping first mol.:       19.39852       27.43365       47.51647

 NSTEP =     4500   TIME(PS) =    7109.000  TEMP(K) =   298.53  PRESS =  -246.1
 Etot   =    -50434.6895  EKtot   =      9481.4229  EPtot      =    -59916.1123
 BOND   =       370.0041  ANGLE   =      1045.0813  DIHED      =       689.1229
 1-4 NB =       452.8691  1-4 EEL =      5786.2163  VDWAALS    =      6598.3034
 EELEC  =    -74858.1509  EHBOND  =         0.0000  RESTRAINT  =         0.4414
 EAMBER (non-restraint)  =    -59916.5537
 EKCMT  =      3995.0046  VIRIAL  =      4801.3468  VOLUME     =    151724.9814
                                                    Density    =         1.0409
 ------------------------------------------------------------------------------

wrapping first mol.:       19.40804       27.44711       47.53979
wrapping first mol.:       19.40804       27.44711       47.53979

 NSTEP =     5000   TIME(PS) =    7110.000  TEMP(K) =   296.59  PRESS =   257.1
 Etot   =    -50481.6535  EKtot   =      9419.6396  EPtot      =    -59901.2932
 BOND   =       390.5285  ANGLE   =      1022.2166  DIHED      =       729.8090
 1-4 NB =       464.2511  1-4 EEL =      5742.7669  VDWAALS    =      6837.9609
 EELEC  =    -75089.3122  EHBOND  =         0.0000  RESTRAINT  =         0.4859
 EAMBER (non-restraint)  =    -59901.7791
 EKCMT  =      3959.7163  VIRIAL  =      3116.1996  VOLUME     =    151941.6163
                                                    Density    =         1.0395
 ------------------------------------------------------------------------------

wrapping first mol.:       19.41183       27.45247       47.54907
wrapping first mol.:       19.41183       27.45247       47.54907

 NSTEP =     5500   TIME(PS) =    7111.000  TEMP(K) =   294.06  PRESS =   187.6
 Etot   =    -50598.9650  EKtot   =      9339.4375  EPtot      =    -59938.4025
 BOND   =       408.5407  ANGLE   =      1032.6380  DIHED      =       698.7224
 1-4 NB =       451.6975  1-4 EEL =      5735.9827  VDWAALS    =      6824.0127
 EELEC  =    -75090.4579  EHBOND  =         0.0000  RESTRAINT  =         0.4614
 EAMBER (non-restraint)  =    -59938.8639
 EKCMT  =      3881.6496  VIRIAL  =      3265.7639  VOLUME     =    152031.5808
                                                    Density    =         1.0388
 ------------------------------------------------------------------------------

wrapping first mol.:       19.39027       27.42198       47.49626
wrapping first mol.:       19.39027       27.42198       47.49626

 NSTEP =     6000   TIME(PS) =    7112.000  TEMP(K) =   301.97  PRESS =  -197.0
 Etot   =    -50407.2648  EKtot   =      9590.7070  EPtot      =    -59997.9718
 BOND   =       417.1342  ANGLE   =       985.7139  DIHED      =       721.6927
 1-4 NB =       470.6963  1-4 EEL =      5716.7930  VDWAALS    =      6702.6283
 EELEC  =    -75013.1241  EHBOND  =         0.0000  RESTRAINT  =         0.4939
 EAMBER (non-restraint)  =    -59998.4657
 EKCMT  =      4060.9475  VIRIAL  =      4705.6026  VOLUME     =    151530.7800
                                                    Density    =         1.0423
 ------------------------------------------------------------------------------

wrapping first mol.:       19.38966       27.42112       47.49477
wrapping first mol.:       19.38966       27.42112       47.49477

 NSTEP =     6500   TIME(PS) =    7113.000  TEMP(K) =   300.34  PRESS =   244.8
 Etot   =    -50360.8778  EKtot   =      9538.7959  EPtot      =    -59899.6737
 BOND   =       369.6653  ANGLE   =      1042.4387  DIHED      =       691.8401
 1-4 NB =       456.6938  1-4 EEL =      5740.6360  VDWAALS    =      6695.0385
 EELEC  =    -74896.4551  EHBOND  =         0.0000  RESTRAINT  =         0.4690
 EAMBER (non-restraint)  =    -59900.1427
 EKCMT  =      4052.0405  VIRIAL  =      3251.3453  VOLUME     =    151510.5523
                                                    Density    =         1.0424
 ------------------------------------------------------------------------------

wrapping first mol.:       19.40479       27.44252       47.53184
wrapping first mol.:       19.40479       27.44252       47.53184

 NSTEP =     7000   TIME(PS) =    7114.000  TEMP(K) =   301.28  PRESS =  -467.4
 Etot   =    -50271.7131  EKtot   =      9568.8613  EPtot      =    -59840.5744
 BOND   =       407.5615  ANGLE   =      1022.5701  DIHED      =       700.1522
 1-4 NB =       449.2326  1-4 EEL =      5690.9967  VDWAALS    =      6498.4901
 EELEC  =    -74609.9993  EHBOND  =         0.0000  RESTRAINT  =         0.4217
 EAMBER (non-restraint)  =    -59840.9961
 EKCMT  =      3988.3585  VIRIAL  =      5521.1813  VOLUME     =    151875.2425
                                                    Density    =         1.0399
 ------------------------------------------------------------------------------

wrapping first mol.:       19.40667       27.44518       47.53644
wrapping first mol.:       19.40667       27.44518       47.53644

 NSTEP =     7500   TIME(PS) =    7115.000  TEMP(K) =   301.28  PRESS =    84.5
 Etot   =    -50151.5899  EKtot   =      9568.8955  EPtot      =    -59720.4854
 BOND   =       409.9838  ANGLE   =       975.8370  DIHED      =       701.9685
 1-4 NB =       475.6380  1-4 EEL =      5796.6408  VDWAALS    =      6595.8109
 EELEC  =    -74676.7983  EHBOND  =         0.0000  RESTRAINT  =         0.4337
 EAMBER (non-restraint)  =    -59720.9191
 EKCMT  =      3939.0529  VIRIAL  =      3661.9054  VOLUME     =    151911.8367
                                                    Density    =         1.0397
 ------------------------------------------------------------------------------

wrapping first mol.:       19.40221       27.43887       47.52552
wrapping first mol.:       19.40221       27.43887       47.52552

 NSTEP =     8000   TIME(PS) =    7116.000  TEMP(K) =   299.80  PRESS =   302.7
 Etot   =    -50147.1792  EKtot   =      9521.7520  EPtot      =    -59668.9312
 BOND   =       387.6612  ANGLE   =      1007.4736  DIHED      =       701.4204
 1-4 NB =       469.1482  1-4 EEL =      5774.0150  VDWAALS    =      6726.2447
 EELEC  =    -74735.2830  EHBOND  =         0.0000  RESTRAINT  =         0.3887
 EAMBER (non-restraint)  =    -59669.3199
 EKCMT  =      3956.0117  VIRIAL  =      2963.8496  VOLUME     =    151804.2174
                                                    Density    =         1.0404
 ------------------------------------------------------------------------------

wrapping first mol.:       19.39971       27.43534       47.51939
wrapping first mol.:       19.39971       27.43534       47.51939

 NSTEP =     8500   TIME(PS) =    7117.000  TEMP(K) =   299.58  PRESS =    71.3
 Etot   =    -50350.3939  EKtot   =      9514.7881  EPtot      =    -59865.1820
 BOND   =       389.6930  ANGLE   =       996.7152  DIHED      =       690.0637
 1-4 NB =       458.4551  1-4 EEL =      5737.9741  VDWAALS    =      6683.6682
 EELEC  =    -74822.1979  EHBOND  =         0.0000  RESTRAINT  =         0.4466
 EAMBER (non-restraint)  =    -59865.6286
 EKCMT  =      3973.9006  VIRIAL  =      3740.2298  VOLUME     =    151748.6780
                                                    Density    =         1.0408
 ------------------------------------------------------------------------------

wrapping first mol.:       19.37942       27.40664       47.46969
wrapping first mol.:       19.37942       27.40664       47.46969

 NSTEP =     9000   TIME(PS) =    7118.000  TEMP(K) =   303.56  PRESS =    18.6
 Etot   =    -50203.0604  EKtot   =      9641.1328  EPtot      =    -59844.1932
 BOND   =       402.1741  ANGLE   =      1032.6310  DIHED      =       713.9510
 1-4 NB =       457.6720  1-4 EEL =      5682.8048  VDWAALS    =      6533.6506
 EELEC  =    -74667.5554  EHBOND  =         0.0000  RESTRAINT  =         0.4786
 EAMBER (non-restraint)  =    -59844.6719
 EKCMT  =      3983.5890  VIRIAL  =      3922.9167  VOLUME     =    151273.6708
                                                    Density    =         1.0440
 ------------------------------------------------------------------------------

wrapping first mol.:       19.39232       27.42488       47.50128
wrapping first mol.:       19.39232       27.42488       47.50128

 NSTEP =     9500   TIME(PS) =    7119.000  TEMP(K) =   296.82  PRESS =   -74.5
 Etot   =    -50489.4046  EKtot   =      9426.9746  EPtot      =    -59916.3792
 BOND   =       348.1410  ANGLE   =      1045.0295  DIHED      =       706.9692
 1-4 NB =       467.8105  1-4 EEL =      5779.8326  VDWAALS    =      6747.0940
 EELEC  =    -75011.8279  EHBOND  =         0.0000  RESTRAINT  =         0.5719
 EAMBER (non-restraint)  =    -59916.9511
 EKCMT  =      3925.1090  VIRIAL  =      4168.9431  VOLUME     =    151577.1944
                                                    Density    =         1.0420
 ------------------------------------------------------------------------------

wrapping first mol.:       19.39466       27.42819       47.50702
wrapping first mol.:       19.39466       27.42819       47.50702

 NSTEP =    10000   TIME(PS) =    7120.000  TEMP(K) =   303.38  PRESS =  -209.8
 Etot   =    -50137.8822  EKtot   =      9635.5430  EPtot      =    -59773.4252
 BOND   =       391.1812  ANGLE   =      1026.5377  DIHED      =       719.9869
 1-4 NB =       446.9292  1-4 EEL =      5718.3582  VDWAALS    =      6570.8270
 EELEC  =    -74647.8287  EHBOND  =         0.0000  RESTRAINT  =         0.5834
 EAMBER (non-restraint)  =    -59774.0086
 EKCMT  =      4048.5038  VIRIAL  =      4735.3291  VOLUME     =    151633.9580
                                                    Density    =         1.0416
 ------------------------------------------------------------------------------

wrapping first mol.:       19.39872       27.43393       47.51696
wrapping first mol.:       19.39872       27.43393       47.51696

 NSTEP =    10500   TIME(PS) =    7121.000  TEMP(K) =   303.11  PRESS =   -58.6
 Etot   =    -50307.3880  EKtot   =      9626.7539  EPtot      =    -59934.1419
 BOND   =       412.7973  ANGLE   =       993.2182  DIHED      =       714.3600
 1-4 NB =       440.9904  1-4 EEL =      5746.3912  VDWAALS    =      6732.9115
 EELEC  =    -74975.4315  EHBOND  =         0.0000  RESTRAINT  =         0.6210
 EAMBER (non-restraint)  =    -59934.7629
 EKCMT  =      4035.9534  VIRIAL  =      4227.8323  VOLUME     =    151727.1283
                                                    Density    =         1.0409
 ------------------------------------------------------------------------------

wrapping first mol.:       19.40438       27.44193       47.53082
wrapping first mol.:       19.40438       27.44193       47.53082

 NSTEP =    11000   TIME(PS) =    7122.000  TEMP(K) =   298.98  PRESS =   -77.3
 Etot   =    -50088.0968  EKtot   =      9495.8398  EPtot      =    -59583.9367
 BOND   =       429.7128  ANGLE   =      1033.6762  DIHED      =       697.3343
 1-4 NB =       431.2940  1-4 EEL =      5732.6431  VDWAALS    =      6620.9396
 EELEC  =    -74530.1698  EHBOND  =         0.0000  RESTRAINT  =         0.6331
 EAMBER (non-restraint)  =    -59584.5698
 EKCMT  =      3939.9371  VIRIAL  =      4193.4570  VOLUME     =    151860.1723
                                                    Density    =         1.0400
 ------------------------------------------------------------------------------

wrapping first mol.:       19.40039       27.43630       47.52106
wrapping first mol.:       19.40039       27.43630       47.52106

 NSTEP =    11500   TIME(PS) =    7123.000  TEMP(K) =   301.14  PRESS =    67.9
 Etot   =    -50189.3540  EKtot   =      9564.3623  EPtot      =    -59753.7163
 BOND   =       387.5595  ANGLE   =      1006.1389  DIHED      =       718.9761
 1-4 NB =       445.8879  1-4 EEL =      5700.7156  VDWAALS    =      6551.8359
 EELEC  =    -74565.4174  EHBOND  =         0.0000  RESTRAINT  =         0.5872
 EAMBER (non-restraint)  =    -59754.3035
 EKCMT  =      4030.6893  VIRIAL  =      3808.0520  VOLUME     =    151764.6909
                                                    Density    =         1.0407
 ------------------------------------------------------------------------------

wrapping first mol.:       19.40125       27.43751       47.52315
wrapping first mol.:       19.40125       27.43751       47.52315

 NSTEP =    12000   TIME(PS) =    7124.000  TEMP(K) =   300.91  PRESS =     6.6
 Etot   =    -50283.1040  EKtot   =      9556.8652  EPtot      =    -59839.9693
 BOND   =       397.3654  ANGLE   =      1041.3582  DIHED      =       704.5316
 1-4 NB =       456.2416  1-4 EEL =      5766.7983  VDWAALS    =      6605.8215
 EELEC  =    -74812.7066  EHBOND  =         0.0000  RESTRAINT  =         0.6207
 EAMBER (non-restraint)  =    -59840.5899
 EKCMT  =      3984.3574  VIRIAL  =      3962.7808  VOLUME     =    151785.5568
                                                    Density    =         1.0405
 ------------------------------------------------------------------------------

wrapping first mol.:       19.38215       27.41049       47.47636
wrapping first mol.:       19.38215       27.41049       47.47636

 NSTEP =    12500   TIME(PS) =    7125.000  TEMP(K) =   302.65  PRESS =   -84.2
 Etot   =    -50321.4038  EKtot   =      9612.1631  EPtot      =    -59933.5669
 BOND   =       373.7136  ANGLE   =      1007.1428  DIHED      =       715.3352
 1-4 NB =       466.6773  1-4 EEL =      5793.7098  VDWAALS    =      6693.3108
 EELEC  =    -74984.0570  EHBOND  =         0.0000  RESTRAINT  =         0.6006
 EAMBER (non-restraint)  =    -59934.1675
 EKCMT  =      4026.5649  VIRIAL  =      4301.5988  VOLUME     =    151338.9109
                                                    Density    =         1.0436
 ------------------------------------------------------------------------------

wrapping first mol.:       19.37984       27.40723       47.47072
wrapping first mol.:       19.37984       27.40723       47.47072

 NSTEP =    13000   TIME(PS) =    7126.000  TEMP(K) =   297.32  PRESS =   -29.6
 Etot   =    -50423.3233  EKtot   =      9442.9209  EPtot      =    -59866.2442
 BOND   =       384.6005  ANGLE   =      1071.1198  DIHED      =       702.4148
 1-4 NB =       459.5679  1-4 EEL =      5748.2009  VDWAALS    =      6692.4998
 EELEC  =    -74925.0978  EHBOND  =         0.0000  RESTRAINT  =         0.4498
 EAMBER (non-restraint)  =    -59866.6940
 EKCMT  =      3888.8898  VIRIAL  =      3985.5653  VOLUME     =    151284.1943
                                                    Density    =         1.0440
 ------------------------------------------------------------------------------

wrapping first mol.:       19.38520       27.41481       47.48384
wrapping first mol.:       19.38520       27.41481       47.48384

 NSTEP =    13500   TIME(PS) =    7127.000  TEMP(K) =   301.17  PRESS =  -448.5
 Etot   =    -50348.8724  EKtot   =      9565.2314  EPtot      =    -59914.1038
 BOND   =       371.9511  ANGLE   =      1022.5797  DIHED      =       713.7377
 1-4 NB =       454.7607  1-4 EEL =      5747.9691  VDWAALS    =      6571.0670
 EELEC  =    -74796.7428  EHBOND  =         0.0000  RESTRAINT  =         0.5737
 EAMBER (non-restraint)  =    -59914.6775
 EKCMT  =      3936.8176  VIRIAL  =      5403.2234  VOLUME     =    151415.3359
                                                    Density    =         1.0431
 ------------------------------------------------------------------------------

wrapping first mol.:       19.38095       27.40881       47.47344
wrapping first mol.:       19.38095       27.40881       47.47344

 NSTEP =    14000   TIME(PS) =    7128.000  TEMP(K) =   301.00  PRESS =   212.0
 Etot   =    -50226.3149  EKtot   =      9559.7168  EPtot      =    -59786.0317
 BOND   =       408.5791  ANGLE   =      1043.0591  DIHED      =       734.9847
 1-4 NB =       453.5787  1-4 EEL =      5711.2081  VDWAALS    =      6743.1420
 EELEC  =    -74881.0538  EHBOND  =         0.0000  RESTRAINT  =         0.4704
 EAMBER (non-restraint)  =    -59786.5021
 EKCMT  =      4031.8569  VIRIAL  =      3339.3844  VOLUME     =    151306.9885
                                                    Density    =         1.0438
 ------------------------------------------------------------------------------

wrapping first mol.:       19.38567       27.41548       47.48499
wrapping first mol.:       19.38567       27.41548       47.48499

 NSTEP =    14500   TIME(PS) =    7129.000  TEMP(K) =   303.96  PRESS =   244.5
 Etot   =    -50157.0075  EKtot   =      9653.9580  EPtot      =    -59810.9655
 BOND   =       442.2208  ANGLE   =      1018.9132  DIHED      =       691.6611
 1-4 NB =       451.9559  1-4 EEL =      5730.2234  VDWAALS    =      6669.6082
 EELEC  =    -74816.1411  EHBOND  =         0.0000  RESTRAINT  =         0.5929
 EAMBER (non-restraint)  =    -59811.5585
 EKCMT  =      4078.9261  VIRIAL  =      3279.6279  VOLUME     =    151417.0016
                                                    Density    =         1.0431
 ------------------------------------------------------------------------------

wrapping first mol.:       19.39810       27.43305       47.51543
wrapping first mol.:       19.39810       27.43305       47.51543

 NSTEP =    15000   TIME(PS) =    7130.000  TEMP(K) =   297.22  PRESS =   170.1
 Etot   =    -50218.4106  EKtot   =      9439.8330  EPtot      =    -59658.2436
 BOND   =       406.4367  ANGLE   =      1015.1790  DIHED      =       697.0170
 1-4 NB =       450.3822  1-4 EEL =      5732.8879  VDWAALS    =      6641.3906
 EELEC  =    -74602.2061  EHBOND  =         0.0000  RESTRAINT  =         0.6691
 EAMBER (non-restraint)  =    -59658.9127
 EKCMT  =      3944.6149  VIRIAL  =      3387.4016  VOLUME     =    151709.3663
                                                    Density    =         1.0410
 ------------------------------------------------------------------------------

wrapping first mol.:       19.38733       27.41783       47.48906
wrapping first mol.:       19.38733       27.41783       47.48906

 NSTEP =    15500   TIME(PS) =    7131.000  TEMP(K) =   299.77  PRESS =   644.7
 Etot   =    -50241.8097  EKtot   =      9520.8906  EPtot      =    -59762.7004
 BOND   =       407.2109  ANGLE   =      1023.8259  DIHED      =       729.9264
 1-4 NB =       455.3537  1-4 EEL =      5773.6739  VDWAALS    =      6732.8585
 EELEC  =    -74886.0596  EHBOND  =         0.0000  RESTRAINT  =         0.5099
 EAMBER (non-restraint)  =    -59763.2103
 EKCMT  =      4027.9999  VIRIAL  =      1919.8389  VOLUME     =    151450.5471
                                                    Density    =         1.0428
 ------------------------------------------------------------------------------

wrapping first mol.:       19.40380       27.44112       47.52941
wrapping first mol.:       19.40380       27.44112       47.52941

 NSTEP =    16000   TIME(PS) =    7132.000  TEMP(K) =   298.35  PRESS =  -517.7
 Etot   =    -50444.0708  EKtot   =      9475.5420  EPtot      =    -59919.6128
 BOND   =       405.3357  ANGLE   =      1065.1020  DIHED      =       724.5651
 1-4 NB =       451.3892  1-4 EEL =      5750.2255  VDWAALS    =      6502.0180
 EELEC  =    -74818.8623  EHBOND  =         0.0000  RESTRAINT  =         0.6140
 EAMBER (non-restraint)  =    -59920.2268
 EKCMT  =      3980.6538  VIRIAL  =      5677.8845  VOLUME     =    151852.6211
                                                    Density    =         1.0401
 ------------------------------------------------------------------------------

wrapping first mol.:       19.41003       27.44993       47.54467
wrapping first mol.:       19.41003       27.44993       47.54467

 NSTEP =    16500   TIME(PS) =    7133.000  TEMP(K) =   300.42  PRESS =   614.8
 Etot   =    -50159.2810  EKtot   =      9541.5127  EPtot      =    -59700.7937
 BOND   =       403.6022  ANGLE   =      1047.4936  DIHED      =       725.0217
 1-4 NB =       451.4130  1-4 EEL =      5739.6908  VDWAALS    =      6829.8270
 EELEC  =    -74898.4423  EHBOND  =         0.0000  RESTRAINT  =         0.6003
 EAMBER (non-restraint)  =    -59701.3941
 EKCMT  =      3955.7404  VIRIAL  =      1938.3198  VOLUME     =    151983.6353
                                                    Density    =         1.0392
 ------------------------------------------------------------------------------

wrapping first mol.:       19.39326       27.42621       47.50359
wrapping first mol.:       19.39326       27.42621       47.50359

 NSTEP =    17000   TIME(PS) =    7134.000  TEMP(K) =   300.36  PRESS =   -41.7
 Etot   =    -50222.1335  EKtot   =      9539.6436  EPtot      =    -59761.7771
 BOND   =       387.9418  ANGLE   =      1083.4731  DIHED      =       716.4047
 1-4 NB =       455.5539  1-4 EEL =      5705.0717  VDWAALS    =      6673.1664
 EELEC  =    -74784.0119  EHBOND  =         0.0000  RESTRAINT  =         0.6232
 EAMBER (non-restraint)  =    -59762.4003
 EKCMT  =      3981.4296  VIRIAL  =      4117.8055  VOLUME     =    151598.8626
                                                    Density    =         1.0418
 ------------------------------------------------------------------------------

wrapping first mol.:       19.39328       27.42623       47.50363
wrapping first mol.:       19.39328       27.42623       47.50363

 NSTEP =    17500   TIME(PS) =    7135.000  TEMP(K) =   301.28  PRESS =    49.1
 Etot   =    -50226.6592  EKtot   =      9568.6719  EPtot      =    -59795.3310
 BOND   =       439.6588  ANGLE   =      1047.0187  DIHED      =       704.5770
 1-4 NB =       452.8125  1-4 EEL =      5736.6571  VDWAALS    =      6578.3377
 EELEC  =    -74754.9524  EHBOND  =         0.0000  RESTRAINT  =         0.5595
 EAMBER (non-restraint)  =    -59795.8906
 EKCMT  =      4069.0629  VIRIAL  =      3908.3180  VOLUME     =    151597.9815
                                                    Density    =         1.0418
 ------------------------------------------------------------------------------

wrapping first mol.:       19.40346       27.44063       47.52856
wrapping first mol.:       19.40346       27.44063       47.52856

 NSTEP =    18000   TIME(PS) =    7136.000  TEMP(K) =   300.03  PRESS =  -192.0
 Etot   =    -50242.4100  EKtot   =      9528.8867  EPtot      =    -59771.2967
 BOND   =       400.7388  ANGLE   =       982.4528  DIHED      =       722.0219
 1-4 NB =       450.8934  1-4 EEL =      5762.1742  VDWAALS    =      6542.9934
 EELEC  =    -74633.2920  EHBOND  =         0.0000  RESTRAINT  =         0.7206
 EAMBER (non-restraint)  =    -59772.0173
 EKCMT  =      4036.2540  VIRIAL  =      4665.8604  VOLUME     =    151840.0681
                                                    Density    =         1.0402
 ------------------------------------------------------------------------------

wrapping first mol.:       19.39129       27.42343       47.49877
wrapping first mol.:       19.39129       27.42343       47.49877

 NSTEP =    18500   TIME(PS) =    7137.000  TEMP(K) =   299.40  PRESS =   -45.2
 Etot   =    -50102.4545  EKtot   =      9509.0771  EPtot      =    -59611.5317
 BOND   =       415.0356  ANGLE   =      1054.9488  DIHED      =       718.9456
 1-4 NB =       452.7080  1-4 EEL =      5793.9932  VDWAALS    =      6407.7023
 EELEC  =    -74455.5886  EHBOND  =         0.0000  RESTRAINT  =         0.7233
 EAMBER (non-restraint)  =    -59612.2550
 EKCMT  =      3952.0661  VIRIAL  =      4099.9137  VOLUME     =    151552.7732
                                                    Density    =         1.0421
 ------------------------------------------------------------------------------

wrapping first mol.:       19.39352       27.42658       47.50423
wrapping first mol.:       19.39352       27.42658       47.50423

 NSTEP =    19000   TIME(PS) =    7138.000  TEMP(K) =   301.66  PRESS =  -246.7
 Etot   =    -50150.9088  EKtot   =      9580.8867  EPtot      =    -59731.7955
 BOND   =       400.7880  ANGLE   =      1015.5552  DIHED      =       710.8912
 1-4 NB =       445.2536  1-4 EEL =      5775.3539  VDWAALS    =      6603.3715
 EELEC  =    -74683.8184  EHBOND  =         0.0000  RESTRAINT  =         0.8094
 EAMBER (non-restraint)  =    -59732.6049
 EKCMT  =      4013.8344  VIRIAL  =      4821.4104  VOLUME     =    151607.7700
                                                    Density    =         1.0417
 ------------------------------------------------------------------------------

wrapping first mol.:       19.39318       27.42610       47.50339
wrapping first mol.:       19.39318       27.42610       47.50339

 NSTEP =    19500   TIME(PS) =    7139.000  TEMP(K) =   298.55  PRESS =   -36.9
 Etot   =    -50116.5756  EKtot   =      9481.9229  EPtot      =    -59598.4985
 BOND   =       393.0947  ANGLE   =      1036.6796  DIHED      =       691.2263
 1-4 NB =       442.4674  1-4 EEL =      5750.3977  VDWAALS    =      6483.6717
 EELEC  =    -74396.8267  EHBOND  =         0.0000  RESTRAINT  =         0.7908
 EAMBER (non-restraint)  =    -59599.2893
 EKCMT  =      3992.8725  VIRIAL  =      4113.7550  VOLUME     =    151596.8545
                                                    Density    =         1.0418
 ------------------------------------------------------------------------------

wrapping first mol.:       19.38464       27.41401       47.48246
wrapping first mol.:       19.38464       27.41401       47.48246

 NSTEP =    20000   TIME(PS) =    7140.000  TEMP(K) =   300.95  PRESS =   346.4
 Etot   =    -50214.0341  EKtot   =      9558.1514  EPtot      =    -59772.1854
 BOND   =       389.9443  ANGLE   =      1038.8766  DIHED      =       701.6957
 1-4 NB =       459.6697  1-4 EEL =      5763.5081  VDWAALS    =      6696.2565
 EELEC  =    -74823.0011  EHBOND  =         0.0000  RESTRAINT  =         0.8646
 EAMBER (non-restraint)  =    -59773.0501
 EKCMT  =      4059.7347  VIRIAL  =      2927.5926  VOLUME     =    151391.4069
                                                    Density    =         1.0432
 ------------------------------------------------------------------------------

wrapping first mol.:       19.40508       27.44292       47.53253
wrapping first mol.:       19.40508       27.44292       47.53253

 NSTEP =    20500   TIME(PS) =    7141.000  TEMP(K) =   298.95  PRESS =   -66.4
 Etot   =    -50390.1213  EKtot   =      9494.8711  EPtot      =    -59884.9924
 BOND   =       415.6739  ANGLE   =      1022.6454  DIHED      =       713.4972
 1-4 NB =       457.6417  1-4 EEL =      5759.7076  VDWAALS    =      6653.6479
 EELEC  =    -74908.6843  EHBOND  =         0.0000  RESTRAINT  =         0.8782
 EAMBER (non-restraint)  =    -59885.8705
 EKCMT  =      3923.4143  VIRIAL  =      4141.2277  VOLUME     =    151876.4403
                                                    Density    =         1.0399
 ------------------------------------------------------------------------------

wrapping first mol.:       19.39953       27.43508       47.51895
wrapping first mol.:       19.39953       27.43508       47.51895

 NSTEP =    21000   TIME(PS) =    7142.000  TEMP(K) =   297.92  PRESS =   137.1
 Etot   =    -50518.6139  EKtot   =      9461.9082  EPtot      =    -59980.5221
 BOND   =       409.8220  ANGLE   =      1003.0718  DIHED      =       691.6933
 1-4 NB =       445.9489  1-4 EEL =      5772.7899  VDWAALS    =      6690.1723
 EELEC  =    -74994.8363  EHBOND  =         0.0000  RESTRAINT  =         0.8161
 EAMBER (non-restraint)  =    -59981.3382
 EKCMT  =      3961.1007  VIRIAL  =      3511.8914  VOLUME     =    151743.4865
                                                    Density    =         1.0408
 ------------------------------------------------------------------------------

wrapping first mol.:       19.41599       27.45835       47.55925
wrapping first mol.:       19.41599       27.45835       47.55925

 NSTEP =    21500   TIME(PS) =    7143.000  TEMP(K) =   298.99  PRESS =    -3.9
 Etot   =    -50294.3238  EKtot   =      9496.0742  EPtot      =    -59790.3980
 BOND   =       426.2672  ANGLE   =      1064.9955  DIHED      =       717.9157
 1-4 NB =       464.8935  1-4 EEL =      5752.9724  VDWAALS    =      6565.5201
 EELEC  =    -74783.8524  EHBOND  =         0.0000  RESTRAINT  =         0.8900
 EAMBER (non-restraint)  =    -59791.2880
 EKCMT  =      4022.2742  VIRIAL  =      4034.9471  VOLUME     =    152131.8658
                                                    Density    =         1.0382
 ------------------------------------------------------------------------------

wrapping first mol.:       19.39311       27.42601       47.50323
wrapping first mol.:       19.39311       27.42601       47.50323

 NSTEP =    22000   TIME(PS) =    7144.000  TEMP(K) =   297.95  PRESS =    34.9
 Etot   =    -50420.2582  EKtot   =      9462.9072  EPtot      =    -59883.1654
 BOND   =       363.2069  ANGLE   =      1039.3548  DIHED      =       708.3965
 1-4 NB =       452.0815  1-4 EEL =      5756.8876  VDWAALS    =      6526.1258
 EELEC  =    -74730.2263  EHBOND  =         0.0000  RESTRAINT  =         1.0077
 EAMBER (non-restraint)  =    -59884.1732
 EKCMT  =      4001.9701  VIRIAL  =      3887.6710  VOLUME     =    151594.3712
                                                    Density    =         1.0418
 ------------------------------------------------------------------------------

wrapping first mol.:       19.39919       27.43459       47.51810
wrapping first mol.:       19.39919       27.43459       47.51810

 NSTEP =    22500   TIME(PS) =    7145.000  TEMP(K) =   299.67  PRESS =   831.9
 Etot   =    -50270.3893  EKtot   =      9517.6826  EPtot      =    -59788.0719
 BOND   =       429.7423  ANGLE   =      1012.0321  DIHED      =       716.1823
 1-4 NB =       458.4533  1-4 EEL =      5758.0647  VDWAALS    =      6909.4205
 EELEC  =    -75073.0487  EHBOND  =         0.0000  RESTRAINT  =         1.0816
 EAMBER (non-restraint)  =    -59789.1535
 EKCMT  =      3978.0965  VIRIAL  =      1252.9363  VOLUME     =    151726.0188
                                                    Density    =         1.0409
 ------------------------------------------------------------------------------

wrapping first mol.:       19.40460       27.44225       47.53137
wrapping first mol.:       19.40460       27.44225       47.53137

 NSTEP =    23000   TIME(PS) =    7146.000  TEMP(K) =   303.73  PRESS =   203.5
 Etot   =    -49949.9772  EKtot   =      9646.6230  EPtot      =    -59596.6003
 BOND   =       400.3189  ANGLE   =      1086.2356  DIHED      =       702.0645
 1-4 NB =       446.1917  1-4 EEL =      5755.9735  VDWAALS    =      6694.2100
 EELEC  =    -74682.6441  EHBOND  =         0.0000  RESTRAINT  =         1.0497
 EAMBER (non-restraint)  =    -59597.6499
 EKCMT  =      4000.4917  VIRIAL  =      3333.2782  VOLUME     =    151861.6606
                                                    Density    =         1.0400
 ------------------------------------------------------------------------------

wrapping first mol.:       19.41227       27.45309       47.55014
wrapping first mol.:       19.41227       27.45309       47.55014

 NSTEP =    23500   TIME(PS) =    7147.000  TEMP(K) =   296.06  PRESS =    68.6
 Etot   =    -50290.2593  EKtot   =      9403.0488  EPtot      =    -59693.3081
 BOND   =       393.5713  ANGLE   =       999.6485  DIHED      =       693.0810
 1-4 NB =       460.3084  1-4 EEL =      5757.4114  VDWAALS    =      6808.6889
 EELEC  =    -74807.0849  EHBOND  =         0.0000  RESTRAINT  =         1.0672
 EAMBER (non-restraint)  =    -59694.3753
 EKCMT  =      3898.5119  VIRIAL  =      3673.3120  VOLUME     =    152043.4481
                                                    Density    =         1.0388
 ------------------------------------------------------------------------------

wrapping first mol.:       19.40168       27.43812       47.52421
wrapping first mol.:       19.40168       27.43812       47.52421

 NSTEP =    24000   TIME(PS) =    7148.000  TEMP(K) =   301.93  PRESS =   278.5
 Etot   =    -50248.2220  EKtot   =      9589.5156  EPtot      =    -59837.7376
 BOND   =       409.6406  ANGLE   =       994.5128  DIHED      =       709.2705
 1-4 NB =       458.3157  1-4 EEL =      5738.8422  VDWAALS    =      6733.5896
 EELEC  =    -74882.9982  EHBOND  =         0.0000  RESTRAINT  =         1.0893
 EAMBER (non-restraint)  =    -59838.8269
 EKCMT  =      3973.3980  VIRIAL  =      3060.6241  VOLUME     =    151792.0016
                                                    Density    =         1.0405
 ------------------------------------------------------------------------------

wrapping first mol.:       19.38531       27.41497       47.48411
wrapping first mol.:       19.38531       27.41497       47.48411

 NSTEP =    24500   TIME(PS) =    7149.000  TEMP(K) =   299.19  PRESS =   208.1
 Etot   =    -50331.4558  EKtot   =      9502.2344  EPtot      =    -59833.6902
 BOND   =       409.5366  ANGLE   =      1032.3214  DIHED      =       684.2338
 1-4 NB =       454.1051  1-4 EEL =      5737.8621  VDWAALS    =      6683.1177
 EELEC  =    -74835.9416  EHBOND  =         0.0000  RESTRAINT  =         1.0746
 EAMBER (non-restraint)  =    -59834.7648
 EKCMT  =      3892.6143  VIRIAL  =      3212.1743  VOLUME     =    151409.0570
                                                    Density    =         1.0431
 ------------------------------------------------------------------------------

wrapping first mol.:       19.40645       27.44486       47.53589
wrapping first mol.:       19.40645       27.44486       47.53589

 NSTEP =    25000   TIME(PS) =    7150.000  TEMP(K) =   299.74  PRESS =    65.7
 Etot   =    -50313.1023  EKtot   =      9519.9307  EPtot      =    -59833.0330
 BOND   =       413.2383  ANGLE   =      1005.1924  DIHED      =       723.3334
 1-4 NB =       459.2699  1-4 EEL =      5721.5717  VDWAALS    =      6762.1128
 EELEC  =    -74918.8038  EHBOND  =         0.0000  RESTRAINT  =         1.0524
 EAMBER (non-restraint)  =    -59834.0854
 EKCMT  =      4014.6977  VIRIAL  =      3799.3640  VOLUME     =    151906.8378
                                                    Density    =         1.0397
 ------------------------------------------------------------------------------

wrapping first mol.:       19.39824       27.43326       47.51579
wrapping first mol.:       19.39824       27.43326       47.51579

 NSTEP =    25500   TIME(PS) =    7151.000  TEMP(K) =   301.14  PRESS =  -237.1
 Etot   =    -50181.7356  EKtot   =      9564.1992  EPtot      =    -59745.9348
 BOND   =       406.2321  ANGLE   =      1016.1568  DIHED      =       703.1013
 1-4 NB =       447.5561  1-4 EEL =      5748.7916  VDWAALS    =      6593.3230
 EELEC  =    -74662.3193  EHBOND  =         0.0000  RESTRAINT  =         1.2238
 EAMBER (non-restraint)  =    -59747.1586
 EKCMT  =      4013.5271  VIRIAL  =      4790.3135  VOLUME     =    151718.3466
                                                    Density    =         1.0410
 ------------------------------------------------------------------------------

wrapping first mol.:       19.38570       27.41552       47.48507
wrapping first mol.:       19.38570       27.41552       47.48507

 NSTEP =    26000   TIME(PS) =    7152.000  TEMP(K) =   301.42  PRESS =   -72.1
 Etot   =    -50354.5786  EKtot   =      9573.3047  EPtot      =    -59927.8833
 BOND   =       406.7575  ANGLE   =      1013.7038  DIHED      =       708.4488
 1-4 NB =       460.7920  1-4 EEL =      5753.0174  VDWAALS    =      6594.8102
 EELEC  =    -74866.6087  EHBOND  =         0.0000  RESTRAINT  =         1.1958
 EAMBER (non-restraint)  =    -59929.0791
 EKCMT  =      4034.8099  VIRIAL  =      4270.3795  VOLUME     =    151422.0549
                                                    Density    =         1.0430
 ------------------------------------------------------------------------------

wrapping first mol.:       19.39210       27.42457       47.50075
wrapping first mol.:       19.39210       27.42457       47.50075

 NSTEP =    26500   TIME(PS) =    7153.000  TEMP(K) =   302.17  PRESS =  -456.5
 Etot   =    -50139.9533  EKtot   =      9596.8984  EPtot      =    -59736.8517
 BOND   =       397.9518  ANGLE   =      1022.4329  DIHED      =       684.3455
 1-4 NB =       457.2986  1-4 EEL =      5740.2608  VDWAALS    =      6408.4039
 EELEC  =    -74448.7805  EHBOND  =         0.0000  RESTRAINT  =         1.2352
 EAMBER (non-restraint)  =    -59738.0869
 EKCMT  =      3954.5924  VIRIAL  =      5448.6305  VOLUME     =    151577.2697
                                                    Density    =         1.0420
 ------------------------------------------------------------------------------

wrapping first mol.:       19.39793       27.43281       47.51502
wrapping first mol.:       19.39793       27.43281       47.51502

 NSTEP =    27000   TIME(PS) =    7154.000  TEMP(K) =   300.02  PRESS =   -93.8
 Etot   =    -50123.7143  EKtot   =      9528.6982  EPtot      =    -59652.4125
 BOND   =       399.2625  ANGLE   =      1016.6981  DIHED      =       709.8809
 1-4 NB =       457.3660  1-4 EEL =      5763.6990  VDWAALS    =      6610.6763
 EELEC  =    -74611.1438  EHBOND  =         0.0000  RESTRAINT  =         1.1484
 EAMBER (non-restraint)  =    -59653.5609
 EKCMT  =      3977.0993  VIRIAL  =      4284.2512  VOLUME     =    151709.0351
                                                    Density    =         1.0411
 ------------------------------------------------------------------------------

wrapping first mol.:       19.39249       27.42512       47.50169
wrapping first mol.:       19.39249       27.42512       47.50169

 NSTEP =    27500   TIME(PS) =    7155.000  TEMP(K) =   303.18  PRESS =    59.4
 Etot   =    -49999.6599  EKtot   =      9629.0928  EPtot      =    -59628.7526
 BOND   =       414.0793  ANGLE   =      1039.8683  DIHED      =       700.5304
 1-4 NB =       454.5404  1-4 EEL =      5735.9994  VDWAALS    =      6561.8764
 EELEC  =    -74536.6045  EHBOND  =         0.0000  RESTRAINT  =         0.9577
 EAMBER (non-restraint)  =    -59629.7104
 EKCMT  =      4030.0531  VIRIAL  =      3835.5862  VOLUME     =    151579.3074
                                                    Density    =         1.0419
 ------------------------------------------------------------------------------

wrapping first mol.:       19.40215       27.43878       47.52535
wrapping first mol.:       19.40215       27.43878       47.52535

 NSTEP =    28000   TIME(PS) =    7156.000  TEMP(K) =   302.58  PRESS =   161.4
 Etot   =    -50127.3372  EKtot   =      9610.1328  EPtot      =    -59737.4700
 BOND   =       418.8707  ANGLE   =      1043.2272  DIHED      =       711.4926
 1-4 NB =       432.5384  1-4 EEL =      5772.7661  VDWAALS    =      6595.3251
 EELEC  =    -74712.6653  EHBOND  =         0.0000  RESTRAINT  =         0.9752
 EAMBER (non-restraint)  =    -59738.4451
 EKCMT  =      4043.1198  VIRIAL  =      3514.1614  VOLUME     =    151804.5541
                                                    Density    =         1.0404
 ------------------------------------------------------------------------------

wrapping first mol.:       19.39718       27.43175       47.51319
wrapping first mol.:       19.39718       27.43175       47.51319

 NSTEP =    28500   TIME(PS) =    7157.000  TEMP(K) =   300.47  PRESS =   130.9
 Etot   =    -50054.4897  EKtot   =      9543.1719  EPtot      =    -59597.6616
 BOND   =       386.1131  ANGLE   =      1008.5961  DIHED      =       698.5814
 1-4 NB =       454.8795  1-4 EEL =      5813.9399  VDWAALS    =      6681.7673
 EELEC  =    -74642.5686  EHBOND  =         0.0000  RESTRAINT  =         1.0297
 EAMBER (non-restraint)  =    -59598.6913
 EKCMT  =      4004.5478  VIRIAL  =      3575.8242  VOLUME     =    151688.4064
                                                    Density    =         1.0412
 ------------------------------------------------------------------------------

wrapping first mol.:       19.39785       27.43270       47.51482
wrapping first mol.:       19.39785       27.43270       47.51482

 NSTEP =    29000   TIME(PS) =    7158.000  TEMP(K) =   304.60  PRESS =   -16.4
 Etot   =    -49751.3076  EKtot   =      9674.1572  EPtot      =    -59425.4648
 BOND   =       403.0442  ANGLE   =      1057.3552  DIHED      =       713.6284
 1-4 NB =       454.4990  1-4 EEL =      5770.3760  VDWAALS    =      6449.1981
 EELEC  =    -74274.5588  EHBOND  =         0.0000  RESTRAINT  =         0.9932
 EAMBER (non-restraint)  =    -59426.4580
 EKCMT  =      4096.6163  VIRIAL  =      4150.3678  VOLUME     =    151706.0528
                                                    Density    =         1.0411
 ------------------------------------------------------------------------------

wrapping first mol.:       19.40716       27.44587       47.53763
wrapping first mol.:       19.40716       27.44587       47.53763

 NSTEP =    29500   TIME(PS) =    7159.000  TEMP(K) =   299.37  PRESS =   -51.3
 Etot   =    -50258.3497  EKtot   =      9508.0371  EPtot      =    -59766.3869
 BOND   =       427.9539  ANGLE   =      1051.6927  DIHED      =       705.4635
 1-4 NB =       437.7526  1-4 EEL =      5739.9411  VDWAALS    =      6731.5139
 EELEC  =    -74861.5396  EHBOND  =         0.0000  RESTRAINT  =         0.8351
 EAMBER (non-restraint)  =    -59767.2219
 EKCMT  =      3966.4924  VIRIAL  =      4134.6138  VOLUME     =    151925.1080
                                                    Density    =         1.0396
 ------------------------------------------------------------------------------

wrapping first mol.:       19.40161       27.43802       47.52404
wrapping first mol.:       19.40161       27.43802       47.52404

 NSTEP =    30000   TIME(PS) =    7160.000  TEMP(K) =   298.50  PRESS =   -47.0
 Etot   =    -50360.3642  EKtot   =      9480.3320  EPtot      =    -59840.6963
 BOND   =       421.1088  ANGLE   =      1023.2820  DIHED      =       686.0145
 1-4 NB =       451.9819  1-4 EEL =      5726.3080  VDWAALS    =      6639.6048
 EELEC  =    -74789.8989  EHBOND  =         0.0000  RESTRAINT  =         0.9027
 EAMBER (non-restraint)  =    -59841.5989
 EKCMT  =      3967.6142  VIRIAL  =      4121.7159  VOLUME     =    151794.8250
                                                    Density    =         1.0405
 ------------------------------------------------------------------------------

wrapping first mol.:       19.39473       27.42829       47.50718
wrapping first mol.:       19.39473       27.42829       47.50718

 NSTEP =    30500   TIME(PS) =    7161.000  TEMP(K) =   300.38  PRESS =   137.2
 Etot   =    -50092.2058  EKtot   =      9540.1729  EPtot      =    -59632.3787
 BOND   =       394.6549  ANGLE   =      1017.8805  DIHED      =       709.9222
 1-4 NB =       462.2933  1-4 EEL =      5744.7194  VDWAALS    =      6434.5967
 EELEC  =    -74397.2521  EHBOND  =         0.0000  RESTRAINT  =         0.8063
 EAMBER (non-restraint)  =    -59633.1849
 EKCMT  =      3974.5679  VIRIAL  =      3525.4296  VOLUME     =    151630.8310
                                                    Density    =         1.0416
 ------------------------------------------------------------------------------

wrapping first mol.:       19.39039       27.42215       47.49656
wrapping first mol.:       19.39039       27.42215       47.49656

 NSTEP =    31000   TIME(PS) =    7162.000  TEMP(K) =   297.37  PRESS =   127.8
 Etot   =    -50276.7651  EKtot   =      9444.5908  EPtot      =    -59721.3560
 BOND   =       382.0275  ANGLE   =      1019.1994  DIHED      =       695.6191
 1-4 NB =       450.7121  1-4 EEL =      5772.3695  VDWAALS    =      6713.6336
 EELEC  =    -74755.7989  EHBOND  =         0.0000  RESTRAINT  =         0.8818
 EAMBER (non-restraint)  =    -59722.2377
 EKCMT  =      3989.3487  VIRIAL  =      3571.3455  VOLUME     =    151529.2450
                                                    Density    =         1.0423
 ------------------------------------------------------------------------------

wrapping first mol.:       19.39888       27.43416       47.51736
wrapping first mol.:       19.39888       27.43416       47.51736

 NSTEP =    31500   TIME(PS) =    7163.000  TEMP(K) =   301.94  PRESS =    17.2
 Etot   =    -50153.0010  EKtot   =      9589.7070  EPtot      =    -59742.7080
 BOND   =       379.6517  ANGLE   =      1071.4950  DIHED      =       696.9392
 1-4 NB =       447.0805  1-4 EEL =      5736.1340  VDWAALS    =      6636.6365
 EELEC  =    -74711.5169  EHBOND  =         0.0000  RESTRAINT  =         0.8719
 EAMBER (non-restraint)  =    -59743.5800
 EKCMT  =      4067.3372  VIRIAL  =      4010.9594  VOLUME     =    151729.9249
                                                    Density    =         1.0409
 ------------------------------------------------------------------------------

wrapping first mol.:       19.40745       27.44628       47.53835
wrapping first mol.:       19.40745       27.44628       47.53835

 NSTEP =    32000   TIME(PS) =    7164.000  TEMP(K) =   301.20  PRESS =   129.5
 Etot   =    -50155.4530  EKtot   =      9566.3223  EPtot      =    -59721.7753
 BOND   =       401.7027  ANGLE   =      1016.1071  DIHED      =       708.6489
 1-4 NB =       475.0301  1-4 EEL =      5754.6918  VDWAALS    =      6665.7521
 EELEC  =    -74744.5238  EHBOND  =         0.0000  RESTRAINT  =         0.8157
 EAMBER (non-restraint)  =    -59722.5910
 EKCMT  =      4017.7084  VIRIAL  =      3593.0228  VOLUME     =    151929.5739
                                                    Density    =         1.0395
 ------------------------------------------------------------------------------

wrapping first mol.:       19.41555       27.45774       47.55819
wrapping first mol.:       19.41555       27.45774       47.55819

 NSTEP =    32500   TIME(PS) =    7165.000  TEMP(K) =   301.02  PRESS =   235.2
 Etot   =    -50033.7368  EKtot   =      9560.6152  EPtot      =    -59594.3520
 BOND   =       377.0405  ANGLE   =      1003.0201  DIHED      =       715.5958
 1-4 NB =       466.7284  1-4 EEL =      5739.6871  VDWAALS    =      6638.7333
 EELEC  =    -74536.0096  EHBOND  =         0.0000  RESTRAINT  =         0.8525
 EAMBER (non-restraint)  =    -59595.2044
 EKCMT  =      4012.7711  VIRIAL  =      3240.3274  VOLUME     =    152118.4402
                                                    Density    =         1.0383
 ------------------------------------------------------------------------------

wrapping first mol.:       19.40238       27.43911       47.52592
wrapping first mol.:       19.40238       27.43911       47.52592

 NSTEP =    33000   TIME(PS) =    7166.000  TEMP(K) =   303.04  PRESS =    53.0
 Etot   =    -50176.0435  EKtot   =      9624.5469  EPtot      =    -59800.5903
 BOND   =       409.1271  ANGLE   =      1030.2860  DIHED      =       692.2361
 1-4 NB =       445.9327  1-4 EEL =      5709.2173  VDWAALS    =      6686.6561
 EELEC  =    -74774.8119  EHBOND  =         0.0000  RESTRAINT  =         0.7664
 EAMBER (non-restraint)  =    -59801.3567
 EKCMT  =      4043.0033  VIRIAL  =      3869.2324  VOLUME     =    151811.4808
                                                    Density    =         1.0403
 ------------------------------------------------------------------------------

wrapping first mol.:       19.39411       27.42742       47.50567
wrapping first mol.:       19.39411       27.42742       47.50567

 NSTEP =    33500   TIME(PS) =    7167.000  TEMP(K) =   304.68  PRESS =  -362.0
 Etot   =    -50188.7134  EKtot   =      9676.7549  EPtot      =    -59865.4683
 BOND   =       400.3794  ANGLE   =       986.3574  DIHED      =       699.1711
 1-4 NB =       458.9274  1-4 EEL =      5804.5714  VDWAALS    =      6495.1313
 EELEC  =    -74710.7265  EHBOND  =         0.0000  RESTRAINT  =         0.7202
 EAMBER (non-restraint)  =    -59866.1885
 EKCMT  =      4103.1227  VIRIAL  =      5288.2421  VOLUME     =    151623.1326
                                                    Density    =         1.0416
 ------------------------------------------------------------------------------

wrapping first mol.:       19.39315       27.42606       47.50333
wrapping first mol.:       19.39315       27.42606       47.50333

 NSTEP =    34000   TIME(PS) =    7168.000  TEMP(K) =   301.34  PRESS =  -105.2
 Etot   =    -50093.9430  EKtot   =      9570.7129  EPtot      =    -59664.6559
 BOND   =       401.9456  ANGLE   =      1042.5216  DIHED      =       705.3022
 1-4 NB =       460.6419  1-4 EEL =      5746.5614  VDWAALS    =      6609.9754
 EELEC  =    -74632.2934  EHBOND  =         0.0000  RESTRAINT  =         0.6895
 EAMBER (non-restraint)  =    -59665.3454
 EKCMT  =      3969.7335  VIRIAL  =      4314.1268  VOLUME     =    151597.1923
                                                    Density    =         1.0418
 ------------------------------------------------------------------------------

wrapping first mol.:       19.38672       27.41697       47.48758
wrapping first mol.:       19.38672       27.41697       47.48758

 NSTEP =    34500   TIME(PS) =    7169.000  TEMP(K) =   302.11  PRESS =  -312.6
 Etot   =    -50316.2047  EKtot   =      9595.1172  EPtot      =    -59911.3218
 BOND   =       393.6476  ANGLE   =      1027.4466  DIHED      =       698.4470
 1-4 NB =       464.8150  1-4 EEL =      5716.1453  VDWAALS    =      6473.4895
 EELEC  =    -74686.0201  EHBOND  =         0.0000  RESTRAINT  =         0.7070
 EAMBER (non-restraint)  =    -59912.0289
 EKCMT  =      4011.8415  VIRIAL  =      5034.0997  VOLUME     =    151449.2412
                                                    Density    =         1.0428
 ------------------------------------------------------------------------------

wrapping first mol.:       19.38036       27.40797       47.47200
wrapping first mol.:       19.38036       27.40797       47.47200

 NSTEP =    35000   TIME(PS) =    7170.000  TEMP(K) =   295.56  PRESS =   108.8
 Etot   =    -50395.8105  EKtot   =      9387.2002  EPtot      =    -59783.0107
 BOND   =       377.7406  ANGLE   =      1062.0837  DIHED      =       706.3454
 1-4 NB =       451.4369  1-4 EEL =      5766.0343  VDWAALS    =      6799.7470
 EELEC  =    -74947.1921  EHBOND  =         0.0000  RESTRAINT  =         0.7935
 EAMBER (non-restraint)  =    -59783.8043
 EKCMT  =      3887.8828  VIRIAL  =      3532.5684  VOLUME     =    151294.5696
                                                    Density    =         1.0439
 ------------------------------------------------------------------------------

wrapping first mol.:       19.39114       27.42321       47.49839
wrapping first mol.:       19.39114       27.42321       47.49839

 NSTEP =    35500   TIME(PS) =    7171.000  TEMP(K) =   297.50  PRESS =    -3.7
 Etot   =    -50269.9849  EKtot   =      9448.7217  EPtot      =    -59718.7065
 BOND   =       412.3563  ANGLE   =      1033.7058  DIHED      =       682.7533
 1-4 NB =       467.2702  1-4 EEL =      5780.3575  VDWAALS    =      6508.3518
 EELEC  =    -74604.2379  EHBOND  =         0.0000  RESTRAINT  =         0.7365
 EAMBER (non-restraint)  =    -59719.4430
 EKCMT  =      3974.6048  VIRIAL  =      3986.6461  VOLUME     =    151548.5377
                                                    Density    =         1.0422
 ------------------------------------------------------------------------------

wrapping first mol.:       19.39096       27.42295       47.49795
wrapping first mol.:       19.39096       27.42295       47.49795

 NSTEP =    36000   TIME(PS) =    7172.000  TEMP(K) =   298.71  PRESS =   -54.0
 Etot   =    -50263.1485  EKtot   =      9487.0977  EPtot      =    -59750.2462
 BOND   =       387.1477  ANGLE   =      1073.2800  DIHED      =       700.1447
 1-4 NB =       450.0984  1-4 EEL =      5716.6812  VDWAALS    =      6652.5738
 EELEC  =    -74730.8237  EHBOND  =         0.0000  RESTRAINT  =         0.6517
 EAMBER (non-restraint)  =    -59750.8978
 EKCMT  =      3943.4605  VIRIAL  =      4119.9964  VOLUME     =    151544.9934
                                                    Density    =         1.0422
 ------------------------------------------------------------------------------

wrapping first mol.:       19.37729       27.40363       47.46447
wrapping first mol.:       19.37729       27.40363       47.46447

 NSTEP =    36500   TIME(PS) =    7173.000  TEMP(K) =   295.56  PRESS =   108.2
 Etot   =    -50329.2190  EKtot   =      9386.9932  EPtot      =    -59716.2122
 BOND   =       409.7248  ANGLE   =      1044.3221  DIHED      =       693.1937
 1-4 NB =       459.8964  1-4 EEL =      5771.4452  VDWAALS    =      6552.8880
 EELEC  =    -74648.3564  EHBOND  =         0.0000  RESTRAINT  =         0.6740
 EAMBER (non-restraint)  =    -59716.8862
 EKCMT  =      3927.6954  VIRIAL  =      3574.4036  VOLUME     =    151222.6115
                                                    Density    =         1.0444
 ------------------------------------------------------------------------------

wrapping first mol.:       19.38151       27.40959       47.47481
wrapping first mol.:       19.38151       27.40959       47.47481

 NSTEP =    37000   TIME(PS) =    7174.000  TEMP(K) =   301.13  PRESS =   219.6
 Etot   =    -50363.8058  EKtot   =      9564.0234  EPtot      =    -59927.8292
 BOND   =       400.3230  ANGLE   =      1026.1161  DIHED      =       699.9805
 1-4 NB =       458.7880  1-4 EEL =      5729.9414  VDWAALS    =      6689.1732
 EELEC  =    -74932.8978  EHBOND  =         0.0000  RESTRAINT  =         0.7463
 EAMBER (non-restraint)  =    -59928.5755
 EKCMT  =      3987.7584  VIRIAL  =      3270.2514  VOLUME     =    151319.9073
                                                    Density    =         1.0437
 ------------------------------------------------------------------------------

wrapping first mol.:       19.38958       27.42100       47.49457
wrapping first mol.:       19.38958       27.42100       47.49457

 NSTEP =    37500   TIME(PS) =    7175.000  TEMP(K) =   298.56  PRESS =   149.7
 Etot   =    -50244.5871  EKtot   =      9482.4238  EPtot      =    -59727.0110
 BOND   =       407.9214  ANGLE   =      1084.5690  DIHED      =       700.2132
 1-4 NB =       449.4449  1-4 EEL =      5770.2886  VDWAALS    =      6687.2918
 EELEC  =    -74827.4731  EHBOND  =         0.0000  RESTRAINT  =         0.7333
 EAMBER (non-restraint)  =    -59727.7442
 EKCMT  =      3950.5950  VIRIAL  =      3460.8076  VOLUME     =    151509.8809
                                                    Density    =         1.0424
 ------------------------------------------------------------------------------

wrapping first mol.:       19.38072       27.40848       47.47288
wrapping first mol.:       19.38072       27.40848       47.47288

 NSTEP =    38000   TIME(PS) =    7176.000  TEMP(K) =   299.38  PRESS =  -377.6
 Etot   =    -50299.2883  EKtot   =      9508.3076  EPtot      =    -59807.5959
 BOND   =       383.2903  ANGLE   =      1048.2739  DIHED      =       709.5388
 1-4 NB =       461.2061  1-4 EEL =      5741.5729  VDWAALS    =      6408.7879
 EELEC  =    -74561.0381  EHBOND  =         0.0000  RESTRAINT  =         0.7723
 EAMBER (non-restraint)  =    -59808.3683
 EKCMT  =      3990.5962  VIRIAL  =      5224.2064  VOLUME     =    151309.5434
                                                    Density    =         1.0438
 ------------------------------------------------------------------------------

wrapping first mol.:       19.40069       27.43672       47.52180
wrapping first mol.:       19.40069       27.43672       47.52180

 NSTEP =    38500   TIME(PS) =    7177.000  TEMP(K) =   302.40  PRESS =  -157.6
 Etot   =    -50085.8478  EKtot   =      9604.4004  EPtot      =    -59690.2482
 BOND   =       400.4364  ANGLE   =      1054.3942  DIHED      =       681.3715
 1-4 NB =       469.6572  1-4 EEL =      5744.2407  VDWAALS    =      6462.5615
 EELEC  =    -74503.6954  EHBOND  =         0.0000  RESTRAINT  =         0.7858
 EAMBER (non-restraint)  =    -59691.0340
 EKCMT  =      3973.0125  VIRIAL  =      4489.3845  VOLUME     =    151774.7887
                                                    Density    =         1.0406
 ------------------------------------------------------------------------------

wrapping first mol.:       19.39286       27.42565       47.50261
wrapping first mol.:       19.39286       27.42565       47.50261

 NSTEP =    39000   TIME(PS) =    7178.000  TEMP(K) =   298.53  PRESS =  -204.0
 Etot   =    -50169.1095  EKtot   =      9481.4062  EPtot      =    -59650.5158
 BOND   =       404.8089  ANGLE   =      1015.0460  DIHED      =       696.2752
 1-4 NB =       451.5491  1-4 EEL =      5794.8670  VDWAALS    =      6475.2818
 EELEC  =    -74489.0862  EHBOND  =         0.0000  RESTRAINT  =         0.7424
 EAMBER (non-restraint)  =    -59651.2581
 EKCMT  =      3970.6701  VIRIAL  =      4638.3994  VOLUME     =    151591.6452
                                                    Density    =         1.0419
 ------------------------------------------------------------------------------

wrapping first mol.:       19.39033       27.42207       47.49641
wrapping first mol.:       19.39033       27.42207       47.49641

 NSTEP =    39500   TIME(PS) =    7179.000  TEMP(K) =   296.04  PRESS =  -296.5
 Etot   =    -50404.6829  EKtot   =      9402.2568  EPtot      =    -59806.9398
 BOND   =       415.2532  ANGLE   =      1019.5379  DIHED      =       694.5690
 1-4 NB =       458.3951  1-4 EEL =      5719.8414  VDWAALS    =      6459.6049
 EELEC  =    -74574.9244  EHBOND  =         0.0000  RESTRAINT  =         0.7830
 EAMBER (non-restraint)  =    -59807.7228
 EKCMT  =      3940.9428  VIRIAL  =      4910.9225  VOLUME     =    151533.5552
                                                    Density    =         1.0423
 ------------------------------------------------------------------------------

wrapping first mol.:       19.41725       27.46014       47.56235
wrapping first mol.:       19.41725       27.46014       47.56235

 NSTEP =    40000   TIME(PS) =    7180.000  TEMP(K) =   301.31  PRESS =  -226.5
 Etot   =    -50327.2512  EKtot   =      9569.8281  EPtot      =    -59897.0793
 BOND   =       403.2918  ANGLE   =      1018.1115  DIHED      =       693.4090
 1-4 NB =       457.8393  1-4 EEL =      5758.0435  VDWAALS    =      6655.2537
 EELEC  =    -74883.8879  EHBOND  =         0.0000  RESTRAINT  =         0.8597
 EAMBER (non-restraint)  =    -59897.9391
 EKCMT  =      4017.4958  VIRIAL  =      4761.6339  VOLUME     =    152164.6598
                                                    Density    =         1.0379
 ------------------------------------------------------------------------------

wrapping first mol.:       19.41075       27.45094       47.54642
wrapping first mol.:       19.41075       27.45094       47.54642

 NSTEP =    40500   TIME(PS) =    7181.000  TEMP(K) =   300.14  PRESS =    58.3
 Etot   =    -50200.0024  EKtot   =      9532.3887  EPtot      =    -59732.3911
 BOND   =       413.8312  ANGLE   =      1033.2261  DIHED      =       688.3360
 1-4 NB =       463.5551  1-4 EEL =      5768.7648  VDWAALS    =      6690.2389
 EELEC  =    -74791.3507  EHBOND  =         0.0000  RESTRAINT  =         1.0076
 EAMBER (non-restraint)  =    -59733.3987
 EKCMT  =      3989.4522  VIRIAL  =      3798.1521  VOLUME     =    152007.9228
                                                    Density    =         1.0390
 ------------------------------------------------------------------------------

wrapping first mol.:       19.43339       27.48296       47.60188
wrapping first mol.:       19.43339       27.48296       47.60188

 NSTEP =    41000   TIME(PS) =    7182.000  TEMP(K) =   297.51  PRESS =   225.2
 Etot   =    -50316.8455  EKtot   =      9448.9365  EPtot      =    -59765.7820
 BOND   =       392.4616  ANGLE   =      1040.6740  DIHED      =       712.3801
 1-4 NB =       440.3345  1-4 EEL =      5777.4925  VDWAALS    =      6808.8186
 EELEC  =    -74938.9483  EHBOND  =         0.0000  RESTRAINT  =         1.0050
 EAMBER (non-restraint)  =    -59766.7870
 EKCMT  =      3983.1159  VIRIAL  =      3241.2910  VOLUME     =    152538.1799
                                                    Density    =         1.0354
 ------------------------------------------------------------------------------

wrapping first mol.:       19.43232       27.48145       47.59926
wrapping first mol.:       19.43232       27.48145       47.59926

 NSTEP =    41500   TIME(PS) =    7183.000  TEMP(K) =   300.83  PRESS =    72.3
 Etot   =    -50100.4896  EKtot   =      9554.5332  EPtot      =    -59655.0228
 BOND   =       417.7203  ANGLE   =      1039.8423  DIHED      =       715.6334
 1-4 NB =       457.3408  1-4 EEL =      5763.8258  VDWAALS    =      6828.1139
 EELEC  =    -74878.4772  EHBOND  =         0.0000  RESTRAINT  =         0.9777
 EAMBER (non-restraint)  =    -59656.0005
 EKCMT  =      4034.3262  VIRIAL  =      3796.1532  VOLUME     =    152515.0982
                                                    Density    =         1.0355
 ------------------------------------------------------------------------------

wrapping first mol.:       19.40782       27.44680       47.53924
wrapping first mol.:       19.40782       27.44680       47.53924

 NSTEP =    42000   TIME(PS) =    7184.000  TEMP(K) =   295.39  PRESS =  -315.5
 Etot   =    -50328.9832  EKtot   =      9381.7949  EPtot      =    -59710.7781
 BOND   =       394.3003  ANGLE   =      1005.8893  DIHED      =       697.1494
 1-4 NB =       451.0865  1-4 EEL =      5717.7931  VDWAALS    =      6446.1282
 EELEC  =    -74424.1293  EHBOND  =         0.0000  RESTRAINT  =         1.0043
 EAMBER (non-restraint)  =    -59711.7825
 EKCMT  =      3945.0202  VIRIAL  =      4979.9681  VOLUME     =    151944.1689
                                                    Density    =         1.0394
 ------------------------------------------------------------------------------

wrapping first mol.:       19.41112       27.45147       47.54733
wrapping first mol.:       19.41112       27.45147       47.54733

 NSTEP =    42500   TIME(PS) =    7185.000  TEMP(K) =   306.18  PRESS =   125.3
 Etot   =    -50040.4956  EKtot   =      9724.3506  EPtot      =    -59764.8462
 BOND   =       393.2601  ANGLE   =      1070.2391  DIHED      =       688.3473
 1-4 NB =       440.7061  1-4 EEL =      5735.6308  VDWAALS    =      6468.3787
 EELEC  =    -74562.5388  EHBOND  =         0.0000  RESTRAINT  =         1.1305
 EAMBER (non-restraint)  =    -59765.9767
 EKCMT  =      4086.0765  VIRIAL  =      3674.8000  VOLUME     =    152015.7582
                                                    Density    =         1.0390
 ------------------------------------------------------------------------------

wrapping first mol.:       19.39379       27.42696       47.50489
wrapping first mol.:       19.39379       27.42696       47.50489

 NSTEP =    43000   TIME(PS) =    7186.000  TEMP(K) =   300.70  PRESS =   -38.4
 Etot   =    -50338.1454  EKtot   =      9550.4326  EPtot      =    -59888.5780
 BOND   =       413.5338  ANGLE   =       990.9329  DIHED      =       705.0116
 1-4 NB =       441.0177  1-4 EEL =      5749.8653  VDWAALS    =      6688.9320
 EELEC  =    -74879.1830  EHBOND  =         0.0000  RESTRAINT  =         1.3117
 EAMBER (non-restraint)  =    -59889.8897
 EKCMT  =      3934.8630  VIRIAL  =      4060.5659  VOLUME     =    151611.2322
                                                    Density    =         1.0417
 ------------------------------------------------------------------------------

wrapping first mol.:       19.41166       27.45223       47.54866
wrapping first mol.:       19.41166       27.45223       47.54866

 NSTEP =    43500   TIME(PS) =    7187.000  TEMP(K) =   303.51  PRESS =    83.9
 Etot   =    -50097.1075  EKtot   =      9639.6582  EPtot      =    -59736.7657
 BOND   =       409.6027  ANGLE   =      1070.4759  DIHED      =       716.4964
 1-4 NB =       455.4733  1-4 EEL =      5738.9819  VDWAALS    =      6664.2590
 EELEC  =    -74793.2776  EHBOND  =         0.0000  RESTRAINT  =         1.2227
 EAMBER (non-restraint)  =    -59737.9884
 EKCMT  =      4059.0115  VIRIAL  =      3783.5200  VOLUME     =    152029.0200
                                                    Density    =         1.0389
 ------------------------------------------------------------------------------

wrapping first mol.:       19.41301       27.45414       47.55196
wrapping first mol.:       19.41301       27.45414       47.55196

 NSTEP =    44000   TIME(PS) =    7188.000  TEMP(K) =   299.79  PRESS =  -125.0
 Etot   =    -50075.2469  EKtot   =      9521.3281  EPtot      =    -59596.5750
 BOND   =       404.8239  ANGLE   =      1004.6414  DIHED      =       686.6382
 1-4 NB =       463.2257  1-4 EEL =      5742.2092  VDWAALS    =      6437.5020
 EELEC  =    -74336.6895  EHBOND  =         0.0000  RESTRAINT  =         1.0740
 EAMBER (non-restraint)  =    -59597.6491
 EKCMT  =      3944.5175  VIRIAL  =      4354.7925  VOLUME     =    152063.5663
                                                    Density    =         1.0386
 ------------------------------------------------------------------------------

wrapping first mol.:       19.42143       27.46605       47.57260
wrapping first mol.:       19.42143       27.46605       47.57260

 NSTEP =    44500   TIME(PS) =    7189.000  TEMP(K) =   300.88  PRESS =    -7.2
 Etot   =    -50297.8951  EKtot   =      9555.9414  EPtot      =    -59853.8365
 BOND   =       364.0443  ANGLE   =      1039.1161  DIHED      =       698.0747
 1-4 NB =       455.0539  1-4 EEL =      5769.9079  VDWAALS    =      6607.0941
 EELEC  =    -74788.5009  EHBOND  =         0.0000  RESTRAINT  =         1.3736
 EAMBER (non-restraint)  =    -59855.2100
 EKCMT  =      4022.4784  VIRIAL  =      4046.2628  VOLUME     =    152260.0243
                                                    Density    =         1.0373
 ------------------------------------------------------------------------------

wrapping first mol.:       19.41000       27.44989       47.54460
wrapping first mol.:       19.41000       27.44989       47.54460

 NSTEP =    45000   TIME(PS) =    7190.000  TEMP(K) =   296.07  PRESS =   225.9
 Etot   =    -50392.5502  EKtot   =      9403.3291  EPtot      =    -59795.8793
 BOND   =       371.2930  ANGLE   =      1029.0627  DIHED      =       704.5333
 1-4 NB =       464.2520  1-4 EEL =      5768.1142  VDWAALS    =      6657.7597
 EELEC  =    -74792.2762  EHBOND  =         0.0000  RESTRAINT  =         1.3821
 EAMBER (non-restraint)  =    -59797.2614
 EKCMT  =      3964.0160  VIRIAL  =      3222.7870  VOLUME     =    151988.1853
                                                    Density    =         1.0391
 ------------------------------------------------------------------------------

wrapping first mol.:       19.40762       27.44651       47.53875
wrapping first mol.:       19.40762       27.44651       47.53875

 NSTEP =    45500   TIME(PS) =    7191.000  TEMP(K) =   299.92  PRESS =  -226.1
 Etot   =    -50207.6832  EKtot   =      9525.4980  EPtot      =    -59733.1813
 BOND   =       416.3881  ANGLE   =      1019.5496  DIHED      =       713.5967
 1-4 NB =       460.6893  1-4 EEL =      5717.6282  VDWAALS    =      6464.3543
 EELEC  =    -74526.7913  EHBOND  =         0.0000  RESTRAINT  =         1.4038
 EAMBER (non-restraint)  =    -59734.5850
 EKCMT  =      3995.8336  VIRIAL  =      4737.7172  VOLUME     =    151938.2289
                                                    Density    =         1.0395
 ------------------------------------------------------------------------------

wrapping first mol.:       19.39458       27.42808       47.50683
wrapping first mol.:       19.39458       27.42808       47.50683

 NSTEP =    46000   TIME(PS) =    7192.000  TEMP(K) =   300.38  PRESS =  -232.1
 Etot   =    -50223.0801  EKtot   =      9540.1982  EPtot      =    -59763.2784
 BOND   =       381.0860  ANGLE   =      1005.4149  DIHED      =       701.2710
 1-4 NB =       459.0606  1-4 EEL =      5776.5839  VDWAALS    =      6475.5017
 EELEC  =    -74563.4252  EHBOND  =         0.0000  RESTRAINT  =         1.2287
 EAMBER (non-restraint)  =    -59764.5070
 EKCMT  =      4033.4495  VIRIAL  =      4793.3248  VOLUME     =    151632.4584
                                                    Density    =         1.0416
 ------------------------------------------------------------------------------

wrapping first mol.:       19.40826       27.44742       47.54032
wrapping first mol.:       19.40826       27.44742       47.54032

 NSTEP =    46500   TIME(PS) =    7193.000  TEMP(K) =   294.42  PRESS =  -121.4
 Etot   =    -50484.3500  EKtot   =      9350.7324  EPtot      =    -59835.0825
 BOND   =       435.2214  ANGLE   =      1023.1359  DIHED      =       710.9142
 1-4 NB =       458.0441  1-4 EEL =      5768.3139  VDWAALS    =      6533.8970
 EELEC  =    -74766.1033  EHBOND  =         0.0000  RESTRAINT  =         1.4943
 EAMBER (non-restraint)  =    -59836.5768
 EKCMT  =      3934.5690  VIRIAL  =      4332.9613  VOLUME     =    151951.8188
                                                    Density    =         1.0394
 ------------------------------------------------------------------------------

wrapping first mol.:       19.38744       27.41798       47.48933
wrapping first mol.:       19.38744       27.41798       47.48933

 NSTEP =    47000   TIME(PS) =    7194.000  TEMP(K) =   294.62  PRESS =   -54.9
 Etot   =    -50494.6641  EKtot   =      9357.2344  EPtot      =    -59851.8985
 BOND   =       362.5357  ANGLE   =      1022.4230  DIHED      =       710.1524
 1-4 NB =       460.0945  1-4 EEL =      5756.9185  VDWAALS    =      6700.9999
 EELEC  =    -74866.3087  EHBOND  =         0.0000  RESTRAINT  =         1.2862
 EAMBER (non-restraint)  =    -59853.1847
 EKCMT  =      3894.4561  VIRIAL  =      4073.9020  VOLUME     =    151462.5343
                                                    Density    =         1.0427
 ------------------------------------------------------------------------------

wrapping first mol.:       19.38049       27.40815       47.47231
wrapping first mol.:       19.38049       27.40815       47.47231

 NSTEP =    47500   TIME(PS) =    7195.000  TEMP(K) =   294.61  PRESS =  -230.9
 Etot   =    -50320.5881  EKtot   =      9357.0166  EPtot      =    -59677.6047
 BOND   =       417.6902  ANGLE   =      1019.3417  DIHED      =       723.9500
 1-4 NB =       460.9185  1-4 EEL =      5709.5364  VDWAALS    =      6543.9747
 EELEC  =    -74554.3030  EHBOND  =         0.0000  RESTRAINT  =         1.2868
 EAMBER (non-restraint)  =    -59678.8914
 EKCMT  =      3898.4990  VIRIAL  =      4652.8457  VOLUME     =    151302.1571
                                                    Density    =         1.0439
 ------------------------------------------------------------------------------

wrapping first mol.:       19.37564       27.40130       47.46043
wrapping first mol.:       19.37564       27.40130       47.46043

 NSTEP =    48000   TIME(PS) =    7196.000  TEMP(K) =   299.83  PRESS =   -52.3
 Etot   =    -50230.9304  EKtot   =      9522.6025  EPtot      =    -59753.5330
 BOND   =       397.1123  ANGLE   =       999.9098  DIHED      =       686.5031
 1-4 NB =       448.9041  1-4 EEL =      5734.4414  VDWAALS    =      6507.2156
 EELEC  =    -74528.8053  EHBOND  =         0.0000  RESTRAINT  =         1.1861
 EAMBER (non-restraint)  =    -59754.7191
 EKCMT  =      3896.3803  VIRIAL  =      4067.1914  VOLUME     =    151186.1986
                                                    Density    =         1.0447
 ------------------------------------------------------------------------------

wrapping first mol.:       19.37484       27.40016       47.45846
wrapping first mol.:       19.37484       27.40016       47.45846

 NSTEP =    48500   TIME(PS) =    7197.000  TEMP(K) =   301.28  PRESS =    87.2
 Etot   =    -50073.5298  EKtot   =      9568.8701  EPtot      =    -59642.3999
 BOND   =       371.0284  ANGLE   =      1052.0346  DIHED      =       704.3744
 1-4 NB =       450.5324  1-4 EEL =      5753.7351  VDWAALS    =      6334.6104
 EELEC  =    -74309.7783  EHBOND  =         0.0000  RESTRAINT  =         1.0631
 EAMBER (non-restraint)  =    -59643.4630
 EKCMT  =      4021.5160  VIRIAL  =      3736.7783  VOLUME     =    151165.4692
                                                    Density    =         1.0448
 ------------------------------------------------------------------------------

wrapping first mol.:       19.37046       27.39397       47.44775
wrapping first mol.:       19.37046       27.39397       47.44775

 NSTEP =    49000   TIME(PS) =    7198.000  TEMP(K) =   297.57  PRESS =   253.0
 Etot   =    -50104.6846  EKtot   =      9451.0029  EPtot      =    -59555.6876
 BOND   =       379.7511  ANGLE   =      1024.6602  DIHED      =       720.4907
 1-4 NB =       459.8181  1-4 EEL =      5742.6830  VDWAALS    =      6421.5193
 EELEC  =    -74305.6278  EHBOND  =         0.0000  RESTRAINT  =         1.0178
 EAMBER (non-restraint)  =    -59556.7054
 EKCMT  =      3930.4213  VIRIAL  =      3105.1356  VOLUME     =    151060.8886
                                                    Density    =         1.0455
 ------------------------------------------------------------------------------

wrapping first mol.:       19.37411       27.39913       47.45668
wrapping first mol.:       19.37411       27.39913       47.45668

 NSTEP =    49500   TIME(PS) =    7199.000  TEMP(K) =   299.93  PRESS =  -175.3
 Etot   =    -50159.8803  EKtot   =      9525.8320  EPtot      =    -59685.7123
 BOND   =       396.3090  ANGLE   =      1004.0315  DIHED      =       713.3683
 1-4 NB =       460.8539  1-4 EEL =      5780.5928  VDWAALS    =      6416.8551
 EELEC  =    -74458.8128  EHBOND  =         0.0000  RESTRAINT  =         1.0899
 EAMBER (non-restraint)  =    -59686.8022
 EKCMT  =      4029.9011  VIRIAL  =      4602.1046  VOLUME     =    151151.9829
                                                    Density    =         1.0449
 ------------------------------------------------------------------------------

wrapping first mol.:       19.38557       27.41534       47.48476
wrapping first mol.:       19.38557       27.41534       47.48476

 NSTEP =    50000   TIME(PS) =    7200.000  TEMP(K) =   300.94  PRESS =   141.6
 Etot   =    -50159.9439  EKtot   =      9557.8594  EPtot      =    -59717.8033
 BOND   =       401.2219  ANGLE   =      1041.7069  DIHED      =       697.4815
 1-4 NB =       454.0355  1-4 EEL =      5769.0789  VDWAALS    =      6539.8521
 EELEC  =    -74622.3580  EHBOND  =         0.0000  RESTRAINT  =         1.1780
 EAMBER (non-restraint)  =    -59718.9812
 EKCMT  =      3991.3924  VIRIAL  =      3528.5346  VOLUME     =    151416.1225
                                                    Density    =         1.0431
 ------------------------------------------------------------------------------


      A V E R A G E S   O V E R     100 S T E P S


 NSTEP =    50000   TIME(PS) =    7200.000  TEMP(K) =   299.96  PRESS =     4.4
 Etot   =    -50241.9316  EKtot   =      9526.8164  EPtot      =    -59768.7480
 BOND   =       399.5224  ANGLE   =      1029.3999  DIHED      =       704.4980
 1-4 NB =       455.2575  1-4 EEL =      5749.6626  VDWAALS    =      6613.0286
 EELEC  =    -74720.9266  EHBOND  =         0.0000  RESTRAINT  =         0.8096
 EAMBER (non-restraint)  =    -59769.5576
 EKCMT  =      3987.2652  VIRIAL  =      3972.8687  VOLUME     =    151705.7834
                                                    Density    =         1.0411
 ------------------------------------------------------------------------------


      R M S  F L U C T U A T I O N S


 NSTEP =    50000   TIME(PS) =    7200.000  TEMP(K) =     2.41  PRESS =   224.5
 Etot   =       135.6407  EKtot   =        76.6223  EPtot      =       106.6776
 BOND   =        17.7221  ANGLE   =        25.7472  DIHED      =        12.3228
 1-4 NB =         8.2841  1-4 EEL =        25.5206  VDWAALS    =       117.8172
 EELEC  =       184.7206  EHBOND  =         0.0000  RESTRAINT  =         0.2897
 EAMBER (non-restraint)  =       106.3878
 EKCMT  =        50.0094  VIRIAL  =       736.4120  VOLUME     =       284.6226
                                                    Density    =         0.0020
 ------------------------------------------------------------------------------

--------------------------------------------------------------------------------
   5.  TIMINGS
--------------------------------------------------------------------------------

|  NonSetup CPU Time in Major Routines:
|
|     Routine           Sec        %
|     ------------------------------
|     Nonbond          69.71   83.49
|     Bond              0.00    0.00
|     Angle             0.00    0.00
|     Dihedral          0.00    0.00
|     Shake             0.25    0.30
|     RunMD            13.44   16.10
|     Other             0.09    0.11
|     ------------------------------
|     Total            83.50

|  PME Nonbond Pairlist CPU Time:
|
|     Routine              Sec        %
|     ---------------------------------
|     Set Up Cit           0.00    0.00
|     Build List           0.00    0.00
|     ---------------------------------
|     Total                0.00    0.00

|  PME Direct Force CPU Time:
|
|     Routine              Sec        %
|     ---------------------------------
|     NonBonded Calc       0.00    0.00
|     Exclude Masked       0.00    0.00
|     Other                0.06    0.07
|     ---------------------------------
|     Total                0.06    0.07

|  PME Reciprocal Force CPU Time:
|
|     Routine              Sec        %
|     ---------------------------------
|     1D bspline           0.00    0.00
|     Grid Charges         0.00    0.00
|     Scalar Sum           0.00    0.00
|     Gradient Sum         0.00    0.00
|     FFT                  0.00    0.00
|     ---------------------------------
|     Total                0.00    0.00

|  Final Performance Info:
|     -----------------------------------------------------
|     Average timings for last   13500 steps:
|     Elapsed(s) =      22.55 Per Step(ms) =       1.67
|         ns/day =     103.47   seconds/ns =     835.06
|
|     Average timings for all steps:
|     Elapsed(s) =      83.49 Per Step(ms) =       1.67
|         ns/day =     103.49   seconds/ns =     834.87
|     -----------------------------------------------------

|  Setup CPU time:            0.59 seconds
|  NonSetup CPU time:        83.50 seconds
|  Total CPU time:           84.09 seconds     0.02 hours

|  Setup wall time:           1    seconds
|  NonSetup wall time:       83    seconds
|  Total wall time:          84    seconds     0.02 hours
