
          -------------------------------------------------------
          Amber 18 PMEMD                              2018
          -------------------------------------------------------

| PMEMD implementation of SANDER, Release 18

| Run on 09/30/2019 at 00:00:57

|   Executable path: pmemd.cuda
| Working directory: /home/pbarletta/lbp/run/1ifb/mhe/e
|          Hostname: Unknown
  [-O]verwriting output

File Assignments:
|   MDIN: 72equ.in                                                              
|  MDOUT: 72equ.out                                                             
| INPCRD: 71e1ifb.rst7                                                          
|   PARM: /home/pbarletta/lbp/top_files/1ifb.prmtop                             
| RESTRT: 72e1ifb.rst7                                                          
|   REFC: 71e1ifb.rst7                                                          
|  MDVEL: mdvel                                                                 
|   MDEN: mden                                                                  
|  MDCRD: 72e1ifb.nc                                                            
| MDINFO: mdinfo                                                                
|  MDFRC: mdfrc                                                                 


 Here is the input file:

Equilibration with solute restrictions                                         
&cntrl                                                                         
imin = 0,                           ! No Minimization                          
nmropt = 0,                         ! No NMR restraints read                   
                                                                               
! Nature and format of the input                                               
ntx = 5,                            ! Coordinates but no velocities will be rea
irest = 1,                          ! Do not run a new simulation              
                                                                               
! Nature and format of the output                                              
ntxo = 1,                           ! rstrt file in ASCII format               
ntpr = 500,                         ! inf in output every ntpr steps           
ntwr = 500,                         ! rstrt file every ntwr steps              
ntwx = 500,                         ! mdcrd file every ntwx steps              
ntwv = 0,                           ! mdvel without velocities                 
ntwe = 0,                           ! Do not write energies and temperatures   
idecomp = 0,                        ! No energy decomposition                  
iwrap = 1,                          ! Coordinates of the restart and mdcrd file
                                                                               
! Frozen or restrained atoms                                                   
ibelly = 0,                         ! No frozen atoms                          
ntr=1,                              ! Harmonic potential restraints            
restraint_wt = 0.0005,                ! The weight for the positional restraint
restraintmask = ':1-131@N,CA,C,O',  ! restrained residues                      
                                                                               
! Molecular dynamics                                                           
nstlim = 50000,                     ! Number of MD-steps                       
dt = 0.002,                         ! Time step                                
                                                                               
! Temperature regulation                                                       
ntt = 3,                            ! Langevin thermostat                      
gamma_ln = 5,                       ! Gamma constant for Langevin              
temp0 = 300.0,                      ! Reference T at which the system is to be 
tempi = 300.0,                      ! Initial T                                
ig = -1,                            ! Seed for the RNG                         
                                                                               
! P and V regulation                                                           
ntp = 1,                            ! constant P                               
barostat = 1,                       ! Berendsen barostat                       
taup = 1,                           ! Pressure relaxation time                 
ntb = 2,                            ! Periodic box for constant P              
                                                                               
! SHAKE variables                                                              
ntc = 2,                            ! Bonds involving H are constrained        
ntf = 2,                            ! Bond interaction involving H are ommited.
                                                                               
cut = 10.0,                         ! Nonbonded cutoff                         
/                                                                              
&end                                                                           


Note: ig = -1. Setting random seed to   465696 based on wallclock time in 
      microseconds.
| irandom = 1, using AMBER's internal random number generator (default).
 
|--------------------- INFORMATION ----------------------
| GPU (CUDA) Version of PMEMD in use: NVIDIA GPU IN USE.
|                    Version 18.0.0
| 
|                      03/25/2018
| 
| Implementation by:
|                    Ross C. Walker     (SDSC)
|                    Scott Le Grand     (nVIDIA)
| 
| Version 18 performance extensions by:
|                    David Cerutti     (Rutgers)
| 
| Precision model in use:
|      [SPFP] - Single Precision Forces, 64-bit Fixed Point
|               Accumulation. (Default)
| 
|--------------------------------------------------------
 
|----------------- CITATION INFORMATION -----------------
|
|    When publishing work that utilized the CUDA version
|    of AMBER, please cite the following in addition to
|    the regular AMBER citations:
|
|  - Romelia Salomon-Ferrer; Andreas W. Goetz; Duncan
|    Poole; Scott Le Grand; Ross C. Walker "Routine
|    microsecond molecular dynamics simulations with
|    AMBER - Part II: Particle Mesh Ewald", J. Chem.
|    Theory Comput., 2013, 9 (9), pp3878-3888,
|    DOI: 10.1021/ct400314y.
|
|  - Andreas W. Goetz; Mark J. Williamson; Dong Xu;
|    Duncan Poole; Scott Le Grand; Ross C. Walker
|    "Routine microsecond molecular dynamics simulations
|    with AMBER - Part I: Generalized Born", J. Chem.
|    Theory Comput., 2012, 8 (5), pp1542-1555.
|
|  - Scott Le Grand; Andreas W. Goetz; Ross C. Walker
|    "SPFP: Speed without compromise - a mixed precision
|    model for GPU accelerated molecular dynamics
|    simulations.", Comp. Phys. Comm., 2013, 184
|    pp374-380, DOI: 10.1016/j.cpc.2012.09.022
|
|--------------------------------------------------------
 
|------------------- GPU DEVICE INFO --------------------
|
|            CUDA_VISIBLE_DEVICES: 0
|   CUDA Capable Devices Detected:      1
|           CUDA Device ID in use:      0
|                CUDA Device Name: GeForce GTX 1060 6GB
|     CUDA Device Global Mem Size:   6078 MB
| CUDA Device Num Multiprocessors:     10
|           CUDA Device Core Freq:   1.76 GHz
|
|--------------------------------------------------------
 
 
| Conditional Compilation Defines Used:
| PUBFFT
| BINTRAJ
| CUDA
| EMIL

| Largest sphere to fit in unit cell has radius =    23.763

| New format PARM file being parsed.
| Version =    1.000 Date = 09/29/19 Time = 21:52:31

| Note: 1-4 EEL scale factors are being read from the topology file.

| Note: 1-4 VDW scale factors are being read from the topology file.
| Duplicated    0 dihedrals

| Duplicated    0 dihedrals

--------------------------------------------------------------------------------
   1.  RESOURCE   USE: 
--------------------------------------------------------------------------------

 getting new box info from bottom of inpcrd
 NATOM  =   19901 NTYPES =      17 NBONH =   14397 MBONA  =    5520
 NTHETH =    2406 MTHETA =    1438 NPHIH =    4850 MPHIA  =    4505
 NHPARM =       0 NPARM  =       0 NNB   =   42760 NRES   =    4578
 NBONA  =    5520 NTHETA =    1438 NPHIA =    4505 NUMBND =      69
 NUMANG =     155 NPTRA  =     178 NATYP =      35 NPHB   =       1
 IFBOX  =       2 NMXRS  =      24 IFCAP =       0 NEXTRA =    4447
 NCOPY  =       0

| Coordinate Index Table dimensions:     9    9    9
| Direct force subcell size =     6.4675    6.4675    6.4675

     BOX TYPE: TRUNCATED OCTAHEDRON

--------------------------------------------------------------------------------
   2.  CONTROL  DATA  FOR  THE  RUN
--------------------------------------------------------------------------------

default_name                                                                    

General flags:
     imin    =       0, nmropt  =       0

Nature and format of input:
     ntx     =       5, irest   =       1, ntrx    =       1

Nature and format of output:
     ntxo    =       1, ntpr    =     500, ntrx    =       1, ntwr    =     500
     iwrap   =       1, ntwx    =     500, ntwv    =       0, ntwe    =       0
     ioutfm  =       1, ntwprt  =       0, idecomp =       0, rbornstat=      0

Potential function:
     ntf     =       2, ntb     =       2, igb     =       0, nsnb    =      25
     ipol    =       0, gbsa    =       0, iesp    =       0
     dielc   =   1.00000, cut     =  10.00000, intdiel =   1.00000

Frozen or restrained atoms:
     ibelly  =       0, ntr     =       1
     restraint_wt =   0.00050

Molecular dynamics:
     nstlim  =     50000, nscm    =         0, nrespa  =         1
     t       =   0.00000, dt      =   0.00200, vlimit  =  -1.00000

Langevin dynamics temperature regulation:
     ig      =  465696
     temp0   = 300.00000, tempi   = 300.00000, gamma_ln=   5.00000

Pressure regulation:
     ntp     =       1
     pres0   =   1.00000, comp    =  44.60000, taup    =   1.00000

SHAKE:
     ntc     =       2, jfastw  =       0
     tol     =   0.00001

| Intermolecular bonds treatment:
|     no_intermolecular_bonds =       1

| Energy averages sample interval:
|     ene_avg_sampling =     500

Extra-points options:
     frameon =       1, chngmask=       1

Ewald parameters:
     verbose =       0, ew_type =       0, nbflag  =       1, use_pme =       1
     vdwmeth =       1, eedmeth =       1, netfrc  =       1
     Box X =   58.207   Box Y =   58.207   Box Z =   58.207
     Alpha =  109.471   Beta  =  109.471   Gamma =  109.471
     NFFT1 =   64       NFFT2 =   64       NFFT3 =   64
     Cutoff=   10.000   Tol   =0.100E-04
     Ewald Coefficient =  0.27511
     Interpolation order =    4

    LOADING THE CONSTRAINED ATOMS AS GROUPS


   5.  REFERENCE ATOM COORDINATES

  default_name                                                                    
     Mask :1-131@N,CA,C,O; matches   524 atoms
|      EXTRA_PTS, trim_bonds: num bonds BEFORE trim = 14397     0
|      EXTRA_PTS, trim_bonds: num bonds AFTER  trim = 14397     0
|      EXTRA_PTS, trim_bonds: num bonds BEFORE trim =  5520     0
|      EXTRA_PTS, trim_bonds: num bonds AFTER  trim =  1073     0
|      EXTRA_PTS, trim_theta: num angle BEFORE trim =  2406     0
|      EXTRA_PTS, trim_theta: num angle AFTER  trim =  2406     0
|      EXTRA_PTS, trim_theta: num angle BEFORE trim =  1438     0
|      EXTRA_PTS, trim_theta: num angle AFTER  trim =  1438     0
|      EXTRA_PTS, trim_phi:  num diheds BEFORE trim =  4850     0
|      EXTRA_PTS, trim_phi:  num diheds AFTER  trim =  4850     0
|      EXTRA_PTS, trim_phi:  num diheds BEFORE trim =  4505     0
|      EXTRA_PTS, trim_phi:  num diheds AFTER  trim =  4505     0

--------------------------------------------------------------------------------
   3.  ATOMIC COORDINATES AND VELOCITIES
--------------------------------------------------------------------------------

default_name                                                                    
 begin time read from input coords =  7500.000 ps

 
 Number of triangulated 3-point waters found:     4447

     Sum of charges from parm topology file =   0.00002436
     Forcing neutrality...

| Dynamic Memory, Types Used:
| Reals              996413
| Integers          1467781

| Nonbonded Pairs Initial Allocation:     6019554

| GPU memory information (estimate):
| KB of GPU memory in use:         0
| KB of CPU memory in use:         0

--------------------------------------------------------------------------------
   4.  RESULTS
--------------------------------------------------------------------------------

wrapping first mol.:       19.41463       27.45643       47.55592
wrapping first mol.:       19.41463       27.45643       47.55592

 NSTEP =      500   TIME(PS) =    7501.000  TEMP(K) =   300.94  PRESS =  -162.4
 Etot   =    -50084.2557  EKtot   =      9557.8750  EPtot      =    -59642.1307
 BOND   =       376.9186  ANGLE   =      1029.1341  DIHED      =       700.2832
 1-4 NB =       473.0972  1-4 EEL =      5783.7979  VDWAALS    =      6422.7212
 EELEC  =    -74428.1366  EHBOND  =         0.0000  RESTRAINT  =         0.0537
 EAMBER (non-restraint)  =    -59642.1844
 EKCMT  =      4051.4461  VIRIAL  =      4584.7170  VOLUME     =    152102.0690
                                                    Density    =         1.0384
 ------------------------------------------------------------------------------

wrapping first mol.:       19.40721       27.44594       47.53775
wrapping first mol.:       19.40721       27.44594       47.53775

 NSTEP =     1000   TIME(PS) =    7502.000  TEMP(K) =   296.17  PRESS =   295.6
 Etot   =    -50279.2931  EKtot   =      9406.3467  EPtot      =    -59685.6398
 BOND   =       402.9656  ANGLE   =      1012.9503  DIHED      =       686.3663
 1-4 NB =       449.9063  1-4 EEL =      5765.2939  VDWAALS    =      6668.2498
 EELEC  =    -74671.4322  EHBOND  =         0.0000  RESTRAINT  =         0.0600
 EAMBER (non-restraint)  =    -59685.6998
 EKCMT  =      3950.7065  VIRIAL  =      2981.0280  VOLUME     =    151921.5957
                                                    Density    =         1.0396
 ------------------------------------------------------------------------------

wrapping first mol.:       19.40614       27.44443       47.53514
wrapping first mol.:       19.40614       27.44443       47.53514

 NSTEP =     1500   TIME(PS) =    7503.000  TEMP(K) =   298.52  PRESS =   -17.8
 Etot   =    -50289.7280  EKtot   =      9481.2061  EPtot      =    -59770.9340
 BOND   =       399.6627  ANGLE   =      1037.0206  DIHED      =       713.9946
 1-4 NB =       445.7304  1-4 EEL =      5774.3023  VDWAALS    =      6588.0638
 EELEC  =    -74729.7790  EHBOND  =         0.0000  RESTRAINT  =         0.0706
 EAMBER (non-restraint)  =    -59771.0046
 EKCMT  =      3964.1156  VIRIAL  =      4022.5065  VOLUME     =    151900.8078
                                                    Density    =         1.0397
 ------------------------------------------------------------------------------

wrapping first mol.:       19.39431       27.42770       47.50616
wrapping first mol.:       19.39431       27.42770       47.50616

 NSTEP =     2000   TIME(PS) =    7504.000  TEMP(K) =   301.55  PRESS =  -101.6
 Etot   =    -50217.0924  EKtot   =      9577.4512  EPtot      =    -59794.5435
 BOND   =       431.8719  ANGLE   =      1031.3467  DIHED      =       698.8051
 1-4 NB =       440.9755  1-4 EEL =      5771.5913  VDWAALS    =      6615.0313
 EELEC  =    -74784.2540  EHBOND  =         0.0000  RESTRAINT  =         0.0887
 EAMBER (non-restraint)  =    -59794.6322
 EKCMT  =      4036.2229  VIRIAL  =      4368.9858  VOLUME     =    151624.2725
                                                    Density    =         1.0416
 ------------------------------------------------------------------------------

wrapping first mol.:       19.39280       27.42555       47.50245
wrapping first mol.:       19.39280       27.42555       47.50245

 NSTEP =     2500   TIME(PS) =    7505.000  TEMP(K) =   298.09  PRESS =  -130.3
 Etot   =    -50388.0738  EKtot   =      9467.3184  EPtot      =    -59855.3921
 BOND   =       405.4020  ANGLE   =      1013.6554  DIHED      =       685.0329
 1-4 NB =       457.8951  1-4 EEL =      5804.5225  VDWAALS    =      6675.0496
 EELEC  =    -74897.0351  EHBOND  =         0.0000  RESTRAINT  =         0.0853
 EAMBER (non-restraint)  =    -59855.4774
 EKCMT  =      4020.4771  VIRIAL  =      4447.0313  VOLUME     =    151589.1223
                                                    Density    =         1.0419
 ------------------------------------------------------------------------------

wrapping first mol.:       19.38762       27.41823       47.48976
wrapping first mol.:       19.38762       27.41823       47.48976

 NSTEP =     3000   TIME(PS) =    7506.000  TEMP(K) =   296.97  PRESS =   -53.5
 Etot   =    -50311.1192  EKtot   =      9431.9023  EPtot      =    -59743.0215
 BOND   =       381.8346  ANGLE   =      1010.2619  DIHED      =       700.7984
 1-4 NB =       462.3634  1-4 EEL =      5747.5708  VDWAALS    =      6509.2072
 EELEC  =    -74555.1494  EHBOND  =         0.0000  RESTRAINT  =         0.0915
 EAMBER (non-restraint)  =    -59743.1131
 EKCMT  =      3903.2837  VIRIAL  =      4078.3785  VOLUME     =    151466.6614
                                                    Density    =         1.0427
 ------------------------------------------------------------------------------

wrapping first mol.:       19.37612       27.40197       47.46160
wrapping first mol.:       19.37612       27.40197       47.46160

 NSTEP =     3500   TIME(PS) =    7507.000  TEMP(K) =   301.01  PRESS =  -200.6
 Etot   =    -50260.2139  EKtot   =      9560.2559  EPtot      =    -59820.4697
 BOND   =       402.3563  ANGLE   =      1030.2296  DIHED      =       692.6889
 1-4 NB =       455.2111  1-4 EEL =      5771.8137  VDWAALS    =      6465.4111
 EELEC  =    -74638.3122  EHBOND  =         0.0000  RESTRAINT  =         0.1318
 EAMBER (non-restraint)  =    -59820.6015
 EKCMT  =      4009.6346  VIRIAL  =      4664.4807  VOLUME     =    151199.3303
                                                    Density    =         1.0446
 ------------------------------------------------------------------------------

wrapping first mol.:       19.38685       27.41714       47.48787
wrapping first mol.:       19.38685       27.41714       47.48787

 NSTEP =     4000   TIME(PS) =    7508.000  TEMP(K) =   296.92  PRESS =   121.2
 Etot   =    -50367.5392  EKtot   =      9430.2881  EPtot      =    -59797.8273
 BOND   =       420.9731  ANGLE   =      1032.1262  DIHED      =       708.5157
 1-4 NB =       447.3536  1-4 EEL =      5714.1889  VDWAALS    =      6557.5136
 EELEC  =    -74678.6204  EHBOND  =         0.0000  RESTRAINT  =         0.1220
 EAMBER (non-restraint)  =    -59797.9493
 EKCMT  =      3958.5571  VIRIAL  =      3562.2120  VOLUME     =    151446.2443
                                                    Density    =         1.0429
 ------------------------------------------------------------------------------

wrapping first mol.:       19.37590       27.40166       47.46106
wrapping first mol.:       19.37590       27.40166       47.46106

 NSTEP =     4500   TIME(PS) =    7509.000  TEMP(K) =   299.88  PRESS =   509.0
 Etot   =    -50174.9432  EKtot   =      9524.3672  EPtot      =    -59699.3104
 BOND   =       413.9759  ANGLE   =      1031.5782  DIHED      =       697.3583
 1-4 NB =       450.7392  1-4 EEL =      5756.9762  VDWAALS    =      6502.3636
 EELEC  =    -74552.4325  EHBOND  =         0.0000  RESTRAINT  =         0.1306
 EAMBER (non-restraint)  =    -59699.4410
 EKCMT  =      4028.9127  VIRIAL  =      2367.2551  VOLUME     =    151184.5761
                                                    Density    =         1.0447
 ------------------------------------------------------------------------------

wrapping first mol.:       19.38062       27.40834       47.47264
wrapping first mol.:       19.38062       27.40834       47.47264

 NSTEP =     5000   TIME(PS) =    7510.000  TEMP(K) =   300.63  PRESS =   279.4
 Etot   =    -50151.4823  EKtot   =      9548.1826  EPtot      =    -59699.6649
 BOND   =       402.5121  ANGLE   =      1021.2018  DIHED      =       703.8369
 1-4 NB =       450.4977  1-4 EEL =      5752.2398  VDWAALS    =      6635.8536
 EELEC  =    -74665.9272  EHBOND  =         0.0000  RESTRAINT  =         0.1203
 EAMBER (non-restraint)  =    -59699.7852
 EKCMT  =      3947.9668  VIRIAL  =      3035.2710  VOLUME     =    151298.3636
                                                    Density    =         1.0439
 ------------------------------------------------------------------------------

wrapping first mol.:       19.39398       27.42723       47.50536
wrapping first mol.:       19.39398       27.42723       47.50536

 NSTEP =     5500   TIME(PS) =    7511.000  TEMP(K) =   299.44  PRESS =   283.0
 Etot   =    -50268.2677  EKtot   =      9510.4570  EPtot      =    -59778.7248
 BOND   =       403.4943  ANGLE   =      1055.4515  DIHED      =       696.7894
 1-4 NB =       450.5854  1-4 EEL =      5804.2415  VDWAALS    =      6807.6609
 EELEC  =    -74997.0791  EHBOND  =         0.0000  RESTRAINT  =         0.1314
 EAMBER (non-restraint)  =    -59778.8561
 EKCMT  =      4016.8008  VIRIAL  =      3090.4554  VOLUME     =    151611.4104
                                                    Density    =         1.0417
 ------------------------------------------------------------------------------

wrapping first mol.:       19.39761       27.43236       47.51423
wrapping first mol.:       19.39761       27.43236       47.51423

 NSTEP =     6000   TIME(PS) =    7512.000  TEMP(K) =   299.95  PRESS =  -350.9
 Etot   =    -50156.0365  EKtot   =      9526.5312  EPtot      =    -59682.5677
 BOND   =       380.1584  ANGLE   =      1013.9022  DIHED      =       733.3716
 1-4 NB =       446.4313  1-4 EEL =      5787.2248  VDWAALS    =      6580.0055
 EELEC  =    -74623.7857  EHBOND  =         0.0000  RESTRAINT  =         0.1241
 EAMBER (non-restraint)  =    -59682.6918
 EKCMT  =      3889.5754  VIRIAL  =      5039.0243  VOLUME     =    151704.9484
                                                    Density    =         1.0411
 ------------------------------------------------------------------------------

wrapping first mol.:       19.40297       27.43994       47.52737
wrapping first mol.:       19.40297       27.43994       47.52737

 NSTEP =     6500   TIME(PS) =    7513.000  TEMP(K) =   302.84  PRESS =   -47.5
 Etot   =    -49978.0912  EKtot   =      9618.2002  EPtot      =    -59596.2914
 BOND   =       418.6053  ANGLE   =      1059.9194  DIHED      =       720.0436
 1-4 NB =       432.4149  1-4 EEL =      5760.6887  VDWAALS    =      6575.1295
 EELEC  =    -74563.2092  EHBOND  =         0.0000  RESTRAINT  =         0.1164
 EAMBER (non-restraint)  =    -59596.4079
 EKCMT  =      4038.3275  VIRIAL  =      4193.9860  VOLUME     =    151826.7161
                                                    Density    =         1.0402
 ------------------------------------------------------------------------------

wrapping first mol.:       19.39600       27.43009       47.51030
wrapping first mol.:       19.39600       27.43009       47.51030

 NSTEP =     7000   TIME(PS) =    7514.000  TEMP(K) =   298.31  PRESS =  -337.8
 Etot   =    -50397.3014  EKtot   =      9474.4121  EPtot      =    -59871.7136
 BOND   =       395.1002  ANGLE   =      1035.2077  DIHED      =       726.1101
 1-4 NB =       487.9458  1-4 EEL =      5764.8237  VDWAALS    =      6672.4449
 EELEC  =    -74953.4741  EHBOND  =         0.0000  RESTRAINT  =         0.1280
 EAMBER (non-restraint)  =    -59871.8416
 EKCMT  =      3998.0035  VIRIAL  =      5104.1171  VOLUME     =    151667.1330
                                                    Density    =         1.0413
 ------------------------------------------------------------------------------

wrapping first mol.:       19.38528       27.41493       47.48404
wrapping first mol.:       19.38528       27.41493       47.48404

 NSTEP =     7500   TIME(PS) =    7515.000  TEMP(K) =   302.67  PRESS =   174.7
 Etot   =    -50018.0002  EKtot   =      9612.9941  EPtot      =    -59630.9943
 BOND   =       383.2887  ANGLE   =      1032.5500  DIHED      =       708.6372
 1-4 NB =       464.4407  1-4 EEL =      5746.2123  VDWAALS    =      6527.2112
 EELEC  =    -74493.4740  EHBOND  =         0.0000  RESTRAINT  =         0.1396
 EAMBER (non-restraint)  =    -59631.1339
 EKCMT  =      3973.7173  VIRIAL  =      3402.4419  VOLUME     =    151408.8530
                                                    Density    =         1.0431
 ------------------------------------------------------------------------------

wrapping first mol.:       19.39289       27.42569       47.50268
wrapping first mol.:       19.39289       27.42569       47.50268

 NSTEP =     8000   TIME(PS) =    7516.000  TEMP(K) =   303.77  PRESS =   255.0
 Etot   =    -50110.8829  EKtot   =      9647.8633  EPtot      =    -59758.7462
 BOND   =       419.5271  ANGLE   =      1007.8240  DIHED      =       725.6470
 1-4 NB =       450.1016  1-4 EEL =      5750.2037  VDWAALS    =      6627.4137
 EELEC  =    -74739.6160  EHBOND  =         0.0000  RESTRAINT  =         0.1528
 EAMBER (non-restraint)  =    -59758.8990
 EKCMT  =      4115.7752  VIRIAL  =      3281.2955  VOLUME     =    151586.1592
                                                    Density    =         1.0419
 ------------------------------------------------------------------------------

wrapping first mol.:       19.38020       27.40774       47.47159
wrapping first mol.:       19.38020       27.40774       47.47159

 NSTEP =     8500   TIME(PS) =    7517.000  TEMP(K) =   301.43  PRESS =    74.2
 Etot   =    -50141.1651  EKtot   =      9573.6260  EPtot      =    -59714.7911
 BOND   =       400.2353  ANGLE   =      1049.5855  DIHED      =       694.3148
 1-4 NB =       466.2561  1-4 EEL =      5749.6261  VDWAALS    =      6385.5732
 EELEC  =    -74460.5251  EHBOND  =         0.0000  RESTRAINT  =         0.1429
 EAMBER (non-restraint)  =    -59714.9340
 EKCMT  =      4040.8430  VIRIAL  =      3798.3527  VOLUME     =    151291.1184
                                                    Density    =         1.0439
 ------------------------------------------------------------------------------

wrapping first mol.:       19.38587       27.41575       47.48548
wrapping first mol.:       19.38587       27.41575       47.48548

 NSTEP =     9000   TIME(PS) =    7518.000  TEMP(K) =   302.04  PRESS =   582.0
 Etot   =    -50030.9836  EKtot   =      9592.8701  EPtot      =    -59623.8538
 BOND   =       393.2051  ANGLE   =      1093.4613  DIHED      =       728.7888
 1-4 NB =       454.4857  1-4 EEL =      5758.9465  VDWAALS    =      6727.5480
 EELEC  =    -74780.4222  EHBOND  =         0.0000  RESTRAINT  =         0.1331
 EAMBER (non-restraint)  =    -59623.9869
 EKCMT  =      4050.8390  VIRIAL  =      2148.0114  VOLUME     =    151417.0672
                                                    Density    =         1.0431
 ------------------------------------------------------------------------------

wrapping first mol.:       19.38344       27.41232       47.47953
wrapping first mol.:       19.38344       27.41232       47.47953

 NSTEP =     9500   TIME(PS) =    7519.000  TEMP(K) =   298.27  PRESS =    83.7
 Etot   =    -50270.3294  EKtot   =      9473.0576  EPtot      =    -59743.3870
 BOND   =       414.8601  ANGLE   =       983.4770  DIHED      =       690.7233
 1-4 NB =       473.6900  1-4 EEL =      5796.0418  VDWAALS    =      6658.2523
 EELEC  =    -74760.5598  EHBOND  =         0.0000  RESTRAINT  =         0.1284
 EAMBER (non-restraint)  =    -59743.5154
 EKCMT  =      3928.9640  VIRIAL  =      3655.5050  VOLUME     =    151366.9504
                                                    Density    =         1.0434
 ------------------------------------------------------------------------------

wrapping first mol.:       19.38165       27.40979       47.47515
wrapping first mol.:       19.38165       27.40979       47.47515

 NSTEP =    10000   TIME(PS) =    7520.000  TEMP(K) =   297.97  PRESS =   -68.2
 Etot   =    -50384.6469  EKtot   =      9463.6719  EPtot      =    -59848.3187
 BOND   =       396.4633  ANGLE   =      1018.1141  DIHED      =       706.1341
 1-4 NB =       455.3401  1-4 EEL =      5727.6533  VDWAALS    =      6465.5333
 EELEC  =    -74617.6976  EHBOND  =         0.0000  RESTRAINT  =         0.1406
 EAMBER (non-restraint)  =    -59848.4593
 EKCMT  =      3853.1983  VIRIAL  =      4075.9435  VOLUME     =    151327.0423
                                                    Density    =         1.0437
 ------------------------------------------------------------------------------

wrapping first mol.:       19.39708       27.43162       47.51295
wrapping first mol.:       19.39708       27.43162       47.51295

 NSTEP =    10500   TIME(PS) =    7521.000  TEMP(K) =   301.37  PRESS =   280.3
 Etot   =    -50126.8014  EKtot   =      9571.4492  EPtot      =    -59698.2506
 BOND   =       404.1983  ANGLE   =      1035.8668  DIHED      =       715.1660
 1-4 NB =       445.6383  1-4 EEL =      5750.4194  VDWAALS    =      6587.1153
 EELEC  =    -74636.8196  EHBOND  =         0.0000  RESTRAINT  =         0.1649
 EAMBER (non-restraint)  =    -59698.4155
 EKCMT  =      3967.7667  VIRIAL  =      3049.7017  VOLUME     =    151684.1224
                                                    Density    =         1.0412
 ------------------------------------------------------------------------------

wrapping first mol.:       19.41224       27.45305       47.55007
wrapping first mol.:       19.41224       27.45305       47.55007

 NSTEP =    11000   TIME(PS) =    7522.000  TEMP(K) =   302.21  PRESS =   285.3
 Etot   =    -50105.9518  EKtot   =      9598.2227  EPtot      =    -59704.1744
 BOND   =       377.8482  ANGLE   =      1013.7054  DIHED      =       702.2843
 1-4 NB =       447.3839  1-4 EEL =      5745.5793  VDWAALS    =      6712.0662
 EELEC  =    -74703.2417  EHBOND  =         0.0000  RESTRAINT  =         0.2000
 EAMBER (non-restraint)  =    -59704.3745
 EKCMT  =      4017.7492  VIRIAL  =      3081.0325  VOLUME     =    152039.8195
                                                    Density    =         1.0388
 ------------------------------------------------------------------------------

wrapping first mol.:       19.41114       27.45149       47.54737
wrapping first mol.:       19.41114       27.45149       47.54737

 NSTEP =    11500   TIME(PS) =    7523.000  TEMP(K) =   302.87  PRESS =   107.4
 Etot   =    -50245.5196  EKtot   =      9619.1152  EPtot      =    -59864.6349
 BOND   =       379.3805  ANGLE   =      1029.0678  DIHED      =       724.9756
 1-4 NB =       458.5328  1-4 EEL =      5723.3191  VDWAALS    =      6706.6974
 EELEC  =    -74886.8050  EHBOND  =         0.0000  RESTRAINT  =         0.1969
 EAMBER (non-restraint)  =    -59864.8318
 EKCMT  =      4057.1189  VIRIAL  =      3704.5087  VOLUME     =    152016.4024
                                                    Density    =         1.0389
 ------------------------------------------------------------------------------

wrapping first mol.:       19.40525       27.44317       47.53296
wrapping first mol.:       19.40525       27.44317       47.53296

 NSTEP =    12000   TIME(PS) =    7524.000  TEMP(K) =   300.87  PRESS =  -272.1
 Etot   =    -50238.6258  EKtot   =      9555.6699  EPtot      =    -59794.2957
 BOND   =       387.0360  ANGLE   =      1027.9349  DIHED      =       700.5967
 1-4 NB =       453.0168  1-4 EEL =      5756.9524  VDWAALS    =      6446.4490
 EELEC  =    -74566.4904  EHBOND  =         0.0000  RESTRAINT  =         0.2089
 EAMBER (non-restraint)  =    -59794.5046
 EKCMT  =      4032.4752  VIRIAL  =      4924.8493  VOLUME     =    151883.3096
                                                    Density    =         1.0399
 ------------------------------------------------------------------------------

wrapping first mol.:       19.40799       27.44704       47.53967
wrapping first mol.:       19.40799       27.44704       47.53967

 NSTEP =    12500   TIME(PS) =    7525.000  TEMP(K) =   298.94  PRESS =   261.3
 Etot   =    -50270.4132  EKtot   =      9494.4824  EPtot      =    -59764.8956
 BOND   =       407.7918  ANGLE   =       995.4757  DIHED      =       730.5660
 1-4 NB =       457.2371  1-4 EEL =      5731.6737  VDWAALS    =      6545.9235
 EELEC  =    -74633.7638  EHBOND  =         0.0000  RESTRAINT  =         0.2003
 EAMBER (non-restraint)  =    -59765.0959
 EKCMT  =      3916.9656  VIRIAL  =      3059.7691  VOLUME     =    151940.4276
                                                    Density    =         1.0395
 ------------------------------------------------------------------------------

wrapping first mol.:       19.39888       27.43416       47.51736
wrapping first mol.:       19.39888       27.43416       47.51736

 NSTEP =    13000   TIME(PS) =    7526.000  TEMP(K) =   301.85  PRESS =    49.7
 Etot   =    -50057.7638  EKtot   =      9586.7334  EPtot      =    -59644.4972
 BOND   =       374.2444  ANGLE   =      1058.5542  DIHED      =       724.5154
 1-4 NB =       464.3981  1-4 EEL =      5775.7725  VDWAALS    =      6728.7254
 EELEC  =    -74770.8887  EHBOND  =         0.0000  RESTRAINT  =         0.1816
 EAMBER (non-restraint)  =    -59644.6787
 EKCMT  =      4028.1074  VIRIAL  =      3865.3568  VOLUME     =    151729.4433
                                                    Density    =         1.0409
 ------------------------------------------------------------------------------

wrapping first mol.:       19.38204       27.41034       47.47610
wrapping first mol.:       19.38204       27.41034       47.47610

 NSTEP =    13500   TIME(PS) =    7527.000  TEMP(K) =   305.62  PRESS =   234.0
 Etot   =    -49951.6734  EKtot   =      9706.6973  EPtot      =    -59658.3706
 BOND   =       377.9299  ANGLE   =      1068.9530  DIHED      =       715.1600
 1-4 NB =       454.7675  1-4 EEL =      5714.2781  VDWAALS    =      6637.5157
 EELEC  =    -74627.1538  EHBOND  =         0.0000  RESTRAINT  =         0.1789
 EAMBER (non-restraint)  =    -59658.5496
 EKCMT  =      4056.2993  VIRIAL  =      3291.6603  VOLUME     =    151332.1289
                                                    Density    =         1.0436
 ------------------------------------------------------------------------------

wrapping first mol.:       19.38883       27.41994       47.49272
wrapping first mol.:       19.38883       27.41994       47.49272

 NSTEP =    14000   TIME(PS) =    7528.000  TEMP(K) =   300.76  PRESS =    72.9
 Etot   =    -50108.1725  EKtot   =      9552.1895  EPtot      =    -59660.3619
 BOND   =       382.6814  ANGLE   =      1058.1140  DIHED      =       703.0739
 1-4 NB =       471.3178  1-4 EEL =      5780.6043  VDWAALS    =      6594.3709
 EELEC  =    -74650.6952  EHBOND  =         0.0000  RESTRAINT  =         0.1709
 EAMBER (non-restraint)  =    -59660.5328
 EKCMT  =      3958.3617  VIRIAL  =      3720.0192  VOLUME     =    151493.2892
                                                    Density    =         1.0425
 ------------------------------------------------------------------------------

wrapping first mol.:       19.37955       27.40683       47.47001
wrapping first mol.:       19.37955       27.40683       47.47001

 NSTEP =    14500   TIME(PS) =    7529.000  TEMP(K) =   303.41  PRESS =   133.4
 Etot   =    -50210.0496  EKtot   =      9636.4766  EPtot      =    -59846.5262
 BOND   =       396.5291  ANGLE   =      1041.0778  DIHED      =       699.2323
 1-4 NB =       440.6767  1-4 EEL =      5718.5957  VDWAALS    =      6559.7588
 EELEC  =    -74702.5391  EHBOND  =         0.0000  RESTRAINT  =         0.1425
 EAMBER (non-restraint)  =    -59846.6686
 EKCMT  =      4026.2934  VIRIAL  =      3590.6591  VOLUME     =    151275.2297
                                                    Density    =         1.0440
 ------------------------------------------------------------------------------

wrapping first mol.:       19.38737       27.41788       47.48916
wrapping first mol.:       19.38737       27.41788       47.48916

 NSTEP =    15000   TIME(PS) =    7530.000  TEMP(K) =   298.82  PRESS =   178.7
 Etot   =    -50252.9735  EKtot   =      9490.5469  EPtot      =    -59743.5204
 BOND   =       392.1668  ANGLE   =      1026.7611  DIHED      =       677.4501
 1-4 NB =       449.9041  1-4 EEL =      5771.4744  VDWAALS    =      6604.5727
 EELEC  =    -74666.0034  EHBOND  =         0.0000  RESTRAINT  =         0.1538
 EAMBER (non-restraint)  =    -59743.6741
 EKCMT  =      3942.5808  VIRIAL  =      3358.3338  VOLUME     =    151457.7903
                                                    Density    =         1.0428
 ------------------------------------------------------------------------------

wrapping first mol.:       19.39809       27.43304       47.51541
wrapping first mol.:       19.39809       27.43304       47.51541

 NSTEP =    15500   TIME(PS) =    7531.000  TEMP(K) =   302.61  PRESS =    15.2
 Etot   =    -50342.1625  EKtot   =      9611.0791  EPtot      =    -59953.2416
 BOND   =       407.6529  ANGLE   =       980.4940  DIHED      =       696.6571
 1-4 NB =       456.1997  1-4 EEL =      5738.3203  VDWAALS    =      6711.9358
 EELEC  =    -74944.6791  EHBOND  =         0.0000  RESTRAINT  =         0.1777
 EAMBER (non-restraint)  =    -59953.4193
 EKCMT  =      4010.2851  VIRIAL  =      3960.3583  VOLUME     =    151711.2480
                                                    Density    =         1.0410
 ------------------------------------------------------------------------------

wrapping first mol.:       19.40002       27.43576       47.52014
wrapping first mol.:       19.40002       27.43576       47.52014

 NSTEP =    16000   TIME(PS) =    7532.000  TEMP(K) =   298.18  PRESS =   321.1
 Etot   =    -50500.5968  EKtot   =      9470.3311  EPtot      =    -59970.9278
 BOND   =       405.0011  ANGLE   =      1009.7305  DIHED      =       693.9627
 1-4 NB =       438.5819  1-4 EEL =      5730.1903  VDWAALS    =      6707.9091
 EELEC  =    -74956.4660  EHBOND  =         0.0000  RESTRAINT  =         0.1626
 EAMBER (non-restraint)  =    -59971.0904
 EKCMT  =      3977.0875  VIRIAL  =      2924.9473  VOLUME     =    151752.3960
                                                    Density    =         1.0408
 ------------------------------------------------------------------------------

wrapping first mol.:       19.41808       27.46131       47.56438
wrapping first mol.:       19.41808       27.46131       47.56438

 NSTEP =    16500   TIME(PS) =    7533.000  TEMP(K) =   300.49  PRESS =    32.7
 Etot   =    -50282.6524  EKtot   =      9543.5225  EPtot      =    -59826.1749
 BOND   =       384.3344  ANGLE   =       995.6022  DIHED      =       697.0749
 1-4 NB =       457.3666  1-4 EEL =      5733.3840  VDWAALS    =      6602.9597
 EELEC  =    -74697.0566  EHBOND  =         0.0000  RESTRAINT  =         0.1600
 EAMBER (non-restraint)  =    -59826.3348
 EKCMT  =      3950.7887  VIRIAL  =      3843.3779  VOLUME     =    152180.6145
                                                    Density    =         1.0378
 ------------------------------------------------------------------------------

wrapping first mol.:       19.42033       27.46449       47.56989
wrapping first mol.:       19.42033       27.46449       47.56989

 NSTEP =    17000   TIME(PS) =    7534.000  TEMP(K) =   297.47  PRESS =   106.5
 Etot   =    -50348.5287  EKtot   =      9447.7754  EPtot      =    -59796.3041
 BOND   =       412.3780  ANGLE   =      1012.6447  DIHED      =       693.9115
 1-4 NB =       456.1804  1-4 EEL =      5762.5332  VDWAALS    =      6724.1525
 EELEC  =    -74858.2506  EHBOND  =         0.0000  RESTRAINT  =         0.1462
 EAMBER (non-restraint)  =    -59796.4502
 EKCMT  =      3961.6409  VIRIAL  =      3611.5320  VOLUME     =    152232.4479
                                                    Density    =         1.0375
 ------------------------------------------------------------------------------

wrapping first mol.:       19.41589       27.45821       47.55901
wrapping first mol.:       19.41589       27.45821       47.55901

 NSTEP =    17500   TIME(PS) =    7535.000  TEMP(K) =   303.39  PRESS =   135.0
 Etot   =    -50118.7726  EKtot   =      9635.8447  EPtot      =    -59754.6173
 BOND   =       399.1252  ANGLE   =      1038.2121  DIHED      =       709.3167
 1-4 NB =       462.8567  1-4 EEL =      5753.7287  VDWAALS    =      6622.7642
 EELEC  =    -74740.7638  EHBOND  =         0.0000  RESTRAINT  =         0.1428
 EAMBER (non-restraint)  =    -59754.7601
 EKCMT  =      4002.6428  VIRIAL  =      3559.3549  VOLUME     =    152127.6235
                                                    Density    =         1.0382
 ------------------------------------------------------------------------------

wrapping first mol.:       19.41689       27.45963       47.56148
wrapping first mol.:       19.41689       27.45963       47.56148

 NSTEP =    18000   TIME(PS) =    7536.000  TEMP(K) =   303.48  PRESS =   159.1
 Etot   =    -50099.7091  EKtot   =      9638.5576  EPtot      =    -59738.2668
 BOND   =       401.2923  ANGLE   =      1031.3449  DIHED      =       690.7029
 1-4 NB =       452.4827  1-4 EEL =      5715.2421  VDWAALS    =      6629.9111
 EELEC  =    -74659.3905  EHBOND  =         0.0000  RESTRAINT  =         0.1477
 EAMBER (non-restraint)  =    -59738.4145
 EKCMT  =      3968.3219  VIRIAL  =      3445.7828  VOLUME     =    152151.0069
                                                    Density    =         1.0380
 ------------------------------------------------------------------------------

wrapping first mol.:       19.40694       27.44556       47.53710
wrapping first mol.:       19.40694       27.44556       47.53710

 NSTEP =    18500   TIME(PS) =    7537.000  TEMP(K) =   298.12  PRESS =  -254.5
 Etot   =    -50213.2879  EKtot   =      9468.4932  EPtot      =    -59681.7811
 BOND   =       409.1934  ANGLE   =       995.9474  DIHED      =       704.3231
 1-4 NB =       462.8109  1-4 EEL =      5761.9029  VDWAALS    =      6464.5316
 EELEC  =    -74480.6657  EHBOND  =         0.0000  RESTRAINT  =         0.1754
 EAMBER (non-restraint)  =    -59681.9565
 EKCMT  =      3969.3231  VIRIAL  =      4804.0162  VOLUME     =    151922.7788
                                                    Density    =         1.0396
 ------------------------------------------------------------------------------

wrapping first mol.:       19.39611       27.43025       47.51058
wrapping first mol.:       19.39611       27.43025       47.51058

 NSTEP =    19000   TIME(PS) =    7538.000  TEMP(K) =   300.37  PRESS =   287.5
 Etot   =    -50324.7156  EKtot   =      9539.9102  EPtot      =    -59864.6257
 BOND   =       393.3103  ANGLE   =      1044.0329  DIHED      =       701.6517
 1-4 NB =       456.4045  1-4 EEL =      5790.3493  VDWAALS    =      6702.8918
 EELEC  =    -74953.4417  EHBOND  =         0.0000  RESTRAINT  =         0.1754
 EAMBER (non-restraint)  =    -59864.8011
 EKCMT  =      3949.7199  VIRIAL  =      3008.4439  VOLUME     =    151661.3138
                                                    Density    =         1.0414
 ------------------------------------------------------------------------------

wrapping first mol.:       19.38494       27.41444       47.48320
wrapping first mol.:       19.38494       27.41444       47.48320

 NSTEP =    19500   TIME(PS) =    7539.000  TEMP(K) =   300.54  PRESS =    98.1
 Etot   =    -50412.6194  EKtot   =      9545.2842  EPtot      =    -59957.9035
 BOND   =       391.8814  ANGLE   =      1003.9172  DIHED      =       720.2392
 1-4 NB =       475.1024  1-4 EEL =      5725.5857  VDWAALS    =      6801.7381
 EELEC  =    -75076.5202  EHBOND  =         0.0000  RESTRAINT  =         0.1527
 EAMBER (non-restraint)  =    -59958.0562
 EKCMT  =      4027.0881  VIRIAL  =      3706.3183  VOLUME     =    151401.7948
                                                    Density    =         1.0432
 ------------------------------------------------------------------------------

wrapping first mol.:       19.39013       27.42178       47.49591
wrapping first mol.:       19.39013       27.42178       47.49591

 NSTEP =    20000   TIME(PS) =    7540.000  TEMP(K) =   299.33  PRESS =  -267.4
 Etot   =    -50189.3900  EKtot   =      9506.8848  EPtot      =    -59696.2747
 BOND   =       398.9812  ANGLE   =      1040.6670  DIHED      =       709.9836
 1-4 NB =       451.9675  1-4 EEL =      5732.2561  VDWAALS    =      6508.5919
 EELEC  =    -74538.9015  EHBOND  =         0.0000  RESTRAINT  =         0.1796
 EAMBER (non-restraint)  =    -59696.4543
 EKCMT  =      3957.2588  VIRIAL  =      4832.0247  VOLUME     =    151528.3856
                                                    Density    =         1.0423
 ------------------------------------------------------------------------------

wrapping first mol.:       19.38818       27.41902       47.49113
wrapping first mol.:       19.38818       27.41902       47.49113

 NSTEP =    20500   TIME(PS) =    7541.000  TEMP(K) =   303.26  PRESS =  -101.0
 Etot   =    -49989.3130  EKtot   =      9631.5664  EPtot      =    -59620.8794
 BOND   =       395.1866  ANGLE   =      1022.2573  DIHED      =       697.5812
 1-4 NB =       454.0978  1-4 EEL =      5772.4740  VDWAALS    =      6463.3608
 EELEC  =    -74426.0441  EHBOND  =         0.0000  RESTRAINT  =         0.2072
 EAMBER (non-restraint)  =    -59621.0866
 EKCMT  =      3969.9277  VIRIAL  =      4300.1997  VOLUME     =    151480.4143
                                                    Density    =         1.0426
 ------------------------------------------------------------------------------

wrapping first mol.:       19.38111       27.40903       47.47383
wrapping first mol.:       19.38111       27.40903       47.47383

 NSTEP =    21000   TIME(PS) =    7542.000  TEMP(K) =   301.66  PRESS =     6.3
 Etot   =    -50130.2562  EKtot   =      9580.8281  EPtot      =    -59711.0843
 BOND   =       396.6197  ANGLE   =      1000.9368  DIHED      =       701.5184
 1-4 NB =       465.4016  1-4 EEL =      5757.4560  VDWAALS    =      6408.9669
 EELEC  =    -74442.1845  EHBOND  =         0.0000  RESTRAINT  =         0.2007
 EAMBER (non-restraint)  =    -59711.2850
 EKCMT  =      3969.4574  VIRIAL  =      3948.8867  VOLUME     =    151313.4838
                                                    Density    =         1.0438
 ------------------------------------------------------------------------------

wrapping first mol.:       19.36709       27.38920       47.43948
wrapping first mol.:       19.36709       27.38920       47.43948

 NSTEP =    21500   TIME(PS) =    7543.000  TEMP(K) =   300.61  PRESS =  -281.3
 Etot   =    -50184.2458  EKtot   =      9547.4971  EPtot      =    -59731.7429
 BOND   =       396.6458  ANGLE   =      1043.7249  DIHED      =       716.7535
 1-4 NB =       448.1368  1-4 EEL =      5724.8151  VDWAALS    =      6414.9705
 EELEC  =    -74477.0403  EHBOND  =         0.0000  RESTRAINT  =         0.2508
 EAMBER (non-restraint)  =    -59731.9937
 EKCMT  =      4017.6016  VIRIAL  =      4934.6491  VOLUME     =    150989.0960
                                                    Density    =         1.0460
 ------------------------------------------------------------------------------

wrapping first mol.:       19.35815       27.37655       47.41757
wrapping first mol.:       19.35815       27.37655       47.41757

 NSTEP =    22000   TIME(PS) =    7544.000  TEMP(K) =   296.47  PRESS =  -196.1
 Etot   =    -50349.0074  EKtot   =      9416.1279  EPtot      =    -59765.1354
 BOND   =       405.7052  ANGLE   =      1043.4877  DIHED      =       691.7596
 1-4 NB =       467.8118  1-4 EEL =      5703.1231  VDWAALS    =      6558.9847
 EELEC  =    -74636.2517  EHBOND  =         0.0000  RESTRAINT  =         0.2443
 EAMBER (non-restraint)  =    -59765.3796
 EKCMT  =      3914.9043  VIRIAL  =      4553.4420  VOLUME     =    150778.9128
                                                    Density    =         1.0475
 ------------------------------------------------------------------------------

wrapping first mol.:       19.34815       27.36241       47.39308
wrapping first mol.:       19.34815       27.36241       47.39308

 NSTEP =    22500   TIME(PS) =    7545.000  TEMP(K) =   299.16  PRESS =   122.6
 Etot   =    -50268.4130  EKtot   =      9501.3535  EPtot      =    -59769.7665
 BOND   =       389.9067  ANGLE   =      1023.7134  DIHED      =       705.2636
 1-4 NB =       453.8622  1-4 EEL =      5731.0907  VDWAALS    =      6514.8810
 EELEC  =    -74588.7182  EHBOND  =         0.0000  RESTRAINT  =         0.2340
 EAMBER (non-restraint)  =    -59770.0004
 EKCMT  =      4001.2399  VIRIAL  =      3602.7937  VOLUME     =    150541.1303
                                                    Density    =         1.0491
 ------------------------------------------------------------------------------

wrapping first mol.:       19.35986       27.37897       47.42176
wrapping first mol.:       19.35986       27.37897       47.42176

 NSTEP =    23000   TIME(PS) =    7546.000  TEMP(K) =   298.18  PRESS =  -228.4
 Etot   =    -50342.5906  EKtot   =      9470.1865  EPtot      =    -59812.7771
 BOND   =       381.9920  ANGLE   =       960.9808  DIHED      =       713.4225
 1-4 NB =       461.3189  1-4 EEL =      5790.0538  VDWAALS    =      6464.6325
 EELEC  =    -74585.4008  EHBOND  =         0.0000  RESTRAINT  =         0.2231
 EAMBER (non-restraint)  =    -59813.0003
 EKCMT  =      3954.0791  VIRIAL  =      4697.7649  VOLUME     =    150819.3216
                                                    Density    =         1.0472
 ------------------------------------------------------------------------------

wrapping first mol.:       19.37817       27.40487       47.46662
wrapping first mol.:       19.37817       27.40487       47.46662

 NSTEP =    23500   TIME(PS) =    7547.000  TEMP(K) =   298.95  PRESS =  -117.1
 Etot   =    -50304.5266  EKtot   =      9494.6240  EPtot      =    -59799.1506
 BOND   =       431.4013  ANGLE   =      1002.0859  DIHED      =       689.6135
 1-4 NB =       455.0300  1-4 EEL =      5733.0664  VDWAALS    =      6465.0882
 EELEC  =    -74575.6745  EHBOND  =         0.0000  RESTRAINT  =         0.2385
 EAMBER (non-restraint)  =    -59799.3891
 EKCMT  =      4020.6433  VIRIAL  =      4402.9349  VOLUME     =    151246.1638
                                                    Density    =         1.0442
 ------------------------------------------------------------------------------

wrapping first mol.:       19.36618       27.38791       47.43726
wrapping first mol.:       19.36618       27.38791       47.43726

 NSTEP =    24000   TIME(PS) =    7548.000  TEMP(K) =   306.14  PRESS =   -93.7
 Etot   =    -50232.8545  EKtot   =      9723.0479  EPtot      =    -59955.9024
 BOND   =       409.4152  ANGLE   =      1005.4433  DIHED      =       696.7485
 1-4 NB =       451.4516  1-4 EEL =      5729.9539  VDWAALS    =      6496.9619
 EELEC  =    -74746.0986  EHBOND  =         0.0000  RESTRAINT  =         0.2216
 EAMBER (non-restraint)  =    -59956.1240
 EKCMT  =      4097.1006  VIRIAL  =      4402.5709  VOLUME     =    150965.3590
                                                    Density    =         1.0462
 ------------------------------------------------------------------------------

wrapping first mol.:       19.36229       27.38241       47.42773
wrapping first mol.:       19.36229       27.38241       47.42773

 NSTEP =    24500   TIME(PS) =    7549.000  TEMP(K) =   302.54  PRESS =  -214.2
 Etot   =    -50095.2427  EKtot   =      9608.7100  EPtot      =    -59703.9527
 BOND   =       421.8378  ANGLE   =      1077.6425  DIHED      =       706.1728
 1-4 NB =       446.1819  1-4 EEL =      5725.5886  VDWAALS    =      6393.3614
 EELEC  =    -74474.9460  EHBOND  =         0.0000  RESTRAINT  =         0.2082
 EAMBER (non-restraint)  =    -59704.1608
 EKCMT  =      4036.0522  VIRIAL  =      4733.8288  VOLUME     =    150876.0282
                                                    Density    =         1.0468
 ------------------------------------------------------------------------------

wrapping first mol.:       19.37274       27.39719       47.45333
wrapping first mol.:       19.37274       27.39719       47.45333

 NSTEP =    25000   TIME(PS) =    7550.000  TEMP(K) =   298.10  PRESS =   170.5
 Etot   =    -50122.8570  EKtot   =      9467.6611  EPtot      =    -59590.5181
 BOND   =       404.3161  ANGLE   =      1038.8912  DIHED      =       690.6507
 1-4 NB =       455.9956  1-4 EEL =      5750.9790  VDWAALS    =      6493.3301
 EELEC  =    -74424.9265  EHBOND  =         0.0000  RESTRAINT  =         0.2458
 EAMBER (non-restraint)  =    -59590.7638
 EKCMT  =      3975.3697  VIRIAL  =      3419.1882  VOLUME     =    151115.2662
                                                    Density    =         1.0451
 ------------------------------------------------------------------------------

wrapping first mol.:       19.37496       27.40033       47.45877
wrapping first mol.:       19.37496       27.40033       47.45877

 NSTEP =    25500   TIME(PS) =    7551.000  TEMP(K) =   298.37  PRESS =     3.9
 Etot   =    -50290.9535  EKtot   =      9476.2139  EPtot      =    -59767.1674
 BOND   =       396.6331  ANGLE   =      1036.2001  DIHED      =       694.3733
 1-4 NB =       453.3265  1-4 EEL =      5708.7026  VDWAALS    =      6534.3613
 EELEC  =    -74591.0004  EHBOND  =         0.0000  RESTRAINT  =         0.2360
 EAMBER (non-restraint)  =    -59767.4034
 EKCMT  =      3992.9433  VIRIAL  =      3980.3194  VOLUME     =    151169.5117
                                                    Density    =         1.0448
 ------------------------------------------------------------------------------

wrapping first mol.:       19.39166       27.42395       47.49967
wrapping first mol.:       19.39166       27.42395       47.49967

 NSTEP =    26000   TIME(PS) =    7552.000  TEMP(K) =   298.55  PRESS =   104.5
 Etot   =    -50121.8475  EKtot   =      9482.0947  EPtot      =    -59603.9422
 BOND   =       422.4157  ANGLE   =      1010.2064  DIHED      =       725.5547
 1-4 NB =       452.6630  1-4 EEL =      5723.8931  VDWAALS    =      6605.7389
 EELEC  =    -74544.6726  EHBOND  =         0.0000  RESTRAINT  =         0.2586
 EAMBER (non-restraint)  =    -59604.2008
 EKCMT  =      3947.1818  VIRIAL  =      3605.1545  VOLUME     =    151559.3881
                                                    Density    =         1.0421
 ------------------------------------------------------------------------------

wrapping first mol.:       19.39383       27.42701       47.50498
wrapping first mol.:       19.39383       27.42701       47.50498

 NSTEP =    26500   TIME(PS) =    7553.000  TEMP(K) =   299.32  PRESS =   -68.4
 Etot   =    -50239.3163  EKtot   =      9506.4766  EPtot      =    -59745.7929
 BOND   =       377.1530  ANGLE   =      1003.1449  DIHED      =       702.2853
 1-4 NB =       463.0506  1-4 EEL =      5772.3905  VDWAALS    =      6639.5350
 EELEC  =    -74703.6028  EHBOND  =         0.0000  RESTRAINT  =         0.2507
 EAMBER (non-restraint)  =    -59746.0436
 EKCMT  =      3953.2716  VIRIAL  =      4177.2908  VOLUME     =    151612.4882
                                                    Density    =         1.0417
 ------------------------------------------------------------------------------

wrapping first mol.:       19.37082       27.39448       47.44862
wrapping first mol.:       19.37082       27.39448       47.44862

 NSTEP =    27000   TIME(PS) =    7554.000  TEMP(K) =   300.44  PRESS =    55.4
 Etot   =    -50297.1528  EKtot   =      9542.1533  EPtot      =    -59839.3062
 BOND   =       384.7649  ANGLE   =      1016.3330  DIHED      =       715.1985
 1-4 NB =       451.4481  1-4 EEL =      5736.0430  VDWAALS    =      6532.8850
 EELEC  =    -74676.2352  EHBOND  =         0.0000  RESTRAINT  =         0.2565
 EAMBER (non-restraint)  =    -59839.5627
 EKCMT  =      4033.3084  VIRIAL  =      3852.7248  VOLUME     =    151071.9045
                                                    Density    =         1.0454
 ------------------------------------------------------------------------------

wrapping first mol.:       19.38083       27.40863       47.47313
wrapping first mol.:       19.38083       27.40863       47.47313

 NSTEP =    27500   TIME(PS) =    7555.000  TEMP(K) =   297.94  PRESS =   372.3
 Etot   =    -50396.8118  EKtot   =      9462.6924  EPtot      =    -59859.5042
 BOND   =       409.7890  ANGLE   =       981.6961  DIHED      =       716.8838
 1-4 NB =       454.2232  1-4 EEL =      5730.8865  VDWAALS    =      6634.3134
 EELEC  =    -74787.5243  EHBOND  =         0.0000  RESTRAINT  =         0.2281
 EAMBER (non-restraint)  =    -59859.7323
 EKCMT  =      3977.1133  VIRIAL  =      2760.9614  VOLUME     =    151301.8159
                                                    Density    =         1.0439
 ------------------------------------------------------------------------------

wrapping first mol.:       19.40063       27.43663       47.52164
wrapping first mol.:       19.40063       27.43663       47.52164

 NSTEP =    28000   TIME(PS) =    7556.000  TEMP(K) =   296.27  PRESS =  -325.3
 Etot   =    -50390.3917  EKtot   =      9409.6836  EPtot      =    -59800.0753
 BOND   =       402.6982  ANGLE   =      1032.2439  DIHED      =       710.3579
 1-4 NB =       466.9482  1-4 EEL =      5744.0806  VDWAALS    =      6521.3624
 EELEC  =    -74677.9961  EHBOND  =         0.0000  RESTRAINT  =         0.2296
 EAMBER (non-restraint)  =    -59800.3049
 EKCMT  =      3889.9514  VIRIAL  =      4956.0296  VOLUME     =    151775.5651
                                                    Density    =         1.0406
 ------------------------------------------------------------------------------

wrapping first mol.:       19.41266       27.45365       47.55111
wrapping first mol.:       19.41266       27.45365       47.55111

 NSTEP =    28500   TIME(PS) =    7557.000  TEMP(K) =   303.75  PRESS =   -90.2
 Etot   =    -50382.8067  EKtot   =      9647.3096  EPtot      =    -60030.1162
 BOND   =       419.2534  ANGLE   =      1040.2564  DIHED      =       704.0650
 1-4 NB =       445.6824  1-4 EEL =      5701.3001  VDWAALS    =      6713.9179
 EELEC  =    -75054.7992  EHBOND  =         0.0000  RESTRAINT  =         0.2078
 EAMBER (non-restraint)  =    -60030.3240
 EKCMT  =      4047.1423  VIRIAL  =      4343.2006  VOLUME     =    152054.9108
                                                    Density    =         1.0387
 ------------------------------------------------------------------------------

wrapping first mol.:       19.40311       27.44014       47.52771
wrapping first mol.:       19.40311       27.44014       47.52771

 NSTEP =    29000   TIME(PS) =    7558.000  TEMP(K) =   302.17  PRESS =   127.0
 Etot   =    -50300.2548  EKtot   =      9597.0215  EPtot      =    -59897.2763
 BOND   =       405.4148  ANGLE   =      1024.2397  DIHED      =       702.6512
 1-4 NB =       467.1058  1-4 EEL =      5734.6368  VDWAALS    =      6660.0312
 EELEC  =    -74891.6006  EHBOND  =         0.0000  RESTRAINT  =         0.2448
 EAMBER (non-restraint)  =    -59897.5211
 EKCMT  =      3999.3713  VIRIAL  =      3583.0650  VOLUME     =    151827.5813
                                                    Density    =         1.0402
 ------------------------------------------------------------------------------

wrapping first mol.:       19.38061       27.40832       47.47260
wrapping first mol.:       19.38061       27.40832       47.47260

 NSTEP =    29500   TIME(PS) =    7559.000  TEMP(K) =   300.55  PRESS =   -61.8
 Etot   =    -50298.5108  EKtot   =      9545.5068  EPtot      =    -59844.0176
 BOND   =       375.9940  ANGLE   =      1021.3093  DIHED      =       702.4145
 1-4 NB =       452.1085  1-4 EEL =      5718.4951  VDWAALS    =      6558.0998
 EELEC  =    -74672.6853  EHBOND  =         0.0000  RESTRAINT  =         0.2465
 EAMBER (non-restraint)  =    -59844.2641
 EKCMT  =      3938.6112  VIRIAL  =      4140.5220  VOLUME     =    151302.5910
                                                    Density    =         1.0438
 ------------------------------------------------------------------------------

wrapping first mol.:       19.39144       27.42363       47.49912
wrapping first mol.:       19.39144       27.42363       47.49912

 NSTEP =    30000   TIME(PS) =    7560.000  TEMP(K) =   303.28  PRESS =  -267.6
 Etot   =    -50268.4853  EKtot   =      9632.2334  EPtot      =    -59900.7187
 BOND   =       394.4445  ANGLE   =      1008.2525  DIHED      =       706.7667
 1-4 NB =       450.2081  1-4 EEL =      5739.0533  VDWAALS    =      6661.4863
 EELEC  =    -74861.1901  EHBOND  =         0.0000  RESTRAINT  =         0.2600
 EAMBER (non-restraint)  =    -59900.9787
 EKCMT  =      4021.9102  VIRIAL  =      4897.5081  VOLUME     =    151559.1078
                                                    Density    =         1.0421
 ------------------------------------------------------------------------------

wrapping first mol.:       19.37750       27.40392       47.46498
wrapping first mol.:       19.37750       27.40392       47.46498

 NSTEP =    30500   TIME(PS) =    7561.000  TEMP(K) =   298.36  PRESS =    78.8
 Etot   =    -50186.6049  EKtot   =      9475.9141  EPtot      =    -59662.5190
 BOND   =       398.0342  ANGLE   =      1068.3248  DIHED      =       688.0683
 1-4 NB =       453.6587  1-4 EEL =      5752.1615  VDWAALS    =      6501.0799
 EELEC  =    -74524.1471  EHBOND  =         0.0000  RESTRAINT  =         0.3005
 EAMBER (non-restraint)  =    -59662.8196
 EKCMT  =      3980.2206  VIRIAL  =      3723.0204  VOLUME     =    151227.9004
                                                    Density    =         1.0444
 ------------------------------------------------------------------------------

wrapping first mol.:       19.38453       27.41387       47.48221
wrapping first mol.:       19.38453       27.41387       47.48221

 NSTEP =    31000   TIME(PS) =    7562.000  TEMP(K) =   298.60  PRESS =  -187.7
 Etot   =    -50349.6033  EKtot   =      9483.5479  EPtot      =    -59833.1512
 BOND   =       380.0591  ANGLE   =      1040.4380  DIHED      =       696.9132
 1-4 NB =       457.0154  1-4 EEL =      5746.7872  VDWAALS    =      6475.6893
 EELEC  =    -74630.3360  EHBOND  =         0.0000  RESTRAINT  =         0.2826
 EAMBER (non-restraint)  =    -59833.4338
 EKCMT  =      4010.3965  VIRIAL  =      4623.9062  VOLUME     =    151396.1803
                                                    Density    =         1.0432
 ------------------------------------------------------------------------------

wrapping first mol.:       19.39442       27.42785       47.50643
wrapping first mol.:       19.39442       27.42785       47.50643

 NSTEP =    31500   TIME(PS) =    7563.000  TEMP(K) =   301.86  PRESS =    71.4
 Etot   =    -50074.2529  EKtot   =      9587.2373  EPtot      =    -59661.4902
 BOND   =       390.4002  ANGLE   =      1041.9025  DIHED      =       716.6497
 1-4 NB =       460.8304  1-4 EEL =      5776.4659  VDWAALS    =      6702.9413
 EELEC  =    -74750.9539  EHBOND  =         0.0000  RESTRAINT  =         0.2739
 EAMBER (non-restraint)  =    -59661.7641
 EKCMT  =      3944.1909  VIRIAL  =      3710.5860  VOLUME     =    151624.4670
                                                    Density    =         1.0416
 ------------------------------------------------------------------------------

wrapping first mol.:       19.39347       27.42650       47.50410
wrapping first mol.:       19.39347       27.42650       47.50410

 NSTEP =    32000   TIME(PS) =    7564.000  TEMP(K) =   300.07  PRESS =  -257.8
 Etot   =    -50401.8512  EKtot   =      9530.4648  EPtot      =    -59932.3161
 BOND   =       426.2807  ANGLE   =      1052.3144  DIHED      =       705.0715
 1-4 NB =       456.4875  1-4 EEL =      5741.7885  VDWAALS    =      6690.5620
 EELEC  =    -75005.1310  EHBOND  =         0.0000  RESTRAINT  =         0.3103
 EAMBER (non-restraint)  =    -59932.6264
 EKCMT  =      4027.2361  VIRIAL  =      4871.0601  VOLUME     =    151606.6133
                                                    Density    =         1.0418
 ------------------------------------------------------------------------------

wrapping first mol.:       19.39525       27.42902       47.50846
wrapping first mol.:       19.39525       27.42902       47.50846

 NSTEP =    32500   TIME(PS) =    7565.000  TEMP(K) =   298.47  PRESS =   121.7
 Etot   =    -50392.6857  EKtot   =      9479.6143  EPtot      =    -59872.3000
 BOND   =       390.2436  ANGLE   =      1026.5252  DIHED      =       702.9066
 1-4 NB =       452.9258  1-4 EEL =      5773.0722  VDWAALS    =      6637.7790
 EELEC  =    -74856.0835  EHBOND  =         0.0000  RESTRAINT  =         0.3311
 EAMBER (non-restraint)  =    -59872.6311
 EKCMT  =      3998.2488  VIRIAL  =      3599.9007  VOLUME     =    151643.2670
                                                    Density    =         1.0415
 ------------------------------------------------------------------------------

wrapping first mol.:       19.38017       27.40770       47.47153
wrapping first mol.:       19.38017       27.40770       47.47153

 NSTEP =    33000   TIME(PS) =    7566.000  TEMP(K) =   297.98  PRESS =   199.2
 Etot   =    -50231.4312  EKtot   =      9463.7959  EPtot      =    -59695.2271
 BOND   =       399.2883  ANGLE   =      1079.8705  DIHED      =       715.2627
 1-4 NB =       467.2672  1-4 EEL =      5757.7905  VDWAALS    =      6680.5278
 EELEC  =    -74795.5261  EHBOND  =         0.0000  RESTRAINT  =         0.2920
 EAMBER (non-restraint)  =    -59695.5190
 EKCMT  =      3982.7467  VIRIAL  =      3331.9148  VOLUME     =    151288.8890
                                                    Density    =         1.0439
 ------------------------------------------------------------------------------

wrapping first mol.:       19.40010       27.43589       47.52035
wrapping first mol.:       19.40010       27.43589       47.52035

 NSTEP =    33500   TIME(PS) =    7567.000  TEMP(K) =   300.06  PRESS =   110.8
 Etot   =    -50438.1289  EKtot   =      9530.0820  EPtot      =    -59968.2109
 BOND   =       381.6672  ANGLE   =      1063.4994  DIHED      =       709.3197
 1-4 NB =       452.7375  1-4 EEL =      5714.2839  VDWAALS    =      6744.1219
 EELEC  =    -75034.1676  EHBOND  =         0.0000  RESTRAINT  =         0.3270
 EAMBER (non-restraint)  =    -59968.5380
 EKCMT  =      3927.7163  VIRIAL  =      3564.7859  VOLUME     =    151757.2653
                                                    Density    =         1.0407
 ------------------------------------------------------------------------------

wrapping first mol.:       19.41625       27.45872       47.55989
wrapping first mol.:       19.41625       27.45872       47.55989

 NSTEP =    34000   TIME(PS) =    7568.000  TEMP(K) =   298.47  PRESS =  -343.7
 Etot   =    -50306.1441  EKtot   =      9479.3652  EPtot      =    -59785.5093
 BOND   =       409.6926  ANGLE   =      1060.5681  DIHED      =       683.5966
 1-4 NB =       444.7119  1-4 EEL =      5765.3117  VDWAALS    =      6587.6369
 EELEC  =    -74737.3653  EHBOND  =         0.0000  RESTRAINT  =         0.3382
 EAMBER (non-restraint)  =    -59785.8475
 EKCMT  =      3947.7293  VIRIAL  =      5076.6985  VOLUME     =    152142.5868
                                                    Density    =         1.0381
 ------------------------------------------------------------------------------

wrapping first mol.:       19.41211       27.45286       47.54975
wrapping first mol.:       19.41211       27.45286       47.54975

 NSTEP =    34500   TIME(PS) =    7569.000  TEMP(K) =   297.05  PRESS =    71.8
 Etot   =    -50317.9645  EKtot   =      9434.3320  EPtot      =    -59752.2965
 BOND   =       425.3860  ANGLE   =      1049.0771  DIHED      =       726.9702
 1-4 NB =       441.9594  1-4 EEL =      5707.7993  VDWAALS    =      6724.8970
 EELEC  =    -74828.7208  EHBOND  =         0.0000  RESTRAINT  =         0.3352
 EAMBER (non-restraint)  =    -59752.6318
 EKCMT  =      3947.8236  VIRIAL  =      3712.0671  VOLUME     =    152039.6497
                                                    Density    =         1.0388
 ------------------------------------------------------------------------------

wrapping first mol.:       19.41476       27.45661       47.55624
wrapping first mol.:       19.41476       27.45661       47.55624

 NSTEP =    35000   TIME(PS) =    7570.000  TEMP(K) =   297.94  PRESS =   241.5
 Etot   =    -50313.5975  EKtot   =      9462.6543  EPtot      =    -59776.2518
 BOND   =       439.4171  ANGLE   =      1075.3672  DIHED      =       697.2770
 1-4 NB =       435.6620  1-4 EEL =      5679.5439  VDWAALS    =      6700.6103
 EELEC  =    -74804.4487  EHBOND  =         0.0000  RESTRAINT  =         0.3195
 EAMBER (non-restraint)  =    -59776.5713
 EKCMT  =      3937.1155  VIRIAL  =      3144.1256  VOLUME     =    152099.6687
                                                    Density    =         1.0384
 ------------------------------------------------------------------------------

wrapping first mol.:       19.40968       27.44943       47.54381
wrapping first mol.:       19.40968       27.44943       47.54381

 NSTEP =    35500   TIME(PS) =    7571.000  TEMP(K) =   301.19  PRESS =   129.2
 Etot   =    -50109.9383  EKtot   =      9565.7773  EPtot      =    -59675.7156
 BOND   =       410.7906  ANGLE   =      1045.0018  DIHED      =       696.2524
 1-4 NB =       437.5849  1-4 EEL =      5724.4511  VDWAALS    =      6724.3712
 EELEC  =    -74714.4994  EHBOND  =         0.0000  RESTRAINT  =         0.3318
 EAMBER (non-restraint)  =    -59676.0474
 EKCMT  =      3964.9575  VIRIAL  =      3540.9384  VOLUME     =    151981.9174
                                                    Density    =         1.0392
 ------------------------------------------------------------------------------

wrapping first mol.:       19.44005       27.49238       47.61819
wrapping first mol.:       19.44005       27.49238       47.61819

 NSTEP =    36000   TIME(PS) =    7572.000  TEMP(K) =   298.53  PRESS =   120.0
 Etot   =    -50322.0421  EKtot   =      9481.2939  EPtot      =    -59803.3360
 BOND   =       391.8137  ANGLE   =      1000.0265  DIHED      =       697.5418
 1-4 NB =       429.4623  1-4 EEL =      5758.1171  VDWAALS    =      6753.3145
 EELEC  =    -74833.9096  EHBOND  =         0.0000  RESTRAINT  =         0.2977
 EAMBER (non-restraint)  =    -59803.6337
 EKCMT  =      4058.2964  VIRIAL  =      3662.6372  VOLUME     =    152696.5003
                                                    Density    =         1.0343
 ------------------------------------------------------------------------------

wrapping first mol.:       19.41683       27.45954       47.56132
wrapping first mol.:       19.41683       27.45954       47.56132

 NSTEP =    36500   TIME(PS) =    7573.000  TEMP(K) =   298.59  PRESS =  -135.7
 Etot   =    -50183.8538  EKtot   =      9483.3154  EPtot      =    -59667.1693
 BOND   =       423.2790  ANGLE   =      1016.6951  DIHED      =       679.2202
 1-4 NB =       446.2781  1-4 EEL =      5734.6375  VDWAALS    =      6631.4338
 EELEC  =    -74598.9926  EHBOND  =         0.0000  RESTRAINT  =         0.2796
 EAMBER (non-restraint)  =    -59667.4489
 EKCMT  =      3936.0186  VIRIAL  =      4381.8163  VOLUME     =    152153.4829
                                                    Density    =         1.0380
 ------------------------------------------------------------------------------

wrapping first mol.:       19.42194       27.46678       47.57385
wrapping first mol.:       19.42194       27.46678       47.57385

 NSTEP =    37000   TIME(PS) =    7574.000  TEMP(K) =   300.96  PRESS =  -190.6
 Etot   =    -50237.6108  EKtot   =      9558.7285  EPtot      =    -59796.3393
 BOND   =       406.3639  ANGLE   =      1016.9232  DIHED      =       714.1508
 1-4 NB =       455.3392  1-4 EEL =      5771.9237  VDWAALS    =      6536.6019
 EELEC  =    -74697.9175  EHBOND  =         0.0000  RESTRAINT  =         0.2756
 EAMBER (non-restraint)  =    -59796.6149
 EKCMT  =      4023.6689  VIRIAL  =      4650.2595  VOLUME     =    152274.5205
                                                    Density    =         1.0372
 ------------------------------------------------------------------------------

wrapping first mol.:       19.40846       27.44771       47.54082
wrapping first mol.:       19.40846       27.44771       47.54082

 NSTEP =    37500   TIME(PS) =    7575.000  TEMP(K) =   297.60  PRESS =  -279.4
 Etot   =    -50440.3134  EKtot   =      9451.7969  EPtot      =    -59892.1103
 BOND   =       403.3615  ANGLE   =      1032.8946  DIHED      =       707.4503
 1-4 NB =       451.5735  1-4 EEL =      5727.9826  VDWAALS    =      6471.5515
 EELEC  =    -74687.2257  EHBOND  =         0.0000  RESTRAINT  =         0.3013
 EAMBER (non-restraint)  =    -59892.4116
 EKCMT  =      3983.6301  VIRIAL  =      4900.2042  VOLUME     =    151958.8163
                                                    Density    =         1.0393
 ------------------------------------------------------------------------------

wrapping first mol.:       19.40081       27.43689       47.52209
wrapping first mol.:       19.40081       27.43689       47.52209

 NSTEP =    38000   TIME(PS) =    7576.000  TEMP(K) =   295.33  PRESS =   112.6
 Etot   =    -50521.6684  EKtot   =      9379.6533  EPtot      =    -59901.3217
 BOND   =       394.2075  ANGLE   =      1021.4782  DIHED      =       707.1894
 1-4 NB =       469.4149  1-4 EEL =      5764.6255  VDWAALS    =      6717.9411
 EELEC  =    -74976.4837  EHBOND  =         0.0000  RESTRAINT  =         0.3054
 EAMBER (non-restraint)  =    -59901.6271
 EKCMT  =      3981.2393  VIRIAL  =      3612.3128  VOLUME     =    151773.9137
                                                    Density    =         1.0406
 ------------------------------------------------------------------------------

wrapping first mol.:       19.41697       27.45974       47.56166
wrapping first mol.:       19.41697       27.45974       47.56166

 NSTEP =    38500   TIME(PS) =    7577.000  TEMP(K) =   300.58  PRESS =    -1.4
 Etot   =    -50300.9877  EKtot   =      9546.5898  EPtot      =    -59847.5775
 BOND   =       387.6781  ANGLE   =      1008.6415  DIHED      =       690.5690
 1-4 NB =       456.2108  1-4 EEL =      5738.6745  VDWAALS    =      6614.1092
 EELEC  =    -74743.7569  EHBOND  =         0.0000  RESTRAINT  =         0.2964
 EAMBER (non-restraint)  =    -59847.8739
 EKCMT  =      4022.3839  VIRIAL  =      4026.8560  VOLUME     =    152154.9553
                                                    Density    =         1.0380
 ------------------------------------------------------------------------------

wrapping first mol.:       19.40571       27.44382       47.53408
wrapping first mol.:       19.40571       27.44382       47.53408

 NSTEP =    39000   TIME(PS) =    7578.000  TEMP(K) =   299.14  PRESS =   255.5
 Etot   =    -50243.2649  EKtot   =      9500.7500  EPtot      =    -59744.0149
 BOND   =       416.8737  ANGLE   =      1023.3261  DIHED      =       700.0553
 1-4 NB =       435.5689  1-4 EEL =      5777.6869  VDWAALS    =      6791.1914
 EELEC  =    -74889.0171  EHBOND  =         0.0000  RESTRAINT  =         0.3001
 EAMBER (non-restraint)  =    -59744.3149
 EKCMT  =      3971.2797  VIRIAL  =      3133.4844  VOLUME     =    151886.9462
                                                    Density    =         1.0398
 ------------------------------------------------------------------------------

wrapping first mol.:       19.40092       27.43704       47.52234
wrapping first mol.:       19.40092       27.43704       47.52234

 NSTEP =    39500   TIME(PS) =    7579.000  TEMP(K) =   303.10  PRESS =   -13.8
 Etot   =    -50247.9045  EKtot   =      9626.4219  EPtot      =    -59874.3263
 BOND   =       403.4309  ANGLE   =       989.0633  DIHED      =       700.4228
 1-4 NB =       449.5151  1-4 EEL =      5713.5661  VDWAALS    =      6635.8391
 EELEC  =    -74766.4783  EHBOND  =         0.0000  RESTRAINT  =         0.3146
 EAMBER (non-restraint)  =    -59874.6410
 EKCMT  =      4033.9592  VIRIAL  =      4079.3458  VOLUME     =    151778.0537
                                                    Density    =         1.0406
 ------------------------------------------------------------------------------

wrapping first mol.:       19.40826       27.44743       47.54034
wrapping first mol.:       19.40826       27.44743       47.54034

 NSTEP =    40000   TIME(PS) =    7580.000  TEMP(K) =   297.48  PRESS =   300.2
 Etot   =    -50302.1637  EKtot   =      9447.9404  EPtot      =    -59750.1041
 BOND   =       379.4379  ANGLE   =      1006.1118  DIHED      =       695.6648
 1-4 NB =       459.2323  1-4 EEL =      5760.6201  VDWAALS    =      6662.6602
 EELEC  =    -74714.1425  EHBOND  =         0.0000  RESTRAINT  =         0.3113
 EAMBER (non-restraint)  =    -59750.4155
 EKCMT  =      3995.2109  VIRIAL  =      3010.1795  VOLUME     =    151946.3130
                                                    Density    =         1.0394
 ------------------------------------------------------------------------------

wrapping first mol.:       19.40266       27.43951       47.52662
wrapping first mol.:       19.40266       27.43951       47.52662

 NSTEP =    40500   TIME(PS) =    7581.000  TEMP(K) =   300.74  PRESS =   -71.4
 Etot   =    -50069.1453  EKtot   =      9551.4570  EPtot      =    -59620.6023
 BOND   =       401.6147  ANGLE   =      1061.7040  DIHED      =       675.4203
 1-4 NB =       466.8031  1-4 EEL =      5756.6622  VDWAALS    =      6513.3103
 EELEC  =    -74496.3903  EHBOND  =         0.0000  RESTRAINT  =         0.2735
 EAMBER (non-restraint)  =    -59620.8758
 EKCMT  =      4007.9080  VIRIAL  =      4242.0270  VOLUME     =    151819.8570
                                                    Density    =         1.0403
 ------------------------------------------------------------------------------

wrapping first mol.:       19.38859       27.41960       47.49214
wrapping first mol.:       19.38859       27.41960       47.49214

 NSTEP =    41000   TIME(PS) =    7582.000  TEMP(K) =   298.90  PRESS =  -259.0
 Etot   =    -50250.9521  EKtot   =      9493.2266  EPtot      =    -59744.1786
 BOND   =       387.1766  ANGLE   =       997.5990  DIHED      =       720.6175
 1-4 NB =       472.6216  1-4 EEL =      5766.6087  VDWAALS    =      6549.0431
 EELEC  =    -74638.1406  EHBOND  =         0.0000  RESTRAINT  =         0.2953
 EAMBER (non-restraint)  =    -59744.4739
 EKCMT  =      3967.8348  VIRIAL  =      4815.1057  VOLUME     =    151492.1809
                                                    Density    =         1.0425
 ------------------------------------------------------------------------------

wrapping first mol.:       19.39231       27.42487       47.50126
wrapping first mol.:       19.39231       27.42487       47.50126

 NSTEP =    41500   TIME(PS) =    7583.000  TEMP(K) =   301.00  PRESS =  -131.4
 Etot   =    -50090.4194  EKtot   =      9559.7646  EPtot      =    -59650.1841
 BOND   =       373.6773  ANGLE   =      1042.5178  DIHED      =       727.1622
 1-4 NB =       455.4261  1-4 EEL =      5767.0332  VDWAALS    =      6436.5308
 EELEC  =    -74452.8241  EHBOND  =         0.0000  RESTRAINT  =         0.2927
 EAMBER (non-restraint)  =    -59650.4767
 EKCMT  =      4011.4110  VIRIAL  =      4441.5736  VOLUME     =    151577.7700
                                                    Density    =         1.0420
 ------------------------------------------------------------------------------

wrapping first mol.:       19.41059       27.45072       47.54604
wrapping first mol.:       19.41059       27.45072       47.54604

 NSTEP =    42000   TIME(PS) =    7584.000  TEMP(K) =   296.48  PRESS =  -322.0
 Etot   =    -50090.4944  EKtot   =      9416.2891  EPtot      =    -59506.7835
 BOND   =       405.7701  ANGLE   =      1020.3090  DIHED      =       696.7589
 1-4 NB =       469.4341  1-4 EEL =      5741.3267  VDWAALS    =      6417.4433
 EELEC  =    -74258.1274  EHBOND  =         0.0000  RESTRAINT  =         0.3018
 EAMBER (non-restraint)  =    -59507.0853
 EKCMT  =      3943.5281  VIRIAL  =      5000.3827  VOLUME     =    152009.4278
                                                    Density    =         1.0390
 ------------------------------------------------------------------------------

wrapping first mol.:       19.40815       27.44727       47.54007
wrapping first mol.:       19.40815       27.44727       47.54007

 NSTEP =    42500   TIME(PS) =    7585.000  TEMP(K) =   296.71  PRESS =   183.7
 Etot   =    -50241.1160  EKtot   =      9423.5811  EPtot      =    -59664.6970
 BOND   =       399.5180  ANGLE   =      1014.3879  DIHED      =       695.5837
 1-4 NB =       449.2782  1-4 EEL =      5735.0275  VDWAALS    =      6477.6005
 EELEC  =    -74436.3973  EHBOND  =         0.0000  RESTRAINT  =         0.3045
 EAMBER (non-restraint)  =    -59665.0015
 EKCMT  =      3879.1073  VIRIAL  =      3276.5425  VOLUME     =    151945.3113
                                                    Density    =         1.0394
 ------------------------------------------------------------------------------

wrapping first mol.:       19.39846       27.43356       47.51632
wrapping first mol.:       19.39846       27.43356       47.51632

 NSTEP =    43000   TIME(PS) =    7586.000  TEMP(K) =   301.62  PRESS =   374.1
 Etot   =    -50067.7348  EKtot   =      9579.6816  EPtot      =    -59647.4164
 BOND   =       408.6007  ANGLE   =      1022.5541  DIHED      =       715.9427
 1-4 NB =       451.5993  1-4 EEL =      5717.1659  VDWAALS    =      6685.2919
 EELEC  =    -74648.8402  EHBOND  =         0.0000  RESTRAINT  =         0.2691
 EAMBER (non-restraint)  =    -59647.6856
 EKCMT  =      4055.2584  VIRIAL  =      2829.9251  VOLUME     =    151715.0875
                                                    Density    =         1.0410
 ------------------------------------------------------------------------------

wrapping first mol.:       19.39995       27.43568       47.51998
wrapping first mol.:       19.39995       27.43568       47.51998

 NSTEP =    43500   TIME(PS) =    7587.000  TEMP(K) =   296.76  PRESS =    -4.8
 Etot   =    -50427.0357  EKtot   =      9425.2285  EPtot      =    -59852.2642
 BOND   =       397.2698  ANGLE   =      1003.6749  DIHED      =       701.6614
 1-4 NB =       469.9348  1-4 EEL =      5746.4415  VDWAALS    =      6702.3758
 EELEC  =    -74873.8543  EHBOND  =         0.0000  RESTRAINT  =         0.2318
 EAMBER (non-restraint)  =    -59852.4961
 EKCMT  =      3882.9110  VIRIAL  =      3898.7797  VOLUME     =    151755.3493
                                                    Density    =         1.0407
 ------------------------------------------------------------------------------

wrapping first mol.:       19.39562       27.42955       47.50937
wrapping first mol.:       19.39562       27.42955       47.50937

 NSTEP =    44000   TIME(PS) =    7588.000  TEMP(K) =   299.95  PRESS =   235.4
 Etot   =    -50249.1528  EKtot   =      9526.6006  EPtot      =    -59775.7533
 BOND   =       373.7462  ANGLE   =      1035.0509  DIHED      =       687.3825
 1-4 NB =       460.6127  1-4 EEL =      5728.8489  VDWAALS    =      6733.0800
 EELEC  =    -74794.7144  EHBOND  =         0.0000  RESTRAINT  =         0.2399
 EAMBER (non-restraint)  =    -59775.9932
 EKCMT  =      4053.3363  VIRIAL  =      3282.4585  VOLUME     =    151650.4837
                                                    Density    =         1.0415
 ------------------------------------------------------------------------------

wrapping first mol.:       19.39525       27.42902       47.50846
wrapping first mol.:       19.39525       27.42902       47.50846

 NSTEP =    44500   TIME(PS) =    7589.000  TEMP(K) =   300.46  PRESS =   234.2
 Etot   =    -50220.2315  EKtot   =      9542.8457  EPtot      =    -59763.0772
 BOND   =       413.3186  ANGLE   =      1065.5721  DIHED      =       738.4067
 1-4 NB =       455.4319  1-4 EEL =      5767.7457  VDWAALS    =      6682.6535
 EELEC  =    -74886.4630  EHBOND  =         0.0000  RESTRAINT  =         0.2571
 EAMBER (non-restraint)  =    -59763.3343
 EKCMT  =      3981.1654  VIRIAL  =      3214.4658  VOLUME     =    151641.7249
                                                    Density    =         1.0415
 ------------------------------------------------------------------------------

wrapping first mol.:       19.41719       27.46005       47.56220
wrapping first mol.:       19.41719       27.46005       47.56220

 NSTEP =    45000   TIME(PS) =    7590.000  TEMP(K) =   302.81  PRESS =  -128.9
 Etot   =    -50166.8387  EKtot   =      9617.2812  EPtot      =    -59784.1200
 BOND   =       403.6286  ANGLE   =       992.1261  DIHED      =       690.5653
 1-4 NB =       457.3077  1-4 EEL =      5766.0612  VDWAALS    =      6675.9686
 EELEC  =    -74770.0354  EHBOND  =         0.0000  RESTRAINT  =         0.2579
 EAMBER (non-restraint)  =    -59784.3778
 EKCMT  =      3991.8223  VIRIAL  =      4415.3550  VOLUME     =    152161.8151
                                                    Density    =         1.0380
 ------------------------------------------------------------------------------

wrapping first mol.:       19.41687       27.45959       47.56141
wrapping first mol.:       19.41687       27.45959       47.56141

 NSTEP =    45500   TIME(PS) =    7591.000  TEMP(K) =   304.08  PRESS =   -58.0
 Etot   =    -50179.5732  EKtot   =      9657.8125  EPtot      =    -59837.3857
 BOND   =       397.3429  ANGLE   =      1046.9159  DIHED      =       723.9578
 1-4 NB =       446.7915  1-4 EEL =      5718.3528  VDWAALS    =      6649.4086
 EELEC  =    -74820.4252  EHBOND  =         0.0000  RESTRAINT  =         0.2702
 EAMBER (non-restraint)  =    -59837.6559
 EKCMT  =      4095.5077  VIRIAL  =      4286.0644  VOLUME     =    152153.3068
                                                    Density    =         1.0380
 ------------------------------------------------------------------------------

wrapping first mol.:       19.39361       27.42670       47.50444
wrapping first mol.:       19.39361       27.42670       47.50444

 NSTEP =    46000   TIME(PS) =    7592.000  TEMP(K) =   298.21  PRESS =  -244.1
 Etot   =    -50252.6362  EKtot   =      9471.2432  EPtot      =    -59723.8794
 BOND   =       405.0163  ANGLE   =      1015.3794  DIHED      =       719.9860
 1-4 NB =       460.4861  1-4 EEL =      5806.1930  VDWAALS    =      6685.9492
 EELEC  =    -74817.1633  EHBOND  =         0.0000  RESTRAINT  =         0.2739
 EAMBER (non-restraint)  =    -59724.1533
 EKCMT  =      3921.1819  VIRIAL  =      4720.1820  VOLUME     =    151609.6921
                                                    Density    =         1.0417
 ------------------------------------------------------------------------------

wrapping first mol.:       19.39318       27.42610       47.50339
wrapping first mol.:       19.39318       27.42610       47.50339

 NSTEP =    46500   TIME(PS) =    7593.000  TEMP(K) =   299.48  PRESS =    22.5
 Etot   =    -50124.9813  EKtot   =      9511.5479  EPtot      =    -59636.5291
 BOND   =       379.0455  ANGLE   =      1025.4686  DIHED      =       722.0182
 1-4 NB =       454.0923  1-4 EEL =      5731.6154  VDWAALS    =      6565.5326
 EELEC  =    -74514.5951  EHBOND  =         0.0000  RESTRAINT  =         0.2934
 EAMBER (non-restraint)  =    -59636.8225
 EKCMT  =      4022.0498  VIRIAL  =      3948.4848  VOLUME     =    151596.0953
                                                    Density    =         1.0418
 ------------------------------------------------------------------------------

wrapping first mol.:       19.37920       27.40633       47.46916
wrapping first mol.:       19.37920       27.40633       47.46916

 NSTEP =    47000   TIME(PS) =    7594.000  TEMP(K) =   297.47  PRESS =  -113.8
 Etot   =    -50467.9757  EKtot   =      9447.8418  EPtot      =    -59915.8175
 BOND   =       387.5166  ANGLE   =      1011.4042  DIHED      =       691.0260
 1-4 NB =       464.5263  1-4 EEL =      5739.6900  VDWAALS    =      6475.4651
 EELEC  =    -74685.7360  EHBOND  =         0.0000  RESTRAINT  =         0.2903
 EAMBER (non-restraint)  =    -59916.1078
 EKCMT  =      4017.7221  VIRIAL  =      4389.3892  VOLUME     =    151270.4093
                                                    Density    =         1.0441
 ------------------------------------------------------------------------------

wrapping first mol.:       19.40762       27.44652       47.53876
wrapping first mol.:       19.40762       27.44652       47.53876

 NSTEP =    47500   TIME(PS) =    7595.000  TEMP(K) =   297.59  PRESS =   -16.4
 Etot   =    -50135.7426  EKtot   =      9451.4766  EPtot      =    -59587.2191
 BOND   =       391.7597  ANGLE   =      1045.0205  DIHED      =       711.5746
 1-4 NB =       446.8497  1-4 EEL =      5797.1892  VDWAALS    =      6629.5809
 EELEC  =    -74609.4661  EHBOND  =         0.0000  RESTRAINT  =         0.2724
 EAMBER (non-restraint)  =    -59587.4916
 EKCMT  =      3994.9058  VIRIAL  =      4048.5665  VOLUME     =    151935.4690
                                                    Density    =         1.0395
 ------------------------------------------------------------------------------

wrapping first mol.:       19.43939       27.49145       47.61659
wrapping first mol.:       19.43939       27.49145       47.61659

 NSTEP =    48000   TIME(PS) =    7596.000  TEMP(K) =   299.76  PRESS =   -11.1
 Etot   =    -50294.0129  EKtot   =      9520.4014  EPtot      =    -59814.4143
 BOND   =       385.5680  ANGLE   =      1006.2256  DIHED      =       700.2230
 1-4 NB =       442.1553  1-4 EEL =      5756.2882  VDWAALS    =      6574.9660
 EELEC  =    -74680.1070  EHBOND  =         0.0000  RESTRAINT  =         0.2666
 EAMBER (non-restraint)  =    -59814.6808
 EKCMT  =      4014.4720  VIRIAL  =      4051.0906  VOLUME     =    152682.8927
                                                    Density    =         1.0344
 ------------------------------------------------------------------------------

wrapping first mol.:       19.41253       27.45347       47.55080
wrapping first mol.:       19.41253       27.45347       47.55080

 NSTEP =    48500   TIME(PS) =    7597.000  TEMP(K) =   301.62  PRESS =   199.9
 Etot   =    -49994.5003  EKtot   =      9579.5088  EPtot      =    -59574.0090
 BOND   =       426.1194  ANGLE   =      1031.6332  DIHED      =       720.0591
 1-4 NB =       445.8412  1-4 EEL =      5716.6417  VDWAALS    =      6660.6016
 EELEC  =    -74575.1713  EHBOND  =         0.0000  RESTRAINT  =         0.2660
 EAMBER (non-restraint)  =    -59574.2751
 EKCMT  =      3996.4662  VIRIAL  =      3340.1087  VOLUME     =    152047.9668
                                                    Density    =         1.0387
 ------------------------------------------------------------------------------

wrapping first mol.:       19.40342       27.44058       47.52847
wrapping first mol.:       19.40342       27.44058       47.52847

 NSTEP =    49000   TIME(PS) =    7598.000  TEMP(K) =   298.98  PRESS =  -152.5
 Etot   =    -50295.5981  EKtot   =      9495.5459  EPtot      =    -59791.1440
 BOND   =       393.5989  ANGLE   =      1040.4739  DIHED      =       722.3205
 1-4 NB =       453.4052  1-4 EEL =      5723.1517  VDWAALS    =      6527.5822
 EELEC  =    -74651.9626  EHBOND  =         0.0000  RESTRAINT  =         0.2862
 EAMBER (non-restraint)  =    -59791.4302
 EKCMT  =      3995.6403  VIRIAL  =      4495.4735  VOLUME     =    151838.6604
                                                    Density    =         1.0402
 ------------------------------------------------------------------------------

wrapping first mol.:       19.40178       27.43827       47.52447
wrapping first mol.:       19.40178       27.43827       47.52447

 NSTEP =    49500   TIME(PS) =    7599.000  TEMP(K) =   301.55  PRESS =    69.7
 Etot   =    -50087.0400  EKtot   =      9577.4072  EPtot      =    -59664.4473
 BOND   =       416.8952  ANGLE   =       982.8035  DIHED      =       701.3651
 1-4 NB =       449.1341  1-4 EEL =      5698.6857  VDWAALS    =      6479.2504
 EELEC  =    -74392.8338  EHBOND  =         0.0000  RESTRAINT  =         0.2525
 EAMBER (non-restraint)  =    -59664.6998
 EKCMT  =      4035.2710  VIRIAL  =      3806.7741  VOLUME     =    151797.2906
                                                    Density    =         1.0404
 ------------------------------------------------------------------------------

wrapping first mol.:       19.40023       27.43607       47.52066
wrapping first mol.:       19.40023       27.43607       47.52066

 NSTEP =    50000   TIME(PS) =    7600.000  TEMP(K) =   298.90  PRESS =  -283.8
 Etot   =    -50598.2859  EKtot   =      9493.1162  EPtot      =    -60091.4021
 BOND   =       396.9963  ANGLE   =       999.4092  DIHED      =       716.5203
 1-4 NB =       477.6857  1-4 EEL =      5768.7905  VDWAALS    =      6651.6972
 EELEC  =    -75102.7704  EHBOND  =         0.0000  RESTRAINT  =         0.2691
 EAMBER (non-restraint)  =    -60091.6712
 EKCMT  =      4031.6075  VIRIAL  =      4961.5674  VOLUME     =    151765.5833
                                                    Density    =         1.0407
 ------------------------------------------------------------------------------


      A V E R A G E S   O V E R     100 S T E P S


 NSTEP =    50000   TIME(PS) =    7600.000  TEMP(K) =   299.98  PRESS =    19.9
 Etot   =    -50239.1114  EKtot   =      9527.5226  EPtot      =    -59766.6341
 BOND   =       399.4984  ANGLE   =      1026.7843  DIHED      =       705.2822
 1-4 NB =       455.0719  1-4 EEL =      5747.6501  VDWAALS    =      6597.6128
 EELEC  =    -74698.7537  EHBOND  =         0.0000  RESTRAINT  =         0.2199
 EAMBER (non-restraint)  =    -59766.8540
 EKCMT  =      3988.8560  VIRIAL  =      3923.5650  VOLUME     =    151657.2033
                                                    Density    =         1.0414
 ------------------------------------------------------------------------------


      R M S  F L U C T U A T I O N S


 NSTEP =    50000   TIME(PS) =    7600.000  TEMP(K) =     2.24  PRESS =   203.7
 Etot   =       128.0156  EKtot   =        71.0517  EPtot      =       107.2409
 BOND   =        14.6425  ANGLE   =        24.2974  DIHED      =        13.1555
 1-4 NB =        10.0715  1-4 EEL =        25.8854  VDWAALS    =       102.5043
 EELEC  =       168.0512  EHBOND  =         0.0000  RESTRAINT  =         0.0725
 EAMBER (non-restraint)  =       107.1685
 EKCMT  =        49.0903  VIRIAL  =       663.9770  VOLUME     =       386.3396
                                                    Density    =         0.0027
 ------------------------------------------------------------------------------

--------------------------------------------------------------------------------
   5.  TIMINGS
--------------------------------------------------------------------------------

|  NonSetup CPU Time in Major Routines:
|
|     Routine           Sec        %
|     ------------------------------
|     Nonbond          69.72   83.53
|     Bond              0.00    0.00
|     Angle             0.00    0.00
|     Dihedral          0.00    0.00
|     Shake             0.25    0.30
|     RunMD            13.40   16.05
|     Other             0.10    0.11
|     ------------------------------
|     Total            83.46

|  PME Nonbond Pairlist CPU Time:
|
|     Routine              Sec        %
|     ---------------------------------
|     Set Up Cit           0.00    0.00
|     Build List           0.00    0.00
|     ---------------------------------
|     Total                0.00    0.00

|  PME Direct Force CPU Time:
|
|     Routine              Sec        %
|     ---------------------------------
|     NonBonded Calc       0.00    0.00
|     Exclude Masked       0.00    0.00
|     Other                0.06    0.07
|     ---------------------------------
|     Total                0.06    0.07

|  PME Reciprocal Force CPU Time:
|
|     Routine              Sec        %
|     ---------------------------------
|     1D bspline           0.00    0.00
|     Grid Charges         0.00    0.00
|     Scalar Sum           0.00    0.00
|     Gradient Sum         0.00    0.00
|     FFT                  0.00    0.00
|     ---------------------------------
|     Total                0.00    0.00

|  Final Performance Info:
|     -----------------------------------------------------
|     Average timings for last   14000 steps:
|     Elapsed(s) =      23.36 Per Step(ms) =       1.67
|         ns/day =     103.57   seconds/ns =     834.22
|
|     Average timings for all steps:
|     Elapsed(s) =      83.46 Per Step(ms) =       1.67
|         ns/day =     103.52   seconds/ns =     834.64
|     -----------------------------------------------------

|  Setup CPU time:            0.59 seconds
|  NonSetup CPU time:        83.46 seconds
|  Total CPU time:           84.05 seconds     0.02 hours

|  Setup wall time:           1    seconds
|  NonSetup wall time:       84    seconds
|  Total wall time:          85    seconds     0.02 hours
