
          -------------------------------------------------------
          Amber 18 PMEMD                              2018
          -------------------------------------------------------

| PMEMD implementation of SANDER, Release 18

| Run on 09/30/2019 at 00:02:21

|   Executable path: pmemd.cuda
| Working directory: /home/pbarletta/lbp/run/1ifb/mhe/e
|          Hostname: Unknown
  [-O]verwriting output

File Assignments:
|   MDIN: 73equ.in                                                              
|  MDOUT: 73equ.out                                                             
| INPCRD: 72e1ifb.rst7                                                          
|   PARM: /home/pbarletta/lbp/top_files/1ifb.prmtop                             
| RESTRT: 73e1ifb.rst7                                                          
|   REFC: 72e1ifb.rst7                                                          
|  MDVEL: mdvel                                                                 
|   MDEN: mden                                                                  
|  MDCRD: 73e1ifb.nc                                                            
| MDINFO: mdinfo                                                                
|  MDFRC: mdfrc                                                                 


 Here is the input file:

Equilibration with solute restrictions                                         
&cntrl                                                                         
imin = 0,                           ! No Minimization                          
nmropt = 0,                         ! No NMR restraints read                   
                                                                               
! Nature and format of the input                                               
ntx = 5,                            ! Coordinates but no velocities will be rea
irest = 1,                          ! Do not run a new simulation              
                                                                               
! Nature and format of the output                                              
ntxo = 1,                           ! rstrt file in ASCII format               
ntpr = 500,                         ! inf in output every ntpr steps           
ntwr = 500,                         ! rstrt file every ntwr steps              
ntwx = 500,                         ! mdcrd file every ntwx steps              
ntwv = 0,                           ! mdvel without velocities                 
ntwe = 0,                           ! Do not write energies and temperatures   
idecomp = 0,                        ! No energy decomposition                  
iwrap = 1,                          ! Coordinates of the restart and mdcrd file
                                                                               
! Frozen or restrained atoms                                                   
ibelly = 0,                         ! No frozen atoms                          
ntr=1,                              ! Harmonic potential restraints            
restraint_wt = 0.0000,                ! The weight for the positional restraint
restraintmask = ':1-131@N,CA,C,O',  ! restrained residues                      
                                                                               
! Molecular dynamics                                                           
nstlim = 50000,                     ! Number of MD-steps                       
dt = 0.002,                         ! Time step                                
                                                                               
! Temperature regulation                                                       
ntt = 3,                            ! Langevin thermostat                      
gamma_ln = 5,                       ! Gamma constant for Langevin              
temp0 = 300.0,                      ! Reference T at which the system is to be 
tempi = 300.0,                      ! Initial T                                
ig = -1,                            ! Seed for the RNG                         
                                                                               
! P and V regulation                                                           
ntp = 1,                            ! constant P                               
barostat = 1,                       ! Berendsen barostat                       
taup = 1,                           ! Pressure relaxation time                 
ntb = 2,                            ! Periodic box for constant P              
                                                                               
! SHAKE variables                                                              
ntc = 2,                            ! Bonds involving H are constrained        
ntf = 2,                            ! Bond interaction involving H are ommited.
                                                                               
cut = 10.0,                         ! Nonbonded cutoff                         
/                                                                              
&end                                                                           


Note: ig = -1. Setting random seed to   595315 based on wallclock time in 
      microseconds.
| irandom = 1, using AMBER's internal random number generator (default).
 
|--------------------- INFORMATION ----------------------
| GPU (CUDA) Version of PMEMD in use: NVIDIA GPU IN USE.
|                    Version 18.0.0
| 
|                      03/25/2018
| 
| Implementation by:
|                    Ross C. Walker     (SDSC)
|                    Scott Le Grand     (nVIDIA)
| 
| Version 18 performance extensions by:
|                    David Cerutti     (Rutgers)
| 
| Precision model in use:
|      [SPFP] - Single Precision Forces, 64-bit Fixed Point
|               Accumulation. (Default)
| 
|--------------------------------------------------------
 
|----------------- CITATION INFORMATION -----------------
|
|    When publishing work that utilized the CUDA version
|    of AMBER, please cite the following in addition to
|    the regular AMBER citations:
|
|  - Romelia Salomon-Ferrer; Andreas W. Goetz; Duncan
|    Poole; Scott Le Grand; Ross C. Walker "Routine
|    microsecond molecular dynamics simulations with
|    AMBER - Part II: Particle Mesh Ewald", J. Chem.
|    Theory Comput., 2013, 9 (9), pp3878-3888,
|    DOI: 10.1021/ct400314y.
|
|  - Andreas W. Goetz; Mark J. Williamson; Dong Xu;
|    Duncan Poole; Scott Le Grand; Ross C. Walker
|    "Routine microsecond molecular dynamics simulations
|    with AMBER - Part I: Generalized Born", J. Chem.
|    Theory Comput., 2012, 8 (5), pp1542-1555.
|
|  - Scott Le Grand; Andreas W. Goetz; Ross C. Walker
|    "SPFP: Speed without compromise - a mixed precision
|    model for GPU accelerated molecular dynamics
|    simulations.", Comp. Phys. Comm., 2013, 184
|    pp374-380, DOI: 10.1016/j.cpc.2012.09.022
|
|--------------------------------------------------------
 
|------------------- GPU DEVICE INFO --------------------
|
|            CUDA_VISIBLE_DEVICES: 0
|   CUDA Capable Devices Detected:      1
|           CUDA Device ID in use:      0
|                CUDA Device Name: GeForce GTX 1060 6GB
|     CUDA Device Global Mem Size:   6078 MB
| CUDA Device Num Multiprocessors:     10
|           CUDA Device Core Freq:   1.76 GHz
|
|--------------------------------------------------------
 
 
| Conditional Compilation Defines Used:
| PUBFFT
| BINTRAJ
| CUDA
| EMIL

| Largest sphere to fit in unit cell has radius =    23.760

| New format PARM file being parsed.
| Version =    1.000 Date = 09/29/19 Time = 21:52:31

| Note: 1-4 EEL scale factors are being read from the topology file.

| Note: 1-4 VDW scale factors are being read from the topology file.
| Duplicated    0 dihedrals

| Duplicated    0 dihedrals

--------------------------------------------------------------------------------
   1.  RESOURCE   USE: 
--------------------------------------------------------------------------------

 getting new box info from bottom of inpcrd
 NATOM  =   19901 NTYPES =      17 NBONH =   14397 MBONA  =    5520
 NTHETH =    2406 MTHETA =    1438 NPHIH =    4850 MPHIA  =    4505
 NHPARM =       0 NPARM  =       0 NNB   =   42760 NRES   =    4578
 NBONA  =    5520 NTHETA =    1438 NPHIA =    4505 NUMBND =      69
 NUMANG =     155 NPTRA  =     178 NATYP =      35 NPHB   =       1
 IFBOX  =       2 NMXRS  =      24 IFCAP =       0 NEXTRA =    4447
 NCOPY  =       0

| Coordinate Index Table dimensions:     9    9    9
| Direct force subcell size =     6.4667    6.4667    6.4667

     BOX TYPE: TRUNCATED OCTAHEDRON

--------------------------------------------------------------------------------
   2.  CONTROL  DATA  FOR  THE  RUN
--------------------------------------------------------------------------------

default_name                                                                    

General flags:
     imin    =       0, nmropt  =       0

Nature and format of input:
     ntx     =       5, irest   =       1, ntrx    =       1

Nature and format of output:
     ntxo    =       1, ntpr    =     500, ntrx    =       1, ntwr    =     500
     iwrap   =       1, ntwx    =     500, ntwv    =       0, ntwe    =       0
     ioutfm  =       1, ntwprt  =       0, idecomp =       0, rbornstat=      0

Potential function:
     ntf     =       2, ntb     =       2, igb     =       0, nsnb    =      25
     ipol    =       0, gbsa    =       0, iesp    =       0
     dielc   =   1.00000, cut     =  10.00000, intdiel =   1.00000

Frozen or restrained atoms:
     ibelly  =       0, ntr     =       1
     restraint_wt =   0.00000

Molecular dynamics:
     nstlim  =     50000, nscm    =         0, nrespa  =         1
     t       =   0.00000, dt      =   0.00200, vlimit  =  -1.00000

Langevin dynamics temperature regulation:
     ig      =  595315
     temp0   = 300.00000, tempi   = 300.00000, gamma_ln=   5.00000

Pressure regulation:
     ntp     =       1
     pres0   =   1.00000, comp    =  44.60000, taup    =   1.00000

SHAKE:
     ntc     =       2, jfastw  =       0
     tol     =   0.00001

| Intermolecular bonds treatment:
|     no_intermolecular_bonds =       1

| Energy averages sample interval:
|     ene_avg_sampling =     500

Extra-points options:
     frameon =       1, chngmask=       1

Ewald parameters:
     verbose =       0, ew_type =       0, nbflag  =       1, use_pme =       1
     vdwmeth =       1, eedmeth =       1, netfrc  =       1
     Box X =   58.201   Box Y =   58.201   Box Z =   58.201
     Alpha =  109.471   Beta  =  109.471   Gamma =  109.471
     NFFT1 =   64       NFFT2 =   64       NFFT3 =   64
     Cutoff=   10.000   Tol   =0.100E-04
     Ewald Coefficient =  0.27511
     Interpolation order =    4

    LOADING THE CONSTRAINED ATOMS AS GROUPS


   5.  REFERENCE ATOM COORDINATES

  default_name                                                                    
     Mask :1-131@N,CA,C,O; matches   524 atoms
|      EXTRA_PTS, trim_bonds: num bonds BEFORE trim = 14397     0
|      EXTRA_PTS, trim_bonds: num bonds AFTER  trim = 14397     0
|      EXTRA_PTS, trim_bonds: num bonds BEFORE trim =  5520     0
|      EXTRA_PTS, trim_bonds: num bonds AFTER  trim =  1073     0
|      EXTRA_PTS, trim_theta: num angle BEFORE trim =  2406     0
|      EXTRA_PTS, trim_theta: num angle AFTER  trim =  2406     0
|      EXTRA_PTS, trim_theta: num angle BEFORE trim =  1438     0
|      EXTRA_PTS, trim_theta: num angle AFTER  trim =  1438     0
|      EXTRA_PTS, trim_phi:  num diheds BEFORE trim =  4850     0
|      EXTRA_PTS, trim_phi:  num diheds AFTER  trim =  4850     0
|      EXTRA_PTS, trim_phi:  num diheds BEFORE trim =  4505     0
|      EXTRA_PTS, trim_phi:  num diheds AFTER  trim =  4505     0

--------------------------------------------------------------------------------
   3.  ATOMIC COORDINATES AND VELOCITIES
--------------------------------------------------------------------------------

default_name                                                                    
 begin time read from input coords =  7600.000 ps

 
 Number of triangulated 3-point waters found:     4447

     Sum of charges from parm topology file =   0.00002436
     Forcing neutrality...

| Dynamic Memory, Types Used:
| Reals              996413
| Integers          1467781

| Nonbonded Pairs Initial Allocation:     6019554

| GPU memory information (estimate):
| KB of GPU memory in use:         0
| KB of CPU memory in use:         0

--------------------------------------------------------------------------------
   4.  RESULTS
--------------------------------------------------------------------------------

wrapping first mol.:       19.39366       27.42677       47.50456
wrapping first mol.:       19.39366       27.42677       47.50456

 NSTEP =      500   TIME(PS) =    7601.000  TEMP(K) =   298.83  PRESS =   180.8
 Etot   =    -50201.7288  EKtot   =      9490.8652  EPtot      =    -59692.5940
 BOND   =       393.4103  ANGLE   =      1031.3578  DIHED      =       693.3401
 1-4 NB =       454.3337  1-4 EEL =      5739.6591  VDWAALS    =      6634.4604
 EELEC  =    -74639.1555  EHBOND  =         0.0000  RESTRAINT  =         0.0000
 EKCMT  =      3986.9570  VIRIAL  =      3395.1979  VOLUME     =    151605.1596
                                                    Density    =         1.0418
 ------------------------------------------------------------------------------

wrapping first mol.:       19.40310       27.44012       47.52768
wrapping first mol.:       19.40310       27.44012       47.52768

 NSTEP =     1000   TIME(PS) =    7602.000  TEMP(K) =   294.89  PRESS =   220.4
 Etot   =    -50283.2894  EKtot   =      9365.8574  EPtot      =    -59649.1468
 BOND   =       392.9164  ANGLE   =      1066.9569  DIHED      =       729.1785
 1-4 NB =       458.4959  1-4 EEL =      5737.2712  VDWAALS    =      6733.7818
 EELEC  =    -74767.7475  EHBOND  =         0.0000  RESTRAINT  =         0.0000
 EKCMT  =      3958.0737  VIRIAL  =      3235.4754  VOLUME     =    151826.0327
                                                    Density    =         1.0402
 ------------------------------------------------------------------------------

wrapping first mol.:       19.39865       27.43383       47.51679
wrapping first mol.:       19.39865       27.43383       47.51679

 NSTEP =     1500   TIME(PS) =    7603.000  TEMP(K) =   299.44  PRESS =   -51.3
 Etot   =    -50364.2217  EKtot   =      9510.1436  EPtot      =    -59874.3653
 BOND   =       405.1061  ANGLE   =      1008.4320  DIHED      =       707.5468
 1-4 NB =       430.4290  1-4 EEL =      5730.7997  VDWAALS    =      6606.7838
 EELEC  =    -74763.4626  EHBOND  =         0.0000  RESTRAINT  =         0.0000
 EKCMT  =      4018.3847  VIRIAL  =      4186.5212  VOLUME     =    151725.3718
                                                    Density    =         1.0409
 ------------------------------------------------------------------------------

wrapping first mol.:       19.39950       27.43503       47.51886
wrapping first mol.:       19.39950       27.43503       47.51886

 NSTEP =     2000   TIME(PS) =    7604.000  TEMP(K) =   297.67  PRESS =  -184.8
 Etot   =    -50403.7870  EKtot   =      9454.1006  EPtot      =    -59857.8876
 BOND   =       413.6235  ANGLE   =      1015.3649  DIHED      =       693.8501
 1-4 NB =       455.6115  1-4 EEL =      5714.4082  VDWAALS    =      6674.3912
 EELEC  =    -74825.1369  EHBOND  =         0.0000  RESTRAINT  =         0.0000
 EKCMT  =      3958.0719  VIRIAL  =      4563.4027  VOLUME     =    151747.0586
                                                    Density    =         1.0408
 ------------------------------------------------------------------------------

wrapping first mol.:       19.40268       27.43954       47.52667
wrapping first mol.:       19.40268       27.43954       47.52667

 NSTEP =     2500   TIME(PS) =    7605.000  TEMP(K) =   301.58  PRESS =  -279.3
 Etot   =    -50021.1948  EKtot   =      9578.1465  EPtot      =    -59599.3413
 BOND   =       428.9248  ANGLE   =      1028.2037  DIHED      =       709.4644
 1-4 NB =       451.3919  1-4 EEL =      5699.5860  VDWAALS    =      6559.3100
 EELEC  =    -74476.2221  EHBOND  =         0.0000  RESTRAINT  =         0.0000
 EKCMT  =      3938.1621  VIRIAL  =      4853.6697  VOLUME     =    151823.1148
                                                    Density    =         1.0403
 ------------------------------------------------------------------------------

wrapping first mol.:       19.41805       27.46127       47.56432
wrapping first mol.:       19.41805       27.46127       47.56432

 NSTEP =     3000   TIME(PS) =    7606.000  TEMP(K) =   300.42  PRESS =   310.8
 Etot   =    -50212.2731  EKtot   =      9541.3740  EPtot      =    -59753.6471
 BOND   =       402.3856  ANGLE   =       995.7388  DIHED      =       691.3019
 1-4 NB =       450.1648  1-4 EEL =      5740.1684  VDWAALS    =      6690.1466
 EELEC  =    -74723.5532  EHBOND  =         0.0000  RESTRAINT  =         0.0000
 EKCMT  =      4028.3053  VIRIAL  =      3007.0430  VOLUME     =    152176.1892
                                                    Density    =         1.0379
 ------------------------------------------------------------------------------

wrapping first mol.:       19.40328       27.44038       47.52813
wrapping first mol.:       19.40328       27.44038       47.52813

 NSTEP =     3500   TIME(PS) =    7607.000  TEMP(K) =   297.61  PRESS =   159.3
 Etot   =    -50358.8980  EKtot   =      9452.1699  EPtot      =    -59811.0679
 BOND   =       418.1616  ANGLE   =       992.7433  DIHED      =       703.7636
 1-4 NB =       459.0091  1-4 EEL =      5784.9780  VDWAALS    =      6675.6222
 EELEC  =    -74845.3457  EHBOND  =         0.0000  RESTRAINT  =         0.0000
 EKCMT  =      3916.8035  VIRIAL  =      3394.5224  VOLUME     =    151831.2105
                                                    Density    =         1.0402
 ------------------------------------------------------------------------------

wrapping first mol.:       19.41461       27.45640       47.55588
wrapping first mol.:       19.41461       27.45640       47.55588

 NSTEP =     4000   TIME(PS) =    7608.000  TEMP(K) =   300.46  PRESS =     7.6
 Etot   =    -50307.7009  EKtot   =      9542.6484  EPtot      =    -59850.3493
 BOND   =       405.4746  ANGLE   =      1028.9576  DIHED      =       723.3942
 1-4 NB =       445.9676  1-4 EEL =      5720.8619  VDWAALS    =      6550.0477
 EELEC  =    -74725.0530  EHBOND  =         0.0000  RESTRAINT  =         0.0000
 EKCMT  =      3996.7009  VIRIAL  =      3971.8899  VOLUME     =    152099.3119
                                                    Density    =         1.0384
 ------------------------------------------------------------------------------

wrapping first mol.:       19.40301       27.44000       47.52747
wrapping first mol.:       19.40301       27.44000       47.52747

 NSTEP =     4500   TIME(PS) =    7609.000  TEMP(K) =   300.73  PRESS =   227.0
 Etot   =    -50274.1084  EKtot   =      9551.3379  EPtot      =    -59825.4463
 BOND   =       419.0543  ANGLE   =      1006.6465  DIHED      =       705.6450
 1-4 NB =       443.6547  1-4 EEL =      5722.6306  VDWAALS    =      6571.8588
 EELEC  =    -74694.9362  EHBOND  =         0.0000  RESTRAINT  =         0.0000
 EKCMT  =      4015.0721  VIRIAL  =      3271.0520  VOLUME     =    151823.9647
                                                    Density    =         1.0403
 ------------------------------------------------------------------------------

wrapping first mol.:       19.39765       27.43242       47.51434
wrapping first mol.:       19.39765       27.43242       47.51434

 NSTEP =     5000   TIME(PS) =    7610.000  TEMP(K) =   300.92  PRESS =   209.3
 Etot   =    -50257.7001  EKtot   =      9557.2793  EPtot      =    -59814.9794
 BOND   =       412.3066  ANGLE   =      1046.3251  DIHED      =       695.3614
 1-4 NB =       443.6257  1-4 EEL =      5699.3942  VDWAALS    =      6651.8946
 EELEC  =    -74763.8870  EHBOND  =         0.0000  RESTRAINT  =         0.0000
 EKCMT  =      4041.6356  VIRIAL  =      3356.0213  VOLUME     =    151698.4047
                                                    Density    =         1.0411
 ------------------------------------------------------------------------------

wrapping first mol.:       19.38821       27.41907       47.49122
wrapping first mol.:       19.38821       27.41907       47.49122

 NSTEP =     5500   TIME(PS) =    7611.000  TEMP(K) =   298.24  PRESS =   229.8
 Etot   =    -50481.9609  EKtot   =      9472.0957  EPtot      =    -59954.0566
 BOND   =       392.8181  ANGLE   =       963.9987  DIHED      =       702.8856
 1-4 NB =       447.7251  1-4 EEL =      5735.3403  VDWAALS    =      6605.0883
 EELEC  =    -74801.9127  EHBOND  =         0.0000  RESTRAINT  =         0.0000
 EKCMT  =      4052.1449  VIRIAL  =      3300.4656  VOLUME     =    151476.7981
                                                    Density    =         1.0426
 ------------------------------------------------------------------------------

wrapping first mol.:       19.41263       27.45360       47.55103
wrapping first mol.:       19.41263       27.45360       47.55103

 NSTEP =     6000   TIME(PS) =    7612.000  TEMP(K) =   301.04  PRESS =   -55.8
 Etot   =    -50084.9048  EKtot   =      9561.0479  EPtot      =    -59645.9527
 BOND   =       417.8432  ANGLE   =      1003.7807  DIHED      =       721.5084
 1-4 NB =       445.0557  1-4 EEL =      5709.3718  VDWAALS    =      6501.4829
 EELEC  =    -74444.9953  EHBOND  =         0.0000  RESTRAINT  =         0.0000
 EKCMT  =      4002.9096  VIRIAL  =      4186.1318  VOLUME     =    152053.6713
                                                    Density    =         1.0387
 ------------------------------------------------------------------------------

wrapping first mol.:       19.40231       27.43901       47.52576
wrapping first mol.:       19.40231       27.43901       47.52576

 NSTEP =     6500   TIME(PS) =    7613.000  TEMP(K) =   297.68  PRESS =  -348.5
 Etot   =    -50184.8794  EKtot   =      9454.3389  EPtot      =    -59639.2183
 BOND   =       420.4915  ANGLE   =      1049.9761  DIHED      =       704.2070
 1-4 NB =       460.8858  1-4 EEL =      5752.4590  VDWAALS    =      6489.2983
 EELEC  =    -74516.5359  EHBOND  =         0.0000  RESTRAINT  =         0.0000
 EKCMT  =      4003.7431  VIRIAL  =      5146.1809  VOLUME     =    151815.3775
                                                    Density    =         1.0403
 ------------------------------------------------------------------------------

wrapping first mol.:       19.41140       27.45186       47.54801
wrapping first mol.:       19.41140       27.45186       47.54801

 NSTEP =     7000   TIME(PS) =    7614.000  TEMP(K) =   299.91  PRESS =   126.9
 Etot   =    -50351.8887  EKtot   =      9525.1465  EPtot      =    -59877.0352
 BOND   =       402.9240  ANGLE   =      1019.4921  DIHED      =       714.8778
 1-4 NB =       444.6982  1-4 EEL =      5768.4482  VDWAALS    =      6805.8578
 EELEC  =    -75033.3332  EHBOND  =         0.0000  RESTRAINT  =         0.0000
 EKCMT  =      4027.1233  VIRIAL  =      3610.4396  VOLUME     =    152022.2425
                                                    Density    =         1.0389
 ------------------------------------------------------------------------------

wrapping first mol.:       19.41605       27.45844       47.55940
wrapping first mol.:       19.41605       27.45844       47.55940

 NSTEP =     7500   TIME(PS) =    7615.000  TEMP(K) =   298.86  PRESS =    98.3
 Etot   =    -50286.5220  EKtot   =      9491.8340  EPtot      =    -59778.3560
 BOND   =       409.4238  ANGLE   =      1015.3741  DIHED      =       703.1098
 1-4 NB =       450.0923  1-4 EEL =      5750.4458  VDWAALS    =      6530.3524
 EELEC  =    -74637.1542  EHBOND  =         0.0000  RESTRAINT  =         0.0000
 EKCMT  =      3968.0068  VIRIAL  =      3645.1496  VOLUME     =    152131.9459
                                                    Density    =         1.0382
 ------------------------------------------------------------------------------

wrapping first mol.:       19.40945       27.44911       47.54325
wrapping first mol.:       19.40945       27.44911       47.54325

 NSTEP =     8000   TIME(PS) =    7616.000  TEMP(K) =   296.29  PRESS =    -5.7
 Etot   =    -50276.4614  EKtot   =      9410.3242  EPtot      =    -59686.7856
 BOND   =       391.0628  ANGLE   =       986.9391  DIHED      =       691.3260
 1-4 NB =       446.6596  1-4 EEL =      5790.7123  VDWAALS    =      6603.9679
 EELEC  =    -74597.4533  EHBOND  =         0.0000  RESTRAINT  =         0.0000
 EKCMT  =      3939.0373  VIRIAL  =      3957.6536  VOLUME     =    151978.3661
                                                    Density    =         1.0392
 ------------------------------------------------------------------------------

wrapping first mol.:       19.40865       27.44797       47.54127
wrapping first mol.:       19.40865       27.44797       47.54127

 NSTEP =     8500   TIME(PS) =    7617.000  TEMP(K) =   305.06  PRESS =   204.8
 Etot   =    -50131.9218  EKtot   =      9688.8232  EPtot      =    -59820.7451
 BOND   =       402.0465  ANGLE   =       957.3986  DIHED      =       693.8635
 1-4 NB =       454.4028  1-4 EEL =      5808.2059  VDWAALS    =      6627.0865
 EELEC  =    -74763.7488  EHBOND  =         0.0000  RESTRAINT  =         0.0000
 EKCMT  =      4042.8791  VIRIAL  =      3371.0830  VOLUME     =    151956.5812
                                                    Density    =         1.0394
 ------------------------------------------------------------------------------

wrapping first mol.:       19.41590       27.45822       47.55903
wrapping first mol.:       19.41590       27.45822       47.55903

 NSTEP =     9000   TIME(PS) =    7618.000  TEMP(K) =   297.84  PRESS =  -211.9
 Etot   =    -50209.7897  EKtot   =      9459.5928  EPtot      =    -59669.3825
 BOND   =       381.8601  ANGLE   =      1053.2760  DIHED      =       716.5889
 1-4 NB =       461.5965  1-4 EEL =      5706.2103  VDWAALS    =      6491.9292
 EELEC  =    -74480.8434  EHBOND  =         0.0000  RESTRAINT  =         0.0000
 EKCMT  =      3984.1670  VIRIAL  =      4680.0892  VOLUME     =    152132.5654
                                                    Density    =         1.0382
 ------------------------------------------------------------------------------

wrapping first mol.:       19.41626       27.45874       47.55992
wrapping first mol.:       19.41626       27.45874       47.55992

 NSTEP =     9500   TIME(PS) =    7619.000  TEMP(K) =   298.45  PRESS =  -101.1
 Etot   =    -50249.5178  EKtot   =      9478.7920  EPtot      =    -59728.3098
 BOND   =       400.1921  ANGLE   =      1034.8250  DIHED      =       704.4545
 1-4 NB =       462.9966  1-4 EEL =      5799.0437  VDWAALS    =      6514.1896
 EELEC  =    -74644.0112  EHBOND  =         0.0000  RESTRAINT  =         0.0000
 EKCMT  =      3990.8250  VIRIAL  =      4322.7657  VOLUME     =    152139.6326
                                                    Density    =         1.0381
 ------------------------------------------------------------------------------

wrapping first mol.:       19.40822       27.44737       47.54024
wrapping first mol.:       19.40822       27.44737       47.54024

 NSTEP =    10000   TIME(PS) =    7620.000  TEMP(K) =   301.26  PRESS =   121.6
 Etot   =    -50204.4855  EKtot   =      9568.1250  EPtot      =    -59772.6105
 BOND   =       422.8264  ANGLE   =      1005.3218  DIHED      =       712.8674
 1-4 NB =       447.4407  1-4 EEL =      5689.6908  VDWAALS    =      6437.2344
 EELEC  =    -74487.9920  EHBOND  =         0.0000  RESTRAINT  =         0.0000
 EKCMT  =      4016.9002  VIRIAL  =      3618.0058  VOLUME     =    151947.7472
                                                    Density    =         1.0394
 ------------------------------------------------------------------------------

wrapping first mol.:       19.40216       27.43880       47.52540
wrapping first mol.:       19.40216       27.43880       47.52540

 NSTEP =    10500   TIME(PS) =    7621.000  TEMP(K) =   302.12  PRESS =   -66.4
 Etot   =    -50375.7333  EKtot   =      9595.4297  EPtot      =    -59971.1630
 BOND   =       383.3624  ANGLE   =      1040.5792  DIHED      =       705.1990
 1-4 NB =       451.4153  1-4 EEL =      5737.9024  VDWAALS    =      6668.3268
 EELEC  =    -74957.9482  EHBOND  =         0.0000  RESTRAINT  =         0.0000
 EKCMT  =      3991.6409  VIRIAL  =      4209.4200  VOLUME     =    151808.0675
                                                    Density    =         1.0404
 ------------------------------------------------------------------------------

wrapping first mol.:       19.41699       27.45978       47.56172
wrapping first mol.:       19.41699       27.45978       47.56172

 NSTEP =    11000   TIME(PS) =    7622.000  TEMP(K) =   298.01  PRESS =   -73.6
 Etot   =    -50603.6227  EKtot   =      9464.8271  EPtot      =    -60068.4499
 BOND   =       361.2057  ANGLE   =      1038.1062  DIHED      =       647.4814
 1-4 NB =       450.8960  1-4 EEL =      5747.5231  VDWAALS    =      6766.2776
 EELEC  =    -75079.9399  EHBOND  =         0.0000  RESTRAINT  =         0.0000
 EKCMT  =      3941.6054  VIRIAL  =      4183.3682  VOLUME     =    152156.5286
                                                    Density    =         1.0380
 ------------------------------------------------------------------------------

wrapping first mol.:       19.41521       27.45725       47.55736
wrapping first mol.:       19.41521       27.45725       47.55736

 NSTEP =    11500   TIME(PS) =    7623.000  TEMP(K) =   298.96  PRESS =   203.5
 Etot   =    -50315.6796  EKtot   =      9494.9902  EPtot      =    -59810.6698
 BOND   =       400.3237  ANGLE   =      1047.6811  DIHED      =       712.5120
 1-4 NB =       444.6456  1-4 EEL =      5705.0562  VDWAALS    =      6811.5669
 EELEC  =    -74932.4553  EHBOND  =         0.0000  RESTRAINT  =         0.0000
 EKCMT  =      4005.9879  VIRIAL  =      3337.6413  VOLUME     =    152110.8533
                                                    Density    =         1.0383
 ------------------------------------------------------------------------------

wrapping first mol.:       19.41486       27.45675       47.55649
wrapping first mol.:       19.41486       27.45675       47.55649

 NSTEP =    12000   TIME(PS) =    7624.000  TEMP(K) =   299.96  PRESS =   -45.4
 Etot   =    -50311.7125  EKtot   =      9526.8916  EPtot      =    -59838.6041
 BOND   =       366.3563  ANGLE   =      1021.8385  DIHED      =       682.5432
 1-4 NB =       464.7115  1-4 EEL =      5749.3153  VDWAALS    =      6743.4505
 EELEC  =    -74866.8194  EHBOND  =         0.0000  RESTRAINT  =         0.0000
 EKCMT  =      3961.0034  VIRIAL  =      4110.1325  VOLUME     =    152105.8938
                                                    Density    =         1.0383
 ------------------------------------------------------------------------------

wrapping first mol.:       19.40164       27.43806       47.52411
wrapping first mol.:       19.40164       27.43806       47.52411

 NSTEP =    12500   TIME(PS) =    7625.000  TEMP(K) =   296.84  PRESS =   197.8
 Etot   =    -50428.4368  EKtot   =      9427.7422  EPtot      =    -59856.1790
 BOND   =       385.4709  ANGLE   =      1051.0597  DIHED      =       709.5930
 1-4 NB =       464.0543  1-4 EEL =      5736.3497  VDWAALS    =      6714.2869
 EELEC  =    -74916.9935  EHBOND  =         0.0000  RESTRAINT  =         0.0000
 EKCMT  =      3983.8249  VIRIAL  =      3335.6297  VOLUME     =    151792.1582
                                                    Density    =         1.0405
 ------------------------------------------------------------------------------

wrapping first mol.:       19.40313       27.44017       47.52776
wrapping first mol.:       19.40313       27.44017       47.52776

 NSTEP =    13000   TIME(PS) =    7626.000  TEMP(K) =   303.49  PRESS =   265.0
 Etot   =    -50110.7973  EKtot   =      9638.7822  EPtot      =    -59749.5795
 BOND   =       387.4764  ANGLE   =      1044.8109  DIHED      =       716.0748
 1-4 NB =       456.7900  1-4 EEL =      5759.3329  VDWAALS    =      6723.1486
 EELEC  =    -74837.2131  EHBOND  =         0.0000  RESTRAINT  =         0.0000
 EKCMT  =      3982.5495  VIRIAL  =      3113.9683  VOLUME     =    151826.1812
                                                    Density    =         1.0402
 ------------------------------------------------------------------------------

wrapping first mol.:       19.41018       27.45014       47.54504
wrapping first mol.:       19.41018       27.45014       47.54504

 NSTEP =    13500   TIME(PS) =    7627.000  TEMP(K) =   301.85  PRESS =   353.3
 Etot   =    -50126.2661  EKtot   =      9586.7031  EPtot      =    -59712.9692
 BOND   =       415.0882  ANGLE   =      1008.3099  DIHED      =       703.5224
 1-4 NB =       456.2399  1-4 EEL =      5735.2617  VDWAALS    =      6649.3295
 EELEC  =    -74680.7210  EHBOND  =         0.0000  RESTRAINT  =         0.0000
 EKCMT  =      3947.3331  VIRIAL  =      2787.7967  VOLUME     =    151990.6879
                                                    Density    =         1.0391
 ------------------------------------------------------------------------------

wrapping first mol.:       19.42255       27.46764       47.57534
wrapping first mol.:       19.42255       27.46764       47.57534

 NSTEP =    14000   TIME(PS) =    7628.000  TEMP(K) =   298.99  PRESS =   120.6
 Etot   =    -50110.8978  EKtot   =      9495.8525  EPtot      =    -59606.7503
 BOND   =       404.9908  ANGLE   =       968.8395  DIHED      =       734.4269
 1-4 NB =       459.7416  1-4 EEL =      5767.0192  VDWAALS    =      6722.5182
 EELEC  =    -74664.2865  EHBOND  =         0.0000  RESTRAINT  =         0.0000
 EKCMT  =      4009.0686  VIRIAL  =      3612.6550  VOLUME     =    152284.6281
                                                    Density    =         1.0371
 ------------------------------------------------------------------------------

wrapping first mol.:       19.42244       27.46748       47.57506
wrapping first mol.:       19.42244       27.46748       47.57506

 NSTEP =    14500   TIME(PS) =    7629.000  TEMP(K) =   303.32  PRESS =  -164.7
 Etot   =    -49975.5167  EKtot   =      9633.4385  EPtot      =    -59608.9552
 BOND   =       411.9281  ANGLE   =      1012.5002  DIHED      =       708.2592
 1-4 NB =       450.5687  1-4 EEL =      5766.2830  VDWAALS    =      6663.9014
 EELEC  =    -74622.3958  EHBOND  =         0.0000  RESTRAINT  =         0.0000
 EKCMT  =      3995.7253  VIRIAL  =      4537.3872  VOLUME     =    152285.8142
                                                    Density    =         1.0371
 ------------------------------------------------------------------------------

wrapping first mol.:       19.42069       27.46500       47.57078
wrapping first mol.:       19.42069       27.46500       47.57078

 NSTEP =    15000   TIME(PS) =    7630.000  TEMP(K) =   300.02  PRESS =  -446.8
 Etot   =    -50153.3308  EKtot   =      9528.6250  EPtot      =    -59681.9558
 BOND   =       373.2748  ANGLE   =      1071.7870  DIHED      =       708.7860
 1-4 NB =       470.3406  1-4 EEL =      5750.1254  VDWAALS    =      6365.4684
 EELEC  =    -74421.7380  EHBOND  =         0.0000  RESTRAINT  =         0.0000
 EKCMT  =      3962.3401  VIRIAL  =      5431.0005  VOLUME     =    152248.5267
                                                    Density    =         1.0374
 ------------------------------------------------------------------------------

wrapping first mol.:       19.38464       27.41402       47.48247
wrapping first mol.:       19.38464       27.41402       47.48247

 NSTEP =    15500   TIME(PS) =    7631.000  TEMP(K) =   299.21  PRESS =   139.1
 Etot   =    -50369.1335  EKtot   =      9502.8574  EPtot      =    -59871.9909
 BOND   =       395.5806  ANGLE   =       999.7091  DIHED      =       680.7096
 1-4 NB =       457.9797  1-4 EEL =      5735.7245  VDWAALS    =      6672.0300
 EELEC  =    -74813.7245  EHBOND  =         0.0000  RESTRAINT  =         0.0000
 EKCMT  =      3945.4263  VIRIAL  =      3490.5956  VOLUME     =    151394.2731
                                                    Density    =         1.0432
 ------------------------------------------------------------------------------

wrapping first mol.:       19.39733       27.43197       47.51356
wrapping first mol.:       19.39733       27.43197       47.51356

 NSTEP =    16000   TIME(PS) =    7632.000  TEMP(K) =   297.99  PRESS =    70.8
 Etot   =    -50190.9215  EKtot   =      9464.4053  EPtot      =    -59655.3268
 BOND   =       401.2890  ANGLE   =      1027.2746  DIHED      =       699.0625
 1-4 NB =       462.2725  1-4 EEL =      5776.6745  VDWAALS    =      6634.7938
 EELEC  =    -74656.6937  EHBOND  =         0.0000  RESTRAINT  =         0.0000
 EKCMT  =      3966.9589  VIRIAL  =      3734.9683  VOLUME     =    151692.8112
                                                    Density    =         1.0412
 ------------------------------------------------------------------------------

wrapping first mol.:       19.40199       27.43856       47.52498
wrapping first mol.:       19.40199       27.43856       47.52498

 NSTEP =    16500   TIME(PS) =    7633.000  TEMP(K) =   294.57  PRESS =  -227.9
 Etot   =    -50519.4518  EKtot   =      9355.6953  EPtot      =    -59875.1471
 BOND   =       403.9152  ANGLE   =       995.5818  DIHED      =       717.3215
 1-4 NB =       464.6829  1-4 EEL =      5817.2878  VDWAALS    =      6604.4604
 EELEC  =    -74878.3966  EHBOND  =         0.0000  RESTRAINT  =         0.0000
 EKCMT  =      3922.0540  VIRIAL  =      4668.9298  VOLUME     =    151806.2453
                                                    Density    =         1.0404
 ------------------------------------------------------------------------------

wrapping first mol.:       19.40767       27.44659       47.53889
wrapping first mol.:       19.40767       27.44659       47.53889

 NSTEP =    17000   TIME(PS) =    7634.000  TEMP(K) =   301.44  PRESS =   183.8
 Etot   =    -50230.8715  EKtot   =      9573.8369  EPtot      =    -59804.7084
 BOND   =       393.1428  ANGLE   =      1037.9996  DIHED      =       704.8763
 1-4 NB =       465.9641  1-4 EEL =      5757.6597  VDWAALS    =      6669.6967
 EELEC  =    -74834.0477  EHBOND  =         0.0000  RESTRAINT  =         0.0000
 EKCMT  =      3995.9709  VIRIAL  =      3392.9210  VOLUME     =    151933.9820
                                                    Density    =         1.0395
 ------------------------------------------------------------------------------

wrapping first mol.:       19.40801       27.44708       47.53973
wrapping first mol.:       19.40801       27.44708       47.53973

 NSTEP =    17500   TIME(PS) =    7635.000  TEMP(K) =   300.74  PRESS =  -100.8
 Etot   =    -50152.6200  EKtot   =      9551.7480  EPtot      =    -59704.3680
 BOND   =       444.3612  ANGLE   =      1025.6599  DIHED      =       709.3648
 1-4 NB =       471.4458  1-4 EEL =      5724.5456  VDWAALS    =      6507.4834
 EELEC  =    -74587.2288  EHBOND  =         0.0000  RESTRAINT  =         0.0000
 EKCMT  =      4035.6201  VIRIAL  =      4366.2476  VOLUME     =    151945.8865
                                                    Density    =         1.0394
 ------------------------------------------------------------------------------

wrapping first mol.:       19.39676       27.43116       47.51215
wrapping first mol.:       19.39676       27.43116       47.51215

 NSTEP =    18000   TIME(PS) =    7636.000  TEMP(K) =   298.62  PRESS =  -119.4
 Etot   =    -50219.1897  EKtot   =      9484.4053  EPtot      =    -59703.5950
 BOND   =       396.7112  ANGLE   =      1040.0031  DIHED      =       710.4338
 1-4 NB =       444.8231  1-4 EEL =      5759.7870  VDWAALS    =      6616.9085
 EELEC  =    -74672.2616  EHBOND  =         0.0000  RESTRAINT  =         0.0000
 EKCMT  =      3944.4991  VIRIAL  =      4335.4914  VOLUME     =    151681.8941
                                                    Density    =         1.0412
 ------------------------------------------------------------------------------

wrapping first mol.:       19.41366       27.45506       47.55356
wrapping first mol.:       19.41366       27.45506       47.55356

 NSTEP =    18500   TIME(PS) =    7637.000  TEMP(K) =   301.06  PRESS =  -266.4
 Etot   =    -50290.0866  EKtot   =      9561.7246  EPtot      =    -59851.8112
 BOND   =       395.9048  ANGLE   =      1014.5424  DIHED      =       687.3932
 1-4 NB =       458.9834  1-4 EEL =      5770.3616  VDWAALS    =      6587.4261
 EELEC  =    -74766.4228  EHBOND  =         0.0000  RESTRAINT  =         0.0000
 EKCMT  =      4027.5650  VIRIAL  =      4902.2760  VOLUME     =    152080.7881
                                                    Density    =         1.0385
 ------------------------------------------------------------------------------

wrapping first mol.:       19.41896       27.46256       47.56655
wrapping first mol.:       19.41896       27.46256       47.56655

 NSTEP =    19000   TIME(PS) =    7638.000  TEMP(K) =   298.52  PRESS =  -111.2
 Etot   =    -50074.0537  EKtot   =      9480.9678  EPtot      =    -59555.0215
 BOND   =       366.0753  ANGLE   =       995.6596  DIHED      =       705.9905
 1-4 NB =       462.9750  1-4 EEL =      5741.7589  VDWAALS    =      6513.2947
 EELEC  =    -74340.7754  EHBOND  =         0.0000  RESTRAINT  =         0.0000
 EKCMT  =      3971.0518  VIRIAL  =      4336.6364  VOLUME     =    152203.3410
                                                    Density    =         1.0377
 ------------------------------------------------------------------------------

wrapping first mol.:       19.41615       27.45859       47.55967
wrapping first mol.:       19.41615       27.45859       47.55967

 NSTEP =    19500   TIME(PS) =    7639.000  TEMP(K) =   295.07  PRESS =   -11.3
 Etot   =    -50249.1444  EKtot   =      9371.4111  EPtot      =    -59620.5556
 BOND   =       412.6264  ANGLE   =      1039.5923  DIHED      =       691.2707
 1-4 NB =       469.0743  1-4 EEL =      5770.3865  VDWAALS    =      6604.5452
 EELEC  =    -74608.0509  EHBOND  =         0.0000  RESTRAINT  =         0.0000
 EKCMT  =      3931.0568  VIRIAL  =      3968.3170  VOLUME     =    152135.9436
                                                    Density    =         1.0381
 ------------------------------------------------------------------------------

wrapping first mol.:       19.44767       27.50315       47.63686
wrapping first mol.:       19.44767       27.50315       47.63686

 NSTEP =    20000   TIME(PS) =    7640.000  TEMP(K) =   303.10  PRESS =   202.7
 Etot   =    -49920.7834  EKtot   =      9626.3916  EPtot      =    -59547.1750
 BOND   =       353.0763  ANGLE   =      1053.9848  DIHED      =       689.7668
 1-4 NB =       457.0062  1-4 EEL =      5734.2367  VDWAALS    =      6580.8486
 EELEC  =    -74416.0944  EHBOND  =         0.0000  RESTRAINT  =         0.0000
 EKCMT  =      4054.5946  VIRIAL  =      3385.4856  VOLUME     =    152874.9771
                                                    Density    =         1.0331
 ------------------------------------------------------------------------------

wrapping first mol.:       19.42041       27.46461       47.57010
wrapping first mol.:       19.42041       27.46461       47.57010

 NSTEP =    20500   TIME(PS) =    7641.000  TEMP(K) =   299.60  PRESS =  -145.4
 Etot   =    -49902.6889  EKtot   =      9515.4199  EPtot      =    -59418.1088
 BOND   =       421.5606  ANGLE   =      1060.3845  DIHED      =       723.0692
 1-4 NB =       443.5120  1-4 EEL =      5767.2321  VDWAALS    =      6361.7180
 EELEC  =    -74195.5852  EHBOND  =         0.0000  RESTRAINT  =         0.0000
 EKCMT  =      3935.7806  VIRIAL  =      4413.5988  VOLUME     =    152237.8781
                                                    Density    =         1.0374
 ------------------------------------------------------------------------------

wrapping first mol.:       19.41400       27.45554       47.55438
wrapping first mol.:       19.41400       27.45554       47.55438

 NSTEP =    21000   TIME(PS) =    7642.000  TEMP(K) =   301.18  PRESS =  -153.1
 Etot   =    -50364.9010  EKtot   =      9565.4277  EPtot      =    -59930.3287
 BOND   =       365.6925  ANGLE   =       961.6225  DIHED      =       706.6367
 1-4 NB =       441.7222  1-4 EEL =      5756.8356  VDWAALS    =      6545.5227
 EELEC  =    -74708.3609  EHBOND  =         0.0000  RESTRAINT  =         0.0000
 EKCMT  =      3962.6319  VIRIAL  =      4465.4973  VOLUME     =    152087.1850
                                                    Density    =         1.0385
 ------------------------------------------------------------------------------

wrapping first mol.:       19.43205       27.48107       47.59861
wrapping first mol.:       19.43205       27.48107       47.59861

 NSTEP =    21500   TIME(PS) =    7643.000  TEMP(K) =   305.15  PRESS =  -202.0
 Etot   =    -50253.9564  EKtot   =      9691.5234  EPtot      =    -59945.4799
 BOND   =       379.5707  ANGLE   =       993.0224  DIHED      =       702.1029
 1-4 NB =       451.6572  1-4 EEL =      5746.9672  VDWAALS    =      6511.1588
 EELEC  =    -74729.9591  EHBOND  =         0.0000  RESTRAINT  =         0.0000
 EKCMT  =      4128.3184  VIRIAL  =      4793.4125  VOLUME     =    152512.5205
                                                    Density    =         1.0356
 ------------------------------------------------------------------------------

wrapping first mol.:       19.40217       27.43881       47.52541
wrapping first mol.:       19.40217       27.43881       47.52541

 NSTEP =    22000   TIME(PS) =    7644.000  TEMP(K) =   301.51  PRESS =  -127.7
 Etot   =    -50313.1521  EKtot   =      9576.1865  EPtot      =    -59889.3386
 BOND   =       361.7207  ANGLE   =      1029.1417  DIHED      =       683.3534
 1-4 NB =       485.6907  1-4 EEL =      5755.1149  VDWAALS    =      6486.2649
 EELEC  =    -74690.6249  EHBOND  =         0.0000  RESTRAINT  =         0.0000
 EKCMT  =      3968.8210  VIRIAL  =      4387.3799  VOLUME     =    151809.0597
                                                    Density    =         1.0404
 ------------------------------------------------------------------------------

wrapping first mol.:       19.40604       27.44428       47.53489
wrapping first mol.:       19.40604       27.44428       47.53489

 NSTEP =    22500   TIME(PS) =    7645.000  TEMP(K) =   301.51  PRESS =   142.1
 Etot   =    -50221.4890  EKtot   =      9576.0059  EPtot      =    -59797.4948
 BOND   =       386.2910  ANGLE   =      1024.7062  DIHED      =       712.8752
 1-4 NB =       467.6921  1-4 EEL =      5750.7596  VDWAALS    =      6725.6212
 EELEC  =    -74865.4400  EHBOND  =         0.0000  RESTRAINT  =         0.0000
 EKCMT  =      4029.4420  VIRIAL  =      3563.3493  VOLUME     =    151896.2255
                                                    Density    =         1.0398
 ------------------------------------------------------------------------------

wrapping first mol.:       19.40516       27.44304       47.53274
wrapping first mol.:       19.40516       27.44304       47.53274

 NSTEP =    23000   TIME(PS) =    7646.000  TEMP(K) =   301.50  PRESS =   185.3
 Etot   =    -50100.5064  EKtot   =      9575.6436  EPtot      =    -59676.1499
 BOND   =       409.9330  ANGLE   =      1051.7450  DIHED      =       730.9838
 1-4 NB =       461.4991  1-4 EEL =      5736.0523  VDWAALS    =      6654.9711
 EELEC  =    -74721.3344  EHBOND  =         0.0000  RESTRAINT  =         0.0000
 EKCMT  =      4051.6520  VIRIAL  =      3444.0659  VOLUME     =    151875.0072
                                                    Density    =         1.0399
 ------------------------------------------------------------------------------

wrapping first mol.:       19.40734       27.44613       47.53808
wrapping first mol.:       19.40734       27.44613       47.53808

 NSTEP =    23500   TIME(PS) =    7647.000  TEMP(K) =   300.32  PRESS =   151.7
 Etot   =    -50228.8179  EKtot   =      9538.3203  EPtot      =    -59767.1382
 BOND   =       413.1929  ANGLE   =      1065.7063  DIHED      =       709.5037
 1-4 NB =       440.7061  1-4 EEL =      5762.7113  VDWAALS    =      6635.2636
 EELEC  =    -74794.2222  EHBOND  =         0.0000  RESTRAINT  =         0.0000
 EKCMT  =      4041.6525  VIRIAL  =      3544.0234  VOLUME     =    151926.6824
                                                    Density    =         1.0396
 ------------------------------------------------------------------------------

wrapping first mol.:       19.38758       27.41818       47.48967
wrapping first mol.:       19.38758       27.41818       47.48967

 NSTEP =    24000   TIME(PS) =    7648.000  TEMP(K) =   292.20  PRESS =   -48.8
 Etot   =    -50543.4881  EKtot   =      9280.3242  EPtot      =    -59823.8123
 BOND   =       412.4121  ANGLE   =       998.7149  DIHED      =       719.9971
 1-4 NB =       451.6925  1-4 EEL =      5735.7292  VDWAALS    =      6613.1437
 EELEC  =    -74755.5019  EHBOND  =         0.0000  RESTRAINT  =         0.0000
 EKCMT  =      3863.6502  VIRIAL  =      4023.3729  VOLUME     =    151465.7389
                                                    Density    =         1.0427
 ------------------------------------------------------------------------------

wrapping first mol.:       19.39937       27.43485       47.51856
wrapping first mol.:       19.39937       27.43485       47.51856

 NSTEP =    24500   TIME(PS) =    7649.000  TEMP(K) =   301.61  PRESS =  -118.5
 Etot   =    -50392.5705  EKtot   =      9579.2051  EPtot      =    -59971.7756
 BOND   =       408.7280  ANGLE   =      1059.7070  DIHED      =       705.4790
 1-4 NB =       438.4415  1-4 EEL =      5731.3143  VDWAALS    =      6769.9494
 EELEC  =    -75085.3947  EHBOND  =         0.0000  RESTRAINT  =         0.0000
 EKCMT  =      4031.1299  VIRIAL  =      4419.3521  VOLUME     =    151743.2441
                                                    Density    =         1.0408
 ------------------------------------------------------------------------------

wrapping first mol.:       19.40908       27.44858       47.54233
wrapping first mol.:       19.40908       27.44858       47.54233

 NSTEP =    25000   TIME(PS) =    7650.000  TEMP(K) =   302.19  PRESS =   -24.2
 Etot   =    -50243.2606  EKtot   =      9597.5889  EPtot      =    -59840.8494
 BOND   =       388.9577  ANGLE   =      1001.3618  DIHED      =       700.4590
 1-4 NB =       472.8348  1-4 EEL =      5810.3638  VDWAALS    =      6673.2833
 EELEC  =    -74888.1100  EHBOND  =         0.0000  RESTRAINT  =         0.0000
 EKCMT  =      4014.8325  VIRIAL  =      4094.2818  VOLUME     =    151969.8152
                                                    Density    =         1.0393
 ------------------------------------------------------------------------------

wrapping first mol.:       19.38340       27.41227       47.47944
wrapping first mol.:       19.38340       27.41227       47.47944

 NSTEP =    25500   TIME(PS) =    7651.000  TEMP(K) =   301.35  PRESS =  -440.6
 Etot   =    -50385.9304  EKtot   =      9570.9316  EPtot      =    -59956.8621
 BOND   =       391.7034  ANGLE   =      1033.7231  DIHED      =       702.1687
 1-4 NB =       467.8984  1-4 EEL =      5734.1618  VDWAALS    =      6544.6500
 EELEC  =    -74831.1675  EHBOND  =         0.0000  RESTRAINT  =         0.0000
 EKCMT  =      4035.0049  VIRIAL  =      5474.8704  VOLUME     =    151373.1379
                                                    Density    =         1.0434
 ------------------------------------------------------------------------------

wrapping first mol.:       19.36507       27.38634       47.43453
wrapping first mol.:       19.36507       27.38634       47.43453

 NSTEP =    26000   TIME(PS) =    7652.000  TEMP(K) =   300.08  PRESS =  -393.7
 Etot   =    -50411.3175  EKtot   =      9530.6455  EPtot      =    -59941.9630
 BOND   =       382.4152  ANGLE   =      1114.1722  DIHED      =       688.7875
 1-4 NB =       458.8229  1-4 EEL =      5737.0316  VDWAALS    =      6405.5015
 EELEC  =    -74728.6938  EHBOND  =         0.0000  RESTRAINT  =         0.0000
 EKCMT  =      3963.3766  VIRIAL  =      5246.3081  VOLUME     =    150943.4164
                                                    Density    =         1.0463
 ------------------------------------------------------------------------------

wrapping first mol.:       19.37026       27.39369       47.44725
wrapping first mol.:       19.37026       27.39369       47.44725

 NSTEP =    26500   TIME(PS) =    7653.000  TEMP(K) =   304.16  PRESS =    -3.0
 Etot   =    -50042.6494  EKtot   =      9660.1670  EPtot      =    -59702.8164
 BOND   =       393.0809  ANGLE   =      1039.9064  DIHED      =       697.0725
 1-4 NB =       461.2266  1-4 EEL =      5730.0121  VDWAALS    =      6326.8640
 EELEC  =    -74350.9790  EHBOND  =         0.0000  RESTRAINT  =         0.0000
 EKCMT  =      3994.3624  VIRIAL  =      4004.1887  VOLUME     =    151059.6099
                                                    Density    =         1.0455
 ------------------------------------------------------------------------------

wrapping first mol.:       19.37161       27.39559       47.45055
wrapping first mol.:       19.37161       27.39559       47.45055

 NSTEP =    27000   TIME(PS) =    7654.000  TEMP(K) =   299.99  PRESS =   300.0
 Etot   =    -50327.3562  EKtot   =      9527.7217  EPtot      =    -59855.0779
 BOND   =       399.0868  ANGLE   =      1038.8549  DIHED      =       692.3523
 1-4 NB =       446.9616  1-4 EEL =      5718.7548  VDWAALS    =      6704.0071
 EELEC  =    -74855.0953  EHBOND  =         0.0000  RESTRAINT  =         0.0000
 EKCMT  =      3990.0078  VIRIAL  =      3011.3732  VOLUME     =    151087.0136
                                                    Density    =         1.0453
 ------------------------------------------------------------------------------

wrapping first mol.:       19.39441       27.42783       47.50640
wrapping first mol.:       19.39441       27.42783       47.50640

 NSTEP =    27500   TIME(PS) =    7655.000  TEMP(K) =   298.52  PRESS =    60.4
 Etot   =    -50340.8727  EKtot   =      9480.9941  EPtot      =    -59821.8668
 BOND   =       415.5659  ANGLE   =      1028.5820  DIHED      =       701.8646
 1-4 NB =       448.0971  1-4 EEL =      5710.1825  VDWAALS    =      6669.2143
 EELEC  =    -74795.3732  EHBOND  =         0.0000  RESTRAINT  =         0.0000
 EKCMT  =      3971.9298  VIRIAL  =      3774.1881  VOLUME     =    151624.3401
                                                    Density    =         1.0416
 ------------------------------------------------------------------------------

wrapping first mol.:       19.36566       27.38718       47.43599
wrapping first mol.:       19.36566       27.38718       47.43599

 NSTEP =    28000   TIME(PS) =    7656.000  TEMP(K) =   298.43  PRESS =   294.6
 Etot   =    -50453.9085  EKtot   =      9478.1494  EPtot      =    -59932.0579
 BOND   =       354.7715  ANGLE   =      1070.9985  DIHED      =       695.9195
 1-4 NB =       467.3090  1-4 EEL =      5746.3407  VDWAALS    =      6761.8932
 EELEC  =    -75029.2904  EHBOND  =         0.0000  RESTRAINT  =         0.0000
 EKCMT  =      3943.3228  VIRIAL  =      2983.2278  VOLUME     =    150948.0235
                                                    Density    =         1.0463
 ------------------------------------------------------------------------------

wrapping first mol.:       19.36874       27.39153       47.44352
wrapping first mol.:       19.36874       27.39153       47.44352

 NSTEP =    28500   TIME(PS) =    7657.000  TEMP(K) =   296.33  PRESS =  -162.3
 Etot   =    -50446.9737  EKtot   =      9411.6719  EPtot      =    -59858.6456
 BOND   =       394.6710  ANGLE   =      1007.2280  DIHED      =       681.5365
 1-4 NB =       445.7310  1-4 EEL =      5752.2510  VDWAALS    =      6386.0345
 EELEC  =    -74526.0975  EHBOND  =         0.0000  RESTRAINT  =         0.0000
 EKCMT  =      3836.7219  VIRIAL  =      4365.9088  VOLUME     =    151026.1035
                                                    Density    =         1.0458
 ------------------------------------------------------------------------------

wrapping first mol.:       19.37313       27.39774       47.45428
wrapping first mol.:       19.37313       27.39774       47.45428

 NSTEP =    29000   TIME(PS) =    7658.000  TEMP(K) =   297.35  PRESS =   314.5
 Etot   =    -50242.0412  EKtot   =      9443.9082  EPtot      =    -59685.9494
 BOND   =       409.5017  ANGLE   =      1074.2104  DIHED      =       721.0434
 1-4 NB =       442.5518  1-4 EEL =      5735.9286  VDWAALS    =      6654.7337
 EELEC  =    -74723.9190  EHBOND  =         0.0000  RESTRAINT  =         0.0000
 EKCMT  =      3991.6854  VIRIAL  =      2965.5504  VOLUME     =    151122.4548
                                                    Density    =         1.0451
 ------------------------------------------------------------------------------

wrapping first mol.:       19.38192       27.41017       47.47580
wrapping first mol.:       19.38192       27.41017       47.47580

 NSTEP =    29500   TIME(PS) =    7659.000  TEMP(K) =   304.34  PRESS =   206.7
 Etot   =    -50259.6540  EKtot   =      9665.9258  EPtot      =    -59925.5798
 BOND   =       399.2005  ANGLE   =      1000.5296  DIHED      =       702.4779
 1-4 NB =       445.9762  1-4 EEL =      5753.8318  VDWAALS    =      6698.3152
 EELEC  =    -74925.9109  EHBOND  =         0.0000  RESTRAINT  =         0.0000
 EKCMT  =      4082.4977  VIRIAL  =      3407.0100  VOLUME     =    151329.6348
                                                    Density    =         1.0437
 ------------------------------------------------------------------------------

wrapping first mol.:       19.37699       27.40320       47.46374
wrapping first mol.:       19.37699       27.40320       47.46374

 NSTEP =    30000   TIME(PS) =    7660.000  TEMP(K) =   299.00  PRESS =   -66.8
 Etot   =    -50422.0976  EKtot   =      9496.3613  EPtot      =    -59918.4589
 BOND   =       401.6155  ANGLE   =      1032.6097  DIHED      =       701.0057
 1-4 NB =       449.1817  1-4 EEL =      5772.9362  VDWAALS    =      6593.4827
 EELEC  =    -74869.2903  EHBOND  =         0.0000  RESTRAINT  =         0.0000
 EKCMT  =      3934.2002  VIRIAL  =      4152.4285  VOLUME     =    151217.9406
                                                    Density    =         1.0444
 ------------------------------------------------------------------------------

wrapping first mol.:       19.37689       27.40305       47.46348
wrapping first mol.:       19.37689       27.40305       47.46348

 NSTEP =    30500   TIME(PS) =    7661.000  TEMP(K) =   302.25  PRESS =   -57.2
 Etot   =    -50292.7211  EKtot   =      9599.6299  EPtot      =    -59892.3510
 BOND   =       381.1808  ANGLE   =      1019.6796  DIHED      =       689.3080
 1-4 NB =       454.1355  1-4 EEL =      5707.1076  VDWAALS    =      6451.8899
 EELEC  =    -74595.6523  EHBOND  =         0.0000  RESTRAINT  =         0.0000
 EKCMT  =      4060.4523  VIRIAL  =      4247.1896  VOLUME     =    151215.3699
                                                    Density    =         1.0445
 ------------------------------------------------------------------------------

wrapping first mol.:       19.40752       27.44637       47.53851
wrapping first mol.:       19.40752       27.44637       47.53851

 NSTEP =    31000   TIME(PS) =    7662.000  TEMP(K) =   298.60  PRESS =    24.6
 Etot   =    -50152.8755  EKtot   =      9483.5146  EPtot      =    -59636.3902
 BOND   =       428.6366  ANGLE   =       983.9250  DIHED      =       719.9059
 1-4 NB =       461.7076  1-4 EEL =      5776.2979  VDWAALS    =      6559.3789
 EELEC  =    -74566.2421  EHBOND  =         0.0000  RESTRAINT  =         0.0000
 EKCMT  =      3972.0172  VIRIAL  =      3891.4630  VOLUME     =    151932.5095
                                                    Density    =         1.0395
 ------------------------------------------------------------------------------

wrapping first mol.:       19.40356       27.44078       47.52882
wrapping first mol.:       19.40356       27.44078       47.52882

 NSTEP =    31500   TIME(PS) =    7663.000  TEMP(K) =   299.69  PRESS =   343.1
 Etot   =    -50177.4572  EKtot   =      9518.2588  EPtot      =    -59695.7160
 BOND   =       388.3368  ANGLE   =      1044.6000  DIHED      =       741.9389
 1-4 NB =       460.9385  1-4 EEL =      5762.9764  VDWAALS    =      6678.5140
 EELEC  =    -74773.0206  EHBOND  =         0.0000  RESTRAINT  =         0.0000
 EKCMT  =      3992.6734  VIRIAL  =      2867.9834  VOLUME     =    151835.3441
                                                    Density    =         1.0402
 ------------------------------------------------------------------------------

wrapping first mol.:       19.41221       27.45301       47.55001
wrapping first mol.:       19.41221       27.45301       47.55001

 NSTEP =    32000   TIME(PS) =    7664.000  TEMP(K) =   298.43  PRESS =    25.5
 Etot   =    -50249.7477  EKtot   =      9478.2529  EPtot      =    -59728.0007
 BOND   =       401.3256  ANGLE   =      1069.7329  DIHED      =       698.0225
 1-4 NB =       452.1075  1-4 EEL =      5729.9946  VDWAALS    =      6442.5005
 EELEC  =    -74521.6842  EHBOND  =         0.0000  RESTRAINT  =         0.0000
 EKCMT  =      3942.4883  VIRIAL  =      3858.6294  VOLUME     =    152042.7558
                                                    Density    =         1.0388
 ------------------------------------------------------------------------------

wrapping first mol.:       19.39618       27.43034       47.51073
wrapping first mol.:       19.39618       27.43034       47.51073

 NSTEP =    32500   TIME(PS) =    7665.000  TEMP(K) =   304.18  PRESS =   -11.3
 Etot   =    -50094.8562  EKtot   =      9660.8379  EPtot      =    -59755.6941
 BOND   =       361.9296  ANGLE   =      1012.1449  DIHED      =       708.8184
 1-4 NB =       462.4889  1-4 EEL =      5770.5007  VDWAALS    =      6485.6250
 EELEC  =    -74557.2016  EHBOND  =         0.0000  RESTRAINT  =         0.0000
 EKCMT  =      4087.8372  VIRIAL  =      4124.6944  VOLUME     =    151666.8400
                                                    Density    =         1.0413
 ------------------------------------------------------------------------------

wrapping first mol.:       19.39566       27.42961       47.50947
wrapping first mol.:       19.39566       27.42961       47.50947

 NSTEP =    33000   TIME(PS) =    7666.000  TEMP(K) =   302.20  PRESS =   148.1
 Etot   =    -50073.9352  EKtot   =      9598.0088  EPtot      =    -59671.9440
 BOND   =       401.2149  ANGLE   =      1021.1518  DIHED      =       716.6576
 1-4 NB =       462.2158  1-4 EEL =      5715.7518  VDWAALS    =      6501.6245
 EELEC  =    -74490.5602  EHBOND  =         0.0000  RESTRAINT  =         0.0000
 EKCMT  =      4010.4446  VIRIAL  =      3525.6584  VOLUME     =    151652.5556
                                                    Density    =         1.0414
 ------------------------------------------------------------------------------

wrapping first mol.:       19.39808       27.43303       47.51540
wrapping first mol.:       19.39808       27.43303       47.51540

 NSTEP =    33500   TIME(PS) =    7667.000  TEMP(K) =   301.39  PRESS =  -447.2
 Etot   =    -50107.1115  EKtot   =      9572.3350  EPtot      =    -59679.4465
 BOND   =       379.2863  ANGLE   =      1090.9556  DIHED      =       712.1408
 1-4 NB =       448.8536  1-4 EEL =      5708.0359  VDWAALS    =      6436.6700
 EELEC  =    -74455.3887  EHBOND  =         0.0000  RESTRAINT  =         0.0000
 EKCMT  =      3968.1479  VIRIAL  =      5432.9574  VOLUME     =    151717.4724
                                                    Density    =         1.0410
 ------------------------------------------------------------------------------

wrapping first mol.:       19.40194       27.43849       47.52485
wrapping first mol.:       19.40194       27.43849       47.52485

 NSTEP =    34000   TIME(PS) =    7668.000  TEMP(K) =   298.53  PRESS =   -47.4
 Etot   =    -50354.7990  EKtot   =      9481.4893  EPtot      =    -59836.2882
 BOND   =       378.1149  ANGLE   =      1016.2811  DIHED      =       708.6352
 1-4 NB =       464.9262  1-4 EEL =      5704.6286  VDWAALS    =      6619.9646
 EELEC  =    -74728.8390  EHBOND  =         0.0000  RESTRAINT  =         0.0000
 EKCMT  =      3961.7335  VIRIAL  =      4117.2395  VOLUME     =    151802.6030
                                                    Density    =         1.0404
 ------------------------------------------------------------------------------

wrapping first mol.:       19.42250       27.46756       47.57520
wrapping first mol.:       19.42250       27.46756       47.57520

 NSTEP =    34500   TIME(PS) =    7669.000  TEMP(K) =   302.75  PRESS =    30.4
 Etot   =    -50166.5689  EKtot   =      9615.4463  EPtot      =    -59782.0152
 BOND   =       388.6115  ANGLE   =      1053.9488  DIHED      =       729.8269
 1-4 NB =       440.7044  1-4 EEL =      5689.8892  VDWAALS    =      6659.6843
 EELEC  =    -74744.6803  EHBOND  =         0.0000  RESTRAINT  =         0.0000
 EKCMT  =      4052.2624  VIRIAL  =      3952.4050  VOLUME     =    152284.5264
                                                    Density    =         1.0371
 ------------------------------------------------------------------------------

wrapping first mol.:       19.40252       27.43931       47.52627
wrapping first mol.:       19.40252       27.43931       47.52627

 NSTEP =    35000   TIME(PS) =    7670.000  TEMP(K) =   299.93  PRESS =   -31.1
 Etot   =    -50202.2568  EKtot   =      9525.7910  EPtot      =    -59728.0478
 BOND   =       404.1002  ANGLE   =      1020.8163  DIHED      =       704.9538
 1-4 NB =       455.4339  1-4 EEL =      5721.2441  VDWAALS    =      6420.7296
 EELEC  =    -74455.3257  EHBOND  =         0.0000  RESTRAINT  =         0.0000
 EKCMT  =      4031.9113  VIRIAL  =      4133.8797  VOLUME     =    151815.9559
                                                    Density    =         1.0403
 ------------------------------------------------------------------------------

wrapping first mol.:       19.40895       27.44839       47.54201
wrapping first mol.:       19.40895       27.44839       47.54201

 NSTEP =    35500   TIME(PS) =    7671.000  TEMP(K) =   298.89  PRESS =    94.2
 Etot   =    -50178.4917  EKtot   =      9492.8633  EPtot      =    -59671.3550
 BOND   =       401.8549  ANGLE   =      1018.9505  DIHED      =       718.3822
 1-4 NB =       468.1983  1-4 EEL =      5782.1132  VDWAALS    =      6547.6279
 EELEC  =    -74608.4819  EHBOND  =         0.0000  RESTRAINT  =         0.0000
 EKCMT  =      3963.1991  VIRIAL  =      3653.9984  VOLUME     =    151965.1290
                                                    Density    =         1.0393
 ------------------------------------------------------------------------------

wrapping first mol.:       19.39747       27.43216       47.51389
wrapping first mol.:       19.39747       27.43216       47.51389

 NSTEP =    36000   TIME(PS) =    7672.000  TEMP(K) =   301.95  PRESS =   -98.7
 Etot   =    -50295.9310  EKtot   =      9590.1240  EPtot      =    -59886.0551
 BOND   =       376.3042  ANGLE   =      1053.7144  DIHED      =       712.9190
 1-4 NB =       462.4580  1-4 EEL =      5733.9098  VDWAALS    =      6655.3993
 EELEC  =    -74880.7596  EHBOND  =         0.0000  RESTRAINT  =         0.0000
 EKCMT  =      4012.8576  VIRIAL  =      4336.0013  VOLUME     =    151698.2393
                                                    Density    =         1.0411
 ------------------------------------------------------------------------------

wrapping first mol.:       19.39578       27.42977       47.50975
wrapping first mol.:       19.39578       27.42977       47.50975

 NSTEP =    36500   TIME(PS) =    7673.000  TEMP(K) =   300.08  PRESS =   -22.6
 Etot   =    -50107.4515  EKtot   =      9530.5566  EPtot      =    -59638.0081
 BOND   =       369.8192  ANGLE   =      1013.3101  DIHED      =       676.6882
 1-4 NB =       450.7834  1-4 EEL =      5693.7779  VDWAALS    =      6630.7390
 EELEC  =    -74473.1260  EHBOND  =         0.0000  RESTRAINT  =         0.0000
 EKCMT  =      3986.8589  VIRIAL  =      4061.0017  VOLUME     =    151657.5837
                                                    Density    =         1.0414
 ------------------------------------------------------------------------------

wrapping first mol.:       19.36815       27.39070       47.44208
wrapping first mol.:       19.36815       27.39070       47.44208

 NSTEP =    37000   TIME(PS) =    7674.000  TEMP(K) =   300.41  PRESS =   -76.8
 Etot   =    -50389.9459  EKtot   =      9540.9766  EPtot      =    -59930.9225
 BOND   =       387.6641  ANGLE   =      1062.5149  DIHED      =       697.8940
 1-4 NB =       452.2501  1-4 EEL =      5713.9627  VDWAALS    =      6450.6046
 EELEC  =    -74695.8129  EHBOND  =         0.0000  RESTRAINT  =         0.0000
 EKCMT  =      4045.3616  VIRIAL  =      4295.7116  VOLUME     =    151011.1893
                                                    Density    =         1.0459
 ------------------------------------------------------------------------------

wrapping first mol.:       19.37483       27.40015       47.45845
wrapping first mol.:       19.37483       27.40015       47.45845

 NSTEP =    37500   TIME(PS) =    7675.000  TEMP(K) =   300.03  PRESS =  -264.3
 Etot   =    -50128.0584  EKtot   =      9528.9482  EPtot      =    -59657.0067
 BOND   =       405.5270  ANGLE   =      1015.9343  DIHED      =       711.2606
 1-4 NB =       458.8894  1-4 EEL =      5796.2309  VDWAALS    =      6382.8417
 EELEC  =    -74427.6906  EHBOND  =         0.0000  RESTRAINT  =         0.0000
 EKCMT  =      3964.5264  VIRIAL  =      4827.0983  VOLUME     =    151170.0687
                                                    Density    =         1.0448
 ------------------------------------------------------------------------------

wrapping first mol.:       19.37812       27.40481       47.46651
wrapping first mol.:       19.37812       27.40481       47.46651

 NSTEP =    38000   TIME(PS) =    7676.000  TEMP(K) =   295.26  PRESS =    20.6
 Etot   =    -50362.3302  EKtot   =      9377.5264  EPtot      =    -59739.8566
 BOND   =       396.4310  ANGLE   =      1023.6423  DIHED      =       698.7293
 1-4 NB =       454.9629  1-4 EEL =      5760.7925  VDWAALS    =      6534.8164
 EELEC  =    -74609.2309  EHBOND  =         0.0000  RESTRAINT  =         0.0000
 EKCMT  =      3935.6065  VIRIAL  =      3868.4405  VOLUME     =    151243.3047
                                                    Density    =         1.0443
 ------------------------------------------------------------------------------

wrapping first mol.:       19.39312       27.42601       47.50324
wrapping first mol.:       19.39312       27.42601       47.50324

 NSTEP =    38500   TIME(PS) =    7677.000  TEMP(K) =   301.37  PRESS =   -32.1
 Etot   =    -50082.6145  EKtot   =      9571.6592  EPtot      =    -59654.2737
 BOND   =       375.6830  ANGLE   =      1039.6180  DIHED      =       708.3232
 1-4 NB =       460.7036  1-4 EEL =      5737.1436  VDWAALS    =      6466.8024
 EELEC  =    -74442.5475  EHBOND  =         0.0000  RESTRAINT  =         0.0000
 EKCMT  =      4005.0726  VIRIAL  =      4110.2800  VOLUME     =    151595.3955
                                                    Density    =         1.0418
 ------------------------------------------------------------------------------

wrapping first mol.:       19.39491       27.42854       47.50763
wrapping first mol.:       19.39491       27.42854       47.50763

 NSTEP =    39000   TIME(PS) =    7678.000  TEMP(K) =   301.88  PRESS =    46.8
 Etot   =    -50140.4100  EKtot   =      9587.6709  EPtot      =    -59728.0809
 BOND   =       393.7008  ANGLE   =      1086.4054  DIHED      =       711.2353
 1-4 NB =       464.0728  1-4 EEL =      5744.7731  VDWAALS    =      6529.2991
 EELEC  =    -74657.5675  EHBOND  =         0.0000  RESTRAINT  =         0.0000
 EKCMT  =      3975.4190  VIRIAL  =      3822.3219  VOLUME     =    151636.3214
                                                    Density    =         1.0416
 ------------------------------------------------------------------------------

wrapping first mol.:       19.39811       27.43307       47.51547
wrapping first mol.:       19.39811       27.43307       47.51547

 NSTEP =    39500   TIME(PS) =    7679.000  TEMP(K) =   301.76  PRESS =  -178.6
 Etot   =    -50347.7615  EKtot   =      9584.0957  EPtot      =    -59931.8572
 BOND   =       380.1002  ANGLE   =      1038.5346  DIHED      =       702.4508
 1-4 NB =       469.8846  1-4 EEL =      5744.3203  VDWAALS    =      6499.2606
 EELEC  =    -74766.4083  EHBOND  =         0.0000  RESTRAINT  =         0.0000
 EKCMT  =      3995.6128  VIRIAL  =      4580.5170  VOLUME     =    151714.4754
                                                    Density    =         1.0410
 ------------------------------------------------------------------------------

wrapping first mol.:       19.39050       27.42231       47.49682
wrapping first mol.:       19.39050       27.42231       47.49682

 NSTEP =    40000   TIME(PS) =    7680.000  TEMP(K) =   297.59  PRESS =   -20.2
 Etot   =    -50290.1281  EKtot   =      9451.6494  EPtot      =    -59741.7775
 BOND   =       417.9708  ANGLE   =      1047.4695  DIHED      =       706.0243
 1-4 NB =       457.8758  1-4 EEL =      5713.3090  VDWAALS    =      6601.2740
 EELEC  =    -74685.7010  EHBOND  =         0.0000  RESTRAINT  =         0.0000
 EKCMT  =      3992.0827  VIRIAL  =      4058.0541  VOLUME     =    151533.7921
                                                    Density    =         1.0423
 ------------------------------------------------------------------------------

wrapping first mol.:       19.39954       27.43509       47.51896
wrapping first mol.:       19.39954       27.43509       47.51896

 NSTEP =    40500   TIME(PS) =    7681.000  TEMP(K) =   301.99  PRESS =   123.9
 Etot   =    -50149.7943  EKtot   =      9591.2188  EPtot      =    -59741.0130
 BOND   =       426.3803  ANGLE   =      1045.0420  DIHED      =       709.5854
 1-4 NB =       449.8610  1-4 EEL =      5776.9174  VDWAALS    =      6558.6091
 EELEC  =    -74707.4082  EHBOND  =         0.0000  RESTRAINT  =         0.0000
 EKCMT  =      4020.3863  VIRIAL  =      3614.6029  VOLUME     =    151743.8293
                                                    Density    =         1.0408
 ------------------------------------------------------------------------------

wrapping first mol.:       19.39805       27.43298       47.51532
wrapping first mol.:       19.39805       27.43298       47.51532

 NSTEP =    41000   TIME(PS) =    7682.000  TEMP(K) =   294.97  PRESS =  -265.8
 Etot   =    -50432.4473  EKtot   =      9368.2412  EPtot      =    -59800.6885
 BOND   =       415.0929  ANGLE   =       999.1608  DIHED      =       715.8580
 1-4 NB =       455.0373  1-4 EEL =      5746.2689  VDWAALS    =      6419.0229
 EELEC  =    -74551.1292  EHBOND  =         0.0000  RESTRAINT  =         0.0000
 EKCMT  =      3947.2971  VIRIAL  =      4818.0681  VOLUME     =    151714.1921
                                                    Density    =         1.0410
 ------------------------------------------------------------------------------

wrapping first mol.:       19.42802       27.47537       47.58874
wrapping first mol.:       19.42802       27.47537       47.58874

 NSTEP =    41500   TIME(PS) =    7683.000  TEMP(K) =   300.01  PRESS =    -6.3
 Etot   =    -50085.2797  EKtot   =      9528.3301  EPtot      =    -59613.6098
 BOND   =       410.2392  ANGLE   =      1056.0396  DIHED      =       712.5140
 1-4 NB =       453.6996  1-4 EEL =      5736.6483  VDWAALS    =      6615.0394
 EELEC  =    -74597.7898  EHBOND  =         0.0000  RESTRAINT  =         0.0000
 EKCMT  =      3976.1509  VIRIAL  =      3996.8601  VOLUME     =    152415.0332
                                                    Density    =         1.0362
 ------------------------------------------------------------------------------

wrapping first mol.:       19.41351       27.45484       47.55318
wrapping first mol.:       19.41351       27.45484       47.55318

 NSTEP =    42000   TIME(PS) =    7684.000  TEMP(K) =   302.16  PRESS =   225.9
 Etot   =    -50005.7722  EKtot   =      9596.6035  EPtot      =    -59602.3758
 BOND   =       410.6552  ANGLE   =      1077.5578  DIHED      =       699.7765
 1-4 NB =       450.9194  1-4 EEL =      5742.4354  VDWAALS    =      6599.6424
 EELEC  =    -74583.3624  EHBOND  =         0.0000  RESTRAINT  =         0.0000
 EKCMT  =      4038.5102  VIRIAL  =      3296.6984  VOLUME     =    152070.4656
                                                    Density    =         1.0386
 ------------------------------------------------------------------------------

wrapping first mol.:       19.40909       27.44860       47.54236
wrapping first mol.:       19.40909       27.44860       47.54236

 NSTEP =    42500   TIME(PS) =    7685.000  TEMP(K) =   298.39  PRESS =     2.7
 Etot   =    -50057.9856  EKtot   =      9476.9326  EPtot      =    -59534.9182
 BOND   =       397.9927  ANGLE   =      1040.5062  DIHED      =       722.9686
 1-4 NB =       443.4684  1-4 EEL =      5709.8219  VDWAALS    =      6430.1111
 EELEC  =    -74279.7871  EHBOND  =         0.0000  RESTRAINT  =         0.0000
 EKCMT  =      3914.6608  VIRIAL  =      3905.8323  VOLUME     =    151969.7668
                                                    Density    =         1.0393
 ------------------------------------------------------------------------------

wrapping first mol.:       19.39997       27.43569       47.52001
wrapping first mol.:       19.39997       27.43569       47.52001

 NSTEP =    43000   TIME(PS) =    7686.000  TEMP(K) =   298.05  PRESS =     6.5
 Etot   =    -50357.5800  EKtot   =      9466.2568  EPtot      =    -59823.8368
 BOND   =       421.0389  ANGLE   =      1011.4038  DIHED      =       732.0447
 1-4 NB =       468.6518  1-4 EEL =      5702.1411  VDWAALS    =      6671.3794
 EELEC  =    -74830.4966  EHBOND  =         0.0000  RESTRAINT  =         0.0000
 EKCMT  =      3986.6435  VIRIAL  =      3965.2111  VOLUME     =    151755.4648
                                                    Density    =         1.0407
 ------------------------------------------------------------------------------

wrapping first mol.:       19.37767       27.40417       47.46541
wrapping first mol.:       19.37767       27.40417       47.46541

 NSTEP =    43500   TIME(PS) =    7687.000  TEMP(K) =   300.84  PRESS =   180.9
 Etot   =    -50323.7342  EKtot   =      9554.9160  EPtot      =    -59878.6502
 BOND   =       400.4892  ANGLE   =      1053.4620  DIHED      =       729.1374
 1-4 NB =       466.1972  1-4 EEL =      5740.6345  VDWAALS    =      6631.7873
 EELEC  =    -74900.3579  EHBOND  =         0.0000  RESTRAINT  =         0.0000
 EKCMT  =      3976.3221  VIRIAL  =      3385.4750  VOLUME     =    151230.5638
                                                    Density    =         1.0443
 ------------------------------------------------------------------------------

wrapping first mol.:       19.35801       27.37636       47.41724
wrapping first mol.:       19.35801       27.37636       47.41724

 NSTEP =    44000   TIME(PS) =    7688.000  TEMP(K) =   304.25  PRESS =   516.9
 Etot   =    -50070.5248  EKtot   =      9662.9404  EPtot      =    -59733.4653
 BOND   =       402.8041  ANGLE   =       989.8753  DIHED      =       711.9878
 1-4 NB =       456.6728  1-4 EEL =      5742.8550  VDWAALS    =      6665.7017
 EELEC  =    -74703.3620  EHBOND  =         0.0000  RESTRAINT  =         0.0000
 EKCMT  =      4037.8812  VIRIAL  =      2355.3351  VOLUME     =    150766.1112
                                                    Density    =         1.0476
 ------------------------------------------------------------------------------

wrapping first mol.:       19.36691       27.38895       47.43905
wrapping first mol.:       19.36691       27.38895       47.43905

 NSTEP =    44500   TIME(PS) =    7689.000  TEMP(K) =   301.37  PRESS =    47.3
 Etot   =    -50069.4026  EKtot   =      9571.6816  EPtot      =    -59641.0842
 BOND   =       416.5863  ANGLE   =       940.9896  DIHED      =       704.0467
 1-4 NB =       470.5454  1-4 EEL =      5755.8495  VDWAALS    =      6568.4356
 EELEC  =    -74497.5374  EHBOND  =         0.0000  RESTRAINT  =         0.0000
 EKCMT  =      4008.5863  VIRIAL  =      3854.3574  VOLUME     =    150980.5623
                                                    Density    =         1.0461
 ------------------------------------------------------------------------------

wrapping first mol.:       19.37883       27.40580       47.46824
wrapping first mol.:       19.37883       27.40580       47.46824

 NSTEP =    45000   TIME(PS) =    7690.000  TEMP(K) =   298.90  PRESS =    38.1
 Etot   =    -50415.6666  EKtot   =      9493.2012  EPtot      =    -59908.8678
 BOND   =       397.6358  ANGLE   =      1025.4122  DIHED      =       687.5905
 1-4 NB =       455.4633  1-4 EEL =      5731.9864  VDWAALS    =      6609.5711
 EELEC  =    -74816.5271  EHBOND  =         0.0000  RESTRAINT  =         0.0000
 EKCMT  =      3942.7478  VIRIAL  =      3818.4569  VOLUME     =    151259.5443
                                                    Density    =         1.0441
 ------------------------------------------------------------------------------

wrapping first mol.:       19.38369       27.41268       47.48015
wrapping first mol.:       19.38369       27.41268       47.48015

 NSTEP =    45500   TIME(PS) =    7691.000  TEMP(K) =   299.09  PRESS =  -252.3
 Etot   =    -50374.2054  EKtot   =      9499.1172  EPtot      =    -59873.3226
 BOND   =       408.4241  ANGLE   =       989.3978  DIHED      =       700.6375
 1-4 NB =       457.6510  1-4 EEL =      5751.9580  VDWAALS    =      6593.2536
 EELEC  =    -74774.6446  EHBOND  =         0.0000  RESTRAINT  =         0.0000
 EKCMT  =      3975.8050  VIRIAL  =      4800.4605  VOLUME     =    151377.4168
                                                    Density    =         1.0433
 ------------------------------------------------------------------------------

wrapping first mol.:       19.38481       27.41426       47.48289
wrapping first mol.:       19.38481       27.41426       47.48289

 NSTEP =    46000   TIME(PS) =    7692.000  TEMP(K) =   299.79  PRESS =   -56.8
 Etot   =    -50372.0746  EKtot   =      9521.3506  EPtot      =    -59893.4252
 BOND   =       394.0937  ANGLE   =      1040.3460  DIHED      =       684.5668
 1-4 NB =       450.4083  1-4 EEL =      5730.0296  VDWAALS    =      6481.2561
 EELEC  =    -74674.1257  EHBOND  =         0.0000  RESTRAINT  =         0.0000
 EKCMT  =      4003.5644  VIRIAL  =      4189.1355  VOLUME     =    151400.9781
                                                    Density    =         1.0432
 ------------------------------------------------------------------------------

wrapping first mol.:       19.40527       27.44319       47.53300
wrapping first mol.:       19.40527       27.44319       47.53300

 NSTEP =    46500   TIME(PS) =    7693.000  TEMP(K) =   297.83  PRESS =   234.7
 Etot   =    -50179.7875  EKtot   =      9459.2217  EPtot      =    -59639.0091
 BOND   =       412.9054  ANGLE   =      1026.4641  DIHED      =       720.7109
 1-4 NB =       451.8628  1-4 EEL =      5752.6819  VDWAALS    =      6628.9831
 EELEC  =    -74632.6174  EHBOND  =         0.0000  RESTRAINT  =         0.0000
 EKCMT  =      4018.4273  VIRIAL  =      3248.6666  VOLUME     =    151876.8071
                                                    Density    =         1.0399
 ------------------------------------------------------------------------------

wrapping first mol.:       19.40938       27.44901       47.54308
wrapping first mol.:       19.40938       27.44901       47.54308

 NSTEP =    47000   TIME(PS) =    7694.000  TEMP(K) =   301.83  PRESS =   357.4
 Etot   =    -50097.7208  EKtot   =      9586.1963  EPtot      =    -59683.9170
 BOND   =       388.7537  ANGLE   =      1023.6262  DIHED      =       702.4858
 1-4 NB =       441.6279  1-4 EEL =      5734.6149  VDWAALS    =      6702.5823
 EELEC  =    -74677.6078  EHBOND  =         0.0000  RESTRAINT  =         0.0000
 EKCMT  =      4040.7175  VIRIAL  =      2868.1108  VOLUME     =    151971.8672
                                                    Density    =         1.0393
 ------------------------------------------------------------------------------

wrapping first mol.:       19.39260       27.42528       47.50197
wrapping first mol.:       19.39260       27.42528       47.50197

 NSTEP =    47500   TIME(PS) =    7695.000  TEMP(K) =   296.22  PRESS =  -124.2
 Etot   =    -50370.6584  EKtot   =      9407.9844  EPtot      =    -59778.6427
 BOND   =       350.5981  ANGLE   =      1013.7654  DIHED      =       721.2380
 1-4 NB =       464.0409  1-4 EEL =      5733.0098  VDWAALS    =      6554.6792
 EELEC  =    -74615.9741  EHBOND  =         0.0000  RESTRAINT  =         0.0000
 EKCMT  =      3925.6870  VIRIAL  =      4332.0887  VOLUME     =    151584.4861
                                                    Density    =         1.0419
 ------------------------------------------------------------------------------

wrapping first mol.:       19.40097       27.43712       47.52248
wrapping first mol.:       19.40097       27.43712       47.52248

 NSTEP =    48000   TIME(PS) =    7696.000  TEMP(K) =   299.70  PRESS =   226.6
 Etot   =    -50276.1770  EKtot   =      9518.6885  EPtot      =    -59794.8655
 BOND   =       394.6614  ANGLE   =      1019.7031  DIHED      =       726.6298
 1-4 NB =       463.6742  1-4 EEL =      5724.2898  VDWAALS    =      6696.5520
 EELEC  =    -74820.3757  EHBOND  =         0.0000  RESTRAINT  =         0.0000
 EKCMT  =      3991.8594  VIRIAL  =      3249.1366  VOLUME     =    151776.0992
                                                    Density    =         1.0406
 ------------------------------------------------------------------------------

wrapping first mol.:       19.41773       27.46082       47.56352
wrapping first mol.:       19.41773       27.46082       47.56352

 NSTEP =    48500   TIME(PS) =    7697.000  TEMP(K) =   302.31  PRESS =  -186.4
 Etot   =    -50366.8161  EKtot   =      9601.3066  EPtot      =    -59968.1227
 BOND   =       381.9529  ANGLE   =       996.2500  DIHED      =       723.1963
 1-4 NB =       471.3491  1-4 EEL =      5774.3850  VDWAALS    =      6557.6816
 EELEC  =    -74872.9377  EHBOND  =         0.0000  RESTRAINT  =         0.0000
 EKCMT  =      3993.3471  VIRIAL  =      4605.8361  VOLUME     =    152175.3431
                                                    Density    =         1.0379
 ------------------------------------------------------------------------------

wrapping first mol.:       19.42546       27.47175       47.58246
wrapping first mol.:       19.42546       27.47175       47.58246

 NSTEP =    49000   TIME(PS) =    7698.000  TEMP(K) =   298.91  PRESS =   -63.2
 Etot   =    -50315.0732  EKtot   =      9493.5713  EPtot      =    -59808.6445
 BOND   =       377.1647  ANGLE   =      1048.8629  DIHED      =       688.8598
 1-4 NB =       470.1734  1-4 EEL =      5704.4334  VDWAALS    =      6821.6344
 EELEC  =    -74919.7731  EHBOND  =         0.0000  RESTRAINT  =         0.0000
 EKCMT  =      3940.5818  VIRIAL  =      4148.3325  VOLUME     =    152355.4802
                                                    Density    =         1.0366
 ------------------------------------------------------------------------------

wrapping first mol.:       19.40296       27.43993       47.52735
wrapping first mol.:       19.40296       27.43993       47.52735

 NSTEP =    49500   TIME(PS) =    7699.000  TEMP(K) =   298.91  PRESS =  -100.3
 Etot   =    -50204.2934  EKtot   =      9493.3525  EPtot      =    -59697.6460
 BOND   =       378.7491  ANGLE   =      1042.6762  DIHED      =       685.4723
 1-4 NB =       462.0951  1-4 EEL =      5727.1466  VDWAALS    =      6528.7941
 EELEC  =    -74522.5794  EHBOND  =         0.0000  RESTRAINT  =         0.0000
 EKCMT  =      4018.6817  VIRIAL  =      4347.4236  VOLUME     =    151827.2062
                                                    Density    =         1.0402
 ------------------------------------------------------------------------------

wrapping first mol.:       19.39951       27.43505       47.51890
wrapping first mol.:       19.39951       27.43505       47.51890

 NSTEP =    50000   TIME(PS) =    7700.000  TEMP(K) =   300.27  PRESS =  -291.1
 Etot   =    -50117.5493  EKtot   =      9536.5371  EPtot      =    -59654.0864
 BOND   =       394.9111  ANGLE   =      1060.2968  DIHED      =       709.6401
 1-4 NB =       444.3468  1-4 EEL =      5741.1607  VDWAALS    =      6516.0708
 EELEC  =    -74520.5128  EHBOND  =         0.0000  RESTRAINT  =         0.0000
 EKCMT  =      3974.9779  VIRIAL  =      4928.5888  VOLUME     =    151748.8793
                                                    Density    =         1.0408
 ------------------------------------------------------------------------------


      A V E R A G E S   O V E R     100 S T E P S


 NSTEP =    50000   TIME(PS) =    7700.000  TEMP(K) =   299.90  PRESS =     7.9
 Etot   =    -50246.1111  EKtot   =      9525.0017  EPtot      =    -59771.1128
 BOND   =       396.7361  ANGLE   =      1027.6772  DIHED      =       705.8487
 1-4 NB =       455.9939  1-4 EEL =      5742.5282  VDWAALS    =      6589.0217
 EELEC  =    -74688.9186  EHBOND  =         0.0000  RESTRAINT  =         0.0000
 EKCMT  =      3989.2220  VIRIAL  =      3963.4122  VOLUME     =    151768.1679
                                                    Density    =         1.0407
 ------------------------------------------------------------------------------


      R M S  F L U C T U A T I O N S


 NSTEP =    50000   TIME(PS) =    7700.000  TEMP(K) =     2.39  PRESS =   194.4
 Etot   =       137.4952  EKtot   =        75.8389  EPtot      =       119.8233
 BOND   =        18.1226  ANGLE   =        29.8100  DIHED      =        14.3408
 1-4 NB =         9.4987  1-4 EEL =        26.8349  VDWAALS    =       107.6792
 EELEC  =       174.7045  EHBOND  =         0.0000  RESTRAINT  =         0.0000
 EKCMT  =        45.3229  VIRIAL  =       627.6962  VOLUME     =       385.3406
                                                    Density    =         0.0026
 ------------------------------------------------------------------------------

--------------------------------------------------------------------------------
   5.  TIMINGS
--------------------------------------------------------------------------------

|  NonSetup CPU Time in Major Routines:
|
|     Routine           Sec        %
|     ------------------------------
|     Nonbond          69.64   83.47
|     Bond              0.00    0.00
|     Angle             0.00    0.00
|     Dihedral          0.00    0.00
|     Shake             0.27    0.32
|     RunMD            13.43   16.09
|     Other             0.09    0.11
|     ------------------------------
|     Total            83.42

|  PME Nonbond Pairlist CPU Time:
|
|     Routine              Sec        %
|     ---------------------------------
|     Set Up Cit           0.00    0.00
|     Build List           0.00    0.00
|     ---------------------------------
|     Total                0.00    0.00

|  PME Direct Force CPU Time:
|
|     Routine              Sec        %
|     ---------------------------------
|     NonBonded Calc       0.00    0.00
|     Exclude Masked       0.00    0.00
|     Other                0.06    0.07
|     ---------------------------------
|     Total                0.06    0.07

|  PME Reciprocal Force CPU Time:
|
|     Routine              Sec        %
|     ---------------------------------
|     1D bspline           0.00    0.00
|     Grid Charges         0.00    0.00
|     Scalar Sum           0.00    0.00
|     Gradient Sum         0.00    0.00
|     FFT                  0.00    0.00
|     ---------------------------------
|     Total                0.00    0.00

|  Final Performance Info:
|     -----------------------------------------------------
|     Average timings for last   13500 steps:
|     Elapsed(s) =      22.62 Per Step(ms) =       1.68
|         ns/day =     103.14   seconds/ns =     837.69
|
|     Average timings for all steps:
|     Elapsed(s) =      83.51 Per Step(ms) =       1.67
|         ns/day =     103.46   seconds/ns =     835.08
|     -----------------------------------------------------

|  Setup CPU time:            0.60 seconds
|  NonSetup CPU time:        83.42 seconds
|  Total CPU time:           84.02 seconds     0.02 hours

|  Setup wall time:           0    seconds
|  NonSetup wall time:       84    seconds
|  Total wall time:          84    seconds     0.02 hours
