
          -------------------------------------------------------
          Amber 18 PMEMD                              2018
          -------------------------------------------------------

| PMEMD implementation of SANDER, Release 18

| Run on 09/29/2019 at 22:38:14

|   Executable path: pmemd.cuda
| Working directory: /home/pbarletta/lbp/run/2ifb/mhe/e
|          Hostname: Unknown
  [-O]verwriting output

File Assignments:
|   MDIN: 11equ.in                                                              
|  MDOUT: 11equ.out                                                             
| INPCRD: 10e2ifb.rst7                                                          
|   PARM: /home/pbarletta/lbp/top_files/2ifb.prmtop                             
| RESTRT: 11e2ifb.rst7                                                          
|   REFC: 10e2ifb.rst7                                                          
|  MDVEL: mdvel                                                                 
|   MDEN: mden                                                                  
|  MDCRD: 11e2ifb.nc                                                            
| MDINFO: mdinfo                                                                
|  MDFRC: mdfrc                                                                 


 Here is the input file:

Equilibration with solute restrictions                                         
&cntrl                                                                         
imin = 0,                           ! No Minimization                          
nmropt = 0,                         ! No NMR restraints read                   
                                                                               
! Nature and format of the input                                               
ntx = 5,                            ! Coordinates but no velocities will be rea
irest = 1,                          ! Do not run a new simulation              
                                                                               
! Nature and format of the output                                              
ntxo = 1,                           ! rstrt file in ASCII format               
ntpr = 500,                         ! inf in output every ntpr steps           
ntwr = 500,                         ! rstrt file every ntwr steps              
ntwx = 500,                         ! mdcrd file every ntwx steps              
ntwv = 0,                           ! mdvel without velocities                 
ntwe = 0,                           ! Do not write energies and temperatures   
idecomp = 0,                        ! No energy decomposition                  
iwrap = 1,                          ! Coordinates of the restart and mdcrd file
                                                                               
! Frozen or restrained atoms                                                   
ibelly = 0,                         ! No frozen atoms                          
ntr=1,                              ! Harmonic potential restraints            
restraint_wt = 6.5,                ! The weight for the positional restraints  
restraintmask = ':1-131@N,CA,C,O',  ! restrained residues                      
                                                                               
! Molecular dynamics                                                           
nstlim = 50000,                     ! Number of MD-steps                       
dt = 0.002,                         ! Time step                                
                                                                               
! Temperature regulation                                                       
ntt = 3,                            ! Langevin thermostat                      
gamma_ln = 5,                       ! Gamma constant for Langevin              
temp0 = 300.0,                      ! Reference T at which the system is to be 
tempi = 300.0,                      ! Initial T                                
ig = -1,                            ! Seed for the RNG                         
                                                                               
! P and V regulation                                                           
ntp = 1,                            ! constant P                               
barostat = 1,                       ! Berendsen barostat                       
taup = 1,                           ! Pressure relaxation time                 
ntb = 2,                            ! Periodic box for constant P              
                                                                               
! SHAKE variables                                                              
ntc = 2,                            ! Bonds involving H are constrained        
ntf = 2,                            ! Bond interaction involving H are ommited.
                                                                               
cut = 10.0,                         ! Nonbonded cutoff                         
/                                                                              
&end                                                                           


Note: ig = -1. Setting random seed to   493623 based on wallclock time in 
      microseconds.
| irandom = 1, using AMBER's internal random number generator (default).
 
|--------------------- INFORMATION ----------------------
| GPU (CUDA) Version of PMEMD in use: NVIDIA GPU IN USE.
|                    Version 18.0.0
| 
|                      03/25/2018
| 
| Implementation by:
|                    Ross C. Walker     (SDSC)
|                    Scott Le Grand     (nVIDIA)
| 
| Version 18 performance extensions by:
|                    David Cerutti     (Rutgers)
| 
| Precision model in use:
|      [SPFP] - Single Precision Forces, 64-bit Fixed Point
|               Accumulation. (Default)
| 
|--------------------------------------------------------
 
|----------------- CITATION INFORMATION -----------------
|
|    When publishing work that utilized the CUDA version
|    of AMBER, please cite the following in addition to
|    the regular AMBER citations:
|
|  - Romelia Salomon-Ferrer; Andreas W. Goetz; Duncan
|    Poole; Scott Le Grand; Ross C. Walker "Routine
|    microsecond molecular dynamics simulations with
|    AMBER - Part II: Particle Mesh Ewald", J. Chem.
|    Theory Comput., 2013, 9 (9), pp3878-3888,
|    DOI: 10.1021/ct400314y.
|
|  - Andreas W. Goetz; Mark J. Williamson; Dong Xu;
|    Duncan Poole; Scott Le Grand; Ross C. Walker
|    "Routine microsecond molecular dynamics simulations
|    with AMBER - Part I: Generalized Born", J. Chem.
|    Theory Comput., 2012, 8 (5), pp1542-1555.
|
|  - Scott Le Grand; Andreas W. Goetz; Ross C. Walker
|    "SPFP: Speed without compromise - a mixed precision
|    model for GPU accelerated molecular dynamics
|    simulations.", Comp. Phys. Comm., 2013, 184
|    pp374-380, DOI: 10.1016/j.cpc.2012.09.022
|
|--------------------------------------------------------
 
|------------------- GPU DEVICE INFO --------------------
|
|            CUDA_VISIBLE_DEVICES: 1
|   CUDA Capable Devices Detected:      1
|           CUDA Device ID in use:      0
|                CUDA Device Name: GeForce GTX 1060 6GB
|     CUDA Device Global Mem Size:   6078 MB
| CUDA Device Num Multiprocessors:     10
|           CUDA Device Core Freq:   1.76 GHz
|
|--------------------------------------------------------
 
 
| Conditional Compilation Defines Used:
| PUBFFT
| BINTRAJ
| CUDA
| EMIL

| Largest sphere to fit in unit cell has radius =    23.952

| New format PARM file being parsed.
| Version =    1.000 Date = 09/29/19 Time = 21:53:24

| Note: 1-4 EEL scale factors are being read from the topology file.

| Note: 1-4 VDW scale factors are being read from the topology file.
| Duplicated    0 dihedrals

| Duplicated    0 dihedrals

--------------------------------------------------------------------------------
   1.  RESOURCE   USE: 
--------------------------------------------------------------------------------

 getting new box info from bottom of inpcrd
 NATOM  =   20379 NTYPES =      17 NBONH =   14750 MBONA  =    5644
 NTHETH =    2483 MTHETA =    1455 NPHIH =    4974 MPHIA  =    4548
 NHPARM =       0 NPARM  =       0 NNB   =   43788 NRES   =    4686
 NBONA  =    5644 NTHETA =    1455 NPHIA =    4548 NUMBND =      77
 NUMANG =     166 NPTRA  =     185 NATYP =      42 NPHB   =       1
 IFBOX  =       2 NMXRS  =      50 IFCAP =       0 NEXTRA =    4554
 NCOPY  =       0

| Coordinate Index Table dimensions:     9    9    9
| Direct force subcell size =     6.5190    6.5190    6.5190

     BOX TYPE: TRUNCATED OCTAHEDRON

--------------------------------------------------------------------------------
   2.  CONTROL  DATA  FOR  THE  RUN
--------------------------------------------------------------------------------

default_name                                                                    

General flags:
     imin    =       0, nmropt  =       0

Nature and format of input:
     ntx     =       5, irest   =       1, ntrx    =       1

Nature and format of output:
     ntxo    =       1, ntpr    =     500, ntrx    =       1, ntwr    =     500
     iwrap   =       1, ntwx    =     500, ntwv    =       0, ntwe    =       0
     ioutfm  =       1, ntwprt  =       0, idecomp =       0, rbornstat=      0

Potential function:
     ntf     =       2, ntb     =       2, igb     =       0, nsnb    =      25
     ipol    =       0, gbsa    =       0, iesp    =       0
     dielc   =   1.00000, cut     =  10.00000, intdiel =   1.00000

Frozen or restrained atoms:
     ibelly  =       0, ntr     =       1
     restraint_wt =   6.50000

Molecular dynamics:
     nstlim  =     50000, nscm    =         0, nrespa  =         1
     t       =   0.00000, dt      =   0.00200, vlimit  =  -1.00000

Langevin dynamics temperature regulation:
     ig      =  493623
     temp0   = 300.00000, tempi   = 300.00000, gamma_ln=   5.00000

Pressure regulation:
     ntp     =       1
     pres0   =   1.00000, comp    =  44.60000, taup    =   1.00000

SHAKE:
     ntc     =       2, jfastw  =       0
     tol     =   0.00001

| Intermolecular bonds treatment:
|     no_intermolecular_bonds =       1

| Energy averages sample interval:
|     ene_avg_sampling =     500

Extra-points options:
     frameon =       1, chngmask=       1

Ewald parameters:
     verbose =       0, ew_type =       0, nbflag  =       1, use_pme =       1
     vdwmeth =       1, eedmeth =       1, netfrc  =       1
     Box X =   58.671   Box Y =   58.671   Box Z =   58.671
     Alpha =  109.471   Beta  =  109.471   Gamma =  109.471
     NFFT1 =   64       NFFT2 =   64       NFFT3 =   64
     Cutoff=   10.000   Tol   =0.100E-04
     Ewald Coefficient =  0.27511
     Interpolation order =    4

    LOADING THE CONSTRAINED ATOMS AS GROUPS


   5.  REFERENCE ATOM COORDINATES

  default_name                                                                    
     Mask :1-131@N,CA,C,O; matches   524 atoms
|      EXTRA_PTS, trim_bonds: num bonds BEFORE trim = 14750     0
|      EXTRA_PTS, trim_bonds: num bonds AFTER  trim = 14750     0
|      EXTRA_PTS, trim_bonds: num bonds BEFORE trim =  5644     0
|      EXTRA_PTS, trim_bonds: num bonds AFTER  trim =  1090     0
|      EXTRA_PTS, trim_theta: num angle BEFORE trim =  2483     0
|      EXTRA_PTS, trim_theta: num angle AFTER  trim =  2483     0
|      EXTRA_PTS, trim_theta: num angle BEFORE trim =  1455     0
|      EXTRA_PTS, trim_theta: num angle AFTER  trim =  1455     0
|      EXTRA_PTS, trim_phi:  num diheds BEFORE trim =  4974     0
|      EXTRA_PTS, trim_phi:  num diheds AFTER  trim =  4974     0
|      EXTRA_PTS, trim_phi:  num diheds BEFORE trim =  4548     0
|      EXTRA_PTS, trim_phi:  num diheds AFTER  trim =  4548     0

--------------------------------------------------------------------------------
   3.  ATOMIC COORDINATES AND VELOCITIES
--------------------------------------------------------------------------------

default_name                                                                    
 begin time read from input coords =  1400.000 ps

 
 Number of triangulated 3-point waters found:     4554

     Sum of charges from parm topology file =   0.00202595
     Forcing neutrality...

| Dynamic Memory, Types Used:
| Reals             1016965
| Integers          1501222

| Nonbonded Pairs Initial Allocation:     6164138

| GPU memory information (estimate):
| KB of GPU memory in use:         0
| KB of CPU memory in use:         0

--------------------------------------------------------------------------------
   4.  RESULTS
--------------------------------------------------------------------------------

wrapping first mol.:       19.57555       27.68401       47.95011
wrapping first mol.:       19.57555       27.68401       47.95011

 NSTEP =      500   TIME(PS) =    1401.000  TEMP(K) =   298.46  PRESS =    73.9
 Etot   =    -51014.4040  EKtot   =      9704.4102  EPtot      =    -60718.8142
 BOND   =       414.6117  ANGLE   =      1061.6112  DIHED      =       715.8558
 1-4 NB =       457.6437  1-4 EEL =      5682.9752  VDWAALS    =      6698.0709
 EELEC  =    -75864.4267  EHBOND  =         0.0000  RESTRAINT  =       114.8439
 EAMBER (non-restraint)  =    -60833.6581
 EKCMT  =      4124.8477  VIRIAL  =      3876.1002  VOLUME     =    155912.4940
                                                    Density    =         1.0362
 ------------------------------------------------------------------------------

wrapping first mol.:       19.58611       27.69894       47.97596
wrapping first mol.:       19.58611       27.69894       47.97596

 NSTEP =     1000   TIME(PS) =    1402.000  TEMP(K) =   299.77  PRESS =    38.1
 Etot   =    -51098.7702  EKtot   =      9747.2666  EPtot      =    -60846.0368
 BOND   =       368.8188  ANGLE   =      1104.2155  DIHED      =       707.6388
 1-4 NB =       455.2316  1-4 EEL =      5621.5156  VDWAALS    =      6712.7858
 EELEC  =    -75930.0981  EHBOND  =         0.0000  RESTRAINT  =       113.8552
 EAMBER (non-restraint)  =    -60959.8920
 EKCMT  =      4109.8608  VIRIAL  =      3981.5192  VOLUME     =    156165.3498
                                                    Density    =         1.0346
 ------------------------------------------------------------------------------

wrapping first mol.:       19.58082       27.69146       47.96301
wrapping first mol.:       19.58082       27.69146       47.96301

 NSTEP =     1500   TIME(PS) =    1403.000  TEMP(K) =   302.69  PRESS =  -137.7
 Etot   =    -51060.4724  EKtot   =      9842.1602  EPtot      =    -60902.6326
 BOND   =       413.4635  ANGLE   =      1073.0443  DIHED      =       712.2551
 1-4 NB =       443.8191  1-4 EEL =      5654.7365  VDWAALS    =      6749.5521
 EELEC  =    -76056.0877  EHBOND  =         0.0000  RESTRAINT  =       106.5845
 EAMBER (non-restraint)  =    -61009.2171
 EKCMT  =      4091.1935  VIRIAL  =      4555.2599  VOLUME     =    156041.3440
                                                    Density    =         1.0354
 ------------------------------------------------------------------------------

wrapping first mol.:       19.57703       27.68609       47.95372
wrapping first mol.:       19.57703       27.68609       47.95372

 NSTEP =     2000   TIME(PS) =    1404.000  TEMP(K) =   300.53  PRESS =  -315.3
 Etot   =    -51307.3289  EKtot   =      9771.8877  EPtot      =    -61079.2165
 BOND   =       392.1238  ANGLE   =       994.6198  DIHED      =       723.0889
 1-4 NB =       460.0612  1-4 EEL =      5655.9144  VDWAALS    =      6587.6198
 EELEC  =    -75997.3956  EHBOND  =         0.0000  RESTRAINT  =       104.7511
 EAMBER (non-restraint)  =    -61183.9677
 EKCMT  =      4147.9376  VIRIAL  =      5209.7615  VOLUME     =    155953.1197
                                                    Density    =         1.0360
 ------------------------------------------------------------------------------

wrapping first mol.:       19.58384       27.69573       47.97041
wrapping first mol.:       19.58384       27.69573       47.97041

 NSTEP =     2500   TIME(PS) =    1405.000  TEMP(K) =   298.52  PRESS =   238.7
 Etot   =    -51171.1246  EKtot   =      9706.6279  EPtot      =    -60877.7526
 BOND   =       398.8566  ANGLE   =      1042.3299  DIHED      =       721.0416
 1-4 NB =       459.5159  1-4 EEL =      5707.8323  VDWAALS    =      6810.3492
 EELEC  =    -76122.4798  EHBOND  =         0.0000  RESTRAINT  =       104.8017
 EAMBER (non-restraint)  =    -60982.5543
 EKCMT  =      4069.8167  VIRIAL  =      3265.1198  VOLUME     =    156108.2950
                                                    Density    =         1.0349
 ------------------------------------------------------------------------------

wrapping first mol.:       19.56613       27.67068       47.92703
wrapping first mol.:       19.56613       27.67068       47.92703

 NSTEP =     3000   TIME(PS) =    1406.000  TEMP(K) =   302.02  PRESS =   141.8
 Etot   =    -51144.6293  EKtot   =      9820.2949  EPtot      =    -60964.9242
 BOND   =       403.3534  ANGLE   =      1079.3050  DIHED      =       689.5998
 1-4 NB =       444.8121  1-4 EEL =      5658.7440  VDWAALS    =      6881.3055
 EELEC  =    -76226.3427  EHBOND  =         0.0000  RESTRAINT  =       104.2988
 EAMBER (non-restraint)  =    -61069.2230
 EKCMT  =      4100.4770  VIRIAL  =      3623.9530  VOLUME     =    155686.5178
                                                    Density    =         1.0378
 ------------------------------------------------------------------------------

wrapping first mol.:       19.56123       27.66376       47.91504
wrapping first mol.:       19.56123       27.66376       47.91504

 NSTEP =     3500   TIME(PS) =    1407.000  TEMP(K) =   301.66  PRESS =  -264.6
 Etot   =    -51119.3293  EKtot   =      9808.4775  EPtot      =    -60927.8068
 BOND   =       400.1316  ANGLE   =      1073.9431  DIHED      =       712.8343
 1-4 NB =       465.8310  1-4 EEL =      5654.5508  VDWAALS    =      6646.6279
 EELEC  =    -75986.1736  EHBOND  =         0.0000  RESTRAINT  =       104.4482
 EAMBER (non-restraint)  =    -61032.2550
 EKCMT  =      4074.5167  VIRIAL  =      4963.3810  VOLUME     =    155575.3310
                                                    Density    =         1.0385
 ------------------------------------------------------------------------------

wrapping first mol.:       19.56612       27.67067       47.92700
wrapping first mol.:       19.56612       27.67067       47.92700

 NSTEP =     4000   TIME(PS) =    1408.000  TEMP(K) =   302.54  PRESS =   119.1
 Etot   =    -51219.8349  EKtot   =      9837.3330  EPtot      =    -61057.1679
 BOND   =       399.7382  ANGLE   =      1050.1236  DIHED      =       698.5381
 1-4 NB =       445.1630  1-4 EEL =      5621.7256  VDWAALS    =      6928.3834
 EELEC  =    -76303.6752  EHBOND  =         0.0000  RESTRAINT  =       102.8354
 EAMBER (non-restraint)  =    -61160.0033
 EKCMT  =      4164.8684  VIRIAL  =      3764.5729  VOLUME     =    155686.5842
                                                    Density    =         1.0378
 ------------------------------------------------------------------------------

wrapping first mol.:       19.58182       27.69288       47.96547
wrapping first mol.:       19.58182       27.69288       47.96547

 NSTEP =     4500   TIME(PS) =    1409.000  TEMP(K) =   302.86  PRESS =    43.4
 Etot   =    -50935.0382  EKtot   =      9847.5117  EPtot      =    -60782.5499
 BOND   =       409.3386  ANGLE   =      1048.1485  DIHED      =       711.5563
 1-4 NB =       459.6921  1-4 EEL =      5646.9227  VDWAALS    =      6730.3845
 EELEC  =    -75911.9280  EHBOND  =         0.0000  RESTRAINT  =       123.3353
 EAMBER (non-restraint)  =    -60905.8853
 EKCMT  =      4131.2773  VIRIAL  =      3984.8732  VOLUME     =    156062.7682
                                                    Density    =         1.0352
 ------------------------------------------------------------------------------

wrapping first mol.:       19.57257       27.67979       47.94281
wrapping first mol.:       19.57257       27.67979       47.94281

 NSTEP =     5000   TIME(PS) =    1410.000  TEMP(K) =   301.83  PRESS =   -30.5
 Etot   =    -51257.6846  EKtot   =      9814.2344  EPtot      =    -61071.9190
 BOND   =       385.7602  ANGLE   =      1061.7016  DIHED      =       708.3724
 1-4 NB =       462.7582  1-4 EEL =      5634.9389  VDWAALS    =      6842.4620
 EELEC  =    -76279.8859  EHBOND  =         0.0000  RESTRAINT  =       111.9736
 EAMBER (non-restraint)  =    -61183.8926
 EKCMT  =      4139.6282  VIRIAL  =      4242.4015  VOLUME     =    155842.7140
                                                    Density    =         1.0367
 ------------------------------------------------------------------------------

wrapping first mol.:       19.57595       27.68458       47.95110
wrapping first mol.:       19.57595       27.68458       47.95110

 NSTEP =     5500   TIME(PS) =    1411.000  TEMP(K) =   297.19  PRESS =   202.4
 Etot   =    -51181.3049  EKtot   =      9663.2031  EPtot      =    -60844.5080
 BOND   =       395.9689  ANGLE   =      1054.8294  DIHED      =       709.6609
 1-4 NB =       459.6810  1-4 EEL =      5626.4938  VDWAALS    =      6794.0834
 EELEC  =    -76005.4672  EHBOND  =         0.0000  RESTRAINT  =       120.2418
 EAMBER (non-restraint)  =    -60964.7497
 EKCMT  =      3998.8058  VIRIAL  =      3317.4422  VOLUME     =    155920.3337
                                                    Density    =         1.0362
 ------------------------------------------------------------------------------

wrapping first mol.:       19.59118       27.70611       47.98839
wrapping first mol.:       19.59118       27.70611       47.98839

 NSTEP =     6000   TIME(PS) =    1412.000  TEMP(K) =   303.97  PRESS =   375.9
 Etot   =    -50984.8473  EKtot   =      9883.5527  EPtot      =    -60868.4000
 BOND   =       415.1845  ANGLE   =      1019.5787  DIHED      =       706.9714
 1-4 NB =       456.8184  1-4 EEL =      5639.9621  VDWAALS    =      6964.0194
 EELEC  =    -76176.6945  EHBOND  =         0.0000  RESTRAINT  =       105.7600
 EAMBER (non-restraint)  =    -60974.1600
 EKCMT  =      4102.4654  VIRIAL  =      2834.1627  VOLUME     =    156282.0127
                                                    Density    =         1.0338
 ------------------------------------------------------------------------------

wrapping first mol.:       19.58499       27.69736       47.97323
wrapping first mol.:       19.58499       27.69736       47.97323

 NSTEP =     6500   TIME(PS) =    1413.000  TEMP(K) =   300.67  PRESS =  -158.9
 Etot   =    -51062.4412  EKtot   =      9776.5645  EPtot      =    -60839.0056
 BOND   =       413.9217  ANGLE   =      1010.7749  DIHED      =       698.8598
 1-4 NB =       456.4801  1-4 EEL =      5668.9866  VDWAALS    =      6582.7065
 EELEC  =    -75786.7436  EHBOND  =         0.0000  RESTRAINT  =       116.0084
 EAMBER (non-restraint)  =    -60955.0141
 EKCMT  =      4129.1376  VIRIAL  =      4664.8719  VOLUME     =    156141.3796
                                                    Density    =         1.0347
 ------------------------------------------------------------------------------

wrapping first mol.:       19.58623       27.69912       47.97627
wrapping first mol.:       19.58623       27.69912       47.97627

 NSTEP =     7000   TIME(PS) =    1414.000  TEMP(K) =   301.62  PRESS =  -128.5
 Etot   =    -51288.9870  EKtot   =      9807.2500  EPtot      =    -61096.2370
 BOND   =       421.6386  ANGLE   =      1068.2119  DIHED      =       717.5537
 1-4 NB =       452.2492  1-4 EEL =      5635.9825  VDWAALS    =      6824.5571
 EELEC  =    -76318.5696  EHBOND  =         0.0000  RESTRAINT  =       102.1395
 EAMBER (non-restraint)  =    -61198.3765
 EKCMT  =      4171.7690  VIRIAL  =      4605.1069  VOLUME     =    156170.6818
                                                    Density    =         1.0345
 ------------------------------------------------------------------------------

wrapping first mol.:       19.59066       27.70538       47.98712
wrapping first mol.:       19.59066       27.70538       47.98712

 NSTEP =     7500   TIME(PS) =    1415.000  TEMP(K) =   298.59  PRESS =   480.4
 Etot   =    -51213.1369  EKtot   =      9708.7539  EPtot      =    -60921.8908
 BOND   =       366.8954  ANGLE   =      1069.9015  DIHED      =       709.6140
 1-4 NB =       459.5859  1-4 EEL =      5627.8357  VDWAALS    =      7029.4138
 EELEC  =    -76301.0195  EHBOND  =         0.0000  RESTRAINT  =       115.8824
 EAMBER (non-restraint)  =    -61037.7732
 EKCMT  =      4077.2353  VIRIAL  =      2456.4711  VOLUME     =    156268.1844
                                                    Density    =         1.0339
 ------------------------------------------------------------------------------

wrapping first mol.:       19.59381       27.70983       47.99484
wrapping first mol.:       19.59381       27.70983       47.99484

 NSTEP =     8000   TIME(PS) =    1416.000  TEMP(K) =   300.74  PRESS =   159.5
 Etot   =    -51136.0974  EKtot   =      9778.6602  EPtot      =    -60914.7576
 BOND   =       419.5779  ANGLE   =      1056.7919  DIHED      =       726.0045
 1-4 NB =       461.8310  1-4 EEL =      5624.6007  VDWAALS    =      6865.2970
 EELEC  =    -76184.9049  EHBOND  =         0.0000  RESTRAINT  =       116.0443
 EAMBER (non-restraint)  =    -61030.8019
 EKCMT  =      4097.1205  VIRIAL  =      3558.7301  VOLUME     =    156348.0303
                                                    Density    =         1.0334
 ------------------------------------------------------------------------------

wrapping first mol.:       19.58033       27.69077       47.96181
wrapping first mol.:       19.58033       27.69077       47.96181

 NSTEP =     8500   TIME(PS) =    1417.000  TEMP(K) =   302.10  PRESS =    51.8
 Etot   =    -50874.3480  EKtot   =      9822.8271  EPtot      =    -60697.1751
 BOND   =       391.6427  ANGLE   =      1037.7293  DIHED      =       723.5827
 1-4 NB =       448.4344  1-4 EEL =      5677.3396  VDWAALS    =      6655.5666
 EELEC  =    -75750.9506  EHBOND  =         0.0000  RESTRAINT  =       119.4802
 EAMBER (non-restraint)  =    -60816.6553
 EKCMT  =      4067.6136  VIRIAL  =      3893.1671  VOLUME     =    156026.9940
                                                    Density    =         1.0355
 ------------------------------------------------------------------------------

wrapping first mol.:       19.58003       27.69034       47.96108
wrapping first mol.:       19.58003       27.69034       47.96108

 NSTEP =     9000   TIME(PS) =    1418.000  TEMP(K) =   298.79  PRESS =   313.6
 Etot   =    -51118.7449  EKtot   =      9715.3887  EPtot      =    -60834.1336
 BOND   =       403.6439  ANGLE   =      1055.3091  DIHED      =       718.3976
 1-4 NB =       457.0948  1-4 EEL =      5669.4450  VDWAALS    =      6717.6258
 EELEC  =    -75969.4555  EHBOND  =         0.0000  RESTRAINT  =       113.8056
 EAMBER (non-restraint)  =    -60947.9391
 EKCMT  =      4069.9841  VIRIAL  =      3013.7341  VOLUME     =    156016.2000
                                                    Density    =         1.0356
 ------------------------------------------------------------------------------

wrapping first mol.:       19.56607       27.67060       47.92688
wrapping first mol.:       19.56607       27.67060       47.92688

 NSTEP =     9500   TIME(PS) =    1419.000  TEMP(K) =   301.48  PRESS =  -181.3
 Etot   =    -51200.1019  EKtot   =      9802.7305  EPtot      =    -61002.8324
 BOND   =       417.7379  ANGLE   =      1042.4313  DIHED      =       708.7519
 1-4 NB =       459.1408  1-4 EEL =      5664.8009  VDWAALS    =      6706.3350
 EELEC  =    -76116.0901  EHBOND  =         0.0000  RESTRAINT  =       114.0598
 EAMBER (non-restraint)  =    -61116.8922
 EKCMT  =      4011.2871  VIRIAL  =      4620.6474  VOLUME     =    155689.5328
                                                    Density    =         1.0377
 ------------------------------------------------------------------------------

wrapping first mol.:       19.56192       27.66473       47.91671
wrapping first mol.:       19.56192       27.66473       47.91671

 NSTEP =    10000   TIME(PS) =    1420.000  TEMP(K) =   298.41  PRESS =    99.6
 Etot   =    -51199.5048  EKtot   =      9703.0859  EPtot      =    -60902.5908
 BOND   =       393.3047  ANGLE   =      1053.1018  DIHED      =       731.7645
 1-4 NB =       463.9736  1-4 EEL =      5648.0732  VDWAALS    =      6653.0585
 EELEC  =    -75956.4951  EHBOND  =         0.0000  RESTRAINT  =       110.6281
 EAMBER (non-restraint)  =    -61013.2189
 EKCMT  =      3993.4410  VIRIAL  =      3658.7341  VOLUME     =    155586.5426
                                                    Density    =         1.0384
 ------------------------------------------------------------------------------

wrapping first mol.:       19.56330       27.66669       47.92010
wrapping first mol.:       19.56330       27.66669       47.92010

 NSTEP =    10500   TIME(PS) =    1421.000  TEMP(K) =   294.86  PRESS =   220.6
 Etot   =    -51362.7846  EKtot   =      9587.4521  EPtot      =    -60950.2367
 BOND   =       413.6353  ANGLE   =      1058.4256  DIHED      =       699.5335
 1-4 NB =       448.4663  1-4 EEL =      5646.5045  VDWAALS    =      6867.1856
 EELEC  =    -76194.2252  EHBOND  =         0.0000  RESTRAINT  =       110.2378
 EAMBER (non-restraint)  =    -61060.4745
 EKCMT  =      4032.2138  VIRIAL  =      3291.1130  VOLUME     =    155617.9474
                                                    Density    =         1.0382
 ------------------------------------------------------------------------------

wrapping first mol.:       19.58554       27.69813       47.97457
wrapping first mol.:       19.58554       27.69813       47.97457

 NSTEP =    11000   TIME(PS) =    1422.000  TEMP(K) =   301.76  PRESS =   159.1
 Etot   =    -51078.2967  EKtot   =      9812.0098  EPtot      =    -60890.3065
 BOND   =       395.8945  ANGLE   =      1026.8861  DIHED      =       735.3815
 1-4 NB =       444.7263  1-4 EEL =      5694.8592  VDWAALS    =      6867.2821
 EELEC  =    -76154.0893  EHBOND  =         0.0000  RESTRAINT  =        98.7531
 EAMBER (non-restraint)  =    -60989.0595
 EKCMT  =      4089.9060  VIRIAL  =      3553.3646  VOLUME     =    156150.0196
                                                    Density    =         1.0347
 ------------------------------------------------------------------------------

wrapping first mol.:       19.56679       27.67161       47.92864
wrapping first mol.:       19.56679       27.67161       47.92864

 NSTEP =    11500   TIME(PS) =    1423.000  TEMP(K) =   301.06  PRESS =  -142.7
 Etot   =    -50994.0785  EKtot   =      9789.1436  EPtot      =    -60783.2221
 BOND   =       399.9380  ANGLE   =      1042.7158  DIHED      =       736.5467
 1-4 NB =       446.1524  1-4 EEL =      5695.7372  VDWAALS    =      6666.9667
 EELEC  =    -75882.7862  EHBOND  =         0.0000  RESTRAINT  =       111.5073
 EAMBER (non-restraint)  =    -60894.7294
 EKCMT  =      4048.7748  VIRIAL  =      4528.3848  VOLUME     =    155706.1648
                                                    Density    =         1.0376
 ------------------------------------------------------------------------------

wrapping first mol.:       19.57676       27.68571       47.95306
wrapping first mol.:       19.57676       27.68571       47.95306

 NSTEP =    12000   TIME(PS) =    1424.000  TEMP(K) =   300.48  PRESS =   277.4
 Etot   =    -51045.7284  EKtot   =      9770.1914  EPtot      =    -60815.9198
 BOND   =       428.9618  ANGLE   =      1045.7465  DIHED      =       717.1838
 1-4 NB =       449.9489  1-4 EEL =      5660.4061  VDWAALS    =      6719.3767
 EELEC  =    -75939.9908  EHBOND  =         0.0000  RESTRAINT  =       102.4472
 EAMBER (non-restraint)  =    -60918.3670
 EKCMT  =      4139.6596  VIRIAL  =      3205.8454  VOLUME     =    155938.4209
                                                    Density    =         1.0361
 ------------------------------------------------------------------------------

wrapping first mol.:       19.57159       27.67841       47.94040
wrapping first mol.:       19.57159       27.67841       47.94040

 NSTEP =    12500   TIME(PS) =    1425.000  TEMP(K) =   299.78  PRESS =   -99.0
 Etot   =    -51343.3338  EKtot   =      9747.4717  EPtot      =    -61090.8054
 BOND   =       398.2555  ANGLE   =      1032.3187  DIHED      =       710.2598
 1-4 NB =       456.9086  1-4 EEL =      5630.2446  VDWAALS    =      6798.0370
 EELEC  =    -76228.8275  EHBOND  =         0.0000  RESTRAINT  =       111.9980
 EAMBER (non-restraint)  =    -61202.8034
 EKCMT  =      4045.6062  VIRIAL  =      4378.7177  VOLUME     =    155820.2248
                                                    Density    =         1.0369
 ------------------------------------------------------------------------------

wrapping first mol.:       19.56322       27.66657       47.91989
wrapping first mol.:       19.56322       27.66657       47.91989

 NSTEP =    13000   TIME(PS) =    1426.000  TEMP(K) =   302.91  PRESS =  -213.1
 Etot   =    -51101.6115  EKtot   =      9849.1680  EPtot      =    -60950.7795
 BOND   =       388.9778  ANGLE   =      1066.3700  DIHED      =       703.1421
 1-4 NB =       456.1522  1-4 EEL =      5691.7050  VDWAALS    =      6654.0797
 EELEC  =    -76020.3650  EHBOND  =         0.0000  RESTRAINT  =       109.1587
 EAMBER (non-restraint)  =    -61059.9382
 EKCMT  =      4101.7257  VIRIAL  =      4817.7356  VOLUME     =    155621.9150
                                                    Density    =         1.0382
 ------------------------------------------------------------------------------

wrapping first mol.:       19.56337       27.66679       47.92028
wrapping first mol.:       19.56337       27.66679       47.92028

 NSTEP =    13500   TIME(PS) =    1427.000  TEMP(K) =   297.44  PRESS =   -51.3
 Etot   =    -51245.4727  EKtot   =      9671.5010  EPtot      =    -60916.9737
 BOND   =       384.5536  ANGLE   =      1058.2450  DIHED      =       725.4966
 1-4 NB =       462.8970  1-4 EEL =      5653.9870  VDWAALS    =      6706.1676
 EELEC  =    -76020.9577  EHBOND  =         0.0000  RESTRAINT  =       112.6373
 EAMBER (non-restraint)  =    -61029.6110
 EKCMT  =      4069.0699  VIRIAL  =      4241.5002  VOLUME     =    155623.4288
                                                    Density    =         1.0382
 ------------------------------------------------------------------------------

wrapping first mol.:       19.57936       27.68939       47.95943
wrapping first mol.:       19.57936       27.68939       47.95943

 NSTEP =    14000   TIME(PS) =    1428.000  TEMP(K) =   300.22  PRESS =  -226.8
 Etot   =    -50927.7793  EKtot   =      9761.8633  EPtot      =    -60689.6425
 BOND   =       397.7368  ANGLE   =      1047.1810  DIHED      =       726.5978
 1-4 NB =       469.1247  1-4 EEL =      5670.3418  VDWAALS    =      6711.5327
 EELEC  =    -75815.1104  EHBOND  =         0.0000  RESTRAINT  =       102.9530
 EAMBER (non-restraint)  =    -60792.5956
 EKCMT  =      4038.7482  VIRIAL  =      4802.5855  VOLUME     =    156007.6243
                                                    Density    =         1.0356
 ------------------------------------------------------------------------------

wrapping first mol.:       19.56607       27.67060       47.92688
wrapping first mol.:       19.56607       27.67060       47.92688

 NSTEP =    14500   TIME(PS) =    1429.000  TEMP(K) =   300.55  PRESS =  -297.3
 Etot   =    -51075.8441  EKtot   =      9772.4443  EPtot      =    -60848.2884
 BOND   =       407.1205  ANGLE   =      1049.2556  DIHED      =       706.8031
 1-4 NB =       476.3449  1-4 EEL =      5681.0784  VDWAALS    =      6711.6633
 EELEC  =    -75982.9687  EHBOND  =         0.0000  RESTRAINT  =       102.4144
 EAMBER (non-restraint)  =    -60950.7029
 EKCMT  =      4051.6310  VIRIAL  =      5051.1327  VOLUME     =    155691.1908
                                                    Density    =         1.0377
 ------------------------------------------------------------------------------

wrapping first mol.:       19.58054       27.69107       47.96233
wrapping first mol.:       19.58054       27.69107       47.96233

 NSTEP =    15000   TIME(PS) =    1430.000  TEMP(K) =   302.12  PRESS =    65.2
 Etot   =    -50948.8802  EKtot   =      9823.5527  EPtot      =    -60772.4330
 BOND   =       387.1979  ANGLE   =      1058.2318  DIHED      =       705.5285
 1-4 NB =       449.0364  1-4 EEL =      5654.9518  VDWAALS    =      6763.8368
 EELEC  =    -75885.3677  EHBOND  =         0.0000  RESTRAINT  =        94.1515
 EAMBER (non-restraint)  =    -60866.5845
 EKCMT  =      4072.7558  VIRIAL  =      3853.1592  VOLUME     =    156031.8521
                                                    Density    =         1.0355
 ------------------------------------------------------------------------------

wrapping first mol.:       19.58642       27.69938       47.97673
wrapping first mol.:       19.58642       27.69938       47.97673

 NSTEP =    15500   TIME(PS) =    1431.000  TEMP(K) =   299.86  PRESS =  -137.7
 Etot   =    -51085.3511  EKtot   =      9750.1846  EPtot      =    -60835.5357
 BOND   =       396.4047  ANGLE   =      1070.9503  DIHED      =       728.6108
 1-4 NB =       454.8882  1-4 EEL =      5665.1672  VDWAALS    =      6763.8860
 EELEC  =    -76027.6635  EHBOND  =         0.0000  RESTRAINT  =       112.2205
 EAMBER (non-restraint)  =    -60947.7562
 EKCMT  =      4054.0884  VIRIAL  =      4518.3003  VOLUME     =    156175.2674
                                                    Density    =         1.0345
 ------------------------------------------------------------------------------

wrapping first mol.:       19.55980       27.66173       47.91152
wrapping first mol.:       19.55980       27.66173       47.91152

 NSTEP =    16000   TIME(PS) =    1432.000  TEMP(K) =   299.51  PRESS =   -67.1
 Etot   =    -51153.9450  EKtot   =      9738.7520  EPtot      =    -60892.6970
 BOND   =       391.2750  ANGLE   =      1082.5737  DIHED      =       732.0839
 1-4 NB =       482.3067  1-4 EEL =      5687.1405  VDWAALS    =      6681.3620
 EELEC  =    -76057.1107  EHBOND  =         0.0000  RESTRAINT  =       107.6720
 EAMBER (non-restraint)  =    -61000.3690
 EKCMT  =      4139.8793  VIRIAL  =      4365.3237  VOLUME     =    155538.3446
                                                    Density    =         1.0387
 ------------------------------------------------------------------------------

wrapping first mol.:       19.56262       27.66572       47.91844
wrapping first mol.:       19.56262       27.66572       47.91844

 NSTEP =    16500   TIME(PS) =    1433.000  TEMP(K) =   303.04  PRESS =  -367.5
 Etot   =    -51225.1397  EKtot   =      9853.5205  EPtot      =    -61078.6602
 BOND   =       412.6133  ANGLE   =      1023.5586  DIHED      =       714.4638
 1-4 NB =       457.6027  1-4 EEL =      5683.1076  VDWAALS    =      6654.8629
 EELEC  =    -76134.1864  EHBOND  =         0.0000  RESTRAINT  =       109.3173
 EAMBER (non-restraint)  =    -61187.9775
 EKCMT  =      4148.0555  VIRIAL  =      5382.6548  VOLUME     =    155609.8777
                                                    Density    =         1.0383
 ------------------------------------------------------------------------------

wrapping first mol.:       19.56484       27.66886       47.92387
wrapping first mol.:       19.56484       27.66886       47.92387

 NSTEP =    17000   TIME(PS) =    1434.000  TEMP(K) =   305.77  PRESS =   -91.8
 Etot   =    -51174.7724  EKtot   =      9942.2109  EPtot      =    -61116.9833
 BOND   =       387.7911  ANGLE   =      1001.8416  DIHED      =       729.1161
 1-4 NB =       452.8959  1-4 EEL =      5667.5546  VDWAALS    =      6847.5453
 EELEC  =    -76314.2370  EHBOND  =         0.0000  RESTRAINT  =       110.5089
 EAMBER (non-restraint)  =    -61227.4923
 EKCMT  =      4165.6458  VIRIAL  =      4474.2515  VOLUME     =    155659.0036
                                                    Density    =         1.0379
 ------------------------------------------------------------------------------

wrapping first mol.:       19.57024       27.67650       47.93709
wrapping first mol.:       19.57024       27.67650       47.93709

 NSTEP =    17500   TIME(PS) =    1435.000  TEMP(K) =   300.55  PRESS =  -298.6
 Etot   =    -50936.0109  EKtot   =      9772.4355  EPtot      =    -60708.4465
 BOND   =       372.9489  ANGLE   =      1071.8680  DIHED      =       728.1029
 1-4 NB =       458.5782  1-4 EEL =      5691.8989  VDWAALS    =      6562.5415
 EELEC  =    -75701.8351  EHBOND  =         0.0000  RESTRAINT  =       107.4501
 EAMBER (non-restraint)  =    -60815.8966
 EKCMT  =      4008.5737  VIRIAL  =      5012.8847  VOLUME     =    155790.7432
                                                    Density    =         1.0371
 ------------------------------------------------------------------------------

wrapping first mol.:       19.56207       27.66495       47.91710
wrapping first mol.:       19.56207       27.66495       47.91710

 NSTEP =    18000   TIME(PS) =    1436.000  TEMP(K) =   298.31  PRESS =   119.2
 Etot   =    -51124.3294  EKtot   =      9699.5225  EPtot      =    -60823.8519
 BOND   =       418.3533  ANGLE   =      1064.1186  DIHED      =       739.5320
 1-4 NB =       457.2781  1-4 EEL =      5657.8967  VDWAALS    =      6829.8459
 EELEC  =    -76105.3097  EHBOND  =         0.0000  RESTRAINT  =       114.4331
 EAMBER (non-restraint)  =    -60938.2850
 EKCMT  =      4062.6858  VIRIAL  =      3662.1598  VOLUME     =    155590.0639
                                                    Density    =         1.0384
 ------------------------------------------------------------------------------

wrapping first mol.:       19.56203       27.66488       47.91697
wrapping first mol.:       19.56203       27.66488       47.91697

 NSTEP =    18500   TIME(PS) =    1437.000  TEMP(K) =   299.95  PRESS =   143.6
 Etot   =    -50969.8711  EKtot   =      9752.9424  EPtot      =    -60722.8135
 BOND   =       433.1089  ANGLE   =      1057.8900  DIHED      =       712.0981
 1-4 NB =       456.1287  1-4 EEL =      5676.9058  VDWAALS    =      6634.8285
 EELEC  =    -75804.5061  EHBOND  =         0.0000  RESTRAINT  =       110.7325
 EAMBER (non-restraint)  =    -60833.5460
 EKCMT  =      4092.4953  VIRIAL  =      3610.0397  VOLUME     =    155588.5422
                                                    Density    =         1.0384
 ------------------------------------------------------------------------------

wrapping first mol.:       19.55585       27.65615       47.90185
wrapping first mol.:       19.55585       27.65615       47.90185

 NSTEP =    19000   TIME(PS) =    1438.000  TEMP(K) =   300.35  PRESS =   303.6
 Etot   =    -50864.0664  EKtot   =      9765.8994  EPtot      =    -60629.9658
 BOND   =       391.0139  ANGLE   =      1073.9996  DIHED      =       708.6862
 1-4 NB =       460.7941  1-4 EEL =      5625.0479  VDWAALS    =      6741.5573
 EELEC  =    -75739.6077  EHBOND  =         0.0000  RESTRAINT  =       108.5428
 EAMBER (non-restraint)  =    -60738.5086
 EKCMT  =      4085.2987  VIRIAL  =      3066.3311  VOLUME     =    155439.0179
                                                    Density    =         1.0394
 ------------------------------------------------------------------------------

wrapping first mol.:       19.56126       27.66379       47.91509
wrapping first mol.:       19.56126       27.66379       47.91509

 NSTEP =    19500   TIME(PS) =    1439.000  TEMP(K) =   302.57  PRESS =   165.9
 Etot   =    -51108.9531  EKtot   =      9838.1016  EPtot      =    -60947.0547
 BOND   =       440.8345  ANGLE   =      1038.6920  DIHED      =       697.6097
 1-4 NB =       450.5300  1-4 EEL =      5654.6097  VDWAALS    =      6848.8062
 EELEC  =    -76185.2883  EHBOND  =         0.0000  RESTRAINT  =       107.1516
 EAMBER (non-restraint)  =    -61054.2063
 EKCMT  =      4161.5093  VIRIAL  =      3604.2995  VOLUME     =    155569.8762
                                                    Density    =         1.0385
 ------------------------------------------------------------------------------

wrapping first mol.:       19.56246       27.66549       47.91804
wrapping first mol.:       19.56246       27.66549       47.91804

 NSTEP =    20000   TIME(PS) =    1440.000  TEMP(K) =   303.02  PRESS =    15.2
 Etot   =    -51013.0604  EKtot   =      9852.8496  EPtot      =    -60865.9100
 BOND   =       439.6048  ANGLE   =      1042.3877  DIHED      =       704.4076
 1-4 NB =       461.4365  1-4 EEL =      5610.5785  VDWAALS    =      6697.6778
 EELEC  =    -75935.8141  EHBOND  =         0.0000  RESTRAINT  =       113.8112
 EAMBER (non-restraint)  =    -60979.7212
 EKCMT  =      4145.7559  VIRIAL  =      4094.6067  VOLUME     =    155600.6689
                                                    Density    =         1.0383
 ------------------------------------------------------------------------------

wrapping first mol.:       19.57123       27.67790       47.93953
wrapping first mol.:       19.57123       27.67790       47.93953

 NSTEP =    20500   TIME(PS) =    1441.000  TEMP(K) =   297.81  PRESS =    44.1
 Etot   =    -51221.1728  EKtot   =      9683.5781  EPtot      =    -60904.7509
 BOND   =       418.7051  ANGLE   =      1095.5443  DIHED      =       726.8148
 1-4 NB =       450.7001  1-4 EEL =      5642.2001  VDWAALS    =      6724.7034
 EELEC  =    -76069.2457  EHBOND  =         0.0000  RESTRAINT  =       105.8270
 EAMBER (non-restraint)  =    -61010.5779
 EKCMT  =      4046.2407  VIRIAL  =      3898.0459  VOLUME     =    155809.7339
                                                    Density    =         1.0369
 ------------------------------------------------------------------------------

wrapping first mol.:       19.56048       27.66269       47.91318
wrapping first mol.:       19.56048       27.66269       47.91318

 NSTEP =    21000   TIME(PS) =    1442.000  TEMP(K) =   299.04  PRESS =   170.8
 Etot   =    -51219.6104  EKtot   =      9723.3037  EPtot      =    -60942.9141
 BOND   =       419.5427  ANGLE   =      1046.0115  DIHED      =       726.1630
 1-4 NB =       454.7770  1-4 EEL =      5688.9286  VDWAALS    =      6900.3814
 EELEC  =    -76298.8250  EHBOND  =         0.0000  RESTRAINT  =       120.1068
 EAMBER (non-restraint)  =    -61063.0209
 EKCMT  =      4135.9408  VIRIAL  =      3562.3750  VOLUME     =    155551.2309
                                                    Density    =         1.0387
 ------------------------------------------------------------------------------

wrapping first mol.:       19.57155       27.67835       47.94030
wrapping first mol.:       19.57155       27.67835       47.94030

 NSTEP =    21500   TIME(PS) =    1443.000  TEMP(K) =   303.73  PRESS =   248.2
 Etot   =    -51113.1958  EKtot   =      9875.9443  EPtot      =    -60989.1401
 BOND   =       382.0068  ANGLE   =      1024.7911  DIHED      =       740.9634
 1-4 NB =       457.6660  1-4 EEL =      5671.3867  VDWAALS    =      6771.0880
 EELEC  =    -76148.1626  EHBOND  =         0.0000  RESTRAINT  =       111.1206
 EAMBER (non-restraint)  =    -61100.2607
 EKCMT  =      4158.7262  VIRIAL  =      3323.8261  VOLUME     =    155814.3874
                                                    Density    =         1.0369
 ------------------------------------------------------------------------------

wrapping first mol.:       19.54927       27.64685       47.88574
wrapping first mol.:       19.54927       27.64685       47.88574

 NSTEP =    22000   TIME(PS) =    1444.000  TEMP(K) =   295.83  PRESS =    28.2
 Etot   =    -51283.7349  EKtot   =      9619.1367  EPtot      =    -60902.8716
 BOND   =       391.2711  ANGLE   =      1109.7085  DIHED      =       695.3217
 1-4 NB =       450.0909  1-4 EEL =      5651.5399  VDWAALS    =      6674.6544
 EELEC  =    -75995.8529  EHBOND  =         0.0000  RESTRAINT  =       120.3950
 EAMBER (non-restraint)  =    -61023.2666
 EKCMT  =      4017.5892  VIRIAL  =      3922.9873  VOLUME     =    155286.0922
                                                    Density    =         1.0404
 ------------------------------------------------------------------------------

wrapping first mol.:       19.55518       27.65520       47.90021
wrapping first mol.:       19.55518       27.65520       47.90021

 NSTEP =    22500   TIME(PS) =    1445.000  TEMP(K) =   299.56  PRESS =    45.8
 Etot   =    -51297.1085  EKtot   =      9740.2803  EPtot      =    -61037.3888
 BOND   =       391.4660  ANGLE   =      1038.0140  DIHED      =       713.3044
 1-4 NB =       452.0126  1-4 EEL =      5666.6907  VDWAALS    =      6801.4476
 EELEC  =    -76202.6016  EHBOND  =         0.0000  RESTRAINT  =       102.2775
 EAMBER (non-restraint)  =    -61139.6663
 EKCMT  =      4119.2287  VIRIAL  =      3965.3645  VOLUME     =    155426.6415
                                                    Density    =         1.0395
 ------------------------------------------------------------------------------

wrapping first mol.:       19.55746       27.65843       47.90580
wrapping first mol.:       19.55746       27.65843       47.90580

 NSTEP =    23000   TIME(PS) =    1446.000  TEMP(K) =   300.92  PRESS =  -265.2
 Etot   =    -51146.3526  EKtot   =      9784.4824  EPtot      =    -60930.8350
 BOND   =       412.8372  ANGLE   =      1097.7088  DIHED      =       723.9970
 1-4 NB =       458.2482  1-4 EEL =      5667.7266  VDWAALS    =      6699.5663
 EELEC  =    -76101.6526  EHBOND  =         0.0000  RESTRAINT  =       110.7334
 EAMBER (non-restraint)  =    -61041.5685
 EKCMT  =      4066.5897  VIRIAL  =      4956.9424  VOLUME     =    155485.3735
                                                    Density    =         1.0391
 ------------------------------------------------------------------------------

wrapping first mol.:       19.56715       27.67212       47.92952
wrapping first mol.:       19.56715       27.67212       47.92952

 NSTEP =    23500   TIME(PS) =    1447.000  TEMP(K) =   301.24  PRESS =    -3.2
 Etot   =    -51155.3678  EKtot   =      9795.0840  EPtot      =    -60950.4518
 BOND   =       410.4086  ANGLE   =      1061.2086  DIHED      =       707.5836
 1-4 NB =       457.1158  1-4 EEL =      5654.4076  VDWAALS    =      6805.8944
 EELEC  =    -76156.6170  EHBOND  =         0.0000  RESTRAINT  =       109.5466
 EAMBER (non-restraint)  =    -61059.9983
 EKCMT  =      4101.5282  VIRIAL  =      4112.1381  VOLUME     =    155712.8103
                                                    Density    =         1.0376
 ------------------------------------------------------------------------------

wrapping first mol.:       19.55137       27.64981       47.89086
wrapping first mol.:       19.55137       27.64981       47.89086

 NSTEP =    24000   TIME(PS) =    1448.000  TEMP(K) =   294.50  PRESS =    -5.0
 Etot   =    -51564.4312  EKtot   =      9575.7744  EPtot      =    -61140.2056
 BOND   =       388.7993  ANGLE   =      1028.1909  DIHED      =       757.0733
 1-4 NB =       451.0404  1-4 EEL =      5649.2849  VDWAALS    =      6813.6340
 EELEC  =    -76331.8709  EHBOND  =         0.0000  RESTRAINT  =       103.6424
 EAMBER (non-restraint)  =    -61243.8480
 EKCMT  =      4043.6586  VIRIAL  =      4060.5760  VOLUME     =    155336.3914
                                                    Density    =         1.0401
 ------------------------------------------------------------------------------

wrapping first mol.:       19.55154       27.65005       47.89128
wrapping first mol.:       19.55154       27.65005       47.89128

 NSTEP =    24500   TIME(PS) =    1449.000  TEMP(K) =   302.63  PRESS =   359.3
 Etot   =    -51116.9544  EKtot   =      9840.1777  EPtot      =    -60957.1321
 BOND   =       392.0727  ANGLE   =      1025.8933  DIHED      =       709.5163
 1-4 NB =       471.0922  1-4 EEL =      5673.1953  VDWAALS    =      6813.9333
 EELEC  =    -76160.9254  EHBOND  =         0.0000  RESTRAINT  =       118.0900
 EAMBER (non-restraint)  =    -61075.2221
 EKCMT  =      4149.1151  VIRIAL  =      2944.0633  VOLUME     =    155335.3984
                                                    Density    =         1.0401
 ------------------------------------------------------------------------------

wrapping first mol.:       19.56215       27.66506       47.91729
wrapping first mol.:       19.56215       27.66506       47.91729

 NSTEP =    25000   TIME(PS) =    1450.000  TEMP(K) =   300.48  PRESS =  -101.7
 Etot   =    -51272.8699  EKtot   =      9770.0918  EPtot      =    -61042.9617
 BOND   =       412.4650  ANGLE   =      1040.6987  DIHED      =       723.3316
 1-4 NB =       461.6660  1-4 EEL =      5662.8490  VDWAALS    =      6774.8423
 EELEC  =    -76235.8026  EHBOND  =         0.0000  RESTRAINT  =       116.9882
 EAMBER (non-restraint)  =    -61159.9499
 EKCMT  =      4084.0990  VIRIAL  =      4425.6640  VOLUME     =    155594.9769
                                                    Density    =         1.0384
 ------------------------------------------------------------------------------

wrapping first mol.:       19.55316       27.65234       47.89526
wrapping first mol.:       19.55316       27.65234       47.89526

 NSTEP =    25500   TIME(PS) =    1451.000  TEMP(K) =   301.56  PRESS =   104.5
 Etot   =    -51123.9153  EKtot   =      9805.4717  EPtot      =    -60929.3869
 BOND   =       392.0240  ANGLE   =      1070.0694  DIHED      =       709.5242
 1-4 NB =       465.2312  1-4 EEL =      5636.7015  VDWAALS    =      6715.9839
 EELEC  =    -76033.0182  EHBOND  =         0.0000  RESTRAINT  =       114.0970
 EAMBER (non-restraint)  =    -61043.4839
 EKCMT  =      4093.9345  VIRIAL  =      3743.4194  VOLUME     =    155377.6396
                                                    Density    =         1.0398
 ------------------------------------------------------------------------------

wrapping first mol.:       19.56291       27.66613       47.91914
wrapping first mol.:       19.56291       27.66613       47.91914

 NSTEP =    26000   TIME(PS) =    1452.000  TEMP(K) =   297.02  PRESS =  -100.5
 Etot   =    -51242.3464  EKtot   =      9657.8398  EPtot      =    -60900.1863
 BOND   =       393.4265  ANGLE   =      1004.0070  DIHED      =       716.1455
 1-4 NB =       458.9751  1-4 EEL =      5653.7164  VDWAALS    =      6611.7163
 EELEC  =    -75844.0323  EHBOND  =         0.0000  RESTRAINT  =       105.8593
 EAMBER (non-restraint)  =    -61006.0455
 EKCMT  =      4038.0923  VIRIAL  =      4375.6985  VOLUME     =    155613.0480
                                                    Density    =         1.0382
 ------------------------------------------------------------------------------

wrapping first mol.:       19.56958       27.67557       47.93549
wrapping first mol.:       19.56958       27.67557       47.93549

 NSTEP =    26500   TIME(PS) =    1453.000  TEMP(K) =   300.83  PRESS =   160.5
 Etot   =    -51095.8236  EKtot   =      9781.4844  EPtot      =    -60877.3080
 BOND   =       417.8665  ANGLE   =      1004.8375  DIHED      =       710.7794
 1-4 NB =       454.5304  1-4 EEL =      5694.1163  VDWAALS    =      6859.0507
 EELEC  =    -76127.1273  EHBOND  =         0.0000  RESTRAINT  =       108.6387
 EAMBER (non-restraint)  =    -60985.9467
 EKCMT  =      4026.5856  VIRIAL  =      3486.6575  VOLUME     =    155768.7316
                                                    Density    =         1.0372
 ------------------------------------------------------------------------------

wrapping first mol.:       19.56198       27.66482       47.91686
wrapping first mol.:       19.56198       27.66482       47.91686

 NSTEP =    27000   TIME(PS) =    1454.000  TEMP(K) =   300.72  PRESS =  -102.3
 Etot   =    -51278.1256  EKtot   =      9778.1885  EPtot      =    -61056.3141
 BOND   =       412.9196  ANGLE   =      1039.7342  DIHED      =       732.9878
 1-4 NB =       432.8772  1-4 EEL =      5648.7047  VDWAALS    =      6839.2501
 EELEC  =    -76273.2066  EHBOND  =         0.0000  RESTRAINT  =       110.4190
 EAMBER (non-restraint)  =    -61166.7330
 EKCMT  =      4069.7444  VIRIAL  =      4413.3208  VOLUME     =    155590.8666
                                                    Density    =         1.0384
 ------------------------------------------------------------------------------

wrapping first mol.:       19.57267       27.67994       47.94306
wrapping first mol.:       19.57267       27.67994       47.94306

 NSTEP =    27500   TIME(PS) =    1455.000  TEMP(K) =   297.54  PRESS =   157.7
 Etot   =    -51094.9015  EKtot   =      9674.7129  EPtot      =    -60769.6144
 BOND   =       401.2701  ANGLE   =      1049.5598  DIHED      =       746.4157
 1-4 NB =       461.3253  1-4 EEL =      5649.9885  VDWAALS    =      6803.3584
 EELEC  =    -75987.2934  EHBOND  =         0.0000  RESTRAINT  =       105.7613
 EAMBER (non-restraint)  =    -60875.3757
 EKCMT  =      4026.6686  VIRIAL  =      3496.0312  VOLUME     =    155842.5738
                                                    Density    =         1.0367
 ------------------------------------------------------------------------------

wrapping first mol.:       19.56082       27.66317       47.91402
wrapping first mol.:       19.56082       27.66317       47.91402

 NSTEP =    28000   TIME(PS) =    1456.000  TEMP(K) =   301.80  PRESS =  -279.9
 Etot   =    -51100.6805  EKtot   =      9813.3115  EPtot      =    -60913.9920
 BOND   =       402.0737  ANGLE   =      1073.6224  DIHED      =       723.1901
 1-4 NB =       451.8815  1-4 EEL =      5673.2480  VDWAALS    =      6549.2281
 EELEC  =    -75894.8363  EHBOND  =         0.0000  RESTRAINT  =       107.6005
 EAMBER (non-restraint)  =    -61021.5925
 EKCMT  =      4063.7903  VIRIAL  =      5003.9667  VOLUME     =    155565.6168
                                                    Density    =         1.0386
 ------------------------------------------------------------------------------

wrapping first mol.:       19.55178       27.65040       47.89189
wrapping first mol.:       19.55178       27.65040       47.89189

 NSTEP =    28500   TIME(PS) =    1457.000  TEMP(K) =   302.32  PRESS =   225.1
 Etot   =    -51214.4587  EKtot   =      9829.9580  EPtot      =    -61044.4167
 BOND   =       362.1963  ANGLE   =      1021.1018  DIHED      =       717.8887
 1-4 NB =       472.4377  1-4 EEL =      5695.5643  VDWAALS    =      6696.2130
 EELEC  =    -76110.2022  EHBOND  =         0.0000  RESTRAINT  =       100.3838
 EAMBER (non-restraint)  =    -61144.8004
 EKCMT  =      4085.3326  VIRIAL  =      3330.3549  VOLUME     =    155343.1929
                                                    Density    =         1.0400
 ------------------------------------------------------------------------------

wrapping first mol.:       19.56004       27.66207       47.91211
wrapping first mol.:       19.56004       27.66207       47.91211

 NSTEP =    29000   TIME(PS) =    1458.000  TEMP(K) =   298.21  PRESS =    96.7
 Etot   =    -51248.5745  EKtot   =      9696.3662  EPtot      =    -60944.9407
 BOND   =       396.2669  ANGLE   =      1068.8217  DIHED      =       699.5364
 1-4 NB =       454.3812  1-4 EEL =      5648.6308  VDWAALS    =      6821.3680
 EELEC  =    -76149.1366  EHBOND  =         0.0000  RESTRAINT  =       115.1909
 EAMBER (non-restraint)  =    -61060.1316
 EKCMT  =      4098.8143  VIRIAL  =      3773.9520  VOLUME     =    155541.7986
                                                    Density    =         1.0387
 ------------------------------------------------------------------------------

wrapping first mol.:       19.57335       27.68089       47.94470
wrapping first mol.:       19.57335       27.68089       47.94470

 NSTEP =    29500   TIME(PS) =    1459.000  TEMP(K) =   296.86  PRESS =   191.2
 Etot   =    -51198.3409  EKtot   =      9652.6045  EPtot      =    -60850.9454
 BOND   =       386.4576  ANGLE   =      1055.7665  DIHED      =       716.3647
 1-4 NB =       450.3740  1-4 EEL =      5662.0235  VDWAALS    =      6802.3616
 EELEC  =    -76042.4810  EHBOND  =         0.0000  RESTRAINT  =       118.1877
 EAMBER (non-restraint)  =    -60969.1332
 EKCMT  =      4046.5070  VIRIAL  =      3403.0660  VOLUME     =    155858.1555
                                                    Density    =         1.0366
 ------------------------------------------------------------------------------

wrapping first mol.:       19.55484       27.65471       47.89937
wrapping first mol.:       19.55484       27.65471       47.89937

 NSTEP =    30000   TIME(PS) =    1460.000  TEMP(K) =   298.23  PRESS =  -127.1
 Etot   =    -51190.7201  EKtot   =      9696.9736  EPtot      =    -60887.6937
 BOND   =       423.1926  ANGLE   =      1016.4698  DIHED      =       704.5479
 1-4 NB =       460.4286  1-4 EEL =      5658.3422  VDWAALS    =      6737.3735
 EELEC  =    -75996.9095  EHBOND  =         0.0000  RESTRAINT  =       108.8612
 EAMBER (non-restraint)  =    -60996.5549
 EKCMT  =      4040.9939  VIRIAL  =      4467.5527  VOLUME     =    155420.8403
                                                    Density    =         1.0395
 ------------------------------------------------------------------------------

wrapping first mol.:       19.55724       27.65811       47.90525
wrapping first mol.:       19.55724       27.65811       47.90525

 NSTEP =    30500   TIME(PS) =    1461.000  TEMP(K) =   299.54  PRESS =  -187.2
 Etot   =    -51262.0411  EKtot   =      9739.6670  EPtot      =    -61001.7081
 BOND   =       397.0589  ANGLE   =      1084.0529  DIHED      =       715.1427
 1-4 NB =       472.4302  1-4 EEL =      5645.7867  VDWAALS    =      6642.3812
 EELEC  =    -76068.8847  EHBOND  =         0.0000  RESTRAINT  =       110.3240
 EAMBER (non-restraint)  =    -61112.0322
 EKCMT  =      4104.6907  VIRIAL  =      4733.0156  VOLUME     =    155478.9218
                                                    Density    =         1.0391
 ------------------------------------------------------------------------------

wrapping first mol.:       19.55706       27.65786       47.90481
wrapping first mol.:       19.55706       27.65786       47.90481

 NSTEP =    31000   TIME(PS) =    1462.000  TEMP(K) =   297.85  PRESS =    -3.7
 Etot   =    -51390.6885  EKtot   =      9684.5928  EPtot      =    -61075.2813
 BOND   =       408.0965  ANGLE   =      1041.6017  DIHED      =       720.8262
 1-4 NB =       456.7971  1-4 EEL =      5668.0944  VDWAALS    =      6807.5299
 EELEC  =    -76278.3074  EHBOND  =         0.0000  RESTRAINT  =       100.0803
 EAMBER (non-restraint)  =    -61175.3616
 EKCMT  =      4124.3058  VIRIAL  =      4136.5593  VOLUME     =    155472.1372
                                                    Density    =         1.0392
 ------------------------------------------------------------------------------

wrapping first mol.:       19.56063       27.66291       47.91356
wrapping first mol.:       19.56063       27.66291       47.91356

 NSTEP =    31500   TIME(PS) =    1463.000  TEMP(K) =   299.29  PRESS =   252.5
 Etot   =    -51153.0342  EKtot   =      9731.5947  EPtot      =    -60884.6289
 BOND   =       408.4270  ANGLE   =      1038.7195  DIHED      =       703.8745
 1-4 NB =       456.4867  1-4 EEL =      5622.3392  VDWAALS    =      6769.4893
 EELEC  =    -76003.4073  EHBOND  =         0.0000  RESTRAINT  =       119.4421
 EAMBER (non-restraint)  =    -61004.0711
 EKCMT  =      4026.8742  VIRIAL  =      3178.7453  VOLUME     =    155553.7235
                                                    Density    =         1.0386
 ------------------------------------------------------------------------------

wrapping first mol.:       19.55371       27.65312       47.89661
wrapping first mol.:       19.55371       27.65312       47.89661

 NSTEP =    32000   TIME(PS) =    1464.000  TEMP(K) =   303.26  PRESS =  -278.5
 Etot   =    -51040.6801  EKtot   =      9860.7168  EPtot      =    -60901.3969
 BOND   =       397.7877  ANGLE   =      1110.9415  DIHED      =       725.1166
 1-4 NB =       456.4994  1-4 EEL =      5634.6986  VDWAALS    =      6578.9913
 EELEC  =    -75912.8928  EHBOND  =         0.0000  RESTRAINT  =       107.4609
 EAMBER (non-restraint)  =    -61008.8578
 EKCMT  =      4144.0296  VIRIAL  =      5078.5731  VOLUME     =    155396.0637
                                                    Density    =         1.0397
 ------------------------------------------------------------------------------

wrapping first mol.:       19.57126       27.67795       47.93961
wrapping first mol.:       19.57126       27.67795       47.93961

 NSTEP =    32500   TIME(PS) =    1465.000  TEMP(K) =   300.65  PRESS =   194.9
 Etot   =    -51237.5736  EKtot   =      9775.7393  EPtot      =    -61013.3129
 BOND   =       369.6470  ANGLE   =      1064.8393  DIHED      =       704.5639
 1-4 NB =       459.6810  1-4 EEL =      5686.1790  VDWAALS    =      6724.5085
 EELEC  =    -76142.3189  EHBOND  =         0.0000  RESTRAINT  =       119.5874
 EAMBER (non-restraint)  =    -61132.9002
 EKCMT  =      4104.5495  VIRIAL  =      3449.0112  VOLUME     =    155808.3976
                                                    Density    =         1.0369
 ------------------------------------------------------------------------------

wrapping first mol.:       19.58441       27.69653       47.97180
wrapping first mol.:       19.58441       27.69653       47.97180

 NSTEP =    33000   TIME(PS) =    1466.000  TEMP(K) =   304.46  PRESS =   302.6
 Etot   =    -50960.6023  EKtot   =      9899.6172  EPtot      =    -60860.2195
 BOND   =       397.2156  ANGLE   =      1063.4725  DIHED      =       736.2044
 1-4 NB =       461.9923  1-4 EEL =      5655.6527  VDWAALS    =      6979.4002
 EELEC  =    -76263.2287  EHBOND  =         0.0000  RESTRAINT  =       109.0713
 EAMBER (non-restraint)  =    -60969.2909
 EKCMT  =      4146.0944  VIRIAL  =      3126.0624  VOLUME     =    156120.9567
                                                    Density    =         1.0349
 ------------------------------------------------------------------------------

wrapping first mol.:       19.55933       27.66107       47.91037
wrapping first mol.:       19.55933       27.66107       47.91037

 NSTEP =    33500   TIME(PS) =    1467.000  TEMP(K) =   301.75  PRESS =   404.0
 Etot   =    -51106.8105  EKtot   =      9811.5234  EPtot      =    -60918.3339
 BOND   =       388.2032  ANGLE   =      1065.3223  DIHED      =       701.3176
 1-4 NB =       454.7797  1-4 EEL =      5647.0624  VDWAALS    =      6997.7901
 EELEC  =    -76284.8492  EHBOND  =         0.0000  RESTRAINT  =       112.0401
 EAMBER (non-restraint)  =    -61030.3740
 EKCMT  =      4105.5909  VIRIAL  =      2749.0426  VOLUME     =    155520.5784
                                                    Density    =         1.0389
 ------------------------------------------------------------------------------

wrapping first mol.:       19.57383       27.68157       47.94588
wrapping first mol.:       19.57383       27.68157       47.94588

 NSTEP =    34000   TIME(PS) =    1468.000  TEMP(K) =   304.55  PRESS =  -210.4
 Etot   =    -50978.5875  EKtot   =      9902.7305  EPtot      =    -60881.3180
 BOND   =       403.3786  ANGLE   =      1076.0088  DIHED      =       730.6023
 1-4 NB =       462.2965  1-4 EEL =      5656.9087  VDWAALS    =      6605.1820
 EELEC  =    -75931.4580  EHBOND  =         0.0000  RESTRAINT  =       115.7631
 EAMBER (non-restraint)  =    -60997.0811
 EKCMT  =      4110.6051  VIRIAL  =      4818.6797  VOLUME     =    155875.2426
                                                    Density    =         1.0365
 ------------------------------------------------------------------------------

wrapping first mol.:       19.57247       27.67965       47.94255
wrapping first mol.:       19.57247       27.67965       47.94255

 NSTEP =    34500   TIME(PS) =    1469.000  TEMP(K) =   296.24  PRESS =   -46.0
 Etot   =    -51357.8782  EKtot   =      9632.2959  EPtot      =    -60990.1741
 BOND   =       402.2514  ANGLE   =      1038.4643  DIHED      =       708.0041
 1-4 NB =       460.0260  1-4 EEL =      5632.0969  VDWAALS    =      6870.1994
 EELEC  =    -76205.3914  EHBOND  =         0.0000  RESTRAINT  =       104.1752
 EAMBER (non-restraint)  =    -61094.3494
 EKCMT  =      3992.9807  VIRIAL  =      4147.7272  VOLUME     =    155840.4303
                                                    Density    =         1.0367
 ------------------------------------------------------------------------------

wrapping first mol.:       19.55933       27.66107       47.91038
wrapping first mol.:       19.55933       27.66107       47.91038

 NSTEP =    35000   TIME(PS) =    1470.000  TEMP(K) =   300.00  PRESS =    31.9
 Etot   =    -51426.3526  EKtot   =      9754.4902  EPtot      =    -61180.8429
 BOND   =       416.9870  ANGLE   =      1059.1120  DIHED      =       713.8401
 1-4 NB =       440.4679  1-4 EEL =      5646.1924  VDWAALS    =      6894.6507
 EELEC  =    -76452.3502  EHBOND  =         0.0000  RESTRAINT  =       100.2570
 EAMBER (non-restraint)  =    -61281.0999
 EKCMT  =      4141.0704  VIRIAL  =      4034.0301  VOLUME     =    155525.8497
                                                    Density    =         1.0388
 ------------------------------------------------------------------------------

wrapping first mol.:       19.55324       27.65245       47.89544
wrapping first mol.:       19.55324       27.65245       47.89544

 NSTEP =    35500   TIME(PS) =    1471.000  TEMP(K) =   302.93  PRESS =   271.8
 Etot   =    -51099.9100  EKtot   =      9850.0586  EPtot      =    -60949.9686
 BOND   =       393.7657  ANGLE   =      1050.6044  DIHED      =       740.1390
 1-4 NB =       453.3864  1-4 EEL =      5631.6514  VDWAALS    =      6829.0017
 EELEC  =    -76156.2819  EHBOND  =         0.0000  RESTRAINT  =       107.7646
 EAMBER (non-restraint)  =    -61057.7332
 EKCMT  =      4136.8269  VIRIAL  =      3224.9679  VOLUME     =    155377.1264
                                                    Density    =         1.0398
 ------------------------------------------------------------------------------

wrapping first mol.:       19.55487       27.65476       47.89944
wrapping first mol.:       19.55487       27.65476       47.89944

 NSTEP =    36000   TIME(PS) =    1472.000  TEMP(K) =   302.51  PRESS =   242.5
 Etot   =    -51110.9907  EKtot   =      9836.2275  EPtot      =    -60947.2183
 BOND   =       453.2763  ANGLE   =      1022.6666  DIHED      =       698.5797
 1-4 NB =       442.9465  1-4 EEL =      5586.3562  VDWAALS    =      6872.8387
 EELEC  =    -76151.0963  EHBOND  =         0.0000  RESTRAINT  =       127.2139
 EAMBER (non-restraint)  =    -61074.4322
 EKCMT  =      4155.6372  VIRIAL  =      3342.0225  VOLUME     =    155416.4015
                                                    Density    =         1.0396
 ------------------------------------------------------------------------------

wrapping first mol.:       19.55229       27.65111       47.89312
wrapping first mol.:       19.55229       27.65111       47.89312

 NSTEP =    36500   TIME(PS) =    1473.000  TEMP(K) =   301.85  PRESS =    37.7
 Etot   =    -51027.2684  EKtot   =      9814.6406  EPtot      =    -60841.9090
 BOND   =       396.3908  ANGLE   =      1047.9008  DIHED      =       749.3249
 1-4 NB =       446.4896  1-4 EEL =      5623.3636  VDWAALS    =      6808.8794
 EELEC  =    -76025.3760  EHBOND  =         0.0000  RESTRAINT  =       111.1179
 EAMBER (non-restraint)  =    -60953.0269
 EKCMT  =      4048.7294  VIRIAL  =      3922.2879  VOLUME     =    155357.7232
                                                    Density    =         1.0399
 ------------------------------------------------------------------------------

wrapping first mol.:       19.54008       27.63384       47.86321
wrapping first mol.:       19.54008       27.63384       47.86321

 NSTEP =    37000   TIME(PS) =    1474.000  TEMP(K) =   301.14  PRESS =   -39.2
 Etot   =    -50998.8772  EKtot   =      9791.7695  EPtot      =    -60790.6468
 BOND   =       427.0006  ANGLE   =      1000.6139  DIHED      =       737.1492
 1-4 NB =       451.0802  1-4 EEL =      5680.0845  VDWAALS    =      6600.4553
 EELEC  =    -75802.6278  EHBOND  =         0.0000  RESTRAINT  =       115.5975
 EAMBER (non-restraint)  =    -60906.2442
 EKCMT  =      4140.8210  VIRIAL  =      4271.9931  VOLUME     =    155067.9723
                                                    Density    =         1.0419
 ------------------------------------------------------------------------------

wrapping first mol.:       19.55238       27.65124       47.89334
wrapping first mol.:       19.55238       27.65124       47.89334

 NSTEP =    37500   TIME(PS) =    1475.000  TEMP(K) =   296.45  PRESS =   -74.2
 Etot   =    -51304.5605  EKtot   =      9639.2266  EPtot      =    -60943.7871
 BOND   =       388.1180  ANGLE   =      1056.3645  DIHED      =       728.2682
 1-4 NB =       446.0456  1-4 EEL =      5625.9309  VDWAALS    =      6779.6922
 EELEC  =    -76094.8311  EHBOND  =         0.0000  RESTRAINT  =       126.6245
 EAMBER (non-restraint)  =    -61070.4116
 EKCMT  =      4048.3192  VIRIAL  =      4297.1490  VOLUME     =    155361.4819
                                                    Density    =         1.0399
 ------------------------------------------------------------------------------

wrapping first mol.:       19.54958       27.64728       47.88649
wrapping first mol.:       19.54958       27.64728       47.88649

 NSTEP =    38000   TIME(PS) =    1476.000  TEMP(K) =   296.68  PRESS =  -258.2
 Etot   =    -51423.6892  EKtot   =      9646.6025  EPtot      =    -61070.2917
 BOND   =       407.4374  ANGLE   =      1055.3736  DIHED      =       705.2632
 1-4 NB =       457.5805  1-4 EEL =      5670.9333  VDWAALS    =      6696.5731
 EELEC  =    -76171.5171  EHBOND  =         0.0000  RESTRAINT  =       108.0643
 EAMBER (non-restraint)  =    -61178.3560
 EKCMT  =      4013.1754  VIRIAL  =      4878.8285  VOLUME     =    155297.3460
                                                    Density    =         1.0404
 ------------------------------------------------------------------------------

wrapping first mol.:       19.54378       27.63908       47.87228
wrapping first mol.:       19.54378       27.63908       47.87228

 NSTEP =    38500   TIME(PS) =    1477.000  TEMP(K) =   302.63  PRESS =    29.4
 Etot   =    -51149.0269  EKtot   =      9840.1133  EPtot      =    -60989.1402
 BOND   =       425.0192  ANGLE   =      1022.9449  DIHED      =       730.1812
 1-4 NB =       446.8774  1-4 EEL =      5664.6142  VDWAALS    =      6687.1339
 EELEC  =    -76075.2770  EHBOND  =         0.0000  RESTRAINT  =       109.3660
 EAMBER (non-restraint)  =    -61098.5062
 EKCMT  =      4123.6026  VIRIAL  =      4025.1588  VOLUME     =    155155.1377
                                                    Density    =         1.0413
 ------------------------------------------------------------------------------

wrapping first mol.:       19.55965       27.66152       47.91115
wrapping first mol.:       19.55965       27.66152       47.91115

 NSTEP =    39000   TIME(PS) =    1478.000  TEMP(K) =   297.38  PRESS =  -185.3
 Etot   =    -51246.4330  EKtot   =      9669.4746  EPtot      =    -60915.9076
 BOND   =       391.7916  ANGLE   =      1099.6486  DIHED      =       724.8528
 1-4 NB =       451.4465  1-4 EEL =      5637.7001  VDWAALS    =      6691.8873
 EELEC  =    -76018.4178  EHBOND  =         0.0000  RESTRAINT  =       105.1833
 EAMBER (non-restraint)  =    -61021.0908
 EKCMT  =      4063.0733  VIRIAL  =      4685.3049  VOLUME     =    155536.3334
                                                    Density    =         1.0388
 ------------------------------------------------------------------------------

wrapping first mol.:       19.56683       27.67167       47.92873
wrapping first mol.:       19.56683       27.67167       47.92873

 NSTEP =    39500   TIME(PS) =    1479.000  TEMP(K) =   301.55  PRESS =    81.0
 Etot   =    -51136.2444  EKtot   =      9804.9990  EPtot      =    -60941.2434
 BOND   =       385.1669  ANGLE   =      1060.6502  DIHED      =       723.4193
 1-4 NB =       454.3438  1-4 EEL =      5681.2094  VDWAALS    =      6778.1074
 EELEC  =    -76134.6150  EHBOND  =         0.0000  RESTRAINT  =       110.4745
 EAMBER (non-restraint)  =    -61051.7180
 EKCMT  =      4031.7747  VIRIAL  =      3759.3791  VOLUME     =    155703.9676
                                                    Density    =         1.0376
 ------------------------------------------------------------------------------

wrapping first mol.:       19.55817       27.65943       47.90754
wrapping first mol.:       19.55817       27.65943       47.90754

 NSTEP =    40000   TIME(PS) =    1480.000  TEMP(K) =   302.98  PRESS =  -286.7
 Etot   =    -51069.1309  EKtot   =      9851.5010  EPtot      =    -60920.6318
 BOND   =       434.0572  ANGLE   =      1045.7817  DIHED      =       755.7804
 1-4 NB =       450.0040  1-4 EEL =      5635.4014  VDWAALS    =      6746.1382
 EELEC  =    -76107.3482  EHBOND  =         0.0000  RESTRAINT  =       119.5535
 EAMBER (non-restraint)  =    -61040.1853
 EKCMT  =      4136.3793  VIRIAL  =      5098.8409  VOLUME     =    155502.6467
                                                    Density    =         1.0390
 ------------------------------------------------------------------------------

wrapping first mol.:       19.57753       27.68681       47.95497
wrapping first mol.:       19.57753       27.68681       47.95497

 NSTEP =    40500   TIME(PS) =    1481.000  TEMP(K) =   300.73  PRESS =   118.6
 Etot   =    -51104.6146  EKtot   =      9778.2295  EPtot      =    -60882.8441
 BOND   =       381.0162  ANGLE   =      1068.7346  DIHED      =       737.1241
 1-4 NB =       449.4676  1-4 EEL =      5679.8714  VDWAALS    =      6843.4486
 EELEC  =    -76150.3680  EHBOND  =         0.0000  RESTRAINT  =       107.8614
 EAMBER (non-restraint)  =    -60990.7054
 EKCMT  =      4126.9160  VIRIAL  =      3727.4702  VOLUME     =    155959.2566
                                                    Density    =         1.0359
 ------------------------------------------------------------------------------

wrapping first mol.:       19.56890       27.67461       47.93383
wrapping first mol.:       19.56890       27.67461       47.93383

 NSTEP =    41000   TIME(PS) =    1482.000  TEMP(K) =   304.14  PRESS =    66.9
 Etot   =    -50861.5104  EKtot   =      9889.2559  EPtot      =    -60750.7662
 BOND   =       415.9808  ANGLE   =      1077.8007  DIHED      =       718.5709
 1-4 NB =       441.9690  1-4 EEL =      5635.6196  VDWAALS    =      6669.7361
 EELEC  =    -75820.7955  EHBOND  =         0.0000  RESTRAINT  =       110.3522
 EAMBER (non-restraint)  =    -60861.1184
 EKCMT  =      4157.8762  VIRIAL  =      3932.9357  VOLUME     =    155753.8168
                                                    Density    =         1.0373
 ------------------------------------------------------------------------------

wrapping first mol.:       19.56403       27.66771       47.92188
wrapping first mol.:       19.56403       27.66771       47.92188

 NSTEP =    41500   TIME(PS) =    1483.000  TEMP(K) =   300.76  PRESS =   -98.2
 Etot   =    -51088.8686  EKtot   =      9779.2207  EPtot      =    -60868.0893
 BOND   =       413.2017  ANGLE   =      1068.3040  DIHED      =       729.8100
 1-4 NB =       457.1861  1-4 EEL =      5653.2179  VDWAALS    =      6738.6047
 EELEC  =    -76038.6864  EHBOND  =         0.0000  RESTRAINT  =       110.2728
 EAMBER (non-restraint)  =    -60978.3621
 EKCMT  =      4054.3114  VIRIAL  =      4384.2800  VOLUME     =    155639.7161
                                                    Density    =         1.0381
 ------------------------------------------------------------------------------

wrapping first mol.:       19.56597       27.67046       47.92663
wrapping first mol.:       19.56597       27.67046       47.92663

 NSTEP =    42000   TIME(PS) =    1484.000  TEMP(K) =   299.92  PRESS =   -97.4
 Etot   =    -51188.4729  EKtot   =      9752.0996  EPtot      =    -60940.5725
 BOND   =       392.1332  ANGLE   =      1050.6263  DIHED      =       731.5494
 1-4 NB =       457.1284  1-4 EEL =      5642.5793  VDWAALS    =      6933.8376
 EELEC  =    -76251.5296  EHBOND  =         0.0000  RESTRAINT  =       103.1028
 EAMBER (non-restraint)  =    -61043.6753
 EKCMT  =      4111.2508  VIRIAL  =      4438.6502  VOLUME     =    155685.9628
                                                    Density    =         1.0378
 ------------------------------------------------------------------------------

wrapping first mol.:       19.56490       27.66894       47.92401
wrapping first mol.:       19.56490       27.66894       47.92401

 NSTEP =    42500   TIME(PS) =    1485.000  TEMP(K) =   303.31  PRESS =    21.1
 Etot   =    -51132.6757  EKtot   =      9862.2656  EPtot      =    -60994.9414
 BOND   =       400.7209  ANGLE   =      1012.6921  DIHED      =       703.3769
 1-4 NB =       457.0256  1-4 EEL =      5668.0234  VDWAALS    =      6882.4038
 EELEC  =    -76237.6936  EHBOND  =         0.0000  RESTRAINT  =       118.5096
 EAMBER (non-restraint)  =    -61113.4510
 EKCMT  =      4140.7976  VIRIAL  =      4069.8528  VOLUME     =    155658.7749
                                                    Density    =         1.0379
 ------------------------------------------------------------------------------

wrapping first mol.:       19.57176       27.67865       47.94082
wrapping first mol.:       19.57176       27.67865       47.94082

 NSTEP =    43000   TIME(PS) =    1486.000  TEMP(K) =   301.21  PRESS =  -248.7
 Etot   =    -51000.1853  EKtot   =      9793.9922  EPtot      =    -60794.1775
 BOND   =       435.8785  ANGLE   =      1034.6053  DIHED      =       737.5106
 1-4 NB =       441.7890  1-4 EEL =      5623.6720  VDWAALS    =      6674.3239
 EELEC  =    -75844.5371  EHBOND  =         0.0000  RESTRAINT  =       102.5803
 EAMBER (non-restraint)  =    -60896.7578
 EKCMT  =      4088.8479  VIRIAL  =      4925.6538  VOLUME     =    155826.3726
                                                    Density    =         1.0368
 ------------------------------------------------------------------------------

wrapping first mol.:       19.57834       27.68795       47.95693
wrapping first mol.:       19.57834       27.68795       47.95693

 NSTEP =    43500   TIME(PS) =    1487.000  TEMP(K) =   300.00  PRESS =  -262.5
 Etot   =    -51239.3837  EKtot   =      9754.7217  EPtot      =    -60994.1054
 BOND   =       416.4659  ANGLE   =      1039.4556  DIHED      =       730.1160
 1-4 NB =       456.5791  1-4 EEL =      5642.9019  VDWAALS    =      6754.3664
 EELEC  =    -76146.0758  EHBOND  =         0.0000  RESTRAINT  =       112.0855
 EAMBER (non-restraint)  =    -61106.1909
 EKCMT  =      4084.8716  VIRIAL  =      4968.7808  VOLUME     =    155983.7108
                                                    Density    =         1.0358
 ------------------------------------------------------------------------------

wrapping first mol.:       19.56938       27.67528       47.93499
wrapping first mol.:       19.56938       27.67528       47.93499

 NSTEP =    44000   TIME(PS) =    1488.000  TEMP(K) =   302.72  PRESS =  -208.2
 Etot   =    -51061.2441  EKtot   =      9843.0205  EPtot      =    -60904.2646
 BOND   =       439.9444  ANGLE   =      1030.6680  DIHED      =       727.9724
 1-4 NB =       463.7315  1-4 EEL =      5666.2330  VDWAALS    =      6667.4617
 EELEC  =    -76020.8002  EHBOND  =         0.0000  RESTRAINT  =       120.5245
 EAMBER (non-restraint)  =    -61024.7892
 EKCMT  =      4087.6377  VIRIAL  =      4787.7107  VOLUME     =    155768.9719
                                                    Density    =         1.0372
 ------------------------------------------------------------------------------

wrapping first mol.:       19.56378       27.66736       47.92127
wrapping first mol.:       19.56378       27.66736       47.92127

 NSTEP =    44500   TIME(PS) =    1489.000  TEMP(K) =   296.52  PRESS =    -5.8
 Etot   =    -51286.3726  EKtot   =      9641.3984  EPtot      =    -60927.7710
 BOND   =       415.8776  ANGLE   =      1084.6810  DIHED      =       710.5908
 1-4 NB =       441.6841  1-4 EEL =      5629.2361  VDWAALS    =      6882.9723
 EELEC  =    -76199.4878  EHBOND  =         0.0000  RESTRAINT  =       106.6749
 EAMBER (non-restraint)  =    -61034.4459
 EKCMT  =      4019.2987  VIRIAL  =      4038.8198  VOLUME     =    155632.4394
                                                    Density    =         1.0381
 ------------------------------------------------------------------------------

wrapping first mol.:       19.55960       27.66145       47.91104
wrapping first mol.:       19.55960       27.66145       47.91104

 NSTEP =    45000   TIME(PS) =    1490.000  TEMP(K) =   297.33  PRESS =    15.4
 Etot   =    -51294.7716  EKtot   =      9667.9189  EPtot      =    -60962.6905
 BOND   =       397.1488  ANGLE   =      1065.5596  DIHED      =       750.7622
 1-4 NB =       456.4676  1-4 EEL =      5660.6432  VDWAALS    =      6877.5566
 EELEC  =    -76279.5593  EHBOND  =         0.0000  RESTRAINT  =       108.7309
 EAMBER (non-restraint)  =    -61071.4214
 EKCMT  =      3991.9692  VIRIAL  =      3940.1186  VOLUME     =    155532.4849
                                                    Density    =         1.0388
 ------------------------------------------------------------------------------

wrapping first mol.:       19.56964       27.67566       47.93564
wrapping first mol.:       19.56964       27.67566       47.93564

 NSTEP =    45500   TIME(PS) =    1491.000  TEMP(K) =   299.16  PRESS =   270.0
 Etot   =    -51215.6955  EKtot   =      9727.1650  EPtot      =    -60942.8605
 BOND   =       392.6912  ANGLE   =      1016.0489  DIHED      =       729.6609
 1-4 NB =       467.0984  1-4 EEL =      5670.6305  VDWAALS    =      6877.7785
 EELEC  =    -76218.6545  EHBOND  =         0.0000  RESTRAINT  =       121.8855
 EAMBER (non-restraint)  =    -61064.7460
 EKCMT  =      4120.4619  VIRIAL  =      3212.4678  VOLUME     =    155768.6690
                                                    Density    =         1.0372
 ------------------------------------------------------------------------------

wrapping first mol.:       19.57253       27.67974       47.94272
wrapping first mol.:       19.57253       27.67974       47.94272

 NSTEP =    46000   TIME(PS) =    1492.000  TEMP(K) =   299.70  PRESS =  -231.5
 Etot   =    -51227.9984  EKtot   =      9745.0312  EPtot      =    -60973.0297
 BOND   =       391.8755  ANGLE   =      1056.8120  DIHED      =       705.9928
 1-4 NB =       444.9946  1-4 EEL =      5686.0967  VDWAALS    =      6905.3563
 EELEC  =    -76267.1496  EHBOND  =         0.0000  RESTRAINT  =       102.9920
 EAMBER (non-restraint)  =    -61076.0217
 EKCMT  =      4097.5424  VIRIAL  =      4876.4399  VOLUME     =    155844.6317
                                                    Density    =         1.0367
 ------------------------------------------------------------------------------

wrapping first mol.:       19.57458       27.68264       47.94774
wrapping first mol.:       19.57458       27.68264       47.94774

 NSTEP =    46500   TIME(PS) =    1493.000  TEMP(K) =   301.14  PRESS =    47.7
 Etot   =    -51243.7491  EKtot   =      9791.7490  EPtot      =    -61035.4981
 BOND   =       401.9313  ANGLE   =      1002.9697  DIHED      =       734.8607
 1-4 NB =       463.9682  1-4 EEL =      5663.6090  VDWAALS    =      6916.1956
 EELEC  =    -76337.6257  EHBOND  =         0.0000  RESTRAINT  =       118.5932
 EAMBER (non-restraint)  =    -61154.0913
 EKCMT  =      4075.2193  VIRIAL  =      3914.7034  VOLUME     =    155889.7306
                                                    Density    =         1.0364
 ------------------------------------------------------------------------------

wrapping first mol.:       19.58476       27.69703       47.97265
wrapping first mol.:       19.58476       27.69703       47.97265

 NSTEP =    47000   TIME(PS) =    1494.000  TEMP(K) =   302.30  PRESS =   -15.9
 Etot   =    -51057.5288  EKtot   =      9829.2529  EPtot      =    -60886.7818
 BOND   =       399.7209  ANGLE   =      1056.3096  DIHED      =       726.5358
 1-4 NB =       464.5735  1-4 EEL =      5666.1473  VDWAALS    =      6733.3704
 EELEC  =    -76045.6730  EHBOND  =         0.0000  RESTRAINT  =       112.2336
 EAMBER (non-restraint)  =    -60999.0154
 EKCMT  =      4154.5480  VIRIAL  =      4208.1283  VOLUME     =    156133.7471
                                                    Density    =         1.0348
 ------------------------------------------------------------------------------

wrapping first mol.:       19.57608       27.68475       47.95139
wrapping first mol.:       19.57608       27.68475       47.95139

 NSTEP =    47500   TIME(PS) =    1495.000  TEMP(K) =   301.94  PRESS =    36.2
 Etot   =    -51036.7047  EKtot   =      9817.7041  EPtot      =    -60854.4088
 BOND   =       407.5646  ANGLE   =      1094.0364  DIHED      =       689.4050
 1-4 NB =       449.3899  1-4 EEL =      5618.8312  VDWAALS    =      6817.2059
 EELEC  =    -76034.2147  EHBOND  =         0.0000  RESTRAINT  =       103.3730
 EAMBER (non-restraint)  =    -60957.7817
 EKCMT  =      4091.6029  VIRIAL  =      3969.7209  VOLUME     =    155925.5389
                                                    Density    =         1.0362
 ------------------------------------------------------------------------------

wrapping first mol.:       19.57561       27.68409       47.95025
wrapping first mol.:       19.57561       27.68409       47.95025

 NSTEP =    48000   TIME(PS) =    1496.000  TEMP(K) =   297.10  PRESS =   -78.5
 Etot   =    -51229.1394  EKtot   =      9660.2119  EPtot      =    -60889.3513
 BOND   =       416.3994  ANGLE   =      1069.1045  DIHED      =       718.9139
 1-4 NB =       460.1247  1-4 EEL =      5665.8669  VDWAALS    =      6645.8226
 EELEC  =    -75972.6844  EHBOND  =         0.0000  RESTRAINT  =       107.1011
 EAMBER (non-restraint)  =    -60996.4525
 EKCMT  =      4031.8126  VIRIAL  =      4296.1275  VOLUME     =    155915.9979
                                                    Density    =         1.0362
 ------------------------------------------------------------------------------

wrapping first mol.:       19.58552       27.69811       47.97453
wrapping first mol.:       19.58552       27.69811       47.97453

 NSTEP =    48500   TIME(PS) =    1497.000  TEMP(K) =   295.23  PRESS =   139.8
 Etot   =    -51243.1240  EKtot   =      9599.4268  EPtot      =    -60842.5508
 BOND   =       390.4778  ANGLE   =      1088.0025  DIHED      =       725.9894
 1-4 NB =       455.5358  1-4 EEL =      5670.3290  VDWAALS    =      6841.7936
 EELEC  =    -76127.1635  EHBOND  =         0.0000  RESTRAINT  =       112.4847
 EAMBER (non-restraint)  =    -60955.0355
 EKCMT  =      4011.7088  VIRIAL  =      3540.3343  VOLUME     =    156149.8755
                                                    Density    =         1.0347
 ------------------------------------------------------------------------------

wrapping first mol.:       19.57491       27.68311       47.94854
wrapping first mol.:       19.57491       27.68311       47.94854

 NSTEP =    49000   TIME(PS) =    1498.000  TEMP(K) =   303.35  PRESS =   -72.0
 Etot   =    -51088.7894  EKtot   =      9863.4971  EPtot      =    -60952.2865
 BOND   =       386.6234  ANGLE   =      1074.0610  DIHED      =       706.7024
 1-4 NB =       452.7332  1-4 EEL =      5638.4970  VDWAALS    =      6620.8064
 EELEC  =    -75938.9766  EHBOND  =         0.0000  RESTRAINT  =       107.2667
 EAMBER (non-restraint)  =    -61059.5532
 EKCMT  =      4146.4582  VIRIAL  =      4388.7150  VOLUME     =    155899.2273
                                                    Density    =         1.0363
 ------------------------------------------------------------------------------

wrapping first mol.:       19.57775       27.68712       47.95549
wrapping first mol.:       19.57775       27.68712       47.95549

 NSTEP =    49500   TIME(PS) =    1499.000  TEMP(K) =   300.30  PRESS =    29.7
 Etot   =    -51029.2822  EKtot   =      9764.3984  EPtot      =    -60793.6806
 BOND   =       423.2044  ANGLE   =      1080.6558  DIHED      =       728.0852
 1-4 NB =       442.8416  1-4 EEL =      5644.7901  VDWAALS    =      6795.3788
 EELEC  =    -76019.8861  EHBOND  =         0.0000  RESTRAINT  =       111.2496
 EAMBER (non-restraint)  =    -60904.9302
 EKCMT  =      4115.3175  VIRIAL  =      4015.2642  VOLUME     =    155965.5732
                                                    Density    =         1.0359
 ------------------------------------------------------------------------------

wrapping first mol.:       19.56674       27.67155       47.92853
wrapping first mol.:       19.56674       27.67155       47.92853

 NSTEP =    50000   TIME(PS) =    1500.000  TEMP(K) =   302.65  PRESS =   384.9
 Etot   =    -51045.3710  EKtot   =      9840.6465  EPtot      =    -60886.0175
 BOND   =       431.9596  ANGLE   =      1037.1586  DIHED      =       717.5280
 1-4 NB =       454.7223  1-4 EEL =      5651.0367  VDWAALS    =      6870.4705
 EELEC  =    -76161.2353  EHBOND  =         0.0000  RESTRAINT  =       112.3423
 EAMBER (non-restraint)  =    -60998.3597
 EKCMT  =      4077.5944  VIRIAL  =      2783.6683  VOLUME     =    155697.8107
                                                    Density    =         1.0377
 ------------------------------------------------------------------------------


      A V E R A G E S   O V E R     100 S T E P S


 NSTEP =    50000   TIME(PS) =    1500.000  TEMP(K) =   300.43  PRESS =    15.4
 Etot   =    -51147.0199  EKtot   =      9768.4699  EPtot      =    -60915.4898
 BOND   =       403.6109  ANGLE   =      1052.5609  DIHED      =       719.2808
 1-4 NB =       455.6953  1-4 EEL =      5655.8243  VDWAALS    =      6766.3501
 EELEC  =    -76079.2820  EHBOND  =         0.0000  RESTRAINT  =       110.4698
 EAMBER (non-restraint)  =    -61025.9596
 EKCMT  =      4088.2572  VIRIAL  =      4036.4762  VOLUME     =    155725.3085
                                                    Density    =         1.0375
 ------------------------------------------------------------------------------


      R M S  F L U C T U A T I O N S


 NSTEP =    50000   TIME(PS) =    1500.000  TEMP(K) =     2.35  PRESS =   190.4
 Etot   =       128.7375  EKtot   =        76.4001  EPtot      =       103.4822
 BOND   =        17.1185  ANGLE   =        25.1422  DIHED      =        14.2620
 1-4 NB =         8.0259  1-4 EEL =        22.1918  VDWAALS    =       103.2683
 EELEC  =       155.3159  EHBOND  =         0.0000  RESTRAINT  =         6.2721
 EAMBER (non-restraint)  =        97.2102
 EKCMT  =        47.2071  VIRIAL  =       638.0546  VOLUME     =       267.0200
                                                    Density    =         0.0018
 ------------------------------------------------------------------------------

--------------------------------------------------------------------------------
   5.  TIMINGS
--------------------------------------------------------------------------------

|  NonSetup CPU Time in Major Routines:
|
|     Routine           Sec        %
|     ------------------------------
|     Nonbond          72.26   83.33
|     Bond              0.00    0.00
|     Angle             0.00    0.00
|     Dihedral          0.00    0.00
|     Shake             0.25    0.29
|     RunMD            14.11   16.27
|     Other             0.09    0.11
|     ------------------------------
|     Total            86.72

|  PME Nonbond Pairlist CPU Time:
|
|     Routine              Sec        %
|     ---------------------------------
|     Set Up Cit           0.00    0.00
|     Build List           0.00    0.00
|     ---------------------------------
|     Total                0.00    0.00

|  PME Direct Force CPU Time:
|
|     Routine              Sec        %
|     ---------------------------------
|     NonBonded Calc       0.00    0.00
|     Exclude Masked       0.00    0.00
|     Other                0.06    0.06
|     ---------------------------------
|     Total                0.06    0.06

|  PME Reciprocal Force CPU Time:
|
|     Routine              Sec        %
|     ---------------------------------
|     1D bspline           0.00    0.00
|     Grid Charges         0.00    0.00
|     Scalar Sum           0.00    0.00
|     Gradient Sum         0.00    0.00
|     FFT                  0.00    0.00
|     ---------------------------------
|     Total                0.00    0.00

|  Final Performance Info:
|     -----------------------------------------------------
|     Average timings for last   14500 steps:
|     Elapsed(s) =      25.15 Per Step(ms) =       1.73
|         ns/day =      99.63   seconds/ns =     867.18
|
|     Average timings for all steps:
|     Elapsed(s) =      86.71 Per Step(ms) =       1.73
|         ns/day =      99.64   seconds/ns =     867.13
|     -----------------------------------------------------

|  Setup CPU time:            0.63 seconds
|  NonSetup CPU time:        86.72 seconds
|  Total CPU time:           87.35 seconds     0.02 hours

|  Setup wall time:           1    seconds
|  NonSetup wall time:       87    seconds
|  Total wall time:          88    seconds     0.02 hours
