
          -------------------------------------------------------
          Amber 18 PMEMD                              2018
          -------------------------------------------------------

| PMEMD implementation of SANDER, Release 18

| Run on 09/29/2019 at 22:48:26

|   Executable path: pmemd.cuda
| Working directory: /home/pbarletta/lbp/run/2ifb/mhe/e
|          Hostname: Unknown
  [-O]verwriting output

File Assignments:
|   MDIN: 18equ.in                                                              
|  MDOUT: 18equ.out                                                             
| INPCRD: 17e2ifb.rst7                                                          
|   PARM: /home/pbarletta/lbp/top_files/2ifb.prmtop                             
| RESTRT: 18e2ifb.rst7                                                          
|   REFC: 17e2ifb.rst7                                                          
|  MDVEL: mdvel                                                                 
|   MDEN: mden                                                                  
|  MDCRD: 18e2ifb.nc                                                            
| MDINFO: mdinfo                                                                
|  MDFRC: mdfrc                                                                 


 Here is the input file:

Equilibration with solute restrictions                                         
&cntrl                                                                         
imin = 0,                           ! No Minimization                          
nmropt = 0,                         ! No NMR restraints read                   
                                                                               
! Nature and format of the input                                               
ntx = 5,                            ! Coordinates but no velocities will be rea
irest = 1,                          ! Do not run a new simulation              
                                                                               
! Nature and format of the output                                              
ntxo = 1,                           ! rstrt file in ASCII format               
ntpr = 500,                         ! inf in output every ntpr steps           
ntwr = 500,                         ! rstrt file every ntwr steps              
ntwx = 500,                         ! mdcrd file every ntwx steps              
ntwv = 0,                           ! mdvel without velocities                 
ntwe = 0,                           ! Do not write energies and temperatures   
idecomp = 0,                        ! No energy decomposition                  
iwrap = 1,                          ! Coordinates of the restart and mdcrd file
                                                                               
! Frozen or restrained atoms                                                   
ibelly = 0,                         ! No frozen atoms                          
ntr=1,                              ! Harmonic potential restraints            
restraint_wt = 3.0,                ! The weight for the positional restraints  
restraintmask = ':1-131@N,CA,C,O',  ! restrained residues                      
                                                                               
! Molecular dynamics                                                           
nstlim = 50000,                     ! Number of MD-steps                       
dt = 0.002,                         ! Time step                                
                                                                               
! Temperature regulation                                                       
ntt = 3,                            ! Langevin thermostat                      
gamma_ln = 5,                       ! Gamma constant for Langevin              
temp0 = 300.0,                      ! Reference T at which the system is to be 
tempi = 300.0,                      ! Initial T                                
ig = -1,                            ! Seed for the RNG                         
                                                                               
! P and V regulation                                                           
ntp = 1,                            ! constant P                               
barostat = 1,                       ! Berendsen barostat                       
taup = 1,                           ! Pressure relaxation time                 
ntb = 2,                            ! Periodic box for constant P              
                                                                               
! SHAKE variables                                                              
ntc = 2,                            ! Bonds involving H are constrained        
ntf = 2,                            ! Bond interaction involving H are ommited.
                                                                               
cut = 10.0,                         ! Nonbonded cutoff                         
/                                                                              
&end                                                                           


Note: ig = -1. Setting random seed to   698034 based on wallclock time in 
      microseconds.
| irandom = 1, using AMBER's internal random number generator (default).
 
|--------------------- INFORMATION ----------------------
| GPU (CUDA) Version of PMEMD in use: NVIDIA GPU IN USE.
|                    Version 18.0.0
| 
|                      03/25/2018
| 
| Implementation by:
|                    Ross C. Walker     (SDSC)
|                    Scott Le Grand     (nVIDIA)
| 
| Version 18 performance extensions by:
|                    David Cerutti     (Rutgers)
| 
| Precision model in use:
|      [SPFP] - Single Precision Forces, 64-bit Fixed Point
|               Accumulation. (Default)
| 
|--------------------------------------------------------
 
|----------------- CITATION INFORMATION -----------------
|
|    When publishing work that utilized the CUDA version
|    of AMBER, please cite the following in addition to
|    the regular AMBER citations:
|
|  - Romelia Salomon-Ferrer; Andreas W. Goetz; Duncan
|    Poole; Scott Le Grand; Ross C. Walker "Routine
|    microsecond molecular dynamics simulations with
|    AMBER - Part II: Particle Mesh Ewald", J. Chem.
|    Theory Comput., 2013, 9 (9), pp3878-3888,
|    DOI: 10.1021/ct400314y.
|
|  - Andreas W. Goetz; Mark J. Williamson; Dong Xu;
|    Duncan Poole; Scott Le Grand; Ross C. Walker
|    "Routine microsecond molecular dynamics simulations
|    with AMBER - Part I: Generalized Born", J. Chem.
|    Theory Comput., 2012, 8 (5), pp1542-1555.
|
|  - Scott Le Grand; Andreas W. Goetz; Ross C. Walker
|    "SPFP: Speed without compromise - a mixed precision
|    model for GPU accelerated molecular dynamics
|    simulations.", Comp. Phys. Comm., 2013, 184
|    pp374-380, DOI: 10.1016/j.cpc.2012.09.022
|
|--------------------------------------------------------
 
|------------------- GPU DEVICE INFO --------------------
|
|            CUDA_VISIBLE_DEVICES: 1
|   CUDA Capable Devices Detected:      1
|           CUDA Device ID in use:      0
|                CUDA Device Name: GeForce GTX 1060 6GB
|     CUDA Device Global Mem Size:   6078 MB
| CUDA Device Num Multiprocessors:     10
|           CUDA Device Core Freq:   1.76 GHz
|
|--------------------------------------------------------
 
 
| Conditional Compilation Defines Used:
| PUBFFT
| BINTRAJ
| CUDA
| EMIL

| Largest sphere to fit in unit cell has radius =    23.954

| New format PARM file being parsed.
| Version =    1.000 Date = 09/29/19 Time = 21:53:24

| Note: 1-4 EEL scale factors are being read from the topology file.

| Note: 1-4 VDW scale factors are being read from the topology file.
| Duplicated    0 dihedrals

| Duplicated    0 dihedrals

--------------------------------------------------------------------------------
   1.  RESOURCE   USE: 
--------------------------------------------------------------------------------

 getting new box info from bottom of inpcrd
 NATOM  =   20379 NTYPES =      17 NBONH =   14750 MBONA  =    5644
 NTHETH =    2483 MTHETA =    1455 NPHIH =    4974 MPHIA  =    4548
 NHPARM =       0 NPARM  =       0 NNB   =   43788 NRES   =    4686
 NBONA  =    5644 NTHETA =    1455 NPHIA =    4548 NUMBND =      77
 NUMANG =     166 NPTRA  =     185 NATYP =      42 NPHB   =       1
 IFBOX  =       2 NMXRS  =      50 IFCAP =       0 NEXTRA =    4554
 NCOPY  =       0

| Coordinate Index Table dimensions:     9    9    9
| Direct force subcell size =     6.5195    6.5195    6.5195

     BOX TYPE: TRUNCATED OCTAHEDRON

--------------------------------------------------------------------------------
   2.  CONTROL  DATA  FOR  THE  RUN
--------------------------------------------------------------------------------

default_name                                                                    

General flags:
     imin    =       0, nmropt  =       0

Nature and format of input:
     ntx     =       5, irest   =       1, ntrx    =       1

Nature and format of output:
     ntxo    =       1, ntpr    =     500, ntrx    =       1, ntwr    =     500
     iwrap   =       1, ntwx    =     500, ntwv    =       0, ntwe    =       0
     ioutfm  =       1, ntwprt  =       0, idecomp =       0, rbornstat=      0

Potential function:
     ntf     =       2, ntb     =       2, igb     =       0, nsnb    =      25
     ipol    =       0, gbsa    =       0, iesp    =       0
     dielc   =   1.00000, cut     =  10.00000, intdiel =   1.00000

Frozen or restrained atoms:
     ibelly  =       0, ntr     =       1
     restraint_wt =   3.00000

Molecular dynamics:
     nstlim  =     50000, nscm    =         0, nrespa  =         1
     t       =   0.00000, dt      =   0.00200, vlimit  =  -1.00000

Langevin dynamics temperature regulation:
     ig      =  698034
     temp0   = 300.00000, tempi   = 300.00000, gamma_ln=   5.00000

Pressure regulation:
     ntp     =       1
     pres0   =   1.00000, comp    =  44.60000, taup    =   1.00000

SHAKE:
     ntc     =       2, jfastw  =       0
     tol     =   0.00001

| Intermolecular bonds treatment:
|     no_intermolecular_bonds =       1

| Energy averages sample interval:
|     ene_avg_sampling =     500

Extra-points options:
     frameon =       1, chngmask=       1

Ewald parameters:
     verbose =       0, ew_type =       0, nbflag  =       1, use_pme =       1
     vdwmeth =       1, eedmeth =       1, netfrc  =       1
     Box X =   58.676   Box Y =   58.676   Box Z =   58.676
     Alpha =  109.471   Beta  =  109.471   Gamma =  109.471
     NFFT1 =   64       NFFT2 =   64       NFFT3 =   64
     Cutoff=   10.000   Tol   =0.100E-04
     Ewald Coefficient =  0.27511
     Interpolation order =    4

    LOADING THE CONSTRAINED ATOMS AS GROUPS


   5.  REFERENCE ATOM COORDINATES

  default_name                                                                    
     Mask :1-131@N,CA,C,O; matches   524 atoms
|      EXTRA_PTS, trim_bonds: num bonds BEFORE trim = 14750     0
|      EXTRA_PTS, trim_bonds: num bonds AFTER  trim = 14750     0
|      EXTRA_PTS, trim_bonds: num bonds BEFORE trim =  5644     0
|      EXTRA_PTS, trim_bonds: num bonds AFTER  trim =  1090     0
|      EXTRA_PTS, trim_theta: num angle BEFORE trim =  2483     0
|      EXTRA_PTS, trim_theta: num angle AFTER  trim =  2483     0
|      EXTRA_PTS, trim_theta: num angle BEFORE trim =  1455     0
|      EXTRA_PTS, trim_theta: num angle AFTER  trim =  1455     0
|      EXTRA_PTS, trim_phi:  num diheds BEFORE trim =  4974     0
|      EXTRA_PTS, trim_phi:  num diheds AFTER  trim =  4974     0
|      EXTRA_PTS, trim_phi:  num diheds BEFORE trim =  4548     0
|      EXTRA_PTS, trim_phi:  num diheds AFTER  trim =  4548     0

--------------------------------------------------------------------------------
   3.  ATOMIC COORDINATES AND VELOCITIES
--------------------------------------------------------------------------------

default_name                                                                    
 begin time read from input coords =  2100.000 ps

 
 Number of triangulated 3-point waters found:     4554

     Sum of charges from parm topology file =   0.00202595
     Forcing neutrality...

| Dynamic Memory, Types Used:
| Reals             1016965
| Integers          1501222

| Nonbonded Pairs Initial Allocation:     6164138

| GPU memory information (estimate):
| KB of GPU memory in use:         0
| KB of CPU memory in use:         0

--------------------------------------------------------------------------------
   4.  RESULTS
--------------------------------------------------------------------------------

wrapping first mol.:       19.56330       27.66669       47.92010
wrapping first mol.:       19.56330       27.66669       47.92010

 NSTEP =      500   TIME(PS) =    2101.000  TEMP(K) =   301.66  PRESS =   244.7
 Etot   =    -51099.4663  EKtot   =      9808.5801  EPtot      =    -60908.0464
 BOND   =       409.5243  ANGLE   =      1008.4901  DIHED      =       707.9531
 1-4 NB =       460.3452  1-4 EEL =      5739.4532  VDWAALS    =      6878.7529
 EELEC  =    -76193.3359  EHBOND  =         0.0000  RESTRAINT  =        80.7708
 EAMBER (non-restraint)  =    -60988.8172
 EKCMT  =      4158.6060  VIRIAL  =      3336.4547  VOLUME     =    155617.6044
                                                    Density    =         1.0382
 ------------------------------------------------------------------------------

wrapping first mol.:       19.54677       27.64331       47.87961
wrapping first mol.:       19.54677       27.64331       47.87961

 NSTEP =     1000   TIME(PS) =    2102.000  TEMP(K) =   304.77  PRESS =   -11.4
 Etot   =    -51131.4482  EKtot   =      9909.7637  EPtot      =    -61041.2119
 BOND   =       410.9865  ANGLE   =      1082.9810  DIHED      =       708.0227
 1-4 NB =       460.7661  1-4 EEL =      5682.0811  VDWAALS    =      6719.6501
 EELEC  =    -76193.6999  EHBOND  =         0.0000  RESTRAINT  =        88.0006
 EAMBER (non-restraint)  =    -61129.2125
 EKCMT  =      4137.5844  VIRIAL  =      4175.8255  VOLUME     =    155226.9974
                                                    Density    =         1.0408
 ------------------------------------------------------------------------------

wrapping first mol.:       19.54794       27.64496       47.88247
wrapping first mol.:       19.54794       27.64496       47.88247

 NSTEP =     1500   TIME(PS) =    2103.000  TEMP(K) =   298.27  PRESS =   213.2
 Etot   =    -51209.8129  EKtot   =      9698.3555  EPtot      =    -60908.1684
 BOND   =       431.8492  ANGLE   =      1073.5664  DIHED      =       719.3930
 1-4 NB =       453.5011  1-4 EEL =      5675.7629  VDWAALS    =      6756.6258
 EELEC  =    -76107.0266  EHBOND  =         0.0000  RESTRAINT  =        88.1598
 EAMBER (non-restraint)  =    -60996.3282
 EKCMT  =      4067.1299  VIRIAL  =      3352.4111  VOLUME     =    155251.6682
                                                    Density    =         1.0407
 ------------------------------------------------------------------------------

wrapping first mol.:       19.55025       27.64823       47.88813
wrapping first mol.:       19.55025       27.64823       47.88813

 NSTEP =     2000   TIME(PS) =    2104.000  TEMP(K) =   301.46  PRESS =    77.0
 Etot   =    -51067.8134  EKtot   =      9802.0879  EPtot      =    -60869.9013
 BOND   =       405.3041  ANGLE   =      1043.4243  DIHED      =       722.6527
 1-4 NB =       451.5287  1-4 EEL =      5658.2638  VDWAALS    =      6700.7295
 EELEC  =    -75941.4492  EHBOND  =         0.0000  RESTRAINT  =        89.6448
 EAMBER (non-restraint)  =    -60959.5461
 EKCMT  =      4052.5812  VIRIAL  =      3794.4201  VOLUME     =    155308.6836
                                                    Density    =         1.0403
 ------------------------------------------------------------------------------

wrapping first mol.:       19.55877       27.66028       47.90900
wrapping first mol.:       19.55877       27.66028       47.90900

 NSTEP =     2500   TIME(PS) =    2105.000  TEMP(K) =   296.17  PRESS =   173.4
 Etot   =    -51231.8046  EKtot   =      9630.1885  EPtot      =    -60861.9931
 BOND   =       412.3690  ANGLE   =      1085.5601  DIHED      =       721.6207
 1-4 NB =       460.5776  1-4 EEL =      5672.8926  VDWAALS    =      6888.5218
 EELEC  =    -76184.5547  EHBOND  =         0.0000  RESTRAINT  =        81.0198
 EAMBER (non-restraint)  =    -60943.0128
 EKCMT  =      4038.0064  VIRIAL  =      3455.7238  VOLUME     =    155510.4439
                                                    Density    =         1.0389
 ------------------------------------------------------------------------------

wrapping first mol.:       19.57661       27.68550       47.95269
wrapping first mol.:       19.57661       27.68550       47.95269

 NSTEP =     3000   TIME(PS) =    2106.000  TEMP(K) =   296.94  PRESS =    51.9
 Etot   =    -51464.1165  EKtot   =      9655.1992  EPtot      =    -61119.3157
 BOND   =       404.2983  ANGLE   =      1048.5615  DIHED      =       720.3799
 1-4 NB =       465.0795  1-4 EEL =      5666.3489  VDWAALS    =      6806.5866
 EELEC  =    -76309.6305  EHBOND  =         0.0000  RESTRAINT  =        79.0602
 EAMBER (non-restraint)  =    -61198.3759
 EKCMT  =      4104.8325  VIRIAL  =      3930.2552  VOLUME     =    155938.0261
                                                    Density    =         1.0361
 ------------------------------------------------------------------------------

wrapping first mol.:       19.56165       27.66435       47.91605
wrapping first mol.:       19.56165       27.66435       47.91605

 NSTEP =     3500   TIME(PS) =    2107.000  TEMP(K) =   300.85  PRESS =    43.7
 Etot   =    -51343.6208  EKtot   =      9782.1924  EPtot      =    -61125.8132
 BOND   =       392.0385  ANGLE   =      1045.8262  DIHED      =       727.6786
 1-4 NB =       455.4872  1-4 EEL =      5661.3874  VDWAALS    =      6695.0787
 EELEC  =    -76183.3671  EHBOND  =         0.0000  RESTRAINT  =        80.0573
 EAMBER (non-restraint)  =    -61205.8705
 EKCMT  =      4093.9334  VIRIAL  =      3947.1542  VOLUME     =    155580.9610
                                                    Density    =         1.0385
 ------------------------------------------------------------------------------

wrapping first mol.:       19.55888       27.66044       47.90928
wrapping first mol.:       19.55888       27.66044       47.90928

 NSTEP =     4000   TIME(PS) =    2108.000  TEMP(K) =   303.73  PRESS =  -150.6
 Etot   =    -51152.2914  EKtot   =      9875.7979  EPtot      =    -61028.0892
 BOND   =       387.1237  ANGLE   =      1061.8704  DIHED      =       724.1112
 1-4 NB =       453.6404  1-4 EEL =      5712.3271  VDWAALS    =      6667.2828
 EELEC  =    -76123.0015  EHBOND  =         0.0000  RESTRAINT  =        88.5567
 EAMBER (non-restraint)  =    -61116.6459
 EKCMT  =      4141.6172  VIRIAL  =      4647.4397  VOLUME     =    155517.6903
                                                    Density    =         1.0389
 ------------------------------------------------------------------------------

wrapping first mol.:       19.55704       27.65782       47.90475
wrapping first mol.:       19.55704       27.65782       47.90475

 NSTEP =     4500   TIME(PS) =    2109.000  TEMP(K) =   298.58  PRESS =   258.3
 Etot   =    -51421.4284  EKtot   =      9708.4775  EPtot      =    -61129.9059
 BOND   =       402.3815  ANGLE   =      1024.4388  DIHED      =       720.7371
 1-4 NB =       454.4138  1-4 EEL =      5676.2255  VDWAALS    =      6775.9717
 EELEC  =    -76267.6348  EHBOND  =         0.0000  RESTRAINT  =        83.5604
 EAMBER (non-restraint)  =    -61213.4664
 EKCMT  =      4042.0276  VIRIAL  =      3174.9377  VOLUME     =    155467.9227
                                                    Density    =         1.0392
 ------------------------------------------------------------------------------

wrapping first mol.:       19.56045       27.66266       47.91313
wrapping first mol.:       19.56045       27.66266       47.91313

 NSTEP =     5000   TIME(PS) =    2110.000  TEMP(K) =   298.48  PRESS =    97.0
 Etot   =    -51255.6690  EKtot   =      9705.3584  EPtot      =    -60961.0274
 BOND   =       406.7607  ANGLE   =      1045.2885  DIHED      =       728.8588
 1-4 NB =       450.7162  1-4 EEL =      5640.1562  VDWAALS    =      6794.0895
 EELEC  =    -76120.1234  EHBOND  =         0.0000  RESTRAINT  =        93.2261
 EAMBER (non-restraint)  =    -61054.2535
 EKCMT  =      4030.6325  VIRIAL  =      3704.7476  VOLUME     =    155551.6971
                                                    Density    =         1.0387
 ------------------------------------------------------------------------------

wrapping first mol.:       19.57324       27.68074       47.94445
wrapping first mol.:       19.57324       27.68074       47.94445

 NSTEP =     5500   TIME(PS) =    2111.000  TEMP(K) =   300.29  PRESS =  -483.1
 Etot   =    -51197.4824  EKtot   =      9764.1387  EPtot      =    -60961.6211
 BOND   =       402.5910  ANGLE   =      1031.7206  DIHED      =       713.0060
 1-4 NB =       454.5104  1-4 EEL =      5703.2389  VDWAALS    =      6654.0216
 EELEC  =    -76005.8397  EHBOND  =         0.0000  RESTRAINT  =        85.1302
 EAMBER (non-restraint)  =    -61046.7512
 EKCMT  =      4125.7883  VIRIAL  =      5751.5141  VOLUME     =    155865.0379
                                                    Density    =         1.0366
 ------------------------------------------------------------------------------

wrapping first mol.:       19.56752       27.67265       47.93044
wrapping first mol.:       19.56752       27.67265       47.93044

 NSTEP =     6000   TIME(PS) =    2112.000  TEMP(K) =   299.38  PRESS =  -103.5
 Etot   =    -51068.2651  EKtot   =      9734.3818  EPtot      =    -60802.6469
 BOND   =       418.7521  ANGLE   =      1095.8650  DIHED      =       720.0829
 1-4 NB =       460.8234  1-4 EEL =      5696.7846  VDWAALS    =      6684.6185
 EELEC  =    -75958.9739  EHBOND  =         0.0000  RESTRAINT  =        79.4005
 EAMBER (non-restraint)  =    -60882.0474
 EKCMT  =      4062.3022  VIRIAL  =      4410.3908  VOLUME     =    155723.1759
                                                    Density    =         1.0375
 ------------------------------------------------------------------------------

wrapping first mol.:       19.57675       27.68571       47.95305
wrapping first mol.:       19.57675       27.68571       47.95305

 NSTEP =     6500   TIME(PS) =    2113.000  TEMP(K) =   299.61  PRESS =   157.1
 Etot   =    -51405.9194  EKtot   =      9741.8330  EPtot      =    -61147.7524
 BOND   =       373.0403  ANGLE   =      1004.4228  DIHED      =       716.8960
 1-4 NB =       447.1554  1-4 EEL =      5745.8105  VDWAALS    =      6896.1970
 EELEC  =    -76410.0025  EHBOND  =         0.0000  RESTRAINT  =        78.7282
 EAMBER (non-restraint)  =    -61226.4806
 EKCMT  =      4126.4419  VIRIAL  =      3597.4622  VOLUME     =    155939.9899
                                                    Density    =         1.0361
 ------------------------------------------------------------------------------

wrapping first mol.:       19.57419       27.68208       47.94676
wrapping first mol.:       19.57419       27.68208       47.94676

 NSTEP =     7000   TIME(PS) =    2114.000  TEMP(K) =   303.11  PRESS =   218.1
 Etot   =    -51284.3657  EKtot   =      9855.7363  EPtot      =    -61140.1020
 BOND   =       376.9646  ANGLE   =      1047.1309  DIHED      =       715.9370
 1-4 NB =       460.5000  1-4 EEL =      5705.9608  VDWAALS    =      6936.2477
 EELEC  =    -76467.6650  EHBOND  =         0.0000  RESTRAINT  =        84.8220
 EAMBER (non-restraint)  =    -61224.9241
 EKCMT  =      4071.6829  VIRIAL  =      3337.6781  VOLUME     =    155877.8280
                                                    Density    =         1.0365
 ------------------------------------------------------------------------------

wrapping first mol.:       19.56581       27.67023       47.92624
wrapping first mol.:       19.56581       27.67023       47.92624

 NSTEP =     7500   TIME(PS) =    2115.000  TEMP(K) =   299.89  PRESS =     8.5
 Etot   =    -51159.3811  EKtot   =      9751.1650  EPtot      =    -60910.5462
 BOND   =       381.0956  ANGLE   =      1067.5027  DIHED      =       703.3120
 1-4 NB =       449.7594  1-4 EEL =      5743.9513  VDWAALS    =      6894.4296
 EELEC  =    -76240.1972  EHBOND  =         0.0000  RESTRAINT  =        89.6005
 EAMBER (non-restraint)  =    -61000.1466
 EKCMT  =      4070.5376  VIRIAL  =      4042.0919  VOLUME     =    155680.7310
                                                    Density    =         1.0378
 ------------------------------------------------------------------------------

wrapping first mol.:       19.56944       27.67537       47.93515
wrapping first mol.:       19.56944       27.67537       47.93515

 NSTEP =     8000   TIME(PS) =    2116.000  TEMP(K) =   299.32  PRESS =   -79.0
 Etot   =    -51375.3890  EKtot   =      9732.6660  EPtot      =    -61108.0550
 BOND   =       412.4708  ANGLE   =      1067.4389  DIHED      =       726.3836
 1-4 NB =       459.5865  1-4 EEL =      5704.3998  VDWAALS    =      6708.2038
 EELEC  =    -76259.6295  EHBOND  =         0.0000  RESTRAINT  =        73.0911
 EAMBER (non-restraint)  =    -61181.1462
 EKCMT  =      4096.0279  VIRIAL  =      4361.5770  VOLUME     =    155768.7383
                                                    Density    =         1.0372
 ------------------------------------------------------------------------------

wrapping first mol.:       19.56081       27.66316       47.91400
wrapping first mol.:       19.56081       27.66316       47.91400

 NSTEP =     8500   TIME(PS) =    2117.000  TEMP(K) =   297.99  PRESS =  -172.3
 Etot   =    -51336.9342  EKtot   =      9689.3809  EPtot      =    -61026.3151
 BOND   =       437.7001  ANGLE   =      1036.8164  DIHED      =       708.0563
 1-4 NB =       467.6899  1-4 EEL =      5737.3740  VDWAALS    =      6682.4734
 EELEC  =    -76175.0022  EHBOND  =         0.0000  RESTRAINT  =        78.5768
 EAMBER (non-restraint)  =    -61104.8919
 EKCMT  =      4036.9661  VIRIAL  =      4615.8116  VOLUME     =    155563.9343
                                                    Density    =         1.0386
 ------------------------------------------------------------------------------

wrapping first mol.:       19.56545       27.66973       47.92537
wrapping first mol.:       19.56545       27.66973       47.92537

 NSTEP =     9000   TIME(PS) =    2118.000  TEMP(K) =   300.22  PRESS =   -62.9
 Etot   =    -51047.6965  EKtot   =      9761.8008  EPtot      =    -60809.4973
 BOND   =       405.0741  ANGLE   =      1061.7492  DIHED      =       703.4023
 1-4 NB =       452.6678  1-4 EEL =      5730.4731  VDWAALS    =      6811.1893
 EELEC  =    -76063.3162  EHBOND  =         0.0000  RESTRAINT  =        89.2631
 EAMBER (non-restraint)  =    -60898.7604
 EKCMT  =      4075.2840  VIRIAL  =      4286.6248  VOLUME     =    155673.1593
                                                    Density    =         1.0378
 ------------------------------------------------------------------------------

wrapping first mol.:       19.54662       27.64310       47.87924
wrapping first mol.:       19.54662       27.64310       47.87924

 NSTEP =     9500   TIME(PS) =    2119.000  TEMP(K) =   301.48  PRESS =     1.0
 Etot   =    -51199.2996  EKtot   =      9802.6172  EPtot      =    -61001.9168
 BOND   =       428.5952  ANGLE   =      1034.6192  DIHED      =       733.4646
 1-4 NB =       444.0687  1-4 EEL =      5726.2862  VDWAALS    =      6699.5602
 EELEC  =    -76148.1115  EHBOND  =         0.0000  RESTRAINT  =        79.6004
 EAMBER (non-restraint)  =    -61081.5172
 EKCMT  =      4059.7306  VIRIAL  =      4056.3236  VOLUME     =    155223.2399
                                                    Density    =         1.0408
 ------------------------------------------------------------------------------

wrapping first mol.:       19.56963       27.67563       47.93560
wrapping first mol.:       19.56963       27.67563       47.93560

 NSTEP =    10000   TIME(PS) =    2120.000  TEMP(K) =   302.07  PRESS =   250.1
 Etot   =    -51169.3824  EKtot   =      9822.0859  EPtot      =    -60991.4684
 BOND   =       404.7924  ANGLE   =      1050.4241  DIHED      =       719.9204
 1-4 NB =       464.2337  1-4 EEL =      5718.1356  VDWAALS    =      6827.5235
 EELEC  =    -76251.9476  EHBOND  =         0.0000  RESTRAINT  =        75.4496
 EAMBER (non-restraint)  =    -61066.9179
 EKCMT  =      4117.3933  VIRIAL  =      3276.0876  VOLUME     =    155768.5363
                                                    Density    =         1.0372
 ------------------------------------------------------------------------------

wrapping first mol.:       19.57544       27.68386       47.94984
wrapping first mol.:       19.57544       27.68386       47.94984

 NSTEP =    10500   TIME(PS) =    2121.000  TEMP(K) =   294.73  PRESS =   263.1
 Etot   =    -51330.7741  EKtot   =      9583.1729  EPtot      =    -60913.9469
 BOND   =       428.6762  ANGLE   =      1071.2974  DIHED      =       708.1995
 1-4 NB =       459.7076  1-4 EEL =      5644.4717  VDWAALS    =      6873.5306
 EELEC  =    -76180.2314  EHBOND  =         0.0000  RESTRAINT  =        80.4014
 EAMBER (non-restraint)  =    -60994.3483
 EKCMT  =      4039.2820  VIRIAL  =      3153.7511  VOLUME     =    155907.2657
                                                    Density    =         1.0363
 ------------------------------------------------------------------------------

wrapping first mol.:       19.55860       27.66004       47.90860
wrapping first mol.:       19.55860       27.66004       47.90860

 NSTEP =    11000   TIME(PS) =    2122.000  TEMP(K) =   301.74  PRESS =    99.3
 Etot   =    -51072.8603  EKtot   =      9811.2500  EPtot      =    -60884.1103
 BOND   =       406.1784  ANGLE   =      1065.5986  DIHED      =       720.8447
 1-4 NB =       463.7167  1-4 EEL =      5661.1102  VDWAALS    =      6690.4896
 EELEC  =    -75976.6445  EHBOND  =         0.0000  RESTRAINT  =        84.5961
 EAMBER (non-restraint)  =    -60968.7063
 EKCMT  =      4051.5760  VIRIAL  =      3718.0886  VOLUME     =    155507.5567
                                                    Density    =         1.0389
 ------------------------------------------------------------------------------

wrapping first mol.:       19.54299       27.63796       47.87034
wrapping first mol.:       19.54299       27.63796       47.87034

 NSTEP =    11500   TIME(PS) =    2123.000  TEMP(K) =   300.09  PRESS =    75.6
 Etot   =    -51131.4169  EKtot   =      9757.6904  EPtot      =    -60889.1073
 BOND   =       411.7560  ANGLE   =      1076.6672  DIHED      =       720.2559
 1-4 NB =       457.7635  1-4 EEL =      5649.1495  VDWAALS    =      6823.6784
 EELEC  =    -76102.3301  EHBOND  =         0.0000  RESTRAINT  =        73.9523
 EAMBER (non-restraint)  =    -60963.0596
 EKCMT  =      4027.1053  VIRIAL  =      3773.9017  VOLUME     =    155135.6655
                                                    Density    =         1.0414
 ------------------------------------------------------------------------------

wrapping first mol.:       19.55266       27.65164       47.89403
wrapping first mol.:       19.55266       27.65164       47.89403

 NSTEP =    12000   TIME(PS) =    2124.000  TEMP(K) =   299.67  PRESS =   109.5
 Etot   =    -51237.8467  EKtot   =      9743.9199  EPtot      =    -60981.7667
 BOND   =       430.8673  ANGLE   =      1012.5061  DIHED      =       743.7742
 1-4 NB =       452.5713  1-4 EEL =      5681.3170  VDWAALS    =      6923.5274
 EELEC  =    -76312.8389  EHBOND  =         0.0000  RESTRAINT  =        86.5089
 EAMBER (non-restraint)  =    -61068.2756
 EKCMT  =      4126.0794  VIRIAL  =      3758.8089  VOLUME     =    155365.6600
                                                    Density    =         1.0399
 ------------------------------------------------------------------------------

wrapping first mol.:       19.59158       27.70668       47.98938
wrapping first mol.:       19.59158       27.70668       47.98938

 NSTEP =    12500   TIME(PS) =    2125.000  TEMP(K) =   304.06  PRESS =  -470.9
 Etot   =    -50788.4879  EKtot   =      9886.5889  EPtot      =    -60675.0767
 BOND   =       386.4218  ANGLE   =      1067.5606  DIHED      =       723.6765
 1-4 NB =       464.1181  1-4 EEL =      5721.3951  VDWAALS    =      6522.8844
 EELEC  =    -75640.2362  EHBOND  =         0.0000  RESTRAINT  =        79.1030
 EAMBER (non-restraint)  =    -60754.1797
 EKCMT  =      4121.0256  VIRIAL  =      5710.1310  VOLUME     =    156303.4616
                                                    Density    =         1.0337
 ------------------------------------------------------------------------------

wrapping first mol.:       19.61478       27.73949       48.04620
wrapping first mol.:       19.61478       27.73949       48.04620

 NSTEP =    13000   TIME(PS) =    2126.000  TEMP(K) =   299.89  PRESS =   106.8
 Etot   =    -51205.7133  EKtot   =      9751.1895  EPtot      =    -60956.9028
 BOND   =       391.8337  ANGLE   =      1057.6698  DIHED      =       729.4957
 1-4 NB =       457.3542  1-4 EEL =      5681.0174  VDWAALS    =      6887.7546
 EELEC  =    -76238.4641  EHBOND  =         0.0000  RESTRAINT  =        76.4359
 EAMBER (non-restraint)  =    -61033.3387
 EKCMT  =      4003.1574  VIRIAL  =      3641.4238  VOLUME     =    156851.3004
                                                    Density    =         1.0300
 ------------------------------------------------------------------------------

wrapping first mol.:       19.60464       27.72515       48.02137
wrapping first mol.:       19.60464       27.72515       48.02137

 NSTEP =    13500   TIME(PS) =    2127.000  TEMP(K) =   298.27  PRESS =   122.5
 Etot   =    -51258.7289  EKtot   =      9698.2559  EPtot      =    -60956.9848
 BOND   =       415.6044  ANGLE   =      1070.6008  DIHED      =       719.1170
 1-4 NB =       456.2908  1-4 EEL =      5678.5089  VDWAALS    =      6896.7684
 EELEC  =    -76276.3166  EHBOND  =         0.0000  RESTRAINT  =        82.4415
 EAMBER (non-restraint)  =    -61039.4263
 EKCMT  =      4085.7921  VIRIAL  =      3671.4890  VOLUME     =    156607.9601
                                                    Density    =         1.0316
 ------------------------------------------------------------------------------

wrapping first mol.:       19.60206       27.72150       48.01505
wrapping first mol.:       19.60206       27.72150       48.01505

 NSTEP =    14000   TIME(PS) =    2128.000  TEMP(K) =   301.88  PRESS =  -362.0
 Etot   =    -51200.4594  EKtot   =      9815.6709  EPtot      =    -61016.1303
 BOND   =       395.3707  ANGLE   =      1036.9844  DIHED      =       711.5121
 1-4 NB =       460.9778  1-4 EEL =      5745.1394  VDWAALS    =      6677.8175
 EELEC  =    -76131.0619  EHBOND  =         0.0000  RESTRAINT  =        87.1297
 EAMBER (non-restraint)  =    -61103.2599
 EKCMT  =      4097.8290  VIRIAL  =      5321.4136  VOLUME     =    156552.9132
                                                    Density    =         1.0320
 ------------------------------------------------------------------------------

wrapping first mol.:       19.58875       27.70268       47.98244
wrapping first mol.:       19.58875       27.70268       47.98244

 NSTEP =    14500   TIME(PS) =    2129.000  TEMP(K) =   304.26  PRESS =    -3.7
 Etot   =    -51008.9702  EKtot   =      9893.0801  EPtot      =    -60902.0503
 BOND   =       412.8707  ANGLE   =      1025.6978  DIHED      =       722.1909
 1-4 NB =       462.8650  1-4 EEL =      5709.8866  VDWAALS    =      6799.4360
 EELEC  =    -76122.4639  EHBOND  =         0.0000  RESTRAINT  =        87.4667
 EAMBER (non-restraint)  =    -60989.5170
 EKCMT  =      4157.4053  VIRIAL  =      4169.8034  VOLUME     =    156229.1665
                                                    Density    =         1.0341
 ------------------------------------------------------------------------------

wrapping first mol.:       19.56259       27.66569       47.91837
wrapping first mol.:       19.56259       27.66569       47.91837

 NSTEP =    15000   TIME(PS) =    2130.000  TEMP(K) =   305.28  PRESS =   -25.7
 Etot   =    -51144.5571  EKtot   =      9926.2949  EPtot      =    -61070.8520
 BOND   =       421.4444  ANGLE   =       975.7453  DIHED      =       707.0582
 1-4 NB =       463.5637  1-4 EEL =      5692.1232  VDWAALS    =      6714.9943
 EELEC  =    -76129.8040  EHBOND  =         0.0000  RESTRAINT  =        84.0228
 EAMBER (non-restraint)  =    -61154.8748
 EKCMT  =      4102.2466  VIRIAL  =      4188.7519  VOLUME     =    155604.4820
                                                    Density    =         1.0383
 ------------------------------------------------------------------------------

wrapping first mol.:       19.56731       27.67235       47.92991
wrapping first mol.:       19.56731       27.67235       47.92991

 NSTEP =    15500   TIME(PS) =    2131.000  TEMP(K) =   300.36  PRESS =   -61.4
 Etot   =    -51237.0398  EKtot   =      9766.3018  EPtot      =    -61003.3416
 BOND   =       388.6269  ANGLE   =      1101.7815  DIHED      =       712.7587
 1-4 NB =       443.3673  1-4 EEL =      5692.5558  VDWAALS    =      6957.8174
 EELEC  =    -76374.7699  EHBOND  =         0.0000  RESTRAINT  =        74.5208
 EAMBER (non-restraint)  =    -61077.8623
 EKCMT  =      4071.8249  VIRIAL  =      4278.1675  VOLUME     =    155717.4608
                                                    Density    =         1.0375
 ------------------------------------------------------------------------------

wrapping first mol.:       19.55487       27.65476       47.89945
wrapping first mol.:       19.55487       27.65476       47.89945

 NSTEP =    16000   TIME(PS) =    2132.000  TEMP(K) =   297.73  PRESS =   -93.6
 Etot   =    -51317.6203  EKtot   =      9680.7588  EPtot      =    -60998.3791
 BOND   =       390.9409  ANGLE   =      1022.7390  DIHED      =       732.9985
 1-4 NB =       455.4966  1-4 EEL =      5652.0384  VDWAALS    =      6670.6854
 EELEC  =    -76007.7403  EHBOND  =         0.0000  RESTRAINT  =        84.4625
 EAMBER (non-restraint)  =    -61082.8416
 EKCMT  =      4045.0420  VIRIAL  =      4359.3000  VOLUME     =    155421.2145
                                                    Density    =         1.0395
 ------------------------------------------------------------------------------

wrapping first mol.:       19.55305       27.65218       47.89498
wrapping first mol.:       19.55305       27.65218       47.89498

 NSTEP =    16500   TIME(PS) =    2133.000  TEMP(K) =   303.29  PRESS =  -171.6
 Etot   =    -51222.1199  EKtot   =      9861.5781  EPtot      =    -61083.6980
 BOND   =       417.6345  ANGLE   =      1003.5595  DIHED      =       718.9952
 1-4 NB =       449.6852  1-4 EEL =      5695.6171  VDWAALS    =      6731.6155
 EELEC  =    -76177.8549  EHBOND  =         0.0000  RESTRAINT  =        77.0499
 EAMBER (non-restraint)  =    -61160.7479
 EKCMT  =      4151.1324  VIRIAL  =      4726.7419  VOLUME     =    155378.7850
                                                    Density    =         1.0398
 ------------------------------------------------------------------------------

wrapping first mol.:       19.56661       27.67136       47.92820
wrapping first mol.:       19.56661       27.67136       47.92820

 NSTEP =    17000   TIME(PS) =    2134.000  TEMP(K) =   298.07  PRESS =   -58.2
 Etot   =    -51310.1873  EKtot   =      9691.9150  EPtot      =    -61002.1023
 BOND   =       404.9241  ANGLE   =      1055.9248  DIHED      =       734.2153
 1-4 NB =       470.1833  1-4 EEL =      5676.9157  VDWAALS    =      6949.4949
 EELEC  =    -76372.0958  EHBOND  =         0.0000  RESTRAINT  =        78.3353
 EAMBER (non-restraint)  =    -61080.4377
 EKCMT  =      4075.9972  VIRIAL  =      4271.4927  VOLUME     =    155700.6858
                                                    Density    =         1.0377
 ------------------------------------------------------------------------------

wrapping first mol.:       19.57433       27.68228       47.94712
wrapping first mol.:       19.57433       27.68228       47.94712

 NSTEP =    17500   TIME(PS) =    2135.000  TEMP(K) =   300.61  PRESS =   185.6
 Etot   =    -51103.3765  EKtot   =      9774.3350  EPtot      =    -60877.7115
 BOND   =       392.9421  ANGLE   =      1053.9351  DIHED      =       715.0701
 1-4 NB =       467.8377  1-4 EEL =      5638.9956  VDWAALS    =      6792.2040
 EELEC  =    -76025.0039  EHBOND  =         0.0000  RESTRAINT  =        86.3078
 EAMBER (non-restraint)  =    -60964.0194
 EKCMT  =      4095.7056  VIRIAL  =      3471.1167  VOLUME     =    155881.7614
                                                    Density    =         1.0365
 ------------------------------------------------------------------------------

wrapping first mol.:       19.58324       27.69488       47.96894
wrapping first mol.:       19.58324       27.69488       47.96894

 NSTEP =    18000   TIME(PS) =    2136.000  TEMP(K) =   302.40  PRESS =    51.0
 Etot   =    -51078.2473  EKtot   =      9832.7695  EPtot      =    -60911.0168
 BOND   =       410.0860  ANGLE   =      1062.3104  DIHED      =       700.8842
 1-4 NB =       436.5966  1-4 EEL =      5661.8954  VDWAALS    =      6911.3529
 EELEC  =    -76185.6745  EHBOND  =         0.0000  RESTRAINT  =        91.5321
 EAMBER (non-restraint)  =    -61002.5490
 EKCMT  =      4084.5278  VIRIAL  =      3912.7792  VOLUME     =    156096.5426
                                                    Density    =         1.0350
 ------------------------------------------------------------------------------

wrapping first mol.:       19.59083       27.70561       47.98752
wrapping first mol.:       19.59083       27.70561       47.98752

 NSTEP =    18500   TIME(PS) =    2137.000  TEMP(K) =   300.76  PRESS =   -24.4
 Etot   =    -51112.3014  EKtot   =      9779.3086  EPtot      =    -60891.6100
 BOND   =       418.7495  ANGLE   =      1044.9788  DIHED      =       731.6556
 1-4 NB =       459.9601  1-4 EEL =      5688.8626  VDWAALS    =      6902.6518
 EELEC  =    -76218.6562  EHBOND  =         0.0000  RESTRAINT  =        80.1878
 EAMBER (non-restraint)  =    -60971.7978
 EKCMT  =      4092.5377  VIRIAL  =      4175.0096  VOLUME     =    156279.0871
                                                    Density    =         1.0338
 ------------------------------------------------------------------------------

wrapping first mol.:       19.57535       27.68372       47.94961
wrapping first mol.:       19.57535       27.68372       47.94961

 NSTEP =    19000   TIME(PS) =    2138.000  TEMP(K) =   295.75  PRESS =   -57.6
 Etot   =    -51402.2104  EKtot   =      9616.3154  EPtot      =    -61018.5258
 BOND   =       412.4201  ANGLE   =      1018.3244  DIHED      =       717.9260
 1-4 NB =       466.1814  1-4 EEL =      5670.2607  VDWAALS    =      6831.4949
 EELEC  =    -76212.3240  EHBOND  =         0.0000  RESTRAINT  =        77.1907
 EAMBER (non-restraint)  =    -61095.7165
 EKCMT  =      4060.5889  VIRIAL  =      4254.5032  VOLUME     =    155909.4335
                                                    Density    =         1.0363
 ------------------------------------------------------------------------------

wrapping first mol.:       19.57554       27.68400       47.95008
wrapping first mol.:       19.57554       27.68400       47.95008

 NSTEP =    19500   TIME(PS) =    2139.000  TEMP(K) =   299.42  PRESS =  -254.8
 Etot   =    -51392.6173  EKtot   =      9735.6270  EPtot      =    -61128.2443
 BOND   =       395.7252  ANGLE   =      1051.6569  DIHED      =       724.9612
 1-4 NB =       461.3480  1-4 EEL =      5647.9300  VDWAALS    =      6630.3365
 EELEC  =    -76122.1909  EHBOND  =         0.0000  RESTRAINT  =        81.9888
 EAMBER (non-restraint)  =    -61210.2331
 EKCMT  =      4041.1338  VIRIAL  =      4898.9512  VOLUME     =    155916.8271
                                                    Density    =         1.0362
 ------------------------------------------------------------------------------

wrapping first mol.:       19.58061       27.69117       47.96251
wrapping first mol.:       19.58061       27.69117       47.96251

 NSTEP =    20000   TIME(PS) =    2140.000  TEMP(K) =   302.12  PRESS =  -155.9
 Etot   =    -51194.7318  EKtot   =      9823.5400  EPtot      =    -61018.2718
 BOND   =       428.6405  ANGLE   =      1012.7228  DIHED      =       707.6744
 1-4 NB =       457.3923  1-4 EEL =      5682.9973  VDWAALS    =      6859.2605
 EELEC  =    -76253.2768  EHBOND  =         0.0000  RESTRAINT  =        86.3171
 EAMBER (non-restraint)  =    -61104.5889
 EKCMT  =      4108.5232  VIRIAL  =      4633.6411  VOLUME     =    156036.6638
                                                    Density    =         1.0354
 ------------------------------------------------------------------------------

wrapping first mol.:       19.57522       27.68354       47.94930
wrapping first mol.:       19.57522       27.68354       47.94930

 NSTEP =    20500   TIME(PS) =    2141.000  TEMP(K) =   301.93  PRESS =    81.9
 Etot   =    -51360.3171  EKtot   =      9817.5430  EPtot      =    -61177.8600
 BOND   =       401.0751  ANGLE   =      1025.6004  DIHED      =       721.7153
 1-4 NB =       461.0474  1-4 EEL =      5699.1608  VDWAALS    =      6859.0798
 EELEC  =    -76433.6349  EHBOND  =         0.0000  RESTRAINT  =        88.0961
 EAMBER (non-restraint)  =    -61265.9561
 EKCMT  =      4050.7605  VIRIAL  =      3774.9131  VOLUME     =    155904.4850
                                                    Density    =         1.0363
 ------------------------------------------------------------------------------

wrapping first mol.:       19.57796       27.68742       47.95602
wrapping first mol.:       19.57796       27.68742       47.95602

 NSTEP =    21000   TIME(PS) =    2142.000  TEMP(K) =   298.53  PRESS =   -36.2
 Etot   =    -51580.4522  EKtot   =      9706.9502  EPtot      =    -61287.4024
 BOND   =       365.8929  ANGLE   =      1017.2007  DIHED      =       741.3031
 1-4 NB =       471.9086  1-4 EEL =      5714.7223  VDWAALS    =      6894.9060
 EELEC  =    -76587.8966  EHBOND  =         0.0000  RESTRAINT  =        94.5604
 EAMBER (non-restraint)  =    -61381.9629
 EKCMT  =      4029.9028  VIRIAL  =      4151.6571  VOLUME     =    155971.6628
                                                    Density    =         1.0359
 ------------------------------------------------------------------------------

wrapping first mol.:       19.56190       27.66471       47.91667
wrapping first mol.:       19.56190       27.66471       47.91667

 NSTEP =    21500   TIME(PS) =    2143.000  TEMP(K) =   301.77  PRESS =   113.5
 Etot   =    -51340.9747  EKtot   =      9812.0547  EPtot      =    -61153.0294
 BOND   =       394.6391  ANGLE   =      1072.7692  DIHED      =       710.6981
 1-4 NB =       431.6133  1-4 EEL =      5683.7668  VDWAALS    =      6797.9792
 EELEC  =    -76321.8632  EHBOND  =         0.0000  RESTRAINT  =        77.3680
 EAMBER (non-restraint)  =    -61230.3974
 EKCMT  =      4163.7343  VIRIAL  =      3782.5361  VOLUME     =    155586.0287
                                                    Density    =         1.0384
 ------------------------------------------------------------------------------

wrapping first mol.:       19.57472       27.68283       47.94806
wrapping first mol.:       19.57472       27.68283       47.94806

 NSTEP =    22000   TIME(PS) =    2144.000  TEMP(K) =   300.62  PRESS =  -159.0
 Etot   =    -51353.2740  EKtot   =      9774.6426  EPtot      =    -61127.9166
 BOND   =       436.2781  ANGLE   =      1053.6049  DIHED      =       701.9423
 1-4 NB =       465.2728  1-4 EEL =      5645.1808  VDWAALS    =      6762.9570
 EELEC  =    -76273.8177  EHBOND  =         0.0000  RESTRAINT  =        80.6651
 EAMBER (non-restraint)  =    -61208.5818
 EKCMT  =      4092.9897  VIRIAL  =      4628.2793  VOLUME     =    155895.7617
                                                    Density    =         1.0364
 ------------------------------------------------------------------------------

wrapping first mol.:       19.56199       27.66483       47.91689
wrapping first mol.:       19.56199       27.66483       47.91689

 NSTEP =    22500   TIME(PS) =    2145.000  TEMP(K) =   300.55  PRESS =  -127.1
 Etot   =    -51250.2841  EKtot   =      9772.4883  EPtot      =    -61022.7724
 BOND   =       413.0435  ANGLE   =      1098.4492  DIHED      =       724.2759
 1-4 NB =       450.5848  1-4 EEL =      5677.4893  VDWAALS    =      6786.7928
 EELEC  =    -76267.5844  EHBOND  =         0.0000  RESTRAINT  =        94.1765
 EAMBER (non-restraint)  =    -61116.9490
 EKCMT  =      4053.1037  VIRIAL  =      4479.9707  VOLUME     =    155591.5150
                                                    Density    =         1.0384
 ------------------------------------------------------------------------------

wrapping first mol.:       19.55558       27.65576       47.90118
wrapping first mol.:       19.55558       27.65576       47.90118

 NSTEP =    23000   TIME(PS) =    2146.000  TEMP(K) =   299.67  PRESS =  -123.0
 Etot   =    -51292.2346  EKtot   =      9744.0273  EPtot      =    -61036.2620
 BOND   =       397.4877  ANGLE   =      1059.3223  DIHED      =       702.1708
 1-4 NB =       435.6549  1-4 EEL =      5704.0753  VDWAALS    =      6643.9761
 EELEC  =    -76055.1660  EHBOND  =         0.0000  RESTRAINT  =        76.2168
 EAMBER (non-restraint)  =    -61112.4788
 EKCMT  =      4030.1281  VIRIAL  =      4442.8004  VOLUME     =    155438.4766
                                                    Density    =         1.0394
 ------------------------------------------------------------------------------

wrapping first mol.:       19.55732       27.65823       47.90545
wrapping first mol.:       19.55732       27.65823       47.90545

 NSTEP =    23500   TIME(PS) =    2147.000  TEMP(K) =   300.88  PRESS =     8.1
 Etot   =    -51391.0173  EKtot   =      9783.1182  EPtot      =    -61174.1355
 BOND   =       384.0810  ANGLE   =      1025.5289  DIHED      =       735.7915
 1-4 NB =       459.1483  1-4 EEL =      5645.8043  VDWAALS    =      6895.9886
 EELEC  =    -76411.2744  EHBOND  =         0.0000  RESTRAINT  =        90.7964
 EAMBER (non-restraint)  =    -61264.9318
 EKCMT  =      4058.8680  VIRIAL  =      4031.5191  VOLUME     =    155478.2109
                                                    Density    =         1.0391
 ------------------------------------------------------------------------------

wrapping first mol.:       19.53055       27.62037       47.83988
wrapping first mol.:       19.53055       27.62037       47.83988

 NSTEP =    24000   TIME(PS) =    2148.000  TEMP(K) =   298.25  PRESS =   -75.0
 Etot   =    -51443.3131  EKtot   =      9697.8770  EPtot      =    -61141.1900
 BOND   =       433.9208  ANGLE   =      1049.1778  DIHED      =       722.5593
 1-4 NB =       448.7848  1-4 EEL =      5664.0587  VDWAALS    =      6727.5406
 EELEC  =    -76272.8914  EHBOND  =         0.0000  RESTRAINT  =        85.6593
 EAMBER (non-restraint)  =    -61226.8493
 EKCMT  =      4028.4891  VIRIAL  =      4279.1337  VOLUME     =    154841.8025
                                                    Density    =         1.0434
 ------------------------------------------------------------------------------

wrapping first mol.:       19.53428       27.62564       47.84902
wrapping first mol.:       19.53428       27.62564       47.84902

 NSTEP =    24500   TIME(PS) =    2149.000  TEMP(K) =   297.04  PRESS =  -181.8
 Etot   =    -51512.1183  EKtot   =      9658.2539  EPtot      =    -61170.3722
 BOND   =       413.0764  ANGLE   =      1069.9264  DIHED      =       704.0393
 1-4 NB =       467.6900  1-4 EEL =      5641.0699  VDWAALS    =      6742.9085
 EELEC  =    -76303.5818  EHBOND  =         0.0000  RESTRAINT  =        94.4991
 EAMBER (non-restraint)  =    -61264.8713
 EKCMT  =      4072.8201  VIRIAL  =      4680.9950  VOLUME     =    154931.9750
                                                    Density    =         1.0428
 ------------------------------------------------------------------------------

wrapping first mol.:       19.53959       27.63315       47.86202
wrapping first mol.:       19.53959       27.63315       47.86202

 NSTEP =    25000   TIME(PS) =    2150.000  TEMP(K) =   299.51  PRESS =  -119.7
 Etot   =    -51131.1861  EKtot   =      9738.8330  EPtot      =    -60870.0191
 BOND   =       441.8184  ANGLE   =      1055.1099  DIHED      =       728.8978
 1-4 NB =       446.9838  1-4 EEL =      5637.4016  VDWAALS    =      6667.8954
 EELEC  =    -75929.8659  EHBOND  =         0.0000  RESTRAINT  =        81.7398
 EAMBER (non-restraint)  =    -60951.7590
 EKCMT  =      4142.3447  VIRIAL  =      4543.2481  VOLUME     =    155057.4649
                                                    Density    =         1.0420
 ------------------------------------------------------------------------------

wrapping first mol.:       19.55303       27.65216       47.89495
wrapping first mol.:       19.55303       27.65216       47.89495

 NSTEP =    25500   TIME(PS) =    2151.000  TEMP(K) =   301.41  PRESS =   134.7
 Etot   =    -51286.6849  EKtot   =      9800.3604  EPtot      =    -61087.0453
 BOND   =       421.1763  ANGLE   =      1049.3921  DIHED      =       718.7262
 1-4 NB =       463.8063  1-4 EEL =      5725.8158  VDWAALS    =      6880.7601
 EELEC  =    -76431.7505  EHBOND  =         0.0000  RESTRAINT  =        85.0286
 EAMBER (non-restraint)  =    -61172.0738
 EKCMT  =      4100.6537  VIRIAL  =      3648.6705  VOLUME     =    155374.1809
                                                    Density    =         1.0398
 ------------------------------------------------------------------------------

wrapping first mol.:       19.57252       27.67972       47.94268
wrapping first mol.:       19.57252       27.67972       47.94268

 NSTEP =    26000   TIME(PS) =    2152.000  TEMP(K) =   300.56  PRESS =  -244.6
 Etot   =    -51174.0741  EKtot   =      9772.9834  EPtot      =    -60947.0575
 BOND   =       394.2549  ANGLE   =      1026.8926  DIHED      =       725.5961
 1-4 NB =       463.5480  1-4 EEL =      5690.8909  VDWAALS    =      6693.3224
 EELEC  =    -76030.1940  EHBOND  =         0.0000  RESTRAINT  =        88.6317
 EAMBER (non-restraint)  =    -61035.6892
 EKCMT  =      4103.2006  VIRIAL  =      4926.3324  VOLUME     =    155844.4451
                                                    Density    =         1.0367
 ------------------------------------------------------------------------------

wrapping first mol.:       19.58366       27.69547       47.96996
wrapping first mol.:       19.58366       27.69547       47.96996

 NSTEP =    26500   TIME(PS) =    2153.000  TEMP(K) =   298.92  PRESS =   212.2
 Etot   =    -51169.1472  EKtot   =      9719.4160  EPtot      =    -60888.5632
 BOND   =       407.7619  ANGLE   =      1057.7002  DIHED      =       733.2098
 1-4 NB =       460.1982  1-4 EEL =      5718.1912  VDWAALS    =      6872.6199
 EELEC  =    -76219.1563  EHBOND  =         0.0000  RESTRAINT  =        80.9119
 EAMBER (non-restraint)  =    -60969.4751
 EKCMT  =      4087.5956  VIRIAL  =      3372.2347  VOLUME     =    156104.2992
                                                    Density    =         1.0350
 ------------------------------------------------------------------------------

wrapping first mol.:       19.59011       27.70459       47.98576
wrapping first mol.:       19.59011       27.70459       47.98576

 NSTEP =    27000   TIME(PS) =    2154.000  TEMP(K) =   300.96  PRESS =  -241.0
 Etot   =    -51350.8286  EKtot   =      9785.7051  EPtot      =    -61136.5337
 BOND   =       384.6616  ANGLE   =      1061.1430  DIHED      =       711.5909
 1-4 NB =       456.7371  1-4 EEL =      5668.7407  VDWAALS    =      6629.7461
 EELEC  =    -76131.7809  EHBOND  =         0.0000  RESTRAINT  =        82.6277
 EAMBER (non-restraint)  =    -61219.1614
 EKCMT  =      4101.3386  VIRIAL  =      4914.3094  VOLUME     =    156264.9096
                                                    Density    =         1.0339
 ------------------------------------------------------------------------------

wrapping first mol.:       19.58454       27.69672       47.97213
wrapping first mol.:       19.58454       27.69672       47.97213

 NSTEP =    27500   TIME(PS) =    2155.000  TEMP(K) =   303.56  PRESS =    -8.0
 Etot   =    -51321.1402  EKtot   =      9870.5430  EPtot      =    -61191.6831
 BOND   =       412.6412  ANGLE   =      1023.9592  DIHED      =       717.7022
 1-4 NB =       455.1767  1-4 EEL =      5675.9590  VDWAALS    =      6792.8942
 EELEC  =    -76354.6324  EHBOND  =         0.0000  RESTRAINT  =        84.6168
 EAMBER (non-restraint)  =    -61276.2999
 EKCMT  =      4159.6059  VIRIAL  =      4186.5881  VOLUME     =    156128.5503
                                                    Density    =         1.0348
 ------------------------------------------------------------------------------

wrapping first mol.:       19.59539       27.71206       47.99869
wrapping first mol.:       19.59539       27.71206       47.99869

 NSTEP =    28000   TIME(PS) =    2156.000  TEMP(K) =   305.43  PRESS =  -192.4
 Etot   =    -50895.7332  EKtot   =      9931.0986  EPtot      =    -60826.8318
 BOND   =       411.9373  ANGLE   =      1019.5984  DIHED      =       728.3612
 1-4 NB =       459.4227  1-4 EEL =      5677.3635  VDWAALS    =      6697.9218
 EELEC  =    -75902.3179  EHBOND  =         0.0000  RESTRAINT  =        80.8813
 EAMBER (non-restraint)  =    -60907.7131
 EKCMT  =      4185.5676  VIRIAL  =      4835.4005  VOLUME     =    156390.5923
                                                    Density    =         1.0331
 ------------------------------------------------------------------------------

wrapping first mol.:       19.60357       27.72363       48.01873
wrapping first mol.:       19.60357       27.72363       48.01873

 NSTEP =    28500   TIME(PS) =    2157.000  TEMP(K) =   301.52  PRESS =   150.9
 Etot   =    -51310.2648  EKtot   =      9804.0801  EPtot      =    -61114.3449
 BOND   =       410.6513  ANGLE   =      1033.3732  DIHED      =       732.1920
 1-4 NB =       448.0850  1-4 EEL =      5710.9179  VDWAALS    =      6977.6886
 EELEC  =    -76506.4393  EHBOND  =         0.0000  RESTRAINT  =        79.1864
 EAMBER (non-restraint)  =    -61193.5314
 EKCMT  =      4092.3833  VIRIAL  =      3582.3774  VOLUME     =    156581.7263
                                                    Density    =         1.0318
 ------------------------------------------------------------------------------

wrapping first mol.:       19.59480       27.71123       47.99726
wrapping first mol.:       19.59480       27.71123       47.99726

 NSTEP =    29000   TIME(PS) =    2158.000  TEMP(K) =   299.10  PRESS =  -109.4
 Etot   =    -51079.7599  EKtot   =      9725.5010  EPtot      =    -60805.2609
 BOND   =       391.9883  ANGLE   =      1067.1982  DIHED      =       715.9771
 1-4 NB =       454.7584  1-4 EEL =      5688.1065  VDWAALS    =      6606.4044
 EELEC  =    -75815.5218  EHBOND  =         0.0000  RESTRAINT  =        85.8279
 EAMBER (non-restraint)  =    -60891.0888
 EKCMT  =      4089.2230  VIRIAL  =      4458.7402  VOLUME     =    156375.4482
                                                    Density    =         1.0332
 ------------------------------------------------------------------------------

wrapping first mol.:       19.57255       27.67976       47.94275
wrapping first mol.:       19.57255       27.67976       47.94275

 NSTEP =    29500   TIME(PS) =    2159.000  TEMP(K) =   298.14  PRESS =   -12.3
 Etot   =    -51059.8786  EKtot   =      9694.2949  EPtot      =    -60754.1736
 BOND   =       402.5575  ANGLE   =      1067.6073  DIHED      =       735.9795
 1-4 NB =       459.4209  1-4 EEL =      5703.1901  VDWAALS    =      6714.4016
 EELEC  =    -75921.4382  EHBOND  =         0.0000  RESTRAINT  =        84.1077
 EAMBER (non-restraint)  =    -60838.2813
 EKCMT  =      4102.4082  VIRIAL  =      4143.7413  VOLUME     =    155841.9386
                                                    Density    =         1.0367
 ------------------------------------------------------------------------------

wrapping first mol.:       19.57278       27.68010       47.94333
wrapping first mol.:       19.57278       27.68010       47.94333

 NSTEP =    30000   TIME(PS) =    2160.000  TEMP(K) =   301.69  PRESS =   220.9
 Etot   =    -51019.9691  EKtot   =      9809.5840  EPtot      =    -60829.5531
 BOND   =       411.2221  ANGLE   =      1061.7046  DIHED      =       726.3834
 1-4 NB =       475.1095  1-4 EEL =      5698.1153  VDWAALS    =      6733.1470
 EELEC  =    -76016.8941  EHBOND  =         0.0000  RESTRAINT  =        81.6592
 EAMBER (non-restraint)  =    -60911.2123
 EKCMT  =      4091.1290  VIRIAL  =      3347.8803  VOLUME     =    155844.3267
                                                    Density    =         1.0367
 ------------------------------------------------------------------------------

wrapping first mol.:       19.57068       27.67712       47.93818
wrapping first mol.:       19.57068       27.67712       47.93818

 NSTEP =    30500   TIME(PS) =    2161.000  TEMP(K) =   300.67  PRESS =   124.7
 Etot   =    -51096.0795  EKtot   =      9776.3945  EPtot      =    -60872.4740
 BOND   =       421.4315  ANGLE   =      1063.8014  DIHED      =       726.9933
 1-4 NB =       458.7025  1-4 EEL =      5717.1140  VDWAALS    =      6839.0846
 EELEC  =    -76181.8207  EHBOND  =         0.0000  RESTRAINT  =        82.2195
 EAMBER (non-restraint)  =    -60954.6935
 EKCMT  =      4116.6407  VIRIAL  =      3697.2851  VOLUME     =    155795.4715
                                                    Density    =         1.0370
 ------------------------------------------------------------------------------

wrapping first mol.:       19.56491       27.66896       47.92404
wrapping first mol.:       19.56491       27.66896       47.92404

 NSTEP =    31000   TIME(PS) =    2162.000  TEMP(K) =   301.48  PRESS =   -44.2
 Etot   =    -51118.5657  EKtot   =      9802.6553  EPtot      =    -60921.2210
 BOND   =       412.6222  ANGLE   =      1042.1985  DIHED      =       726.6799
 1-4 NB =       443.7775  1-4 EEL =      5648.4950  VDWAALS    =      6848.6742
 EELEC  =    -76126.1782  EHBOND  =         0.0000  RESTRAINT  =        82.5098
 EAMBER (non-restraint)  =    -61003.7308
 EKCMT  =      4071.1510  VIRIAL  =      4219.7539  VOLUME     =    155659.9907
                                                    Density    =         1.0379
 ------------------------------------------------------------------------------

wrapping first mol.:       19.57250       27.67970       47.94264
wrapping first mol.:       19.57250       27.67970       47.94264

 NSTEP =    31500   TIME(PS) =    2163.000  TEMP(K) =   302.14  PRESS =  -119.7
 Etot   =    -51009.2029  EKtot   =      9824.1064  EPtot      =    -60833.3094
 BOND   =       421.6842  ANGLE   =      1116.5242  DIHED      =       737.8194
 1-4 NB =       448.3190  1-4 EEL =      5686.6488  VDWAALS    =      6614.7232
 EELEC  =    -75933.4700  EHBOND  =         0.0000  RESTRAINT  =        74.4419
 EAMBER (non-restraint)  =    -60907.7512
 EKCMT  =      4105.4607  VIRIAL  =      4508.2740  VOLUME     =    155842.3533
                                                    Density    =         1.0367
 ------------------------------------------------------------------------------

wrapping first mol.:       19.57638       27.68518       47.95214
wrapping first mol.:       19.57638       27.68518       47.95214

 NSTEP =    32000   TIME(PS) =    2164.000  TEMP(K) =   300.35  PRESS =   -47.9
 Etot   =    -51042.6085  EKtot   =      9766.1055  EPtot      =    -60808.7140
 BOND   =       382.8535  ANGLE   =      1046.0135  DIHED      =       728.5861
 1-4 NB =       461.9611  1-4 EEL =      5708.9238  VDWAALS    =      6766.6895
 EELEC  =    -75989.9238  EHBOND  =         0.0000  RESTRAINT  =        86.1824
 EAMBER (non-restraint)  =    -60894.8964
 EKCMT  =      4109.8987  VIRIAL  =      4271.0527  VOLUME     =    155934.0045
                                                    Density    =         1.0361
 ------------------------------------------------------------------------------

wrapping first mol.:       19.55976       27.66167       47.91142
wrapping first mol.:       19.55976       27.66167       47.91142

 NSTEP =    32500   TIME(PS) =    2165.000  TEMP(K) =   301.02  PRESS =   173.9
 Etot   =    -51072.9862  EKtot   =      9787.9443  EPtot      =    -60860.9305
 BOND   =       399.8102  ANGLE   =      1070.8435  DIHED      =       740.3179
 1-4 NB =       458.6623  1-4 EEL =      5692.8576  VDWAALS    =      6767.0825
 EELEC  =    -76079.1340  EHBOND  =         0.0000  RESTRAINT  =        88.6294
 EAMBER (non-restraint)  =    -60949.5599
 EKCMT  =      4101.8563  VIRIAL  =      3518.0342  VOLUME     =    155534.0262
                                                    Density    =         1.0388
 ------------------------------------------------------------------------------

wrapping first mol.:       19.57721       27.68636       47.95418
wrapping first mol.:       19.57721       27.68636       47.95418

 NSTEP =    33000   TIME(PS) =    2166.000  TEMP(K) =   296.73  PRESS =   -36.6
 Etot   =    -51411.7603  EKtot   =      9648.3770  EPtot      =    -61060.1373
 BOND   =       397.8638  ANGLE   =      1040.1912  DIHED      =       695.4188
 1-4 NB =       454.0238  1-4 EEL =      5699.4693  VDWAALS    =      6763.0612
 EELEC  =    -76190.5613  EHBOND  =         0.0000  RESTRAINT  =        80.3959
 EAMBER (non-restraint)  =    -61140.5332
 EKCMT  =      3983.3317  VIRIAL  =      4106.5481  VOLUME     =    155953.7385
                                                    Density    =         1.0360
 ------------------------------------------------------------------------------

wrapping first mol.:       19.59027       27.70483       47.98617
wrapping first mol.:       19.59027       27.70483       47.98617

 NSTEP =    33500   TIME(PS) =    2167.000  TEMP(K) =   303.26  PRESS =  -226.5
 Etot   =    -51228.8876  EKtot   =      9860.7383  EPtot      =    -61089.6258
 BOND   =       390.5086  ANGLE   =      1073.0077  DIHED      =       709.1799
 1-4 NB =       462.6141  1-4 EEL =      5693.2169  VDWAALS    =      6803.6419
 EELEC  =    -76301.5835  EHBOND  =         0.0000  RESTRAINT  =        79.7887
 EAMBER (non-restraint)  =    -61169.4145
 EKCMT  =      4172.2055  VIRIAL  =      4936.3091  VOLUME     =    156268.7340
                                                    Density    =         1.0339
 ------------------------------------------------------------------------------

wrapping first mol.:       19.60017       27.71882       48.01041
wrapping first mol.:       19.60017       27.71882       48.01041

 NSTEP =    34000   TIME(PS) =    2168.000  TEMP(K) =   299.91  PRESS =   175.6
 Etot   =    -51120.4734  EKtot   =      9751.6875  EPtot      =    -60872.1609
 BOND   =       395.2837  ANGLE   =      1021.9922  DIHED      =       722.2121
 1-4 NB =       451.3358  1-4 EEL =      5649.4655  VDWAALS    =      6763.3143
 EELEC  =    -75964.0416  EHBOND  =         0.0000  RESTRAINT  =        88.2770
 EAMBER (non-restraint)  =    -60960.4379
 EKCMT  =      4074.3433  VIRIAL  =      3480.8615  VOLUME     =    156499.9990
                                                    Density    =         1.0324
 ------------------------------------------------------------------------------

wrapping first mol.:       19.58640       27.69935       47.97667
wrapping first mol.:       19.58640       27.69935       47.97667

 NSTEP =    34500   TIME(PS) =    2169.000  TEMP(K) =   306.48  PRESS =  -120.4
 Etot   =    -50923.5388  EKtot   =      9965.2529  EPtot      =    -60888.7918
 BOND   =       399.3803  ANGLE   =      1068.6688  DIHED      =       740.9088
 1-4 NB =       448.3261  1-4 EEL =      5667.8741  VDWAALS    =      6683.0547
 EELEC  =    -75988.9011  EHBOND  =         0.0000  RESTRAINT  =        91.8965
 EAMBER (non-restraint)  =    -60980.6883
 EKCMT  =      4151.8557  VIRIAL  =      4557.6985  VOLUME     =    156174.4667
                                                    Density    =         1.0345
 ------------------------------------------------------------------------------

wrapping first mol.:       19.56629       27.67091       47.92741
wrapping first mol.:       19.56629       27.67091       47.92741

 NSTEP =    35000   TIME(PS) =    2170.000  TEMP(K) =   301.91  PRESS =   130.8
 Etot   =    -51119.1963  EKtot   =      9816.8691  EPtot      =    -60936.0654
 BOND   =       406.3210  ANGLE   =      1033.7206  DIHED      =       704.0451
 1-4 NB =       453.9529  1-4 EEL =      5675.4800  VDWAALS    =      6693.2152
 EELEC  =    -75985.2718  EHBOND  =         0.0000  RESTRAINT  =        82.4716
 EAMBER (non-restraint)  =    -61018.5370
 EKCMT  =      4101.3075  VIRIAL  =      3661.4565  VOLUME     =    155690.4015
                                                    Density    =         1.0377
 ------------------------------------------------------------------------------

wrapping first mol.:       19.56783       27.67309       47.93120
wrapping first mol.:       19.56783       27.67309       47.93120

 NSTEP =    35500   TIME(PS) =    2171.000  TEMP(K) =   299.29  PRESS =  -220.3
 Etot   =    -51053.5949  EKtot   =      9731.5234  EPtot      =    -60785.1183
 BOND   =       410.9373  ANGLE   =      1075.5056  DIHED      =       715.2858
 1-4 NB =       460.1318  1-4 EEL =      5659.2155  VDWAALS    =      6610.7274
 EELEC  =    -75790.9408  EHBOND  =         0.0000  RESTRAINT  =        74.0190
 EAMBER (non-restraint)  =    -60859.1374
 EKCMT  =      4161.4019  VIRIAL  =      4902.2551  VOLUME     =    155732.1632
                                                    Density    =         1.0374
 ------------------------------------------------------------------------------

wrapping first mol.:       19.56131       27.66387       47.91522
wrapping first mol.:       19.56131       27.66387       47.91522

 NSTEP =    36000   TIME(PS) =    2172.000  TEMP(K) =   298.96  PRESS =   277.1
 Etot   =    -51360.4958  EKtot   =      9720.7285  EPtot      =    -61081.2243
 BOND   =       402.4002  ANGLE   =      1023.1515  DIHED      =       741.6600
 1-4 NB =       467.4174  1-4 EEL =      5692.1908  VDWAALS    =      6902.7879
 EELEC  =    -76393.9331  EHBOND  =         0.0000  RESTRAINT  =        83.1010
 EAMBER (non-restraint)  =    -61164.3253
 EKCMT  =      4086.1477  VIRIAL  =      3155.3333  VOLUME     =    155569.6214
                                                    Density    =         1.0385
 ------------------------------------------------------------------------------

wrapping first mol.:       19.55878       27.66029       47.90902
wrapping first mol.:       19.55878       27.66029       47.90902

 NSTEP =    36500   TIME(PS) =    2173.000  TEMP(K) =   301.60  PRESS =   107.9
 Etot   =    -51085.2878  EKtot   =      9806.7246  EPtot      =    -60892.0124
 BOND   =       430.3432  ANGLE   =      1039.5921  DIHED      =       692.5054
 1-4 NB =       453.9985  1-4 EEL =      5662.8355  VDWAALS    =      6908.4517
 EELEC  =    -76155.9146  EHBOND  =         0.0000  RESTRAINT  =        76.1758
 EAMBER (non-restraint)  =    -60968.1883
 EKCMT  =      4095.6809  VIRIAL  =      3733.5343  VOLUME     =    155511.5450
                                                    Density    =         1.0389
 ------------------------------------------------------------------------------

wrapping first mol.:       19.56188       27.66468       47.91663
wrapping first mol.:       19.56188       27.66468       47.91663

 NSTEP =    37000   TIME(PS) =    2174.000  TEMP(K) =   301.02  PRESS =  -153.0
 Etot   =    -51113.5824  EKtot   =      9787.7969  EPtot      =    -60901.3793
 BOND   =       394.2068  ANGLE   =      1070.6927  DIHED      =       746.9974
 1-4 NB =       457.3104  1-4 EEL =      5719.7662  VDWAALS    =      6666.4943
 EELEC  =    -76035.0887  EHBOND  =         0.0000  RESTRAINT  =        78.2417
 EAMBER (non-restraint)  =    -60979.6210
 EKCMT  =      4075.5537  VIRIAL  =      4589.4077  VOLUME     =    155589.2731
                                                    Density    =         1.0384
 ------------------------------------------------------------------------------

wrapping first mol.:       19.55410       27.65367       47.89755
wrapping first mol.:       19.55410       27.65367       47.89755

 NSTEP =    37500   TIME(PS) =    2175.000  TEMP(K) =   298.18  PRESS =    33.4
 Etot   =    -51188.0592  EKtot   =      9695.3477  EPtot      =    -60883.4069
 BOND   =       393.8432  ANGLE   =      1013.8200  DIHED      =       723.1404
 1-4 NB =       461.7269  1-4 EEL =      5678.0697  VDWAALS    =      6650.1928
 EELEC  =    -75894.3179  EHBOND  =         0.0000  RESTRAINT  =        90.1180
 EAMBER (non-restraint)  =    -60973.5249
 EKCMT  =      4046.4329  VIRIAL  =      3934.2429  VOLUME     =    155400.9603
                                                    Density    =         1.0397
 ------------------------------------------------------------------------------

wrapping first mol.:       19.56170       27.66442       47.91618
wrapping first mol.:       19.56170       27.66442       47.91618

 NSTEP =    38000   TIME(PS) =    2176.000  TEMP(K) =   298.43  PRESS =   210.1
 Etot   =    -50958.5320  EKtot   =      9703.4180  EPtot      =    -60661.9500
 BOND   =       414.2796  ANGLE   =      1037.7830  DIHED      =       730.7508
 1-4 NB =       465.0414  1-4 EEL =      5728.5827  VDWAALS    =      6661.3573
 EELEC  =    -75781.0935  EHBOND  =         0.0000  RESTRAINT  =        81.3488
 EAMBER (non-restraint)  =    -60743.2988
 EKCMT  =      4020.6868  VIRIAL  =      3314.9321  VOLUME     =    155579.8699
                                                    Density    =         1.0385
 ------------------------------------------------------------------------------

wrapping first mol.:       19.57309       27.68052       47.94407
wrapping first mol.:       19.57309       27.68052       47.94407

 NSTEP =    38500   TIME(PS) =    2177.000  TEMP(K) =   300.59  PRESS =   -34.5
 Etot   =    -51238.0391  EKtot   =      9773.7246  EPtot      =    -61011.7637
 BOND   =       397.5042  ANGLE   =      1009.7267  DIHED      =       709.8989
 1-4 NB =       464.0953  1-4 EEL =      5698.4325  VDWAALS    =      6793.5586
 EELEC  =    -76159.8354  EHBOND  =         0.0000  RESTRAINT  =        74.8554
 EAMBER (non-restraint)  =    -61086.6191
 EKCMT  =      4069.9826  VIRIAL  =      4185.9176  VOLUME     =    155855.0970
                                                    Density    =         1.0366
 ------------------------------------------------------------------------------

wrapping first mol.:       19.57870       27.68847       47.95783
wrapping first mol.:       19.57870       27.68847       47.95783

 NSTEP =    39000   TIME(PS) =    2178.000  TEMP(K) =   297.99  PRESS =   -96.7
 Etot   =    -51422.2061  EKtot   =      9689.2676  EPtot      =    -61111.4736
 BOND   =       391.3627  ANGLE   =      1084.3957  DIHED      =       729.6612
 1-4 NB =       449.3924  1-4 EEL =      5698.6850  VDWAALS    =      6977.2282
 EELEC  =    -76521.5800  EHBOND  =         0.0000  RESTRAINT  =        79.3812
 EAMBER (non-restraint)  =    -61190.8548
 EKCMT  =      4112.7641  VIRIAL  =      4438.3974  VOLUME     =    155990.1687
                                                    Density    =         1.0357
 ------------------------------------------------------------------------------

wrapping first mol.:       19.57320       27.68069       47.94435
wrapping first mol.:       19.57320       27.68069       47.94435

 NSTEP =    39500   TIME(PS) =    2179.000  TEMP(K) =   297.03  PRESS =    93.6
 Etot   =    -51457.6848  EKtot   =      9658.1865  EPtot      =    -61115.8714
 BOND   =       396.4190  ANGLE   =      1088.1048  DIHED      =       714.4958
 1-4 NB =       447.7069  1-4 EEL =      5661.4678  VDWAALS    =      6817.9144
 EELEC  =    -76330.3809  EHBOND  =         0.0000  RESTRAINT  =        88.4008
 EAMBER (non-restraint)  =    -61204.2721
 EKCMT  =      4070.2209  VIRIAL  =      3755.2321  VOLUME     =    155856.0945
                                                    Density    =         1.0366
 ------------------------------------------------------------------------------

wrapping first mol.:       19.56154       27.66420       47.91580
wrapping first mol.:       19.56154       27.66420       47.91580

 NSTEP =    40000   TIME(PS) =    2180.000  TEMP(K) =   297.39  PRESS =    -2.0
 Etot   =    -51347.4083  EKtot   =      9669.6836  EPtot      =    -61017.0919
 BOND   =       419.7182  ANGLE   =      1040.1597  DIHED      =       734.1157
 1-4 NB =       459.2288  1-4 EEL =      5668.3952  VDWAALS    =      6795.0977
 EELEC  =    -76221.7165  EHBOND  =         0.0000  RESTRAINT  =        87.9093
 EAMBER (non-restraint)  =    -61105.0012
 EKCMT  =      4035.9359  VIRIAL  =      4042.5298  VOLUME     =    155579.0980
                                                    Density    =         1.0385
 ------------------------------------------------------------------------------

wrapping first mol.:       19.56472       27.66869       47.92358
wrapping first mol.:       19.56472       27.66869       47.92358

 NSTEP =    40500   TIME(PS) =    2181.000  TEMP(K) =   305.12  PRESS =   -90.2
 Etot   =    -51057.1424  EKtot   =      9921.1445  EPtot      =    -60978.2870
 BOND   =       409.2135  ANGLE   =      1044.2673  DIHED      =       725.3660
 1-4 NB =       453.6004  1-4 EEL =      5659.2344  VDWAALS    =      6540.4718
 EELEC  =    -75893.1261  EHBOND  =         0.0000  RESTRAINT  =        82.6856
 EAMBER (non-restraint)  =    -61060.9726
 EKCMT  =      4187.4179  VIRIAL  =      4490.5162  VOLUME     =    155656.1043
                                                    Density    =         1.0380
 ------------------------------------------------------------------------------

wrapping first mol.:       19.56138       27.66396       47.91539
wrapping first mol.:       19.56138       27.66396       47.91539

 NSTEP =    41000   TIME(PS) =    2182.000  TEMP(K) =   303.58  PRESS =    18.4
 Etot   =    -50917.5050  EKtot   =      9871.0371  EPtot      =    -60788.5421
 BOND   =       388.9172  ANGLE   =      1089.8759  DIHED      =       714.0987
 1-4 NB =       462.2923  1-4 EEL =      5697.3756  VDWAALS    =      6699.9307
 EELEC  =    -75923.1013  EHBOND  =         0.0000  RESTRAINT  =        82.0687
 EAMBER (non-restraint)  =    -60870.6108
 EKCMT  =      4180.8906  VIRIAL  =      4119.2369  VOLUME     =    155574.8324
                                                    Density    =         1.0385
 ------------------------------------------------------------------------------

wrapping first mol.:       19.55669       27.65734       47.90391
wrapping first mol.:       19.55669       27.65734       47.90391

 NSTEP =    41500   TIME(PS) =    2183.000  TEMP(K) =   302.32  PRESS =  -306.0
 Etot   =    -51020.8789  EKtot   =      9829.9404  EPtot      =    -60850.8194
 BOND   =       418.8071  ANGLE   =      1011.8244  DIHED      =       714.0452
 1-4 NB =       457.1991  1-4 EEL =      5693.6117  VDWAALS    =      6597.8418
 EELEC  =    -75823.3723  EHBOND  =         0.0000  RESTRAINT  =        79.2236
 EAMBER (non-restraint)  =    -60930.0430
 EKCMT  =      4139.1933  VIRIAL  =      5166.4798  VOLUME     =    155467.5912
                                                    Density    =         1.0392
 ------------------------------------------------------------------------------

wrapping first mol.:       19.56665       27.67142       47.92831
wrapping first mol.:       19.56665       27.67142       47.92831

 NSTEP =    42000   TIME(PS) =    2184.000  TEMP(K) =   300.93  PRESS =   143.7
 Etot   =    -51174.5476  EKtot   =      9784.8828  EPtot      =    -60959.4304
 BOND   =       396.6878  ANGLE   =      1047.6699  DIHED      =       715.4981
 1-4 NB =       462.6584  1-4 EEL =      5664.4389  VDWAALS    =      6833.3843
 EELEC  =    -76163.7613  EHBOND  =         0.0000  RESTRAINT  =        83.9936
 EAMBER (non-restraint)  =    -61043.4240
 EKCMT  =      4078.0717  VIRIAL  =      3594.9537  VOLUME     =    155698.9834
                                                    Density    =         1.0377
 ------------------------------------------------------------------------------

wrapping first mol.:       19.57751       27.68678       47.95491
wrapping first mol.:       19.57751       27.68678       47.95491

 NSTEP =    42500   TIME(PS) =    2185.000  TEMP(K) =   297.97  PRESS =   -71.4
 Etot   =    -51231.0159  EKtot   =      9688.6387  EPtot      =    -60919.6546
 BOND   =       390.9902  ANGLE   =      1120.5156  DIHED      =       735.2229
 1-4 NB =       460.4273  1-4 EEL =      5666.7148  VDWAALS    =      6876.4109
 EELEC  =    -76251.9038  EHBOND  =         0.0000  RESTRAINT  =        81.9675
 EAMBER (non-restraint)  =    -61001.6220
 EKCMT  =      4078.1513  VIRIAL  =      4318.6894  VOLUME     =    155961.3753
                                                    Density    =         1.0359
 ------------------------------------------------------------------------------

wrapping first mol.:       19.57772       27.68708       47.95542
wrapping first mol.:       19.57772       27.68708       47.95542

 NSTEP =    43000   TIME(PS) =    2186.000  TEMP(K) =   300.72  PRESS =   -62.4
 Etot   =    -51127.3186  EKtot   =      9778.1035  EPtot      =    -60905.4221
 BOND   =       393.2796  ANGLE   =      1059.1303  DIHED      =       715.8127
 1-4 NB =       468.5284  1-4 EEL =      5695.9195  VDWAALS    =      6678.5201
 EELEC  =    -76002.6006  EHBOND  =         0.0000  RESTRAINT  =        85.9880
 EAMBER (non-restraint)  =    -60991.4101
 EKCMT  =      4124.6621  VIRIAL  =      4334.7328  VOLUME     =    155966.1776
                                                    Density    =         1.0359
 ------------------------------------------------------------------------------

wrapping first mol.:       19.56888       27.67457       47.93376
wrapping first mol.:       19.56888       27.67457       47.93376

 NSTEP =    43500   TIME(PS) =    2187.000  TEMP(K) =   296.79  PRESS =  -140.9
 Etot   =    -51379.9836  EKtot   =      9650.2393  EPtot      =    -61030.2229
 BOND   =       353.3012  ANGLE   =      1085.7624  DIHED      =       721.1718
 1-4 NB =       473.7423  1-4 EEL =      5696.5489  VDWAALS    =      6711.4386
 EELEC  =    -76154.8352  EHBOND  =         0.0000  RESTRAINT  =        82.6471
 EAMBER (non-restraint)  =    -61112.8700
 EKCMT  =      4014.8416  VIRIAL  =      4488.7194  VOLUME     =    155756.0975
                                                    Density    =         1.0373
 ------------------------------------------------------------------------------

wrapping first mol.:       19.57616       27.68488       47.95161
wrapping first mol.:       19.57616       27.68488       47.95161

 NSTEP =    44000   TIME(PS) =    2188.000  TEMP(K) =   300.84  PRESS =  -217.7
 Etot   =    -51332.7882  EKtot   =      9781.8057  EPtot      =    -61114.5939
 BOND   =       379.6398  ANGLE   =      1049.8821  DIHED      =       699.6850
 1-4 NB =       467.4635  1-4 EEL =      5707.4640  VDWAALS    =      6672.2938
 EELEC  =    -76166.2862  EHBOND  =         0.0000  RESTRAINT  =        75.2642
 EAMBER (non-restraint)  =    -61189.8581
 EKCMT  =      4065.2976  VIRIAL  =      4798.2357  VOLUME     =    155931.1604
                                                    Density    =         1.0361
 ------------------------------------------------------------------------------

wrapping first mol.:       19.56709       27.67204       47.92937
wrapping first mol.:       19.56709       27.67204       47.92937

 NSTEP =    44500   TIME(PS) =    2189.000  TEMP(K) =   302.28  PRESS =     8.3
 Etot   =    -51046.2976  EKtot   =      9828.6328  EPtot      =    -60874.9304
 BOND   =       374.7127  ANGLE   =      1040.4402  DIHED      =       733.7516
 1-4 NB =       449.7539  1-4 EEL =      5721.4248  VDWAALS    =      6743.7990
 EELEC  =    -76024.4252  EHBOND  =         0.0000  RESTRAINT  =        85.6125
 EAMBER (non-restraint)  =    -60960.5429
 EKCMT  =      4071.6469  VIRIAL  =      4043.7837  VOLUME     =    155711.1906
                                                    Density    =         1.0376
 ------------------------------------------------------------------------------

wrapping first mol.:       19.56565       27.67001       47.92587
wrapping first mol.:       19.56565       27.67001       47.92587

 NSTEP =    45000   TIME(PS) =    2190.000  TEMP(K) =   299.48  PRESS =   -12.0
 Etot   =    -51042.7999  EKtot   =      9737.6289  EPtot      =    -60780.4288
 BOND   =       393.6898  ANGLE   =      1010.1426  DIHED      =       749.0623
 1-4 NB =       464.1910  1-4 EEL =      5719.1400  VDWAALS    =      6691.3973
 EELEC  =    -75892.0042  EHBOND  =         0.0000  RESTRAINT  =        83.9524
 EAMBER (non-restraint)  =    -60864.3812
 EKCMT  =      4040.6840  VIRIAL  =      4081.0195  VOLUME     =    155677.3236
                                                    Density    =         1.0378
 ------------------------------------------------------------------------------

wrapping first mol.:       19.56169       27.66440       47.91614
wrapping first mol.:       19.56169       27.66440       47.91614

 NSTEP =    45500   TIME(PS) =    2191.000  TEMP(K) =   304.45  PRESS =  -182.9
 Etot   =    -50793.3438  EKtot   =      9899.4297  EPtot      =    -60692.7735
 BOND   =       437.1856  ANGLE   =      1046.7331  DIHED      =       709.5693
 1-4 NB =       453.3971  1-4 EEL =      5675.1873  VDWAALS    =      6614.2062
 EELEC  =    -75713.3373  EHBOND  =         0.0000  RESTRAINT  =        84.2852
 EAMBER (non-restraint)  =    -60777.0587
 EKCMT  =      4100.4736  VIRIAL  =      4714.9798  VOLUME     =    155584.9631
                                                    Density    =         1.0384
 ------------------------------------------------------------------------------

wrapping first mol.:       19.55321       27.65242       47.89539
wrapping first mol.:       19.55321       27.65242       47.89539

 NSTEP =    46000   TIME(PS) =    2192.000  TEMP(K) =   298.56  PRESS =     2.8
 Etot   =    -51105.2316  EKtot   =      9707.8877  EPtot      =    -60813.1193
 BOND   =       408.2245  ANGLE   =      1093.0471  DIHED      =       734.8204
 1-4 NB =       448.3073  1-4 EEL =      5665.6237  VDWAALS    =      6701.6062
 EELEC  =    -75943.0986  EHBOND  =         0.0000  RESTRAINT  =        78.3502
 EAMBER (non-restraint)  =    -60891.4695
 EKCMT  =      4018.1287  VIRIAL  =      4008.7842  VOLUME     =    155380.3677
                                                    Density    =         1.0398
 ------------------------------------------------------------------------------

wrapping first mol.:       19.54162       27.63603       47.86700
wrapping first mol.:       19.54162       27.63603       47.86700

 NSTEP =    46500   TIME(PS) =    2193.000  TEMP(K) =   300.52  PRESS =   124.6
 Etot   =    -50825.1011  EKtot   =      9771.4629  EPtot      =    -60596.5640
 BOND   =       416.8018  ANGLE   =      1075.1435  DIHED      =       721.2310
 1-4 NB =       452.1402  1-4 EEL =      5695.4667  VDWAALS    =      6542.8206
 EELEC  =    -75584.2583  EHBOND  =         0.0000  RESTRAINT  =        84.0905
 EAMBER (non-restraint)  =    -60680.6545
 EKCMT  =      4068.6480  VIRIAL  =      3651.3236  VOLUME     =    155102.5077
                                                    Density    =         1.0417
 ------------------------------------------------------------------------------

wrapping first mol.:       19.55221       27.65100       47.89293
wrapping first mol.:       19.55221       27.65100       47.89293

 NSTEP =    47000   TIME(PS) =    2194.000  TEMP(K) =   299.32  PRESS =  -494.3
 Etot   =    -51060.1081  EKtot   =      9732.6641  EPtot      =    -60792.7722
 BOND   =       426.8001  ANGLE   =      1075.0936  DIHED      =       708.6071
 1-4 NB =       460.3536  1-4 EEL =      5674.1391  VDWAALS    =      6586.3697
 EELEC  =    -75806.7467  EHBOND  =         0.0000  RESTRAINT  =        82.6114
 EAMBER (non-restraint)  =    -60875.3836
 EKCMT  =      3973.0722  VIRIAL  =      5631.0760  VOLUME     =    155363.3100
                                                    Density    =         1.0399
 ------------------------------------------------------------------------------

wrapping first mol.:       19.55883       27.66036       47.90915
wrapping first mol.:       19.55883       27.66036       47.90915

 NSTEP =    47500   TIME(PS) =    2195.000  TEMP(K) =   297.53  PRESS =   165.4
 Etot   =    -51112.4715  EKtot   =      9674.2500  EPtot      =    -60786.7215
 BOND   =       391.6290  ANGLE   =      1108.7253  DIHED      =       721.4034
 1-4 NB =       470.2552  1-4 EEL =      5699.5417  VDWAALS    =      6701.9933
 EELEC  =    -75965.6633  EHBOND  =         0.0000  RESTRAINT  =        85.3939
 EAMBER (non-restraint)  =    -60872.1155
 EKCMT  =      4124.4487  VIRIAL  =      3569.0542  VOLUME     =    155512.0240
                                                    Density    =         1.0389
 ------------------------------------------------------------------------------

wrapping first mol.:       19.59014       27.70464       47.98584
wrapping first mol.:       19.59014       27.70464       47.98584

 NSTEP =    48000   TIME(PS) =    2196.000  TEMP(K) =   295.34  PRESS =   298.0
 Etot   =    -51417.6761  EKtot   =      9603.1250  EPtot      =    -61020.8011
 BOND   =       417.4207  ANGLE   =      1091.4789  DIHED      =       717.6808
 1-4 NB =       448.2816  1-4 EEL =      5665.0200  VDWAALS    =      6986.5745
 EELEC  =    -76432.0942  EHBOND  =         0.0000  RESTRAINT  =        84.8366
 EAMBER (non-restraint)  =    -61105.6376
 EKCMT  =      3991.9286  VIRIAL  =      2986.4107  VOLUME     =    156258.2086
                                                    Density    =         1.0340
 ------------------------------------------------------------------------------

wrapping first mol.:       19.57850       27.68818       47.95733
wrapping first mol.:       19.57850       27.68818       47.95733

 NSTEP =    48500   TIME(PS) =    2197.000  TEMP(K) =   295.31  PRESS =  -384.9
 Etot   =    -51522.0929  EKtot   =      9602.0215  EPtot      =    -61124.1143
 BOND   =       386.1156  ANGLE   =      1011.7910  DIHED      =       727.3543
 1-4 NB =       464.8261  1-4 EEL =      5695.0081  VDWAALS    =      6819.3175
 EELEC  =    -76308.6317  EHBOND  =         0.0000  RESTRAINT  =        80.1048
 EAMBER (non-restraint)  =    -61204.2192
 EKCMT  =      4025.6309  VIRIAL  =      5321.9202  VOLUME     =    155989.3356
                                                    Density    =         1.0357
 ------------------------------------------------------------------------------

wrapping first mol.:       19.58634       27.69927       47.97653
wrapping first mol.:       19.58634       27.69927       47.97653

 NSTEP =    49000   TIME(PS) =    2198.000  TEMP(K) =   303.25  PRESS =  -342.9
 Etot   =    -50984.4962  EKtot   =      9860.3418  EPtot      =    -60844.8380
 BOND   =       425.8637  ANGLE   =      1043.7042  DIHED      =       720.5327
 1-4 NB =       466.3622  1-4 EEL =      5669.1489  VDWAALS    =      6659.6009
 EELEC  =    -75908.1380  EHBOND  =         0.0000  RESTRAINT  =        78.0874
 EAMBER (non-restraint)  =    -60922.9254
 EKCMT  =      4164.5237  VIRIAL  =      5320.8721  VOLUME     =    156176.2163
                                                    Density    =         1.0345
 ------------------------------------------------------------------------------

wrapping first mol.:       19.58019       27.69056       47.96146
wrapping first mol.:       19.58019       27.69056       47.96146

 NSTEP =    49500   TIME(PS) =    2199.000  TEMP(K) =   299.90  PRESS =    34.8
 Etot   =    -51149.6769  EKtot   =      9751.2393  EPtot      =    -60900.9162
 BOND   =       410.1475  ANGLE   =      1014.7207  DIHED      =       720.8583
 1-4 NB =       462.6140  1-4 EEL =      5656.1871  VDWAALS    =      6694.9796
 EELEC  =    -75953.3699  EHBOND  =         0.0000  RESTRAINT  =        92.9466
 EAMBER (non-restraint)  =    -60993.8628
 EKCMT  =      4037.9821  VIRIAL  =      3920.8976  VOLUME     =    156023.8036
                                                    Density    =         1.0355
 ------------------------------------------------------------------------------

wrapping first mol.:       19.58190       27.69299       47.96566
wrapping first mol.:       19.58190       27.69299       47.96566

 NSTEP =    50000   TIME(PS) =    2200.000  TEMP(K) =   300.64  PRESS =  -275.7
 Etot   =    -51101.4439  EKtot   =      9775.3252  EPtot      =    -60876.7691
 BOND   =       373.4453  ANGLE   =      1082.0907  DIHED      =       702.9359
 1-4 NB =       449.7079  1-4 EEL =      5645.7253  VDWAALS    =      6632.2408
 EELEC  =    -75845.4688  EHBOND  =         0.0000  RESTRAINT  =        82.5540
 EAMBER (non-restraint)  =    -60959.3230
 EKCMT  =      4064.2472  VIRIAL  =      4993.3584  VOLUME     =    156069.0678
                                                    Density    =         1.0352
 ------------------------------------------------------------------------------


      A V E R A G E S   O V E R     100 S T E P S


 NSTEP =    50000   TIME(PS) =    2200.000  TEMP(K) =   300.34  PRESS =   -22.6
 Etot   =    -51194.6462  EKtot   =      9765.6706  EPtot      =    -60960.3167
 BOND   =       404.6724  ANGLE   =      1051.6315  DIHED      =       720.8362
 1-4 NB =       457.5281  1-4 EEL =      5686.0963  VDWAALS    =      6762.1603
 EELEC  =    -76126.3410  EHBOND  =         0.0000  RESTRAINT  =        83.0995
 EAMBER (non-restraint)  =    -61043.4163
 EKCMT  =      4084.9666  VIRIAL  =      4161.1962  VOLUME     =    155767.8548
                                                    Density    =         1.0372
 ------------------------------------------------------------------------------


      R M S  F L U C T U A T I O N S


 NSTEP =    50000   TIME(PS) =    2200.000  TEMP(K) =     2.38  PRESS =   174.7
 Etot   =       162.2313  EKtot   =        77.4634  EPtot      =       133.7449
 BOND   =        16.8183  ANGLE   =        27.5769  DIHED      =        11.6807
 1-4 NB =         8.0188  1-4 EEL =        26.7297  VDWAALS    =       108.1884
 EELEC  =       197.9722  EHBOND  =         0.0000  RESTRAINT  =         5.0184
 EAMBER (non-restraint)  =       128.7265
 EKCMT  =        45.9848  VIRIAL  =       595.6516  VOLUME     =       369.8803
                                                    Density    =         0.0025
 ------------------------------------------------------------------------------

--------------------------------------------------------------------------------
   5.  TIMINGS
--------------------------------------------------------------------------------

|  NonSetup CPU Time in Major Routines:
|
|     Routine           Sec        %
|     ------------------------------
|     Nonbond          72.29   83.25
|     Bond              0.00    0.00
|     Angle             0.00    0.00
|     Dihedral          0.00    0.00
|     Shake             0.27    0.31
|     RunMD            14.18   16.33
|     Other             0.09    0.11
|     ------------------------------
|     Total            86.83

|  PME Nonbond Pairlist CPU Time:
|
|     Routine              Sec        %
|     ---------------------------------
|     Set Up Cit           0.00    0.00
|     Build List           0.00    0.00
|     ---------------------------------
|     Total                0.00    0.00

|  PME Direct Force CPU Time:
|
|     Routine              Sec        %
|     ---------------------------------
|     NonBonded Calc       0.00    0.00
|     Exclude Masked       0.00    0.00
|     Other                0.06    0.06
|     ---------------------------------
|     Total                0.06    0.06

|  PME Reciprocal Force CPU Time:
|
|     Routine              Sec        %
|     ---------------------------------
|     1D bspline           0.00    0.00
|     Grid Charges         0.00    0.00
|     Scalar Sum           0.00    0.00
|     Gradient Sum         0.00    0.00
|     FFT                  0.00    0.00
|     ---------------------------------
|     Total                0.00    0.00

|  Final Performance Info:
|     -----------------------------------------------------
|     Average timings for last   15000 steps:
|     Elapsed(s) =      26.05 Per Step(ms) =       1.74
|         ns/day =      99.50   seconds/ns =     868.35
|
|     Average timings for all steps:
|     Elapsed(s) =      86.82 Per Step(ms) =       1.74
|         ns/day =      99.51   seconds/ns =     868.23
|     -----------------------------------------------------

|  Setup CPU time:            0.64 seconds
|  NonSetup CPU time:        86.83 seconds
|  Total CPU time:           87.48 seconds     0.02 hours

|  Setup wall time:           0    seconds
|  NonSetup wall time:       87    seconds
|  Total wall time:          87    seconds     0.02 hours
