
          -------------------------------------------------------
          Amber 18 PMEMD                              2018
          -------------------------------------------------------

| PMEMD implementation of SANDER, Release 18

| Run on 09/29/2019 at 22:57:11

|   Executable path: pmemd.cuda
| Working directory: /home/pbarletta/lbp/run/2ifb/mhe/e
|          Hostname: Unknown
  [-O]verwriting output

File Assignments:
|   MDIN: 24equ.in                                                              
|  MDOUT: 24equ.out                                                             
| INPCRD: 23e2ifb.rst7                                                          
|   PARM: /home/pbarletta/lbp/top_files/2ifb.prmtop                             
| RESTRT: 24e2ifb.rst7                                                          
|   REFC: 23e2ifb.rst7                                                          
|  MDVEL: mdvel                                                                 
|   MDEN: mden                                                                  
|  MDCRD: 24e2ifb.nc                                                            
| MDINFO: mdinfo                                                                
|  MDFRC: mdfrc                                                                 


 Here is the input file:

Equilibration with solute restrictions                                         
&cntrl                                                                         
imin = 0,                           ! No Minimization                          
nmropt = 0,                         ! No NMR restraints read                   
                                                                               
! Nature and format of the input                                               
ntx = 5,                            ! Coordinates but no velocities will be rea
irest = 1,                          ! Do not run a new simulation              
                                                                               
! Nature and format of the output                                              
ntxo = 1,                           ! rstrt file in ASCII format               
ntpr = 500,                         ! inf in output every ntpr steps           
ntwr = 500,                         ! rstrt file every ntwr steps              
ntwx = 500,                         ! mdcrd file every ntwx steps              
ntwv = 0,                           ! mdvel without velocities                 
ntwe = 0,                           ! Do not write energies and temperatures   
idecomp = 0,                        ! No energy decomposition                  
iwrap = 1,                          ! Coordinates of the restart and mdcrd file
                                                                               
! Frozen or restrained atoms                                                   
ibelly = 0,                         ! No frozen atoms                          
ntr=1,                              ! Harmonic potential restraints            
restraint_wt = 0.8,                ! The weight for the positional restraints  
restraintmask = ':1-131@N,CA,C,O',  ! restrained residues                      
                                                                               
! Molecular dynamics                                                           
nstlim = 50000,                     ! Number of MD-steps                       
dt = 0.002,                         ! Time step                                
                                                                               
! Temperature regulation                                                       
ntt = 3,                            ! Langevin thermostat                      
gamma_ln = 5,                       ! Gamma constant for Langevin              
temp0 = 300.0,                      ! Reference T at which the system is to be 
tempi = 300.0,                      ! Initial T                                
ig = -1,                            ! Seed for the RNG                         
                                                                               
! P and V regulation                                                           
ntp = 1,                            ! constant P                               
barostat = 1,                       ! Berendsen barostat                       
taup = 1,                           ! Pressure relaxation time                 
ntb = 2,                            ! Periodic box for constant P              
                                                                               
! SHAKE variables                                                              
ntc = 2,                            ! Bonds involving H are constrained        
ntf = 2,                            ! Bond interaction involving H are ommited.
                                                                               
cut = 10.0,                         ! Nonbonded cutoff                         
/                                                                              
&end                                                                           


Note: ig = -1. Setting random seed to   758609 based on wallclock time in 
      microseconds.
| irandom = 1, using AMBER's internal random number generator (default).
 
|--------------------- INFORMATION ----------------------
| GPU (CUDA) Version of PMEMD in use: NVIDIA GPU IN USE.
|                    Version 18.0.0
| 
|                      03/25/2018
| 
| Implementation by:
|                    Ross C. Walker     (SDSC)
|                    Scott Le Grand     (nVIDIA)
| 
| Version 18 performance extensions by:
|                    David Cerutti     (Rutgers)
| 
| Precision model in use:
|      [SPFP] - Single Precision Forces, 64-bit Fixed Point
|               Accumulation. (Default)
| 
|--------------------------------------------------------
 
|----------------- CITATION INFORMATION -----------------
|
|    When publishing work that utilized the CUDA version
|    of AMBER, please cite the following in addition to
|    the regular AMBER citations:
|
|  - Romelia Salomon-Ferrer; Andreas W. Goetz; Duncan
|    Poole; Scott Le Grand; Ross C. Walker "Routine
|    microsecond molecular dynamics simulations with
|    AMBER - Part II: Particle Mesh Ewald", J. Chem.
|    Theory Comput., 2013, 9 (9), pp3878-3888,
|    DOI: 10.1021/ct400314y.
|
|  - Andreas W. Goetz; Mark J. Williamson; Dong Xu;
|    Duncan Poole; Scott Le Grand; Ross C. Walker
|    "Routine microsecond molecular dynamics simulations
|    with AMBER - Part I: Generalized Born", J. Chem.
|    Theory Comput., 2012, 8 (5), pp1542-1555.
|
|  - Scott Le Grand; Andreas W. Goetz; Ross C. Walker
|    "SPFP: Speed without compromise - a mixed precision
|    model for GPU accelerated molecular dynamics
|    simulations.", Comp. Phys. Comm., 2013, 184
|    pp374-380, DOI: 10.1016/j.cpc.2012.09.022
|
|--------------------------------------------------------
 
|------------------- GPU DEVICE INFO --------------------
|
|            CUDA_VISIBLE_DEVICES: 1
|   CUDA Capable Devices Detected:      1
|           CUDA Device ID in use:      0
|                CUDA Device Name: GeForce GTX 1060 6GB
|     CUDA Device Global Mem Size:   6078 MB
| CUDA Device Num Multiprocessors:     10
|           CUDA Device Core Freq:   1.76 GHz
|
|--------------------------------------------------------
 
 
| Conditional Compilation Defines Used:
| PUBFFT
| BINTRAJ
| CUDA
| EMIL

| Largest sphere to fit in unit cell has radius =    23.965

| New format PARM file being parsed.
| Version =    1.000 Date = 09/29/19 Time = 21:53:24

| Note: 1-4 EEL scale factors are being read from the topology file.

| Note: 1-4 VDW scale factors are being read from the topology file.
| Duplicated    0 dihedrals

| Duplicated    0 dihedrals

--------------------------------------------------------------------------------
   1.  RESOURCE   USE: 
--------------------------------------------------------------------------------

 getting new box info from bottom of inpcrd
 NATOM  =   20379 NTYPES =      17 NBONH =   14750 MBONA  =    5644
 NTHETH =    2483 MTHETA =    1455 NPHIH =    4974 MPHIA  =    4548
 NHPARM =       0 NPARM  =       0 NNB   =   43788 NRES   =    4686
 NBONA  =    5644 NTHETA =    1455 NPHIA =    4548 NUMBND =      77
 NUMANG =     166 NPTRA  =     185 NATYP =      42 NPHB   =       1
 IFBOX  =       2 NMXRS  =      50 IFCAP =       0 NEXTRA =    4554
 NCOPY  =       0

| Coordinate Index Table dimensions:     9    9    9
| Direct force subcell size =     6.5224    6.5224    6.5224

     BOX TYPE: TRUNCATED OCTAHEDRON

--------------------------------------------------------------------------------
   2.  CONTROL  DATA  FOR  THE  RUN
--------------------------------------------------------------------------------

default_name                                                                    

General flags:
     imin    =       0, nmropt  =       0

Nature and format of input:
     ntx     =       5, irest   =       1, ntrx    =       1

Nature and format of output:
     ntxo    =       1, ntpr    =     500, ntrx    =       1, ntwr    =     500
     iwrap   =       1, ntwx    =     500, ntwv    =       0, ntwe    =       0
     ioutfm  =       1, ntwprt  =       0, idecomp =       0, rbornstat=      0

Potential function:
     ntf     =       2, ntb     =       2, igb     =       0, nsnb    =      25
     ipol    =       0, gbsa    =       0, iesp    =       0
     dielc   =   1.00000, cut     =  10.00000, intdiel =   1.00000

Frozen or restrained atoms:
     ibelly  =       0, ntr     =       1
     restraint_wt =   0.80000

Molecular dynamics:
     nstlim  =     50000, nscm    =         0, nrespa  =         1
     t       =   0.00000, dt      =   0.00200, vlimit  =  -1.00000

Langevin dynamics temperature regulation:
     ig      =  758609
     temp0   = 300.00000, tempi   = 300.00000, gamma_ln=   5.00000

Pressure regulation:
     ntp     =       1
     pres0   =   1.00000, comp    =  44.60000, taup    =   1.00000

SHAKE:
     ntc     =       2, jfastw  =       0
     tol     =   0.00001

| Intermolecular bonds treatment:
|     no_intermolecular_bonds =       1

| Energy averages sample interval:
|     ene_avg_sampling =     500

Extra-points options:
     frameon =       1, chngmask=       1

Ewald parameters:
     verbose =       0, ew_type =       0, nbflag  =       1, use_pme =       1
     vdwmeth =       1, eedmeth =       1, netfrc  =       1
     Box X =   58.702   Box Y =   58.702   Box Z =   58.702
     Alpha =  109.471   Beta  =  109.471   Gamma =  109.471
     NFFT1 =   64       NFFT2 =   64       NFFT3 =   64
     Cutoff=   10.000   Tol   =0.100E-04
     Ewald Coefficient =  0.27511
     Interpolation order =    4

    LOADING THE CONSTRAINED ATOMS AS GROUPS


   5.  REFERENCE ATOM COORDINATES

  default_name                                                                    
     Mask :1-131@N,CA,C,O; matches   524 atoms
|      EXTRA_PTS, trim_bonds: num bonds BEFORE trim = 14750     0
|      EXTRA_PTS, trim_bonds: num bonds AFTER  trim = 14750     0
|      EXTRA_PTS, trim_bonds: num bonds BEFORE trim =  5644     0
|      EXTRA_PTS, trim_bonds: num bonds AFTER  trim =  1090     0
|      EXTRA_PTS, trim_theta: num angle BEFORE trim =  2483     0
|      EXTRA_PTS, trim_theta: num angle AFTER  trim =  2483     0
|      EXTRA_PTS, trim_theta: num angle BEFORE trim =  1455     0
|      EXTRA_PTS, trim_theta: num angle AFTER  trim =  1455     0
|      EXTRA_PTS, trim_phi:  num diheds BEFORE trim =  4974     0
|      EXTRA_PTS, trim_phi:  num diheds AFTER  trim =  4974     0
|      EXTRA_PTS, trim_phi:  num diheds BEFORE trim =  4548     0
|      EXTRA_PTS, trim_phi:  num diheds AFTER  trim =  4548     0

--------------------------------------------------------------------------------
   3.  ATOMIC COORDINATES AND VELOCITIES
--------------------------------------------------------------------------------

default_name                                                                    
 begin time read from input coords =  2700.000 ps

 
 Number of triangulated 3-point waters found:     4554

     Sum of charges from parm topology file =   0.00202595
     Forcing neutrality...

| Dynamic Memory, Types Used:
| Reals             1016965
| Integers          1501222

| Nonbonded Pairs Initial Allocation:     6164138

| GPU memory information (estimate):
| KB of GPU memory in use:         0
| KB of CPU memory in use:         0

--------------------------------------------------------------------------------
   4.  RESULTS
--------------------------------------------------------------------------------

wrapping first mol.:       19.56191       27.66472       47.91669
wrapping first mol.:       19.56191       27.66472       47.91669

 NSTEP =      500   TIME(PS) =    2701.000  TEMP(K) =   303.68  PRESS =   -96.4
 Etot   =    -51054.2948  EKtot   =      9874.3027  EPtot      =    -60928.5975
 BOND   =       423.7618  ANGLE   =      1026.2836  DIHED      =       698.1578
 1-4 NB =       458.6720  1-4 EEL =      5662.1102  VDWAALS    =      6535.1077
 EELEC  =    -75770.0982  EHBOND  =         0.0000  RESTRAINT  =        37.4075
 EAMBER (non-restraint)  =    -60966.0050
 EKCMT  =      4161.4815  VIRIAL  =      4485.2674  VOLUME     =    155589.1145
                                                    Density    =         1.0384
 ------------------------------------------------------------------------------

wrapping first mol.:       19.56978       27.67585       47.93597
wrapping first mol.:       19.56978       27.67585       47.93597

 NSTEP =     1000   TIME(PS) =    2702.000  TEMP(K) =   303.03  PRESS =   -88.0
 Etot   =    -51112.2312  EKtot   =      9853.3047  EPtot      =    -60965.5359
 BOND   =       420.1321  ANGLE   =      1059.7918  DIHED      =       730.4603
 1-4 NB =       449.9902  1-4 EEL =      5636.6404  VDWAALS    =      6769.5827
 EELEC  =    -76076.5315  EHBOND  =         0.0000  RESTRAINT  =        44.3980
 EAMBER (non-restraint)  =    -61009.9339
 EKCMT  =      4140.0495  VIRIAL  =      4435.9472  VOLUME     =    155776.8498
                                                    Density    =         1.0371
 ------------------------------------------------------------------------------

wrapping first mol.:       19.57421       27.68211       47.94681
wrapping first mol.:       19.57421       27.68211       47.94681

 NSTEP =     1500   TIME(PS) =    2703.000  TEMP(K) =   308.38  PRESS =    -8.8
 Etot   =    -50941.8291  EKtot   =     10027.0312  EPtot      =    -60968.8603
 BOND   =       426.3813  ANGLE   =      1066.4308  DIHED      =       711.9654
 1-4 NB =       457.6526  1-4 EEL =      5632.7332  VDWAALS    =      6818.5207
 EELEC  =    -76131.1423  EHBOND  =         0.0000  RESTRAINT  =        48.5979
 EAMBER (non-restraint)  =    -61017.4583
 EKCMT  =      4181.7307  VIRIAL  =      4211.3550  VOLUME     =    155881.4741
                                                    Density    =         1.0365
 ------------------------------------------------------------------------------

wrapping first mol.:       19.57838       27.68801       47.95704
wrapping first mol.:       19.57838       27.68801       47.95704

 NSTEP =     2000   TIME(PS) =    2704.000  TEMP(K) =   300.22  PRESS =  -225.6
 Etot   =    -51151.3723  EKtot   =      9761.7070  EPtot      =    -60913.0794
 BOND   =       404.2583  ANGLE   =      1089.8772  DIHED      =       710.7477
 1-4 NB =       446.8214  1-4 EEL =      5608.8522  VDWAALS    =      6792.4372
 EELEC  =    -76009.5493  EHBOND  =         0.0000  RESTRAINT  =        43.4759
 EAMBER (non-restraint)  =    -60956.5553
 EKCMT  =      4105.8577  VIRIAL  =      4865.5003  VOLUME     =    155984.2585
                                                    Density    =         1.0358
 ------------------------------------------------------------------------------

wrapping first mol.:       19.56170       27.66442       47.91618
wrapping first mol.:       19.56170       27.66442       47.91618

 NSTEP =     2500   TIME(PS) =    2705.000  TEMP(K) =   300.85  PRESS =   338.3
 Etot   =    -51382.8282  EKtot   =      9782.2549  EPtot      =    -61165.0831
 BOND   =       404.9782  ANGLE   =      1031.6618  DIHED      =       706.5787
 1-4 NB =       469.3457  1-4 EEL =      5611.0821  VDWAALS    =      6841.8092
 EELEC  =    -76274.4713  EHBOND  =         0.0000  RESTRAINT  =        43.9326
 EAMBER (non-restraint)  =    -61209.0157
 EKCMT  =      4096.6688  VIRIAL  =      2960.3992  VOLUME     =    155578.1195
                                                    Density    =         1.0385
 ------------------------------------------------------------------------------

wrapping first mol.:       19.54646       27.64287       47.87885
wrapping first mol.:       19.54646       27.64287       47.87885

 NSTEP =     3000   TIME(PS) =    2706.000  TEMP(K) =   301.71  PRESS =   -68.1
 Etot   =    -51251.3819  EKtot   =      9810.1182  EPtot      =    -61061.5000
 BOND   =       393.4695  ANGLE   =      1054.3432  DIHED      =       711.4540
 1-4 NB =       457.3942  1-4 EEL =      5645.3196  VDWAALS    =      6553.9705
 EELEC  =    -75921.0099  EHBOND  =         0.0000  RESTRAINT  =        43.5590
 EAMBER (non-restraint)  =    -61105.0590
 EKCMT  =      4057.4592  VIRIAL  =      4285.7865  VOLUME     =    155220.3925
                                                    Density    =         1.0409
 ------------------------------------------------------------------------------

wrapping first mol.:       19.54343       27.63859       47.87143
wrapping first mol.:       19.54343       27.63859       47.87143

 NSTEP =     3500   TIME(PS) =    2707.000  TEMP(K) =   302.79  PRESS =    58.6
 Etot   =    -51241.8975  EKtot   =      9845.2070  EPtot      =    -61087.1045
 BOND   =       410.9527  ANGLE   =      1082.5865  DIHED      =       717.7149
 1-4 NB =       455.5759  1-4 EEL =      5597.5920  VDWAALS    =      6756.2899
 EELEC  =    -76149.3720  EHBOND  =         0.0000  RESTRAINT  =        41.5556
 EAMBER (non-restraint)  =    -61128.6601
 EKCMT  =      4137.6969  VIRIAL  =      3941.4864  VOLUME     =    155146.4850
                                                    Density    =         1.0414
 ------------------------------------------------------------------------------

wrapping first mol.:       19.55306       27.65220       47.89501
wrapping first mol.:       19.55306       27.65220       47.89501

 NSTEP =     4000   TIME(PS) =    2708.000  TEMP(K) =   299.61  PRESS =   -54.4
 Etot   =    -51122.9297  EKtot   =      9741.9883  EPtot      =    -60864.9179
 BOND   =       402.2244  ANGLE   =      1078.4819  DIHED      =       715.7811
 1-4 NB =       459.0766  1-4 EEL =      5628.7442  VDWAALS    =      6748.9740
 EELEC  =    -75943.1185  EHBOND  =         0.0000  RESTRAINT  =        44.9183
 EAMBER (non-restraint)  =    -60909.8362
 EKCMT  =      4135.0455  VIRIAL  =      4317.5430  VOLUME     =    155377.4049
                                                    Density    =         1.0398
 ------------------------------------------------------------------------------

wrapping first mol.:       19.56251       27.66557       47.91817
wrapping first mol.:       19.56251       27.66557       47.91817

 NSTEP =     4500   TIME(PS) =    2709.000  TEMP(K) =   304.45  PRESS =   175.1
 Etot   =    -50935.5397  EKtot   =      9899.4463  EPtot      =    -60834.9860
 BOND   =       392.6008  ANGLE   =      1048.7103  DIHED      =       693.5987
 1-4 NB =       458.5485  1-4 EEL =      5624.9313  VDWAALS    =      6741.2008
 EELEC  =    -75839.5245  EHBOND  =         0.0000  RESTRAINT  =        44.9481
 EAMBER (non-restraint)  =    -60879.9341
 EKCMT  =      4140.0357  VIRIAL  =      3551.7000  VOLUME     =    155599.7481
                                                    Density    =         1.0383
 ------------------------------------------------------------------------------

wrapping first mol.:       19.56832       27.67379       47.93241
wrapping first mol.:       19.56832       27.67379       47.93241

 NSTEP =     5000   TIME(PS) =    2710.000  TEMP(K) =   302.20  PRESS =     8.4
 Etot   =    -51177.6399  EKtot   =      9826.0254  EPtot      =    -61003.6653
 BOND   =       394.8658  ANGLE   =      1039.4194  DIHED      =       714.2497
 1-4 NB =       447.8928  1-4 EEL =      5615.2843  VDWAALS    =      6731.4511
 EELEC  =    -75994.8348  EHBOND  =         0.0000  RESTRAINT  =        48.0064
 EAMBER (non-restraint)  =    -61051.6717
 EKCMT  =      4080.3926  VIRIAL  =      4052.1911  VOLUME     =    155740.7775
                                                    Density    =         1.0374
 ------------------------------------------------------------------------------

wrapping first mol.:       19.56865       27.67425       47.93320
wrapping first mol.:       19.56865       27.67425       47.93320

 NSTEP =     5500   TIME(PS) =    2711.000  TEMP(K) =   300.45  PRESS =   251.5
 Etot   =    -51119.9542  EKtot   =      9769.1797  EPtot      =    -60889.1339
 BOND   =       389.9486  ANGLE   =      1058.3423  DIHED      =       710.4745
 1-4 NB =       462.6560  1-4 EEL =      5614.1546  VDWAALS    =      6831.2305
 EELEC  =    -76002.5252  EHBOND  =         0.0000  RESTRAINT  =        46.5848
 EAMBER (non-restraint)  =    -60935.7187
 EKCMT  =      4110.8036  VIRIAL  =      3265.0933  VOLUME     =    155745.1693
                                                    Density    =         1.0374
 ------------------------------------------------------------------------------

wrapping first mol.:       19.57142       27.67817       47.94000
wrapping first mol.:       19.57142       27.67817       47.94000

 NSTEP =     6000   TIME(PS) =    2712.000  TEMP(K) =   295.99  PRESS =   568.7
 Etot   =    -51366.7974  EKtot   =      9624.2822  EPtot      =    -60991.0797
 BOND   =       414.1942  ANGLE   =      1059.4698  DIHED      =       719.6035
 1-4 NB =       460.9361  1-4 EEL =      5636.6912  VDWAALS    =      6882.0962
 EELEC  =    -76213.4214  EHBOND  =         0.0000  RESTRAINT  =        49.3507
 EAMBER (non-restraint)  =    -61040.4304
 EKCMT  =      4042.4220  VIRIAL  =      2129.3239  VOLUME     =    155806.9870
                                                    Density    =         1.0369
 ------------------------------------------------------------------------------

wrapping first mol.:       19.58344       27.69517       47.96944
wrapping first mol.:       19.58344       27.69517       47.96944

 NSTEP =     6500   TIME(PS) =    2713.000  TEMP(K) =   299.75  PRESS =   416.1
 Etot   =    -51321.4928  EKtot   =      9746.4238  EPtot      =    -61067.9167
 BOND   =       390.4491  ANGLE   =      1050.6904  DIHED      =       723.4156
 1-4 NB =       461.8634  1-4 EEL =      5620.3744  VDWAALS    =      6936.0113
 EELEC  =    -76297.3327  EHBOND  =         0.0000  RESTRAINT  =        46.6119
 EAMBER (non-restraint)  =    -61114.5285
 EKCMT  =      4144.0122  VIRIAL  =      2741.6386  VOLUME     =    156096.3329
                                                    Density    =         1.0350
 ------------------------------------------------------------------------------

wrapping first mol.:       19.57769       27.68703       47.95534
wrapping first mol.:       19.57769       27.68703       47.95534

 NSTEP =     7000   TIME(PS) =    2714.000  TEMP(K) =   303.97  PRESS =   152.5
 Etot   =    -51190.5469  EKtot   =      9883.6406  EPtot      =    -61074.1875
 BOND   =       405.7357  ANGLE   =      1017.2833  DIHED      =       709.4438
 1-4 NB =       441.6043  1-4 EEL =      5612.5037  VDWAALS    =      6657.2025
 EELEC  =    -75962.6738  EHBOND  =         0.0000  RESTRAINT  =        44.7130
 EAMBER (non-restraint)  =    -61118.9006
 EKCMT  =      4170.4804  VIRIAL  =      3656.8718  VOLUME     =    155962.4511
                                                    Density    =         1.0359
 ------------------------------------------------------------------------------

wrapping first mol.:       19.56947       27.67541       47.93521
wrapping first mol.:       19.56947       27.67541       47.93521

 NSTEP =     7500   TIME(PS) =    2715.000  TEMP(K) =   296.79  PRESS =  -146.4
 Etot   =    -51381.3930  EKtot   =      9650.0986  EPtot      =    -61031.4916
 BOND   =       374.4065  ANGLE   =      1112.0802  DIHED      =       722.4532
 1-4 NB =       469.2348  1-4 EEL =      5616.7072  VDWAALS    =      6820.6002
 EELEC  =    -76192.3078  EHBOND  =         0.0000  RESTRAINT  =        45.3341
 EAMBER (non-restraint)  =    -61076.8257
 EKCMT  =      4043.6511  VIRIAL  =      4536.1415  VOLUME     =    155770.3118
                                                    Density    =         1.0372
 ------------------------------------------------------------------------------

wrapping first mol.:       19.55694       27.65769       47.90453
wrapping first mol.:       19.55694       27.65769       47.90453

 NSTEP =     8000   TIME(PS) =    2716.000  TEMP(K) =   303.14  PRESS =  -162.7
 Etot   =    -51260.2147  EKtot   =      9856.6602  EPtot      =    -61116.8748
 BOND   =       423.5901  ANGLE   =      1062.7033  DIHED      =       724.4495
 1-4 NB =       450.5315  1-4 EEL =      5639.6330  VDWAALS    =      6807.7082
 EELEC  =    -76272.1631  EHBOND  =         0.0000  RESTRAINT  =        46.6726
 EAMBER (non-restraint)  =    -61163.5474
 EKCMT  =      4111.5524  VIRIAL  =      4657.6509  VOLUME     =    155471.5466
                                                    Density    =         1.0392
 ------------------------------------------------------------------------------

wrapping first mol.:       19.56736       27.67242       47.93003
wrapping first mol.:       19.56736       27.67242       47.93003

 NSTEP =     8500   TIME(PS) =    2717.000  TEMP(K) =   299.01  PRESS =   286.6
 Etot   =    -51331.9407  EKtot   =      9722.4834  EPtot      =    -61054.4241
 BOND   =       398.7099  ANGLE   =      1090.6744  DIHED      =       728.9813
 1-4 NB =       471.1139  1-4 EEL =      5670.3070  VDWAALS    =      6915.2211
 EELEC  =    -76380.2251  EHBOND  =         0.0000  RESTRAINT  =        50.7935
 EAMBER (non-restraint)  =    -61105.2176
 EKCMT  =      4061.4672  VIRIAL  =      3097.7366  VOLUME     =    155713.8049
                                                    Density    =         1.0376
 ------------------------------------------------------------------------------

wrapping first mol.:       19.58161       27.69258       47.96495
wrapping first mol.:       19.58161       27.69258       47.96495

 NSTEP =     9000   TIME(PS) =    2718.000  TEMP(K) =   300.24  PRESS =  -152.0
 Etot   =    -51411.7724  EKtot   =      9762.5137  EPtot      =    -61174.2861
 BOND   =       398.2018  ANGLE   =      1031.1577  DIHED      =       701.2869
 1-4 NB =       456.0686  1-4 EEL =      5647.8235  VDWAALS    =      6857.9334
 EELEC  =    -76311.1226  EHBOND  =         0.0000  RESTRAINT  =        44.3645
 EAMBER (non-restraint)  =    -61218.6505
 EKCMT  =      4070.0036  VIRIAL  =      4582.1471  VOLUME     =    156060.4195
                                                    Density    =         1.0353
 ------------------------------------------------------------------------------

wrapping first mol.:       19.60007       27.71869       48.01018
wrapping first mol.:       19.60007       27.71869       48.01018

 NSTEP =     9500   TIME(PS) =    2719.000  TEMP(K) =   301.54  PRESS =    21.3
 Etot   =    -51173.6829  EKtot   =      9804.6572  EPtot      =    -60978.3401
 BOND   =       408.8162  ANGLE   =      1066.9960  DIHED      =       705.2803
 1-4 NB =       459.9561  1-4 EEL =      5615.5478  VDWAALS    =      6741.3967
 EELEC  =    -76026.3195  EHBOND  =         0.0000  RESTRAINT  =        49.9864
 EAMBER (non-restraint)  =    -61028.3265
 EKCMT  =      4025.1625  VIRIAL  =      3953.0254  VOLUME     =    156499.8983
                                                    Density    =         1.0324
 ------------------------------------------------------------------------------

wrapping first mol.:       19.57721       27.68636       47.95418
wrapping first mol.:       19.57721       27.68636       47.95418

 NSTEP =    10000   TIME(PS) =    2720.000  TEMP(K) =   299.34  PRESS =  -211.8
 Etot   =    -51362.9979  EKtot   =      9733.3203  EPtot      =    -61096.3182
 BOND   =       438.6510  ANGLE   =      1067.2037  DIHED      =       711.4183
 1-4 NB =       446.3408  1-4 EEL =      5652.3878  VDWAALS    =      6784.2196
 EELEC  =    -76243.5471  EHBOND  =         0.0000  RESTRAINT  =        47.0077
 EAMBER (non-restraint)  =    -61143.3259
 EKCMT  =      4006.8791  VIRIAL  =      4719.9631  VOLUME     =    155956.1690
                                                    Density    =         1.0360
 ------------------------------------------------------------------------------

wrapping first mol.:       19.56641       27.67108       47.92772
wrapping first mol.:       19.56641       27.67108       47.92772

 NSTEP =    10500   TIME(PS) =    2721.000  TEMP(K) =   298.54  PRESS =   261.1
 Etot   =    -51277.2400  EKtot   =      9707.0293  EPtot      =    -60984.2692
 BOND   =       414.2878  ANGLE   =      1063.0797  DIHED      =       722.7022
 1-4 NB =       447.3944  1-4 EEL =      5614.0323  VDWAALS    =      6877.7418
 EELEC  =    -76164.6553  EHBOND  =         0.0000  RESTRAINT  =        41.1478
 EAMBER (non-restraint)  =    -61025.4171
 EKCMT  =      4076.1297  VIRIAL  =      3198.5293  VOLUME     =    155691.5777
                                                    Density    =         1.0377
 ------------------------------------------------------------------------------

wrapping first mol.:       19.57283       27.68016       47.94344
wrapping first mol.:       19.57283       27.68016       47.94344

 NSTEP =    11000   TIME(PS) =    2722.000  TEMP(K) =   301.59  PRESS =  -127.8
 Etot   =    -51336.7535  EKtot   =      9806.4141  EPtot      =    -61143.1676
 BOND   =       392.4013  ANGLE   =      1034.5575  DIHED      =       710.1952
 1-4 NB =       446.5728  1-4 EEL =      5619.1226  VDWAALS    =      6725.7428
 EELEC  =    -76115.1616  EHBOND  =         0.0000  RESTRAINT  =        43.4018
 EAMBER (non-restraint)  =    -61186.5694
 EKCMT  =      4097.7643  VIRIAL  =      4527.8501  VOLUME     =    155850.2944
                                                    Density    =         1.0367
 ------------------------------------------------------------------------------

wrapping first mol.:       19.57849       27.68817       47.95731
wrapping first mol.:       19.57849       27.68817       47.95731

 NSTEP =    11500   TIME(PS) =    2723.000  TEMP(K) =   298.03  PRESS =     4.5
 Etot   =    -51399.7510  EKtot   =      9690.6328  EPtot      =    -61090.3838
 BOND   =       412.0816  ANGLE   =      1080.7599  DIHED      =       711.7098
 1-4 NB =       465.4869  1-4 EEL =      5631.9628  VDWAALS    =      6835.9235
 EELEC  =    -76279.9142  EHBOND  =         0.0000  RESTRAINT  =        51.6059
 EAMBER (non-restraint)  =    -61141.9897
 EKCMT  =      4038.3095  VIRIAL  =      4023.2290  VOLUME     =    155983.6849
                                                    Density    =         1.0358
 ------------------------------------------------------------------------------

wrapping first mol.:       19.56576       27.67017       47.92613
wrapping first mol.:       19.56576       27.67017       47.92613

 NSTEP =    12000   TIME(PS) =    2724.000  TEMP(K) =   300.95  PRESS =  -239.3
 Etot   =    -51227.2275  EKtot   =      9785.5420  EPtot      =    -61012.7695
 BOND   =       425.8430  ANGLE   =      1031.0749  DIHED      =       690.5731
 1-4 NB =       442.0427  1-4 EEL =      5633.4775  VDWAALS    =      6825.2489
 EELEC  =    -76107.1996  EHBOND  =         0.0000  RESTRAINT  =        46.1700
 EAMBER (non-restraint)  =    -61058.9395
 EKCMT  =      4119.8125  VIRIAL  =      4924.0602  VOLUME     =    155683.0551
                                                    Density    =         1.0378
 ------------------------------------------------------------------------------

wrapping first mol.:       19.55309       27.65224       47.89509
wrapping first mol.:       19.55309       27.65224       47.89509

 NSTEP =    12500   TIME(PS) =    2725.000  TEMP(K) =   297.30  PRESS =    82.2
 Etot   =    -51278.1621  EKtot   =      9666.7510  EPtot      =    -60944.9131
 BOND   =       399.4340  ANGLE   =      1075.8225  DIHED      =       719.6185
 1-4 NB =       463.6754  1-4 EEL =      5625.7248  VDWAALS    =      6787.3769
 EELEC  =    -76065.2216  EHBOND  =         0.0000  RESTRAINT  =        48.6563
 EAMBER (non-restraint)  =    -60993.5694
 EKCMT  =      3989.8732  VIRIAL  =      3714.0615  VOLUME     =    155376.2840
                                                    Density    =         1.0398
 ------------------------------------------------------------------------------

wrapping first mol.:       19.56371       27.66726       47.92110
wrapping first mol.:       19.56371       27.66726       47.92110

 NSTEP =    13000   TIME(PS) =    2726.000  TEMP(K) =   300.85  PRESS =   -54.9
 Etot   =    -51134.8444  EKtot   =      9782.2979  EPtot      =    -60917.1422
 BOND   =       394.0659  ANGLE   =      1078.8915  DIHED      =       689.8646
 1-4 NB =       453.3768  1-4 EEL =      5652.0925  VDWAALS    =      6757.5333
 EELEC  =    -75991.0067  EHBOND  =         0.0000  RESTRAINT  =        48.0399
 EAMBER (non-restraint)  =    -60965.1821
 EKCMT  =      4118.8056  VIRIAL  =      4303.3825  VOLUME     =    155631.4786
                                                    Density    =         1.0381
 ------------------------------------------------------------------------------

wrapping first mol.:       19.53404       27.62530       47.84842
wrapping first mol.:       19.53404       27.62530       47.84842

 NSTEP =    13500   TIME(PS) =    2727.000  TEMP(K) =   298.03  PRESS =   -93.6
 Etot   =    -51171.4614  EKtot   =      9690.5508  EPtot      =    -60862.0122
 BOND   =       394.6246  ANGLE   =      1043.6472  DIHED      =       728.8516
 1-4 NB =       457.0139  1-4 EEL =      5636.7867  VDWAALS    =      6627.6324
 EELEC  =    -75792.8213  EHBOND  =         0.0000  RESTRAINT  =        42.2528
 EAMBER (non-restraint)  =    -60904.2650
 EKCMT  =      4061.4417  VIRIAL  =      4374.5594  VOLUME     =    154924.9782
                                                    Density    =         1.0429
 ------------------------------------------------------------------------------

wrapping first mol.:       19.53506       27.62675       47.85093
wrapping first mol.:       19.53506       27.62675       47.85093

 NSTEP =    14000   TIME(PS) =    2728.000  TEMP(K) =   297.83  PRESS =   152.2
 Etot   =    -51358.0511  EKtot   =      9683.9365  EPtot      =    -61041.9877
 BOND   =       386.3986  ANGLE   =      1042.1271  DIHED      =       695.8598
 1-4 NB =       455.1743  1-4 EEL =      5595.2701  VDWAALS    =      6791.2545
 EELEC  =    -76055.0895  EHBOND  =         0.0000  RESTRAINT  =        47.0175
 EAMBER (non-restraint)  =    -61089.0051
 EKCMT  =      4034.8283  VIRIAL  =      3525.5241  VOLUME     =    154945.9088
                                                    Density    =         1.0427
 ------------------------------------------------------------------------------

wrapping first mol.:       19.55641       27.65693       47.90321
wrapping first mol.:       19.55641       27.65693       47.90321

 NSTEP =    14500   TIME(PS) =    2729.000  TEMP(K) =   298.78  PRESS =  -339.9
 Etot   =    -51207.3317  EKtot   =      9714.8193  EPtot      =    -60922.1511
 BOND   =       405.2608  ANGLE   =      1042.7036  DIHED      =       713.7460
 1-4 NB =       468.1086  1-4 EEL =      5635.2219  VDWAALS    =      6758.0531
 EELEC  =    -75996.7811  EHBOND  =         0.0000  RESTRAINT  =        51.5360
 EAMBER (non-restraint)  =    -60973.6870
 EKCMT  =      4087.4126  VIRIAL  =      5228.2646  VOLUME     =    155461.1853
                                                    Density    =         1.0393
 ------------------------------------------------------------------------------

wrapping first mol.:       19.54054       27.63450       47.86436
wrapping first mol.:       19.54054       27.63450       47.86436

 NSTEP =    15000   TIME(PS) =    2730.000  TEMP(K) =   297.67  PRESS =   137.8
 Etot   =    -51359.9896  EKtot   =      9678.9834  EPtot      =    -61038.9730
 BOND   =       428.0102  ANGLE   =      1026.8813  DIHED      =       723.0683
 1-4 NB =       447.0089  1-4 EEL =      5642.0528  VDWAALS    =      6736.3526
 EELEC  =    -76089.9110  EHBOND  =         0.0000  RESTRAINT  =        47.5638
 EAMBER (non-restraint)  =    -61086.5368
 EKCMT  =      4061.8103  VIRIAL  =      3600.4388  VOLUME     =    155076.6184
                                                    Density    =         1.0418
 ------------------------------------------------------------------------------

wrapping first mol.:       19.56190       27.66470       47.91667
wrapping first mol.:       19.56190       27.66470       47.91667

 NSTEP =    15500   TIME(PS) =    2731.000  TEMP(K) =   301.41  PRESS =    35.4
 Etot   =    -51185.2524  EKtot   =      9800.4238  EPtot      =    -60985.6763
 BOND   =       402.4555  ANGLE   =      1053.3457  DIHED      =       743.4247
 1-4 NB =       487.6167  1-4 EEL =      5651.4777  VDWAALS    =      6766.6625
 EELEC  =    -76140.1656  EHBOND  =         0.0000  RESTRAINT  =        49.5066
 EAMBER (non-restraint)  =    -61035.1829
 EKCMT  =      4069.9031  VIRIAL  =      3950.9564  VOLUME     =    155587.0381
                                                    Density    =         1.0384
 ------------------------------------------------------------------------------

wrapping first mol.:       19.56758       27.67274       47.93059
wrapping first mol.:       19.56758       27.67274       47.93059

 NSTEP =    16000   TIME(PS) =    2732.000  TEMP(K) =   296.87  PRESS =   238.7
 Etot   =    -51316.3865  EKtot   =      9652.9150  EPtot      =    -60969.3016
 BOND   =       375.8654  ANGLE   =      1030.7245  DIHED      =       693.6117
 1-4 NB =       461.0641  1-4 EEL =      5648.8529  VDWAALS    =      6585.0040
 EELEC  =    -75815.4299  EHBOND  =         0.0000  RESTRAINT  =        51.0059
 EAMBER (non-restraint)  =    -61020.3074
 EKCMT  =      4014.9852  VIRIAL  =      3212.3235  VOLUME     =    155719.8858
                                                    Density    =         1.0375
 ------------------------------------------------------------------------------

wrapping first mol.:       19.54385       27.63917       47.87244
wrapping first mol.:       19.54385       27.63917       47.87244

 NSTEP =    16500   TIME(PS) =    2733.000  TEMP(K) =   301.12  PRESS =   179.7
 Etot   =    -51226.4288  EKtot   =      9791.1992  EPtot      =    -61017.6281
 BOND   =       378.8131  ANGLE   =      1081.2154  DIHED      =       690.4921
 1-4 NB =       470.3409  1-4 EEL =      5625.0631  VDWAALS    =      6816.2727
 EELEC  =    -76135.5418  EHBOND  =         0.0000  RESTRAINT  =        55.7164
 EAMBER (non-restraint)  =    -61073.3444
 EKCMT  =      4084.0054  VIRIAL  =      3481.8507  VOLUME     =    155154.6563
                                                    Density    =         1.0413
 ------------------------------------------------------------------------------

wrapping first mol.:       19.58496       27.69732       47.97315
wrapping first mol.:       19.58496       27.69732       47.97315

 NSTEP =    17000   TIME(PS) =    2734.000  TEMP(K) =   299.86  PRESS =   -79.3
 Etot   =    -51180.5924  EKtot   =      9750.0654  EPtot      =    -60930.6578
 BOND   =       420.5624  ANGLE   =      1044.0574  DIHED      =       723.4433
 1-4 NB =       450.1722  1-4 EEL =      5657.0831  VDWAALS    =      6902.2373
 EELEC  =    -76178.8356  EHBOND  =         0.0000  RESTRAINT  =        50.6220
 EAMBER (non-restraint)  =    -60981.2799
 EKCMT  =      4060.9066  VIRIAL  =      4328.1467  VOLUME     =    156139.5304
                                                    Density    =         1.0347
 ------------------------------------------------------------------------------

wrapping first mol.:       19.57251       27.67971       47.94266
wrapping first mol.:       19.57251       27.67971       47.94266

 NSTEP =    17500   TIME(PS) =    2735.000  TEMP(K) =   298.32  PRESS =   226.7
 Etot   =    -51265.5908  EKtot   =      9699.9473  EPtot      =    -60965.5381
 BOND   =       376.5687  ANGLE   =      1037.3307  DIHED      =       712.2839
 1-4 NB =       458.4123  1-4 EEL =      5633.7679  VDWAALS    =      6772.2186
 EELEC  =    -76007.7685  EHBOND  =         0.0000  RESTRAINT  =        51.6483
 EAMBER (non-restraint)  =    -61017.1864
 EKCMT  =      4038.8611  VIRIAL  =      3276.2179  VOLUME     =    155837.7595
                                                    Density    =         1.0367
 ------------------------------------------------------------------------------

wrapping first mol.:       19.57539       27.68378       47.94971
wrapping first mol.:       19.57539       27.68378       47.94971

 NSTEP =    18000   TIME(PS) =    2736.000  TEMP(K) =   299.49  PRESS =   274.8
 Etot   =    -51339.5272  EKtot   =      9738.0303  EPtot      =    -61077.5575
 BOND   =       414.5841  ANGLE   =      1069.5849  DIHED      =       710.1148
 1-4 NB =       457.0134  1-4 EEL =      5621.1166  VDWAALS    =      6983.0125
 EELEC  =    -76385.2474  EHBOND  =         0.0000  RESTRAINT  =        52.2637
 EAMBER (non-restraint)  =    -61129.8212
 EKCMT  =      4055.1183  VIRIAL  =      3130.1628  VOLUME     =    155905.8507
                                                    Density    =         1.0363
 ------------------------------------------------------------------------------

wrapping first mol.:       19.57900       27.68889       47.95856
wrapping first mol.:       19.57900       27.68889       47.95856

 NSTEP =    18500   TIME(PS) =    2737.000  TEMP(K) =   300.14  PRESS =    37.5
 Etot   =    -51221.8977  EKtot   =      9759.0830  EPtot      =    -60980.9808
 BOND   =       377.6716  ANGLE   =      1026.9825  DIHED      =       719.1920
 1-4 NB =       466.7188  1-4 EEL =      5654.6095  VDWAALS    =      6849.1652
 EELEC  =    -76125.7548  EHBOND  =         0.0000  RESTRAINT  =        50.4345
 EAMBER (non-restraint)  =    -61031.4153
 EKCMT  =      4073.9430  VIRIAL  =      3947.7624  VOLUME     =    155995.4396
                                                    Density    =         1.0357
 ------------------------------------------------------------------------------

wrapping first mol.:       19.56647       27.67116       47.92785
wrapping first mol.:       19.56647       27.67116       47.92785

 NSTEP =    19000   TIME(PS) =    2738.000  TEMP(K) =   296.92  PRESS =   -56.7
 Etot   =    -51451.6993  EKtot   =      9654.5381  EPtot      =    -61106.2374
 BOND   =       365.6415  ANGLE   =      1085.1121  DIHED      =       721.5731
 1-4 NB =       462.0988  1-4 EEL =      5650.7921  VDWAALS    =      6866.9773
 EELEC  =    -76321.0244  EHBOND  =         0.0000  RESTRAINT  =        62.5920
 EAMBER (non-restraint)  =    -61168.8294
 EKCMT  =      4022.1338  VIRIAL  =      4212.9081  VOLUME     =    155697.3136
                                                    Density    =         1.0377
 ------------------------------------------------------------------------------

wrapping first mol.:       19.57114       27.67778       47.93931
wrapping first mol.:       19.57114       27.67778       47.93931

 NSTEP =    19500   TIME(PS) =    2739.000  TEMP(K) =   300.78  PRESS =   -61.6
 Etot   =    -51129.6095  EKtot   =      9780.0771  EPtot      =    -60909.6866
 BOND   =       428.3413  ANGLE   =      1062.6348  DIHED      =       726.3130
 1-4 NB =       457.9652  1-4 EEL =      5610.4416  VDWAALS    =      6863.1790
 EELEC  =    -76118.7925  EHBOND  =         0.0000  RESTRAINT  =        60.2309
 EAMBER (non-restraint)  =    -60969.9175
 EKCMT  =      4058.1548  VIRIAL  =      4265.4926  VOLUME     =    155809.0766
                                                    Density    =         1.0369
 ------------------------------------------------------------------------------

wrapping first mol.:       19.56639       27.67105       47.92766
wrapping first mol.:       19.56639       27.67105       47.92766

 NSTEP =    20000   TIME(PS) =    2740.000  TEMP(K) =   301.45  PRESS =   188.2
 Etot   =    -51319.1299  EKtot   =      9801.9346  EPtot      =    -61121.0645
 BOND   =       412.6713  ANGLE   =      1040.2185  DIHED      =       703.0830
 1-4 NB =       452.5823  1-4 EEL =      5630.4102  VDWAALS    =      7025.6799
 EELEC  =    -76439.7563  EHBOND  =         0.0000  RESTRAINT  =        54.0467
 EAMBER (non-restraint)  =    -61175.1112
 EKCMT  =      4050.4854  VIRIAL  =      3417.6750  VOLUME     =    155692.0137
                                                    Density    =         1.0377
 ------------------------------------------------------------------------------

wrapping first mol.:       19.57144       27.67819       47.94003
wrapping first mol.:       19.57144       27.67819       47.94003

 NSTEP =    20500   TIME(PS) =    2741.000  TEMP(K) =   300.05  PRESS =   139.1
 Etot   =    -51255.5383  EKtot   =      9756.0918  EPtot      =    -61011.6301
 BOND   =       396.6066  ANGLE   =      1031.3875  DIHED      =       716.1056
 1-4 NB =       457.2745  1-4 EEL =      5603.5934  VDWAALS    =      6885.4209
 EELEC  =    -76157.9878  EHBOND  =         0.0000  RESTRAINT  =        55.9692
 EAMBER (non-restraint)  =    -61067.5993
 EKCMT  =      4131.5693  VIRIAL  =      3663.5897  VOLUME     =    155813.2864
                                                    Density    =         1.0369
 ------------------------------------------------------------------------------

wrapping first mol.:       19.57393       27.68171       47.94613
wrapping first mol.:       19.57393       27.68171       47.94613

 NSTEP =    21000   TIME(PS) =    2742.000  TEMP(K) =   300.78  PRESS =   201.9
 Etot   =    -51269.4725  EKtot   =      9780.1133  EPtot      =    -61049.5857
 BOND   =       400.6081  ANGLE   =      1018.8948  DIHED      =       715.7974
 1-4 NB =       462.3075  1-4 EEL =      5642.1926  VDWAALS    =      6897.8242
 EELEC  =    -76241.6526  EHBOND  =         0.0000  RESTRAINT  =        54.4422
 EAMBER (non-restraint)  =    -61104.0279
 EKCMT  =      4039.3759  VIRIAL  =      3359.7930  VOLUME     =    155871.9224
                                                    Density    =         1.0365
 ------------------------------------------------------------------------------

wrapping first mol.:       19.55813       27.65937       47.90743
wrapping first mol.:       19.55813       27.65937       47.90743

 NSTEP =    21500   TIME(PS) =    2743.000  TEMP(K) =   302.39  PRESS =  -144.5
 Etot   =    -51091.7273  EKtot   =      9832.2676  EPtot      =    -60923.9949
 BOND   =       405.2360  ANGLE   =      1069.7301  DIHED      =       708.6883
 1-4 NB =       454.3099  1-4 EEL =      5607.2741  VDWAALS    =      6745.0265
 EELEC  =    -75968.3351  EHBOND  =         0.0000  RESTRAINT  =        54.0752
 EAMBER (non-restraint)  =    -60978.0701
 EKCMT  =      4152.4104  VIRIAL  =      4637.6560  VOLUME     =    155499.5814
                                                    Density    =         1.0390
 ------------------------------------------------------------------------------

wrapping first mol.:       19.56972       27.67577       47.93583
wrapping first mol.:       19.56972       27.67577       47.93583

 NSTEP =    22000   TIME(PS) =    2744.000  TEMP(K) =   300.48  PRESS =    75.5
 Etot   =    -51044.3946  EKtot   =      9770.0762  EPtot      =    -60814.4707
 BOND   =       395.5022  ANGLE   =      1081.8499  DIHED      =       709.2842
 1-4 NB =       464.4647  1-4 EEL =      5633.0300  VDWAALS    =      6727.6704
 EELEC  =    -75882.3539  EHBOND  =         0.0000  RESTRAINT  =        56.0817
 EAMBER (non-restraint)  =    -60870.5524
 EKCMT  =      4064.2235  VIRIAL  =      3810.3037  VOLUME     =    155773.2042
                                                    Density    =         1.0372
 ------------------------------------------------------------------------------

wrapping first mol.:       19.56881       27.67448       47.93359
wrapping first mol.:       19.56881       27.67448       47.93359

 NSTEP =    22500   TIME(PS) =    2745.000  TEMP(K) =   300.02  PRESS =   177.4
 Etot   =    -51196.3997  EKtot   =      9755.3564  EPtot      =    -60951.7562
 BOND   =       408.3003  ANGLE   =      1064.5675  DIHED      =       702.2642
 1-4 NB =       476.4838  1-4 EEL =      5633.0370  VDWAALS    =      6815.9842
 EELEC  =    -76100.1362  EHBOND  =         0.0000  RESTRAINT  =        47.7430
 EAMBER (non-restraint)  =    -60999.4992
 EKCMT  =      4103.1588  VIRIAL  =      3506.5619  VOLUME     =    155750.0221
                                                    Density    =         1.0373
 ------------------------------------------------------------------------------

wrapping first mol.:       19.56228       27.66524       47.91760
wrapping first mol.:       19.56228       27.66524       47.91760

 NSTEP =    23000   TIME(PS) =    2746.000  TEMP(K) =   299.13  PRESS =   -48.8
 Etot   =    -51267.6604  EKtot   =      9726.3896  EPtot      =    -60994.0501
 BOND   =       403.7519  ANGLE   =      1055.7950  DIHED      =       698.3283
 1-4 NB =       462.2206  1-4 EEL =      5623.3777  VDWAALS    =      6847.5855
 EELEC  =    -76134.4517  EHBOND  =         0.0000  RESTRAINT  =        49.3426
 EAMBER (non-restraint)  =    -61043.3926
 EKCMT  =      4073.2710  VIRIAL  =      4237.0942  VOLUME     =    155597.3128
                                                    Density    =         1.0383
 ------------------------------------------------------------------------------

wrapping first mol.:       19.55754       27.65854       47.90599
wrapping first mol.:       19.55754       27.65854       47.90599

 NSTEP =    23500   TIME(PS) =    2747.000  TEMP(K) =   301.78  PRESS =   -25.0
 Etot   =    -51007.9017  EKtot   =      9812.4531  EPtot      =    -60820.3548
 BOND   =       403.4591  ANGLE   =      1043.6977  DIHED      =       705.5714
 1-4 NB =       454.1361  1-4 EEL =      5664.9064  VDWAALS    =      6750.7445
 EELEC  =    -75894.3276  EHBOND  =         0.0000  RESTRAINT  =        51.4575
 EAMBER (non-restraint)  =    -60871.8123
 EKCMT  =      4059.0467  VIRIAL  =      4142.9142  VOLUME     =    155483.8920
                                                    Density    =         1.0391
 ------------------------------------------------------------------------------

wrapping first mol.:       19.55230       27.65113       47.89315
wrapping first mol.:       19.55230       27.65113       47.89315

 NSTEP =    24000   TIME(PS) =    2748.000  TEMP(K) =   297.07  PRESS =   216.4
 Etot   =    -51428.1843  EKtot   =      9659.2959  EPtot      =    -61087.4802
 BOND   =       390.8980  ANGLE   =      1028.6742  DIHED      =       732.8901
 1-4 NB =       460.8938  1-4 EEL =      5635.9659  VDWAALS    =      6913.9099
 EELEC  =    -76299.6662  EHBOND  =         0.0000  RESTRAINT  =        48.9540
 EAMBER (non-restraint)  =    -61136.4343
 EKCMT  =      4021.7208  VIRIAL  =      3295.9732  VOLUME     =    155355.5633
                                                    Density    =         1.0400
 ------------------------------------------------------------------------------

wrapping first mol.:       19.56065       27.66294       47.91362
wrapping first mol.:       19.56065       27.66294       47.91362

 NSTEP =    24500   TIME(PS) =    2749.000  TEMP(K) =   296.36  PRESS =   -45.3
 Etot   =    -51322.3251  EKtot   =      9636.1758  EPtot      =    -60958.5009
 BOND   =       403.4590  ANGLE   =      1075.0504  DIHED      =       733.8394
 1-4 NB =       459.9597  1-4 EEL =      5595.0463  VDWAALS    =      6637.2232
 EELEC  =    -75916.2374  EHBOND  =         0.0000  RESTRAINT  =        53.1584
 EAMBER (non-restraint)  =    -61011.6593
 EKCMT  =      3982.3843  VIRIAL  =      4134.4070  VOLUME     =    155558.4366
                                                    Density    =         1.0386
 ------------------------------------------------------------------------------

wrapping first mol.:       19.56462       27.66856       47.92334
wrapping first mol.:       19.56462       27.66856       47.92334

 NSTEP =    25000   TIME(PS) =    2750.000  TEMP(K) =   299.00  PRESS =  -238.5
 Etot   =    -51232.2946  EKtot   =      9722.2676  EPtot      =    -60954.5622
 BOND   =       409.7902  ANGLE   =      1077.5307  DIHED      =       733.5974
 1-4 NB =       473.8757  1-4 EEL =      5669.4675  VDWAALS    =      6729.2923
 EELEC  =    -76094.1503  EHBOND  =         0.0000  RESTRAINT  =        46.0342
 EAMBER (non-restraint)  =    -61000.5964
 EKCMT  =      4082.5767  VIRIAL  =      4884.0580  VOLUME     =    155655.8662
                                                    Density    =         1.0380
 ------------------------------------------------------------------------------

wrapping first mol.:       19.56608       27.67061       47.92690
wrapping first mol.:       19.56608       27.67061       47.92690

 NSTEP =    25500   TIME(PS) =    2751.000  TEMP(K) =   302.43  PRESS =  -228.6
 Etot   =    -51195.3209  EKtot   =      9833.5918  EPtot      =    -61028.9127
 BOND   =       396.2628  ANGLE   =      1032.9762  DIHED      =       716.9069
 1-4 NB =       465.8008  1-4 EEL =      5650.4519  VDWAALS    =      6768.2691
 EELEC  =    -76110.8095  EHBOND  =         0.0000  RESTRAINT  =        51.2291
 EAMBER (non-restraint)  =    -61080.1418
 EKCMT  =      4125.6537  VIRIAL  =      4893.9921  VOLUME     =    155690.3675
                                                    Density    =         1.0377
 ------------------------------------------------------------------------------

wrapping first mol.:       19.57589       27.68449       47.95094
wrapping first mol.:       19.57589       27.68449       47.95094

 NSTEP =    26000   TIME(PS) =    2752.000  TEMP(K) =   299.52  PRESS =   180.3
 Etot   =    -51208.4724  EKtot   =      9739.1416  EPtot      =    -60947.6140
 BOND   =       418.6808  ANGLE   =      1070.7466  DIHED      =       727.1424
 1-4 NB =       449.4066  1-4 EEL =      5626.0962  VDWAALS    =      6869.9811
 EELEC  =    -76167.3856  EHBOND  =         0.0000  RESTRAINT  =        57.7180
 EAMBER (non-restraint)  =    -61005.3319
 EKCMT  =      4076.0041  VIRIAL  =      3469.0934  VOLUME     =    155919.1273
                                                    Density    =         1.0362
 ------------------------------------------------------------------------------

wrapping first mol.:       19.56272       27.66587       47.91869
wrapping first mol.:       19.56272       27.66587       47.91869

 NSTEP =    26500   TIME(PS) =    2753.000  TEMP(K) =   302.68  PRESS =    58.8
 Etot   =    -51038.6540  EKtot   =      9841.6729  EPtot      =    -60880.3269
 BOND   =       407.2361  ANGLE   =      1052.0190  DIHED      =       730.4794
 1-4 NB =       455.5982  1-4 EEL =      5662.1362  VDWAALS    =      6801.6990
 EELEC  =    -76043.2618  EHBOND  =         0.0000  RESTRAINT  =        53.7670
 EAMBER (non-restraint)  =    -60934.0939
 EKCMT  =      4089.4718  VIRIAL  =      3891.9936  VOLUME     =    155606.3961
                                                    Density    =         1.0383
 ------------------------------------------------------------------------------

wrapping first mol.:       19.56713       27.67210       47.92949
wrapping first mol.:       19.56713       27.67210       47.92949

 NSTEP =    27000   TIME(PS) =    2754.000  TEMP(K) =   300.93  PRESS =  -110.5
 Etot   =    -51279.1315  EKtot   =      9784.9766  EPtot      =    -61064.1080
 BOND   =       373.9707  ANGLE   =      1065.2416  DIHED      =       699.5401
 1-4 NB =       454.6719  1-4 EEL =      5637.8895  VDWAALS    =      6823.9163
 EELEC  =    -76169.4319  EHBOND  =         0.0000  RESTRAINT  =        50.0938
 EAMBER (non-restraint)  =    -61114.2018
 EKCMT  =      4129.0848  VIRIAL  =      4500.7529  VOLUME     =    155713.9718
                                                    Density    =         1.0376
 ------------------------------------------------------------------------------

wrapping first mol.:       19.57956       27.68967       47.95992
wrapping first mol.:       19.57956       27.68967       47.95992

 NSTEP =    27500   TIME(PS) =    2755.000  TEMP(K) =   301.68  PRESS =   230.0
 Etot   =    -51312.0648  EKtot   =      9809.1963  EPtot      =    -61121.2611
 BOND   =       402.4024  ANGLE   =      1061.9229  DIHED      =       698.0859
 1-4 NB =       459.2986  1-4 EEL =      5592.2820  VDWAALS    =      6974.7654
 EELEC  =    -76359.8671  EHBOND  =         0.0000  RESTRAINT  =        49.8488
 EAMBER (non-restraint)  =    -61171.1099
 EKCMT  =      4133.5731  VIRIAL  =      3358.7306  VOLUME     =    156006.0337
                                                    Density    =         1.0356
 ------------------------------------------------------------------------------

wrapping first mol.:       19.57975       27.68994       47.96039
wrapping first mol.:       19.57975       27.68994       47.96039

 NSTEP =    28000   TIME(PS) =    2756.000  TEMP(K) =   300.74  PRESS =  -183.3
 Etot   =    -51155.1197  EKtot   =      9778.5605  EPtot      =    -60933.6802
 BOND   =       413.0303  ANGLE   =      1080.2844  DIHED      =       723.3220
 1-4 NB =       461.4721  1-4 EEL =      5652.3754  VDWAALS    =      6965.4886
 EELEC  =    -76279.6285  EHBOND  =         0.0000  RESTRAINT  =        49.9755
 EAMBER (non-restraint)  =    -60983.6558
 EKCMT  =      4055.4332  VIRIAL  =      4672.9907  VOLUME     =    156016.3425
                                                    Density    =         1.0356
 ------------------------------------------------------------------------------

wrapping first mol.:       19.56775       27.67298       47.93101
wrapping first mol.:       19.56775       27.67298       47.93101

 NSTEP =    28500   TIME(PS) =    2757.000  TEMP(K) =   299.01  PRESS =    70.6
 Etot   =    -51271.0798  EKtot   =      9722.3975  EPtot      =    -60993.4773
 BOND   =       402.1576  ANGLE   =      1042.3369  DIHED      =       721.4647
 1-4 NB =       455.8281  1-4 EEL =      5602.7346  VDWAALS    =      6746.0016
 EELEC  =    -76011.8695  EHBOND  =         0.0000  RESTRAINT  =        47.8687
 EAMBER (non-restraint)  =    -61041.3459
 EKCMT  =      4067.2098  VIRIAL  =      3829.9685  VOLUME     =    155726.2916
                                                    Density    =         1.0375
 ------------------------------------------------------------------------------

wrapping first mol.:       19.57267       27.67994       47.94306
wrapping first mol.:       19.57267       27.67994       47.94306

 NSTEP =    29000   TIME(PS) =    2758.000  TEMP(K) =   300.61  PRESS =    58.0
 Etot   =    -51277.7849  EKtot   =      9774.5166  EPtot      =    -61052.3015
 BOND   =       427.0125  ANGLE   =      1072.4676  DIHED      =       708.3392
 1-4 NB =       462.9450  1-4 EEL =      5650.7407  VDWAALS    =      6786.2991
 EELEC  =    -76205.5707  EHBOND  =         0.0000  RESTRAINT  =        45.4652
 EAMBER (non-restraint)  =    -61097.7667
 EKCMT  =      4093.1645  VIRIAL  =      3897.9759  VOLUME     =    155843.9495
                                                    Density    =         1.0367
 ------------------------------------------------------------------------------

wrapping first mol.:       19.59137       27.70638       47.98885
wrapping first mol.:       19.59137       27.70638       47.98885

 NSTEP =    29500   TIME(PS) =    2759.000  TEMP(K) =   299.91  PRESS =  -140.4
 Etot   =    -51322.5778  EKtot   =      9751.5596  EPtot      =    -61074.1374
 BOND   =       398.4929  ANGLE   =      1081.8388  DIHED      =       701.4755
 1-4 NB =       449.5510  1-4 EEL =      5618.1457  VDWAALS    =      6848.4829
 EELEC  =    -76220.9488  EHBOND  =         0.0000  RESTRAINT  =        48.8247
 EAMBER (non-restraint)  =    -61122.9621
 EKCMT  =      4122.3765  VIRIAL  =      4596.1207  VOLUME     =    156293.6912
                                                    Density    =         1.0337
 ------------------------------------------------------------------------------

wrapping first mol.:       19.57479       27.68294       47.94825
wrapping first mol.:       19.57479       27.68294       47.94825

 NSTEP =    30000   TIME(PS) =    2760.000  TEMP(K) =   297.54  PRESS =    98.0
 Etot   =    -51439.0239  EKtot   =      9674.7861  EPtot      =    -61113.8101
 BOND   =       403.2926  ANGLE   =      1038.3026  DIHED      =       693.9074
 1-4 NB =       450.3054  1-4 EEL =      5598.7053  VDWAALS    =      6936.0353
 EELEC  =    -76287.0851  EHBOND  =         0.0000  RESTRAINT  =        52.7265
 EAMBER (non-restraint)  =    -61166.5366
 EKCMT  =      4049.7556  VIRIAL  =      3719.9831  VOLUME     =    155894.0445
                                                    Density    =         1.0364
 ------------------------------------------------------------------------------

wrapping first mol.:       19.57314       27.68061       47.94421
wrapping first mol.:       19.57314       27.68061       47.94421

 NSTEP =    30500   TIME(PS) =    2761.000  TEMP(K) =   302.45  PRESS =    56.0
 Etot   =    -51201.3829  EKtot   =      9834.4238  EPtot      =    -61035.8067
 BOND   =       368.0806  ANGLE   =      1051.4930  DIHED      =       697.8989
 1-4 NB =       467.0529  1-4 EEL =      5624.9421  VDWAALS    =      6848.4039
 EELEC  =    -76137.9019  EHBOND  =         0.0000  RESTRAINT  =        44.2237
 EAMBER (non-restraint)  =    -61080.0304
 EKCMT  =      4114.0239  VIRIAL  =      3925.5446  VOLUME     =    155855.2315
                                                    Density    =         1.0366
 ------------------------------------------------------------------------------

wrapping first mol.:       19.56034       27.66250       47.91285
wrapping first mol.:       19.56034       27.66250       47.91285

 NSTEP =    31000   TIME(PS) =    2762.000  TEMP(K) =   299.10  PRESS =  -414.2
 Etot   =    -51342.8752  EKtot   =      9725.2510  EPtot      =    -61068.1262
 BOND   =       440.3461  ANGLE   =      1069.5190  DIHED      =       708.5269
 1-4 NB =       452.1772  1-4 EEL =      5657.5528  VDWAALS    =      6710.0152
 EELEC  =    -76155.3192  EHBOND  =         0.0000  RESTRAINT  =        49.0558
 EAMBER (non-restraint)  =    -61117.1820
 EKCMT  =      4045.3173  VIRIAL  =      5436.4996  VOLUME     =    155556.1315
                                                    Density    =         1.0386
 ------------------------------------------------------------------------------

wrapping first mol.:       19.56687       27.67174       47.92885
wrapping first mol.:       19.56687       27.67174       47.92885

 NSTEP =    31500   TIME(PS) =    2763.000  TEMP(K) =   297.74  PRESS =   322.6
 Etot   =    -51414.6464  EKtot   =      9681.1426  EPtot      =    -61095.7890
 BOND   =       377.3411  ANGLE   =      1078.2022  DIHED      =       686.2617
 1-4 NB =       461.4147  1-4 EEL =      5658.4584  VDWAALS    =      6971.5319
 EELEC  =    -76373.2407  EHBOND  =         0.0000  RESTRAINT  =        44.2417
 EAMBER (non-restraint)  =    -61140.0307
 EKCMT  =      4056.3888  VIRIAL  =      2971.7644  VOLUME     =    155701.7659
                                                    Density    =         1.0376
 ------------------------------------------------------------------------------

wrapping first mol.:       19.54766       27.64457       47.88179
wrapping first mol.:       19.54766       27.64457       47.88179

 NSTEP =    32000   TIME(PS) =    2764.000  TEMP(K) =   298.89  PRESS =   141.9
 Etot   =    -51365.4796  EKtot   =      9718.5498  EPtot      =    -61084.0294
 BOND   =       398.1764  ANGLE   =      1012.4699  DIHED      =       747.4294
 1-4 NB =       459.0468  1-4 EEL =      5689.8382  VDWAALS    =      6842.7685
 EELEC  =    -76275.8621  EHBOND  =         0.0000  RESTRAINT  =        42.1035
 EAMBER (non-restraint)  =    -61126.1329
 EKCMT  =      4099.7057  VIRIAL  =      3623.9821  VOLUME     =    155246.0837
                                                    Density    =         1.0407
 ------------------------------------------------------------------------------

wrapping first mol.:       19.58035       27.69080       47.96186
wrapping first mol.:       19.58035       27.69080       47.96186

 NSTEP =    32500   TIME(PS) =    2765.000  TEMP(K) =   304.17  PRESS =  -181.4
 Etot   =    -51124.1234  EKtot   =      9890.2021  EPtot      =    -61014.3255
 BOND   =       415.4652  ANGLE   =      1081.0054  DIHED      =       702.9553
 1-4 NB =       470.3901  1-4 EEL =      5692.1109  VDWAALS    =      6649.6694
 EELEC  =    -76067.7341  EHBOND  =         0.0000  RESTRAINT  =        41.8122
 EAMBER (non-restraint)  =    -61056.1377
 EKCMT  =      4131.5297  VIRIAL  =      4742.5253  VOLUME     =    156030.7141
                                                    Density    =         1.0355
 ------------------------------------------------------------------------------

wrapping first mol.:       19.59389       27.70994       47.99503
wrapping first mol.:       19.59389       27.70994       47.99503

 NSTEP =    33000   TIME(PS) =    2766.000  TEMP(K) =   299.32  PRESS =   199.7
 Etot   =    -51320.1932  EKtot   =      9732.3662  EPtot      =    -61052.5594
 BOND   =       408.7693  ANGLE   =      1046.0440  DIHED      =       700.9676
 1-4 NB =       462.4447  1-4 EEL =      5605.7237  VDWAALS    =      6967.0523
 EELEC  =    -76290.9752  EHBOND  =         0.0000  RESTRAINT  =        47.4144
 EAMBER (non-restraint)  =    -61099.9737
 EKCMT  =      4119.0976  VIRIAL  =      3444.8690  VOLUME     =    156349.3037
                                                    Density    =         1.0334
 ------------------------------------------------------------------------------

wrapping first mol.:       19.58794       27.70153       47.98045
wrapping first mol.:       19.58794       27.70153       47.98045

 NSTEP =    33500   TIME(PS) =    2767.000  TEMP(K) =   300.81  PRESS =  -124.8
 Etot   =    -51365.3203  EKtot   =      9780.8711  EPtot      =    -61146.1914
 BOND   =       426.5840  ANGLE   =      1050.8267  DIHED      =       696.4385
 1-4 NB =       456.3108  1-4 EEL =      5614.4449  VDWAALS    =      6788.1782
 EELEC  =    -76227.5497  EHBOND  =         0.0000  RESTRAINT  =        48.5752
 EAMBER (non-restraint)  =    -61194.7666
 EKCMT  =      4065.8255  VIRIAL  =      4486.8956  VOLUME     =    156211.4154
                                                    Density    =         1.0343
 ------------------------------------------------------------------------------

wrapping first mol.:       19.57496       27.68317       47.94866
wrapping first mol.:       19.57496       27.68317       47.94866

 NSTEP =    34000   TIME(PS) =    2768.000  TEMP(K) =   300.66  PRESS =  -320.2
 Etot   =    -51020.4444  EKtot   =      9776.1895  EPtot      =    -60796.6338
 BOND   =       399.0909  ANGLE   =      1075.1501  DIHED      =       712.9098
 1-4 NB =       465.1856  1-4 EEL =      5626.4398  VDWAALS    =      6724.0277
 EELEC  =    -75848.7611  EHBOND  =         0.0000  RESTRAINT  =        49.3233
 EAMBER (non-restraint)  =    -60845.9571
 EKCMT  =      4079.8543  VIRIAL  =      5157.6276  VOLUME     =    155903.8239
                                                    Density    =         1.0363
 ------------------------------------------------------------------------------

wrapping first mol.:       19.57162       27.67844       47.94047
wrapping first mol.:       19.57162       27.67844       47.94047

 NSTEP =    34500   TIME(PS) =    2769.000  TEMP(K) =   301.41  PRESS =   -44.6
 Etot   =    -51166.5167  EKtot   =      9800.6240  EPtot      =    -60967.1407
 BOND   =       397.4023  ANGLE   =      1054.2224  DIHED      =       698.1674
 1-4 NB =       450.9827  1-4 EEL =      5616.2069  VDWAALS    =      6705.4259
 EELEC  =    -75935.7976  EHBOND  =         0.0000  RESTRAINT  =        46.2492
 EAMBER (non-restraint)  =    -61013.3900
 EKCMT  =      4098.9153  VIRIAL  =      4248.9786  VOLUME     =    155820.0977
                                                    Density    =         1.0369
 ------------------------------------------------------------------------------

wrapping first mol.:       19.57437       27.68234       47.94722
wrapping first mol.:       19.57437       27.68234       47.94722

 NSTEP =    35000   TIME(PS) =    2770.000  TEMP(K) =   299.69  PRESS =   -79.1
 Etot   =    -51382.5906  EKtot   =      9744.4404  EPtot      =    -61127.0310
 BOND   =       377.5976  ANGLE   =      1085.4101  DIHED      =       705.7344
 1-4 NB =       467.4641  1-4 EEL =      5611.0086  VDWAALS    =      6865.3477
 EELEC  =    -76291.6644  EHBOND  =         0.0000  RESTRAINT  =        52.0709
 EAMBER (non-restraint)  =    -61179.1019
 EKCMT  =      4050.5109  VIRIAL  =      4316.7642  VOLUME     =    155886.4422
                                                    Density    =         1.0364
 ------------------------------------------------------------------------------

wrapping first mol.:       19.56191       27.66471       47.91668
wrapping first mol.:       19.56191       27.66471       47.91668

 NSTEP =    35500   TIME(PS) =    2771.000  TEMP(K) =   298.44  PRESS =   -96.9
 Etot   =    -51254.6695  EKtot   =      9703.7461  EPtot      =    -60958.4156
 BOND   =       402.9966  ANGLE   =      1057.9795  DIHED      =       703.6996
 1-4 NB =       464.9661  1-4 EEL =      5641.0433  VDWAALS    =      6858.1848
 EELEC  =    -76135.7783  EHBOND  =         0.0000  RESTRAINT  =        48.4928
 EAMBER (non-restraint)  =    -61006.9083
 EKCMT  =      4065.9730  VIRIAL  =      4391.6360  VOLUME     =    155589.0501
                                                    Density    =         1.0384
 ------------------------------------------------------------------------------

wrapping first mol.:       19.57431       27.68225       47.94706
wrapping first mol.:       19.57431       27.68225       47.94706

 NSTEP =    36000   TIME(PS) =    2772.000  TEMP(K) =   301.59  PRESS =  -161.7
 Etot   =    -51058.6176  EKtot   =      9806.4736  EPtot      =    -60865.0912
 BOND   =       383.9861  ANGLE   =      1046.4476  DIHED      =       699.8395
 1-4 NB =       463.7383  1-4 EEL =      5666.2980  VDWAALS    =      6574.0029
 EELEC  =    -75748.9298  EHBOND  =         0.0000  RESTRAINT  =        49.5262
 EAMBER (non-restraint)  =    -60914.6175
 EKCMT  =      4069.3010  VIRIAL  =      4613.4621  VOLUME     =    155886.0412
                                                    Density    =         1.0364
 ------------------------------------------------------------------------------

wrapping first mol.:       19.56002       27.66205       47.91207
wrapping first mol.:       19.56002       27.66205       47.91207

 NSTEP =    36500   TIME(PS) =    2773.000  TEMP(K) =   299.67  PRESS =  -312.8
 Etot   =    -51166.4225  EKtot   =      9743.7598  EPtot      =    -60910.1823
 BOND   =       381.2099  ANGLE   =      1040.0306  DIHED      =       707.3951
 1-4 NB =       465.4194  1-4 EEL =      5667.9874  VDWAALS    =      6673.6553
 EELEC  =    -75894.2642  EHBOND  =         0.0000  RESTRAINT  =        48.3841
 EAMBER (non-restraint)  =    -60958.5663
 EKCMT  =      4106.2683  VIRIAL  =      5156.8580  VOLUME     =    155547.1158
                                                    Density    =         1.0387
 ------------------------------------------------------------------------------

wrapping first mol.:       19.55933       27.66107       47.91038
wrapping first mol.:       19.55933       27.66107       47.91038

 NSTEP =    37000   TIME(PS) =    2774.000  TEMP(K) =   301.46  PRESS =    -9.8
 Etot   =    -51058.5137  EKtot   =      9802.2285  EPtot      =    -60860.7422
 BOND   =       376.2023  ANGLE   =      1099.0026  DIHED      =       700.6014
 1-4 NB =       470.5238  1-4 EEL =      5584.7313  VDWAALS    =      6779.0573
 EELEC  =    -75924.4348  EHBOND  =         0.0000  RESTRAINT  =        53.5739
 EAMBER (non-restraint)  =    -60914.3161
 EKCMT  =      4132.5524  VIRIAL  =      4165.5586  VOLUME     =    155526.4632
                                                    Density    =         1.0388
 ------------------------------------------------------------------------------

wrapping first mol.:       19.54444       27.64001       47.87390
wrapping first mol.:       19.54444       27.64001       47.87390

 NSTEP =    37500   TIME(PS) =    2775.000  TEMP(K) =   297.83  PRESS =   372.9
 Etot   =    -51371.2475  EKtot   =      9683.9824  EPtot      =    -61055.2300
 BOND   =       404.5796  ANGLE   =      1082.0946  DIHED      =       700.2394
 1-4 NB =       469.4443  1-4 EEL =      5633.0115  VDWAALS    =      6827.5962
 EELEC  =    -76220.6440  EHBOND  =         0.0000  RESTRAINT  =        48.4484
 EAMBER (non-restraint)  =    -61103.6784
 EKCMT  =      3978.0422  VIRIAL  =      2728.7703  VOLUME     =    155166.1206
                                                    Density    =         1.0412
 ------------------------------------------------------------------------------

wrapping first mol.:       19.56009       27.66215       47.91224
wrapping first mol.:       19.56009       27.66215       47.91224

 NSTEP =    38000   TIME(PS) =    2776.000  TEMP(K) =   299.47  PRESS =     7.7
 Etot   =    -51110.3316  EKtot   =      9737.2324  EPtot      =    -60847.5640
 BOND   =       390.9247  ANGLE   =      1089.0995  DIHED      =       713.0909
 1-4 NB =       454.2844  1-4 EEL =      5626.3993  VDWAALS    =      6838.2881
 EELEC  =    -76009.4416  EHBOND  =         0.0000  RESTRAINT  =        49.7907
 EAMBER (non-restraint)  =    -60897.3547
 EKCMT  =      4146.6855  VIRIAL  =      4120.8697  VOLUME     =    155544.3576
                                                    Density    =         1.0387
 ------------------------------------------------------------------------------

wrapping first mol.:       19.55490       27.65480       47.89951
wrapping first mol.:       19.55490       27.65480       47.89951

 NSTEP =    38500   TIME(PS) =    2777.000  TEMP(K) =   296.55  PRESS =   292.3
 Etot   =    -51451.1772  EKtot   =      9642.4033  EPtot      =    -61093.5805
 BOND   =       402.1577  ANGLE   =      1049.0454  DIHED      =       698.5617
 1-4 NB =       465.6845  1-4 EEL =      5630.9516  VDWAALS    =      6927.5659
 EELEC  =    -76309.9918  EHBOND  =         0.0000  RESTRAINT  =        42.4445
 EAMBER (non-restraint)  =    -61136.0250
 EKCMT  =      4032.1026  VIRIAL  =      3051.3812  VOLUME     =    155416.4316
                                                    Density    =         1.0396
 ------------------------------------------------------------------------------

wrapping first mol.:       19.56650       27.67121       47.92794
wrapping first mol.:       19.56650       27.67121       47.92794

 NSTEP =    39000   TIME(PS) =    2778.000  TEMP(K) =   299.06  PRESS =    86.3
 Etot   =    -51189.5923  EKtot   =      9723.9512  EPtot      =    -60913.5435
 BOND   =       399.6152  ANGLE   =      1087.2284  DIHED      =       708.0737
 1-4 NB =       461.0546  1-4 EEL =      5605.7879  VDWAALS    =      6803.4852
 EELEC  =    -76030.9317  EHBOND  =         0.0000  RESTRAINT  =        52.1433
 EAMBER (non-restraint)  =    -60965.6868
 EKCMT  =      4002.8429  VIRIAL  =      3712.5942  VOLUME     =    155696.1340
                                                    Density    =         1.0377
 ------------------------------------------------------------------------------

wrapping first mol.:       19.57753       27.68680       47.95495
wrapping first mol.:       19.57753       27.68680       47.95495

 NSTEP =    39500   TIME(PS) =    2779.000  TEMP(K) =   301.42  PRESS =     7.3
 Etot   =    -51301.6513  EKtot   =      9800.7178  EPtot      =    -61102.3691
 BOND   =       415.2711  ANGLE   =      1056.4210  DIHED      =       690.1613
 1-4 NB =       469.6870  1-4 EEL =      5616.2373  VDWAALS    =      6840.4517
 EELEC  =    -76241.9048  EHBOND  =         0.0000  RESTRAINT  =        51.3062
 EAMBER (non-restraint)  =    -61153.6753
 EKCMT  =      4095.6411  VIRIAL  =      4070.9313  VOLUME     =    155960.6135
                                                    Density    =         1.0359
 ------------------------------------------------------------------------------

wrapping first mol.:       19.58607       27.69889       47.97588
wrapping first mol.:       19.58607       27.69889       47.97588

 NSTEP =    40000   TIME(PS) =    2780.000  TEMP(K) =   300.38  PRESS =    -2.2
 Etot   =    -51139.2715  EKtot   =      9767.1035  EPtot      =    -60906.3751
 BOND   =       411.8381  ANGLE   =      1063.2759  DIHED      =       694.0106
 1-4 NB =       459.1086  1-4 EEL =      5620.8644  VDWAALS    =      6769.0807
 EELEC  =    -75973.0817  EHBOND  =         0.0000  RESTRAINT  =        48.5285
 EAMBER (non-restraint)  =    -60954.9035
 EKCMT  =      4034.8232  VIRIAL  =      4042.1089  VOLUME     =    156165.1223
                                                    Density    =         1.0346
 ------------------------------------------------------------------------------

wrapping first mol.:       19.57419       27.68208       47.94677
wrapping first mol.:       19.57419       27.68208       47.94677

 NSTEP =    40500   TIME(PS) =    2781.000  TEMP(K) =   299.82  PRESS =   -83.5
 Etot   =    -51342.6646  EKtot   =      9748.6152  EPtot      =    -61091.2798
 BOND   =       419.7490  ANGLE   =      1013.1443  DIHED      =       715.8151
 1-4 NB =       474.3208  1-4 EEL =      5604.0084  VDWAALS    =      6607.2118
 EELEC  =    -75973.1949  EHBOND  =         0.0000  RESTRAINT  =        47.6657
 EAMBER (non-restraint)  =    -61138.9456
 EKCMT  =      4052.9581  VIRIAL  =      4333.8311  VOLUME     =    155882.1416
                                                    Density    =         1.0364
 ------------------------------------------------------------------------------

wrapping first mol.:       19.56400       27.66767       47.92181
wrapping first mol.:       19.56400       27.66767       47.92181

 NSTEP =    41000   TIME(PS) =    2782.000  TEMP(K) =   301.10  PRESS =  -264.3
 Etot   =    -51245.3759  EKtot   =      9790.4053  EPtot      =    -61035.7812
 BOND   =       384.7199  ANGLE   =      1043.3692  DIHED      =       724.9974
 1-4 NB =       455.5454  1-4 EEL =      5621.6399  VDWAALS    =      6783.1024
 EELEC  =    -76096.6980  EHBOND  =         0.0000  RESTRAINT  =        47.5426
 EAMBER (non-restraint)  =    -61083.3237
 EKCMT  =      4092.4880  VIRIAL  =      4980.7141  VOLUME     =    155641.2667
                                                    Density    =         1.0381
 ------------------------------------------------------------------------------

wrapping first mol.:       19.56892       27.67463       47.93386
wrapping first mol.:       19.56892       27.67463       47.93386

 NSTEP =    41500   TIME(PS) =    2783.000  TEMP(K) =   296.30  PRESS =   -81.7
 Etot   =    -51487.8547  EKtot   =      9634.3799  EPtot      =    -61122.2345
 BOND   =       404.4966  ANGLE   =      1072.7547  DIHED      =       706.2982
 1-4 NB =       450.5447  1-4 EEL =      5590.0019  VDWAALS    =      6772.3785
 EELEC  =    -76167.4521  EHBOND  =         0.0000  RESTRAINT  =        48.7429
 EAMBER (non-restraint)  =    -61170.9775
 EKCMT  =      4035.9527  VIRIAL  =      4310.7905  VOLUME     =    155756.2549
                                                    Density    =         1.0373
 ------------------------------------------------------------------------------

wrapping first mol.:       19.57383       27.68157       47.94588
wrapping first mol.:       19.57383       27.68157       47.94588

 NSTEP =    42000   TIME(PS) =    2784.000  TEMP(K) =   299.63  PRESS =  -286.6
 Etot   =    -51278.3901  EKtot   =      9742.5303  EPtot      =    -61020.9204
 BOND   =       378.2590  ANGLE   =      1022.4681  DIHED      =       703.4896
 1-4 NB =       463.3962  1-4 EEL =      5620.3647  VDWAALS    =      6681.1056
 EELEC  =    -75934.7832  EHBOND  =         0.0000  RESTRAINT  =        44.7796
 EAMBER (non-restraint)  =    -61065.7000
 EKCMT  =      4058.3215  VIRIAL  =      5022.8147  VOLUME     =    155876.2594
                                                    Density    =         1.0365
 ------------------------------------------------------------------------------

wrapping first mol.:       19.57308       27.68051       47.94405
wrapping first mol.:       19.57308       27.68051       47.94405

 NSTEP =    42500   TIME(PS) =    2785.000  TEMP(K) =   299.59  PRESS =   -47.9
 Etot   =    -51276.9495  EKtot   =      9741.2100  EPtot      =    -61018.1595
 BOND   =       397.2843  ANGLE   =      1033.1452  DIHED      =       714.8986
 1-4 NB =       457.2628  1-4 EEL =      5589.2200  VDWAALS    =      6732.2162
 EELEC  =    -75993.3924  EHBOND  =         0.0000  RESTRAINT  =        51.2057
 EAMBER (non-restraint)  =    -61069.3652
 EKCMT  =      4067.8948  VIRIAL  =      4229.2450  VOLUME     =    155855.0963
                                                    Density    =         1.0366
 ------------------------------------------------------------------------------

wrapping first mol.:       19.55884       27.66037       47.90916
wrapping first mol.:       19.55884       27.66037       47.90916

 NSTEP =    43000   TIME(PS) =    2786.000  TEMP(K) =   299.91  PRESS =  -110.5
 Etot   =    -51325.4873  EKtot   =      9751.7012  EPtot      =    -61077.1884
 BOND   =       406.3262  ANGLE   =      1104.0742  DIHED      =       715.7617
 1-4 NB =       444.9244  1-4 EEL =      5581.9648  VDWAALS    =      6872.4538
 EELEC  =    -76249.5642  EHBOND  =         0.0000  RESTRAINT  =        46.8705
 EAMBER (non-restraint)  =    -61124.0589
 EKCMT  =      4091.8801  VIRIAL  =      4462.7591  VOLUME     =    155515.9915
                                                    Density    =         1.0389
 ------------------------------------------------------------------------------

wrapping first mol.:       19.56509       27.66922       47.92449
wrapping first mol.:       19.56509       27.66922       47.92449

 NSTEP =    43500   TIME(PS) =    2787.000  TEMP(K) =   297.70  PRESS =    61.0
 Etot   =    -51297.6927  EKtot   =      9679.9746  EPtot      =    -60977.6673
 BOND   =       415.7520  ANGLE   =      1060.0852  DIHED      =       672.3968
 1-4 NB =       473.8622  1-4 EEL =      5597.2454  VDWAALS    =      6797.8947
 EELEC  =    -76042.6374  EHBOND  =         0.0000  RESTRAINT  =        47.7339
 EAMBER (non-restraint)  =    -61025.4012
 EKCMT  =      4069.5574  VIRIAL  =      3864.5047  VOLUME     =    155662.9216
                                                    Density    =         1.0379
 ------------------------------------------------------------------------------

wrapping first mol.:       19.56833       27.67380       47.93242
wrapping first mol.:       19.56833       27.67380       47.93242

 NSTEP =    44000   TIME(PS) =    2788.000  TEMP(K) =   301.44  PRESS =   141.1
 Etot   =    -51303.7508  EKtot   =      9801.3652  EPtot      =    -61105.1160
 BOND   =       408.9048  ANGLE   =      1012.4318  DIHED      =       706.2409
 1-4 NB =       447.2575  1-4 EEL =      5653.0768  VDWAALS    =      6840.5419
 EELEC  =    -76227.1116  EHBOND  =         0.0000  RESTRAINT  =        53.5418
 EAMBER (non-restraint)  =    -61158.6578
 EKCMT  =      4126.2155  VIRIAL  =      3651.6012  VOLUME     =    155739.0990
                                                    Density    =         1.0374
 ------------------------------------------------------------------------------

wrapping first mol.:       19.56402       27.66771       47.92187
wrapping first mol.:       19.56402       27.66771       47.92187

 NSTEP =    44500   TIME(PS) =    2789.000  TEMP(K) =   300.91  PRESS =  -192.6
 Etot   =    -51248.0996  EKtot   =      9784.1240  EPtot      =    -61032.2237
 BOND   =       388.2813  ANGLE   =      1026.4044  DIHED      =       680.6206
 1-4 NB =       481.8629  1-4 EEL =      5671.8217  VDWAALS    =      6793.0282
 EELEC  =    -76118.1904  EHBOND  =         0.0000  RESTRAINT  =        43.9477
 EAMBER (non-restraint)  =    -61076.1714
 EKCMT  =      4082.2794  VIRIAL  =      4729.4099  VOLUME     =    155640.8844
                                                    Density    =         1.0381
 ------------------------------------------------------------------------------

wrapping first mol.:       19.55654       27.65712       47.90353
wrapping first mol.:       19.55654       27.65712       47.90353

 NSTEP =    45000   TIME(PS) =    2790.000  TEMP(K) =   299.37  PRESS =   -98.2
 Etot   =    -51260.9188  EKtot   =      9734.2646  EPtot      =    -60995.1835
 BOND   =       415.5012  ANGLE   =      1014.6870  DIHED      =       710.1733
 1-4 NB =       459.5996  1-4 EEL =      5607.9620  VDWAALS    =      6676.6464
 EELEC  =    -75930.6409  EHBOND  =         0.0000  RESTRAINT  =        50.8877
 EAMBER (non-restraint)  =    -61046.0712
 EKCMT  =      3995.4888  VIRIAL  =      4324.9519  VOLUME     =    155460.9879
                                                    Density    =         1.0393
 ------------------------------------------------------------------------------

wrapping first mol.:       19.56365       27.66718       47.92096
wrapping first mol.:       19.56365       27.66718       47.92096

 NSTEP =    45500   TIME(PS) =    2791.000  TEMP(K) =   304.47  PRESS =   221.8
 Etot   =    -51120.8146  EKtot   =      9899.8682  EPtot      =    -61020.6828
 BOND   =       394.9221  ANGLE   =      1033.8464  DIHED      =       705.3481
 1-4 NB =       466.3162  1-4 EEL =      5660.9135  VDWAALS    =      6727.9161
 EELEC  =    -76061.0072  EHBOND  =         0.0000  RESTRAINT  =        51.0620
 EAMBER (non-restraint)  =    -61071.7447
 EKCMT  =      4154.9185  VIRIAL  =      3409.7254  VOLUME     =    155626.2696
                                                    Density    =         1.0382
 ------------------------------------------------------------------------------

wrapping first mol.:       19.55953       27.66135       47.91086
wrapping first mol.:       19.55953       27.66135       47.91086

 NSTEP =    46000   TIME(PS) =    2792.000  TEMP(K) =   300.56  PRESS =   227.4
 Etot   =    -51197.5003  EKtot   =      9772.9160  EPtot      =    -60970.4163
 BOND   =       410.0055  ANGLE   =      1075.4384  DIHED      =       714.2619
 1-4 NB =       447.5306  1-4 EEL =      5627.4354  VDWAALS    =      6793.1904
 EELEC  =    -76087.4513  EHBOND  =         0.0000  RESTRAINT  =        49.1728
 EAMBER (non-restraint)  =    -61019.5891
 EKCMT  =      4155.6259  VIRIAL  =      3391.8705  VOLUME     =    155527.8576
                                                    Density    =         1.0388
 ------------------------------------------------------------------------------

wrapping first mol.:       19.55833       27.65966       47.90794
wrapping first mol.:       19.55833       27.65966       47.90794

 NSTEP =    46500   TIME(PS) =    2793.000  TEMP(K) =   297.53  PRESS =  -187.4
 Etot   =    -51545.6324  EKtot   =      9674.1797  EPtot      =    -61219.8121
 BOND   =       398.7478  ANGLE   =      1050.5594  DIHED      =       691.2479
 1-4 NB =       471.8033  1-4 EEL =      5673.3268  VDWAALS    =      6807.0756
 EELEC  =    -76363.4983  EHBOND  =         0.0000  RESTRAINT  =        50.9255
 EAMBER (non-restraint)  =    -61270.7376
 EKCMT  =      4023.4632  VIRIAL  =      4652.5481  VOLUME     =    155505.0915
                                                    Density    =         1.0390
 ------------------------------------------------------------------------------

wrapping first mol.:       19.55948       27.66128       47.91073
wrapping first mol.:       19.55948       27.66128       47.91073

 NSTEP =    47000   TIME(PS) =    2794.000  TEMP(K) =   298.12  PRESS =   -65.2
 Etot   =    -51327.9443  EKtot   =      9693.3516  EPtot      =    -61021.2958
 BOND   =       391.4302  ANGLE   =      1026.1036  DIHED      =       698.7673
 1-4 NB =       469.5416  1-4 EEL =      5637.7970  VDWAALS    =      6722.0785
 EELEC  =    -76015.2279  EHBOND  =         0.0000  RESTRAINT  =        48.2140
 EAMBER (non-restraint)  =    -61069.5098
 EKCMT  =      4012.9369  VIRIAL  =      4232.0078  VOLUME     =    155530.6316
                                                    Density    =         1.0388
 ------------------------------------------------------------------------------

wrapping first mol.:       19.57069       27.67713       47.93819
wrapping first mol.:       19.57069       27.67713       47.93819

 NSTEP =    47500   TIME(PS) =    2795.000  TEMP(K) =   297.28  PRESS =   323.2
 Etot   =    -51108.9687  EKtot   =      9666.2627  EPtot      =    -60775.2314
 BOND   =       422.5455  ANGLE   =      1043.6591  DIHED      =       694.7150
 1-4 NB =       473.1660  1-4 EEL =      5641.8668  VDWAALS    =      6760.1266
 EELEC  =    -75861.9622  EHBOND  =         0.0000  RESTRAINT  =        50.6518
 EAMBER (non-restraint)  =    -60825.8831
 EKCMT  =      4061.8409  VIRIAL  =      2974.5463  VOLUME     =    155792.7701
                                                    Density    =         1.0370
 ------------------------------------------------------------------------------

wrapping first mol.:       19.55445       27.65417       47.89843
wrapping first mol.:       19.55445       27.65417       47.89843

 NSTEP =    48000   TIME(PS) =    2796.000  TEMP(K) =   298.82  PRESS =   -31.7
 Etot   =    -51249.3963  EKtot   =      9716.3076  EPtot      =    -60965.7039
 BOND   =       405.4045  ANGLE   =      1041.0541  DIHED      =       687.7583
 1-4 NB =       465.2075  1-4 EEL =      5639.5252  VDWAALS    =      6680.0922
 EELEC  =    -75935.2623  EHBOND  =         0.0000  RESTRAINT  =        50.5166
 EAMBER (non-restraint)  =    -61016.2205
 EKCMT  =      4078.7381  VIRIAL  =      4185.0977  VOLUME     =    155410.3951
                                                    Density    =         1.0396
 ------------------------------------------------------------------------------

wrapping first mol.:       19.55805       27.65926       47.90723
wrapping first mol.:       19.55805       27.65926       47.90723

 NSTEP =    48500   TIME(PS) =    2797.000  TEMP(K) =   301.31  PRESS =   -96.9
 Etot   =    -51262.9478  EKtot   =      9797.3652  EPtot      =    -61060.3130
 BOND   =       411.8870  ANGLE   =      1042.8512  DIHED      =       716.9540
 1-4 NB =       448.4503  1-4 EEL =      5603.6951  VDWAALS    =      6681.0606
 EELEC  =    -76020.4706  EHBOND  =         0.0000  RESTRAINT  =        55.2596
 EAMBER (non-restraint)  =    -61115.5726
 EKCMT  =      4143.8107  VIRIAL  =      4469.0943  VOLUME     =    155497.0118
                                                    Density    =         1.0390
 ------------------------------------------------------------------------------

wrapping first mol.:       19.57483       27.68299       47.94834
wrapping first mol.:       19.57483       27.68299       47.94834

 NSTEP =    49000   TIME(PS) =    2798.000  TEMP(K) =   301.86  PRESS =   173.2
 Etot   =    -51055.8593  EKtot   =      9815.2461  EPtot      =    -60871.1054
 BOND   =       391.9884  ANGLE   =      1029.9818  DIHED      =       716.7772
 1-4 NB =       459.5347  1-4 EEL =      5670.9784  VDWAALS    =      6777.5785
 EELEC  =    -75969.2194  EHBOND  =         0.0000  RESTRAINT  =        51.2749
 EAMBER (non-restraint)  =    -60922.3804
 EKCMT  =      4081.6031  VIRIAL  =      3498.4541  VOLUME     =    155893.8394
                                                    Density    =         1.0364
 ------------------------------------------------------------------------------

wrapping first mol.:       19.55646       27.65701       47.90334
wrapping first mol.:       19.55646       27.65701       47.90334

 NSTEP =    49500   TIME(PS) =    2799.000  TEMP(K) =   300.18  PRESS =    14.4
 Etot   =    -51165.8646  EKtot   =      9760.3232  EPtot      =    -60926.1879
 BOND   =       424.3670  ANGLE   =      1022.8849  DIHED      =       680.4062
 1-4 NB =       458.4737  1-4 EEL =      5647.1908  VDWAALS    =      6660.4377
 EELEC  =    -75868.9807  EHBOND  =         0.0000  RESTRAINT  =        49.0324
 EAMBER (non-restraint)  =    -60975.2203
 EKCMT  =      4165.1420  VIRIAL  =      4116.7435  VOLUME     =    155457.5097
                                                    Density    =         1.0393
 ------------------------------------------------------------------------------

wrapping first mol.:       19.53352       27.62456       47.84714
wrapping first mol.:       19.53352       27.62456       47.84714

 NSTEP =    50000   TIME(PS) =    2800.000  TEMP(K) =   296.58  PRESS =  -157.7
 Etot   =    -51418.9329  EKtot   =      9643.5518  EPtot      =    -61062.4847
 BOND   =       399.3369  ANGLE   =      1023.8200  DIHED      =       722.2083
 1-4 NB =       466.4118  1-4 EEL =      5661.7912  VDWAALS    =      6622.2016
 EELEC  =    -76010.6638  EHBOND  =         0.0000  RESTRAINT  =        52.4093
 EAMBER (non-restraint)  =    -61114.8940
 EKCMT  =      4070.9845  VIRIAL  =      4598.4932  VOLUME     =    154913.4238
                                                    Density    =         1.0429
 ------------------------------------------------------------------------------


      A V E R A G E S   O V E R     100 S T E P S


 NSTEP =    50000   TIME(PS) =    2800.000  TEMP(K) =   300.08  PRESS =    13.7
 Etot   =    -51246.2090  EKtot   =      9757.1430  EPtot      =    -61003.3521
 BOND   =       402.2961  ANGLE   =      1054.5798  DIHED      =       709.4636
 1-4 NB =       459.9331  1-4 EEL =      5631.5009  VDWAALS    =      6788.9998
 EELEC  =    -76099.0414  EHBOND  =         0.0000  RESTRAINT  =        48.9160
 EAMBER (non-restraint)  =    -61052.2681
 EKCMT  =      4080.3650  VIRIAL  =      4034.4294  VOLUME     =    155694.5481
                                                    Density    =         1.0377
 ------------------------------------------------------------------------------


      R M S  F L U C T U A T I O N S


 NSTEP =    50000   TIME(PS) =    2800.000  TEMP(K) =     2.11  PRESS =   185.7
 Etot   =       120.7884  EKtot   =        68.6019  EPtot      =        91.3243
 BOND   =        15.4198  ANGLE   =        22.7860  DIHED      =        13.6504
 1-4 NB =         8.6736  1-4 EEL =        23.8158  VDWAALS    =        97.2272
 EELEC  =       155.4415  EHBOND  =         0.0000  RESTRAINT  =         4.1275
 EAMBER (non-restraint)  =        87.1967
 EKCMT  =        44.9707  VIRIAL  =       628.1437  VOLUME     =       290.2101
                                                    Density    =         0.0019
 ------------------------------------------------------------------------------

--------------------------------------------------------------------------------
   5.  TIMINGS
--------------------------------------------------------------------------------

|  NonSetup CPU Time in Major Routines:
|
|     Routine           Sec        %
|     ------------------------------
|     Nonbond          72.33   83.27
|     Bond              0.00    0.00
|     Angle             0.00    0.00
|     Dihedral          0.00    0.00
|     Shake             0.26    0.30
|     RunMD            14.18   16.32
|     Other             0.09    0.11
|     ------------------------------
|     Total            86.87

|  PME Nonbond Pairlist CPU Time:
|
|     Routine              Sec        %
|     ---------------------------------
|     Set Up Cit           0.00    0.00
|     Build List           0.00    0.00
|     ---------------------------------
|     Total                0.00    0.00

|  PME Direct Force CPU Time:
|
|     Routine              Sec        %
|     ---------------------------------
|     NonBonded Calc       0.00    0.00
|     Exclude Masked       0.00    0.00
|     Other                0.06    0.06
|     ---------------------------------
|     Total                0.06    0.06

|  PME Reciprocal Force CPU Time:
|
|     Routine              Sec        %
|     ---------------------------------
|     1D bspline           0.00    0.00
|     Grid Charges         0.00    0.00
|     Scalar Sum           0.00    0.00
|     Gradient Sum         0.00    0.00
|     FFT                  0.00    0.00
|     ---------------------------------
|     Total                0.00    0.00

|  Final Performance Info:
|     -----------------------------------------------------
|     Average timings for last   15000 steps:
|     Elapsed(s) =      26.06 Per Step(ms) =       1.74
|         ns/day =      99.48   seconds/ns =     868.54
|
|     Average timings for all steps:
|     Elapsed(s) =      86.86 Per Step(ms) =       1.74
|         ns/day =      99.47   seconds/ns =     868.64
|     -----------------------------------------------------

|  Setup CPU time:            0.64 seconds
|  NonSetup CPU time:        86.87 seconds
|  Total CPU time:           87.50 seconds     0.02 hours

|  Setup wall time:           0    seconds
|  NonSetup wall time:       87    seconds
|  Total wall time:          87    seconds     0.02 hours
