
          -------------------------------------------------------
          Amber 18 PMEMD                              2018
          -------------------------------------------------------

| PMEMD implementation of SANDER, Release 18

| Run on 09/29/2019 at 23:07:24

|   Executable path: pmemd.cuda
| Working directory: /home/pbarletta/lbp/run/2ifb/mhe/e
|          Hostname: Unknown
  [-O]verwriting output

File Assignments:
|   MDIN: 31equ.in                                                              
|  MDOUT: 31equ.out                                                             
| INPCRD: 30e2ifb.rst7                                                          
|   PARM: /home/pbarletta/lbp/top_files/2ifb.prmtop                             
| RESTRT: 31e2ifb.rst7                                                          
|   REFC: 30e2ifb.rst7                                                          
|  MDVEL: mdvel                                                                 
|   MDEN: mden                                                                  
|  MDCRD: 31e2ifb.nc                                                            
| MDINFO: mdinfo                                                                
|  MDFRC: mdfrc                                                                 


 Here is the input file:

Equilibration with solute restrictions                                         
&cntrl                                                                         
imin = 0,                           ! No Minimization                          
nmropt = 0,                         ! No NMR restraints read                   
                                                                               
! Nature and format of the input                                               
ntx = 5,                            ! Coordinates but no velocities will be rea
irest = 1,                          ! Do not run a new simulation              
                                                                               
! Nature and format of the output                                              
ntxo = 1,                           ! rstrt file in ASCII format               
ntpr = 500,                         ! inf in output every ntpr steps           
ntwr = 500,                         ! rstrt file every ntwr steps              
ntwx = 500,                         ! mdcrd file every ntwx steps              
ntwv = 0,                           ! mdvel without velocities                 
ntwe = 0,                           ! Do not write energies and temperatures   
idecomp = 0,                        ! No energy decomposition                  
iwrap = 1,                          ! Coordinates of the restart and mdcrd file
                                                                               
! Frozen or restrained atoms                                                   
ibelly = 0,                         ! No frozen atoms                          
ntr=1,                              ! Harmonic potential restraints            
restraint_wt = 0.30,                ! The weight for the positional restraints 
restraintmask = ':1-131@N,CA,C,O',  ! restrained residues                      
                                                                               
! Molecular dynamics                                                           
nstlim = 50000,                     ! Number of MD-steps                       
dt = 0.002,                         ! Time step                                
                                                                               
! Temperature regulation                                                       
ntt = 3,                            ! Langevin thermostat                      
gamma_ln = 5,                       ! Gamma constant for Langevin              
temp0 = 300.0,                      ! Reference T at which the system is to be 
tempi = 300.0,                      ! Initial T                                
ig = -1,                            ! Seed for the RNG                         
                                                                               
! P and V regulation                                                           
ntp = 1,                            ! constant P                               
barostat = 1,                       ! Berendsen barostat                       
taup = 1,                           ! Pressure relaxation time                 
ntb = 2,                            ! Periodic box for constant P              
                                                                               
! SHAKE variables                                                              
ntc = 2,                            ! Bonds involving H are constrained        
ntf = 2,                            ! Bond interaction involving H are ommited.
                                                                               
cut = 10.0,                         ! Nonbonded cutoff                         
/                                                                              
&end                                                                           


Note: ig = -1. Setting random seed to   271283 based on wallclock time in 
      microseconds.
| irandom = 1, using AMBER's internal random number generator (default).
 
|--------------------- INFORMATION ----------------------
| GPU (CUDA) Version of PMEMD in use: NVIDIA GPU IN USE.
|                    Version 18.0.0
| 
|                      03/25/2018
| 
| Implementation by:
|                    Ross C. Walker     (SDSC)
|                    Scott Le Grand     (nVIDIA)
| 
| Version 18 performance extensions by:
|                    David Cerutti     (Rutgers)
| 
| Precision model in use:
|      [SPFP] - Single Precision Forces, 64-bit Fixed Point
|               Accumulation. (Default)
| 
|--------------------------------------------------------
 
|----------------- CITATION INFORMATION -----------------
|
|    When publishing work that utilized the CUDA version
|    of AMBER, please cite the following in addition to
|    the regular AMBER citations:
|
|  - Romelia Salomon-Ferrer; Andreas W. Goetz; Duncan
|    Poole; Scott Le Grand; Ross C. Walker "Routine
|    microsecond molecular dynamics simulations with
|    AMBER - Part II: Particle Mesh Ewald", J. Chem.
|    Theory Comput., 2013, 9 (9), pp3878-3888,
|    DOI: 10.1021/ct400314y.
|
|  - Andreas W. Goetz; Mark J. Williamson; Dong Xu;
|    Duncan Poole; Scott Le Grand; Ross C. Walker
|    "Routine microsecond molecular dynamics simulations
|    with AMBER - Part I: Generalized Born", J. Chem.
|    Theory Comput., 2012, 8 (5), pp1542-1555.
|
|  - Scott Le Grand; Andreas W. Goetz; Ross C. Walker
|    "SPFP: Speed without compromise - a mixed precision
|    model for GPU accelerated molecular dynamics
|    simulations.", Comp. Phys. Comm., 2013, 184
|    pp374-380, DOI: 10.1016/j.cpc.2012.09.022
|
|--------------------------------------------------------
 
|------------------- GPU DEVICE INFO --------------------
|
|            CUDA_VISIBLE_DEVICES: 1
|   CUDA Capable Devices Detected:      1
|           CUDA Device ID in use:      0
|                CUDA Device Name: GeForce GTX 1060 6GB
|     CUDA Device Global Mem Size:   6078 MB
| CUDA Device Num Multiprocessors:     10
|           CUDA Device Core Freq:   1.76 GHz
|
|--------------------------------------------------------
 
 
| Conditional Compilation Defines Used:
| PUBFFT
| BINTRAJ
| CUDA
| EMIL

| Largest sphere to fit in unit cell has radius =    23.972

| New format PARM file being parsed.
| Version =    1.000 Date = 09/29/19 Time = 21:53:24

| Note: 1-4 EEL scale factors are being read from the topology file.

| Note: 1-4 VDW scale factors are being read from the topology file.
| Duplicated    0 dihedrals

| Duplicated    0 dihedrals

--------------------------------------------------------------------------------
   1.  RESOURCE   USE: 
--------------------------------------------------------------------------------

 getting new box info from bottom of inpcrd
 NATOM  =   20379 NTYPES =      17 NBONH =   14750 MBONA  =    5644
 NTHETH =    2483 MTHETA =    1455 NPHIH =    4974 MPHIA  =    4548
 NHPARM =       0 NPARM  =       0 NNB   =   43788 NRES   =    4686
 NBONA  =    5644 NTHETA =    1455 NPHIA =    4548 NUMBND =      77
 NUMANG =     166 NPTRA  =     185 NATYP =      42 NPHB   =       1
 IFBOX  =       2 NMXRS  =      50 IFCAP =       0 NEXTRA =    4554
 NCOPY  =       0

| Coordinate Index Table dimensions:     9    9    9
| Direct force subcell size =     6.5243    6.5243    6.5243

     BOX TYPE: TRUNCATED OCTAHEDRON

--------------------------------------------------------------------------------
   2.  CONTROL  DATA  FOR  THE  RUN
--------------------------------------------------------------------------------

default_name                                                                    

General flags:
     imin    =       0, nmropt  =       0

Nature and format of input:
     ntx     =       5, irest   =       1, ntrx    =       1

Nature and format of output:
     ntxo    =       1, ntpr    =     500, ntrx    =       1, ntwr    =     500
     iwrap   =       1, ntwx    =     500, ntwv    =       0, ntwe    =       0
     ioutfm  =       1, ntwprt  =       0, idecomp =       0, rbornstat=      0

Potential function:
     ntf     =       2, ntb     =       2, igb     =       0, nsnb    =      25
     ipol    =       0, gbsa    =       0, iesp    =       0
     dielc   =   1.00000, cut     =  10.00000, intdiel =   1.00000

Frozen or restrained atoms:
     ibelly  =       0, ntr     =       1
     restraint_wt =   0.30000

Molecular dynamics:
     nstlim  =     50000, nscm    =         0, nrespa  =         1
     t       =   0.00000, dt      =   0.00200, vlimit  =  -1.00000

Langevin dynamics temperature regulation:
     ig      =  271283
     temp0   = 300.00000, tempi   = 300.00000, gamma_ln=   5.00000

Pressure regulation:
     ntp     =       1
     pres0   =   1.00000, comp    =  44.60000, taup    =   1.00000

SHAKE:
     ntc     =       2, jfastw  =       0
     tol     =   0.00001

| Intermolecular bonds treatment:
|     no_intermolecular_bonds =       1

| Energy averages sample interval:
|     ene_avg_sampling =     500

Extra-points options:
     frameon =       1, chngmask=       1

Ewald parameters:
     verbose =       0, ew_type =       0, nbflag  =       1, use_pme =       1
     vdwmeth =       1, eedmeth =       1, netfrc  =       1
     Box X =   58.719   Box Y =   58.719   Box Z =   58.719
     Alpha =  109.471   Beta  =  109.471   Gamma =  109.471
     NFFT1 =   64       NFFT2 =   64       NFFT3 =   64
     Cutoff=   10.000   Tol   =0.100E-04
     Ewald Coefficient =  0.27511
     Interpolation order =    4

    LOADING THE CONSTRAINED ATOMS AS GROUPS


   5.  REFERENCE ATOM COORDINATES

  default_name                                                                    
     Mask :1-131@N,CA,C,O; matches   524 atoms
|      EXTRA_PTS, trim_bonds: num bonds BEFORE trim = 14750     0
|      EXTRA_PTS, trim_bonds: num bonds AFTER  trim = 14750     0
|      EXTRA_PTS, trim_bonds: num bonds BEFORE trim =  5644     0
|      EXTRA_PTS, trim_bonds: num bonds AFTER  trim =  1090     0
|      EXTRA_PTS, trim_theta: num angle BEFORE trim =  2483     0
|      EXTRA_PTS, trim_theta: num angle AFTER  trim =  2483     0
|      EXTRA_PTS, trim_theta: num angle BEFORE trim =  1455     0
|      EXTRA_PTS, trim_theta: num angle AFTER  trim =  1455     0
|      EXTRA_PTS, trim_phi:  num diheds BEFORE trim =  4974     0
|      EXTRA_PTS, trim_phi:  num diheds AFTER  trim =  4974     0
|      EXTRA_PTS, trim_phi:  num diheds BEFORE trim =  4548     0
|      EXTRA_PTS, trim_phi:  num diheds AFTER  trim =  4548     0

--------------------------------------------------------------------------------
   3.  ATOMIC COORDINATES AND VELOCITIES
--------------------------------------------------------------------------------

default_name                                                                    
 begin time read from input coords =  3400.000 ps

 
 Number of triangulated 3-point waters found:     4554

     Sum of charges from parm topology file =   0.00202595
     Forcing neutrality...

| Dynamic Memory, Types Used:
| Reals             1016965
| Integers          1501222

| Nonbonded Pairs Initial Allocation:     6164138

| GPU memory information (estimate):
| KB of GPU memory in use:         0
| KB of CPU memory in use:         0

--------------------------------------------------------------------------------
   4.  RESULTS
--------------------------------------------------------------------------------

wrapping first mol.:       19.58323       27.69486       47.96891
wrapping first mol.:       19.58323       27.69486       47.96891

 NSTEP =      500   TIME(PS) =    3401.000  TEMP(K) =   301.11  PRESS =  -329.8
 Etot   =    -51038.2000  EKtot   =      9790.7109  EPtot      =    -60828.9110
 BOND   =       419.4389  ANGLE   =      1081.0121  DIHED      =       718.8788
 1-4 NB =       464.3767  1-4 EEL =      5675.6126  VDWAALS    =      6579.3547
 EELEC  =    -75787.9391  EHBOND  =         0.0000  RESTRAINT  =        20.3544
 EAMBER (non-restraint)  =    -60849.2653
 EKCMT  =      4145.6740  VIRIAL  =      5257.2242  VOLUME     =    156101.5635
                                                    Density    =         1.0350
 ------------------------------------------------------------------------------

wrapping first mol.:       19.58264       27.69403       47.96747
wrapping first mol.:       19.58264       27.69403       47.96747

 NSTEP =     1000   TIME(PS) =    3402.000  TEMP(K) =   297.30  PRESS =   147.2
 Etot   =    -51403.3416  EKtot   =      9666.7402  EPtot      =    -61070.0818
 BOND   =       405.3406  ANGLE   =      1027.1159  DIHED      =       697.2397
 1-4 NB =       461.5028  1-4 EEL =      5706.0045  VDWAALS    =      6859.3284
 EELEC  =    -76254.1232  EHBOND  =         0.0000  RESTRAINT  =        27.5096
 EAMBER (non-restraint)  =    -61097.5914
 EKCMT  =      4054.3374  VIRIAL  =      3558.3349  VOLUME     =    156080.8704
                                                    Density    =         1.0351
 ------------------------------------------------------------------------------

wrapping first mol.:       19.58007       27.69040       47.96118
wrapping first mol.:       19.58007       27.69040       47.96118

 NSTEP =     1500   TIME(PS) =    3403.000  TEMP(K) =   304.57  PRESS =  -133.2
 Etot   =    -51229.9990  EKtot   =      9903.1221  EPtot      =    -61133.1211
 BOND   =       410.1351  ANGLE   =      1019.9171  DIHED      =       685.8843
 1-4 NB =       459.9839  1-4 EEL =      5696.0790  VDWAALS    =      6741.8143
 EELEC  =    -76174.0577  EHBOND  =         0.0000  RESTRAINT  =        27.1230
 EAMBER (non-restraint)  =    -61160.2441
 EKCMT  =      4217.7928  VIRIAL  =      4666.3536  VOLUME     =    156023.4128
                                                    Density    =         1.0355
 ------------------------------------------------------------------------------

wrapping first mol.:       19.58000       27.69031       47.96101
wrapping first mol.:       19.58000       27.69031       47.96101

 NSTEP =     2000   TIME(PS) =    3404.000  TEMP(K) =   297.75  PRESS =    -9.3
 Etot   =    -51366.1361  EKtot   =      9681.6094  EPtot      =    -61047.7455
 BOND   =       405.2730  ANGLE   =      1017.1781  DIHED      =       696.5301
 1-4 NB =       455.7222  1-4 EEL =      5672.5698  VDWAALS    =      6671.9099
 EELEC  =    -75989.1083  EHBOND  =         0.0000  RESTRAINT  =        22.1796
 EAMBER (non-restraint)  =    -61069.9250
 EKCMT  =      4056.8466  VIRIAL  =      4088.1655  VOLUME     =    156020.0458
                                                    Density    =         1.0355
 ------------------------------------------------------------------------------

wrapping first mol.:       19.56884       27.67452       47.93367
wrapping first mol.:       19.56884       27.67452       47.93367

 NSTEP =     2500   TIME(PS) =    3405.000  TEMP(K) =   298.50  PRESS =    68.4
 Etot   =    -51454.5346  EKtot   =      9705.7305  EPtot      =    -61160.2651
 BOND   =       370.2114  ANGLE   =      1037.6754  DIHED      =       690.8417
 1-4 NB =       462.7337  1-4 EEL =      5654.1572  VDWAALS    =      6853.7713
 EELEC  =    -76253.4409  EHBOND  =         0.0000  RESTRAINT  =        23.7852
 EAMBER (non-restraint)  =    -61184.0503
 EKCMT  =      4069.5319  VIRIAL  =      3839.5935  VOLUME     =    155752.2370
                                                    Density    =         1.0373
 ------------------------------------------------------------------------------

wrapping first mol.:       19.57443       27.68242       47.94736
wrapping first mol.:       19.57443       27.68242       47.94736

 NSTEP =     3000   TIME(PS) =    3406.000  TEMP(K) =   303.67  PRESS =    -5.8
 Etot   =    -51120.3484  EKtot   =      9873.9648  EPtot      =    -60994.3132
 BOND   =       408.7979  ANGLE   =      1058.3428  DIHED      =       703.4271
 1-4 NB =       462.6407  1-4 EEL =      5693.3119  VDWAALS    =      6669.5817
 EELEC  =    -76024.3874  EHBOND  =         0.0000  RESTRAINT  =        33.9721
 EAMBER (non-restraint)  =    -61028.2853
 EKCMT  =      4135.9384  VIRIAL  =      4155.3756  VOLUME     =    155886.7713
                                                    Density    =         1.0364
 ------------------------------------------------------------------------------

wrapping first mol.:       19.56549       27.66978       47.92546
wrapping first mol.:       19.56549       27.66978       47.92546

 NSTEP =     3500   TIME(PS) =    3407.000  TEMP(K) =   297.51  PRESS =   204.8
 Etot   =    -51380.0506  EKtot   =      9673.5645  EPtot      =    -61053.6151
 BOND   =       418.1730  ANGLE   =      1051.5735  DIHED      =       703.8947
 1-4 NB =       446.3416  1-4 EEL =      5684.4416  VDWAALS    =      6788.6970
 EELEC  =    -76174.6652  EHBOND  =         0.0000  RESTRAINT  =        27.9287
 EAMBER (non-restraint)  =    -61081.5438
 EKCMT  =      4023.8296  VIRIAL  =      3335.4512  VOLUME     =    155670.4095
                                                    Density    =         1.0379
 ------------------------------------------------------------------------------

wrapping first mol.:       19.56942       27.67534       47.93510
wrapping first mol.:       19.56942       27.67534       47.93510

 NSTEP =     4000   TIME(PS) =    3408.000  TEMP(K) =   297.11  PRESS =   149.3
 Etot   =    -51377.3397  EKtot   =      9660.5459  EPtot      =    -61037.8856
 BOND   =       397.7399  ANGLE   =      1102.4602  DIHED      =       702.7057
 1-4 NB =       456.3738  1-4 EEL =      5677.8850  VDWAALS    =      6879.8480
 EELEC  =    -76279.3480  EHBOND  =         0.0000  RESTRAINT  =        24.4496
 EAMBER (non-restraint)  =    -61062.3352
 EKCMT  =      4041.4705  VIRIAL  =      3539.4401  VOLUME     =    155765.0545
                                                    Density    =         1.0372
 ------------------------------------------------------------------------------

wrapping first mol.:       19.56335       27.66675       47.92022
wrapping first mol.:       19.56335       27.66675       47.92022

 NSTEP =     4500   TIME(PS) =    3409.000  TEMP(K) =   302.51  PRESS =  -108.9
 Etot   =    -51252.4370  EKtot   =      9836.3721  EPtot      =    -61088.8091
 BOND   =       406.1382  ANGLE   =      1031.9739  DIHED      =       717.0758
 1-4 NB =       461.7992  1-4 EEL =      5664.7466  VDWAALS    =      6917.0929
 EELEC  =    -76317.4307  EHBOND  =         0.0000  RESTRAINT  =        29.7950
 EAMBER (non-restraint)  =    -61118.6041
 EKCMT  =      4065.5112  VIRIAL  =      4431.4240  VOLUME     =    155623.6721
                                                    Density    =         1.0382
 ------------------------------------------------------------------------------

wrapping first mol.:       19.54648       27.64289       47.87889
wrapping first mol.:       19.54648       27.64289       47.87889

 NSTEP =     5000   TIME(PS) =    3410.000  TEMP(K) =   301.87  PRESS =    76.5
 Etot   =    -51154.6008  EKtot   =      9815.5488  EPtot      =    -60970.1497
 BOND   =       447.2228  ANGLE   =      1024.6295  DIHED      =       712.8760
 1-4 NB =       454.4922  1-4 EEL =      5653.3903  VDWAALS    =      6779.2547
 EELEC  =    -76065.7479  EHBOND  =         0.0000  RESTRAINT  =        23.7327
 EAMBER (non-restraint)  =    -60993.8823
 EKCMT  =      4050.2210  VIRIAL  =      3793.7371  VOLUME     =    155218.7694
                                                    Density    =         1.0409
 ------------------------------------------------------------------------------

wrapping first mol.:       19.55330       27.65254       47.89560
wrapping first mol.:       19.55330       27.65254       47.89560

 NSTEP =     5500   TIME(PS) =    3411.000  TEMP(K) =   301.31  PRESS =   316.4
 Etot   =    -51299.9082  EKtot   =      9797.1338  EPtot      =    -61097.0420
 BOND   =       416.4778  ANGLE   =      1032.4676  DIHED      =       710.2523
 1-4 NB =       460.7756  1-4 EEL =      5652.8872  VDWAALS    =      6630.8985
 EELEC  =    -76027.5497  EHBOND  =         0.0000  RESTRAINT  =        26.7487
 EAMBER (non-restraint)  =    -61123.7907
 EKCMT  =      4089.8078  VIRIAL  =      3028.4168  VOLUME     =    155378.0126
                                                    Density    =         1.0398
 ------------------------------------------------------------------------------

wrapping first mol.:       19.55453       27.65428       47.89862
wrapping first mol.:       19.55453       27.65428       47.89862

 NSTEP =     6000   TIME(PS) =    3412.000  TEMP(K) =   299.90  PRESS =  -183.4
 Etot   =    -51338.2778  EKtot   =      9751.3516  EPtot      =    -61089.6294
 BOND   =       418.1311  ANGLE   =      1098.9890  DIHED      =       693.0725
 1-4 NB =       467.2228  1-4 EEL =      5682.7907  VDWAALS    =      6704.2982
 EELEC  =    -76177.5411  EHBOND  =         0.0000  RESTRAINT  =        23.4074
 EAMBER (non-restraint)  =    -61113.0368
 EKCMT  =      4127.1749  VIRIAL  =      4742.6960  VOLUME     =    155414.3026
                                                    Density    =         1.0396
 ------------------------------------------------------------------------------

wrapping first mol.:       19.58357       27.69534       47.96974
wrapping first mol.:       19.58357       27.69534       47.96974

 NSTEP =     6500   TIME(PS) =    3413.000  TEMP(K) =   302.15  PRESS =  -146.9
 Etot   =    -51091.4365  EKtot   =      9824.6074  EPtot      =    -60916.0439
 BOND   =       379.7377  ANGLE   =      1042.4550  DIHED      =       699.5910
 1-4 NB =       459.3355  1-4 EEL =      5651.6279  VDWAALS    =      6553.7352
 EELEC  =    -75729.6529  EHBOND  =         0.0000  RESTRAINT  =        27.1268
 EAMBER (non-restraint)  =    -60943.1707
 EKCMT  =      4047.1956  VIRIAL  =      4542.2927  VOLUME     =    156107.1147
                                                    Density    =         1.0350
 ------------------------------------------------------------------------------

wrapping first mol.:       19.56833       27.67379       47.93241
wrapping first mol.:       19.56833       27.67379       47.93241

 NSTEP =     7000   TIME(PS) =    3414.000  TEMP(K) =   299.91  PRESS =   231.2
 Etot   =    -51144.5319  EKtot   =      9751.6094  EPtot      =    -60896.1413
 BOND   =       429.4107  ANGLE   =      1058.8503  DIHED      =       705.9466
 1-4 NB =       457.0454  1-4 EEL =      5666.0050  VDWAALS    =      6672.6447
 EELEC  =    -75922.1623  EHBOND  =         0.0000  RESTRAINT  =        36.1182
 EAMBER (non-restraint)  =    -60932.2596
 EKCMT  =      4095.1247  VIRIAL  =      3317.7838  VOLUME     =    155737.7139
                                                    Density    =         1.0374
 ------------------------------------------------------------------------------

wrapping first mol.:       19.56889       27.67458       47.93378
wrapping first mol.:       19.56889       27.67458       47.93378

 NSTEP =     7500   TIME(PS) =    3415.000  TEMP(K) =   302.77  PRESS =   183.2
 Etot   =    -51305.2273  EKtot   =      9844.8291  EPtot      =    -61150.0564
 BOND   =       387.3259  ANGLE   =      1104.8887  DIHED      =       707.8186
 1-4 NB =       454.7603  1-4 EEL =      5646.7227  VDWAALS    =      6853.7700
 EELEC  =    -76333.7159  EHBOND  =         0.0000  RESTRAINT  =        28.3734
 EAMBER (non-restraint)  =    -61178.4298
 EKCMT  =      4129.4646  VIRIAL  =      3513.5039  VOLUME     =    155751.7565
                                                    Density    =         1.0373
 ------------------------------------------------------------------------------

wrapping first mol.:       19.57451       27.68253       47.94755
wrapping first mol.:       19.57451       27.68253       47.94755

 NSTEP =     8000   TIME(PS) =    3416.000  TEMP(K) =   301.64  PRESS =    89.8
 Etot   =    -51334.1707  EKtot   =      9808.0527  EPtot      =    -61142.2234
 BOND   =       392.1295  ANGLE   =      1044.9956  DIHED      =       727.9696
 1-4 NB =       465.3587  1-4 EEL =      5626.1016  VDWAALS    =      6763.0725
 EELEC  =    -76190.9305  EHBOND  =         0.0000  RESTRAINT  =        29.0796
 EAMBER (non-restraint)  =    -61171.3031
 EKCMT  =      4048.7798  VIRIAL  =      3746.4188  VOLUME     =    155887.2711
                                                    Density    =         1.0364
 ------------------------------------------------------------------------------

wrapping first mol.:       19.55146       27.64993       47.89108
wrapping first mol.:       19.55146       27.64993       47.89108

 NSTEP =     8500   TIME(PS) =    3417.000  TEMP(K) =   296.44  PRESS =   -60.4
 Etot   =    -51539.0784  EKtot   =      9638.7568  EPtot      =    -61177.8352
 BOND   =       427.3781  ANGLE   =      1036.3600  DIHED      =       712.2372
 1-4 NB =       459.0559  1-4 EEL =      5640.3163  VDWAALS    =      6668.6598
 EELEC  =    -76151.4397  EHBOND  =         0.0000  RESTRAINT  =        29.5972
 EAMBER (non-restraint)  =    -61207.4324
 EKCMT  =      4062.3771  VIRIAL  =      4264.8124  VOLUME     =    155339.2959
                                                    Density    =         1.0401
 ------------------------------------------------------------------------------

wrapping first mol.:       19.54857       27.64585       47.88401
wrapping first mol.:       19.54857       27.64585       47.88401

 NSTEP =     9000   TIME(PS) =    3418.000  TEMP(K) =   300.12  PRESS =   197.2
 Etot   =    -51428.9578  EKtot   =      9758.5146  EPtot      =    -61187.4724
 BOND   =       375.8202  ANGLE   =      1103.1810  DIHED      =       700.8118
 1-4 NB =       458.5594  1-4 EEL =      5681.2875  VDWAALS    =      6830.7618
 EELEC  =    -76366.7138  EHBOND  =         0.0000  RESTRAINT  =        28.8197
 EAMBER (non-restraint)  =    -61216.2921
 EKCMT  =      4066.5695  VIRIAL  =      3405.3839  VOLUME     =    155266.9054
                                                    Density    =         1.0406
 ------------------------------------------------------------------------------

wrapping first mol.:       19.54379       27.63909       47.87231
wrapping first mol.:       19.54379       27.63909       47.87231

 NSTEP =     9500   TIME(PS) =    3419.000  TEMP(K) =   299.13  PRESS =     1.0
 Etot   =    -51379.3260  EKtot   =      9726.4717  EPtot      =    -61105.7977
 BOND   =       391.3318  ANGLE   =      1034.8296  DIHED      =       711.0507
 1-4 NB =       462.6550  1-4 EEL =      5663.2505  VDWAALS    =      6769.0078
 EELEC  =    -76166.9346  EHBOND  =         0.0000  RESTRAINT  =        29.0116
 EAMBER (non-restraint)  =    -61134.8093
 EKCMT  =      4066.8729  VIRIAL  =      4063.5908  VOLUME     =    155155.8598
                                                    Density    =         1.0413
 ------------------------------------------------------------------------------

wrapping first mol.:       19.55880       27.66031       47.90907
wrapping first mol.:       19.55880       27.66031       47.90907

 NSTEP =    10000   TIME(PS) =    3420.000  TEMP(K) =   295.98  PRESS =    40.5
 Etot   =    -51559.1163  EKtot   =      9623.7773  EPtot      =    -61182.8936
 BOND   =       409.8784  ANGLE   =      1102.1024  DIHED      =       729.0837
 1-4 NB =       463.9622  1-4 EEL =      5661.1744  VDWAALS    =      6811.8247
 EELEC  =    -76385.3967  EHBOND  =         0.0000  RESTRAINT  =        24.4771
 EAMBER (non-restraint)  =    -61207.3707
 EKCMT  =      4057.1528  VIRIAL  =      3921.1227  VOLUME     =    155512.9482
                                                    Density    =         1.0389
 ------------------------------------------------------------------------------

wrapping first mol.:       19.54765       27.64455       47.88177
wrapping first mol.:       19.54765       27.64455       47.88177

 NSTEP =    10500   TIME(PS) =    3421.000  TEMP(K) =   299.08  PRESS =   233.5
 Etot   =    -51311.0114  EKtot   =      9724.5898  EPtot      =    -61035.6013
 BOND   =       395.5858  ANGLE   =      1085.4588  DIHED      =       707.3637
 1-4 NB =       463.1752  1-4 EEL =      5680.7129  VDWAALS    =      6783.2236
 EELEC  =    -76181.2661  EHBOND  =         0.0000  RESTRAINT  =        30.1447
 EAMBER (non-restraint)  =    -61065.7460
 EKCMT  =      4070.6676  VIRIAL  =      3287.9470  VOLUME     =    155244.5921
                                                    Density    =         1.0407
 ------------------------------------------------------------------------------

wrapping first mol.:       19.56929       27.67515       47.93477
wrapping first mol.:       19.56929       27.67515       47.93477

 NSTEP =    11000   TIME(PS) =    3422.000  TEMP(K) =   297.58  PRESS =   112.3
 Etot   =    -51422.4552  EKtot   =      9676.0811  EPtot      =    -61098.5362
 BOND   =       416.1785  ANGLE   =      1022.5984  DIHED      =       716.3788
 1-4 NB =       461.7162  1-4 EEL =      5681.8696  VDWAALS    =      7000.7150
 EELEC  =    -76424.0615  EHBOND  =         0.0000  RESTRAINT  =        26.0688
 EAMBER (non-restraint)  =    -61124.6050
 EKCMT  =      4102.2384  VIRIAL  =      3724.5928  VOLUME     =    155762.3650
                                                    Density    =         1.0372
 ------------------------------------------------------------------------------

wrapping first mol.:       19.58486       27.69718       47.97292
wrapping first mol.:       19.58486       27.69718       47.97292

 NSTEP =    11500   TIME(PS) =    3423.000  TEMP(K) =   300.55  PRESS =   142.6
 Etot   =    -51434.6274  EKtot   =      9772.5869  EPtot      =    -61207.2143
 BOND   =       413.4154  ANGLE   =      1031.3699  DIHED      =       693.1947
 1-4 NB =       446.3173  1-4 EEL =      5642.0910  VDWAALS    =      6954.0913
 EELEC  =    -76415.8335  EHBOND  =         0.0000  RESTRAINT  =        28.1394
 EAMBER (non-restraint)  =    -61235.3538
 EKCMT  =      4072.8076  VIRIAL  =      3592.0659  VOLUME     =    156134.1199
                                                    Density    =         1.0348
 ------------------------------------------------------------------------------

wrapping first mol.:       19.59550       27.71222       47.99898
wrapping first mol.:       19.59550       27.71222       47.99898

 NSTEP =    12000   TIME(PS) =    3424.000  TEMP(K) =   297.64  PRESS =   131.9
 Etot   =    -51413.4795  EKtot   =      9677.9668  EPtot      =    -61091.4463
 BOND   =       388.5092  ANGLE   =      1070.1266  DIHED      =       701.6522
 1-4 NB =       462.8733  1-4 EEL =      5675.7259  VDWAALS    =      6834.6347
 EELEC  =    -76252.7387  EHBOND  =         0.0000  RESTRAINT  =        27.7706
 EAMBER (non-restraint)  =    -61119.2169
 EKCMT  =      4084.3351  VIRIAL  =      3638.8220  VOLUME     =    156388.8595
                                                    Density    =         1.0331
 ------------------------------------------------------------------------------

wrapping first mol.:       19.60739       27.72904       48.02811
wrapping first mol.:       19.60739       27.72904       48.02811

 NSTEP =    12500   TIME(PS) =    3425.000  TEMP(K) =   294.13  PRESS =   -27.4
 Etot   =    -51558.0389  EKtot   =      9563.9131  EPtot      =    -61121.9519
 BOND   =       387.3073  ANGLE   =      1057.6415  DIHED      =       691.8456
 1-4 NB =       453.7219  1-4 EEL =      5639.7906  VDWAALS    =      6752.3908
 EELEC  =    -76133.8769  EHBOND  =         0.0000  RESTRAINT  =        29.2271
 EAMBER (non-restraint)  =    -61151.1791
 EKCMT  =      4053.1056  VIRIAL  =      4145.8257  VOLUME     =    156675.9992
                                                    Density    =         1.0312
 ------------------------------------------------------------------------------

wrapping first mol.:       19.59153       27.70661       47.98925
wrapping first mol.:       19.59153       27.70661       47.98925

 NSTEP =    13000   TIME(PS) =    3426.000  TEMP(K) =   301.96  PRESS =   -55.6
 Etot   =    -51390.1184  EKtot   =      9818.3438  EPtot      =    -61208.4622
 BOND   =       392.7404  ANGLE   =      1060.2487  DIHED      =       718.5091
 1-4 NB =       450.9398  1-4 EEL =      5630.1597  VDWAALS    =      6898.8379
 EELEC  =    -76391.6771  EHBOND  =         0.0000  RESTRAINT  =        31.7794
 EAMBER (non-restraint)  =    -61240.2415
 EKCMT  =      4115.4400  VIRIAL  =      4303.1179  VOLUME     =    156296.3767
                                                    Density    =         1.0337
 ------------------------------------------------------------------------------

wrapping first mol.:       19.57949       27.68958       47.95975
wrapping first mol.:       19.57949       27.68958       47.95975

 NSTEP =    13500   TIME(PS) =    3427.000  TEMP(K) =   300.01  PRESS =   -40.1
 Etot   =    -51246.1009  EKtot   =      9754.9668  EPtot      =    -61001.0677
 BOND   =       423.7334  ANGLE   =      1073.7431  DIHED      =       695.7436
 1-4 NB =       462.1865  1-4 EEL =      5663.6935  VDWAALS    =      6975.8114
 EELEC  =    -76322.3318  EHBOND  =         0.0000  RESTRAINT  =        26.3525
 EAMBER (non-restraint)  =    -61027.4202
 EKCMT  =      4167.2497  VIRIAL  =      4302.1702  VOLUME     =    156008.1884
                                                    Density    =         1.0356
 ------------------------------------------------------------------------------

wrapping first mol.:       19.56375       27.66731       47.92119
wrapping first mol.:       19.56375       27.66731       47.92119

 NSTEP =    14000   TIME(PS) =    3428.000  TEMP(K) =   303.95  PRESS =   209.9
 Etot   =    -51084.8977  EKtot   =      9882.9189  EPtot      =    -60967.8167
 BOND   =       438.1684  ANGLE   =      1073.1828  DIHED      =       722.5621
 1-4 NB =       447.6006  1-4 EEL =      5666.8071  VDWAALS    =      6788.5794
 EELEC  =    -76137.2610  EHBOND  =         0.0000  RESTRAINT  =        32.5439
 EAMBER (non-restraint)  =    -61000.3606
 EKCMT  =      4154.1351  VIRIAL  =      3448.7851  VOLUME     =    155628.6619
                                                    Density    =         1.0381
 ------------------------------------------------------------------------------

wrapping first mol.:       19.56831       27.67376       47.93236
wrapping first mol.:       19.56831       27.67376       47.93236

 NSTEP =    14500   TIME(PS) =    3429.000  TEMP(K) =   297.23  PRESS =  -337.7
 Etot   =    -51383.7103  EKtot   =      9664.5996  EPtot      =    -61048.3099
 BOND   =       403.0778  ANGLE   =      1036.3860  DIHED      =       713.4294
 1-4 NB =       467.1624  1-4 EEL =      5627.3648  VDWAALS    =      6553.5478
 EELEC  =    -75878.3241  EHBOND  =         0.0000  RESTRAINT  =        29.0459
 EAMBER (non-restraint)  =    -61077.3559
 EKCMT  =      4012.5096  VIRIAL  =      5148.0550  VOLUME     =    155745.1336
                                                    Density    =         1.0374
 ------------------------------------------------------------------------------

wrapping first mol.:       19.56730       27.67234       47.92989
wrapping first mol.:       19.56730       27.67234       47.92989

 NSTEP =    15000   TIME(PS) =    3430.000  TEMP(K) =   303.66  PRESS =  -464.0
 Etot   =    -51102.7117  EKtot   =      9873.7734  EPtot      =    -60976.4851
 BOND   =       382.8442  ANGLE   =      1069.3755  DIHED      =       712.7902
 1-4 NB =       458.7988  1-4 EEL =      5651.3030  VDWAALS    =      6579.6412
 EELEC  =    -75860.8201  EHBOND  =         0.0000  RESTRAINT  =        29.5820
 EAMBER (non-restraint)  =    -61006.0671
 EKCMT  =      4140.1513  VIRIAL  =      5700.1030  VOLUME     =    155722.8308
                                                    Density    =         1.0375
 ------------------------------------------------------------------------------

wrapping first mol.:       19.58532       27.69783       47.97404
wrapping first mol.:       19.58532       27.69783       47.97404

 NSTEP =    15500   TIME(PS) =    3431.000  TEMP(K) =   299.07  PRESS =  -174.9
 Etot   =    -51297.8462  EKtot   =      9724.3750  EPtot      =    -61022.2212
 BOND   =       423.3499  ANGLE   =      1075.4951  DIHED      =       712.4794
 1-4 NB =       484.4502  1-4 EEL =      5675.4281  VDWAALS    =      6726.9482
 EELEC  =    -76148.7202  EHBOND  =         0.0000  RESTRAINT  =        28.3482
 EAMBER (non-restraint)  =    -61050.5694
 EKCMT  =      4034.4418  VIRIAL  =      4624.1171  VOLUME     =    156149.5525
                                                    Density    =         1.0347
 ------------------------------------------------------------------------------

wrapping first mol.:       19.56386       27.66747       47.92146
wrapping first mol.:       19.56386       27.66747       47.92146

 NSTEP =    16000   TIME(PS) =    3432.000  TEMP(K) =   300.25  PRESS =   168.8
 Etot   =    -51174.1224  EKtot   =      9762.7051  EPtot      =    -60936.8275
 BOND   =       419.7207  ANGLE   =      1090.0148  DIHED      =       712.7971
 1-4 NB =       473.0905  1-4 EEL =      5698.7296  VDWAALS    =      6768.4301
 EELEC  =    -76123.2335  EHBOND  =         0.0000  RESTRAINT  =        23.6234
 EAMBER (non-restraint)  =    -60960.4509
 EKCMT  =      4084.5587  VIRIAL  =      3517.2629  VOLUME     =    155631.8917
                                                    Density    =         1.0381
 ------------------------------------------------------------------------------

wrapping first mol.:       19.55475       27.65459       47.89915
wrapping first mol.:       19.55475       27.65459       47.89915

 NSTEP =    16500   TIME(PS) =    3433.000  TEMP(K) =   303.30  PRESS =    33.3
 Etot   =    -51182.7710  EKtot   =      9861.8350  EPtot      =    -61044.6059
 BOND   =       403.0333  ANGLE   =      1061.6318  DIHED      =       680.9767
 1-4 NB =       463.5794  1-4 EEL =      5640.9691  VDWAALS    =      6653.0821
 EELEC  =    -75975.6837  EHBOND  =         0.0000  RESTRAINT  =        27.8053
 EAMBER (non-restraint)  =    -61072.4112
 EKCMT  =      4176.5982  VIRIAL  =      4064.7421  VOLUME     =    155416.5054
                                                    Density    =         1.0396
 ------------------------------------------------------------------------------

wrapping first mol.:       19.55715       27.65799       47.90503
wrapping first mol.:       19.55715       27.65799       47.90503

 NSTEP =    17000   TIME(PS) =    3434.000  TEMP(K) =   297.96  PRESS =   -38.8
 Etot   =    -51300.2741  EKtot   =      9688.1484  EPtot      =    -60988.4225
 BOND   =       405.2212  ANGLE   =      1014.3815  DIHED      =       705.4982
 1-4 NB =       471.4750  1-4 EEL =      5677.8755  VDWAALS    =      6743.6092
 EELEC  =    -76033.6760  EHBOND  =         0.0000  RESTRAINT  =        27.1930
 EAMBER (non-restraint)  =    -61015.6155
 EKCMT  =      4040.1469  VIRIAL  =      4170.5093  VOLUME     =    155474.7753
                                                    Density    =         1.0392
 ------------------------------------------------------------------------------

wrapping first mol.:       19.56736       27.67242       47.93004
wrapping first mol.:       19.56736       27.67242       47.93004

 NSTEP =    17500   TIME(PS) =    3435.000  TEMP(K) =   296.86  PRESS =    36.8
 Etot   =    -51520.4955  EKtot   =      9652.5518  EPtot      =    -61173.0473
 BOND   =       415.9445  ANGLE   =      1060.6087  DIHED      =       680.9573
 1-4 NB =       472.1025  1-4 EEL =      5683.8720  VDWAALS    =      7087.3261
 EELEC  =    -76597.9279  EHBOND  =         0.0000  RESTRAINT  =        24.0695
 EAMBER (non-restraint)  =    -61197.1168
 EKCMT  =      4051.3612  VIRIAL  =      3927.5116  VOLUME     =    155717.2875
                                                    Density    =         1.0375
 ------------------------------------------------------------------------------

wrapping first mol.:       19.56949       27.67544       47.93527
wrapping first mol.:       19.56949       27.67544       47.93527

 NSTEP =    18000   TIME(PS) =    3436.000  TEMP(K) =   300.45  PRESS =  -295.6
 Etot   =    -51349.2004  EKtot   =      9769.2520  EPtot      =    -61118.4524
 BOND   =       413.6283  ANGLE   =      1013.2382  DIHED      =       679.2393
 1-4 NB =       459.7242  1-4 EEL =      5632.8280  VDWAALS    =      6627.9713
 EELEC  =    -75970.1624  EHBOND  =         0.0000  RESTRAINT  =        25.0807
 EAMBER (non-restraint)  =    -61143.5331
 EKCMT  =      4111.3471  VIRIAL  =      5105.4540  VOLUME     =    155772.9020
                                                    Density    =         1.0372
 ------------------------------------------------------------------------------

wrapping first mol.:       19.56349       27.66695       47.92055
wrapping first mol.:       19.56349       27.66695       47.92055

 NSTEP =    18500   TIME(PS) =    3437.000  TEMP(K) =   302.12  PRESS =    37.4
 Etot   =    -51206.3305  EKtot   =      9823.5293  EPtot      =    -61029.8598
 BOND   =       402.4421  ANGLE   =      1016.4465  DIHED      =       713.1553
 1-4 NB =       464.1181  1-4 EEL =      5702.1225  VDWAALS    =      6712.1114
 EELEC  =    -76065.5328  EHBOND  =         0.0000  RESTRAINT  =        25.2770
 EAMBER (non-restraint)  =    -61055.1369
 EKCMT  =      4127.9992  VIRIAL  =      4002.2125  VOLUME     =    155624.8757
                                                    Density    =         1.0382
 ------------------------------------------------------------------------------

wrapping first mol.:       19.55000       27.64787       47.88751
wrapping first mol.:       19.55000       27.64787       47.88751

 NSTEP =    19000   TIME(PS) =    3438.000  TEMP(K) =   301.95  PRESS =   145.0
 Etot   =    -51337.7294  EKtot   =      9818.1885  EPtot      =    -61155.9178
 BOND   =       419.9912  ANGLE   =      1074.3555  DIHED      =       694.5798
 1-4 NB =       465.5614  1-4 EEL =      5642.2803  VDWAALS    =      6799.6495
 EELEC  =    -76281.6857  EHBOND  =         0.0000  RESTRAINT  =        29.3502
 EAMBER (non-restraint)  =    -61185.2680
 EKCMT  =      4076.2974  VIRIAL  =      3589.9669  VOLUME     =    155301.6958
                                                    Density    =         1.0403
 ------------------------------------------------------------------------------

wrapping first mol.:       19.55233       27.65117       47.89323
wrapping first mol.:       19.55233       27.65117       47.89323

 NSTEP =    19500   TIME(PS) =    3439.000  TEMP(K) =   297.22  PRESS =   339.5
 Etot   =    -51501.0256  EKtot   =      9664.3184  EPtot      =    -61165.3439
 BOND   =       399.6634  ANGLE   =      1084.3602  DIHED      =       684.9249
 1-4 NB =       452.8857  1-4 EEL =      5709.1079  VDWAALS    =      6811.0758
 EELEC  =    -76343.4860  EHBOND  =         0.0000  RESTRAINT  =        36.1241
 EAMBER (non-restraint)  =    -61201.4680
 EKCMT  =      4049.9923  VIRIAL  =      2911.2549  VOLUME     =    155354.6065
                                                    Density    =         1.0400
 ------------------------------------------------------------------------------

wrapping first mol.:       19.53440       27.62581       47.84931
wrapping first mol.:       19.53440       27.62581       47.84931

 NSTEP =    20000   TIME(PS) =    3440.000  TEMP(K) =   304.04  PRESS =   -20.6
 Etot   =    -51229.9949  EKtot   =      9885.9678  EPtot      =    -61115.9627
 BOND   =       424.0820  ANGLE   =      1001.1309  DIHED      =       703.8200
 1-4 NB =       463.3360  1-4 EEL =      5650.6659  VDWAALS    =      6652.7501
 EELEC  =    -76043.0422  EHBOND  =         0.0000  RESTRAINT  =        31.2946
 EAMBER (non-restraint)  =    -61147.2573
 EKCMT  =      4107.6780  VIRIAL  =      4176.5297  VOLUME     =    154932.5922
                                                    Density    =         1.0428
 ------------------------------------------------------------------------------

wrapping first mol.:       19.54165       27.63607       47.86708
wrapping first mol.:       19.54165       27.63607       47.86708

 NSTEP =    20500   TIME(PS) =    3441.000  TEMP(K) =   299.67  PRESS =   180.3
 Etot   =    -51325.9130  EKtot   =      9744.0410  EPtot      =    -61069.9541
 BOND   =       392.0510  ANGLE   =      1054.7377  DIHED      =       666.4160
 1-4 NB =       463.7915  1-4 EEL =      5624.7263  VDWAALS    =      6778.1838
 EELEC  =    -76075.3628  EHBOND  =         0.0000  RESTRAINT  =        25.5025
 EAMBER (non-restraint)  =    -61095.4565
 EKCMT  =      4092.5556  VIRIAL  =      3488.6887  VOLUME     =    155102.4621
                                                    Density    =         1.0417
 ------------------------------------------------------------------------------

wrapping first mol.:       19.53840       27.63146       47.85909
wrapping first mol.:       19.53840       27.63146       47.85909

 NSTEP =    21000   TIME(PS) =    3442.000  TEMP(K) =   299.00  PRESS =    74.4
 Etot   =    -51361.5471  EKtot   =      9722.0254  EPtot      =    -61083.5725
 BOND   =       452.1979  ANGLE   =      1025.3009  DIHED      =       695.2897
 1-4 NB =       453.5742  1-4 EEL =      5620.3155  VDWAALS    =      6705.5759
 EELEC  =    -76061.9504  EHBOND  =         0.0000  RESTRAINT  =        26.1238
 EAMBER (non-restraint)  =    -61109.6962
 EKCMT  =      4111.5112  VIRIAL  =      3862.4083  VOLUME     =    155026.3561
                                                    Density    =         1.0422
 ------------------------------------------------------------------------------

wrapping first mol.:       19.52233       27.60874       47.81974
wrapping first mol.:       19.52233       27.60874       47.81974

 NSTEP =    21500   TIME(PS) =    3443.000  TEMP(K) =   299.64  PRESS =    99.5
 Etot   =    -51307.0320  EKtot   =      9742.9053  EPtot      =    -61049.9373
 BOND   =       410.6362  ANGLE   =      1031.1425  DIHED      =       696.1332
 1-4 NB =       470.0916  1-4 EEL =      5654.7940  VDWAALS    =      6634.9145
 EELEC  =    -75977.0735  EHBOND  =         0.0000  RESTRAINT  =        29.4242
 EAMBER (non-restraint)  =    -61079.3615
 EKCMT  =      4048.8912  VIRIAL  =      3716.6624  VOLUME     =    154643.8674
                                                    Density    =         1.0447
 ------------------------------------------------------------------------------

wrapping first mol.:       19.54021       27.63403       47.86355
wrapping first mol.:       19.54021       27.63403       47.86355

 NSTEP =    22000   TIME(PS) =    3444.000  TEMP(K) =   299.76  PRESS =   -34.8
 Etot   =    -51551.2287  EKtot   =      9746.7334  EPtot      =    -61297.9621
 BOND   =       404.2422  ANGLE   =      1004.7684  DIHED      =       677.3518
 1-4 NB =       457.3455  1-4 EEL =      5666.3035  VDWAALS    =      6694.3526
 EELEC  =    -76235.2928  EHBOND  =         0.0000  RESTRAINT  =        32.9668
 EAMBER (non-restraint)  =    -61330.9289
 EKCMT  =      4031.1982  VIRIAL  =      4147.8592  VOLUME     =    155071.1492
                                                    Density    =         1.0419
 ------------------------------------------------------------------------------

wrapping first mol.:       19.53640       27.62864       47.85420
wrapping first mol.:       19.53640       27.62864       47.85420

 NSTEP =    22500   TIME(PS) =    3445.000  TEMP(K) =   298.53  PRESS =   427.4
 Etot   =    -51398.9104  EKtot   =      9706.7842  EPtot      =    -61105.6946
 BOND   =       421.5832  ANGLE   =      1064.6140  DIHED      =       708.7204
 1-4 NB =       452.6754  1-4 EEL =      5672.0045  VDWAALS    =      7024.6952
 EELEC  =    -76477.5917  EHBOND  =         0.0000  RESTRAINT  =        27.6042
 EAMBER (non-restraint)  =    -61133.2988
 EKCMT  =      4147.3849  VIRIAL  =      2717.3046  VOLUME     =    154973.9562
                                                    Density    =         1.0425
 ------------------------------------------------------------------------------

wrapping first mol.:       19.55728       27.65817       47.90535
wrapping first mol.:       19.55728       27.65817       47.90535

 NSTEP =    23000   TIME(PS) =    3446.000  TEMP(K) =   299.90  PRESS =  -144.2
 Etot   =    -51273.4483  EKtot   =      9751.3721  EPtot      =    -61024.8204
 BOND   =       386.8079  ANGLE   =      1060.3384  DIHED      =       706.4295
 1-4 NB =       473.1412  1-4 EEL =      5671.2174  VDWAALS    =      6737.9930
 EELEC  =    -76089.2989  EHBOND  =         0.0000  RESTRAINT  =        28.5511
 EAMBER (non-restraint)  =    -61053.3715
 EKCMT  =      4065.6528  VIRIAL  =      4549.5953  VOLUME     =    155479.3640
                                                    Density    =         1.0391
 ------------------------------------------------------------------------------

wrapping first mol.:       19.55947       27.66127       47.91072
wrapping first mol.:       19.55947       27.66127       47.91072

 NSTEP =    23500   TIME(PS) =    3447.000  TEMP(K) =   303.62  PRESS =  -242.9
 Etot   =    -51137.7801  EKtot   =      9872.2275  EPtot      =    -61010.0076
 BOND   =       416.0719  ANGLE   =      1055.6968  DIHED      =       703.2816
 1-4 NB =       470.0640  1-4 EEL =      5670.0341  VDWAALS    =      6552.9477
 EELEC  =    -75908.4138  EHBOND  =         0.0000  RESTRAINT  =        30.3100
 EAMBER (non-restraint)  =    -61040.3176
 EKCMT  =      4212.2852  VIRIAL  =      5027.8643  VOLUME     =    155532.9940
                                                    Density    =         1.0388
 ------------------------------------------------------------------------------

wrapping first mol.:       19.56081       27.66316       47.91400
wrapping first mol.:       19.56081       27.66316       47.91400

 NSTEP =    24000   TIME(PS) =    3448.000  TEMP(K) =   298.63  PRESS =    63.9
 Etot   =    -51257.4101  EKtot   =      9710.1230  EPtot      =    -60967.5332
 BOND   =       374.0279  ANGLE   =      1016.3535  DIHED      =       674.9217
 1-4 NB =       476.3592  1-4 EEL =      5688.0983  VDWAALS    =      6729.8182
 EELEC  =    -75953.4732  EHBOND  =         0.0000  RESTRAINT  =        26.3612
 EAMBER (non-restraint)  =    -60993.8944
 EKCMT  =      4055.6779  VIRIAL  =      3841.1762  VOLUME     =    155560.6868
                                                    Density    =         1.0386
 ------------------------------------------------------------------------------

wrapping first mol.:       19.56939       27.67530       47.93503
wrapping first mol.:       19.56939       27.67530       47.93503

 NSTEP =    24500   TIME(PS) =    3449.000  TEMP(K) =   302.39  PRESS =  -136.4
 Etot   =    -50955.2745  EKtot   =      9832.2080  EPtot      =    -60787.4825
 BOND   =       415.0222  ANGLE   =      1034.1787  DIHED      =       697.8706
 1-4 NB =       466.6385  1-4 EEL =      5682.0985  VDWAALS    =      6606.2403
 EELEC  =    -75715.4818  EHBOND  =         0.0000  RESTRAINT  =        25.9505
 EAMBER (non-restraint)  =    -60813.4330
 EKCMT  =      4106.5668  VIRIAL  =      4565.3508  VOLUME     =    155768.3425
                                                    Density    =         1.0372
 ------------------------------------------------------------------------------

wrapping first mol.:       19.57043       27.67677       47.93757
wrapping first mol.:       19.57043       27.67677       47.93757

 NSTEP =    25000   TIME(PS) =    3450.000  TEMP(K) =   297.69  PRESS =    81.2
 Etot   =    -51435.4432  EKtot   =      9679.5654  EPtot      =    -61115.0086
 BOND   =       405.9658  ANGLE   =      1043.4941  DIHED      =       723.8417
 1-4 NB =       465.4840  1-4 EEL =      5611.9334  VDWAALS    =      6854.1016
 EELEC  =    -76246.8774  EHBOND  =         0.0000  RESTRAINT  =        27.0483
 EAMBER (non-restraint)  =    -61142.0569
 EKCMT  =      4038.6808  VIRIAL  =      3765.5865  VOLUME     =    155790.1374
                                                    Density    =         1.0371
 ------------------------------------------------------------------------------

wrapping first mol.:       19.59108       27.70598       47.98815
wrapping first mol.:       19.59108       27.70598       47.98815

 NSTEP =    25500   TIME(PS) =    3451.000  TEMP(K) =   303.76  PRESS =    30.3
 Etot   =    -51289.7018  EKtot   =      9876.7246  EPtot      =    -61166.4264
 BOND   =       394.5485  ANGLE   =      1071.2617  DIHED      =       694.4875
 1-4 NB =       458.4430  1-4 EEL =      5656.3317  VDWAALS    =      6834.7366
 EELEC  =    -76301.9738  EHBOND  =         0.0000  RESTRAINT  =        25.7385
 EAMBER (non-restraint)  =    -61192.1649
 EKCMT  =      4097.9180  VIRIAL  =      3995.7762  VOLUME     =    156284.5214
                                                    Density    =         1.0338
 ------------------------------------------------------------------------------

wrapping first mol.:       19.57903       27.68893       47.95862
wrapping first mol.:       19.57903       27.68893       47.95862

 NSTEP =    26000   TIME(PS) =    3452.000  TEMP(K) =   301.07  PRESS =  -280.0
 Etot   =    -51187.9581  EKtot   =      9789.2910  EPtot      =    -60977.2491
 BOND   =       403.4379  ANGLE   =      1056.2705  DIHED      =       724.9226
 1-4 NB =       468.1140  1-4 EEL =      5633.5987  VDWAALS    =      6664.6405
 EELEC  =    -75959.7271  EHBOND  =         0.0000  RESTRAINT  =        31.4939
 EAMBER (non-restraint)  =    -61008.7430
 EKCMT  =      4061.1358  VIRIAL  =      5004.3247  VOLUME     =    156000.4825
                                                    Density    =         1.0357
 ------------------------------------------------------------------------------

wrapping first mol.:       19.58168       27.69268       47.96513
wrapping first mol.:       19.58168       27.69268       47.96513

 NSTEP =    26500   TIME(PS) =    3453.000  TEMP(K) =   300.49  PRESS =   291.4
 Etot   =    -51490.0517  EKtot   =      9770.5811  EPtot      =    -61260.6327
 BOND   =       385.8301  ANGLE   =      1013.9253  DIHED      =       695.2094
 1-4 NB =       458.5900  1-4 EEL =      5679.9585  VDWAALS    =      6897.9417
 EELEC  =    -76419.2213  EHBOND  =         0.0000  RESTRAINT  =        27.1335
 EAMBER (non-restraint)  =    -61287.7663
 EKCMT  =      4110.1947  VIRIAL  =      3128.1949  VOLUME     =    156056.0501
                                                    Density    =         1.0353
 ------------------------------------------------------------------------------

wrapping first mol.:       19.58518       27.69763       47.97370
wrapping first mol.:       19.58518       27.69763       47.97370

 NSTEP =    27000   TIME(PS) =    3454.000  TEMP(K) =   297.39  PRESS =   205.7
 Etot   =    -51358.3856  EKtot   =      9669.6738  EPtot      =    -61028.0594
 BOND   =       428.6840  ANGLE   =      1128.8844  DIHED      =       720.1723
 1-4 NB =       467.3929  1-4 EEL =      5607.7264  VDWAALS    =      6863.8326
 EELEC  =    -76271.3336  EHBOND  =         0.0000  RESTRAINT  =        26.5815
 EAMBER (non-restraint)  =    -61054.6409
 EKCMT  =      4048.7165  VIRIAL  =      3355.2418  VOLUME     =    156140.9202
                                                    Density    =         1.0347
 ------------------------------------------------------------------------------

wrapping first mol.:       19.57290       27.68026       47.94361
wrapping first mol.:       19.57290       27.68026       47.94361

 NSTEP =    27500   TIME(PS) =    3455.000  TEMP(K) =   301.69  PRESS =  -275.6
 Etot   =    -51111.4387  EKtot   =      9809.4492  EPtot      =    -60920.8879
 BOND   =       436.7858  ANGLE   =      1026.3636  DIHED      =       699.4989
 1-4 NB =       453.6461  1-4 EEL =      5606.0101  VDWAALS    =      6726.2978
 EELEC  =    -75894.2519  EHBOND  =         0.0000  RESTRAINT  =        24.7617
 EAMBER (non-restraint)  =    -60945.6496
 EKCMT  =      4098.1505  VIRIAL  =      5025.6640  VOLUME     =    155853.9926
                                                    Density    =         1.0366
 ------------------------------------------------------------------------------

wrapping first mol.:       19.57176       27.67865       47.94083
wrapping first mol.:       19.57176       27.67865       47.94083

 NSTEP =    28000   TIME(PS) =    3456.000  TEMP(K) =   296.31  PRESS =  -120.9
 Etot   =    -51375.6262  EKtot   =      9634.7334  EPtot      =    -61010.3596
 BOND   =       380.2901  ANGLE   =      1044.0302  DIHED      =       712.3877
 1-4 NB =       475.7875  1-4 EEL =      5677.0468  VDWAALS    =      6494.7061
 EELEC  =    -75824.3236  EHBOND  =         0.0000  RESTRAINT  =        29.7157
 EAMBER (non-restraint)  =    -61040.0753
 EKCMT  =      4065.6945  VIRIAL  =      4472.4651  VOLUME     =    155824.7254
                                                    Density    =         1.0368
 ------------------------------------------------------------------------------

wrapping first mol.:       19.57604       27.68470       47.95130
wrapping first mol.:       19.57604       27.68470       47.95130

 NSTEP =    28500   TIME(PS) =    3457.000  TEMP(K) =   297.84  PRESS =  -178.6
 Etot   =    -51358.4814  EKtot   =      9684.4385  EPtot      =    -61042.9198
 BOND   =       409.2728  ANGLE   =      1084.9837  DIHED      =       699.1897
 1-4 NB =       456.8342  1-4 EEL =      5657.4276  VDWAALS    =      6796.3580
 EELEC  =    -76180.1095  EHBOND  =         0.0000  RESTRAINT  =        33.1238
 EAMBER (non-restraint)  =    -61076.0436
 EKCMT  =      4007.1388  VIRIAL  =      4608.3524  VOLUME     =    155927.6600
                                                    Density    =         1.0361
 ------------------------------------------------------------------------------

wrapping first mol.:       19.57949       27.68957       47.95975
wrapping first mol.:       19.57949       27.68957       47.95975

 NSTEP =    29000   TIME(PS) =    3458.000  TEMP(K) =   302.21  PRESS =   154.5
 Etot   =    -51137.0113  EKtot   =      9826.3799  EPtot      =    -60963.3911
 BOND   =       399.8045  ANGLE   =      1050.0941  DIHED      =       715.1650
 1-4 NB =       460.6805  1-4 EEL =      5656.5806  VDWAALS    =      6862.1888
 EELEC  =    -76135.5778  EHBOND  =         0.0000  RESTRAINT  =        27.6731
 EAMBER (non-restraint)  =    -60991.0643
 EKCMT  =      4102.7807  VIRIAL  =      3582.3415  VOLUME     =    156005.4021
                                                    Density    =         1.0356
 ------------------------------------------------------------------------------

wrapping first mol.:       19.57931       27.68933       47.95932
wrapping first mol.:       19.57931       27.68933       47.95932

 NSTEP =    29500   TIME(PS) =    3459.000  TEMP(K) =   300.56  PRESS =  -294.4
 Etot   =    -51340.8824  EKtot   =      9772.8594  EPtot      =    -61113.7418
 BOND   =       400.6426  ANGLE   =      1050.5182  DIHED      =       690.0428
 1-4 NB =       448.4939  1-4 EEL =      5645.0308  VDWAALS    =      6688.3818
 EELEC  =    -76062.1764  EHBOND  =         0.0000  RESTRAINT  =        25.3245
 EAMBER (non-restraint)  =    -61139.0663
 EKCMT  =      4135.0695  VIRIAL  =      5126.7828  VOLUME     =    156007.5328
                                                    Density    =         1.0356
 ------------------------------------------------------------------------------

wrapping first mol.:       19.56476       27.66874       47.92366
wrapping first mol.:       19.56476       27.66874       47.92366

 NSTEP =    30000   TIME(PS) =    3460.000  TEMP(K) =   295.46  PRESS =    31.7
 Etot   =    -51485.8220  EKtot   =      9606.9961  EPtot      =    -61092.8181
 BOND   =       407.5475  ANGLE   =      1056.2019  DIHED      =       680.9103
 1-4 NB =       455.2189  1-4 EEL =      5664.0004  VDWAALS    =      6770.5844
 EELEC  =    -76152.4030  EHBOND  =         0.0000  RESTRAINT  =        25.1215
 EAMBER (non-restraint)  =    -61117.9396
 EKCMT  =      4051.0903  VIRIAL  =      3944.6144  VOLUME     =    155655.2498
                                                    Density    =         1.0380
 ------------------------------------------------------------------------------

wrapping first mol.:       19.55960       27.66144       47.91102
wrapping first mol.:       19.55960       27.66144       47.91102

 NSTEP =    30500   TIME(PS) =    3461.000  TEMP(K) =   302.25  PRESS =  -548.9
 Etot   =    -51328.0957  EKtot   =      9827.8506  EPtot      =    -61155.9463
 BOND   =       407.8021  ANGLE   =      1013.0784  DIHED      =       708.2005
 1-4 NB =       478.2918  1-4 EEL =      5635.5085  VDWAALS    =      6638.6004
 EELEC  =    -76065.0768  EHBOND  =         0.0000  RESTRAINT  =        27.6489
 EAMBER (non-restraint)  =    -61183.5952
 EKCMT  =      4113.3629  VIRIAL  =      5956.7955  VOLUME     =    155540.1760
                                                    Density    =         1.0387
 ------------------------------------------------------------------------------

wrapping first mol.:       19.56198       27.66482       47.91687
wrapping first mol.:       19.56198       27.66482       47.91687

 NSTEP =    31000   TIME(PS) =    3462.000  TEMP(K) =   302.85  PRESS =   348.1
 Etot   =    -51268.9335  EKtot   =      9847.3994  EPtot      =    -61116.3329
 BOND   =       386.7280  ANGLE   =      1031.3264  DIHED      =       732.1676
 1-4 NB =       459.8780  1-4 EEL =      5660.2454  VDWAALS    =      6969.8775
 EELEC  =    -76381.7748  EHBOND  =         0.0000  RESTRAINT  =        25.2190
 EAMBER (non-restraint)  =    -61141.5519
 EKCMT  =      4110.7453  VIRIAL  =      2941.3794  VOLUME     =    155584.7157
                                                    Density    =         1.0384
 ------------------------------------------------------------------------------

wrapping first mol.:       19.56711       27.67208       47.92944
wrapping first mol.:       19.56711       27.67208       47.92944

 NSTEP =    31500   TIME(PS) =    3463.000  TEMP(K) =   301.68  PRESS =    53.0
 Etot   =    -51231.2145  EKtot   =      9809.2695  EPtot      =    -61040.4841
 BOND   =       392.0194  ANGLE   =      1010.3285  DIHED      =       692.1469
 1-4 NB =       463.4210  1-4 EEL =      5668.1032  VDWAALS    =      6840.3104
 EELEC  =    -76136.2912  EHBOND  =         0.0000  RESTRAINT  =        29.4775
 EAMBER (non-restraint)  =    -61069.9616
 EKCMT  =      4032.4879  VIRIAL  =      3854.2038  VOLUME     =    155711.2757
                                                    Density    =         1.0376
 ------------------------------------------------------------------------------

wrapping first mol.:       19.56897       27.67471       47.93399
wrapping first mol.:       19.56897       27.67471       47.93399

 NSTEP =    32000   TIME(PS) =    3464.000  TEMP(K) =   302.17  PRESS =    75.7
 Etot   =    -51450.0771  EKtot   =      9825.1006  EPtot      =    -61275.1777
 BOND   =       387.4773  ANGLE   =      1051.1356  DIHED      =       671.3866
 1-4 NB =       463.8498  1-4 EEL =      5643.3013  VDWAALS    =      6848.8395
 EELEC  =    -76368.7454  EHBOND  =         0.0000  RESTRAINT  =        27.5775
 EAMBER (non-restraint)  =    -61302.7552
 EKCMT  =      4027.8267  VIRIAL  =      3773.1179  VOLUME     =    155755.3288
                                                    Density    =         1.0373
 ------------------------------------------------------------------------------

wrapping first mol.:       19.59170       27.70684       47.98965
wrapping first mol.:       19.59170       27.70684       47.98965

 NSTEP =    32500   TIME(PS) =    3465.000  TEMP(K) =   297.98  PRESS =   -61.8
 Etot   =    -51406.3267  EKtot   =      9689.0166  EPtot      =    -61095.3433
 BOND   =       398.4959  ANGLE   =      1070.4356  DIHED      =       704.3941
 1-4 NB =       471.8583  1-4 EEL =      5685.3271  VDWAALS    =      6893.4650
 EELEC  =    -76342.8336  EHBOND  =         0.0000  RESTRAINT  =        23.5142
 EAMBER (non-restraint)  =    -61118.8575
 EKCMT  =      4138.9868  VIRIAL  =      4347.5561  VOLUME     =    156300.4514
                                                    Density    =         1.0337
 ------------------------------------------------------------------------------

wrapping first mol.:       19.55559       27.65577       47.90120
wrapping first mol.:       19.55559       27.65577       47.90120

 NSTEP =    33000   TIME(PS) =    3466.000  TEMP(K) =   300.11  PRESS =   -40.2
 Etot   =    -51523.2552  EKtot   =      9758.3594  EPtot      =    -61281.6145
 BOND   =       419.0643  ANGLE   =      1046.0240  DIHED      =       690.2629
 1-4 NB =       460.6078  1-4 EEL =      5664.0140  VDWAALS    =      6814.8344
 EELEC  =    -76405.7017  EHBOND  =         0.0000  RESTRAINT  =        29.2799
 EAMBER (non-restraint)  =    -61310.8944
 EKCMT  =      4088.8497  VIRIAL  =      4223.6869  VOLUME     =    155437.4784
                                                    Density    =         1.0394
 ------------------------------------------------------------------------------

wrapping first mol.:       19.56712       27.67208       47.92945
wrapping first mol.:       19.56712       27.67208       47.92945

 NSTEP =    33500   TIME(PS) =    3467.000  TEMP(K) =   300.97  PRESS =   138.8
 Etot   =    -51307.4043  EKtot   =      9786.2900  EPtot      =    -61093.6943
 BOND   =       409.3520  ANGLE   =      1030.5731  DIHED      =       702.7047
 1-4 NB =       458.4661  1-4 EEL =      5651.9165  VDWAALS    =      6753.2086
 EELEC  =    -76125.6007  EHBOND  =         0.0000  RESTRAINT  =        25.6853
 EAMBER (non-restraint)  =    -61119.3797
 EKCMT  =      4049.7610  VIRIAL  =      3582.9801  VOLUME     =    155710.1296
                                                    Density    =         1.0376
 ------------------------------------------------------------------------------

wrapping first mol.:       19.56637       27.67102       47.92761
wrapping first mol.:       19.56637       27.67102       47.92761

 NSTEP =    34000   TIME(PS) =    3468.000  TEMP(K) =   298.59  PRESS =   -48.5
 Etot   =    -51282.1988  EKtot   =      9708.9268  EPtot      =    -60991.1255
 BOND   =       393.1769  ANGLE   =      1058.2292  DIHED      =       689.2029
 1-4 NB =       461.2275  1-4 EEL =      5652.0063  VDWAALS    =      6726.7511
 EELEC  =    -76000.5378  EHBOND  =         0.0000  RESTRAINT  =        28.8184
 EAMBER (non-restraint)  =    -61019.9439
 EKCMT  =      4081.5060  VIRIAL  =      4244.6764  VOLUME     =    155694.7978
                                                    Density    =         1.0377
 ------------------------------------------------------------------------------

wrapping first mol.:       19.54758       27.64445       47.88159
wrapping first mol.:       19.54758       27.64445       47.88159

 NSTEP =    34500   TIME(PS) =    3469.000  TEMP(K) =   304.40  PRESS =    -7.6
 Etot   =    -51218.3285  EKtot   =      9897.8066  EPtot      =    -61116.1352
 BOND   =       405.7507  ANGLE   =      1048.7800  DIHED      =       718.8592
 1-4 NB =       464.7342  1-4 EEL =      5690.0376  VDWAALS    =      6750.4934
 EELEC  =    -76222.3240  EHBOND  =         0.0000  RESTRAINT  =        27.5338
 EAMBER (non-restraint)  =    -61143.6690
 EKCMT  =      4163.9056  VIRIAL  =      4189.3706  VOLUME     =    155246.2025
                                                    Density    =         1.0407
 ------------------------------------------------------------------------------

wrapping first mol.:       19.55399       27.65352       47.89729
wrapping first mol.:       19.55399       27.65352       47.89729

 NSTEP =    35000   TIME(PS) =    3470.000  TEMP(K) =   296.13  PRESS =   187.3
 Etot   =    -51336.9890  EKtot   =      9628.7441  EPtot      =    -60965.7331
 BOND   =       419.8932  ANGLE   =      1018.2183  DIHED      =       717.4145
 1-4 NB =       457.1073  1-4 EEL =      5620.0773  VDWAALS    =      6790.2571
 EELEC  =    -76017.0099  EHBOND  =         0.0000  RESTRAINT  =        28.3091
 EAMBER (non-restraint)  =    -60994.0423
 EKCMT  =      4051.3115  VIRIAL  =      3423.0236  VOLUME     =    155396.3106
                                                    Density    =         1.0397
 ------------------------------------------------------------------------------

wrapping first mol.:       19.55789       27.65903       47.90685
wrapping first mol.:       19.55789       27.65903       47.90685

 NSTEP =    35500   TIME(PS) =    3471.000  TEMP(K) =   303.70  PRESS =  -220.3
 Etot   =    -51308.1952  EKtot   =      9874.8613  EPtot      =    -61183.0566
 BOND   =       388.8639  ANGLE   =      1041.6538  DIHED      =       697.1857
 1-4 NB =       451.0460  1-4 EEL =      5687.3442  VDWAALS    =      6741.8321
 EELEC  =    -76216.6503  EHBOND  =         0.0000  RESTRAINT  =        25.6681
 EAMBER (non-restraint)  =    -61208.7247
 EKCMT  =      4092.6520  VIRIAL  =      4832.2502  VOLUME     =    155494.9437
                                                    Density    =         1.0390
 ------------------------------------------------------------------------------

wrapping first mol.:       19.55395       27.65347       47.89721
wrapping first mol.:       19.55395       27.65347       47.89721

 NSTEP =    36000   TIME(PS) =    3472.000  TEMP(K) =   300.36  PRESS =   157.1
 Etot   =    -51187.8249  EKtot   =      9766.2188  EPtot      =    -60954.0437
 BOND   =       405.7076  ANGLE   =      1055.1709  DIHED      =       721.2734
 1-4 NB =       451.9338  1-4 EEL =      5609.8126  VDWAALS    =      6783.0905
 EELEC  =    -76006.7688  EHBOND  =         0.0000  RESTRAINT  =        25.7363
 EAMBER (non-restraint)  =    -60979.7800
 EKCMT  =      4045.2031  VIRIAL  =      3518.1577  VOLUME     =    155395.8666
                                                    Density    =         1.0397
 ------------------------------------------------------------------------------

wrapping first mol.:       19.56034       27.66250       47.91285
wrapping first mol.:       19.56034       27.66250       47.91285

 NSTEP =    36500   TIME(PS) =    3473.000  TEMP(K) =   301.60  PRESS =   -76.5
 Etot   =    -51077.3244  EKtot   =      9806.7490  EPtot      =    -60884.0735
 BOND   =       429.9132  ANGLE   =      1044.8146  DIHED      =       699.3029
 1-4 NB =       459.5806  1-4 EEL =      5644.9422  VDWAALS    =      6758.2779
 EELEC  =    -75948.4514  EHBOND  =         0.0000  RESTRAINT  =        27.5466
 EAMBER (non-restraint)  =    -60911.6200
 EKCMT  =      4052.7471  VIRIAL  =      4309.8142  VOLUME     =    155551.3832
                                                    Density    =         1.0387
 ------------------------------------------------------------------------------

wrapping first mol.:       19.55728       27.65818       47.90536
wrapping first mol.:       19.55728       27.65818       47.90536

 NSTEP =    37000   TIME(PS) =    3474.000  TEMP(K) =   298.44  PRESS =   -58.3
 Etot   =    -51236.3876  EKtot   =      9704.0029  EPtot      =    -60940.3906
 BOND   =       396.4882  ANGLE   =      1014.3998  DIHED      =       695.9112
 1-4 NB =       461.7114  1-4 EEL =      5627.9867  VDWAALS    =      6716.0002
 EELEC  =    -75878.6909  EHBOND  =         0.0000  RESTRAINT  =        25.8028
 EAMBER (non-restraint)  =    -60966.1934
 EKCMT  =      4104.1169  VIRIAL  =      4299.7887  VOLUME     =    155478.2622
                                                    Density    =         1.0391
 ------------------------------------------------------------------------------

wrapping first mol.:       19.55878       27.66029       47.90902
wrapping first mol.:       19.55878       27.66029       47.90902

 NSTEP =    37500   TIME(PS) =    3475.000  TEMP(K) =   300.62  PRESS =   -23.9
 Etot   =    -50995.3653  EKtot   =      9774.7100  EPtot      =    -60770.0753
 BOND   =       433.7969  ANGLE   =      1057.5935  DIHED      =       699.3568
 1-4 NB =       462.5647  1-4 EEL =      5666.6479  VDWAALS    =      6548.5031
 EELEC  =    -75667.1132  EHBOND  =         0.0000  RESTRAINT  =        28.5750
 EAMBER (non-restraint)  =    -60798.6502
 EKCMT  =      4128.9441  VIRIAL  =      4209.1926  VOLUME     =    155513.3839
                                                    Density    =         1.0389
 ------------------------------------------------------------------------------

wrapping first mol.:       19.54085       27.63493       47.86510
wrapping first mol.:       19.54085       27.63493       47.86510

 NSTEP =    38000   TIME(PS) =    3476.000  TEMP(K) =   302.09  PRESS =    61.7
 Etot   =    -51057.6894  EKtot   =      9822.7305  EPtot      =    -60880.4199
 BOND   =       424.5486  ANGLE   =      1041.2917  DIHED      =       697.9612
 1-4 NB =       460.7682  1-4 EEL =      5622.9509  VDWAALS    =      6723.8972
 EELEC  =    -75880.2919  EHBOND  =         0.0000  RESTRAINT  =        28.4542
 EAMBER (non-restraint)  =    -60908.8741
 EKCMT  =      4086.2707  VIRIAL  =      3879.7465  VOLUME     =    155084.9041
                                                    Density    =         1.0418
 ------------------------------------------------------------------------------

wrapping first mol.:       19.54795       27.64498       47.88251
wrapping first mol.:       19.54795       27.64498       47.88251

 NSTEP =    38500   TIME(PS) =    3477.000  TEMP(K) =   302.37  PRESS =  -144.8
 Etot   =    -51169.8488  EKtot   =      9831.7246  EPtot      =    -61001.5734
 BOND   =       396.3560  ANGLE   =      1082.1881  DIHED      =       703.0059
 1-4 NB =       464.7356  1-4 EEL =      5648.4473  VDWAALS    =      6764.5050
 EELEC  =    -76092.3311  EHBOND  =         0.0000  RESTRAINT  =        31.5199
 EAMBER (non-restraint)  =    -61033.0933
 EKCMT  =      4105.7951  VIRIAL  =      4591.2221  VOLUME     =    155257.0418
                                                    Density    =         1.0406
 ------------------------------------------------------------------------------

wrapping first mol.:       19.53331       27.62427       47.84664
wrapping first mol.:       19.53331       27.62427       47.84664

 NSTEP =    39000   TIME(PS) =    3478.000  TEMP(K) =   298.90  PRESS =   362.0
 Etot   =    -51403.3348  EKtot   =      9718.8389  EPtot      =    -61122.1737
 BOND   =       404.7712  ANGLE   =      1058.2602  DIHED      =       701.1865
 1-4 NB =       450.3475  1-4 EEL =      5630.0390  VDWAALS    =      6692.0153
 EELEC  =    -76085.5866  EHBOND  =         0.0000  RESTRAINT  =        26.7932
 EAMBER (non-restraint)  =    -61148.9668
 EKCMT  =      4101.3622  VIRIAL  =      2890.6188  VOLUME     =    154901.3463
                                                    Density    =         1.0430
 ------------------------------------------------------------------------------

wrapping first mol.:       19.53367       27.62478       47.84752
wrapping first mol.:       19.53367       27.62478       47.84752

 NSTEP =    39500   TIME(PS) =    3479.000  TEMP(K) =   299.01  PRESS =    16.9
 Etot   =    -51206.5514  EKtot   =      9722.2832  EPtot      =    -60928.8346
 BOND   =       431.4344  ANGLE   =      1055.3376  DIHED      =       716.2184
 1-4 NB =       466.7829  1-4 EEL =      5601.7233  VDWAALS    =      6544.0453
 EELEC  =    -75773.1821  EHBOND  =         0.0000  RESTRAINT  =        28.8056
 EAMBER (non-restraint)  =    -60957.6402
 EKCMT  =      4159.5113  VIRIAL  =      4103.1427  VOLUME     =    154914.7188
                                                    Density    =         1.0429
 ------------------------------------------------------------------------------

wrapping first mol.:       19.54037       27.63425       47.86392
wrapping first mol.:       19.54037       27.63425       47.86392

 NSTEP =    40000   TIME(PS) =    3480.000  TEMP(K) =   295.48  PRESS =     8.8
 Etot   =    -51469.0191  EKtot   =      9607.7422  EPtot      =    -61076.7613
 BOND   =       356.1722  ANGLE   =      1081.1062  DIHED      =       713.5339
 1-4 NB =       468.5879  1-4 EEL =      5664.3718  VDWAALS    =      6717.3923
 EELEC  =    -76104.4966  EHBOND  =         0.0000  RESTRAINT  =        26.5710
 EAMBER (non-restraint)  =    -61103.3323
 EKCMT  =      4052.9874  VIRIAL  =      4023.5613  VOLUME     =    155074.1518
                                                    Density    =         1.0418
 ------------------------------------------------------------------------------

wrapping first mol.:       19.54905       27.64653       47.88518
wrapping first mol.:       19.54905       27.64653       47.88518

 NSTEP =    40500   TIME(PS) =    3481.000  TEMP(K) =   299.04  PRESS =     3.4
 Etot   =    -51332.4526  EKtot   =      9723.5400  EPtot      =    -61055.9926
 BOND   =       407.9967  ANGLE   =      1088.0128  DIHED      =       723.9490
 1-4 NB =       459.6296  1-4 EEL =      5653.4552  VDWAALS    =      6850.5697
 EELEC  =    -76264.9385  EHBOND  =         0.0000  RESTRAINT  =        25.3329
 EAMBER (non-restraint)  =    -61081.3255
 EKCMT  =      4054.3871  VIRIAL  =      4043.1547  VOLUME     =    155281.0069
                                                    Density    =         1.0405
 ------------------------------------------------------------------------------

wrapping first mol.:       19.57364       27.68130       47.94542
wrapping first mol.:       19.57364       27.68130       47.94542

 NSTEP =    41000   TIME(PS) =    3482.000  TEMP(K) =   298.63  PRESS =   352.6
 Etot   =    -51551.0680  EKtot   =      9709.9648  EPtot      =    -61261.0328
 BOND   =       417.1084  ANGLE   =      1041.8920  DIHED      =       700.7552
 1-4 NB =       463.6559  1-4 EEL =      5702.5101  VDWAALS    =      7163.5641
 EELEC  =    -76780.4191  EHBOND  =         0.0000  RESTRAINT  =        29.9006
 EAMBER (non-restraint)  =    -61290.9334
 EKCMT  =      4042.5364  VIRIAL  =      2855.9321  VOLUME     =    155862.8544
                                                    Density    =         1.0366
 ------------------------------------------------------------------------------

wrapping first mol.:       19.56468       27.66864       47.92349
wrapping first mol.:       19.56468       27.66864       47.92349

 NSTEP =    41500   TIME(PS) =    3483.000  TEMP(K) =   297.56  PRESS =  -422.6
 Etot   =    -51369.7029  EKtot   =      9675.3096  EPtot      =    -61045.0124
 BOND   =       395.6466  ANGLE   =      1063.4779  DIHED      =       715.1472
 1-4 NB =       452.5340  1-4 EEL =      5666.9317  VDWAALS    =      6754.6848
 EELEC  =    -76121.5500  EHBOND  =         0.0000  RESTRAINT  =        28.1153
 EAMBER (non-restraint)  =    -61073.1277
 EKCMT  =      4056.6358  VIRIAL  =      5476.8242  VOLUME     =    155659.8509
                                                    Density    =         1.0379
 ------------------------------------------------------------------------------

wrapping first mol.:       19.55721       27.65806       47.90517
wrapping first mol.:       19.55721       27.65806       47.90517

 NSTEP =    42000   TIME(PS) =    3484.000  TEMP(K) =   297.66  PRESS =   436.1
 Etot   =    -51400.0173  EKtot   =      9678.3926  EPtot      =    -61078.4098
 BOND   =       378.5059  ANGLE   =      1067.9317  DIHED      =       718.7244
 1-4 NB =       458.4473  1-4 EEL =      5627.9244  VDWAALS    =      6887.1365
 EELEC  =    -76241.9234  EHBOND  =         0.0000  RESTRAINT  =        24.8432
 EAMBER (non-restraint)  =    -61103.2531
 EKCMT  =      4083.0454  VIRIAL  =      2619.0756  VOLUME     =    155469.4986
                                                    Density    =         1.0392
 ------------------------------------------------------------------------------

wrapping first mol.:       19.54646       27.64288       47.87886
wrapping first mol.:       19.54646       27.64288       47.87886

 NSTEP =    42500   TIME(PS) =    3485.000  TEMP(K) =   298.65  PRESS =   -32.6
 Etot   =    -51221.3050  EKtot   =      9710.6533  EPtot      =    -60931.9583
 BOND   =       398.5501  ANGLE   =       994.2095  DIHED      =       729.4855
 1-4 NB =       466.3855  1-4 EEL =      5660.2590  VDWAALS    =      6643.8579
 EELEC  =    -75852.6490  EHBOND  =         0.0000  RESTRAINT  =        27.9432
 EAMBER (non-restraint)  =    -60959.9015
 EKCMT  =      4071.1572  VIRIAL  =      4180.2968  VOLUME     =    155219.9957
                                                    Density    =         1.0409
 ------------------------------------------------------------------------------

wrapping first mol.:       19.54038       27.63426       47.86394
wrapping first mol.:       19.54038       27.63426       47.86394

 NSTEP =    43000   TIME(PS) =    3486.000  TEMP(K) =   302.21  PRESS =  -144.1
 Etot   =    -51291.5031  EKtot   =      9826.4424  EPtot      =    -61117.9455
 BOND   =       407.4626  ANGLE   =      1083.0905  DIHED      =       710.8521
 1-4 NB =       442.3840  1-4 EEL =      5667.4451  VDWAALS    =      6648.8137
 EELEC  =    -76103.9224  EHBOND  =         0.0000  RESTRAINT  =        25.9289
 EAMBER (non-restraint)  =    -61143.8744
 EKCMT  =      4208.2515  VIRIAL  =      4690.8409  VOLUME     =    155076.5061
                                                    Density    =         1.0418
 ------------------------------------------------------------------------------

wrapping first mol.:       19.53457       27.62605       47.84972
wrapping first mol.:       19.53457       27.62605       47.84972

 NSTEP =    43500   TIME(PS) =    3487.000  TEMP(K) =   301.17  PRESS =     0.5
 Etot   =    -51266.5161  EKtot   =      9792.5977  EPtot      =    -61059.1138
 BOND   =       426.4441  ANGLE   =       990.8483  DIHED      =       715.9212
 1-4 NB =       465.2923  1-4 EEL =      5613.2826  VDWAALS    =      6719.5257
 EELEC  =    -76019.5590  EHBOND  =         0.0000  RESTRAINT  =        29.1310
 EAMBER (non-restraint)  =    -61088.2447
 EKCMT  =      4102.5113  VIRIAL  =      4100.6995  VOLUME     =    154936.3095
                                                    Density    =         1.0428
 ------------------------------------------------------------------------------

wrapping first mol.:       19.52911       27.61834       47.83636
wrapping first mol.:       19.52911       27.61834       47.83636

 NSTEP =    44000   TIME(PS) =    3488.000  TEMP(K) =   298.55  PRESS =   121.6
 Etot   =    -51344.5099  EKtot   =      9707.5488  EPtot      =    -61052.0587
 BOND   =       408.2283  ANGLE   =      1030.6681  DIHED      =       705.1509
 1-4 NB =       461.6448  1-4 EEL =      5651.3288  VDWAALS    =      6811.0031
 EELEC  =    -76150.1879  EHBOND  =         0.0000  RESTRAINT  =        30.1052
 EAMBER (non-restraint)  =    -61082.1640
 EKCMT  =      4047.9541  VIRIAL  =      3641.5078  VOLUME     =    154804.8474
                                                    Density    =         1.0437
 ------------------------------------------------------------------------------

wrapping first mol.:       19.54811       27.64520       47.88289
wrapping first mol.:       19.54811       27.64520       47.88289

 NSTEP =    44500   TIME(PS) =    3489.000  TEMP(K) =   303.36  PRESS =  -179.9
 Etot   =    -51004.7422  EKtot   =      9863.7344  EPtot      =    -60868.4765
 BOND   =       415.4165  ANGLE   =      1064.7107  DIHED      =       715.4590
 1-4 NB =       466.4559  1-4 EEL =      5660.3898  VDWAALS    =      6676.6657
 EELEC  =    -75896.5665  EHBOND  =         0.0000  RESTRAINT  =        28.9923
 EAMBER (non-restraint)  =    -60897.4688
 EKCMT  =      4155.1773  VIRIAL  =      4758.2434  VOLUME     =    155261.1917
                                                    Density    =         1.0406
 ------------------------------------------------------------------------------

wrapping first mol.:       19.54983       27.64764       47.88711
wrapping first mol.:       19.54983       27.64764       47.88711

 NSTEP =    45000   TIME(PS) =    3490.000  TEMP(K) =   295.58  PRESS =  -215.0
 Etot   =    -51474.4434  EKtot   =      9610.7734  EPtot      =    -61085.2168
 BOND   =       397.2927  ANGLE   =      1063.9349  DIHED      =       718.8988
 1-4 NB =       459.7726  1-4 EEL =      5667.5897  VDWAALS    =      6758.2440
 EELEC  =    -76178.3477  EHBOND  =         0.0000  RESTRAINT  =        27.3982
 EAMBER (non-restraint)  =    -61112.6151
 EKCMT  =      4059.5805  VIRIAL  =      4780.3586  VOLUME     =    155302.7646
                                                    Density    =         1.0403
 ------------------------------------------------------------------------------

wrapping first mol.:       19.53954       27.63308       47.86190
wrapping first mol.:       19.53954       27.63308       47.86190

 NSTEP =    45500   TIME(PS) =    3491.000  TEMP(K) =   297.30  PRESS =   237.1
 Etot   =    -51503.5433  EKtot   =      9666.8662  EPtot      =    -61170.4096
 BOND   =       438.5251  ANGLE   =      1066.7528  DIHED      =       696.7188
 1-4 NB =       446.9202  1-4 EEL =      5612.3498  VDWAALS    =      7014.4011
 EELEC  =    -76472.8011  EHBOND  =         0.0000  RESTRAINT  =        26.7239
 EAMBER (non-restraint)  =    -61197.1334
 EKCMT  =      4056.7712  VIRIAL  =      3262.8704  VOLUME     =    155051.3708
                                                    Density    =         1.0420
 ------------------------------------------------------------------------------

wrapping first mol.:       19.54437       27.63991       47.87373
wrapping first mol.:       19.54437       27.63991       47.87373

 NSTEP =    46000   TIME(PS) =    3492.000  TEMP(K) =   301.04  PRESS =   134.0
 Etot   =    -51325.1521  EKtot   =      9788.3955  EPtot      =    -61113.5476
 BOND   =       438.7169  ANGLE   =      1042.8402  DIHED      =       705.1545
 1-4 NB =       457.7336  1-4 EEL =      5631.8674  VDWAALS    =      6813.8098
 EELEC  =    -76229.5882  EHBOND  =         0.0000  RESTRAINT  =        25.9181
 EAMBER (non-restraint)  =    -61139.4657
 EKCMT  =      4058.1656  VIRIAL  =      3609.0721  VOLUME     =    155167.7579
                                                    Density    =         1.0412
 ------------------------------------------------------------------------------

wrapping first mol.:       19.55424       27.65387       47.89791
wrapping first mol.:       19.55424       27.65387       47.89791

 NSTEP =    46500   TIME(PS) =    3493.000  TEMP(K) =   298.17  PRESS =    -9.2
 Etot   =    -51316.9667  EKtot   =      9695.1260  EPtot      =    -61012.0926
 BOND   =       433.6182  ANGLE   =      1027.0022  DIHED      =       710.7230
 1-4 NB =       454.3345  1-4 EEL =      5663.1518  VDWAALS    =      6677.6122
 EELEC  =    -76002.0925  EHBOND  =         0.0000  RESTRAINT  =        23.5579
 EAMBER (non-restraint)  =    -61035.6506
 EKCMT  =      4182.5237  VIRIAL  =      4213.4057  VOLUME     =    155405.0280
                                                    Density    =         1.0396
 ------------------------------------------------------------------------------

wrapping first mol.:       19.53921       27.63261       47.86108
wrapping first mol.:       19.53921       27.63261       47.86108

 NSTEP =    47000   TIME(PS) =    3494.000  TEMP(K) =   298.23  PRESS =   124.4
 Etot   =    -51309.0853  EKtot   =      9697.2324  EPtot      =    -61006.3177
 BOND   =       424.6796  ANGLE   =      1069.2604  DIHED      =       706.7880
 1-4 NB =       461.7737  1-4 EEL =      5657.2154  VDWAALS    =      6761.5607
 EELEC  =    -76114.1270  EHBOND  =         0.0000  RESTRAINT  =        26.5315
 EAMBER (non-restraint)  =    -61032.8492
 EKCMT  =      4073.9885  VIRIAL  =      3657.5231  VOLUME     =    155044.9466
                                                    Density    =         1.0420
 ------------------------------------------------------------------------------

wrapping first mol.:       19.55398       27.65350       47.89726
wrapping first mol.:       19.55398       27.65350       47.89726

 NSTEP =    47500   TIME(PS) =    3495.000  TEMP(K) =   305.18  PRESS =    44.7
 Etot   =    -51096.9851  EKtot   =      9923.1230  EPtot      =    -61020.1082
 BOND   =       380.8855  ANGLE   =      1031.5518  DIHED      =       722.1817
 1-4 NB =       474.8578  1-4 EEL =      5659.9151  VDWAALS    =      6741.3342
 EELEC  =    -76057.1232  EHBOND  =         0.0000  RESTRAINT  =        26.2889
 EAMBER (non-restraint)  =    -61046.3970
 EKCMT  =      4173.5436  VIRIAL  =      4023.6317  VOLUME     =    155397.9276
                                                    Density    =         1.0397
 ------------------------------------------------------------------------------

wrapping first mol.:       19.54909       27.64659       47.88530
wrapping first mol.:       19.54909       27.64659       47.88530

 NSTEP =    48000   TIME(PS) =    3496.000  TEMP(K) =   299.14  PRESS =   121.6
 Etot   =    -51211.2148  EKtot   =      9726.6201  EPtot      =    -60937.8349
 BOND   =       390.4505  ANGLE   =      1036.3724  DIHED      =       705.3778
 1-4 NB =       462.2510  1-4 EEL =      5664.3908  VDWAALS    =      6613.2206
 EELEC  =    -75836.0441  EHBOND  =         0.0000  RESTRAINT  =        26.1460
 EAMBER (non-restraint)  =    -60963.9809
 EKCMT  =      4072.6010  VIRIAL  =      3664.8049  VOLUME     =    155280.5106
                                                    Density    =         1.0405
 ------------------------------------------------------------------------------

wrapping first mol.:       19.55347       27.65278       47.89602
wrapping first mol.:       19.55347       27.65278       47.89602

 NSTEP =    48500   TIME(PS) =    3497.000  TEMP(K) =   299.86  PRESS =   131.4
 Etot   =    -51129.6608  EKtot   =      9750.0400  EPtot      =    -60879.7008
 BOND   =       389.1072  ANGLE   =      1099.1380  DIHED      =       692.2966
 1-4 NB =       481.5214  1-4 EEL =      5656.1659  VDWAALS    =      6883.2460
 EELEC  =    -76103.2432  EHBOND  =         0.0000  RESTRAINT  =        22.0673
 EAMBER (non-restraint)  =    -60901.7682
 EKCMT  =      4053.3502  VIRIAL  =      3612.4293  VOLUME     =    155384.7015
                                                    Density    =         1.0398
 ------------------------------------------------------------------------------

wrapping first mol.:       19.54034       27.63421       47.86385
wrapping first mol.:       19.54034       27.63421       47.86385

 NSTEP =    49000   TIME(PS) =    3498.000  TEMP(K) =   302.37  PRESS =  -247.4
 Etot   =    -51094.1200  EKtot   =      9831.6660  EPtot      =    -60925.7861
 BOND   =       412.1382  ANGLE   =      1033.9262  DIHED      =       708.7876
 1-4 NB =       467.2762  1-4 EEL =      5658.0587  VDWAALS    =      6510.4717
 EELEC  =    -75747.9735  EHBOND  =         0.0000  RESTRAINT  =        31.5289
 EAMBER (non-restraint)  =    -60957.3149
 EKCMT  =      4102.6488  VIRIAL  =      4931.0684  VOLUME     =    155077.0544
                                                    Density    =         1.0418
 ------------------------------------------------------------------------------

wrapping first mol.:       19.53104       27.62106       47.84107
wrapping first mol.:       19.53104       27.62106       47.84107

 NSTEP =    49500   TIME(PS) =    3499.000  TEMP(K) =   300.51  PRESS =    86.9
 Etot   =    -51344.5034  EKtot   =      9771.0898  EPtot      =    -61115.5932
 BOND   =       402.7774  ANGLE   =      1065.6510  DIHED      =       702.9207
 1-4 NB =       458.2183  1-4 EEL =      5618.8052  VDWAALS    =      6797.8866
 EELEC  =    -76187.2452  EHBOND  =         0.0000  RESTRAINT  =        25.3926
 EAMBER (non-restraint)  =    -61140.9859
 EKCMT  =      4132.1015  VIRIAL  =      3841.6677  VOLUME     =    154851.1162
                                                    Density    =         1.0433
 ------------------------------------------------------------------------------

wrapping first mol.:       19.56271       27.66585       47.91865
wrapping first mol.:       19.56271       27.66585       47.91865

 NSTEP =    50000   TIME(PS) =    3500.000  TEMP(K) =   299.92  PRESS =  -194.6
 Etot   =    -51353.6890  EKtot   =      9752.1318  EPtot      =    -61105.8208
 BOND   =       410.5204  ANGLE   =      1034.9951  DIHED      =       715.9536
 1-4 NB =       459.4836  1-4 EEL =      5640.7519  VDWAALS    =      6560.9883
 EELEC  =    -75955.8940  EHBOND  =         0.0000  RESTRAINT  =        27.3804
 EAMBER (non-restraint)  =    -61133.2012
 EKCMT  =      4128.7399  VIRIAL  =      4782.4515  VOLUME     =    155609.5803
                                                    Density    =         1.0383
 ------------------------------------------------------------------------------


      A V E R A G E S   O V E R     100 S T E P S


 NSTEP =    50000   TIME(PS) =    3500.000  TEMP(K) =   300.00  PRESS =    13.2
 Etot   =    -51301.8885  EKtot   =      9754.5261  EPtot      =    -61056.4146
 BOND   =       406.7206  ANGLE   =      1050.6216  DIHED      =       704.4425
 1-4 NB =       461.4995  1-4 EEL =      5656.7759  VDWAALS    =      6759.2704
 EELEC  =    -76123.3120  EHBOND  =         0.0000  RESTRAINT  =        27.5668
 EAMBER (non-restraint)  =    -61083.9815
 EKCMT  =      4088.7703  VIRIAL  =      4044.5856  VOLUME     =    155555.7134
                                                    Density    =         1.0386
 ------------------------------------------------------------------------------


      R M S  F L U C T U A T I O N S


 NSTEP =    50000   TIME(PS) =    3500.000  TEMP(K) =     2.41  PRESS =   190.7
 Etot   =       138.1225  EKtot   =        78.5074  EPtot      =       104.8937
 BOND   =        17.6165  ANGLE   =        27.0365  DIHED      =        13.3495
 1-4 NB =         7.5574  1-4 EEL =        24.3501  VDWAALS    =       124.1706
 EELEC  =       199.6643  EHBOND  =         0.0000  RESTRAINT  =         2.7712
 EAMBER (non-restraint)  =       102.1224
 EKCMT  =        45.3188  VIRIAL  =       650.3212  VOLUME     =       397.3531
                                                    Density    =         0.0027
 ------------------------------------------------------------------------------

--------------------------------------------------------------------------------
   5.  TIMINGS
--------------------------------------------------------------------------------

|  NonSetup CPU Time in Major Routines:
|
|     Routine           Sec        %
|     ------------------------------
|     Nonbond          72.33   83.31
|     Bond              0.00    0.00
|     Angle             0.00    0.00
|     Dihedral          0.00    0.00
|     Shake             0.25    0.28
|     RunMD            14.15   16.30
|     Other             0.09    0.11
|     ------------------------------
|     Total            86.82

|  PME Nonbond Pairlist CPU Time:
|
|     Routine              Sec        %
|     ---------------------------------
|     Set Up Cit           0.00    0.00
|     Build List           0.00    0.00
|     ---------------------------------
|     Total                0.00    0.00

|  PME Direct Force CPU Time:
|
|     Routine              Sec        %
|     ---------------------------------
|     NonBonded Calc       0.00    0.00
|     Exclude Masked       0.00    0.00
|     Other                0.06    0.06
|     ---------------------------------
|     Total                0.06    0.06

|  PME Reciprocal Force CPU Time:
|
|     Routine              Sec        %
|     ---------------------------------
|     1D bspline           0.00    0.00
|     Grid Charges         0.00    0.00
|     Scalar Sum           0.00    0.00
|     Gradient Sum         0.00    0.00
|     FFT                  0.00    0.00
|     ---------------------------------
|     Total                0.00    0.00

|  Final Performance Info:
|     -----------------------------------------------------
|     Average timings for last   15000 steps:
|     Elapsed(s) =      26.04 Per Step(ms) =       1.74
|         ns/day =      99.53   seconds/ns =     868.10
|
|     Average timings for all steps:
|     Elapsed(s) =      86.80 Per Step(ms) =       1.74
|         ns/day =      99.53   seconds/ns =     868.04
|     -----------------------------------------------------

|  Setup CPU time:            0.63 seconds
|  NonSetup CPU time:        86.82 seconds
|  Total CPU time:           87.45 seconds     0.02 hours

|  Setup wall time:           1    seconds
|  NonSetup wall time:       87    seconds
|  Total wall time:          88    seconds     0.02 hours
