
          -------------------------------------------------------
          Amber 18 PMEMD                              2018
          -------------------------------------------------------

| PMEMD implementation of SANDER, Release 18

| Run on 09/29/2019 at 23:11:46

|   Executable path: pmemd.cuda
| Working directory: /home/pbarletta/lbp/run/2ifb/mhe/e
|          Hostname: Unknown
  [-O]verwriting output

File Assignments:
|   MDIN: 34equ.in                                                              
|  MDOUT: 34equ.out                                                             
| INPCRD: 33e2ifb.rst7                                                          
|   PARM: /home/pbarletta/lbp/top_files/2ifb.prmtop                             
| RESTRT: 34e2ifb.rst7                                                          
|   REFC: 33e2ifb.rst7                                                          
|  MDVEL: mdvel                                                                 
|   MDEN: mden                                                                  
|  MDCRD: 34e2ifb.nc                                                            
| MDINFO: mdinfo                                                                
|  MDFRC: mdfrc                                                                 


 Here is the input file:

Equilibration with solute restrictions                                         
&cntrl                                                                         
imin = 0,                           ! No Minimization                          
nmropt = 0,                         ! No NMR restraints read                   
                                                                               
! Nature and format of the input                                               
ntx = 5,                            ! Coordinates but no velocities will be rea
irest = 1,                          ! Do not run a new simulation              
                                                                               
! Nature and format of the output                                              
ntxo = 1,                           ! rstrt file in ASCII format               
ntpr = 500,                         ! inf in output every ntpr steps           
ntwr = 500,                         ! rstrt file every ntwr steps              
ntwx = 500,                         ! mdcrd file every ntwx steps              
ntwv = 0,                           ! mdvel without velocities                 
ntwe = 0,                           ! Do not write energies and temperatures   
idecomp = 0,                        ! No energy decomposition                  
iwrap = 1,                          ! Coordinates of the restart and mdcrd file
                                                                               
! Frozen or restrained atoms                                                   
ibelly = 0,                         ! No frozen atoms                          
ntr=1,                              ! Harmonic potential restraints            
restraint_wt = 0.18,                ! The weight for the positional restraints 
restraintmask = ':1-131@N,CA,C,O',  ! restrained residues                      
                                                                               
! Molecular dynamics                                                           
nstlim = 50000,                     ! Number of MD-steps                       
dt = 0.002,                         ! Time step                                
                                                                               
! Temperature regulation                                                       
ntt = 3,                            ! Langevin thermostat                      
gamma_ln = 5,                       ! Gamma constant for Langevin              
temp0 = 300.0,                      ! Reference T at which the system is to be 
tempi = 300.0,                      ! Initial T                                
ig = -1,                            ! Seed for the RNG                         
                                                                               
! P and V regulation                                                           
ntp = 1,                            ! constant P                               
barostat = 1,                       ! Berendsen barostat                       
taup = 1,                           ! Pressure relaxation time                 
ntb = 2,                            ! Periodic box for constant P              
                                                                               
! SHAKE variables                                                              
ntc = 2,                            ! Bonds involving H are constrained        
ntf = 2,                            ! Bond interaction involving H are ommited.
                                                                               
cut = 10.0,                         ! Nonbonded cutoff                         
/                                                                              
&end                                                                           


Note: ig = -1. Setting random seed to   756442 based on wallclock time in 
      microseconds.
| irandom = 1, using AMBER's internal random number generator (default).
 
|--------------------- INFORMATION ----------------------
| GPU (CUDA) Version of PMEMD in use: NVIDIA GPU IN USE.
|                    Version 18.0.0
| 
|                      03/25/2018
| 
| Implementation by:
|                    Ross C. Walker     (SDSC)
|                    Scott Le Grand     (nVIDIA)
| 
| Version 18 performance extensions by:
|                    David Cerutti     (Rutgers)
| 
| Precision model in use:
|      [SPFP] - Single Precision Forces, 64-bit Fixed Point
|               Accumulation. (Default)
| 
|--------------------------------------------------------
 
|----------------- CITATION INFORMATION -----------------
|
|    When publishing work that utilized the CUDA version
|    of AMBER, please cite the following in addition to
|    the regular AMBER citations:
|
|  - Romelia Salomon-Ferrer; Andreas W. Goetz; Duncan
|    Poole; Scott Le Grand; Ross C. Walker "Routine
|    microsecond molecular dynamics simulations with
|    AMBER - Part II: Particle Mesh Ewald", J. Chem.
|    Theory Comput., 2013, 9 (9), pp3878-3888,
|    DOI: 10.1021/ct400314y.
|
|  - Andreas W. Goetz; Mark J. Williamson; Dong Xu;
|    Duncan Poole; Scott Le Grand; Ross C. Walker
|    "Routine microsecond molecular dynamics simulations
|    with AMBER - Part I: Generalized Born", J. Chem.
|    Theory Comput., 2012, 8 (5), pp1542-1555.
|
|  - Scott Le Grand; Andreas W. Goetz; Ross C. Walker
|    "SPFP: Speed without compromise - a mixed precision
|    model for GPU accelerated molecular dynamics
|    simulations.", Comp. Phys. Comm., 2013, 184
|    pp374-380, DOI: 10.1016/j.cpc.2012.09.022
|
|--------------------------------------------------------
 
|------------------- GPU DEVICE INFO --------------------
|
|            CUDA_VISIBLE_DEVICES: 1
|   CUDA Capable Devices Detected:      1
|           CUDA Device ID in use:      0
|                CUDA Device Name: GeForce GTX 1060 6GB
|     CUDA Device Global Mem Size:   6078 MB
| CUDA Device Num Multiprocessors:     10
|           CUDA Device Core Freq:   1.76 GHz
|
|--------------------------------------------------------
 
 
| Conditional Compilation Defines Used:
| PUBFFT
| BINTRAJ
| CUDA
| EMIL

| Largest sphere to fit in unit cell has radius =    23.938

| New format PARM file being parsed.
| Version =    1.000 Date = 09/29/19 Time = 21:53:24

| Note: 1-4 EEL scale factors are being read from the topology file.

| Note: 1-4 VDW scale factors are being read from the topology file.
| Duplicated    0 dihedrals

| Duplicated    0 dihedrals

--------------------------------------------------------------------------------
   1.  RESOURCE   USE: 
--------------------------------------------------------------------------------

 getting new box info from bottom of inpcrd
 NATOM  =   20379 NTYPES =      17 NBONH =   14750 MBONA  =    5644
 NTHETH =    2483 MTHETA =    1455 NPHIH =    4974 MPHIA  =    4548
 NHPARM =       0 NPARM  =       0 NNB   =   43788 NRES   =    4686
 NBONA  =    5644 NTHETA =    1455 NPHIA =    4548 NUMBND =      77
 NUMANG =     166 NPTRA  =     185 NATYP =      42 NPHB   =       1
 IFBOX  =       2 NMXRS  =      50 IFCAP =       0 NEXTRA =    4554
 NCOPY  =       0

| Coordinate Index Table dimensions:     9    9    9
| Direct force subcell size =     6.5150    6.5150    6.5150

     BOX TYPE: TRUNCATED OCTAHEDRON

--------------------------------------------------------------------------------
   2.  CONTROL  DATA  FOR  THE  RUN
--------------------------------------------------------------------------------

default_name                                                                    

General flags:
     imin    =       0, nmropt  =       0

Nature and format of input:
     ntx     =       5, irest   =       1, ntrx    =       1

Nature and format of output:
     ntxo    =       1, ntpr    =     500, ntrx    =       1, ntwr    =     500
     iwrap   =       1, ntwx    =     500, ntwv    =       0, ntwe    =       0
     ioutfm  =       1, ntwprt  =       0, idecomp =       0, rbornstat=      0

Potential function:
     ntf     =       2, ntb     =       2, igb     =       0, nsnb    =      25
     ipol    =       0, gbsa    =       0, iesp    =       0
     dielc   =   1.00000, cut     =  10.00000, intdiel =   1.00000

Frozen or restrained atoms:
     ibelly  =       0, ntr     =       1
     restraint_wt =   0.18000

Molecular dynamics:
     nstlim  =     50000, nscm    =         0, nrespa  =         1
     t       =   0.00000, dt      =   0.00200, vlimit  =  -1.00000

Langevin dynamics temperature regulation:
     ig      =  756442
     temp0   = 300.00000, tempi   = 300.00000, gamma_ln=   5.00000

Pressure regulation:
     ntp     =       1
     pres0   =   1.00000, comp    =  44.60000, taup    =   1.00000

SHAKE:
     ntc     =       2, jfastw  =       0
     tol     =   0.00001

| Intermolecular bonds treatment:
|     no_intermolecular_bonds =       1

| Energy averages sample interval:
|     ene_avg_sampling =     500

Extra-points options:
     frameon =       1, chngmask=       1

Ewald parameters:
     verbose =       0, ew_type =       0, nbflag  =       1, use_pme =       1
     vdwmeth =       1, eedmeth =       1, netfrc  =       1
     Box X =   58.635   Box Y =   58.635   Box Z =   58.635
     Alpha =  109.471   Beta  =  109.471   Gamma =  109.471
     NFFT1 =   64       NFFT2 =   64       NFFT3 =   64
     Cutoff=   10.000   Tol   =0.100E-04
     Ewald Coefficient =  0.27511
     Interpolation order =    4

    LOADING THE CONSTRAINED ATOMS AS GROUPS


   5.  REFERENCE ATOM COORDINATES

  default_name                                                                    
     Mask :1-131@N,CA,C,O; matches   524 atoms
|      EXTRA_PTS, trim_bonds: num bonds BEFORE trim = 14750     0
|      EXTRA_PTS, trim_bonds: num bonds AFTER  trim = 14750     0
|      EXTRA_PTS, trim_bonds: num bonds BEFORE trim =  5644     0
|      EXTRA_PTS, trim_bonds: num bonds AFTER  trim =  1090     0
|      EXTRA_PTS, trim_theta: num angle BEFORE trim =  2483     0
|      EXTRA_PTS, trim_theta: num angle AFTER  trim =  2483     0
|      EXTRA_PTS, trim_theta: num angle BEFORE trim =  1455     0
|      EXTRA_PTS, trim_theta: num angle AFTER  trim =  1455     0
|      EXTRA_PTS, trim_phi:  num diheds BEFORE trim =  4974     0
|      EXTRA_PTS, trim_phi:  num diheds AFTER  trim =  4974     0
|      EXTRA_PTS, trim_phi:  num diheds BEFORE trim =  4548     0
|      EXTRA_PTS, trim_phi:  num diheds AFTER  trim =  4548     0

--------------------------------------------------------------------------------
   3.  ATOMIC COORDINATES AND VELOCITIES
--------------------------------------------------------------------------------

default_name                                                                    
 begin time read from input coords =  3700.000 ps

 
 Number of triangulated 3-point waters found:     4554

     Sum of charges from parm topology file =   0.00202595
     Forcing neutrality...

| Dynamic Memory, Types Used:
| Reals             1016965
| Integers          1501222

| Nonbonded Pairs Initial Allocation:     6164138

| GPU memory information (estimate):
| KB of GPU memory in use:         0
| KB of CPU memory in use:         0

--------------------------------------------------------------------------------
   4.  RESULTS
--------------------------------------------------------------------------------

wrapping first mol.:       19.54796       27.64499       47.88252
wrapping first mol.:       19.54796       27.64499       47.88252

 NSTEP =      500   TIME(PS) =    3701.000  TEMP(K) =   304.27  PRESS =  -230.2
 Etot   =    -51193.4690  EKtot   =      9893.4727  EPtot      =    -61086.9416
 BOND   =       422.8401  ANGLE   =      1053.8137  DIHED      =       700.7298
 1-4 NB =       465.3891  1-4 EEL =      5614.9573  VDWAALS    =      6788.3921
 EELEC  =    -76148.9080  EHBOND  =         0.0000  RESTRAINT  =        15.8443
 EAMBER (non-restraint)  =    -61102.7859
 EKCMT  =      4174.9862  VIRIAL  =      4946.7649  VOLUME     =    155258.3674
                                                    Density    =         1.0406
 ------------------------------------------------------------------------------

wrapping first mol.:       19.52479       27.61222       47.82576
wrapping first mol.:       19.52479       27.61222       47.82576

 NSTEP =     1000   TIME(PS) =    3702.000  TEMP(K) =   298.59  PRESS =  -221.7
 Etot   =    -51389.0296  EKtot   =      9708.7861  EPtot      =    -61097.8158
 BOND   =       423.5470  ANGLE   =      1068.6155  DIHED      =       705.2502
 1-4 NB =       452.9712  1-4 EEL =      5611.8554  VDWAALS    =      6558.2701
 EELEC  =    -75933.5326  EHBOND  =         0.0000  RESTRAINT  =        15.2074
 EAMBER (non-restraint)  =    -61113.0231
 EKCMT  =      4073.5734  VIRIAL  =      4814.1813  VOLUME     =    154706.7646
                                                    Density    =         1.0443
 ------------------------------------------------------------------------------

wrapping first mol.:       19.52547       27.61319       47.82744
wrapping first mol.:       19.52547       27.61319       47.82744

 NSTEP =     1500   TIME(PS) =    3703.000  TEMP(K) =   301.06  PRESS =   317.1
 Etot   =    -51157.5983  EKtot   =      9789.1143  EPtot      =    -60946.7126
 BOND   =       396.4019  ANGLE   =      1055.2337  DIHED      =       704.0477
 1-4 NB =       464.9972  1-4 EEL =      5690.1203  VDWAALS    =      6639.7545
 EELEC  =    -75914.0828  EHBOND  =         0.0000  RESTRAINT  =        16.8150
 EAMBER (non-restraint)  =    -60963.5275
 EKCMT  =      4072.8098  VIRIAL  =      3013.5776  VOLUME     =    154715.6259
                                                    Density    =         1.0443
 ------------------------------------------------------------------------------

wrapping first mol.:       19.52120       27.60715       47.81698
wrapping first mol.:       19.52120       27.60715       47.81698

 NSTEP =     2000   TIME(PS) =    3704.000  TEMP(K) =   302.06  PRESS =   232.6
 Etot   =    -51127.8095  EKtot   =      9821.6553  EPtot      =    -60949.4648
 BOND   =       392.1069  ANGLE   =      1053.9845  DIHED      =       706.5079
 1-4 NB =       461.3928  1-4 EEL =      5701.5175  VDWAALS    =      6702.3259
 EELEC  =    -75984.1322  EHBOND  =         0.0000  RESTRAINT  =        16.8319
 EAMBER (non-restraint)  =    -60966.2967
 EKCMT  =      4123.5574  VIRIAL  =      3347.0256  VOLUME     =    154615.3016
                                                    Density    =         1.0449
 ------------------------------------------------------------------------------

wrapping first mol.:       19.54289       27.63781       47.87009
wrapping first mol.:       19.54289       27.63781       47.87009

 NSTEP =     2500   TIME(PS) =    3705.000  TEMP(K) =   297.06  PRESS =   -45.4
 Etot   =    -51260.3939  EKtot   =      9659.1641  EPtot      =    -60919.5580
 BOND   =       396.5253  ANGLE   =      1108.2663  DIHED      =       736.0123
 1-4 NB =       465.3205  1-4 EEL =      5615.8881  VDWAALS    =      6693.4875
 EELEC  =    -75953.7147  EHBOND  =         0.0000  RESTRAINT  =        18.6565
 EAMBER (non-restraint)  =    -60938.2145
 EKCMT  =      4065.0256  VIRIAL  =      4217.1381  VOLUME     =    155134.9120
                                                    Density    =         1.0414
 ------------------------------------------------------------------------------

wrapping first mol.:       19.55369       27.65309       47.89655
wrapping first mol.:       19.55369       27.65309       47.89655

 NSTEP =     3000   TIME(PS) =    3706.000  TEMP(K) =   300.31  PRESS =  -174.1
 Etot   =    -51265.5505  EKtot   =      9764.7471  EPtot      =    -61030.2975
 BOND   =       401.3332  ANGLE   =      1078.1986  DIHED      =       709.6282
 1-4 NB =       456.3830  1-4 EEL =      5615.4058  VDWAALS    =      6570.6352
 EELEC  =    -75880.3016  EHBOND  =         0.0000  RESTRAINT  =        18.4201
 EAMBER (non-restraint)  =    -61048.7176
 EKCMT  =      4154.4941  VIRIAL  =      4738.6364  VOLUME     =    155394.0844
                                                    Density    =         1.0397
 ------------------------------------------------------------------------------

wrapping first mol.:       19.55428       27.65392       47.89800
wrapping first mol.:       19.55428       27.65392       47.89800

 NSTEP =     3500   TIME(PS) =    3707.000  TEMP(K) =   299.64  PRESS =   -90.5
 Etot   =    -51461.3230  EKtot   =      9742.8350  EPtot      =    -61204.1580
 BOND   =       410.7502  ANGLE   =      1096.1194  DIHED      =       718.3888
 1-4 NB =       452.0529  1-4 EEL =      5640.8935  VDWAALS    =      6926.5941
 EELEC  =    -76467.3518  EHBOND  =         0.0000  RESTRAINT  =        18.3949
 EAMBER (non-restraint)  =    -61222.5529
 EKCMT  =      4011.3641  VIRIAL  =      4314.8882  VOLUME     =    155406.9759
                                                    Density    =         1.0396
 ------------------------------------------------------------------------------

wrapping first mol.:       19.55019       27.64814       47.88798
wrapping first mol.:       19.55019       27.64814       47.88798

 NSTEP =     4000   TIME(PS) =    3708.000  TEMP(K) =   301.66  PRESS =   -58.9
 Etot   =    -51281.7869  EKtot   =      9808.4980  EPtot      =    -61090.2850
 BOND   =       394.8479  ANGLE   =      1043.8612  DIHED      =       697.9657
 1-4 NB =       466.5826  1-4 EEL =      5614.3481  VDWAALS    =      6727.6308
 EELEC  =    -76053.2450  EHBOND  =         0.0000  RESTRAINT  =        17.7237
 EAMBER (non-restraint)  =    -61108.0087
 EKCMT  =      4077.9104  VIRIAL  =      4275.5550  VOLUME     =    155309.1112
                                                    Density    =         1.0403
 ------------------------------------------------------------------------------

wrapping first mol.:       19.55414       27.65373       47.89766
wrapping first mol.:       19.55414       27.65373       47.89766

 NSTEP =     4500   TIME(PS) =    3709.000  TEMP(K) =   300.86  PRESS =    33.3
 Etot   =    -51281.8572  EKtot   =      9782.7490  EPtot      =    -61064.6062
 BOND   =       375.0764  ANGLE   =      1062.8238  DIHED      =       700.8818
 1-4 NB =       491.2900  1-4 EEL =      5637.3662  VDWAALS    =      6753.1498
 EELEC  =    -76107.0121  EHBOND  =         0.0000  RESTRAINT  =        21.8180
 EAMBER (non-restraint)  =    -61086.4242
 EKCMT  =      4112.5203  VIRIAL  =      4000.8623  VOLUME     =    155401.9562
                                                    Density    =         1.0397
 ------------------------------------------------------------------------------

wrapping first mol.:       19.55178       27.65040       47.89189
wrapping first mol.:       19.55178       27.65040       47.89189

 NSTEP =     5000   TIME(PS) =    3710.000  TEMP(K) =   299.09  PRESS =  -421.5
 Etot   =    -51414.4732  EKtot   =      9724.9229  EPtot      =    -61139.3960
 BOND   =       413.1066  ANGLE   =      1130.3104  DIHED      =       703.9673
 1-4 NB =       464.6559  1-4 EEL =      5620.4860  VDWAALS    =      6718.2911
 EELEC  =    -76209.2632  EHBOND  =         0.0000  RESTRAINT  =        19.0500
 EAMBER (non-restraint)  =    -61158.4460
 EKCMT  =      4083.7846  VIRIAL  =      5497.6624  VOLUME     =    155352.1456
                                                    Density    =         1.0400
 ------------------------------------------------------------------------------

wrapping first mol.:       19.55488       27.65478       47.89948
wrapping first mol.:       19.55488       27.65478       47.89948

 NSTEP =     5500   TIME(PS) =    3711.000  TEMP(K) =   296.16  PRESS =   243.6
 Etot   =    -51248.1341  EKtot   =      9629.8135  EPtot      =    -60877.9475
 BOND   =       425.4360  ANGLE   =      1038.7709  DIHED      =       694.6549
 1-4 NB =       456.2339  1-4 EEL =      5623.7264  VDWAALS    =      6890.4269
 EELEC  =    -76027.2046  EHBOND  =         0.0000  RESTRAINT  =        20.0080
 EAMBER (non-restraint)  =    -60897.9556
 EKCMT  =      4098.0367  VIRIAL  =      3280.6340  VOLUME     =    155416.8346
                                                    Density    =         1.0396
 ------------------------------------------------------------------------------

wrapping first mol.:       19.53668       27.62903       47.85488
wrapping first mol.:       19.53668       27.62903       47.85488

 NSTEP =     6000   TIME(PS) =    3712.000  TEMP(K) =   297.22  PRESS =  -296.8
 Etot   =    -51302.7930  EKtot   =      9664.1953  EPtot      =    -60966.9883
 BOND   =       391.8347  ANGLE   =      1059.6210  DIHED      =       679.7741
 1-4 NB =       444.9681  1-4 EEL =      5663.2939  VDWAALS    =      6619.5865
 EELEC  =    -75846.3217  EHBOND  =         0.0000  RESTRAINT  =        20.2551
 EAMBER (non-restraint)  =    -60987.2434
 EKCMT  =      4105.8873  VIRIAL  =      5099.2626  VOLUME     =    154990.5872
                                                    Density    =         1.0424
 ------------------------------------------------------------------------------

wrapping first mol.:       19.53330       27.62426       47.84661
wrapping first mol.:       19.53330       27.62426       47.84661

 NSTEP =     6500   TIME(PS) =    3713.000  TEMP(K) =   300.42  PRESS =   -14.8
 Etot   =    -51548.6939  EKtot   =      9768.3652  EPtot      =    -61317.0591
 BOND   =       374.9710  ANGLE   =      1065.2011  DIHED      =       705.4643
 1-4 NB =       466.7040  1-4 EEL =      5638.7280  VDWAALS    =      6753.1425
 EELEC  =    -76341.1374  EHBOND  =         0.0000  RESTRAINT  =        19.8673
 EAMBER (non-restraint)  =    -61336.9264
 EKCMT  =      4054.3908  VIRIAL  =      4104.0524  VOLUME     =    154906.3274
                                                    Density    =         1.0430
 ------------------------------------------------------------------------------

wrapping first mol.:       19.52974       27.61923       47.83790
wrapping first mol.:       19.52974       27.61923       47.83790

 NSTEP =     7000   TIME(PS) =    3714.000  TEMP(K) =   295.45  PRESS =   272.7
 Etot   =    -51526.7158  EKtot   =      9606.7920  EPtot      =    -61133.5078
 BOND   =       413.8012  ANGLE   =      1091.6781  DIHED      =       697.3579
 1-4 NB =       460.4290  1-4 EEL =      5652.4535  VDWAALS    =      6752.7117
 EELEC  =    -76221.0380  EHBOND  =         0.0000  RESTRAINT  =        19.0988
 EAMBER (non-restraint)  =    -61152.6066
 EKCMT  =      4056.8514  VIRIAL  =      3145.2657  VOLUME     =    154817.7529
                                                    Density    =         1.0436
 ------------------------------------------------------------------------------

wrapping first mol.:       19.53709       27.62961       47.85589
wrapping first mol.:       19.53709       27.62961       47.85589

 NSTEP =     7500   TIME(PS) =    3715.000  TEMP(K) =   300.53  PRESS =  -210.2
 Etot   =    -51368.5849  EKtot   =      9771.8535  EPtot      =    -61140.4384
 BOND   =       411.4253  ANGLE   =      1082.7096  DIHED      =       744.8769
 1-4 NB =       474.5060  1-4 EEL =      5639.2819  VDWAALS    =      6688.7604
 EELEC  =    -76201.8136  EHBOND  =         0.0000  RESTRAINT  =        19.8150
 EAMBER (non-restraint)  =    -61160.2535
 EKCMT  =      4055.5988  VIRIAL  =      4759.0185  VOLUME     =    154999.1670
                                                    Density    =         1.0424
 ------------------------------------------------------------------------------

wrapping first mol.:       19.54425       27.63975       47.87345
wrapping first mol.:       19.54425       27.63975       47.87345

 NSTEP =     8000   TIME(PS) =    3716.000  TEMP(K) =   296.93  PRESS =   344.4
 Etot   =    -51372.4668  EKtot   =      9654.6533  EPtot      =    -61027.1201
 BOND   =       402.9794  ANGLE   =      1054.7800  DIHED      =       702.7503
 1-4 NB =       461.8842  1-4 EEL =      5692.0594  VDWAALS    =      6819.0727
 EELEC  =    -76179.3166  EHBOND  =         0.0000  RESTRAINT  =        18.6704
 EAMBER (non-restraint)  =    -61045.7905
 EKCMT  =      4032.1780  VIRIAL  =      2878.4540  VOLUME     =    155162.1267
                                                    Density    =         1.0413
 ------------------------------------------------------------------------------

wrapping first mol.:       19.53893       27.63222       47.86041
wrapping first mol.:       19.53893       27.63222       47.86041

 NSTEP =     8500   TIME(PS) =    3717.000  TEMP(K) =   298.47  PRESS =    31.0
 Etot   =    -51335.8119  EKtot   =      9704.9004  EPtot      =    -61040.7123
 BOND   =       402.1626  ANGLE   =      1037.9311  DIHED      =       713.5802
 1-4 NB =       471.5736  1-4 EEL =      5682.3165  VDWAALS    =      6718.6838
 EELEC  =    -76087.4087  EHBOND  =         0.0000  RESTRAINT  =        20.4485
 EAMBER (non-restraint)  =    -61061.1608
 EKCMT  =      4031.4592  VIRIAL  =      3927.5991  VOLUME     =    155039.7756
                                                    Density    =         1.0421
 ------------------------------------------------------------------------------

wrapping first mol.:       19.53971       27.63332       47.86231
wrapping first mol.:       19.53971       27.63332       47.86231

 NSTEP =     9000   TIME(PS) =    3718.000  TEMP(K) =   299.51  PRESS =   103.6
 Etot   =    -51329.2758  EKtot   =      9738.8008  EPtot      =    -61068.0765
 BOND   =       412.7648  ANGLE   =      1066.8795  DIHED      =       698.9449
 1-4 NB =       461.2659  1-4 EEL =      5656.3614  VDWAALS    =      6692.5756
 EELEC  =    -76077.6886  EHBOND  =         0.0000  RESTRAINT  =        20.8200
 EAMBER (non-restraint)  =    -61088.8965
 EKCMT  =      4116.1794  VIRIAL  =      3769.1904  VOLUME     =    155057.1895
                                                    Density    =         1.0420
 ------------------------------------------------------------------------------

wrapping first mol.:       19.56254       27.66560       47.91823
wrapping first mol.:       19.56254       27.66560       47.91823

 NSTEP =     9500   TIME(PS) =    3719.000  TEMP(K) =   301.82  PRESS =  -205.6
 Etot   =    -51179.1387  EKtot   =      9813.6504  EPtot      =    -60992.7891
 BOND   =       377.2698  ANGLE   =      1067.6498  DIHED      =       706.9119
 1-4 NB =       467.8422  1-4 EEL =      5672.2477  VDWAALS    =      6657.4084
 EELEC  =    -75960.7429  EHBOND  =         0.0000  RESTRAINT  =        18.6241
 EAMBER (non-restraint)  =    -61011.4132
 EKCMT  =      4124.3059  VIRIAL  =      4815.1693  VOLUME     =    155605.5801
                                                    Density    =         1.0383
 ------------------------------------------------------------------------------

wrapping first mol.:       19.54706       27.64371       47.88031
wrapping first mol.:       19.54706       27.64371       47.88031

 NSTEP =    10000   TIME(PS) =    3720.000  TEMP(K) =   297.14  PRESS =   134.1
 Etot   =    -51316.3239  EKtot   =      9661.5371  EPtot      =    -60977.8610
 BOND   =       404.9988  ANGLE   =      1033.2844  DIHED      =       730.7130
 1-4 NB =       453.2473  1-4 EEL =      5659.1234  VDWAALS    =      6792.4492
 EELEC  =    -76068.3218  EHBOND  =         0.0000  RESTRAINT  =        16.6448
 EAMBER (non-restraint)  =    -60994.5058
 EKCMT  =      3989.7748  VIRIAL  =      3540.2146  VOLUME     =    155231.7895
                                                    Density    =         1.0408
 ------------------------------------------------------------------------------

wrapping first mol.:       19.55192       27.65059       47.89223
wrapping first mol.:       19.55192       27.65059       47.89223

 NSTEP =    10500   TIME(PS) =    3721.000  TEMP(K) =   298.87  PRESS =   287.8
 Etot   =    -51330.9394  EKtot   =      9718.0117  EPtot      =    -61048.9511
 BOND   =       385.0704  ANGLE   =      1043.5069  DIHED      =       714.4385
 1-4 NB =       467.9500  1-4 EEL =      5698.9219  VDWAALS    =      6721.6672
 EELEC  =    -76097.7387  EHBOND  =         0.0000  RESTRAINT  =        17.2326
 EAMBER (non-restraint)  =    -61066.1838
 EKCMT  =      4038.6212  VIRIAL  =      3073.2093  VOLUME     =    155345.6000
                                                    Density    =         1.0400
 ------------------------------------------------------------------------------

wrapping first mol.:       19.54553       27.64155       47.87656
wrapping first mol.:       19.54553       27.64155       47.87656

 NSTEP =    11000   TIME(PS) =    3722.000  TEMP(K) =   301.56  PRESS =  -434.9
 Etot   =    -51187.3096  EKtot   =      9805.4590  EPtot      =    -60992.7686
 BOND   =       433.8892  ANGLE   =      1048.7379  DIHED      =       728.3095
 1-4 NB =       456.7820  1-4 EEL =      5640.6295  VDWAALS    =      6560.6813
 EELEC  =    -75883.0452  EHBOND  =         0.0000  RESTRAINT  =        21.2473
 EAMBER (non-restraint)  =    -61014.0159
 EKCMT  =      4171.7355  VIRIAL  =      5629.1281  VOLUME     =    155203.2071
                                                    Density    =         1.0410
 ------------------------------------------------------------------------------

wrapping first mol.:       19.54852       27.64579       47.88390
wrapping first mol.:       19.54852       27.64579       47.88390

 NSTEP =    11500   TIME(PS) =    3723.000  TEMP(K) =   303.69  PRESS =  -112.7
 Etot   =    -51241.6746  EKtot   =      9874.7080  EPtot      =    -61116.3827
 BOND   =       396.0054  ANGLE   =      1079.4331  DIHED      =       724.0603
 1-4 NB =       451.2629  1-4 EEL =      5634.4722  VDWAALS    =      6829.4331
 EELEC  =    -76251.1669  EHBOND  =         0.0000  RESTRAINT  =        20.1171
 EAMBER (non-restraint)  =    -61136.4998
 EKCMT  =      4137.0286  VIRIAL  =      4514.8476  VOLUME     =    155270.1738
                                                    Density    =         1.0405
 ------------------------------------------------------------------------------

wrapping first mol.:       19.53318       27.62409       47.84633
wrapping first mol.:       19.53318       27.62409       47.84633

 NSTEP =    12000   TIME(PS) =    3724.000  TEMP(K) =   297.31  PRESS =    52.3
 Etot   =    -51387.3431  EKtot   =      9667.1895  EPtot      =    -61054.5326
 BOND   =       385.1174  ANGLE   =      1049.8013  DIHED      =       702.1776
 1-4 NB =       465.9714  1-4 EEL =      5628.4177  VDWAALS    =      6772.1319
 EELEC  =    -76076.3816  EHBOND  =         0.0000  RESTRAINT  =        18.2317
 EAMBER (non-restraint)  =    -61072.7643
 EKCMT  =      4119.9016  VIRIAL  =      3944.9867  VOLUME     =    154902.6472
                                                    Density    =         1.0430
 ------------------------------------------------------------------------------

wrapping first mol.:       19.53538       27.62719       47.85170
wrapping first mol.:       19.53538       27.62719       47.85170

 NSTEP =    12500   TIME(PS) =    3725.000  TEMP(K) =   298.17  PRESS =  -224.1
 Etot   =    -51340.1109  EKtot   =      9695.2666  EPtot      =    -61035.3775
 BOND   =       395.5973  ANGLE   =      1039.9300  DIHED      =       710.1335
 1-4 NB =       462.3121  1-4 EEL =      5619.9020  VDWAALS    =      6643.8001
 EELEC  =    -75929.8448  EHBOND  =         0.0000  RESTRAINT  =        22.7924
 EAMBER (non-restraint)  =    -61058.1699
 EKCMT  =      4047.3793  VIRIAL  =      4797.2499  VOLUME     =    154958.6015
                                                    Density    =         1.0426
 ------------------------------------------------------------------------------

wrapping first mol.:       19.54694       27.64355       47.88002
wrapping first mol.:       19.54694       27.64355       47.88002

 NSTEP =    13000   TIME(PS) =    3726.000  TEMP(K) =   298.42  PRESS =   -66.1
 Etot   =    -51197.6407  EKtot   =      9703.3906  EPtot      =    -60901.0314
 BOND   =       383.2603  ANGLE   =      1057.6024  DIHED      =       694.0879
 1-4 NB =       456.0823  1-4 EEL =      5611.4425  VDWAALS    =      6631.0452
 EELEC  =    -75753.8276  EHBOND  =         0.0000  RESTRAINT  =        19.2757
 EAMBER (non-restraint)  =    -60920.3071
 EKCMT  =      4080.9856  VIRIAL  =      4302.4197  VOLUME     =    155231.7741
                                                    Density    =         1.0408
 ------------------------------------------------------------------------------

wrapping first mol.:       19.53843       27.63152       47.85919
wrapping first mol.:       19.53843       27.63152       47.85919

 NSTEP =    13500   TIME(PS) =    3727.000  TEMP(K) =   299.19  PRESS =   296.1
 Etot   =    -51155.0681  EKtot   =      9728.4404  EPtot      =    -60883.5085
 BOND   =       416.5656  ANGLE   =      1099.4444  DIHED      =       702.5316
 1-4 NB =       462.2237  1-4 EEL =      5659.8823  VDWAALS    =      6919.5054
 EELEC  =    -76163.6794  EHBOND  =         0.0000  RESTRAINT  =        20.0177
 EAMBER (non-restraint)  =    -60903.5263
 EKCMT  =      4059.6814  VIRIAL  =      3068.6304  VOLUME     =    155024.1936
                                                    Density    =         1.0422
 ------------------------------------------------------------------------------

wrapping first mol.:       19.53941       27.63289       47.86157
wrapping first mol.:       19.53941       27.63289       47.86157

 NSTEP =    14000   TIME(PS) =    3728.000  TEMP(K) =   299.93  PRESS =   121.4
 Etot   =    -51272.3064  EKtot   =      9752.4307  EPtot      =    -61024.7370
 BOND   =       421.5798  ANGLE   =      1095.6398  DIHED      =       702.1994
 1-4 NB =       468.8952  1-4 EEL =      5674.6818  VDWAALS    =      6874.2808
 EELEC  =    -76281.4706  EHBOND  =         0.0000  RESTRAINT  =        19.4567
 EAMBER (non-restraint)  =    -61044.1938
 EKCMT  =      4093.8404  VIRIAL  =      3687.4319  VOLUME     =    155049.8027
                                                    Density    =         1.0420
 ------------------------------------------------------------------------------

wrapping first mol.:       19.54649       27.64291       47.87893
wrapping first mol.:       19.54649       27.64291       47.87893

 NSTEP =    14500   TIME(PS) =    3729.000  TEMP(K) =   297.09  PRESS =   127.0
 Etot   =    -51412.8289  EKtot   =      9659.9736  EPtot      =    -61072.8026
 BOND   =       417.5026  ANGLE   =      1030.9224  DIHED      =       697.6046
 1-4 NB =       458.6704  1-4 EEL =      5640.1976  VDWAALS    =      6717.8988
 EELEC  =    -76055.1527  EHBOND  =         0.0000  RESTRAINT  =        19.5537
 EAMBER (non-restraint)  =    -61092.3562
 EKCMT  =      4066.6718  VIRIAL  =      3640.9961  VOLUME     =    155218.4223
                                                    Density    =         1.0409
 ------------------------------------------------------------------------------

wrapping first mol.:       19.54465       27.64031       47.87443
wrapping first mol.:       19.54465       27.64031       47.87443

 NSTEP =    15000   TIME(PS) =    3730.000  TEMP(K) =   300.02  PRESS =  -180.4
 Etot   =    -51085.0394  EKtot   =      9755.3320  EPtot      =    -60840.3714
 BOND   =       412.5530  ANGLE   =      1052.4786  DIHED      =       737.4860
 1-4 NB =       462.4917  1-4 EEL =      5655.2779  VDWAALS    =      6665.3913
 EELEC  =    -75846.9524  EHBOND  =         0.0000  RESTRAINT  =        20.9024
 EAMBER (non-restraint)  =    -60861.2739
 EKCMT  =      4078.5795  VIRIAL  =      4682.8695  VOLUME     =    155178.9108
                                                    Density    =         1.0411
 ------------------------------------------------------------------------------

wrapping first mol.:       19.56870       27.67432       47.93332
wrapping first mol.:       19.56870       27.67432       47.93332

 NSTEP =    15500   TIME(PS) =    3731.000  TEMP(K) =   302.50  PRESS =   100.7
 Etot   =    -51099.4599  EKtot   =      9835.9336  EPtot      =    -60935.3935
 BOND   =       393.8056  ANGLE   =      1098.6564  DIHED      =       697.4800
 1-4 NB =       454.3805  1-4 EEL =      5638.2537  VDWAALS    =      6821.4277
 EELEC  =    -76064.6494  EHBOND  =         0.0000  RESTRAINT  =        25.2521
 EAMBER (non-restraint)  =    -60960.6456
 EKCMT  =      4064.2947  VIRIAL  =      3725.6429  VOLUME     =    155748.4349
                                                    Density    =         1.0373
 ------------------------------------------------------------------------------

wrapping first mol.:       19.57322       27.68071       47.94439
wrapping first mol.:       19.57322       27.68071       47.94439

 NSTEP =    16000   TIME(PS) =    3732.000  TEMP(K) =   301.94  PRESS =  -236.7
 Etot   =    -51252.7494  EKtot   =      9817.7568  EPtot      =    -61070.5063
 BOND   =       421.1093  ANGLE   =      1044.1736  DIHED      =       694.3010
 1-4 NB =       444.4055  1-4 EEL =      5642.0092  VDWAALS    =      6632.8226
 EELEC  =    -75974.8932  EHBOND  =         0.0000  RESTRAINT  =        25.5656
 EAMBER (non-restraint)  =    -61096.0719
 EKCMT  =      4126.5826  VIRIAL  =      4923.0623  VOLUME     =    155860.9974
                                                    Density    =         1.0366
 ------------------------------------------------------------------------------

wrapping first mol.:       19.58438       27.69650       47.97174
wrapping first mol.:       19.58438       27.69650       47.97174

 NSTEP =    16500   TIME(PS) =    3733.000  TEMP(K) =   298.70  PRESS =    14.3
 Etot   =    -51271.4876  EKtot   =      9712.4209  EPtot      =    -60983.9085
 BOND   =       423.5253  ANGLE   =      1052.9289  DIHED      =       713.5509
 1-4 NB =       464.1829  1-4 EEL =      5630.9962  VDWAALS    =      6809.3878
 EELEC  =    -76100.8490  EHBOND  =         0.0000  RESTRAINT  =        22.3684
 EAMBER (non-restraint)  =    -61006.2770
 EKCMT  =      4072.1849  VIRIAL  =      4024.0991  VOLUME     =    156124.4624
                                                    Density    =         1.0348
 ------------------------------------------------------------------------------

wrapping first mol.:       19.58021       27.69060       47.96152
wrapping first mol.:       19.58021       27.69060       47.96152

 NSTEP =    17000   TIME(PS) =    3734.000  TEMP(K) =   299.32  PRESS =   -33.1
 Etot   =    -51295.1690  EKtot   =      9732.5049  EPtot      =    -61027.6739
 BOND   =       391.8052  ANGLE   =      1078.9550  DIHED      =       717.7100
 1-4 NB =       473.8675  1-4 EEL =      5680.5363  VDWAALS    =      6731.3021
 EELEC  =    -76122.9049  EHBOND  =         0.0000  RESTRAINT  =        21.0549
 EAMBER (non-restraint)  =    -61048.7288
 EKCMT  =      4045.5084  VIRIAL  =      4157.1258  VOLUME     =    156025.3373
                                                    Density    =         1.0355
 ------------------------------------------------------------------------------

wrapping first mol.:       19.59926       27.71754       48.00819
wrapping first mol.:       19.59926       27.71754       48.00819

 NSTEP =    17500   TIME(PS) =    3735.000  TEMP(K) =   298.90  PRESS =    30.5
 Etot   =    -51227.3001  EKtot   =      9718.8467  EPtot      =    -60946.1467
 BOND   =       386.6334  ANGLE   =      1036.1126  DIHED      =       692.7156
 1-4 NB =       459.7043  1-4 EEL =      5660.2763  VDWAALS    =      6793.8856
 EELEC  =    -75997.8653  EHBOND  =         0.0000  RESTRAINT  =        22.3908
 EAMBER (non-restraint)  =    -60968.5375
 EKCMT  =      4076.0362  VIRIAL  =      3973.1126  VOLUME     =    156480.3614
                                                    Density    =         1.0325
 ------------------------------------------------------------------------------

wrapping first mol.:       19.59755       27.71512       48.00398
wrapping first mol.:       19.59755       27.71512       48.00398

 NSTEP =    18000   TIME(PS) =    3736.000  TEMP(K) =   298.40  PRESS =   107.3
 Etot   =    -51220.0453  EKtot   =      9702.5879  EPtot      =    -60922.6332
 BOND   =       405.6990  ANGLE   =      1116.6964  DIHED      =       706.1082
 1-4 NB =       459.2618  1-4 EEL =      5623.1903  VDWAALS    =      6986.7725
 EELEC  =    -76241.3675  EHBOND  =         0.0000  RESTRAINT  =        21.0061
 EAMBER (non-restraint)  =    -60943.6393
 EKCMT  =      4076.3482  VIRIAL  =      3713.8006  VOLUME     =    156438.1634
                                                    Density    =         1.0328
 ------------------------------------------------------------------------------

wrapping first mol.:       19.56038       27.66255       47.91295
wrapping first mol.:       19.56038       27.66255       47.91295

 NSTEP =    18500   TIME(PS) =    3737.000  TEMP(K) =   302.74  PRESS =     0.6
 Etot   =    -51044.0019  EKtot   =      9843.7236  EPtot      =    -60887.7256
 BOND   =       432.4445  ANGLE   =      1088.6650  DIHED      =       712.9342
 1-4 NB =       464.4929  1-4 EEL =      5649.9108  VDWAALS    =      6685.5290
 EELEC  =    -75945.2465  EHBOND  =         0.0000  RESTRAINT  =        23.5447
 EAMBER (non-restraint)  =    -60911.2703
 EKCMT  =      4135.2602  VIRIAL  =      4133.2855  VOLUME     =    155551.2863
                                                    Density    =         1.0387
 ------------------------------------------------------------------------------

wrapping first mol.:       19.56765       27.67284       47.93076
wrapping first mol.:       19.56765       27.67284       47.93076

 NSTEP =    19000   TIME(PS) =    3738.000  TEMP(K) =   301.18  PRESS =  -195.1
 Etot   =    -51253.6707  EKtot   =      9792.9189  EPtot      =    -61046.5896
 BOND   =       415.7994  ANGLE   =      1043.2963  DIHED      =       740.7284
 1-4 NB =       448.2878  1-4 EEL =      5607.2679  VDWAALS    =      6795.3948
 EELEC  =    -76119.7257  EHBOND  =         0.0000  RESTRAINT  =        22.3616
 EAMBER (non-restraint)  =    -61068.9512
 EKCMT  =      4193.2090  VIRIAL  =      4849.2497  VOLUME     =    155727.5511
                                                    Density    =         1.0375
 ------------------------------------------------------------------------------

wrapping first mol.:       19.55500       27.65494       47.89976
wrapping first mol.:       19.55500       27.65494       47.89976

 NSTEP =    19500   TIME(PS) =    3739.000  TEMP(K) =   301.51  PRESS =  -178.1
 Etot   =    -51420.3532  EKtot   =      9803.6992  EPtot      =    -61224.0524
 BOND   =       398.1851  ANGLE   =      1061.2641  DIHED      =       678.4499
 1-4 NB =       459.1902  1-4 EEL =      5621.5126  VDWAALS    =      6684.1273
 EELEC  =    -76151.0352  EHBOND  =         0.0000  RESTRAINT  =        24.2536
 EAMBER (non-restraint)  =    -61248.3060
 EKCMT  =      4102.6800  VIRIAL  =      4700.4226  VOLUME     =    155425.3817
                                                    Density    =         1.0395
 ------------------------------------------------------------------------------

wrapping first mol.:       19.54351       27.63870       47.87163
wrapping first mol.:       19.54351       27.63870       47.87163

 NSTEP =    20000   TIME(PS) =    3740.000  TEMP(K) =   298.70  PRESS =   110.6
 Etot   =    -51357.8775  EKtot   =      9712.2529  EPtot      =    -61070.1305
 BOND   =       410.1361  ANGLE   =      1061.4626  DIHED      =       708.6734
 1-4 NB =       461.8084  1-4 EEL =      5664.9079  VDWAALS    =      6728.6579
 EELEC  =    -76128.2227  EHBOND  =         0.0000  RESTRAINT  =        22.4461
 EAMBER (non-restraint)  =    -61092.5765
 EKCMT  =      4091.1847  VIRIAL  =      3720.5632  VOLUME     =    155147.7171
                                                    Density    =         1.0414
 ------------------------------------------------------------------------------

wrapping first mol.:       19.54161       27.63601       47.86696
wrapping first mol.:       19.54161       27.63601       47.86696

 NSTEP =    20500   TIME(PS) =    3741.000  TEMP(K) =   299.33  PRESS =    97.7
 Etot   =    -51513.9356  EKtot   =      9732.8125  EPtot      =    -61246.7481
 BOND   =       422.5318  ANGLE   =      1047.6035  DIHED      =       709.5221
 1-4 NB =       476.4962  1-4 EEL =      5668.2905  VDWAALS    =      6840.4041
 EELEC  =    -76433.0305  EHBOND  =         0.0000  RESTRAINT  =        21.4341
 EAMBER (non-restraint)  =    -61268.1823
 EKCMT  =      4051.5608  VIRIAL  =      3724.5068  VOLUME     =    155102.4950
                                                    Density    =         1.0417
 ------------------------------------------------------------------------------

wrapping first mol.:       19.53919       27.63259       47.86104
wrapping first mol.:       19.53919       27.63259       47.86104

 NSTEP =    21000   TIME(PS) =    3742.000  TEMP(K) =   299.14  PRESS =   353.5
 Etot   =    -51437.6745  EKtot   =      9726.6836  EPtot      =    -61164.3581
 BOND   =       394.3412  ANGLE   =      1022.6604  DIHED      =       705.8198
 1-4 NB =       463.0693  1-4 EEL =      5680.9452  VDWAALS    =      6795.2883
 EELEC  =    -76248.0189  EHBOND  =         0.0000  RESTRAINT  =        21.5365
 EAMBER (non-restraint)  =    -61185.8947
 EKCMT  =      4055.4874  VIRIAL  =      2872.2661  VOLUME     =    155041.4212
                                                    Density    =         1.0421
 ------------------------------------------------------------------------------

wrapping first mol.:       19.52061       27.60631       47.81553
wrapping first mol.:       19.52061       27.60631       47.81553

 NSTEP =    21500   TIME(PS) =    3743.000  TEMP(K) =   296.32  PRESS =  -233.1
 Etot   =    -51428.9651  EKtot   =      9634.9102  EPtot      =    -61063.8753
 BOND   =       392.2048  ANGLE   =      1065.7986  DIHED      =       695.8358
 1-4 NB =       456.1274  1-4 EEL =      5669.7436  VDWAALS    =      6559.8368
 EELEC  =    -75927.5822  EHBOND  =         0.0000  RESTRAINT  =        24.1600
 EAMBER (non-restraint)  =    -61088.0353
 EKCMT  =      4036.1191  VIRIAL  =      4814.3715  VOLUME     =    154607.6371
                                                    Density    =         1.0450
 ------------------------------------------------------------------------------

wrapping first mol.:       19.52945       27.61881       47.83718
wrapping first mol.:       19.52945       27.61881       47.83718

 NSTEP =    22000   TIME(PS) =    3744.000  TEMP(K) =   300.43  PRESS =   120.8
 Etot   =    -51488.8092  EKtot   =      9768.7393  EPtot      =    -61257.5484
 BOND   =       389.2559  ANGLE   =      1021.4447  DIHED      =       697.1527
 1-4 NB =       454.3392  1-4 EEL =      5646.4278  VDWAALS    =      6733.6018
 EELEC  =    -76223.9005  EHBOND  =         0.0000  RESTRAINT  =        24.1299
 EAMBER (non-restraint)  =    -61281.6784
 EKCMT  =      4098.1475  VIRIAL  =      3694.3523  VOLUME     =    154812.8362
                                                    Density    =         1.0436
 ------------------------------------------------------------------------------

wrapping first mol.:       19.52236       27.60878       47.81981
wrapping first mol.:       19.52236       27.60878       47.81981

 NSTEP =    22500   TIME(PS) =    3745.000  TEMP(K) =   303.53  PRESS =    52.5
 Etot   =    -51355.2316  EKtot   =      9869.4600  EPtot      =    -61224.6916
 BOND   =       403.1723  ANGLE   =      1060.6314  DIHED      =       707.9570
 1-4 NB =       464.0691  1-4 EEL =      5668.0806  VDWAALS    =      6892.6398
 EELEC  =    -76443.7845  EHBOND  =         0.0000  RESTRAINT  =        22.5428
 EAMBER (non-restraint)  =    -61247.2344
 EKCMT  =      4144.0029  VIRIAL  =      3968.6016  VOLUME     =    154645.2564
                                                    Density    =         1.0447
 ------------------------------------------------------------------------------

wrapping first mol.:       19.54870       27.64604       47.88434
wrapping first mol.:       19.54870       27.64604       47.88434

 NSTEP =    23000   TIME(PS) =    3746.000  TEMP(K) =   298.08  PRESS =   228.5
 Etot   =    -51445.5900  EKtot   =      9692.2930  EPtot      =    -61137.8829
 BOND   =       430.6961  ANGLE   =      1052.7716  DIHED      =       704.9164
 1-4 NB =       451.1995  1-4 EEL =      5641.7089  VDWAALS    =      6859.6784
 EELEC  =    -76300.4964  EHBOND  =         0.0000  RESTRAINT  =        21.6425
 EAMBER (non-restraint)  =    -61159.5254
 EKCMT  =      4038.3761  VIRIAL  =      3272.3165  VOLUME     =    155269.7270
                                                    Density    =         1.0405
 ------------------------------------------------------------------------------

wrapping first mol.:       19.55061       27.64874       47.88901
wrapping first mol.:       19.55061       27.64874       47.88901

 NSTEP =    23500   TIME(PS) =    3747.000  TEMP(K) =   300.01  PRESS =  -135.0
 Etot   =    -51417.7470  EKtot   =      9755.0264  EPtot      =    -61172.7733
 BOND   =       409.6562  ANGLE   =      1066.9237  DIHED      =       703.1316
 1-4 NB =       458.6278  1-4 EEL =      5644.2618  VDWAALS    =      6728.7188
 EELEC  =    -76206.2683  EHBOND  =         0.0000  RESTRAINT  =        22.1751
 EAMBER (non-restraint)  =    -61194.9484
 EKCMT  =      4070.7722  VIRIAL  =      4523.3728  VOLUME     =    155320.1970
                                                    Density    =         1.0402
 ------------------------------------------------------------------------------

wrapping first mol.:       19.53890       27.63217       47.86032
wrapping first mol.:       19.53890       27.63217       47.86032

 NSTEP =    24000   TIME(PS) =    3748.000  TEMP(K) =   297.46  PRESS =   -50.8
 Etot   =    -51504.3997  EKtot   =      9671.9590  EPtot      =    -61176.3587
 BOND   =       377.7661  ANGLE   =      1048.3052  DIHED      =       721.6085
 1-4 NB =       457.2762  1-4 EEL =      5664.8494  VDWAALS    =      6740.8037
 EELEC  =    -76211.4075  EHBOND  =         0.0000  RESTRAINT  =        24.4397
 EAMBER (non-restraint)  =    -61200.7984
 EKCMT  =      4089.4573  VIRIAL  =      4259.6476  VOLUME     =    155039.9919
                                                    Density    =         1.0421
 ------------------------------------------------------------------------------

wrapping first mol.:       19.55720       27.65805       47.90515
wrapping first mol.:       19.55720       27.65805       47.90515

 NSTEP =    24500   TIME(PS) =    3749.000  TEMP(K) =   301.10  PRESS =   426.4
 Etot   =    -51332.1111  EKtot   =      9790.5273  EPtot      =    -61122.6384
 BOND   =       384.9209  ANGLE   =      1033.0250  DIHED      =       698.9256
 1-4 NB =       451.0880  1-4 EEL =      5666.3795  VDWAALS    =      6946.9580
 EELEC  =    -76328.8837  EHBOND  =         0.0000  RESTRAINT  =        24.9483
 EAMBER (non-restraint)  =    -61147.5867
 EKCMT  =      4116.1267  VIRIAL  =      2684.8416  VOLUME     =    155469.4383
                                                    Density    =         1.0392
 ------------------------------------------------------------------------------

wrapping first mol.:       19.53471       27.62625       47.85007
wrapping first mol.:       19.53471       27.62625       47.85007

 NSTEP =    25000   TIME(PS) =    3750.000  TEMP(K) =   299.09  PRESS =  -454.5
 Etot   =    -51407.0054  EKtot   =      9725.0850  EPtot      =    -61132.0903
 BOND   =       386.8723  ANGLE   =      1062.9992  DIHED      =       723.3132
 1-4 NB =       465.1922  1-4 EEL =      5638.5544  VDWAALS    =      6500.2659
 EELEC  =    -75931.7696  EHBOND  =         0.0000  RESTRAINT  =        22.4820
 EAMBER (non-restraint)  =    -61154.5724
 EKCMT  =      4109.4465  VIRIAL  =      5630.0763  VOLUME     =    154945.9488
                                                    Density    =         1.0427
 ------------------------------------------------------------------------------

wrapping first mol.:       19.54293       27.63787       47.87019
wrapping first mol.:       19.54293       27.63787       47.87019

 NSTEP =    25500   TIME(PS) =    3751.000  TEMP(K) =   299.55  PRESS =  -348.6
 Etot   =    -51345.0151  EKtot   =      9739.9590  EPtot      =    -61084.9741
 BOND   =       416.8280  ANGLE   =      1063.2532  DIHED      =       718.0638
 1-4 NB =       447.4656  1-4 EEL =      5626.4640  VDWAALS    =      6714.5740
 EELEC  =    -76096.6948  EHBOND  =         0.0000  RESTRAINT  =        25.0719
 EAMBER (non-restraint)  =    -61110.0461
 EKCMT  =      4075.3835  VIRIAL  =      5242.9413  VOLUME     =    155140.0954
                                                    Density    =         1.0414
 ------------------------------------------------------------------------------

wrapping first mol.:       19.56475       27.66873       47.92364
wrapping first mol.:       19.56475       27.66873       47.92364

 NSTEP =    26000   TIME(PS) =    3752.000  TEMP(K) =   306.20  PRESS =  -128.4
 Etot   =    -50943.1701  EKtot   =      9956.2930  EPtot      =    -60899.4631
 BOND   =       418.8066  ANGLE   =      1086.0061  DIHED      =       714.2019
 1-4 NB =       476.4817  1-4 EEL =      5662.9995  VDWAALS    =      6642.4953
 EELEC  =    -75925.4527  EHBOND  =         0.0000  RESTRAINT  =        24.9985
 EAMBER (non-restraint)  =    -60924.4616
 EKCMT  =      4219.4386  VIRIAL  =      4650.9103  VOLUME     =    155657.2294
                                                    Density    =         1.0379
 ------------------------------------------------------------------------------

wrapping first mol.:       19.55973       27.66163       47.91135
wrapping first mol.:       19.55973       27.66163       47.91135

 NSTEP =    26500   TIME(PS) =    3753.000  TEMP(K) =   299.84  PRESS =    93.3
 Etot   =    -51312.0669  EKtot   =      9749.5176  EPtot      =    -61061.5845
 BOND   =       374.9861  ANGLE   =      1083.3966  DIHED      =       714.0465
 1-4 NB =       454.8717  1-4 EEL =      5666.1465  VDWAALS    =      6916.1408
 EELEC  =    -76290.7011  EHBOND  =         0.0000  RESTRAINT  =        19.5284
 EAMBER (non-restraint)  =    -61081.1128
 EKCMT  =      4030.7572  VIRIAL  =      3717.5922  VOLUME     =    155534.4374
                                                    Density    =         1.0388
 ------------------------------------------------------------------------------

wrapping first mol.:       19.56644       27.67112       47.92778
wrapping first mol.:       19.56644       27.67112       47.92778

 NSTEP =    27000   TIME(PS) =    3754.000  TEMP(K) =   300.06  PRESS =  -246.1
 Etot   =    -51372.5316  EKtot   =      9756.7227  EPtot      =    -61129.2543
 BOND   =       415.4507  ANGLE   =      1078.0279  DIHED      =       711.3943
 1-4 NB =       451.4870  1-4 EEL =      5620.1024  VDWAALS    =      6700.7528
 EELEC  =    -76129.1683  EHBOND  =         0.0000  RESTRAINT  =        22.6989
 EAMBER (non-restraint)  =    -61151.9532
 EKCMT  =      4020.1921  VIRIAL  =      4847.5788  VOLUME     =    155699.1987
                                                    Density    =         1.0377
 ------------------------------------------------------------------------------

wrapping first mol.:       19.54682       27.64338       47.87973
wrapping first mol.:       19.54682       27.64338       47.87973

 NSTEP =    27500   TIME(PS) =    3755.000  TEMP(K) =   298.62  PRESS =    -6.4
 Etot   =    -51532.7820  EKtot   =      9709.8535  EPtot      =    -61242.6355
 BOND   =       371.2293  ANGLE   =      1066.9403  DIHED      =       722.1071
 1-4 NB =       462.5322  1-4 EEL =      5621.8816  VDWAALS    =      6822.0849
 EELEC  =    -76329.8485  EHBOND  =         0.0000  RESTRAINT  =        20.4375
 EAMBER (non-restraint)  =    -61263.0730
 EKCMT  =      4102.3474  VIRIAL  =      4123.7254  VOLUME     =    155228.1086
                                                    Density    =         1.0408
 ------------------------------------------------------------------------------

wrapping first mol.:       19.55601       27.65637       47.90223
wrapping first mol.:       19.55601       27.65637       47.90223

 NSTEP =    28000   TIME(PS) =    3756.000  TEMP(K) =   302.49  PRESS =  -194.3
 Etot   =    -51247.6227  EKtot   =      9835.6426  EPtot      =    -61083.2652
 BOND   =       424.2426  ANGLE   =      1079.5862  DIHED      =       687.3706
 1-4 NB =       452.6923  1-4 EEL =      5621.7920  VDWAALS    =      6635.4483
 EELEC  =    -76006.4509  EHBOND  =         0.0000  RESTRAINT  =        22.0537
 EAMBER (non-restraint)  =    -61105.3189
 EKCMT  =      4093.0129  VIRIAL  =      4745.1899  VOLUME     =    155449.6594
                                                    Density    =         1.0393
 ------------------------------------------------------------------------------

wrapping first mol.:       19.54099       27.63513       47.86544
wrapping first mol.:       19.54099       27.63513       47.86544

 NSTEP =    28500   TIME(PS) =    3757.000  TEMP(K) =   301.95  PRESS =  -103.7
 Etot   =    -51262.0255  EKtot   =      9818.0693  EPtot      =    -61080.0949
 BOND   =       388.7183  ANGLE   =      1082.4129  DIHED      =       715.1830
 1-4 NB =       464.3504  1-4 EEL =      5625.3195  VDWAALS    =      6743.6709
 EELEC  =    -76123.0943  EHBOND  =         0.0000  RESTRAINT  =        23.3445
 EAMBER (non-restraint)  =    -61103.4393
 EKCMT  =      4082.5226  VIRIAL  =      4429.7294  VOLUME     =    155090.4875
                                                    Density    =         1.0417
 ------------------------------------------------------------------------------

wrapping first mol.:       19.53147       27.62166       47.84212
wrapping first mol.:       19.53147       27.62166       47.84212

 NSTEP =    29000   TIME(PS) =    3758.000  TEMP(K) =   300.31  PRESS =   466.6
 Etot   =    -51227.0843  EKtot   =      9764.6348  EPtot      =    -60991.7191
 BOND   =       399.3942  ANGLE   =      1099.5061  DIHED      =       737.9287
 1-4 NB =       453.5579  1-4 EEL =      5647.3283  VDWAALS    =      6854.0225
 EELEC  =    -76203.9048  EHBOND  =         0.0000  RESTRAINT  =        20.4480
 EAMBER (non-restraint)  =    -61012.1671
 EKCMT  =      4010.4198  VIRIAL  =      2450.3045  VOLUME     =    154856.0547
                                                    Density    =         1.0433
 ------------------------------------------------------------------------------

wrapping first mol.:       19.53918       27.63258       47.86102
wrapping first mol.:       19.53918       27.63258       47.86102

 NSTEP =    29500   TIME(PS) =    3759.000  TEMP(K) =   300.76  PRESS =   303.9
 Etot   =    -51327.9901  EKtot   =      9779.4863  EPtot      =    -61107.4764
 BOND   =       398.8074  ANGLE   =      1070.9408  DIHED      =       701.3740
 1-4 NB =       466.5296  1-4 EEL =      5618.3197  VDWAALS    =      6909.1739
 EELEC  =    -76297.1953  EHBOND  =         0.0000  RESTRAINT  =        24.5734
 EAMBER (non-restraint)  =    -61132.0498
 EKCMT  =      4065.2982  VIRIAL  =      3047.9194  VOLUME     =    155041.9248
                                                    Density    =         1.0421
 ------------------------------------------------------------------------------

wrapping first mol.:       19.52250       27.60898       47.82015
wrapping first mol.:       19.52250       27.60898       47.82015

 NSTEP =    30000   TIME(PS) =    3760.000  TEMP(K) =   300.90  PRESS =  -303.7
 Etot   =    -51294.3744  EKtot   =      9783.9092  EPtot      =    -61078.2836
 BOND   =       411.6416  ANGLE   =      1039.7911  DIHED      =       702.6301
 1-4 NB =       462.5899  1-4 EEL =      5626.8081  VDWAALS    =      6640.9283
 EELEC  =    -75986.4146  EHBOND  =         0.0000  RESTRAINT  =        23.7418
 EAMBER (non-restraint)  =    -61102.0254
 EKCMT  =      4143.4328  VIRIAL  =      5157.6750  VOLUME     =    154653.4653
                                                    Density    =         1.0447
 ------------------------------------------------------------------------------

wrapping first mol.:       19.53665       27.62900       47.85482
wrapping first mol.:       19.53665       27.62900       47.85482

 NSTEP =    30500   TIME(PS) =    3761.000  TEMP(K) =   298.78  PRESS =    52.6
 Etot   =    -51253.9184  EKtot   =      9714.9590  EPtot      =    -60968.8773
 BOND   =       390.6734  ANGLE   =      1062.2208  DIHED      =       710.7419
 1-4 NB =       459.9828  1-4 EEL =      5672.4786  VDWAALS    =      6668.2981
 EELEC  =    -75958.3289  EHBOND  =         0.0000  RESTRAINT  =        25.0559
 EAMBER (non-restraint)  =    -60993.9333
 EKCMT  =      4096.0818  VIRIAL  =      3920.0031  VOLUME     =    154985.1314
                                                    Density    =         1.0424
 ------------------------------------------------------------------------------

wrapping first mol.:       19.53539       27.62722       47.85174
wrapping first mol.:       19.53539       27.62722       47.85174

 NSTEP =    31000   TIME(PS) =    3762.000  TEMP(K) =   296.95  PRESS =    37.0
 Etot   =    -51347.5768  EKtot   =      9655.5586  EPtot      =    -61003.1354
 BOND   =       421.0548  ANGLE   =      1029.2494  DIHED      =       710.0223
 1-4 NB =       468.3189  1-4 EEL =      5655.2727  VDWAALS    =      6869.0270
 EELEC  =    -76180.6772  EHBOND  =         0.0000  RESTRAINT  =        24.5967
 EAMBER (non-restraint)  =    -61027.7321
 EKCMT  =      4032.7913  VIRIAL  =      3908.9687  VOLUME     =    154955.4249
                                                    Density    =         1.0426
 ------------------------------------------------------------------------------

wrapping first mol.:       19.54753       27.64439       47.88148
wrapping first mol.:       19.54753       27.64439       47.88148

 NSTEP =    31500   TIME(PS) =    3763.000  TEMP(K) =   298.54  PRESS =   130.1
 Etot   =    -51278.9458  EKtot   =      9707.1055  EPtot      =    -60986.0513
 BOND   =       404.8020  ANGLE   =      1074.0129  DIHED      =       678.7247
 1-4 NB =       446.7582  1-4 EEL =      5636.9618  VDWAALS    =      6864.4568
 EELEC  =    -76114.8149  EHBOND  =         0.0000  RESTRAINT  =        23.0472
 EAMBER (non-restraint)  =    -61009.0985
 EKCMT  =      4069.4037  VIRIAL  =      3633.3779  VOLUME     =    155243.2145
                                                    Density    =         1.0407
 ------------------------------------------------------------------------------

wrapping first mol.:       19.54625       27.64257       47.87834
wrapping first mol.:       19.54625       27.64257       47.87834

 NSTEP =    32000   TIME(PS) =    3764.000  TEMP(K) =   299.26  PRESS =   171.9
 Etot   =    -51291.8379  EKtot   =      9730.4277  EPtot      =    -61022.2657
 BOND   =       397.9007  ANGLE   =      1071.5779  DIHED      =       688.0963
 1-4 NB =       469.1692  1-4 EEL =      5658.3953  VDWAALS    =      6873.3759
 EELEC  =    -76204.1726  EHBOND  =         0.0000  RESTRAINT  =        23.3917
 EAMBER (non-restraint)  =    -61045.6574
 EKCMT  =      4079.2488  VIRIAL  =      3503.3295  VOLUME     =    155212.1028
                                                    Density    =         1.0409
 ------------------------------------------------------------------------------

wrapping first mol.:       19.55225       27.65106       47.89303
wrapping first mol.:       19.55225       27.65106       47.89303

 NSTEP =    32500   TIME(PS) =    3765.000  TEMP(K) =   301.20  PRESS =   124.3
 Etot   =    -51138.2672  EKtot   =      9793.4893  EPtot      =    -60931.7564
 BOND   =       443.1108  ANGLE   =      1084.8794  DIHED      =       709.5452
 1-4 NB =       452.9152  1-4 EEL =      5622.6905  VDWAALS    =      6702.9637
 EELEC  =    -75968.3368  EHBOND  =         0.0000  RESTRAINT  =        20.4756
 EAMBER (non-restraint)  =    -60952.2320
 EKCMT  =      4112.9022  VIRIAL  =      3696.0593  VOLUME     =    155355.6660
                                                    Density    =         1.0400
 ------------------------------------------------------------------------------

wrapping first mol.:       19.54628       27.64261       47.87840
wrapping first mol.:       19.54628       27.64261       47.87840

 NSTEP =    33000   TIME(PS) =    3766.000  TEMP(K) =   298.06  PRESS =   -93.3
 Etot   =    -51423.9316  EKtot   =      9691.4883  EPtot      =    -61115.4199
 BOND   =       410.5143  ANGLE   =      1076.3717  DIHED      =       710.5887
 1-4 NB =       465.2842  1-4 EEL =      5636.5437  VDWAALS    =      6731.9082
 EELEC  =    -76174.1977  EHBOND  =         0.0000  RESTRAINT  =        27.5671
 EAMBER (non-restraint)  =    -61142.9869
 EKCMT  =      4059.0717  VIRIAL  =      4371.6051  VOLUME     =    155216.3318
                                                    Density    =         1.0409
 ------------------------------------------------------------------------------

wrapping first mol.:       19.53292       27.62372       47.84569
wrapping first mol.:       19.53292       27.62372       47.84569

 NSTEP =    33500   TIME(PS) =    3767.000  TEMP(K) =   299.41  PRESS =   342.6
 Etot   =    -51385.2170  EKtot   =      9735.4336  EPtot      =    -61120.6506
 BOND   =       419.7596  ANGLE   =      1049.2481  DIHED      =       696.1607
 1-4 NB =       458.1695  1-4 EEL =      5627.2297  VDWAALS    =      6823.4023
 EELEC  =    -76218.6800  EHBOND  =         0.0000  RESTRAINT  =        24.0595
 EAMBER (non-restraint)  =    -61144.7100
 EKCMT  =      4110.5541  VIRIAL  =      2964.8749  VOLUME     =    154892.3925
                                                    Density    =         1.0431
 ------------------------------------------------------------------------------

wrapping first mol.:       19.54735       27.64413       47.88103
wrapping first mol.:       19.54735       27.64413       47.88103

 NSTEP =    34000   TIME(PS) =    3768.000  TEMP(K) =   298.66  PRESS =   105.4
 Etot   =    -51540.1889  EKtot   =      9711.2148  EPtot      =    -61251.4037
 BOND   =       384.1878  ANGLE   =      1072.5928  DIHED      =       708.9038
 1-4 NB =       453.6161  1-4 EEL =      5626.5224  VDWAALS    =      6894.8403
 EELEC  =    -76417.9717  EHBOND  =         0.0000  RESTRAINT  =        25.9048
 EAMBER (non-restraint)  =    -61277.3085
 EKCMT  =      4066.0839  VIRIAL  =      3712.9193  VOLUME     =    155239.1488
                                                    Density    =         1.0407
 ------------------------------------------------------------------------------

wrapping first mol.:       19.55726       27.65814       47.90530
wrapping first mol.:       19.55726       27.65814       47.90530

 NSTEP =    34500   TIME(PS) =    3769.000  TEMP(K) =   297.87  PRESS =  -327.2
 Etot   =    -51290.5412  EKtot   =      9685.3691  EPtot      =    -60975.9104
 BOND   =       428.8325  ANGLE   =      1073.6976  DIHED      =       688.9166
 1-4 NB =       468.7924  1-4 EEL =      5637.0210  VDWAALS    =      6701.3077
 EELEC  =    -75998.7531  EHBOND  =         0.0000  RESTRAINT  =        24.2749
 EAMBER (non-restraint)  =    -61000.1853
 EKCMT  =      4035.2026  VIRIAL  =      5133.4819  VOLUME     =    155481.3938
                                                    Density    =         1.0391
 ------------------------------------------------------------------------------

wrapping first mol.:       19.55189       27.65055       47.89215
wrapping first mol.:       19.55189       27.65055       47.89215

 NSTEP =    35000   TIME(PS) =    3770.000  TEMP(K) =   300.87  PRESS =  -267.1
 Etot   =    -51342.4464  EKtot   =      9783.0615  EPtot      =    -61125.5079
 BOND   =       406.7386  ANGLE   =      1041.3856  DIHED      =       707.9688
 1-4 NB =       467.5203  1-4 EEL =      5667.6981  VDWAALS    =      6819.0872
 EELEC  =    -76263.1518  EHBOND  =         0.0000  RESTRAINT  =        27.2452
 EAMBER (non-restraint)  =    -61152.7531
 EKCMT  =      4079.3624  VIRIAL  =      4975.2427  VOLUME     =    155352.5609
                                                    Density    =         1.0400
 ------------------------------------------------------------------------------

wrapping first mol.:       19.54519       27.64107       47.87573
wrapping first mol.:       19.54519       27.64107       47.87573

 NSTEP =    35500   TIME(PS) =    3771.000  TEMP(K) =   301.11  PRESS =   -31.1
 Etot   =    -51363.4032  EKtot   =      9790.5996  EPtot      =    -61154.0028
 BOND   =       376.4821  ANGLE   =      1012.5929  DIHED      =       721.1531
 1-4 NB =       466.5821  1-4 EEL =      5668.2301  VDWAALS    =      6845.7502
 EELEC  =    -76270.5378  EHBOND  =         0.0000  RESTRAINT  =        25.7446
 EAMBER (non-restraint)  =    -61179.7474
 EKCMT  =      4094.5340  VIRIAL  =      4198.5931  VOLUME     =    155189.5399
                                                    Density    =         1.0411
 ------------------------------------------------------------------------------

wrapping first mol.:       19.54459       27.64022       47.87426
wrapping first mol.:       19.54459       27.64022       47.87426

 NSTEP =    36000   TIME(PS) =    3772.000  TEMP(K) =   298.09  PRESS =   251.6
 Etot   =    -51305.6957  EKtot   =      9692.6299  EPtot      =    -60998.3256
 BOND   =       411.5273  ANGLE   =      1025.5255  DIHED      =       687.1326
 1-4 NB =       473.1041  1-4 EEL =      5640.3553  VDWAALS    =      6792.2393
 EELEC  =    -76051.0699  EHBOND  =         0.0000  RESTRAINT  =        22.8603
 EAMBER (non-restraint)  =    -61021.1858
 EKCMT  =      4016.9871  VIRIAL  =      3174.0665  VOLUME     =    155171.2930
                                                    Density    =         1.0412
 ------------------------------------------------------------------------------

wrapping first mol.:       19.53824       27.63124       47.85871
wrapping first mol.:       19.53824       27.63124       47.85871

 NSTEP =    36500   TIME(PS) =    3773.000  TEMP(K) =   303.68  PRESS =  -123.5
 Etot   =    -51241.9195  EKtot   =      9874.2637  EPtot      =    -61116.1832
 BOND   =       399.3146  ANGLE   =      1050.9748  DIHED      =       704.0726
 1-4 NB =       465.5604  1-4 EEL =      5631.3005  VDWAALS    =      6700.9860
 EELEC  =    -76088.2426  EHBOND  =         0.0000  RESTRAINT  =        19.8505
 EAMBER (non-restraint)  =    -61136.0337
 EKCMT  =      4055.8170  VIRIAL  =      4469.2298  VOLUME     =    155025.3236
                                                    Density    =         1.0422
 ------------------------------------------------------------------------------

wrapping first mol.:       19.53610       27.62822       47.85348
wrapping first mol.:       19.53610       27.62822       47.85348

 NSTEP =    37000   TIME(PS) =    3774.000  TEMP(K) =   301.54  PRESS =   -78.8
 Etot   =    -51280.3141  EKtot   =      9804.7832  EPtot      =    -61085.0973
 BOND   =       391.2848  ANGLE   =      1061.1432  DIHED      =       703.0805
 1-4 NB =       462.5017  1-4 EEL =      5635.2603  VDWAALS    =      6790.6686
 EELEC  =    -76150.2691  EHBOND  =         0.0000  RESTRAINT  =        21.2326
 EAMBER (non-restraint)  =    -61106.3299
 EKCMT  =      4128.1983  VIRIAL  =      4391.7999  VOLUME     =    154973.9350
                                                    Density    =         1.0425
 ------------------------------------------------------------------------------

wrapping first mol.:       19.55017       27.64812       47.88795
wrapping first mol.:       19.55017       27.64812       47.88795

 NSTEP =    37500   TIME(PS) =    3775.000  TEMP(K) =   301.81  PRESS =    74.9
 Etot   =    -51350.1350  EKtot   =      9813.5391  EPtot      =    -61163.6740
 BOND   =       420.3983  ANGLE   =      1043.8520  DIHED      =       714.3687
 1-4 NB =       450.6356  1-4 EEL =      5614.1973  VDWAALS    =      6750.1148
 EELEC  =    -76179.2326  EHBOND  =         0.0000  RESTRAINT  =        21.9918
 EAMBER (non-restraint)  =    -61185.6658
 EKCMT  =      4067.2752  VIRIAL  =      3816.1509  VOLUME     =    155306.8863
                                                    Density    =         1.0403
 ------------------------------------------------------------------------------

wrapping first mol.:       19.54344       27.63860       47.87146
wrapping first mol.:       19.54344       27.63860       47.87146

 NSTEP =    38000   TIME(PS) =    3776.000  TEMP(K) =   297.99  PRESS =   329.1
 Etot   =    -51408.9957  EKtot   =      9689.3066  EPtot      =    -61098.3024
 BOND   =       399.7328  ANGLE   =      1060.0645  DIHED      =       698.9875
 1-4 NB =       456.2188  1-4 EEL =      5631.6939  VDWAALS    =      6844.4021
 EELEC  =    -76208.5674  EHBOND  =         0.0000  RESTRAINT  =        19.1656
 EAMBER (non-restraint)  =    -61117.4679
 EKCMT  =      3995.0269  VIRIAL  =      2892.5680  VOLUME     =    155142.9905
                                                    Density    =         1.0414
 ------------------------------------------------------------------------------

wrapping first mol.:       19.54959       27.64729       47.88651
wrapping first mol.:       19.54959       27.64729       47.88651

 NSTEP =    38500   TIME(PS) =    3777.000  TEMP(K) =   298.47  PRESS =    49.7
 Etot   =    -51575.3156  EKtot   =      9704.9590  EPtot      =    -61280.2746
 BOND   =       423.5737  ANGLE   =      1068.4627  DIHED      =       713.5736
 1-4 NB =       454.5410  1-4 EEL =      5579.4576  VDWAALS    =      6809.0165
 EELEC  =    -76353.2392  EHBOND  =         0.0000  RESTRAINT  =        24.3395
 EAMBER (non-restraint)  =    -61304.6141
 EKCMT  =      4086.4673  VIRIAL  =      3919.7725  VOLUME     =    155293.3089
                                                    Density    =         1.0404
 ------------------------------------------------------------------------------

wrapping first mol.:       19.55686       27.65757       47.90432
wrapping first mol.:       19.55686       27.65757       47.90432

 NSTEP =    39000   TIME(PS) =    3778.000  TEMP(K) =   300.73  PRESS =   165.7
 Etot   =    -51294.0963  EKtot   =      9778.4199  EPtot      =    -61072.5162
 BOND   =       378.4547  ANGLE   =      1022.7862  DIHED      =       691.7678
 1-4 NB =       469.2889  1-4 EEL =      5640.2287  VDWAALS    =      6613.8317
 EELEC  =    -75914.7030  EHBOND  =         0.0000  RESTRAINT  =        25.8289
 EAMBER (non-restraint)  =    -61098.3451
 EKCMT  =      4100.8384  VIRIAL  =      3544.5440  VOLUME     =    155465.0019
                                                    Density    =         1.0392
 ------------------------------------------------------------------------------

wrapping first mol.:       19.55713       27.65796       47.90499
wrapping first mol.:       19.55713       27.65796       47.90499

 NSTEP =    39500   TIME(PS) =    3779.000  TEMP(K) =   299.04  PRESS =   143.6
 Etot   =    -51435.7622  EKtot   =      9723.5479  EPtot      =    -61159.3101
 BOND   =       384.9346  ANGLE   =      1038.2153  DIHED      =       707.9051
 1-4 NB =       469.8651  1-4 EEL =      5631.6827  VDWAALS    =      6853.1347
 EELEC  =    -76269.3867  EHBOND  =         0.0000  RESTRAINT  =        24.3390
 EAMBER (non-restraint)  =    -61183.6491
 EKCMT  =      4046.7371  VIRIAL  =      3564.5308  VOLUME     =    155471.8544
                                                    Density    =         1.0392
 ------------------------------------------------------------------------------

wrapping first mol.:       19.54982       27.64762       47.88708
wrapping first mol.:       19.54982       27.64762       47.88708

 NSTEP =    40000   TIME(PS) =    3780.000  TEMP(K) =   297.47  PRESS =   305.6
 Etot   =    -51462.1685  EKtot   =      9672.5039  EPtot      =    -61134.6724
 BOND   =       413.9986  ANGLE   =      1078.8308  DIHED      =       703.5107
 1-4 NB =       445.1485  1-4 EEL =      5594.8264  VDWAALS    =      6826.5035
 EELEC  =    -76223.9241  EHBOND  =         0.0000  RESTRAINT  =        26.4333
 EAMBER (non-restraint)  =    -61161.1057
 EKCMT  =      4037.9958  VIRIAL  =      3013.2883  VOLUME     =    155295.2316
                                                    Density    =         1.0404
 ------------------------------------------------------------------------------

wrapping first mol.:       19.52836       27.61727       47.83451
wrapping first mol.:       19.52836       27.61727       47.83451

 NSTEP =    40500   TIME(PS) =    3781.000  TEMP(K) =   299.45  PRESS =  -127.3
 Etot   =    -51313.5617  EKtot   =      9736.7080  EPtot      =    -61050.2697
 BOND   =       422.8853  ANGLE   =      1082.6078  DIHED      =       711.6689
 1-4 NB =       460.3285  1-4 EEL =      5665.7131  VDWAALS    =      6681.1102
 EELEC  =    -76098.7970  EHBOND  =         0.0000  RESTRAINT  =        24.2135
 EAMBER (non-restraint)  =    -61074.4832
 EKCMT  =      4085.8908  VIRIAL  =      4511.3091  VOLUME     =    154790.3258
                                                    Density    =         1.0438
 ------------------------------------------------------------------------------

wrapping first mol.:       19.54772       27.64464       47.88192
wrapping first mol.:       19.54772       27.64464       47.88192

 NSTEP =    41000   TIME(PS) =    3782.000  TEMP(K) =   300.70  PRESS =   100.4
 Etot   =    -51380.3892  EKtot   =      9777.4277  EPtot      =    -61157.8170
 BOND   =       421.9905  ANGLE   =      1025.6115  DIHED      =       691.7570
 1-4 NB =       479.0133  1-4 EEL =      5652.3325  VDWAALS    =      6875.2057
 EELEC  =    -76326.5214  EHBOND  =         0.0000  RESTRAINT  =        22.7939
 EAMBER (non-restraint)  =    -61180.6109
 EKCMT  =      4116.0833  VIRIAL  =      3779.6380  VOLUME     =    155247.9597
                                                    Density    =         1.0407
 ------------------------------------------------------------------------------

wrapping first mol.:       19.55801       27.65920       47.90713
wrapping first mol.:       19.55801       27.65920       47.90713

 NSTEP =    41500   TIME(PS) =    3783.000  TEMP(K) =   301.09  PRESS =   -58.3
 Etot   =    -51351.4534  EKtot   =      9790.1797  EPtot      =    -61141.6331
 BOND   =       405.3607  ANGLE   =      1078.2268  DIHED      =       709.6726
 1-4 NB =       465.3225  1-4 EEL =      5647.1667  VDWAALS    =      6781.8933
 EELEC  =    -76254.2555  EHBOND  =         0.0000  RESTRAINT  =        24.9799
 EAMBER (non-restraint)  =    -61166.6130
 EKCMT  =      4076.5925  VIRIAL  =      4272.4541  VOLUME     =    155495.4699
                                                    Density    =         1.0390
 ------------------------------------------------------------------------------

wrapping first mol.:       19.55841       27.65976       47.90811
wrapping first mol.:       19.55841       27.65976       47.90811

 NSTEP =    42000   TIME(PS) =    3784.000  TEMP(K) =   302.25  PRESS =   169.3
 Etot   =    -51168.3861  EKtot   =      9827.7920  EPtot      =    -60996.1781
 BOND   =       419.7697  ANGLE   =      1051.5077  DIHED      =       720.3582
 1-4 NB =       460.9103  1-4 EEL =      5610.4486  VDWAALS    =      6856.0801
 EELEC  =    -76142.6646  EHBOND  =         0.0000  RESTRAINT  =        27.4120
 EAMBER (non-restraint)  =    -61023.5901
 EKCMT  =      4119.4792  VIRIAL  =      3550.9271  VOLUME     =    155501.8458
                                                    Density    =         1.0390
 ------------------------------------------------------------------------------

wrapping first mol.:       19.58534       27.69785       47.97408
wrapping first mol.:       19.58534       27.69785       47.97408

 NSTEP =    42500   TIME(PS) =    3785.000  TEMP(K) =   303.66  PRESS =    92.5
 Etot   =    -51099.6047  EKtot   =      9873.4961  EPtot      =    -60973.1008
 BOND   =       429.7603  ANGLE   =      1100.2411  DIHED      =       733.2166
 1-4 NB =       455.7070  1-4 EEL =      5603.6423  VDWAALS    =      6768.7861
 EELEC  =    -76088.9137  EHBOND  =         0.0000  RESTRAINT  =        24.4596
 EAMBER (non-restraint)  =    -60997.5604
 EKCMT  =      4125.2667  VIRIAL  =      3813.3264  VOLUME     =    156146.2235
                                                    Density    =         1.0347
 ------------------------------------------------------------------------------

wrapping first mol.:       19.56604       27.67056       47.92682
wrapping first mol.:       19.56604       27.67056       47.92682

 NSTEP =    43000   TIME(PS) =    3786.000  TEMP(K) =   299.13  PRESS =    -0.8
 Etot   =    -51406.7537  EKtot   =      9726.2637  EPtot      =    -61133.0174
 BOND   =       403.4498  ANGLE   =      1061.5581  DIHED      =       692.3096
 1-4 NB =       463.8928  1-4 EEL =      5677.4172  VDWAALS    =      6809.3269
 EELEC  =    -76268.7779  EHBOND  =         0.0000  RESTRAINT  =        27.8062
 EAMBER (non-restraint)  =    -61160.8236
 EKCMT  =      4033.3476  VIRIAL  =      4035.8862  VOLUME     =    155686.4221
                                                    Density    =         1.0378
 ------------------------------------------------------------------------------

wrapping first mol.:       19.56926       27.67511       47.93469
wrapping first mol.:       19.56926       27.67511       47.93469

 NSTEP =    43500   TIME(PS) =    3787.000  TEMP(K) =   298.79  PRESS =   -57.0
 Etot   =    -51306.0979  EKtot   =      9715.2881  EPtot      =    -61021.3859
 BOND   =       417.4603  ANGLE   =      1049.3782  DIHED      =       712.1549
 1-4 NB =       457.3905  1-4 EEL =      5634.6322  VDWAALS    =      6779.1612
 EELEC  =    -76093.3003  EHBOND  =         0.0000  RESTRAINT  =        21.7371
 EAMBER (non-restraint)  =    -61043.1231
 EKCMT  =      4047.2506  VIRIAL  =      4238.8519  VOLUME     =    155763.9610
                                                    Density    =         1.0372
 ------------------------------------------------------------------------------

wrapping first mol.:       19.58493       27.69727       47.97308
wrapping first mol.:       19.58493       27.69727       47.97308

 NSTEP =    44000   TIME(PS) =    3788.000  TEMP(K) =   300.75  PRESS =  -299.2
 Etot   =    -51345.6359  EKtot   =      9778.9482  EPtot      =    -61124.5841
 BOND   =       399.0739  ANGLE   =      1028.4466  DIHED      =       688.2634
 1-4 NB =       462.2851  1-4 EEL =      5620.4879  VDWAALS    =      6746.0255
 EELEC  =    -76091.6980  EHBOND  =         0.0000  RESTRAINT  =        22.5314
 EAMBER (non-restraint)  =    -61147.1155
 EKCMT  =      4103.4623  VIRIAL  =      5112.1608  VOLUME     =    156141.8903
                                                    Density    =         1.0347
 ------------------------------------------------------------------------------

wrapping first mol.:       19.58045       27.69094       47.96211
wrapping first mol.:       19.58045       27.69094       47.96211

 NSTEP =    44500   TIME(PS) =    3789.000  TEMP(K) =   301.06  PRESS =   101.6
 Etot   =    -51316.3461  EKtot   =      9789.0996  EPtot      =    -61105.4457
 BOND   =       395.6938  ANGLE   =      1061.1898  DIHED      =       701.3012
 1-4 NB =       467.4696  1-4 EEL =      5629.2193  VDWAALS    =      6914.9347
 EELEC  =    -76296.3816  EHBOND  =         0.0000  RESTRAINT  =        21.1276
 EAMBER (non-restraint)  =    -61126.5733
 EKCMT  =      4056.5785  VIRIAL  =      3714.4464  VOLUME     =    156029.2549
                                                    Density    =         1.0355
 ------------------------------------------------------------------------------

wrapping first mol.:       19.56061       27.66287       47.91350
wrapping first mol.:       19.56061       27.66287       47.91350

 NSTEP =    45000   TIME(PS) =    3790.000  TEMP(K) =   299.85  PRESS =  -128.9
 Etot   =    -51328.4553  EKtot   =      9749.8350  EPtot      =    -61078.2902
 BOND   =       421.0678  ANGLE   =      1063.0809  DIHED      =       701.9739
 1-4 NB =       463.1929  1-4 EEL =      5640.0408  VDWAALS    =      6749.3404
 EELEC  =    -76143.0768  EHBOND  =         0.0000  RESTRAINT  =        26.0900
 EAMBER (non-restraint)  =    -61104.3802
 EKCMT  =      4131.1981  VIRIAL  =      4564.0622  VOLUME     =    155558.4709
                                                    Density    =         1.0386
 ------------------------------------------------------------------------------

wrapping first mol.:       19.56612       27.67067       47.92701
wrapping first mol.:       19.56612       27.67067       47.92701

 NSTEP =    45500   TIME(PS) =    3791.000  TEMP(K) =   297.66  PRESS =    92.7
 Etot   =    -51236.2765  EKtot   =      9678.5420  EPtot      =    -60914.8185
 BOND   =       419.6487  ANGLE   =      1062.3531  DIHED      =       709.4858
 1-4 NB =       453.7322  1-4 EEL =      5658.6894  VDWAALS    =      6835.4028
 EELEC  =    -76077.5659  EHBOND  =         0.0000  RESTRAINT  =        23.4355
 EAMBER (non-restraint)  =    -60938.2539
 EKCMT  =      4022.9579  VIRIAL  =      3711.3151  VOLUME     =    155687.0288
                                                    Density    =         1.0377
 ------------------------------------------------------------------------------

wrapping first mol.:       19.55496       27.65488       47.89966
wrapping first mol.:       19.55496       27.65488       47.89966

 NSTEP =    46000   TIME(PS) =    3792.000  TEMP(K) =   302.02  PRESS =     6.4
 Etot   =    -51003.8861  EKtot   =      9820.4082  EPtot      =    -60824.2943
 BOND   =       396.7709  ANGLE   =      1067.3015  DIHED      =       736.9481
 1-4 NB =       461.4255  1-4 EEL =      5623.8133  VDWAALS    =      6708.3211
 EELEC  =    -75840.4322  EHBOND  =         0.0000  RESTRAINT  =        21.5575
 EAMBER (non-restraint)  =    -60845.8518
 EKCMT  =      4104.8578  VIRIAL  =      4083.4266  VOLUME     =    155421.8073
                                                    Density    =         1.0395
 ------------------------------------------------------------------------------

wrapping first mol.:       19.56581       27.67023       47.92623
wrapping first mol.:       19.56581       27.67023       47.92623

 NSTEP =    46500   TIME(PS) =    3793.000  TEMP(K) =   299.69  PRESS =   275.7
 Etot   =    -51322.1530  EKtot   =      9744.5879  EPtot      =    -61066.7409
 BOND   =       415.3101  ANGLE   =      1098.3767  DIHED      =       674.9807
 1-4 NB =       458.2024  1-4 EEL =      5574.2623  VDWAALS    =      6892.7045
 EELEC  =    -76202.4790  EHBOND  =         0.0000  RESTRAINT  =        21.9015
 EAMBER (non-restraint)  =    -61088.6424
 EKCMT  =      4054.4858  VIRIAL  =      3127.9521  VOLUME     =    155676.9151
                                                    Density    =         1.0378
 ------------------------------------------------------------------------------

wrapping first mol.:       19.57178       27.67868       47.94087
wrapping first mol.:       19.57178       27.67868       47.94087

 NSTEP =    47000   TIME(PS) =    3794.000  TEMP(K) =   299.40  PRESS =   -20.9
 Etot   =    -51385.3428  EKtot   =      9735.1914  EPtot      =    -61120.5342
 BOND   =       365.8850  ANGLE   =      1071.2729  DIHED      =       699.2229
 1-4 NB =       451.7643  1-4 EEL =      5654.8185  VDWAALS    =      6849.7812
 EELEC  =    -76236.6541  EHBOND  =         0.0000  RESTRAINT  =        23.3751
 EAMBER (non-restraint)  =    -61143.9093
 EKCMT  =      4111.6202  VIRIAL  =      4181.9025  VOLUME     =    155823.7357
                                                    Density    =         1.0368
 ------------------------------------------------------------------------------

wrapping first mol.:       19.54603       27.64226       47.87779
wrapping first mol.:       19.54603       27.64226       47.87779

 NSTEP =    47500   TIME(PS) =    3795.000  TEMP(K) =   300.23  PRESS =  -236.2
 Etot   =    -51338.9023  EKtot   =      9762.1611  EPtot      =    -61101.0635
 BOND   =       411.8981  ANGLE   =      1108.7684  DIHED      =       691.6149
 1-4 NB =       441.1583  1-4 EEL =      5642.9360  VDWAALS    =      6622.7045
 EELEC  =    -76043.6117  EHBOND  =         0.0000  RESTRAINT  =        23.4680
 EAMBER (non-restraint)  =    -61124.5315
 EKCMT  =      4080.4656  VIRIAL  =      4872.0491  VOLUME     =    155212.3922
                                                    Density    =         1.0409
 ------------------------------------------------------------------------------

wrapping first mol.:       19.55005       27.64794       47.88763
wrapping first mol.:       19.55005       27.64794       47.88763

 NSTEP =    48000   TIME(PS) =    3796.000  TEMP(K) =   300.03  PRESS =    94.7
 Etot   =    -51220.3648  EKtot   =      9755.5684  EPtot      =    -60975.9332
 BOND   =       406.6997  ANGLE   =      1054.9890  DIHED      =       681.1343
 1-4 NB =       469.6782  1-4 EEL =      5619.0046  VDWAALS    =      6541.0874
 EELEC  =    -75774.6681  EHBOND  =         0.0000  RESTRAINT  =        26.1416
 EAMBER (non-restraint)  =    -61002.0748
 EKCMT  =      4103.1016  VIRIAL  =      3785.4743  VOLUME     =    155303.5809
                                                    Density    =         1.0403
 ------------------------------------------------------------------------------

wrapping first mol.:       19.54586       27.64201       47.87737
wrapping first mol.:       19.54586       27.64201       47.87737

 NSTEP =    48500   TIME(PS) =    3797.000  TEMP(K) =   302.49  PRESS =   156.2
 Etot   =    -51197.1582  EKtot   =      9835.5664  EPtot      =    -61032.7246
 BOND   =       366.6930  ANGLE   =      1088.3910  DIHED      =       716.2213
 1-4 NB =       470.3342  1-4 EEL =      5612.7183  VDWAALS    =      6856.8286
 EELEC  =    -76168.7485  EHBOND  =         0.0000  RESTRAINT  =        24.8373
 EAMBER (non-restraint)  =    -61057.5620
 EKCMT  =      4095.4519  VIRIAL  =      3572.1112  VOLUME     =    155202.8835
                                                    Density    =         1.0410
 ------------------------------------------------------------------------------

wrapping first mol.:       19.54825       27.64540       47.88324
wrapping first mol.:       19.54825       27.64540       47.88324

 NSTEP =    49000   TIME(PS) =    3798.000  TEMP(K) =   296.75  PRESS =   192.9
 Etot   =    -51353.8382  EKtot   =      9648.9746  EPtot      =    -61002.8128
 BOND   =       417.3770  ANGLE   =      1084.7226  DIHED      =       690.9872
 1-4 NB =       460.4699  1-4 EEL =      5653.0136  VDWAALS    =      6741.7257
 EELEC  =    -76073.8575  EHBOND  =         0.0000  RESTRAINT  =        22.7486
 EAMBER (non-restraint)  =    -61025.5614
 EKCMT  =      4077.1435  VIRIAL  =      3430.4033  VOLUME     =    155259.4402
                                                    Density    =         1.0406
 ------------------------------------------------------------------------------

wrapping first mol.:       19.55206       27.65078       47.89256
wrapping first mol.:       19.55206       27.65078       47.89256

 NSTEP =    49500   TIME(PS) =    3799.000  TEMP(K) =   302.80  PRESS =   -61.5
 Etot   =    -51214.0803  EKtot   =      9845.7100  EPtot      =    -61059.7903
 BOND   =       416.1655  ANGLE   =      1068.0380  DIHED      =       706.2551
 1-4 NB =       459.0582  1-4 EEL =      5608.6456  VDWAALS    =      6614.8001
 EELEC  =    -75956.2646  EHBOND  =         0.0000  RESTRAINT  =        23.5117
 EAMBER (non-restraint)  =    -61083.3020
 EKCMT  =      4156.4795  VIRIAL  =      4362.6832  VOLUME     =    155353.6688
                                                    Density    =         1.0400
 ------------------------------------------------------------------------------

wrapping first mol.:       19.53228       27.62281       47.84410
wrapping first mol.:       19.53228       27.62281       47.84410

 NSTEP =    50000   TIME(PS) =    3800.000  TEMP(K) =   297.95  PRESS =    60.1
 Etot   =    -51309.8547  EKtot   =      9687.9639  EPtot      =    -60997.8185
 BOND   =       399.4749  ANGLE   =      1048.0066  DIHED      =       711.1647
 1-4 NB =       468.1434  1-4 EEL =      5615.8231  VDWAALS    =      6720.1993
 EELEC  =    -75982.8501  EHBOND  =         0.0000  RESTRAINT  =        22.2196
 EAMBER (non-restraint)  =    -61020.0381
 EKCMT  =      4100.2220  VIRIAL  =      3899.2642  VOLUME     =    154880.9165
                                                    Density    =         1.0431
 ------------------------------------------------------------------------------


      A V E R A G E S   O V E R     100 S T E P S


 NSTEP =    50000   TIME(PS) =    3800.000  TEMP(K) =   299.87  PRESS =     9.8
 Etot   =    -51312.1896  EKtot   =      9750.3731  EPtot      =    -61062.5627
 BOND   =       404.4170  ANGLE   =      1063.1322  DIHED      =       706.6248
 1-4 NB =       461.0541  1-4 EEL =      5641.0439  VDWAALS    =      6757.6671
 EELEC  =    -76118.6240  EHBOND  =         0.0000  RESTRAINT  =        22.1222
 EAMBER (non-restraint)  =    -61084.6849
 EKCMT  =      4083.1722  VIRIAL  =      4050.2926  VOLUME     =    155294.9394
                                                    Density    =         1.0404
 ------------------------------------------------------------------------------


      R M S  F L U C T U A T I O N S


 NSTEP =    50000   TIME(PS) =    3800.000  TEMP(K) =     1.98  PRESS =   201.0
 Etot   =       117.1380  EKtot   =        64.3599  EPtot      =        99.0068
 BOND   =        16.6175  ANGLE   =        22.7930  DIHED      =        13.9117
 1-4 NB =         8.1704  1-4 EEL =        24.6288  VDWAALS    =       100.9866
 EELEC  =       150.7490  EHBOND  =         0.0000  RESTRAINT  =         2.7564
 EAMBER (non-restraint)  =        96.2504
 EKCMT  =        41.7200  VIRIAL  =       687.7546  VOLUME     =       374.6876
                                                    Density    =         0.0025
 ------------------------------------------------------------------------------

--------------------------------------------------------------------------------
   5.  TIMINGS
--------------------------------------------------------------------------------

|  NonSetup CPU Time in Major Routines:
|
|     Routine           Sec        %
|     ------------------------------
|     Nonbond          72.27   83.30
|     Bond              0.00    0.00
|     Angle             0.00    0.00
|     Dihedral          0.00    0.00
|     Shake             0.25    0.29
|     RunMD            14.15   16.30
|     Other             0.10    0.11
|     ------------------------------
|     Total            86.76

|  PME Nonbond Pairlist CPU Time:
|
|     Routine              Sec        %
|     ---------------------------------
|     Set Up Cit           0.00    0.00
|     Build List           0.00    0.00
|     ---------------------------------
|     Total                0.00    0.00

|  PME Direct Force CPU Time:
|
|     Routine              Sec        %
|     ---------------------------------
|     NonBonded Calc       0.00    0.00
|     Exclude Masked       0.00    0.00
|     Other                0.06    0.07
|     ---------------------------------
|     Total                0.06    0.07

|  PME Reciprocal Force CPU Time:
|
|     Routine              Sec        %
|     ---------------------------------
|     1D bspline           0.00    0.00
|     Grid Charges         0.00    0.00
|     Scalar Sum           0.00    0.00
|     Gradient Sum         0.00    0.00
|     FFT                  0.00    0.00
|     ---------------------------------
|     Total                0.00    0.00

|  Final Performance Info:
|     -----------------------------------------------------
|     Average timings for last   15000 steps:
|     Elapsed(s) =      26.01 Per Step(ms) =       1.73
|         ns/day =      99.65   seconds/ns =     867.04
|
|     Average timings for all steps:
|     Elapsed(s) =      86.75 Per Step(ms) =       1.73
|         ns/day =      99.60   seconds/ns =     867.49
|     -----------------------------------------------------

|  Setup CPU time:            0.64 seconds
|  NonSetup CPU time:        86.76 seconds
|  Total CPU time:           87.40 seconds     0.02 hours

|  Setup wall time:           0    seconds
|  NonSetup wall time:       87    seconds
|  Total wall time:          87    seconds     0.02 hours
