
          -------------------------------------------------------
          Amber 18 PMEMD                              2018
          -------------------------------------------------------

| PMEMD implementation of SANDER, Release 18

| Run on 09/29/2019 at 23:20:31

|   Executable path: pmemd.cuda
| Working directory: /home/pbarletta/lbp/run/2ifb/mhe/e
|          Hostname: Unknown
  [-O]verwriting output

File Assignments:
|   MDIN: 40equ.in                                                              
|  MDOUT: 40equ.out                                                             
| INPCRD: 39e2ifb.rst7                                                          
|   PARM: /home/pbarletta/lbp/top_files/2ifb.prmtop                             
| RESTRT: 40e2ifb.rst7                                                          
|   REFC: 39e2ifb.rst7                                                          
|  MDVEL: mdvel                                                                 
|   MDEN: mden                                                                  
|  MDCRD: 40e2ifb.nc                                                            
| MDINFO: mdinfo                                                                
|  MDFRC: mdfrc                                                                 


 Here is the input file:

Equilibration with solute restrictions                                         
&cntrl                                                                         
imin = 0,                           ! No Minimization                          
nmropt = 0,                         ! No NMR restraints read                   
                                                                               
! Nature and format of the input                                               
ntx = 5,                            ! Coordinates but no velocities will be rea
irest = 1,                          ! Do not run a new simulation              
                                                                               
! Nature and format of the output                                              
ntxo = 1,                           ! rstrt file in ASCII format               
ntpr = 500,                         ! inf in output every ntpr steps           
ntwr = 500,                         ! rstrt file every ntwr steps              
ntwx = 500,                         ! mdcrd file every ntwx steps              
ntwv = 0,                           ! mdvel without velocities                 
ntwe = 0,                           ! Do not write energies and temperatures   
idecomp = 0,                        ! No energy decomposition                  
iwrap = 1,                          ! Coordinates of the restart and mdcrd file
                                                                               
! Frozen or restrained atoms                                                   
ibelly = 0,                         ! No frozen atoms                          
ntr=1,                              ! Harmonic potential restraints            
restraint_wt = 0.11,                ! The weight for the positional restraints 
restraintmask = ':1-131@N,CA,C,O',  ! restrained residues                      
                                                                               
! Molecular dynamics                                                           
nstlim = 50000,                     ! Number of MD-steps                       
dt = 0.002,                         ! Time step                                
                                                                               
! Temperature regulation                                                       
ntt = 3,                            ! Langevin thermostat                      
gamma_ln = 5,                       ! Gamma constant for Langevin              
temp0 = 300.0,                      ! Reference T at which the system is to be 
tempi = 300.0,                      ! Initial T                                
ig = -1,                            ! Seed for the RNG                         
                                                                               
! P and V regulation                                                           
ntp = 1,                            ! constant P                               
barostat = 1,                       ! Berendsen barostat                       
taup = 1,                           ! Pressure relaxation time                 
ntb = 2,                            ! Periodic box for constant P              
                                                                               
! SHAKE variables                                                              
ntc = 2,                            ! Bonds involving H are constrained        
ntf = 2,                            ! Bond interaction involving H are ommited.
                                                                               
cut = 10.0,                         ! Nonbonded cutoff                         
/                                                                              
&end                                                                           


Note: ig = -1. Setting random seed to   865560 based on wallclock time in 
      microseconds.
| irandom = 1, using AMBER's internal random number generator (default).
 
|--------------------- INFORMATION ----------------------
| GPU (CUDA) Version of PMEMD in use: NVIDIA GPU IN USE.
|                    Version 18.0.0
| 
|                      03/25/2018
| 
| Implementation by:
|                    Ross C. Walker     (SDSC)
|                    Scott Le Grand     (nVIDIA)
| 
| Version 18 performance extensions by:
|                    David Cerutti     (Rutgers)
| 
| Precision model in use:
|      [SPFP] - Single Precision Forces, 64-bit Fixed Point
|               Accumulation. (Default)
| 
|--------------------------------------------------------
 
|----------------- CITATION INFORMATION -----------------
|
|    When publishing work that utilized the CUDA version
|    of AMBER, please cite the following in addition to
|    the regular AMBER citations:
|
|  - Romelia Salomon-Ferrer; Andreas W. Goetz; Duncan
|    Poole; Scott Le Grand; Ross C. Walker "Routine
|    microsecond molecular dynamics simulations with
|    AMBER - Part II: Particle Mesh Ewald", J. Chem.
|    Theory Comput., 2013, 9 (9), pp3878-3888,
|    DOI: 10.1021/ct400314y.
|
|  - Andreas W. Goetz; Mark J. Williamson; Dong Xu;
|    Duncan Poole; Scott Le Grand; Ross C. Walker
|    "Routine microsecond molecular dynamics simulations
|    with AMBER - Part I: Generalized Born", J. Chem.
|    Theory Comput., 2012, 8 (5), pp1542-1555.
|
|  - Scott Le Grand; Andreas W. Goetz; Ross C. Walker
|    "SPFP: Speed without compromise - a mixed precision
|    model for GPU accelerated molecular dynamics
|    simulations.", Comp. Phys. Comm., 2013, 184
|    pp374-380, DOI: 10.1016/j.cpc.2012.09.022
|
|--------------------------------------------------------
 
|------------------- GPU DEVICE INFO --------------------
|
|            CUDA_VISIBLE_DEVICES: 1
|   CUDA Capable Devices Detected:      1
|           CUDA Device ID in use:      0
|                CUDA Device Name: GeForce GTX 1060 6GB
|     CUDA Device Global Mem Size:   6078 MB
| CUDA Device Num Multiprocessors:     10
|           CUDA Device Core Freq:   1.76 GHz
|
|--------------------------------------------------------
 
 
| Conditional Compilation Defines Used:
| PUBFFT
| BINTRAJ
| CUDA
| EMIL

| Largest sphere to fit in unit cell has radius =    23.961

| New format PARM file being parsed.
| Version =    1.000 Date = 09/29/19 Time = 21:53:24

| Note: 1-4 EEL scale factors are being read from the topology file.

| Note: 1-4 VDW scale factors are being read from the topology file.
| Duplicated    0 dihedrals

| Duplicated    0 dihedrals

--------------------------------------------------------------------------------
   1.  RESOURCE   USE: 
--------------------------------------------------------------------------------

 getting new box info from bottom of inpcrd
 NATOM  =   20379 NTYPES =      17 NBONH =   14750 MBONA  =    5644
 NTHETH =    2483 MTHETA =    1455 NPHIH =    4974 MPHIA  =    4548
 NHPARM =       0 NPARM  =       0 NNB   =   43788 NRES   =    4686
 NBONA  =    5644 NTHETA =    1455 NPHIA =    4548 NUMBND =      77
 NUMANG =     166 NPTRA  =     185 NATYP =      42 NPHB   =       1
 IFBOX  =       2 NMXRS  =      50 IFCAP =       0 NEXTRA =    4554
 NCOPY  =       0

| Coordinate Index Table dimensions:     9    9    9
| Direct force subcell size =     6.5215    6.5215    6.5215

     BOX TYPE: TRUNCATED OCTAHEDRON

--------------------------------------------------------------------------------
   2.  CONTROL  DATA  FOR  THE  RUN
--------------------------------------------------------------------------------

default_name                                                                    

General flags:
     imin    =       0, nmropt  =       0

Nature and format of input:
     ntx     =       5, irest   =       1, ntrx    =       1

Nature and format of output:
     ntxo    =       1, ntpr    =     500, ntrx    =       1, ntwr    =     500
     iwrap   =       1, ntwx    =     500, ntwv    =       0, ntwe    =       0
     ioutfm  =       1, ntwprt  =       0, idecomp =       0, rbornstat=      0

Potential function:
     ntf     =       2, ntb     =       2, igb     =       0, nsnb    =      25
     ipol    =       0, gbsa    =       0, iesp    =       0
     dielc   =   1.00000, cut     =  10.00000, intdiel =   1.00000

Frozen or restrained atoms:
     ibelly  =       0, ntr     =       1
     restraint_wt =   0.11000

Molecular dynamics:
     nstlim  =     50000, nscm    =         0, nrespa  =         1
     t       =   0.00000, dt      =   0.00200, vlimit  =  -1.00000

Langevin dynamics temperature regulation:
     ig      =  865560
     temp0   = 300.00000, tempi   = 300.00000, gamma_ln=   5.00000

Pressure regulation:
     ntp     =       1
     pres0   =   1.00000, comp    =  44.60000, taup    =   1.00000

SHAKE:
     ntc     =       2, jfastw  =       0
     tol     =   0.00001

| Intermolecular bonds treatment:
|     no_intermolecular_bonds =       1

| Energy averages sample interval:
|     ene_avg_sampling =     500

Extra-points options:
     frameon =       1, chngmask=       1

Ewald parameters:
     verbose =       0, ew_type =       0, nbflag  =       1, use_pme =       1
     vdwmeth =       1, eedmeth =       1, netfrc  =       1
     Box X =   58.693   Box Y =   58.693   Box Z =   58.693
     Alpha =  109.471   Beta  =  109.471   Gamma =  109.471
     NFFT1 =   64       NFFT2 =   64       NFFT3 =   64
     Cutoff=   10.000   Tol   =0.100E-04
     Ewald Coefficient =  0.27511
     Interpolation order =    4

    LOADING THE CONSTRAINED ATOMS AS GROUPS


   5.  REFERENCE ATOM COORDINATES

  default_name                                                                    
     Mask :1-131@N,CA,C,O; matches   524 atoms
|      EXTRA_PTS, trim_bonds: num bonds BEFORE trim = 14750     0
|      EXTRA_PTS, trim_bonds: num bonds AFTER  trim = 14750     0
|      EXTRA_PTS, trim_bonds: num bonds BEFORE trim =  5644     0
|      EXTRA_PTS, trim_bonds: num bonds AFTER  trim =  1090     0
|      EXTRA_PTS, trim_theta: num angle BEFORE trim =  2483     0
|      EXTRA_PTS, trim_theta: num angle AFTER  trim =  2483     0
|      EXTRA_PTS, trim_theta: num angle BEFORE trim =  1455     0
|      EXTRA_PTS, trim_theta: num angle AFTER  trim =  1455     0
|      EXTRA_PTS, trim_phi:  num diheds BEFORE trim =  4974     0
|      EXTRA_PTS, trim_phi:  num diheds AFTER  trim =  4974     0
|      EXTRA_PTS, trim_phi:  num diheds BEFORE trim =  4548     0
|      EXTRA_PTS, trim_phi:  num diheds AFTER  trim =  4548     0

--------------------------------------------------------------------------------
   3.  ATOMIC COORDINATES AND VELOCITIES
--------------------------------------------------------------------------------

default_name                                                                    
 begin time read from input coords =  4300.000 ps

 
 Number of triangulated 3-point waters found:     4554

     Sum of charges from parm topology file =   0.00202595
     Forcing neutrality...

| Dynamic Memory, Types Used:
| Reals             1016965
| Integers          1501222

| Nonbonded Pairs Initial Allocation:     6164138

| GPU memory information (estimate):
| KB of GPU memory in use:         0
| KB of CPU memory in use:         0

--------------------------------------------------------------------------------
   4.  RESULTS
--------------------------------------------------------------------------------

wrapping first mol.:       19.54412       27.63956       47.87313
wrapping first mol.:       19.54412       27.63956       47.87313

 NSTEP =      500   TIME(PS) =    4301.000  TEMP(K) =   295.28  PRESS =   -21.6
 Etot   =    -51423.2262  EKtot   =      9601.2402  EPtot      =    -61024.4664
 BOND   =       420.4598  ANGLE   =      1052.4176  DIHED      =       710.6656
 1-4 NB =       460.2868  1-4 EEL =      5680.2957  VDWAALS    =      6692.4135
 EELEC  =    -76049.4842  EHBOND  =         0.0000  RESTRAINT  =         8.4789
 EAMBER (non-restraint)  =    -61032.9453
 EKCMT  =      3959.3415  VIRIAL  =      4031.5884  VOLUME     =    155164.0753
                                                    Density    =         1.0412
 ------------------------------------------------------------------------------

wrapping first mol.:       19.54972       27.64748       47.88683
wrapping first mol.:       19.54972       27.64748       47.88683

 NSTEP =     1000   TIME(PS) =    4302.000  TEMP(K) =   295.56  PRESS =   -80.4
 Etot   =    -51647.4023  EKtot   =      9610.2900  EPtot      =    -61257.6924
 BOND   =       417.6370  ANGLE   =      1047.9609  DIHED      =       707.7018
 1-4 NB =       462.4142  1-4 EEL =      5653.7946  VDWAALS    =      6817.6903
 EELEC  =    -76378.8436  EHBOND  =         0.0000  RESTRAINT  =        13.9524
 EAMBER (non-restraint)  =    -61271.6447
 EKCMT  =      4034.8241  VIRIAL  =      4304.4602  VOLUME     =    155298.1949
                                                    Density    =         1.0403
 ------------------------------------------------------------------------------

wrapping first mol.:       19.55878       27.66029       47.90902
wrapping first mol.:       19.55878       27.66029       47.90902

 NSTEP =     1500   TIME(PS) =    4303.000  TEMP(K) =   299.05  PRESS =    44.1
 Etot   =    -51361.4376  EKtot   =      9723.7500  EPtot      =    -61085.1876
 BOND   =       393.5147  ANGLE   =      1088.5879  DIHED      =       725.9008
 1-4 NB =       466.5761  1-4 EEL =      5644.8155  VDWAALS    =      6667.3046
 EELEC  =    -76085.1310  EHBOND  =         0.0000  RESTRAINT  =        13.2438
 EAMBER (non-restraint)  =    -61098.4314
 EKCMT  =      4046.5443  VIRIAL  =      3898.4273  VOLUME     =    155512.4216
                                                    Density    =         1.0389
 ------------------------------------------------------------------------------

wrapping first mol.:       19.53742       27.63009       47.85671
wrapping first mol.:       19.53742       27.63009       47.85671

 NSTEP =     2000   TIME(PS) =    4304.000  TEMP(K) =   299.38  PRESS =   231.7
 Etot   =    -51413.3773  EKtot   =      9734.5547  EPtot      =    -61147.9320
 BOND   =       388.1319  ANGLE   =      1074.3180  DIHED      =       697.9276
 1-4 NB =       450.6754  1-4 EEL =      5646.8685  VDWAALS    =      6790.9317
 EELEC  =    -76209.9663  EHBOND  =         0.0000  RESTRAINT  =        13.1812
 EAMBER (non-restraint)  =    -61161.1132
 EKCMT  =      4124.7720  VIRIAL  =      3349.4369  VOLUME     =    155001.0622
                                                    Density    =         1.0423
 ------------------------------------------------------------------------------

wrapping first mol.:       19.54372       27.63899       47.87213
wrapping first mol.:       19.54372       27.63899       47.87213

 NSTEP =     2500   TIME(PS) =    4305.000  TEMP(K) =   302.58  PRESS =   -39.8
 Etot   =    -51156.6704  EKtot   =      9838.6152  EPtot      =    -60995.2856
 BOND   =       396.2650  ANGLE   =      1114.4582  DIHED      =       725.0012
 1-4 NB =       458.9718  1-4 EEL =      5656.7416  VDWAALS    =      6725.0785
 EELEC  =    -76083.9852  EHBOND  =         0.0000  RESTRAINT  =        12.1832
 EAMBER (non-restraint)  =    -61007.4688
 EKCMT  =      4123.2151  VIRIAL  =      4256.4223  VOLUME     =    155154.6025
                                                    Density    =         1.0413
 ------------------------------------------------------------------------------

wrapping first mol.:       19.56156       27.66422       47.91583
wrapping first mol.:       19.56156       27.66422       47.91583

 NSTEP =     3000   TIME(PS) =    4306.000  TEMP(K) =   295.54  PRESS =   123.3
 Etot   =    -51467.1841  EKtot   =      9609.6504  EPtot      =    -61076.8345
 BOND   =       392.5286  ANGLE   =      1068.9538  DIHED      =       691.5189
 1-4 NB =       441.0518  1-4 EEL =      5671.6497  VDWAALS    =      6806.4845
 EELEC  =    -76163.0235  EHBOND  =         0.0000  RESTRAINT  =        14.0015
 EAMBER (non-restraint)  =    -61090.8360
 EKCMT  =      3990.3026  VIRIAL  =      3576.2502  VOLUME     =    155577.6998
                                                    Density    =         1.0385
 ------------------------------------------------------------------------------

wrapping first mol.:       19.55470       27.65452       47.89902
wrapping first mol.:       19.55470       27.65452       47.89902

 NSTEP =     3500   TIME(PS) =    4307.000  TEMP(K) =   300.46  PRESS =   233.1
 Etot   =    -51321.5755  EKtot   =      9769.5586  EPtot      =    -61091.1341
 BOND   =       398.7240  ANGLE   =      1025.0841  DIHED      =       688.1877
 1-4 NB =       454.3207  1-4 EEL =      5674.1880  VDWAALS    =      6924.1674
 EELEC  =    -76267.6857  EHBOND  =         0.0000  RESTRAINT  =        11.8798
 EAMBER (non-restraint)  =    -61103.0139
 EKCMT  =      4087.3318  VIRIAL  =      3305.1292  VOLUME     =    155412.5084
                                                    Density    =         1.0396
 ------------------------------------------------------------------------------

wrapping first mol.:       19.55899       27.66059       47.90954
wrapping first mol.:       19.55899       27.66059       47.90954

 NSTEP =     4000   TIME(PS) =    4308.000  TEMP(K) =   302.18  PRESS =   136.7
 Etot   =    -51180.5305  EKtot   =      9825.6553  EPtot      =    -61006.1858
 BOND   =       414.8930  ANGLE   =      1021.6726  DIHED      =       723.4229
 1-4 NB =       449.9269  1-4 EEL =      5626.7841  VDWAALS    =      6732.3625
 EELEC  =    -75986.7171  EHBOND  =         0.0000  RESTRAINT  =        11.4692
 EAMBER (non-restraint)  =    -61017.6550
 EKCMT  =      4138.4701  VIRIAL  =      3679.5032  VOLUME     =    155516.2672
                                                    Density    =         1.0389
 ------------------------------------------------------------------------------

wrapping first mol.:       19.56563       27.66998       47.92580
wrapping first mol.:       19.56563       27.66998       47.92580

 NSTEP =     4500   TIME(PS) =    4309.000  TEMP(K) =   296.38  PRESS =    20.9
 Etot   =    -51402.3271  EKtot   =      9637.0039  EPtot      =    -61039.3310
 BOND   =       376.9276  ANGLE   =      1072.5193  DIHED      =       720.6024
 1-4 NB =       452.5094  1-4 EEL =      5627.6456  VDWAALS    =      6753.5410
 EELEC  =    -76053.9500  EHBOND  =         0.0000  RESTRAINT  =        10.8737
 EAMBER (non-restraint)  =    -61050.2047
 EKCMT  =      4021.5296  VIRIAL  =      3951.2335  VOLUME     =    155676.2213
                                                    Density    =         1.0378
 ------------------------------------------------------------------------------

wrapping first mol.:       19.57067       27.67710       47.93815
wrapping first mol.:       19.57067       27.67710       47.93815

 NSTEP =     5000   TIME(PS) =    4310.000  TEMP(K) =   299.47  PRESS =    99.7
 Etot   =    -51321.7335  EKtot   =      9737.4297  EPtot      =    -61059.1632
 BOND   =       378.7519  ANGLE   =      1054.6945  DIHED      =       709.1946
 1-4 NB =       468.5956  1-4 EEL =      5656.1942  VDWAALS    =      6798.4039
 EELEC  =    -76138.1086  EHBOND  =         0.0000  RESTRAINT  =        13.1108
 EAMBER (non-restraint)  =    -61072.2739
 EKCMT  =      4086.9698  VIRIAL  =      3751.4938  VOLUME     =    155795.4756
                                                    Density    =         1.0370
 ------------------------------------------------------------------------------

wrapping first mol.:       19.56860       27.67418       47.93309
wrapping first mol.:       19.56860       27.67418       47.93309

 NSTEP =     5500   TIME(PS) =    4311.000  TEMP(K) =   304.05  PRESS =  -144.4
 Etot   =    -51221.6230  EKtot   =      9886.2900  EPtot      =    -61107.9130
 BOND   =       401.8107  ANGLE   =      1043.8784  DIHED      =       721.5272
 1-4 NB =       471.9109  1-4 EEL =      5718.4023  VDWAALS    =      6729.2035
 EELEC  =    -76209.4695  EHBOND  =         0.0000  RESTRAINT  =        14.8234
 EAMBER (non-restraint)  =    -61122.7365
 EKCMT  =      4101.1001  VIRIAL  =      4586.7309  VOLUME     =    155749.5280
                                                    Density    =         1.0373
 ------------------------------------------------------------------------------

wrapping first mol.:       19.58019       27.69057       47.96148
wrapping first mol.:       19.58019       27.69057       47.96148

 NSTEP =     6000   TIME(PS) =    4312.000  TEMP(K) =   300.40  PRESS =   282.6
 Etot   =    -51410.1784  EKtot   =      9767.6035  EPtot      =    -61177.7819
 BOND   =       380.8267  ANGLE   =      1080.7219  DIHED      =       693.4939
 1-4 NB =       455.0367  1-4 EEL =      5630.0118  VDWAALS    =      6923.9840
 EELEC  =    -76356.8688  EHBOND  =         0.0000  RESTRAINT  =        15.0120
 EAMBER (non-restraint)  =    -61192.7939
 EKCMT  =      4036.4171  VIRIAL  =      3084.3018  VOLUME     =    156020.5150
                                                    Density    =         1.0355
 ------------------------------------------------------------------------------

wrapping first mol.:       19.57857       27.68827       47.95749
wrapping first mol.:       19.57857       27.68827       47.95749

 NSTEP =     6500   TIME(PS) =    4313.000  TEMP(K) =   293.80  PRESS =  -261.8
 Etot   =    -51519.2404  EKtot   =      9553.0078  EPtot      =    -61072.2482
 BOND   =       404.0257  ANGLE   =      1067.6116  DIHED      =       719.2552
 1-4 NB =       459.5408  1-4 EEL =      5660.1900  VDWAALS    =      6740.5303
 EELEC  =    -76137.1303  EHBOND  =         0.0000  RESTRAINT  =        13.7285
 EAMBER (non-restraint)  =    -61085.9767
 EKCMT  =      3947.9125  VIRIAL  =      4829.5785  VOLUME     =    155989.1878
                                                    Density    =         1.0357
 ------------------------------------------------------------------------------

wrapping first mol.:       19.59606       27.71302       48.00035
wrapping first mol.:       19.59606       27.71302       48.00035

 NSTEP =     7000   TIME(PS) =    4314.000  TEMP(K) =   298.81  PRESS =    68.0
 Etot   =    -51518.4598  EKtot   =      9715.9814  EPtot      =    -61234.4412
 BOND   =       402.8029  ANGLE   =      1044.5312  DIHED      =       711.3331
 1-4 NB =       449.2349  1-4 EEL =      5574.5532  VDWAALS    =      6964.3691
 EELEC  =    -76394.2414  EHBOND  =         0.0000  RESTRAINT  =        12.9758
 EAMBER (non-restraint)  =    -61247.4170
 EKCMT  =      4087.9450  VIRIAL  =      3858.3526  VOLUME     =    156403.1970
                                                    Density    =         1.0330
 ------------------------------------------------------------------------------

wrapping first mol.:       19.59877       27.71685       48.00698
wrapping first mol.:       19.59877       27.71685       48.00698

 NSTEP =     7500   TIME(PS) =    4315.000  TEMP(K) =   297.20  PRESS =   322.6
 Etot   =    -51467.6095  EKtot   =      9663.6738  EPtot      =    -61131.2833
 BOND   =       360.1598  ANGLE   =      1088.3442  DIHED      =       707.5836
 1-4 NB =       440.5756  1-4 EEL =      5668.2020  VDWAALS    =      6955.3449
 EELEC  =    -76368.5998  EHBOND  =         0.0000  RESTRAINT  =        17.1063
 EAMBER (non-restraint)  =    -61148.3897
 EKCMT  =      4069.9495  VIRIAL  =      2980.0170  VOLUME     =    156464.4500
                                                    Density    =         1.0326
 ------------------------------------------------------------------------------

wrapping first mol.:       19.58877       27.70271       47.98249
wrapping first mol.:       19.58877       27.70271       47.98249

 NSTEP =     8000   TIME(PS) =    4316.000  TEMP(K) =   303.28  PRESS =   247.3
 Etot   =    -51181.5539  EKtot   =      9861.2021  EPtot      =    -61042.7561
 BOND   =       414.6991  ANGLE   =      1052.7582  DIHED      =       695.0959
 1-4 NB =       446.2332  1-4 EEL =      5653.9836  VDWAALS    =      6859.9956
 EELEC  =    -76180.4167  EHBOND  =         0.0000  RESTRAINT  =        14.8951
 EAMBER (non-restraint)  =    -61057.6512
 EKCMT  =      4133.4790  VIRIAL  =      3299.2633  VOLUME     =    156226.2068
                                                    Density    =         1.0342
 ------------------------------------------------------------------------------

wrapping first mol.:       19.57758       27.68688       47.95507
wrapping first mol.:       19.57758       27.68688       47.95507

 NSTEP =     8500   TIME(PS) =    4317.000  TEMP(K) =   302.16  PRESS =  -271.8
 Etot   =    -51440.4658  EKtot   =      9824.8379  EPtot      =    -61265.3037
 BOND   =       386.9580  ANGLE   =      1026.8032  DIHED      =       707.9356
 1-4 NB =       474.2054  1-4 EEL =      5618.6757  VDWAALS    =      6814.1607
 EELEC  =    -76308.6841  EHBOND  =         0.0000  RESTRAINT  =        14.6418
 EAMBER (non-restraint)  =    -61279.9455
 EKCMT  =      4138.6370  VIRIAL  =      5054.0622  VOLUME     =    155965.7126
                                                    Density    =         1.0359
 ------------------------------------------------------------------------------

wrapping first mol.:       19.56594       27.67042       47.92656
wrapping first mol.:       19.56594       27.67042       47.92656

 NSTEP =     9000   TIME(PS) =    4318.000  TEMP(K) =   299.20  PRESS =    15.3
 Etot   =    -51500.1050  EKtot   =      9728.7344  EPtot      =    -61228.8393
 BOND   =       392.8646  ANGLE   =      1058.9712  DIHED      =       717.3483
 1-4 NB =       463.2889  1-4 EEL =      5614.9033  VDWAALS    =      6873.9955
 EELEC  =    -76365.3835  EHBOND  =         0.0000  RESTRAINT  =        15.1723
 EAMBER (non-restraint)  =    -61244.0116
 EKCMT  =      3974.2092  VIRIAL  =      3922.8292  VOLUME     =    155683.7479
                                                    Density    =         1.0378
 ------------------------------------------------------------------------------

wrapping first mol.:       19.56589       27.67035       47.92645
wrapping first mol.:       19.56589       27.67035       47.92645

 NSTEP =     9500   TIME(PS) =    4319.000  TEMP(K) =   298.84  PRESS =    37.5
 Etot   =    -51542.0436  EKtot   =      9717.0566  EPtot      =    -61259.1002
 BOND   =       395.2642  ANGLE   =      1038.2207  DIHED      =       711.2962
 1-4 NB =       452.5784  1-4 EEL =      5676.0346  VDWAALS    =      6929.7586
 EELEC  =    -76476.2439  EHBOND  =         0.0000  RESTRAINT  =        13.9908
 EAMBER (non-restraint)  =    -61273.0911
 EKCMT  =      4078.7711  VIRIAL  =      3952.7004  VOLUME     =    155682.3108
                                                    Density    =         1.0378
 ------------------------------------------------------------------------------

wrapping first mol.:       19.56783       27.67309       47.93120
wrapping first mol.:       19.56783       27.67309       47.93120

 NSTEP =    10000   TIME(PS) =    4320.000  TEMP(K) =   302.76  PRESS =  -261.2
 Etot   =    -51156.5038  EKtot   =      9844.3291  EPtot      =    -61000.8329
 BOND   =       366.0753  ANGLE   =      1054.5577  DIHED      =       709.2865
 1-4 NB =       467.3743  1-4 EEL =      5615.1594  VDWAALS    =      6764.5840
 EELEC  =    -75992.8680  EHBOND  =         0.0000  RESTRAINT  =        14.9979
 EAMBER (non-restraint)  =    -61015.8308
 EKCMT  =      4089.0563  VIRIAL  =      4967.2085  VOLUME     =    155732.7702
                                                    Density    =         1.0374
 ------------------------------------------------------------------------------

wrapping first mol.:       19.56369       27.66723       47.92105
wrapping first mol.:       19.56369       27.66723       47.92105

 NSTEP =    10500   TIME(PS) =    4321.000  TEMP(K) =   300.74  PRESS =    33.5
 Etot   =    -51275.1037  EKtot   =      9778.7793  EPtot      =    -61053.8830
 BOND   =       407.4697  ANGLE   =      1036.9118  DIHED      =       691.3322
 1-4 NB =       468.2197  1-4 EEL =      5607.8688  VDWAALS    =      6804.2060
 EELEC  =    -76083.9389  EHBOND  =         0.0000  RESTRAINT  =        14.0479
 EAMBER (non-restraint)  =    -61067.9309
 EKCMT  =      4019.0777  VIRIAL  =      3906.4606  VOLUME     =    155629.7706
                                                    Density    =         1.0381
 ------------------------------------------------------------------------------

wrapping first mol.:       19.53775       27.63056       47.85752
wrapping first mol.:       19.53775       27.63056       47.85752

 NSTEP =    11000   TIME(PS) =    4322.000  TEMP(K) =   304.36  PRESS =  -149.0
 Etot   =    -51343.1386  EKtot   =      9896.2637  EPtot      =    -61239.4023
 BOND   =       411.7570  ANGLE   =      1069.1059  DIHED      =       693.7017
 1-4 NB =       465.2166  1-4 EEL =      5635.6222  VDWAALS    =      6703.7857
 EELEC  =    -76233.1798  EHBOND  =         0.0000  RESTRAINT  =        14.5883
 EAMBER (non-restraint)  =    -61253.9906
 EKCMT  =      4151.4162  VIRIAL  =      4650.2778  VOLUME     =    155014.1619
                                                    Density    =         1.0423
 ------------------------------------------------------------------------------

wrapping first mol.:       19.55548       27.65563       47.90095
wrapping first mol.:       19.55548       27.65563       47.90095

 NSTEP =    11500   TIME(PS) =    4323.000  TEMP(K) =   297.75  PRESS =  -136.9
 Etot   =    -51347.1253  EKtot   =      9681.5361  EPtot      =    -61028.6614
 BOND   =       390.3190  ANGLE   =      1101.3513  DIHED      =       704.4496
 1-4 NB =       450.3597  1-4 EEL =      5596.0205  VDWAALS    =      6703.0293
 EELEC  =    -75990.7295  EHBOND  =         0.0000  RESTRAINT  =        16.5387
 EAMBER (non-restraint)  =    -61045.2001
 EKCMT  =      3985.7969  VIRIAL  =      4445.2032  VOLUME     =    155436.4200
                                                    Density    =         1.0394
 ------------------------------------------------------------------------------

wrapping first mol.:       19.56688       27.67174       47.92886
wrapping first mol.:       19.56688       27.67174       47.92886

 NSTEP =    12000   TIME(PS) =    4324.000  TEMP(K) =   300.79  PRESS =   225.5
 Etot   =    -51206.7029  EKtot   =      9780.2754  EPtot      =    -60986.9783
 BOND   =       392.2661  ANGLE   =      1076.5150  DIHED      =       709.1829
 1-4 NB =       441.5260  1-4 EEL =      5642.7708  VDWAALS    =      6931.2680
 EELEC  =    -76198.1536  EHBOND  =         0.0000  RESTRAINT  =        17.6465
 EAMBER (non-restraint)  =    -61004.6248
 EKCMT  =      4114.9059  VIRIAL  =      3356.8247  VOLUME     =    155703.2454
                                                    Density    =         1.0376
 ------------------------------------------------------------------------------

wrapping first mol.:       19.56791       27.67321       47.93140
wrapping first mol.:       19.56791       27.67321       47.93140

 NSTEP =    12500   TIME(PS) =    4325.000  TEMP(K) =   301.30  PRESS =   428.9
 Etot   =    -51198.6858  EKtot   =      9796.7998  EPtot      =    -60995.4856
 BOND   =       441.7846  ANGLE   =      1048.9701  DIHED      =       702.2239
 1-4 NB =       457.3439  1-4 EEL =      5621.6259  VDWAALS    =      6929.4545
 EELEC  =    -76214.7523  EHBOND  =         0.0000  RESTRAINT  =        17.8638
 EAMBER (non-restraint)  =    -61013.3494
 EKCMT  =      4175.8753  VIRIAL  =      2733.8295  VOLUME     =    155725.1033
                                                    Density    =         1.0375
 ------------------------------------------------------------------------------

wrapping first mol.:       19.56753       27.67267       47.93047
wrapping first mol.:       19.56753       27.67267       47.93047

 NSTEP =    13000   TIME(PS) =    4326.000  TEMP(K) =   297.98  PRESS =  -341.4
 Etot   =    -51441.8789  EKtot   =      9689.0293  EPtot      =    -61130.9082
 BOND   =       384.2105  ANGLE   =      1047.6630  DIHED      =       711.8281
 1-4 NB =       458.7921  1-4 EEL =      5649.4571  VDWAALS    =      6604.6471
 EELEC  =    -76002.8921  EHBOND  =         0.0000  RESTRAINT  =        15.3860
 EAMBER (non-restraint)  =    -61146.2943
 EKCMT  =      4078.9640  VIRIAL  =      5226.8651  VOLUME     =    155726.7309
                                                    Density    =         1.0375
 ------------------------------------------------------------------------------

wrapping first mol.:       19.57371       27.68141       47.94560
wrapping first mol.:       19.57371       27.68141       47.94560

 NSTEP =    13500   TIME(PS) =    4327.000  TEMP(K) =   302.16  PRESS =   -30.4
 Etot   =    -51301.8848  EKtot   =      9824.8975  EPtot      =    -61126.7823
 BOND   =       400.7008  ANGLE   =      1031.1744  DIHED      =       710.8951
 1-4 NB =       461.9332  1-4 EEL =      5675.5684  VDWAALS    =      6705.9509
 EELEC  =    -76129.6655  EHBOND  =         0.0000  RESTRAINT  =        16.6604
 EAMBER (non-restraint)  =    -61143.4427
 EKCMT  =      4048.2771  VIRIAL  =      4150.6798  VOLUME     =    155869.9719
                                                    Density    =         1.0365
 ------------------------------------------------------------------------------

wrapping first mol.:       19.56391       27.66754       47.92158
wrapping first mol.:       19.56391       27.66754       47.92158

 NSTEP =    14000   TIME(PS) =    4328.000  TEMP(K) =   300.00  PRESS =  -221.9
 Etot   =    -51050.9518  EKtot   =      9754.5723  EPtot      =    -60805.5241
 BOND   =       423.7247  ANGLE   =      1046.4762  DIHED      =       699.1226
 1-4 NB =       455.9687  1-4 EEL =      5698.0053  VDWAALS    =      6745.5821
 EELEC  =    -75891.1225  EHBOND  =         0.0000  RESTRAINT  =        16.7188
 EAMBER (non-restraint)  =    -60822.2429
 EKCMT  =      4092.8090  VIRIAL  =      4838.4648  VOLUME     =    155638.5185
                                                    Density    =         1.0381
 ------------------------------------------------------------------------------

wrapping first mol.:       19.57204       27.67904       47.94149
wrapping first mol.:       19.57204       27.67904       47.94149

 NSTEP =    14500   TIME(PS) =    4329.000  TEMP(K) =   302.01  PRESS =    71.2
 Etot   =    -51309.8922  EKtot   =      9819.9814  EPtot      =    -61129.8736
 BOND   =       372.9726  ANGLE   =      1026.5123  DIHED      =       707.3537
 1-4 NB =       461.6104  1-4 EEL =      5646.7476  VDWAALS    =      6736.7550
 EELEC  =    -76098.3966  EHBOND  =         0.0000  RESTRAINT  =        16.5714
 EAMBER (non-restraint)  =    -61146.4450
 EKCMT  =      4119.9759  VIRIAL  =      3880.2738  VOLUME     =    155828.5160
                                                    Density    =         1.0368
 ------------------------------------------------------------------------------

wrapping first mol.:       19.55513       27.65513       47.90009
wrapping first mol.:       19.55513       27.65513       47.90009

 NSTEP =    15000   TIME(PS) =    4330.000  TEMP(K) =   300.48  PRESS =   177.7
 Etot   =    -51253.8951  EKtot   =      9770.1797  EPtot      =    -61024.0748
 BOND   =       419.6937  ANGLE   =      1033.5326  DIHED      =       708.1366
 1-4 NB =       461.6350  1-4 EEL =      5650.3576  VDWAALS    =      6783.5184
 EELEC  =    -76093.5582  EHBOND  =         0.0000  RESTRAINT  =        12.6094
 EAMBER (non-restraint)  =    -61036.6843
 EKCMT  =      4070.6883  VIRIAL  =      3474.3775  VOLUME     =    155423.6333
                                                    Density    =         1.0395
 ------------------------------------------------------------------------------

wrapping first mol.:       19.56885       27.67453       47.93370
wrapping first mol.:       19.56885       27.67453       47.93370

 NSTEP =    15500   TIME(PS) =    4331.000  TEMP(K) =   301.26  PRESS =  -162.6
 Etot   =    -51005.4465  EKtot   =      9795.6865  EPtot      =    -60801.1330
 BOND   =       384.7300  ANGLE   =      1066.4511  DIHED      =       717.4856
 1-4 NB =       460.5657  1-4 EEL =      5647.6081  VDWAALS    =      6491.5206
 EELEC  =    -75581.0849  EHBOND  =         0.0000  RESTRAINT  =        11.5908
 EAMBER (non-restraint)  =    -60812.7238
 EKCMT  =      4124.3594  VIRIAL  =      4671.2902  VOLUME     =    155755.7269
                                                    Density    =         1.0373
 ------------------------------------------------------------------------------

wrapping first mol.:       19.57712       27.68623       47.95396
wrapping first mol.:       19.57712       27.68623       47.95396

 NSTEP =    16000   TIME(PS) =    4332.000  TEMP(K) =   300.14  PRESS =   156.2
 Etot   =    -51198.7108  EKtot   =      9759.2432  EPtot      =    -60957.9539
 BOND   =       413.8176  ANGLE   =      1051.3920  DIHED      =       682.3462
 1-4 NB =       453.5725  1-4 EEL =      5632.7274  VDWAALS    =      6827.0503
 EELEC  =    -76030.3138  EHBOND  =         0.0000  RESTRAINT  =        11.4538
 EAMBER (non-restraint)  =    -60969.4077
 EKCMT  =      4049.2282  VIRIAL  =      3523.1207  VOLUME     =    155948.8839
                                                    Density    =         1.0360
 ------------------------------------------------------------------------------

wrapping first mol.:       19.55543       27.65555       47.90081
wrapping first mol.:       19.55543       27.65555       47.90081

 NSTEP =    16500   TIME(PS) =    4333.000  TEMP(K) =   298.04  PRESS =  -118.1
 Etot   =    -51497.3807  EKtot   =      9690.8672  EPtot      =    -61188.2479
 BOND   =       393.4377  ANGLE   =      1120.4012  DIHED      =       703.0825
 1-4 NB =       462.4868  1-4 EEL =      5629.0777  VDWAALS    =      6681.2059
 EELEC  =    -76190.4525  EHBOND  =         0.0000  RESTRAINT  =        12.5128
 EAMBER (non-restraint)  =    -61200.7607
 EKCMT  =      4079.2314  VIRIAL  =      4475.4406  VOLUME     =    155434.7595
                                                    Density    =         1.0394
 ------------------------------------------------------------------------------

wrapping first mol.:       19.54588       27.64205       47.87743
wrapping first mol.:       19.54588       27.64205       47.87743

 NSTEP =    17000   TIME(PS) =    4334.000  TEMP(K) =   301.59  PRESS =    -9.5
 Etot   =    -51233.7192  EKtot   =      9806.4170  EPtot      =    -61040.1362
 BOND   =       425.2596  ANGLE   =      1005.0778  DIHED      =       701.2942
 1-4 NB =       456.7140  1-4 EEL =      5613.0878  VDWAALS    =      6703.3596
 EELEC  =    -75958.7415  EHBOND  =         0.0000  RESTRAINT  =        13.8123
 EAMBER (non-restraint)  =    -61053.9484
 EKCMT  =      4109.9785  VIRIAL  =      4141.8550  VOLUME     =    155205.7612
                                                    Density    =         1.0410
 ------------------------------------------------------------------------------

wrapping first mol.:       19.57497       27.68319       47.94869
wrapping first mol.:       19.57497       27.68319       47.94869

 NSTEP =    17500   TIME(PS) =    4335.000  TEMP(K) =   299.93  PRESS =  -118.5
 Etot   =    -51142.0364  EKtot   =      9752.3467  EPtot      =    -60894.3831
 BOND   =       411.1259  ANGLE   =      1058.7457  DIHED      =       708.0543
 1-4 NB =       464.8743  1-4 EEL =      5686.8689  VDWAALS    =      6914.3876
 EELEC  =    -76152.6366  EHBOND  =         0.0000  RESTRAINT  =        14.1968
 EAMBER (non-restraint)  =    -60908.5799
 EKCMT  =      4110.6125  VIRIAL  =      4509.4561  VOLUME     =    155901.2996
                                                    Density    =         1.0363
 ------------------------------------------------------------------------------

wrapping first mol.:       19.56980       27.67587       47.93601
wrapping first mol.:       19.56980       27.67587       47.93601

 NSTEP =    18000   TIME(PS) =    4336.000  TEMP(K) =   301.88  PRESS =   -92.9
 Etot   =    -51139.5112  EKtot   =      9815.6074  EPtot      =    -60955.1186
 BOND   =       422.0654  ANGLE   =      1075.3621  DIHED      =       697.0893
 1-4 NB =       453.5284  1-4 EEL =      5666.9441  VDWAALS    =      6674.1876
 EELEC  =    -75956.9411  EHBOND  =         0.0000  RESTRAINT  =        12.6455
 EAMBER (non-restraint)  =    -60967.7641
 EKCMT  =      4122.4974  VIRIAL  =      4435.1130  VOLUME     =    155777.3453
                                                    Density    =         1.0371
 ------------------------------------------------------------------------------

wrapping first mol.:       19.54940       27.64702       47.88604
wrapping first mol.:       19.54940       27.64702       47.88604

 NSTEP =    18500   TIME(PS) =    4337.000  TEMP(K) =   295.04  PRESS =   -11.1
 Etot   =    -51537.6977  EKtot   =      9593.2012  EPtot      =    -61130.8989
 BOND   =       402.1117  ANGLE   =      1093.1082  DIHED      =       711.0893
 1-4 NB =       449.6268  1-4 EEL =      5611.7860  VDWAALS    =      6907.7950
 EELEC  =    -76322.5405  EHBOND  =         0.0000  RESTRAINT  =        16.1245
 EAMBER (non-restraint)  =    -61147.0234
 EKCMT  =      4022.2882  VIRIAL  =      4059.4868  VOLUME     =    155289.5640
                                                    Density    =         1.0404
 ------------------------------------------------------------------------------

wrapping first mol.:       19.54290       27.63783       47.87013
wrapping first mol.:       19.54290       27.63783       47.87013

 NSTEP =    19000   TIME(PS) =    4338.000  TEMP(K) =   300.34  PRESS =   346.7
 Etot   =    -51359.9512  EKtot   =      9765.7500  EPtot      =    -61125.7012
 BOND   =       404.3005  ANGLE   =      1031.1988  DIHED      =       712.4093
 1-4 NB =       456.3847  1-4 EEL =      5632.2708  VDWAALS    =      6871.8707
 EELEC  =    -76248.7088  EHBOND  =         0.0000  RESTRAINT  =        14.5728
 EAMBER (non-restraint)  =    -61140.2739
 EKCMT  =      4129.5176  VIRIAL  =      2968.1279  VOLUME     =    155129.8235
                                                    Density    =         1.0415
 ------------------------------------------------------------------------------

wrapping first mol.:       19.55042       27.64847       47.88855
wrapping first mol.:       19.55042       27.64847       47.88855

 NSTEP =    19500   TIME(PS) =    4339.000  TEMP(K) =   299.66  PRESS =   -47.0
 Etot   =    -51202.0944  EKtot   =      9743.4727  EPtot      =    -60945.5670
 BOND   =       386.1943  ANGLE   =      1020.0236  DIHED      =       716.6342
 1-4 NB =       460.9427  1-4 EEL =      5655.1063  VDWAALS    =      6641.1416
 EELEC  =    -75840.7510  EHBOND  =         0.0000  RESTRAINT  =        15.1413
 EAMBER (non-restraint)  =    -60960.7084
 EKCMT  =      4053.3007  VIRIAL  =      4211.0242  VOLUME     =    155314.4847
                                                    Density    =         1.0402
 ------------------------------------------------------------------------------

wrapping first mol.:       19.54195       27.63648       47.86779
wrapping first mol.:       19.54195       27.63648       47.86779

 NSTEP =    20000   TIME(PS) =    4340.000  TEMP(K) =   304.15  PRESS =   -94.2
 Etot   =    -51135.8288  EKtot   =      9889.7197  EPtot      =    -61025.5485
 BOND   =       369.6055  ANGLE   =      1066.8303  DIHED      =       712.4028
 1-4 NB =       457.6357  1-4 EEL =      5615.3255  VDWAALS    =      6610.9621
 EELEC  =    -75872.7871  EHBOND  =         0.0000  RESTRAINT  =        14.4766
 EAMBER (non-restraint)  =    -61040.0251
 EKCMT  =      4058.2708  VIRIAL  =      4373.7289  VOLUME     =    155113.2146
                                                    Density    =         1.0416
 ------------------------------------------------------------------------------

wrapping first mol.:       19.54683       27.64339       47.87975
wrapping first mol.:       19.54683       27.64339       47.87975

 NSTEP =    20500   TIME(PS) =    4341.000  TEMP(K) =   301.84  PRESS =  -239.3
 Etot   =    -51289.0714  EKtot   =      9814.3232  EPtot      =    -61103.3946
 BOND   =       408.5970  ANGLE   =      1040.1293  DIHED      =       722.7334
 1-4 NB =       456.5878  1-4 EEL =      5627.8831  VDWAALS    =      6547.2449
 EELEC  =    -75921.7022  EHBOND  =         0.0000  RESTRAINT  =        15.1322
 EAMBER (non-restraint)  =    -61118.5269
 EKCMT  =      4141.4048  VIRIAL  =      4943.3800  VOLUME     =    155231.5249
                                                    Density    =         1.0408
 ------------------------------------------------------------------------------

wrapping first mol.:       19.54030       27.63416       47.86377
wrapping first mol.:       19.54030       27.63416       47.86377

 NSTEP =    21000   TIME(PS) =    4342.000  TEMP(K) =   296.75  PRESS =   153.6
 Etot   =    -51436.1045  EKtot   =      9648.8086  EPtot      =    -61084.9131
 BOND   =       435.9810  ANGLE   =      1060.6972  DIHED      =       711.7991
 1-4 NB =       459.3447  1-4 EEL =      5647.4894  VDWAALS    =      6841.9733
 EELEC  =    -76257.4491  EHBOND  =         0.0000  RESTRAINT  =        15.2511
 EAMBER (non-restraint)  =    -61100.1642
 EKCMT  =      4060.9105  VIRIAL  =      3546.6507  VOLUME     =    155070.6720
                                                    Density    =         1.0419
 ------------------------------------------------------------------------------

wrapping first mol.:       19.55100       27.64928       47.88996
wrapping first mol.:       19.55100       27.64928       47.88996

 NSTEP =    21500   TIME(PS) =    4343.000  TEMP(K) =   295.02  PRESS =  -138.0
 Etot   =    -51580.6917  EKtot   =      9592.7852  EPtot      =    -61173.4768
 BOND   =       371.0925  ANGLE   =      1036.4433  DIHED      =       710.9957
 1-4 NB =       460.6865  1-4 EEL =      5678.9988  VDWAALS    =      6685.7396
 EELEC  =    -76131.0076  EHBOND  =         0.0000  RESTRAINT  =        13.5743
 EAMBER (non-restraint)  =    -61187.0511
 EKCMT  =      4072.0243  VIRIAL  =      4534.7350  VOLUME     =    155329.4433
                                                    Density    =         1.0401
 ------------------------------------------------------------------------------

wrapping first mol.:       19.55679       27.65748       47.90416
wrapping first mol.:       19.55679       27.65748       47.90416

 NSTEP =    22000   TIME(PS) =    4344.000  TEMP(K) =   299.42  PRESS =  -134.4
 Etot   =    -51491.9402  EKtot   =      9735.8008  EPtot      =    -61227.7410
 BOND   =       389.4932  ANGLE   =      1046.7473  DIHED      =       700.5750
 1-4 NB =       458.5343  1-4 EEL =      5616.7345  VDWAALS    =      6731.4889
 EELEC  =    -76185.0873  EHBOND  =         0.0000  RESTRAINT  =        13.7730
 EAMBER (non-restraint)  =    -61241.5140
 EKCMT  =      4105.6798  VIRIAL  =      4556.7639  VOLUME     =    155467.6292
                                                    Density    =         1.0392
 ------------------------------------------------------------------------------

wrapping first mol.:       19.53536       27.62717       47.85165
wrapping first mol.:       19.53536       27.62717       47.85165

 NSTEP =    22500   TIME(PS) =    4345.000  TEMP(K) =   299.82  PRESS =  -106.0
 Etot   =    -51341.3999  EKtot   =      9748.7070  EPtot      =    -61090.1069
 BOND   =       376.4030  ANGLE   =      1082.0815  DIHED      =       706.4795
 1-4 NB =       474.0806  1-4 EEL =      5636.0520  VDWAALS    =      6716.0174
 EELEC  =    -76099.2873  EHBOND  =         0.0000  RESTRAINT  =        18.0664
 EAMBER (non-restraint)  =    -61108.1734
 EKCMT  =      4171.5816  VIRIAL  =      4526.1775  VOLUME     =    154956.5539
                                                    Density    =         1.0426
 ------------------------------------------------------------------------------

wrapping first mol.:       19.53671       27.62908       47.85496
wrapping first mol.:       19.53671       27.62908       47.85496

 NSTEP =    23000   TIME(PS) =    4346.000  TEMP(K) =   300.89  PRESS =  -148.0
 Etot   =    -51375.4840  EKtot   =      9783.5518  EPtot      =    -61159.0357
 BOND   =       398.1518  ANGLE   =      1047.8394  DIHED      =       671.7466
 1-4 NB =       462.2661  1-4 EEL =      5619.3028  VDWAALS    =      6633.5599
 EELEC  =    -76008.5128  EHBOND  =         0.0000  RESTRAINT  =        16.6105
 EAMBER (non-restraint)  =    -61175.6462
 EKCMT  =      4161.3603  VIRIAL  =      4656.6567  VOLUME     =    154989.3060
                                                    Density    =         1.0424
 ------------------------------------------------------------------------------

wrapping first mol.:       19.55037       27.64840       47.88844
wrapping first mol.:       19.55037       27.64840       47.88844

 NSTEP =    23500   TIME(PS) =    4347.000  TEMP(K) =   302.21  PRESS =   -76.9
 Etot   =    -51013.7308  EKtot   =      9826.4062  EPtot      =    -60840.1370
 BOND   =       405.6288  ANGLE   =      1013.5609  DIHED      =       687.1771
 1-4 NB =       459.3723  1-4 EEL =      5670.5648  VDWAALS    =      6687.1809
 EELEC  =    -75779.4610  EHBOND  =         0.0000  RESTRAINT  =        15.8392
 EAMBER (non-restraint)  =    -60855.9763
 EKCMT  =      4046.1969  VIRIAL  =      4304.0217  VOLUME     =    155313.7611
                                                    Density    =         1.0402
 ------------------------------------------------------------------------------

wrapping first mol.:       19.56128       27.66383       47.91516
wrapping first mol.:       19.56128       27.66383       47.91516

 NSTEP =    24000   TIME(PS) =    4348.000  TEMP(K) =   305.89  PRESS =   242.9
 Etot   =    -51061.9092  EKtot   =      9946.1523  EPtot      =    -61008.0616
 BOND   =       412.1513  ANGLE   =      1040.8249  DIHED      =       709.6678
 1-4 NB =       465.8801  1-4 EEL =      5632.1881  VDWAALS    =      6896.5775
 EELEC  =    -76182.6836  EHBOND  =         0.0000  RESTRAINT  =        17.3322
 EAMBER (non-restraint)  =    -61025.3938
 EKCMT  =      4159.5113  VIRIAL  =      3343.5594  VOLUME     =    155569.4550
                                                    Density    =         1.0385
 ------------------------------------------------------------------------------

wrapping first mol.:       19.56744       27.67254       47.93025
wrapping first mol.:       19.56744       27.67254       47.93025

 NSTEP =    24500   TIME(PS) =    4349.000  TEMP(K) =   304.11  PRESS =     9.4
 Etot   =    -51132.5178  EKtot   =      9888.2637  EPtot      =    -61020.7815
 BOND   =       405.6186  ANGLE   =      1056.0277  DIHED      =       697.9735
 1-4 NB =       455.8867  1-4 EEL =      5634.7348  VDWAALS    =      6771.0558
 EELEC  =    -76059.0704  EHBOND  =         0.0000  RESTRAINT  =        16.9919
 EAMBER (non-restraint)  =    -61037.7734
 EKCMT  =      4121.0540  VIRIAL  =      4089.5700  VOLUME     =    155719.7439
                                                    Density    =         1.0375
 ------------------------------------------------------------------------------

wrapping first mol.:       19.55613       27.65654       47.90252
wrapping first mol.:       19.55613       27.65654       47.90252

 NSTEP =    25000   TIME(PS) =    4350.000  TEMP(K) =   299.03  PRESS =   -14.1
 Etot   =    -51400.0947  EKtot   =      9723.0371  EPtot      =    -61123.1318
 BOND   =       420.1805  ANGLE   =      1014.1733  DIHED      =       731.1210
 1-4 NB =       458.2204  1-4 EEL =      5644.6715  VDWAALS    =      6769.1303
 EELEC  =    -76177.1766  EHBOND  =         0.0000  RESTRAINT  =        16.5477
 EAMBER (non-restraint)  =    -61139.6796
 EKCMT  =      4072.2804  VIRIAL  =      4119.5580  VOLUME     =    155449.9863
                                                    Density    =         1.0393
 ------------------------------------------------------------------------------

wrapping first mol.:       19.55788       27.65902       47.90682
wrapping first mol.:       19.55788       27.65902       47.90682

 NSTEP =    25500   TIME(PS) =    4351.000  TEMP(K) =   292.92  PRESS =    66.5
 Etot   =    -51468.4270  EKtot   =      9524.4092  EPtot      =    -60992.8362
 BOND   =       406.1219  ANGLE   =      1070.2540  DIHED      =       700.6368
 1-4 NB =       469.9800  1-4 EEL =      5680.9310  VDWAALS    =      6641.8861
 EELEC  =    -75978.2145  EHBOND  =         0.0000  RESTRAINT  =        15.5684
 EAMBER (non-restraint)  =    -61008.4046
 EKCMT  =      3944.9942  VIRIAL  =      3721.6428  VOLUME     =    155490.7527
                                                    Density    =         1.0391
 ------------------------------------------------------------------------------

wrapping first mol.:       19.54440       27.63996       47.87380
wrapping first mol.:       19.54440       27.63996       47.87380

 NSTEP =    26000   TIME(PS) =    4352.000  TEMP(K) =   296.73  PRESS =   253.5
 Etot   =    -51395.4071  EKtot   =      9648.2656  EPtot      =    -61043.6727
 BOND   =       408.6156  ANGLE   =      1060.4839  DIHED      =       727.8679
 1-4 NB =       450.3437  1-4 EEL =      5602.1117  VDWAALS    =      6956.8911
 EELEC  =    -76265.8388  EHBOND  =         0.0000  RESTRAINT  =        15.8521
 EAMBER (non-restraint)  =    -61059.5249
 EKCMT  =      3961.5628  VIRIAL  =      3112.2419  VOLUME     =    155166.8707
                                                    Density    =         1.0412
 ------------------------------------------------------------------------------

wrapping first mol.:       19.54108       27.63526       47.86568
wrapping first mol.:       19.54108       27.63526       47.86568

 NSTEP =    26500   TIME(PS) =    4353.000  TEMP(K) =   299.43  PRESS =    79.5
 Etot   =    -51192.8112  EKtot   =      9736.0078  EPtot      =    -60928.8191
 BOND   =       392.1560  ANGLE   =      1088.2846  DIHED      =       703.0552
 1-4 NB =       445.6567  1-4 EEL =      5638.7831  VDWAALS    =      6776.9515
 EELEC  =    -75988.9887  EHBOND  =         0.0000  RESTRAINT  =        15.2825
 EAMBER (non-restraint)  =    -60944.1016
 EKCMT  =      4097.7248  VIRIAL  =      3831.4537  VOLUME     =    155090.2781
                                                    Density    =         1.0417
 ------------------------------------------------------------------------------

wrapping first mol.:       19.54147       27.63581       47.86663
wrapping first mol.:       19.54147       27.63581       47.86663

 NSTEP =    27000   TIME(PS) =    4354.000  TEMP(K) =   296.19  PRESS =   131.8
 Etot   =    -51487.1118  EKtot   =      9630.6191  EPtot      =    -61117.7309
 BOND   =       391.1995  ANGLE   =      1071.6966  DIHED      =       682.8732
 1-4 NB =       457.6189  1-4 EEL =      5646.0184  VDWAALS    =      6819.4409
 EELEC  =    -76201.3417  EHBOND  =         0.0000  RESTRAINT  =        14.7633
 EAMBER (non-restraint)  =    -61132.4942
 EKCMT  =      4053.5009  VIRIAL  =      3612.0723  VOLUME     =    155098.7639
                                                    Density    =         1.0417
 ------------------------------------------------------------------------------

wrapping first mol.:       19.55501       27.65496       47.89980
wrapping first mol.:       19.55501       27.65496       47.89980

 NSTEP =    27500   TIME(PS) =    4355.000  TEMP(K) =   299.26  PRESS =   -14.9
 Etot   =    -51203.5958  EKtot   =      9730.4199  EPtot      =    -60934.0157
 BOND   =       387.0499  ANGLE   =      1040.8435  DIHED      =       702.2247
 1-4 NB =       459.1080  1-4 EEL =      5655.4838  VDWAALS    =      6793.1630
 EELEC  =    -75990.8491  EHBOND  =         0.0000  RESTRAINT  =        18.9605
 EAMBER (non-restraint)  =    -60952.9762
 EKCMT  =      4075.9491  VIRIAL  =      4125.7878  VOLUME     =    155423.4979
                                                    Density    =         1.0395
 ------------------------------------------------------------------------------

wrapping first mol.:       19.56763       27.67281       47.93071
wrapping first mol.:       19.56763       27.67281       47.93071

 NSTEP =    28000   TIME(PS) =    4356.000  TEMP(K) =   303.48  PRESS =   365.5
 Etot   =    -51130.9622  EKtot   =      9867.8066  EPtot      =    -60998.7689
 BOND   =       400.9631  ANGLE   =      1076.7738  DIHED      =       701.6218
 1-4 NB =       452.8484  1-4 EEL =      5624.2056  VDWAALS    =      6870.3705
 EELEC  =    -76141.2928  EHBOND  =         0.0000  RESTRAINT  =        15.7408
 EAMBER (non-restraint)  =    -61014.5097
 EKCMT  =      4145.1860  VIRIAL  =      2916.3248  VOLUME     =    155719.3321
                                                    Density    =         1.0375
 ------------------------------------------------------------------------------

wrapping first mol.:       19.57842       27.68806       47.95712
wrapping first mol.:       19.57842       27.68806       47.95712

 NSTEP =    28500   TIME(PS) =    4357.000  TEMP(K) =   299.83  PRESS =    19.3
 Etot   =    -51277.7516  EKtot   =      9749.0488  EPtot      =    -61026.8004
 BOND   =       409.0764  ANGLE   =      1002.7459  DIHED      =       703.1514
 1-4 NB =       456.1072  1-4 EEL =      5679.3528  VDWAALS    =      6966.7384
 EELEC  =    -76258.2628  EHBOND  =         0.0000  RESTRAINT  =        14.2904
 EAMBER (non-restraint)  =    -61041.0908
 EKCMT  =      4136.9400  VIRIAL  =      4071.8625  VOLUME     =    155981.6940
                                                    Density    =         1.0358
 ------------------------------------------------------------------------------

wrapping first mol.:       19.55863       27.66008       47.90867
wrapping first mol.:       19.55863       27.66008       47.90867

 NSTEP =    29000   TIME(PS) =    4358.000  TEMP(K) =   302.30  PRESS =    97.0
 Etot   =    -51381.0912  EKtot   =      9829.5547  EPtot      =    -61210.6459
 BOND   =       377.6806  ANGLE   =      1070.1806  DIHED      =       712.2098
 1-4 NB =       462.8029  1-4 EEL =      5656.4302  VDWAALS    =      6923.3338
 EELEC  =    -76427.0998  EHBOND  =         0.0000  RESTRAINT  =        13.8161
 EAMBER (non-restraint)  =    -61224.4620
 EKCMT  =      4107.4037  VIRIAL  =      3781.8045  VOLUME     =    155508.2561
                                                    Density    =         1.0389
 ------------------------------------------------------------------------------

wrapping first mol.:       19.54610       27.64236       47.87796
wrapping first mol.:       19.54610       27.64236       47.87796

 NSTEP =    29500   TIME(PS) =    4359.000  TEMP(K) =   302.18  PRESS =   -67.1
 Etot   =    -51242.4056  EKtot   =      9825.6084  EPtot      =    -61068.0140
 BOND   =       378.4626  ANGLE   =      1052.8645  DIHED      =       718.2005
 1-4 NB =       455.8514  1-4 EEL =      5655.8369  VDWAALS    =      6804.7977
 EELEC  =    -76149.2081  EHBOND  =         0.0000  RESTRAINT  =        15.1806
 EAMBER (non-restraint)  =    -61083.1946
 EKCMT  =      4116.2927  VIRIAL  =      4341.1560  VOLUME     =    155211.7316
                                                    Density    =         1.0409
 ------------------------------------------------------------------------------

wrapping first mol.:       19.55494       27.65486       47.89961
wrapping first mol.:       19.55494       27.65486       47.89961

 NSTEP =    30000   TIME(PS) =    4360.000  TEMP(K) =   303.97  PRESS =  -249.4
 Etot   =    -51325.7136  EKtot   =      9883.6992  EPtot      =    -61209.4128
 BOND   =       398.1964  ANGLE   =      1083.7666  DIHED      =       693.1557
 1-4 NB =       463.7390  1-4 EEL =      5627.2609  VDWAALS    =      6603.7765
 EELEC  =    -76093.6193  EHBOND  =         0.0000  RESTRAINT  =        14.3115
 EAMBER (non-restraint)  =    -61223.7242
 EKCMT  =      4184.7624  VIRIAL  =      5021.7442  VOLUME     =    155424.9364
                                                    Density    =         1.0395
 ------------------------------------------------------------------------------

wrapping first mol.:       19.54053       27.63448       47.86432
wrapping first mol.:       19.54053       27.63448       47.86432

 NSTEP =    30500   TIME(PS) =    4361.000  TEMP(K) =   298.05  PRESS =   -21.0
 Etot   =    -51484.4715  EKtot   =      9691.2959  EPtot      =    -61175.7674
 BOND   =       418.2341  ANGLE   =      1028.6156  DIHED      =       710.5827
 1-4 NB =       444.3141  1-4 EEL =      5612.3719  VDWAALS    =      6874.2293
 EELEC  =    -76279.2999  EHBOND  =         0.0000  RESTRAINT  =        15.1849
 EAMBER (non-restraint)  =    -61190.9523
 EKCMT  =      4014.6994  VIRIAL  =      4085.1106  VOLUME     =    155078.4372
                                                    Density    =         1.0418
 ------------------------------------------------------------------------------

wrapping first mol.:       19.55406       27.65362       47.89747
wrapping first mol.:       19.55406       27.65362       47.89747

 NSTEP =    31000   TIME(PS) =    4362.000  TEMP(K) =   300.96  PRESS =   -25.8
 Etot   =    -51394.2704  EKtot   =      9785.7471  EPtot      =    -61180.0175
 BOND   =       410.9549  ANGLE   =      1034.5962  DIHED      =       704.4436
 1-4 NB =       456.3910  1-4 EEL =      5609.1445  VDWAALS    =      6866.4242
 EELEC  =    -76277.8680  EHBOND  =         0.0000  RESTRAINT  =        15.8961
 EAMBER (non-restraint)  =    -61195.9136
 EKCMT  =      4054.7332  VIRIAL  =      4141.2018  VOLUME     =    155400.9561
                                                    Density    =         1.0397
 ------------------------------------------------------------------------------

wrapping first mol.:       19.56723       27.67224       47.92972
wrapping first mol.:       19.56723       27.67224       47.92972

 NSTEP =    31500   TIME(PS) =    4363.000  TEMP(K) =   300.41  PRESS =  -304.0
 Etot   =    -51493.2685  EKtot   =      9768.0195  EPtot      =    -61261.2880
 BOND   =       422.9123  ANGLE   =      1094.6810  DIHED      =       695.8913
 1-4 NB =       452.9303  1-4 EEL =      5581.4713  VDWAALS    =      6842.1961
 EELEC  =    -76367.0736  EHBOND  =         0.0000  RESTRAINT  =        15.7032
 EAMBER (non-restraint)  =    -61276.9912
 EKCMT  =      4040.6476  VIRIAL  =      5062.6865  VOLUME     =    155718.9744
                                                    Density    =         1.0375
 ------------------------------------------------------------------------------

wrapping first mol.:       19.57382       27.68157       47.94588
wrapping first mol.:       19.57382       27.68157       47.94588

 NSTEP =    32000   TIME(PS) =    4364.000  TEMP(K) =   298.51  PRESS =   133.6
 Etot   =    -51380.5254  EKtot   =      9706.1279  EPtot      =    -61086.6533
 BOND   =       435.7372  ANGLE   =      1028.3372  DIHED      =       717.8382
 1-4 NB =       452.7900  1-4 EEL =      5644.1334  VDWAALS    =      6918.6621
 EELEC  =    -76299.2719  EHBOND  =         0.0000  RESTRAINT  =        15.1204
 EAMBER (non-restraint)  =    -61101.7737
 EKCMT  =      4107.7331  VIRIAL  =      3658.0369  VOLUME     =    155870.3992
                                                    Density    =         1.0365
 ------------------------------------------------------------------------------

wrapping first mol.:       19.56978       27.67585       47.93598
wrapping first mol.:       19.56978       27.67585       47.93598

 NSTEP =    32500   TIME(PS) =    4365.000  TEMP(K) =   295.09  PRESS =  -269.1
 Etot   =    -51411.8384  EKtot   =      9595.1104  EPtot      =    -61006.9487
 BOND   =       398.9717  ANGLE   =      1048.0566  DIHED      =       706.9483
 1-4 NB =       456.1438  1-4 EEL =      5643.8480  VDWAALS    =      6588.1365
 EELEC  =    -75863.5257  EHBOND  =         0.0000  RESTRAINT  =        14.4721
 EAMBER (non-restraint)  =    -61021.4209
 EKCMT  =      4007.7410  VIRIAL  =      4912.9771  VOLUME     =    155779.4673
                                                    Density    =         1.0371
 ------------------------------------------------------------------------------

wrapping first mol.:       19.56974       27.67579       47.93586
wrapping first mol.:       19.56974       27.67579       47.93586

 NSTEP =    33000   TIME(PS) =    4366.000  TEMP(K) =   300.47  PRESS =   -44.0
 Etot   =    -51500.3452  EKtot   =      9769.8125  EPtot      =    -61270.1577
 BOND   =       384.0780  ANGLE   =      1121.4631  DIHED      =       681.8995
 1-4 NB =       466.9437  1-4 EEL =      5556.1414  VDWAALS    =      6786.0958
 EELEC  =    -76283.1853  EHBOND  =         0.0000  RESTRAINT  =        16.4062
 EAMBER (non-restraint)  =    -61286.5639
 EKCMT  =      4074.3082  VIRIAL  =      4222.2569  VOLUME     =    155775.2112
                                                    Density    =         1.0372
 ------------------------------------------------------------------------------

wrapping first mol.:       19.54588       27.64204       47.87742
wrapping first mol.:       19.54588       27.64204       47.87742

 NSTEP =    33500   TIME(PS) =    4367.000  TEMP(K) =   300.50  PRESS =   -99.5
 Etot   =    -51536.8504  EKtot   =      9771.0361  EPtot      =    -61307.8865
 BOND   =       402.5371  ANGLE   =      1058.5815  DIHED      =       684.6692
 1-4 NB =       464.8080  1-4 EEL =      5662.6473  VDWAALS    =      6807.4990
 EELEC  =    -76402.5587  EHBOND  =         0.0000  RESTRAINT  =        13.9301
 EAMBER (non-restraint)  =    -61321.8166
 EKCMT  =      4018.1955  VIRIAL  =      4351.7284  VOLUME     =    155206.9397
                                                    Density    =         1.0410
 ------------------------------------------------------------------------------

wrapping first mol.:       19.53987       27.63354       47.86270
wrapping first mol.:       19.53987       27.63354       47.86270

 NSTEP =    34000   TIME(PS) =    4368.000  TEMP(K) =   303.29  PRESS =   215.8
 Etot   =    -51337.8741  EKtot   =      9861.6924  EPtot      =    -61199.5665
 BOND   =       414.0832  ANGLE   =      1070.7899  DIHED      =       709.5138
 1-4 NB =       461.4611  1-4 EEL =      5646.1359  VDWAALS    =      6884.3151
 EELEC  =    -76403.7070  EHBOND  =         0.0000  RESTRAINT  =        17.8414
 EAMBER (non-restraint)  =    -61217.4079
 EKCMT  =      4189.4066  VIRIAL  =      3467.0436  VOLUME     =    155059.3959
                                                    Density    =         1.0419
 ------------------------------------------------------------------------------

wrapping first mol.:       19.52788       27.61659       47.83333
wrapping first mol.:       19.52788       27.61659       47.83333

 NSTEP =    34500   TIME(PS) =    4369.000  TEMP(K) =   303.40  PRESS =  -153.4
 Etot   =    -51266.5714  EKtot   =      9865.3057  EPtot      =    -61131.8771
 BOND   =       432.1130  ANGLE   =      1035.5382  DIHED      =       706.7684
 1-4 NB =       476.7716  1-4 EEL =      5668.6848  VDWAALS    =      6698.4914
 EELEC  =    -76165.4047  EHBOND  =         0.0000  RESTRAINT  =        15.1603
 EAMBER (non-restraint)  =    -61147.0373
 EKCMT  =      4129.6870  VIRIAL  =      4642.1951  VOLUME     =    154779.2859
                                                    Density    =         1.0438
 ------------------------------------------------------------------------------

wrapping first mol.:       19.53030       27.62001       47.83926
wrapping first mol.:       19.53030       27.62001       47.83926

 NSTEP =    35000   TIME(PS) =    4370.000  TEMP(K) =   300.56  PRESS =    -2.7
 Etot   =    -51311.4018  EKtot   =      9772.7109  EPtot      =    -61084.1127
 BOND   =       436.4443  ANGLE   =      1054.6444  DIHED      =       712.8257
 1-4 NB =       457.0011  1-4 EEL =      5631.2961  VDWAALS    =      6914.6567
 EELEC  =    -76305.0296  EHBOND  =         0.0000  RESTRAINT  =        14.0485
 EAMBER (non-restraint)  =    -61098.1612
 EKCMT  =      4030.0037  VIRIAL  =      4038.8927  VOLUME     =    154834.7316
                                                    Density    =         1.0435
 ------------------------------------------------------------------------------

wrapping first mol.:       19.55830       27.65961       47.90785
wrapping first mol.:       19.55830       27.65961       47.90785

 NSTEP =    35500   TIME(PS) =    4371.000  TEMP(K) =   301.57  PRESS =     9.1
 Etot   =    -51284.7782  EKtot   =      9805.5518  EPtot      =    -61090.3300
 BOND   =       408.6910  ANGLE   =      1037.5374  DIHED      =       724.8597
 1-4 NB =       451.0121  1-4 EEL =      5616.7071  VDWAALS    =      6740.4571
 EELEC  =    -76085.2705  EHBOND  =         0.0000  RESTRAINT  =        15.6761
 EAMBER (non-restraint)  =    -61106.0061
 EKCMT  =      4095.2727  VIRIAL  =      4064.8676  VOLUME     =    155501.5039
                                                    Density    =         1.0390
 ------------------------------------------------------------------------------

wrapping first mol.:       19.55543       27.65555       47.90082
wrapping first mol.:       19.55543       27.65555       47.90082

 NSTEP =    36000   TIME(PS) =    4372.000  TEMP(K) =   299.54  PRESS =  -319.0
 Etot   =    -51282.1697  EKtot   =      9739.8320  EPtot      =    -61022.0017
 BOND   =       429.6012  ANGLE   =      1111.5366  DIHED      =       707.5148
 1-4 NB =       460.1720  1-4 EEL =      5582.4540  VDWAALS    =      6688.3480
 EELEC  =    -76016.5538  EHBOND  =         0.0000  RESTRAINT  =        14.9255
 EAMBER (non-restraint)  =    -61036.9273
 EKCMT  =      4057.2052  VIRIAL  =      5127.9360  VOLUME     =    155437.6019
                                                    Density    =         1.0394
 ------------------------------------------------------------------------------

wrapping first mol.:       19.54509       27.64093       47.87550
wrapping first mol.:       19.54509       27.64093       47.87550

 NSTEP =    36500   TIME(PS) =    4373.000  TEMP(K) =   299.39  PRESS =   -39.8
 Etot   =    -51374.0585  EKtot   =      9734.7617  EPtot      =    -61108.8202
 BOND   =       426.5292  ANGLE   =      1052.9760  DIHED      =       730.3793
 1-4 NB =       466.7053  1-4 EEL =      5612.0782  VDWAALS    =      6658.9903
 EELEC  =    -76070.8928  EHBOND  =         0.0000  RESTRAINT  =        14.4142
 EAMBER (non-restraint)  =    -61123.2345
 EKCMT  =      4040.9430  VIRIAL  =      4174.3117  VOLUME     =    155187.3951
                                                    Density    =         1.0411
 ------------------------------------------------------------------------------

wrapping first mol.:       19.54835       27.64553       47.88347
wrapping first mol.:       19.54835       27.64553       47.88347

 NSTEP =    37000   TIME(PS) =    4374.000  TEMP(K) =   303.54  PRESS =    -6.4
 Etot   =    -51316.0037  EKtot   =      9869.7520  EPtot      =    -61185.7556
 BOND   =       412.1882  ANGLE   =      1045.6675  DIHED      =       717.5614
 1-4 NB =       459.8435  1-4 EEL =      5660.3950  VDWAALS    =      6797.1554
 EELEC  =    -76293.7454  EHBOND  =         0.0000  RESTRAINT  =        15.1787
 EAMBER (non-restraint)  =    -61200.9343
 EKCMT  =      4194.2136  VIRIAL  =      4215.5804  VOLUME     =    155264.4332
                                                    Density    =         1.0406
 ------------------------------------------------------------------------------

wrapping first mol.:       19.54157       27.63595       47.86687
wrapping first mol.:       19.54157       27.63595       47.86687

 NSTEP =    37500   TIME(PS) =    4375.000  TEMP(K) =   300.00  PRESS =   -12.1
 Etot   =    -51329.6387  EKtot   =      9754.5059  EPtot      =    -61084.1445
 BOND   =       411.6766  ANGLE   =      1050.3627  DIHED      =       704.6500
 1-4 NB =       467.0683  1-4 EEL =      5636.0236  VDWAALS    =      6834.5234
 EELEC  =    -76202.6151  EHBOND  =         0.0000  RESTRAINT  =        14.1659
 EAMBER (non-restraint)  =    -61098.3105
 EKCMT  =      4027.6685  VIRIAL  =      4068.0773  VOLUME     =    155103.1607
                                                    Density    =         1.0417
 ------------------------------------------------------------------------------

wrapping first mol.:       19.55737       27.65830       47.90558
wrapping first mol.:       19.55737       27.65830       47.90558

 NSTEP =    38000   TIME(PS) =    4376.000  TEMP(K) =   300.69  PRESS =    68.7
 Etot   =    -51197.0475  EKtot   =      9777.0146  EPtot      =    -60974.0622
 BOND   =       434.6848  ANGLE   =      1041.0484  DIHED      =       745.1958
 1-4 NB =       468.7690  1-4 EEL =      5648.4806  VDWAALS    =      6730.3521
 EELEC  =    -76057.9855  EHBOND  =         0.0000  RESTRAINT  =        15.3925
 EAMBER (non-restraint)  =    -60989.4547
 EKCMT  =      4099.0971  VIRIAL  =      3868.5333  VOLUME     =    155478.6240
                                                    Density    =         1.0391
 ------------------------------------------------------------------------------

wrapping first mol.:       19.56523       27.66941       47.92483
wrapping first mol.:       19.56523       27.66941       47.92483

 NSTEP =    38500   TIME(PS) =    4377.000  TEMP(K) =   302.89  PRESS =    91.8
 Etot   =    -51318.3449  EKtot   =      9848.6270  EPtot      =    -61166.9718
 BOND   =       404.0259  ANGLE   =      1046.5162  DIHED      =       712.6719
 1-4 NB =       445.6327  1-4 EEL =      5633.7010  VDWAALS    =      6702.0528
 EELEC  =    -76128.6032  EHBOND  =         0.0000  RESTRAINT  =        17.0309
 EAMBER (non-restraint)  =    -61184.0028
 EKCMT  =      4141.5165  VIRIAL  =      3833.0424  VOLUME     =    155665.7546
                                                    Density    =         1.0379
 ------------------------------------------------------------------------------

wrapping first mol.:       19.56599       27.67048       47.92668
wrapping first mol.:       19.56599       27.67048       47.92668

 NSTEP =    39000   TIME(PS) =    4378.000  TEMP(K) =   298.21  PRESS =   190.8
 Etot   =    -51351.7102  EKtot   =      9696.4971  EPtot      =    -61048.2073
 BOND   =       417.6778  ANGLE   =      1024.6672  DIHED      =       715.4018
 1-4 NB =       456.3179  1-4 EEL =      5669.6751  VDWAALS    =      6873.9608
 EELEC  =    -76219.6988  EHBOND  =         0.0000  RESTRAINT  =        13.7908
 EAMBER (non-restraint)  =    -61061.9981
 EKCMT  =      4073.3049  VIRIAL  =      3431.8518  VOLUME     =    155682.4483
                                                    Density    =         1.0378
 ------------------------------------------------------------------------------

wrapping first mol.:       19.56038       27.66256       47.91295
wrapping first mol.:       19.56038       27.66256       47.91295

 NSTEP =    39500   TIME(PS) =    4379.000  TEMP(K) =   300.88  PRESS =   -58.2
 Etot   =    -51425.7265  EKtot   =      9783.1172  EPtot      =    -61208.8437
 BOND   =       408.5694  ANGLE   =      1022.5092  DIHED      =       712.2724
 1-4 NB =       462.8192  1-4 EEL =      5608.4277  VDWAALS    =      6764.0464
 EELEC  =    -76203.7907  EHBOND  =         0.0000  RESTRAINT  =        16.3027
 EAMBER (non-restraint)  =    -61225.1464
 EKCMT  =      4082.3693  VIRIAL  =      4277.8270  VOLUME     =    155552.1398
                                                    Density    =         1.0386
 ------------------------------------------------------------------------------

wrapping first mol.:       19.54370       27.63897       47.87209
wrapping first mol.:       19.54370       27.63897       47.87209

 NSTEP =    40000   TIME(PS) =    4380.000  TEMP(K) =   300.99  PRESS =   309.9
 Etot   =    -51251.2287  EKtot   =      9786.8691  EPtot      =    -61038.0979
 BOND   =       396.8870  ANGLE   =      1095.8963  DIHED      =       707.2490
 1-4 NB =       454.2910  1-4 EEL =      5637.9194  VDWAALS    =      6814.2819
 EELEC  =    -76163.1616  EHBOND  =         0.0000  RESTRAINT  =        18.5391
 EAMBER (non-restraint)  =    -61056.6370
 EKCMT  =      4072.6921  VIRIAL  =      3034.5483  VOLUME     =    155149.4381
                                                    Density    =         1.0413
 ------------------------------------------------------------------------------

wrapping first mol.:       19.55425       27.65389       47.89794
wrapping first mol.:       19.55425       27.65389       47.89794

 NSTEP =    40500   TIME(PS) =    4381.000  TEMP(K) =   305.01  PRESS =  -353.5
 Etot   =    -51117.1972  EKtot   =      9917.3730  EPtot      =    -61034.5702
 BOND   =       426.1911  ANGLE   =      1024.1323  DIHED      =       694.2982
 1-4 NB =       460.6437  1-4 EEL =      5614.8470  VDWAALS    =      6645.0118
 EELEC  =    -75915.6329  EHBOND  =         0.0000  RESTRAINT  =        15.9386
 EAMBER (non-restraint)  =    -61050.5089
 EKCMT  =      4153.5388  VIRIAL  =      5339.7202  VOLUME     =    155410.0667
                                                    Density    =         1.0396
 ------------------------------------------------------------------------------

wrapping first mol.:       19.55069       27.64885       47.88921
wrapping first mol.:       19.55069       27.64885       47.88921

 NSTEP =    41000   TIME(PS) =    4382.000  TEMP(K) =   299.40  PRESS =   352.8
 Etot   =    -51307.2112  EKtot   =      9734.9570  EPtot      =    -61042.1682
 BOND   =       389.5873  ANGLE   =      1075.9724  DIHED      =       694.4716
 1-4 NB =       466.9753  1-4 EEL =      5648.8788  VDWAALS    =      6705.0205
 EELEC  =    -76039.8821  EHBOND  =         0.0000  RESTRAINT  =        16.8079
 EAMBER (non-restraint)  =    -61058.9762
 EKCMT  =      4023.2661  VIRIAL  =      2840.0859  VOLUME     =    155315.2948
                                                    Density    =         1.0402
 ------------------------------------------------------------------------------

wrapping first mol.:       19.54829       27.64546       47.88333
wrapping first mol.:       19.54829       27.64546       47.88333

 NSTEP =    41500   TIME(PS) =    4383.000  TEMP(K) =   298.63  PRESS =   225.3
 Etot   =    -51350.7349  EKtot   =      9709.9873  EPtot      =    -61060.7222
 BOND   =       388.2554  ANGLE   =      1040.2907  DIHED      =       697.4747
 1-4 NB =       466.8564  1-4 EEL =      5649.9764  VDWAALS    =      6970.2591
 EELEC  =    -76290.8624  EHBOND  =         0.0000  RESTRAINT  =        17.0275
 EAMBER (non-restraint)  =    -61077.7497
 EKCMT  =      4029.5541  VIRIAL  =      3274.2974  VOLUME     =    155259.9494
                                                    Density    =         1.0406
 ------------------------------------------------------------------------------

wrapping first mol.:       19.55707       27.65788       47.90485
wrapping first mol.:       19.55707       27.65788       47.90485

 NSTEP =    42000   TIME(PS) =    4384.000  TEMP(K) =   296.92  PRESS =   -47.9
 Etot   =    -51132.0248  EKtot   =      9654.5820  EPtot      =    -60786.6068
 BOND   =       418.4887  ANGLE   =      1152.6349  DIHED      =       694.7597
 1-4 NB =       463.0693  1-4 EEL =      5648.0434  VDWAALS    =      6659.7653
 EELEC  =    -75839.6075  EHBOND  =         0.0000  RESTRAINT  =        16.2395
 EAMBER (non-restraint)  =    -60802.8463
 EKCMT  =      4039.2492  VIRIAL  =      4199.9614  VOLUME     =    155473.0714
                                                    Density    =         1.0392
 ------------------------------------------------------------------------------

wrapping first mol.:       19.55756       27.65856       47.90603
wrapping first mol.:       19.55756       27.65856       47.90603

 NSTEP =    42500   TIME(PS) =    4385.000  TEMP(K) =   302.50  PRESS =   107.8
 Etot   =    -51196.8893  EKtot   =      9835.8838  EPtot      =    -61032.7731
 BOND   =       407.7911  ANGLE   =      1036.0170  DIHED      =       710.2993
 1-4 NB =       445.0067  1-4 EEL =      5646.7696  VDWAALS    =      6734.4032
 EELEC  =    -76025.9538  EHBOND  =         0.0000  RESTRAINT  =        12.8937
 EAMBER (non-restraint)  =    -61045.6668
 EKCMT  =      4098.0408  VIRIAL  =      3736.1563  VOLUME     =    155482.4797
                                                    Density    =         1.0391
 ------------------------------------------------------------------------------

wrapping first mol.:       19.54474       27.64044       47.87464
wrapping first mol.:       19.54474       27.64044       47.87464

 NSTEP =    43000   TIME(PS) =    4386.000  TEMP(K) =   297.96  PRESS =  -119.6
 Etot   =    -51516.5221  EKtot   =      9688.3301  EPtot      =    -61204.8521
 BOND   =       403.9473  ANGLE   =      1040.9067  DIHED      =       687.7238
 1-4 NB =       451.1255  1-4 EEL =      5591.1720  VDWAALS    =      6840.0158
 EELEC  =    -76234.9062  EHBOND  =         0.0000  RESTRAINT  =        15.1631
 EAMBER (non-restraint)  =    -61220.0152
 EKCMT  =      4067.4686  VIRIAL  =      4468.0425  VOLUME     =    155180.1777
                                                    Density    =         1.0411
 ------------------------------------------------------------------------------

wrapping first mol.:       19.55591       27.65623       47.90199
wrapping first mol.:       19.55591       27.65623       47.90199

 NSTEP =    43500   TIME(PS) =    4387.000  TEMP(K) =   301.04  PRESS =     0.1
 Etot   =    -51109.4988  EKtot   =      9788.5049  EPtot      =    -60898.0037
 BOND   =       423.0960  ANGLE   =      1009.9724  DIHED      =       711.7015
 1-4 NB =       456.0037  1-4 EEL =      5599.3033  VDWAALS    =      6733.4907
 EELEC  =    -75846.8226  EHBOND  =         0.0000  RESTRAINT  =        15.2513
 EAMBER (non-restraint)  =    -60913.2551
 EKCMT  =      4073.7924  VIRIAL  =      4073.5667  VOLUME     =    155444.5785
                                                    Density    =         1.0394
 ------------------------------------------------------------------------------

wrapping first mol.:       19.58120       27.69200       47.96395
wrapping first mol.:       19.58120       27.69200       47.96395

 NSTEP =    44000   TIME(PS) =    4388.000  TEMP(K) =   300.41  PRESS =   363.5
 Etot   =    -51317.1376  EKtot   =      9767.9043  EPtot      =    -61085.0419
 BOND   =       407.0999  ANGLE   =      1030.1081  DIHED      =       706.7309
 1-4 NB =       457.7563  1-4 EEL =      5620.1989  VDWAALS    =      7047.4707
 EELEC  =    -76368.1319  EHBOND  =         0.0000  RESTRAINT  =        13.7250
 EAMBER (non-restraint)  =    -61098.7670
 EKCMT  =      4020.8606  VIRIAL  =      2796.2034  VOLUME     =    156043.5573
                                                    Density    =         1.0354
 ------------------------------------------------------------------------------

wrapping first mol.:       19.57367       27.68134       47.94549
wrapping first mol.:       19.57367       27.68134       47.94549

 NSTEP =    44500   TIME(PS) =    4389.000  TEMP(K) =   299.97  PRESS =  -130.5
 Etot   =    -51093.8893  EKtot   =      9753.4893  EPtot      =    -60847.3785
 BOND   =       410.8100  ANGLE   =      1036.8640  DIHED      =       706.1068
 1-4 NB =       461.6709  1-4 EEL =      5647.3657  VDWAALS    =      6642.7484
 EELEC  =    -75767.7576  EHBOND  =         0.0000  RESTRAINT  =        14.8133
 EAMBER (non-restraint)  =    -60862.1918
 EKCMT  =      4117.8663  VIRIAL  =      4557.1050  VOLUME     =    155870.2759
                                                    Density    =         1.0365
 ------------------------------------------------------------------------------

wrapping first mol.:       19.56072       27.66304       47.91378
wrapping first mol.:       19.56072       27.66304       47.91378

 NSTEP =    45000   TIME(PS) =    4390.000  TEMP(K) =   303.87  PRESS =  -435.8
 Etot   =    -51138.8813  EKtot   =      9880.4463  EPtot      =    -61019.3275
 BOND   =       371.7485  ANGLE   =      1127.7555  DIHED      =       713.5727
 1-4 NB =       465.7398  1-4 EEL =      5638.8072  VDWAALS    =      6518.6089
 EELEC  =    -75870.5573  EHBOND  =         0.0000  RESTRAINT  =        14.9973
 EAMBER (non-restraint)  =    -61034.3248
 EKCMT  =      4129.2783  VIRIAL  =      5593.1849  VOLUME     =    155565.4808
                                                    Density    =         1.0386
 ------------------------------------------------------------------------------

wrapping first mol.:       19.56505       27.66916       47.92439
wrapping first mol.:       19.56505       27.66916       47.92439

 NSTEP =    45500   TIME(PS) =    4391.000  TEMP(K) =   299.89  PRESS =   368.2
 Etot   =    -51295.7522  EKtot   =      9751.1367  EPtot      =    -61046.8890
 BOND   =       409.9378  ANGLE   =      1064.0776  DIHED      =       716.7347
 1-4 NB =       451.6592  1-4 EEL =      5599.2920  VDWAALS    =      6785.8999
 EELEC  =    -76088.4960  EHBOND  =         0.0000  RESTRAINT  =        14.0059
 EAMBER (non-restraint)  =    -61060.8948
 EKCMT  =      4148.9649  VIRIAL  =      2911.5186  VOLUME     =    155657.6772
                                                    Density    =         1.0379
 ------------------------------------------------------------------------------

wrapping first mol.:       19.54448       27.64007       47.87400
wrapping first mol.:       19.54448       27.64007       47.87400

 NSTEP =    46000   TIME(PS) =    4392.000  TEMP(K) =   299.49  PRESS =   136.0
 Etot   =    -51242.2639  EKtot   =      9738.0166  EPtot      =    -60980.2805
 BOND   =       403.9351  ANGLE   =      1062.8691  DIHED      =       704.5418
 1-4 NB =       450.8920  1-4 EEL =      5639.3264  VDWAALS    =      6685.9023
 EELEC  =    -75940.8952  EHBOND  =         0.0000  RESTRAINT  =        13.1479
 EAMBER (non-restraint)  =    -60993.4284
 EKCMT  =      4062.1635  VIRIAL  =      3606.4489  VOLUME     =    155170.4198
                                                    Density    =         1.0412
 ------------------------------------------------------------------------------

wrapping first mol.:       19.55122       27.64960       47.89051
wrapping first mol.:       19.55122       27.64960       47.89051

 NSTEP =    46500   TIME(PS) =    4393.000  TEMP(K) =   300.10  PRESS =  -240.2
 Etot   =    -51427.2180  EKtot   =      9757.9707  EPtot      =    -61185.1887
 BOND   =       405.8420  ANGLE   =      1055.9933  DIHED      =       713.1898
 1-4 NB =       463.4775  1-4 EEL =      5610.6814  VDWAALS    =      6742.0162
 EELEC  =    -76190.8153  EHBOND  =         0.0000  RESTRAINT  =        14.4264
 EAMBER (non-restraint)  =    -61199.6151
 EKCMT  =      4165.6436  VIRIAL  =      4971.2145  VOLUME     =    155336.1768
                                                    Density    =         1.0401
 ------------------------------------------------------------------------------

wrapping first mol.:       19.55114       27.64949       47.89032
wrapping first mol.:       19.55114       27.64949       47.89032

 NSTEP =    47000   TIME(PS) =    4394.000  TEMP(K) =   302.71  PRESS =  -322.6
 Etot   =    -51331.1012  EKtot   =      9842.8623  EPtot      =    -61173.9635
 BOND   =       402.4813  ANGLE   =      1056.8404  DIHED      =       707.8609
 1-4 NB =       464.7887  1-4 EEL =      5591.1075  VDWAALS    =      6571.7644
 EELEC  =    -75980.2080  EHBOND  =         0.0000  RESTRAINT  =        11.4013
 EAMBER (non-restraint)  =    -61185.3648
 EKCMT  =      4125.1514  VIRIAL  =      5207.0720  VOLUME     =    155335.4609
                                                    Density    =         1.0401
 ------------------------------------------------------------------------------

wrapping first mol.:       19.54847       27.64571       47.88377
wrapping first mol.:       19.54847       27.64571       47.88377

 NSTEP =    47500   TIME(PS) =    4395.000  TEMP(K) =   297.73  PRESS =   -83.4
 Etot   =    -51470.9215  EKtot   =      9680.9668  EPtot      =    -61151.8883
 BOND   =       396.1019  ANGLE   =      1075.1060  DIHED      =       720.1696
 1-4 NB =       440.8768  1-4 EEL =      5673.5496  VDWAALS    =      6804.0274
 EELEC  =    -76276.3487  EHBOND  =         0.0000  RESTRAINT  =        14.6291
 EAMBER (non-restraint)  =    -61166.5174
 EKCMT  =      4057.3454  VIRIAL  =      4336.9813  VOLUME     =    155268.4307
                                                    Density    =         1.0405
 ------------------------------------------------------------------------------

wrapping first mol.:       19.54945       27.64709       47.88617
wrapping first mol.:       19.54945       27.64709       47.88617

 NSTEP =    48000   TIME(PS) =    4396.000  TEMP(K) =   298.73  PRESS =    63.3
 Etot   =    -51303.6793  EKtot   =      9713.3857  EPtot      =    -61017.0650
 BOND   =       433.6477  ANGLE   =      1075.7815  DIHED      =       716.3060
 1-4 NB =       443.1138  1-4 EEL =      5608.6656  VDWAALS    =      6536.8881
 EELEC  =    -75845.3400  EHBOND  =         0.0000  RESTRAINT  =        13.8724
 EAMBER (non-restraint)  =    -61030.9374
 EKCMT  =      4124.0365  VIRIAL  =      3911.8474  VOLUME     =    155289.7386
                                                    Density    =         1.0404
 ------------------------------------------------------------------------------

wrapping first mol.:       19.56828       27.67373       47.93230
wrapping first mol.:       19.56828       27.67373       47.93230

 NSTEP =    48500   TIME(PS) =    4397.000  TEMP(K) =   296.97  PRESS =    69.5
 Etot   =    -51503.0743  EKtot   =      9656.1992  EPtot      =    -61159.2735
 BOND   =       418.9865  ANGLE   =      1052.2712  DIHED      =       714.4517
 1-4 NB =       454.0119  1-4 EEL =      5586.2156  VDWAALS    =      6817.7092
 EELEC  =    -76219.6350  EHBOND  =         0.0000  RESTRAINT  =        16.7153
 EAMBER (non-restraint)  =    -61175.9888
 EKCMT  =      4063.7170  VIRIAL  =      3829.8813  VOLUME     =    155738.8736
                                                    Density    =         1.0374
 ------------------------------------------------------------------------------

wrapping first mol.:       19.55038       27.64841       47.88845
wrapping first mol.:       19.55038       27.64841       47.88845

 NSTEP =    49000   TIME(PS) =    4398.000  TEMP(K) =   301.33  PRESS =   334.0
 Etot   =    -51144.1590  EKtot   =      9797.7236  EPtot      =    -60941.8827
 BOND   =       420.4930  ANGLE   =      1078.5563  DIHED      =       723.2297
 1-4 NB =       441.1960  1-4 EEL =      5587.0184  VDWAALS    =      6859.6663
 EELEC  =    -76072.9659  EHBOND  =         0.0000  RESTRAINT  =        20.9236
 EAMBER (non-restraint)  =    -60962.8063
 EKCMT  =      4129.7067  VIRIAL  =      3009.7675  VOLUME     =    155308.2266
                                                    Density    =         1.0403
 ------------------------------------------------------------------------------

wrapping first mol.:       19.56992       27.67605       47.93632
wrapping first mol.:       19.56992       27.67605       47.93632

 NSTEP =    49500   TIME(PS) =    4399.000  TEMP(K) =   295.01  PRESS =  -190.3
 Etot   =    -51416.7620  EKtot   =      9592.4824  EPtot      =    -61009.2444
 BOND   =       412.9010  ANGLE   =      1065.9637  DIHED      =       706.9118
 1-4 NB =       441.8714  1-4 EEL =      5628.6856  VDWAALS    =      6838.9854
 EELEC  =    -76123.3052  EHBOND  =         0.0000  RESTRAINT  =        18.7418
 EAMBER (non-restraint)  =    -61027.9863
 EKCMT  =      4008.9372  VIRIAL  =      4649.0971  VOLUME     =    155781.7207
                                                    Density    =         1.0371
 ------------------------------------------------------------------------------

wrapping first mol.:       19.57005       27.67622       47.93662
wrapping first mol.:       19.57005       27.67622       47.93662

 NSTEP =    50000   TIME(PS) =    4400.000  TEMP(K) =   297.09  PRESS =   261.1
 Etot   =    -51384.8218  EKtot   =      9659.9297  EPtot      =    -61044.7515
 BOND   =       416.7946  ANGLE   =      1063.7050  DIHED      =       705.3189
 1-4 NB =       441.7331  1-4 EEL =      5603.8267  VDWAALS    =      6885.7225
 EELEC  =    -76178.8398  EHBOND  =         0.0000  RESTRAINT  =        16.9875
 EAMBER (non-restraint)  =    -61061.7389
 EKCMT  =      4029.1054  VIRIAL  =      3150.8363  VOLUME     =    155778.3564
                                                    Density    =         1.0371
 ------------------------------------------------------------------------------


      A V E R A G E S   O V E R     100 S T E P S


 NSTEP =    50000   TIME(PS) =    4400.000  TEMP(K) =   300.01  PRESS =     9.4
 Etot   =    -51321.1097  EKtot   =      9754.9388  EPtot      =    -61076.0485
 BOND   =       403.8842  ANGLE   =      1056.7013  DIHED      =       707.4465
 1-4 NB =       457.5981  1-4 EEL =      5636.5444  VDWAALS    =      6774.8355
 EELEC  =    -76128.0051  EHBOND  =         0.0000  RESTRAINT  =        14.9465
 EAMBER (non-restraint)  =    -61090.9950
 EKCMT  =      4081.4329  VIRIAL  =      4049.6975  VOLUME     =    155493.4359
                                                    Density    =         1.0390
 ------------------------------------------------------------------------------


      R M S  F L U C T U A T I O N S


 NSTEP =    50000   TIME(PS) =    4400.000  TEMP(K) =     2.62  PRESS =   189.4
 Etot   =       138.7203  EKtot   =        85.3019  EPtot      =       108.9813
 BOND   =        17.3551  ANGLE   =        27.4480  DIHED      =        11.8692
 1-4 NB =         8.1000  1-4 EEL =        28.6932  VDWAALS    =       112.9733
 EELEC  =       167.7232  EHBOND  =         0.0000  RESTRAINT  =         1.8961
 EAMBER (non-restraint)  =       107.0852
 EKCMT  =        55.2095  VIRIAL  =       639.2515  VOLUME     =       326.5216
                                                    Density    =         0.0022
 ------------------------------------------------------------------------------

--------------------------------------------------------------------------------
   5.  TIMINGS
--------------------------------------------------------------------------------

|  NonSetup CPU Time in Major Routines:
|
|     Routine           Sec        %
|     ------------------------------
|     Nonbond          72.30   83.31
|     Bond              0.00    0.00
|     Angle             0.00    0.00
|     Dihedral          0.00    0.00
|     Shake             0.25    0.29
|     RunMD            14.13   16.29
|     Other             0.09    0.11
|     ------------------------------
|     Total            86.78

|  PME Nonbond Pairlist CPU Time:
|
|     Routine              Sec        %
|     ---------------------------------
|     Set Up Cit           0.00    0.00
|     Build List           0.00    0.00
|     ---------------------------------
|     Total                0.00    0.00

|  PME Direct Force CPU Time:
|
|     Routine              Sec        %
|     ---------------------------------
|     NonBonded Calc       0.00    0.00
|     Exclude Masked       0.00    0.00
|     Other                0.06    0.06
|     ---------------------------------
|     Total                0.06    0.06

|  PME Reciprocal Force CPU Time:
|
|     Routine              Sec        %
|     ---------------------------------
|     1D bspline           0.00    0.00
|     Grid Charges         0.00    0.00
|     Scalar Sum           0.00    0.00
|     Gradient Sum         0.00    0.00
|     FFT                  0.00    0.00
|     ---------------------------------
|     Total                0.00    0.00

|  Final Performance Info:
|     -----------------------------------------------------
|     Average timings for last   15000 steps:
|     Elapsed(s) =      26.03 Per Step(ms) =       1.74
|         ns/day =      99.58   seconds/ns =     867.64
|
|     Average timings for all steps:
|     Elapsed(s) =      86.77 Per Step(ms) =       1.74
|         ns/day =      99.57   seconds/ns =     867.72
|     -----------------------------------------------------

|  Setup CPU time:            0.64 seconds
|  NonSetup CPU time:        86.78 seconds
|  Total CPU time:           87.42 seconds     0.02 hours

|  Setup wall time:           1    seconds
|  NonSetup wall time:       86    seconds
|  Total wall time:          87    seconds     0.02 hours
