
          -------------------------------------------------------
          Amber 18 PMEMD                              2018
          -------------------------------------------------------

| PMEMD implementation of SANDER, Release 18

| Run on 09/29/2019 at 23:27:49

|   Executable path: pmemd.cuda
| Working directory: /home/pbarletta/lbp/run/2ifb/mhe/e
|          Hostname: Unknown
  [-O]verwriting output

File Assignments:
|   MDIN: 45equ.in                                                              
|  MDOUT: 45equ.out                                                             
| INPCRD: 44e2ifb.rst7                                                          
|   PARM: /home/pbarletta/lbp/top_files/2ifb.prmtop                             
| RESTRT: 45e2ifb.rst7                                                          
|   REFC: 44e2ifb.rst7                                                          
|  MDVEL: mdvel                                                                 
|   MDEN: mden                                                                  
|  MDCRD: 45e2ifb.nc                                                            
| MDINFO: mdinfo                                                                
|  MDFRC: mdfrc                                                                 


 Here is the input file:

Equilibration with solute restrictions                                         
&cntrl                                                                         
imin = 0,                           ! No Minimization                          
nmropt = 0,                         ! No NMR restraints read                   
                                                                               
! Nature and format of the input                                               
ntx = 5,                            ! Coordinates but no velocities will be rea
irest = 1,                          ! Do not run a new simulation              
                                                                               
! Nature and format of the output                                              
ntxo = 1,                           ! rstrt file in ASCII format               
ntpr = 500,                         ! inf in output every ntpr steps           
ntwr = 500,                         ! rstrt file every ntwr steps              
ntwx = 500,                         ! mdcrd file every ntwx steps              
ntwv = 0,                           ! mdvel without velocities                 
ntwe = 0,                           ! Do not write energies and temperatures   
idecomp = 0,                        ! No energy decomposition                  
iwrap = 1,                          ! Coordinates of the restart and mdcrd file
                                                                               
! Frozen or restrained atoms                                                   
ibelly = 0,                         ! No frozen atoms                          
ntr=1,                              ! Harmonic potential restraints            
restraint_wt = 0.06,                ! The weight for the positional restraints 
restraintmask = ':1-131@N,CA,C,O',  ! restrained residues                      
                                                                               
! Molecular dynamics                                                           
nstlim = 50000,                     ! Number of MD-steps                       
dt = 0.002,                         ! Time step                                
                                                                               
! Temperature regulation                                                       
ntt = 3,                            ! Langevin thermostat                      
gamma_ln = 5,                       ! Gamma constant for Langevin              
temp0 = 300.0,                      ! Reference T at which the system is to be 
tempi = 300.0,                      ! Initial T                                
ig = -1,                            ! Seed for the RNG                         
                                                                               
! P and V regulation                                                           
ntp = 1,                            ! constant P                               
barostat = 1,                       ! Berendsen barostat                       
taup = 1,                           ! Pressure relaxation time                 
ntb = 2,                            ! Periodic box for constant P              
                                                                               
! SHAKE variables                                                              
ntc = 2,                            ! Bonds involving H are constrained        
ntf = 2,                            ! Bond interaction involving H are ommited.
                                                                               
cut = 10.0,                         ! Nonbonded cutoff                         
/                                                                              
&end                                                                           


Note: ig = -1. Setting random seed to   250605 based on wallclock time in 
      microseconds.
| irandom = 1, using AMBER's internal random number generator (default).
 
|--------------------- INFORMATION ----------------------
| GPU (CUDA) Version of PMEMD in use: NVIDIA GPU IN USE.
|                    Version 18.0.0
| 
|                      03/25/2018
| 
| Implementation by:
|                    Ross C. Walker     (SDSC)
|                    Scott Le Grand     (nVIDIA)
| 
| Version 18 performance extensions by:
|                    David Cerutti     (Rutgers)
| 
| Precision model in use:
|      [SPFP] - Single Precision Forces, 64-bit Fixed Point
|               Accumulation. (Default)
| 
|--------------------------------------------------------
 
|----------------- CITATION INFORMATION -----------------
|
|    When publishing work that utilized the CUDA version
|    of AMBER, please cite the following in addition to
|    the regular AMBER citations:
|
|  - Romelia Salomon-Ferrer; Andreas W. Goetz; Duncan
|    Poole; Scott Le Grand; Ross C. Walker "Routine
|    microsecond molecular dynamics simulations with
|    AMBER - Part II: Particle Mesh Ewald", J. Chem.
|    Theory Comput., 2013, 9 (9), pp3878-3888,
|    DOI: 10.1021/ct400314y.
|
|  - Andreas W. Goetz; Mark J. Williamson; Dong Xu;
|    Duncan Poole; Scott Le Grand; Ross C. Walker
|    "Routine microsecond molecular dynamics simulations
|    with AMBER - Part I: Generalized Born", J. Chem.
|    Theory Comput., 2012, 8 (5), pp1542-1555.
|
|  - Scott Le Grand; Andreas W. Goetz; Ross C. Walker
|    "SPFP: Speed without compromise - a mixed precision
|    model for GPU accelerated molecular dynamics
|    simulations.", Comp. Phys. Comm., 2013, 184
|    pp374-380, DOI: 10.1016/j.cpc.2012.09.022
|
|--------------------------------------------------------
 
|------------------- GPU DEVICE INFO --------------------
|
|            CUDA_VISIBLE_DEVICES: 1
|   CUDA Capable Devices Detected:      1
|           CUDA Device ID in use:      0
|                CUDA Device Name: GeForce GTX 1060 6GB
|     CUDA Device Global Mem Size:   6078 MB
| CUDA Device Num Multiprocessors:     10
|           CUDA Device Core Freq:   1.76 GHz
|
|--------------------------------------------------------
 
 
| Conditional Compilation Defines Used:
| PUBFFT
| BINTRAJ
| CUDA
| EMIL

| Largest sphere to fit in unit cell has radius =    23.954

| New format PARM file being parsed.
| Version =    1.000 Date = 09/29/19 Time = 21:53:24

| Note: 1-4 EEL scale factors are being read from the topology file.

| Note: 1-4 VDW scale factors are being read from the topology file.
| Duplicated    0 dihedrals

| Duplicated    0 dihedrals

--------------------------------------------------------------------------------
   1.  RESOURCE   USE: 
--------------------------------------------------------------------------------

 getting new box info from bottom of inpcrd
 NATOM  =   20379 NTYPES =      17 NBONH =   14750 MBONA  =    5644
 NTHETH =    2483 MTHETA =    1455 NPHIH =    4974 MPHIA  =    4548
 NHPARM =       0 NPARM  =       0 NNB   =   43788 NRES   =    4686
 NBONA  =    5644 NTHETA =    1455 NPHIA =    4548 NUMBND =      77
 NUMANG =     166 NPTRA  =     185 NATYP =      42 NPHB   =       1
 IFBOX  =       2 NMXRS  =      50 IFCAP =       0 NEXTRA =    4554
 NCOPY  =       0

| Coordinate Index Table dimensions:     9    9    9
| Direct force subcell size =     6.5194    6.5194    6.5194

     BOX TYPE: TRUNCATED OCTAHEDRON

--------------------------------------------------------------------------------
   2.  CONTROL  DATA  FOR  THE  RUN
--------------------------------------------------------------------------------

default_name                                                                    

General flags:
     imin    =       0, nmropt  =       0

Nature and format of input:
     ntx     =       5, irest   =       1, ntrx    =       1

Nature and format of output:
     ntxo    =       1, ntpr    =     500, ntrx    =       1, ntwr    =     500
     iwrap   =       1, ntwx    =     500, ntwv    =       0, ntwe    =       0
     ioutfm  =       1, ntwprt  =       0, idecomp =       0, rbornstat=      0

Potential function:
     ntf     =       2, ntb     =       2, igb     =       0, nsnb    =      25
     ipol    =       0, gbsa    =       0, iesp    =       0
     dielc   =   1.00000, cut     =  10.00000, intdiel =   1.00000

Frozen or restrained atoms:
     ibelly  =       0, ntr     =       1
     restraint_wt =   0.06000

Molecular dynamics:
     nstlim  =     50000, nscm    =         0, nrespa  =         1
     t       =   0.00000, dt      =   0.00200, vlimit  =  -1.00000

Langevin dynamics temperature regulation:
     ig      =  250605
     temp0   = 300.00000, tempi   = 300.00000, gamma_ln=   5.00000

Pressure regulation:
     ntp     =       1
     pres0   =   1.00000, comp    =  44.60000, taup    =   1.00000

SHAKE:
     ntc     =       2, jfastw  =       0
     tol     =   0.00001

| Intermolecular bonds treatment:
|     no_intermolecular_bonds =       1

| Energy averages sample interval:
|     ene_avg_sampling =     500

Extra-points options:
     frameon =       1, chngmask=       1

Ewald parameters:
     verbose =       0, ew_type =       0, nbflag  =       1, use_pme =       1
     vdwmeth =       1, eedmeth =       1, netfrc  =       1
     Box X =   58.674   Box Y =   58.674   Box Z =   58.674
     Alpha =  109.471   Beta  =  109.471   Gamma =  109.471
     NFFT1 =   64       NFFT2 =   64       NFFT3 =   64
     Cutoff=   10.000   Tol   =0.100E-04
     Ewald Coefficient =  0.27511
     Interpolation order =    4

    LOADING THE CONSTRAINED ATOMS AS GROUPS


   5.  REFERENCE ATOM COORDINATES

  default_name                                                                    
     Mask :1-131@N,CA,C,O; matches   524 atoms
|      EXTRA_PTS, trim_bonds: num bonds BEFORE trim = 14750     0
|      EXTRA_PTS, trim_bonds: num bonds AFTER  trim = 14750     0
|      EXTRA_PTS, trim_bonds: num bonds BEFORE trim =  5644     0
|      EXTRA_PTS, trim_bonds: num bonds AFTER  trim =  1090     0
|      EXTRA_PTS, trim_theta: num angle BEFORE trim =  2483     0
|      EXTRA_PTS, trim_theta: num angle AFTER  trim =  2483     0
|      EXTRA_PTS, trim_theta: num angle BEFORE trim =  1455     0
|      EXTRA_PTS, trim_theta: num angle AFTER  trim =  1455     0
|      EXTRA_PTS, trim_phi:  num diheds BEFORE trim =  4974     0
|      EXTRA_PTS, trim_phi:  num diheds AFTER  trim =  4974     0
|      EXTRA_PTS, trim_phi:  num diheds BEFORE trim =  4548     0
|      EXTRA_PTS, trim_phi:  num diheds AFTER  trim =  4548     0

--------------------------------------------------------------------------------
   3.  ATOMIC COORDINATES AND VELOCITIES
--------------------------------------------------------------------------------

default_name                                                                    
 begin time read from input coords =  4800.000 ps

 
 Number of triangulated 3-point waters found:     4554

     Sum of charges from parm topology file =   0.00202595
     Forcing neutrality...

| Dynamic Memory, Types Used:
| Reals             1016965
| Integers          1501222

| Nonbonded Pairs Initial Allocation:     6164138

| GPU memory information (estimate):
| KB of GPU memory in use:         0
| KB of CPU memory in use:         0

--------------------------------------------------------------------------------
   4.  RESULTS
--------------------------------------------------------------------------------

wrapping first mol.:       19.54231       27.63699       47.86867
wrapping first mol.:       19.54231       27.63699       47.86867

 NSTEP =      500   TIME(PS) =    4801.000  TEMP(K) =   298.79  PRESS =  -298.3
 Etot   =    -51298.9860  EKtot   =      9715.4219  EPtot      =    -61014.4079
 BOND   =       395.5062  ANGLE   =      1092.9180  DIHED      =       704.8280
 1-4 NB =       467.2054  1-4 EEL =      5640.1650  VDWAALS    =      6753.1243
 EELEC  =    -76074.9023  EHBOND  =         0.0000  RESTRAINT  =         6.7476
 EAMBER (non-restraint)  =    -61021.1555
 EKCMT  =      4041.3051  VIRIAL  =      5040.2460  VOLUME     =    155124.6219
                                                    Density    =         1.0415
 ------------------------------------------------------------------------------

wrapping first mol.:       19.53667       27.62902       47.85486
wrapping first mol.:       19.53667       27.62902       47.85486

 NSTEP =     1000   TIME(PS) =    4802.000  TEMP(K) =   304.11  PRESS =    58.3
 Etot   =    -51293.2909  EKtot   =      9888.3457  EPtot      =    -61181.6366
 BOND   =       387.5365  ANGLE   =      1021.4357  DIHED      =       724.4732
 1-4 NB =       469.8570  1-4 EEL =      5650.0525  VDWAALS    =      6869.6254
 EELEC  =    -76311.0327  EHBOND  =         0.0000  RESTRAINT  =         6.4158
 EAMBER (non-restraint)  =    -61188.0524
 EKCMT  =      4113.2387  VIRIAL  =      3918.2176  VOLUME     =    154985.4506
                                                    Density    =         1.0424
 ------------------------------------------------------------------------------

wrapping first mol.:       19.53158       27.62182       47.84239
wrapping first mol.:       19.53158       27.62182       47.84239

 NSTEP =     1500   TIME(PS) =    4803.000  TEMP(K) =   300.86  PRESS =   -97.3
 Etot   =    -51497.1556  EKtot   =      9782.5078  EPtot      =    -61279.6634
 BOND   =       421.5723  ANGLE   =      1088.8735  DIHED      =       707.9211
 1-4 NB =       459.0586  1-4 EEL =      5645.4528  VDWAALS    =      6770.1369
 EELEC  =    -76378.7107  EHBOND  =         0.0000  RESTRAINT  =         6.0321
 EAMBER (non-restraint)  =    -61285.6955
 EKCMT  =      4085.8069  VIRIAL  =      4411.1994  VOLUME     =    154866.4566
                                                    Density    =         1.0432
 ------------------------------------------------------------------------------

wrapping first mol.:       19.53170       27.62199       47.84269
wrapping first mol.:       19.53170       27.62199       47.84269

 NSTEP =     2000   TIME(PS) =    4804.000  TEMP(K) =   300.55  PRESS =  -296.0
 Etot   =    -51323.1447  EKtot   =      9772.4980  EPtot      =    -61095.6427
 BOND   =       417.9474  ANGLE   =      1034.9063  DIHED      =       709.1232
 1-4 NB =       471.9315  1-4 EEL =      5673.4928  VDWAALS    =      6636.9399
 EELEC  =    -76047.0066  EHBOND  =         0.0000  RESTRAINT  =         7.0228
 EAMBER (non-restraint)  =    -61102.6655
 EKCMT  =      4109.7835  VIRIAL  =      5099.5299  VOLUME     =    154872.0966
                                                    Density    =         1.0432
 ------------------------------------------------------------------------------

wrapping first mol.:       19.53316       27.62406       47.84628
wrapping first mol.:       19.53316       27.62406       47.84628

 NSTEP =     2500   TIME(PS) =    4805.000  TEMP(K) =   297.99  PRESS =  -244.2
 Etot   =    -51531.9732  EKtot   =      9689.1270  EPtot      =    -61221.1001
 BOND   =       407.9188  ANGLE   =      1028.5853  DIHED      =       720.5814
 1-4 NB =       455.9216  1-4 EEL =      5645.1444  VDWAALS    =      6670.5026
 EELEC  =    -76157.7236  EHBOND  =         0.0000  RESTRAINT  =         7.9693
 EAMBER (non-restraint)  =    -61229.0695
 EKCMT  =      4059.0620  VIRIAL  =      4875.7887  VOLUME     =    154906.2542
                                                    Density    =         1.0430
 ------------------------------------------------------------------------------

wrapping first mol.:       19.54728       27.64402       47.88085
wrapping first mol.:       19.54728       27.64402       47.88085

 NSTEP =     3000   TIME(PS) =    4806.000  TEMP(K) =   300.22  PRESS =    30.9
 Etot   =    -51312.5329  EKtot   =      9761.6191  EPtot      =    -61074.1521
 BOND   =       424.2979  ANGLE   =      1049.6303  DIHED      =       714.9215
 1-4 NB =       453.6518  1-4 EEL =      5656.6976  VDWAALS    =      6787.3170
 EELEC  =    -76168.4619  EHBOND  =         0.0000  RESTRAINT  =         7.7936
 EAMBER (non-restraint)  =    -61081.9457
 EKCMT  =      4042.5518  VIRIAL  =      3939.0421  VOLUME     =    155238.4765
                                                    Density    =         1.0407
 ------------------------------------------------------------------------------

wrapping first mol.:       19.55563       27.65584       47.90131
wrapping first mol.:       19.55563       27.65584       47.90131

 NSTEP =     3500   TIME(PS) =    4807.000  TEMP(K) =   301.27  PRESS =   -24.0
 Etot   =    -51248.4372  EKtot   =      9795.9854  EPtot      =    -61044.4226
 BOND   =       427.8419  ANGLE   =      1062.6255  DIHED      =       716.4256
 1-4 NB =       453.3741  1-4 EEL =      5595.5876  VDWAALS    =      6843.5640
 EELEC  =    -76151.9931  EHBOND  =         0.0000  RESTRAINT  =         8.1519
 EAMBER (non-restraint)  =    -61052.5745
 EKCMT  =      4121.1348  VIRIAL  =      4201.6007  VOLUME     =    155438.3297
                                                    Density    =         1.0394
 ------------------------------------------------------------------------------

wrapping first mol.:       19.55363       27.65301       47.89642
wrapping first mol.:       19.55363       27.65301       47.89642

 NSTEP =     4000   TIME(PS) =    4808.000  TEMP(K) =   299.12  PRESS =     8.7
 Etot   =    -51322.9324  EKtot   =      9726.0293  EPtot      =    -61048.9617
 BOND   =       404.6791  ANGLE   =      1057.0443  DIHED      =       695.6730
 1-4 NB =       447.2009  1-4 EEL =      5616.4916  VDWAALS    =      6775.3829
 EELEC  =    -76053.9261  EHBOND  =         0.0000  RESTRAINT  =         8.4926
 EAMBER (non-restraint)  =    -61057.4543
 EKCMT  =      4132.6932  VIRIAL  =      4103.3627  VOLUME     =    155390.2978
                                                    Density    =         1.0397
 ------------------------------------------------------------------------------

wrapping first mol.:       19.56681       27.67165       47.92869
wrapping first mol.:       19.56681       27.67165       47.92869

 NSTEP =     4500   TIME(PS) =    4809.000  TEMP(K) =   301.03  PRESS =   101.8
 Etot   =    -51139.6500  EKtot   =      9788.2607  EPtot      =    -60927.9108
 BOND   =       395.8246  ANGLE   =      1059.0316  DIHED      =       710.4246
 1-4 NB =       468.9409  1-4 EEL =      5610.8035  VDWAALS    =      6761.8298
 EELEC  =    -75944.7914  EHBOND  =         0.0000  RESTRAINT  =        10.0258
 EAMBER (non-restraint)  =    -60937.9365
 EKCMT  =      4074.7597  VIRIAL  =      3732.6383  VOLUME     =    155703.3150
                                                    Density    =         1.0376
 ------------------------------------------------------------------------------

wrapping first mol.:       19.57431       27.68225       47.94707
wrapping first mol.:       19.57431       27.68225       47.94707

 NSTEP =     5000   TIME(PS) =    4810.000  TEMP(K) =   307.41  PRESS =  -147.6
 Etot   =    -50862.9110  EKtot   =      9995.6787  EPtot      =    -60858.5897
 BOND   =       404.9362  ANGLE   =      1081.1313  DIHED      =       745.7497
 1-4 NB =       452.2984  1-4 EEL =      5643.9383  VDWAALS    =      6638.9653
 EELEC  =    -75835.0807  EHBOND  =         0.0000  RESTRAINT  =         9.4715
 EAMBER (non-restraint)  =    -60868.0613
 EKCMT  =      4193.2297  VIRIAL  =      4689.9645  VOLUME     =    155885.9112
                                                    Density    =         1.0364
 ------------------------------------------------------------------------------

wrapping first mol.:       19.57180       27.67871       47.94092
wrapping first mol.:       19.57180       27.67871       47.94092

 NSTEP =     5500   TIME(PS) =    4811.000  TEMP(K) =   303.22  PRESS =  -249.7
 Etot   =    -51040.7024  EKtot   =      9859.4834  EPtot      =    -60900.1858
 BOND   =       426.8532  ANGLE   =      1082.5591  DIHED      =       707.0818
 1-4 NB =       456.7239  1-4 EEL =      5687.5101  VDWAALS    =      6720.0544
 EELEC  =    -75991.8106  EHBOND  =         0.0000  RESTRAINT  =        10.8425
 EAMBER (non-restraint)  =    -60911.0282
 EKCMT  =      4103.7657  VIRIAL  =      4944.0133  VOLUME     =    155827.4203
                                                    Density    =         1.0368
 ------------------------------------------------------------------------------

wrapping first mol.:       19.56654       27.67127       47.92804
wrapping first mol.:       19.56654       27.67127       47.92804

 NSTEP =     6000   TIME(PS) =    4812.000  TEMP(K) =   297.58  PRESS =    44.9
 Etot   =    -51408.0661  EKtot   =      9676.0762  EPtot      =    -61084.1423
 BOND   =       393.3709  ANGLE   =      1120.0694  DIHED      =       714.9201
 1-4 NB =       444.6829  1-4 EEL =      5622.2428  VDWAALS    =      6710.7671
 EELEC  =    -76099.3460  EHBOND  =         0.0000  RESTRAINT  =         9.1506
 EAMBER (non-restraint)  =    -61093.2929
 EKCMT  =      4079.6956  VIRIAL  =      3928.8161  VOLUME     =    155697.7672
                                                    Density    =         1.0377
 ------------------------------------------------------------------------------

wrapping first mol.:       19.56915       27.67496       47.93443
wrapping first mol.:       19.56915       27.67496       47.93443

 NSTEP =     6500   TIME(PS) =    4813.000  TEMP(K) =   298.53  PRESS =   -64.3
 Etot   =    -51467.0009  EKtot   =      9706.8682  EPtot      =    -61173.8691
 BOND   =       376.5163  ANGLE   =      1038.5434  DIHED      =       713.6044
 1-4 NB =       465.0408  1-4 EEL =      5666.1057  VDWAALS    =      6955.3156
 EELEC  =    -76398.7715  EHBOND  =         0.0000  RESTRAINT  =         9.7762
 EAMBER (non-restraint)  =    -61183.6453
 EKCMT  =      4023.2095  VIRIAL  =      4239.4649  VOLUME     =    155761.5155
                                                    Density    =         1.0373
 ------------------------------------------------------------------------------

wrapping first mol.:       19.56627       27.67089       47.92738
wrapping first mol.:       19.56627       27.67089       47.92738

 NSTEP =     7000   TIME(PS) =    4814.000  TEMP(K) =   306.29  PRESS =    27.7
 Etot   =    -51140.8667  EKtot   =      9959.2695  EPtot      =    -61100.1362
 BOND   =       390.6403  ANGLE   =      1083.4543  DIHED      =       714.8184
 1-4 NB =       449.6425  1-4 EEL =      5635.0702  VDWAALS    =      6741.3796
 EELEC  =    -76125.7632  EHBOND  =         0.0000  RESTRAINT  =        10.6216
 EAMBER (non-restraint)  =    -61110.7578
 EKCMT  =      4224.9496  VIRIAL  =      4131.6829  VOLUME     =    155691.4833
                                                    Density    =         1.0377
 ------------------------------------------------------------------------------

wrapping first mol.:       19.55235       27.65119       47.89327
wrapping first mol.:       19.55235       27.65119       47.89327

 NSTEP =     7500   TIME(PS) =    4815.000  TEMP(K) =   300.68  PRESS =  -107.3
 Etot   =    -51223.2788  EKtot   =      9776.7783  EPtot      =    -61000.0571
 BOND   =       399.9140  ANGLE   =      1090.8321  DIHED      =       715.6578
 1-4 NB =       467.4632  1-4 EEL =      5659.5743  VDWAALS    =      6631.7311
 EELEC  =    -75976.7338  EHBOND  =         0.0000  RESTRAINT  =        11.5041
 EAMBER (non-restraint)  =    -61011.5612
 EKCMT  =      4093.2114  VIRIAL  =      4453.3050  VOLUME     =    155361.2028
                                                    Density    =         1.0399
 ------------------------------------------------------------------------------

wrapping first mol.:       19.56509       27.66922       47.92449
wrapping first mol.:       19.56509       27.66922       47.92449

 NSTEP =     8000   TIME(PS) =    4816.000  TEMP(K) =   295.23  PRESS =   416.8
 Etot   =    -51389.6985  EKtot   =      9599.5137  EPtot      =    -60989.2122
 BOND   =       394.6253  ANGLE   =      1039.1438  DIHED      =       696.9042
 1-4 NB =       466.4624  1-4 EEL =      5636.0577  VDWAALS    =      6914.1254
 EELEC  =    -76147.0660  EHBOND  =         0.0000  RESTRAINT  =        10.5351
 EAMBER (non-restraint)  =    -60999.7473
 EKCMT  =      4042.3361  VIRIAL  =      2641.6119  VOLUME     =    155657.9875
                                                    Density    =         1.0379
 ------------------------------------------------------------------------------

wrapping first mol.:       19.59530       27.71193       47.99847
wrapping first mol.:       19.59530       27.71193       47.99847

 NSTEP =     8500   TIME(PS) =    4817.000  TEMP(K) =   300.58  PRESS =  -261.4
 Etot   =    -51111.8168  EKtot   =      9773.3389  EPtot      =    -60885.1557
 BOND   =       387.2596  ANGLE   =      1068.8828  DIHED      =       718.2265
 1-4 NB =       460.2465  1-4 EEL =      5659.1051  VDWAALS    =      6754.7751
 EELEC  =    -75942.6903  EHBOND  =         0.0000  RESTRAINT  =         9.0390
 EAMBER (non-restraint)  =    -60894.1946
 EKCMT  =      4124.4143  VIRIAL  =      5007.1429  VOLUME     =    156389.4089
                                                    Density    =         1.0331
 ------------------------------------------------------------------------------

wrapping first mol.:       19.58452       27.69669       47.97208
wrapping first mol.:       19.58452       27.69669       47.97208

 NSTEP =     9000   TIME(PS) =    4818.000  TEMP(K) =   298.58  PRESS =   236.8
 Etot   =    -51206.6573  EKtot   =      9708.2988  EPtot      =    -60914.9562
 BOND   =       388.4051  ANGLE   =      1079.3104  DIHED      =       719.4699
 1-4 NB =       461.2944  1-4 EEL =      5688.8866  VDWAALS    =      6832.9894
 EELEC  =    -76094.2739  EHBOND  =         0.0000  RESTRAINT  =         8.9620
 EAMBER (non-restraint)  =    -60923.9182
 EKCMT  =      4021.5574  VIRIAL  =      3223.4540  VOLUME     =    156124.6109
                                                    Density    =         1.0348
 ------------------------------------------------------------------------------

wrapping first mol.:       19.57517       27.68347       47.94918
wrapping first mol.:       19.57517       27.68347       47.94918

 NSTEP =     9500   TIME(PS) =    4819.000  TEMP(K) =   299.44  PRESS =  -589.8
 Etot   =    -51239.3957  EKtot   =      9736.3574  EPtot      =    -60975.7531
 BOND   =       372.9041  ANGLE   =      1027.6220  DIHED      =       705.4024
 1-4 NB =       475.4312  1-4 EEL =      5685.1957  VDWAALS    =      6516.9766
 EELEC  =    -75769.4634  EHBOND  =         0.0000  RESTRAINT  =        10.1782
 EAMBER (non-restraint)  =    -60985.9313
 EKCMT  =      4079.2501  VIRIAL  =      6064.7090  VOLUME     =    155912.6479
                                                    Density    =         1.0362
 ------------------------------------------------------------------------------

wrapping first mol.:       19.56501       27.66911       47.92429
wrapping first mol.:       19.56501       27.66911       47.92429

 NSTEP =    10000   TIME(PS) =    4820.000  TEMP(K) =   302.76  PRESS =   -16.8
 Etot   =    -51184.1152  EKtot   =      9844.4072  EPtot      =    -61028.5224
 BOND   =       422.0686  ANGLE   =      1028.6665  DIHED      =       706.6700
 1-4 NB =       480.6017  1-4 EEL =      5660.1318  VDWAALS    =      6679.3226
 EELEC  =    -76015.7273  EHBOND  =         0.0000  RESTRAINT  =         9.7438
 EAMBER (non-restraint)  =    -61038.2661
 EKCMT  =      4146.1402  VIRIAL  =      4202.5236  VOLUME     =    155662.0699
                                                    Density    =         1.0379
 ------------------------------------------------------------------------------

wrapping first mol.:       19.56469       27.66865       47.92350
wrapping first mol.:       19.56469       27.66865       47.92350

 NSTEP =    10500   TIME(PS) =    4821.000  TEMP(K) =   297.58  PRESS =  -106.6
 Etot   =    -51396.7504  EKtot   =      9675.9541  EPtot      =    -61072.7045
 BOND   =       444.7289  ANGLE   =      1108.9747  DIHED      =       709.9399
 1-4 NB =       443.7522  1-4 EEL =      5624.2885  VDWAALS    =      6934.6938
 EELEC  =    -76349.8710  EHBOND  =         0.0000  RESTRAINT  =        10.7883
 EAMBER (non-restraint)  =    -61083.4929
 EKCMT  =      4140.0902  VIRIAL  =      4498.2638  VOLUME     =    155655.6100
                                                    Density    =         1.0380
 ------------------------------------------------------------------------------

wrapping first mol.:       19.57975       27.68995       47.96040
wrapping first mol.:       19.57975       27.68995       47.96040

 NSTEP =    11000   TIME(PS) =    4822.000  TEMP(K) =   301.34  PRESS =   -34.7
 Etot   =    -51346.7994  EKtot   =      9798.1211  EPtot      =    -61144.9205
 BOND   =       386.1087  ANGLE   =      1016.8878  DIHED      =       716.2721
 1-4 NB =       439.5681  1-4 EEL =      5676.6853  VDWAALS    =      6891.4495
 EELEC  =    -76281.8881  EHBOND  =         0.0000  RESTRAINT  =         9.9960
 EAMBER (non-restraint)  =    -61154.9165
 EKCMT  =      4131.7398  VIRIAL  =      4248.5200  VOLUME     =    156014.4355
                                                    Density    =         1.0356
 ------------------------------------------------------------------------------

wrapping first mol.:       19.57635       27.68514       47.95207
wrapping first mol.:       19.57635       27.68514       47.95207

 NSTEP =    11500   TIME(PS) =    4823.000  TEMP(K) =   299.34  PRESS =   -96.4
 Etot   =    -51345.6251  EKtot   =      9733.1641  EPtot      =    -61078.7891
 BOND   =       368.1407  ANGLE   =      1048.7514  DIHED      =       715.1899
 1-4 NB =       458.8846  1-4 EEL =      5654.9345  VDWAALS    =      6831.0454
 EELEC  =    -76166.5794  EHBOND  =         0.0000  RESTRAINT  =        10.8437
 EAMBER (non-restraint)  =    -61089.6329
 EKCMT  =      4140.7302  VIRIAL  =      4465.3011  VOLUME     =    155933.9684
                                                    Density    =         1.0361
 ------------------------------------------------------------------------------

wrapping first mol.:       19.57159       27.67841       47.94041
wrapping first mol.:       19.57159       27.67841       47.94041

 NSTEP =    12000   TIME(PS) =    4824.000  TEMP(K) =   302.99  PRESS =   -87.2
 Etot   =    -51141.5628  EKtot   =      9851.8848  EPtot      =    -60993.4476
 BOND   =       408.7663  ANGLE   =      1085.8430  DIHED      =       698.5200
 1-4 NB =       459.7753  1-4 EEL =      5635.8984  VDWAALS    =      6642.0680
 EELEC  =    -75933.7109  EHBOND  =         0.0000  RESTRAINT  =         9.3923
 EAMBER (non-restraint)  =    -61002.8399
 EKCMT  =      4069.1850  VIRIAL  =      4362.4288  VOLUME     =    155820.1692
                                                    Density    =         1.0369
 ------------------------------------------------------------------------------

wrapping first mol.:       19.56987       27.67598       47.93620
wrapping first mol.:       19.56987       27.67598       47.93620

 NSTEP =    12500   TIME(PS) =    4825.000  TEMP(K) =   300.69  PRESS =   -87.6
 Etot   =    -50938.1847  EKtot   =      9776.9971  EPtot      =    -60715.1818
 BOND   =       398.0374  ANGLE   =      1071.4173  DIHED      =       719.4858
 1-4 NB =       454.1214  1-4 EEL =      5666.4178  VDWAALS    =      6633.0527
 EELEC  =    -75666.8697  EHBOND  =         0.0000  RESTRAINT  =         9.1556
 EAMBER (non-restraint)  =    -60724.3374
 EKCMT  =      4158.9451  VIRIAL  =      4453.6013  VOLUME     =    155779.1208
                                                    Density    =         1.0371
 ------------------------------------------------------------------------------

wrapping first mol.:       19.57366       27.68133       47.94547
wrapping first mol.:       19.57366       27.68133       47.94547

 NSTEP =    13000   TIME(PS) =    4826.000  TEMP(K) =   299.19  PRESS =  -200.9
 Etot   =    -51205.4104  EKtot   =      9728.2871  EPtot      =    -60933.6975
 BOND   =       435.7803  ANGLE   =      1049.2998  DIHED      =       714.7004
 1-4 NB =       465.3676  1-4 EEL =      5644.3549  VDWAALS    =      6560.2420
 EELEC  =    -75815.6141  EHBOND  =         0.0000  RESTRAINT  =        12.1716
 EAMBER (non-restraint)  =    -60945.8691
 EKCMT  =      4098.3105  VIRIAL  =      4774.3867  VOLUME     =    155871.0651
                                                    Density    =         1.0365
 ------------------------------------------------------------------------------

wrapping first mol.:       19.55970       27.66160       47.91129
wrapping first mol.:       19.55970       27.66160       47.91129

 NSTEP =    13500   TIME(PS) =    4827.000  TEMP(K) =   297.65  PRESS =   -53.3
 Etot   =    -51534.7344  EKtot   =      9678.2051  EPtot      =    -61212.9395
 BOND   =       386.1485  ANGLE   =      1033.2573  DIHED      =       691.8049
 1-4 NB =       448.2429  1-4 EEL =      5670.8137  VDWAALS    =      6665.6654
 EELEC  =    -76121.8836  EHBOND  =         0.0000  RESTRAINT  =        13.0113
 EAMBER (non-restraint)  =    -61225.9508
 EKCMT  =      4067.1378  VIRIAL  =      4246.0987  VOLUME     =    155535.9069
                                                    Density    =         1.0388
 ------------------------------------------------------------------------------

wrapping first mol.:       19.56020       27.66230       47.91250
wrapping first mol.:       19.56020       27.66230       47.91250

 NSTEP =    14000   TIME(PS) =    4828.000  TEMP(K) =   300.32  PRESS =    77.2
 Etot   =    -51251.1332  EKtot   =      9765.0078  EPtot      =    -61016.1410
 BOND   =       375.9716  ANGLE   =      1086.9212  DIHED      =       750.3921
 1-4 NB =       482.4864  1-4 EEL =      5686.1481  VDWAALS    =      6812.5872
 EELEC  =    -76224.5956  EHBOND  =         0.0000  RESTRAINT  =        13.9479
 EAMBER (non-restraint)  =    -61030.0890
 EKCMT  =      4148.2729  VIRIAL  =      3889.0890  VOLUME     =    155545.9089
                                                    Density    =         1.0387
 ------------------------------------------------------------------------------

wrapping first mol.:       19.57146       27.67823       47.94010
wrapping first mol.:       19.57146       27.67823       47.94010

 NSTEP =    14500   TIME(PS) =    4829.000  TEMP(K) =   299.72  PRESS =   251.7
 Etot   =    -51300.5878  EKtot   =      9745.5791  EPtot      =    -61046.1669
 BOND   =       435.4068  ANGLE   =      1048.0721  DIHED      =       719.8397
 1-4 NB =       446.6567  1-4 EEL =      5646.6454  VDWAALS    =      6929.7755
 EELEC  =    -76283.9422  EHBOND  =         0.0000  RESTRAINT  =        11.3791
 EAMBER (non-restraint)  =    -61057.5461
 EKCMT  =      4127.5650  VIRIAL  =      3280.8938  VOLUME     =    155812.3884
                                                    Density    =         1.0369
 ------------------------------------------------------------------------------

wrapping first mol.:       19.57378       27.68150       47.94576
wrapping first mol.:       19.57378       27.68150       47.94576

 NSTEP =    15000   TIME(PS) =    4830.000  TEMP(K) =   299.61  PRESS =  -233.1
 Etot   =    -51384.4962  EKtot   =      9741.8574  EPtot      =    -61126.3536
 BOND   =       384.8113  ANGLE   =      1015.8910  DIHED      =       698.6427
 1-4 NB =       459.3719  1-4 EEL =      5649.8484  VDWAALS    =      6822.7477
 EELEC  =    -76167.9894  EHBOND  =         0.0000  RESTRAINT  =        10.3227
 EAMBER (non-restraint)  =    -61136.6763
 EKCMT  =      4071.9210  VIRIAL  =      4856.4525  VOLUME     =    155874.3677
                                                    Density    =         1.0365
 ------------------------------------------------------------------------------

wrapping first mol.:       19.56439       27.66822       47.92277
wrapping first mol.:       19.56439       27.66822       47.92277

 NSTEP =    15500   TIME(PS) =    4831.000  TEMP(K) =   301.46  PRESS =   501.2
 Etot   =    -51267.8356  EKtot   =      9802.0078  EPtot      =    -61069.8434
 BOND   =       409.9306  ANGLE   =      1016.3626  DIHED      =       733.0916
 1-4 NB =       459.9391  1-4 EEL =      5621.7395  VDWAALS    =      6808.6996
 EELEC  =    -76130.8061  EHBOND  =         0.0000  RESTRAINT  =        11.1996
 EAMBER (non-restraint)  =    -61081.0430
 EKCMT  =      4083.8230  VIRIAL  =      2399.5958  VOLUME     =    155640.0104
                                                    Density    =         1.0381
 ------------------------------------------------------------------------------

wrapping first mol.:       19.56212       27.66501       47.91720
wrapping first mol.:       19.56212       27.66501       47.91720

 NSTEP =    16000   TIME(PS) =    4832.000  TEMP(K) =   298.62  PRESS =   -91.9
 Etot   =    -51290.2705  EKtot   =      9709.6709  EPtot      =    -60999.9414
 BOND   =       402.9766  ANGLE   =      1030.0470  DIHED      =       709.5236
 1-4 NB =       463.4185  1-4 EEL =      5662.3661  VDWAALS    =      6820.6325
 EELEC  =    -76100.3471  EHBOND  =         0.0000  RESTRAINT  =        11.4414
 EAMBER (non-restraint)  =    -61011.3828
 EKCMT  =      4016.9784  VIRIAL  =      4325.6626  VOLUME     =    155593.9598
                                                    Density    =         1.0384
 ------------------------------------------------------------------------------

wrapping first mol.:       19.56594       27.67042       47.92656
wrapping first mol.:       19.56594       27.67042       47.92656

 NSTEP =    16500   TIME(PS) =    4833.000  TEMP(K) =   298.50  PRESS =   139.9
 Etot   =    -51186.0496  EKtot   =      9705.7129  EPtot      =    -60891.7625
 BOND   =       410.6050  ANGLE   =      1077.0982  DIHED      =       701.6741
 1-4 NB =       450.8514  1-4 EEL =      5647.3719  VDWAALS    =      6628.2363
 EELEC  =    -75818.2718  EHBOND  =         0.0000  RESTRAINT  =        10.6725
 EAMBER (non-restraint)  =    -60902.4350
 EKCMT  =      4128.6060  VIRIAL  =      3658.3865  VOLUME     =    155682.0164
                                                    Density    =         1.0378
 ------------------------------------------------------------------------------

wrapping first mol.:       19.56469       27.66864       47.92349
wrapping first mol.:       19.56469       27.66864       47.92349

 NSTEP =    17000   TIME(PS) =    4834.000  TEMP(K) =   298.40  PRESS =   446.4
 Etot   =    -51300.5203  EKtot   =      9702.6934  EPtot      =    -61003.2137
 BOND   =       402.4557  ANGLE   =       976.4541  DIHED      =       702.3616
 1-4 NB =       450.3829  1-4 EEL =      5676.4529  VDWAALS    =      6841.4182
 EELEC  =    -76063.0166  EHBOND  =         0.0000  RESTRAINT  =        10.2775
 EAMBER (non-restraint)  =    -61013.4912
 EKCMT  =      4116.6536  VIRIAL  =      2616.5118  VOLUME     =    155647.8468
                                                    Density    =         1.0380
 ------------------------------------------------------------------------------

wrapping first mol.:       19.54143       27.63575       47.86651
wrapping first mol.:       19.54143       27.63575       47.86651

 NSTEP =    17500   TIME(PS) =    4835.000  TEMP(K) =   297.54  PRESS =    83.7
 Etot   =    -51246.9658  EKtot   =      9674.4824  EPtot      =    -60921.4482
 BOND   =       419.0264  ANGLE   =      1077.9673  DIHED      =       712.7121
 1-4 NB =       458.6494  1-4 EEL =      5682.5492  VDWAALS    =      6848.8134
 EELEC  =    -76133.0506  EHBOND  =         0.0000  RESTRAINT  =        11.8846
 EAMBER (non-restraint)  =    -60933.3328
 EKCMT  =      3999.3839  VIRIAL  =      3718.9789  VOLUME     =    155098.3493
                                                    Density    =         1.0417
 ------------------------------------------------------------------------------

wrapping first mol.:       19.53992       27.63362       47.86283
wrapping first mol.:       19.53992       27.63362       47.86283

 NSTEP =    18000   TIME(PS) =    4836.000  TEMP(K) =   300.79  PRESS =   -74.0
 Etot   =    -51310.0214  EKtot   =      9780.3428  EPtot      =    -61090.3642
 BOND   =       385.7878  ANGLE   =      1034.0699  DIHED      =       712.7282
 1-4 NB =       459.7738  1-4 EEL =      5675.4095  VDWAALS    =      6768.2989
 EELEC  =    -76137.2651  EHBOND  =         0.0000  RESTRAINT  =        10.8328
 EAMBER (non-restraint)  =    -61101.1970
 EKCMT  =      4086.0370  VIRIAL  =      4333.7623  VOLUME     =    155064.6774
                                                    Density    =         1.0419
 ------------------------------------------------------------------------------

wrapping first mol.:       19.54857       27.64585       47.88401
wrapping first mol.:       19.54857       27.64585       47.88401

 NSTEP =    18500   TIME(PS) =    4837.000  TEMP(K) =   304.71  PRESS =   -15.9
 Etot   =    -51107.3844  EKtot   =      9907.7725  EPtot      =    -61015.1569
 BOND   =       417.4487  ANGLE   =      1075.3504  DIHED      =       690.1618
 1-4 NB =       453.6429  1-4 EEL =      5690.4270  VDWAALS    =      6582.1223
 EELEC  =    -75934.4073  EHBOND  =         0.0000  RESTRAINT  =        10.0973
 EAMBER (non-restraint)  =    -61025.2542
 EKCMT  =      4174.1286  VIRIAL  =      4227.5428  VOLUME     =    155269.8823
                                                    Density    =         1.0405
 ------------------------------------------------------------------------------

wrapping first mol.:       19.56073       27.66305       47.91380
wrapping first mol.:       19.56073       27.66305       47.91380

 NSTEP =    19000   TIME(PS) =    4838.000  TEMP(K) =   303.45  PRESS =    20.7
 Etot   =    -51171.4049  EKtot   =      9866.9023  EPtot      =    -61038.3072
 BOND   =       422.9838  ANGLE   =      1063.4802  DIHED      =       704.5782
 1-4 NB =       448.4291  1-4 EEL =      5620.5049  VDWAALS    =      6776.8157
 EELEC  =    -76084.1685  EHBOND  =         0.0000  RESTRAINT  =         9.0695
 EAMBER (non-restraint)  =    -61047.3768
 EKCMT  =      4035.4240  VIRIAL  =      3965.7527  VOLUME     =    155559.3516
                                                    Density    =         1.0386
 ------------------------------------------------------------------------------

wrapping first mol.:       19.55127       27.64967       47.89062
wrapping first mol.:       19.55127       27.64967       47.89062

 NSTEP =    19500   TIME(PS) =    4839.000  TEMP(K) =   301.21  PRESS =  -670.0
 Etot   =    -51441.8107  EKtot   =      9794.1152  EPtot      =    -61235.9259
 BOND   =       396.1649  ANGLE   =      1044.8638  DIHED      =       716.5470
 1-4 NB =       459.8458  1-4 EEL =      5632.3507  VDWAALS    =      6660.8474
 EELEC  =    -76157.7016  EHBOND  =         0.0000  RESTRAINT  =        11.1560
 EAMBER (non-restraint)  =    -61247.0819
 EKCMT  =      4137.6039  VIRIAL  =      6384.8110  VOLUME     =    155343.2628
                                                    Density    =         1.0400
 ------------------------------------------------------------------------------

wrapping first mol.:       19.56384       27.66745       47.92142
wrapping first mol.:       19.56384       27.66745       47.92142

 NSTEP =    20000   TIME(PS) =    4840.000  TEMP(K) =   300.22  PRESS =   147.8
 Etot   =    -51226.0162  EKtot   =      9761.9229  EPtot      =    -60987.9390
 BOND   =       395.8934  ANGLE   =      1058.6511  DIHED      =       703.0792
 1-4 NB =       458.0693  1-4 EEL =      5617.2958  VDWAALS    =      6800.8660
 EELEC  =    -76030.2000  EHBOND  =         0.0000  RESTRAINT  =         8.4060
 EAMBER (non-restraint)  =    -60996.3451
 EKCMT  =      4046.1375  VIRIAL  =      3549.6267  VOLUME     =    155631.7608
                                                    Density    =         1.0381
 ------------------------------------------------------------------------------

wrapping first mol.:       19.56704       27.67197       47.92925
wrapping first mol.:       19.56704       27.67197       47.92925

 NSTEP =    20500   TIME(PS) =    4841.000  TEMP(K) =   299.05  PRESS =  -146.7
 Etot   =    -51218.9929  EKtot   =      9723.7852  EPtot      =    -60942.7780
 BOND   =       398.1703  ANGLE   =      1051.1747  DIHED      =       713.4813
 1-4 NB =       462.2771  1-4 EEL =      5655.3035  VDWAALS    =      6710.5300
 EELEC  =    -75945.9884  EHBOND  =         0.0000  RESTRAINT  =        12.2735
 EAMBER (non-restraint)  =    -60955.0515
 EKCMT  =      4075.3227  VIRIAL  =      4568.6943  VOLUME     =    155712.1993
                                                    Density    =         1.0376
 ------------------------------------------------------------------------------

wrapping first mol.:       19.58276       27.69421       47.96778
wrapping first mol.:       19.58276       27.69421       47.96778

 NSTEP =    21000   TIME(PS) =    4842.000  TEMP(K) =   299.98  PRESS =   365.8
 Etot   =    -51247.2200  EKtot   =      9753.8809  EPtot      =    -61001.1008
 BOND   =       429.5517  ANGLE   =      1047.9320  DIHED      =       706.4945
 1-4 NB =       456.0554  1-4 EEL =      5650.3994  VDWAALS    =      6816.5383
 EELEC  =    -76117.9891  EHBOND  =         0.0000  RESTRAINT  =         9.9170
 EAMBER (non-restraint)  =    -61011.0178
 EKCMT  =      4044.1357  VIRIAL  =      2811.5162  VOLUME     =    156080.8319
                                                    Density    =         1.0351
 ------------------------------------------------------------------------------

wrapping first mol.:       19.57528       27.68363       47.94945
wrapping first mol.:       19.57528       27.68363       47.94945

 NSTEP =    21500   TIME(PS) =    4843.000  TEMP(K) =   298.28  PRESS =  -358.7
 Etot   =    -51492.3931  EKtot   =      9698.8477  EPtot      =    -61191.2407
 BOND   =       389.4350  ANGLE   =      1027.2600  DIHED      =       696.6366
 1-4 NB =       469.6790  1-4 EEL =      5635.1040  VDWAALS    =      6653.8709
 EELEC  =    -76072.6551  EHBOND  =         0.0000  RESTRAINT  =         9.4289
 EAMBER (non-restraint)  =    -61200.6697
 EKCMT  =      4033.0680  VIRIAL  =      5240.4986  VOLUME     =    155912.1231
                                                    Density    =         1.0362
 ------------------------------------------------------------------------------

wrapping first mol.:       19.55658       27.65718       47.90363
wrapping first mol.:       19.55658       27.65718       47.90363

 NSTEP =    22000   TIME(PS) =    4844.000  TEMP(K) =   300.00  PRESS =  -145.4
 Etot   =    -51366.7159  EKtot   =      9754.6348  EPtot      =    -61121.3507
 BOND   =       408.0786  ANGLE   =      1030.3193  DIHED      =       686.3109
 1-4 NB =       456.8676  1-4 EEL =      5663.5003  VDWAALS    =      6683.2291
 EELEC  =    -76060.6264  EHBOND  =         0.0000  RESTRAINT  =        10.9699
 EAMBER (non-restraint)  =    -61132.3205
 EKCMT  =      4078.3336  VIRIAL  =      4566.3996  VOLUME     =    155462.6283
                                                    Density    =         1.0392
 ------------------------------------------------------------------------------

wrapping first mol.:       19.56092       27.66332       47.91428
wrapping first mol.:       19.56092       27.66332       47.91428

 NSTEP =    22500   TIME(PS) =    4845.000  TEMP(K) =   299.08  PRESS =  -270.8
 Etot   =    -51527.8294  EKtot   =      9724.6035  EPtot      =    -61252.4329
 BOND   =       428.1811  ANGLE   =      1033.3149  DIHED      =       704.1901
 1-4 NB =       461.7881  1-4 EEL =      5589.2003  VDWAALS    =      6784.1522
 EELEC  =    -76264.3206  EHBOND  =         0.0000  RESTRAINT  =        11.0610
 EAMBER (non-restraint)  =    -61263.4939
 EKCMT  =      4050.1300  VIRIAL  =      4959.6002  VOLUME     =    155568.0102
                                                    Density    =         1.0385
 ------------------------------------------------------------------------------

wrapping first mol.:       19.57101       27.67759       47.93898
wrapping first mol.:       19.57101       27.67759       47.93898

 NSTEP =    23000   TIME(PS) =    4846.000  TEMP(K) =   301.41  PRESS =  -195.3
 Etot   =    -51305.3758  EKtot   =      9800.5908  EPtot      =    -61105.9666
 BOND   =       410.9024  ANGLE   =      1057.0403  DIHED      =       751.0848
 1-4 NB =       456.4333  1-4 EEL =      5640.0693  VDWAALS    =      6808.4479
 EELEC  =    -76239.9312  EHBOND  =         0.0000  RESTRAINT  =         9.9866
 EAMBER (non-restraint)  =    -61115.9533
 EKCMT  =      4130.1133  VIRIAL  =      4786.9514  VOLUME     =    155807.7443
                                                    Density    =         1.0369
 ------------------------------------------------------------------------------

wrapping first mol.:       19.56440       27.66824       47.92279
wrapping first mol.:       19.56440       27.66824       47.92279

 NSTEP =    23500   TIME(PS) =    4847.000  TEMP(K) =   303.29  PRESS =   -98.4
 Etot   =    -51267.9312  EKtot   =      9861.6699  EPtot      =    -61129.6012
 BOND   =       427.7510  ANGLE   =      1058.2549  DIHED      =       702.2521
 1-4 NB =       457.0601  1-4 EEL =      5618.1872  VDWAALS    =      6757.5381
 EELEC  =    -76162.1489  EHBOND  =         0.0000  RESTRAINT  =        11.5044
 EAMBER (non-restraint)  =    -61141.1056
 EKCMT  =      4165.3439  VIRIAL  =      4495.9669  VOLUME     =    155648.5493
                                                    Density    =         1.0380
 ------------------------------------------------------------------------------

wrapping first mol.:       19.56347       27.66693       47.92052
wrapping first mol.:       19.56347       27.66693       47.92052

 NSTEP =    24000   TIME(PS) =    4848.000  TEMP(K) =   300.32  PRESS =   339.0
 Etot   =    -51275.0154  EKtot   =      9764.9443  EPtot      =    -61039.9598
 BOND   =       416.1111  ANGLE   =      1077.0003  DIHED      =       721.5494
 1-4 NB =       450.2782  1-4 EEL =      5583.2308  VDWAALS    =      6858.7766
 EELEC  =    -76159.7651  EHBOND  =         0.0000  RESTRAINT  =        12.8589
 EAMBER (non-restraint)  =    -61052.8186
 EKCMT  =      4098.4432  VIRIAL  =      2959.3849  VOLUME     =    155620.3278
                                                    Density    =         1.0382
 ------------------------------------------------------------------------------

wrapping first mol.:       19.56296       27.66620       47.91927
wrapping first mol.:       19.56296       27.66620       47.91927

 NSTEP =    24500   TIME(PS) =    4849.000  TEMP(K) =   298.01  PRESS =   106.6
 Etot   =    -51438.7374  EKtot   =      9690.0391  EPtot      =    -61128.7765
 BOND   =       397.5979  ANGLE   =      1084.6188  DIHED      =       704.4783
 1-4 NB =       458.3000  1-4 EEL =      5624.1182  VDWAALS    =      6927.5203
 EELEC  =    -76335.1618  EHBOND  =         0.0000  RESTRAINT  =         9.7518
 EAMBER (non-restraint)  =    -61138.5283
 EKCMT  =      4055.0886  VIRIAL  =      3696.8723  VOLUME     =    155611.3797
                                                    Density    =         1.0383
 ------------------------------------------------------------------------------

wrapping first mol.:       19.56685       27.67170       47.92879
wrapping first mol.:       19.56685       27.67170       47.92879

 NSTEP =    25000   TIME(PS) =    4850.000  TEMP(K) =   301.64  PRESS =   302.3
 Etot   =    -51294.8337  EKtot   =      9807.8506  EPtot      =    -61102.6843
 BOND   =       421.8742  ANGLE   =      1043.3264  DIHED      =       708.8342
 1-4 NB =       466.0278  1-4 EEL =      5643.9433  VDWAALS    =      6790.2273
 EELEC  =    -76189.2099  EHBOND  =         0.0000  RESTRAINT  =        12.2923
 EAMBER (non-restraint)  =    -61114.9766
 EKCMT  =      4141.4952  VIRIAL  =      3125.3365  VOLUME     =    155701.4425
                                                    Density    =         1.0377
 ------------------------------------------------------------------------------

wrapping first mol.:       19.56641       27.67107       47.92770
wrapping first mol.:       19.56641       27.67107       47.92770

 NSTEP =    25500   TIME(PS) =    4851.000  TEMP(K) =   301.53  PRESS =   256.5
 Etot   =    -51208.8889  EKtot   =      9804.3633  EPtot      =    -61013.2522
 BOND   =       412.3998  ANGLE   =      1022.0713  DIHED      =       724.3322
 1-4 NB =       466.4163  1-4 EEL =      5654.6518  VDWAALS    =      6845.1105
 EELEC  =    -76150.1440  EHBOND  =         0.0000  RESTRAINT  =        11.9099
 EAMBER (non-restraint)  =    -61025.1621
 EKCMT  =      4100.4886  VIRIAL  =      3238.4021  VOLUME     =    155691.5060
                                                    Density    =         1.0377
 ------------------------------------------------------------------------------

wrapping first mol.:       19.55600       27.65636       47.90221
wrapping first mol.:       19.55600       27.65636       47.90221

 NSTEP =    26000   TIME(PS) =    4852.000  TEMP(K) =   299.53  PRESS =    57.7
 Etot   =    -51289.6605  EKtot   =      9739.4805  EPtot      =    -61029.1410
 BOND   =       434.0094  ANGLE   =      1048.2571  DIHED      =       705.1228
 1-4 NB =       461.3803  1-4 EEL =      5648.8679  VDWAALS    =      6886.4633
 EELEC  =    -76226.0195  EHBOND  =         0.0000  RESTRAINT  =        12.7777
 EAMBER (non-restraint)  =    -61041.9186
 EKCMT  =      4107.4855  VIRIAL  =      3913.7903  VOLUME     =    155445.9693
                                                    Density    =         1.0394
 ------------------------------------------------------------------------------

wrapping first mol.:       19.55942       27.66120       47.91059
wrapping first mol.:       19.55942       27.66120       47.91059

 NSTEP =    26500   TIME(PS) =    4853.000  TEMP(K) =   301.84  PRESS =  -118.8
 Etot   =    -51219.2806  EKtot   =      9814.5967  EPtot      =    -61033.8773
 BOND   =       407.5320  ANGLE   =      1035.0361  DIHED      =       714.5976
 1-4 NB =       462.7540  1-4 EEL =      5607.7848  VDWAALS    =      6757.0787
 EELEC  =    -76030.8720  EHBOND  =         0.0000  RESTRAINT  =        12.2115
 EAMBER (non-restraint)  =    -61046.0888
 EKCMT  =      4145.1827  VIRIAL  =      4544.0153  VOLUME     =    155530.0333
                                                    Density    =         1.0388
 ------------------------------------------------------------------------------

wrapping first mol.:       19.54705       27.64370       47.88029
wrapping first mol.:       19.54705       27.64370       47.88029

 NSTEP =    27000   TIME(PS) =    4854.000  TEMP(K) =   295.72  PRESS =   195.9
 Etot   =    -51368.1519  EKtot   =      9615.5352  EPtot      =    -60983.6870
 BOND   =       369.5268  ANGLE   =      1041.9327  DIHED      =       697.9649
 1-4 NB =       462.9120  1-4 EEL =      5665.5103  VDWAALS    =      6810.9892
 EELEC  =    -76043.4220  EHBOND  =         0.0000  RESTRAINT  =        10.8991
 EAMBER (non-restraint)  =    -60994.5861
 EKCMT  =      4126.4000  VIRIAL  =      3469.7123  VOLUME     =    155230.6965
                                                    Density    =         1.0408
 ------------------------------------------------------------------------------

wrapping first mol.:       19.54160       27.63599       47.86694
wrapping first mol.:       19.54160       27.63599       47.86694

 NSTEP =    27500   TIME(PS) =    4855.000  TEMP(K) =   299.66  PRESS =  -202.5
 Etot   =    -51424.1057  EKtot   =      9743.7129  EPtot      =    -61167.8186
 BOND   =       384.6784  ANGLE   =      1107.0086  DIHED      =       722.1976
 1-4 NB =       443.7687  1-4 EEL =      5697.4912  VDWAALS    =      6810.2705
 EELEC  =    -76344.0449  EHBOND  =         0.0000  RESTRAINT  =        10.8113
 EAMBER (non-restraint)  =    -61178.6299
 EKCMT  =      4124.0538  VIRIAL  =      4802.3136  VOLUME     =    155106.4190
                                                    Density    =         1.0416
 ------------------------------------------------------------------------------

wrapping first mol.:       19.55251       27.65142       47.89366
wrapping first mol.:       19.55251       27.65142       47.89366

 NSTEP =    28000   TIME(PS) =    4856.000  TEMP(K) =   298.35  PRESS =   285.8
 Etot   =    -51375.7066  EKtot   =      9701.1201  EPtot      =    -61076.8267
 BOND   =       426.0053  ANGLE   =      1055.3649  DIHED      =       720.7555
 1-4 NB =       461.5982  1-4 EEL =      5639.5278  VDWAALS    =      6963.6941
 EELEC  =    -76353.0848  EHBOND  =         0.0000  RESTRAINT  =         9.3123
 EAMBER (non-restraint)  =    -61086.1390
 EKCMT  =      3974.4057  VIRIAL  =      3015.7768  VOLUME     =    155359.5924
                                                    Density    =         1.0399
 ------------------------------------------------------------------------------

wrapping first mol.:       19.56310       27.66640       47.91961
wrapping first mol.:       19.56310       27.66640       47.91961

 NSTEP =    28500   TIME(PS) =    4857.000  TEMP(K) =   296.45  PRESS =  -525.9
 Etot   =    -51584.7763  EKtot   =      9639.2656  EPtot      =    -61224.0420
 BOND   =       408.9896  ANGLE   =      1047.4905  DIHED      =       699.7476
 1-4 NB =       455.7570  1-4 EEL =      5675.3260  VDWAALS    =      6801.5682
 EELEC  =    -76323.0141  EHBOND  =         0.0000  RESTRAINT  =        10.0931
 EAMBER (non-restraint)  =    -61234.1351
 EKCMT  =      4039.3816  VIRIAL  =      5806.6009  VOLUME     =    155623.4614
                                                    Density    =         1.0382
 ------------------------------------------------------------------------------

wrapping first mol.:       19.55992       27.66191       47.91182
wrapping first mol.:       19.55992       27.66191       47.91182

 NSTEP =    29000   TIME(PS) =    4858.000  TEMP(K) =   296.83  PRESS =   157.9
 Etot   =    -51332.8876  EKtot   =      9651.4141  EPtot      =    -60984.3017
 BOND   =       384.5068  ANGLE   =      1047.8993  DIHED      =       718.1829
 1-4 NB =       465.1605  1-4 EEL =      5673.0592  VDWAALS    =      6705.1898
 EELEC  =    -75988.2948  EHBOND  =         0.0000  RESTRAINT  =         9.9945
 EAMBER (non-restraint)  =    -60994.2962
 EKCMT  =      4038.4976  VIRIAL  =      3508.0604  VOLUME     =    155538.1454
                                                    Density    =         1.0387
 ------------------------------------------------------------------------------

wrapping first mol.:       19.55602       27.65639       47.90226
wrapping first mol.:       19.55602       27.65639       47.90226

 NSTEP =    29500   TIME(PS) =    4859.000  TEMP(K) =   298.79  PRESS =  -308.6
 Etot   =    -51355.0808  EKtot   =      9715.4082  EPtot      =    -61070.4890
 BOND   =       388.3727  ANGLE   =      1033.9795  DIHED      =       718.3383
 1-4 NB =       461.5491  1-4 EEL =      5607.1905  VDWAALS    =      6690.2674
 EELEC  =    -75980.5241  EHBOND  =         0.0000  RESTRAINT  =        10.3377
 EAMBER (non-restraint)  =    -61080.8267
 EKCMT  =      4054.8223  VIRIAL  =      5090.4799  VOLUME     =    155451.5564
                                                    Density    =         1.0393
 ------------------------------------------------------------------------------

wrapping first mol.:       19.54924       27.64680       47.88566
wrapping first mol.:       19.54924       27.64680       47.88566

 NSTEP =    30000   TIME(PS) =    4860.000  TEMP(K) =   302.62  PRESS =    60.3
 Etot   =    -51090.1371  EKtot   =      9839.6953  EPtot      =    -60929.8324
 BOND   =       410.0738  ANGLE   =      1052.7711  DIHED      =       694.0098
 1-4 NB =       462.5769  1-4 EEL =      5653.9441  VDWAALS    =      6632.5979
 EELEC  =    -75847.7778  EHBOND  =         0.0000  RESTRAINT  =        11.9717
 EAMBER (non-restraint)  =    -60941.8041
 EKCMT  =      4155.3395  VIRIAL  =      3953.0523  VOLUME     =    155284.8491
                                                    Density    =         1.0404
 ------------------------------------------------------------------------------

wrapping first mol.:       19.52993       27.61950       47.83837
wrapping first mol.:       19.52993       27.61950       47.83837

 NSTEP =    30500   TIME(PS) =    4861.000  TEMP(K) =   300.78  PRESS =   160.5
 Etot   =    -51288.2433  EKtot   =      9780.0684  EPtot      =    -61068.3116
 BOND   =       416.8106  ANGLE   =      1069.1165  DIHED      =       718.4207
 1-4 NB =       460.8555  1-4 EEL =      5653.4017  VDWAALS    =      6587.4563
 EELEC  =    -75986.3523  EHBOND  =         0.0000  RESTRAINT  =        11.9794
 EAMBER (non-restraint)  =    -61080.2910
 EKCMT  =      4120.7180  VIRIAL  =      3584.2464  VOLUME     =    154823.8447
                                                    Density    =         1.0435
 ------------------------------------------------------------------------------

wrapping first mol.:       19.52685       27.61513       47.83080
wrapping first mol.:       19.52685       27.61513       47.83080

 NSTEP =    31000   TIME(PS) =    4862.000  TEMP(K) =   297.52  PRESS =  -148.3
 Etot   =    -51266.4332  EKtot   =      9673.9951  EPtot      =    -60940.4283
 BOND   =       381.0591  ANGLE   =      1038.4266  DIHED      =       703.6616
 1-4 NB =       462.9447  1-4 EEL =      5672.1147  VDWAALS    =      6522.0330
 EELEC  =    -75731.8747  EHBOND  =         0.0000  RESTRAINT  =        11.2067
 EAMBER (non-restraint)  =    -60951.6350
 EKCMT  =      4033.8167  VIRIAL  =      4529.3772  VOLUME     =    154754.6650
                                                    Density    =         1.0440
 ------------------------------------------------------------------------------

wrapping first mol.:       19.53163       27.62189       47.84252
wrapping first mol.:       19.53163       27.62189       47.84252

 NSTEP =    31500   TIME(PS) =    4863.000  TEMP(K) =   300.79  PRESS =   -35.6
 Etot   =    -51163.6169  EKtot   =      9780.2910  EPtot      =    -60943.9079
 BOND   =       391.5391  ANGLE   =      1057.0874  DIHED      =       736.4433
 1-4 NB =       480.4326  1-4 EEL =      5695.5761  VDWAALS    =      6630.9001
 EELEC  =    -75947.5598  EHBOND  =         0.0000  RESTRAINT  =        11.6734
 EAMBER (non-restraint)  =    -60955.5812
 EKCMT  =      4155.3796  VIRIAL  =      4274.5478  VOLUME     =    154866.8484
                                                    Density    =         1.0432
 ------------------------------------------------------------------------------

wrapping first mol.:       19.53643       27.62869       47.85429
wrapping first mol.:       19.53643       27.62869       47.85429

 NSTEP =    32000   TIME(PS) =    4864.000  TEMP(K) =   303.70  PRESS =    56.8
 Etot   =    -51140.5642  EKtot   =      9875.0693  EPtot      =    -61015.6336
 BOND   =       398.9725  ANGLE   =      1023.3290  DIHED      =       716.9076
 1-4 NB =       455.1698  1-4 EEL =      5655.1985  VDWAALS    =      6736.9176
 EELEC  =    -76012.4575  EHBOND  =         0.0000  RESTRAINT  =        10.3288
 EAMBER (non-restraint)  =    -61025.9624
 EKCMT  =      4148.7996  VIRIAL  =      3958.7359  VOLUME     =    154979.8794
                                                    Density    =         1.0425
 ------------------------------------------------------------------------------

wrapping first mol.:       19.53900       27.63232       47.86057
wrapping first mol.:       19.53900       27.63232       47.86057

 NSTEP =    32500   TIME(PS) =    4865.000  TEMP(K) =   301.83  PRESS =    81.9
 Etot   =    -51296.3246  EKtot   =      9814.2285  EPtot      =    -61110.5531
 BOND   =       430.4027  ANGLE   =      1118.7377  DIHED      =       707.0723
 1-4 NB =       447.7730  1-4 EEL =      5670.7112  VDWAALS    =      6768.9658
 EELEC  =    -76264.2372  EHBOND  =         0.0000  RESTRAINT  =        10.0214
 EAMBER (non-restraint)  =    -61120.5745
 EKCMT  =      4060.9411  VIRIAL  =      3786.9408  VOLUME     =    155040.6044
                                                    Density    =         1.0421
 ------------------------------------------------------------------------------

wrapping first mol.:       19.54160       27.63599       47.86693
wrapping first mol.:       19.54160       27.63599       47.86693

 NSTEP =    33000   TIME(PS) =    4866.000  TEMP(K) =   299.14  PRESS =   -73.0
 Etot   =    -51423.0335  EKtot   =      9726.6230  EPtot      =    -61149.6566
 BOND   =       403.1008  ANGLE   =      1028.0766  DIHED      =       737.3294
 1-4 NB =       457.5006  1-4 EEL =      5652.4926  VDWAALS    =      6741.4396
 EELEC  =    -76179.6469  EHBOND  =         0.0000  RESTRAINT  =        10.0506
 EAMBER (non-restraint)  =    -61159.7072
 EKCMT  =      4067.7801  VIRIAL  =      4312.1902  VOLUME     =    155104.5739
                                                    Density    =         1.0416
 ------------------------------------------------------------------------------

wrapping first mol.:       19.54301       27.63799       47.87040
wrapping first mol.:       19.54301       27.63799       47.87040

 NSTEP =    33500   TIME(PS) =    4867.000  TEMP(K) =   299.46  PRESS =   -32.1
 Etot   =    -51314.7279  EKtot   =      9737.0156  EPtot      =    -61051.7435
 BOND   =       422.2049  ANGLE   =      1116.7101  DIHED      =       706.5049
 1-4 NB =       452.1128  1-4 EEL =      5616.3260  VDWAALS    =      6770.0053
 EELEC  =    -76144.8628  EHBOND  =         0.0000  RESTRAINT  =         9.2551
 EAMBER (non-restraint)  =    -61060.9986
 EKCMT  =      4036.5788  VIRIAL  =      4144.1681  VOLUME     =    155137.7059
                                                    Density    =         1.0414
 ------------------------------------------------------------------------------

wrapping first mol.:       19.54867       27.64599       47.88425
wrapping first mol.:       19.54867       27.64599       47.88425

 NSTEP =    34000   TIME(PS) =    4868.000  TEMP(K) =   298.52  PRESS =  -132.2
 Etot   =    -51397.3776  EKtot   =      9706.4102  EPtot      =    -61103.7877
 BOND   =       409.2811  ANGLE   =      1096.0446  DIHED      =       712.0211
 1-4 NB =       465.7374  1-4 EEL =      5625.3314  VDWAALS    =      6785.1664
 EELEC  =    -76208.6968  EHBOND  =         0.0000  RESTRAINT  =        11.3270
 EAMBER (non-restraint)  =    -61115.1148
 EKCMT  =      4071.9772  VIRIAL  =      4515.0607  VOLUME     =    155273.8067
                                                    Density    =         1.0405
 ------------------------------------------------------------------------------

wrapping first mol.:       19.54010       27.63388       47.86328
wrapping first mol.:       19.54010       27.63388       47.86328

 NSTEP =    34500   TIME(PS) =    4869.000  TEMP(K) =   302.07  PRESS =    82.4
 Etot   =    -51496.9149  EKtot   =      9821.9961  EPtot      =    -61318.9110
 BOND   =       380.1758  ANGLE   =      1073.5389  DIHED      =       711.8847
 1-4 NB =       448.3935  1-4 EEL =      5681.8268  VDWAALS    =      6749.9020
 EELEC  =    -76374.1449  EHBOND  =         0.0000  RESTRAINT  =         9.5123
 EAMBER (non-restraint)  =    -61328.4233
 EKCMT  =      4074.0213  VIRIAL  =      3798.2541  VOLUME     =    155066.9294
                                                    Density    =         1.0419
 ------------------------------------------------------------------------------

wrapping first mol.:       19.55333       27.65259       47.89568
wrapping first mol.:       19.55333       27.65259       47.89568

 NSTEP =    35000   TIME(PS) =    4870.000  TEMP(K) =   299.67  PRESS =  -534.8
 Etot   =    -51501.4301  EKtot   =      9743.9561  EPtot      =    -61245.3861
 BOND   =       409.9386  ANGLE   =      1101.3973  DIHED      =       728.2363
 1-4 NB =       465.3447  1-4 EEL =      5603.5629  VDWAALS    =      6782.1849
 EELEC  =    -76347.5883  EHBOND  =         0.0000  RESTRAINT  =        11.5375
 EAMBER (non-restraint)  =    -61256.9237
 EKCMT  =      4042.9626  VIRIAL  =      5837.1552  VOLUME     =    155390.6337
                                                    Density    =         1.0397
 ------------------------------------------------------------------------------

wrapping first mol.:       19.55319       27.65239       47.89534
wrapping first mol.:       19.55319       27.65239       47.89534

 NSTEP =    35500   TIME(PS) =    4871.000  TEMP(K) =   301.39  PRESS =   -85.4
 Etot   =    -51285.8729  EKtot   =      9799.7568  EPtot      =    -61085.6297
 BOND   =       429.6452  ANGLE   =      1084.5494  DIHED      =       704.0158
 1-4 NB =       447.3855  1-4 EEL =      5613.3209  VDWAALS    =      6795.3573
 EELEC  =    -76171.3790  EHBOND  =         0.0000  RESTRAINT  =        11.4752
 EAMBER (non-restraint)  =    -61097.1049
 EKCMT  =      4132.2118  VIRIAL  =      4418.7040  VOLUME     =    155381.0537
                                                    Density    =         1.0398
 ------------------------------------------------------------------------------

wrapping first mol.:       19.55379       27.65324       47.89681
wrapping first mol.:       19.55379       27.65324       47.89681

 NSTEP =    36000   TIME(PS) =    4872.000  TEMP(K) =   298.39  PRESS =   275.5
 Etot   =    -51267.1670  EKtot   =      9702.2363  EPtot      =    -60969.4033
 BOND   =       398.3667  ANGLE   =      1037.0714  DIHED      =       720.3927
 1-4 NB =       460.6059  1-4 EEL =      5653.3900  VDWAALS    =      6845.0759
 EELEC  =    -76094.0795  EHBOND  =         0.0000  RESTRAINT  =         9.7736
 EAMBER (non-restraint)  =    -60979.1769
 EKCMT  =      4154.4856  VIRIAL  =      3230.1201  VOLUME     =    155390.3730
                                                    Density    =         1.0397
 ------------------------------------------------------------------------------

wrapping first mol.:       19.55842       27.65979       47.90815
wrapping first mol.:       19.55842       27.65979       47.90815

 NSTEP =    36500   TIME(PS) =    4873.000  TEMP(K) =   297.40  PRESS =   -22.4
 Etot   =    -51480.5289  EKtot   =      9669.9443  EPtot      =    -61150.4732
 BOND   =       381.8365  ANGLE   =      1047.7300  DIHED      =       700.8395
 1-4 NB =       443.2196  1-4 EEL =      5635.2154  VDWAALS    =      6928.5368
 EELEC  =    -76297.9204  EHBOND  =         0.0000  RESTRAINT  =        10.0694
 EAMBER (non-restraint)  =    -61160.5426
 EKCMT  =      4030.7705  VIRIAL  =      4105.8684  VOLUME     =    155504.8956
                                                    Density    =         1.0390
 ------------------------------------------------------------------------------

wrapping first mol.:       19.55298       27.65209       47.89482
wrapping first mol.:       19.55298       27.65209       47.89482

 NSTEP =    37000   TIME(PS) =    4874.000  TEMP(K) =   298.30  PRESS =  -429.6
 Etot   =    -51488.5962  EKtot   =      9699.2119  EPtot      =    -61187.8081
 BOND   =       412.5523  ANGLE   =      1044.0046  DIHED      =       693.3548
 1-4 NB =       449.0226  1-4 EEL =      5663.8712  VDWAALS    =      6622.5376
 EELEC  =    -76084.8457  EHBOND  =         0.0000  RESTRAINT  =        11.6945
 EAMBER (non-restraint)  =    -61199.5026
 EKCMT  =      4030.6283  VIRIAL  =      5471.9986  VOLUME     =    155380.7259
                                                    Density    =         1.0398
 ------------------------------------------------------------------------------

wrapping first mol.:       19.54422       27.63970       47.87336
wrapping first mol.:       19.54422       27.63970       47.87336

 NSTEP =    37500   TIME(PS) =    4875.000  TEMP(K) =   303.72  PRESS =   -89.3
 Etot   =    -51308.5557  EKtot   =      9875.6182  EPtot      =    -61184.1738
 BOND   =       394.2977  ANGLE   =      1023.7181  DIHED      =       714.1496
 1-4 NB =       459.6499  1-4 EEL =      5689.4642  VDWAALS    =      6828.1747
 EELEC  =    -76306.9357  EHBOND  =         0.0000  RESTRAINT  =        13.3077
 EAMBER (non-restraint)  =    -61197.4815
 EKCMT  =      4086.9351  VIRIAL  =      4386.1314  VOLUME     =    155167.2543
                                                    Density    =         1.0412
 ------------------------------------------------------------------------------

wrapping first mol.:       19.54640       27.64279       47.87871
wrapping first mol.:       19.54640       27.64279       47.87871

 NSTEP =    38000   TIME(PS) =    4876.000  TEMP(K) =   301.59  PRESS =    77.0
 Etot   =    -51254.2133  EKtot   =      9806.4639  EPtot      =    -61060.6772
 BOND   =       397.0349  ANGLE   =      1057.5587  DIHED      =       701.5388
 1-4 NB =       465.6224  1-4 EEL =      5665.0912  VDWAALS    =      6756.3243
 EELEC  =    -76115.5822  EHBOND  =         0.0000  RESTRAINT  =        11.7347
 EAMBER (non-restraint)  =    -61072.4119
 EKCMT  =      4177.8176  VIRIAL  =      3919.7377  VOLUME     =    155217.0252
                                                    Density    =         1.0409
 ------------------------------------------------------------------------------

wrapping first mol.:       19.55407       27.65363       47.89749
wrapping first mol.:       19.55407       27.65363       47.89749

 NSTEP =    38500   TIME(PS) =    4877.000  TEMP(K) =   297.80  PRESS =  -115.7
 Etot   =    -51469.5203  EKtot   =      9683.1865  EPtot      =    -61152.7069
 BOND   =       421.5096  ANGLE   =      1062.2473  DIHED      =       705.6090
 1-4 NB =       446.9880  1-4 EEL =      5651.2776  VDWAALS    =      6647.6115
 EELEC  =    -76100.0477  EHBOND  =         0.0000  RESTRAINT  =        12.0979
 EAMBER (non-restraint)  =    -61164.8047
 EKCMT  =      4051.6159  VIRIAL  =      4439.8059  VOLUME     =    155402.4015
                                                    Density    =         1.0396
 ------------------------------------------------------------------------------

wrapping first mol.:       19.54182       27.63630       47.86748
wrapping first mol.:       19.54182       27.63630       47.86748

 NSTEP =    39000   TIME(PS) =    4878.000  TEMP(K) =   299.37  PRESS =  -363.3
 Etot   =    -51528.2012  EKtot   =      9734.1650  EPtot      =    -61262.3662
 BOND   =       408.8326  ANGLE   =      1012.0656  DIHED      =       708.2502
 1-4 NB =       465.8582  1-4 EEL =      5650.4546  VDWAALS    =      6607.3473
 EELEC  =    -76124.9443  EHBOND  =         0.0000  RESTRAINT  =         9.7696
 EAMBER (non-restraint)  =    -61272.1359
 EKCMT  =      4015.7539  VIRIAL  =      5232.6464  VOLUME     =    155113.9084
                                                    Density    =         1.0416
 ------------------------------------------------------------------------------

wrapping first mol.:       19.54385       27.63918       47.87246
wrapping first mol.:       19.54385       27.63918       47.87246

 NSTEP =    39500   TIME(PS) =    4879.000  TEMP(K) =   298.07  PRESS =   152.9
 Etot   =    -51388.1254  EKtot   =      9692.0293  EPtot      =    -61080.1547
 BOND   =       410.4140  ANGLE   =      1060.7382  DIHED      =       715.3874
 1-4 NB =       460.5304  1-4 EEL =      5660.8956  VDWAALS    =      6832.0162
 EELEC  =    -76231.8663  EHBOND  =         0.0000  RESTRAINT  =        11.7298
 EAMBER (non-restraint)  =    -61091.8845
 EKCMT  =      4053.3814  VIRIAL  =      3541.1856  VOLUME     =    155155.2252
                                                    Density    =         1.0413
 ------------------------------------------------------------------------------

wrapping first mol.:       19.55438       27.65407       47.89825
wrapping first mol.:       19.55438       27.65407       47.89825

 NSTEP =    40000   TIME(PS) =    4880.000  TEMP(K) =   302.58  PRESS =   215.3
 Etot   =    -51170.1075  EKtot   =      9838.4717  EPtot      =    -61008.5791
 BOND   =       381.0414  ANGLE   =      1066.0840  DIHED      =       718.3077
 1-4 NB =       446.0087  1-4 EEL =      5672.2200  VDWAALS    =      6787.4203
 EELEC  =    -76089.4078  EHBOND  =         0.0000  RESTRAINT  =         9.7466
 EAMBER (non-restraint)  =    -61018.3257
 EKCMT  =      4189.1862  VIRIAL  =      3466.9217  VOLUME     =    155405.2599
                                                    Density    =         1.0396
 ------------------------------------------------------------------------------

wrapping first mol.:       19.54650       27.64293       47.87895
wrapping first mol.:       19.54650       27.64293       47.87895

 NSTEP =    40500   TIME(PS) =    4881.000  TEMP(K) =   300.44  PRESS =    57.2
 Etot   =    -51152.1927  EKtot   =      9768.8701  EPtot      =    -60921.0628
 BOND   =       386.8685  ANGLE   =      1072.2083  DIHED      =       716.4558
 1-4 NB =       470.1451  1-4 EEL =      5696.7191  VDWAALS    =      6765.9031
 EELEC  =    -76038.0416  EHBOND  =         0.0000  RESTRAINT  =         8.6790
 EAMBER (non-restraint)  =    -60929.7418
 EKCMT  =      4078.0557  VIRIAL  =      3886.4515  VOLUME     =    155219.6421
                                                    Density    =         1.0409
 ------------------------------------------------------------------------------

wrapping first mol.:       19.56207       27.66495       47.91709
wrapping first mol.:       19.56207       27.66495       47.91709

 NSTEP =    41000   TIME(PS) =    4882.000  TEMP(K) =   297.75  PRESS =    82.0
 Etot   =    -51357.8902  EKtot   =      9681.3906  EPtot      =    -61039.2808
 BOND   =       390.5253  ANGLE   =      1034.0174  DIHED      =       694.9520
 1-4 NB =       463.1922  1-4 EEL =      5667.2751  VDWAALS    =      6635.4959
 EELEC  =    -75934.8993  EHBOND  =         0.0000  RESTRAINT  =        10.1606
 EAMBER (non-restraint)  =    -61049.4414
 EKCMT  =      4102.9525  VIRIAL  =      3827.6014  VOLUME     =    155590.5081
                                                    Density    =         1.0384
 ------------------------------------------------------------------------------

wrapping first mol.:       19.57009       27.67629       47.93674
wrapping first mol.:       19.57009       27.67629       47.93674

 NSTEP =    41500   TIME(PS) =    4883.000  TEMP(K) =   301.78  PRESS =   308.0
 Etot   =    -51304.7283  EKtot   =      9812.5312  EPtot      =    -61117.2596
 BOND   =       380.4876  ANGLE   =      1074.8554  DIHED      =       710.3135
 1-4 NB =       460.6248  1-4 EEL =      5680.7675  VDWAALS    =      6818.4419
 EELEC  =    -76252.3683  EHBOND  =         0.0000  RESTRAINT  =         9.6180
 EAMBER (non-restraint)  =    -61126.8776
 EKCMT  =      4167.4658  VIRIAL  =      3131.4397  VOLUME     =    155778.8495
                                                    Density    =         1.0371
 ------------------------------------------------------------------------------

wrapping first mol.:       19.56503       27.66913       47.92434
wrapping first mol.:       19.56503       27.66913       47.92434

 NSTEP =    42000   TIME(PS) =    4884.000  TEMP(K) =   299.00  PRESS =   120.2
 Etot   =    -51214.7295  EKtot   =      9722.1982  EPtot      =    -60936.9277
 BOND   =       395.2043  ANGLE   =      1015.1908  DIHED      =       714.3333
 1-4 NB =       462.1159  1-4 EEL =      5685.7100  VDWAALS    =      6684.2395
 EELEC  =    -75902.8627  EHBOND  =         0.0000  RESTRAINT  =         9.1412
 EAMBER (non-restraint)  =    -60946.0689
 EKCMT  =      4082.8675  VIRIAL  =      3678.7457  VOLUME     =    155660.6549
                                                    Density    =         1.0379
 ------------------------------------------------------------------------------

wrapping first mol.:       19.56494       27.66900       47.92410
wrapping first mol.:       19.56494       27.66900       47.92410

 NSTEP =    42500   TIME(PS) =    4885.000  TEMP(K) =   300.80  PRESS =  -167.7
 Etot   =    -51286.5920  EKtot   =      9780.6309  EPtot      =    -61067.2229
 BOND   =       410.4930  ANGLE   =       989.2132  DIHED      =       727.1868
 1-4 NB =       462.1108  1-4 EEL =      5683.6115  VDWAALS    =      6704.7064
 EELEC  =    -76055.3325  EHBOND  =         0.0000  RESTRAINT  =        10.7880
 EAMBER (non-restraint)  =    -61078.0108
 EKCMT  =      4037.1013  VIRIAL  =      4600.6867  VOLUME     =    155662.3047
                                                    Density    =         1.0379
 ------------------------------------------------------------------------------

wrapping first mol.:       19.56779       27.67304       47.93111
wrapping first mol.:       19.56779       27.67304       47.93111

 NSTEP =    43000   TIME(PS) =    4886.000  TEMP(K) =   301.78  PRESS =    65.5
 Etot   =    -51040.6565  EKtot   =      9812.3789  EPtot      =    -60853.0355
 BOND   =       415.1254  ANGLE   =      1045.1212  DIHED      =       703.0829
 1-4 NB =       461.3356  1-4 EEL =      5657.3713  VDWAALS    =      6645.2463
 EELEC  =    -75790.8911  EHBOND  =         0.0000  RESTRAINT  =        10.5730
 EAMBER (non-restraint)  =    -60863.6084
 EKCMT  =      4104.9173  VIRIAL  =      3884.7534  VOLUME     =    155727.3264
                                                    Density    =         1.0375
 ------------------------------------------------------------------------------

wrapping first mol.:       19.57253       27.67974       47.94271
wrapping first mol.:       19.57253       27.67974       47.94271

 NSTEP =    43500   TIME(PS) =    4887.000  TEMP(K) =   302.47  PRESS =   -57.0
 Etot   =    -51343.7725  EKtot   =      9834.8467  EPtot      =    -61178.6192
 BOND   =       427.5807  ANGLE   =      1028.5017  DIHED      =       719.1387
 1-4 NB =       461.8620  1-4 EEL =      5671.3009  VDWAALS    =      6755.3619
 EELEC  =    -76252.0904  EHBOND  =         0.0000  RESTRAINT  =         9.7252
 EAMBER (non-restraint)  =    -61188.3444
 EKCMT  =      4148.0118  VIRIAL  =      4339.8235  VOLUME     =    155842.1077
                                                    Density    =         1.0367
 ------------------------------------------------------------------------------

wrapping first mol.:       19.55586       27.65617       47.90188
wrapping first mol.:       19.55586       27.65617       47.90188

 NSTEP =    44000   TIME(PS) =    4888.000  TEMP(K) =   299.18  PRESS =    66.0
 Etot   =    -51188.5622  EKtot   =      9728.0098  EPtot      =    -60916.5720
 BOND   =       414.4061  ANGLE   =      1101.8366  DIHED      =       700.2385
 1-4 NB =       455.8381  1-4 EEL =      5605.7333  VDWAALS    =      6698.0109
 EELEC  =    -75901.0859  EHBOND  =         0.0000  RESTRAINT  =         8.4503
 EAMBER (non-restraint)  =    -60925.0223
 EKCMT  =      4106.6823  VIRIAL  =      3885.0512  VOLUME     =    155442.6528
                                                    Density    =         1.0394
 ------------------------------------------------------------------------------

wrapping first mol.:       19.56580       27.67021       47.92621
wrapping first mol.:       19.56580       27.67021       47.92621

 NSTEP =    44500   TIME(PS) =    4889.000  TEMP(K) =   304.00  PRESS =   321.8
 Etot   =    -51085.1364  EKtot   =      9884.6201  EPtot      =    -60969.7565
 BOND   =       412.7362  ANGLE   =      1055.9853  DIHED      =       714.4384
 1-4 NB =       457.4356  1-4 EEL =      5684.2131  VDWAALS    =      6871.4428
 EELEC  =    -76175.7255  EHBOND  =         0.0000  RESTRAINT  =         9.7174
 EAMBER (non-restraint)  =    -60979.4739
 EKCMT  =      4223.7900  VIRIAL  =      3142.2408  VOLUME     =    155676.0785
                                                    Density    =         1.0378
 ------------------------------------------------------------------------------

wrapping first mol.:       19.54334       27.63845       47.87120
wrapping first mol.:       19.54334       27.63845       47.87120

 NSTEP =    45000   TIME(PS) =    4890.000  TEMP(K) =   298.78  PRESS =    90.0
 Etot   =    -51354.8847  EKtot   =      9715.1104  EPtot      =    -61069.9951
 BOND   =       435.9825  ANGLE   =      1047.0499  DIHED      =       706.0534
 1-4 NB =       444.3181  1-4 EEL =      5618.6608  VDWAALS    =      6786.5269
 EELEC  =    -76118.0742  EHBOND  =         0.0000  RESTRAINT  =         9.4875
 EAMBER (non-restraint)  =    -61079.4826
 EKCMT  =      4045.9530  VIRIAL  =      3744.4149  VOLUME     =    155143.7712
                                                    Density    =         1.0414
 ------------------------------------------------------------------------------

wrapping first mol.:       19.54873       27.64608       47.88441
wrapping first mol.:       19.54873       27.64608       47.88441

 NSTEP =    45500   TIME(PS) =    4891.000  TEMP(K) =   298.74  PRESS =  -112.5
 Etot   =    -51355.4153  EKtot   =      9713.6758  EPtot      =    -61069.0911
 BOND   =       424.2803  ANGLE   =      1026.3166  DIHED      =       722.6650
 1-4 NB =       466.5472  1-4 EEL =      5673.5747  VDWAALS    =      6682.3553
 EELEC  =    -76073.3398  EHBOND  =         0.0000  RESTRAINT  =         8.5097
 EAMBER (non-restraint)  =    -61077.6008
 EKCMT  =      4061.4525  VIRIAL  =      4438.6334  VOLUME     =    155275.1095
                                                    Density    =         1.0405
 ------------------------------------------------------------------------------

wrapping first mol.:       19.56377       27.66735       47.92124
wrapping first mol.:       19.56377       27.66735       47.92124

 NSTEP =    46000   TIME(PS) =    4892.000  TEMP(K) =   300.35  PRESS =   -76.7
 Etot   =    -51183.6151  EKtot   =      9765.9922  EPtot      =    -60949.6073
 BOND   =       417.5634  ANGLE   =      1047.7869  DIHED      =       698.6521
 1-4 NB =       448.2047  1-4 EEL =      5686.2185  VDWAALS    =      6821.8055
 EELEC  =    -76079.3529  EHBOND  =         0.0000  RESTRAINT  =         9.5145
 EAMBER (non-restraint)  =    -60959.1218
 EKCMT  =      4128.3596  VIRIAL  =      4386.0265  VOLUME     =    155633.1962
                                                    Density    =         1.0381
 ------------------------------------------------------------------------------

wrapping first mol.:       19.56211       27.66500       47.91719
wrapping first mol.:       19.56211       27.66500       47.91719

 NSTEP =    46500   TIME(PS) =    4893.000  TEMP(K) =   300.40  PRESS =   148.8
 Etot   =    -51268.9261  EKtot   =      9767.7432  EPtot      =    -61036.6692
 BOND   =       374.8003  ANGLE   =      1037.0538  DIHED      =       714.4743
 1-4 NB =       452.3965  1-4 EEL =      5672.2839  VDWAALS    =      6788.5568
 EELEC  =    -76086.1521  EHBOND  =         0.0000  RESTRAINT  =         9.9172
 EAMBER (non-restraint)  =    -61046.5865
 EKCMT  =      4059.7416  VIRIAL  =      3559.9976  VOLUME     =    155590.5468
                                                    Density    =         1.0384
 ------------------------------------------------------------------------------

wrapping first mol.:       19.56666       27.67144       47.92833
wrapping first mol.:       19.56666       27.67144       47.92833

 NSTEP =    47000   TIME(PS) =    4894.000  TEMP(K) =   299.98  PRESS =   157.8
 Etot   =    -51140.2485  EKtot   =      9753.9268  EPtot      =    -60894.1752
 BOND   =       411.9596  ANGLE   =      1085.2045  DIHED      =       721.4308
 1-4 NB =       478.3702  1-4 EEL =      5658.0289  VDWAALS    =      6938.2803
 EELEC  =    -76199.7365  EHBOND  =         0.0000  RESTRAINT  =        12.2868
 EAMBER (non-restraint)  =    -60906.4620
 EKCMT  =      4010.4597  VIRIAL  =      3480.0276  VOLUME     =    155698.9815
                                                    Density    =         1.0377
 ------------------------------------------------------------------------------

wrapping first mol.:       19.56518       27.66935       47.92471
wrapping first mol.:       19.56518       27.66935       47.92471

 NSTEP =    47500   TIME(PS) =    4895.000  TEMP(K) =   299.17  PRESS =   156.6
 Etot   =    -51595.1026  EKtot   =      9727.7334  EPtot      =    -61322.8360
 BOND   =       376.5445  ANGLE   =      1030.3951  DIHED      =       697.1184
 1-4 NB =       468.9680  1-4 EEL =      5671.4098  VDWAALS    =      6936.2548
 EELEC  =    -76515.5335  EHBOND  =         0.0000  RESTRAINT  =        12.0069
 EAMBER (non-restraint)  =    -61334.8429
 EKCMT  =      4082.0056  VIRIAL  =      3555.6749  VOLUME     =    155663.7283
                                                    Density    =         1.0379
 ------------------------------------------------------------------------------

wrapping first mol.:       19.58583       27.69854       47.97528
wrapping first mol.:       19.58583       27.69854       47.97528

 NSTEP =    48000   TIME(PS) =    4896.000  TEMP(K) =   299.73  PRESS =    15.9
 Etot   =    -51341.2541  EKtot   =      9745.6855  EPtot      =    -61086.9396
 BOND   =       425.9368  ANGLE   =      1048.0266  DIHED      =       728.7087
 1-4 NB =       461.8093  1-4 EEL =      5637.6128  VDWAALS    =      6815.5640
 EELEC  =    -76217.5576  EHBOND  =         0.0000  RESTRAINT  =        12.9597
 EAMBER (non-restraint)  =    -61099.8994
 EKCMT  =      4139.1656  VIRIAL  =      4085.4300  VOLUME     =    156159.0011
                                                    Density    =         1.0346
 ------------------------------------------------------------------------------

wrapping first mol.:       19.58855       27.70239       47.98195
wrapping first mol.:       19.58855       27.70239       47.98195

 NSTEP =    48500   TIME(PS) =    4897.000  TEMP(K) =   297.94  PRESS =   238.4
 Etot   =    -51447.6572  EKtot   =      9687.5264  EPtot      =    -61135.1836
 BOND   =       425.6957  ANGLE   =      1057.9791  DIHED      =       719.7656
 1-4 NB =       453.4490  1-4 EEL =      5595.5531  VDWAALS    =      6981.2168
 EELEC  =    -76382.5910  EHBOND  =         0.0000  RESTRAINT  =        13.7483
 EAMBER (non-restraint)  =    -61148.9318
 EKCMT  =      4158.3254  VIRIAL  =      3354.0407  VOLUME     =    156220.9918
                                                    Density    =         1.0342
 ------------------------------------------------------------------------------

wrapping first mol.:       19.59814       27.71596       48.00544
wrapping first mol.:       19.59814       27.71596       48.00544

 NSTEP =    49000   TIME(PS) =    4898.000  TEMP(K) =   300.75  PRESS =   -21.1
 Etot   =    -51506.3977  EKtot   =      9779.0752  EPtot      =    -61285.4729
 BOND   =       414.5678  ANGLE   =      1027.2832  DIHED      =       730.5194
 1-4 NB =       454.4455  1-4 EEL =      5635.9314  VDWAALS    =      6886.3924
 EELEC  =    -76447.3492  EHBOND  =         0.0000  RESTRAINT  =        12.7366
 EAMBER (non-restraint)  =    -61298.2094
 EKCMT  =      4134.2681  VIRIAL  =      4205.4854  VOLUME     =    156454.1948
                                                    Density    =         1.0327
 ------------------------------------------------------------------------------

wrapping first mol.:       19.58803       27.70166       47.98067
wrapping first mol.:       19.58803       27.70166       47.98067

 NSTEP =    49500   TIME(PS) =    4899.000  TEMP(K) =   297.33  PRESS =   199.4
 Etot   =    -51616.9707  EKtot   =      9667.9678  EPtot      =    -61284.9384
 BOND   =       383.0239  ANGLE   =      1041.6346  DIHED      =       721.1337
 1-4 NB =       464.2720  1-4 EEL =      5657.7624  VDWAALS    =      6928.3477
 EELEC  =    -76492.9028  EHBOND  =         0.0000  RESTRAINT  =        11.7901
 EAMBER (non-restraint)  =    -61296.7285
 EKCMT  =      4076.7213  VIRIAL  =      3404.1711  VOLUME     =    156209.0994
                                                    Density    =         1.0343
 ------------------------------------------------------------------------------

wrapping first mol.:       19.58474       27.69701       47.97262
wrapping first mol.:       19.58474       27.69701       47.97262

 NSTEP =    50000   TIME(PS) =    4900.000  TEMP(K) =   299.10  PRESS =   106.8
 Etot   =    -51284.5492  EKtot   =      9725.4805  EPtot      =    -61010.0296
 BOND   =       428.1955  ANGLE   =      1048.5653  DIHED      =       699.4226
 1-4 NB =       459.6736  1-4 EEL =      5672.8553  VDWAALS    =      6835.9175
 EELEC  =    -76166.3598  EHBOND  =         0.0000  RESTRAINT  =        11.7003
 EAMBER (non-restraint)  =    -61021.7299
 EKCMT  =      4072.5196  VIRIAL  =      3712.3557  VOLUME     =    156131.7056
                                                    Density    =         1.0348
 ------------------------------------------------------------------------------


      A V E R A G E S   O V E R     100 S T E P S


 NSTEP =    50000   TIME(PS) =    4900.000  TEMP(K) =   300.12  PRESS =   -10.6
 Etot   =    -51303.1873  EKtot   =      9758.3812  EPtot      =    -61061.5685
 BOND   =       405.1253  ANGLE   =      1053.8944  DIHED      =       712.1509
 1-4 NB =       458.9517  1-4 EEL =      5651.8095  VDWAALS    =      6766.2440
 EELEC  =    -76120.1913  EHBOND  =         0.0000  RESTRAINT  =        10.4469
 EAMBER (non-restraint)  =    -61072.0154
 EKCMT  =      4093.8488  VIRIAL  =      4129.1425  VOLUME     =    155525.9691
                                                    Density    =         1.0388
 ------------------------------------------------------------------------------


      R M S  F L U C T U A T I O N S


 NSTEP =    50000   TIME(PS) =    4900.000  TEMP(K) =     2.15  PRESS =   219.0
 Etot   =       139.2740  EKtot   =        69.7905  EPtot      =       113.1278
 BOND   =        17.8672  ANGLE   =        27.4397  DIHED      =        12.1203
 1-4 NB =         8.5625  1-4 EEL =        26.4652  VDWAALS    =       102.8426
 EELEC  =       165.5793  EHBOND  =         0.0000  RESTRAINT  =         1.5369
 EAMBER (non-restraint)  =       111.5909
 EKCMT  =        50.9019  VIRIAL  =       730.2134  VOLUME     =       353.6366
                                                    Density    =         0.0024
 ------------------------------------------------------------------------------

--------------------------------------------------------------------------------
   5.  TIMINGS
--------------------------------------------------------------------------------

|  NonSetup CPU Time in Major Routines:
|
|     Routine           Sec        %
|     ------------------------------
|     Nonbond          72.29   83.30
|     Bond              0.00    0.00
|     Angle             0.00    0.00
|     Dihedral          0.00    0.00
|     Shake             0.24    0.27
|     RunMD            14.16   16.32
|     Other             0.09    0.11
|     ------------------------------
|     Total            86.78

|  PME Nonbond Pairlist CPU Time:
|
|     Routine              Sec        %
|     ---------------------------------
|     Set Up Cit           0.00    0.00
|     Build List           0.00    0.00
|     ---------------------------------
|     Total                0.00    0.00

|  PME Direct Force CPU Time:
|
|     Routine              Sec        %
|     ---------------------------------
|     NonBonded Calc       0.00    0.00
|     Exclude Masked       0.00    0.00
|     Other                0.06    0.06
|     ---------------------------------
|     Total                0.06    0.06

|  PME Reciprocal Force CPU Time:
|
|     Routine              Sec        %
|     ---------------------------------
|     1D bspline           0.00    0.00
|     Grid Charges         0.00    0.00
|     Scalar Sum           0.00    0.00
|     Gradient Sum         0.00    0.00
|     FFT                  0.00    0.00
|     ---------------------------------
|     Total                0.00    0.00

|  Final Performance Info:
|     -----------------------------------------------------
|     Average timings for last   15000 steps:
|     Elapsed(s) =      26.02 Per Step(ms) =       1.73
|         ns/day =      99.61   seconds/ns =     867.35
|
|     Average timings for all steps:
|     Elapsed(s) =      86.77 Per Step(ms) =       1.74
|         ns/day =      99.57   seconds/ns =     867.70
|     -----------------------------------------------------

|  Setup CPU time:            0.63 seconds
|  NonSetup CPU time:        86.78 seconds
|  Total CPU time:           87.41 seconds     0.02 hours

|  Setup wall time:           1    seconds
|  NonSetup wall time:       87    seconds
|  Total wall time:          88    seconds     0.02 hours
