
          -------------------------------------------------------
          Amber 18 PMEMD                              2018
          -------------------------------------------------------

| PMEMD implementation of SANDER, Release 18

| Run on 09/29/2019 at 23:43:51

|   Executable path: pmemd.cuda
| Working directory: /home/pbarletta/lbp/run/2ifb/mhe/e
|          Hostname: Unknown
  [-O]verwriting output

File Assignments:
|   MDIN: 56equ.in                                                              
|  MDOUT: 56equ.out                                                             
| INPCRD: 55e2ifb.rst7                                                          
|   PARM: /home/pbarletta/lbp/top_files/2ifb.prmtop                             
| RESTRT: 56e2ifb.rst7                                                          
|   REFC: 55e2ifb.rst7                                                          
|  MDVEL: mdvel                                                                 
|   MDEN: mden                                                                  
|  MDCRD: 56e2ifb.nc                                                            
| MDINFO: mdinfo                                                                
|  MDFRC: mdfrc                                                                 


 Here is the input file:

Equilibration with solute restrictions                                         
&cntrl                                                                         
imin = 0,                           ! No Minimization                          
nmropt = 0,                         ! No NMR restraints read                   
                                                                               
! Nature and format of the input                                               
ntx = 5,                            ! Coordinates but no velocities will be rea
irest = 1,                          ! Do not run a new simulation              
                                                                               
! Nature and format of the output                                              
ntxo = 1,                           ! rstrt file in ASCII format               
ntpr = 500,                         ! inf in output every ntpr steps           
ntwr = 500,                         ! rstrt file every ntwr steps              
ntwx = 500,                         ! mdcrd file every ntwx steps              
ntwv = 0,                           ! mdvel without velocities                 
ntwe = 0,                           ! Do not write energies and temperatures   
idecomp = 0,                        ! No energy decomposition                  
iwrap = 1,                          ! Coordinates of the restart and mdcrd file
                                                                               
! Frozen or restrained atoms                                                   
ibelly = 0,                         ! No frozen atoms                          
ntr=1,                              ! Harmonic potential restraints            
restraint_wt = 0.012,                ! The weight for the positional restraints
restraintmask = ':1-131@N,CA,C,O',  ! restrained residues                      
                                                                               
! Molecular dynamics                                                           
nstlim = 50000,                     ! Number of MD-steps                       
dt = 0.002,                         ! Time step                                
                                                                               
! Temperature regulation                                                       
ntt = 3,                            ! Langevin thermostat                      
gamma_ln = 5,                       ! Gamma constant for Langevin              
temp0 = 300.0,                      ! Reference T at which the system is to be 
tempi = 300.0,                      ! Initial T                                
ig = -1,                            ! Seed for the RNG                         
                                                                               
! P and V regulation                                                           
ntp = 1,                            ! constant P                               
barostat = 1,                       ! Berendsen barostat                       
taup = 1,                           ! Pressure relaxation time                 
ntb = 2,                            ! Periodic box for constant P              
                                                                               
! SHAKE variables                                                              
ntc = 2,                            ! Bonds involving H are constrained        
ntf = 2,                            ! Bond interaction involving H are ommited.
                                                                               
cut = 10.0,                         ! Nonbonded cutoff                         
/                                                                              
&end                                                                           


Note: ig = -1. Setting random seed to   628395 based on wallclock time in 
      microseconds.
| irandom = 1, using AMBER's internal random number generator (default).
 
|--------------------- INFORMATION ----------------------
| GPU (CUDA) Version of PMEMD in use: NVIDIA GPU IN USE.
|                    Version 18.0.0
| 
|                      03/25/2018
| 
| Implementation by:
|                    Ross C. Walker     (SDSC)
|                    Scott Le Grand     (nVIDIA)
| 
| Version 18 performance extensions by:
|                    David Cerutti     (Rutgers)
| 
| Precision model in use:
|      [SPFP] - Single Precision Forces, 64-bit Fixed Point
|               Accumulation. (Default)
| 
|--------------------------------------------------------
 
|----------------- CITATION INFORMATION -----------------
|
|    When publishing work that utilized the CUDA version
|    of AMBER, please cite the following in addition to
|    the regular AMBER citations:
|
|  - Romelia Salomon-Ferrer; Andreas W. Goetz; Duncan
|    Poole; Scott Le Grand; Ross C. Walker "Routine
|    microsecond molecular dynamics simulations with
|    AMBER - Part II: Particle Mesh Ewald", J. Chem.
|    Theory Comput., 2013, 9 (9), pp3878-3888,
|    DOI: 10.1021/ct400314y.
|
|  - Andreas W. Goetz; Mark J. Williamson; Dong Xu;
|    Duncan Poole; Scott Le Grand; Ross C. Walker
|    "Routine microsecond molecular dynamics simulations
|    with AMBER - Part I: Generalized Born", J. Chem.
|    Theory Comput., 2012, 8 (5), pp1542-1555.
|
|  - Scott Le Grand; Andreas W. Goetz; Ross C. Walker
|    "SPFP: Speed without compromise - a mixed precision
|    model for GPU accelerated molecular dynamics
|    simulations.", Comp. Phys. Comm., 2013, 184
|    pp374-380, DOI: 10.1016/j.cpc.2012.09.022
|
|--------------------------------------------------------
 
|------------------- GPU DEVICE INFO --------------------
|
|            CUDA_VISIBLE_DEVICES: 1
|   CUDA Capable Devices Detected:      1
|           CUDA Device ID in use:      0
|                CUDA Device Name: GeForce GTX 1060 6GB
|     CUDA Device Global Mem Size:   6078 MB
| CUDA Device Num Multiprocessors:     10
|           CUDA Device Core Freq:   1.76 GHz
|
|--------------------------------------------------------
 
 
| Conditional Compilation Defines Used:
| PUBFFT
| BINTRAJ
| CUDA
| EMIL

| Largest sphere to fit in unit cell has radius =    23.945

| New format PARM file being parsed.
| Version =    1.000 Date = 09/29/19 Time = 21:53:24

| Note: 1-4 EEL scale factors are being read from the topology file.

| Note: 1-4 VDW scale factors are being read from the topology file.
| Duplicated    0 dihedrals

| Duplicated    0 dihedrals

--------------------------------------------------------------------------------
   1.  RESOURCE   USE: 
--------------------------------------------------------------------------------

 getting new box info from bottom of inpcrd
 NATOM  =   20379 NTYPES =      17 NBONH =   14750 MBONA  =    5644
 NTHETH =    2483 MTHETA =    1455 NPHIH =    4974 MPHIA  =    4548
 NHPARM =       0 NPARM  =       0 NNB   =   43788 NRES   =    4686
 NBONA  =    5644 NTHETA =    1455 NPHIA =    4548 NUMBND =      77
 NUMANG =     166 NPTRA  =     185 NATYP =      42 NPHB   =       1
 IFBOX  =       2 NMXRS  =      50 IFCAP =       0 NEXTRA =    4554
 NCOPY  =       0

| Coordinate Index Table dimensions:     9    9    9
| Direct force subcell size =     6.5170    6.5170    6.5170

     BOX TYPE: TRUNCATED OCTAHEDRON

--------------------------------------------------------------------------------
   2.  CONTROL  DATA  FOR  THE  RUN
--------------------------------------------------------------------------------

default_name                                                                    

General flags:
     imin    =       0, nmropt  =       0

Nature and format of input:
     ntx     =       5, irest   =       1, ntrx    =       1

Nature and format of output:
     ntxo    =       1, ntpr    =     500, ntrx    =       1, ntwr    =     500
     iwrap   =       1, ntwx    =     500, ntwv    =       0, ntwe    =       0
     ioutfm  =       1, ntwprt  =       0, idecomp =       0, rbornstat=      0

Potential function:
     ntf     =       2, ntb     =       2, igb     =       0, nsnb    =      25
     ipol    =       0, gbsa    =       0, iesp    =       0
     dielc   =   1.00000, cut     =  10.00000, intdiel =   1.00000

Frozen or restrained atoms:
     ibelly  =       0, ntr     =       1
     restraint_wt =   0.01200

Molecular dynamics:
     nstlim  =     50000, nscm    =         0, nrespa  =         1
     t       =   0.00000, dt      =   0.00200, vlimit  =  -1.00000

Langevin dynamics temperature regulation:
     ig      =  628395
     temp0   = 300.00000, tempi   = 300.00000, gamma_ln=   5.00000

Pressure regulation:
     ntp     =       1
     pres0   =   1.00000, comp    =  44.60000, taup    =   1.00000

SHAKE:
     ntc     =       2, jfastw  =       0
     tol     =   0.00001

| Intermolecular bonds treatment:
|     no_intermolecular_bonds =       1

| Energy averages sample interval:
|     ene_avg_sampling =     500

Extra-points options:
     frameon =       1, chngmask=       1

Ewald parameters:
     verbose =       0, ew_type =       0, nbflag  =       1, use_pme =       1
     vdwmeth =       1, eedmeth =       1, netfrc  =       1
     Box X =   58.653   Box Y =   58.653   Box Z =   58.653
     Alpha =  109.471   Beta  =  109.471   Gamma =  109.471
     NFFT1 =   64       NFFT2 =   64       NFFT3 =   64
     Cutoff=   10.000   Tol   =0.100E-04
     Ewald Coefficient =  0.27511
     Interpolation order =    4

    LOADING THE CONSTRAINED ATOMS AS GROUPS


   5.  REFERENCE ATOM COORDINATES

  default_name                                                                    
     Mask :1-131@N,CA,C,O; matches   524 atoms
|      EXTRA_PTS, trim_bonds: num bonds BEFORE trim = 14750     0
|      EXTRA_PTS, trim_bonds: num bonds AFTER  trim = 14750     0
|      EXTRA_PTS, trim_bonds: num bonds BEFORE trim =  5644     0
|      EXTRA_PTS, trim_bonds: num bonds AFTER  trim =  1090     0
|      EXTRA_PTS, trim_theta: num angle BEFORE trim =  2483     0
|      EXTRA_PTS, trim_theta: num angle AFTER  trim =  2483     0
|      EXTRA_PTS, trim_theta: num angle BEFORE trim =  1455     0
|      EXTRA_PTS, trim_theta: num angle AFTER  trim =  1455     0
|      EXTRA_PTS, trim_phi:  num diheds BEFORE trim =  4974     0
|      EXTRA_PTS, trim_phi:  num diheds AFTER  trim =  4974     0
|      EXTRA_PTS, trim_phi:  num diheds BEFORE trim =  4548     0
|      EXTRA_PTS, trim_phi:  num diheds AFTER  trim =  4548     0

--------------------------------------------------------------------------------
   3.  ATOMIC COORDINATES AND VELOCITIES
--------------------------------------------------------------------------------

default_name                                                                    
 begin time read from input coords =  5900.000 ps

 
 Number of triangulated 3-point waters found:     4554

     Sum of charges from parm topology file =   0.00202595
     Forcing neutrality...

| Dynamic Memory, Types Used:
| Reals             1016965
| Integers          1501222

| Nonbonded Pairs Initial Allocation:     6164138

| GPU memory information (estimate):
| KB of GPU memory in use:         0
| KB of CPU memory in use:         0

--------------------------------------------------------------------------------
   4.  RESULTS
--------------------------------------------------------------------------------

wrapping first mol.:       19.55409       27.65365       47.89753
wrapping first mol.:       19.55409       27.65365       47.89753

 NSTEP =      500   TIME(PS) =    5901.000  TEMP(K) =   304.68  PRESS =   253.6
 Etot   =    -51041.7453  EKtot   =      9906.6670  EPtot      =    -60948.4123
 BOND   =       413.3723  ANGLE   =       995.1922  DIHED      =       701.1638
 1-4 NB =       454.2383  1-4 EEL =      5639.6016  VDWAALS    =      6849.3136
 EELEC  =    -76002.6343  EHBOND  =         0.0000  RESTRAINT  =         1.3402
 EAMBER (non-restraint)  =    -60949.7525
 EKCMT  =      4114.2330  VIRIAL  =      3263.4903  VOLUME     =    155397.6777
                                                    Density    =         1.0397
 ------------------------------------------------------------------------------

wrapping first mol.:       19.55000       27.64787       47.88752
wrapping first mol.:       19.55000       27.64787       47.88752

 NSTEP =     1000   TIME(PS) =    5902.000  TEMP(K) =   302.31  PRESS =   263.6
 Etot   =    -51022.8546  EKtot   =      9829.7500  EPtot      =    -60852.6046
 BOND   =       406.2415  ANGLE   =      1050.2139  DIHED      =       732.3614
 1-4 NB =       469.8513  1-4 EEL =      5613.1633  VDWAALS    =      6693.6039
 EELEC  =    -75819.7867  EHBOND  =         0.0000  RESTRAINT  =         1.7467
 EAMBER (non-restraint)  =    -60854.3513
 EKCMT  =      4112.4204  VIRIAL  =      3228.6400  VOLUME     =    155300.1170
                                                    Density    =         1.0403
 ------------------------------------------------------------------------------

wrapping first mol.:       19.52962       27.61905       47.83759
wrapping first mol.:       19.52962       27.61905       47.83759

 NSTEP =     1500   TIME(PS) =    5903.000  TEMP(K) =   301.57  PRESS =  -264.2
 Etot   =    -51407.7194  EKtot   =      9805.7979  EPtot      =    -61213.5173
 BOND   =       364.8002  ANGLE   =      1086.6481  DIHED      =       699.4875
 1-4 NB =       444.6255  1-4 EEL =      5631.7830  VDWAALS    =      6608.2042
 EELEC  =    -76051.0883  EHBOND  =         0.0000  RESTRAINT  =         2.0224
 EAMBER (non-restraint)  =    -61215.5397
 EKCMT  =      4095.8844  VIRIAL  =      4979.0526  VOLUME     =    154822.1829
                                                    Density    =         1.0435
 ------------------------------------------------------------------------------

wrapping first mol.:       19.54595       27.64214       47.87759
wrapping first mol.:       19.54595       27.64214       47.87759

 NSTEP =     2000   TIME(PS) =    5904.000  TEMP(K) =   301.04  PRESS =  -271.4
 Etot   =    -51267.1670  EKtot   =      9788.2979  EPtot      =    -61055.4649
 BOND   =       408.2827  ANGLE   =      1014.5832  DIHED      =       717.5907
 1-4 NB =       465.0662  1-4 EEL =      5659.4147  VDWAALS    =      6623.5877
 EELEC  =    -75946.1978  EHBOND  =         0.0000  RESTRAINT  =         2.2076
 EAMBER (non-restraint)  =    -61057.6725
 EKCMT  =      4087.0325  VIRIAL  =      4996.6267  VOLUME     =    155210.9912
                                                    Density    =         1.0409
 ------------------------------------------------------------------------------

wrapping first mol.:       19.56661       27.67137       47.92821
wrapping first mol.:       19.56661       27.67137       47.92821

 NSTEP =     2500   TIME(PS) =    5905.000  TEMP(K) =   296.73  PRESS =  -175.4
 Etot   =    -51327.5390  EKtot   =      9648.3457  EPtot      =    -60975.8847
 BOND   =       452.3125  ANGLE   =      1001.6904  DIHED      =       692.6531
 1-4 NB =       446.8303  1-4 EEL =      5629.3657  VDWAALS    =      6700.9082
 EELEC  =    -75901.5535  EHBOND  =         0.0000  RESTRAINT  =         1.9086
 EAMBER (non-restraint)  =    -60977.7934
 EKCMT  =      4003.0526  VIRIAL  =      4592.5946  VOLUME     =    155702.4608
                                                    Density    =         1.0376
 ------------------------------------------------------------------------------

wrapping first mol.:       19.56296       27.66621       47.91927
wrapping first mol.:       19.56296       27.66621       47.91927

 NSTEP =     3000   TIME(PS) =    5906.000  TEMP(K) =   300.65  PRESS =   -43.6
 Etot   =    -51294.0468  EKtot   =      9775.9121  EPtot      =    -61069.9590
 BOND   =       400.8762  ANGLE   =      1060.2664  DIHED      =       716.0588
 1-4 NB =       455.9609  1-4 EEL =      5648.6794  VDWAALS    =      6670.5610
 EELEC  =    -76025.0077  EHBOND  =         0.0000  RESTRAINT  =         2.6460
 EAMBER (non-restraint)  =    -61072.6049
 EKCMT  =      4116.1592  VIRIAL  =      4262.5425  VOLUME     =    155613.5302
                                                    Density    =         1.0382
 ------------------------------------------------------------------------------

wrapping first mol.:       19.54197       27.63651       47.86784
wrapping first mol.:       19.54197       27.63651       47.86784

 NSTEP =     3500   TIME(PS) =    5907.000  TEMP(K) =   299.97  PRESS =   105.8
 Etot   =    -51457.0329  EKtot   =      9753.5127  EPtot      =    -61210.5456
 BOND   =       382.0088  ANGLE   =      1034.8551  DIHED      =       731.0629
 1-4 NB =       457.3396  1-4 EEL =      5635.8677  VDWAALS    =      6799.8469
 EELEC  =    -76254.3727  EHBOND  =         0.0000  RESTRAINT  =         2.8462
 EAMBER (non-restraint)  =    -61213.3918
 EKCMT  =      4084.5326  VIRIAL  =      3730.2491  VOLUME     =    155110.9108
                                                    Density    =         1.0416
 ------------------------------------------------------------------------------

wrapping first mol.:       19.55176       27.65036       47.89183
wrapping first mol.:       19.55176       27.65036       47.89183

 NSTEP =     4000   TIME(PS) =    5908.000  TEMP(K) =   302.23  PRESS =    88.0
 Etot   =    -50991.0312  EKtot   =      9827.0410  EPtot      =    -60818.0722
 BOND   =       418.3189  ANGLE   =      1100.7443  DIHED      =       707.2532
 1-4 NB =       458.1706  1-4 EEL =      5703.6136  VDWAALS    =      6745.1006
 EELEC  =    -75954.3018  EHBOND  =         0.0000  RESTRAINT  =         3.0283
 EAMBER (non-restraint)  =    -60821.1005
 EKCMT  =      4122.0478  VIRIAL  =      3826.8813  VOLUME     =    155344.4625
                                                    Density    =         1.0400
 ------------------------------------------------------------------------------

wrapping first mol.:       19.55362       27.65300       47.89639
wrapping first mol.:       19.55362       27.65300       47.89639

 NSTEP =     4500   TIME(PS) =    5909.000  TEMP(K) =   300.33  PRESS =   110.6
 Etot   =    -51191.8486  EKtot   =      9765.4316  EPtot      =    -60957.2802
 BOND   =       435.9242  ANGLE   =      1021.3086  DIHED      =       721.8368
 1-4 NB =       443.6552  1-4 EEL =      5650.0825  VDWAALS    =      6579.3035
 EELEC  =    -75812.7179  EHBOND  =         0.0000  RESTRAINT  =         3.3268
 EAMBER (non-restraint)  =    -60960.6070
 EKCMT  =      4091.3923  VIRIAL  =      3720.4745  VOLUME     =    155388.5654
                                                    Density    =         1.0397
 ------------------------------------------------------------------------------

wrapping first mol.:       19.54446       27.64005       47.87396
wrapping first mol.:       19.54446       27.64005       47.87396

 NSTEP =     5000   TIME(PS) =    5910.000  TEMP(K) =   300.25  PRESS =   116.4
 Etot   =    -51226.9645  EKtot   =      9762.8232  EPtot      =    -60989.7877
 BOND   =       425.5424  ANGLE   =      1086.9916  DIHED      =       680.3660
 1-4 NB =       445.7888  1-4 EEL =      5622.1780  VDWAALS    =      6640.9134
 EELEC  =    -75895.0103  EHBOND  =         0.0000  RESTRAINT  =         3.4424
 EAMBER (non-restraint)  =    -60993.2301
 EKCMT  =      4151.0176  VIRIAL  =      3761.0230  VOLUME     =    155170.2797
                                                    Density    =         1.0412
 ------------------------------------------------------------------------------

wrapping first mol.:       19.55470       27.65452       47.89903
wrapping first mol.:       19.55470       27.65452       47.89903

 NSTEP =     5500   TIME(PS) =    5911.000  TEMP(K) =   299.09  PRESS =   270.7
 Etot   =    -51233.5286  EKtot   =      9725.0625  EPtot      =    -60958.5911
 BOND   =       408.6865  ANGLE   =      1045.9682  DIHED      =       683.8323
 1-4 NB =       460.9662  1-4 EEL =      5703.6710  VDWAALS    =      6871.5027
 EELEC  =    -76136.1683  EHBOND  =         0.0000  RESTRAINT  =         2.9505
 EAMBER (non-restraint)  =    -60961.5416
 EKCMT  =      4041.6055  VIRIAL  =      3133.2611  VOLUME     =    155412.0800
                                                    Density    =         1.0396
 ------------------------------------------------------------------------------

wrapping first mol.:       19.54479       27.64051       47.87476
wrapping first mol.:       19.54479       27.64051       47.87476

 NSTEP =     6000   TIME(PS) =    5912.000  TEMP(K) =   300.51  PRESS =   112.5
 Etot   =    -51403.5281  EKtot   =      9771.2637  EPtot      =    -61174.7918
 BOND   =       378.9562  ANGLE   =      1112.0912  DIHED      =       714.6589
 1-4 NB =       473.2186  1-4 EEL =      5697.7022  VDWAALS    =      6788.7591
 EELEC  =    -76343.3053  EHBOND  =         0.0000  RESTRAINT  =         3.1272
 EAMBER (non-restraint)  =    -61177.9190
 EKCMT  =      4080.1448  VIRIAL  =      3703.1907  VOLUME     =    155178.1466
                                                    Density    =         1.0412
 ------------------------------------------------------------------------------

wrapping first mol.:       19.56296       27.66620       47.91927
wrapping first mol.:       19.56296       27.66620       47.91927

 NSTEP =     6500   TIME(PS) =    5913.000  TEMP(K) =   301.96  PRESS =    93.7
 Etot   =    -51197.8594  EKtot   =      9818.4033  EPtot      =    -61016.2628
 BOND   =       404.3359  ANGLE   =      1048.5223  DIHED      =       717.9528
 1-4 NB =       467.6268  1-4 EEL =      5653.8454  VDWAALS    =      6929.2929
 EELEC  =    -76241.1011  EHBOND  =         0.0000  RESTRAINT  =         3.2622
 EAMBER (non-restraint)  =    -61019.5250
 EKCMT  =      4093.9707  VIRIAL  =      3779.0433  VOLUME     =    155611.5512
                                                    Density    =         1.0383
 ------------------------------------------------------------------------------

wrapping first mol.:       19.56692       27.67181       47.92897
wrapping first mol.:       19.56692       27.67181       47.92897

 NSTEP =     7000   TIME(PS) =    5914.000  TEMP(K) =   302.23  PRESS =  -123.5
 Etot   =    -51322.3009  EKtot   =      9827.2578  EPtot      =    -61149.5587
 BOND   =       416.1436  ANGLE   =      1041.5385  DIHED      =       711.3293
 1-4 NB =       460.0161  1-4 EEL =      5651.0347  VDWAALS    =      6936.5343
 EELEC  =    -76369.4896  EHBOND  =         0.0000  RESTRAINT  =         3.3343
 EAMBER (non-restraint)  =    -61152.8931
 EKCMT  =      4033.3696  VIRIAL  =      4448.4688  VOLUME     =    155709.1364
                                                    Density    =         1.0376
 ------------------------------------------------------------------------------

wrapping first mol.:       19.57503       27.68328       47.94884
wrapping first mol.:       19.57503       27.68328       47.94884

 NSTEP =     7500   TIME(PS) =    5915.000  TEMP(K) =   298.55  PRESS =   145.6
 Etot   =    -51513.5566  EKtot   =      9707.5166  EPtot      =    -61221.0732
 BOND   =       419.9368  ANGLE   =      1076.0302  DIHED      =       705.2256
 1-4 NB =       443.6074  1-4 EEL =      5602.7061  VDWAALS    =      6956.9057
 EELEC  =    -76428.3356  EHBOND  =         0.0000  RESTRAINT  =         2.8506
 EAMBER (non-restraint)  =    -61223.9237
 EKCMT  =      4128.1908  VIRIAL  =      3638.0383  VOLUME     =    155899.0813
                                                    Density    =         1.0363
 ------------------------------------------------------------------------------

wrapping first mol.:       19.55717       27.65801       47.90508
wrapping first mol.:       19.55717       27.65801       47.90508

 NSTEP =     8000   TIME(PS) =    5916.000  TEMP(K) =   297.32  PRESS =   -60.0
 Etot   =    -51353.1978  EKtot   =      9667.3438  EPtot      =    -61020.5415
 BOND   =       431.6976  ANGLE   =      1096.3460  DIHED      =       695.2301
 1-4 NB =       446.2397  1-4 EEL =      5581.5939  VDWAALS    =      6641.7202
 EELEC  =    -75916.6402  EHBOND  =         0.0000  RESTRAINT  =         3.2713
 EAMBER (non-restraint)  =    -61023.8128
 EKCMT  =      4078.5671  VIRIAL  =      4280.0614  VOLUME     =    155475.5546
                                                    Density    =         1.0392
 ------------------------------------------------------------------------------

wrapping first mol.:       19.55527       27.65532       47.90042
wrapping first mol.:       19.55527       27.65532       47.90042

 NSTEP =     8500   TIME(PS) =    5917.000  TEMP(K) =   300.36  PRESS =   120.8
 Etot   =    -51441.9798  EKtot   =      9766.2334  EPtot      =    -61208.2132
 BOND   =       395.3769  ANGLE   =      1093.1684  DIHED      =       698.3235
 1-4 NB =       452.5546  1-4 EEL =      5590.3193  VDWAALS    =      6945.5602
 EELEC  =    -76386.9969  EHBOND  =         0.0000  RESTRAINT  =         3.4808
 EAMBER (non-restraint)  =    -61211.6941
 EKCMT  =      4063.5275  VIRIAL  =      3658.2191  VOLUME     =    155427.6361
                                                    Density    =         1.0395
 ------------------------------------------------------------------------------

wrapping first mol.:       19.55494       27.65486       47.89961
wrapping first mol.:       19.55494       27.65486       47.89961

 NSTEP =     9000   TIME(PS) =    5918.000  TEMP(K) =   301.97  PRESS =  -269.9
 Etot   =    -51356.3925  EKtot   =      9818.5225  EPtot      =    -61174.9150
 BOND   =       379.3670  ANGLE   =      1031.0587  DIHED      =       708.2573
 1-4 NB =       468.7468  1-4 EEL =      5680.5103  VDWAALS    =      6783.2774
 EELEC  =    -76228.8793  EHBOND  =         0.0000  RESTRAINT  =         2.7468
 EAMBER (non-restraint)  =    -61177.6618
 EKCMT  =      4102.1833  VIRIAL  =      5007.9103  VOLUME     =    155425.1865
                                                    Density    =         1.0395
 ------------------------------------------------------------------------------

wrapping first mol.:       19.57447       27.68248       47.94745
wrapping first mol.:       19.57447       27.68248       47.94745

 NSTEP =     9500   TIME(PS) =    5919.000  TEMP(K) =   299.03  PRESS =   -36.0
 Etot   =    -51626.1237  EKtot   =      9723.0352  EPtot      =    -61349.1589
 BOND   =       436.5958  ANGLE   =      1056.5367  DIHED      =       709.1950
 1-4 NB =       447.2862  1-4 EEL =      5569.0981  VDWAALS    =      6902.4221
 EELEC  =    -76473.4302  EHBOND  =         0.0000  RESTRAINT  =         3.1374
 EAMBER (non-restraint)  =    -61352.2963
 EKCMT  =      4118.0095  VIRIAL  =      4239.1578  VOLUME     =    155888.1335
                                                    Density    =         1.0364
 ------------------------------------------------------------------------------

wrapping first mol.:       19.56668       27.67146       47.92838
wrapping first mol.:       19.56668       27.67146       47.92838

 NSTEP =    10000   TIME(PS) =    5920.000  TEMP(K) =   303.90  PRESS =  -198.1
 Etot   =    -51262.8759  EKtot   =      9881.3105  EPtot      =    -61144.1865
 BOND   =       399.2265  ANGLE   =      1045.6831  DIHED      =       707.5181
 1-4 NB =       444.2109  1-4 EEL =      5622.1759  VDWAALS    =      6699.5478
 EELEC  =    -76065.1598  EHBOND  =         0.0000  RESTRAINT  =         2.6111
 EAMBER (non-restraint)  =    -61146.7975
 EKCMT  =      4165.2589  VIRIAL  =      4831.2897  VOLUME     =    155704.3657
                                                    Density    =         1.0376
 ------------------------------------------------------------------------------

wrapping first mol.:       19.57914       27.68909       47.95890
wrapping first mol.:       19.57914       27.68909       47.95890

 NSTEP =    10500   TIME(PS) =    5921.000  TEMP(K) =   301.09  PRESS =   248.8
 Etot   =    -51380.9333  EKtot   =      9790.0732  EPtot      =    -61171.0066
 BOND   =       407.5469  ANGLE   =      1055.7258  DIHED      =       715.6521
 1-4 NB =       475.5941  1-4 EEL =      5676.8449  VDWAALS    =      7058.4569
 EELEC  =    -76563.5891  EHBOND  =         0.0000  RESTRAINT  =         2.7618
 EAMBER (non-restraint)  =    -61173.7684
 EKCMT  =      4085.4146  VIRIAL  =      3247.4112  VOLUME     =    155995.8544
                                                    Density    =         1.0357
 ------------------------------------------------------------------------------

wrapping first mol.:       19.56754       27.67267       47.93047
wrapping first mol.:       19.56754       27.67267       47.93047

 NSTEP =    11000   TIME(PS) =    5922.000  TEMP(K) =   302.36  PRESS =    85.1
 Etot   =    -51230.4396  EKtot   =      9831.3525  EPtot      =    -61061.7922
 BOND   =       397.0756  ANGLE   =      1012.1565  DIHED      =       695.7059
 1-4 NB =       458.5937  1-4 EEL =      5663.3929  VDWAALS    =      6836.2577
 EELEC  =    -76127.7741  EHBOND  =         0.0000  RESTRAINT  =         2.7996
 EAMBER (non-restraint)  =    -61064.5918
 EKCMT  =      4191.4209  VIRIAL  =      3905.2872  VOLUME     =    155720.8749
                                                    Density    =         1.0375
 ------------------------------------------------------------------------------

wrapping first mol.:       19.57508       27.68334       47.94895
wrapping first mol.:       19.57508       27.68334       47.94895

 NSTEP =    11500   TIME(PS) =    5923.000  TEMP(K) =   305.38  PRESS =   -91.5
 Etot   =    -51072.2212  EKtot   =      9929.7129  EPtot      =    -61001.9341
 BOND   =       430.2337  ANGLE   =      1038.6232  DIHED      =       696.2808
 1-4 NB =       452.8279  1-4 EEL =      5679.9517  VDWAALS    =      6681.3449
 EELEC  =    -75984.1553  EHBOND  =         0.0000  RESTRAINT  =         2.9591
 EAMBER (non-restraint)  =    -61004.8931
 EKCMT  =      4118.0998  VIRIAL  =      4426.1086  VOLUME     =    155903.5418
                                                    Density    =         1.0363
 ------------------------------------------------------------------------------

wrapping first mol.:       19.55538       27.65549       47.90071
wrapping first mol.:       19.55538       27.65549       47.90071

 NSTEP =    12000   TIME(PS) =    5924.000  TEMP(K) =   299.88  PRESS =   168.6
 Etot   =    -51560.1550  EKtot   =      9750.7930  EPtot      =    -61310.9480
 BOND   =       404.0237  ANGLE   =      1051.1754  DIHED      =       705.2542
 1-4 NB =       468.0951  1-4 EEL =      5677.2668  VDWAALS    =      6875.5239
 EELEC  =    -76495.3512  EHBOND  =         0.0000  RESTRAINT  =         3.0641
 EAMBER (non-restraint)  =    -61314.0120
 EKCMT  =      4100.5858  VIRIAL  =      3534.8030  VOLUME     =    155429.7838
                                                    Density    =         1.0395
 ------------------------------------------------------------------------------

wrapping first mol.:       19.56693       27.67181       47.92898
wrapping first mol.:       19.56693       27.67181       47.92898

 NSTEP =    12500   TIME(PS) =    5925.000  TEMP(K) =   302.41  PRESS =   -60.9
 Etot   =    -51161.6711  EKtot   =      9832.9844  EPtot      =    -60994.6555
 BOND   =       390.7663  ANGLE   =      1049.2956  DIHED      =       697.7049
 1-4 NB =       462.5515  1-4 EEL =      5676.3468  VDWAALS    =      6659.2166
 EELEC  =    -75933.7434  EHBOND  =         0.0000  RESTRAINT  =         3.2063
 EAMBER (non-restraint)  =    -60997.8617
 EKCMT  =      4127.0890  VIRIAL  =      4331.9224  VOLUME     =    155708.3795
                                                    Density    =         1.0376
 ------------------------------------------------------------------------------

wrapping first mol.:       19.57232       27.67943       47.94218
wrapping first mol.:       19.57232       27.67943       47.94218

 NSTEP =    13000   TIME(PS) =    5926.000  TEMP(K) =   300.34  PRESS =   629.9
 Etot   =    -51155.1632  EKtot   =      9765.5967  EPtot      =    -60920.7599
 BOND   =       387.2732  ANGLE   =      1090.5346  DIHED      =       710.6743
 1-4 NB =       466.9759  1-4 EEL =      5659.8877  VDWAALS    =      6952.6198
 EELEC  =    -76191.7939  EHBOND  =         0.0000  RESTRAINT  =         3.0685
 EAMBER (non-restraint)  =    -60923.8284
 EKCMT  =      4060.4380  VIRIAL  =      1941.2414  VOLUME     =    155827.4525
                                                    Density    =         1.0368
 ------------------------------------------------------------------------------

wrapping first mol.:       19.56642       27.67109       47.92773
wrapping first mol.:       19.56642       27.67109       47.92773

 NSTEP =    13500   TIME(PS) =    5927.000  TEMP(K) =   295.21  PRESS =   -54.4
 Etot   =    -51488.3913  EKtot   =      9598.8828  EPtot      =    -61087.2741
 BOND   =       400.9624  ANGLE   =      1072.1180  DIHED      =       720.7905
 1-4 NB =       456.4462  1-4 EEL =      5677.7635  VDWAALS    =      6802.7972
 EELEC  =    -76221.2066  EHBOND  =         0.0000  RESTRAINT  =         3.0547
 EAMBER (non-restraint)  =    -61090.3288
 EKCMT  =      4014.1449  VIRIAL  =      4196.9340  VOLUME     =    155696.0910
                                                    Density    =         1.0377
 ------------------------------------------------------------------------------

wrapping first mol.:       19.55447       27.65419       47.89846
wrapping first mol.:       19.55447       27.65419       47.89846

 NSTEP =    14000   TIME(PS) =    5928.000  TEMP(K) =   301.76  PRESS =  -290.4
 Etot   =    -51296.6430  EKtot   =      9811.7510  EPtot      =    -61108.3940
 BOND   =       393.8694  ANGLE   =      1035.9123  DIHED      =       700.8743
 1-4 NB =       464.6370  1-4 EEL =      5641.2606  VDWAALS    =      6544.7773
 EELEC  =    -75892.5804  EHBOND  =         0.0000  RESTRAINT  =         2.8556
 EAMBER (non-restraint)  =    -61111.2496
 EKCMT  =      4070.2386  VIRIAL  =      5044.8446  VOLUME     =    155414.2427
                                                    Density    =         1.0396
 ------------------------------------------------------------------------------

wrapping first mol.:       19.55349       27.65281       47.89607
wrapping first mol.:       19.55349       27.65281       47.89607

 NSTEP =    14500   TIME(PS) =    5929.000  TEMP(K) =   297.63  PRESS =  -102.1
 Etot   =    -51399.3220  EKtot   =      9677.6211  EPtot      =    -61076.9431
 BOND   =       450.9216  ANGLE   =      1080.2279  DIHED      =       706.8527
 1-4 NB =       439.6146  1-4 EEL =      5600.5200  VDWAALS    =      6758.4355
 EELEC  =    -76116.9216  EHBOND  =         0.0000  RESTRAINT  =         3.4061
 EAMBER (non-restraint)  =    -61080.3492
 EKCMT  =      4029.1401  VIRIAL  =      4371.7679  VOLUME     =    155388.3552
                                                    Density    =         1.0397
 ------------------------------------------------------------------------------

wrapping first mol.:       19.54586       27.64201       47.87737
wrapping first mol.:       19.54586       27.64201       47.87737

 NSTEP =    15000   TIME(PS) =    5930.000  TEMP(K) =   300.93  PRESS =  -132.3
 Etot   =    -51378.7707  EKtot   =      9784.9805  EPtot      =    -61163.7511
 BOND   =       418.6331  ANGLE   =      1035.2718  DIHED      =       704.0903
 1-4 NB =       452.4234  1-4 EEL =      5632.4755  VDWAALS    =      6587.4996
 EELEC  =    -75997.4390  EHBOND  =         0.0000  RESTRAINT  =         3.2941
 EAMBER (non-restraint)  =    -61167.0452
 EKCMT  =      4105.8630  VIRIAL  =      4549.3081  VOLUME     =    155206.8839
                                                    Density    =         1.0410
 ------------------------------------------------------------------------------

wrapping first mol.:       19.55583       27.65612       47.90180
wrapping first mol.:       19.55583       27.65612       47.90180

 NSTEP =    15500   TIME(PS) =    5931.000  TEMP(K) =   299.72  PRESS =   254.8
 Etot   =    -51479.1156  EKtot   =      9745.6162  EPtot      =    -61224.7319
 BOND   =       403.1992  ANGLE   =      1070.6479  DIHED      =       701.5843
 1-4 NB =       455.8740  1-4 EEL =      5658.9327  VDWAALS    =      6874.8965
 EELEC  =    -76393.1438  EHBOND  =         0.0000  RESTRAINT  =         3.2772
 EAMBER (non-restraint)  =    -61228.0091
 EKCMT  =      4156.0600  VIRIAL  =      3301.0763  VOLUME     =    155439.2507
                                                    Density    =         1.0394
 ------------------------------------------------------------------------------

wrapping first mol.:       19.56369       27.66724       47.92106
wrapping first mol.:       19.56369       27.66724       47.92106

 NSTEP =    16000   TIME(PS) =    5932.000  TEMP(K) =   303.14  PRESS =    45.0
 Etot   =    -51295.2116  EKtot   =      9856.6084  EPtot      =    -61151.8200
 BOND   =       407.6254  ANGLE   =      1072.2871  DIHED      =       705.8879
 1-4 NB =       456.9511  1-4 EEL =      5685.3243  VDWAALS    =      6853.3419
 EELEC  =    -76336.8225  EHBOND  =         0.0000  RESTRAINT  =         3.5847
 EAMBER (non-restraint)  =    -61155.4047
 EKCMT  =      4112.8053  VIRIAL  =      3961.6934  VOLUME     =    155629.7500
                                                    Density    =         1.0381
 ------------------------------------------------------------------------------

wrapping first mol.:       19.56673       27.67153       47.92849
wrapping first mol.:       19.56673       27.67153       47.92849

 NSTEP =    16500   TIME(PS) =    5933.000  TEMP(K) =   304.11  PRESS =   268.0
 Etot   =    -51217.5263  EKtot   =      9888.3652  EPtot      =    -61105.8916
 BOND   =       423.6462  ANGLE   =      1031.3220  DIHED      =       705.7561
 1-4 NB =       455.5982  1-4 EEL =      5612.6963  VDWAALS    =      7010.9523
 EELEC  =    -76349.4857  EHBOND  =         0.0000  RESTRAINT  =         3.6229
 EAMBER (non-restraint)  =    -61109.5145
 EKCMT  =      4160.1157  VIRIAL  =      3259.2851  VOLUME     =    155699.0531
                                                    Density    =         1.0377
 ------------------------------------------------------------------------------

wrapping first mol.:       19.56578       27.67019       47.92617
wrapping first mol.:       19.56578       27.67019       47.92617

 NSTEP =    17000   TIME(PS) =    5934.000  TEMP(K) =   295.26  PRESS =    23.4
 Etot   =    -51632.7696  EKtot   =      9600.6396  EPtot      =    -61233.4093
 BOND   =       433.8103  ANGLE   =      1045.1622  DIHED      =       714.4124
 1-4 NB =       448.6287  1-4 EEL =      5631.3141  VDWAALS    =      6981.1794
 EELEC  =    -76491.8156  EHBOND  =         0.0000  RESTRAINT  =         3.8992
 EAMBER (non-restraint)  =    -61237.3085
 EKCMT  =      4053.8782  VIRIAL  =      3975.0636  VOLUME     =    155679.8005
                                                    Density    =         1.0378
 ------------------------------------------------------------------------------

wrapping first mol.:       19.58525       27.69772       47.97386
wrapping first mol.:       19.58525       27.69772       47.97386

 NSTEP =    17500   TIME(PS) =    5935.000  TEMP(K) =   301.45  PRESS =    15.6
 Etot   =    -51451.5866  EKtot   =      9801.7227  EPtot      =    -61253.3092
 BOND   =       416.7795  ANGLE   =      1061.5533  DIHED      =       697.1038
 1-4 NB =       460.6532  1-4 EEL =      5655.3355  VDWAALS    =      6879.0176
 EELEC  =    -76427.6298  EHBOND  =         0.0000  RESTRAINT  =         3.8776
 EAMBER (non-restraint)  =    -61257.1868
 EKCMT  =      4127.5560  VIRIAL  =      4074.9021  VOLUME     =    156145.1151
                                                    Density    =         1.0347
 ------------------------------------------------------------------------------

wrapping first mol.:       19.58135       27.69221       47.96431
wrapping first mol.:       19.58135       27.69221       47.96431

 NSTEP =    18000   TIME(PS) =    5936.000  TEMP(K) =   297.64  PRESS =  -119.2
 Etot   =    -51371.9419  EKtot   =      9677.9180  EPtot      =    -61049.8599
 BOND   =       411.3969  ANGLE   =      1034.5881  DIHED      =       694.8399
 1-4 NB =       466.6135  1-4 EEL =      5677.4302  VDWAALS    =      6865.3940
 EELEC  =    -76204.0682  EHBOND  =         0.0000  RESTRAINT  =         3.9456
 EAMBER (non-restraint)  =    -61053.8055
 EKCMT  =      4082.7109  VIRIAL  =      4484.4928  VOLUME     =    156053.7949
                                                    Density    =         1.0353
 ------------------------------------------------------------------------------

wrapping first mol.:       19.57175       27.67864       47.94080
wrapping first mol.:       19.57175       27.67864       47.94080

 NSTEP =    18500   TIME(PS) =    5937.000  TEMP(K) =   297.63  PRESS =   -12.7
 Etot   =    -51386.3665  EKtot   =      9677.6670  EPtot      =    -61064.0335
 BOND   =       400.0007  ANGLE   =      1056.6118  DIHED      =       685.6411
 1-4 NB =       471.9107  1-4 EEL =      5655.7271  VDWAALS    =      6672.3051
 EELEC  =    -76009.9993  EHBOND  =         0.0000  RESTRAINT  =         3.7692
 EAMBER (non-restraint)  =    -61067.8028
 EKCMT  =      4094.6899  VIRIAL  =      4137.4403  VOLUME     =    155822.9079
                                                    Density    =         1.0368
 ------------------------------------------------------------------------------

wrapping first mol.:       19.57891       27.68876       47.95834
wrapping first mol.:       19.57891       27.68876       47.95834

 NSTEP =    19000   TIME(PS) =    5938.000  TEMP(K) =   299.78  PRESS =   -21.0
 Etot   =    -51344.3234  EKtot   =      9747.3535  EPtot      =    -61091.6770
 BOND   =       423.1343  ANGLE   =      1066.2150  DIHED      =       707.8946
 1-4 NB =       467.2075  1-4 EEL =      5605.8000  VDWAALS    =      6835.3335
 EELEC  =    -76201.0619  EHBOND  =         0.0000  RESTRAINT  =         3.7999
 EAMBER (non-restraint)  =    -61095.4769
 EKCMT  =      4095.9566  VIRIAL  =      4166.6345  VOLUME     =    155994.0878
                                                    Density    =         1.0357
 ------------------------------------------------------------------------------

wrapping first mol.:       19.58491       27.69725       47.97304
wrapping first mol.:       19.58491       27.69725       47.97304

 NSTEP =    19500   TIME(PS) =    5939.000  TEMP(K) =   300.57  PRESS =  -309.8
 Etot   =    -51422.1059  EKtot   =      9773.0859  EPtot      =    -61195.1918
 BOND   =       401.4824  ANGLE   =      1022.0702  DIHED      =       695.9676
 1-4 NB =       452.0187  1-4 EEL =      5615.0051  VDWAALS    =      6810.2403
 EELEC  =    -76195.4831  EHBOND  =         0.0000  RESTRAINT  =         3.5069
 EAMBER (non-restraint)  =    -61198.6987
 EKCMT  =      4153.9924  VIRIAL  =      5198.3771  VOLUME     =    156141.6114
                                                    Density    =         1.0347
 ------------------------------------------------------------------------------

wrapping first mol.:       19.57595       27.68457       47.95108
wrapping first mol.:       19.57595       27.68457       47.95108

 NSTEP =    20000   TIME(PS) =    5940.000  TEMP(K) =   300.20  PRESS =    46.4
 Etot   =    -51310.1472  EKtot   =      9761.2900  EPtot      =    -61071.4372
 BOND   =       408.7154  ANGLE   =      1066.5369  DIHED      =       717.6114
 1-4 NB =       461.0368  1-4 EEL =      5625.5554  VDWAALS    =      6834.1348
 EELEC  =    -76188.4144  EHBOND  =         0.0000  RESTRAINT  =         3.3864
 EAMBER (non-restraint)  =    -61074.8236
 EKCMT  =      4089.7263  VIRIAL  =      3933.3751  VOLUME     =    155922.3691
                                                    Density    =         1.0362
 ------------------------------------------------------------------------------

wrapping first mol.:       19.53784       27.63068       47.85774
wrapping first mol.:       19.53784       27.63068       47.85774

 NSTEP =    20500   TIME(PS) =    5941.000  TEMP(K) =   299.53  PRESS =  -107.5
 Etot   =    -51428.1667  EKtot   =      9739.3184  EPtot      =    -61167.4851
 BOND   =       393.4670  ANGLE   =      1037.0510  DIHED      =       697.2767
 1-4 NB =       441.1981  1-4 EEL =      5624.6113  VDWAALS    =      6709.0224
 EELEC  =    -76073.2604  EHBOND  =         0.0000  RESTRAINT  =         3.1489
 EAMBER (non-restraint)  =    -61170.6339
 EKCMT  =      4100.3635  VIRIAL  =      4460.2505  VOLUME     =    155015.7188
                                                    Density    =         1.0422
 ------------------------------------------------------------------------------

wrapping first mol.:       19.52896       27.61813       47.83599
wrapping first mol.:       19.52896       27.61813       47.83599

 NSTEP =    21000   TIME(PS) =    5942.000  TEMP(K) =   302.13  PRESS =  -149.2
 Etot   =    -51306.0118  EKtot   =      9823.7744  EPtot      =    -61129.7862
 BOND   =       389.6861  ANGLE   =      1132.7460  DIHED      =       714.0749
 1-4 NB =       439.7002  1-4 EEL =      5643.6278  VDWAALS    =      6637.2316
 EELEC  =    -76089.9541  EHBOND  =         0.0000  RESTRAINT  =         3.1014
 EAMBER (non-restraint)  =    -61132.8876
 EKCMT  =      4096.0947  VIRIAL  =      4594.7864  VOLUME     =    154805.0598
                                                    Density    =         1.0437
 ------------------------------------------------------------------------------

wrapping first mol.:       19.55756       27.65856       47.90603
wrapping first mol.:       19.55756       27.65856       47.90603

 NSTEP =    21500   TIME(PS) =    5943.000  TEMP(K) =   299.98  PRESS =    -2.1
 Etot   =    -51491.6016  EKtot   =      9754.1240  EPtot      =    -61245.7256
 BOND   =       419.7243  ANGLE   =      1045.0645  DIHED      =       716.3856
 1-4 NB =       443.7217  1-4 EEL =      5679.7623  VDWAALS    =      6755.1336
 EELEC  =    -76308.6587  EHBOND  =         0.0000  RESTRAINT  =         3.1412
 EAMBER (non-restraint)  =    -61248.8668
 EKCMT  =      4072.0915  VIRIAL  =      4079.2773  VOLUME     =    155483.9286
                                                    Density    =         1.0391
 ------------------------------------------------------------------------------

wrapping first mol.:       19.53802       27.63093       47.85817
wrapping first mol.:       19.53802       27.63093       47.85817

 NSTEP =    22000   TIME(PS) =    5944.000  TEMP(K) =   299.41  PRESS =  -329.2
 Etot   =    -51544.4437  EKtot   =      9735.3008  EPtot      =    -61279.7444
 BOND   =       387.7917  ANGLE   =      1048.0553  DIHED      =       703.7616
 1-4 NB =       443.1289  1-4 EEL =      5629.3142  VDWAALS    =      6696.5648
 EELEC  =    -76191.1580  EHBOND  =         0.0000  RESTRAINT  =         2.7972
 EAMBER (non-restraint)  =    -61282.5416
 EKCMT  =      4067.8169  VIRIAL  =      5169.7330  VOLUME     =    155022.9257
                                                    Density    =         1.0422
 ------------------------------------------------------------------------------

wrapping first mol.:       19.53979       27.63344       47.86252
wrapping first mol.:       19.53979       27.63344       47.86252

 NSTEP =    22500   TIME(PS) =    5945.000  TEMP(K) =   300.41  PRESS =  -122.7
 Etot   =    -51543.1384  EKtot   =      9768.0625  EPtot      =    -61311.2009
 BOND   =       415.4043  ANGLE   =      1022.4266  DIHED      =       711.8811
 1-4 NB =       457.0933  1-4 EEL =      5665.6335  VDWAALS    =      6789.5811
 EELEC  =    -76376.1563  EHBOND  =         0.0000  RESTRAINT  =         2.9354
 EAMBER (non-restraint)  =    -61314.1363
 EKCMT  =      4084.0000  VIRIAL  =      4494.9628  VOLUME     =    155062.3873
                                                    Density    =         1.0419
 ------------------------------------------------------------------------------

wrapping first mol.:       19.57369       27.68138       47.94556
wrapping first mol.:       19.57369       27.68138       47.94556

 NSTEP =    23000   TIME(PS) =    5946.000  TEMP(K) =   302.59  PRESS =   -40.5
 Etot   =    -51288.0592  EKtot   =      9838.9951  EPtot      =    -61127.0543
 BOND   =       385.2170  ANGLE   =      1084.1783  DIHED      =       695.4241
 1-4 NB =       458.4167  1-4 EEL =      5650.6677  VDWAALS    =      6745.6405
 EELEC  =    -76149.2754  EHBOND  =         0.0000  RESTRAINT  =         2.6766
 EAMBER (non-restraint)  =    -61129.7309
 EKCMT  =      4159.3741  VIRIAL  =      4295.8321  VOLUME     =    155869.7056
                                                    Density    =         1.0365
 ------------------------------------------------------------------------------

wrapping first mol.:       19.55365       27.65304       47.89646
wrapping first mol.:       19.55365       27.65304       47.89646

 NSTEP =    23500   TIME(PS) =    5947.000  TEMP(K) =   304.84  PRESS =   352.9
 Etot   =    -51270.0485  EKtot   =      9911.9736  EPtot      =    -61182.0222
 BOND   =       400.4166  ANGLE   =      1038.0153  DIHED      =       709.8113
 1-4 NB =       458.9669  1-4 EEL =      5645.3786  VDWAALS    =      6904.5936
 EELEC  =    -76341.8762  EHBOND  =         0.0000  RESTRAINT  =         2.6717
 EAMBER (non-restraint)  =    -61184.6939
 EKCMT  =      4224.4167  VIRIAL  =      3040.3614  VOLUME     =    155385.8940
                                                    Density    =         1.0398
 ------------------------------------------------------------------------------

wrapping first mol.:       19.55539       27.65550       47.90072
wrapping first mol.:       19.55539       27.65550       47.90072

 NSTEP =    24000   TIME(PS) =    5948.000  TEMP(K) =   296.45  PRESS =  -250.1
 Etot   =    -51385.8208  EKtot   =      9639.2695  EPtot      =    -61025.0904
 BOND   =       422.5006  ANGLE   =      1084.3929  DIHED      =       714.8810
 1-4 NB =       458.5174  1-4 EEL =      5705.8961  VDWAALS    =      6703.4023
 EELEC  =    -76117.2160  EHBOND  =         0.0000  RESTRAINT  =         2.5352
 EAMBER (non-restraint)  =    -61027.6256
 EKCMT  =      4109.3516  VIRIAL  =      4948.5523  VOLUME     =    155435.7021
                                                    Density    =         1.0394
 ------------------------------------------------------------------------------

wrapping first mol.:       19.55942       27.66120       47.91059
wrapping first mol.:       19.55942       27.66120       47.91059

 NSTEP =    24500   TIME(PS) =    5949.000  TEMP(K) =   299.54  PRESS =   -52.2
 Etot   =    -51234.0055  EKtot   =      9739.7783  EPtot      =    -60973.7838
 BOND   =       397.0883  ANGLE   =      1092.3546  DIHED      =       707.0105
 1-4 NB =       463.2920  1-4 EEL =      5633.7615  VDWAALS    =      6688.4094
 EELEC  =    -75958.7830  EHBOND  =         0.0000  RESTRAINT  =         3.0828
 EAMBER (non-restraint)  =    -60976.8666
 EKCMT  =      4104.6789  VIRIAL  =      4280.0533  VOLUME     =    155529.1069
                                                    Density    =         1.0388
 ------------------------------------------------------------------------------

wrapping first mol.:       19.55672       27.65738       47.90399
wrapping first mol.:       19.55672       27.65738       47.90399

 NSTEP =    25000   TIME(PS) =    5950.000  TEMP(K) =   298.42  PRESS =   -78.3
 Etot   =    -51384.9641  EKtot   =      9703.3018  EPtot      =    -61088.2659
 BOND   =       393.3907  ANGLE   =      1027.9801  DIHED      =       695.3751
 1-4 NB =       476.7150  1-4 EEL =      5684.3358  VDWAALS    =      6807.1270
 EELEC  =    -76176.4932  EHBOND  =         0.0000  RESTRAINT  =         3.3037
 EAMBER (non-restraint)  =    -61091.5695
 EKCMT  =      4045.3144  VIRIAL  =      4308.1469  VOLUME     =    155465.1411
                                                    Density    =         1.0392
 ------------------------------------------------------------------------------

wrapping first mol.:       19.56246       27.66550       47.91805
wrapping first mol.:       19.56246       27.66550       47.91805

 NSTEP =    25500   TIME(PS) =    5951.000  TEMP(K) =   303.95  PRESS =   -23.0
 Etot   =    -51089.0140  EKtot   =      9883.0811  EPtot      =    -60972.0951
 BOND   =       436.2701  ANGLE   =      1019.6959  DIHED      =       709.3191
 1-4 NB =       460.2988  1-4 EEL =      5658.1123  VDWAALS    =      6756.6630
 EELEC  =    -76016.2178  EHBOND  =         0.0000  RESTRAINT  =         3.7635
 EAMBER (non-restraint)  =    -60975.8586
 EKCMT  =      4174.2749  VIRIAL  =      4251.5869  VOLUME     =    155601.3464
                                                    Density    =         1.0383
 ------------------------------------------------------------------------------

wrapping first mol.:       19.54787       27.64486       47.88229
wrapping first mol.:       19.54787       27.64486       47.88229

 NSTEP =    26000   TIME(PS) =    5952.000  TEMP(K) =   301.03  PRESS =   -22.6
 Etot   =    -51332.1422  EKtot   =      9788.2480  EPtot      =    -61120.3903
 BOND   =       399.1702  ANGLE   =      1058.8687  DIHED      =       706.1144
 1-4 NB =       469.1354  1-4 EEL =      5634.4361  VDWAALS    =      6857.5619
 EELEC  =    -76249.5101  EHBOND  =         0.0000  RESTRAINT  =         3.8331
 EAMBER (non-restraint)  =    -61124.2233
 EKCMT  =      4135.2842  VIRIAL  =      4211.1412  VOLUME     =    155253.2165
                                                    Density    =         1.0406
 ------------------------------------------------------------------------------

wrapping first mol.:       19.56612       27.67068       47.92701
wrapping first mol.:       19.56612       27.67068       47.92701

 NSTEP =    26500   TIME(PS) =    5953.000  TEMP(K) =   298.82  PRESS =     3.7
 Etot   =    -51363.4832  EKtot   =      9716.2754  EPtot      =    -61079.7586
 BOND   =       393.2141  ANGLE   =      1017.3594  DIHED      =       693.1186
 1-4 NB =       468.6680  1-4 EEL =      5648.4669  VDWAALS    =      6769.8300
 EELEC  =    -76074.4639  EHBOND  =         0.0000  RESTRAINT  =         4.0481
 EAMBER (non-restraint)  =    -61083.8068
 EKCMT  =      4075.3343  VIRIAL  =      4062.8193  VOLUME     =    155688.2802
                                                    Density    =         1.0377
 ------------------------------------------------------------------------------

wrapping first mol.:       19.55135       27.64978       47.89082
wrapping first mol.:       19.55135       27.64978       47.89082

 NSTEP =    27000   TIME(PS) =    5954.000  TEMP(K) =   298.48  PRESS =   177.5
 Etot   =    -51393.7089  EKtot   =      9705.3076  EPtot      =    -61099.0166
 BOND   =       405.5991  ANGLE   =      1037.2715  DIHED      =       698.2567
 1-4 NB =       462.6420  1-4 EEL =      5662.3387  VDWAALS    =      6781.5040
 EELEC  =    -76150.4412  EHBOND  =         0.0000  RESTRAINT  =         3.8128
 EAMBER (non-restraint)  =    -61102.8293
 EKCMT  =      4054.9396  VIRIAL  =      3459.7164  VOLUME     =    155333.3982
                                                    Density    =         1.0401
 ------------------------------------------------------------------------------

wrapping first mol.:       19.54485       27.64059       47.87490
wrapping first mol.:       19.54485       27.64059       47.87490

 NSTEP =    27500   TIME(PS) =    5955.000  TEMP(K) =   298.48  PRESS =    -1.8
 Etot   =    -51550.9009  EKtot   =      9705.2148  EPtot      =    -61256.1157
 BOND   =       390.5524  ANGLE   =      1047.0720  DIHED      =       707.9580
 1-4 NB =       451.7155  1-4 EEL =      5636.5531  VDWAALS    =      6822.8540
 EELEC  =    -76316.4963  EHBOND  =         0.0000  RESTRAINT  =         3.6756
 EAMBER (non-restraint)  =    -61259.7914
 EKCMT  =      4067.8597  VIRIAL  =      4074.0413  VOLUME     =    155181.0814
                                                    Density    =         1.0411
 ------------------------------------------------------------------------------

wrapping first mol.:       19.54225       27.63691       47.86853
wrapping first mol.:       19.54225       27.63691       47.86853

 NSTEP =    28000   TIME(PS) =    5956.000  TEMP(K) =   303.14  PRESS =   -79.0
 Etot   =    -51297.1832  EKtot   =      9856.8291  EPtot      =    -61154.0123
 BOND   =       398.5428  ANGLE   =      1046.1579  DIHED      =       708.4154
 1-4 NB =       451.5288  1-4 EEL =      5631.8359  VDWAALS    =      6863.3924
 EELEC  =    -76257.3658  EHBOND  =         0.0000  RESTRAINT  =         3.4802
 EAMBER (non-restraint)  =    -61157.4925
 EKCMT  =      4093.8492  VIRIAL  =      4358.3327  VOLUME     =    155120.1988
                                                    Density    =         1.0415
 ------------------------------------------------------------------------------

wrapping first mol.:       19.55740       27.65834       47.90564
wrapping first mol.:       19.55740       27.65834       47.90564

 NSTEP =    28500   TIME(PS) =    5957.000  TEMP(K) =   300.82  PRESS =    77.6
 Etot   =    -51191.6076  EKtot   =      9781.1963  EPtot      =    -60972.8039
 BOND   =       403.0968  ANGLE   =      1115.8754  DIHED      =       728.4501
 1-4 NB =       451.1805  1-4 EEL =      5665.9594  VDWAALS    =      6827.4680
 EELEC  =    -76168.8039  EHBOND  =         0.0000  RESTRAINT  =         3.9697
 EAMBER (non-restraint)  =    -60976.7736
 EKCMT  =      4075.0661  VIRIAL  =      3814.5566  VOLUME     =    155479.0618
                                                    Density    =         1.0391
 ------------------------------------------------------------------------------

wrapping first mol.:       19.55653       27.65710       47.90350
wrapping first mol.:       19.55653       27.65710       47.90350

 NSTEP =    29000   TIME(PS) =    5958.000  TEMP(K) =   298.48  PRESS =  -111.4
 Etot   =    -51488.8418  EKtot   =      9705.0498  EPtot      =    -61193.8916
 BOND   =       418.3182  ANGLE   =      1049.3840  DIHED      =       715.9788
 1-4 NB =       467.2225  1-4 EEL =      5650.0468  VDWAALS    =      6878.3163
 EELEC  =    -76377.2220  EHBOND  =         0.0000  RESTRAINT  =         4.0639
 EAMBER (non-restraint)  =    -61197.9555
 EKCMT  =      4021.1422  VIRIAL  =      4395.2192  VOLUME     =    155460.8768
                                                    Density    =         1.0393
 ------------------------------------------------------------------------------

wrapping first mol.:       19.54835       27.64554       47.88347
wrapping first mol.:       19.54835       27.64554       47.88347

 NSTEP =    29500   TIME(PS) =    5959.000  TEMP(K) =   296.66  PRESS =   -34.2
 Etot   =    -51436.5542  EKtot   =      9646.0703  EPtot      =    -61082.6245
 BOND   =       391.0355  ANGLE   =      1059.8320  DIHED      =       705.9013
 1-4 NB =       456.6380  1-4 EEL =      5673.5398  VDWAALS    =      6787.1589
 EELEC  =    -76160.3836  EHBOND  =         0.0000  RESTRAINT  =         3.6536
 EAMBER (non-restraint)  =    -61086.2781
 EKCMT  =      4017.8378  VIRIAL  =      4132.3222  VOLUME     =    155264.8406
                                                    Density    =         1.0406
 ------------------------------------------------------------------------------

wrapping first mol.:       19.54444       27.64001       47.87389
wrapping first mol.:       19.54444       27.64001       47.87389

 NSTEP =    30000   TIME(PS) =    5960.000  TEMP(K) =   303.49  PRESS =   -84.2
 Etot   =    -51108.0631  EKtot   =      9868.2539  EPtot      =    -60976.3170
 BOND   =       420.1081  ANGLE   =      1049.1970  DIHED      =       720.6227
 1-4 NB =       467.4495  1-4 EEL =      5683.2056  VDWAALS    =      6695.2667
 EELEC  =    -76016.5157  EHBOND  =         0.0000  RESTRAINT  =         4.3491
 EAMBER (non-restraint)  =    -60980.6661
 EKCMT  =      4105.3274  VIRIAL  =      4387.2873  VOLUME     =    155172.3873
                                                    Density    =         1.0412
 ------------------------------------------------------------------------------

wrapping first mol.:       19.54516       27.64103       47.87566
wrapping first mol.:       19.54516       27.64103       47.87566

 NSTEP =    30500   TIME(PS) =    5961.000  TEMP(K) =   304.20  PRESS =   -73.2
 Etot   =    -51157.4391  EKtot   =      9891.3525  EPtot      =    -61048.7917
 BOND   =       407.3911  ANGLE   =      1078.4317  DIHED      =       715.8852
 1-4 NB =       460.4843  1-4 EEL =      5633.3838  VDWAALS    =      6743.9737
 EELEC  =    -76093.1932  EHBOND  =         0.0000  RESTRAINT  =         4.8517
 EAMBER (non-restraint)  =    -61053.6434
 EKCMT  =      4160.9010  VIRIAL  =      4406.1175  VOLUME     =    155189.4468
                                                    Density    =         1.0411
 ------------------------------------------------------------------------------

wrapping first mol.:       19.56010       27.66216       47.91227
wrapping first mol.:       19.56010       27.66216       47.91227

 NSTEP =    31000   TIME(PS) =    5962.000  TEMP(K) =   300.57  PRESS =    -4.4
 Etot   =    -51428.7279  EKtot   =      9773.0156  EPtot      =    -61201.7435
 BOND   =       388.9313  ANGLE   =      1030.2451  DIHED      =       708.2319
 1-4 NB =       461.5428  1-4 EEL =      5652.8001  VDWAALS    =      6942.4990
 EELEC  =    -76391.0126  EHBOND  =         0.0000  RESTRAINT  =         5.0188
 EAMBER (non-restraint)  =    -61206.7624
 EKCMT  =      4078.7439  VIRIAL  =      4093.6204  VOLUME     =    155544.7602
                                                    Density    =         1.0387
 ------------------------------------------------------------------------------

wrapping first mol.:       19.55773       27.65881       47.90646
wrapping first mol.:       19.55773       27.65881       47.90646

 NSTEP =    31500   TIME(PS) =    5963.000  TEMP(K) =   299.57  PRESS =    55.3
 Etot   =    -51260.9052  EKtot   =      9740.6543  EPtot      =    -61001.5595
 BOND   =       427.7046  ANGLE   =      1021.5993  DIHED      =       712.4880
 1-4 NB =       455.9961  1-4 EEL =      5655.1351  VDWAALS    =      6763.5662
 EELEC  =    -76043.4941  EHBOND  =         0.0000  RESTRAINT  =         5.4454
 EAMBER (non-restraint)  =    -61007.0049
 EKCMT  =      4098.3406  VIRIAL  =      3912.7396  VOLUME     =    155487.3482
                                                    Density    =         1.0391
 ------------------------------------------------------------------------------

wrapping first mol.:       19.56271       27.66585       47.91866
wrapping first mol.:       19.56271       27.66585       47.91866

 NSTEP =    32000   TIME(PS) =    5964.000  TEMP(K) =   303.53  PRESS =   530.9
 Etot   =    -51243.9770  EKtot   =      9869.2559  EPtot      =    -61113.2329
 BOND   =       386.6063  ANGLE   =      1073.5707  DIHED      =       704.4858
 1-4 NB =       472.9689  1-4 EEL =      5627.4933  VDWAALS    =      6911.1640
 EELEC  =    -76295.4151  EHBOND  =         0.0000  RESTRAINT  =         5.8933
 EAMBER (non-restraint)  =    -61119.1262
 EKCMT  =      4211.2020  VIRIAL  =      2427.7012  VOLUME     =    155599.5581
                                                    Density    =         1.0383
 ------------------------------------------------------------------------------

wrapping first mol.:       19.55729       27.65818       47.90537
wrapping first mol.:       19.55729       27.65818       47.90537

 NSTEP =    32500   TIME(PS) =    5965.000  TEMP(K) =   295.73  PRESS =   118.7
 Etot   =    -51665.0316  EKtot   =      9615.8467  EPtot      =    -61280.8783
 BOND   =       396.0287  ANGLE   =      1040.7772  DIHED      =       708.9434
 1-4 NB =       465.7683  1-4 EEL =      5642.0407  VDWAALS    =      6875.3927
 EELEC  =    -76416.7017  EHBOND  =         0.0000  RESTRAINT  =         6.8723
 EAMBER (non-restraint)  =    -61287.7506
 EKCMT  =      4075.3057  VIRIAL  =      3676.9535  VOLUME     =    155475.8742
                                                    Density    =         1.0392
 ------------------------------------------------------------------------------

wrapping first mol.:       19.54934       27.64694       47.88591
wrapping first mol.:       19.54934       27.64694       47.88591

 NSTEP =    33000   TIME(PS) =    5966.000  TEMP(K) =   298.80  PRESS =    26.0
 Etot   =    -51587.3254  EKtot   =      9715.5293  EPtot      =    -61302.8547
 BOND   =       416.9118  ANGLE   =      1079.1488  DIHED      =       720.6952
 1-4 NB =       445.4315  1-4 EEL =      5615.4141  VDWAALS    =      6807.1780
 EELEC  =    -76394.8839  EHBOND  =         0.0000  RESTRAINT  =         7.2498
 EAMBER (non-restraint)  =    -61310.1044
 EKCMT  =      4071.2786  VIRIAL  =      3984.1010  VOLUME     =    155287.7251
                                                    Density    =         1.0404
 ------------------------------------------------------------------------------

wrapping first mol.:       19.55218       27.65096       47.89286
wrapping first mol.:       19.55218       27.65096       47.89286

 NSTEP =    33500   TIME(PS) =    5967.000  TEMP(K) =   298.33  PRESS =  -278.2
 Etot   =    -51492.2487  EKtot   =      9700.3486  EPtot      =    -61192.5974
 BOND   =       382.0439  ANGLE   =      1056.5252  DIHED      =       720.8420
 1-4 NB =       447.9194  1-4 EEL =      5624.0482  VDWAALS    =      6830.7031
 EELEC  =    -76261.6968  EHBOND  =         0.0000  RESTRAINT  =         7.0177
 EAMBER (non-restraint)  =    -61199.6150
 EKCMT  =      4094.0407  VIRIAL  =      5027.1944  VOLUME     =    155359.5746
                                                    Density    =         1.0399
 ------------------------------------------------------------------------------

wrapping first mol.:       19.54695       27.64356       47.88005
wrapping first mol.:       19.54695       27.64356       47.88005

 NSTEP =    34000   TIME(PS) =    5968.000  TEMP(K) =   298.48  PRESS =    18.3
 Etot   =    -51399.9974  EKtot   =      9705.2148  EPtot      =    -61105.2122
 BOND   =       435.9622  ANGLE   =      1081.9823  DIHED      =       722.3027
 1-4 NB =       446.9296  1-4 EEL =      5633.5135  VDWAALS    =      6819.7596
 EELEC  =    -76252.2573  EHBOND  =         0.0000  RESTRAINT  =         6.5953
 EAMBER (non-restraint)  =    -61111.8075
 EKCMT  =      4123.9144  VIRIAL  =      4062.5841  VOLUME     =    155230.9017
                                                    Density    =         1.0408
 ------------------------------------------------------------------------------

wrapping first mol.:       19.54453       27.64014       47.87412
wrapping first mol.:       19.54453       27.64014       47.87412

 NSTEP =    34500   TIME(PS) =    5969.000  TEMP(K) =   299.18  PRESS =   128.7
 Etot   =    -51325.8644  EKtot   =      9728.1104  EPtot      =    -61053.9748
 BOND   =       416.6873  ANGLE   =      1070.3097  DIHED      =       704.4587
 1-4 NB =       445.2735  1-4 EEL =      5626.9157  VDWAALS    =      6673.7158
 EELEC  =    -75997.5009  EHBOND  =         0.0000  RESTRAINT  =         6.1654
 EAMBER (non-restraint)  =    -61060.1402
 EKCMT  =      4089.9731  VIRIAL  =      3658.7067  VOLUME     =    155171.6734
                                                    Density    =         1.0412
 ------------------------------------------------------------------------------

wrapping first mol.:       19.55962       27.66148       47.91109
wrapping first mol.:       19.55962       27.66148       47.91109

 NSTEP =    35000   TIME(PS) =    5970.000  TEMP(K) =   301.87  PRESS =   279.2
 Etot   =    -51306.3543  EKtot   =      9815.4297  EPtot      =    -61121.7840
 BOND   =       377.1897  ANGLE   =      1073.1816  DIHED      =       716.2884
 1-4 NB =       464.7328  1-4 EEL =      5625.7180  VDWAALS    =      6893.4893
 EELEC  =    -76278.8469  EHBOND  =         0.0000  RESTRAINT  =         6.4631
 EAMBER (non-restraint)  =    -61128.2470
 EKCMT  =      4165.9250  VIRIAL  =      3228.5064  VOLUME     =    155529.3747
                                                    Density    =         1.0388
 ------------------------------------------------------------------------------

wrapping first mol.:       19.54691       27.64350       47.87995
wrapping first mol.:       19.54691       27.64350       47.87995

 NSTEP =    35500   TIME(PS) =    5971.000  TEMP(K) =   299.09  PRESS =    79.2
 Etot   =    -51365.2156  EKtot   =      9724.9775  EPtot      =    -61090.1932
 BOND   =       402.9375  ANGLE   =      1029.1326  DIHED      =       704.1454
 1-4 NB =       467.4330  1-4 EEL =      5652.3867  VDWAALS    =      6699.9972
 EELEC  =    -76053.4427  EHBOND  =         0.0000  RESTRAINT  =         7.2172
 EAMBER (non-restraint)  =    -61097.4103
 EKCMT  =      4095.9888  VIRIAL  =      3830.4876  VOLUME     =    155229.0220
                                                    Density    =         1.0408
 ------------------------------------------------------------------------------

wrapping first mol.:       19.55668       27.65732       47.90388
wrapping first mol.:       19.55668       27.65732       47.90388

 NSTEP =    36000   TIME(PS) =    5972.000  TEMP(K) =   300.88  PRESS =  -431.8
 Etot   =    -51391.2915  EKtot   =      9783.2051  EPtot      =    -61174.4966
 BOND   =       392.1364  ANGLE   =      1034.5016  DIHED      =       706.3005
 1-4 NB =       463.8334  1-4 EEL =      5683.9742  VDWAALS    =      6690.7439
 EELEC  =    -76153.3515  EHBOND  =         0.0000  RESTRAINT  =         7.3649
 EAMBER (non-restraint)  =    -61181.8615
 EKCMT  =      4109.7660  VIRIAL  =      5559.1259  VOLUME     =    155468.9811
                                                    Density    =         1.0392
 ------------------------------------------------------------------------------

wrapping first mol.:       19.56446       27.66832       47.92293
wrapping first mol.:       19.56446       27.66832       47.92293

 NSTEP =    36500   TIME(PS) =    5973.000  TEMP(K) =   297.11  PRESS =   175.5
 Etot   =    -51393.3510  EKtot   =      9660.5518  EPtot      =    -61053.9027
 BOND   =       379.7227  ANGLE   =      1050.1408  DIHED      =       722.0992
 1-4 NB =       465.4452  1-4 EEL =      5732.6755  VDWAALS    =      6835.5165
 EELEC  =    -76245.5470  EHBOND  =         0.0000  RESTRAINT  =         6.0443
 EAMBER (non-restraint)  =    -61059.9470
 EKCMT  =      4055.1537  VIRIAL  =      3465.3199  VOLUME     =    155646.0935
                                                    Density    =         1.0380
 ------------------------------------------------------------------------------

wrapping first mol.:       19.57215       27.67920       47.94178
wrapping first mol.:       19.57215       27.67920       47.94178

 NSTEP =    37000   TIME(PS) =    5974.000  TEMP(K) =   298.06  PRESS =   -97.9
 Etot   =    -51425.8918  EKtot   =      9691.5859  EPtot      =    -61117.4778
 BOND   =       374.1520  ANGLE   =      1100.9419  DIHED      =       726.8802
 1-4 NB =       469.5792  1-4 EEL =      5708.4001  VDWAALS    =      6816.5311
 EELEC  =    -76319.7665  EHBOND  =         0.0000  RESTRAINT  =         5.8044
 EAMBER (non-restraint)  =    -61123.2821
 EKCMT  =      3980.6908  VIRIAL  =      4310.0419  VOLUME     =    155833.6675
                                                    Density    =         1.0368
 ------------------------------------------------------------------------------

wrapping first mol.:       19.55653       27.65711       47.90351
wrapping first mol.:       19.55653       27.65711       47.90351

 NSTEP =    37500   TIME(PS) =    5975.000  TEMP(K) =   301.85  PRESS =  -149.3
 Etot   =    -51271.2582  EKtot   =      9814.7432  EPtot      =    -61086.0014
 BOND   =       402.7730  ANGLE   =      1100.6255  DIHED      =       699.5052
 1-4 NB =       450.7456  1-4 EEL =      5613.0205  VDWAALS    =      6775.8169
 EELEC  =    -76134.6228  EHBOND  =         0.0000  RESTRAINT  =         6.1347
 EAMBER (non-restraint)  =    -61092.1361
 EKCMT  =      4086.7275  VIRIAL  =      4588.0239  VOLUME     =    155461.4706
                                                    Density    =         1.0393
 ------------------------------------------------------------------------------

wrapping first mol.:       19.57840       27.68803       47.95707
wrapping first mol.:       19.57840       27.68803       47.95707

 NSTEP =    38000   TIME(PS) =    5976.000  TEMP(K) =   297.70  PRESS =  -120.8
 Etot   =    -51306.4350  EKtot   =      9679.9375  EPtot      =    -60986.3725
 BOND   =       421.4078  ANGLE   =      1066.0486  DIHED      =       702.3973
 1-4 NB =       450.0737  1-4 EEL =      5610.5973  VDWAALS    =      6810.3189
 EELEC  =    -76053.2628  EHBOND  =         0.0000  RESTRAINT  =         6.0467
 EAMBER (non-restraint)  =    -60992.4192
 EKCMT  =      4118.6742  VIRIAL  =      4525.3657  VOLUME     =    155983.1645
                                                    Density    =         1.0358
 ------------------------------------------------------------------------------

wrapping first mol.:       19.57710       27.68620       47.95390
wrapping first mol.:       19.57710       27.68620       47.95390

 NSTEP =    38500   TIME(PS) =    5977.000  TEMP(K) =   297.61  PRESS =   139.9
 Etot   =    -51506.2989  EKtot   =      9676.7988  EPtot      =    -61183.0977
 BOND   =       430.8709  ANGLE   =      1042.6514  DIHED      =       702.5875
 1-4 NB =       450.6136  1-4 EEL =      5634.5643  VDWAALS    =      6857.0224
 EELEC  =    -76306.9650  EHBOND  =         0.0000  RESTRAINT  =         5.5571
 EAMBER (non-restraint)  =    -61188.6548
 EKCMT  =      4001.3788  VIRIAL  =      3530.2293  VOLUME     =    155948.5516
                                                    Density    =         1.0360
 ------------------------------------------------------------------------------

wrapping first mol.:       19.57386       27.68161       47.94595
wrapping first mol.:       19.57386       27.68161       47.94595

 NSTEP =    39000   TIME(PS) =    5978.000  TEMP(K) =   298.26  PRESS =   -87.2
 Etot   =    -51376.0663  EKtot   =      9698.0439  EPtot      =    -61074.1103
 BOND   =       383.7633  ANGLE   =      1039.1932  DIHED      =       716.0146
 1-4 NB =       459.8711  1-4 EEL =      5658.3271  VDWAALS    =      6733.9043
 EELEC  =    -76070.8625  EHBOND  =         0.0000  RESTRAINT  =         5.6786
 EAMBER (non-restraint)  =    -61079.7889
 EKCMT  =      4116.0281  VIRIAL  =      4409.5302  VOLUME     =    155874.2094
                                                    Density    =         1.0365
 ------------------------------------------------------------------------------

wrapping first mol.:       19.59853       27.71650       48.00639
wrapping first mol.:       19.59853       27.71650       48.00639

 NSTEP =    39500   TIME(PS) =    5979.000  TEMP(K) =   302.37  PRESS =   492.0
 Etot   =    -51206.5801  EKtot   =      9831.8223  EPtot      =    -61038.4024
 BOND   =       395.5825  ANGLE   =      1051.9534  DIHED      =       708.0541
 1-4 NB =       457.4517  1-4 EEL =      5683.8301  VDWAALS    =      6922.6423
 EELEC  =    -76262.7980  EHBOND  =         0.0000  RESTRAINT  =         4.8817
 EAMBER (non-restraint)  =    -61043.2840
 EKCMT  =      4079.2275  VIRIAL  =      2417.3287  VOLUME     =    156456.3125
                                                    Density    =         1.0326
 ------------------------------------------------------------------------------

wrapping first mol.:       19.59191       27.70714       47.99017
wrapping first mol.:       19.59191       27.70714       47.99017

 NSTEP =    40000   TIME(PS) =    5980.000  TEMP(K) =   301.16  PRESS =   103.9
 Etot   =    -51374.2816  EKtot   =      9792.4775  EPtot      =    -61166.7592
 BOND   =       372.7270  ANGLE   =      1040.7046  DIHED      =       707.5350
 1-4 NB =       457.7138  1-4 EEL =      5663.4601  VDWAALS    =      6975.6290
 EELEC  =    -76388.9113  EHBOND  =         0.0000  RESTRAINT  =         4.3827
 EAMBER (non-restraint)  =    -61171.1419
 EKCMT  =      4079.3133  VIRIAL  =      3728.6634  VOLUME     =    156303.2032
                                                    Density    =         1.0337
 ------------------------------------------------------------------------------

wrapping first mol.:       19.57826       27.68784       47.95675
wrapping first mol.:       19.57826       27.68784       47.95675

 NSTEP =    40500   TIME(PS) =    5981.000  TEMP(K) =   295.86  PRESS =   300.4
 Etot   =    -51470.3923  EKtot   =      9619.9941  EPtot      =    -61090.3864
 BOND   =       412.5006  ANGLE   =      1027.1270  DIHED      =       706.7447
 1-4 NB =       470.0081  1-4 EEL =      5641.8630  VDWAALS    =      7054.3807
 EELEC  =    -76407.0649  EHBOND  =         0.0000  RESTRAINT  =         4.0545
 EAMBER (non-restraint)  =    -61094.4409
 EKCMT  =      4058.7803  VIRIAL  =      3047.2430  VOLUME     =    155974.1158
                                                    Density    =         1.0358
 ------------------------------------------------------------------------------

wrapping first mol.:       19.58859       27.70245       47.98204
wrapping first mol.:       19.58859       27.70245       47.98204

 NSTEP =    41000   TIME(PS) =    5982.000  TEMP(K) =   298.98  PRESS =   406.9
 Etot   =    -51447.9605  EKtot   =      9721.5947  EPtot      =    -61169.5553
 BOND   =       391.5041  ANGLE   =      1016.6862  DIHED      =       681.9555
 1-4 NB =       473.8062  1-4 EEL =      5659.9791  VDWAALS    =      6961.3024
 EELEC  =    -76358.9421  EHBOND  =         0.0000  RESTRAINT  =         4.1533
 EAMBER (non-restraint)  =    -61173.7086
 EKCMT  =      4068.8860  VIRIAL  =      2696.3619  VOLUME     =    156219.5781
                                                    Density    =         1.0342
 ------------------------------------------------------------------------------

wrapping first mol.:       19.58851       27.70234       47.98186
wrapping first mol.:       19.58851       27.70234       47.98186

 NSTEP =    41500   TIME(PS) =    5983.000  TEMP(K) =   298.11  PRESS =   130.6
 Etot   =    -51507.7984  EKtot   =      9693.1074  EPtot      =    -61200.9058
 BOND   =       341.7661  ANGLE   =      1078.1259  DIHED      =       676.4313
 1-4 NB =       450.3427  1-4 EEL =      5670.7804  VDWAALS    =      6869.4036
 EELEC  =    -76291.5589  EHBOND  =         0.0000  RESTRAINT  =         3.8031
 EAMBER (non-restraint)  =    -61204.7089
 EKCMT  =      4031.0998  VIRIAL  =      3590.5770  VOLUME     =    156221.5957
                                                    Density    =         1.0342
 ------------------------------------------------------------------------------

wrapping first mol.:       19.56987       27.67597       47.93618
wrapping first mol.:       19.56987       27.67597       47.93618

 NSTEP =    42000   TIME(PS) =    5984.000  TEMP(K) =   299.99  PRESS =  -258.7
 Etot   =    -51384.3279  EKtot   =      9754.2373  EPtot      =    -61138.5652
 BOND   =       402.0074  ANGLE   =      1086.8101  DIHED      =       711.3707
 1-4 NB =       466.8400  1-4 EEL =      5650.7265  VDWAALS    =      6881.5174
 EELEC  =    -76341.6629  EHBOND  =         0.0000  RESTRAINT  =         3.8254
 EAMBER (non-restraint)  =    -61142.3907
 EKCMT  =      4146.4537  VIRIAL  =      5016.5491  VOLUME     =    155781.2876
                                                    Density    =         1.0371
 ------------------------------------------------------------------------------

wrapping first mol.:       19.59924       27.71752       48.00814
wrapping first mol.:       19.59924       27.71752       48.00814

 NSTEP =    42500   TIME(PS) =    5985.000  TEMP(K) =   297.16  PRESS =  -133.1
 Etot   =    -51400.3329  EKtot   =      9662.2090  EPtot      =    -61062.5419
 BOND   =       407.7780  ANGLE   =      1100.0233  DIHED      =       710.0465
 1-4 NB =       462.7995  1-4 EEL =      5646.5852  VDWAALS    =      6880.5057
 EELEC  =    -76273.7063  EHBOND  =         0.0000  RESTRAINT  =         3.4263
 EAMBER (non-restraint)  =    -61065.9681
 EKCMT  =      4034.9849  VIRIAL  =      4484.5210  VOLUME     =    156482.1697
                                                    Density    =         1.0325
 ------------------------------------------------------------------------------

wrapping first mol.:       19.58817       27.70185       47.98101
wrapping first mol.:       19.58817       27.70185       47.98101

 NSTEP =    43000   TIME(PS) =    5986.000  TEMP(K) =   296.56  PRESS =    77.9
 Etot   =    -51190.4412  EKtot   =      9642.8154  EPtot      =    -60833.2567
 BOND   =       405.9674  ANGLE   =      1062.7675  DIHED      =       714.5396
 1-4 NB =       461.0143  1-4 EEL =      5663.3955  VDWAALS    =      6714.3483
 EELEC  =    -75859.9614  EHBOND  =         0.0000  RESTRAINT  =         4.6722
 EAMBER (non-restraint)  =    -60837.9289
 EKCMT  =      4020.5011  VIRIAL  =      3757.8159  VOLUME     =    156214.0535
                                                    Density    =         1.0342
 ------------------------------------------------------------------------------

wrapping first mol.:       19.58206       27.69322       47.96606
wrapping first mol.:       19.58206       27.69322       47.96606

 NSTEP =    43500   TIME(PS) =    5987.000  TEMP(K) =   297.36  PRESS =    37.0
 Etot   =    -51240.3606  EKtot   =      9668.6299  EPtot      =    -60908.9905
 BOND   =       401.7002  ANGLE   =      1019.8222  DIHED      =       724.0462
 1-4 NB =       454.4474  1-4 EEL =      5715.6028  VDWAALS    =      6771.4291
 EELEC  =    -75999.4777  EHBOND  =         0.0000  RESTRAINT  =         3.4393
 EAMBER (non-restraint)  =    -60912.4298
 EKCMT  =      4044.7667  VIRIAL  =      3920.1764  VOLUME     =    156068.6480
                                                    Density    =         1.0352
 ------------------------------------------------------------------------------

wrapping first mol.:       19.59539       27.71206       47.99870
wrapping first mol.:       19.59539       27.71206       47.99870

 NSTEP =    44000   TIME(PS) =    5988.000  TEMP(K) =   302.60  PRESS =   150.2
 Etot   =    -51084.7415  EKtot   =      9839.1064  EPtot      =    -60923.8479
 BOND   =       431.2454  ANGLE   =      1027.7104  DIHED      =       711.7513
 1-4 NB =       464.7816  1-4 EEL =      5649.9858  VDWAALS    =      6797.7391
 EELEC  =    -76010.4374  EHBOND  =         0.0000  RESTRAINT  =         3.3760
 EAMBER (non-restraint)  =    -60927.2239
 EKCMT  =      4110.9330  VIRIAL  =      3603.7666  VOLUME     =    156385.8874
                                                    Density    =         1.0331
 ------------------------------------------------------------------------------

wrapping first mol.:       19.57913       27.68907       47.95887
wrapping first mol.:       19.57913       27.68907       47.95887

 NSTEP =    44500   TIME(PS) =    5989.000  TEMP(K) =   304.43  PRESS =   -20.8
 Etot   =    -51097.7168  EKtot   =      9898.6602  EPtot      =    -60996.3769
 BOND   =       405.3573  ANGLE   =      1042.6859  DIHED      =       697.1696
 1-4 NB =       460.0457  1-4 EEL =      5631.6641  VDWAALS    =      6751.8148
 EELEC  =    -75988.7479  EHBOND  =         0.0000  RESTRAINT  =         3.6336
 EAMBER (non-restraint)  =    -61000.0105
 EKCMT  =      4082.5474  VIRIAL  =      4152.5271  VOLUME     =    155999.2844
                                                    Density    =         1.0357
 ------------------------------------------------------------------------------

wrapping first mol.:       19.58322       27.69485       47.96888
wrapping first mol.:       19.58322       27.69485       47.96888

 NSTEP =    45000   TIME(PS) =    5990.000  TEMP(K) =   301.11  PRESS =    17.1
 Etot   =    -51271.3381  EKtot   =      9790.7480  EPtot      =    -61062.0861
 BOND   =       374.6506  ANGLE   =      1069.2222  DIHED      =       700.2672
 1-4 NB =       477.1257  1-4 EEL =      5648.5770  VDWAALS    =      6787.0760
 EELEC  =    -76122.6684  EHBOND  =         0.0000  RESTRAINT  =         3.6636
 EAMBER (non-restraint)  =    -61065.7497
 EKCMT  =      4132.1240  VIRIAL  =      4074.5780  VOLUME     =    156096.4752
                                                    Density    =         1.0350
 ------------------------------------------------------------------------------

wrapping first mol.:       19.57656       27.68544       47.95259
wrapping first mol.:       19.57656       27.68544       47.95259

 NSTEP =    45500   TIME(PS) =    5991.000  TEMP(K) =   297.93  PRESS =   213.0
 Etot   =    -51365.6197  EKtot   =      9687.2529  EPtot      =    -61052.8726
 BOND   =       393.1057  ANGLE   =      1076.5700  DIHED      =       701.0998
 1-4 NB =       461.7894  1-4 EEL =      5665.2936  VDWAALS    =      6977.8403
 EELEC  =    -76332.4695  EHBOND  =         0.0000  RESTRAINT  =         3.8981
 EAMBER (non-restraint)  =    -61056.7707
 EKCMT  =      4024.5385  VIRIAL  =      3307.2919  VOLUME     =    155934.7543
                                                    Density    =         1.0361
 ------------------------------------------------------------------------------

wrapping first mol.:       19.58593       27.69869       47.97554
wrapping first mol.:       19.58593       27.69869       47.97554

 NSTEP =    46000   TIME(PS) =    5992.000  TEMP(K) =   301.85  PRESS =    86.3
 Etot   =    -51118.7440  EKtot   =      9814.8135  EPtot      =    -60933.5574
 BOND   =       387.5107  ANGLE   =      1068.2891  DIHED      =       746.9363
 1-4 NB =       463.2109  1-4 EEL =      5684.8812  VDWAALS    =      6762.0115
 EELEC  =    -76050.7098  EHBOND  =         0.0000  RESTRAINT  =         4.3127
 EAMBER (non-restraint)  =    -60937.8702
 EKCMT  =      4130.7404  VIRIAL  =      3839.8751  VOLUME     =    156160.4859
                                                    Density    =         1.0346
 ------------------------------------------------------------------------------

wrapping first mol.:       19.58140       27.69228       47.96443
wrapping first mol.:       19.58140       27.69228       47.96443

 NSTEP =    46500   TIME(PS) =    5993.000  TEMP(K) =   295.03  PRESS =   350.9
 Etot   =    -51477.2952  EKtot   =      9592.8857  EPtot      =    -61070.1809
 BOND   =       396.2207  ANGLE   =      1065.9471  DIHED      =       703.3862
 1-4 NB =       453.5364  1-4 EEL =      5656.8859  VDWAALS    =      6948.6075
 EELEC  =    -76298.9640  EHBOND  =         0.0000  RESTRAINT  =         4.1993
 EAMBER (non-restraint)  =    -61074.3802
 EKCMT  =      3977.9988  VIRIAL  =      2795.6102  VOLUME     =    156048.4150
                                                    Density    =         1.0353
 ------------------------------------------------------------------------------

wrapping first mol.:       19.57477       27.68290       47.94819
wrapping first mol.:       19.57477       27.68290       47.94819

 NSTEP =    47000   TIME(PS) =    5994.000  TEMP(K) =   301.60  PRESS =    85.3
 Etot   =    -51349.7726  EKtot   =      9806.5664  EPtot      =    -61156.3390
 BOND   =       392.8491  ANGLE   =      1033.6308  DIHED      =       730.6854
 1-4 NB =       452.1113  1-4 EEL =      5621.9778  VDWAALS    =      6899.8119
 EELEC  =    -76291.6490  EHBOND  =         0.0000  RESTRAINT  =         4.2437
 EAMBER (non-restraint)  =    -61160.5827
 EKCMT  =      4085.1546  VIRIAL  =      3798.2040  VOLUME     =    155893.6153
                                                    Density    =         1.0364
 ------------------------------------------------------------------------------

wrapping first mol.:       19.56641       27.67108       47.92771
wrapping first mol.:       19.56641       27.67108       47.92771

 NSTEP =    47500   TIME(PS) =    5995.000  TEMP(K) =   296.80  PRESS =    56.1
 Etot   =    -51445.1940  EKtot   =      9650.6328  EPtot      =    -61095.8268
 BOND   =       419.9716  ANGLE   =      1018.0860  DIHED      =       689.8434
 1-4 NB =       459.2659  1-4 EEL =      5668.3053  VDWAALS    =      6854.1396
 EELEC  =    -76209.3621  EHBOND  =         0.0000  RESTRAINT  =         3.9235
 EAMBER (non-restraint)  =    -61099.7504
 EKCMT  =      3974.5251  VIRIAL  =      3786.0981  VOLUME     =    155694.3436
                                                    Density    =         1.0377
 ------------------------------------------------------------------------------

wrapping first mol.:       19.58899       27.70301       47.98302
wrapping first mol.:       19.58899       27.70301       47.98302

 NSTEP =    48000   TIME(PS) =    5996.000  TEMP(K) =   300.51  PRESS =  -150.0
 Etot   =    -51295.7756  EKtot   =      9771.2529  EPtot      =    -61067.0285
 BOND   =       403.6094  ANGLE   =      1076.6673  DIHED      =       725.2694
 1-4 NB =       435.3388  1-4 EEL =      5650.1349  VDWAALS    =      6793.1208
 EELEC  =    -76155.1839  EHBOND  =         0.0000  RESTRAINT  =         4.0149
 EAMBER (non-restraint)  =    -61071.0434
 EKCMT  =      4095.8388  VIRIAL  =      4601.8007  VOLUME     =    156236.8528
                                                    Density    =         1.0341
 ------------------------------------------------------------------------------

wrapping first mol.:       19.59026       27.70480       47.98612
wrapping first mol.:       19.59026       27.70480       47.98612

 NSTEP =    48500   TIME(PS) =    5997.000  TEMP(K) =   301.23  PRESS =    38.9
 Etot   =    -51232.0624  EKtot   =      9794.5186  EPtot      =    -61026.5810
 BOND   =       427.9292  ANGLE   =      1084.7554  DIHED      =       712.8879
 1-4 NB =       458.6677  1-4 EEL =      5643.1410  VDWAALS    =      6820.1505
 EELEC  =    -76178.4801  EHBOND  =         0.0000  RESTRAINT  =         4.3673
 EAMBER (non-restraint)  =    -61030.9483
 EKCMT  =      4140.1364  VIRIAL  =      4008.9733  VOLUME     =    156264.5695
                                                    Density    =         1.0339
 ------------------------------------------------------------------------------

wrapping first mol.:       19.57864       27.68838       47.95768
wrapping first mol.:       19.57864       27.68838       47.95768

 NSTEP =    49000   TIME(PS) =    5998.000  TEMP(K) =   306.10  PRESS =  -475.3
 Etot   =    -51155.6572  EKtot   =      9952.8115  EPtot      =    -61108.4687
 BOND   =       406.0059  ANGLE   =      1024.6914  DIHED      =       704.5208
 1-4 NB =       459.7155  1-4 EEL =      5685.2768  VDWAALS    =      6603.3920
 EELEC  =    -75996.3825  EHBOND  =         0.0000  RESTRAINT  =         4.3114
 EAMBER (non-restraint)  =    -61112.7801
 EKCMT  =      4200.5777  VIRIAL  =      5801.5445  VOLUME     =    155994.0300
                                                    Density    =         1.0357
 ------------------------------------------------------------------------------

wrapping first mol.:       19.57019       27.67643       47.93698
wrapping first mol.:       19.57019       27.67643       47.93698

 NSTEP =    49500   TIME(PS) =    5999.000  TEMP(K) =   298.55  PRESS =   -50.8
 Etot   =    -51490.3353  EKtot   =      9707.3398  EPtot      =    -61197.6751
 BOND   =       394.2147  ANGLE   =      1037.3138  DIHED      =       715.4364
 1-4 NB =       460.5989  1-4 EEL =      5672.6127  VDWAALS    =      6894.3682
 EELEC  =    -76376.2278  EHBOND  =         0.0000  RESTRAINT  =         4.0080
 EAMBER (non-restraint)  =    -61201.6831
 EKCMT  =      4089.6752  VIRIAL  =      4260.5918  VOLUME     =    155786.1985
                                                    Density    =         1.0371
 ------------------------------------------------------------------------------

wrapping first mol.:       19.57103       27.67761       47.93902
wrapping first mol.:       19.57103       27.67761       47.93902

 NSTEP =    50000   TIME(PS) =    6000.000  TEMP(K) =   298.32  PRESS =   148.6
 Etot   =    -51268.2897  EKtot   =      9699.8838  EPtot      =    -60968.1735
 BOND   =       423.3562  ANGLE   =      1113.2652  DIHED      =       701.7999
 1-4 NB =       463.6338  1-4 EEL =      5645.4544  VDWAALS    =      6860.7811
 EELEC  =    -76180.6055  EHBOND  =         0.0000  RESTRAINT  =         4.1414
 EAMBER (non-restraint)  =    -60972.3149
 EKCMT  =      4047.1155  VIRIAL  =      3547.1469  VOLUME     =    155803.3190
                                                    Density    =         1.0370
 ------------------------------------------------------------------------------


      A V E R A G E S   O V E R     100 S T E P S


 NSTEP =    50000   TIME(PS) =    6000.000  TEMP(K) =   300.12  PRESS =    18.7
 Etot   =    -51338.8055  EKtot   =      9758.6093  EPtot      =    -61097.4148
 BOND   =       404.6047  ANGLE   =      1055.5231  DIHED      =       707.8828
 1-4 NB =       458.1637  1-4 EEL =      5650.5354  VDWAALS    =      6804.8062
 EELEC  =    -76182.8370  EHBOND  =         0.0000  RESTRAINT  =         3.9062
 EAMBER (non-restraint)  =    -61101.3211
 EKCMT  =      4091.8690  VIRIAL  =      4028.7476  VOLUME     =    155635.8210
                                                    Density    =         1.0381
 ------------------------------------------------------------------------------


      R M S  F L U C T U A T I O N S


 NSTEP =    50000   TIME(PS) =    6000.000  TEMP(K) =     2.44  PRESS =   193.7
 Etot   =       140.2015  EKtot   =        79.2919  EPtot      =       107.5792
 BOND   =        18.6138  ANGLE   =        27.5369  DIHED      =        11.6300
 1-4 NB =         9.2064  1-4 EEL =        29.0377  VDWAALS    =       108.2309
 EELEC  =       168.8070  EHBOND  =         0.0000  RESTRAINT  =         1.2636
 EAMBER (non-restraint)  =       106.3156
 EKCMT  =        48.5708  VIRIAL  =       654.5392  VOLUME     =       372.4353
                                                    Density    =         0.0025
 ------------------------------------------------------------------------------

--------------------------------------------------------------------------------
   5.  TIMINGS
--------------------------------------------------------------------------------

|  NonSetup CPU Time in Major Routines:
|
|     Routine           Sec        %
|     ------------------------------
|     Nonbond          72.31   83.32
|     Bond              0.00    0.00
|     Angle             0.00    0.00
|     Dihedral          0.00    0.00
|     Shake             0.26    0.30
|     RunMD            14.13   16.28
|     Other             0.09    0.11
|     ------------------------------
|     Total            86.80

|  PME Nonbond Pairlist CPU Time:
|
|     Routine              Sec        %
|     ---------------------------------
|     Set Up Cit           0.00    0.00
|     Build List           0.00    0.00
|     ---------------------------------
|     Total                0.00    0.00

|  PME Direct Force CPU Time:
|
|     Routine              Sec        %
|     ---------------------------------
|     NonBonded Calc       0.00    0.00
|     Exclude Masked       0.00    0.00
|     Other                0.06    0.07
|     ---------------------------------
|     Total                0.06    0.07

|  PME Reciprocal Force CPU Time:
|
|     Routine              Sec        %
|     ---------------------------------
|     1D bspline           0.00    0.00
|     Grid Charges         0.00    0.00
|     Scalar Sum           0.00    0.00
|     Gradient Sum         0.00    0.00
|     FFT                  0.00    0.00
|     ---------------------------------
|     Total                0.00    0.00

|  Final Performance Info:
|     -----------------------------------------------------
|     Average timings for last   15000 steps:
|     Elapsed(s) =      26.03 Per Step(ms) =       1.74
|         ns/day =      99.59   seconds/ns =     867.55
|
|     Average timings for all steps:
|     Elapsed(s) =      86.78 Per Step(ms) =       1.74
|         ns/day =      99.56   seconds/ns =     867.83
|     -----------------------------------------------------

|  Setup CPU time:            0.63 seconds
|  NonSetup CPU time:        86.80 seconds
|  Total CPU time:           87.43 seconds     0.02 hours

|  Setup wall time:           0    seconds
|  NonSetup wall time:       87    seconds
|  Total wall time:          87    seconds     0.02 hours
