
          -------------------------------------------------------
          Amber 18 PMEMD                              2018
          -------------------------------------------------------

| PMEMD implementation of SANDER, Release 18

| Run on 09/29/2019 at 23:52:36

|   Executable path: pmemd.cuda
| Working directory: /home/pbarletta/lbp/run/2ifb/mhe/e
|          Hostname: Unknown
  [-O]verwriting output

File Assignments:
|   MDIN: 62equ.in                                                              
|  MDOUT: 62equ.out                                                             
| INPCRD: 61e2ifb.rst7                                                          
|   PARM: /home/pbarletta/lbp/top_files/2ifb.prmtop                             
| RESTRT: 62e2ifb.rst7                                                          
|   REFC: 61e2ifb.rst7                                                          
|  MDVEL: mdvel                                                                 
|   MDEN: mden                                                                  
|  MDCRD: 62e2ifb.nc                                                            
| MDINFO: mdinfo                                                                
|  MDFRC: mdfrc                                                                 


 Here is the input file:

Equilibration with solute restrictions                                         
&cntrl                                                                         
imin = 0,                           ! No Minimization                          
nmropt = 0,                         ! No NMR restraints read                   
                                                                               
! Nature and format of the input                                               
ntx = 5,                            ! Coordinates but no velocities will be rea
irest = 1,                          ! Do not run a new simulation              
                                                                               
! Nature and format of the output                                              
ntxo = 1,                           ! rstrt file in ASCII format               
ntpr = 500,                         ! inf in output every ntpr steps           
ntwr = 500,                         ! rstrt file every ntwr steps              
ntwx = 500,                         ! mdcrd file every ntwx steps              
ntwv = 0,                           ! mdvel without velocities                 
ntwe = 0,                           ! Do not write energies and temperatures   
idecomp = 0,                        ! No energy decomposition                  
iwrap = 1,                          ! Coordinates of the restart and mdcrd file
                                                                               
! Frozen or restrained atoms                                                   
ibelly = 0,                         ! No frozen atoms                          
ntr=1,                              ! Harmonic potential restraints            
restraint_wt = 0.006,                ! The weight for the positional restraints
restraintmask = ':1-131@N,CA,C,O',  ! restrained residues                      
                                                                               
! Molecular dynamics                                                           
nstlim = 50000,                     ! Number of MD-steps                       
dt = 0.002,                         ! Time step                                
                                                                               
! Temperature regulation                                                       
ntt = 3,                            ! Langevin thermostat                      
gamma_ln = 5,                       ! Gamma constant for Langevin              
temp0 = 300.0,                      ! Reference T at which the system is to be 
tempi = 300.0,                      ! Initial T                                
ig = -1,                            ! Seed for the RNG                         
                                                                               
! P and V regulation                                                           
ntp = 1,                            ! constant P                               
barostat = 1,                       ! Berendsen barostat                       
taup = 1,                           ! Pressure relaxation time                 
ntb = 2,                            ! Periodic box for constant P              
                                                                               
! SHAKE variables                                                              
ntc = 2,                            ! Bonds involving H are constrained        
ntf = 2,                            ! Bond interaction involving H are ommited.
                                                                               
cut = 10.0,                         ! Nonbonded cutoff                         
/                                                                              
&end                                                                           


Note: ig = -1. Setting random seed to   519272 based on wallclock time in 
      microseconds.
| irandom = 1, using AMBER's internal random number generator (default).
 
|--------------------- INFORMATION ----------------------
| GPU (CUDA) Version of PMEMD in use: NVIDIA GPU IN USE.
|                    Version 18.0.0
| 
|                      03/25/2018
| 
| Implementation by:
|                    Ross C. Walker     (SDSC)
|                    Scott Le Grand     (nVIDIA)
| 
| Version 18 performance extensions by:
|                    David Cerutti     (Rutgers)
| 
| Precision model in use:
|      [SPFP] - Single Precision Forces, 64-bit Fixed Point
|               Accumulation. (Default)
| 
|--------------------------------------------------------
 
|----------------- CITATION INFORMATION -----------------
|
|    When publishing work that utilized the CUDA version
|    of AMBER, please cite the following in addition to
|    the regular AMBER citations:
|
|  - Romelia Salomon-Ferrer; Andreas W. Goetz; Duncan
|    Poole; Scott Le Grand; Ross C. Walker "Routine
|    microsecond molecular dynamics simulations with
|    AMBER - Part II: Particle Mesh Ewald", J. Chem.
|    Theory Comput., 2013, 9 (9), pp3878-3888,
|    DOI: 10.1021/ct400314y.
|
|  - Andreas W. Goetz; Mark J. Williamson; Dong Xu;
|    Duncan Poole; Scott Le Grand; Ross C. Walker
|    "Routine microsecond molecular dynamics simulations
|    with AMBER - Part I: Generalized Born", J. Chem.
|    Theory Comput., 2012, 8 (5), pp1542-1555.
|
|  - Scott Le Grand; Andreas W. Goetz; Ross C. Walker
|    "SPFP: Speed without compromise - a mixed precision
|    model for GPU accelerated molecular dynamics
|    simulations.", Comp. Phys. Comm., 2013, 184
|    pp374-380, DOI: 10.1016/j.cpc.2012.09.022
|
|--------------------------------------------------------
 
|------------------- GPU DEVICE INFO --------------------
|
|            CUDA_VISIBLE_DEVICES: 1
|   CUDA Capable Devices Detected:      1
|           CUDA Device ID in use:      0
|                CUDA Device Name: GeForce GTX 1060 6GB
|     CUDA Device Global Mem Size:   6078 MB
| CUDA Device Num Multiprocessors:     10
|           CUDA Device Core Freq:   1.76 GHz
|
|--------------------------------------------------------
 
 
| Conditional Compilation Defines Used:
| PUBFFT
| BINTRAJ
| CUDA
| EMIL

| Largest sphere to fit in unit cell has radius =    23.952

| New format PARM file being parsed.
| Version =    1.000 Date = 09/29/19 Time = 21:53:24

| Note: 1-4 EEL scale factors are being read from the topology file.

| Note: 1-4 VDW scale factors are being read from the topology file.
| Duplicated    0 dihedrals

| Duplicated    0 dihedrals

--------------------------------------------------------------------------------
   1.  RESOURCE   USE: 
--------------------------------------------------------------------------------

 getting new box info from bottom of inpcrd
 NATOM  =   20379 NTYPES =      17 NBONH =   14750 MBONA  =    5644
 NTHETH =    2483 MTHETA =    1455 NPHIH =    4974 MPHIA  =    4548
 NHPARM =       0 NPARM  =       0 NNB   =   43788 NRES   =    4686
 NBONA  =    5644 NTHETA =    1455 NPHIA =    4548 NUMBND =      77
 NUMANG =     166 NPTRA  =     185 NATYP =      42 NPHB   =       1
 IFBOX  =       2 NMXRS  =      50 IFCAP =       0 NEXTRA =    4554
 NCOPY  =       0

| Coordinate Index Table dimensions:     9    9    9
| Direct force subcell size =     6.5188    6.5188    6.5188

     BOX TYPE: TRUNCATED OCTAHEDRON

--------------------------------------------------------------------------------
   2.  CONTROL  DATA  FOR  THE  RUN
--------------------------------------------------------------------------------

default_name                                                                    

General flags:
     imin    =       0, nmropt  =       0

Nature and format of input:
     ntx     =       5, irest   =       1, ntrx    =       1

Nature and format of output:
     ntxo    =       1, ntpr    =     500, ntrx    =       1, ntwr    =     500
     iwrap   =       1, ntwx    =     500, ntwv    =       0, ntwe    =       0
     ioutfm  =       1, ntwprt  =       0, idecomp =       0, rbornstat=      0

Potential function:
     ntf     =       2, ntb     =       2, igb     =       0, nsnb    =      25
     ipol    =       0, gbsa    =       0, iesp    =       0
     dielc   =   1.00000, cut     =  10.00000, intdiel =   1.00000

Frozen or restrained atoms:
     ibelly  =       0, ntr     =       1
     restraint_wt =   0.00600

Molecular dynamics:
     nstlim  =     50000, nscm    =         0, nrespa  =         1
     t       =   0.00000, dt      =   0.00200, vlimit  =  -1.00000

Langevin dynamics temperature regulation:
     ig      =  519272
     temp0   = 300.00000, tempi   = 300.00000, gamma_ln=   5.00000

Pressure regulation:
     ntp     =       1
     pres0   =   1.00000, comp    =  44.60000, taup    =   1.00000

SHAKE:
     ntc     =       2, jfastw  =       0
     tol     =   0.00001

| Intermolecular bonds treatment:
|     no_intermolecular_bonds =       1

| Energy averages sample interval:
|     ene_avg_sampling =     500

Extra-points options:
     frameon =       1, chngmask=       1

Ewald parameters:
     verbose =       0, ew_type =       0, nbflag  =       1, use_pme =       1
     vdwmeth =       1, eedmeth =       1, netfrc  =       1
     Box X =   58.670   Box Y =   58.670   Box Z =   58.670
     Alpha =  109.471   Beta  =  109.471   Gamma =  109.471
     NFFT1 =   64       NFFT2 =   64       NFFT3 =   64
     Cutoff=   10.000   Tol   =0.100E-04
     Ewald Coefficient =  0.27511
     Interpolation order =    4

    LOADING THE CONSTRAINED ATOMS AS GROUPS


   5.  REFERENCE ATOM COORDINATES

  default_name                                                                    
     Mask :1-131@N,CA,C,O; matches   524 atoms
|      EXTRA_PTS, trim_bonds: num bonds BEFORE trim = 14750     0
|      EXTRA_PTS, trim_bonds: num bonds AFTER  trim = 14750     0
|      EXTRA_PTS, trim_bonds: num bonds BEFORE trim =  5644     0
|      EXTRA_PTS, trim_bonds: num bonds AFTER  trim =  1090     0
|      EXTRA_PTS, trim_theta: num angle BEFORE trim =  2483     0
|      EXTRA_PTS, trim_theta: num angle AFTER  trim =  2483     0
|      EXTRA_PTS, trim_theta: num angle BEFORE trim =  1455     0
|      EXTRA_PTS, trim_theta: num angle AFTER  trim =  1455     0
|      EXTRA_PTS, trim_phi:  num diheds BEFORE trim =  4974     0
|      EXTRA_PTS, trim_phi:  num diheds AFTER  trim =  4974     0
|      EXTRA_PTS, trim_phi:  num diheds BEFORE trim =  4548     0
|      EXTRA_PTS, trim_phi:  num diheds AFTER  trim =  4548     0

--------------------------------------------------------------------------------
   3.  ATOMIC COORDINATES AND VELOCITIES
--------------------------------------------------------------------------------

default_name                                                                    
 begin time read from input coords =  6500.000 ps

 
 Number of triangulated 3-point waters found:     4554

     Sum of charges from parm topology file =   0.00202595
     Forcing neutrality...

| Dynamic Memory, Types Used:
| Reals             1016965
| Integers          1501222

| Nonbonded Pairs Initial Allocation:     6164138

| GPU memory information (estimate):
| KB of GPU memory in use:         0
| KB of CPU memory in use:         0

--------------------------------------------------------------------------------
   4.  RESULTS
--------------------------------------------------------------------------------

wrapping first mol.:       19.54479       27.64051       47.87477
wrapping first mol.:       19.54479       27.64051       47.87477

 NSTEP =      500   TIME(PS) =    6501.000  TEMP(K) =   300.22  PRESS =   343.1
 Etot   =    -51265.4286  EKtot   =      9761.6895  EPtot      =    -61027.1181
 BOND   =       417.2746  ANGLE   =      1061.5517  DIHED      =       705.0488
 1-4 NB =       466.9482  1-4 EEL =      5661.6075  VDWAALS    =      6800.3126
 EELEC  =    -76140.3764  EHBOND  =         0.0000  RESTRAINT  =         0.5148
 EAMBER (non-restraint)  =    -61027.6329
 EKCMT  =      4107.5426  VIRIAL  =      2958.0329  VOLUME     =    155174.9853
                                                    Density    =         1.0412
 ------------------------------------------------------------------------------

wrapping first mol.:       19.54050       27.63443       47.86424
wrapping first mol.:       19.54050       27.63443       47.86424

 NSTEP =     1000   TIME(PS) =    6502.000  TEMP(K) =   303.31  PRESS =  -192.1
 Etot   =    -50984.8535  EKtot   =      9862.2324  EPtot      =    -60847.0859
 BOND   =       408.2626  ANGLE   =      1085.3861  DIHED      =       697.2554
 1-4 NB =       455.9871  1-4 EEL =      5580.3764  VDWAALS    =      6375.4561
 EELEC  =    -75450.5254  EHBOND  =         0.0000  RESTRAINT  =         0.7159
 EAMBER (non-restraint)  =    -60847.8018
 EKCMT  =      4125.2703  VIRIAL  =      4768.4514  VOLUME     =    155080.0538
                                                    Density    =         1.0418
 ------------------------------------------------------------------------------

wrapping first mol.:       19.54372       27.63899       47.87213
wrapping first mol.:       19.54372       27.63899       47.87213

 NSTEP =     1500   TIME(PS) =    6503.000  TEMP(K) =   303.74  PRESS =   -24.3
 Etot   =    -50975.4794  EKtot   =      9876.2656  EPtot      =    -60851.7450
 BOND   =       399.5570  ANGLE   =      1040.4571  DIHED      =       709.8871
 1-4 NB =       460.6630  1-4 EEL =      5712.7950  VDWAALS    =      6772.2402
 EELEC  =    -75948.3745  EHBOND  =         0.0000  RESTRAINT  =         1.0302
 EAMBER (non-restraint)  =    -60852.7752
 EKCMT  =      4074.4221  VIRIAL  =      4155.8832  VOLUME     =    155154.4495
                                                    Density    =         1.0413
 ------------------------------------------------------------------------------

wrapping first mol.:       19.55519       27.65521       47.90023
wrapping first mol.:       19.55519       27.65521       47.90023

 NSTEP =     2000   TIME(PS) =    6504.000  TEMP(K) =   303.15  PRESS =  -253.6
 Etot   =    -51304.4881  EKtot   =      9857.1270  EPtot      =    -61161.6150
 BOND   =       402.4270  ANGLE   =      1099.1498  DIHED      =       710.8050
 1-4 NB =       465.4894  1-4 EEL =      5602.8345  VDWAALS    =      6756.1856
 EELEC  =    -76199.2937  EHBOND  =         0.0000  RESTRAINT  =         0.7873
 EAMBER (non-restraint)  =    -61162.4023
 EKCMT  =      4135.2576  VIRIAL  =      4986.3203  VOLUME     =    155431.0027
                                                    Density    =         1.0395
 ------------------------------------------------------------------------------

wrapping first mol.:       19.55077       27.64897       47.88942
wrapping first mol.:       19.55077       27.64897       47.88942

 NSTEP =     2500   TIME(PS) =    6505.000  TEMP(K) =   301.55  PRESS =   219.9
 Etot   =    -51458.4977  EKtot   =      9805.0732  EPtot      =    -61263.5710
 BOND   =       383.2683  ANGLE   =      1050.1805  DIHED      =       692.3352
 1-4 NB =       446.7398  1-4 EEL =      5599.6307  VDWAALS    =      6622.3163
 EELEC  =    -76059.0222  EHBOND  =         0.0000  RESTRAINT  =         0.9804
 EAMBER (non-restraint)  =    -61264.5513
 EKCMT  =      4049.2941  VIRIAL  =      3311.9580  VOLUME     =    155319.1947
                                                    Density    =         1.0402
 ------------------------------------------------------------------------------

wrapping first mol.:       19.55424       27.65387       47.89791
wrapping first mol.:       19.55424       27.65387       47.89791

 NSTEP =     3000   TIME(PS) =    6506.000  TEMP(K) =   305.01  PRESS =  -117.7
 Etot   =    -51227.3403  EKtot   =      9917.6914  EPtot      =    -61145.0317
 BOND   =       424.9738  ANGLE   =      1067.9824  DIHED      =       701.7900
 1-4 NB =       448.0242  1-4 EEL =      5618.7372  VDWAALS    =      6829.4453
 EELEC  =    -76236.9461  EHBOND  =         0.0000  RESTRAINT  =         0.9615
 EAMBER (non-restraint)  =    -61145.9932
 EKCMT  =      4153.8979  VIRIAL  =      4548.9406  VOLUME     =    155406.5202
                                                    Density    =         1.0396
 ------------------------------------------------------------------------------

wrapping first mol.:       19.54662       27.64309       47.87924
wrapping first mol.:       19.54662       27.64309       47.87924

 NSTEP =     3500   TIME(PS) =    6507.000  TEMP(K) =   301.30  PRESS =   422.3
 Etot   =    -51418.5795  EKtot   =      9797.0322  EPtot      =    -61215.6117
 BOND   =       423.5725  ANGLE   =      1017.8295  DIHED      =       695.1187
 1-4 NB =       442.4064  1-4 EEL =      5642.0480  VDWAALS    =      6833.8155
 EELEC  =    -76271.4531  EHBOND  =         0.0000  RESTRAINT  =         1.0508
 EAMBER (non-restraint)  =    -61216.6625
 EKCMT  =      4121.2290  VIRIAL  =      2706.0735  VOLUME     =    155217.3634
                                                    Density    =         1.0409
 ------------------------------------------------------------------------------

wrapping first mol.:       19.52609       27.61407       47.82896
wrapping first mol.:       19.52609       27.61407       47.82896

 NSTEP =     4000   TIME(PS) =    6508.000  TEMP(K) =   296.60  PRESS =  -137.2
 Etot   =    -51528.5254  EKtot   =      9644.1973  EPtot      =    -61172.7226
 BOND   =       390.9742  ANGLE   =      1063.2568  DIHED      =       710.0153
 1-4 NB =       449.5819  1-4 EEL =      5710.8692  VDWAALS    =      6666.9256
 EELEC  =    -76165.3813  EHBOND  =         0.0000  RESTRAINT  =         1.0356
 EAMBER (non-restraint)  =    -61173.7582
 EKCMT  =      4037.8620  VIRIAL  =      4496.1181  VOLUME     =    154736.6296
                                                    Density    =         1.0441
 ------------------------------------------------------------------------------

wrapping first mol.:       19.53186       27.62222       47.84309
wrapping first mol.:       19.53186       27.62222       47.84309

 NSTEP =     4500   TIME(PS) =    6509.000  TEMP(K) =   300.86  PRESS =  -432.6
 Etot   =    -51158.3766  EKtot   =      9782.5674  EPtot      =    -60940.9440
 BOND   =       383.7063  ANGLE   =      1074.7054  DIHED      =       704.0425
 1-4 NB =       473.1056  1-4 EEL =      5643.3616  VDWAALS    =      6513.1365
 EELEC  =    -75733.9106  EHBOND  =         0.0000  RESTRAINT  =         0.9088
 EAMBER (non-restraint)  =    -60941.8528
 EKCMT  =      4060.2662  VIRIAL  =      5507.0259  VOLUME     =    154877.8594
                                                    Density    =         1.0432
 ------------------------------------------------------------------------------

wrapping first mol.:       19.52086       27.60667       47.81614
wrapping first mol.:       19.52086       27.60667       47.81614

 NSTEP =     5000   TIME(PS) =    6510.000  TEMP(K) =   300.63  PRESS =   -26.7
 Etot   =    -51232.7982  EKtot   =      9775.0469  EPtot      =    -61007.8451
 BOND   =       398.3799  ANGLE   =      1060.9893  DIHED      =       702.6536
 1-4 NB =       463.2495  1-4 EEL =      5684.4970  VDWAALS    =      6731.1310
 EELEC  =    -76049.8978  EHBOND  =         0.0000  RESTRAINT  =         1.1524
 EAMBER (non-restraint)  =    -61008.9975
 EKCMT  =      4110.5802  VIRIAL  =      4199.7610  VOLUME     =    154610.7532
                                                    Density    =         1.0450
 ------------------------------------------------------------------------------

wrapping first mol.:       19.53278       27.62352       47.84534
wrapping first mol.:       19.53278       27.62352       47.84534

 NSTEP =     5500   TIME(PS) =    6511.000  TEMP(K) =   299.40  PRESS =   -87.4
 Etot   =    -51425.8365  EKtot   =      9735.2461  EPtot      =    -61161.0826
 BOND   =       414.5445  ANGLE   =      1087.3438  DIHED      =       699.6914
 1-4 NB =       458.4398  1-4 EEL =      5670.6640  VDWAALS    =      6765.4406
 EELEC  =    -76258.2730  EHBOND  =         0.0000  RESTRAINT  =         1.0664
 EAMBER (non-restraint)  =    -61162.1489
 EKCMT  =      4065.9679  VIRIAL  =      4358.2919  VOLUME     =    154895.0081
                                                    Density    =         1.0431
 ------------------------------------------------------------------------------

wrapping first mol.:       19.52396       27.61105       47.82373
wrapping first mol.:       19.52396       27.61105       47.82373

 NSTEP =     6000   TIME(PS) =    6512.000  TEMP(K) =   300.25  PRESS =    59.1
 Etot   =    -51563.4871  EKtot   =      9762.7344  EPtot      =    -61326.2215
 BOND   =       417.3130  ANGLE   =      1047.6902  DIHED      =       706.4256
 1-4 NB =       459.6353  1-4 EEL =      5678.4541  VDWAALS    =      6800.6881
 EELEC  =    -76437.4576  EHBOND  =         0.0000  RESTRAINT  =         1.0298
 EAMBER (non-restraint)  =    -61327.2513
 EKCMT  =      4157.8837  VIRIAL  =      3960.6090  VOLUME     =    154683.2037
                                                    Density    =         1.0445
 ------------------------------------------------------------------------------

wrapping first mol.:       19.54554       27.64157       47.87659
wrapping first mol.:       19.54554       27.64157       47.87659

 NSTEP =     6500   TIME(PS) =    6513.000  TEMP(K) =   301.69  PRESS =   103.6
 Etot   =    -51330.4329  EKtot   =      9809.6719  EPtot      =    -61140.1048
 BOND   =       381.4450  ANGLE   =      1032.9392  DIHED      =       713.2413
 1-4 NB =       460.4965  1-4 EEL =      5716.0309  VDWAALS    =      6676.1087
 EELEC  =    -76121.3815  EHBOND  =         0.0000  RESTRAINT  =         1.0152
 EAMBER (non-restraint)  =    -61141.1200
 EKCMT  =      4128.1548  VIRIAL  =      3781.0928  VOLUME     =    155196.0588
                                                    Density    =         1.0410
 ------------------------------------------------------------------------------

wrapping first mol.:       19.55091       27.64916       47.88975
wrapping first mol.:       19.55091       27.64916       47.88975

 NSTEP =     7000   TIME(PS) =    6514.000  TEMP(K) =   299.23  PRESS =  -293.5
 Etot   =    -51651.2842  EKtot   =      9729.5312  EPtot      =    -61380.8155
 BOND   =       396.9621  ANGLE   =      1017.9170  DIHED      =       720.3755
 1-4 NB =       463.7755  1-4 EEL =      5694.7050  VDWAALS    =      6870.9017
 EELEC  =    -76546.3534  EHBOND  =         0.0000  RESTRAINT  =         0.9011
 EAMBER (non-restraint)  =    -61381.7166
 EKCMT  =      4100.0648  VIRIAL  =      5084.3918  VOLUME     =    155329.5379
                                                    Density    =         1.0401
 ------------------------------------------------------------------------------

wrapping first mol.:       19.55185       27.65050       47.89206
wrapping first mol.:       19.55185       27.65050       47.89206

 NSTEP =     7500   TIME(PS) =    6515.000  TEMP(K) =   297.90  PRESS =  -322.3
 Etot   =    -51402.8367  EKtot   =      9686.4775  EPtot      =    -61089.3142
 BOND   =       413.8924  ANGLE   =      1042.2616  DIHED      =       707.2535
 1-4 NB =       451.1670  1-4 EEL =      5614.2759  VDWAALS    =      6529.2169
 EELEC  =    -75848.6513  EHBOND  =         0.0000  RESTRAINT  =         1.2700
 EAMBER (non-restraint)  =    -61090.5842
 EKCMT  =      4067.3160  VIRIAL  =      5148.3367  VOLUME     =    155352.4277
                                                    Density    =         1.0400
 ------------------------------------------------------------------------------

wrapping first mol.:       19.56334       27.66674       47.92019
wrapping first mol.:       19.56334       27.66674       47.92019

 NSTEP =     8000   TIME(PS) =    6516.000  TEMP(K) =   299.17  PRESS =   124.6
 Etot   =    -51339.3831  EKtot   =      9727.4961  EPtot      =    -61066.8792
 BOND   =       432.3596  ANGLE   =      1006.5376  DIHED      =       701.6730
 1-4 NB =       470.4233  1-4 EEL =      5703.0260  VDWAALS    =      6847.0719
 EELEC  =    -76228.9604  EHBOND  =         0.0000  RESTRAINT  =         0.9899
 EAMBER (non-restraint)  =    -61067.8690
 EKCMT  =      4085.4351  VIRIAL  =      3666.8246  VOLUME     =    155620.1302
                                                    Density    =         1.0382
 ------------------------------------------------------------------------------

wrapping first mol.:       19.57025       27.67651       47.93711
wrapping first mol.:       19.57025       27.67651       47.93711

 NSTEP =     8500   TIME(PS) =    6517.000  TEMP(K) =   300.09  PRESS =    13.4
 Etot   =    -51264.6715  EKtot   =      9757.6250  EPtot      =    -61022.2965
 BOND   =       428.1158  ANGLE   =      1026.5659  DIHED      =       694.3049
 1-4 NB =       454.3115  1-4 EEL =      5657.0473  VDWAALS    =      6705.7016
 EELEC  =    -75989.6124  EHBOND  =         0.0000  RESTRAINT  =         1.2689
 EAMBER (non-restraint)  =    -61023.5655
 EKCMT  =      4100.5077  VIRIAL  =      4055.5442  VOLUME     =    155786.5769
                                                    Density    =         1.0371
 ------------------------------------------------------------------------------

wrapping first mol.:       19.55720       27.65806       47.90517
wrapping first mol.:       19.55720       27.65806       47.90517

 NSTEP =     9000   TIME(PS) =    6518.000  TEMP(K) =   303.28  PRESS =   104.7
 Etot   =    -51214.6110  EKtot   =      9861.3779  EPtot      =    -61075.9889
 BOND   =       402.0275  ANGLE   =      1061.7000  DIHED      =       723.6086
 1-4 NB =       458.2251  1-4 EEL =      5616.9859  VDWAALS    =      6795.5696
 EELEC  =    -76135.2957  EHBOND  =         0.0000  RESTRAINT  =         1.1902
 EAMBER (non-restraint)  =    -61077.1791
 EKCMT  =      4086.2717  VIRIAL  =      3734.7015  VOLUME     =    155474.0907
                                                    Density    =         1.0392
 ------------------------------------------------------------------------------

wrapping first mol.:       19.54404       27.63944       47.87291
wrapping first mol.:       19.54404       27.63944       47.87291

 NSTEP =     9500   TIME(PS) =    6519.000  TEMP(K) =   307.04  PRESS =    73.5
 Etot   =    -50993.3809  EKtot   =      9983.6943  EPtot      =    -60977.0753
 BOND   =       418.6447  ANGLE   =      1026.6499  DIHED      =       709.4297
 1-4 NB =       467.1939  1-4 EEL =      5656.0948  VDWAALS    =      6709.1523
 EELEC  =    -75965.3148  EHBOND  =         0.0000  RESTRAINT  =         1.0742
 EAMBER (non-restraint)  =    -60978.1494
 EKCMT  =      4183.9822  VIRIAL  =      3937.8870  VOLUME     =    155160.6561
                                                    Density    =         1.0413
 ------------------------------------------------------------------------------

wrapping first mol.:       19.55389       27.65338       47.89705
wrapping first mol.:       19.55389       27.65338       47.89705

 NSTEP =    10000   TIME(PS) =    6520.000  TEMP(K) =   297.83  PRESS =   -57.1
 Etot   =    -51474.9437  EKtot   =      9683.9121  EPtot      =    -61158.8558
 BOND   =       393.8290  ANGLE   =      1049.1130  DIHED      =       711.0776
 1-4 NB =       445.1025  1-4 EEL =      5626.8097  VDWAALS    =      6706.6462
 EELEC  =    -76092.6370  EHBOND  =         0.0000  RESTRAINT  =         1.2033
 EAMBER (non-restraint)  =    -61160.0591
 EKCMT  =      4085.3343  VIRIAL  =      4277.0796  VOLUME     =    155397.3093
                                                    Density    =         1.0397
 ------------------------------------------------------------------------------

wrapping first mol.:       19.57521       27.68352       47.94926
wrapping first mol.:       19.57521       27.68352       47.94926

 NSTEP =    10500   TIME(PS) =    6521.000  TEMP(K) =   298.72  PRESS =   -23.0
 Etot   =    -51240.4633  EKtot   =      9712.9170  EPtot      =    -60953.3803
 BOND   =       394.0813  ANGLE   =      1075.1902  DIHED      =       723.5532
 1-4 NB =       462.7737  1-4 EEL =      5657.5018  VDWAALS    =      6606.6436
 EELEC  =    -75874.3351  EHBOND  =         0.0000  RESTRAINT  =         1.2110
 EAMBER (non-restraint)  =    -60954.5913
 EKCMT  =      4003.1414  VIRIAL  =      4080.4817  VOLUME     =    155905.6084
                                                    Density    =         1.0363
 ------------------------------------------------------------------------------

wrapping first mol.:       19.55189       27.65055       47.89215
wrapping first mol.:       19.55189       27.65055       47.89215

 NSTEP =    11000   TIME(PS) =    6522.000  TEMP(K) =   300.55  PRESS =  -273.5
 Etot   =    -51333.3493  EKtot   =      9772.6006  EPtot      =    -61105.9499
 BOND   =       418.6873  ANGLE   =      1092.1065  DIHED      =       727.5099
 1-4 NB =       451.6779  1-4 EEL =      5643.9042  VDWAALS    =      6724.5057
 EELEC  =    -76165.5824  EHBOND  =         0.0000  RESTRAINT  =         1.2411
 EAMBER (non-restraint)  =    -61107.1909
 EKCMT  =      4077.7985  VIRIAL  =      4995.2533  VOLUME     =    155352.6292
                                                    Density    =         1.0400
 ------------------------------------------------------------------------------

wrapping first mol.:       19.56699       27.67190       47.92913
wrapping first mol.:       19.56699       27.67190       47.92913

 NSTEP =    11500   TIME(PS) =    6523.000  TEMP(K) =   299.75  PRESS =    61.4
 Etot   =    -51539.9584  EKtot   =      9746.4414  EPtot      =    -61286.3998
 BOND   =       420.3579  ANGLE   =      1070.4329  DIHED      =       722.4936
 1-4 NB =       441.1107  1-4 EEL =      5612.2515  VDWAALS    =      6804.0406
 EELEC  =    -76358.2743  EHBOND  =         0.0000  RESTRAINT  =         1.1872
 EAMBER (non-restraint)  =    -61287.5870
 EKCMT  =      4107.0148  VIRIAL  =      3900.4501  VOLUME     =    155708.0904
                                                    Density    =         1.0376
 ------------------------------------------------------------------------------

wrapping first mol.:       19.54788       27.64488       47.88234
wrapping first mol.:       19.54788       27.64488       47.88234

 NSTEP =    12000   TIME(PS) =    6524.000  TEMP(K) =   297.18  PRESS =   -47.3
 Etot   =    -51461.5779  EKtot   =      9662.9053  EPtot      =    -61124.4832
 BOND   =       408.1898  ANGLE   =      1082.6791  DIHED      =       708.0136
 1-4 NB =       442.1812  1-4 EEL =      5633.8057  VDWAALS    =      6769.5458
 EELEC  =    -76170.1225  EHBOND  =         0.0000  RESTRAINT  =         1.2241
 EAMBER (non-restraint)  =    -61125.7073
 EKCMT  =      4036.0023  VIRIAL  =      4194.4005  VOLUME     =    155253.9978
                                                    Density    =         1.0406
 ------------------------------------------------------------------------------

wrapping first mol.:       19.55748       27.65845       47.90584
wrapping first mol.:       19.55748       27.65845       47.90584

 NSTEP =    12500   TIME(PS) =    6525.000  TEMP(K) =   299.64  PRESS =  -102.1
 Etot   =    -51395.4022  EKtot   =      9743.0430  EPtot      =    -61138.4451
 BOND   =       383.7281  ANGLE   =      1078.7066  DIHED      =       715.6252
 1-4 NB =       449.1811  1-4 EEL =      5666.6128  VDWAALS    =      6921.9564
 EELEC  =    -76355.4456  EHBOND  =         0.0000  RESTRAINT  =         1.1902
 EAMBER (non-restraint)  =    -61139.6353
 EKCMT  =      4094.9370  VIRIAL  =      4437.6391  VOLUME     =    155483.5386
                                                    Density    =         1.0391
 ------------------------------------------------------------------------------

wrapping first mol.:       19.55628       27.65675       47.90289
wrapping first mol.:       19.55628       27.65675       47.90289

 NSTEP =    13000   TIME(PS) =    6526.000  TEMP(K) =   298.98  PRESS =    82.1
 Etot   =    -51446.1459  EKtot   =      9721.4102  EPtot      =    -61167.5560
 BOND   =       431.4402  ANGLE   =      1055.4610  DIHED      =       713.5519
 1-4 NB =       462.1495  1-4 EEL =      5625.3741  VDWAALS    =      6779.5163
 EELEC  =    -76236.5344  EHBOND  =         0.0000  RESTRAINT  =         1.4855
 EAMBER (non-restraint)  =    -61169.0415
 EKCMT  =      4019.9183  VIRIAL  =      3744.3957  VOLUME     =    155452.2750
                                                    Density    =         1.0393
 ------------------------------------------------------------------------------

wrapping first mol.:       19.53771       27.63050       47.85743
wrapping first mol.:       19.53771       27.63050       47.85743

 NSTEP =    13500   TIME(PS) =    6527.000  TEMP(K) =   301.61  PRESS =   170.7
 Etot   =    -51374.8101  EKtot   =      9807.0146  EPtot      =    -61181.8248
 BOND   =       421.9056  ANGLE   =      1047.3389  DIHED      =       708.9172
 1-4 NB =       444.7258  1-4 EEL =      5650.7832  VDWAALS    =      6851.5383
 EELEC  =    -76308.7027  EHBOND  =         0.0000  RESTRAINT  =         1.6690
 EAMBER (non-restraint)  =    -61183.4938
 EKCMT  =      4098.2848  VIRIAL  =      3526.8949  VOLUME     =    155008.8087
                                                    Density    =         1.0423
 ------------------------------------------------------------------------------

wrapping first mol.:       19.55364       27.65302       47.89643
wrapping first mol.:       19.55364       27.65302       47.89643

 NSTEP =    14000   TIME(PS) =    6528.000  TEMP(K) =   302.91  PRESS =  -581.6
 Etot   =    -51294.8129  EKtot   =      9849.1514  EPtot      =    -61143.9643
 BOND   =       422.9348  ANGLE   =      1058.2789  DIHED      =       726.3225
 1-4 NB =       463.4542  1-4 EEL =      5584.0853  VDWAALS    =      6675.1703
 EELEC  =    -76076.3831  EHBOND  =         0.0000  RESTRAINT  =         2.1728
 EAMBER (non-restraint)  =    -61146.1370
 EKCMT  =      4136.2549  VIRIAL  =      6087.7947  VOLUME     =    155398.5343
                                                    Density    =         1.0397
 ------------------------------------------------------------------------------

wrapping first mol.:       19.55102       27.64931       47.89001
wrapping first mol.:       19.55102       27.64931       47.89001

 NSTEP =    14500   TIME(PS) =    6529.000  TEMP(K) =   298.47  PRESS =   217.0
 Etot   =    -51534.7258  EKtot   =      9704.9961  EPtot      =    -61239.7219
 BOND   =       459.3630  ANGLE   =      1048.0732  DIHED      =       702.9776
 1-4 NB =       454.4903  1-4 EEL =      5644.8734  VDWAALS    =      6889.9430
 EELEC  =    -76441.3373  EHBOND  =         0.0000  RESTRAINT  =         1.8950
 EAMBER (non-restraint)  =    -61241.6169
 EKCMT  =      4103.6997  VIRIAL  =      3375.7998  VOLUME     =    155324.9945
                                                    Density    =         1.0402
 ------------------------------------------------------------------------------

wrapping first mol.:       19.55250       27.65141       47.89365
wrapping first mol.:       19.55250       27.65141       47.89365

 NSTEP =    15000   TIME(PS) =    6530.000  TEMP(K) =   296.51  PRESS =  -200.1
 Etot   =    -51611.5089  EKtot   =      9641.0762  EPtot      =    -61252.5850
 BOND   =       389.4976  ANGLE   =      1056.8261  DIHED      =       724.2308
 1-4 NB =       466.2180  1-4 EEL =      5587.8045  VDWAALS    =      6646.4698
 EELEC  =    -76125.5309  EHBOND  =         0.0000  RESTRAINT  =         1.8990
 EAMBER (non-restraint)  =    -61254.4841
 EKCMT  =      4050.7793  VIRIAL  =      4721.9774  VOLUME     =    155366.2028
                                                    Density    =         1.0399
 ------------------------------------------------------------------------------

wrapping first mol.:       19.53579       27.62777       47.85270
wrapping first mol.:       19.53579       27.62777       47.85270

 NSTEP =    15500   TIME(PS) =    6531.000  TEMP(K) =   303.83  PRESS =  -301.1
 Etot   =    -51257.4673  EKtot   =      9879.1768  EPtot      =    -61136.6441
 BOND   =       391.9116  ANGLE   =      1035.4230  DIHED      =       717.8756
 1-4 NB =       471.2393  1-4 EEL =      5649.2031  VDWAALS    =      6765.5146
 EELEC  =    -76169.3516  EHBOND  =         0.0000  RESTRAINT  =         1.5404
 EAMBER (non-restraint)  =    -61138.1844
 EKCMT  =      4086.4580  VIRIAL  =      5094.0093  VOLUME     =    154969.4357
                                                    Density    =         1.0426
 ------------------------------------------------------------------------------

wrapping first mol.:       19.53828       27.63130       47.85881
wrapping first mol.:       19.53828       27.63130       47.85881

 NSTEP =    16000   TIME(PS) =    6532.000  TEMP(K) =   303.51  PRESS =     3.0
 Etot   =    -51308.0167  EKtot   =      9868.6582  EPtot      =    -61176.6749
 BOND   =       408.5112  ANGLE   =      1082.4600  DIHED      =       686.1402
 1-4 NB =       465.2540  1-4 EEL =      5614.0315  VDWAALS    =      6900.4314
 EELEC  =    -76334.9663  EHBOND  =         0.0000  RESTRAINT  =         1.4632
 EAMBER (non-restraint)  =    -61178.1381
 EKCMT  =      4091.1941  VIRIAL  =      4081.2383  VOLUME     =    155024.5929
                                                    Density    =         1.0422
 ------------------------------------------------------------------------------

wrapping first mol.:       19.55756       27.65857       47.90604
wrapping first mol.:       19.55756       27.65857       47.90604

 NSTEP =    16500   TIME(PS) =    6533.000  TEMP(K) =   298.80  PRESS =   214.7
 Etot   =    -51408.1004  EKtot   =      9715.7266  EPtot      =    -61123.8270
 BOND   =       406.2214  ANGLE   =      1075.7617  DIHED      =       701.0621
 1-4 NB =       456.4936  1-4 EEL =      5679.5773  VDWAALS    =      6652.9294
 EELEC  =    -76097.3644  EHBOND  =         0.0000  RESTRAINT  =         1.4919
 EAMBER (non-restraint)  =    -61125.3188
 EKCMT  =      4039.6254  VIRIAL  =      3318.9423  VOLUME     =    155481.0465
                                                    Density    =         1.0391
 ------------------------------------------------------------------------------

wrapping first mol.:       19.55102       27.64932       47.89002
wrapping first mol.:       19.55102       27.64932       47.89002

 NSTEP =    17000   TIME(PS) =    6534.000  TEMP(K) =   297.50  PRESS =    79.1
 Etot   =    -51234.0130  EKtot   =      9673.4912  EPtot      =    -60907.5042
 BOND   =       453.7979  ANGLE   =      1091.5484  DIHED      =       695.8008
 1-4 NB =       440.9194  1-4 EEL =      5582.0442  VDWAALS    =      6635.7481
 EELEC  =    -75809.0759  EHBOND  =         0.0000  RESTRAINT  =         1.7127
 EAMBER (non-restraint)  =    -60909.2170
 EKCMT  =      4098.9061  VIRIAL  =      3833.6627  VOLUME     =    155326.9894
                                                    Density    =         1.0402
 ------------------------------------------------------------------------------

wrapping first mol.:       19.54296       27.63792       47.87029
wrapping first mol.:       19.54296       27.63792       47.87029

 NSTEP =    17500   TIME(PS) =    6535.000  TEMP(K) =   301.80  PRESS =  -149.9
 Etot   =    -51205.0439  EKtot   =      9813.1768  EPtot      =    -61018.2207
 BOND   =       426.6592  ANGLE   =      1082.9541  DIHED      =       722.9909
 1-4 NB =       458.1170  1-4 EEL =      5627.5649  VDWAALS    =      6873.8476
 EELEC  =    -76212.0382  EHBOND  =         0.0000  RESTRAINT  =         1.6839
 EAMBER (non-restraint)  =    -61019.9045
 EKCMT  =      4060.9566  VIRIAL  =      4563.0304  VOLUME     =    155138.2455
                                                    Density    =         1.0414
 ------------------------------------------------------------------------------

wrapping first mol.:       19.54300       27.63798       47.87037
wrapping first mol.:       19.54300       27.63798       47.87037

 NSTEP =    18000   TIME(PS) =    6536.000  TEMP(K) =   292.96  PRESS =  -367.2
 Etot   =    -51662.7201  EKtot   =      9525.7705  EPtot      =    -61188.4906
 BOND   =       394.2992  ANGLE   =      1091.9093  DIHED      =       685.5107
 1-4 NB =       459.2702  1-4 EEL =      5589.7869  VDWAALS    =      6704.2227
 EELEC  =    -76115.1793  EHBOND  =         0.0000  RESTRAINT  =         1.6897
 EAMBER (non-restraint)  =    -61190.1803
 EKCMT  =      4021.8740  VIRIAL  =      5251.9512  VOLUME     =    155142.1022
                                                    Density    =         1.0414
 ------------------------------------------------------------------------------

wrapping first mol.:       19.54668       27.64318       47.87938
wrapping first mol.:       19.54668       27.64318       47.87938

 NSTEP =    18500   TIME(PS) =    6537.000  TEMP(K) =   300.16  PRESS =    54.7
 Etot   =    -51589.5524  EKtot   =      9759.9717  EPtot      =    -61349.5241
 BOND   =       399.9326  ANGLE   =      1041.8541  DIHED      =       705.5181
 1-4 NB =       452.0533  1-4 EEL =      5613.8398  VDWAALS    =      6899.8895
 EELEC  =    -76464.5455  EHBOND  =         0.0000  RESTRAINT  =         1.9340
 EAMBER (non-restraint)  =    -61351.4581
 EKCMT  =      4081.8640  VIRIAL  =      3898.5565  VOLUME     =    155223.8891
                                                    Density    =         1.0408
 ------------------------------------------------------------------------------

wrapping first mol.:       19.54701       27.64365       47.88021
wrapping first mol.:       19.54701       27.64365       47.88021

 NSTEP =    19000   TIME(PS) =    6538.000  TEMP(K) =   299.70  PRESS =  -144.1
 Etot   =    -51509.6469  EKtot   =      9745.0244  EPtot      =    -61254.6713
 BOND   =       387.5469  ANGLE   =      1080.7989  DIHED      =       685.1659
 1-4 NB =       466.8480  1-4 EEL =      5644.7445  VDWAALS    =      6833.0121
 EELEC  =    -76355.0682  EHBOND  =         0.0000  RESTRAINT  =         2.2807
 EAMBER (non-restraint)  =    -61256.9519
 EKCMT  =      4065.9202  VIRIAL  =      4549.0517  VOLUME     =    155234.6419
                                                    Density    =         1.0408
 ------------------------------------------------------------------------------

wrapping first mol.:       19.54682       27.64337       47.87972
wrapping first mol.:       19.54682       27.64337       47.87972

 NSTEP =    19500   TIME(PS) =    6539.000  TEMP(K) =   301.56  PRESS =   527.9
 Etot   =    -51478.8493  EKtot   =      9805.4561  EPtot      =    -61284.3053
 BOND   =       374.4220  ANGLE   =      1053.8957  DIHED      =       700.3705
 1-4 NB =       447.7427  1-4 EEL =      5602.1692  VDWAALS    =      6985.9087
 EELEC  =    -76451.2259  EHBOND  =         0.0000  RESTRAINT  =         2.4116
 EAMBER (non-restraint)  =    -61286.7170
 EKCMT  =      4095.8618  VIRIAL  =      2326.7009  VOLUME     =    155220.6172
                                                    Density    =         1.0409
 ------------------------------------------------------------------------------

wrapping first mol.:       19.55547       27.65561       47.90091
wrapping first mol.:       19.55547       27.65561       47.90091

 NSTEP =    20000   TIME(PS) =    6540.000  TEMP(K) =   303.55  PRESS =   376.9
 Etot   =    -51137.7170  EKtot   =      9869.9170  EPtot      =    -61007.6340
 BOND   =       389.0988  ANGLE   =      1069.7783  DIHED      =       704.1699
 1-4 NB =       440.6714  1-4 EEL =      5604.7147  VDWAALS    =      6774.5776
 EELEC  =    -75992.9944  EHBOND  =         0.0000  RESTRAINT  =         2.3495
 EAMBER (non-restraint)  =    -61009.9835
 EKCMT  =      4132.8888  VIRIAL  =      2867.8861  VOLUME     =    155428.8712
                                                    Density    =         1.0395
 ------------------------------------------------------------------------------

wrapping first mol.:       19.54492       27.64069       47.87508
wrapping first mol.:       19.54492       27.64069       47.87508

 NSTEP =    20500   TIME(PS) =    6541.000  TEMP(K) =   297.83  PRESS =    97.9
 Etot   =    -51258.3131  EKtot   =      9684.1523  EPtot      =    -60942.4654
 BOND   =       428.0560  ANGLE   =      1053.2766  DIHED      =       701.1346
 1-4 NB =       451.7686  1-4 EEL =      5599.4654  VDWAALS    =      6867.8346
 EELEC  =    -76046.1691  EHBOND  =         0.0000  RESTRAINT  =         2.1678
 EAMBER (non-restraint)  =    -60944.6332
 EKCMT  =      4055.7621  VIRIAL  =      3727.8362  VOLUME     =    155181.4203
                                                    Density    =         1.0411
 ------------------------------------------------------------------------------

wrapping first mol.:       19.54179       27.63626       47.86740
wrapping first mol.:       19.54179       27.63626       47.86740

 NSTEP =    21000   TIME(PS) =    6542.000  TEMP(K) =   301.71  PRESS =    24.5
 Etot   =    -51200.0617  EKtot   =      9810.1367  EPtot      =    -61010.1984
 BOND   =       400.4308  ANGLE   =      1070.1084  DIHED      =       716.0721
 1-4 NB =       451.8792  1-4 EEL =      5627.3550  VDWAALS    =      6746.8150
 EELEC  =    -76024.8942  EHBOND  =         0.0000  RESTRAINT  =         2.0352
 EAMBER (non-restraint)  =    -61012.2336
 EKCMT  =      4075.1150  VIRIAL  =      3993.0773  VOLUME     =    155107.7691
                                                    Density    =         1.0416
 ------------------------------------------------------------------------------

wrapping first mol.:       19.52902       27.61821       47.83614
wrapping first mol.:       19.52902       27.61821       47.83614

 NSTEP =    21500   TIME(PS) =    6543.000  TEMP(K) =   301.07  PRESS =   173.0
 Etot   =    -51309.9796  EKtot   =      9789.2695  EPtot      =    -61099.2492
 BOND   =       400.2775  ANGLE   =      1091.7155  DIHED      =       707.8052
 1-4 NB =       466.5517  1-4 EEL =      5651.6556  VDWAALS    =      6805.6085
 EELEC  =    -76224.8210  EHBOND  =         0.0000  RESTRAINT  =         1.9579
 EAMBER (non-restraint)  =    -61101.2070
 EKCMT  =      4154.4424  VIRIAL  =      3576.3794  VOLUME     =    154802.0228
                                                    Density    =         1.0437
 ------------------------------------------------------------------------------

wrapping first mol.:       19.55014       27.64808       47.88787
wrapping first mol.:       19.55014       27.64808       47.88787

 NSTEP =    22000   TIME(PS) =    6544.000  TEMP(K) =   299.26  PRESS =   228.2
 Etot   =    -51221.3657  EKtot   =      9730.4932  EPtot      =    -60951.8589
 BOND   =       432.6168  ANGLE   =      1098.1625  DIHED      =       706.5633
 1-4 NB =       454.3338  1-4 EEL =      5602.5716  VDWAALS    =      6946.8555
 EELEC  =    -76194.9675  EHBOND  =         0.0000  RESTRAINT  =         2.0051
 EAMBER (non-restraint)  =    -60953.8640
 EKCMT  =      4040.8076  VIRIAL  =      3275.7071  VOLUME     =    155304.0223
                                                    Density    =         1.0403
 ------------------------------------------------------------------------------

wrapping first mol.:       19.56531       27.66952       47.92501
wrapping first mol.:       19.56531       27.66952       47.92501

 NSTEP =    22500   TIME(PS) =    6545.000  TEMP(K) =   299.98  PRESS =   -37.8
 Etot   =    -51254.8507  EKtot   =      9753.8662  EPtot      =    -61008.7169
 BOND   =       421.5864  ANGLE   =      1052.3535  DIHED      =       704.4058
 1-4 NB =       469.8632  1-4 EEL =      5620.6850  VDWAALS    =      6795.6458
 EELEC  =    -76075.1310  EHBOND  =         0.0000  RESTRAINT  =         1.8745
 EAMBER (non-restraint)  =    -61010.5915
 EKCMT  =      4137.9339  VIRIAL  =      4264.9409  VOLUME     =    155669.3875
                                                    Density    =         1.0379
 ------------------------------------------------------------------------------

wrapping first mol.:       19.53710       27.62963       47.85592
wrapping first mol.:       19.53710       27.62963       47.85592

 NSTEP =    23000   TIME(PS) =    6546.000  TEMP(K) =   299.73  PRESS =  -105.2
 Etot   =    -51243.8884  EKtot   =      9745.7285  EPtot      =    -60989.6169
 BOND   =       416.2955  ANGLE   =      1091.3394  DIHED      =       720.5037
 1-4 NB =       457.4214  1-4 EEL =      5637.2220  VDWAALS    =      6546.0734
 EELEC  =    -75860.6371  EHBOND  =         0.0000  RESTRAINT  =         2.1648
 EAMBER (non-restraint)  =    -60991.7817
 EKCMT  =      4033.0214  VIRIAL  =      4384.9828  VOLUME     =    154998.0093
                                                    Density    =         1.0424
 ------------------------------------------------------------------------------

wrapping first mol.:       19.56066       27.66295       47.91363
wrapping first mol.:       19.56066       27.66295       47.91363

 NSTEP =    23500   TIME(PS) =    6547.000  TEMP(K) =   302.62  PRESS =  -218.0
 Etot   =    -51174.9515  EKtot   =      9839.8213  EPtot      =    -61014.7728
 BOND   =       429.6691  ANGLE   =      1053.7591  DIHED      =       698.8033
 1-4 NB =       471.5795  1-4 EEL =      5672.3969  VDWAALS    =      6647.1995
 EELEC  =    -75990.3081  EHBOND  =         0.0000  RESTRAINT  =         2.1280
 EAMBER (non-restraint)  =    -61016.9008
 EKCMT  =      4098.4189  VIRIAL  =      4830.5579  VOLUME     =    155560.9707
                                                    Density    =         1.0386
 ------------------------------------------------------------------------------

wrapping first mol.:       19.53812       27.63107       47.85842
wrapping first mol.:       19.53812       27.63107       47.85842

 NSTEP =    24000   TIME(PS) =    6548.000  TEMP(K) =   300.52  PRESS =   261.9
 Etot   =    -51207.2555  EKtot   =      9771.5293  EPtot      =    -60978.7848
 BOND   =       392.0830  ANGLE   =      1071.4690  DIHED      =       706.5143
 1-4 NB =       457.3243  1-4 EEL =      5640.5149  VDWAALS    =      6680.9886
 EELEC  =    -75929.6987  EHBOND  =         0.0000  RESTRAINT  =         2.0199
 EAMBER (non-restraint)  =    -60980.8047
 EKCMT  =      4074.9540  VIRIAL  =      3198.2269  VOLUME     =    155017.1704
                                                    Density    =         1.0422
 ------------------------------------------------------------------------------

wrapping first mol.:       19.55621       27.65666       47.90274
wrapping first mol.:       19.55621       27.65666       47.90274

 NSTEP =    24500   TIME(PS) =    6549.000  TEMP(K) =   301.67  PRESS =   -91.7
 Etot   =    -51240.8377  EKtot   =      9808.9951  EPtot      =    -61049.8328
 BOND   =       414.7843  ANGLE   =      1061.7428  DIHED      =       690.5438
 1-4 NB =       456.0699  1-4 EEL =      5652.7090  VDWAALS    =      6713.0869
 EELEC  =    -76040.6409  EHBOND  =         0.0000  RESTRAINT  =         1.8715
 EAMBER (non-restraint)  =    -61051.7043
 EKCMT  =      4046.0442  VIRIAL  =      4353.6691  VOLUME     =    155453.1924
                                                    Density    =         1.0393
 ------------------------------------------------------------------------------

wrapping first mol.:       19.55637       27.65688       47.90313
wrapping first mol.:       19.55637       27.65688       47.90313

 NSTEP =    25000   TIME(PS) =    6550.000  TEMP(K) =   300.62  PRESS =   182.9
 Etot   =    -51200.5398  EKtot   =      9774.6279  EPtot      =    -60975.1677
 BOND   =       407.3755  ANGLE   =      1055.0234  DIHED      =       690.4758
 1-4 NB =       458.2949  1-4 EEL =      5662.6042  VDWAALS    =      6900.8036
 EELEC  =    -76151.4469  EHBOND  =         0.0000  RESTRAINT  =         1.7018
 EAMBER (non-restraint)  =    -60976.8695
 EKCMT  =      4088.2202  VIRIAL  =      3474.1867  VOLUME     =    155453.1317
                                                    Density    =         1.0393
 ------------------------------------------------------------------------------

wrapping first mol.:       19.56479       27.66879       47.92374
wrapping first mol.:       19.56479       27.66879       47.92374

 NSTEP =    25500   TIME(PS) =    6551.000  TEMP(K) =   302.63  PRESS =  -354.1
 Etot   =    -51232.9232  EKtot   =      9840.1797  EPtot      =    -61073.1029
 BOND   =       441.3434  ANGLE   =      1088.4219  DIHED      =       707.9343
 1-4 NB =       461.3034  1-4 EEL =      5610.6886  VDWAALS    =      6719.4386
 EELEC  =    -76104.1892  EHBOND  =         0.0000  RESTRAINT  =         1.9561
 EAMBER (non-restraint)  =    -61075.0590
 EKCMT  =      4098.6776  VIRIAL  =      5288.9358  VOLUME     =    155661.3532
                                                    Density    =         1.0379
 ------------------------------------------------------------------------------

wrapping first mol.:       19.55596       27.65630       47.90212
wrapping first mol.:       19.55596       27.65630       47.90212

 NSTEP =    26000   TIME(PS) =    6552.000  TEMP(K) =   300.95  PRESS =   -50.1
 Etot   =    -51367.7904  EKtot   =      9785.5781  EPtot      =    -61153.3685
 BOND   =       393.8924  ANGLE   =      1041.0086  DIHED      =       691.5108
 1-4 NB =       454.8115  1-4 EEL =      5658.7556  VDWAALS    =      6631.7959
 EELEC  =    -76027.3192  EHBOND  =         0.0000  RESTRAINT  =         2.1760
 EAMBER (non-restraint)  =    -61155.5445
 EKCMT  =      4113.3399  VIRIAL  =      4281.4754  VOLUME     =    155446.5541
                                                    Density    =         1.0394
 ------------------------------------------------------------------------------

wrapping first mol.:       19.54417       27.63962       47.87323
wrapping first mol.:       19.54417       27.63962       47.87323

 NSTEP =    26500   TIME(PS) =    6553.000  TEMP(K) =   297.14  PRESS =  -138.9
 Etot   =    -51677.2002  EKtot   =      9661.6113  EPtot      =    -61338.8115
 BOND   =       381.5570  ANGLE   =      1052.6266  DIHED      =       690.9924
 1-4 NB =       460.3623  1-4 EEL =      5625.7416  VDWAALS    =      6852.6628
 EELEC  =    -76404.8008  EHBOND  =         0.0000  RESTRAINT  =         2.0466
 EAMBER (non-restraint)  =    -61340.8581
 EKCMT  =      4017.7794  VIRIAL  =      4483.0850  VOLUME     =    155166.7204
                                                    Density    =         1.0412
 ------------------------------------------------------------------------------

wrapping first mol.:       19.53321       27.62412       47.84638
wrapping first mol.:       19.53321       27.62412       47.84638

 NSTEP =    27000   TIME(PS) =    6554.000  TEMP(K) =   296.57  PRESS =   -20.2
 Etot   =    -51555.8329  EKtot   =      9643.0625  EPtot      =    -61198.8954
 BOND   =       415.4661  ANGLE   =      1064.0190  DIHED      =       713.6316
 1-4 NB =       454.6282  1-4 EEL =      5659.2083  VDWAALS    =      6721.2782
 EELEC  =    -76229.1295  EHBOND  =         0.0000  RESTRAINT  =         2.0025
 EAMBER (non-restraint)  =    -61200.8980
 EKCMT  =      4029.9875  VIRIAL  =      4097.4758  VOLUME     =    154904.1803
                                                    Density    =         1.0430
 ------------------------------------------------------------------------------

wrapping first mol.:       19.53296       27.62377       47.84577
wrapping first mol.:       19.53296       27.62377       47.84577

 NSTEP =    27500   TIME(PS) =    6555.000  TEMP(K) =   300.53  PRESS =   -96.2
 Etot   =    -51245.0643  EKtot   =      9771.7725  EPtot      =    -61016.8368
 BOND   =       401.0000  ANGLE   =      1043.9301  DIHED      =       700.1550
 1-4 NB =       461.5570  1-4 EEL =      5633.3244  VDWAALS    =      6744.1967
 EELEC  =    -76002.7447  EHBOND  =         0.0000  RESTRAINT  =         1.7447
 EAMBER (non-restraint)  =    -61018.5815
 EKCMT  =      4121.1815  VIRIAL  =      4442.9533  VOLUME     =    154899.2603
                                                    Density    =         1.0430
 ------------------------------------------------------------------------------

wrapping first mol.:       19.53925       27.63267       47.86119
wrapping first mol.:       19.53925       27.63267       47.86119

 NSTEP =    28000   TIME(PS) =    6556.000  TEMP(K) =   299.19  PRESS =   -53.9
 Etot   =    -51465.0195  EKtot   =      9728.2520  EPtot      =    -61193.2714
 BOND   =       398.8482  ANGLE   =      1074.0713  DIHED      =       693.1344
 1-4 NB =       457.8661  1-4 EEL =      5628.8402  VDWAALS    =      6917.4250
 EELEC  =    -76365.4480  EHBOND  =         0.0000  RESTRAINT  =         1.9913
 EAMBER (non-restraint)  =    -61195.2628
 EKCMT  =      4040.6675  VIRIAL  =      4221.0396  VOLUME     =    155048.4756
                                                    Density    =         1.0420
 ------------------------------------------------------------------------------

wrapping first mol.:       19.54691       27.64351       47.87996
wrapping first mol.:       19.54691       27.64351       47.87996

 NSTEP =    28500   TIME(PS) =    6557.000  TEMP(K) =   293.36  PRESS =  -340.6
 Etot   =    -51712.6959  EKtot   =      9538.8574  EPtot      =    -61251.5533
 BOND   =       411.1847  ANGLE   =      1003.0472  DIHED      =       721.9628
 1-4 NB =       453.4202  1-4 EEL =      5632.7683  VDWAALS    =      6742.6305
 EELEC  =    -76218.7530  EHBOND  =         0.0000  RESTRAINT  =         2.1859
 EAMBER (non-restraint)  =    -61253.7392
 EKCMT  =      4046.5263  VIRIAL  =      5188.1273  VOLUME     =    155234.9379
                                                    Density    =         1.0408
 ------------------------------------------------------------------------------

wrapping first mol.:       19.54361       27.63884       47.87188
wrapping first mol.:       19.54361       27.63884       47.87188

 NSTEP =    29000   TIME(PS) =    6558.000  TEMP(K) =   302.72  PRESS =  -164.8
 Etot   =    -51351.1031  EKtot   =      9843.2197  EPtot      =    -61194.3228
 BOND   =       438.1286  ANGLE   =      1040.4119  DIHED      =       714.2902
 1-4 NB =       459.3272  1-4 EEL =      5601.4145  VDWAALS    =      6585.4705
 EELEC  =    -76035.6651  EHBOND  =         0.0000  RESTRAINT  =         2.2994
 EAMBER (non-restraint)  =    -61196.6222
 EKCMT  =      4111.8431  VIRIAL  =      4663.7964  VOLUME     =    155153.9015
                                                    Density    =         1.0413
 ------------------------------------------------------------------------------

wrapping first mol.:       19.54652       27.64296       47.87901
wrapping first mol.:       19.54652       27.64296       47.87901

 NSTEP =    29500   TIME(PS) =    6559.000  TEMP(K) =   300.61  PRESS =   169.2
 Etot   =    -51430.0386  EKtot   =      9774.4883  EPtot      =    -61204.5269
 BOND   =       421.8622  ANGLE   =      1047.5117  DIHED      =       688.8441
 1-4 NB =       456.8264  1-4 EEL =      5608.2886  VDWAALS    =      6773.8193
 EELEC  =    -76203.7770  EHBOND  =         0.0000  RESTRAINT  =         2.0978
 EAMBER (non-restraint)  =    -61206.6246
 EKCMT  =      4055.1540  VIRIAL  =      3488.2163  VOLUME     =    155218.6318
                                                    Density    =         1.0409
 ------------------------------------------------------------------------------

wrapping first mol.:       19.57382       27.68156       47.94587
wrapping first mol.:       19.57382       27.68156       47.94587

 NSTEP =    30000   TIME(PS) =    6560.000  TEMP(K) =   302.86  PRESS =    28.3
 Etot   =    -51297.9494  EKtot   =      9847.7383  EPtot      =    -61145.6877
 BOND   =       392.2492  ANGLE   =       995.5402  DIHED      =       707.3446
 1-4 NB =       471.1611  1-4 EEL =      5663.9825  VDWAALS    =      6894.9899
 EELEC  =    -76273.0795  EHBOND  =         0.0000  RESTRAINT  =         2.1243
 EAMBER (non-restraint)  =    -61147.8120
 EKCMT  =      4098.2527  VIRIAL  =      4002.8831  VOLUME     =    155871.7525
                                                    Density    =         1.0365
 ------------------------------------------------------------------------------

wrapping first mol.:       19.55879       27.66031       47.90906
wrapping first mol.:       19.55879       27.66031       47.90906

 NSTEP =    30500   TIME(PS) =    6561.000  TEMP(K) =   299.90  PRESS =   126.1
 Etot   =    -51261.9737  EKtot   =      9751.3252  EPtot      =    -61013.2989
 BOND   =       384.7634  ANGLE   =      1089.9256  DIHED      =       705.2282
 1-4 NB =       455.3755  1-4 EEL =      5598.1544  VDWAALS    =      6806.5230
 EELEC  =    -76055.7584  EHBOND  =         0.0000  RESTRAINT  =         2.4894
 EAMBER (non-restraint)  =    -61015.7883
 EKCMT  =      4087.4349  VIRIAL  =      3663.9045  VOLUME     =    155511.6631
                                                    Density    =         1.0389
 ------------------------------------------------------------------------------

wrapping first mol.:       19.56680       27.67163       47.92867
wrapping first mol.:       19.56680       27.67163       47.92867

 NSTEP =    31000   TIME(PS) =    6562.000  TEMP(K) =   297.10  PRESS =   296.9
 Etot   =    -51497.8297  EKtot   =      9660.2920  EPtot      =    -61158.1217
 BOND   =       406.2840  ANGLE   =      1056.0023  DIHED      =       695.5456
 1-4 NB =       455.1031  1-4 EEL =      5627.2832  VDWAALS    =      6962.8538
 EELEC  =    -76363.6574  EHBOND  =         0.0000  RESTRAINT  =         2.4637
 EAMBER (non-restraint)  =    -61160.5854
 EKCMT  =      4050.5449  VIRIAL  =      3052.3121  VOLUME     =    155700.3622
                                                    Density    =         1.0377
 ------------------------------------------------------------------------------

wrapping first mol.:       19.56947       27.67541       47.93522
wrapping first mol.:       19.56947       27.67541       47.93522

 NSTEP =    31500   TIME(PS) =    6563.000  TEMP(K) =   300.12  PRESS =  -150.6
 Etot   =    -51222.1725  EKtot   =      9758.6855  EPtot      =    -60980.8580
 BOND   =       400.0411  ANGLE   =      1080.6489  DIHED      =       707.8707
 1-4 NB =       460.4587  1-4 EEL =      5606.4902  VDWAALS    =      6796.6273
 EELEC  =    -76035.3528  EHBOND  =         0.0000  RESTRAINT  =         2.3578
 EAMBER (non-restraint)  =    -60983.2159
 EKCMT  =      4155.6362  VIRIAL  =      4662.0526  VOLUME     =    155770.3826
                                                    Density    =         1.0372
 ------------------------------------------------------------------------------

wrapping first mol.:       19.54855       27.64582       47.88396
wrapping first mol.:       19.54855       27.64582       47.88396

 NSTEP =    32000   TIME(PS) =    6564.000  TEMP(K) =   297.66  PRESS =   -88.3
 Etot   =    -51371.3870  EKtot   =      9678.5459  EPtot      =    -61049.9329
 BOND   =       417.3145  ANGLE   =      1060.0544  DIHED      =       719.8198
 1-4 NB =       455.0613  1-4 EEL =      5645.3491  VDWAALS    =      6623.6143
 EELEC  =    -75973.7552  EHBOND  =         0.0000  RESTRAINT  =         2.6088
 EAMBER (non-restraint)  =    -61052.5417
 EKCMT  =      3976.0042  VIRIAL  =      4271.8861  VOLUME     =    155270.3475
                                                    Density    =         1.0405
 ------------------------------------------------------------------------------

wrapping first mol.:       19.55826       27.65955       47.90774
wrapping first mol.:       19.55826       27.65955       47.90774

 NSTEP =    32500   TIME(PS) =    6565.000  TEMP(K) =   303.75  PRESS =   134.2
 Etot   =    -51260.0243  EKtot   =      9876.6797  EPtot      =    -61136.7040
 BOND   =       397.3363  ANGLE   =      1063.6195  DIHED      =       691.7308
 1-4 NB =       445.9589  1-4 EEL =      5613.4405  VDWAALS    =      6801.4314
 EELEC  =    -76152.7686  EHBOND  =         0.0000  RESTRAINT  =         2.5472
 EAMBER (non-restraint)  =    -61139.2512
 EKCMT  =      4149.8320  VIRIAL  =      3699.1137  VOLUME     =    155498.7376
                                                    Density    =         1.0390
 ------------------------------------------------------------------------------

wrapping first mol.:       19.55307       27.65221       47.89503
wrapping first mol.:       19.55307       27.65221       47.89503

 NSTEP =    33000   TIME(PS) =    6566.000  TEMP(K) =   300.72  PRESS =   -91.4
 Etot   =    -51558.9623  EKtot   =      9778.0293  EPtot      =    -61336.9916
 BOND   =       394.3234  ANGLE   =      1017.5592  DIHED      =       687.2392
 1-4 NB =       463.2774  1-4 EEL =      5613.1099  VDWAALS    =      6693.6657
 EELEC  =    -76208.5459  EHBOND  =         0.0000  RESTRAINT  =         2.3794
 EAMBER (non-restraint)  =    -61339.3711
 EKCMT  =      4101.4324  VIRIAL  =      4407.9139  VOLUME     =    155378.1368
                                                    Density    =         1.0398
 ------------------------------------------------------------------------------

wrapping first mol.:       19.55663       27.65725       47.90376
wrapping first mol.:       19.55663       27.65725       47.90376

 NSTEP =    33500   TIME(PS) =    6567.000  TEMP(K) =   301.87  PRESS =  -109.8
 Etot   =    -51446.2836  EKtot   =      9815.4893  EPtot      =    -61261.7729
 BOND   =       385.6535  ANGLE   =      1022.2263  DIHED      =       702.8754
 1-4 NB =       454.5974  1-4 EEL =      5632.2375  VDWAALS    =      6776.5495
 EELEC  =    -76238.5298  EHBOND  =         0.0000  RESTRAINT  =         2.6174
 EAMBER (non-restraint)  =    -61264.3903
 EKCMT  =      4079.2793  VIRIAL  =      4447.7615  VOLUME     =    155463.3542
                                                    Density    =         1.0392
 ------------------------------------------------------------------------------

wrapping first mol.:       19.53957       27.63312       47.86196
wrapping first mol.:       19.53957       27.63312       47.86196

 NSTEP =    34000   TIME(PS) =    6568.000  TEMP(K) =   300.39  PRESS =  -233.5
 Etot   =    -51227.2741  EKtot   =      9767.2969  EPtot      =    -60994.5710
 BOND   =       403.8655  ANGLE   =      1056.9834  DIHED      =       703.6216
 1-4 NB =       452.4246  1-4 EEL =      5609.4558  VDWAALS    =      6409.2680
 EELEC  =    -75632.6320  EHBOND  =         0.0000  RESTRAINT  =         2.4421
 EAMBER (non-restraint)  =    -60997.0131
 EKCMT  =      4056.5893  VIRIAL  =      4838.4511  VOLUME     =    155058.4631
                                                    Density    =         1.0420
 ------------------------------------------------------------------------------

wrapping first mol.:       19.56027       27.66240       47.91269
wrapping first mol.:       19.56027       27.66240       47.91269

 NSTEP =    34500   TIME(PS) =    6569.000  TEMP(K) =   300.80  PRESS =   362.8
 Etot   =    -51227.2773  EKtot   =      9780.5840  EPtot      =    -61007.8613
 BOND   =       396.5860  ANGLE   =      1065.3120  DIHED      =       711.0087
 1-4 NB =       457.1183  1-4 EEL =      5661.3257  VDWAALS    =      6923.8931
 EELEC  =    -76225.4877  EHBOND  =         0.0000  RESTRAINT  =         2.3827
 EAMBER (non-restraint)  =    -61010.2439
 EKCMT  =      4142.0473  VIRIAL  =      2923.5239  VOLUME     =    155543.7332
                                                    Density    =         1.0387
 ------------------------------------------------------------------------------

wrapping first mol.:       19.56151       27.66415       47.91571
wrapping first mol.:       19.56151       27.66415       47.91571

 NSTEP =    35000   TIME(PS) =    6570.000  TEMP(K) =   298.63  PRESS =   -29.1
 Etot   =    -51352.3204  EKtot   =      9710.0781  EPtot      =    -61062.3986
 BOND   =       420.6327  ANGLE   =      1085.2308  DIHED      =       688.8032
 1-4 NB =       452.4585  1-4 EEL =      5601.6155  VDWAALS    =      6717.9724
 EELEC  =    -76031.7576  EHBOND  =         0.0000  RESTRAINT  =         2.6460
 EAMBER (non-restraint)  =    -61065.0446
 EKCMT  =      3992.7229  VIRIAL  =      4090.3123  VOLUME     =    155578.6502
                                                    Density    =         1.0385
 ------------------------------------------------------------------------------

wrapping first mol.:       19.55943       27.66121       47.91062
wrapping first mol.:       19.55943       27.66121       47.91062

 NSTEP =    35500   TIME(PS) =    6571.000  TEMP(K) =   300.16  PRESS =   508.9
 Etot   =    -51414.9593  EKtot   =      9759.9180  EPtot      =    -61174.8773
 BOND   =       395.3794  ANGLE   =      1049.3676  DIHED      =       719.5743
 1-4 NB =       455.8555  1-4 EEL =      5642.5167  VDWAALS    =      7032.5165
 EELEC  =    -76472.7355  EHBOND  =         0.0000  RESTRAINT  =         2.6483
 EAMBER (non-restraint)  =    -61177.5256
 EKCMT  =      4090.9806  VIRIAL  =      2382.2615  VOLUME     =    155521.5806
                                                    Density    =         1.0389
 ------------------------------------------------------------------------------

wrapping first mol.:       19.55481       27.65468       47.89930
wrapping first mol.:       19.55481       27.65468       47.89930

 NSTEP =    36000   TIME(PS) =    6572.000  TEMP(K) =   297.43  PRESS =  -236.1
 Etot   =    -51505.8680  EKtot   =      9671.1318  EPtot      =    -61176.9999
 BOND   =       403.2816  ANGLE   =      1052.4984  DIHED      =       728.4960
 1-4 NB =       446.1747  1-4 EEL =      5637.7170  VDWAALS    =      6659.6981
 EELEC  =    -76107.1055  EHBOND  =         0.0000  RESTRAINT  =         2.2399
 EAMBER (non-restraint)  =    -61179.2397
 EKCMT  =      4115.1071  VIRIAL  =      4907.3452  VOLUME     =    155421.7155
                                                    Density    =         1.0395
 ------------------------------------------------------------------------------

wrapping first mol.:       19.55482       27.65469       47.89933
wrapping first mol.:       19.55482       27.65469       47.89933

 NSTEP =    36500   TIME(PS) =    6573.000  TEMP(K) =   303.93  PRESS =   227.5
 Etot   =    -51191.1759  EKtot   =      9882.5361  EPtot      =    -61073.7120
 BOND   =       433.9903  ANGLE   =      1009.3739  DIHED      =       718.2221
 1-4 NB =       469.4606  1-4 EEL =      5650.7617  VDWAALS    =      6872.7220
 EELEC  =    -76230.4599  EHBOND  =         0.0000  RESTRAINT  =         2.2173
 EAMBER (non-restraint)  =    -61075.9293
 EKCMT  =      4156.9440  VIRIAL  =      3393.6014  VOLUME     =    155415.5417
                                                    Density    =         1.0396
 ------------------------------------------------------------------------------

wrapping first mol.:       19.56465       27.66859       47.92340
wrapping first mol.:       19.56465       27.66859       47.92340

 NSTEP =    37000   TIME(PS) =    6574.000  TEMP(K) =   298.96  PRESS =    11.2
 Etot   =    -51453.8309  EKtot   =      9720.8496  EPtot      =    -61174.6805
 BOND   =       416.0147  ANGLE   =      1016.5712  DIHED      =       736.8714
 1-4 NB =       457.5611  1-4 EEL =      5616.0024  VDWAALS    =      6826.8877
 EELEC  =    -76247.3922  EHBOND  =         0.0000  RESTRAINT  =         2.8032
 EAMBER (non-restraint)  =    -61177.4837
 EKCMT  =      4088.5571  VIRIAL  =      4050.8078  VOLUME     =    155652.9940
                                                    Density    =         1.0380
 ------------------------------------------------------------------------------

wrapping first mol.:       19.54434       27.63987       47.87366
wrapping first mol.:       19.54434       27.63987       47.87366

 NSTEP =    37500   TIME(PS) =    6575.000  TEMP(K) =   298.87  PRESS =   227.5
 Etot   =    -51171.5403  EKtot   =      9717.8721  EPtot      =    -60889.4124
 BOND   =       416.5908  ANGLE   =      1090.5595  DIHED      =       723.7765
 1-4 NB =       451.0790  1-4 EEL =      5585.7227  VDWAALS    =      6791.7441
 EELEC  =    -75951.5510  EHBOND  =         0.0000  RESTRAINT  =         2.6661
 EAMBER (non-restraint)  =    -60892.0785
 EKCMT  =      4116.3083  VIRIAL  =      3354.0446  VOLUME     =    155165.8343
                                                    Density    =         1.0412
 ------------------------------------------------------------------------------

wrapping first mol.:       19.53902       27.63235       47.86063
wrapping first mol.:       19.53902       27.63235       47.86063

 NSTEP =    38000   TIME(PS) =    6576.000  TEMP(K) =   302.44  PRESS =   -59.2
 Etot   =    -51161.4340  EKtot   =      9833.8672  EPtot      =    -60995.3012
 BOND   =       400.0391  ANGLE   =      1093.9117  DIHED      =       689.7319
 1-4 NB =       454.3177  1-4 EEL =      5672.1558  VDWAALS    =      6605.5513
 EELEC  =    -75913.6753  EHBOND  =         0.0000  RESTRAINT  =         2.6665
 EAMBER (non-restraint)  =    -60997.9677
 EKCMT  =      4097.5736  VIRIAL  =      4295.7028  VOLUME     =    155043.1046
                                                    Density    =         1.0421
 ------------------------------------------------------------------------------

wrapping first mol.:       19.56023       27.66235       47.91258
wrapping first mol.:       19.56023       27.66235       47.91258

 NSTEP =    38500   TIME(PS) =    6577.000  TEMP(K) =   304.55  PRESS =   153.4
 Etot   =    -51236.5992  EKtot   =      9902.4463  EPtot      =    -61139.0455
 BOND   =       398.8314  ANGLE   =      1020.9119  DIHED      =       730.2656
 1-4 NB =       451.8580  1-4 EEL =      5628.3718  VDWAALS    =      6788.4901
 EELEC  =    -76160.7547  EHBOND  =         0.0000  RESTRAINT  =         2.9804
 EAMBER (non-restraint)  =    -61142.0259
 EKCMT  =      4121.4537  VIRIAL  =      3606.1484  VOLUME     =    155545.6462
                                                    Density    =         1.0387
 ------------------------------------------------------------------------------

wrapping first mol.:       19.55095       27.64922       47.88985
wrapping first mol.:       19.55095       27.64922       47.88985

 NSTEP =    39000   TIME(PS) =    6578.000  TEMP(K) =   298.74  PRESS =  -175.5
 Etot   =    -51444.5483  EKtot   =      9713.5527  EPtot      =    -61158.1011
 BOND   =       393.0388  ANGLE   =      1057.1362  DIHED      =       714.8168
 1-4 NB =       455.1770  1-4 EEL =      5635.1043  VDWAALS    =      6654.0524
 EELEC  =    -76070.2611  EHBOND  =         0.0000  RESTRAINT  =         2.8345
 EAMBER (non-restraint)  =    -61160.9356
 EKCMT  =      4031.9431  VIRIAL  =      4620.5096  VOLUME     =    155328.8976
                                                    Density    =         1.0401
 ------------------------------------------------------------------------------

wrapping first mol.:       19.55835       27.65968       47.90798
wrapping first mol.:       19.55835       27.65968       47.90798

 NSTEP =    39500   TIME(PS) =    6579.000  TEMP(K) =   299.30  PRESS =  -302.2
 Etot   =    -51410.0548  EKtot   =      9731.8301  EPtot      =    -61141.8848
 BOND   =       405.8821  ANGLE   =      1097.7365  DIHED      =       714.2363
 1-4 NB =       447.3051  1-4 EEL =      5649.8805  VDWAALS    =      6731.4759
 EELEC  =    -76191.3266  EHBOND  =         0.0000  RESTRAINT  =         2.9253
 EAMBER (non-restraint)  =    -61144.8101
 EKCMT  =      4075.0458  VIRIAL  =      5089.6944  VOLUME     =    155507.0784
                                                    Density    =         1.0389
 ------------------------------------------------------------------------------

wrapping first mol.:       19.54606       27.64231       47.87787
wrapping first mol.:       19.54606       27.64231       47.87787

 NSTEP =    40000   TIME(PS) =    6580.000  TEMP(K) =   298.16  PRESS =  -213.6
 Etot   =    -51403.3718  EKtot   =      9694.9014  EPtot      =    -61098.2731
 BOND   =       407.8028  ANGLE   =      1040.1653  DIHED      =       693.5400
 1-4 NB =       464.9851  1-4 EEL =      5647.0123  VDWAALS    =      6695.2412
 EELEC  =    -76049.4437  EHBOND  =         0.0000  RESTRAINT  =         2.4239
 EAMBER (non-restraint)  =    -61100.6970
 EKCMT  =      4076.9386  VIRIAL  =      4792.6014  VOLUME     =    155212.9079
                                                    Density    =         1.0409
 ------------------------------------------------------------------------------

wrapping first mol.:       19.54953       27.64721       47.88637
wrapping first mol.:       19.54953       27.64721       47.88637

 NSTEP =    40500   TIME(PS) =    6581.000  TEMP(K) =   301.82  PRESS =   -24.9
 Etot   =    -51286.0568  EKtot   =      9813.8340  EPtot      =    -61099.8908
 BOND   =       406.0469  ANGLE   =      1096.1021  DIHED      =       712.1341
 1-4 NB =       461.6747  1-4 EEL =      5648.1309  VDWAALS    =      6764.8765
 EELEC  =    -76191.5303  EHBOND  =         0.0000  RESTRAINT  =         2.6743
 EAMBER (non-restraint)  =    -61102.5652
 EKCMT  =      4116.7021  VIRIAL  =      4200.0530  VOLUME     =    155292.9202
                                                    Density    =         1.0404
 ------------------------------------------------------------------------------

wrapping first mol.:       19.55747       27.65844       47.90582
wrapping first mol.:       19.55747       27.65844       47.90582

 NSTEP =    41000   TIME(PS) =    6582.000  TEMP(K) =   299.60  PRESS =   185.4
 Etot   =    -51426.7500  EKtot   =      9741.5908  EPtot      =    -61168.3409
 BOND   =       403.7272  ANGLE   =      1040.5809  DIHED      =       697.5520
 1-4 NB =       463.5233  1-4 EEL =      5667.7505  VDWAALS    =      6891.8346
 EELEC  =    -76335.6625  EHBOND  =         0.0000  RESTRAINT  =         2.3532
 EAMBER (non-restraint)  =    -61170.6941
 EKCMT  =      4098.6157  VIRIAL  =      3476.1987  VOLUME     =    155479.3300
                                                    Density    =         1.0391
 ------------------------------------------------------------------------------

wrapping first mol.:       19.56977       27.67583       47.93594
wrapping first mol.:       19.56977       27.67583       47.93594

 NSTEP =    41500   TIME(PS) =    6583.000  TEMP(K) =   300.23  PRESS =    36.7
 Etot   =    -51288.6879  EKtot   =      9762.2158  EPtot      =    -61050.9037
 BOND   =       399.3445  ANGLE   =      1083.5001  DIHED      =       719.2187
 1-4 NB =       467.6113  1-4 EEL =      5610.4192  VDWAALS    =      6706.8103
 EELEC  =    -76040.2880  EHBOND  =         0.0000  RESTRAINT  =         2.4801
 EAMBER (non-restraint)  =    -61053.3838
 EKCMT  =      4091.5020  VIRIAL  =      3968.0804  VOLUME     =    155774.8394
                                                    Density    =         1.0372
 ------------------------------------------------------------------------------

wrapping first mol.:       19.54812       27.64521       47.88291
wrapping first mol.:       19.54812       27.64521       47.88291

 NSTEP =    42000   TIME(PS) =    6584.000  TEMP(K) =   303.19  PRESS =   122.9
 Etot   =    -51157.1232  EKtot   =      9858.2285  EPtot      =    -61015.3517
 BOND   =       387.3693  ANGLE   =      1068.6927  DIHED      =       713.6232
 1-4 NB =       477.2553  1-4 EEL =      5682.9035  VDWAALS    =      6711.7888
 EELEC  =    -76059.3284  EHBOND  =         0.0000  RESTRAINT  =         2.3440
 EAMBER (non-restraint)  =    -61017.6957
 EKCMT  =      4181.9013  VIRIAL  =      3769.7658  VOLUME     =    155257.2553
                                                    Density    =         1.0406
 ------------------------------------------------------------------------------

wrapping first mol.:       19.55674       27.65741       47.90404
wrapping first mol.:       19.55674       27.65741       47.90404

 NSTEP =    42500   TIME(PS) =    6585.000  TEMP(K) =   294.72  PRESS =   -29.2
 Etot   =    -51665.8371  EKtot   =      9583.0615  EPtot      =    -61248.8987
 BOND   =       390.6554  ANGLE   =      1060.1875  DIHED      =       699.6548
 1-4 NB =       466.8880  1-4 EEL =      5701.3468  VDWAALS    =      6771.9949
 EELEC  =    -76342.2319  EHBOND  =         0.0000  RESTRAINT  =         2.6059
 EAMBER (non-restraint)  =    -61251.5046
 EKCMT  =      4010.2059  VIRIAL  =      4108.0724  VOLUME     =    155464.9480
                                                    Density    =         1.0392
 ------------------------------------------------------------------------------

wrapping first mol.:       19.53018       27.61984       47.83897
wrapping first mol.:       19.53018       27.61984       47.83897

 NSTEP =    43000   TIME(PS) =    6586.000  TEMP(K) =   302.35  PRESS =  -368.2
 Etot   =    -51163.2838  EKtot   =      9831.1494  EPtot      =    -60994.4332
 BOND   =       418.8469  ANGLE   =      1069.5911  DIHED      =       712.5327
 1-4 NB =       453.9975  1-4 EEL =      5616.0629  VDWAALS    =      6542.2183
 EELEC  =    -75810.1849  EHBOND  =         0.0000  RESTRAINT  =         2.5022
 EAMBER (non-restraint)  =    -60996.9355
 EKCMT  =      4063.8577  VIRIAL  =      5294.8961  VOLUME     =    154836.9852
                                                    Density    =         1.0434
 ------------------------------------------------------------------------------

wrapping first mol.:       19.54115       27.63536       47.86584
wrapping first mol.:       19.54115       27.63536       47.86584

 NSTEP =    43500   TIME(PS) =    6587.000  TEMP(K) =   306.84  PRESS =   345.7
 Etot   =    -50958.6371  EKtot   =      9976.9561  EPtot      =    -60935.5931
 BOND   =       403.2098  ANGLE   =      1059.8752  DIHED      =       707.3726
 1-4 NB =       458.4234  1-4 EEL =      5616.4718  VDWAALS    =      6797.5271
 EELEC  =    -75980.6363  EHBOND  =         0.0000  RESTRAINT  =         2.1632
 EAMBER (non-restraint)  =    -60937.7564
 EKCMT  =      4171.3961  VIRIAL  =      3013.7176  VOLUME     =    155088.1674
                                                    Density    =         1.0418
 ------------------------------------------------------------------------------

wrapping first mol.:       19.52706       27.61544       47.83134
wrapping first mol.:       19.52706       27.61544       47.83134

 NSTEP =    44000   TIME(PS) =    6588.000  TEMP(K) =   293.40  PRESS =  -123.2
 Etot   =    -51592.3897  EKtot   =      9539.8848  EPtot      =    -61132.2745
 BOND   =       407.8132  ANGLE   =      1019.7131  DIHED      =       721.6931
 1-4 NB =       472.5784  1-4 EEL =      5616.7503  VDWAALS    =      6776.9806
 EELEC  =    -76149.6580  EHBOND  =         0.0000  RESTRAINT  =         1.8547
 EAMBER (non-restraint)  =    -61134.1292
 EKCMT  =      3988.8084  VIRIAL  =      4400.5413  VOLUME     =    154759.5007
                                                    Density    =         1.0440
 ------------------------------------------------------------------------------

wrapping first mol.:       19.53797       27.63086       47.85805
wrapping first mol.:       19.53797       27.63086       47.85805

 NSTEP =    44500   TIME(PS) =    6589.000  TEMP(K) =   299.48  PRESS =   158.9
 Etot   =    -51494.3392  EKtot   =      9737.8057  EPtot      =    -61232.1448
 BOND   =       444.5041  ANGLE   =      1049.3580  DIHED      =       711.4873
 1-4 NB =       458.5826  1-4 EEL =      5648.5895  VDWAALS    =      6848.8720
 EELEC  =    -76395.5506  EHBOND  =         0.0000  RESTRAINT  =         2.0122
 EAMBER (non-restraint)  =    -61234.1570
 EKCMT  =      4061.4210  VIRIAL  =      3529.4504  VOLUME     =    155015.0872
                                                    Density    =         1.0422
 ------------------------------------------------------------------------------

wrapping first mol.:       19.52290       27.60955       47.82114
wrapping first mol.:       19.52290       27.60955       47.82114

 NSTEP =    45000   TIME(PS) =    6590.000  TEMP(K) =   299.61  PRESS =  -225.4
 Etot   =    -51237.8521  EKtot   =      9741.8125  EPtot      =    -60979.6646
 BOND   =       383.4224  ANGLE   =      1027.5159  DIHED      =       698.0941
 1-4 NB =       464.3353  1-4 EEL =      5643.9681  VDWAALS    =      6683.6532
 EELEC  =    -75882.6163  EHBOND  =         0.0000  RESTRAINT  =         1.9626
 EAMBER (non-restraint)  =    -60981.6272
 EKCMT  =      4133.2621  VIRIAL  =      4886.0507  VOLUME     =    154661.9332
                                                    Density    =         1.0446
 ------------------------------------------------------------------------------

wrapping first mol.:       19.53573       27.62769       47.85257
wrapping first mol.:       19.53573       27.62769       47.85257

 NSTEP =    45500   TIME(PS) =    6591.000  TEMP(K) =   302.37  PRESS =  -121.0
 Etot   =    -51310.4653  EKtot   =      9831.5625  EPtot      =    -61142.0278
 BOND   =       409.6992  ANGLE   =      1041.3695  DIHED      =       732.0181
 1-4 NB =       465.0757  1-4 EEL =      5641.3476  VDWAALS    =      6637.2204
 EELEC  =    -76070.6608  EHBOND  =         0.0000  RESTRAINT  =         1.9025
 EAMBER (non-restraint)  =    -61143.9303
 EKCMT  =      4119.9757  VIRIAL  =      4524.7216  VOLUME     =    154965.6227
                                                    Density    =         1.0426
 ------------------------------------------------------------------------------

wrapping first mol.:       19.55861       27.66005       47.90860
wrapping first mol.:       19.55861       27.66005       47.90860

 NSTEP =    46000   TIME(PS) =    6592.000  TEMP(K) =   300.72  PRESS =  -186.6
 Etot   =    -51293.5301  EKtot   =      9777.9854  EPtot      =    -61071.5154
 BOND   =       410.3004  ANGLE   =      1088.7604  DIHED      =       739.1051
 1-4 NB =       466.7959  1-4 EEL =      5573.1404  VDWAALS    =      6763.7664
 EELEC  =    -76115.4187  EHBOND  =         0.0000  RESTRAINT  =         2.0346
 EAMBER (non-restraint)  =    -61073.5500
 EKCMT  =      4019.2810  VIRIAL  =      4645.7312  VOLUME     =    155511.5741
                                                    Density    =         1.0389
 ------------------------------------------------------------------------------

wrapping first mol.:       19.54818       27.64530       47.88306
wrapping first mol.:       19.54818       27.64530       47.88306

 NSTEP =    46500   TIME(PS) =    6593.000  TEMP(K) =   299.24  PRESS =  -139.0
 Etot   =    -51311.7721  EKtot   =      9729.9932  EPtot      =    -61041.7652
 BOND   =       414.0983  ANGLE   =      1073.3910  DIHED      =       705.5173
 1-4 NB =       465.2921  1-4 EEL =      5634.5209  VDWAALS    =      6682.6193
 EELEC  =    -76019.2554  EHBOND  =         0.0000  RESTRAINT  =         2.0513
 EAMBER (non-restraint)  =    -61043.8165
 EKCMT  =      4022.1516  VIRIAL  =      4488.0586  VOLUME     =    155262.3608
                                                    Density    =         1.0406
 ------------------------------------------------------------------------------

wrapping first mol.:       19.55903       27.66064       47.90963
wrapping first mol.:       19.55903       27.66064       47.90963

 NSTEP =    47000   TIME(PS) =    6594.000  TEMP(K) =   304.97  PRESS =   102.6
 Etot   =    -51099.0436  EKtot   =      9916.3389  EPtot      =    -61015.3825
 BOND   =       423.7746  ANGLE   =      1058.2915  DIHED      =       723.7324
 1-4 NB =       444.6635  1-4 EEL =      5621.2331  VDWAALS    =      6681.6641
 EELEC  =    -75971.1206  EHBOND  =         0.0000  RESTRAINT  =         2.3789
 EAMBER (non-restraint)  =    -61017.7614
 EKCMT  =      4113.4187  VIRIAL  =      3768.9586  VOLUME     =    155517.5474
                                                    Density    =         1.0389
 ------------------------------------------------------------------------------

wrapping first mol.:       19.55996       27.66196       47.91192
wrapping first mol.:       19.55996       27.66196       47.91192

 NSTEP =    47500   TIME(PS) =    6595.000  TEMP(K) =   299.31  PRESS =   211.9
 Etot   =    -51240.9021  EKtot   =      9732.1006  EPtot      =    -60973.0027
 BOND   =       409.2174  ANGLE   =      1053.5321  DIHED      =       730.3118
 1-4 NB =       471.8972  1-4 EEL =      5619.1443  VDWAALS    =      6771.5254
 EELEC  =    -76031.4702  EHBOND  =         0.0000  RESTRAINT  =         2.8392
 EAMBER (non-restraint)  =    -60975.8419
 EKCMT  =      4057.3254  VIRIAL  =      3345.7780  VOLUME     =    155538.3444
                                                    Density    =         1.0387
 ------------------------------------------------------------------------------

wrapping first mol.:       19.54873       27.64607       47.88440
wrapping first mol.:       19.54873       27.64607       47.88440

 NSTEP =    48000   TIME(PS) =    6596.000  TEMP(K) =   298.35  PRESS =   171.4
 Etot   =    -51151.2587  EKtot   =      9700.9199  EPtot      =    -60852.1786
 BOND   =       418.7474  ANGLE   =      1035.2379  DIHED      =       723.9322
 1-4 NB =       464.8560  1-4 EEL =      5647.9402  VDWAALS    =      6706.1006
 EELEC  =    -75851.9912  EHBOND  =         0.0000  RESTRAINT  =         2.9982
 EAMBER (non-restraint)  =    -60855.1768
 EKCMT  =      4062.9466  VIRIAL  =      3488.1618  VOLUME     =    155271.0599
                                                    Density    =         1.0405
 ------------------------------------------------------------------------------

wrapping first mol.:       19.53918       27.63257       47.86102
wrapping first mol.:       19.53918       27.63257       47.86102

 NSTEP =    48500   TIME(PS) =    6597.000  TEMP(K) =   297.98  PRESS =  -362.6
 Etot   =    -51235.2825  EKtot   =      9689.0146  EPtot      =    -60924.2972
 BOND   =       363.0332  ANGLE   =      1056.1589  DIHED      =       724.3043
 1-4 NB =       458.3739  1-4 EEL =      5636.1569  VDWAALS    =      6565.7810
 EELEC  =    -75730.9877  EHBOND  =         0.0000  RESTRAINT  =         2.8825
 EAMBER (non-restraint)  =    -60927.1797
 EKCMT  =      4040.7244  VIRIAL  =      5254.7447  VOLUME     =    155051.1055
                                                    Density    =         1.0420
 ------------------------------------------------------------------------------

wrapping first mol.:       19.52437       27.61163       47.82475
wrapping first mol.:       19.52437       27.61163       47.82475

 NSTEP =    49000   TIME(PS) =    6598.000  TEMP(K) =   298.71  PRESS =   101.9
 Etot   =    -51248.2650  EKtot   =      9712.5400  EPtot      =    -60960.8051
 BOND   =       441.1986  ANGLE   =      1071.6171  DIHED      =       708.2105
 1-4 NB =       462.9361  1-4 EEL =      5597.9494  VDWAALS    =      6687.4567
 EELEC  =    -75932.7265  EHBOND  =         0.0000  RESTRAINT  =         2.5529
 EAMBER (non-restraint)  =    -60963.3580
 EKCMT  =      4158.1067  VIRIAL  =      3817.7167  VOLUME     =    154692.4359
                                                    Density    =         1.0444
 ------------------------------------------------------------------------------

wrapping first mol.:       19.53095       27.62093       47.84086
wrapping first mol.:       19.53095       27.62093       47.84086

 NSTEP =    49500   TIME(PS) =    6599.000  TEMP(K) =   300.68  PRESS =   145.3
 Etot   =    -51419.7370  EKtot   =      9776.6982  EPtot      =    -61196.4352
 BOND   =       413.2278  ANGLE   =      1031.5886  DIHED      =       732.5315
 1-4 NB =       460.9340  1-4 EEL =      5607.3739  VDWAALS    =      6820.1348
 EELEC  =    -76265.1619  EHBOND  =         0.0000  RESTRAINT  =         2.9360
 EAMBER (non-restraint)  =    -61199.3713
 EKCMT  =      4045.5271  VIRIAL  =      3559.6785  VOLUME     =    154848.2159
                                                    Density    =         1.0434
 ------------------------------------------------------------------------------

wrapping first mol.:       19.55750       27.65848       47.90590
wrapping first mol.:       19.55750       27.65848       47.90590

 NSTEP =    50000   TIME(PS) =    6600.000  TEMP(K) =   302.67  PRESS =  -294.3
 Etot   =    -51254.4910  EKtot   =      9841.5098  EPtot      =    -61096.0008
 BOND   =       427.9989  ANGLE   =      1045.1943  DIHED      =       728.6379
 1-4 NB =       463.0135  1-4 EEL =      5619.3812  VDWAALS    =      6579.0734
 EELEC  =    -75962.2247  EHBOND  =         0.0000  RESTRAINT  =         2.9247
 EAMBER (non-restraint)  =    -61098.9255
 EKCMT  =      4176.0346  VIRIAL  =      5163.9033  VOLUME     =    155486.7314
                                                    Density    =         1.0391
 ------------------------------------------------------------------------------


      A V E R A G E S   O V E R     100 S T E P S


 NSTEP =    50000   TIME(PS) =    6600.000  TEMP(K) =   300.31  PRESS =   -13.2
 Etot   =    -51335.4137  EKtot   =      9764.7911  EPtot      =    -61100.2048
 BOND   =       408.0671  ANGLE   =      1057.9728  DIHED      =       708.9139
 1-4 NB =       458.1820  1-4 EEL =      5635.2000  VDWAALS    =      6748.0017
 EELEC  =    -76118.4845  EHBOND  =         0.0000  RESTRAINT  =         1.9422
 EAMBER (non-restraint)  =    -61102.1470
 EKCMT  =      4085.7359  VIRIAL  =      4129.8522  VOLUME     =    155278.6688
                                                    Density    =         1.0405
 ------------------------------------------------------------------------------


      R M S  F L U C T U A T I O N S


 NSTEP =    50000   TIME(PS) =    6600.000  TEMP(K) =     2.58  PRESS =   213.6
 Etot   =       158.9860  EKtot   =        83.9088  EPtot      =       118.1634
 BOND   =        17.3899  ANGLE   =        24.0368  DIHED      =        12.7267
 1-4 NB =         8.0907  1-4 EEL =        30.8190  VDWAALS    =       116.7530
 EELEC  =       189.6093  EHBOND  =         0.0000  RESTRAINT  =         0.6243
 EAMBER (non-restraint)  =       117.5391
 EKCMT  =        45.0996  VIRIAL  =       709.3707  VOLUME     =       282.5526
                                                    Density    =         0.0019
 ------------------------------------------------------------------------------

--------------------------------------------------------------------------------
   5.  TIMINGS
--------------------------------------------------------------------------------

|  NonSetup CPU Time in Major Routines:
|
|     Routine           Sec        %
|     ------------------------------
|     Nonbond          72.35   83.28
|     Bond              0.00    0.00
|     Angle             0.00    0.00
|     Dihedral          0.00    0.00
|     Shake             0.25    0.29
|     RunMD            14.18   16.32
|     Other             0.10    0.11
|     ------------------------------
|     Total            86.87

|  PME Nonbond Pairlist CPU Time:
|
|     Routine              Sec        %
|     ---------------------------------
|     Set Up Cit           0.00    0.00
|     Build List           0.00    0.00
|     ---------------------------------
|     Total                0.00    0.00

|  PME Direct Force CPU Time:
|
|     Routine              Sec        %
|     ---------------------------------
|     NonBonded Calc       0.00    0.00
|     Exclude Masked       0.00    0.00
|     Other                0.06    0.06
|     ---------------------------------
|     Total                0.06    0.06

|  PME Reciprocal Force CPU Time:
|
|     Routine              Sec        %
|     ---------------------------------
|     1D bspline           0.00    0.00
|     Grid Charges         0.00    0.00
|     Scalar Sum           0.00    0.00
|     Gradient Sum         0.00    0.00
|     FFT                  0.00    0.00
|     ---------------------------------
|     Total                0.00    0.00

|  Final Performance Info:
|     -----------------------------------------------------
|     Average timings for last   14500 steps:
|     Elapsed(s) =      25.19 Per Step(ms) =       1.74
|         ns/day =      99.48   seconds/ns =     868.52
|
|     Average timings for all steps:
|     Elapsed(s) =      86.86 Per Step(ms) =       1.74
|         ns/day =      99.47   seconds/ns =     868.58
|     -----------------------------------------------------

|  Setup CPU time:            0.64 seconds
|  NonSetup CPU time:        86.87 seconds
|  Total CPU time:           87.51 seconds     0.02 hours

|  Setup wall time:           0    seconds
|  NonSetup wall time:       87    seconds
|  Total wall time:          87    seconds     0.02 hours
