
          -------------------------------------------------------
          Amber 18 PMEMD                              2018
          -------------------------------------------------------

| PMEMD implementation of SANDER, Release 18

| Run on 09/30/2019 at 00:07:11

|   Executable path: pmemd.cuda
| Working directory: /home/pbarletta/lbp/run/2ifb/mhe/e
|          Hostname: Unknown
  [-O]verwriting output

File Assignments:
|   MDIN: 72equ.in                                                              
|  MDOUT: 72equ.out                                                             
| INPCRD: 71e2ifb.rst7                                                          
|   PARM: /home/pbarletta/lbp/top_files/2ifb.prmtop                             
| RESTRT: 72e2ifb.rst7                                                          
|   REFC: 71e2ifb.rst7                                                          
|  MDVEL: mdvel                                                                 
|   MDEN: mden                                                                  
|  MDCRD: 72e2ifb.nc                                                            
| MDINFO: mdinfo                                                                
|  MDFRC: mdfrc                                                                 


 Here is the input file:

Equilibration with solute restrictions                                         
&cntrl                                                                         
imin = 0,                           ! No Minimization                          
nmropt = 0,                         ! No NMR restraints read                   
                                                                               
! Nature and format of the input                                               
ntx = 5,                            ! Coordinates but no velocities will be rea
irest = 1,                          ! Do not run a new simulation              
                                                                               
! Nature and format of the output                                              
ntxo = 1,                           ! rstrt file in ASCII format               
ntpr = 500,                         ! inf in output every ntpr steps           
ntwr = 500,                         ! rstrt file every ntwr steps              
ntwx = 500,                         ! mdcrd file every ntwx steps              
ntwv = 0,                           ! mdvel without velocities                 
ntwe = 0,                           ! Do not write energies and temperatures   
idecomp = 0,                        ! No energy decomposition                  
iwrap = 1,                          ! Coordinates of the restart and mdcrd file
                                                                               
! Frozen or restrained atoms                                                   
ibelly = 0,                         ! No frozen atoms                          
ntr=1,                              ! Harmonic potential restraints            
restraint_wt = 0.0005,                ! The weight for the positional restraint
restraintmask = ':1-131@N,CA,C,O',  ! restrained residues                      
                                                                               
! Molecular dynamics                                                           
nstlim = 50000,                     ! Number of MD-steps                       
dt = 0.002,                         ! Time step                                
                                                                               
! Temperature regulation                                                       
ntt = 3,                            ! Langevin thermostat                      
gamma_ln = 5,                       ! Gamma constant for Langevin              
temp0 = 300.0,                      ! Reference T at which the system is to be 
tempi = 300.0,                      ! Initial T                                
ig = -1,                            ! Seed for the RNG                         
                                                                               
! P and V regulation                                                           
ntp = 1,                            ! constant P                               
barostat = 1,                       ! Berendsen barostat                       
taup = 1,                           ! Pressure relaxation time                 
ntb = 2,                            ! Periodic box for constant P              
                                                                               
! SHAKE variables                                                              
ntc = 2,                            ! Bonds involving H are constrained        
ntf = 2,                            ! Bond interaction involving H are ommited.
                                                                               
cut = 10.0,                         ! Nonbonded cutoff                         
/                                                                              
&end                                                                           


Note: ig = -1. Setting random seed to   301254 based on wallclock time in 
      microseconds.
| irandom = 1, using AMBER's internal random number generator (default).
 
|--------------------- INFORMATION ----------------------
| GPU (CUDA) Version of PMEMD in use: NVIDIA GPU IN USE.
|                    Version 18.0.0
| 
|                      03/25/2018
| 
| Implementation by:
|                    Ross C. Walker     (SDSC)
|                    Scott Le Grand     (nVIDIA)
| 
| Version 18 performance extensions by:
|                    David Cerutti     (Rutgers)
| 
| Precision model in use:
|      [SPFP] - Single Precision Forces, 64-bit Fixed Point
|               Accumulation. (Default)
| 
|--------------------------------------------------------
 
|----------------- CITATION INFORMATION -----------------
|
|    When publishing work that utilized the CUDA version
|    of AMBER, please cite the following in addition to
|    the regular AMBER citations:
|
|  - Romelia Salomon-Ferrer; Andreas W. Goetz; Duncan
|    Poole; Scott Le Grand; Ross C. Walker "Routine
|    microsecond molecular dynamics simulations with
|    AMBER - Part II: Particle Mesh Ewald", J. Chem.
|    Theory Comput., 2013, 9 (9), pp3878-3888,
|    DOI: 10.1021/ct400314y.
|
|  - Andreas W. Goetz; Mark J. Williamson; Dong Xu;
|    Duncan Poole; Scott Le Grand; Ross C. Walker
|    "Routine microsecond molecular dynamics simulations
|    with AMBER - Part I: Generalized Born", J. Chem.
|    Theory Comput., 2012, 8 (5), pp1542-1555.
|
|  - Scott Le Grand; Andreas W. Goetz; Ross C. Walker
|    "SPFP: Speed without compromise - a mixed precision
|    model for GPU accelerated molecular dynamics
|    simulations.", Comp. Phys. Comm., 2013, 184
|    pp374-380, DOI: 10.1016/j.cpc.2012.09.022
|
|--------------------------------------------------------
 
|------------------- GPU DEVICE INFO --------------------
|
|            CUDA_VISIBLE_DEVICES: 1
|   CUDA Capable Devices Detected:      1
|           CUDA Device ID in use:      0
|                CUDA Device Name: GeForce GTX 1060 6GB
|     CUDA Device Global Mem Size:   6078 MB
| CUDA Device Num Multiprocessors:     10
|           CUDA Device Core Freq:   1.76 GHz
|
|--------------------------------------------------------
 
 
| Conditional Compilation Defines Used:
| PUBFFT
| BINTRAJ
| CUDA
| EMIL

| Largest sphere to fit in unit cell has radius =    23.976

| New format PARM file being parsed.
| Version =    1.000 Date = 09/29/19 Time = 21:53:24

| Note: 1-4 EEL scale factors are being read from the topology file.

| Note: 1-4 VDW scale factors are being read from the topology file.
| Duplicated    0 dihedrals

| Duplicated    0 dihedrals

--------------------------------------------------------------------------------
   1.  RESOURCE   USE: 
--------------------------------------------------------------------------------

 getting new box info from bottom of inpcrd
 NATOM  =   20379 NTYPES =      17 NBONH =   14750 MBONA  =    5644
 NTHETH =    2483 MTHETA =    1455 NPHIH =    4974 MPHIA  =    4548
 NHPARM =       0 NPARM  =       0 NNB   =   43788 NRES   =    4686
 NBONA  =    5644 NTHETA =    1455 NPHIA =    4548 NUMBND =      77
 NUMANG =     166 NPTRA  =     185 NATYP =      42 NPHB   =       1
 IFBOX  =       2 NMXRS  =      50 IFCAP =       0 NEXTRA =    4554
 NCOPY  =       0

| Coordinate Index Table dimensions:     9    9    9
| Direct force subcell size =     6.5255    6.5255    6.5255

     BOX TYPE: TRUNCATED OCTAHEDRON

--------------------------------------------------------------------------------
   2.  CONTROL  DATA  FOR  THE  RUN
--------------------------------------------------------------------------------

default_name                                                                    

General flags:
     imin    =       0, nmropt  =       0

Nature and format of input:
     ntx     =       5, irest   =       1, ntrx    =       1

Nature and format of output:
     ntxo    =       1, ntpr    =     500, ntrx    =       1, ntwr    =     500
     iwrap   =       1, ntwx    =     500, ntwv    =       0, ntwe    =       0
     ioutfm  =       1, ntwprt  =       0, idecomp =       0, rbornstat=      0

Potential function:
     ntf     =       2, ntb     =       2, igb     =       0, nsnb    =      25
     ipol    =       0, gbsa    =       0, iesp    =       0
     dielc   =   1.00000, cut     =  10.00000, intdiel =   1.00000

Frozen or restrained atoms:
     ibelly  =       0, ntr     =       1
     restraint_wt =   0.00050

Molecular dynamics:
     nstlim  =     50000, nscm    =         0, nrespa  =         1
     t       =   0.00000, dt      =   0.00200, vlimit  =  -1.00000

Langevin dynamics temperature regulation:
     ig      =  301254
     temp0   = 300.00000, tempi   = 300.00000, gamma_ln=   5.00000

Pressure regulation:
     ntp     =       1
     pres0   =   1.00000, comp    =  44.60000, taup    =   1.00000

SHAKE:
     ntc     =       2, jfastw  =       0
     tol     =   0.00001

| Intermolecular bonds treatment:
|     no_intermolecular_bonds =       1

| Energy averages sample interval:
|     ene_avg_sampling =     500

Extra-points options:
     frameon =       1, chngmask=       1

Ewald parameters:
     verbose =       0, ew_type =       0, nbflag  =       1, use_pme =       1
     vdwmeth =       1, eedmeth =       1, netfrc  =       1
     Box X =   58.729   Box Y =   58.729   Box Z =   58.729
     Alpha =  109.471   Beta  =  109.471   Gamma =  109.471
     NFFT1 =   64       NFFT2 =   64       NFFT3 =   64
     Cutoff=   10.000   Tol   =0.100E-04
     Ewald Coefficient =  0.27511
     Interpolation order =    4

    LOADING THE CONSTRAINED ATOMS AS GROUPS


   5.  REFERENCE ATOM COORDINATES

  default_name                                                                    
     Mask :1-131@N,CA,C,O; matches   524 atoms
|      EXTRA_PTS, trim_bonds: num bonds BEFORE trim = 14750     0
|      EXTRA_PTS, trim_bonds: num bonds AFTER  trim = 14750     0
|      EXTRA_PTS, trim_bonds: num bonds BEFORE trim =  5644     0
|      EXTRA_PTS, trim_bonds: num bonds AFTER  trim =  1090     0
|      EXTRA_PTS, trim_theta: num angle BEFORE trim =  2483     0
|      EXTRA_PTS, trim_theta: num angle AFTER  trim =  2483     0
|      EXTRA_PTS, trim_theta: num angle BEFORE trim =  1455     0
|      EXTRA_PTS, trim_theta: num angle AFTER  trim =  1455     0
|      EXTRA_PTS, trim_phi:  num diheds BEFORE trim =  4974     0
|      EXTRA_PTS, trim_phi:  num diheds AFTER  trim =  4974     0
|      EXTRA_PTS, trim_phi:  num diheds BEFORE trim =  4548     0
|      EXTRA_PTS, trim_phi:  num diheds AFTER  trim =  4548     0

--------------------------------------------------------------------------------
   3.  ATOMIC COORDINATES AND VELOCITIES
--------------------------------------------------------------------------------

default_name                                                                    
 begin time read from input coords =  7500.000 ps

 
 Number of triangulated 3-point waters found:     4554

     Sum of charges from parm topology file =   0.00202595
     Forcing neutrality...

| Dynamic Memory, Types Used:
| Reals             1016965
| Integers          1501222

| Nonbonded Pairs Initial Allocation:     6164138

| GPU memory information (estimate):
| KB of GPU memory in use:         0
| KB of CPU memory in use:         0

--------------------------------------------------------------------------------
   4.  RESULTS
--------------------------------------------------------------------------------

wrapping first mol.:       19.58095       27.69164       47.96332
wrapping first mol.:       19.58095       27.69164       47.96332

 NSTEP =      500   TIME(PS) =    7501.000  TEMP(K) =   298.29  PRESS =    51.3
 Etot   =    -51484.1304  EKtot   =      9698.8760  EPtot      =    -61183.0063
 BOND   =       407.6948  ANGLE   =      1054.5515  DIHED      =       718.9124
 1-4 NB =       454.3275  1-4 EEL =      5612.9958  VDWAALS    =      6863.6106
 EELEC  =    -76295.1537  EHBOND  =         0.0000  RESTRAINT  =         0.0547
 EAMBER (non-restraint)  =    -61183.0610
 EKCMT  =      4096.8496  VIRIAL  =      3924.0148  VOLUME     =    156041.7348
                                                    Density    =         1.0354
 ------------------------------------------------------------------------------

wrapping first mol.:       19.56920       27.67502       47.93454
wrapping first mol.:       19.56920       27.67502       47.93454

 NSTEP =     1000   TIME(PS) =    7502.000  TEMP(K) =   300.45  PRESS =  -194.7
 Etot   =    -51571.2639  EKtot   =      9769.3389  EPtot      =    -61340.6028
 BOND   =       408.1658  ANGLE   =      1043.7475  DIHED      =       683.5060
 1-4 NB =       451.9040  1-4 EEL =      5614.8483  VDWAALS    =      6808.1819
 EELEC  =    -76351.0198  EHBOND  =         0.0000  RESTRAINT  =         0.0636
 EAMBER (non-restraint)  =    -61340.6663
 EKCMT  =      4072.1257  VIRIAL  =      4726.9910  VOLUME     =    155764.4462
                                                    Density    =         1.0372
 ------------------------------------------------------------------------------

wrapping first mol.:       19.57795       27.68740       47.95597
wrapping first mol.:       19.57795       27.68740       47.95597

 NSTEP =     1500   TIME(PS) =    7503.000  TEMP(K) =   298.75  PRESS =    -4.2
 Etot   =    -51535.9397  EKtot   =      9714.0303  EPtot      =    -61249.9700
 BOND   =       396.6625  ANGLE   =      1060.7706  DIHED      =       682.0756
 1-4 NB =       455.2231  1-4 EEL =      5669.0514  VDWAALS    =      6947.4156
 EELEC  =    -76461.2290  EHBOND  =         0.0000  RESTRAINT  =         0.0601
 EAMBER (non-restraint)  =    -61250.0301
 EKCMT  =      4039.8070  VIRIAL  =      4053.8724  VOLUME     =    155970.8019
                                                    Density    =         1.0359
 ------------------------------------------------------------------------------

wrapping first mol.:       19.57829       27.68788       47.95681
wrapping first mol.:       19.57829       27.68788       47.95681

 NSTEP =     2000   TIME(PS) =    7504.000  TEMP(K) =   301.35  PRESS =  -114.4
 Etot   =    -51260.5744  EKtot   =      9798.5273  EPtot      =    -61059.1017
 BOND   =       420.8315  ANGLE   =      1098.9702  DIHED      =       736.5252
 1-4 NB =       471.2198  1-4 EEL =      5637.2985  VDWAALS    =      6707.5522
 EELEC  =    -76131.5673  EHBOND  =         0.0000  RESTRAINT  =         0.0683
 EAMBER (non-restraint)  =    -61059.1700
 EKCMT  =      4119.2881  VIRIAL  =      4504.6094  VOLUME     =    155980.5343
                                                    Density    =         1.0358
 ------------------------------------------------------------------------------

wrapping first mol.:       19.59498       27.71148       47.99769
wrapping first mol.:       19.59498       27.71148       47.99769

 NSTEP =     2500   TIME(PS) =    7505.000  TEMP(K) =   300.93  PRESS =  -127.5
 Etot   =    -51262.4393  EKtot   =      9784.7793  EPtot      =    -61047.2186
 BOND   =       429.2561  ANGLE   =      1047.9945  DIHED      =       706.2645
 1-4 NB =       470.8630  1-4 EEL =      5673.0987  VDWAALS    =      6812.7638
 EELEC  =    -76187.5408  EHBOND  =         0.0000  RESTRAINT  =         0.0817
 EAMBER (non-restraint)  =    -61047.3003
 EKCMT  =      4210.2534  VIRIAL  =      4640.9009  VOLUME     =    156379.8625
                                                    Density    =         1.0332
 ------------------------------------------------------------------------------

wrapping first mol.:       19.58249       27.69383       47.96711
wrapping first mol.:       19.58249       27.69383       47.96711

 NSTEP =     3000   TIME(PS) =    7506.000  TEMP(K) =   302.35  PRESS =   142.0
 Etot   =    -51210.4919  EKtot   =      9831.0459  EPtot      =    -61041.5378
 BOND   =       405.4884  ANGLE   =      1056.3334  DIHED      =       697.8430
 1-4 NB =       470.5289  1-4 EEL =      5638.3276  VDWAALS    =      6926.8502
 EELEC  =    -76237.0081  EHBOND  =         0.0000  RESTRAINT  =         0.0987
 EAMBER (non-restraint)  =    -61041.6365
 EKCMT  =      4141.9508  VIRIAL  =      3663.2777  VOLUME     =    156077.4478
                                                    Density    =         1.0352
 ------------------------------------------------------------------------------

wrapping first mol.:       19.58998       27.70442       47.98546
wrapping first mol.:       19.58998       27.70442       47.98546

 NSTEP =     3500   TIME(PS) =    7507.000  TEMP(K) =   299.75  PRESS =  -298.9
 Etot   =    -51518.3034  EKtot   =      9746.4814  EPtot      =    -61264.7848
 BOND   =       401.2478  ANGLE   =      1055.8660  DIHED      =       694.6819
 1-4 NB =       461.2808  1-4 EEL =      5596.6487  VDWAALS    =      6775.1853
 EELEC  =    -76249.7933  EHBOND  =         0.0000  RESTRAINT  =         0.0980
 EAMBER (non-restraint)  =    -61264.8829
 EKCMT  =      4087.7956  VIRIAL  =      5096.3101  VOLUME     =    156262.8016
                                                    Density    =         1.0339
 ------------------------------------------------------------------------------

wrapping first mol.:       19.56641       27.67109       47.92773
wrapping first mol.:       19.56641       27.67109       47.92773

 NSTEP =     4000   TIME(PS) =    7508.000  TEMP(K) =   301.18  PRESS =   -41.0
 Etot   =    -51342.0057  EKtot   =      9792.8643  EPtot      =    -61134.8699
 BOND   =       427.4079  ANGLE   =      1059.0293  DIHED      =       684.6573
 1-4 NB =       459.7996  1-4 EEL =      5627.5255  VDWAALS    =      6844.6559
 EELEC  =    -76238.0645  EHBOND  =         0.0000  RESTRAINT  =         0.1190
 EAMBER (non-restraint)  =    -61134.9890
 EKCMT  =      4111.0322  VIRIAL  =      4248.8354  VOLUME     =    155695.8691
                                                    Density    =         1.0377
 ------------------------------------------------------------------------------

wrapping first mol.:       19.56117       27.66367       47.91488
wrapping first mol.:       19.56117       27.66367       47.91488

 NSTEP =     4500   TIME(PS) =    7509.000  TEMP(K) =   299.29  PRESS =   156.3
 Etot   =    -51276.0639  EKtot   =      9731.5488  EPtot      =    -61007.6127
 BOND   =       392.8334  ANGLE   =      1070.4989  DIHED      =       706.8988
 1-4 NB =       454.7712  1-4 EEL =      5649.7700  VDWAALS    =      6784.6790
 EELEC  =    -76067.2080  EHBOND  =         0.0000  RESTRAINT  =         0.1439
 EAMBER (non-restraint)  =    -61007.7566
 EKCMT  =      4092.0282  VIRIAL  =      3567.1131  VOLUME     =    155567.9199
                                                    Density    =         1.0385
 ------------------------------------------------------------------------------

wrapping first mol.:       19.56347       27.66693       47.92052
wrapping first mol.:       19.56347       27.66693       47.92052

 NSTEP =     5000   TIME(PS) =    7510.000  TEMP(K) =   299.52  PRESS =    31.8
 Etot   =    -51258.4176  EKtot   =      9739.0615  EPtot      =    -60997.4792
 BOND   =       384.2703  ANGLE   =      1064.3329  DIHED      =       722.2805
 1-4 NB =       456.8766  1-4 EEL =      5675.1561  VDWAALS    =      6617.7660
 EELEC  =    -75918.2969  EHBOND  =         0.0000  RESTRAINT  =         0.1352
 EAMBER (non-restraint)  =    -60997.6144
 EKCMT  =      4141.3003  VIRIAL  =      4034.4428  VOLUME     =    155624.6749
                                                    Density    =         1.0382
 ------------------------------------------------------------------------------

wrapping first mol.:       19.57117       27.67781       47.93937
wrapping first mol.:       19.57117       27.67781       47.93937

 NSTEP =     5500   TIME(PS) =    7511.000  TEMP(K) =   299.95  PRESS =  -206.6
 Etot   =    -51224.2842  EKtot   =      9752.8711  EPtot      =    -60977.1553
 BOND   =       394.5403  ANGLE   =      1058.8312  DIHED      =       711.3557
 1-4 NB =       453.7565  1-4 EEL =      5628.5155  VDWAALS    =      6681.6483
 EELEC  =    -75905.9178  EHBOND  =         0.0000  RESTRAINT  =         0.1152
 EAMBER (non-restraint)  =    -60977.2705
 EKCMT  =      4033.8393  VIRIAL  =      4728.8499  VOLUME     =    155811.6813
                                                    Density    =         1.0369
 ------------------------------------------------------------------------------

wrapping first mol.:       19.55452       27.65427       47.89860
wrapping first mol.:       19.55452       27.65427       47.89860

 NSTEP =     6000   TIME(PS) =    7512.000  TEMP(K) =   301.10  PRESS =   217.3
 Etot   =    -51270.6525  EKtot   =      9790.4658  EPtot      =    -61061.1183
 BOND   =       408.0992  ANGLE   =      1053.4984  DIHED      =       714.1888
 1-4 NB =       454.1301  1-4 EEL =      5619.3970  VDWAALS    =      6774.3819
 EELEC  =    -76084.9510  EHBOND  =         0.0000  RESTRAINT  =         0.1373
 EAMBER (non-restraint)  =    -61061.2556
 EKCMT  =      4111.2245  VIRIAL  =      3381.9210  VOLUME     =    155408.5787
                                                    Density    =         1.0396
 ------------------------------------------------------------------------------

wrapping first mol.:       19.55432       27.65398       47.89810
wrapping first mol.:       19.55432       27.65398       47.89810

 NSTEP =     6500   TIME(PS) =    7513.000  TEMP(K) =   300.27  PRESS =   192.1
 Etot   =    -51204.1974  EKtot   =      9763.4297  EPtot      =    -60967.6271
 BOND   =       430.8118  ANGLE   =      1083.9427  DIHED      =       685.4126
 1-4 NB =       460.7945  1-4 EEL =      5585.5795  VDWAALS    =      6834.2120
 EELEC  =    -76048.5343  EHBOND  =         0.0000  RESTRAINT  =         0.1541
 EAMBER (non-restraint)  =    -60967.7812
 EKCMT  =      4109.8536  VIRIAL  =      3465.3500  VOLUME     =    155404.0774
                                                    Density    =         1.0396
 ------------------------------------------------------------------------------

wrapping first mol.:       19.54006       27.63382       47.86317
wrapping first mol.:       19.54006       27.63382       47.86317

 NSTEP =     7000   TIME(PS) =    7514.000  TEMP(K) =   294.86  PRESS =   211.9
 Etot   =    -51537.6057  EKtot   =      9587.5059  EPtot      =    -61125.1116
 BOND   =       429.9469  ANGLE   =      1094.0538  DIHED      =       708.9625
 1-4 NB =       466.4380  1-4 EEL =      5598.9979  VDWAALS    =      6814.7495
 EELEC  =    -76238.3893  EHBOND  =         0.0000  RESTRAINT  =         0.1291
 EAMBER (non-restraint)  =    -61125.2406
 EKCMT  =      4036.1278  VIRIAL  =      3326.8084  VOLUME     =    155064.0744
                                                    Density    =         1.0419
 ------------------------------------------------------------------------------

wrapping first mol.:       19.55339       27.65267       47.89582
wrapping first mol.:       19.55339       27.65267       47.89582

 NSTEP =     7500   TIME(PS) =    7515.000  TEMP(K) =   301.17  PRESS =    18.9
 Etot   =    -51343.7114  EKtot   =      9792.7080  EPtot      =    -61136.4194
 BOND   =       409.5425  ANGLE   =      1106.7580  DIHED      =       700.0790
 1-4 NB =       461.0824  1-4 EEL =      5657.0746  VDWAALS    =      6778.4128
 EELEC  =    -76249.4941  EHBOND  =         0.0000  RESTRAINT  =         0.1254
 EAMBER (non-restraint)  =    -61136.5448
 EKCMT  =      4106.2774  VIRIAL  =      4043.0087  VOLUME     =    155384.2607
                                                    Density    =         1.0398
 ------------------------------------------------------------------------------

wrapping first mol.:       19.55858       27.66000       47.90853
wrapping first mol.:       19.55858       27.66000       47.90853

 NSTEP =     8000   TIME(PS) =    7516.000  TEMP(K) =   295.39  PRESS =  -264.9
 Etot   =    -51400.3829  EKtot   =      9604.5850  EPtot      =    -61004.9679
 BOND   =       376.5132  ANGLE   =      1051.8596  DIHED      =       714.9736
 1-4 NB =       464.2722  1-4 EEL =      5648.4790  VDWAALS    =      6698.2793
 EELEC  =    -75959.4828  EHBOND  =         0.0000  RESTRAINT  =         0.1380
 EAMBER (non-restraint)  =    -61005.1059
 EKCMT  =      3984.3814  VIRIAL  =      4873.8254  VOLUME     =    155511.9575
                                                    Density    =         1.0389
 ------------------------------------------------------------------------------

wrapping first mol.:       19.56155       27.66420       47.91580
wrapping first mol.:       19.56155       27.66420       47.91580

 NSTEP =     8500   TIME(PS) =    7517.000  TEMP(K) =   301.90  PRESS =    42.3
 Etot   =    -51320.4995  EKtot   =      9816.4238  EPtot      =    -61136.9233
 BOND   =       404.3813  ANGLE   =      1042.3258  DIHED      =       698.0767
 1-4 NB =       456.6824  1-4 EEL =      5654.0718  VDWAALS    =      6847.5599
 EELEC  =    -76240.1663  EHBOND  =         0.0000  RESTRAINT  =         0.1449
 EAMBER (non-restraint)  =    -61137.0683
 EKCMT  =      4077.6776  VIRIAL  =      3935.5937  VOLUME     =    155578.4948
                                                    Density    =         1.0385
 ------------------------------------------------------------------------------

wrapping first mol.:       19.53970       27.63330       47.86228
wrapping first mol.:       19.53970       27.63330       47.86228

 NSTEP =     9000   TIME(PS) =    7518.000  TEMP(K) =   300.41  PRESS =  -358.9
 Etot   =    -51363.3618  EKtot   =      9768.1191  EPtot      =    -61131.4809
 BOND   =       410.7192  ANGLE   =      1068.7294  DIHED      =       691.0585
 1-4 NB =       460.1752  1-4 EEL =      5630.3300  VDWAALS    =      6816.8595
 EELEC  =    -76209.5095  EHBOND  =         0.0000  RESTRAINT  =         0.1567
 EAMBER (non-restraint)  =    -61131.6376
 EKCMT  =      4106.8585  VIRIAL  =      5308.5378  VOLUME     =    155063.3162
                                                    Density    =         1.0419
 ------------------------------------------------------------------------------

wrapping first mol.:       19.55472       27.65456       47.89909
wrapping first mol.:       19.55472       27.65456       47.89909

 NSTEP =     9500   TIME(PS) =    7519.000  TEMP(K) =   303.56  PRESS =   167.6
 Etot   =    -51209.4040  EKtot   =      9870.2500  EPtot      =    -61079.6540
 BOND   =       412.5790  ANGLE   =      1055.6205  DIHED      =       694.3056
 1-4 NB =       453.5482  1-4 EEL =      5611.2590  VDWAALS    =      6840.5276
 EELEC  =    -76147.6436  EHBOND  =         0.0000  RESTRAINT  =         0.1497
 EAMBER (non-restraint)  =    -61079.8037
 EKCMT  =      4113.0352  VIRIAL  =      3550.5845  VOLUME     =    155414.0731
                                                    Density    =         1.0396
 ------------------------------------------------------------------------------

wrapping first mol.:       19.54865       27.64596       47.88421
wrapping first mol.:       19.54865       27.64596       47.88421

 NSTEP =    10000   TIME(PS) =    7520.000  TEMP(K) =   295.80  PRESS =  -212.4
 Etot   =    -51530.9135  EKtot   =      9618.0498  EPtot      =    -61148.9633
 BOND   =       404.7252  ANGLE   =      1060.2653  DIHED      =       695.9152
 1-4 NB =       448.9440  1-4 EEL =      5623.4232  VDWAALS    =      6652.1079
 EELEC  =    -76034.5065  EHBOND  =         0.0000  RESTRAINT  =         0.1624
 EAMBER (non-restraint)  =    -61149.1257
 EKCMT  =      3983.1713  VIRIAL  =      4695.1685  VOLUME     =    155274.5259
                                                    Density    =         1.0405
 ------------------------------------------------------------------------------

wrapping first mol.:       19.56302       27.66629       47.91941
wrapping first mol.:       19.56302       27.66629       47.91941

 NSTEP =    10500   TIME(PS) =    7521.000  TEMP(K) =   299.94  PRESS =   -16.5
 Etot   =    -51409.5837  EKtot   =      9752.6592  EPtot      =    -61162.2429
 BOND   =       400.3074  ANGLE   =      1083.1314  DIHED      =       714.3426
 1-4 NB =       469.3454  1-4 EEL =      5625.2598  VDWAALS    =      6855.9978
 EELEC  =    -76310.7834  EHBOND  =         0.0000  RESTRAINT  =         0.1562
 EAMBER (non-restraint)  =    -61162.3991
 EKCMT  =      4043.5746  VIRIAL  =      4098.9379  VOLUME     =    155614.4794
                                                    Density    =         1.0382
 ------------------------------------------------------------------------------

wrapping first mol.:       19.55199       27.65069       47.89240
wrapping first mol.:       19.55199       27.65069       47.89240

 NSTEP =    11000   TIME(PS) =    7522.000  TEMP(K) =   297.24  PRESS =  -110.1
 Etot   =    -51558.4235  EKtot   =      9664.9805  EPtot      =    -61223.4039
 BOND   =       393.3792  ANGLE   =      1057.3506  DIHED      =       721.8666
 1-4 NB =       456.6529  1-4 EEL =      5625.8513  VDWAALS    =      6609.2610
 EELEC  =    -76087.9099  EHBOND  =         0.0000  RESTRAINT  =         0.1442
 EAMBER (non-restraint)  =    -61223.5482
 EKCMT  =      4047.7098  VIRIAL  =      4417.1644  VOLUME     =    155352.7619
                                                    Density    =         1.0400
 ------------------------------------------------------------------------------

wrapping first mol.:       19.56663       27.67139       47.92824
wrapping first mol.:       19.56663       27.67139       47.92824

 NSTEP =    11500   TIME(PS) =    7523.000  TEMP(K) =   299.53  PRESS =   230.1
 Etot   =    -51234.4574  EKtot   =      9739.4727  EPtot      =    -60973.9301
 BOND   =       393.2861  ANGLE   =      1059.7543  DIHED      =       693.4429
 1-4 NB =       449.2468  1-4 EEL =      5644.3069  VDWAALS    =      6793.1460
 EELEC  =    -76007.2649  EHBOND  =         0.0000  RESTRAINT  =         0.1518
 EAMBER (non-restraint)  =    -60974.0819
 EKCMT  =      4115.8998  VIRIAL  =      3342.4952  VOLUME     =    155697.1405
                                                    Density    =         1.0377
 ------------------------------------------------------------------------------

wrapping first mol.:       19.58492       27.69725       47.97305
wrapping first mol.:       19.58492       27.69725       47.97305

 NSTEP =    12000   TIME(PS) =    7524.000  TEMP(K) =   299.64  PRESS =   -76.1
 Etot   =    -51275.7307  EKtot   =      9742.9756  EPtot      =    -61018.7063
 BOND   =       411.9155  ANGLE   =      1089.2918  DIHED      =       703.0646
 1-4 NB =       466.3812  1-4 EEL =      5634.6360  VDWAALS    =      6647.9873
 EELEC  =    -75972.1376  EHBOND  =         0.0000  RESTRAINT  =         0.1548
 EAMBER (non-restraint)  =    -61018.8611
 EKCMT  =      4059.4507  VIRIAL  =      4315.8819  VOLUME     =    156138.4539
                                                    Density    =         1.0347
 ------------------------------------------------------------------------------

wrapping first mol.:       19.58174       27.69277       47.96528
wrapping first mol.:       19.58174       27.69277       47.96528

 NSTEP =    12500   TIME(PS) =    7525.000  TEMP(K) =   300.72  PRESS =   129.7
 Etot   =    -51215.5753  EKtot   =      9778.0674  EPtot      =    -60993.6427
 BOND   =       405.1980  ANGLE   =      1030.8260  DIHED      =       680.0464
 1-4 NB =       451.2423  1-4 EEL =      5650.8563  VDWAALS    =      6774.2056
 EELEC  =    -75986.1521  EHBOND  =         0.0000  RESTRAINT  =         0.1349
 EAMBER (non-restraint)  =    -60993.7775
 EKCMT  =      4077.7459  VIRIAL  =      3640.6849  VOLUME     =    156059.7233
                                                    Density    =         1.0353
 ------------------------------------------------------------------------------

wrapping first mol.:       19.57648       27.68532       47.95239
wrapping first mol.:       19.57648       27.68532       47.95239

 NSTEP =    13000   TIME(PS) =    7526.000  TEMP(K) =   304.84  PRESS =  -192.7
 Etot   =    -51173.5588  EKtot   =      9912.0186  EPtot      =    -61085.5774
 BOND   =       361.5495  ANGLE   =      1073.6062  DIHED      =       704.8555
 1-4 NB =       465.8034  1-4 EEL =      5657.0608  VDWAALS    =      6804.9780
 EELEC  =    -76153.6065  EHBOND  =         0.0000  RESTRAINT  =         0.1758
 EAMBER (non-restraint)  =    -61085.7532
 EKCMT  =      4116.3032  VIRIAL  =      4764.9797  VOLUME     =    155938.4112
                                                    Density    =         1.0361
 ------------------------------------------------------------------------------

wrapping first mol.:       19.57060       27.67701       47.93798
wrapping first mol.:       19.57060       27.67701       47.93798

 NSTEP =    13500   TIME(PS) =    7527.000  TEMP(K) =   300.45  PRESS =   110.3
 Etot   =    -51266.1934  EKtot   =      9769.3779  EPtot      =    -61035.5713
 BOND   =       391.0793  ANGLE   =      1069.8391  DIHED      =       706.0650
 1-4 NB =       453.8380  1-4 EEL =      5600.0519  VDWAALS    =      6671.4928
 EELEC  =    -75928.1413  EHBOND  =         0.0000  RESTRAINT  =         0.2038
 EAMBER (non-restraint)  =    -61035.7751
 EKCMT  =      4158.2890  VIRIAL  =      3787.2951  VOLUME     =    155793.6789
                                                    Density    =         1.0370
 ------------------------------------------------------------------------------

wrapping first mol.:       19.55401       27.65355       47.89735
wrapping first mol.:       19.55401       27.65355       47.89735

 NSTEP =    14000   TIME(PS) =    7528.000  TEMP(K) =   300.02  PRESS =     4.4
 Etot   =    -51329.7916  EKtot   =      9755.2656  EPtot      =    -61085.0572
 BOND   =       386.9742  ANGLE   =      1017.7749  DIHED      =       679.7515
 1-4 NB =       464.5661  1-4 EEL =      5674.6402  VDWAALS    =      6913.6758
 EELEC  =    -76222.6470  EHBOND  =         0.0000  RESTRAINT  =         0.2072
 EAMBER (non-restraint)  =    -61085.2644
 EKCMT  =      4077.8131  VIRIAL  =      4063.0256  VOLUME     =    155399.3642
                                                    Density    =         1.0397
 ------------------------------------------------------------------------------

wrapping first mol.:       19.56318       27.66652       47.91981
wrapping first mol.:       19.56318       27.66652       47.91981

 NSTEP =    14500   TIME(PS) =    7529.000  TEMP(K) =   300.10  PRESS =  -187.6
 Etot   =    -51428.3696  EKtot   =      9757.8789  EPtot      =    -61186.2485
 BOND   =       406.4570  ANGLE   =      1066.4706  DIHED      =       707.1585
 1-4 NB =       457.8476  1-4 EEL =      5619.4519  VDWAALS    =      6903.7850
 EELEC  =    -76347.6680  EHBOND  =         0.0000  RESTRAINT  =         0.2488
 EAMBER (non-restraint)  =    -61186.4973
 EKCMT  =      4078.8446  VIRIAL  =      4709.1554  VOLUME     =    155620.7960
                                                    Density    =         1.0382
 ------------------------------------------------------------------------------

wrapping first mol.:       19.55915       27.66082       47.90994
wrapping first mol.:       19.55915       27.66082       47.90994

 NSTEP =    15000   TIME(PS) =    7530.000  TEMP(K) =   296.07  PRESS =  -118.3
 Etot   =    -51431.3390  EKtot   =      9626.8164  EPtot      =    -61058.1554
 BOND   =       406.5173  ANGLE   =      1112.3288  DIHED      =       707.7221
 1-4 NB =       454.3731  1-4 EEL =      5635.1430  VDWAALS    =      6830.2546
 EELEC  =    -76204.6883  EHBOND  =         0.0000  RESTRAINT  =         0.1940
 EAMBER (non-restraint)  =    -61058.3494
 EKCMT  =      4090.3056  VIRIAL  =      4487.6498  VOLUME     =    155523.6705
                                                    Density    =         1.0388
 ------------------------------------------------------------------------------

wrapping first mol.:       19.55932       27.66105       47.91034
wrapping first mol.:       19.55932       27.66105       47.91034

 NSTEP =    15500   TIME(PS) =    7531.000  TEMP(K) =   302.03  PRESS =   -61.4
 Etot   =    -51428.3665  EKtot   =      9820.6338  EPtot      =    -61249.0003
 BOND   =       406.3655  ANGLE   =      1053.7118  DIHED      =       692.2163
 1-4 NB =       447.7815  1-4 EEL =      5651.6258  VDWAALS    =      6953.4011
 EELEC  =    -76454.3030  EHBOND  =         0.0000  RESTRAINT  =         0.2007
 EAMBER (non-restraint)  =    -61249.2010
 EKCMT  =      4069.9404  VIRIAL  =      4276.0042  VOLUME     =    155526.7636
                                                    Density    =         1.0388
 ------------------------------------------------------------------------------

wrapping first mol.:       19.57861       27.68834       47.95760
wrapping first mol.:       19.57861       27.68834       47.95760

 NSTEP =    16000   TIME(PS) =    7532.000  TEMP(K) =   300.77  PRESS =   -26.9
 Etot   =    -51276.3097  EKtot   =      9779.7383  EPtot      =    -61056.0480
 BOND   =       423.6702  ANGLE   =      1053.0351  DIHED      =       711.7398
 1-4 NB =       459.9547  1-4 EEL =      5633.0475  VDWAALS    =      6750.0373
 EELEC  =    -76087.7503  EHBOND  =         0.0000  RESTRAINT  =         0.2180
 EAMBER (non-restraint)  =    -61056.2659
 EKCMT  =      4077.4946  VIRIAL  =      4167.9543  VOLUME     =    155987.0307
                                                    Density    =         1.0358
 ------------------------------------------------------------------------------

wrapping first mol.:       19.57194       27.67890       47.94125
wrapping first mol.:       19.57194       27.67890       47.94125

 NSTEP =    16500   TIME(PS) =    7533.000  TEMP(K) =   300.53  PRESS =  -146.3
 Etot   =    -51332.0124  EKtot   =      9771.8359  EPtot      =    -61103.8483
 BOND   =       370.9912  ANGLE   =      1093.8568  DIHED      =       719.4178
 1-4 NB =       458.7480  1-4 EEL =      5612.0270  VDWAALS    =      6792.3639
 EELEC  =    -76151.4917  EHBOND  =         0.0000  RESTRAINT  =         0.2387
 EAMBER (non-restraint)  =    -61104.0871
 EKCMT  =      4063.1605  VIRIAL  =      4555.3827  VOLUME     =    155829.1745
                                                    Density    =         1.0368
 ------------------------------------------------------------------------------

wrapping first mol.:       19.56922       27.67506       47.93460
wrapping first mol.:       19.56922       27.67506       47.93460

 NSTEP =    17000   TIME(PS) =    7534.000  TEMP(K) =   300.18  PRESS =   137.8
 Etot   =    -51350.3414  EKtot   =      9760.5762  EPtot      =    -61110.9176
 BOND   =       385.1541  ANGLE   =      1035.9944  DIHED      =       690.9106
 1-4 NB =       465.5323  1-4 EEL =      5598.3527  VDWAALS    =      6856.9770
 EELEC  =    -76144.0592  EHBOND  =         0.0000  RESTRAINT  =         0.2206
 EAMBER (non-restraint)  =    -61111.1382
 EKCMT  =      4140.8737  VIRIAL  =      3677.5614  VOLUME     =    155760.3754
                                                    Density    =         1.0373
 ------------------------------------------------------------------------------

wrapping first mol.:       19.55651       27.65708       47.90347
wrapping first mol.:       19.55651       27.65708       47.90347

 NSTEP =    17500   TIME(PS) =    7535.000  TEMP(K) =   299.07  PRESS =    73.2
 Etot   =    -51311.2936  EKtot   =      9724.3076  EPtot      =    -61035.6012
 BOND   =       371.0780  ANGLE   =      1075.1688  DIHED      =       697.9675
 1-4 NB =       452.7607  1-4 EEL =      5634.1996  VDWAALS    =      6731.5182
 EELEC  =    -75998.5133  EHBOND  =         0.0000  RESTRAINT  =         0.2192
 EAMBER (non-restraint)  =    -61035.8204
 EKCMT  =      4055.0549  VIRIAL  =      3809.4231  VOLUME     =    155458.0132
                                                    Density    =         1.0393
 ------------------------------------------------------------------------------

wrapping first mol.:       19.55124       27.64963       47.89056
wrapping first mol.:       19.55124       27.64963       47.89056

 NSTEP =    18000   TIME(PS) =    7536.000  TEMP(K) =   300.40  PRESS =    52.7
 Etot   =    -51157.7537  EKtot   =      9767.7939  EPtot      =    -60925.5477
 BOND   =       419.1967  ANGLE   =      1047.8822  DIHED      =       699.2467
 1-4 NB =       450.0703  1-4 EEL =      5630.1160  VDWAALS    =      6703.3917
 EELEC  =    -75875.6869  EHBOND  =         0.0000  RESTRAINT  =         0.2357
 EAMBER (non-restraint)  =    -60925.7833
 EKCMT  =      4026.3159  VIRIAL  =      3849.6756  VOLUME     =    155332.5914
                                                    Density    =         1.0401
 ------------------------------------------------------------------------------

wrapping first mol.:       19.55431       27.65397       47.89808
wrapping first mol.:       19.55431       27.65397       47.89808

 NSTEP =    18500   TIME(PS) =    7537.000  TEMP(K) =   299.78  PRESS =   -30.0
 Etot   =    -51284.8537  EKtot   =      9747.5098  EPtot      =    -61032.3635
 BOND   =       439.9558  ANGLE   =      1028.4969  DIHED      =       692.4513
 1-4 NB =       461.5958  1-4 EEL =      5626.0838  VDWAALS    =      6725.6115
 EELEC  =    -76006.7915  EHBOND  =         0.0000  RESTRAINT  =         0.2328
 EAMBER (non-restraint)  =    -61032.5963
 EKCMT  =      4129.9247  VIRIAL  =      4230.7177  VOLUME     =    155406.9761
                                                    Density    =         1.0396
 ------------------------------------------------------------------------------

wrapping first mol.:       19.55410       27.65367       47.89756
wrapping first mol.:       19.55410       27.65367       47.89756

 NSTEP =    19000   TIME(PS) =    7538.000  TEMP(K) =   300.29  PRESS =  -369.1
 Etot   =    -51445.8992  EKtot   =      9763.9600  EPtot      =    -61209.8591
 BOND   =       396.5753  ANGLE   =      1087.8314  DIHED      =       697.4897
 1-4 NB =       457.1353  1-4 EEL =      5640.8700  VDWAALS    =      6686.4609
 EELEC  =    -76176.4724  EHBOND  =         0.0000  RESTRAINT  =         0.2506
 EAMBER (non-restraint)  =    -61210.1097
 EKCMT  =      4120.8621  VIRIAL  =      5359.2130  VOLUME     =    155406.5662
                                                    Density    =         1.0396
 ------------------------------------------------------------------------------

wrapping first mol.:       19.53760       27.63034       47.85715
wrapping first mol.:       19.53760       27.63034       47.85715

 NSTEP =    19500   TIME(PS) =    7539.000  TEMP(K) =   298.39  PRESS =  -229.4
 Etot   =    -51100.8249  EKtot   =      9702.3477  EPtot      =    -60803.1726
 BOND   =       372.3236  ANGLE   =      1086.0252  DIHED      =       711.6848
 1-4 NB =       467.0066  1-4 EEL =      5702.4445  VDWAALS    =      6736.5561
 EELEC  =    -75879.4765  EHBOND  =         0.0000  RESTRAINT  =         0.2632
 EAMBER (non-restraint)  =    -60803.4357
 EKCMT  =      4064.7388  VIRIAL  =      4832.5785  VOLUME     =    155011.6342
                                                    Density    =         1.0423
 ------------------------------------------------------------------------------

wrapping first mol.:       19.54861       27.64591       47.88413
wrapping first mol.:       19.54861       27.64591       47.88413

 NSTEP =    20000   TIME(PS) =    7540.000  TEMP(K) =   302.37  PRESS =   359.9
 Etot   =    -51032.2267  EKtot   =      9831.7744  EPtot      =    -60864.0011
 BOND   =       420.2097  ANGLE   =      1065.1154  DIHED      =       701.2860
 1-4 NB =       441.8281  1-4 EEL =      5693.1613  VDWAALS    =      6812.8667
 EELEC  =    -75998.7693  EHBOND  =         0.0000  RESTRAINT  =         0.3010
 EAMBER (non-restraint)  =    -60864.3021
 EKCMT  =      4118.1815  VIRIAL  =      2911.5571  VOLUME     =    155265.7720
                                                    Density    =         1.0406
 ------------------------------------------------------------------------------

wrapping first mol.:       19.54056       27.63453       47.86441
wrapping first mol.:       19.54056       27.63453       47.86441

 NSTEP =    20500   TIME(PS) =    7541.000  TEMP(K) =   301.19  PRESS =  -101.9
 Etot   =    -51026.6872  EKtot   =      9793.3379  EPtot      =    -60820.0251
 BOND   =       425.0166  ANGLE   =      1070.9487  DIHED      =       708.3618
 1-4 NB =       468.2484  1-4 EEL =      5672.1994  VDWAALS    =      6486.2931
 EELEC  =    -75651.4304  EHBOND  =         0.0000  RESTRAINT  =         0.3374
 EAMBER (non-restraint)  =    -60820.3625
 EKCMT  =      4080.4965  VIRIAL  =      4421.5680  VOLUME     =    155080.4140
                                                    Density    =         1.0418
 ------------------------------------------------------------------------------

wrapping first mol.:       19.54275       27.63762       47.86976
wrapping first mol.:       19.54275       27.63762       47.86976

 NSTEP =    21000   TIME(PS) =    7542.000  TEMP(K) =   303.28  PRESS =   564.0
 Etot   =    -50993.9045  EKtot   =      9861.2832  EPtot      =    -60855.1877
 BOND   =       403.2881  ANGLE   =      1093.7449  DIHED      =       708.5277
 1-4 NB =       448.7766  1-4 EEL =      5610.1786  VDWAALS    =      6947.1299
 EELEC  =    -76067.1377  EHBOND  =         0.0000  RESTRAINT  =         0.3042
 EAMBER (non-restraint)  =    -60855.4919
 EKCMT  =      4078.1267  VIRIAL  =      2189.1151  VOLUME     =    155123.2617
                                                    Density    =         1.0415
 ------------------------------------------------------------------------------

wrapping first mol.:       19.53359       27.62467       47.84733
wrapping first mol.:       19.53359       27.62467       47.84733

 NSTEP =    21500   TIME(PS) =    7543.000  TEMP(K) =   302.15  PRESS =  -197.7
 Etot   =    -51241.6695  EKtot   =      9824.5352  EPtot      =    -61066.2047
 BOND   =       403.1327  ANGLE   =      1065.1913  DIHED      =       705.3291
 1-4 NB =       470.7024  1-4 EEL =      5626.8091  VDWAALS    =      6648.1582
 EELEC  =    -75985.8512  EHBOND  =         0.0000  RESTRAINT  =         0.3236
 EAMBER (non-restraint)  =    -61066.5283
 EKCMT  =      4128.6300  VIRIAL  =      4789.7613  VOLUME     =    154915.8188
                                                    Density    =         1.0429
 ------------------------------------------------------------------------------

wrapping first mol.:       19.55067       27.64882       47.88917
wrapping first mol.:       19.55067       27.64882       47.88917

 NSTEP =    22000   TIME(PS) =    7544.000  TEMP(K) =   302.87  PRESS =    79.4
 Etot   =    -51334.6665  EKtot   =      9847.8076  EPtot      =    -61182.4742
 BOND   =       417.4967  ANGLE   =      1056.7253  DIHED      =       703.3148
 1-4 NB =       442.0968  1-4 EEL =      5649.5427  VDWAALS    =      6727.8919
 EELEC  =    -76179.8463  EHBOND  =         0.0000  RESTRAINT  =         0.3040
 EAMBER (non-restraint)  =    -61182.7782
 EKCMT  =      4105.1389  VIRIAL  =      3838.7282  VOLUME     =    155318.6947
                                                    Density    =         1.0402
 ------------------------------------------------------------------------------

wrapping first mol.:       19.55768       27.65874       47.90633
wrapping first mol.:       19.55768       27.65874       47.90633

 NSTEP =    22500   TIME(PS) =    7545.000  TEMP(K) =   297.09  PRESS =  -301.6
 Etot   =    -51646.9214  EKtot   =      9659.9053  EPtot      =    -61306.8267
 BOND   =       390.2329  ANGLE   =      1034.2516  DIHED      =       704.8606
 1-4 NB =       451.8220  1-4 EEL =      5688.0392  VDWAALS    =      6749.9615
 EELEC  =    -76326.3246  EHBOND  =         0.0000  RESTRAINT  =         0.3301
 EAMBER (non-restraint)  =    -61307.1568
 EKCMT  =      4058.8951  VIRIAL  =      5071.6005  VOLUME     =    155491.0717
                                                    Density    =         1.0391
 ------------------------------------------------------------------------------

wrapping first mol.:       19.54541       27.64138       47.87627
wrapping first mol.:       19.54541       27.64138       47.87627

 NSTEP =    23000   TIME(PS) =    7546.000  TEMP(K) =   299.11  PRESS =   385.4
 Etot   =    -51303.5877  EKtot   =      9725.6846  EPtot      =    -61029.2723
 BOND   =       396.6907  ANGLE   =      1080.1464  DIHED      =       710.8297
 1-4 NB =       454.9190  1-4 EEL =      5616.5743  VDWAALS    =      6899.6944
 EELEC  =    -76188.5004  EHBOND  =         0.0000  RESTRAINT  =         0.3736
 EAMBER (non-restraint)  =    -61029.6459
 EKCMT  =      4087.2136  VIRIAL  =      2795.8221  VOLUME     =    155189.0372
                                                    Density    =         1.0411
 ------------------------------------------------------------------------------

wrapping first mol.:       19.55424       27.65387       47.89791
wrapping first mol.:       19.55424       27.65387       47.89791

 NSTEP =    23500   TIME(PS) =    7547.000  TEMP(K) =   302.09  PRESS =    95.7
 Etot   =    -51253.8018  EKtot   =      9822.6260  EPtot      =    -61076.4278
 BOND   =       391.1261  ANGLE   =      1065.3311  DIHED      =       709.9099
 1-4 NB =       469.0654  1-4 EEL =      5635.9217  VDWAALS    =      6745.6600
 EELEC  =    -76093.8297  EHBOND  =         0.0000  RESTRAINT  =         0.3878
 EAMBER (non-restraint)  =    -61076.8156
 EKCMT  =      4093.5256  VIRIAL  =      3772.3568  VOLUME     =    155403.5291
                                                    Density    =         1.0396
 ------------------------------------------------------------------------------

wrapping first mol.:       19.55812       27.65936       47.90741
wrapping first mol.:       19.55812       27.65936       47.90741

 NSTEP =    24000   TIME(PS) =    7548.000  TEMP(K) =   296.61  PRESS =     0.0
 Etot   =    -51555.7165  EKtot   =      9644.4023  EPtot      =    -61200.1188
 BOND   =       419.9219  ANGLE   =      1057.5946  DIHED      =       725.6438
 1-4 NB =       472.3981  1-4 EEL =      5641.0856  VDWAALS    =      7019.6597
 EELEC  =    -76536.8399  EHBOND  =         0.0000  RESTRAINT  =         0.4174
 EAMBER (non-restraint)  =    -61200.5362
 EKCMT  =      3995.1651  VIRIAL  =      3995.0131  VOLUME     =    155497.4256
                                                    Density    =         1.0390
 ------------------------------------------------------------------------------

wrapping first mol.:       19.56426       27.66804       47.92246
wrapping first mol.:       19.56426       27.66804       47.92246

 NSTEP =    24500   TIME(PS) =    7549.000  TEMP(K) =   300.70  PRESS =  -199.1
 Etot   =    -51275.8938  EKtot   =      9777.2500  EPtot      =    -61053.1438
 BOND   =       384.0562  ANGLE   =      1080.8427  DIHED      =       720.6618
 1-4 NB =       471.2763  1-4 EEL =      5621.9895  VDWAALS    =      6888.7764
 EELEC  =    -76221.1473  EHBOND  =         0.0000  RESTRAINT  =         0.4005
 EAMBER (non-restraint)  =    -61053.5443
 EKCMT  =      4120.7512  VIRIAL  =      4789.9661  VOLUME     =    155646.6890
                                                    Density    =         1.0380
 ------------------------------------------------------------------------------

wrapping first mol.:       19.54897       27.64641       47.88499
wrapping first mol.:       19.54897       27.64641       47.88499

 NSTEP =    25000   TIME(PS) =    7550.000  TEMP(K) =   303.10  PRESS =   -32.7
 Etot   =    -51280.9112  EKtot   =      9855.5703  EPtot      =    -61136.4815
 BOND   =       427.3382  ANGLE   =      1065.4106  DIHED      =       682.0609
 1-4 NB =       438.9546  1-4 EEL =      5641.7680  VDWAALS    =      6646.5803
 EELEC  =    -76038.9630  EHBOND  =         0.0000  RESTRAINT  =         0.3689
 EAMBER (non-restraint)  =    -61136.8504
 EKCMT  =      4116.1208  VIRIAL  =      4225.8179  VOLUME     =    155279.6024
                                                    Density    =         1.0405
 ------------------------------------------------------------------------------

wrapping first mol.:       19.56069       27.66299       47.91370
wrapping first mol.:       19.56069       27.66299       47.91370

 NSTEP =    25500   TIME(PS) =    7551.000  TEMP(K) =   305.86  PRESS =  -182.7
 Etot   =    -50898.5618  EKtot   =      9945.0947  EPtot      =    -60843.6565
 BOND   =       408.9195  ANGLE   =      1026.7161  DIHED      =       704.3915
 1-4 NB =       449.0633  1-4 EEL =      5636.0960  VDWAALS    =      6600.2399
 EELEC  =    -75669.4793  EHBOND  =         0.0000  RESTRAINT  =         0.3965
 EAMBER (non-restraint)  =    -60844.0530
 EKCMT  =      4080.8058  VIRIAL  =      4694.3168  VOLUME     =    155561.1450
                                                    Density    =         1.0386
 ------------------------------------------------------------------------------

wrapping first mol.:       19.54320       27.63825       47.87086
wrapping first mol.:       19.54320       27.63825       47.87086

 NSTEP =    26000   TIME(PS) =    7552.000  TEMP(K) =   297.69  PRESS =   -48.5
 Etot   =    -51352.1559  EKtot   =      9679.6006  EPtot      =    -61031.7565
 BOND   =       402.5616  ANGLE   =      1047.6257  DIHED      =       705.6969
 1-4 NB =       474.8132  1-4 EEL =      5670.3720  VDWAALS    =      6757.4043
 EELEC  =    -76090.6736  EHBOND  =         0.0000  RESTRAINT  =         0.4434
 EAMBER (non-restraint)  =    -61032.1999
 EKCMT  =      3968.4829  VIRIAL  =      4130.8680  VOLUME     =    155142.3770
                                                    Density    =         1.0414
 ------------------------------------------------------------------------------

wrapping first mol.:       19.55199       27.65069       47.89240
wrapping first mol.:       19.55199       27.65069       47.89240

 NSTEP =    26500   TIME(PS) =    7553.000  TEMP(K) =   301.86  PRESS =  -149.0
 Etot   =    -51221.5097  EKtot   =      9815.1025  EPtot      =    -61036.6122
 BOND   =       388.8486  ANGLE   =      1044.3521  DIHED      =       724.4662
 1-4 NB =       465.1976  1-4 EEL =      5662.5065  VDWAALS    =      6745.2270
 EELEC  =    -76067.6270  EHBOND  =         0.0000  RESTRAINT  =         0.4167
 EAMBER (non-restraint)  =    -61037.0289
 EKCMT  =      4137.8034  VIRIAL  =      4637.4594  VOLUME     =    155353.3325
                                                    Density    =         1.0400
 ------------------------------------------------------------------------------

wrapping first mol.:       19.55351       27.65284       47.89612
wrapping first mol.:       19.55351       27.65284       47.89612

 NSTEP =    27000   TIME(PS) =    7554.000  TEMP(K) =   302.27  PRESS =   104.6
 Etot   =    -51077.9399  EKtot   =      9828.4443  EPtot      =    -60906.3843
 BOND   =       426.1373  ANGLE   =      1034.2500  DIHED      =       743.9247
 1-4 NB =       455.8068  1-4 EEL =      5635.2042  VDWAALS    =      6718.7706
 EELEC  =    -75920.9024  EHBOND  =         0.0000  RESTRAINT  =         0.4245
 EAMBER (non-restraint)  =    -60906.8087
 EKCMT  =      4113.9667  VIRIAL  =      3763.1916  VOLUME     =    155385.9908
                                                    Density    =         1.0398
 ------------------------------------------------------------------------------

wrapping first mol.:       19.54558       27.64162       47.87669
wrapping first mol.:       19.54558       27.64162       47.87669

 NSTEP =    27500   TIME(PS) =    7555.000  TEMP(K) =   298.83  PRESS =   285.2
 Etot   =    -51279.4366  EKtot   =      9716.6328  EPtot      =    -60996.0694
 BOND   =       425.8788  ANGLE   =      1064.6237  DIHED      =       706.8886
 1-4 NB =       462.6813  1-4 EEL =      5628.7852  VDWAALS    =      6704.7582
 EELEC  =    -75990.0746  EHBOND  =         0.0000  RESTRAINT  =         0.3893
 EAMBER (non-restraint)  =    -60996.4587
 EKCMT  =      4052.1169  VIRIAL  =      3096.4324  VOLUME     =    155194.5321
                                                    Density    =         1.0410
 ------------------------------------------------------------------------------

wrapping first mol.:       19.55508       27.65506       47.89996
wrapping first mol.:       19.55508       27.65506       47.89996

 NSTEP =    28000   TIME(PS) =    7556.000  TEMP(K) =   300.77  PRESS =   521.0
 Etot   =    -51218.9194  EKtot   =      9779.7656  EPtot      =    -60998.6850
 BOND   =       414.3208  ANGLE   =      1045.9842  DIHED      =       736.3389
 1-4 NB =       475.5173  1-4 EEL =      5661.5755  VDWAALS    =      6985.6581
 EELEC  =    -76318.4894  EHBOND  =         0.0000  RESTRAINT  =         0.4097
 EAMBER (non-restraint)  =    -60999.0947
 EKCMT  =      4093.2065  VIRIAL  =      2344.8490  VOLUME     =    155417.6049
                                                    Density    =         1.0395
 ------------------------------------------------------------------------------

wrapping first mol.:       19.57342       27.68099       47.94488
wrapping first mol.:       19.57342       27.68099       47.94488

 NSTEP =    28500   TIME(PS) =    7557.000  TEMP(K) =   302.24  PRESS =    48.5
 Etot   =    -51170.1001  EKtot   =      9827.3955  EPtot      =    -60997.4956
 BOND   =       412.1273  ANGLE   =      1063.9182  DIHED      =       709.7962
 1-4 NB =       461.8474  1-4 EEL =      5647.1544  VDWAALS    =      6734.1386
 EELEC  =    -76026.9295  EHBOND  =         0.0000  RESTRAINT  =         0.4519
 EAMBER (non-restraint)  =    -60997.9474
 EKCMT  =      4092.3458  VIRIAL  =      3929.1954  VOLUME     =    155861.8159
                                                    Density    =         1.0366
 ------------------------------------------------------------------------------

wrapping first mol.:       19.55650       27.65706       47.90344
wrapping first mol.:       19.55650       27.65706       47.90344

 NSTEP =    29000   TIME(PS) =    7558.000  TEMP(K) =   300.28  PRESS =  -317.6
 Etot   =    -51443.8824  EKtot   =      9763.6064  EPtot      =    -61207.4889
 BOND   =       401.8671  ANGLE   =      1047.2123  DIHED      =       723.4969
 1-4 NB =       461.1089  1-4 EEL =      5635.4648  VDWAALS    =      6695.3687
 EELEC  =    -76172.4632  EHBOND  =         0.0000  RESTRAINT  =         0.4558
 EAMBER (non-restraint)  =    -61207.9446
 EKCMT  =      4068.3822  VIRIAL  =      5134.6003  VOLUME     =    155463.0832
                                                    Density    =         1.0392
 ------------------------------------------------------------------------------

wrapping first mol.:       19.56079       27.66314       47.91396
wrapping first mol.:       19.56079       27.66314       47.91396

 NSTEP =    29500   TIME(PS) =    7559.000  TEMP(K) =   297.82  PRESS =   240.0
 Etot   =    -51505.1861  EKtot   =      9683.8271  EPtot      =    -61189.0133
 BOND   =       369.8106  ANGLE   =      1065.5146  DIHED      =       706.0548
 1-4 NB =       462.8211  1-4 EEL =      5654.8561  VDWAALS    =      6838.3051
 EELEC  =    -76286.8416  EHBOND  =         0.0000  RESTRAINT  =         0.4660
 EAMBER (non-restraint)  =    -61189.4793
 EKCMT  =      4085.3894  VIRIAL  =      3279.2473  VOLUME     =    155557.8221
                                                    Density    =         1.0386
 ------------------------------------------------------------------------------

wrapping first mol.:       19.55975       27.66167       47.91141
wrapping first mol.:       19.55975       27.66167       47.91141

 NSTEP =    30000   TIME(PS) =    7560.000  TEMP(K) =   299.66  PRESS =     1.4
 Etot   =    -51408.3488  EKtot   =      9743.5459  EPtot      =    -61151.8947
 BOND   =       429.9232  ANGLE   =      1058.7293  DIHED      =       692.3376
 1-4 NB =       458.8894  1-4 EEL =      5700.2590  VDWAALS    =      6720.0590
 EELEC  =    -76212.5502  EHBOND  =         0.0000  RESTRAINT  =         0.4579
 EAMBER (non-restraint)  =    -61152.3526
 EKCMT  =      4034.4428  VIRIAL  =      4029.5944  VOLUME     =    155536.3065
                                                    Density    =         1.0388
 ------------------------------------------------------------------------------

wrapping first mol.:       19.53864       27.63182       47.85970
wrapping first mol.:       19.53864       27.63182       47.85970

 NSTEP =    30500   TIME(PS) =    7561.000  TEMP(K) =   298.48  PRESS =  -405.6
 Etot   =    -51459.4230  EKtot   =      9705.3076  EPtot      =    -61164.7306
 BOND   =       391.7838  ANGLE   =      1056.3968  DIHED      =       704.3401
 1-4 NB =       461.7622  1-4 EEL =      5605.3538  VDWAALS    =      6650.7557
 EELEC  =    -76035.6018  EHBOND  =         0.0000  RESTRAINT  =         0.4787
 EAMBER (non-restraint)  =    -61165.2093
 EKCMT  =      3972.3983  VIRIAL  =      5330.1162  VOLUME     =    155038.9187
                                                    Density    =         1.0421
 ------------------------------------------------------------------------------

wrapping first mol.:       19.54949       27.64715       47.88627
wrapping first mol.:       19.54949       27.64715       47.88627

 NSTEP =    31000   TIME(PS) =    7562.000  TEMP(K) =   298.95  PRESS =  -184.6
 Etot   =    -51344.9316  EKtot   =      9720.4609  EPtot      =    -61065.3925
 BOND   =       404.6706  ANGLE   =      1084.7624  DIHED      =       699.7772
 1-4 NB =       460.7891  1-4 EEL =      5658.6584  VDWAALS    =      6690.8141
 EELEC  =    -76065.3165  EHBOND  =         0.0000  RESTRAINT  =         0.4520
 EAMBER (non-restraint)  =    -61065.8445
 EKCMT  =      4054.6374  VIRIAL  =      4673.6670  VOLUME     =    155294.1520
                                                    Density    =         1.0404
 ------------------------------------------------------------------------------

wrapping first mol.:       19.54836       27.64556       47.88350
wrapping first mol.:       19.54836       27.64556       47.88350

 NSTEP =    31500   TIME(PS) =    7563.000  TEMP(K) =   298.50  PRESS =   409.9
 Etot   =    -51438.6691  EKtot   =      9705.9316  EPtot      =    -61144.6008
 BOND   =       442.2385  ANGLE   =      1034.2854  DIHED      =       697.4409
 1-4 NB =       446.6205  1-4 EEL =      5629.6225  VDWAALS    =      6918.0299
 EELEC  =    -76313.2915  EHBOND  =         0.0000  RESTRAINT  =         0.4530
 EAMBER (non-restraint)  =    -61145.0538
 EKCMT  =      4092.3542  VIRIAL  =      2718.2877  VOLUME     =    155259.0210
                                                    Density    =         1.0406
 ------------------------------------------------------------------------------

wrapping first mol.:       19.56573       27.67012       47.92605
wrapping first mol.:       19.56573       27.67012       47.92605

 NSTEP =    32000   TIME(PS) =    7564.000  TEMP(K) =   300.52  PRESS =   199.6
 Etot   =    -51287.0051  EKtot   =      9771.6572  EPtot      =    -61058.6623
 BOND   =       399.8411  ANGLE   =      1103.7368  DIHED      =       692.5800
 1-4 NB =       463.3329  1-4 EEL =      5624.1756  VDWAALS    =      6752.2197
 EELEC  =    -76095.0129  EHBOND  =         0.0000  RESTRAINT  =         0.4647
 EAMBER (non-restraint)  =    -61059.1270
 EKCMT  =      4051.7793  VIRIAL  =      3380.7169  VOLUME     =    155676.1896
                                                    Density    =         1.0378
 ------------------------------------------------------------------------------

wrapping first mol.:       19.60062       27.71946       48.01151
wrapping first mol.:       19.60062       27.71946       48.01151

 NSTEP =    32500   TIME(PS) =    7565.000  TEMP(K) =   301.37  PRESS =  -597.1
 Etot   =    -51234.2402  EKtot   =      9799.1797  EPtot      =    -61033.4199
 BOND   =       420.2437  ANGLE   =      1037.4692  DIHED      =       710.6643
 1-4 NB =       463.5594  1-4 EEL =      5686.5826  VDWAALS    =      6573.3126
 EELEC  =    -75925.6921  EHBOND  =         0.0000  RESTRAINT  =         0.4403
 EAMBER (non-restraint)  =    -61033.8602
 EKCMT  =      4050.5546  VIRIAL  =      6068.4511  VOLUME     =    156521.6213
                                                    Density    =         1.0322
 ------------------------------------------------------------------------------

wrapping first mol.:       19.59085       27.70564       47.98757
wrapping first mol.:       19.59085       27.70564       47.98757

 NSTEP =    33000   TIME(PS) =    7566.000  TEMP(K) =   297.17  PRESS =   444.7
 Etot   =    -51396.1994  EKtot   =      9662.7578  EPtot      =    -61058.9572
 BOND   =       443.3022  ANGLE   =      1078.9318  DIHED      =       730.3988
 1-4 NB =       453.0529  1-4 EEL =      5638.3078  VDWAALS    =      6816.8340
 EELEC  =    -76220.2338  EHBOND  =         0.0000  RESTRAINT  =         0.4491
 EAMBER (non-restraint)  =    -61059.4063
 EKCMT  =      4055.9531  VIRIAL  =      2555.5345  VOLUME     =    156273.0526
                                                    Density    =         1.0339
 ------------------------------------------------------------------------------

wrapping first mol.:       19.56540       27.66966       47.92524
wrapping first mol.:       19.56540       27.66966       47.92524

 NSTEP =    33500   TIME(PS) =    7567.000  TEMP(K) =   298.48  PRESS =    19.3
 Etot   =    -51348.8314  EKtot   =      9705.1211  EPtot      =    -61053.9525
 BOND   =       410.8267  ANGLE   =      1033.7778  DIHED      =       716.9792
 1-4 NB =       463.7202  1-4 EEL =      5660.1923  VDWAALS    =      6799.5725
 EELEC  =    -76139.4766  EHBOND  =         0.0000  RESTRAINT  =         0.4554
 EAMBER (non-restraint)  =    -61054.4079
 EKCMT  =      4119.6653  VIRIAL  =      4054.7263  VOLUME     =    155670.8392
                                                    Density    =         1.0379
 ------------------------------------------------------------------------------

wrapping first mol.:       19.57009       27.67629       47.93673
wrapping first mol.:       19.57009       27.67629       47.93673

 NSTEP =    34000   TIME(PS) =    7568.000  TEMP(K) =   299.45  PRESS =   -84.2
 Etot   =    -51593.7147  EKtot   =      9736.6162  EPtot      =    -61330.3309
 BOND   =       381.2087  ANGLE   =      1032.1332  DIHED      =       699.0759
 1-4 NB =       463.6501  1-4 EEL =      5687.2610  VDWAALS    =      6746.4715
 EELEC  =    -76340.5775  EHBOND  =         0.0000  RESTRAINT  =         0.4462
 EAMBER (non-restraint)  =    -61330.7771
 EKCMT  =      4109.8691  VIRIAL  =      4393.1440  VOLUME     =    155784.2313
                                                    Density    =         1.0371
 ------------------------------------------------------------------------------

wrapping first mol.:       19.57687       27.68587       47.95333
wrapping first mol.:       19.57687       27.68587       47.95333

 NSTEP =    34500   TIME(PS) =    7569.000  TEMP(K) =   298.29  PRESS =   -58.5
 Etot   =    -51347.5115  EKtot   =      9699.0938  EPtot      =    -61046.6052
 BOND   =       430.0065  ANGLE   =      1040.9679  DIHED      =       704.0550
 1-4 NB =       467.4901  1-4 EEL =      5662.4616  VDWAALS    =      6698.2223
 EELEC  =    -76050.2632  EHBOND  =         0.0000  RESTRAINT  =         0.4545
 EAMBER (non-restraint)  =    -61047.0598
 EKCMT  =      4053.0309  VIRIAL  =      4250.0013  VOLUME     =    155945.7483
                                                    Density    =         1.0360
 ------------------------------------------------------------------------------

wrapping first mol.:       19.57320       27.68069       47.94436
wrapping first mol.:       19.57320       27.68069       47.94436

 NSTEP =    35000   TIME(PS) =    7570.000  TEMP(K) =   302.41  PRESS =    32.0
 Etot   =    -51292.1354  EKtot   =      9832.9209  EPtot      =    -61125.0563
 BOND   =       416.2423  ANGLE   =      1045.5574  DIHED      =       708.7928
 1-4 NB =       479.7376  1-4 EEL =      5652.7198  VDWAALS    =      6868.6027
 EELEC  =    -76297.1613  EHBOND  =         0.0000  RESTRAINT  =         0.4524
 EAMBER (non-restraint)  =    -61125.5088
 EKCMT  =      4136.0432  VIRIAL  =      4028.2768  VOLUME     =    155856.9994
                                                    Density    =         1.0366
 ------------------------------------------------------------------------------

wrapping first mol.:       19.58123       27.69204       47.96401
wrapping first mol.:       19.58123       27.69204       47.96401

 NSTEP =    35500   TIME(PS) =    7571.000  TEMP(K) =   304.17  PRESS =   182.9
 Etot   =    -51176.3285  EKtot   =      9890.1084  EPtot      =    -61066.4369
 BOND   =       397.5731  ANGLE   =      1043.9199  DIHED      =       689.1840
 1-4 NB =       463.8649  1-4 EEL =      5661.9160  VDWAALS    =      6781.1749
 EELEC  =    -76104.5497  EHBOND  =         0.0000  RESTRAINT  =         0.4801
 EAMBER (non-restraint)  =    -61066.9170
 EKCMT  =      4119.4734  VIRIAL  =      3503.2016  VOLUME     =    156046.6065
                                                    Density    =         1.0354
 ------------------------------------------------------------------------------

wrapping first mol.:       19.58113       27.69190       47.96377
wrapping first mol.:       19.58113       27.69190       47.96377

 NSTEP =    36000   TIME(PS) =    7572.000  TEMP(K) =   299.14  PRESS =   -29.7
 Etot   =    -51261.5724  EKtot   =      9726.7314  EPtot      =    -60988.3038
 BOND   =       403.3858  ANGLE   =      1060.4368  DIHED      =       694.1926
 1-4 NB =       469.0349  1-4 EEL =      5676.8943  VDWAALS    =      6736.6351
 EELEC  =    -76029.3365  EHBOND  =         0.0000  RESTRAINT  =         0.4531
 EAMBER (non-restraint)  =    -60988.7570
 EKCMT  =      4136.8863  VIRIAL  =      4236.8388  VOLUME     =    156047.2822
                                                    Density    =         1.0354
 ------------------------------------------------------------------------------

wrapping first mol.:       19.57246       27.67964       47.94254
wrapping first mol.:       19.57246       27.67964       47.94254

 NSTEP =    36500   TIME(PS) =    7573.000  TEMP(K) =   301.34  PRESS =   403.7
 Etot   =    -51371.3641  EKtot   =      9798.2969  EPtot      =    -61169.6609
 BOND   =       388.9219  ANGLE   =      1056.6245  DIHED      =       714.7530
 1-4 NB =       466.4102  1-4 EEL =      5611.8203  VDWAALS    =      7028.6515
 EELEC  =    -76437.3225  EHBOND  =         0.0000  RESTRAINT  =         0.4803
 EAMBER (non-restraint)  =    -61170.1412
 EKCMT  =      4135.1134  VIRIAL  =      2776.7387  VOLUME     =    155834.0785
                                                    Density    =         1.0368
 ------------------------------------------------------------------------------

wrapping first mol.:       19.57151       27.67829       47.94020
wrapping first mol.:       19.57151       27.67829       47.94020

 NSTEP =    37000   TIME(PS) =    7574.000  TEMP(K) =   303.70  PRESS =    86.5
 Etot   =    -51210.0237  EKtot   =      9874.7930  EPtot      =    -61084.8167
 BOND   =       389.1863  ANGLE   =      1056.7565  DIHED      =       713.3459
 1-4 NB =       461.5727  1-4 EEL =      5616.5066  VDWAALS    =      6960.8360
 EELEC  =    -76283.4970  EHBOND  =         0.0000  RESTRAINT  =         0.4762
 EAMBER (non-restraint)  =    -61085.2929
 EKCMT  =      4105.1012  VIRIAL  =      3814.1400  VOLUME     =    155815.7043
                                                    Density    =         1.0369
 ------------------------------------------------------------------------------

wrapping first mol.:       19.57586       27.68445       47.95087
wrapping first mol.:       19.57586       27.68445       47.95087

 NSTEP =    37500   TIME(PS) =    7575.000  TEMP(K) =   300.36  PRESS =   130.0
 Etot   =    -51175.0120  EKtot   =      9766.1846  EPtot      =    -60941.1966
 BOND   =       434.9632  ANGLE   =      1077.9166  DIHED      =       717.0707
 1-4 NB =       461.2084  1-4 EEL =      5604.3238  VDWAALS    =      6858.1206
 EELEC  =    -76095.2755  EHBOND  =         0.0000  RESTRAINT  =         0.4756
 EAMBER (non-restraint)  =    -60941.6722
 EKCMT  =      4088.3260  VIRIAL  =      3650.8059  VOLUME     =    155919.1285
                                                    Density    =         1.0362
 ------------------------------------------------------------------------------

wrapping first mol.:       19.57055       27.67694       47.93786
wrapping first mol.:       19.57055       27.67694       47.93786

 NSTEP =    38000   TIME(PS) =    7576.000  TEMP(K) =   299.62  PRESS =   -99.6
 Etot   =    -51381.6134  EKtot   =      9742.1475  EPtot      =    -61123.7608
 BOND   =       384.9856  ANGLE   =      1040.5768  DIHED      =       702.3469
 1-4 NB =       459.6045  1-4 EEL =      5653.2318  VDWAALS    =      6719.3511
 EELEC  =    -76084.3995  EHBOND  =         0.0000  RESTRAINT  =         0.5420
 EAMBER (non-restraint)  =    -61124.3028
 EKCMT  =      4107.9821  VIRIAL  =      4443.0049  VOLUME     =    155795.4604
                                                    Density    =         1.0370
 ------------------------------------------------------------------------------

wrapping first mol.:       19.57731       27.68650       47.95442
wrapping first mol.:       19.57731       27.68650       47.95442

 NSTEP =    38500   TIME(PS) =    7577.000  TEMP(K) =   302.11  PRESS =  -284.9
 Etot   =    -51371.7208  EKtot   =      9823.3896  EPtot      =    -61195.1104
 BOND   =       396.1627  ANGLE   =      1061.7916  DIHED      =       718.7237
 1-4 NB =       446.9146  1-4 EEL =      5671.8884  VDWAALS    =      6740.9795
 EELEC  =    -76232.1282  EHBOND  =         0.0000  RESTRAINT  =         0.5573
 EAMBER (non-restraint)  =    -61195.6677
 EKCMT  =      4083.9290  VIRIAL  =      5043.2516  VOLUME     =    155959.5147
                                                    Density    =         1.0359
 ------------------------------------------------------------------------------

wrapping first mol.:       19.58706       27.70029       47.97831
wrapping first mol.:       19.58706       27.70029       47.97831

 NSTEP =    39000   TIME(PS) =    7578.000  TEMP(K) =   300.92  PRESS =    71.3
 Etot   =    -51316.1804  EKtot   =      9784.4365  EPtot      =    -61100.6169
 BOND   =       381.6544  ANGLE   =      1058.6519  DIHED      =       702.3761
 1-4 NB =       457.0716  1-4 EEL =      5689.7855  VDWAALS    =      6908.0250
 EELEC  =    -76298.7852  EHBOND  =         0.0000  RESTRAINT  =         0.6039
 EAMBER (non-restraint)  =    -61101.2208
 EKCMT  =      4101.9365  VIRIAL  =      3861.4544  VOLUME     =    156187.7793
                                                    Density    =         1.0344
 ------------------------------------------------------------------------------

wrapping first mol.:       19.58793       27.70152       47.98043
wrapping first mol.:       19.58793       27.70152       47.98043

 NSTEP =    39500   TIME(PS) =    7579.000  TEMP(K) =   303.51  PRESS =   221.9
 Etot   =    -51180.1910  EKtot   =      9868.8164  EPtot      =    -61049.0074
 BOND   =       442.9581  ANGLE   =      1064.3635  DIHED      =       695.2606
 1-4 NB =       457.6706  1-4 EEL =      5624.7432  VDWAALS    =      6965.2053
 EELEC  =    -76299.8092  EHBOND  =         0.0000  RESTRAINT  =         0.6006
 EAMBER (non-restraint)  =    -61049.6080
 EKCMT  =      4013.7339  VIRIAL  =      3265.1725  VOLUME     =    156206.4138
                                                    Density    =         1.0343
 ------------------------------------------------------------------------------

wrapping first mol.:       19.56680       27.67163       47.92866
wrapping first mol.:       19.56680       27.67163       47.92866

 NSTEP =    40000   TIME(PS) =    7580.000  TEMP(K) =   302.00  PRESS =  -187.3
 Etot   =    -51211.5935  EKtot   =      9819.5098  EPtot      =    -61031.1033
 BOND   =       390.2857  ANGLE   =      1111.7003  DIHED      =       715.5280
 1-4 NB =       459.3270  1-4 EEL =      5652.5021  VDWAALS    =      6785.3741
 EELEC  =    -76146.4950  EHBOND  =         0.0000  RESTRAINT  =         0.6744
 EAMBER (non-restraint)  =    -61031.7777
 EKCMT  =      4114.9515  VIRIAL  =      4744.6935  VOLUME     =    155707.0256
                                                    Density    =         1.0376
 ------------------------------------------------------------------------------

wrapping first mol.:       19.56482       27.66883       47.92381
wrapping first mol.:       19.56482       27.66883       47.92381

 NSTEP =    40500   TIME(PS) =    7581.000  TEMP(K) =   301.13  PRESS =  -222.8
 Etot   =    -51272.2563  EKtot   =      9791.2070  EPtot      =    -61063.4633
 BOND   =       417.5809  ANGLE   =      1069.4289  DIHED      =       710.5101
 1-4 NB =       460.9487  1-4 EEL =      5697.7673  VDWAALS    =      6696.4876
 EELEC  =    -76116.8961  EHBOND  =         0.0000  RESTRAINT  =         0.7095
 EAMBER (non-restraint)  =    -61064.1728
 EKCMT  =      4088.1347  VIRIAL  =      4836.7886  VOLUME     =    155660.2506
                                                    Density    =         1.0379
 ------------------------------------------------------------------------------

wrapping first mol.:       19.56241       27.66542       47.91792
wrapping first mol.:       19.56241       27.66542       47.91792

 NSTEP =    41000   TIME(PS) =    7582.000  TEMP(K) =   295.74  PRESS =    50.9
 Etot   =    -51448.5830  EKtot   =      9616.0762  EPtot      =    -61064.6592
 BOND   =       398.4980  ANGLE   =      1072.5160  DIHED      =       710.7767
 1-4 NB =       438.5797  1-4 EEL =      5625.4629  VDWAALS    =      6805.9480
 EELEC  =    -76117.1863  EHBOND  =         0.0000  RESTRAINT  =         0.7458
 EAMBER (non-restraint)  =    -61065.4049
 EKCMT  =      4077.8785  VIRIAL  =      3906.8439  VOLUME     =    155598.9996
                                                    Density    =         1.0383
 ------------------------------------------------------------------------------

wrapping first mol.:       19.56409       27.66780       47.92202
wrapping first mol.:       19.56409       27.66780       47.92202

 NSTEP =    41500   TIME(PS) =    7583.000  TEMP(K) =   300.96  PRESS =   206.9
 Etot   =    -51145.3245  EKtot   =      9785.8252  EPtot      =    -60931.1497
 BOND   =       423.5267  ANGLE   =      1047.0700  DIHED      =       687.8040
 1-4 NB =       453.0753  1-4 EEL =      5628.3068  VDWAALS    =      6860.8765
 EELEC  =    -76032.5628  EHBOND  =         0.0000  RESTRAINT  =         0.7538
 EAMBER (non-restraint)  =    -60931.9035
 EKCMT  =      4030.6850  VIRIAL  =      3335.4885  VOLUME     =    155636.8491
                                                    Density    =         1.0381
 ------------------------------------------------------------------------------

wrapping first mol.:       19.54970       27.64746       47.88680
wrapping first mol.:       19.54970       27.64746       47.88680

 NSTEP =    42000   TIME(PS) =    7584.000  TEMP(K) =   296.68  PRESS =   -51.3
 Etot   =    -51487.8642  EKtot   =      9646.8066  EPtot      =    -61134.6709
 BOND   =       396.6395  ANGLE   =      1032.1347  DIHED      =       699.8433
 1-4 NB =       459.5906  1-4 EEL =      5583.8256  VDWAALS    =      6835.9748
 EELEC  =    -76143.4765  EHBOND  =         0.0000  RESTRAINT  =         0.7972
 EAMBER (non-restraint)  =    -61135.4680
 EKCMT  =      4080.0790  VIRIAL  =      4251.9894  VOLUME     =    155297.4508
                                                    Density    =         1.0404
 ------------------------------------------------------------------------------

wrapping first mol.:       19.55122       27.64960       47.89050
wrapping first mol.:       19.55122       27.64960       47.89050

 NSTEP =    42500   TIME(PS) =    7585.000  TEMP(K) =   302.56  PRESS =   -35.2
 Etot   =    -51068.0882  EKtot   =      9838.0146  EPtot      =    -60906.1029
 BOND   =       406.8038  ANGLE   =      1094.3791  DIHED      =       702.3058
 1-4 NB =       464.4252  1-4 EEL =      5628.0906  VDWAALS    =      6834.3450
 EELEC  =    -76037.2289  EHBOND  =         0.0000  RESTRAINT  =         0.7765
 EAMBER (non-restraint)  =    -60906.8793
 EKCMT  =      4163.3643  VIRIAL  =      4281.4178  VOLUME     =    155333.3123
                                                    Density    =         1.0401
 ------------------------------------------------------------------------------

wrapping first mol.:       19.53787       27.63073       47.85782
wrapping first mol.:       19.53787       27.63073       47.85782

 NSTEP =    43000   TIME(PS) =    7586.000  TEMP(K) =   292.44  PRESS =  -226.8
 Etot   =    -51626.0792  EKtot   =      9508.7656  EPtot      =    -61134.8448
 BOND   =       397.2161  ANGLE   =      1037.0008  DIHED      =       716.8138
 1-4 NB =       460.3682  1-4 EEL =      5652.7096  VDWAALS    =      6683.0814
 EELEC  =    -76082.7795  EHBOND  =         0.0000  RESTRAINT  =         0.7446
 EAMBER (non-restraint)  =    -61135.5895
 EKCMT  =      3930.8757  VIRIAL  =      4689.8228  VOLUME     =    155018.0997
                                                    Density    =         1.0422
 ------------------------------------------------------------------------------

wrapping first mol.:       19.53700       27.62949       47.85568
wrapping first mol.:       19.53700       27.62949       47.85568

 NSTEP =    43500   TIME(PS) =    7587.000  TEMP(K) =   296.77  PRESS =    12.1
 Etot   =    -51380.5157  EKtot   =      9649.5596  EPtot      =    -61030.0753
 BOND   =       423.6434  ANGLE   =      1068.2972  DIHED      =       697.1687
 1-4 NB =       452.3446  1-4 EEL =      5584.4885  VDWAALS    =      6662.3509
 EELEC  =    -75919.1224  EHBOND  =         0.0000  RESTRAINT  =         0.7539
 EAMBER (non-restraint)  =    -61030.8291
 EKCMT  =      4036.7640  VIRIAL  =      3996.2241  VOLUME     =    154994.0796
                                                    Density    =         1.0424
 ------------------------------------------------------------------------------

wrapping first mol.:       19.54492       27.64068       47.87507
wrapping first mol.:       19.54492       27.64068       47.87507

 NSTEP =    44000   TIME(PS) =    7588.000  TEMP(K) =   302.37  PRESS =  -378.6
 Etot   =    -51222.4794  EKtot   =      9831.7168  EPtot      =    -61054.1962
 BOND   =       414.4453  ANGLE   =      1074.7589  DIHED      =       742.2561
 1-4 NB =       462.3996  1-4 EEL =      5633.1756  VDWAALS    =      6533.3949
 EELEC  =    -75915.3522  EHBOND  =         0.0000  RESTRAINT  =         0.7256
 EAMBER (non-restraint)  =    -61054.9218
 EKCMT  =      4158.1683  VIRIAL  =      5426.6147  VOLUME     =    155187.8847
                                                    Density    =         1.0411
 ------------------------------------------------------------------------------

wrapping first mol.:       19.54215       27.63677       47.86829
wrapping first mol.:       19.54215       27.63677       47.86829

 NSTEP =    44500   TIME(PS) =    7589.000  TEMP(K) =   300.83  PRESS =  -210.1
 Etot   =    -51277.2688  EKtot   =      9781.4834  EPtot      =    -61058.7522
 BOND   =       402.5699  ANGLE   =      1044.7087  DIHED      =       710.4123
 1-4 NB =       464.5369  1-4 EEL =      5645.4230  VDWAALS    =      6510.8191
 EELEC  =    -75837.9088  EHBOND  =         0.0000  RESTRAINT  =         0.6866
 EAMBER (non-restraint)  =    -61059.4389
 EKCMT  =      4117.5379  VIRIAL  =      4821.2974  VOLUME     =    155119.6725
                                                    Density    =         1.0415
 ------------------------------------------------------------------------------

wrapping first mol.:       19.54331       27.63841       47.87113
wrapping first mol.:       19.54331       27.63841       47.87113

 NSTEP =    45000   TIME(PS) =    7590.000  TEMP(K) =   300.43  PRESS =   -51.0
 Etot   =    -51334.0807  EKtot   =      9768.5068  EPtot      =    -61102.5875
 BOND   =       458.9035  ANGLE   =      1089.8646  DIHED      =       713.4560
 1-4 NB =       455.9632  1-4 EEL =      5637.4003  VDWAALS    =      6627.7097
 EELEC  =    -76086.5533  EHBOND  =         0.0000  RESTRAINT  =         0.6686
 EAMBER (non-restraint)  =    -61103.2561
 EKCMT  =      4156.1480  VIRIAL  =      4326.8772  VOLUME     =    155145.0496
                                                    Density    =         1.0414
 ------------------------------------------------------------------------------

wrapping first mol.:       19.52274       27.60932       47.82074
wrapping first mol.:       19.52274       27.60932       47.82074

 NSTEP =    45500   TIME(PS) =    7591.000  TEMP(K) =   300.78  PRESS =    57.9
 Etot   =    -51453.4672  EKtot   =      9779.8584  EPtot      =    -61233.3256
 BOND   =       416.9468  ANGLE   =      1074.6905  DIHED      =       708.3161
 1-4 NB =       458.1391  1-4 EEL =      5621.7655  VDWAALS    =      6725.8641
 EELEC  =    -76239.6521  EHBOND  =         0.0000  RESTRAINT  =         0.6044
 EAMBER (non-restraint)  =    -61233.9300
 EKCMT  =      4116.0301  VIRIAL  =      3922.5257  VOLUME     =    154654.1219
                                                    Density    =         1.0447
 ------------------------------------------------------------------------------

wrapping first mol.:       19.52346       27.61034       47.82251
wrapping first mol.:       19.52346       27.61034       47.82251

 NSTEP =    46000   TIME(PS) =    7592.000  TEMP(K) =   298.24  PRESS =    19.2
 Etot   =    -51260.0627  EKtot   =      9697.3799  EPtot      =    -60957.4426
 BOND   =       435.6147  ANGLE   =      1006.7258  DIHED      =       705.8948
 1-4 NB =       462.5348  1-4 EEL =      5617.7322  VDWAALS    =      6630.8695
 EELEC  =    -75817.4057  EHBOND  =         0.0000  RESTRAINT  =         0.5913
 EAMBER (non-restraint)  =    -60958.0339
 EKCMT  =      4047.1395  VIRIAL  =      3983.1797  VOLUME     =    154671.8418
                                                    Density    =         1.0446
 ------------------------------------------------------------------------------

wrapping first mol.:       19.53435       27.62575       47.84919
wrapping first mol.:       19.53435       27.62575       47.84919

 NSTEP =    46500   TIME(PS) =    7593.000  TEMP(K) =   303.99  PRESS =  -722.8
 Etot   =    -51183.5047  EKtot   =      9884.3174  EPtot      =    -61067.8221
 BOND   =       372.9005  ANGLE   =      1021.0405  DIHED      =       698.9250
 1-4 NB =       461.4565  1-4 EEL =      5654.7372  VDWAALS    =      6456.2462
 EELEC  =    -75733.7119  EHBOND  =         0.0000  RESTRAINT  =         0.5838
 EAMBER (non-restraint)  =    -61068.4059
 EKCMT  =      4227.3421  VIRIAL  =      6645.2797  VOLUME     =    154941.1502
                                                    Density    =         1.0427
 ------------------------------------------------------------------------------

wrapping first mol.:       19.53377       27.62492       47.84776
wrapping first mol.:       19.53377       27.62492       47.84776

 NSTEP =    47000   TIME(PS) =    7594.000  TEMP(K) =   300.74  PRESS =   206.8
 Etot   =    -51259.2972  EKtot   =      9778.7686  EPtot      =    -61038.0658
 BOND   =       417.5017  ANGLE   =      1038.4523  DIHED      =       689.0759
 1-4 NB =       462.6314  1-4 EEL =      5650.2043  VDWAALS    =      6721.1901
 EELEC  =    -76017.7334  EHBOND  =         0.0000  RESTRAINT  =         0.6120
 EAMBER (non-restraint)  =    -61038.6778
 EKCMT  =      4109.7484  VIRIAL  =      3418.1200  VOLUME     =    154914.4415
                                                    Density    =         1.0429
 ------------------------------------------------------------------------------

wrapping first mol.:       19.54669       27.64319       47.87941
wrapping first mol.:       19.54669       27.64319       47.87941

 NSTEP =    47500   TIME(PS) =    7595.000  TEMP(K) =   300.82  PRESS =  -323.5
 Etot   =    -51262.3640  EKtot   =      9781.3311  EPtot      =    -61043.6951
 BOND   =       402.9696  ANGLE   =      1078.3480  DIHED      =       690.1214
 1-4 NB =       463.1773  1-4 EEL =      5622.5314  VDWAALS    =      6584.7432
 EELEC  =    -75886.1875  EHBOND  =         0.0000  RESTRAINT  =         0.6016
 EAMBER (non-restraint)  =    -61044.2966
 EKCMT  =      4117.4221  VIRIAL  =      5201.5242  VOLUME     =    155229.4048
                                                    Density    =         1.0408
 ------------------------------------------------------------------------------

wrapping first mol.:       19.54505       27.64087       47.87539
wrapping first mol.:       19.54505       27.64087       47.87539

 NSTEP =    48000   TIME(PS) =    7596.000  TEMP(K) =   297.65  PRESS =    19.3
 Etot   =    -51289.8293  EKtot   =      9678.0684  EPtot      =    -60967.8977
 BOND   =       403.9888  ANGLE   =      1039.9656  DIHED      =       718.4016
 1-4 NB =       461.2750  1-4 EEL =      5632.1824  VDWAALS    =      6757.5802
 EELEC  =    -75981.8542  EHBOND  =         0.0000  RESTRAINT  =         0.5629
 EAMBER (non-restraint)  =    -60968.4606
 EKCMT  =      4038.6292  VIRIAL  =      3973.9166  VOLUME     =    155185.5458
                                                    Density    =         1.0411
 ------------------------------------------------------------------------------

wrapping first mol.:       19.55741       27.65835       47.90567
wrapping first mol.:       19.55741       27.65835       47.90567

 NSTEP =    48500   TIME(PS) =    7597.000  TEMP(K) =   301.26  PRESS =   241.4
 Etot   =    -51372.6113  EKtot   =      9795.4678  EPtot      =    -61168.0791
 BOND   =       414.9362  ANGLE   =      1046.0701  DIHED      =       682.3084
 1-4 NB =       469.8132  1-4 EEL =      5669.4426  VDWAALS    =      6778.7440
 EELEC  =    -76229.9743  EHBOND  =         0.0000  RESTRAINT  =         0.5807
 EAMBER (non-restraint)  =    -61168.6598
 EKCMT  =      4085.3929  VIRIAL  =      3275.1824  VOLUME     =    155477.0975
                                                    Density    =         1.0391
 ------------------------------------------------------------------------------

wrapping first mol.:       19.54880       27.64618       47.88458
wrapping first mol.:       19.54880       27.64618       47.88458

 NSTEP =    49000   TIME(PS) =    7598.000  TEMP(K) =   303.57  PRESS =  -135.9
 Etot   =    -51359.9526  EKtot   =      9870.5459  EPtot      =    -61230.4985
 BOND   =       386.6649  ANGLE   =      1076.0830  DIHED      =       700.2873
 1-4 NB =       457.4956  1-4 EEL =      5681.7956  VDWAALS    =      6682.1031
 EELEC  =    -76215.5269  EHBOND  =         0.0000  RESTRAINT  =         0.5990
 EAMBER (non-restraint)  =    -61231.0974
 EKCMT  =      4089.1702  VIRIAL  =      4544.7276  VOLUME     =    155277.0653
                                                    Density    =         1.0405
 ------------------------------------------------------------------------------

wrapping first mol.:       19.55020       27.64816       47.88802
wrapping first mol.:       19.55020       27.64816       47.88802

 NSTEP =    49500   TIME(PS) =    7599.000  TEMP(K) =   300.86  PRESS =    86.1
 Etot   =    -51272.1348  EKtot   =      9782.5244  EPtot      =    -61054.6593
 BOND   =       410.3045  ANGLE   =      1060.4414  DIHED      =       707.2973
 1-4 NB =       446.9444  1-4 EEL =      5657.6666  VDWAALS    =      6820.7676
 EELEC  =    -76158.6624  EHBOND  =         0.0000  RESTRAINT  =         0.5814
 EAMBER (non-restraint)  =    -61055.2407
 EKCMT  =      4029.9565  VIRIAL  =      3741.1771  VOLUME     =    155307.4497
                                                    Density    =         1.0403
 ------------------------------------------------------------------------------

wrapping first mol.:       19.54472       27.64041       47.87459
wrapping first mol.:       19.54472       27.64041       47.87459

 NSTEP =    50000   TIME(PS) =    7600.000  TEMP(K) =   295.15  PRESS =    97.1
 Etot   =    -51575.4470  EKtot   =      9596.8486  EPtot      =    -61172.2956
 BOND   =       400.9655  ANGLE   =      1036.9536  DIHED      =       699.4642
 1-4 NB =       455.4960  1-4 EEL =      5651.9149  VDWAALS    =      6899.3641
 EELEC  =    -76317.0484  EHBOND  =         0.0000  RESTRAINT  =         0.5944
 EAMBER (non-restraint)  =    -61172.8900
 EKCMT  =      4064.4663  VIRIAL  =      3739.1444  VOLUME     =    155176.7200
                                                    Density    =         1.0412
 ------------------------------------------------------------------------------


      A V E R A G E S   O V E R     100 S T E P S


 NSTEP =    50000   TIME(PS) =    7600.000  TEMP(K) =   300.18  PRESS =   -13.5
 Etot   =    -51316.0682  EKtot   =      9760.3290  EPtot      =    -61076.3972
 BOND   =       406.0966  ANGLE   =      1060.3427  DIHED      =       705.3192
 1-4 NB =       459.5192  1-4 EEL =      5641.2299  VDWAALS    =      6767.4875
 EELEC  =    -76116.7674  EHBOND  =         0.0000  RESTRAINT  =         0.3751
 EAMBER (non-restraint)  =    -61076.7723
 EKCMT  =      4085.6702  VIRIAL  =      4131.0722  VOLUME     =    155534.9032
                                                    Density    =         1.0388
 ------------------------------------------------------------------------------


      R M S  F L U C T U A T I O N S


 NSTEP =    50000   TIME(PS) =    7600.000  TEMP(K) =     2.32  PRESS =   221.8
 Etot   =       140.0416  EKtot   =        75.4483  EPtot      =       105.0685
 BOND   =        18.3752  ANGLE   =        21.1201  DIHED      =        13.0860
 1-4 NB =         7.8516  1-4 EEL =        26.3671  VDWAALS    =       113.4033
 EELEC  =       164.7901  EHBOND  =         0.0000  RESTRAINT  =         0.2041
 EAMBER (non-restraint)  =       104.8644
 EKCMT  =        47.5795  VIRIAL  =       746.4931  VOLUME     =       377.6205
                                                    Density    =         0.0025
 ------------------------------------------------------------------------------

--------------------------------------------------------------------------------
   5.  TIMINGS
--------------------------------------------------------------------------------

|  NonSetup CPU Time in Major Routines:
|
|     Routine           Sec        %
|     ------------------------------
|     Nonbond          72.26   83.24
|     Bond              0.00    0.00
|     Angle             0.00    0.00
|     Dihedral          0.00    0.00
|     Shake             0.25    0.28
|     RunMD            14.20   16.36
|     Other             0.10    0.11
|     ------------------------------
|     Total            86.80

|  PME Nonbond Pairlist CPU Time:
|
|     Routine              Sec        %
|     ---------------------------------
|     Set Up Cit           0.00    0.00
|     Build List           0.00    0.00
|     ---------------------------------
|     Total                0.00    0.00

|  PME Direct Force CPU Time:
|
|     Routine              Sec        %
|     ---------------------------------
|     NonBonded Calc       0.00    0.00
|     Exclude Masked       0.00    0.00
|     Other                0.06    0.07
|     ---------------------------------
|     Total                0.06    0.07

|  PME Reciprocal Force CPU Time:
|
|     Routine              Sec        %
|     ---------------------------------
|     1D bspline           0.00    0.00
|     Grid Charges         0.00    0.00
|     Scalar Sum           0.00    0.00
|     Gradient Sum         0.00    0.00
|     FFT                  0.00    0.00
|     ---------------------------------
|     Total                0.00    0.00

|  Final Performance Info:
|     -----------------------------------------------------
|     Average timings for last   15000 steps:
|     Elapsed(s) =      26.05 Per Step(ms) =       1.74
|         ns/day =      99.49   seconds/ns =     868.39
|
|     Average timings for all steps:
|     Elapsed(s) =      86.79 Per Step(ms) =       1.74
|         ns/day =      99.55   seconds/ns =     867.91
|     -----------------------------------------------------

|  Setup CPU time:            0.64 seconds
|  NonSetup CPU time:        86.80 seconds
|  Total CPU time:           87.44 seconds     0.02 hours

|  Setup wall time:           1    seconds
|  NonSetup wall time:       87    seconds
|  Total wall time:          88    seconds     0.02 hours
